2024-04-18 00:23:29 开始第 4065 次操作

2024-04-18 00:23:29 开始操作号码 【1583979】
2024-04-18 00:23:34 GSD getOne 第 1 次 等待 3 秒
2024-04-18 00:23:37 查询号码 【1583979】，返回信息 {"status":"ok","msg":"河南-信阳","gid":"284464","time_insert":"2021-07-15 14:14"}
2024-04-18 00:23:37 查询号码 【1583979】，GSD为【"河南-信阳"】

2024-04-18 00:23:38 开始第 4066 次操作

2024-04-18 00:23:38 开始操作号码 【1583980】
2024-04-18 00:23:44 GSD getOne 第 1 次 等待 3 秒
2024-04-18 00:23:47 查询号码 【1583980】，返回信息 {"status":"ok","msg":"河南-三门峡","gid":"284503","time_insert":"2021-07-15 14:35"}
2024-04-18 00:23:47 查询号码 【1583980】，GSD为【"河南-三门峡"】

2024-04-18 00:23:48 开始第 4067 次操作

2024-04-18 00:23:48 开始操作号码 【1583981】
2024-04-18 00:23:52 GSD getOne 第 1 次 等待 3 秒
2024-04-18 00:23:55 查询号码 【1583981】，返回信息 {"status":"ok","msg":"河南-三门峡","gid":"54858","time_insert":"2020-05-31 11:37"}
2024-04-18 00:23:56 查询号码 【1583981】，GSD为【"河南-三门峡"】

2024-04-18 00:23:57 开始第 4068 次操作

2024-04-18 00:23:57 开始操作号码 【1583982】
2024-04-18 00:24:01 GSD getOne 第 1 次 等待 3 秒
2024-04-18 00:24:04 查询号码 【1583982】，返回信息 {"status":"ok","msg":"河南-三门峡","gid":"284562","time_insert":"2021-07-15 14:52"}
2024-04-18 00:24:04 查询号码 【1583982】，GSD为【"河南-三门峡"】

