2023-10-07 00:22:25 开始第 1877 次操作

2023-10-07 00:22:25 开始操作号码 【1901876】
2023-10-07 00:22:28 GSD getOne 第 1 次 等待 3 秒
2023-10-07 00:22:31 查询号码 【1901876】，返回信息 {"status":"ok","msg":"云南-文山","gid":"549186","time_insert":"2023-02-23 10:14"}
2023-10-07 00:22:31 查询号码 【1901876】，GSD为【"云南-文山"】

2023-10-07 00:22:32 开始第 1878 次操作

2023-10-07 00:22:32 开始操作号码 【1901877】
2023-10-07 00:22:38 GSD getOne 第 1 次 等待 3 秒
2023-10-07 00:22:41 查询号码 【1901877】，返回信息 {"status":"ok","msg":"云南-玉溪","gid":"549209","time_insert":"2023-02-23 10:32"}
2023-10-07 00:22:41 查询号码 【1901877】，GSD为【"云南-玉溪"】

2023-10-07 00:22:42 开始第 1879 次操作

2023-10-07 00:22:42 开始操作号码 【1901878】
2023-10-07 00:22:46 GSD getOne 第 1 次 等待 3 秒
2023-10-07 00:22:49 查询号码 【1901878】，返回信息 {"status":"ok","msg":"云南-楚雄","gid":"549229","time_insert":"2023-02-23 10:45"}
2023-10-07 00:22:49 查询号码 【1901878】，GSD为【"云南-楚雄"】

2023-10-07 00:22:50 开始第 1880 次操作

2023-10-07 00:22:50 开始操作号码 【1901879】
2023-10-07 00:22:53 GSD getOne 第 1 次 等待 3 秒
2023-10-07 00:22:56 查询号码 【1901879】，返回信息 {"status":"ok","msg":"云南-曲靖","gid":"549245","time_insert":"2023-02-23 10:58"}
2023-10-07 00:22:56 查询号码 【1901879】，GSD为【"云南-曲靖"】

2023-10-07 00:40:34 开始第 1881 次操作

2023-10-07 00:40:34 开始操作号码 【1901880】
2023-10-07 00:40:37 GSD getOne 第 1 次 等待 3 秒
2023-10-07 00:40:40 查询号码 【1901880】，返回信息 {"status":"ok","msg":"-","gid":"549263","time_insert":"2023-02-23 11:08"}
2023-10-07 00:40:40 查询号码 【1901880】，GSD为【"-"】
2023-10-07 00:40:40 ok && -
2023-10-07 00:40:43 CHB 1901880?1696610440 第 1 次 等待 3 秒
2023-10-07 00:40:46 CHB 1901880?1696610440 第 1 次 获取到号码【1901880】GSD
2023-10-07 00:40:46 未获取到号码【1901880】GSD，可能号码格式错误
2023-10-07 00:40:46 获取到号码【1901880】的GSD为【-】
2023-10-07 00:40:49 GSD insert 第 1 次 等待 3 秒
2023-10-07 00:40:52 {"status":"bad","gid":"549263","msg":"添加失败！号码【1901880(-|-)】已存在！"}
2023-10-07 00:40:52 随机等待 85 秒，约 1 分钟
2023-10-07 00:40:52 下次操作: 2023-10-07 00:42:17

2023-10-07 00:42:17 开始第 1882 次操作

2023-10-07 00:42:17 开始操作号码 【1901881】
2023-10-07 00:42:20 GSD getOne 第 1 次 等待 3 秒
2023-10-07 00:42:23 查询号码 【1901881】，返回信息 {"status":"ok","msg":"-","gid":"549282","time_insert":"2023-02-23 11:21"}
2023-10-07 00:42:23 查询号码 【1901881】，GSD为【"-"】
2023-10-07 00:42:23 ok && -
2023-10-07 00:42:25 CHB 1901881?1696610543 第 1 次 等待 3 秒
2023-10-07 00:42:28 CHB 1901881?1696610543 第 1 次 获取到号码【1901881】GSD
2023-10-07 00:42:28 未获取到号码【1901881】GSD，可能号码格式错误
2023-10-07 00:42:28 获取到号码【1901881】的GSD为【-】
2023-10-07 00:42:31 GSD insert 第 1 次 等待 3 秒
2023-10-07 00:42:34 {"status":"bad","gid":"549282","msg":"添加失败！号码【1901881(-|-)】已存在！"}
2023-10-07 00:42:34 随机等待 234 秒，约 3 分钟
2023-10-07 00:42:34 下次操作: 2023-10-07 00:46:28

2023-10-07 00:46:28 开始第 1883 次操作

2023-10-07 00:46:28 开始操作号码 【1901882】
2023-10-07 00:46:32 GSD getOne 第 1 次 等待 3 秒
2023-10-07 00:46:35 查询号码 【1901882】，返回信息 {"status":"ok","msg":"-","gid":"549301","time_insert":"2023-02-23 11:34"}
2023-10-07 00:46:35 查询号码 【1901882】，GSD为【"-"】
2023-10-07 00:46:35 ok && -
2023-10-07 00:46:39 CHB 1901882?1696610795 第 1 次 等待 3 秒
2023-10-07 00:46:42 CHB 1901882?1696610795 第 1 次 获取到号码【1901882】GSD
2023-10-07 00:46:42 未获取到号码【1901882】GSD，可能号码格式错误
2023-10-07 00:46:42 获取到号码【1901882】的GSD为【-】
2023-10-07 00:46:46 GSD insert 第 1 次 等待 3 秒
2023-10-07 00:46:49 {"status":"bad","gid":"549301","msg":"添加失败！号码【1901882(-|-)】已存在！"}
2023-10-07 00:46:49 随机等待 189 秒，约 3 分钟
2023-10-07 00:46:49 下次操作: 2023-10-07 00:49:58

2023-10-07 00:49:58 开始第 1884 次操作

2023-10-07 00:49:58 开始操作号码 【1901883】
2023-10-07 00:50:03 GSD getOne 第 1 次 等待 3 秒
2023-10-07 00:50:06 查询号码 【1901883】，返回信息 {"status":"ok","msg":"-","gid":"549319","time_insert":"2023-02-23 11:43"}
2023-10-07 00:50:06 查询号码 【1901883】，GSD为【"-"】
2023-10-07 00:50:06 ok && -
2023-10-07 00:50:08 CHB 1901883?1696611006 第 1 次 等待 3 秒
2023-10-07 00:50:11 CHB 1901883?1696611006 第 1 次 获取到号码【1901883】GSD
2023-10-07 00:50:11 未获取到号码【1901883】GSD，可能号码格式错误
2023-10-07 00:50:11 获取到号码【1901883】的GSD为【-】
2023-10-07 00:50:17 GSD insert 第 1 次 等待 3 秒
2023-10-07 00:50:20 {"status":"bad","gid":"549319","msg":"添加失败！号码【1901883(-|-)】已存在！"}

