2024-05-11 00:23:29 开始第 8129 次操作

2024-05-11 00:23:29 开始操作号码 【1588042】
2024-05-11 00:23:36 GSD getOne 第 1 次 等待 3 秒
2024-05-11 00:23:39 查询号码 【1588042】，返回信息 {"status":"ok","msg":"福建-福州","gid":"384948","time_insert":"2021-07-25 03:54"}
2024-05-11 00:23:40 查询号码 【1588042】，GSD为【"福建-福州"】

2024-05-11 00:23:41 开始第 8130 次操作

2024-05-11 00:23:41 开始操作号码 【1588043】
2024-05-11 00:23:48 GSD getOne 第 1 次 等待 3 秒
2024-05-11 00:23:51 查询号码 【1588043】，返回信息 {"status":"ok","msg":"福建-福州","gid":"384938","time_insert":"2021-07-25 03:53"}
2024-05-11 00:23:51 查询号码 【1588043】，GSD为【"福建-福州"】

2024-05-11 00:23:52 开始第 8131 次操作

2024-05-11 00:23:52 开始操作号码 【1588044】
2024-05-11 00:24:03 GSD getOne 第 1 次 等待 3 秒
2024-05-11 00:24:06 查询号码 【1588044】，返回信息 {"status":"ok","msg":"福建-福州","gid":"384931","time_insert":"2021-07-25 03:53"}
2024-05-11 00:24:06 查询号码 【1588044】，GSD为【"福建-福州"】

2024-05-11 00:24:07 开始第 8132 次操作

2024-05-11 00:24:07 开始操作号码 【1588045】
2024-05-11 00:24:13 GSD getOne 第 1 次 等待 3 秒
2024-05-11 00:24:16 查询号码 【1588045】，返回信息 {"status":"ok","msg":"福建-福州","gid":"384921","time_insert":"2021-07-25 03:52"}
2024-05-11 00:24:16 查询号码 【1588045】，GSD为【"福建-福州"】

