2024-05-04 00:22:45 开始第 6893 次操作

2024-05-04 00:22:45 开始操作号码 【1586806】
2024-05-04 00:22:54 GSD getOne 第 1 次 等待 3 秒
2024-05-04 00:22:57 查询号码 【1586806】，返回信息 {"status":"ok","msg":"浙江-温州","gid":"397299","time_insert":"2021-07-26 04:12"}
2024-05-04 00:22:57 查询号码 【1586806】，GSD为【"浙江-温州"】

2024-05-04 00:22:58 开始第 6894 次操作

2024-05-04 00:22:58 开始操作号码 【1586807】
2024-05-04 00:23:06 GSD getOne 第 1 次 等待 3 秒
2024-05-04 00:23:09 查询号码 【1586807】，返回信息 {"status":"ok","msg":"浙江-温州","gid":"397295","time_insert":"2021-07-26 04:11"}
2024-05-04 00:23:09 查询号码 【1586807】，GSD为【"浙江-温州"】

2024-05-04 00:23:10 开始第 6895 次操作

2024-05-04 00:23:10 开始操作号码 【1586808】
2024-05-04 00:23:15 GSD getOne 第 1 次 等待 3 秒
2024-05-04 00:23:18 查询号码 【1586808】，返回信息 {"status":"ok","msg":"浙江-温州","gid":"25198","time_insert":"2017-04-19 11:23","time_update":"2020-09-01 09:48"}
2024-05-04 00:23:18 查询号码 【1586808】，GSD为【"浙江-温州"】

2024-05-04 00:23:19 开始第 6896 次操作

2024-05-04 00:23:19 开始操作号码 【1586809】
2024-05-04 00:23:25 GSD getOne 第 1 次 等待 3 秒
2024-05-04 00:23:28 查询号码 【1586809】，返回信息 {"status":"ok","msg":"浙江-温州","gid":"397283","time_insert":"2021-07-26 04:09"}
2024-05-04 00:23:28 查询号码 【1586809】，GSD为【"浙江-温州"】

2024-05-04 00:39:48 开始第 6897 次操作

2024-05-04 00:39:48 开始操作号码 【1586810】
2024-05-04 00:40:02 GSD getOne 第 1 次 等待 3 秒
2024-05-04 00:40:05 查询号码 【1586810】，返回信息 {"status":"ok","msg":"浙江-杭州","gid":"397279","time_insert":"2021-07-26 04:08"}
2024-05-04 00:40:05 查询号码 【1586810】，GSD为【"浙江-杭州"】

2024-05-04 00:40:06 开始第 6898 次操作

2024-05-04 00:40:06 开始操作号码 【1586811】
2024-05-04 00:40:11 GSD getOne 第 1 次 等待 3 秒
2024-05-04 00:40:14 查询号码 【1586811】，返回信息 {"status":"ok","msg":"浙江-杭州","gid":"397275","time_insert":"2021-07-26 04:07"}
2024-05-04 00:40:14 查询号码 【1586811】，GSD为【"浙江-杭州"】

2024-05-04 00:40:15 开始第 6899 次操作

2024-05-04 00:40:15 开始操作号码 【1586812】
2024-05-04 00:40:22 GSD getOne 第 1 次 等待 3 秒
2024-05-04 00:40:25 查询号码 【1586812】，返回信息 {"status":"ok","msg":"浙江-杭州","gid":"397268","time_insert":"2021-07-26 04:07"}
2024-05-04 00:40:26 查询号码 【1586812】，GSD为【"浙江-杭州"】

2024-05-04 00:40:27 开始第 6900 次操作

2024-05-04 00:40:27 开始操作号码 【1586813】
2024-05-04 00:40:32 GSD getOne 第 1 次 等待 3 秒
2024-05-04 00:40:35 查询号码 【1586813】，返回信息 {"status":"ok","msg":"浙江-杭州","gid":"397260","time_insert":"2021-07-26 04:06"}
2024-05-04 00:40:35 查询号码 【1586813】，GSD为【"浙江-杭州"】

2024-05-04 01:15:35 开始第 6901 次操作

2024-05-04 01:15:35 开始操作号码 【1586814】
2024-05-04 01:15:43 GSD getOne 第 1 次 等待 3 秒
2024-05-04 01:15:46 查询号码 【1586814】，返回信息 {"status":"ok","msg":"浙江-杭州","gid":"397249","time_insert":"2021-07-26 04:05"}
2024-05-04 01:15:46 查询号码 【1586814】，GSD为【"浙江-杭州"】

2024-05-04 01:15:47 开始第 6902 次操作

2024-05-04 01:15:47 开始操作号码 【1586815】
2024-05-04 01:16:00 GSD getOne 第 1 次 等待 3 秒
2024-05-04 01:16:03 查询号码 【1586815】，返回信息 {"status":"ok","msg":"浙江-杭州","gid":"397242","time_insert":"2021-07-26 04:04"}
2024-05-04 01:16:03 查询号码 【1586815】，GSD为【"浙江-杭州"】

2024-05-04 01:16:04 开始第 6903 次操作

2024-05-04 01:16:04 开始操作号码 【1586816】
2024-05-04 01:16:10 GSD getOne 第 1 次 等待 3 秒
2024-05-04 01:16:13 查询号码 【1586816】，返回信息 {"status":"ok","msg":"浙江-杭州","gid":"25199","time_insert":"2017-04-20 15:33","time_update":"2020-09-01 09:49"}
2024-05-04 01:16:13 查询号码 【1586816】，GSD为【"浙江-杭州"】

2024-05-04 01:16:14 开始第 6904 次操作

2024-05-04 01:16:14 开始操作号码 【1586817】
2024-05-04 01:16:19 GSD getOne 第 1 次 等待 3 秒
2024-05-04 01:16:22 查询号码 【1586817】，返回信息 {"status":"ok","msg":"浙江-杭州","gid":"397232","time_insert":"2021-07-26 04:03"}
2024-05-04 01:16:22 查询号码 【1586817】，GSD为【"浙江-杭州"】

2024-05-04 01:37:51 开始第 6905 次操作

2024-05-04 01:37:51 开始操作号码 【1586818】
2024-05-04 01:38:04 GSD getOne 第 1 次 等待 3 秒
2024-05-04 01:38:07 查询号码 【1586818】，返回信息 {"status":"ok","msg":"浙江-杭州","gid":"397223","time_insert":"2021-07-26 04:02"}
2024-05-04 01:38:07 查询号码 【1586818】，GSD为【"浙江-杭州"】

2024-05-04 01:38:08 开始第 6906 次操作

2024-05-04 01:38:08 开始操作号码 【1586819】
2024-05-04 01:38:15 GSD getOne 第 1 次 等待 3 秒
2024-05-04 01:38:18 查询号码 【1586819】，返回信息 {"status":"ok","msg":"浙江-杭州","gid":"397216","time_insert":"2021-07-26 04:01"}
2024-05-04 01:38:18 查询号码 【1586819】，GSD为【"浙江-杭州"】

2024-05-04 01:38:19 开始第 6907 次操作

2024-05-04 01:38:19 开始操作号码 【1586820】
2024-05-04 01:38:31 GSD getOne 第 1 次 等待 3 秒
2024-05-04 01:38:34 查询号码 【1586820】，返回信息 {"status":"ok","msg":"浙江-湖州","gid":"397203","time_insert":"2021-07-26 04:00"}
2024-05-04 01:38:35 查询号码 【1586820】，GSD为【"浙江-湖州"】

2024-05-04 01:38:36 开始第 6908 次操作

2024-05-04 01:38:36 开始操作号码 【1586821】
2024-05-04 01:38:41 GSD getOne 第 1 次 等待 3 秒
2024-05-04 01:38:44 查询号码 【1586821】，返回信息 {"status":"ok","msg":"浙江-湖州","gid":"397193","time_insert":"2021-07-26 03:59"}
2024-05-04 01:38:44 查询号码 【1586821】，GSD为【"浙江-湖州"】

2024-05-04 02:22:21 开始第 6909 次操作

2024-05-04 02:22:21 开始操作号码 【1586822】
2024-05-04 02:22:27 GSD getOne 第 1 次 等待 3 秒
2024-05-04 02:22:30 查询号码 【1586822】，返回信息 {"status":"ok","msg":"浙江-湖州","gid":"397181","time_insert":"2021-07-26 03:58"}
2024-05-04 02:22:30 查询号码 【1586822】，GSD为【"浙江-湖州"】

2024-05-04 02:22:31 开始第 6910 次操作

2024-05-04 02:22:31 开始操作号码 【1586823】
2024-05-04 02:22:37 GSD getOne 第 1 次 等待 3 秒
2024-05-04 02:22:40 查询号码 【1586823】，返回信息 {"status":"ok","msg":"浙江-湖州","gid":"25200","time_insert":"2018-04-23 11:19","time_update":"2020-09-01 09:53"}
2024-05-04 02:22:40 查询号码 【1586823】，GSD为【"浙江-湖州"】

2024-05-04 02:22:41 开始第 6911 次操作

2024-05-04 02:22:41 开始操作号码 【1586824】
2024-05-04 02:22:47 GSD getOne 第 1 次 等待 3 秒
2024-05-04 02:22:50 查询号码 【1586824】，返回信息 {"status":"ok","msg":"浙江-湖州","gid":"397164","time_insert":"2021-07-26 03:57"}
2024-05-04 02:22:50 查询号码 【1586824】，GSD为【"浙江-湖州"】

2024-05-04 02:22:51 开始第 6912 次操作

2024-05-04 02:22:51 开始操作号码 【1586825】
2024-05-04 02:22:56 GSD getOne 第 1 次 等待 3 秒
2024-05-04 02:22:59 查询号码 【1586825】，返回信息 {"status":"ok","msg":"浙江-湖州","gid":"397157","time_insert":"2021-07-26 03:56"}
2024-05-04 02:22:59 查询号码 【1586825】，GSD为【"浙江-湖州"】

