2024-03-19 00:22:02 开始第 9509 次操作

2024-03-19 00:22:02 开始操作号码 【1699422】
2024-03-19 00:22:07 GSD getOne 第 1 次 等待 3 秒
2024-03-19 00:22:10 查询号码 【1699422】，返回信息 {"status":"ok","msg":"-","gid":"645563","time_insert":"2023-04-10 19:14"}
2024-03-19 00:22:10 查询号码 【1699422】，GSD为【"-"】
2024-03-19 00:22:10 ok && -
2024-03-19 00:22:12 CHB 1699422?1710778930 第 1 次 等待 3 秒
2024-03-19 00:22:15 CHB 1699422?1710778930 第 1 次 获取到号码【1699422】GSD
2024-03-19 00:22:15 未获取到号码【1699422】GSD，可能号码格式错误
2024-03-19 00:22:15 获取到号码【1699422】的GSD为【-】
2024-03-19 00:22:20 GSD insert 第 1 次 等待 3 秒
2024-03-19 00:22:23 {"status":"bad","gid":"645563","msg":"添加失败！号码【1699422(-|-)】已存在！"}
2024-03-19 00:22:23 随机等待 166 秒，约 2 分钟
2024-03-19 00:22:23 下次操作: 2024-03-19 00:25:09

2024-03-19 00:25:09 开始第 9510 次操作

2024-03-19 00:25:09 开始操作号码 【1699423】
2024-03-19 00:25:14 GSD getOne 第 1 次 等待 3 秒
2024-03-19 00:25:17 查询号码 【1699423】，返回信息 {"status":"ok","msg":"-","gid":"645557","time_insert":"2023-04-10 19:12"}
2024-03-19 00:25:17 查询号码 【1699423】，GSD为【"-"】
2024-03-19 00:25:17 ok && -
2024-03-19 00:25:19 CHB 1699423?1710779117 第 1 次 等待 3 秒
2024-03-19 00:25:22 CHB 1699423?1710779117 第 1 次 获取到号码【1699423】GSD
2024-03-19 00:25:22 未获取到号码【1699423】GSD，可能号码格式错误
2024-03-19 00:25:22 获取到号码【1699423】的GSD为【-】
2024-03-19 00:25:27 GSD insert 第 1 次 等待 3 秒
2024-03-19 00:25:30 {"status":"bad","gid":"645557","msg":"添加失败！号码【1699423(-|-)】已存在！"}
2024-03-19 00:25:30 随机等待 115 秒，约 1 分钟
2024-03-19 00:25:30 下次操作: 2024-03-19 00:27:25

2024-03-19 00:27:25 开始第 9511 次操作

2024-03-19 00:27:25 开始操作号码 【1699424】
2024-03-19 00:27:29 GSD getOne 第 1 次 等待 3 秒
2024-03-19 00:27:32 查询号码 【1699424】，返回信息 {"status":"ok","msg":"-","gid":"645545","time_insert":"2023-04-10 19:02"}
2024-03-19 00:27:32 查询号码 【1699424】，GSD为【"-"】
2024-03-19 00:27:32 ok && -
2024-03-19 00:27:34 CHB 1699424?1710779252 第 1 次 等待 3 秒
2024-03-19 00:27:37 CHB 1699424?1710779252 第 1 次 获取到号码【1699424】GSD
2024-03-19 00:27:37 未获取到号码【1699424】GSD，可能号码格式错误
2024-03-19 00:27:37 获取到号码【1699424】的GSD为【-】
2024-03-19 00:27:42 GSD insert 第 1 次 等待 3 秒
2024-03-19 00:27:45 {"status":"bad","gid":"645545","msg":"添加失败！号码【1699424(-|-)】已存在！"}
2024-03-19 00:27:45 随机等待 105 秒，约 1 分钟
2024-03-19 00:27:45 下次操作: 2024-03-19 00:29:30

2024-03-19 00:29:30 开始第 9512 次操作

2024-03-19 00:29:30 开始操作号码 【1699425】
2024-03-19 00:29:36 GSD getOne 第 1 次 等待 3 秒
2024-03-19 00:29:39 查询号码 【1699425】，返回信息 {"status":"ok","msg":"-","gid":"645543","time_insert":"2023-04-10 19:01"}
2024-03-19 00:29:39 查询号码 【1699425】，GSD为【"-"】
2024-03-19 00:29:39 ok && -
2024-03-19 00:29:41 CHB 1699425?1710779379 第 1 次 等待 3 秒
2024-03-19 00:29:44 CHB 1699425?1710779379 第 1 次 获取到号码【1699425】GSD
2024-03-19 00:29:44 未获取到号码【1699425】GSD，可能号码格式错误
2024-03-19 00:29:44 获取到号码【1699425】的GSD为【-】
2024-03-19 00:29:49 GSD insert 第 1 次 等待 3 秒
2024-03-19 00:29:52 {"status":"bad","gid":"645543","msg":"添加失败！号码【1699425(-|-)】已存在！"}

