2024-07-12 00:23:35 开始第 5461 次操作

2024-07-12 00:23:35 开始操作号码 【1475371】
2024-07-12 00:23:45 GSD getOne 第 1 次 等待 3 秒
2024-07-12 00:23:48 查询号码 【1475371】，返回信息 {"status":"ok","msg":"山东-济宁","gid":"408830","time_insert":"2021-07-27 03:35"}
2024-07-12 00:23:48 查询号码 【1475371】，GSD为【"山东-济宁"】

2024-07-12 00:23:49 开始第 5462 次操作

2024-07-12 00:23:49 开始操作号码 【1475372】
2024-07-12 00:23:58 GSD getOne 第 1 次 等待 3 秒
2024-07-12 00:24:01 查询号码 【1475372】，返回信息 {"status":"ok","msg":"山东-济宁","gid":"408826","time_insert":"2021-07-27 03:34"}
2024-07-12 00:24:01 查询号码 【1475372】，GSD为【"山东-济宁"】

2024-07-12 00:24:02 开始第 5463 次操作

2024-07-12 00:24:02 开始操作号码 【1475373】
2024-07-12 00:24:09 GSD getOne 第 1 次 等待 3 秒
2024-07-12 00:24:12 查询号码 【1475373】，返回信息 {"status":"ok","msg":"山东-济宁","gid":"408824","time_insert":"2021-07-27 03:34"}
2024-07-12 00:24:12 查询号码 【1475373】，GSD为【"山东-济宁"】

2024-07-12 00:24:13 开始第 5464 次操作

2024-07-12 00:24:13 开始操作号码 【1475374】
2024-07-12 00:24:21 GSD getOne 第 1 次 等待 3 秒
2024-07-12 00:24:24 查询号码 【1475374】，返回信息 {"status":"ok","msg":"山东-济宁","gid":"408822","time_insert":"2021-07-27 03:33"}
2024-07-12 00:24:24 查询号码 【1475374】，GSD为【"山东-济宁"】

