2024-04-23 00:21:58 开始第 4949 次操作

2024-04-23 00:21:58 开始操作号码 【1584862】
2024-04-23 00:22:05 GSD getOne 第 1 次 等待 3 秒
2024-04-23 00:22:08 查询号码 【1584862】，返回信息 {"status":"ok","msg":"内蒙古-包头","gid":"351588","time_insert":"2021-07-22 03:30"}
2024-04-23 00:22:08 查询号码 【1584862】，GSD为【"内蒙古-包头"】

2024-04-23 00:22:09 开始第 4950 次操作

2024-04-23 00:22:09 开始操作号码 【1584863】
2024-04-23 00:22:16 GSD getOne 第 1 次 等待 3 秒
2024-04-23 00:22:19 查询号码 【1584863】，返回信息 {"status":"ok","msg":"内蒙古-包头","gid":"351678","time_insert":"2021-07-22 03:41"}
2024-04-23 00:22:19 查询号码 【1584863】，GSD为【"内蒙古-包头"】

2024-04-23 00:22:20 开始第 4951 次操作

2024-04-23 00:22:20 开始操作号码 【1584864】
2024-04-23 00:22:27 GSD getOne 第 1 次 等待 3 秒
2024-04-23 00:22:30 查询号码 【1584864】，返回信息 {"status":"ok","msg":"内蒙古-包头","gid":"351810","time_insert":"2021-07-22 03:51"}
2024-04-23 00:22:30 查询号码 【1584864】，GSD为【"内蒙古-包头"】

2024-04-23 00:22:31 开始第 4952 次操作

2024-04-23 00:22:31 开始操作号码 【1584865】
2024-04-23 00:22:37 GSD getOne 第 1 次 等待 3 秒
2024-04-23 00:22:40 查询号码 【1584865】，返回信息 {"status":"ok","msg":"内蒙古-通辽","gid":"351919","time_insert":"2021-07-22 04:01"}
2024-04-23 00:22:40 查询号码 【1584865】，GSD为【"内蒙古-通辽"】

