2024-10-13 00:22:52 开始第 9393 次操作

2024-10-13 00:22:52 开始操作号码 【1369392】
2024-10-13 00:23:09 GSD getOne 第 1 次 等待 3 秒
2024-10-13 00:23:12 查询号码 【1369392】，返回信息 {"status":"ok","msg":"河南-鹤壁","gid":"331943","time_insert":"2021-07-20 01:56"}
2024-10-13 00:23:12 查询号码 【1369392】，GSD为【"河南-鹤壁"】

2024-10-13 00:23:13 开始第 9394 次操作

2024-10-13 00:23:13 开始操作号码 【1369393】
2024-10-13 00:23:14 GSD getOne 第 1 次 等待 3 秒
2024-10-13 00:23:17 查询号码 【1369393】，返回信息 {"status":"ok","msg":"河南-濮阳","gid":"331936","time_insert":"2021-07-20 01:56"}
2024-10-13 00:23:18 查询号码 【1369393】，GSD为【"河南-濮阳"】

2024-10-13 00:23:19 开始第 9395 次操作

2024-10-13 00:23:19 开始操作号码 【1369394】
2024-10-13 00:23:21 GSD getOne 第 1 次 等待 3 秒
2024-10-13 00:23:24 查询号码 【1369394】，返回信息 {"status":"ok","msg":"河南-周口","gid":"53560","time_insert":"2020-06-04 16:25"}
2024-10-13 00:23:24 查询号码 【1369394】，GSD为【"河南-周口"】

2024-10-13 00:23:25 开始第 9396 次操作

2024-10-13 00:23:25 开始操作号码 【1369395】
2024-10-13 00:23:42 GSD getOne 第 1 次 等待 3 秒
2024-10-13 00:23:45 查询号码 【1369395】，返回信息 {"status":"ok","msg":"河南-漯河","gid":"331922","time_insert":"2021-07-20 01:55"}
2024-10-13 00:23:45 查询号码 【1369395】，GSD为【"河南-漯河"】

2024-10-13 00:43:25 开始第 9397 次操作

2024-10-13 00:43:25 开始操作号码 【1369396】
2024-10-13 00:43:29 GSD getOne 第 1 次 等待 3 秒
2024-10-13 00:43:32 查询号码 【1369396】，返回信息 {"status":"ok","msg":"河南-驻马店","gid":"331914","time_insert":"2021-07-20 01:54"}
2024-10-13 00:43:32 查询号码 【1369396】，GSD为【"河南-驻马店"】

2024-10-13 00:43:33 开始第 9398 次操作

2024-10-13 00:43:33 开始操作号码 【1369397】
2024-10-13 00:43:35 GSD getOne 第 1 次 等待 3 秒
2024-10-13 00:43:38 查询号码 【1369397】，返回信息 {"status":"ok","msg":"河南-信阳","gid":"331904","time_insert":"2021-07-20 01:54"}
2024-10-13 00:43:38 查询号码 【1369397】，GSD为【"河南-信阳"】

2024-10-13 00:43:39 开始第 9399 次操作

2024-10-13 00:43:39 开始操作号码 【1369398】
2024-10-13 00:43:40 GSD getOne 第 1 次 等待 3 秒
2024-10-13 00:43:43 查询号码 【1369398】，返回信息 {"status":"ok","msg":"河南-三门峡","gid":"331894","time_insert":"2021-07-20 01:53"}
2024-10-13 00:43:43 查询号码 【1369398】，GSD为【"河南-三门峡"】

2024-10-13 00:43:44 开始第 9400 次操作

2024-10-13 00:43:44 开始操作号码 【1369399】
2024-10-13 00:43:47 GSD getOne 第 1 次 等待 3 秒
2024-10-13 00:43:50 查询号码 【1369399】，返回信息 {"status":"ok","msg":"河南-信阳","gid":"53561","time_insert":"2020-07-15 12:42"}
2024-10-13 00:43:50 查询号码 【1369399】，GSD为【"河南-信阳"】

