2024-10-05 00:24:39 开始第 8017 次操作

2024-10-05 00:24:39 开始操作号码 【1368016】
2024-10-05 00:24:42 GSD getOne 第 1 次 等待 3 秒
2024-10-05 00:24:45 查询号码 【1368016】，返回信息 {"status":"ok","msg":"广东-中山","gid":"8865","time_insert":"2020-05-29 23:58","time_update":"2020-09-27 10:51"}
2024-10-05 00:24:45 查询号码 【1368016】，GSD为【"广东-中山"】

2024-10-05 00:24:46 开始第 8018 次操作

2024-10-05 00:24:46 开始操作号码 【1368017】
2024-10-05 00:24:48 GSD getOne 第 1 次 等待 3 秒
2024-10-05 00:24:51 查询号码 【1368017】，返回信息 {"status":"ok","msg":"广东-中山","gid":"343053","time_insert":"2021-07-21 04:37"}
2024-10-05 00:24:51 查询号码 【1368017】，GSD为【"广东-中山"】

2024-10-05 00:24:52 开始第 8019 次操作

2024-10-05 00:24:52 开始操作号码 【1368018】
2024-10-05 00:24:54 GSD getOne 第 1 次 等待 3 秒
2024-10-05 00:24:57 查询号码 【1368018】，返回信息 {"status":"ok","msg":"广东-中山","gid":"8866","time_insert":"2018-08-22 19:48","time_update":"2020-09-27 10:56"}
2024-10-05 00:24:57 查询号码 【1368018】，GSD为【"广东-中山"】

2024-10-05 00:24:58 开始第 8020 次操作

2024-10-05 00:24:58 开始操作号码 【1368019】
2024-10-05 00:25:01 GSD getOne 第 1 次 等待 3 秒
2024-10-05 00:25:04 查询号码 【1368019】，返回信息 {"status":"ok","msg":"广东-中山","gid":"53537","time_insert":"2020-01-22 20:00"}
2024-10-05 00:25:04 查询号码 【1368019】，GSD为【"广东-中山"】

