2024-06-29 00:23:03 开始第 3185 次操作

2024-06-29 00:23:03 开始操作号码 【1473095】
2024-06-29 00:23:17 GSD getOne 第 1 次 等待 3 秒
2024-06-29 00:23:20 查询号码 【1473095】，返回信息 {"status":"ok","msg":"四川-成都","gid":"209617","time_insert":"2021-07-06 22:47"}
2024-06-29 00:23:20 查询号码 【1473095】，GSD为【"四川-成都"】

2024-06-29 00:23:21 开始第 3186 次操作

2024-06-29 00:23:21 开始操作号码 【1473096】
2024-06-29 00:23:36 GSD getOne 第 1 次 等待 3 秒
2024-06-29 00:23:39 查询号码 【1473096】，返回信息 {"status":"ok","msg":"四川-成都","gid":"209707","time_insert":"2021-07-06 23:01"}
2024-06-29 00:23:39 查询号码 【1473096】，GSD为【"四川-成都"】

2024-06-29 00:23:40 开始第 3187 次操作

2024-06-29 00:23:40 开始操作号码 【1473097】
2024-06-29 00:23:55 GSD getOne 第 1 次 等待 3 秒
2024-06-29 00:23:58 查询号码 【1473097】，返回信息 {"status":"ok","msg":"四川-成都","gid":"209774","time_insert":"2021-07-06 23:14"}
2024-06-29 00:23:58 查询号码 【1473097】，GSD为【"四川-成都"】

2024-06-29 00:23:59 开始第 3188 次操作

2024-06-29 00:23:59 开始操作号码 【1473098】
2024-06-29 00:24:13 GSD getOne 第 1 次 等待 3 秒
2024-06-29 00:24:16 查询号码 【1473098】，返回信息 {"status":"ok","msg":"四川-成都","gid":"209812","time_insert":"2021-07-06 23:27"}
2024-06-29 00:24:16 查询号码 【1473098】，GSD为【"四川-成都"】

