2023-12-19 00:23:20 开始第 3889 次操作

2023-12-19 00:23:20 开始操作号码 【1803804】
2023-12-19 00:23:24 GSD getOne 第 1 次 等待 3 秒
2023-12-19 00:23:27 查询号码 【1803804】，返回信息 {"status":"ok","msg":"广东-深圳","gid":"295536","time_insert":"2021-07-16 18:09"}
2023-12-19 00:23:27 查询号码 【1803804】，GSD为【"广东-深圳"】

2023-12-19 00:23:28 开始第 3890 次操作

2023-12-19 00:23:28 开始操作号码 【1803805】
2023-12-19 00:23:31 GSD getOne 第 1 次 等待 3 秒
2023-12-19 00:23:34 查询号码 【1803805】，返回信息 {"status":"ok","msg":"广东-深圳","gid":"295544","time_insert":"2021-07-16 18:09"}
2023-12-19 00:23:34 查询号码 【1803805】，GSD为【"广东-深圳"】

2023-12-19 00:23:35 开始第 3891 次操作

2023-12-19 00:23:35 开始操作号码 【1803806】
2023-12-19 00:23:39 GSD getOne 第 1 次 等待 3 秒
2023-12-19 00:23:42 查询号码 【1803806】，返回信息 {"status":"ok","msg":"广东-深圳","gid":"295549","time_insert":"2021-07-16 18:10"}
2023-12-19 00:23:42 查询号码 【1803806】，GSD为【"广东-深圳"】

2023-12-19 00:23:43 开始第 3892 次操作

2023-12-19 00:23:43 开始操作号码 【1803807】
2023-12-19 00:23:46 GSD getOne 第 1 次 等待 3 秒
2023-12-19 00:23:49 查询号码 【1803807】，返回信息 {"status":"ok","msg":"广东-深圳","gid":"295553","time_insert":"2021-07-16 18:10"}
2023-12-19 00:23:49 查询号码 【1803807】，GSD为【"广东-深圳"】

2023-12-19 00:41:44 开始第 3893 次操作

2023-12-19 00:41:44 开始操作号码 【1803808】
2023-12-19 00:41:47 GSD getOne 第 1 次 等待 3 秒
2023-12-19 00:41:50 查询号码 【1803808】，返回信息 {"status":"ok","msg":"广东-深圳","gid":"295645","time_insert":"2021-07-16 18:43"}
2023-12-19 00:41:50 查询号码 【1803808】，GSD为【"广东-深圳"】

2023-12-19 00:41:51 开始第 3894 次操作

2023-12-19 00:41:51 开始操作号码 【1803809】
2023-12-19 00:41:55 GSD getOne 第 1 次 等待 3 秒
2023-12-19 00:41:58 查询号码 【1803809】，返回信息 {"status":"ok","msg":"广东-深圳","gid":"295652","time_insert":"2021-07-16 18:44"}
2023-12-19 00:41:58 查询号码 【1803809】，GSD为【"广东-深圳"】

2023-12-19 00:41:59 开始第 3895 次操作

2023-12-19 00:41:59 开始操作号码 【1803810】
2023-12-19 00:42:03 GSD getOne 第 1 次 等待 3 秒
2023-12-19 00:42:06 查询号码 【1803810】，返回信息 {"status":"ok","msg":"广东-深圳","gid":"295661","time_insert":"2021-07-16 18:44"}
2023-12-19 00:42:06 查询号码 【1803810】，GSD为【"广东-深圳"】

2023-12-19 00:42:07 开始第 3896 次操作

2023-12-19 00:42:07 开始操作号码 【1803811】
2023-12-19 00:42:13 GSD getOne 第 1 次 等待 3 秒
2023-12-19 00:42:16 查询号码 【1803811】，返回信息 {"status":"ok","msg":"广东-深圳","gid":"295671","time_insert":"2021-07-16 18:45"}
2023-12-19 00:42:16 查询号码 【1803811】，GSD为【"广东-深圳"】

2023-12-19 01:16:16 开始第 3897 次操作

2023-12-19 01:16:16 开始操作号码 【1803812】
2023-12-19 01:16:23 GSD getOne 第 1 次 等待 3 秒
2023-12-19 01:16:26 查询号码 【1803812】，返回信息 {"status":"ok","msg":"广东-深圳","gid":"295680","time_insert":"2021-07-16 18:46"}
2023-12-19 01:16:26 查询号码 【1803812】，GSD为【"广东-深圳"】

2023-12-19 01:16:27 开始第 3898 次操作

2023-12-19 01:16:27 开始操作号码 【1803813】
2023-12-19 01:16:33 GSD getOne 第 1 次 等待 3 秒
2023-12-19 01:16:36 查询号码 【1803813】，返回信息 {"status":"ok","msg":"广东-深圳","gid":"295691","time_insert":"2021-07-16 18:46"}
2023-12-19 01:16:36 查询号码 【1803813】，GSD为【"广东-深圳"】

2023-12-19 01:16:37 开始第 3899 次操作

2023-12-19 01:16:37 开始操作号码 【1803814】
2023-12-19 01:16:40 GSD getOne 第 1 次 等待 3 秒
2023-12-19 01:16:43 查询号码 【1803814】，返回信息 {"status":"ok","msg":"广东-深圳","gid":"295699","time_insert":"2021-07-16 18:47"}
2023-12-19 01:16:43 查询号码 【1803814】，GSD为【"广东-深圳"】

2023-12-19 01:16:44 开始第 3900 次操作

2023-12-19 01:16:44 开始操作号码 【1803815】
2023-12-19 01:16:48 GSD getOne 第 1 次 等待 3 秒
2023-12-19 01:16:51 查询号码 【1803815】，返回信息 {"status":"ok","msg":"广东-深圳","gid":"295708","time_insert":"2021-07-16 18:48"}
2023-12-19 01:16:51 查询号码 【1803815】，GSD为【"广东-深圳"】

2023-12-19 01:37:55 开始第 3901 次操作

2023-12-19 01:37:55 开始操作号码 【1803816】
2023-12-19 01:38:03 GSD getOne 第 1 次 等待 3 秒
2023-12-19 01:38:06 查询号码 【1803816】，返回信息 {"status":"ok","msg":"广东-深圳","gid":"295713","time_insert":"2021-07-16 18:48"}
2023-12-19 01:38:06 查询号码 【1803816】，GSD为【"广东-深圳"】

2023-12-19 01:38:07 开始第 3902 次操作

2023-12-19 01:38:07 开始操作号码 【1803817】
2023-12-19 01:38:11 GSD getOne 第 1 次 等待 3 秒
2023-12-19 01:38:14 查询号码 【1803817】，返回信息 {"status":"ok","msg":"广东-深圳","gid":"295723","time_insert":"2021-07-16 18:49"}
2023-12-19 01:38:14 查询号码 【1803817】，GSD为【"广东-深圳"】

2023-12-19 01:38:15 开始第 3903 次操作

2023-12-19 01:38:15 开始操作号码 【1803818】
2023-12-19 01:38:18 GSD getOne 第 1 次 等待 3 秒
2023-12-19 01:38:21 查询号码 【1803818】，返回信息 {"status":"ok","msg":"广东-深圳","gid":"295734","time_insert":"2021-07-16 18:49"}
2023-12-19 01:38:21 查询号码 【1803818】，GSD为【"广东-深圳"】

2023-12-19 01:38:22 开始第 3904 次操作

2023-12-19 01:38:22 开始操作号码 【1803819】
2023-12-19 01:38:28 GSD getOne 第 1 次 等待 3 秒
2023-12-19 01:38:31 查询号码 【1803819】，返回信息 {"status":"ok","msg":"广东-深圳","gid":"295740","time_insert":"2021-07-16 18:50"}
2023-12-19 01:38:31 查询号码 【1803819】，GSD为【"广东-深圳"】

2023-12-19 02:22:16 开始第 3905 次操作

2023-12-19 02:22:16 开始操作号码 【1803820】
2023-12-19 02:22:22 GSD getOne 第 1 次 等待 3 秒
2023-12-19 02:22:25 查询号码 【1803820】，返回信息 {"status":"ok","msg":"广东-东莞","gid":"295751","time_insert":"2021-07-16 18:51"}
2023-12-19 02:22:25 查询号码 【1803820】，GSD为【"广东-东莞"】

2023-12-19 02:22:26 开始第 3906 次操作

2023-12-19 02:22:26 开始操作号码 【1803821】
2023-12-19 02:22:30 GSD getOne 第 1 次 等待 3 秒
2023-12-19 02:22:33 查询号码 【1803821】，返回信息 {"status":"ok","msg":"广东-东莞","gid":"295761","time_insert":"2021-07-16 18:51"}
2023-12-19 02:22:33 查询号码 【1803821】，GSD为【"广东-东莞"】

2023-12-19 02:22:34 开始第 3907 次操作

2023-12-19 02:22:34 开始操作号码 【1803822】
2023-12-19 02:22:38 GSD getOne 第 1 次 等待 3 秒
2023-12-19 02:22:41 查询号码 【1803822】，返回信息 {"status":"ok","msg":"广东-东莞","gid":"295769","time_insert":"2021-07-16 18:52"}
2023-12-19 02:22:41 查询号码 【1803822】，GSD为【"广东-东莞"】

2023-12-19 02:22:42 开始第 3908 次操作

2023-12-19 02:22:42 开始操作号码 【1803823】
2023-12-19 02:22:45 GSD getOne 第 1 次 等待 3 秒
2023-12-19 02:22:48 查询号码 【1803823】，返回信息 {"status":"ok","msg":"广东-东莞","gid":"295774","time_insert":"2021-07-16 18:53"}
2023-12-19 02:22:48 查询号码 【1803823】，GSD为【"广东-东莞"】

2023-12-19 02:39:48 开始第 3909 次操作

2023-12-19 02:39:48 开始操作号码 【1803824】
2023-12-19 02:39:52 GSD getOne 第 1 次 等待 3 秒
2023-12-19 02:39:55 查询号码 【1803824】，返回信息 {"status":"ok","msg":"广东-东莞","gid":"295786","time_insert":"2021-07-16 18:54"}
2023-12-19 02:39:55 查询号码 【1803824】，GSD为【"广东-东莞"】

2023-12-19 02:39:56 开始第 3910 次操作

2023-12-19 02:39:56 开始操作号码 【1803825】
2023-12-19 02:40:01 GSD getOne 第 1 次 等待 3 秒
2023-12-19 02:40:04 查询号码 【1803825】，返回信息 {"status":"ok","msg":"广东-东莞","gid":"295797","time_insert":"2021-07-16 18:55"}
2023-12-19 02:40:04 查询号码 【1803825】，GSD为【"广东-东莞"】

2023-12-19 02:40:05 开始第 3911 次操作

2023-12-19 02:40:05 开始操作号码 【1803826】
2023-12-19 02:40:30 GSD getOne 第 1 次 等待 3 秒
2023-12-19 02:40:33 查询号码 【1803826】，返回信息 {"status":"ok","msg":"广东-东莞","gid":"295806","time_insert":"2021-07-16 18:55"}
2023-12-19 02:40:33 查询号码 【1803826】，GSD为【"广东-东莞"】

2023-12-19 02:40:34 开始第 3912 次操作

2023-12-19 02:40:34 开始操作号码 【1803827】
2023-12-19 02:40:37 GSD getOne 第 1 次 等待 3 秒
2023-12-19 02:40:40 查询号码 【1803827】，返回信息 {"status":"ok","msg":"广东-东莞","gid":"295817","time_insert":"2021-07-16 18:56"}
2023-12-19 02:40:40 查询号码 【1803827】，GSD为【"广东-东莞"】

