2024-01-26 00:24:14 开始第 141 次操作

2024-01-26 00:24:14 开始操作号码 【1690056】
2024-01-26 00:24:41 GSD getOne 第 1 次 等待 3 秒
2024-01-26 00:24:44 查询号码 【1690056】，返回信息 {"status":"ok","msg":"-","gid":"529865","time_insert":"2023-02-14 02:08"}
2024-01-26 00:24:44 查询号码 【1690056】，GSD为【"-"】
2024-01-26 00:24:44 ok && -
2024-01-26 00:24:51 CHB 1690056?1706199884 第 1 次 等待 3 秒
2024-01-26 00:24:54 CHB 1690056?1706199884 第 1 次 获取到号码【1690056】GSD
2024-01-26 00:24:54 未获取到号码【1690056】GSD，可能号码格式错误
2024-01-26 00:24:54 获取到号码【1690056】的GSD为【-】
2024-01-26 00:25:19 GSD insert 第 1 次 等待 3 秒
2024-01-26 00:25:22 {"status":"bad","gid":"529865","msg":"添加失败！号码【1690056(-|-)】已存在！"}
2024-01-26 00:25:22 随机等待 200 秒，约 3 分钟
2024-01-26 00:25:22 下次操作: 2024-01-26 00:28:42

2024-01-26 00:28:42 开始第 142 次操作

2024-01-26 00:28:42 开始操作号码 【1690057】
2024-01-26 00:29:06 GSD getOne 第 1 次 等待 3 秒
2024-01-26 00:29:09 查询号码 【1690057】，返回信息 {"status":"ok","msg":"-","gid":"529883","time_insert":"2023-02-14 02:27"}
2024-01-26 00:29:09 查询号码 【1690057】，GSD为【"-"】
2024-01-26 00:29:09 ok && -
2024-01-26 00:29:11 CHB 1690057?1706200149 第 1 次 等待 3 秒
2024-01-26 00:29:14 CHB 1690057?1706200149 第 1 次 获取到号码【1690057】GSD
2024-01-26 00:29:14 未获取到号码【1690057】GSD，可能号码格式错误
2024-01-26 00:29:14 获取到号码【1690057】的GSD为【-】
2024-01-26 00:29:39 GSD insert 第 1 次 等待 3 秒
2024-01-26 00:29:42 {"status":"bad","gid":"529883","msg":"添加失败！号码【1690057(-|-)】已存在！"}
2024-01-26 00:29:42 随机等待 116 秒，约 1 分钟
2024-01-26 00:29:42 下次操作: 2024-01-26 00:31:38

2024-01-26 00:31:38 开始第 143 次操作

2024-01-26 00:31:38 开始操作号码 【1690058】
2024-01-26 00:32:03 GSD getOne 第 1 次 等待 3 秒
2024-01-26 00:32:06 查询号码 【1690058】，返回信息 {"status":"ok","msg":"-","gid":"529906","time_insert":"2023-02-14 02:46"}
2024-01-26 00:32:06 查询号码 【1690058】，GSD为【"-"】
2024-01-26 00:32:06 ok && -
2024-01-26 00:32:09 CHB 1690058?1706200326 第 1 次 等待 3 秒
2024-01-26 00:32:12 CHB 1690058?1706200326 第 1 次 获取到号码【1690058】GSD
2024-01-26 00:32:12 未获取到号码【1690058】GSD，可能号码格式错误
2024-01-26 00:32:12 获取到号码【1690058】的GSD为【-】
2024-01-26 00:32:37 GSD insert 第 1 次 等待 3 秒
2024-01-26 00:32:40 {"status":"bad","gid":"529906","msg":"添加失败！号码【1690058(-|-)】已存在！"}
2024-01-26 00:32:40 随机等待 110 秒，约 1 分钟
2024-01-26 00:32:40 下次操作: 2024-01-26 00:34:30

2024-01-26 00:34:30 开始第 144 次操作

2024-01-26 00:34:30 开始操作号码 【1690059】
2024-01-26 00:34:55 GSD getOne 第 1 次 等待 3 秒
2024-01-26 00:34:58 查询号码 【1690059】，返回信息 {"status":"ok","msg":"-","gid":"529928","time_insert":"2023-02-14 03:05"}
2024-01-26 00:34:58 查询号码 【1690059】，GSD为【"-"】
2024-01-26 00:34:58 ok && -
2024-01-26 00:35:01 CHB 1690059?1706200498 第 1 次 等待 3 秒
2024-01-26 00:35:04 CHB 1690059?1706200498 第 1 次 获取到号码【1690059】GSD
2024-01-26 00:35:04 未获取到号码【1690059】GSD，可能号码格式错误
2024-01-26 00:35:04 获取到号码【1690059】的GSD为【-】
2024-01-26 00:35:28 GSD insert 第 1 次 等待 3 秒
2024-01-26 00:35:31 {"status":"bad","gid":"529928","msg":"添加失败！号码【1690059(-|-)】已存在！"}

2024-01-26 00:43:30 开始第 145 次操作

2024-01-26 00:43:30 开始操作号码 【1690060】
2024-01-26 00:43:56 GSD getOne 第 1 次 等待 3 秒
2024-01-26 00:43:59 查询号码 【1690060】，返回信息 {"status":"ok","msg":"-","gid":"529945","time_insert":"2023-02-14 03:20"}
2024-01-26 00:43:59 查询号码 【1690060】，GSD为【"-"】
2024-01-26 00:43:59 ok && -
2024-01-26 00:44:01 CHB 1690060?1706201039 第 1 次 等待 3 秒
2024-01-26 00:44:04 CHB 1690060?1706201039 第 1 次 获取到号码【1690060】GSD
2024-01-26 00:44:04 未获取到号码【1690060】GSD，可能号码格式错误
2024-01-26 00:44:04 获取到号码【1690060】的GSD为【-】
2024-01-26 00:44:28 GSD insert 第 1 次 等待 3 秒
2024-01-26 00:44:31 {"status":"bad","gid":"529945","msg":"添加失败！号码【1690060(-|-)】已存在！"}
2024-01-26 00:44:31 随机等待 86 秒，约 1 分钟
2024-01-26 00:44:31 下次操作: 2024-01-26 00:45:57

2024-01-26 00:45:57 开始第 146 次操作

2024-01-26 00:45:57 开始操作号码 【1690061】
2024-01-26 00:46:21 GSD getOne 第 1 次 等待 3 秒
2024-01-26 00:46:24 查询号码 【1690061】，返回信息 {"status":"ok","msg":"-","gid":"529966","time_insert":"2023-02-14 03:36"}
2024-01-26 00:46:24 查询号码 【1690061】，GSD为【"-"】
2024-01-26 00:46:24 ok && -
2024-01-26 00:46:26 CHB 1690061?1706201184 第 1 次 等待 3 秒
2024-01-26 00:46:29 CHB 1690061?1706201184 第 1 次 获取到号码【1690061】GSD
2024-01-26 00:46:29 未获取到号码【1690061】GSD，可能号码格式错误
2024-01-26 00:46:29 获取到号码【1690061】的GSD为【-】
2024-01-26 00:46:53 GSD insert 第 1 次 等待 3 秒
2024-01-26 00:46:56 {"status":"bad","gid":"529966","msg":"添加失败！号码【1690061(-|-)】已存在！"}
2024-01-26 00:46:56 随机等待 221 秒，约 3 分钟
2024-01-26 00:46:56 下次操作: 2024-01-26 00:50:37

2024-01-26 00:50:37 开始第 147 次操作

2024-01-26 00:50:37 开始操作号码 【1690062】
2024-01-26 00:51:01 GSD getOne 第 1 次 等待 3 秒
2024-01-26 00:51:04 查询号码 【1690062】，返回信息 {"status":"ok","msg":"-","gid":"529986","time_insert":"2023-02-14 03:53"}
2024-01-26 00:51:04 查询号码 【1690062】，GSD为【"-"】
2024-01-26 00:51:04 ok && -
2024-01-26 00:51:07 CHB 1690062?1706201464 第 1 次 等待 3 秒
2024-01-26 00:51:10 CHB 1690062?1706201464 第 1 次 获取到号码【1690062】GSD
2024-01-26 00:51:10 未获取到号码【1690062】GSD，可能号码格式错误
2024-01-26 00:51:10 获取到号码【1690062】的GSD为【-】
2024-01-26 00:51:34 GSD insert 第 1 次 等待 3 秒
2024-01-26 00:51:37 {"status":"bad","gid":"529986","msg":"添加失败！号码【1690062(-|-)】已存在！"}
2024-01-26 00:51:37 随机等待 116 秒，约 1 分钟
2024-01-26 00:51:37 下次操作: 2024-01-26 00:53:33

2024-01-26 00:53:33 开始第 148 次操作

2024-01-26 00:53:33 开始操作号码 【1690063】
2024-01-26 00:53:57 GSD getOne 第 1 次 等待 3 秒
2024-01-26 00:54:00 查询号码 【1690063】，返回信息 {"status":"ok","msg":"-","gid":"530007","time_insert":"2023-02-14 04:13"}
2024-01-26 00:54:00 查询号码 【1690063】，GSD为【"-"】
2024-01-26 00:54:00 ok && -
2024-01-26 00:54:02 CHB 1690063?1706201640 第 1 次 等待 3 秒
2024-01-26 00:54:05 CHB 1690063?1706201640 第 1 次 获取到号码【1690063】GSD
2024-01-26 00:54:05 未获取到号码【1690063】GSD，可能号码格式错误
2024-01-26 00:54:05 获取到号码【1690063】的GSD为【-】
2024-01-26 00:54:29 GSD insert 第 1 次 等待 3 秒
2024-01-26 00:54:32 {"status":"bad","gid":"530007","msg":"添加失败！号码【1690063(-|-)】已存在！"}

