2021-07-04 00:00:19 开始第 11 次操作

2021-07-04 00:00:19 开始操作号码 【1764534】
2021-07-04 00:00:24 GSD getOne 第 1 次 等待 1 秒
2021-07-04 00:00:25 查询号码 【1764534】，返回信息 {"status":"bad","msg":""}
2021-07-04 00:00:25 查询号码 【1764534】，GSD为【""】
2021-07-04 00:00:25 bad
2021-07-04 00:00:26 CHB 1764534?1625328025 第 1 次 等待 1 秒
2021-07-04 00:00:27 CHB 1764534?1625328025 第 1 次 获取到号码【1764534】GSD
2021-07-04 00:00:27 获取到号码【1764534】的GSD为【黑龙江-七台河】
2021-07-04 00:00:48 GSD insert 第 1 次 等待 1 秒
2021-07-04 00:00:49 {"status":"ok","msg":"添加成功！185556"}
2021-07-04 00:00:49 下次操作: 2021-07-04 00:01:07

2021-07-04 00:01:07 开始第 12 次操作

2021-07-04 00:01:07 开始操作号码 【1764535】
2021-07-04 00:01:12 GSD getOne 第 1 次 等待 1 秒
2021-07-04 00:01:13 查询号码 【1764535】，返回信息 {"status":"bad","msg":""}
2021-07-04 00:01:13 查询号码 【1764535】，GSD为【""】
2021-07-04 00:01:13 bad
2021-07-04 00:01:15 CHB 1764535?1625328073 第 1 次 等待 1 秒
2021-07-04 00:01:16 CHB 1764535?1625328073 第 1 次 获取到号码【1764535】GSD
2021-07-04 00:01:16 获取到号码【1764535】的GSD为【黑龙江-鸡西】
2021-07-04 00:01:35 GSD insert 第 1 次 等待 1 秒
2021-07-04 00:01:36 {"status":"ok","msg":"添加成功！185565"}
2021-07-04 00:01:36 下次操作: 2021-07-04 00:01:52

2021-07-04 00:01:52 开始第 13 次操作

2021-07-04 00:01:52 开始操作号码 【1764536】
2021-07-04 00:01:58 GSD getOne 第 1 次 等待 1 秒
2021-07-04 00:01:59 查询号码 【1764536】，返回信息 {"status":"bad","msg":""}
2021-07-04 00:01:59 查询号码 【1764536】，GSD为【""】
2021-07-04 00:01:59 bad
2021-07-04 00:02:02 CHB 1764536?1625328119 第 1 次 等待 1 秒
2021-07-04 00:02:03 CHB 1764536?1625328119 第 1 次 获取到号码【1764536】GSD
2021-07-04 00:02:03 获取到号码【1764536】的GSD为【黑龙江-鸡西】
2021-07-04 00:02:28 GSD insert 第 1 次 等待 1 秒
2021-07-04 00:02:29 {"status":"ok","msg":"添加成功！185577"}
2021-07-04 00:02:29 下次操作: 2021-07-04 00:02:39

2021-07-04 00:02:39 开始第 14 次操作

2021-07-04 00:02:39 开始操作号码 【1764537】
2021-07-04 00:02:50 GSD getOne 第 1 次 等待 1 秒
2021-07-04 00:02:51 查询号码 【1764537】，返回信息 {"status":"bad","msg":""}
2021-07-04 00:02:51 查询号码 【1764537】，GSD为【""】
2021-07-04 00:02:51 bad
2021-07-04 00:02:52 CHB 1764537?1625328171 第 1 次 等待 1 秒
2021-07-04 00:02:53 CHB 1764537?1625328171 第 1 次 获取到号码【1764537】GSD
2021-07-04 00:02:53 获取到号码【1764537】的GSD为【黑龙江-鸡西】
2021-07-04 00:03:15 GSD insert 第 1 次 等待 1 秒
2021-07-04 00:03:16 {"status":"ok","msg":"添加成功！185583"}
2021-07-04 00:03:16 下次操作: 2021-07-04 00:03:33

2021-07-04 00:03:33 开始第 15 次操作

2021-07-04 00:03:33 开始操作号码 【1764538】
2021-07-04 00:03:37 GSD getOne 第 1 次 等待 1 秒
2021-07-04 00:03:38 查询号码 【1764538】，返回信息 {"status":"bad","msg":""}
2021-07-04 00:03:38 查询号码 【1764538】，GSD为【""】
2021-07-04 00:03:38 bad
2021-07-04 00:03:39 CHB 1764538?1625328218 第 1 次 等待 1 秒
2021-07-04 00:03:40 CHB 1764538?1625328218 第 1 次 获取到号码【1764538】GSD
2021-07-04 00:03:40 获取到号码【1764538】的GSD为【黑龙江-鹤岗】
2021-07-04 00:04:00 GSD insert 第 1 次 等待 1 秒
2021-07-04 00:04:01 {"status":"ok","msg":"添加成功！185594"}
2021-07-04 00:04:01 下次操作: 2021-07-04 00:04:10

2021-07-04 00:04:10 开始第 16 次操作

2021-07-04 00:04:10 开始操作号码 【1764539】
2021-07-04 00:04:24 GSD getOne 第 1 次 等待 1 秒
2021-07-04 00:04:25 查询号码 【1764539】，返回信息 {"status":"bad","msg":""}
2021-07-04 00:04:25 查询号码 【1764539】，GSD为【""】
2021-07-04 00:04:25 bad
2021-07-04 00:04:27 CHB 1764539?1625328265 第 1 次 等待 1 秒
2021-07-04 00:04:28 CHB 1764539?1625328265 第 1 次 获取到号码【1764539】GSD
2021-07-04 00:04:28 获取到号码【1764539】的GSD为【黑龙江-鹤岗】
2021-07-04 00:04:48 GSD insert 第 1 次 等待 1 秒
2021-07-04 00:04:49 {"status":"ok","msg":"添加成功！185602"}
2021-07-04 00:04:49 下次操作: 2021-07-04 00:05:04

2021-07-04 00:05:04 开始第 17 次操作

2021-07-04 00:05:04 开始操作号码 【1764540】
2021-07-04 00:05:08 GSD getOne 第 1 次 等待 1 秒
2021-07-04 00:05:09 查询号码 【1764540】，返回信息 {"status":"bad","msg":""}
2021-07-04 00:05:09 查询号码 【1764540】，GSD为【""】
2021-07-04 00:05:09 bad
2021-07-04 00:05:13 CHB 1764540?1625328309 第 1 次 等待 1 秒
2021-07-04 00:05:15 CHB 1764540?1625328309 第 1 次 获取到号码【1764540】GSD
2021-07-04 00:05:15 获取到号码【1764540】的GSD为【黑龙江-佳木斯】
2021-07-04 00:05:39 GSD insert 第 1 次 等待 1 秒
2021-07-04 00:05:40 {"status":"ok","msg":"添加成功！185610"}
2021-07-04 00:05:40 下次操作: 2021-07-04 00:05:56

2021-07-04 00:05:56 开始第 18 次操作

2021-07-04 00:05:56 开始操作号码 【1764541】
2021-07-04 00:06:00 GSD getOne 第 1 次 等待 1 秒
2021-07-04 00:06:01 查询号码 【1764541】，返回信息 {"status":"bad","msg":""}
2021-07-04 00:06:01 查询号码 【1764541】，GSD为【""】
2021-07-04 00:06:01 bad
2021-07-04 00:06:03 CHB 1764541?1625328361 第 1 次 等待 1 秒
2021-07-04 00:06:04 CHB 1764541?1625328361 第 1 次 获取到号码【1764541】GSD
2021-07-04 00:06:04 获取到号码【1764541】的GSD为【黑龙江-佳木斯】
2021-07-04 00:06:25 GSD insert 第 1 次 等待 1 秒
2021-07-04 00:06:26 {"status":"ok","msg":"添加成功！185622"}
2021-07-04 00:06:26 下次操作: 2021-07-04 00:06:33

2021-07-04 00:06:33 开始第 19 次操作

2021-07-04 00:06:33 开始操作号码 【1764542】
2021-07-04 00:06:52 GSD getOne 第 1 次 等待 1 秒
2021-07-04 00:06:53 查询号码 【1764542】，返回信息 {"status":"bad","msg":""}
2021-07-04 00:06:53 查询号码 【1764542】，GSD为【""】
2021-07-04 00:06:53 bad
2021-07-04 00:06:56 CHB 1764542?1625328413 第 1 次 等待 1 秒
2021-07-04 00:06:57 CHB 1764542?1625328413 第 1 次 获取到号码【1764542】GSD
2021-07-04 00:06:57 获取到号码【1764542】的GSD为【黑龙江-佳木斯】
2021-07-04 00:07:21 GSD insert 第 1 次 等待 1 秒
2021-07-04 00:07:22 {"status":"ok","msg":"添加成功！185633"}
2021-07-04 00:07:22 下次操作: 2021-07-04 00:07:31

2021-07-04 00:07:31 开始第 20 次操作

2021-07-04 00:07:31 开始操作号码 【1764543】
2021-07-04 00:07:47 GSD getOne 第 1 次 等待 1 秒
2021-07-04 00:07:48 查询号码 【1764543】，返回信息 {"status":"bad","msg":""}
2021-07-04 00:07:48 查询号码 【1764543】，GSD为【""】
2021-07-04 00:07:48 bad
2021-07-04 00:07:50 CHB 1764543?1625328468 第 1 次 等待 1 秒
2021-07-04 00:07:51 CHB 1764543?1625328468 第 1 次 获取到号码【1764543】GSD
2021-07-04 00:07:51 获取到号码【1764543】的GSD为【黑龙江-佳木斯】
2021-07-04 00:08:14 GSD insert 第 1 次 等待 1 秒
2021-07-04 00:08:15 {"status":"ok","msg":"添加成功！185643"}
2021-07-04 00:08:15 下次操作: 2021-07-04 00:08:28

2021-07-04 00:08:28 开始第 21 次操作

2021-07-04 00:08:28 开始操作号码 【1764544】
2021-07-04 00:08:40 GSD getOne 第 1 次 等待 1 秒
2021-07-04 00:08:41 查询号码 【1764544】，返回信息 {"status":"bad","msg":""}
2021-07-04 00:08:41 查询号码 【1764544】，GSD为【""】
2021-07-04 00:08:41 bad
2021-07-04 00:08:42 CHB 1764544?1625328521 第 1 次 等待 1 秒
2021-07-04 00:08:43 CHB 1764544?1625328521 第 1 次 获取到号码【1764544】GSD
2021-07-04 00:08:43 获取到号码【1764544】的GSD为【黑龙江-佳木斯】
2021-07-04 00:09:02 GSD insert 第 1 次 等待 1 秒
2021-07-04 00:09:03 {"status":"ok","msg":"添加成功！185651"}
2021-07-04 00:09:03 下次操作: 2021-07-04 00:09:12

2021-07-04 00:09:12 开始第 22 次操作

2021-07-04 00:09:12 开始操作号码 【1764545】
2021-07-04 00:09:40 GSD getOne 第 1 次 等待 1 秒
2021-07-04 00:09:41 查询号码 【1764545】，返回信息 {"status":"bad","msg":""}
2021-07-04 00:09:41 查询号码 【1764545】，GSD为【""】
2021-07-04 00:09:41 bad
2021-07-04 00:09:43 CHB 1764545?1625328581 第 1 次 等待 1 秒
2021-07-04 00:09:44 CHB 1764545?1625328581 第 1 次 获取到号码【1764545】GSD
2021-07-04 00:09:44 获取到号码【1764545】的GSD为【黑龙江-哈尔滨】
2021-07-04 00:10:04 GSD insert 第 1 次 等待 1 秒
2021-07-04 00:10:05 {"status":"ok","msg":"添加成功！185664"}
2021-07-04 00:10:05 下次操作: 2021-07-04 00:10:23

2021-07-04 00:10:23 开始第 23 次操作

2021-07-04 00:10:23 开始操作号码 【1764546】
2021-07-04 00:10:28 GSD getOne 第 1 次 等待 1 秒
2021-07-04 00:10:29 查询号码 【1764546】，返回信息 {"status":"bad","msg":""}
2021-07-04 00:10:29 查询号码 【1764546】，GSD为【""】
2021-07-04 00:10:29 bad
2021-07-04 00:10:35 CHB 1764546?1625328629 第 1 次 等待 1 秒
2021-07-04 00:10:36 CHB 1764546?1625328629 第 1 次 获取到号码【1764546】GSD
2021-07-04 00:10:36 获取到号码【1764546】的GSD为【黑龙江-大庆】
2021-07-04 00:10:55 GSD insert 第 1 次 等待 1 秒
2021-07-04 00:10:56 {"status":"ok","msg":"添加成功！185675"}
2021-07-04 00:10:56 下次操作: 2021-07-04 00:11:12

2021-07-04 00:11:12 开始第 24 次操作

2021-07-04 00:11:12 开始操作号码 【1764547】
2021-07-04 00:11:16 GSD getOne 第 1 次 等待 1 秒
2021-07-04 00:11:17 查询号码 【1764547】，返回信息 {"status":"bad","msg":""}
2021-07-04 00:11:17 查询号码 【1764547】，GSD为【""】
2021-07-04 00:11:17 bad
2021-07-04 00:11:18 CHB 1764547?1625328677 第 1 次 等待 1 秒
2021-07-04 00:11:19 CHB 1764547?1625328677 第 1 次 获取到号码【1764547】GSD
2021-07-04 00:11:19 获取到号码【1764547】的GSD为【黑龙江-大庆】
2021-07-04 00:11:39 GSD insert 第 1 次 等待 1 秒
2021-07-04 00:11:40 {"status":"ok","msg":"添加成功！185682"}
2021-07-04 00:11:40 下次操作: 2021-07-04 00:11:50

2021-07-04 00:11:50 开始第 25 次操作

2021-07-04 00:11:50 开始操作号码 【1764548】
2021-07-04 00:12:01 GSD getOne 第 1 次 等待 1 秒
2021-07-04 00:12:02 查询号码 【1764548】，返回信息 {"status":"bad","msg":""}
2021-07-04 00:12:02 查询号码 【1764548】，GSD为【""】
2021-07-04 00:12:02 bad
2021-07-04 00:12:05 CHB 1764548?1625328722 第 1 次 等待 1 秒
2021-07-04 00:12:06 CHB 1764548?1625328722 第 1 次 获取到号码【1764548】GSD
2021-07-04 00:12:06 获取到号码【1764548】的GSD为【黑龙江-大庆】
2021-07-04 00:12:26 GSD insert 第 1 次 等待 1 秒
2021-07-04 00:12:27 {"status":"ok","msg":"添加成功！185692"}
2021-07-04 00:12:27 下次操作: 2021-07-04 00:12:42

2021-07-04 00:12:42 开始第 26 次操作

2021-07-04 00:12:42 开始操作号码 【1764549】
2021-07-04 00:12:48 GSD getOne 第 1 次 等待 1 秒
2021-07-04 00:12:49 查询号码 【1764549】，返回信息 {"status":"bad","msg":""}
2021-07-04 00:12:49 查询号码 【1764549】，GSD为【""】
2021-07-04 00:12:49 bad
2021-07-04 00:12:51 CHB 1764549?1625328769 第 1 次 等待 1 秒
2021-07-04 00:12:52 CHB 1764549?1625328769 第 1 次 获取到号码【1764549】GSD
2021-07-04 00:12:52 获取到号码【1764549】的GSD为【黑龙江-大庆】
2021-07-04 00:13:12 GSD insert 第 1 次 等待 1 秒
2021-07-04 00:13:13 {"status":"ok","msg":"添加成功！185702"}
2021-07-04 00:13:13 下次操作: 2021-07-04 00:13:29

2021-07-04 00:13:29 开始第 27 次操作

2021-07-04 00:13:29 开始操作号码 【1764550】
2021-07-04 00:13:32 GSD getOne 第 1 次 等待 1 秒
2021-07-04 00:13:33 查询号码 【1764550】，返回信息 {"status":"bad","msg":""}
2021-07-04 00:13:33 查询号码 【1764550】，GSD为【""】
2021-07-04 00:13:33 bad
2021-07-04 00:13:36 CHB 1764550?1625328813 第 1 次 等待 1 秒
2021-07-04 00:13:37 CHB 1764550?1625328813 第 1 次 获取到号码【1764550】GSD
2021-07-04 00:13:37 获取到号码【1764550】的GSD为【黑龙江-绥化】
2021-07-04 00:13:57 GSD insert 第 1 次 等待 1 秒
2021-07-04 00:13:58 {"status":"ok","msg":"添加成功！185711"}
2021-07-04 00:13:58 下次操作: 2021-07-04 00:14:15

2021-07-04 00:14:15 开始第 28 次操作

2021-07-04 00:14:15 开始操作号码 【1764551】
2021-07-04 00:14:20 GSD getOne 第 1 次 等待 1 秒
2021-07-04 00:14:21 查询号码 【1764551】，返回信息 {"status":"bad","msg":""}
2021-07-04 00:14:21 查询号码 【1764551】，GSD为【""】
2021-07-04 00:14:21 bad
2021-07-04 00:14:24 CHB 1764551?1625328861 第 1 次 等待 1 秒
2021-07-04 00:14:25 CHB 1764551?1625328861 第 1 次 获取到号码【1764551】GSD
2021-07-04 00:14:25 获取到号码【1764551】的GSD为【黑龙江-绥化】
2021-07-04 00:14:45 GSD insert 第 1 次 等待 1 秒
2021-07-04 00:14:46 {"status":"ok","msg":"添加成功！185719"}
2021-07-04 00:14:46 下次操作: 2021-07-04 00:14:57

2021-07-04 00:14:57 开始第 29 次操作

2021-07-04 00:14:57 开始操作号码 【1764552】
2021-07-04 00:15:09 GSD getOne 第 1 次 等待 1 秒
2021-07-04 00:15:10 查询号码 【1764552】，返回信息 {"status":"bad","msg":""}
2021-07-04 00:15:10 查询号码 【1764552】，GSD为【""】
2021-07-04 00:15:10 bad
2021-07-04 00:15:12 CHB 1764552?1625328910 第 1 次 等待 1 秒
2021-07-04 00:15:13 CHB 1764552?1625328910 第 1 次 获取到号码【1764552】GSD
2021-07-04 00:15:13 获取到号码【1764552】的GSD为【黑龙江-绥化】
2021-07-04 00:15:32 GSD insert 第 1 次 等待 1 秒
2021-07-04 00:15:33 {"status":"ok","msg":"添加成功！185727"}
2021-07-04 00:15:33 下次操作: 2021-07-04 00:15:47

2021-07-04 00:15:47 开始第 30 次操作

2021-07-04 00:15:47 开始操作号码 【1764553】
2021-07-04 00:15:52 GSD getOne 第 1 次 等待 1 秒
2021-07-04 00:15:53 查询号码 【1764553】，返回信息 {"status":"bad","msg":""}
2021-07-04 00:15:53 查询号码 【1764553】，GSD为【""】
2021-07-04 00:15:53 bad
2021-07-04 00:15:55 CHB 1764553?1625328953 第 1 次 等待 1 秒
2021-07-04 00:15:56 CHB 1764553?1625328953 第 1 次 获取到号码【1764553】GSD
2021-07-04 00:15:56 获取到号码【1764553】的GSD为【黑龙江-绥化】
2021-07-04 00:16:17 GSD insert 第 1 次 等待 1 秒
2021-07-04 00:16:18 {"status":"ok","msg":"添加成功！185734"}

