2024-04-12 00:20:00 开始第 3161 次操作

2024-04-12 00:20:00 开始操作号码 【1583075】
2024-04-12 00:20:08 GSD getOne 第 1 次 等待 3 秒
2024-04-12 00:20:11 查询号码 【1583075】，返回信息 {"status":"ok","msg":"河北-邯郸","gid":"200912","time_insert":"2021-07-05 21:42"}
2024-04-12 00:20:11 查询号码 【1583075】，GSD为【"河北-邯郸"】

2024-04-12 00:20:13 开始第 3162 次操作

2024-04-12 00:20:13 开始操作号码 【1583076】
2024-04-12 00:20:17 GSD getOne 第 1 次 等待 3 秒
2024-04-12 00:20:20 查询号码 【1583076】，返回信息 {"status":"ok","msg":"河北-邯郸","gid":"201127","time_insert":"2021-07-05 22:02"}
2024-04-12 00:20:20 查询号码 【1583076】，GSD为【"河北-邯郸"】

2024-04-12 00:20:21 开始第 3163 次操作

2024-04-12 00:20:21 开始操作号码 【1583077】
2024-04-12 00:20:27 GSD getOne 第 1 次 等待 3 秒
2024-04-12 00:20:30 查询号码 【1583077】，返回信息 {"status":"ok","msg":"河北-邯郸","gid":"201228","time_insert":"2021-07-05 22:18"}
2024-04-12 00:20:30 查询号码 【1583077】，GSD为【"河北-邯郸"】

2024-04-12 00:20:31 开始第 3164 次操作

2024-04-12 00:20:31 开始操作号码 【1583078】
2024-04-12 00:20:38 GSD getOne 第 1 次 等待 3 秒
2024-04-12 00:20:41 查询号码 【1583078】，返回信息 {"status":"ok","msg":"河北-邯郸","gid":"24900","time_insert":"2019-01-06 16:19","time_update":"2020-08-18 05:10"}
2024-04-12 00:20:41 查询号码 【1583078】，GSD为【"河北-邯郸"】

