2023-11-06 00:20:14 开始第 6949 次操作

2023-11-06 00:20:14 开始操作号码 【1906863】
2023-11-06 00:20:17 GSD getOne 第 1 次 等待 3 秒
2023-11-06 00:20:20 查询号码 【1906863】，返回信息 {"status":"ok","msg":"-","gid":"663343","time_insert":"2023-04-19 01:55"}
2023-11-06 00:20:20 查询号码 【1906863】，GSD为【"-"】
2023-11-06 00:20:20 ok && -
2023-11-06 00:20:23 CHB 1906863?1699201220 第 1 次 等待 3 秒
2023-11-06 00:20:26 CHB 1906863?1699201220 第 1 次 获取到号码【1906863】GSD
2023-11-06 00:20:26 未获取到号码【1906863】GSD，可能号码格式错误
2023-11-06 00:20:26 获取到号码【1906863】的GSD为【-】
2023-11-06 00:20:29 GSD insert 第 1 次 等待 3 秒
2023-11-06 00:20:32 {"status":"bad","gid":"663343","msg":"添加失败！号码【1906863(-|-)】已存在！"}
2023-11-06 00:20:32 随机等待 203 秒，约 3 分钟
2023-11-06 00:20:32 下次操作: 2023-11-06 00:23:55

2023-11-06 00:23:55 开始第 6950 次操作

2023-11-06 00:23:55 开始操作号码 【1906864】
2023-11-06 00:23:58 GSD getOne 第 1 次 等待 3 秒
2023-11-06 00:24:01 查询号码 【1906864】，返回信息 {"status":"ok","msg":"-","gid":"663363","time_insert":"2023-04-19 02:10"}
2023-11-06 00:24:01 查询号码 【1906864】，GSD为【"-"】
2023-11-06 00:24:01 ok && -
2023-11-06 00:24:03 CHB 1906864?1699201441 第 1 次 等待 3 秒
2023-11-06 00:24:06 CHB 1906864?1699201441 第 1 次 获取到号码【1906864】GSD
2023-11-06 00:24:06 未获取到号码【1906864】GSD，可能号码格式错误
2023-11-06 00:24:06 获取到号码【1906864】的GSD为【-】
2023-11-06 00:24:09 GSD insert 第 1 次 等待 3 秒
2023-11-06 00:24:12 {"status":"bad","gid":"663363","msg":"添加失败！号码【1906864(-|-)】已存在！"}
2023-11-06 00:24:12 随机等待 193 秒，约 3 分钟
2023-11-06 00:24:12 下次操作: 2023-11-06 00:27:25

2023-11-06 00:27:25 开始第 6951 次操作

2023-11-06 00:27:25 开始操作号码 【1906865】
2023-11-06 00:27:30 GSD getOne 第 1 次 等待 3 秒
2023-11-06 00:27:33 查询号码 【1906865】，返回信息 {"status":"ok","msg":"-","gid":"663378","time_insert":"2023-04-19 02:20"}
2023-11-06 00:27:33 查询号码 【1906865】，GSD为【"-"】
2023-11-06 00:27:33 ok && -
2023-11-06 00:27:35 CHB 1906865?1699201653 第 1 次 等待 3 秒
2023-11-06 00:27:38 CHB 1906865?1699201653 第 1 次 获取到号码【1906865】GSD
2023-11-06 00:27:38 未获取到号码【1906865】GSD，可能号码格式错误
2023-11-06 00:27:38 获取到号码【1906865】的GSD为【-】
2023-11-06 00:27:41 GSD insert 第 1 次 等待 3 秒
2023-11-06 00:27:44 {"status":"bad","gid":"663378","msg":"添加失败！号码【1906865(-|-)】已存在！"}
2023-11-06 00:27:44 随机等待 111 秒，约 1 分钟
2023-11-06 00:27:44 下次操作: 2023-11-06 00:29:35

2023-11-06 00:29:35 开始第 6952 次操作

2023-11-06 00:29:35 开始操作号码 【1906866】
2023-11-06 00:29:40 GSD getOne 第 1 次 等待 3 秒
2023-11-06 00:29:43 查询号码 【1906866】，返回信息 {"status":"ok","msg":"-","gid":"663412","time_insert":"2023-04-19 02:42"}
2023-11-06 00:29:43 查询号码 【1906866】，GSD为【"-"】
2023-11-06 00:29:43 ok && -
2023-11-06 00:29:46 CHB 1906866?1699201783 第 1 次 等待 3 秒
2023-11-06 00:29:49 CHB 1906866?1699201783 第 1 次 获取到号码【1906866】GSD
2023-11-06 00:29:49 未获取到号码【1906866】GSD，可能号码格式错误
2023-11-06 00:29:49 获取到号码【1906866】的GSD为【-】
2023-11-06 00:29:53 GSD insert 第 1 次 等待 3 秒
2023-11-06 00:29:56 {"status":"bad","gid":"663412","msg":"添加失败！号码【1906866(-|-)】已存在！"}

2023-11-06 00:39:13 开始第 6953 次操作

2023-11-06 00:39:13 开始操作号码 【1906867】
2023-11-06 00:39:16 GSD getOne 第 1 次 等待 3 秒
2023-11-06 00:39:19 查询号码 【1906867】，返回信息 {"status":"ok","msg":"-","gid":"663432","time_insert":"2023-04-19 02:56"}
2023-11-06 00:39:19 查询号码 【1906867】，GSD为【"-"】
2023-11-06 00:39:19 ok && -
2023-11-06 00:39:21 CHB 1906867?1699202359 第 1 次 等待 3 秒
2023-11-06 00:39:24 CHB 1906867?1699202359 第 1 次 获取到号码【1906867】GSD
2023-11-06 00:39:24 未获取到号码【1906867】GSD，可能号码格式错误
2023-11-06 00:39:24 获取到号码【1906867】的GSD为【-】
2023-11-06 00:39:27 GSD insert 第 1 次 等待 3 秒
2023-11-06 00:39:30 {"status":"bad","gid":"663432","msg":"添加失败！号码【1906867(-|-)】已存在！"}
2023-11-06 00:39:30 随机等待 135 秒，约 2 分钟
2023-11-06 00:39:30 下次操作: 2023-11-06 00:41:45

2023-11-06 00:41:45 开始第 6954 次操作

2023-11-06 00:41:45 开始操作号码 【1906868】
2023-11-06 00:41:48 GSD getOne 第 1 次 等待 3 秒
2023-11-06 00:41:51 查询号码 【1906868】，返回信息 {"status":"ok","msg":"-","gid":"663463","time_insert":"2023-04-19 03:17"}
2023-11-06 00:41:52 查询号码 【1906868】，GSD为【"-"】
2023-11-06 00:41:52 ok && -
2023-11-06 00:41:56 CHB 1906868?1699202512 第 1 次 等待 3 秒
2023-11-06 00:41:59 CHB 1906868?1699202512 第 1 次 获取到号码【1906868】GSD
2023-11-06 00:41:59 未获取到号码【1906868】GSD，可能号码格式错误
2023-11-06 00:41:59 获取到号码【1906868】的GSD为【-】
2023-11-06 00:42:02 GSD insert 第 1 次 等待 3 秒
2023-11-06 00:42:05 {"status":"bad","gid":"663463","msg":"添加失败！号码【1906868(-|-)】已存在！"}
2023-11-06 00:42:05 随机等待 110 秒，约 1 分钟
2023-11-06 00:42:05 下次操作: 2023-11-06 00:43:55

2023-11-06 00:43:55 开始第 6955 次操作

2023-11-06 00:43:55 开始操作号码 【1906869】
2023-11-06 00:44:00 GSD getOne 第 1 次 等待 3 秒
2023-11-06 00:44:03 查询号码 【1906869】，返回信息 {"status":"ok","msg":"-","gid":"663492","time_insert":"2023-04-19 03:31"}
2023-11-06 00:44:03 查询号码 【1906869】，GSD为【"-"】
2023-11-06 00:44:03 ok && -
2023-11-06 00:44:06 CHB 1906869?1699202643 第 1 次 等待 3 秒
2023-11-06 00:44:09 CHB 1906869?1699202643 第 1 次 获取到号码【1906869】GSD
2023-11-06 00:44:09 未获取到号码【1906869】GSD，可能号码格式错误
2023-11-06 00:44:09 获取到号码【1906869】的GSD为【-】
2023-11-06 00:44:12 GSD insert 第 1 次 等待 3 秒
2023-11-06 00:44:15 {"status":"bad","gid":"663492","msg":"添加失败！号码【1906869(-|-)】已存在！"}
2023-11-06 00:44:15 随机等待 190 秒，约 3 分钟
2023-11-06 00:44:15 下次操作: 2023-11-06 00:47:25

2023-11-06 00:47:26 开始第 6956 次操作

2023-11-06 00:47:26 开始操作号码 【1906870】
2023-11-06 00:47:30 GSD getOne 第 1 次 等待 3 秒
2023-11-06 00:47:33 查询号码 【1906870】，返回信息 {"status":"ok","msg":"-","gid":"663529","time_insert":"2023-04-19 03:54"}
2023-11-06 00:47:33 查询号码 【1906870】，GSD为【"-"】
2023-11-06 00:47:33 ok && -
2023-11-06 00:47:36 CHB 1906870?1699202853 第 1 次 等待 3 秒
2023-11-06 00:47:39 CHB 1906870?1699202853 第 1 次 获取到号码【1906870】GSD
2023-11-06 00:47:39 未获取到号码【1906870】GSD，可能号码格式错误
2023-11-06 00:47:39 获取到号码【1906870】的GSD为【-】
2023-11-06 00:47:42 GSD insert 第 1 次 等待 3 秒
2023-11-06 00:47:45 {"status":"bad","gid":"663529","msg":"添加失败！号码【1906870(-|-)】已存在！"}

2023-11-06 01:14:09 开始第 6957 次操作

2023-11-06 01:14:09 开始操作号码 【1906871】
2023-11-06 01:14:12 GSD getOne 第 1 次 等待 3 秒
2023-11-06 01:14:15 查询号码 【1906871】，返回信息 {"status":"ok","msg":"-","gid":"663553","time_insert":"2023-04-19 04:11"}
2023-11-06 01:14:15 查询号码 【1906871】，GSD为【"-"】
2023-11-06 01:14:15 ok && -
2023-11-06 01:14:18 CHB 1906871?1699204455 第 1 次 等待 3 秒
2023-11-06 01:14:21 CHB 1906871?1699204455 第 1 次 获取到号码【1906871】GSD
2023-11-06 01:14:21 未获取到号码【1906871】GSD，可能号码格式错误
2023-11-06 01:14:21 获取到号码【1906871】的GSD为【-】
2023-11-06 01:14:24 GSD insert 第 1 次 等待 3 秒
2023-11-06 01:14:27 {"status":"bad","gid":"663553","msg":"添加失败！号码【1906871(-|-)】已存在！"}
2023-11-06 01:14:27 随机等待 224 秒，约 3 分钟
2023-11-06 01:14:27 下次操作: 2023-11-06 01:18:11

2023-11-06 01:18:11 开始第 6958 次操作

2023-11-06 01:18:11 开始操作号码 【1906872】
2023-11-06 01:18:15 GSD getOne 第 1 次 等待 3 秒
2023-11-06 01:18:18 查询号码 【1906872】，返回信息 {"status":"ok","msg":"-","gid":"663585","time_insert":"2023-04-19 04:32"}
2023-11-06 01:18:18 查询号码 【1906872】，GSD为【"-"】
2023-11-06 01:18:18 ok && -
2023-11-06 01:18:21 CHB 1906872?1699204698 第 1 次 等待 3 秒
2023-11-06 01:18:24 CHB 1906872?1699204698 第 1 次 获取到号码【1906872】GSD
2023-11-06 01:18:24 未获取到号码【1906872】GSD，可能号码格式错误
2023-11-06 01:18:24 获取到号码【1906872】的GSD为【-】
2023-11-06 01:18:33 GSD insert 第 1 次 等待 3 秒
2023-11-06 01:18:36 {"status":"bad","gid":"663585","msg":"添加失败！号码【1906872(-|-)】已存在！"}
2023-11-06 01:18:36 随机等待 107 秒，约 1 分钟
2023-11-06 01:18:36 下次操作: 2023-11-06 01:20:23

2023-11-06 01:20:23 开始第 6959 次操作

2023-11-06 01:20:23 开始操作号码 【1906873】
2023-11-06 01:20:26 GSD getOne 第 1 次 等待 3 秒
2023-11-06 01:20:29 查询号码 【1906873】，返回信息 {"status":"ok","msg":"-","gid":"663608","time_insert":"2023-04-19 04:43"}
2023-11-06 01:20:29 查询号码 【1906873】，GSD为【"-"】
2023-11-06 01:20:29 ok && -
2023-11-06 01:20:32 CHB 1906873?1699204829 第 1 次 等待 3 秒
2023-11-06 01:20:35 CHB 1906873?1699204829 第 1 次 获取到号码【1906873】GSD
2023-11-06 01:20:35 未获取到号码【1906873】GSD，可能号码格式错误
2023-11-06 01:20:35 获取到号码【1906873】的GSD为【-】
2023-11-06 01:20:37 GSD insert 第 1 次 等待 3 秒
2023-11-06 01:20:41 {"status":"bad","gid":"663608","msg":"添加失败！号码【1906873(-|-)】已存在！"}
2023-11-06 01:20:41 随机等待 124 秒，约 2 分钟
2023-11-06 01:20:41 下次操作: 2023-11-06 01:22:45

2023-11-06 01:22:45 开始第 6960 次操作

2023-11-06 01:22:45 开始操作号码 【1906874】
2023-11-06 01:22:48 GSD getOne 第 1 次 等待 3 秒
2023-11-06 01:22:51 查询号码 【1906874】，返回信息 {"status":"ok","msg":"-","gid":"663639","time_insert":"2023-04-19 05:04"}
2023-11-06 01:22:51 查询号码 【1906874】，GSD为【"-"】
2023-11-06 01:22:51 ok && -
2023-11-06 01:22:52 CHB 1906874?1699204971 第 1 次 等待 3 秒
2023-11-06 01:22:55 CHB 1906874?1699204971 第 1 次 获取到号码【1906874】GSD
2023-11-06 01:22:55 未获取到号码【1906874】GSD，可能号码格式错误
2023-11-06 01:22:55 获取到号码【1906874】的GSD为【-】
2023-11-06 01:22:58 GSD insert 第 1 次 等待 3 秒
2023-11-06 01:23:02 {"status":"bad","gid":"663639","msg":"添加失败！号码【1906874(-|-)】已存在！"}

2023-11-06 01:37:47 开始第 6961 次操作

2023-11-06 01:37:47 开始操作号码 【1906875】
2023-11-06 01:37:51 GSD getOne 第 1 次 等待 3 秒
2023-11-06 01:37:54 查询号码 【1906875】，返回信息 {"status":"ok","msg":"-","gid":"663666","time_insert":"2023-04-19 05:22"}
2023-11-06 01:37:54 查询号码 【1906875】，GSD为【"-"】
2023-11-06 01:37:54 ok && -
2023-11-06 01:37:57 CHB 1906875?1699205874 第 1 次 等待 3 秒
2023-11-06 01:38:00 CHB 1906875?1699205874 第 1 次 获取到号码【1906875】GSD
2023-11-06 01:38:00 未获取到号码【1906875】GSD，可能号码格式错误
2023-11-06 01:38:00 获取到号码【1906875】的GSD为【-】
2023-11-06 01:38:03 GSD insert 第 1 次 等待 3 秒
2023-11-06 01:38:06 {"status":"bad","gid":"663666","msg":"添加失败！号码【1906875(-|-)】已存在！"}
2023-11-06 01:38:06 随机等待 177 秒，约 2 分钟
2023-11-06 01:38:06 下次操作: 2023-11-06 01:41:03

2023-11-06 01:41:03 开始第 6962 次操作

2023-11-06 01:41:03 开始操作号码 【1906876】
2023-11-06 01:41:07 GSD getOne 第 1 次 等待 3 秒
2023-11-06 01:41:10 查询号码 【1906876】，返回信息 {"status":"ok","msg":"-","gid":"663691","time_insert":"2023-04-19 05:36"}
2023-11-06 01:41:10 查询号码 【1906876】，GSD为【"-"】
2023-11-06 01:41:10 ok && -
2023-11-06 01:41:12 CHB 1906876?1699206070 第 1 次 等待 3 秒
2023-11-06 01:41:15 CHB 1906876?1699206070 第 1 次 获取到号码【1906876】GSD
2023-11-06 01:41:15 未获取到号码【1906876】GSD，可能号码格式错误
2023-11-06 01:41:15 获取到号码【1906876】的GSD为【-】
2023-11-06 01:41:18 GSD insert 第 1 次 等待 3 秒
2023-11-06 01:41:21 {"status":"bad","gid":"663691","msg":"添加失败！号码【1906876(-|-)】已存在！"}
2023-11-06 01:41:21 随机等待 156 秒，约 2 分钟
2023-11-06 01:41:21 下次操作: 2023-11-06 01:43:57

2023-11-06 01:43:57 开始第 6963 次操作

2023-11-06 01:43:57 开始操作号码 【1906877】
2023-11-06 01:44:00 GSD getOne 第 1 次 等待 3 秒
2023-11-06 01:44:03 查询号码 【1906877】，返回信息 {"status":"ok","msg":"-","gid":"663725","time_insert":"2023-04-19 05:54"}
2023-11-06 01:44:03 查询号码 【1906877】，GSD为【"-"】
2023-11-06 01:44:03 ok && -
2023-11-06 01:44:07 CHB 1906877?1699206243 第 1 次 等待 3 秒
2023-11-06 01:44:10 CHB 1906877?1699206243 第 1 次 获取到号码【1906877】GSD
2023-11-06 01:44:10 未获取到号码【1906877】GSD，可能号码格式错误
2023-11-06 01:44:10 获取到号码【1906877】的GSD为【-】
2023-11-06 01:44:13 GSD insert 第 1 次 等待 3 秒
2023-11-06 01:44:16 {"status":"bad","gid":"663725","msg":"添加失败！号码【1906877(-|-)】已存在！"}
2023-11-06 01:44:16 随机等待 120 秒，约 2 分钟
2023-11-06 01:44:16 下次操作: 2023-11-06 01:46:16

2023-11-06 01:46:16 开始第 6964 次操作

2023-11-06 01:46:16 开始操作号码 【1906878】
2023-11-06 01:46:19 GSD getOne 第 1 次 等待 3 秒
2023-11-06 01:46:22 查询号码 【1906878】，返回信息 {"status":"ok","msg":"-","gid":"663751","time_insert":"2023-04-19 06:14"}
2023-11-06 01:46:22 查询号码 【1906878】，GSD为【"-"】
2023-11-06 01:46:22 ok && -
2023-11-06 01:46:25 CHB 1906878?1699206382 第 1 次 等待 3 秒
2023-11-06 01:46:28 CHB 1906878?1699206382 第 1 次 获取到号码【1906878】GSD
2023-11-06 01:46:28 未获取到号码【1906878】GSD，可能号码格式错误
2023-11-06 01:46:28 获取到号码【1906878】的GSD为【-】
2023-11-06 01:46:31 GSD insert 第 1 次 等待 3 秒
2023-11-06 01:46:34 {"status":"bad","gid":"663751","msg":"添加失败！号码【1906878(-|-)】已存在！"}

