2024-08-01 00:24:26 开始第 8937 次操作

2024-08-01 00:24:26 开始操作号码 【1478847】
2024-08-01 00:24:34 GSD getOne 第 1 次 等待 3 秒
2024-08-01 00:24:37 查询号码 【1478847】，返回信息 {"status":"ok","msg":"河南-新乡","gid":"367185","time_insert":"2021-07-23 15:37"}
2024-08-01 00:24:37 查询号码 【1478847】，GSD为【"河南-新乡"】

2024-08-01 00:24:38 开始第 8938 次操作

2024-08-01 00:24:38 开始操作号码 【1478848】
2024-08-01 00:24:46 GSD getOne 第 1 次 等待 3 秒
2024-08-01 00:24:49 查询号码 【1478848】，返回信息 {"status":"ok","msg":"河南-新乡","gid":"367178","time_insert":"2021-07-23 15:36"}
2024-08-01 00:24:49 查询号码 【1478848】，GSD为【"河南-新乡"】

2024-08-01 00:24:50 开始第 8939 次操作

2024-08-01 00:24:51 开始操作号码 【1478849】
2024-08-01 00:24:58 GSD getOne 第 1 次 等待 3 秒
2024-08-01 00:25:01 查询号码 【1478849】，返回信息 {"status":"ok","msg":"河南-新乡","gid":"367173","time_insert":"2021-07-23 15:36"}
2024-08-01 00:25:01 查询号码 【1478849】，GSD为【"河南-新乡"】

2024-08-01 00:25:02 开始第 8940 次操作

2024-08-01 00:25:02 开始操作号码 【1478850】
2024-08-01 00:25:11 GSD getOne 第 1 次 等待 3 秒
2024-08-01 00:25:14 查询号码 【1478850】，返回信息 {"status":"ok","msg":"河南-新乡","gid":"367170","time_insert":"2021-07-23 15:35"}
2024-08-01 00:25:14 查询号码 【1478850】，GSD为【"河南-新乡"】

2024-08-01 00:41:58 开始第 8941 次操作

2024-08-01 00:41:58 开始操作号码 【1478851】
2024-08-01 00:42:07 GSD getOne 第 1 次 等待 3 秒
2024-08-01 00:42:10 查询号码 【1478851】，返回信息 {"status":"ok","msg":"河南-新乡","gid":"367166","time_insert":"2021-07-23 15:34"}
2024-08-01 00:42:10 查询号码 【1478851】，GSD为【"河南-新乡"】

2024-08-01 00:42:11 开始第 8942 次操作

2024-08-01 00:42:11 开始操作号码 【1478852】
2024-08-01 00:42:19 GSD getOne 第 1 次 等待 3 秒
2024-08-01 00:42:22 查询号码 【1478852】，返回信息 {"status":"ok","msg":"河南-新乡","gid":"367163","time_insert":"2021-07-23 15:34"}
2024-08-01 00:42:22 查询号码 【1478852】，GSD为【"河南-新乡"】

2024-08-01 00:42:23 开始第 8943 次操作

2024-08-01 00:42:23 开始操作号码 【1478853】
2024-08-01 00:42:33 GSD getOne 第 1 次 等待 3 秒
2024-08-01 00:42:36 查询号码 【1478853】，返回信息 {"status":"ok","msg":"河南-新乡","gid":"367160","time_insert":"2021-07-23 15:33"}
2024-08-01 00:42:36 查询号码 【1478853】，GSD为【"河南-新乡"】

2024-08-01 00:42:37 开始第 8944 次操作

2024-08-01 00:42:37 开始操作号码 【1478854】
2024-08-01 00:42:46 GSD getOne 第 1 次 等待 3 秒
2024-08-01 00:42:49 查询号码 【1478854】，返回信息 {"status":"ok","msg":"河南-新乡","gid":"367155","time_insert":"2021-07-23 15:32"}
2024-08-01 00:42:49 查询号码 【1478854】，GSD为【"河南-新乡"】

