2023-11-04 00:22:32 开始第 6593 次操作

2023-11-04 00:22:32 开始操作号码 【1906507】
2023-11-04 00:22:35 GSD getOne 第 1 次 等待 3 秒
2023-11-04 00:22:38 查询号码 【1906507】，返回信息 {"status":"ok","msg":"广东-深圳","gid":"655235","time_insert":"2023-04-15 04:13"}
2023-11-04 00:22:38 查询号码 【1906507】，GSD为【"广东-深圳"】

2023-11-04 00:22:39 开始第 6594 次操作

2023-11-04 00:22:39 开始操作号码 【1906508】
2023-11-04 00:22:42 GSD getOne 第 1 次 等待 3 秒
2023-11-04 00:22:45 查询号码 【1906508】，返回信息 {"status":"ok","msg":"广东-深圳","gid":"655264","time_insert":"2023-04-15 04:31"}
2023-11-04 00:22:45 查询号码 【1906508】，GSD为【"广东-深圳"】

2023-11-04 00:22:46 开始第 6595 次操作

2023-11-04 00:22:46 开始操作号码 【1906509】
2023-11-04 00:22:50 GSD getOne 第 1 次 等待 3 秒
2023-11-04 00:22:53 查询号码 【1906509】，返回信息 {"status":"ok","msg":"广东-深圳","gid":"655282","time_insert":"2023-04-15 04:40"}
2023-11-04 00:22:53 查询号码 【1906509】，GSD为【"广东-深圳"】

2023-11-04 00:22:55 开始第 6596 次操作

2023-11-04 00:22:55 开始操作号码 【1906510】
2023-11-04 00:22:57 GSD getOne 第 1 次 等待 3 秒
2023-11-04 00:23:00 查询号码 【1906510】，返回信息 {"status":"ok","msg":"广东-深圳","gid":"655311","time_insert":"2023-04-15 04:56"}
2023-11-04 00:23:01 查询号码 【1906510】，GSD为【"广东-深圳"】

2023-11-04 00:40:46 开始第 6597 次操作

2023-11-04 00:40:46 开始操作号码 【1906511】
2023-11-04 00:40:50 GSD getOne 第 1 次 等待 3 秒
2023-11-04 00:40:53 查询号码 【1906511】，返回信息 {"status":"ok","msg":"广东-深圳","gid":"655330","time_insert":"2023-04-15 05:10"}
2023-11-04 00:40:53 查询号码 【1906511】，GSD为【"广东-深圳"】

2023-11-04 00:40:54 开始第 6598 次操作

2023-11-04 00:40:54 开始操作号码 【1906512】
2023-11-04 00:40:57 GSD getOne 第 1 次 等待 3 秒
2023-11-04 00:41:00 查询号码 【1906512】，返回信息 {"status":"ok","msg":"广东-深圳","gid":"655349","time_insert":"2023-04-15 05:20"}
2023-11-04 00:41:00 查询号码 【1906512】，GSD为【"广东-深圳"】

2023-11-04 00:41:01 开始第 6599 次操作

2023-11-04 00:41:01 开始操作号码 【1906513】
2023-11-04 00:41:04 GSD getOne 第 1 次 等待 3 秒
2023-11-04 00:41:07 查询号码 【1906513】，返回信息 {"status":"ok","msg":"广东-深圳","gid":"655366","time_insert":"2023-04-15 05:31"}
2023-11-04 00:41:07 查询号码 【1906513】，GSD为【"广东-深圳"】

2023-11-04 00:41:08 开始第 6600 次操作

2023-11-04 00:41:08 开始操作号码 【1906514】
2023-11-04 00:41:11 GSD getOne 第 1 次 等待 3 秒
2023-11-04 00:41:14 查询号码 【1906514】，返回信息 {"status":"ok","msg":"广东-深圳","gid":"655386","time_insert":"2023-04-15 05:43"}
2023-11-04 00:41:14 查询号码 【1906514】，GSD为【"广东-深圳"】

2023-11-04 01:15:26 开始第 6601 次操作

2023-11-04 01:15:26 开始操作号码 【1906515】
2023-11-04 01:15:29 GSD getOne 第 1 次 等待 3 秒
2023-11-04 01:15:32 查询号码 【1906515】，返回信息 {"status":"ok","msg":"广东-深圳","gid":"655425","time_insert":"2023-04-15 06:05"}
2023-11-04 01:15:32 查询号码 【1906515】，GSD为【"广东-深圳"】

2023-11-04 01:15:33 开始第 6602 次操作

2023-11-04 01:15:33 开始操作号码 【1906516】
2023-11-04 01:15:36 GSD getOne 第 1 次 等待 3 秒
2023-11-04 01:15:39 查询号码 【1906516】，返回信息 {"status":"ok","msg":"广东-深圳","gid":"655441","time_insert":"2023-04-15 06:15"}
2023-11-04 01:15:40 查询号码 【1906516】，GSD为【"广东-深圳"】

2023-11-04 01:15:41 开始第 6603 次操作

2023-11-04 01:15:41 开始操作号码 【1906517】
2023-11-04 01:15:44 GSD getOne 第 1 次 等待 3 秒
2023-11-04 01:15:47 查询号码 【1906517】，返回信息 {"status":"ok","msg":"广东-深圳","gid":"655463","time_insert":"2023-04-15 06:30"}
2023-11-04 01:15:47 查询号码 【1906517】，GSD为【"广东-深圳"】

2023-11-04 01:15:48 开始第 6604 次操作

2023-11-04 01:15:48 开始操作号码 【1906518】
2023-11-04 01:15:54 GSD getOne 第 1 次 等待 3 秒
2023-11-04 01:15:57 查询号码 【1906518】，返回信息 {"status":"ok","msg":"广东-深圳","gid":"655497","time_insert":"2023-04-15 06:49"}
2023-11-04 01:15:58 查询号码 【1906518】，GSD为【"广东-深圳"】

