2024-06-30 00:23:50 开始第 3361 次操作

2024-06-30 00:23:50 开始操作号码 【1473271】
2024-06-30 00:24:04 GSD getOne 第 1 次 等待 3 秒
2024-06-30 00:24:07 查询号码 【1473271】，返回信息 {"status":"ok","msg":"四川-成都","gid":"221938","time_insert":"2021-07-08 11:29"}
2024-06-30 00:24:07 查询号码 【1473271】，GSD为【"四川-成都"】

2024-06-30 00:24:08 开始第 3362 次操作

2024-06-30 00:24:08 开始操作号码 【1473272】
2024-06-30 00:24:23 GSD getOne 第 1 次 等待 3 秒
2024-06-30 00:24:26 查询号码 【1473272】，返回信息 {"status":"ok","msg":"四川-成都","gid":"221965","time_insert":"2021-07-08 11:41"}
2024-06-30 00:24:26 查询号码 【1473272】，GSD为【"四川-成都"】

2024-06-30 00:24:27 开始第 3363 次操作

2024-06-30 00:24:27 开始操作号码 【1473273】
2024-06-30 00:24:46 GSD getOne 第 1 次 等待 3 秒
2024-06-30 00:24:49 查询号码 【1473273】，返回信息 {"status":"ok","msg":"四川-成都","gid":"222078","time_insert":"2021-07-08 11:51"}
2024-06-30 00:24:49 查询号码 【1473273】，GSD为【"四川-成都"】

2024-06-30 00:24:50 开始第 3364 次操作

2024-06-30 00:24:50 开始操作号码 【1473274】
2024-06-30 00:25:04 GSD getOne 第 1 次 等待 3 秒
2024-06-30 00:25:07 查询号码 【1473274】，返回信息 {"status":"ok","msg":"四川-成都","gid":"222209","time_insert":"2021-07-08 12:03"}
2024-06-30 00:25:07 查询号码 【1473274】，GSD为【"四川-成都"】

2024-06-30 00:40:36 开始第 3365 次操作

2024-06-30 00:40:36 开始操作号码 【1473275】
2024-06-30 00:41:06 GSD getOne 第 1 次 等待 3 秒
2024-06-30 00:41:09 查询号码 【1473275】，返回信息 {"status":"ok","msg":"四川-成都","gid":"222281","time_insert":"2021-07-08 12:15"}
2024-06-30 00:41:09 查询号码 【1473275】，GSD为【"四川-成都"】

2024-06-30 00:41:10 开始第 3366 次操作

2024-06-30 00:41:10 开始操作号码 【1473276】
2024-06-30 00:41:56 GSD getOne 第 1 次 等待 3 秒
2024-06-30 00:41:59 查询号码 【1473276】，返回信息 {"status":"ok","msg":"四川-成都","gid":"222309","time_insert":"2021-07-08 12:27"}
2024-06-30 00:41:59 查询号码 【1473276】，GSD为【"四川-成都"】

2024-06-30 00:42:00 开始第 3367 次操作

2024-06-30 00:42:00 开始操作号码 【1473277】
2024-06-30 00:42:32 GSD getOne 第 1 次 等待 3 秒
2024-06-30 00:42:35 查询号码 【1473277】，返回信息 {"status":"ok","msg":"四川-成都","gid":"222333","time_insert":"2021-07-08 12:41"}
2024-06-30 00:42:35 查询号码 【1473277】，GSD为【"四川-成都"】

2024-06-30 00:42:36 开始第 3368 次操作

2024-06-30 00:42:36 开始操作号码 【1473278】
2024-06-30 00:42:51 GSD getOne 第 1 次 等待 3 秒
2024-06-30 00:42:54 查询号码 【1473278】，返回信息 {"status":"ok","msg":"四川-成都","gid":"222414","time_insert":"2021-07-08 12:55"}
2024-06-30 00:42:54 查询号码 【1473278】，GSD为【"四川-成都"】

2024-06-30 01:16:09 开始第 3369 次操作

2024-06-30 01:16:09 开始操作号码 【1473279】
2024-06-30 01:16:26 GSD getOne 第 1 次 等待 3 秒
2024-06-30 01:16:29 查询号码 【1473279】，返回信息 {"status":"ok","msg":"四川-成都","gid":"222565","time_insert":"2021-07-08 13:06"}
2024-06-30 01:16:29 查询号码 【1473279】，GSD为【"四川-成都"】

2024-06-30 01:16:30 开始第 3370 次操作

2024-06-30 01:16:30 开始操作号码 【1473280】
2024-06-30 01:16:43 GSD getOne 第 1 次 等待 3 秒
2024-06-30 01:16:46 查询号码 【1473280】，返回信息 {"status":"ok","msg":"四川-成都","gid":"222669","time_insert":"2021-07-08 13:19"}
2024-06-30 01:16:46 查询号码 【1473280】，GSD为【"四川-成都"】

2024-06-30 01:16:47 开始第 3371 次操作

2024-06-30 01:16:47 开始操作号码 【1473281】
2024-06-30 01:17:01 GSD getOne 第 1 次 等待 3 秒
2024-06-30 01:17:04 查询号码 【1473281】，返回信息 {"status":"ok","msg":"四川-成都","gid":"222702","time_insert":"2021-07-08 13:34"}
2024-06-30 01:17:04 查询号码 【1473281】，GSD为【"四川-成都"】

2024-06-30 01:17:05 开始第 3372 次操作

2024-06-30 01:17:05 开始操作号码 【1473282】
2024-06-30 01:17:18 GSD getOne 第 1 次 等待 3 秒
2024-06-30 01:17:21 查询号码 【1473282】，返回信息 {"status":"ok","msg":"四川-成都","gid":"222866","time_insert":"2021-07-08 13:44"}
2024-06-30 01:17:21 查询号码 【1473282】，GSD为【"四川-成都"】

