2024-10-11 00:23:38 开始第 9049 次操作

2024-10-11 00:23:38 开始操作号码 【1369048】
2024-10-11 00:23:40 GSD getOne 第 1 次 等待 3 秒
2024-10-11 00:23:43 查询号码 【1369048】，返回信息 {"status":"ok","msg":"广东-佛山","gid":"335348","time_insert":"2021-07-20 09:59"}
2024-10-11 00:23:43 查询号码 【1369048】，GSD为【"广东-佛山"】

2024-10-11 00:23:44 开始第 9050 次操作

2024-10-11 00:23:44 开始操作号码 【1369049】
2024-10-11 00:23:47 GSD getOne 第 1 次 等待 3 秒
2024-10-11 00:23:50 查询号码 【1369049】，返回信息 {"status":"ok","msg":"广东-佛山","gid":"335336","time_insert":"2021-07-20 09:58"}
2024-10-11 00:23:50 查询号码 【1369049】，GSD为【"广东-佛山"】

2024-10-11 00:23:51 开始第 9051 次操作

2024-10-11 00:23:51 开始操作号码 【1369050】
2024-10-11 00:24:07 GSD getOne 第 1 次 等待 3 秒
2024-10-11 00:24:10 查询号码 【1369050】，返回信息 {"status":"ok","msg":"广东-佛山","gid":"335326","time_insert":"2021-07-20 09:57"}
2024-10-11 00:24:10 查询号码 【1369050】，GSD为【"广东-佛山"】

2024-10-11 00:24:11 开始第 9052 次操作

2024-10-11 00:24:11 开始操作号码 【1369051】
2024-10-11 00:24:13 GSD getOne 第 1 次 等待 3 秒
2024-10-11 00:24:16 查询号码 【1369051】，返回信息 {"status":"ok","msg":"广东-佛山","gid":"335318","time_insert":"2021-07-20 09:57"}
2024-10-11 00:24:16 查询号码 【1369051】，GSD为【"广东-佛山"】

