2024-05-07 00:24:54 开始第 7421 次操作

2024-05-07 00:24:54 开始操作号码 【1587334】
2024-05-07 00:25:01 GSD getOne 第 1 次 等待 3 秒
2024-05-07 00:25:04 查询号码 【1587334】，返回信息 {"status":"ok","msg":"湖南-株洲","gid":"25323","time_insert":"2017-04-20 15:10","time_update":"2020-09-23 03:52"}
2024-05-07 00:25:04 查询号码 【1587334】，GSD为【"湖南-株洲"】

2024-05-07 00:25:05 开始第 7422 次操作

2024-05-07 00:25:05 开始操作号码 【1587335】
2024-05-07 00:25:10 GSD getOne 第 1 次 等待 3 秒
2024-05-07 00:25:13 查询号码 【1587335】，返回信息 {"status":"ok","msg":"湖南-株洲","gid":"392412","time_insert":"2021-07-25 18:50"}
2024-05-07 00:25:13 查询号码 【1587335】，GSD为【"湖南-株洲"】

2024-05-07 00:25:14 开始第 7423 次操作

2024-05-07 00:25:14 开始操作号码 【1587336】
2024-05-07 00:25:22 GSD getOne 第 1 次 等待 3 秒
2024-05-07 00:25:25 查询号码 【1587336】，返回信息 {"status":"ok","msg":"湖南-株洲","gid":"392398","time_insert":"2021-07-25 18:49"}
2024-05-07 00:25:25 查询号码 【1587336】，GSD为【"湖南-株洲"】

2024-05-07 00:25:26 开始第 7424 次操作

2024-05-07 00:25:26 开始操作号码 【1587337】
2024-05-07 00:25:31 GSD getOne 第 1 次 等待 3 秒
2024-05-07 00:25:34 查询号码 【1587337】，返回信息 {"status":"ok","msg":"湖南-株洲","gid":"392381","time_insert":"2021-07-25 18:48"}
2024-05-07 00:25:34 查询号码 【1587337】，GSD为【"湖南-株洲"】

