2024-01-16 00:23:19 开始第 8817 次操作

2024-01-16 00:23:19 开始操作号码 【1808732】
2024-01-16 00:23:23 GSD getOne 第 1 次 等待 3 秒
2024-01-16 00:23:26 查询号码 【1808732】，返回信息 {"status":"ok","msg":"云南-昆明","gid":"345979","time_insert":"2021-07-21 13:07"}
2024-01-16 00:23:26 查询号码 【1808732】，GSD为【"云南-昆明"】

2024-01-16 00:23:27 开始第 8818 次操作

2024-01-16 00:23:28 开始操作号码 【1808733】
2024-01-16 00:23:31 GSD getOne 第 1 次 等待 3 秒
2024-01-16 00:23:34 查询号码 【1808733】，返回信息 {"status":"ok","msg":"云南-丽江","gid":"345985","time_insert":"2021-07-21 13:07"}
2024-01-16 00:23:34 查询号码 【1808733】，GSD为【"云南-丽江"】

2024-01-16 00:23:36 开始第 8819 次操作

2024-01-16 00:23:36 开始操作号码 【1808734】
2024-01-16 00:24:01 GSD getOne 第 1 次 等待 3 秒
2024-01-16 00:24:04 查询号码 【1808734】，返回信息 {"status":"ok","msg":"云南-昆明","gid":"32769","time_insert":"2016-12-27 19:45","time_update":"2020-12-03 17:51"}
2024-01-16 00:24:04 查询号码 【1808734】，GSD为【"云南-昆明"】

2024-01-16 00:24:05 开始第 8820 次操作

2024-01-16 00:24:05 开始操作号码 【1808735】
2024-01-16 00:24:09 GSD getOne 第 1 次 等待 3 秒
2024-01-16 00:24:12 查询号码 【1808735】，返回信息 {"status":"ok","msg":"云南-昆明","gid":"345993","time_insert":"2021-07-21 13:08"}
2024-01-16 00:24:12 查询号码 【1808735】，GSD为【"云南-昆明"】

