2024-03-22 00:22:59 开始第 33 次操作

2024-03-22 00:22:59 开始操作号码 【1699946】
2024-03-22 00:23:04 GSD getOne 第 1 次 等待 3 秒
2024-03-22 00:23:07 查询号码 【1699946】，返回信息 {"status":"ok","msg":"-","gid":"642779","time_insert":"2023-04-09 12:51"}
2024-03-22 00:23:08 查询号码 【1699946】，GSD为【"-"】
2024-03-22 00:23:08 ok && -
2024-03-22 00:23:14 CHB 1699946?1711038188 第 1 次 等待 3 秒
2024-03-22 00:23:17 CHB 1699946?1711038188 第 1 次 获取到号码【1699946】GSD
2024-03-22 00:23:17 未获取到号码【1699946】GSD，可能号码格式错误
2024-03-22 00:23:17 获取到号码【1699946】的GSD为【-】
2024-03-22 00:23:22 GSD insert 第 1 次 等待 3 秒
2024-03-22 00:23:25 {"status":"bad","gid":"642779","msg":"添加失败！号码【1699946(-|-)】已存在！"}
2024-03-22 00:23:25 随机等待 110 秒，约 1 分钟
2024-03-22 00:23:25 下次操作: 2024-03-22 00:25:15

2024-03-22 00:25:15 开始第 34 次操作

2024-03-22 00:25:15 开始操作号码 【1699947】
2024-03-22 00:25:22 GSD getOne 第 1 次 等待 3 秒
2024-03-22 00:25:25 查询号码 【1699947】，返回信息 {"status":"ok","msg":"-","gid":"642776","time_insert":"2023-04-09 12:48"}
2024-03-22 00:25:25 查询号码 【1699947】，GSD为【"-"】
2024-03-22 00:25:25 ok && -
2024-03-22 00:25:29 CHB 1699947?1711038325 第 1 次 等待 3 秒
2024-03-22 00:25:32 CHB 1699947?1711038325 第 1 次 获取到号码【1699947】GSD
2024-03-22 00:25:32 未获取到号码【1699947】GSD，可能号码格式错误
2024-03-22 00:25:32 获取到号码【1699947】的GSD为【-】
2024-03-22 00:25:37 GSD insert 第 1 次 等待 3 秒
2024-03-22 00:25:40 {"status":"bad","gid":"642776","msg":"添加失败！号码【1699947(-|-)】已存在！"}
2024-03-22 00:25:40 随机等待 223 秒，约 3 分钟
2024-03-22 00:25:40 下次操作: 2024-03-22 00:29:23

2024-03-22 00:29:23 开始第 35 次操作

2024-03-22 00:29:23 开始操作号码 【1699948】
2024-03-22 00:29:28 GSD getOne 第 1 次 等待 3 秒
2024-03-22 00:29:31 查询号码 【1699948】，返回信息 {"status":"ok","msg":"-","gid":"642772","time_insert":"2023-04-09 12:46"}
2024-03-22 00:29:31 查询号码 【1699948】，GSD为【"-"】
2024-03-22 00:29:31 ok && -
2024-03-22 00:29:34 CHB 1699948?1711038571 第 1 次 等待 3 秒
2024-03-22 00:29:37 CHB 1699948?1711038571 第 1 次 获取到号码【1699948】GSD
2024-03-22 00:29:37 未获取到号码【1699948】GSD，可能号码格式错误
2024-03-22 00:29:37 获取到号码【1699948】的GSD为【-】
2024-03-22 00:29:42 GSD insert 第 1 次 等待 3 秒
2024-03-22 00:29:45 {"status":"bad","gid":"642772","msg":"添加失败！号码【1699948(-|-)】已存在！"}
2024-03-22 00:29:45 随机等待 72 秒，约 1 分钟
2024-03-22 00:29:45 下次操作: 2024-03-22 00:30:57

2024-03-22 00:30:57 开始第 36 次操作

2024-03-22 00:30:57 开始操作号码 【1699949】
2024-03-22 00:31:02 GSD getOne 第 1 次 等待 3 秒
2024-03-22 00:31:05 查询号码 【1699949】，返回信息 {"status":"ok","msg":"-","gid":"642766","time_insert":"2023-04-09 12:43"}
2024-03-22 00:31:05 查询号码 【1699949】，GSD为【"-"】
2024-03-22 00:31:05 ok && -
2024-03-22 00:31:07 CHB 1699949?1711038665 第 1 次 等待 3 秒
2024-03-22 00:31:10 CHB 1699949?1711038665 第 1 次 获取到号码【1699949】GSD
2024-03-22 00:31:11 未获取到号码【1699949】GSD，可能号码格式错误
2024-03-22 00:31:11 获取到号码【1699949】的GSD为【-】
2024-03-22 00:31:15 GSD insert 第 1 次 等待 3 秒
2024-03-22 00:31:18 {"status":"bad","gid":"642766","msg":"添加失败！号码【1699949(-|-)】已存在！"}

2024-03-22 00:41:22 开始第 37 次操作

2024-03-22 00:41:22 开始操作号码 【1699950】
2024-03-22 00:41:28 GSD getOne 第 1 次 等待 3 秒
2024-03-22 00:41:31 查询号码 【1699950】，返回信息 {"status":"ok","msg":"-","gid":"642761","time_insert":"2023-04-09 12:41"}
2024-03-22 00:41:31 查询号码 【1699950】，GSD为【"-"】
2024-03-22 00:41:31 ok && -
2024-03-22 00:41:33 CHB 1699950?1711039291 第 1 次 等待 3 秒
2024-03-22 00:41:36 CHB 1699950?1711039291 第 1 次 获取到号码【1699950】GSD
2024-03-22 00:41:36 未获取到号码【1699950】GSD，可能号码格式错误
2024-03-22 00:41:36 获取到号码【1699950】的GSD为【-】
2024-03-22 00:41:42 GSD insert 第 1 次 等待 3 秒
2024-03-22 00:41:45 {"status":"bad","gid":"642761","msg":"添加失败！号码【1699950(-|-)】已存在！"}
2024-03-22 00:41:45 随机等待 233 秒，约 3 分钟
2024-03-22 00:41:45 下次操作: 2024-03-22 00:45:38

2024-03-22 00:45:38 开始第 38 次操作

2024-03-22 00:45:38 开始操作号码 【1699951】
2024-03-22 00:45:44 GSD getOne 第 1 次 等待 3 秒
2024-03-22 00:45:47 查询号码 【1699951】，返回信息 {"status":"ok","msg":"-","gid":"642759","time_insert":"2023-04-09 12:38"}
2024-03-22 00:45:47 查询号码 【1699951】，GSD为【"-"】
2024-03-22 00:45:47 ok && -
2024-03-22 00:45:49 CHB 1699951?1711039547 第 1 次 等待 3 秒
2024-03-22 00:45:52 CHB 1699951?1711039547 第 1 次 获取到号码【1699951】GSD
2024-03-22 00:45:52 未获取到号码【1699951】GSD，可能号码格式错误
2024-03-22 00:45:52 获取到号码【1699951】的GSD为【-】
2024-03-22 00:45:57 GSD insert 第 1 次 等待 3 秒
2024-03-22 00:46:00 {"status":"bad","gid":"642759","msg":"添加失败！号码【1699951(-|-)】已存在！"}
2024-03-22 00:46:00 随机等待 187 秒，约 3 分钟
2024-03-22 00:46:00 下次操作: 2024-03-22 00:49:07

2024-03-22 00:49:07 开始第 39 次操作

2024-03-22 00:49:07 开始操作号码 【1699952】
2024-03-22 00:49:12 GSD getOne 第 1 次 等待 3 秒
2024-03-22 00:49:15 查询号码 【1699952】，返回信息 {"status":"ok","msg":"-","gid":"642756","time_insert":"2023-04-09 12:37"}
2024-03-22 00:49:15 查询号码 【1699952】，GSD为【"-"】
2024-03-22 00:49:15 ok && -
2024-03-22 00:49:17 CHB 1699952?1711039755 第 1 次 等待 3 秒
2024-03-22 00:49:20 CHB 1699952?1711039755 第 1 次 获取到号码【1699952】GSD
2024-03-22 00:49:20 未获取到号码【1699952】GSD，可能号码格式错误
2024-03-22 00:49:20 获取到号码【1699952】的GSD为【-】
2024-03-22 00:49:25 GSD insert 第 1 次 等待 3 秒
2024-03-22 00:49:28 {"status":"bad","gid":"642756","msg":"添加失败！号码【1699952(-|-)】已存在！"}
2024-03-22 00:49:28 随机等待 112 秒，约 1 分钟
2024-03-22 00:49:28 下次操作: 2024-03-22 00:51:20

2024-03-22 00:51:20 开始第 40 次操作

2024-03-22 00:51:20 开始操作号码 【1699953】
2024-03-22 00:51:24 GSD getOne 第 1 次 等待 3 秒
2024-03-22 00:51:27 查询号码 【1699953】，返回信息 {"status":"ok","msg":"-","gid":"642752","time_insert":"2023-04-09 12:34"}
2024-03-22 00:51:28 查询号码 【1699953】，GSD为【"-"】
2024-03-22 00:51:28 ok && -
2024-03-22 00:51:30 CHB 1699953?1711039888 第 1 次 等待 3 秒
2024-03-22 00:51:33 CHB 1699953?1711039888 第 1 次 获取到号码【1699953】GSD
2024-03-22 00:51:33 未获取到号码【1699953】GSD，可能号码格式错误
2024-03-22 00:51:33 获取到号码【1699953】的GSD为【-】
2024-03-22 00:51:38 GSD insert 第 1 次 等待 3 秒
2024-03-22 00:51:41 {"status":"bad","gid":"642752","msg":"添加失败！号码【1699953(-|-)】已存在！"}

