2021-08-02 00:00:33 开始第 31 次操作

2021-08-02 00:00:33 开始操作号码 【1873143】
2021-08-02 00:00:40 GSD getOne 第 1 次 等待 3 秒
2021-08-02 00:00:43 查询号码 【1873143】，返回信息 {"status":"bad","msg":""}
2021-08-02 00:00:43 查询号码 【1873143】，GSD为【""】
2021-08-02 00:00:43 bad
2021-08-02 00:00:45 CHB 1873143?1627833643 第 1 次 等待 3 秒
2021-08-02 00:00:48 CHB 1873143?1627833643 第 1 次 获取到号码【1873143】GSD
2021-08-02 00:00:48 获取到号码【1873143】的GSD为【河北-承德】
2021-08-02 00:00:52 GSD insert 第 1 次 等待 3 秒
2021-08-02 00:00:55 {"status":"ok","gid":473046,"msg":"添加成功！"}
2021-08-02 00:00:55 下次操作: 2021-08-02 00:01:15

2021-08-02 00:01:15 开始第 32 次操作

2021-08-02 00:01:15 开始操作号码 【1873142】
2021-08-02 00:01:19 GSD getOne 第 1 次 等待 3 秒
2021-08-02 00:01:22 查询号码 【1873142】，返回信息 {"status":"bad","msg":""}
2021-08-02 00:01:22 查询号码 【1873142】，GSD为【""】
2021-08-02 00:01:22 bad
2021-08-02 00:01:23 CHB 1873142?1627833682 第 1 次 等待 3 秒
2021-08-02 00:01:26 CHB 1873142?1627833682 第 1 次 获取到号码【1873142】GSD
2021-08-02 00:01:26 获取到号码【1873142】的GSD为【河北-承德】
2021-08-02 00:01:41 GSD insert 第 1 次 等待 3 秒
2021-08-02 00:01:44 {"status":"ok","gid":473057,"msg":"添加成功！"}
2021-08-02 00:01:44 下次操作: 2021-08-02 00:02:07

2021-08-02 00:02:07 开始第 33 次操作

2021-08-02 00:02:07 开始操作号码 【1873141】
2021-08-02 00:02:11 GSD getOne 第 1 次 等待 3 秒
2021-08-02 00:02:14 查询号码 【1873141】，返回信息 {"status":"bad","msg":""}
2021-08-02 00:02:14 查询号码 【1873141】，GSD为【""】
2021-08-02 00:02:14 bad
2021-08-02 00:02:16 CHB 1873141?1627833734 第 1 次 等待 3 秒
2021-08-02 00:02:19 CHB 1873141?1627833734 第 1 次 获取到号码【1873141】GSD
2021-08-02 00:02:19 获取到号码【1873141】的GSD为【河北-承德】
2021-08-02 00:02:22 GSD insert 第 1 次 等待 3 秒
2021-08-02 00:02:25 {"status":"ok","gid":473065,"msg":"添加成功！"}
2021-08-02 00:02:25 下次操作: 2021-08-02 00:02:47

2021-08-02 00:02:47 开始第 34 次操作

2021-08-02 00:02:47 开始操作号码 【1873140】
2021-08-02 00:02:57 GSD getOne 第 1 次 等待 3 秒
2021-08-02 00:03:00 查询号码 【1873140】，返回信息 {"status":"bad","msg":""}
2021-08-02 00:03:00 查询号码 【1873140】，GSD为【""】
2021-08-02 00:03:00 bad
2021-08-02 00:03:02 CHB 1873140?1627833780 第 1 次 等待 3 秒
2021-08-02 00:03:05 CHB 1873140?1627833780 第 1 次 获取到号码【1873140】GSD
2021-08-02 00:03:05 获取到号码【1873140】的GSD为【河北-承德】
2021-08-02 00:03:26 GSD insert 第 1 次 等待 3 秒
2021-08-02 00:03:29 {"status":"ok","gid":473078,"msg":"添加成功！"}
2021-08-02 00:03:29 下次操作: 2021-08-02 00:03:42

2021-08-02 00:03:42 开始第 35 次操作

2021-08-02 00:03:42 开始操作号码 【1873139】
2021-08-02 00:03:55 GSD getOne 第 1 次 等待 3 秒
2021-08-02 00:03:58 查询号码 【1873139】，返回信息 {"status":"bad","msg":""}
2021-08-02 00:03:58 查询号码 【1873139】，GSD为【""】
2021-08-02 00:03:58 bad
2021-08-02 00:04:00 CHB 1873139?1627833838 第 1 次 等待 3 秒
2021-08-02 00:04:03 CHB 1873139?1627833838 第 1 次 获取到号码【1873139】GSD
2021-08-02 00:04:03 获取到号码【1873139】的GSD为【河北-张家口】
2021-08-02 00:04:08 GSD insert 第 1 次 等待 3 秒
2021-08-02 00:04:11 {"status":"ok","gid":473085,"msg":"添加成功！"}
2021-08-02 00:04:11 下次操作: 2021-08-02 00:04:27

2021-08-02 00:04:27 开始第 36 次操作

2021-08-02 00:04:27 开始操作号码 【1873138】
2021-08-02 00:04:30 GSD getOne 第 1 次 等待 3 秒
2021-08-02 00:04:33 查询号码 【1873138】，返回信息 {"status":"bad","msg":""}
2021-08-02 00:04:34 查询号码 【1873138】，GSD为【""】
2021-08-02 00:04:34 bad
2021-08-02 00:04:35 CHB 1873138?1627833874 第 1 次 等待 3 秒
2021-08-02 00:04:38 CHB 1873138?1627833874 第 1 次 获取到号码【1873138】GSD
2021-08-02 00:04:38 获取到号码【1873138】的GSD为【河北-张家口】
2021-08-02 00:04:47 GSD insert 第 1 次 等待 3 秒
2021-08-02 00:04:50 {"status":"ok","gid":473094,"msg":"添加成功！"}
2021-08-02 00:04:50 下次操作: 2021-08-02 00:05:13

2021-08-02 00:05:13 开始第 37 次操作

2021-08-02 00:05:13 开始操作号码 【1873137】
2021-08-02 00:05:23 GSD getOne 第 1 次 等待 3 秒
2021-08-02 00:05:26 查询号码 【1873137】，返回信息 {"status":"bad","msg":""}
2021-08-02 00:05:26 查询号码 【1873137】，GSD为【""】
2021-08-02 00:05:26 bad
2021-08-02 00:05:27 CHB 1873137?1627833926 第 1 次 等待 3 秒
2021-08-02 00:05:30 CHB 1873137?1627833926 第 1 次 获取到号码【1873137】GSD
2021-08-02 00:05:30 获取到号码【1873137】的GSD为【河北-张家口】
2021-08-02 00:05:37 GSD insert 第 1 次 等待 3 秒
2021-08-02 00:05:40 {"status":"ok","gid":473106,"msg":"添加成功！"}
2021-08-02 00:05:40 下次操作: 2021-08-02 00:05:57

2021-08-02 00:05:57 开始第 38 次操作

2021-08-02 00:05:57 开始操作号码 【1873136】
2021-08-02 00:06:01 GSD getOne 第 1 次 等待 3 秒
2021-08-02 00:06:04 查询号码 【1873136】，返回信息 {"status":"ok","msg":"河北-张家口","gid":"42305","time_insert":"2016-05-30 09:20","time_update":"2021-01-22 08:44"}
2021-08-02 00:06:04 查询号码 【1873136】，GSD为【"河北-张家口"】

2021-08-02 00:06:04 开始第 38 次操作

2021-08-02 00:06:04 开始操作号码 【1873135】
2021-08-02 00:06:26 GSD getOne 第 1 次 等待 3 秒
2021-08-02 00:06:29 查询号码 【1873135】，返回信息 {"status":"bad","msg":""}
2021-08-02 00:06:29 查询号码 【1873135】，GSD为【""】
2021-08-02 00:06:29 bad
2021-08-02 00:06:32 CHB 1873135?1627833989 第 1 次 等待 3 秒
2021-08-02 00:06:35 CHB 1873135?1627833989 第 1 次 获取到号码【1873135】GSD
2021-08-02 00:06:35 获取到号码【1873135】的GSD为【河北-张家口】
2021-08-02 00:06:39 GSD insert 第 1 次 等待 3 秒
2021-08-02 00:06:42 {"status":"ok","gid":473118,"msg":"添加成功！"}
2021-08-02 00:06:42 下次操作: 2021-08-02 00:07:04

2021-08-02 00:07:04 开始第 39 次操作

2021-08-02 00:07:04 开始操作号码 【1873134】
2021-08-02 00:07:12 GSD getOne 第 1 次 等待 3 秒
2021-08-02 00:07:15 查询号码 【1873134】，返回信息 {"status":"bad","msg":""}
2021-08-02 00:07:15 查询号码 【1873134】，GSD为【""】
2021-08-02 00:07:15 bad
2021-08-02 00:07:16 CHB 1873134?1627834035 第 1 次 等待 3 秒
2021-08-02 00:07:19 CHB 1873134?1627834035 第 1 次 获取到号码【1873134】GSD
2021-08-02 00:07:19 获取到号码【1873134】的GSD为【河北-张家口】
2021-08-02 00:07:25 GSD insert 第 1 次 等待 3 秒
2021-08-02 00:07:28 {"status":"ok","gid":473130,"msg":"添加成功！"}
2021-08-02 00:07:28 下次操作: 2021-08-02 00:07:47

2021-08-02 00:07:47 开始第 40 次操作

2021-08-02 00:07:47 开始操作号码 【1873133】
2021-08-02 00:07:51 GSD getOne 第 1 次 等待 3 秒
2021-08-02 00:07:54 查询号码 【1873133】，返回信息 {"status":"bad","msg":""}
2021-08-02 00:07:54 查询号码 【1873133】，GSD为【""】
2021-08-02 00:07:54 bad
2021-08-02 00:07:55 CHB 1873133?1627834074 第 1 次 等待 3 秒
2021-08-02 00:07:58 CHB 1873133?1627834074 第 1 次 获取到号码【1873133】GSD
2021-08-02 00:07:58 获取到号码【1873133】的GSD为【河北-张家口】
2021-08-02 00:08:03 GSD insert 第 1 次 等待 3 秒
2021-08-02 00:08:06 {"status":"ok","gid":473140,"msg":"添加成功！"}

