2023-12-11 00:21:02 开始第 2481 次操作

2023-12-11 00:21:02 开始操作号码 【1802396】
2023-12-11 00:21:07 GSD getOne 第 1 次 等待 3 秒
2023-12-11 00:21:10 查询号码 【1802396】，返回信息 {"status":"ok","msg":"广东-茂名","gid":"280369","time_insert":"2021-07-15 05:02"}
2023-12-11 00:21:10 查询号码 【1802396】，GSD为【"广东-茂名"】

2023-12-11 00:21:11 开始第 2482 次操作

2023-12-11 00:21:11 开始操作号码 【1802397】
2023-12-11 00:21:15 GSD getOne 第 1 次 等待 3 秒
2023-12-11 00:21:18 查询号码 【1802397】，返回信息 {"status":"ok","msg":"广东-茂名","gid":"280485","time_insert":"2021-07-15 05:42"}
2023-12-11 00:21:18 查询号码 【1802397】，GSD为【"广东-茂名"】

2023-12-11 00:21:19 开始第 2483 次操作

2023-12-11 00:21:19 开始操作号码 【1802398】
2023-12-11 00:21:23 GSD getOne 第 1 次 等待 3 秒
2023-12-11 00:21:26 查询号码 【1802398】，返回信息 {"status":"ok","msg":"广东-茂名","gid":"280491","time_insert":"2021-07-15 05:42"}
2023-12-11 00:21:26 查询号码 【1802398】，GSD为【"广东-茂名"】

2023-12-11 00:21:27 开始第 2484 次操作

2023-12-11 00:21:27 开始操作号码 【1802399】
2023-12-11 00:21:31 GSD getOne 第 1 次 等待 3 秒
2023-12-11 00:21:34 查询号码 【1802399】，返回信息 {"status":"ok","msg":"广东-茂名","gid":"280496","time_insert":"2021-07-15 05:43"}
2023-12-11 00:21:34 查询号码 【1802399】，GSD为【"广东-茂名"】

