2024-02-03 00:19:36 开始第 1561 次操作

2024-02-03 00:19:36 开始操作号码 【1691474】
2024-02-03 00:19:41 GSD getOne 第 1 次 等待 3 秒
2024-02-03 00:19:44 查询号码 【1691474】，返回信息 {"status":"ok","msg":"-","gid":"572462","time_insert":"2023-03-06 00:55"}
2024-02-03 00:19:44 查询号码 【1691474】，GSD为【"-"】
2024-02-03 00:19:44 ok && -
2024-02-03 00:19:46 CHB 1691474?1706890784 第 1 次 等待 3 秒
2024-02-03 00:19:49 CHB 1691474?1706890784 第 1 次 获取到号码【1691474】GSD
2024-02-03 00:19:49 未获取到号码【1691474】GSD，可能号码格式错误
2024-02-03 00:19:49 获取到号码【1691474】的GSD为【-】
2024-02-03 00:19:53 GSD insert 第 1 次 等待 3 秒
2024-02-03 00:19:56 {"status":"bad","gid":"572462","msg":"添加失败！号码【1691474(-|-)】已存在！"}
2024-02-03 00:19:56 随机等待 118 秒，约 1 分钟
2024-02-03 00:19:56 下次操作: 2024-02-03 00:21:54

2024-02-03 00:21:54 开始第 1562 次操作

2024-02-03 00:21:54 开始操作号码 【1691475】
2024-02-03 00:21:58 GSD getOne 第 1 次 等待 3 秒
2024-02-03 00:22:01 查询号码 【1691475】，返回信息 {"status":"ok","msg":"-","gid":"572491","time_insert":"2023-03-06 01:14"}
2024-02-03 00:22:01 查询号码 【1691475】，GSD为【"-"】
2024-02-03 00:22:01 ok && -
2024-02-03 00:22:03 CHB 1691475?1706890921 第 1 次 等待 3 秒
2024-02-03 00:22:06 CHB 1691475?1706890921 第 1 次 获取到号码【1691475】GSD
2024-02-03 00:22:06 未获取到号码【1691475】GSD，可能号码格式错误
2024-02-03 00:22:06 获取到号码【1691475】的GSD为【-】
2024-02-03 00:22:09 GSD insert 第 1 次 等待 3 秒
2024-02-03 00:22:12 {"status":"bad","gid":"572491","msg":"添加失败！号码【1691475(-|-)】已存在！"}
2024-02-03 00:22:12 随机等待 91 秒，约 1 分钟
2024-02-03 00:22:12 下次操作: 2024-02-03 00:23:43

2024-02-03 00:23:43 开始第 1563 次操作

2024-02-03 00:23:43 开始操作号码 【1691476】
2024-02-03 00:23:47 GSD getOne 第 1 次 等待 3 秒
2024-02-03 00:23:50 查询号码 【1691476】，返回信息 {"status":"ok","msg":"-","gid":"572521","time_insert":"2023-03-06 01:33"}
2024-02-03 00:23:50 查询号码 【1691476】，GSD为【"-"】
2024-02-03 00:23:50 ok && -
2024-02-03 00:23:54 CHB 1691476?1706891030 第 1 次 等待 3 秒
2024-02-03 00:23:57 CHB 1691476?1706891030 第 1 次 获取到号码【1691476】GSD
2024-02-03 00:23:57 未获取到号码【1691476】GSD，可能号码格式错误
2024-02-03 00:23:57 获取到号码【1691476】的GSD为【-】
2024-02-03 00:24:05 GSD insert 第 1 次 等待 3 秒
2024-02-03 00:24:08 {"status":"bad","gid":"572521","msg":"添加失败！号码【1691476(-|-)】已存在！"}
2024-02-03 00:24:08 随机等待 216 秒，约 3 分钟
2024-02-03 00:24:08 下次操作: 2024-02-03 00:27:44

2024-02-03 00:27:44 开始第 1564 次操作

2024-02-03 00:27:44 开始操作号码 【1691477】
2024-02-03 00:27:49 GSD getOne 第 1 次 等待 3 秒
2024-02-03 00:27:52 查询号码 【1691477】，返回信息 {"status":"ok","msg":"-","gid":"572551","time_insert":"2023-03-06 01:49"}
2024-02-03 00:27:52 查询号码 【1691477】，GSD为【"-"】
2024-02-03 00:27:52 ok && -
2024-02-03 00:27:53 CHB 1691477?1706891272 第 1 次 等待 3 秒
2024-02-03 00:27:56 CHB 1691477?1706891272 第 1 次 获取到号码【1691477】GSD
2024-02-03 00:27:57 未获取到号码【1691477】GSD，可能号码格式错误
2024-02-03 00:27:57 获取到号码【1691477】的GSD为【-】
2024-02-03 00:28:01 GSD insert 第 1 次 等待 3 秒
2024-02-03 00:28:04 {"status":"bad","gid":"572551","msg":"添加失败！号码【1691477(-|-)】已存在！"}

