2024-03-20 00:21:55 开始第 9685 次操作

2024-03-20 00:21:55 开始操作号码 【1699598】
2024-03-20 00:22:00 GSD getOne 第 1 次 等待 3 秒
2024-03-20 00:22:03 查询号码 【1699598】，返回信息 {"status":"ok","msg":"-","gid":"644521","time_insert":"2023-04-10 07:26"}
2024-03-20 00:22:03 查询号码 【1699598】，GSD为【"-"】
2024-03-20 00:22:03 ok && -
2024-03-20 00:22:06 CHB 1699598?1710865323 第 1 次 等待 3 秒
2024-03-20 00:22:09 CHB 1699598?1710865323 第 1 次 获取到号码【1699598】GSD
2024-03-20 00:22:09 未获取到号码【1699598】GSD，可能号码格式错误
2024-03-20 00:22:09 获取到号码【1699598】的GSD为【-】
2024-03-20 00:22:14 GSD insert 第 1 次 等待 3 秒
2024-03-20 00:22:17 {"status":"bad","gid":"644521","msg":"添加失败！号码【1699598(-|-)】已存在！"}
2024-03-20 00:22:17 随机等待 201 秒，约 3 分钟
2024-03-20 00:22:17 下次操作: 2024-03-20 00:25:38

2024-03-20 00:25:38 开始第 9686 次操作

2024-03-20 00:25:38 开始操作号码 【1699599】
2024-03-20 00:25:42 GSD getOne 第 1 次 等待 3 秒
2024-03-20 00:25:45 查询号码 【1699599】，返回信息 {"status":"ok","msg":"-","gid":"644519","time_insert":"2023-04-10 07:24"}
2024-03-20 00:25:45 查询号码 【1699599】，GSD为【"-"】
2024-03-20 00:25:45 ok && -
2024-03-20 00:25:48 CHB 1699599?1710865545 第 1 次 等待 3 秒
2024-03-20 00:25:51 CHB 1699599?1710865545 第 1 次 获取到号码【1699599】GSD
2024-03-20 00:25:51 未获取到号码【1699599】GSD，可能号码格式错误
2024-03-20 00:25:51 获取到号码【1699599】的GSD为【-】
2024-03-20 00:25:59 GSD insert 第 1 次 等待 3 秒
2024-03-20 00:26:02 {"status":"bad","gid":"644519","msg":"添加失败！号码【1699599(-|-)】已存在！"}
2024-03-20 00:26:02 随机等待 68 秒，约 1 分钟
2024-03-20 00:26:02 下次操作: 2024-03-20 00:27:10

2024-03-20 00:27:10 开始第 9687 次操作

2024-03-20 00:27:10 开始操作号码 【1699600】
2024-03-20 00:27:15 GSD getOne 第 1 次 等待 3 秒
2024-03-20 00:27:18 查询号码 【1699600】，返回信息 {"status":"ok","msg":"-","gid":"644510","time_insert":"2023-04-10 07:19"}
2024-03-20 00:27:18 查询号码 【1699600】，GSD为【"-"】
2024-03-20 00:27:18 ok && -
2024-03-20 00:27:20 CHB 1699600?1710865638 第 1 次 等待 3 秒
2024-03-20 00:27:23 CHB 1699600?1710865638 第 1 次 获取到号码【1699600】GSD
2024-03-20 00:27:23 未获取到号码【1699600】GSD，可能号码格式错误
2024-03-20 00:27:23 获取到号码【1699600】的GSD为【-】
2024-03-20 00:27:29 GSD insert 第 1 次 等待 3 秒
2024-03-20 00:27:32 {"status":"bad","gid":"644510","msg":"添加失败！号码【1699600(-|-)】已存在！"}
2024-03-20 00:27:32 随机等待 190 秒，约 3 分钟
2024-03-20 00:27:32 下次操作: 2024-03-20 00:30:42

2024-03-20 00:30:42 开始第 9688 次操作

2024-03-20 00:30:42 开始操作号码 【1699601】
2024-03-20 00:30:47 GSD getOne 第 1 次 等待 3 秒
2024-03-20 00:30:50 查询号码 【1699601】，返回信息 {"status":"ok","msg":"-","gid":"644503","time_insert":"2023-04-10 07:16"}
2024-03-20 00:30:50 查询号码 【1699601】，GSD为【"-"】
2024-03-20 00:30:50 ok && -
2024-03-20 00:30:57 CHB 1699601?1710865850 第 1 次 等待 3 秒
2024-03-20 00:31:00 CHB 1699601?1710865850 第 1 次 获取到号码【1699601】GSD
2024-03-20 00:31:00 未获取到号码【1699601】GSD，可能号码格式错误
2024-03-20 00:31:00 获取到号码【1699601】的GSD为【-】
2024-03-20 00:31:05 GSD insert 第 1 次 等待 3 秒
2024-03-20 00:31:08 {"status":"bad","gid":"644503","msg":"添加失败！号码【1699601(-|-)】已存在！"}

2024-03-20 00:41:01 开始第 9689 次操作

2024-03-20 00:41:01 开始操作号码 【1699602】
2024-03-20 00:41:09 GSD getOne 第 1 次 等待 3 秒
2024-03-20 00:41:12 查询号码 【1699602】，返回信息 {"status":"ok","msg":"-","gid":"644498","time_insert":"2023-04-10 07:13"}
2024-03-20 00:41:12 查询号码 【1699602】，GSD为【"-"】
2024-03-20 00:41:12 ok && -
2024-03-20 00:41:19 CHB 1699602?1710866472 第 1 次 等待 3 秒
2024-03-20 00:41:22 CHB 1699602?1710866472 第 1 次 获取到号码【1699602】GSD
2024-03-20 00:41:22 未获取到号码【1699602】GSD，可能号码格式错误
2024-03-20 00:41:22 获取到号码【1699602】的GSD为【-】
2024-03-20 00:41:27 GSD insert 第 1 次 等待 3 秒
2024-03-20 00:41:30 {"status":"bad","gid":"644498","msg":"添加失败！号码【1699602(-|-)】已存在！"}
2024-03-20 00:41:30 随机等待 194 秒，约 3 分钟
2024-03-20 00:41:30 下次操作: 2024-03-20 00:44:44

2024-03-20 00:44:44 开始第 9690 次操作

2024-03-20 00:44:44 开始操作号码 【1699603】
2024-03-20 00:44:49 GSD getOne 第 1 次 等待 3 秒
2024-03-20 00:44:52 查询号码 【1699603】，返回信息 {"status":"ok","msg":"-","gid":"644496","time_insert":"2023-04-10 07:10"}
2024-03-20 00:44:52 查询号码 【1699603】，GSD为【"-"】
2024-03-20 00:44:52 ok && -
2024-03-20 00:44:58 CHB 1699603?1710866692 第 1 次 等待 3 秒
2024-03-20 00:45:01 CHB 1699603?1710866692 第 1 次 获取到号码【1699603】GSD
2024-03-20 00:45:02 未获取到号码【1699603】GSD，可能号码格式错误
2024-03-20 00:45:02 获取到号码【1699603】的GSD为【-】
2024-03-20 00:45:06 GSD insert 第 1 次 等待 3 秒
2024-03-20 00:45:09 {"status":"bad","gid":"644496","msg":"添加失败！号码【1699603(-|-)】已存在！"}
2024-03-20 00:45:09 随机等待 88 秒，约 1 分钟
2024-03-20 00:45:09 下次操作: 2024-03-20 00:46:37

2024-03-20 00:46:37 开始第 9691 次操作

2024-03-20 00:46:37 开始操作号码 【1699604】
2024-03-20 00:46:42 GSD getOne 第 1 次 等待 3 秒
2024-03-20 00:46:45 查询号码 【1699604】，返回信息 {"status":"ok","msg":"-","gid":"644484","time_insert":"2023-04-10 07:02"}
2024-03-20 00:46:45 查询号码 【1699604】，GSD为【"-"】
2024-03-20 00:46:45 ok && -
2024-03-20 00:46:47 CHB 1699604?1710866805 第 1 次 等待 3 秒
2024-03-20 00:46:50 CHB 1699604?1710866805 第 1 次 获取到号码【1699604】GSD
2024-03-20 00:46:50 未获取到号码【1699604】GSD，可能号码格式错误
2024-03-20 00:46:50 获取到号码【1699604】的GSD为【-】
2024-03-20 00:46:55 GSD insert 第 1 次 等待 3 秒
2024-03-20 00:46:58 {"status":"bad","gid":"644484","msg":"添加失败！号码【1699604(-|-)】已存在！"}
2024-03-20 00:46:58 随机等待 203 秒，约 3 分钟
2024-03-20 00:46:58 下次操作: 2024-03-20 00:50:21

2024-03-20 00:50:21 开始第 9692 次操作

2024-03-20 00:50:21 开始操作号码 【1699605】
2024-03-20 00:50:26 GSD getOne 第 1 次 等待 3 秒
2024-03-20 00:50:29 查询号码 【1699605】，返回信息 {"status":"ok","msg":"-","gid":"644479","time_insert":"2023-04-10 07:00"}
2024-03-20 00:50:29 查询号码 【1699605】，GSD为【"-"】
2024-03-20 00:50:29 ok && -
2024-03-20 00:51:07 CHB 1699605?1710867029 第 1 次 等待 3 秒
2024-03-20 00:51:10 CHB 1699605?1710867029 第 1 次 获取到号码【1699605】GSD
2024-03-20 00:51:10 未获取到号码【1699605】GSD，可能号码格式错误
2024-03-20 00:51:10 获取到号码【1699605】的GSD为【-】
2024-03-20 00:51:15 GSD insert 第 1 次 等待 3 秒
2024-03-20 00:51:18 {"status":"bad","gid":"644479","msg":"添加失败！号码【1699605(-|-)】已存在！"}

2024-03-20 01:15:53 开始第 9693 次操作

2024-03-20 01:15:53 开始操作号码 【1699606】
2024-03-20 01:15:58 GSD getOne 第 1 次 等待 3 秒
2024-03-20 01:16:01 查询号码 【1699606】，返回信息 {"status":"ok","msg":"-","gid":"644474","time_insert":"2023-04-10 06:57"}
2024-03-20 01:16:01 查询号码 【1699606】，GSD为【"-"】
2024-03-20 01:16:01 ok && -
2024-03-20 01:16:04 CHB 1699606?1710868561 第 1 次 等待 3 秒
2024-03-20 01:16:07 CHB 1699606?1710868561 第 1 次 获取到号码【1699606】GSD
2024-03-20 01:16:07 未获取到号码【1699606】GSD，可能号码格式错误
2024-03-20 01:16:07 获取到号码【1699606】的GSD为【-】
2024-03-20 01:16:11 GSD insert 第 1 次 等待 3 秒
2024-03-20 01:16:14 {"status":"bad","gid":"644474","msg":"添加失败！号码【1699606(-|-)】已存在！"}
2024-03-20 01:16:14 随机等待 95 秒，约 1 分钟
2024-03-20 01:16:14 下次操作: 2024-03-20 01:17:49

2024-03-20 01:17:49 开始第 9694 次操作

2024-03-20 01:17:49 开始操作号码 【1699607】
2024-03-20 01:17:54 GSD getOne 第 1 次 等待 3 秒
2024-03-20 01:17:57 查询号码 【1699607】，返回信息 {"status":"ok","msg":"-","gid":"644470","time_insert":"2023-04-10 06:54"}
2024-03-20 01:17:57 查询号码 【1699607】，GSD为【"-"】
2024-03-20 01:17:57 ok && -
2024-03-20 01:18:06 CHB 1699607?1710868677 第 1 次 等待 3 秒
2024-03-20 01:18:09 CHB 1699607?1710868677 第 1 次 获取到号码【1699607】GSD
2024-03-20 01:18:09 未获取到号码【1699607】GSD，可能号码格式错误
2024-03-20 01:18:09 获取到号码【1699607】的GSD为【-】
2024-03-20 01:18:14 GSD insert 第 1 次 等待 3 秒
2024-03-20 01:18:17 {"status":"bad","gid":"644470","msg":"添加失败！号码【1699607(-|-)】已存在！"}
2024-03-20 01:18:17 随机等待 164 秒，约 2 分钟
2024-03-20 01:18:17 下次操作: 2024-03-20 01:21:01

2024-03-20 01:21:01 开始第 9695 次操作

2024-03-20 01:21:01 开始操作号码 【1699608】
2024-03-20 01:21:05 GSD getOne 第 1 次 等待 3 秒
2024-03-20 01:21:08 查询号码 【1699608】，返回信息 {"status":"ok","msg":"-","gid":"644465","time_insert":"2023-04-10 06:52"}
2024-03-20 01:21:08 查询号码 【1699608】，GSD为【"-"】
2024-03-20 01:21:08 ok && -
2024-03-20 01:21:10 CHB 1699608?1710868868 第 1 次 等待 3 秒
2024-03-20 01:21:13 CHB 1699608?1710868868 第 1 次 获取到号码【1699608】GSD
2024-03-20 01:21:13 未获取到号码【1699608】GSD，可能号码格式错误
2024-03-20 01:21:13 获取到号码【1699608】的GSD为【-】
2024-03-20 01:21:18 GSD insert 第 1 次 等待 3 秒
2024-03-20 01:21:21 {"status":"bad","gid":"644465","msg":"添加失败！号码【1699608(-|-)】已存在！"}
2024-03-20 01:21:21 随机等待 120 秒，约 2 分钟
2024-03-20 01:21:21 下次操作: 2024-03-20 01:23:21

2024-03-20 01:23:21 开始第 9696 次操作

2024-03-20 01:23:21 开始操作号码 【1699609】
2024-03-20 01:23:25 GSD getOne 第 1 次 等待 3 秒
2024-03-20 01:23:28 查询号码 【1699609】，返回信息 {"status":"ok","msg":"-","gid":"644461","time_insert":"2023-04-10 06:49"}
2024-03-20 01:23:28 查询号码 【1699609】，GSD为【"-"】
2024-03-20 01:23:28 ok && -
2024-03-20 01:23:34 CHB 1699609?1710869008 第 1 次 等待 3 秒
2024-03-20 01:23:37 CHB 1699609?1710869008 第 1 次 获取到号码【1699609】GSD
2024-03-20 01:23:37 未获取到号码【1699609】GSD，可能号码格式错误
2024-03-20 01:23:37 获取到号码【1699609】的GSD为【-】
2024-03-20 01:23:42 GSD insert 第 1 次 等待 3 秒
2024-03-20 01:23:45 {"status":"bad","gid":"644461","msg":"添加失败！号码【1699609(-|-)】已存在！"}

2024-03-20 01:37:45 开始第 9697 次操作

2024-03-20 01:37:45 开始操作号码 【1699610】
2024-03-20 01:37:54 GSD getOne 第 1 次 等待 3 秒
2024-03-20 01:37:57 查询号码 【1699610】，返回信息 {"status":"ok","msg":"-","gid":"644458","time_insert":"2023-04-10 06:47"}
2024-03-20 01:37:57 查询号码 【1699610】，GSD为【"-"】
2024-03-20 01:37:57 ok && -
2024-03-20 01:37:59 CHB 1699610?1710869877 第 1 次 等待 3 秒
2024-03-20 01:38:02 CHB 1699610?1710869877 第 1 次 获取到号码【1699610】GSD
2024-03-20 01:38:02 未获取到号码【1699610】GSD，可能号码格式错误
2024-03-20 01:38:02 获取到号码【1699610】的GSD为【-】
2024-03-20 01:38:09 GSD insert 第 1 次 等待 3 秒
2024-03-20 01:38:12 {"status":"bad","gid":"644458","msg":"添加失败！号码【1699610(-|-)】已存在！"}
2024-03-20 01:38:12 随机等待 66 秒，约 1 分钟
2024-03-20 01:38:12 下次操作: 2024-03-20 01:39:18

2024-03-20 01:39:18 开始第 9698 次操作

2024-03-20 01:39:18 开始操作号码 【1699611】
2024-03-20 01:39:22 GSD getOne 第 1 次 等待 3 秒
2024-03-20 01:39:25 查询号码 【1699611】，返回信息 {"status":"ok","msg":"-","gid":"644453","time_insert":"2023-04-10 06:45"}
2024-03-20 01:39:25 查询号码 【1699611】，GSD为【"-"】
2024-03-20 01:39:25 ok && -
2024-03-20 01:39:27 CHB 1699611?1710869965 第 1 次 等待 3 秒
2024-03-20 01:39:30 CHB 1699611?1710869965 第 1 次 获取到号码【1699611】GSD
2024-03-20 01:39:31 未获取到号码【1699611】GSD，可能号码格式错误
2024-03-20 01:39:31 获取到号码【1699611】的GSD为【-】
2024-03-20 01:39:35 GSD insert 第 1 次 等待 3 秒
2024-03-20 01:39:38 {"status":"bad","gid":"644453","msg":"添加失败！号码【1699611(-|-)】已存在！"}
2024-03-20 01:39:38 随机等待 110 秒，约 1 分钟
2024-03-20 01:39:38 下次操作: 2024-03-20 01:41:28

2024-03-20 01:41:28 开始第 9699 次操作

2024-03-20 01:41:28 开始操作号码 【1699612】
2024-03-20 01:41:33 GSD getOne 第 1 次 等待 3 秒
2024-03-20 01:41:36 查询号码 【1699612】，返回信息 {"status":"ok","msg":"-","gid":"644442","time_insert":"2023-04-10 06:35"}
2024-03-20 01:41:36 查询号码 【1699612】，GSD为【"-"】
2024-03-20 01:41:36 ok && -
2024-03-20 01:41:39 CHB 1699612?1710870096 第 1 次 等待 3 秒
2024-03-20 01:41:42 CHB 1699612?1710870096 第 1 次 获取到号码【1699612】GSD
2024-03-20 01:41:42 未获取到号码【1699612】GSD，可能号码格式错误
2024-03-20 01:41:42 获取到号码【1699612】的GSD为【-】
2024-03-20 01:41:48 GSD insert 第 1 次 等待 3 秒
2024-03-20 01:41:51 {"status":"bad","gid":"644442","msg":"添加失败！号码【1699612(-|-)】已存在！"}
2024-03-20 01:41:51 随机等待 85 秒，约 1 分钟
2024-03-20 01:41:51 下次操作: 2024-03-20 01:43:16

2024-03-20 01:43:16 开始第 9700 次操作

2024-03-20 01:43:16 开始操作号码 【1699613】
2024-03-20 01:43:22 GSD getOne 第 1 次 等待 3 秒
2024-03-20 01:43:25 查询号码 【1699613】，返回信息 {"status":"ok","msg":"-","gid":"644441","time_insert":"2023-04-10 06:34"}
2024-03-20 01:43:25 查询号码 【1699613】，GSD为【"-"】
2024-03-20 01:43:25 ok && -
2024-03-20 01:43:28 CHB 1699613?1710870205 第 1 次 等待 3 秒
2024-03-20 01:43:31 CHB 1699613?1710870205 第 1 次 获取到号码【1699613】GSD
2024-03-20 01:43:31 未获取到号码【1699613】GSD，可能号码格式错误
2024-03-20 01:43:31 获取到号码【1699613】的GSD为【-】
2024-03-20 01:43:36 GSD insert 第 1 次 等待 3 秒
2024-03-20 01:43:39 {"status":"bad","gid":"644441","msg":"添加失败！号码【1699613(-|-)】已存在！"}

2024-03-20 02:21:03 开始第 9701 次操作

2024-03-20 02:21:03 开始操作号码 【1699614】
2024-03-20 02:21:08 GSD getOne 第 1 次 等待 3 秒
2024-03-20 02:21:11 查询号码 【1699614】，返回信息 {"status":"ok","msg":"-","gid":"644433","time_insert":"2023-04-10 06:31"}
2024-03-20 02:21:11 查询号码 【1699614】，GSD为【"-"】
2024-03-20 02:21:11 ok && -
2024-03-20 02:21:13 CHB 1699614?1710872471 第 1 次 等待 3 秒
2024-03-20 02:21:16 CHB 1699614?1710872471 第 1 次 获取到号码【1699614】GSD
2024-03-20 02:21:16 未获取到号码【1699614】GSD，可能号码格式错误
2024-03-20 02:21:16 获取到号码【1699614】的GSD为【-】
2024-03-20 02:21:20 GSD insert 第 1 次 等待 3 秒
2024-03-20 02:21:23 {"status":"bad","gid":"644433","msg":"添加失败！号码【1699614(-|-)】已存在！"}
2024-03-20 02:21:23 随机等待 189 秒，约 3 分钟
2024-03-20 02:21:23 下次操作: 2024-03-20 02:24:32

2024-03-20 02:24:32 开始第 9702 次操作

2024-03-20 02:24:32 开始操作号码 【1699615】
2024-03-20 02:24:37 GSD getOne 第 1 次 等待 3 秒
2024-03-20 02:24:40 查询号码 【1699615】，返回信息 {"status":"ok","msg":"-","gid":"644427","time_insert":"2023-04-10 06:26"}
2024-03-20 02:24:40 查询号码 【1699615】，GSD为【"-"】
2024-03-20 02:24:40 ok && -
2024-03-20 02:24:42 CHB 1699615?1710872680 第 1 次 等待 3 秒
2024-03-20 02:24:45 CHB 1699615?1710872680 第 1 次 获取到号码【1699615】GSD
2024-03-20 02:24:45 未获取到号码【1699615】GSD，可能号码格式错误
2024-03-20 02:24:45 获取到号码【1699615】的GSD为【-】
2024-03-20 02:24:49 GSD insert 第 1 次 等待 3 秒
2024-03-20 02:24:52 {"status":"bad","gid":"644427","msg":"添加失败！号码【1699615(-|-)】已存在！"}
2024-03-20 02:24:52 随机等待 77 秒，约 1 分钟
2024-03-20 02:24:52 下次操作: 2024-03-20 02:26:09

2024-03-20 02:26:09 开始第 9703 次操作

2024-03-20 02:26:09 开始操作号码 【1699616】
2024-03-20 02:26:14 GSD getOne 第 1 次 等待 3 秒
2024-03-20 02:26:17 查询号码 【1699616】，返回信息 {"status":"ok","msg":"-","gid":"644418","time_insert":"2023-04-10 06:18"}
2024-03-20 02:26:17 查询号码 【1699616】，GSD为【"-"】
2024-03-20 02:26:17 ok && -
2024-03-20 02:26:18 CHB 1699616?1710872777 第 1 次 等待 3 秒
2024-03-20 02:26:21 CHB 1699616?1710872777 第 1 次 获取到号码【1699616】GSD
2024-03-20 02:26:21 未获取到号码【1699616】GSD，可能号码格式错误
2024-03-20 02:26:21 获取到号码【1699616】的GSD为【-】
2024-03-20 02:26:26 GSD insert 第 1 次 等待 3 秒
2024-03-20 02:26:29 {"status":"bad","gid":"644418","msg":"添加失败！号码【1699616(-|-)】已存在！"}
2024-03-20 02:26:29 随机等待 169 秒，约 2 分钟
2024-03-20 02:26:29 下次操作: 2024-03-20 02:29:18

2024-03-20 02:29:18 开始第 9704 次操作

2024-03-20 02:29:18 开始操作号码 【1699617】
2024-03-20 02:29:22 GSD getOne 第 1 次 等待 3 秒
2024-03-20 02:29:25 查询号码 【1699617】，返回信息 {"status":"ok","msg":"-","gid":"644415","time_insert":"2023-04-10 06:17"}
2024-03-20 02:29:25 查询号码 【1699617】，GSD为【"-"】
2024-03-20 02:29:25 ok && -
2024-03-20 02:29:27 CHB 1699617?1710872965 第 1 次 等待 3 秒
2024-03-20 02:29:30 CHB 1699617?1710872965 第 1 次 获取到号码【1699617】GSD
2024-03-20 02:29:30 未获取到号码【1699617】GSD，可能号码格式错误
2024-03-20 02:29:30 获取到号码【1699617】的GSD为【-】
2024-03-20 02:29:34 GSD insert 第 1 次 等待 3 秒
2024-03-20 02:29:37 {"status":"bad","gid":"644415","msg":"添加失败！号码【1699617(-|-)】已存在！"}

