2024-01-04 00:21:43 开始第 6709 次操作

2024-01-04 00:21:43 开始操作号码 【1806624】
2024-01-04 00:21:46 GSD getOne 第 1 次 等待 3 秒
2024-01-04 00:21:49 查询号码 【1806624】，返回信息 {"status":"ok","msg":"浙江-金华","gid":"326811","time_insert":"2021-07-19 14:30"}
2024-01-04 00:21:49 查询号码 【1806624】，GSD为【"浙江-金华"】

2024-01-04 00:21:50 开始第 6710 次操作

2024-01-04 00:21:50 开始操作号码 【1806625】
2024-01-04 00:21:53 GSD getOne 第 1 次 等待 3 秒
2024-01-04 00:21:56 查询号码 【1806625】，返回信息 {"status":"ok","msg":"浙江-温州","gid":"327070","time_insert":"2021-07-19 15:07"}
2024-01-04 00:21:56 查询号码 【1806625】，GSD为【"浙江-温州"】

2024-01-04 00:21:57 开始第 6711 次操作

2024-01-04 00:21:57 开始操作号码 【1806626】
2024-01-04 00:22:00 GSD getOne 第 1 次 等待 3 秒
2024-01-04 00:22:03 查询号码 【1806626】，返回信息 {"status":"ok","msg":"浙江-温州","gid":"327080","time_insert":"2021-07-19 15:08"}
2024-01-04 00:22:03 查询号码 【1806626】，GSD为【"浙江-温州"】

2024-01-04 00:22:04 开始第 6712 次操作

2024-01-04 00:22:04 开始操作号码 【1806627】
2024-01-04 00:22:07 GSD getOne 第 1 次 等待 3 秒
2024-01-04 00:22:10 查询号码 【1806627】，返回信息 {"status":"ok","msg":"浙江-温州","gid":"327091","time_insert":"2021-07-19 15:09"}
2024-01-04 00:22:10 查询号码 【1806627】，GSD为【"浙江-温州"】

2024-01-04 00:40:27 开始第 6713 次操作

2024-01-04 00:40:27 开始操作号码 【1806628】
2024-01-04 00:40:30 GSD getOne 第 1 次 等待 3 秒
2024-01-04 00:40:33 查询号码 【1806628】，返回信息 {"status":"ok","msg":"浙江-温州","gid":"327105","time_insert":"2021-07-19 15:10"}
2024-01-04 00:40:33 查询号码 【1806628】，GSD为【"浙江-温州"】

2024-01-04 00:40:34 开始第 6714 次操作

2024-01-04 00:40:34 开始操作号码 【1806629】
2024-01-04 00:40:38 GSD getOne 第 1 次 等待 3 秒
2024-01-04 00:40:41 查询号码 【1806629】，返回信息 {"status":"ok","msg":"浙江-温州","gid":"327117","time_insert":"2021-07-19 15:10"}
2024-01-04 00:40:41 查询号码 【1806629】，GSD为【"浙江-温州"】

2024-01-04 00:40:42 开始第 6715 次操作

2024-01-04 00:40:42 开始操作号码 【1806630】
2024-01-04 00:40:44 GSD getOne 第 1 次 等待 3 秒
2024-01-04 00:40:47 查询号码 【1806630】，返回信息 {"status":"ok","msg":"浙江-温州","gid":"327128","time_insert":"2021-07-19 15:11"}
2024-01-04 00:40:47 查询号码 【1806630】，GSD为【"浙江-温州"】

2024-01-04 00:40:48 开始第 6716 次操作

2024-01-04 00:40:48 开始操作号码 【1806631】
2024-01-04 00:40:51 GSD getOne 第 1 次 等待 3 秒
2024-01-04 00:40:54 查询号码 【1806631】，返回信息 {"status":"ok","msg":"浙江-温州","gid":"327137","time_insert":"2021-07-19 15:12"}
2024-01-04 00:40:54 查询号码 【1806631】，GSD为【"浙江-温州"】

