2024-04-30 00:21:48 开始第 6189 次操作

2024-04-30 00:21:48 开始操作号码 【1586102】
2024-04-30 00:21:56 GSD getOne 第 1 次 等待 3 秒
2024-04-30 00:21:59 查询号码 【1586102】，返回信息 {"status":"ok","msg":"江苏-泰州","gid":"405674","time_insert":"2021-07-26 21:22"}
2024-04-30 00:21:59 查询号码 【1586102】，GSD为【"江苏-泰州"】

2024-04-30 00:22:00 开始第 6190 次操作

2024-04-30 00:22:00 开始操作号码 【1586103】
2024-04-30 00:22:09 GSD getOne 第 1 次 等待 3 秒
2024-04-30 00:22:12 查询号码 【1586103】，返回信息 {"status":"ok","msg":"江苏-泰州","gid":"405667","time_insert":"2021-07-26 21:22"}
2024-04-30 00:22:12 查询号码 【1586103】，GSD为【"江苏-泰州"】

2024-04-30 00:22:13 开始第 6191 次操作

2024-04-30 00:22:13 开始操作号码 【1586104】
2024-04-30 00:22:29 GSD getOne 第 1 次 等待 3 秒
2024-04-30 00:22:32 查询号码 【1586104】，返回信息 {"status":"ok","msg":"江苏-泰州","gid":"25139","time_insert":"2017-08-06 23:46","time_update":"2020-08-25 15:55"}
2024-04-30 00:22:32 查询号码 【1586104】，GSD为【"江苏-泰州"】

2024-04-30 00:22:33 开始第 6192 次操作

2024-04-30 00:22:33 开始操作号码 【1586105】
2024-04-30 00:22:39 GSD getOne 第 1 次 等待 3 秒
2024-04-30 00:22:42 查询号码 【1586105】，返回信息 {"status":"ok","msg":"江苏-泰州","gid":"405658","time_insert":"2021-07-26 21:21"}
2024-04-30 00:22:42 查询号码 【1586105】，GSD为【"江苏-泰州"】

2024-04-30 00:39:20 开始第 6193 次操作

2024-04-30 00:39:21 开始操作号码 【1586106】
2024-04-30 00:39:25 GSD getOne 第 1 次 等待 3 秒
2024-04-30 00:39:28 查询号码 【1586106】，返回信息 {"status":"ok","msg":"江苏-泰州","gid":"405649","time_insert":"2021-07-26 21:21"}
2024-04-30 00:39:29 查询号码 【1586106】，GSD为【"江苏-泰州"】

2024-04-30 00:39:30 开始第 6194 次操作

2024-04-30 00:39:30 开始操作号码 【1586107】
2024-04-30 00:39:48 GSD getOne 第 1 次 等待 3 秒
2024-04-30 00:39:51 查询号码 【1586107】，返回信息 {"status":"ok","msg":"江苏-泰州","gid":"405643","time_insert":"2021-07-26 21:20"}
2024-04-30 00:39:51 查询号码 【1586107】，GSD为【"江苏-泰州"】

2024-04-30 00:39:52 开始第 6195 次操作

2024-04-30 00:39:52 开始操作号码 【1586108】
2024-04-30 00:40:04 GSD getOne 第 1 次 等待 3 秒
2024-04-30 00:40:07 查询号码 【1586108】，返回信息 {"status":"ok","msg":"江苏-泰州","gid":"405634","time_insert":"2021-07-26 21:19"}
2024-04-30 00:40:07 查询号码 【1586108】，GSD为【"江苏-泰州"】

2024-04-30 00:40:08 开始第 6196 次操作

2024-04-30 00:40:08 开始操作号码 【1586109】
2024-04-30 00:40:26 GSD getOne 第 1 次 等待 3 秒
2024-04-30 00:40:29 查询号码 【1586109】，返回信息 {"status":"ok","msg":"江苏-泰州","gid":"405625","time_insert":"2021-07-26 21:19"}
2024-04-30 00:40:29 查询号码 【1586109】，GSD为【"江苏-泰州"】

