2024-03-10 00:20:59 开始第 7921 次操作

2024-03-10 00:20:59 开始操作号码 【1697834】
2024-03-10 00:21:04 GSD getOne 第 1 次 等待 3 秒
2024-03-10 00:21:07 查询号码 【1697834】，返回信息 {"status":"ok","msg":"-","gid":"654110","time_insert":"2023-04-14 16:33"}
2024-03-10 00:21:07 查询号码 【1697834】，GSD为【"-"】
2024-03-10 00:21:07 ok && -
2024-03-10 00:21:09 CHB 1697834?1710001267 第 1 次 等待 3 秒
2024-03-10 00:21:12 CHB 1697834?1710001267 第 1 次 获取到号码【1697834】GSD
2024-03-10 00:21:12 未获取到号码【1697834】GSD，可能号码格式错误
2024-03-10 00:21:12 获取到号码【1697834】的GSD为【-】
2024-03-10 00:21:17 GSD insert 第 1 次 等待 3 秒
2024-03-10 00:21:20 {"status":"bad","gid":"654110","msg":"添加失败！号码【1697834(-|-)】已存在！"}
2024-03-10 00:21:20 随机等待 223 秒，约 3 分钟
2024-03-10 00:21:20 下次操作: 2024-03-10 00:25:03

2024-03-10 00:25:03 开始第 7922 次操作

2024-03-10 00:25:03 开始操作号码 【1697835】
2024-03-10 00:25:09 GSD getOne 第 1 次 等待 3 秒
2024-03-10 00:25:12 查询号码 【1697835】，返回信息 {"status":"ok","msg":"-","gid":"654103","time_insert":"2023-04-14 16:30"}
2024-03-10 00:25:12 查询号码 【1697835】，GSD为【"-"】
2024-03-10 00:25:12 ok && -
2024-03-10 00:25:13 CHB 1697835?1710001512 第 1 次 等待 3 秒
2024-03-10 00:25:17 CHB 1697835?1710001512 第 1 次 获取到号码【1697835】GSD
2024-03-10 00:25:17 未获取到号码【1697835】GSD，可能号码格式错误
2024-03-10 00:25:17 获取到号码【1697835】的GSD为【-】
2024-03-10 00:25:22 GSD insert 第 1 次 等待 3 秒
2024-03-10 00:25:25 {"status":"bad","gid":"654103","msg":"添加失败！号码【1697835(-|-)】已存在！"}
2024-03-10 00:25:25 随机等待 162 秒，约 2 分钟
2024-03-10 00:25:25 下次操作: 2024-03-10 00:28:07

2024-03-10 00:28:07 开始第 7923 次操作

2024-03-10 00:28:07 开始操作号码 【1697836】
2024-03-10 00:28:11 GSD getOne 第 1 次 等待 3 秒
2024-03-10 00:28:14 查询号码 【1697836】，返回信息 {"status":"ok","msg":"-","gid":"654097","time_insert":"2023-04-14 16:23"}
2024-03-10 00:28:14 查询号码 【1697836】，GSD为【"-"】
2024-03-10 00:28:14 ok && -
2024-03-10 00:28:16 CHB 1697836?1710001694 第 1 次 等待 3 秒
2024-03-10 00:28:19 CHB 1697836?1710001694 第 1 次 获取到号码【1697836】GSD
2024-03-10 00:28:20 未获取到号码【1697836】GSD，可能号码格式错误
2024-03-10 00:28:20 获取到号码【1697836】的GSD为【-】
2024-03-10 00:28:24 GSD insert 第 1 次 等待 3 秒
2024-03-10 00:28:27 {"status":"bad","gid":"654097","msg":"添加失败！号码【1697836(-|-)】已存在！"}
2024-03-10 00:28:27 随机等待 141 秒，约 2 分钟
2024-03-10 00:28:27 下次操作: 2024-03-10 00:30:48

2024-03-10 00:30:48 开始第 7924 次操作

2024-03-10 00:30:48 开始操作号码 【1697837】
2024-03-10 00:30:55 GSD getOne 第 1 次 等待 3 秒
2024-03-10 00:30:58 查询号码 【1697837】，返回信息 {"status":"ok","msg":"-","gid":"654095","time_insert":"2023-04-14 16:20"}
2024-03-10 00:30:58 查询号码 【1697837】，GSD为【"-"】
2024-03-10 00:30:58 ok && -
2024-03-10 00:31:00 CHB 1697837?1710001858 第 1 次 等待 3 秒
2024-03-10 00:31:03 CHB 1697837?1710001858 第 1 次 获取到号码【1697837】GSD
2024-03-10 00:31:03 未获取到号码【1697837】GSD，可能号码格式错误
2024-03-10 00:31:03 获取到号码【1697837】的GSD为【-】
2024-03-10 00:31:08 GSD insert 第 1 次 等待 3 秒
2024-03-10 00:31:11 {"status":"bad","gid":"654095","msg":"添加失败！号码【1697837(-|-)】已存在！"}

