2021-07-21 00:00:29 开始第 19 次操作

2021-07-21 00:00:29 开始操作号码 【1368227】
2021-07-21 00:00:33 GSD getOne 第 1 次 等待 3 秒
2021-07-21 00:00:36 查询号码 【1368227】，返回信息 {"status":"bad","msg":""}
2021-07-21 00:00:36 查询号码 【1368227】，GSD为【""】
2021-07-21 00:00:36 bad
2021-07-21 00:00:41 CHB 1368227?1626796836 第 1 次 等待 3 秒
2021-07-21 00:00:44 CHB 1368227?1626796836 第 1 次 获取到号码【1368227】GSD
2021-07-21 00:00:44 获取到号码【1368227】的GSD为【广东-广州】
2021-07-21 00:00:55 GSD insert 第 1 次 等待 3 秒
2021-07-21 00:00:58 {"status":"ok","gid":341257,"msg":"添加成功！"}
2021-07-21 00:00:58 下次操作: 2021-07-21 00:01:14

2021-07-21 00:01:14 开始第 20 次操作

2021-07-21 00:01:14 开始操作号码 【1368226】
2021-07-21 00:01:16 GSD getOne 第 1 次 等待 3 秒
2021-07-21 00:01:19 查询号码 【1368226】，返回信息 {"status":"bad","msg":""}
2021-07-21 00:01:19 查询号码 【1368226】，GSD为【""】
2021-07-21 00:01:19 bad
2021-07-21 00:01:21 CHB 1368226?1626796879 第 1 次 等待 3 秒
2021-07-21 00:01:24 CHB 1368226?1626796879 第 1 次 获取到号码【1368226】GSD
2021-07-21 00:01:24 获取到号码【1368226】的GSD为【广东-广州】
2021-07-21 00:01:50 GSD insert 第 1 次 等待 3 秒
2021-07-21 00:01:53 {"status":"ok","gid":341268,"msg":"添加成功！"}
2021-07-21 00:01:53 下次操作: 2021-07-21 00:02:16

2021-07-21 00:02:16 开始第 21 次操作

2021-07-21 00:02:16 开始操作号码 【1368225】
2021-07-21 00:02:19 GSD getOne 第 1 次 等待 3 秒
2021-07-21 00:02:22 查询号码 【1368225】，返回信息 {"status":"ok","msg":"广东-广州","gid":"8882","time_insert":"2015-10-07 12:17","time_update":"2020-09-27 11:27"}
2021-07-21 00:02:22 查询号码 【1368225】，GSD为【"广东-广州"】

2021-07-21 00:02:22 开始第 21 次操作

2021-07-21 00:02:22 开始操作号码 【1368224】
2021-07-21 00:02:41 GSD getOne 第 1 次 等待 3 秒
2021-07-21 00:02:44 查询号码 【1368224】，返回信息 {"status":"bad","msg":""}
2021-07-21 00:02:44 查询号码 【1368224】，GSD为【""】
2021-07-21 00:02:44 bad
2021-07-21 00:02:45 CHB 1368224?1626796964 第 1 次 等待 3 秒
2021-07-21 00:02:48 CHB 1368224?1626796964 第 1 次 获取到号码【1368224】GSD
2021-07-21 00:02:49 获取到号码【1368224】的GSD为【广东-广州】
2021-07-21 00:03:07 GSD insert 第 1 次 等待 3 秒
2021-07-21 00:03:10 {"status":"ok","gid":341281,"msg":"添加成功！"}
2021-07-21 00:03:10 下次操作: 2021-07-21 00:03:22

2021-07-21 00:03:22 开始第 22 次操作

2021-07-21 00:03:22 开始操作号码 【1368223】
2021-07-21 00:03:31 GSD getOne 第 1 次 等待 3 秒
2021-07-21 00:03:34 查询号码 【1368223】，返回信息 {"status":"ok","msg":"广东-广州","gid":"8881","time_insert":"2014-07-05 22:50","time_update":"2020-09-27 11:23"}
2021-07-21 00:03:34 查询号码 【1368223】，GSD为【"广东-广州"】

2021-07-21 00:03:34 开始第 22 次操作

2021-07-21 00:03:34 开始操作号码 【1368222】
2021-07-21 00:03:52 GSD getOne 第 1 次 等待 3 秒
2021-07-21 00:03:55 查询号码 【1368222】，返回信息 {"status":"bad","msg":""}
2021-07-21 00:03:55 查询号码 【1368222】，GSD为【""】
2021-07-21 00:03:55 bad
2021-07-21 00:03:56 CHB 1368222?1626797035 第 1 次 等待 3 秒
2021-07-21 00:03:59 CHB 1368222?1626797035 第 1 次 获取到号码【1368222】GSD
2021-07-21 00:04:00 获取到号码【1368222】的GSD为【广东-广州】
2021-07-21 00:04:17 GSD insert 第 1 次 等待 3 秒
2021-07-21 00:04:20 {"status":"ok","gid":341289,"msg":"添加成功！"}
2021-07-21 00:04:20 下次操作: 2021-07-21 00:04:42

2021-07-21 00:04:42 开始第 23 次操作

2021-07-21 00:04:42 开始操作号码 【1368221】
2021-07-21 00:04:50 GSD getOne 第 1 次 等待 3 秒
2021-07-21 00:04:53 查询号码 【1368221】，返回信息 {"status":"bad","msg":""}
2021-07-21 00:04:53 查询号码 【1368221】，GSD为【""】
2021-07-21 00:04:53 bad
2021-07-21 00:04:55 CHB 1368221?1626797093 第 1 次 等待 3 秒
2021-07-21 00:04:58 CHB 1368221?1626797093 第 1 次 获取到号码【1368221】GSD
2021-07-21 00:04:58 获取到号码【1368221】的GSD为【广东-广州】
2021-07-21 00:05:17 GSD insert 第 1 次 等待 3 秒
2021-07-21 00:05:20 {"status":"ok","gid":341299,"msg":"添加成功！"}
2021-07-21 00:05:20 下次操作: 2021-07-21 00:05:35

2021-07-21 00:05:35 开始第 24 次操作

2021-07-21 00:05:35 开始操作号码 【1368220】
2021-07-21 00:05:38 GSD getOne 第 1 次 等待 3 秒
2021-07-21 00:05:41 查询号码 【1368220】，返回信息 {"status":"bad","msg":""}
2021-07-21 00:05:41 查询号码 【1368220】，GSD为【""】
2021-07-21 00:05:41 bad
2021-07-21 00:05:43 CHB 1368220?1626797141 第 1 次 等待 3 秒
2021-07-21 00:05:46 CHB 1368220?1626797141 第 1 次 获取到号码【1368220】GSD
2021-07-21 00:05:46 获取到号码【1368220】的GSD为【广东-广州】
2021-07-21 00:06:05 GSD insert 第 1 次 等待 3 秒
2021-07-21 00:06:08 {"status":"ok","gid":341309,"msg":"添加成功！"}
2021-07-21 00:06:08 下次操作: 2021-07-21 00:06:23

2021-07-21 00:06:23 开始第 25 次操作

2021-07-21 00:06:23 开始操作号码 【1368219】
2021-07-21 00:06:25 GSD getOne 第 1 次 等待 3 秒
2021-07-21 00:06:28 查询号码 【1368219】，返回信息 {"status":"bad","msg":""}
2021-07-21 00:06:28 查询号码 【1368219】，GSD为【""】
2021-07-21 00:06:28 bad
2021-07-21 00:06:30 CHB 1368219?1626797188 第 1 次 等待 3 秒
2021-07-21 00:06:33 CHB 1368219?1626797188 第 1 次 获取到号码【1368219】GSD
2021-07-21 00:06:33 获取到号码【1368219】的GSD为【天津-天津】
2021-07-21 00:06:51 GSD insert 第 1 次 等待 3 秒
2021-07-21 00:06:54 {"status":"ok","gid":341316,"msg":"添加成功！"}
2021-07-21 00:06:54 下次操作: 2021-07-21 00:07:10

2021-07-21 00:07:10 开始第 26 次操作

2021-07-21 00:07:10 开始操作号码 【1368218】
2021-07-21 00:07:13 GSD getOne 第 1 次 等待 3 秒
2021-07-21 00:07:16 查询号码 【1368218】，返回信息 {"status":"bad","msg":""}
2021-07-21 00:07:16 查询号码 【1368218】，GSD为【""】
2021-07-21 00:07:16 bad
2021-07-21 00:07:18 CHB 1368218?1626797236 第 1 次 等待 3 秒
2021-07-21 00:07:21 CHB 1368218?1626797236 第 1 次 获取到号码【1368218】GSD
2021-07-21 00:07:21 获取到号码【1368218】的GSD为【天津-天津】
2021-07-21 00:07:39 GSD insert 第 1 次 等待 3 秒
2021-07-21 00:07:42 {"status":"ok","gid":341324,"msg":"添加成功！"}
2021-07-21 00:07:42 下次操作: 2021-07-21 00:07:58

2021-07-21 00:07:58 开始第 27 次操作

2021-07-21 00:07:58 开始操作号码 【1368217】
2021-07-21 00:08:01 GSD getOne 第 1 次 等待 3 秒
2021-07-21 00:08:04 查询号码 【1368217】，返回信息 {"status":"bad","msg":""}
2021-07-21 00:08:04 查询号码 【1368217】，GSD为【""】
2021-07-21 00:08:04 bad
2021-07-21 00:08:05 CHB 1368217?1626797284 第 1 次 等待 3 秒
2021-07-21 00:08:08 CHB 1368217?1626797284 第 1 次 获取到号码【1368217】GSD
2021-07-21 00:08:08 获取到号码【1368217】的GSD为【天津-天津】
2021-07-21 00:08:33 GSD insert 第 1 次 等待 3 秒
2021-07-21 00:08:36 {"status":"ok","gid":341334,"msg":"添加成功！"}
2021-07-21 00:08:36 下次操作: 2021-07-21 00:08:52

2021-07-21 00:08:52 开始第 28 次操作

2021-07-21 00:08:52 开始操作号码 【1368216】
2021-07-21 00:08:55 GSD getOne 第 1 次 等待 3 秒
2021-07-21 00:08:58 查询号码 【1368216】，返回信息 {"status":"bad","msg":""}
2021-07-21 00:08:58 查询号码 【1368216】，GSD为【""】
2021-07-21 00:08:58 bad
2021-07-21 00:09:00 CHB 1368216?1626797338 第 1 次 等待 3 秒
2021-07-21 00:09:03 CHB 1368216?1626797338 第 1 次 获取到号码【1368216】GSD
2021-07-21 00:09:03 获取到号码【1368216】的GSD为【天津-天津】
2021-07-21 00:09:21 GSD insert 第 1 次 等待 3 秒
2021-07-21 00:09:24 {"status":"ok","gid":341341,"msg":"添加成功！"}
2021-07-21 00:09:24 下次操作: 2021-07-21 00:09:47

2021-07-21 00:09:47 开始第 29 次操作

2021-07-21 00:09:47 开始操作号码 【1368215】
2021-07-21 00:09:51 GSD getOne 第 1 次 等待 3 秒
2021-07-21 00:09:54 查询号码 【1368215】，返回信息 {"status":"bad","msg":""}
2021-07-21 00:09:54 查询号码 【1368215】，GSD为【""】
2021-07-21 00:09:54 bad
2021-07-21 00:09:56 CHB 1368215?1626797394 第 1 次 等待 3 秒
2021-07-21 00:09:59 CHB 1368215?1626797394 第 1 次 获取到号码【1368215】GSD
2021-07-21 00:09:59 获取到号码【1368215】的GSD为【天津-天津】
2021-07-21 00:10:22 GSD insert 第 1 次 等待 3 秒
2021-07-21 00:10:25 {"status":"ok","gid":341353,"msg":"添加成功！"}
2021-07-21 00:10:25 下次操作: 2021-07-21 00:10:45

2021-07-21 00:10:45 开始第 30 次操作

2021-07-21 00:10:45 开始操作号码 【1368214】
2021-07-21 00:10:49 GSD getOne 第 1 次 等待 3 秒
2021-07-21 00:10:52 查询号码 【1368214】，返回信息 {"status":"bad","msg":""}
2021-07-21 00:10:52 查询号码 【1368214】，GSD为【""】
2021-07-21 00:10:52 bad
2021-07-21 00:10:54 CHB 1368214?1626797452 第 1 次 等待 3 秒
2021-07-21 00:10:57 CHB 1368214?1626797452 第 1 次 获取到号码【1368214】GSD
2021-07-21 00:10:57 获取到号码【1368214】的GSD为【天津-天津】
2021-07-21 00:11:18 GSD insert 第 1 次 等待 3 秒
2021-07-21 00:11:21 {"status":"ok","gid":341362,"msg":"添加成功！"}
2021-07-21 00:11:21 下次操作: 2021-07-21 00:11:42

2021-07-21 00:11:42 开始第 31 次操作

2021-07-21 00:11:42 开始操作号码 【1368213】
2021-07-21 00:11:48 GSD getOne 第 1 次 等待 3 秒
2021-07-21 00:11:51 查询号码 【1368213】，返回信息 {"status":"bad","msg":""}
2021-07-21 00:11:51 查询号码 【1368213】，GSD为【""】
2021-07-21 00:11:51 bad
2021-07-21 00:11:52 CHB 1368213?1626797511 第 1 次 等待 3 秒
2021-07-21 00:11:55 CHB 1368213?1626797511 第 1 次 获取到号码【1368213】GSD
2021-07-21 00:11:55 获取到号码【1368213】的GSD为【天津-天津】
2021-07-21 00:12:13 GSD insert 第 1 次 等待 3 秒
2021-07-21 00:12:16 {"status":"ok","gid":341370,"msg":"添加成功！"}
2021-07-21 00:12:16 下次操作: 2021-07-21 00:12:33

2021-07-21 00:12:33 开始第 32 次操作

2021-07-21 00:12:33 开始操作号码 【1368212】
2021-07-21 00:12:36 GSD getOne 第 1 次 等待 3 秒
2021-07-21 00:12:39 查询号码 【1368212】，返回信息 {"status":"bad","msg":""}
2021-07-21 00:12:39 查询号码 【1368212】，GSD为【""】
2021-07-21 00:12:39 bad
2021-07-21 00:12:41 CHB 1368212?1626797559 第 1 次 等待 3 秒
2021-07-21 00:12:44 CHB 1368212?1626797559 第 1 次 获取到号码【1368212】GSD
2021-07-21 00:12:44 获取到号码【1368212】的GSD为【天津-天津】
2021-07-21 00:13:02 GSD insert 第 1 次 等待 3 秒
2021-07-21 00:13:05 {"status":"ok","gid":341379,"msg":"添加成功！"}
2021-07-21 00:13:05 下次操作: 2021-07-21 00:13:25

2021-07-21 00:13:25 开始第 33 次操作

2021-07-21 00:13:25 开始操作号码 【1368211】
2021-07-21 00:13:28 GSD getOne 第 1 次 等待 3 秒
2021-07-21 00:13:31 查询号码 【1368211】，返回信息 {"status":"bad","msg":""}
2021-07-21 00:13:31 查询号码 【1368211】，GSD为【""】
2021-07-21 00:13:31 bad
2021-07-21 00:13:33 CHB 1368211?1626797611 第 1 次 等待 3 秒
2021-07-21 00:13:36 CHB 1368211?1626797611 第 1 次 获取到号码【1368211】GSD
2021-07-21 00:13:36 获取到号码【1368211】的GSD为【天津-天津】
2021-07-21 00:13:54 GSD insert 第 1 次 等待 3 秒
2021-07-21 00:13:57 {"status":"ok","gid":341388,"msg":"添加成功！"}
2021-07-21 00:13:57 下次操作: 2021-07-21 00:14:09

2021-07-21 00:14:09 开始第 34 次操作

2021-07-21 00:14:09 开始操作号码 【1368210】
2021-07-21 00:14:14 GSD getOne 第 1 次 等待 3 秒
2021-07-21 00:14:17 查询号码 【1368210】，返回信息 {"status":"bad","msg":""}
2021-07-21 00:14:17 查询号码 【1368210】，GSD为【""】
2021-07-21 00:14:17 bad
2021-07-21 00:14:19 CHB 1368210?1626797657 第 1 次 等待 3 秒
2021-07-21 00:14:22 CHB 1368210?1626797657 第 1 次 获取到号码【1368210】GSD
2021-07-21 00:14:22 获取到号码【1368210】的GSD为【天津-天津】
2021-07-21 00:15:02 GSD insert 第 1 次 等待 3 秒
2021-07-21 00:15:05 {"status":"ok","gid":341397,"msg":"添加成功！"}
2021-07-21 00:15:05 下次操作: 2021-07-21 00:15:17

2021-07-21 00:15:17 开始第 35 次操作

2021-07-21 00:15:17 开始操作号码 【1368209】
2021-07-21 00:15:23 GSD getOne 第 1 次 等待 3 秒
2021-07-21 00:15:26 查询号码 【1368209】，返回信息 {"status":"bad","msg":""}
2021-07-21 00:15:26 查询号码 【1368209】，GSD为【""】
2021-07-21 00:15:26 bad
2021-07-21 00:15:28 CHB 1368209?1626797726 第 1 次 等待 3 秒
2021-07-21 00:15:31 CHB 1368209?1626797726 第 1 次 获取到号码【1368209】GSD
2021-07-21 00:15:31 获取到号码【1368209】的GSD为【天津-天津】
2021-07-21 00:15:49 GSD insert 第 1 次 等待 3 秒
2021-07-21 00:15:52 {"status":"ok","gid":341404,"msg":"添加成功！"}
2021-07-21 00:15:52 下次操作: 2021-07-21 00:16:15

2021-07-21 00:16:15 开始第 36 次操作

2021-07-21 00:16:15 开始操作号码 【1368208】
2021-07-21 00:16:20 GSD getOne 第 1 次 等待 3 秒
2021-07-21 00:16:23 查询号码 【1368208】，返回信息 {"status":"ok","msg":"天津-天津","gid":"8880","time_insert":"2018-06-08 10:58","time_update":"2020-12-29 01:16"}
2021-07-21 00:16:23 查询号码 【1368208】，GSD为【"天津-天津"】

2021-07-21 00:16:23 开始第 36 次操作

2021-07-21 00:16:23 开始操作号码 【1368207】
2021-07-21 00:16:41 GSD getOne 第 1 次 等待 3 秒
2021-07-21 00:16:44 查询号码 【1368207】，返回信息 {"status":"bad","msg":""}
2021-07-21 00:16:44 查询号码 【1368207】，GSD为【""】
2021-07-21 00:16:44 bad
2021-07-21 00:16:46 CHB 1368207?1626797804 第 1 次 等待 3 秒
2021-07-21 00:16:49 CHB 1368207?1626797804 第 1 次 获取到号码【1368207】GSD
2021-07-21 00:16:49 获取到号码【1368207】的GSD为【天津-天津】
2021-07-21 00:17:08 GSD insert 第 1 次 等待 3 秒
2021-07-21 00:17:11 {"status":"ok","gid":341417,"msg":"添加成功！"}
2021-07-21 00:17:11 下次操作: 2021-07-21 00:17:23

2021-07-21 00:17:23 开始第 37 次操作

2021-07-21 00:17:23 开始操作号码 【1368206】
2021-07-21 00:17:28 GSD getOne 第 1 次 等待 3 秒
2021-07-21 00:17:31 查询号码 【1368206】，返回信息 {"status":"bad","msg":""}
2021-07-21 00:17:32 查询号码 【1368206】，GSD为【""】
2021-07-21 00:17:32 bad
2021-07-21 00:17:33 CHB 1368206?1626797852 第 1 次 等待 3 秒
2021-07-21 00:17:36 CHB 1368206?1626797852 第 1 次 获取到号码【1368206】GSD
2021-07-21 00:17:36 获取到号码【1368206】的GSD为【天津-天津】
2021-07-21 00:17:56 GSD insert 第 1 次 等待 3 秒
2021-07-21 00:17:59 {"status":"ok","gid":341424,"msg":"添加成功！"}
2021-07-21 00:17:59 下次操作: 2021-07-21 00:18:17

2021-07-21 00:18:17 开始第 38 次操作

2021-07-21 00:18:17 开始操作号码 【1368205】
2021-07-21 00:18:20 GSD getOne 第 1 次 等待 3 秒
2021-07-21 00:18:23 查询号码 【1368205】，返回信息 {"status":"bad","msg":""}
2021-07-21 00:18:23 查询号码 【1368205】，GSD为【""】
2021-07-21 00:18:23 bad
2021-07-21 00:18:24 CHB 1368205?1626797903 第 1 次 等待 3 秒
2021-07-21 00:18:27 CHB 1368205?1626797903 第 1 次 获取到号码【1368205】GSD
2021-07-21 00:18:27 获取到号码【1368205】的GSD为【天津-天津】
2021-07-21 00:18:47 GSD insert 第 1 次 等待 3 秒
2021-07-21 00:18:50 {"status":"ok","gid":341433,"msg":"添加成功！"}
2021-07-21 00:18:50 下次操作: 2021-07-21 00:19:12

2021-07-21 00:19:12 开始第 39 次操作

2021-07-21 00:19:12 开始操作号码 【1368204】
2021-07-21 00:19:14 GSD getOne 第 1 次 等待 3 秒
2021-07-21 00:19:17 查询号码 【1368204】，返回信息 {"status":"bad","msg":""}
2021-07-21 00:19:18 查询号码 【1368204】，GSD为【""】
2021-07-21 00:19:18 bad
2021-07-21 00:19:19 CHB 1368204?1626797958 第 1 次 等待 3 秒
2021-07-21 00:19:22 CHB 1368204?1626797958 第 1 次 获取到号码【1368204】GSD
2021-07-21 00:19:22 获取到号码【1368204】的GSD为【天津-天津】
2021-07-21 00:19:40 GSD insert 第 1 次 等待 3 秒
2021-07-21 00:19:43 {"status":"ok","gid":341441,"msg":"添加成功！"}
2021-07-21 00:19:43 下次操作: 2021-07-21 00:20:02

2021-07-21 00:20:02 开始第 40 次操作

2021-07-21 00:20:02 开始操作号码 【1368203】
2021-07-21 00:20:07 GSD getOne 第 1 次 等待 3 秒
2021-07-21 00:20:10 查询号码 【1368203】，返回信息 {"status":"ok","msg":"天津-天津","gid":"264253","time_insert":"2021-07-13 10:07","time_update":"2021-07-13 10:59"}
2021-07-21 00:20:10 查询号码 【1368203】，GSD为【"天津-天津"】

2021-07-21 00:20:10 开始第 40 次操作

2021-07-21 00:20:10 开始操作号码 【1368202】
2021-07-21 00:20:31 GSD getOne 第 1 次 等待 3 秒
2021-07-21 00:20:34 查询号码 【1368202】，返回信息 {"status":"bad","msg":""}
2021-07-21 00:20:34 查询号码 【1368202】，GSD为【""】
2021-07-21 00:20:34 bad
2021-07-21 00:20:36 CHB 1368202?1626798034 第 1 次 等待 3 秒
2021-07-21 00:20:39 CHB 1368202?1626798034 第 1 次 获取到号码【1368202】GSD
2021-07-21 00:20:39 获取到号码【1368202】的GSD为【天津-天津】
2021-07-21 00:20:57 GSD insert 第 1 次 等待 3 秒
2021-07-21 00:21:00 {"status":"ok","gid":341452,"msg":"添加成功！"}

