2024-01-15 00:21:29 开始第 8641 次操作

2024-01-15 00:21:29 开始操作号码 【1808556】
2024-01-15 00:21:33 GSD getOne 第 1 次 等待 3 秒
2024-01-15 00:21:36 查询号码 【1808556】，返回信息 {"status":"ok","msg":"贵州-黔东南","gid":"344962","time_insert":"2021-07-21 09:52"}
2024-01-15 00:21:36 查询号码 【1808556】，GSD为【"贵州-黔东南"】

2024-01-15 00:21:37 开始第 8642 次操作

2024-01-15 00:21:37 开始操作号码 【1808557】
2024-01-15 00:21:41 GSD getOne 第 1 次 等待 3 秒
2024-01-15 00:21:44 查询号码 【1808557】，返回信息 {"status":"ok","msg":"贵州-黔东南","gid":"32721","time_insert":"2019-04-01 16:00","time_update":"2020-11-21 15:33"}
2024-01-15 00:21:44 查询号码 【1808557】，GSD为【"贵州-黔东南"】

2024-01-15 00:21:45 开始第 8643 次操作

2024-01-15 00:21:45 开始操作号码 【1808558】
2024-01-15 00:21:50 GSD getOne 第 1 次 等待 3 秒
2024-01-15 00:21:53 查询号码 【1808558】，返回信息 {"status":"ok","msg":"贵州-黔东南","gid":"344968","time_insert":"2021-07-21 09:52"}
2024-01-15 00:21:53 查询号码 【1808558】，GSD为【"贵州-黔东南"】

2024-01-15 00:21:54 开始第 8644 次操作

2024-01-15 00:21:54 开始操作号码 【1808559】
2024-01-15 00:21:58 GSD getOne 第 1 次 等待 3 秒
2024-01-15 00:22:01 查询号码 【1808559】，返回信息 {"status":"ok","msg":"贵州-黔东南","gid":"344973","time_insert":"2021-07-21 09:53"}
2024-01-15 00:22:01 查询号码 【1808559】，GSD为【"贵州-黔东南"】

