2023-11-03 00:23:18 开始第 6417 次操作

2023-11-03 00:23:18 开始操作号码 【1906331】
2023-11-03 00:23:23 GSD getOne 第 1 次 等待 3 秒
2023-11-03 00:23:26 查询号码 【1906331】，返回信息 {"status":"ok","msg":"甘肃-天水","gid":"651055","time_insert":"2023-04-13 07:11"}
2023-11-03 00:23:26 查询号码 【1906331】，GSD为【"甘肃-天水"】

2023-11-03 00:23:27 开始第 6418 次操作

2023-11-03 00:23:27 开始操作号码 【1906332】
2023-11-03 00:23:32 GSD getOne 第 1 次 等待 3 秒
2023-11-03 00:23:35 查询号码 【1906332】，返回信息 {"status":"ok","msg":"甘肃-天水","gid":"651076","time_insert":"2023-04-13 07:24"}
2023-11-03 00:23:35 查询号码 【1906332】，GSD为【"甘肃-天水"】

2023-11-03 00:23:36 开始第 6419 次操作

2023-11-03 00:23:36 开始操作号码 【1906333】
2023-11-03 00:23:39 GSD getOne 第 1 次 等待 3 秒
2023-11-03 00:23:42 查询号码 【1906333】，返回信息 {"status":"ok","msg":"甘肃-兰州","gid":"651102","time_insert":"2023-04-13 07:39"}
2023-11-03 00:23:42 查询号码 【1906333】，GSD为【"甘肃-兰州"】

2023-11-03 00:23:43 开始第 6420 次操作

2023-11-03 00:23:43 开始操作号码 【1906334】
2023-11-03 00:23:46 GSD getOne 第 1 次 等待 3 秒
2023-11-03 00:23:49 查询号码 【1906334】，返回信息 {"status":"ok","msg":"甘肃-白银","gid":"651122","time_insert":"2023-04-13 07:49"}
2023-11-03 00:23:49 查询号码 【1906334】，GSD为【"甘肃-白银"】

2023-11-03 00:41:47 开始第 6421 次操作

2023-11-03 00:41:47 开始操作号码 【1906335】
2023-11-03 00:41:49 GSD getOne 第 1 次 等待 3 秒
2023-11-03 00:41:52 查询号码 【1906335】，返回信息 {"status":"ok","msg":"甘肃-白银","gid":"651139","time_insert":"2023-04-13 07:59"}
2023-11-03 00:41:53 查询号码 【1906335】，GSD为【"甘肃-白银"】

2023-11-03 00:41:54 开始第 6422 次操作

2023-11-03 00:41:54 开始操作号码 【1906336】
2023-11-03 00:41:56 GSD getOne 第 1 次 等待 3 秒
2023-11-03 00:41:59 查询号码 【1906336】，返回信息 {"status":"ok","msg":"甘肃-白银","gid":"651151","time_insert":"2023-04-13 08:07"}
2023-11-03 00:41:59 查询号码 【1906336】，GSD为【"甘肃-白银"】

2023-11-03 00:42:00 开始第 6423 次操作

2023-11-03 00:42:00 开始操作号码 【1906337】
2023-11-03 00:42:04 GSD getOne 第 1 次 等待 3 秒
2023-11-03 00:42:07 查询号码 【1906337】，返回信息 {"status":"ok","msg":"甘肃-白银","gid":"651166","time_insert":"2023-04-13 08:20"}
2023-11-03 00:42:07 查询号码 【1906337】，GSD为【"甘肃-白银"】

2023-11-03 00:42:08 开始第 6424 次操作

2023-11-03 00:42:08 开始操作号码 【1906338】
2023-11-03 00:42:11 GSD getOne 第 1 次 等待 3 秒
2023-11-03 00:42:14 查询号码 【1906338】，返回信息 {"status":"ok","msg":"甘肃-白银","gid":"651171","time_insert":"2023-04-13 08:29"}
2023-11-03 00:42:14 查询号码 【1906338】，GSD为【"甘肃-白银"】

