2024-05-21 00:23:24 开始第 9889 次操作

2024-05-21 00:23:24 开始操作号码 【1589802】
2024-05-21 00:23:30 GSD getOne 第 1 次 等待 3 秒
2024-05-21 00:23:33 查询号码 【1589802】，返回信息 {"status":"ok","msg":"辽宁-铁岭","gid":"373693","time_insert":"2021-07-24 04:50"}
2024-05-21 00:23:33 查询号码 【1589802】，GSD为【"辽宁-铁岭"】

2024-05-21 00:23:34 开始第 9890 次操作

2024-05-21 00:23:34 开始操作号码 【1589803】
2024-05-21 00:23:43 GSD getOne 第 1 次 等待 3 秒
2024-05-21 00:23:46 查询号码 【1589803】，返回信息 {"status":"ok","msg":"辽宁-铁岭","gid":"373684","time_insert":"2021-07-24 04:49"}
2024-05-21 00:23:46 查询号码 【1589803】，GSD为【"辽宁-铁岭"】

2024-05-21 00:23:47 开始第 9891 次操作

2024-05-21 00:23:47 开始操作号码 【1589804】
2024-05-21 00:23:52 GSD getOne 第 1 次 等待 3 秒
2024-05-21 00:23:55 查询号码 【1589804】，返回信息 {"status":"ok","msg":"辽宁-铁岭","gid":"373676","time_insert":"2021-07-24 04:49"}
2024-05-21 00:23:55 查询号码 【1589804】，GSD为【"辽宁-铁岭"】

2024-05-21 00:23:56 开始第 9892 次操作

2024-05-21 00:23:56 开始操作号码 【1589805】
2024-05-21 00:24:02 GSD getOne 第 1 次 等待 3 秒
2024-05-21 00:24:05 查询号码 【1589805】，返回信息 {"status":"ok","msg":"辽宁-铁岭","gid":"373664","time_insert":"2021-07-24 04:48"}
2024-05-21 00:24:05 查询号码 【1589805】，GSD为【"辽宁-铁岭"】

