2021-07-06 00:00:10 开始第 16 次操作

2021-07-06 00:00:10 开始操作号码 【1329673】
2021-07-06 00:00:13 GSD getOne 第 1 次 等待 1 秒
2021-07-06 00:00:14 查询号码 【1329673】，返回信息 {"status":"bad","msg":""}
2021-07-06 00:00:14 查询号码 【1329673】，GSD为【""】
2021-07-06 00:00:14 bad
2021-07-06 00:00:20 CHB 1329673?1625500814 第 1 次 等待 1 秒
2021-07-06 00:00:21 CHB 1329673?1625500814 第 1 次 获取到号码【1329673】GSD
2021-07-06 00:00:21 获取到号码【1329673】的GSD为【浙江-杭州】
2021-07-06 00:00:27 GSD insert 第 1 次 等待 1 秒
2021-07-06 00:00:28 {"status":"ok","msg":"添加成功！201808"}
2021-07-06 00:00:28 下次操作: 2021-07-06 00:00:36

2021-07-06 00:00:36 开始第 17 次操作

2021-07-06 00:00:36 开始操作号码 【1329672】
2021-07-06 00:00:40 GSD getOne 第 1 次 等待 1 秒
2021-07-06 00:00:41 查询号码 【1329672】，返回信息 {"status":"bad","msg":""}
2021-07-06 00:00:41 查询号码 【1329672】，GSD为【""】
2021-07-06 00:00:41 bad
2021-07-06 00:00:42 CHB 1329672?1625500841 第 1 次 等待 1 秒
2021-07-06 00:00:43 CHB 1329672?1625500841 第 1 次 获取到号码【1329672】GSD
2021-07-06 00:00:43 获取到号码【1329672】的GSD为【浙江-杭州】
2021-07-06 00:00:47 GSD insert 第 1 次 等待 1 秒
2021-07-06 00:00:48 {"status":"ok","msg":"添加成功！201812"}
2021-07-06 00:00:48 下次操作: 2021-07-06 00:00:56

2021-07-06 00:00:56 开始第 18 次操作

2021-07-06 00:00:56 开始操作号码 【1329671】
2021-07-06 00:01:00 GSD getOne 第 1 次 等待 1 秒
2021-07-06 00:01:01 查询号码 【1329671】，返回信息 {"status":"bad","msg":""}
2021-07-06 00:01:01 查询号码 【1329671】，GSD为【""】
2021-07-06 00:01:01 bad
2021-07-06 00:01:02 CHB 1329671?1625500861 第 1 次 等待 1 秒
2021-07-06 00:01:03 CHB 1329671?1625500861 第 1 次 获取到号码【1329671】GSD
2021-07-06 00:01:03 获取到号码【1329671】的GSD为【浙江-杭州】
2021-07-06 00:01:07 GSD insert 第 1 次 等待 1 秒
2021-07-06 00:01:08 {"status":"ok","msg":"添加成功！201818"}
2021-07-06 00:01:08 下次操作: 2021-07-06 00:01:20

2021-07-06 00:01:20 开始第 19 次操作

2021-07-06 00:01:20 开始操作号码 【1329670】
2021-07-06 00:01:24 GSD getOne 第 1 次 等待 1 秒
2021-07-06 00:01:25 查询号码 【1329670】，返回信息 {"status":"bad","msg":""}
2021-07-06 00:01:25 查询号码 【1329670】，GSD为【""】
2021-07-06 00:01:25 bad
2021-07-06 00:01:28 CHB 1329670?1625500885 第 1 次 等待 1 秒
2021-07-06 00:01:29 CHB 1329670?1625500885 第 1 次 获取到号码【1329670】GSD
2021-07-06 00:01:29 获取到号码【1329670】的GSD为【浙江-温州】
2021-07-06 00:01:35 GSD insert 第 1 次 等待 1 秒
2021-07-06 00:01:36 {"status":"ok","msg":"添加成功！201824"}
2021-07-06 00:01:36 下次操作: 2021-07-06 00:01:54

2021-07-06 00:01:54 开始第 20 次操作

2021-07-06 00:01:54 开始操作号码 【1329669】
2021-07-06 00:01:58 GSD getOne 第 1 次 等待 1 秒
2021-07-06 00:01:59 查询号码 【1329669】，返回信息 {"status":"bad","msg":""}
2021-07-06 00:01:59 查询号码 【1329669】，GSD为【""】
2021-07-06 00:01:59 bad
2021-07-06 00:02:01 CHB 1329669?1625500919 第 1 次 等待 1 秒
2021-07-06 00:02:02 CHB 1329669?1625500919 第 1 次 获取到号码【1329669】GSD
2021-07-06 00:02:02 获取到号码【1329669】的GSD为【湖北-武汉】
2021-07-06 00:02:41 GSD insert 第 1 次 等待 1 秒
2021-07-06 00:02:43 {"status":"ok","msg":"添加成功！201837"}
2021-07-06 00:02:43 下次操作: 2021-07-06 00:02:53

2021-07-06 00:02:53 开始第 21 次操作

2021-07-06 00:02:53 开始操作号码 【1329668】
2021-07-06 00:02:56 GSD getOne 第 1 次 等待 1 秒
2021-07-06 00:02:57 查询号码 【1329668】，返回信息 {"status":"bad","msg":""}
2021-07-06 00:02:57 查询号码 【1329668】，GSD为【""】
2021-07-06 00:02:57 bad
2021-07-06 00:03:01 CHB 1329668?1625500977 第 1 次 等待 1 秒
2021-07-06 00:03:02 CHB 1329668?1625500977 第 1 次 获取到号码【1329668】GSD
2021-07-06 00:03:02 获取到号码【1329668】的GSD为【湖北-武汉】
2021-07-06 00:03:08 GSD insert 第 1 次 等待 1 秒
2021-07-06 00:03:09 {"status":"ok","msg":"添加成功！201844"}
2021-07-06 00:03:09 下次操作: 2021-07-06 00:03:21

2021-07-06 00:03:21 开始第 22 次操作

2021-07-06 00:03:21 开始操作号码 【1329667】
2021-07-06 00:03:30 GSD getOne 第 1 次 等待 1 秒
2021-07-06 00:03:31 查询号码 【1329667】，返回信息 {"status":"bad","msg":""}
2021-07-06 00:03:31 查询号码 【1329667】，GSD为【""】
2021-07-06 00:03:31 bad
2021-07-06 00:03:33 CHB 1329667?1625501011 第 1 次 等待 1 秒
2021-07-06 00:03:34 CHB 1329667?1625501011 第 1 次 获取到号码【1329667】GSD
2021-07-06 00:03:34 获取到号码【1329667】的GSD为【湖北-武汉】
2021-07-06 00:03:40 GSD insert 第 1 次 等待 1 秒
2021-07-06 00:03:41 {"status":"ok","msg":"添加成功！201851"}
2021-07-06 00:03:41 下次操作: 2021-07-06 00:03:56

2021-07-06 00:03:56 开始第 23 次操作

2021-07-06 00:03:56 开始操作号码 【1329666】
2021-07-06 00:04:07 GSD getOne 第 1 次 等待 1 秒
2021-07-06 00:04:08 查询号码 【1329666】，返回信息 {"status":"bad","msg":""}
2021-07-06 00:04:08 查询号码 【1329666】，GSD为【""】
2021-07-06 00:04:08 bad
2021-07-06 00:04:12 CHB 1329666?1625501048 第 1 次 等待 1 秒
2021-07-06 00:04:13 CHB 1329666?1625501048 第 1 次 获取到号码【1329666】GSD
2021-07-06 00:04:13 获取到号码【1329666】的GSD为【湖北-武汉】
2021-07-06 00:04:24 GSD insert 第 1 次 等待 1 秒
2021-07-06 00:04:25 {"status":"ok","msg":"添加成功！201862"}
2021-07-06 00:04:25 下次操作: 2021-07-06 00:04:40

2021-07-06 00:04:40 开始第 24 次操作

2021-07-06 00:04:40 开始操作号码 【1329665】
2021-07-06 00:04:44 GSD getOne 第 1 次 等待 1 秒
2021-07-06 00:04:45 查询号码 【1329665】，返回信息 {"status":"bad","msg":""}
2021-07-06 00:04:45 查询号码 【1329665】，GSD为【""】
2021-07-06 00:04:45 bad
2021-07-06 00:04:47 CHB 1329665?1625501085 第 1 次 等待 1 秒
2021-07-06 00:04:48 CHB 1329665?1625501085 第 1 次 获取到号码【1329665】GSD
2021-07-06 00:04:48 获取到号码【1329665】的GSD为【湖北-武汉】
2021-07-06 00:04:54 GSD insert 第 1 次 等待 1 秒
2021-07-06 00:04:55 {"status":"ok","msg":"添加成功！201867"}
2021-07-06 00:04:55 下次操作: 2021-07-06 00:05:01

2021-07-06 00:05:01 开始第 25 次操作

2021-07-06 00:05:01 开始操作号码 【1329664】
2021-07-06 00:05:05 GSD getOne 第 1 次 等待 1 秒
2021-07-06 00:05:06 查询号码 【1329664】，返回信息 {"status":"bad","msg":""}
2021-07-06 00:05:06 查询号码 【1329664】，GSD为【""】
2021-07-06 00:05:06 bad
2021-07-06 00:05:09 CHB 1329664?1625501106 第 1 次 等待 1 秒
2021-07-06 00:05:10 CHB 1329664?1625501106 第 1 次 获取到号码【1329664】GSD
2021-07-06 00:05:10 获取到号码【1329664】的GSD为【湖北-武汉】
2021-07-06 00:05:14 GSD insert 第 1 次 等待 1 秒
2021-07-06 00:05:15 {"status":"ok","msg":"添加成功！201873"}
2021-07-06 00:05:15 下次操作: 2021-07-06 00:05:31

2021-07-06 00:05:31 开始第 26 次操作

2021-07-06 00:05:31 开始操作号码 【1329663】
2021-07-06 00:05:35 GSD getOne 第 1 次 等待 1 秒
2021-07-06 00:05:36 查询号码 【1329663】，返回信息 {"status":"bad","msg":""}
2021-07-06 00:05:36 查询号码 【1329663】，GSD为【""】
2021-07-06 00:05:36 bad
2021-07-06 00:05:39 CHB 1329663?1625501136 第 1 次 等待 1 秒
2021-07-06 00:05:40 CHB 1329663?1625501136 第 1 次 获取到号码【1329663】GSD
2021-07-06 00:05:40 获取到号码【1329663】的GSD为【湖北-武汉】
2021-07-06 00:05:45 GSD insert 第 1 次 等待 1 秒
2021-07-06 00:05:46 {"status":"ok","msg":"添加成功！201880"}
2021-07-06 00:05:46 下次操作: 2021-07-06 00:05:55

2021-07-06 00:05:55 开始第 27 次操作

2021-07-06 00:05:55 开始操作号码 【1329662】
2021-07-06 00:05:59 GSD getOne 第 1 次 等待 1 秒
2021-07-06 00:06:00 查询号码 【1329662】，返回信息 {"status":"bad","msg":""}
2021-07-06 00:06:00 查询号码 【1329662】，GSD为【""】
2021-07-06 00:06:00 bad
2021-07-06 00:06:01 CHB 1329662?1625501160 第 1 次 等待 1 秒
2021-07-06 00:06:02 CHB 1329662?1625501160 第 1 次 获取到号码【1329662】GSD
2021-07-06 00:06:02 获取到号码【1329662】的GSD为【湖北-武汉】
2021-07-06 00:06:08 GSD insert 第 1 次 等待 1 秒
2021-07-06 00:06:09 {"status":"ok","msg":"添加成功！201887"}
2021-07-06 00:06:09 下次操作: 2021-07-06 00:06:17

2021-07-06 00:06:17 开始第 28 次操作

2021-07-06 00:06:17 开始操作号码 【1329661】
2021-07-06 00:06:25 GSD getOne 第 1 次 等待 1 秒
2021-07-06 00:06:26 查询号码 【1329661】，返回信息 {"status":"bad","msg":""}
2021-07-06 00:06:26 查询号码 【1329661】，GSD为【""】
2021-07-06 00:06:26 bad
2021-07-06 00:06:28 CHB 1329661?1625501186 第 1 次 等待 1 秒
2021-07-06 00:06:29 CHB 1329661?1625501186 第 1 次 获取到号码【1329661】GSD
2021-07-06 00:06:29 获取到号码【1329661】的GSD为【湖北-武汉】
2021-07-06 00:06:34 GSD insert 第 1 次 等待 1 秒
2021-07-06 00:06:35 {"status":"ok","msg":"添加成功！201893"}
2021-07-06 00:06:35 下次操作: 2021-07-06 00:06:43

2021-07-06 00:06:43 开始第 29 次操作

2021-07-06 00:06:43 开始操作号码 【1329660】
2021-07-06 00:06:48 GSD getOne 第 1 次 等待 1 秒
2021-07-06 00:06:49 查询号码 【1329660】，返回信息 {"status":"bad","msg":""}
2021-07-06 00:06:49 查询号码 【1329660】，GSD为【""】
2021-07-06 00:06:49 bad
2021-07-06 00:06:50 CHB 1329660?1625501209 第 1 次 等待 1 秒
2021-07-06 00:06:51 CHB 1329660?1625501209 第 1 次 获取到号码【1329660】GSD
2021-07-06 00:06:51 获取到号码【1329660】的GSD为【湖北-武汉】
2021-07-06 00:07:01 GSD insert 第 1 次 等待 1 秒
2021-07-06 00:07:02 {"status":"ok","msg":"添加成功！201897"}
2021-07-06 00:07:02 下次操作: 2021-07-06 00:07:19

2021-07-06 00:07:19 开始第 30 次操作

2021-07-06 00:07:19 开始操作号码 【1329659】
2021-07-06 00:07:24 GSD getOne 第 1 次 等待 1 秒
2021-07-06 00:07:25 查询号码 【1329659】，返回信息 {"status":"bad","msg":""}
2021-07-06 00:07:25 查询号码 【1329659】，GSD为【""】
2021-07-06 00:07:25 bad
2021-07-06 00:07:27 CHB 1329659?1625501245 第 1 次 等待 1 秒
2021-07-06 00:07:28 CHB 1329659?1625501245 第 1 次 获取到号码【1329659】GSD
2021-07-06 00:07:28 获取到号码【1329659】的GSD为【湖北-武汉】
2021-07-06 00:07:42 GSD insert 第 1 次 等待 1 秒
2021-07-06 00:07:43 {"status":"ok","msg":"添加成功！201905"}

