2024-03-31 00:21:14 开始第 1045 次操作

2024-03-31 00:21:14 开始操作号码 【1580959】
2024-03-31 00:21:21 GSD getOne 第 1 次 等待 3 秒
2024-03-31 00:21:24 查询号码 【1580959】，返回信息 {"status":"ok","msg":"宁夏-固原","gid":"97559","time_insert":"2021-06-15 06:22"}
2024-03-31 00:21:24 查询号码 【1580959】，GSD为【"宁夏-固原"】

2024-03-31 00:21:25 开始第 1046 次操作

2024-03-31 00:21:25 开始操作号码 【1580960】
2024-03-31 00:21:30 GSD getOne 第 1 次 等待 3 秒
2024-03-31 00:21:33 查询号码 【1580960】，返回信息 {"status":"ok","msg":"宁夏-银川","gid":"102820","time_insert":"2021-06-18 07:31"}
2024-03-31 00:21:33 查询号码 【1580960】，GSD为【"宁夏-银川"】

2024-03-31 00:21:34 开始第 1047 次操作

2024-03-31 00:21:34 开始操作号码 【1580961】
2024-03-31 00:21:41 GSD getOne 第 1 次 等待 3 秒
2024-03-31 00:21:44 查询号码 【1580961】，返回信息 {"status":"ok","msg":"宁夏-银川","gid":"97578","time_insert":"2021-06-15 06:41"}
2024-03-31 00:21:44 查询号码 【1580961】，GSD为【"宁夏-银川"】

2024-03-31 00:21:45 开始第 1048 次操作

2024-03-31 00:21:45 开始操作号码 【1580962】
2024-03-31 00:21:51 GSD getOne 第 1 次 等待 3 秒
2024-03-31 00:21:54 查询号码 【1580962】，返回信息 {"status":"ok","msg":"宁夏-石嘴山","gid":"97601","time_insert":"2021-06-15 07:00"}
2024-03-31 00:21:54 查询号码 【1580962】，GSD为【"宁夏-石嘴山"】

2024-03-31 00:38:49 开始第 1049 次操作

2024-03-31 00:38:49 开始操作号码 【1580963】
2024-03-31 00:38:55 GSD getOne 第 1 次 等待 3 秒
2024-03-31 00:38:58 查询号码 【1580963】，返回信息 {"status":"ok","msg":"宁夏-吴忠","gid":"97622","time_insert":"2021-06-15 07:18"}
2024-03-31 00:38:58 查询号码 【1580963】，GSD为【"宁夏-吴忠"】

2024-03-31 00:38:59 开始第 1050 次操作

2024-03-31 00:38:59 开始操作号码 【1580964】
2024-03-31 00:39:07 GSD getOne 第 1 次 等待 3 秒
2024-03-31 00:39:10 查询号码 【1580964】，返回信息 {"status":"ok","msg":"宁夏-固原","gid":"97643","time_insert":"2021-06-15 07:35"}
2024-03-31 00:39:10 查询号码 【1580964】，GSD为【"宁夏-固原"】

2024-03-31 00:39:11 开始第 1051 次操作

2024-03-31 00:39:11 开始操作号码 【1580965】
2024-03-31 00:39:16 GSD getOne 第 1 次 等待 3 秒
2024-03-31 00:39:19 查询号码 【1580965】，返回信息 {"status":"ok","msg":"宁夏-中卫","gid":"97671","time_insert":"2021-06-15 07:56"}
2024-03-31 00:39:19 查询号码 【1580965】，GSD为【"宁夏-中卫"】

2024-03-31 00:39:20 开始第 1052 次操作

2024-03-31 00:39:20 开始操作号码 【1580966】
2024-03-31 00:39:25 GSD getOne 第 1 次 等待 3 秒
2024-03-31 00:39:28 查询号码 【1580966】，返回信息 {"status":"ok","msg":"宁夏-银川","gid":"24366","time_insert":"2017-08-18 17:53","time_update":"2020-12-21 22:07"}
2024-03-31 00:39:28 查询号码 【1580966】，GSD为【"宁夏-银川"】

