2024-10-02 00:25:47 开始第 7505 次操作

2024-10-02 00:25:47 开始操作号码 【1367504】
2024-10-02 00:25:51 GSD getOne 第 1 次 等待 3 秒
2024-10-02 00:25:54 查询号码 【1367504】，返回信息 {"status":"ok","msg":"福建-福州","gid":"348648","time_insert":"2021-07-21 19:49"}
2024-10-02 00:25:54 查询号码 【1367504】，GSD为【"福建-福州"】

2024-10-02 00:25:55 开始第 7506 次操作

2024-10-02 00:25:55 开始操作号码 【1367505】
2024-10-02 00:25:56 GSD getOne 第 1 次 等待 3 秒
2024-10-02 00:25:59 查询号码 【1367505】，返回信息 {"status":"ok","msg":"福建-福州","gid":"8718","time_insert":"2019-03-13 07:35","time_update":"2020-09-06 04:08"}
2024-10-02 00:26:00 查询号码 【1367505】，GSD为【"福建-福州"】

2024-10-02 00:26:01 开始第 7507 次操作

2024-10-02 00:26:01 开始操作号码 【1367506】
2024-10-02 00:26:02 GSD getOne 第 1 次 等待 3 秒
2024-10-02 00:26:06 查询号码 【1367506】，返回信息 {"status":"ok","msg":"福建-福州","gid":"348634","time_insert":"2021-07-21 19:47"}
2024-10-02 00:26:06 查询号码 【1367506】，GSD为【"福建-福州"】

2024-10-02 00:26:07 开始第 7508 次操作

2024-10-02 00:26:07 开始操作号码 【1367507】
2024-10-02 00:26:10 GSD getOne 第 1 次 等待 3 秒
2024-10-02 00:26:13 查询号码 【1367507】，返回信息 {"status":"ok","msg":"福建-福州","gid":"348627","time_insert":"2021-07-21 19:46"}
2024-10-02 00:26:13 查询号码 【1367507】，GSD为【"福建-福州"】

2024-10-02 00:46:08 开始第 7509 次操作

2024-10-02 00:46:08 开始操作号码 【1367508】
2024-10-02 00:46:25 GSD getOne 第 1 次 等待 3 秒
2024-10-02 00:46:28 查询号码 【1367508】，返回信息 {"status":"ok","msg":"福建-福州","gid":"348619","time_insert":"2021-07-21 19:45"}
2024-10-02 00:46:28 查询号码 【1367508】，GSD为【"福建-福州"】

2024-10-02 00:46:29 开始第 7510 次操作

2024-10-02 00:46:29 开始操作号码 【1367509】
2024-10-02 00:46:31 GSD getOne 第 1 次 等待 3 秒
2024-10-02 00:46:34 查询号码 【1367509】，返回信息 {"status":"ok","msg":"福建-福州","gid":"348601","time_insert":"2021-07-21 19:43"}
2024-10-02 00:46:34 查询号码 【1367509】，GSD为【"福建-福州"】

2024-10-02 00:46:35 开始第 7511 次操作

2024-10-02 00:46:35 开始操作号码 【1367510】
2024-10-02 00:46:37 GSD getOne 第 1 次 等待 3 秒
2024-10-02 00:46:40 查询号码 【1367510】，返回信息 {"status":"ok","msg":"江苏-南京","gid":"348593","time_insert":"2021-07-21 19:41"}
2024-10-02 00:46:40 查询号码 【1367510】，GSD为【"江苏-南京"】

2024-10-02 00:46:41 开始第 7512 次操作

2024-10-02 00:46:41 开始操作号码 【1367511】
2024-10-02 00:46:43 GSD getOne 第 1 次 等待 3 秒
2024-10-02 00:46:46 查询号码 【1367511】，返回信息 {"status":"ok","msg":"江苏-南京","gid":"348584","time_insert":"2021-07-21 19:40"}
2024-10-02 00:46:46 查询号码 【1367511】，GSD为【"江苏-南京"】

2024-10-02 01:17:02 开始第 7513 次操作

2024-10-02 01:17:02 开始操作号码 【1367512】
2024-10-02 01:17:04 GSD getOne 第 1 次 等待 3 秒
2024-10-02 01:17:07 查询号码 【1367512】，返回信息 {"status":"ok","msg":"江苏-南京","gid":"348575","time_insert":"2021-07-21 19:39"}
2024-10-02 01:17:07 查询号码 【1367512】，GSD为【"江苏-南京"】

2024-10-02 01:17:08 开始第 7514 次操作

2024-10-02 01:17:08 开始操作号码 【1367513】
2024-10-02 01:17:10 GSD getOne 第 1 次 等待 3 秒
2024-10-02 01:17:13 查询号码 【1367513】，返回信息 {"status":"ok","msg":"江苏-南京","gid":"348561","time_insert":"2021-07-21 19:38"}
2024-10-02 01:17:13 查询号码 【1367513】，GSD为【"江苏-南京"】

2024-10-02 01:17:14 开始第 7515 次操作

2024-10-02 01:17:14 开始操作号码 【1367514】
2024-10-02 01:17:16 GSD getOne 第 1 次 等待 3 秒
2024-10-02 01:17:19 查询号码 【1367514】，返回信息 {"status":"ok","msg":"江苏-南京","gid":"50005","time_insert":"2021-04-21 14:52"}
2024-10-02 01:17:19 查询号码 【1367514】，GSD为【"江苏-南京"】

2024-10-02 01:17:20 开始第 7516 次操作

2024-10-02 01:17:20 开始操作号码 【1367515】
2024-10-02 01:17:22 GSD getOne 第 1 次 等待 3 秒
2024-10-02 01:17:25 查询号码 【1367515】，返回信息 {"status":"ok","msg":"江苏-南京","gid":"348544","time_insert":"2021-07-21 19:36"}
2024-10-02 01:17:25 查询号码 【1367515】，GSD为【"江苏-南京"】

2024-10-02 01:39:14 开始第 7517 次操作

2024-10-02 01:39:15 开始操作号码 【1367516】
2024-10-02 01:39:16 GSD getOne 第 1 次 等待 3 秒
2024-10-02 01:39:19 查询号码 【1367516】，返回信息 {"status":"ok","msg":"江苏-南京","gid":"348539","time_insert":"2021-07-21 19:35"}
2024-10-02 01:39:20 查询号码 【1367516】，GSD为【"江苏-南京"】

2024-10-02 01:39:21 开始第 7518 次操作

2024-10-02 01:39:21 开始操作号码 【1367517】
2024-10-02 01:39:23 GSD getOne 第 1 次 等待 3 秒
2024-10-02 01:39:26 查询号码 【1367517】，返回信息 {"status":"ok","msg":"江苏-南京","gid":"348533","time_insert":"2021-07-21 19:34"}
2024-10-02 01:39:26 查询号码 【1367517】，GSD为【"江苏-南京"】

2024-10-02 01:39:27 开始第 7519 次操作

2024-10-02 01:39:27 开始操作号码 【1367518】
2024-10-02 01:39:29 GSD getOne 第 1 次 等待 3 秒
2024-10-02 01:39:32 查询号码 【1367518】，返回信息 {"status":"ok","msg":"江苏-南京","gid":"348532","time_insert":"2021-07-21 19:32"}
2024-10-02 01:39:32 查询号码 【1367518】，GSD为【"江苏-南京"】

2024-10-02 01:39:33 开始第 7520 次操作

2024-10-02 01:39:33 开始操作号码 【1367519】
2024-10-02 01:39:35 GSD getOne 第 1 次 等待 3 秒
2024-10-02 01:39:38 查询号码 【1367519】，返回信息 {"status":"ok","msg":"江苏-南京","gid":"8719","time_insert":"2018-12-10 10:04","time_update":"2020-08-24 04:17"}
2024-10-02 01:39:38 查询号码 【1367519】，GSD为【"江苏-南京"】

2024-10-02 02:26:23 开始第 7521 次操作

2024-10-02 02:26:23 开始操作号码 【1367520】
2024-10-02 02:26:25 GSD getOne 第 1 次 等待 3 秒
2024-10-02 02:26:28 查询号码 【1367520】，返回信息 {"status":"ok","msg":"江苏-连云港","gid":"348527","time_insert":"2021-07-21 19:31"}
2024-10-02 02:26:29 查询号码 【1367520】，GSD为【"江苏-连云港"】

2024-10-02 02:26:30 开始第 7522 次操作

2024-10-02 02:26:30 开始操作号码 【1367521】
2024-10-02 02:26:31 GSD getOne 第 1 次 等待 3 秒
2024-10-02 02:26:34 查询号码 【1367521】，返回信息 {"status":"ok","msg":"江苏-连云港","gid":"347736","time_insert":"2021-07-21 17:17"}
2024-10-02 02:26:34 查询号码 【1367521】，GSD为【"江苏-连云港"】

2024-10-02 02:26:35 开始第 7523 次操作

2024-10-02 02:26:35 开始操作号码 【1367522】
2024-10-02 02:26:37 GSD getOne 第 1 次 等待 3 秒
2024-10-02 02:26:40 查询号码 【1367522】，返回信息 {"status":"ok","msg":"江苏-连云港","gid":"347729","time_insert":"2021-07-21 17:16"}
2024-10-02 02:26:40 查询号码 【1367522】，GSD为【"江苏-连云港"】

2024-10-02 02:26:41 开始第 7524 次操作

2024-10-02 02:26:41 开始操作号码 【1367523】
2024-10-02 02:26:43 GSD getOne 第 1 次 等待 3 秒
2024-10-02 02:26:46 查询号码 【1367523】，返回信息 {"status":"ok","msg":"江苏-连云港","gid":"347724","time_insert":"2021-07-21 17:15"}
2024-10-02 02:26:46 查询号码 【1367523】，GSD为【"江苏-连云港"】

2024-10-02 02:45:37 开始第 7525 次操作

2024-10-02 02:45:37 开始操作号码 【1367524】
2024-10-02 02:45:40 GSD getOne 第 1 次 等待 3 秒
2024-10-02 02:45:43 查询号码 【1367524】，返回信息 {"status":"ok","msg":"江苏-连云港","gid":"347719","time_insert":"2021-07-21 17:14"}
2024-10-02 02:45:43 查询号码 【1367524】，GSD为【"江苏-连云港"】

2024-10-02 02:45:44 开始第 7526 次操作

2024-10-02 02:45:44 开始操作号码 【1367525】
2024-10-02 02:45:45 GSD getOne 第 1 次 等待 3 秒
2024-10-02 02:45:48 查询号码 【1367525】，返回信息 {"status":"ok","msg":"江苏-连云港","gid":"50862","time_insert":"2021-04-21 17:09"}
2024-10-02 02:45:48 查询号码 【1367525】，GSD为【"江苏-连云港"】

2024-10-02 02:45:49 开始第 7527 次操作

2024-10-02 02:45:49 开始操作号码 【1367526】
2024-10-02 02:45:51 GSD getOne 第 1 次 等待 3 秒
2024-10-02 02:45:54 查询号码 【1367526】，返回信息 {"status":"ok","msg":"江苏-连云港","gid":"347713","time_insert":"2021-07-21 17:13"}
2024-10-02 02:45:54 查询号码 【1367526】，GSD为【"江苏-连云港"】

2024-10-02 02:45:55 开始第 7528 次操作

2024-10-02 02:45:55 开始操作号码 【1367527】
2024-10-02 02:45:57 GSD getOne 第 1 次 等待 3 秒
2024-10-02 02:46:00 查询号码 【1367527】，返回信息 {"status":"ok","msg":"江苏-连云港","gid":"347707","time_insert":"2021-07-21 17:12"}
2024-10-02 02:46:00 查询号码 【1367527】，GSD为【"江苏-连云港"】

2024-10-02 03:15:27 开始第 7529 次操作

2024-10-02 03:15:27 开始操作号码 【1367528】
2024-10-02 03:15:30 GSD getOne 第 1 次 等待 3 秒
2024-10-02 03:15:33 查询号码 【1367528】，返回信息 {"status":"ok","msg":"江苏-连云港","gid":"347698","time_insert":"2021-07-21 17:11"}
2024-10-02 03:15:33 查询号码 【1367528】，GSD为【"江苏-连云港"】

2024-10-02 03:15:34 开始第 7530 次操作

2024-10-02 03:15:34 开始操作号码 【1367529】
2024-10-02 03:15:36 GSD getOne 第 1 次 等待 3 秒
2024-10-02 03:15:39 查询号码 【1367529】，返回信息 {"status":"ok","msg":"江苏-连云港","gid":"347689","time_insert":"2021-07-21 17:10"}
2024-10-02 03:15:39 查询号码 【1367529】，GSD为【"江苏-连云港"】

2024-10-02 03:15:40 开始第 7531 次操作

2024-10-02 03:15:40 开始操作号码 【1367530】
2024-10-02 03:15:42 GSD getOne 第 1 次 等待 3 秒
2024-10-02 03:15:45 查询号码 【1367530】，返回信息 {"status":"ok","msg":"山东-菏泽","gid":"347680","time_insert":"2021-07-21 17:10"}
2024-10-02 03:15:45 查询号码 【1367530】，GSD为【"山东-菏泽"】

2024-10-02 03:15:46 开始第 7532 次操作

2024-10-02 03:15:46 开始操作号码 【1367531】
2024-10-02 03:15:48 GSD getOne 第 1 次 等待 3 秒
2024-10-02 03:15:51 查询号码 【1367531】，返回信息 {"status":"ok","msg":"山东-济南","gid":"347673","time_insert":"2021-07-21 17:09"}
2024-10-02 03:15:51 查询号码 【1367531】，GSD为【"山东-济南"】

2024-10-02 03:37:53 开始第 7533 次操作

2024-10-02 03:37:53 开始操作号码 【1367532】
2024-10-02 03:37:55 GSD getOne 第 1 次 等待 3 秒
2024-10-02 03:37:58 查询号码 【1367532】，返回信息 {"status":"ok","msg":"山东-青岛","gid":"347664","time_insert":"2021-07-21 17:08"}
2024-10-02 03:37:58 查询号码 【1367532】，GSD为【"山东-青岛"】

2024-10-02 03:37:59 开始第 7534 次操作

2024-10-02 03:37:59 开始操作号码 【1367533】
2024-10-02 03:38:01 GSD getOne 第 1 次 等待 3 秒
2024-10-02 03:38:04 查询号码 【1367533】，返回信息 {"status":"ok","msg":"山东-淄博","gid":"347657","time_insert":"2021-07-21 17:07"}
2024-10-02 03:38:04 查询号码 【1367533】，GSD为【"山东-淄博"】

2024-10-02 03:38:05 开始第 7535 次操作

2024-10-02 03:38:05 开始操作号码 【1367534】
2024-10-02 03:38:07 GSD getOne 第 1 次 等待 3 秒
2024-10-02 03:38:10 查询号码 【1367534】，返回信息 {"status":"ok","msg":"山东-德州","gid":"347648","time_insert":"2021-07-21 17:06"}
2024-10-02 03:38:10 查询号码 【1367534】，GSD为【"山东-德州"】

2024-10-02 03:38:11 开始第 7536 次操作

2024-10-02 03:38:11 开始操作号码 【1367535】
2024-10-02 03:38:12 GSD getOne 第 1 次 等待 3 秒
2024-10-02 03:38:15 查询号码 【1367535】，返回信息 {"status":"ok","msg":"山东-烟台","gid":"347638","time_insert":"2021-07-21 17:05"}
2024-10-02 03:38:15 查询号码 【1367535】，GSD为【"山东-烟台"】

2024-10-02 04:20:29 开始第 7537 次操作

2024-10-02 04:20:29 开始操作号码 【1367536】
2024-10-02 04:20:32 GSD getOne 第 1 次 等待 3 秒
2024-10-02 04:20:35 查询号码 【1367536】，返回信息 {"status":"ok","msg":"山东-潍坊","gid":"347627","time_insert":"2021-07-21 17:05"}
2024-10-02 04:20:35 查询号码 【1367536】，GSD为【"山东-潍坊"】

2024-10-02 04:20:36 开始第 7538 次操作

2024-10-02 04:20:36 开始操作号码 【1367537】
2024-10-02 04:20:38 GSD getOne 第 1 次 等待 3 秒
2024-10-02 04:20:41 查询号码 【1367537】，返回信息 {"status":"ok","msg":"山东-济宁","gid":"347618","time_insert":"2021-07-21 17:04"}
2024-10-02 04:20:41 查询号码 【1367537】，GSD为【"山东-济宁"】

2024-10-02 04:20:42 开始第 7539 次操作

2024-10-02 04:20:42 开始操作号码 【1367538】
2024-10-02 04:20:44 GSD getOne 第 1 次 等待 3 秒
2024-10-02 04:20:47 查询号码 【1367538】，返回信息 {"status":"ok","msg":"山东-泰安","gid":"347607","time_insert":"2021-07-21 17:03"}
2024-10-02 04:20:47 查询号码 【1367538】，GSD为【"山东-泰安"】

2024-10-02 04:20:48 开始第 7540 次操作

2024-10-02 04:20:48 开始操作号码 【1367539】
2024-10-02 04:20:50 GSD getOne 第 1 次 等待 3 秒
2024-10-02 04:20:53 查询号码 【1367539】，返回信息 {"status":"ok","msg":"山东-临沂","gid":"347593","time_insert":"2021-07-21 17:02"}
2024-10-02 04:20:53 查询号码 【1367539】，GSD为【"山东-临沂"】

2024-10-02 04:39:23 开始第 7541 次操作

2024-10-02 04:39:23 开始操作号码 【1367540】
2024-10-02 04:39:25 GSD getOne 第 1 次 等待 3 秒
2024-10-02 04:39:28 查询号码 【1367540】，返回信息 {"status":"ok","msg":"山东-菏泽","gid":"347582","time_insert":"2021-07-21 17:01"}
2024-10-02 04:39:28 查询号码 【1367540】，GSD为【"山东-菏泽"】

2024-10-02 04:39:29 开始第 7542 次操作

2024-10-02 04:39:29 开始操作号码 【1367541】
2024-10-02 04:39:31 GSD getOne 第 1 次 等待 3 秒
2024-10-02 04:39:34 查询号码 【1367541】，返回信息 {"status":"ok","msg":"山东-济南","gid":"347569","time_insert":"2021-07-21 17:00"}
2024-10-02 04:39:34 查询号码 【1367541】，GSD为【"山东-济南"】

2024-10-02 04:39:35 开始第 7543 次操作

2024-10-02 04:39:35 开始操作号码 【1367542】
2024-10-02 04:39:37 GSD getOne 第 1 次 等待 3 秒
2024-10-02 04:39:40 查询号码 【1367542】，返回信息 {"status":"ok","msg":"山东-青岛","gid":"347561","time_insert":"2021-07-21 16:59"}
2024-10-02 04:39:40 查询号码 【1367542】，GSD为【"山东-青岛"】

2024-10-02 04:39:41 开始第 7544 次操作

2024-10-02 04:39:41 开始操作号码 【1367543】
2024-10-02 04:39:43 GSD getOne 第 1 次 等待 3 秒
2024-10-02 04:39:46 查询号码 【1367543】，返回信息 {"status":"ok","msg":"山东-滨州","gid":"347556","time_insert":"2021-07-21 16:58"}
2024-10-02 04:39:46 查询号码 【1367543】，GSD为【"山东-滨州"】

2024-10-02 05:18:34 开始第 7545 次操作

2024-10-02 05:18:34 开始操作号码 【1367544】
2024-10-02 05:18:36 GSD getOne 第 1 次 等待 3 秒
2024-10-02 05:18:39 查询号码 【1367544】，返回信息 {"status":"ok","msg":"山东-烟台","gid":"347548","time_insert":"2021-07-21 16:57"}
2024-10-02 05:18:39 查询号码 【1367544】，GSD为【"山东-烟台"】

2024-10-02 05:18:40 开始第 7546 次操作

2024-10-02 05:18:40 开始操作号码 【1367545】
2024-10-02 05:18:42 GSD getOne 第 1 次 等待 3 秒
2024-10-02 05:18:45 查询号码 【1367545】，返回信息 {"status":"ok","msg":"山东-烟台","gid":"347536","time_insert":"2021-07-21 16:56"}
2024-10-02 05:18:45 查询号码 【1367545】，GSD为【"山东-烟台"】

2024-10-02 05:18:46 开始第 7547 次操作

2024-10-02 05:18:46 开始操作号码 【1367546】
2024-10-02 05:18:47 GSD getOne 第 1 次 等待 3 秒
2024-10-02 05:18:50 查询号码 【1367546】，返回信息 {"status":"ok","msg":"山东-东营","gid":"347529","time_insert":"2021-07-21 16:55"}
2024-10-02 05:18:50 查询号码 【1367546】，GSD为【"山东-东营"】

2024-10-02 05:18:51 开始第 7548 次操作

2024-10-02 05:18:51 开始操作号码 【1367547】
2024-10-02 05:18:54 GSD getOne 第 1 次 等待 3 秒
2024-10-02 05:18:57 查询号码 【1367547】，返回信息 {"status":"ok","msg":"山东-济宁","gid":"347520","time_insert":"2021-07-21 16:55"}
2024-10-02 05:18:57 查询号码 【1367547】，GSD为【"山东-济宁"】

2024-10-02 05:38:04 开始第 7549 次操作

2024-10-02 05:38:04 开始操作号码 【1367548】
2024-10-02 05:38:06 GSD getOne 第 1 次 等待 3 秒
2024-10-02 05:38:09 查询号码 【1367548】，返回信息 {"status":"ok","msg":"山东-泰安","gid":"347509","time_insert":"2021-07-21 16:54"}
2024-10-02 05:38:09 查询号码 【1367548】，GSD为【"山东-泰安"】

2024-10-02 05:38:10 开始第 7550 次操作

2024-10-02 05:38:10 开始操作号码 【1367549】
2024-10-02 05:38:12 GSD getOne 第 1 次 等待 3 秒
2024-10-02 05:38:15 查询号码 【1367549】，返回信息 {"status":"ok","msg":"山东-临沂","gid":"347498","time_insert":"2021-07-21 16:53"}
2024-10-02 05:38:15 查询号码 【1367549】，GSD为【"山东-临沂"】

2024-10-02 05:38:16 开始第 7551 次操作

2024-10-02 05:38:16 开始操作号码 【1367550】
2024-10-02 05:38:18 GSD getOne 第 1 次 等待 3 秒
2024-10-02 05:38:21 查询号码 【1367550】，返回信息 {"status":"ok","msg":"安徽-滁州","gid":"347479","time_insert":"2021-07-21 16:51"}
2024-10-02 05:38:21 查询号码 【1367550】，GSD为【"安徽-滁州"】

2024-10-02 05:38:22 开始第 7552 次操作

2024-10-02 05:38:22 开始操作号码 【1367551】
2024-10-02 05:38:24 GSD getOne 第 1 次 等待 3 秒
2024-10-02 05:38:27 查询号码 【1367551】，返回信息 {"status":"ok","msg":"安徽-合肥","gid":"347475","time_insert":"2021-07-21 16:49"}
2024-10-02 05:38:27 查询号码 【1367551】，GSD为【"安徽-合肥"】

2024-10-02 06:17:56 开始第 7553 次操作

2024-10-02 06:17:56 开始操作号码 【1367552】
2024-10-02 06:17:58 GSD getOne 第 1 次 等待 3 秒
2024-10-02 06:18:01 查询号码 【1367552】，返回信息 {"status":"ok","msg":"安徽-蚌埠","gid":"347466","time_insert":"2021-07-21 16:48"}
2024-10-02 06:18:01 查询号码 【1367552】，GSD为【"安徽-蚌埠"】

2024-10-02 06:18:02 开始第 7554 次操作

2024-10-02 06:18:02 开始操作号码 【1367553】
2024-10-02 06:18:05 GSD getOne 第 1 次 等待 3 秒
2024-10-02 06:18:08 查询号码 【1367553】，返回信息 {"status":"ok","msg":"安徽-芜湖","gid":"347456","time_insert":"2021-07-21 16:48"}
2024-10-02 06:18:08 查询号码 【1367553】，GSD为【"安徽-芜湖"】

2024-10-02 06:18:09 开始第 7555 次操作

2024-10-02 06:18:09 开始操作号码 【1367554】
2024-10-02 06:18:11 GSD getOne 第 1 次 等待 3 秒
2024-10-02 06:18:14 查询号码 【1367554】，返回信息 {"status":"ok","msg":"安徽-淮南","gid":"347448","time_insert":"2021-07-21 16:46"}
2024-10-02 06:18:14 查询号码 【1367554】，GSD为【"安徽-淮南"】

2024-10-02 06:18:15 开始第 7556 次操作

2024-10-02 06:18:15 开始操作号码 【1367555】
2024-10-02 06:18:17 GSD getOne 第 1 次 等待 3 秒
2024-10-02 06:18:20 查询号码 【1367555】，返回信息 {"status":"ok","msg":"安徽-黄山","gid":"347440","time_insert":"2021-07-21 16:45"}
2024-10-02 06:18:20 查询号码 【1367555】，GSD为【"安徽-黄山"】

2024-10-02 06:40:21 开始第 7557 次操作

2024-10-02 06:40:21 开始操作号码 【1367556】
2024-10-02 06:40:23 GSD getOne 第 1 次 等待 3 秒
2024-10-02 06:40:26 查询号码 【1367556】，返回信息 {"status":"ok","msg":"安徽-安庆","gid":"8720","time_insert":"2015-06-18 17:07","time_update":"2020-08-14 17:00"}
2024-10-02 06:40:26 查询号码 【1367556】，GSD为【"安徽-安庆"】

2024-10-02 06:40:27 开始第 7558 次操作

2024-10-02 06:40:27 开始操作号码 【1367557】
2024-10-02 06:40:29 GSD getOne 第 1 次 等待 3 秒
2024-10-02 06:40:32 查询号码 【1367557】，返回信息 {"status":"ok","msg":"安徽-宿州","gid":"347428","time_insert":"2021-07-21 16:44"}
2024-10-02 06:40:32 查询号码 【1367557】，GSD为【"安徽-宿州"】

2024-10-02 06:40:34 开始第 7559 次操作

2024-10-02 06:40:34 开始操作号码 【1367558】
2024-10-02 06:40:35 GSD getOne 第 1 次 等待 3 秒
2024-10-02 06:40:38 查询号码 【1367558】，返回信息 {"status":"ok","msg":"安徽-阜阳","gid":"347417","time_insert":"2021-07-21 16:43"}
2024-10-02 06:40:38 查询号码 【1367558】，GSD为【"安徽-阜阳"】

2024-10-02 06:40:39 开始第 7560 次操作

2024-10-02 06:40:39 开始操作号码 【1367559】
2024-10-02 06:40:41 GSD getOne 第 1 次 等待 3 秒
2024-10-02 06:40:44 查询号码 【1367559】，返回信息 {"status":"ok","msg":"安徽-黄山","gid":"347408","time_insert":"2021-07-21 16:42"}
2024-10-02 06:40:44 查询号码 【1367559】，GSD为【"安徽-黄山"】

2024-10-02 07:18:21 开始第 7561 次操作

2024-10-02 07:18:21 开始操作号码 【1367560】
2024-10-02 07:18:23 GSD getOne 第 1 次 等待 3 秒
2024-10-02 07:18:26 查询号码 【1367560】，返回信息 {"status":"ok","msg":"安徽-合肥","gid":"347402","time_insert":"2021-07-21 16:41"}
2024-10-02 07:18:26 查询号码 【1367560】，GSD为【"安徽-合肥"】

2024-10-02 07:18:27 开始第 7562 次操作

2024-10-02 07:18:27 开始操作号码 【1367561】
2024-10-02 07:18:30 GSD getOne 第 1 次 等待 3 秒
2024-10-02 07:18:33 查询号码 【1367561】，返回信息 {"status":"ok","msg":"安徽-六安","gid":"347399","time_insert":"2021-07-21 16:40"}
2024-10-02 07:18:33 查询号码 【1367561】，GSD为【"安徽-六安"】

2024-10-02 07:18:34 开始第 7563 次操作

2024-10-02 07:18:34 开始操作号码 【1367562】
2024-10-02 07:18:36 GSD getOne 第 1 次 等待 3 秒
2024-10-02 07:18:39 查询号码 【1367562】，返回信息 {"status":"ok","msg":"安徽-合肥","gid":"347398","time_insert":"2021-07-21 16:40"}
2024-10-02 07:18:39 查询号码 【1367562】，GSD为【"安徽-合肥"】

2024-10-02 07:18:40 开始第 7564 次操作

2024-10-02 07:18:40 开始操作号码 【1367563】
2024-10-02 07:18:42 GSD getOne 第 1 次 等待 3 秒
2024-10-02 07:18:45 查询号码 【1367563】，返回信息 {"status":"ok","msg":"安徽-宣城","gid":"347304","time_insert":"2021-07-21 16:12"}
2024-10-02 07:18:45 查询号码 【1367563】，GSD为【"安徽-宣城"】

2024-10-02 07:37:42 开始第 7565 次操作

2024-10-02 07:37:42 开始操作号码 【1367564】
2024-10-02 07:37:44 GSD getOne 第 1 次 等待 3 秒
2024-10-02 07:37:47 查询号码 【1367564】，返回信息 {"status":"ok","msg":"安徽-六安","gid":"347301","time_insert":"2021-07-21 16:11"}
2024-10-02 07:37:47 查询号码 【1367564】，GSD为【"安徽-六安"】

2024-10-02 07:37:48 开始第 7566 次操作

2024-10-02 07:37:48 开始操作号码 【1367565】
2024-10-02 07:37:50 GSD getOne 第 1 次 等待 3 秒
2024-10-02 07:37:53 查询号码 【1367565】，返回信息 {"status":"ok","msg":"安徽-合肥","gid":"347298","time_insert":"2021-07-21 16:10"}
2024-10-02 07:37:53 查询号码 【1367565】，GSD为【"安徽-合肥"】

2024-10-02 07:37:54 开始第 7567 次操作

2024-10-02 07:37:54 开始操作号码 【1367566】
2024-10-02 07:37:56 GSD getOne 第 1 次 等待 3 秒
2024-10-02 07:37:59 查询号码 【1367566】，返回信息 {"status":"ok","msg":"安徽-六安","gid":"347273","time_insert":"2021-07-21 16:05"}
2024-10-02 07:37:59 查询号码 【1367566】，GSD为【"安徽-六安"】

2024-10-02 07:38:00 开始第 7568 次操作

2024-10-02 07:38:00 开始操作号码 【1367567】
2024-10-02 07:38:02 GSD getOne 第 1 次 等待 3 秒
2024-10-02 07:38:05 查询号码 【1367567】，返回信息 {"status":"ok","msg":"安徽-阜阳","gid":"347265","time_insert":"2021-07-21 16:04"}
2024-10-02 07:38:05 查询号码 【1367567】，GSD为【"安徽-阜阳"】

2024-10-02 09:25:54 开始第 7569 次操作

2024-10-02 09:25:54 开始操作号码 【1367568】
2024-10-02 09:25:56 GSD getOne 第 1 次 等待 3 秒
2024-10-02 09:25:59 查询号码 【1367568】，返回信息 {"status":"ok","msg":"安徽-亳州","gid":"347257","time_insert":"2021-07-21 16:03"}
2024-10-02 09:25:59 查询号码 【1367568】，GSD为【"安徽-亳州"】

2024-10-02 09:26:00 开始第 7570 次操作

2024-10-02 09:26:00 开始操作号码 【1367569】
2024-10-02 09:26:02 GSD getOne 第 1 次 等待 3 秒
2024-10-02 09:26:05 查询号码 【1367569】，返回信息 {"status":"ok","msg":"安徽-蚌埠","gid":"347250","time_insert":"2021-07-21 16:02"}
2024-10-02 09:26:05 查询号码 【1367569】，GSD为【"安徽-蚌埠"】

2024-10-02 09:26:06 开始第 7571 次操作

2024-10-02 09:26:06 开始操作号码 【1367570】
2024-10-02 09:26:08 GSD getOne 第 1 次 等待 3 秒
2024-10-02 09:26:11 查询号码 【1367570】，返回信息 {"status":"ok","msg":"浙江-衢州","gid":"347238","time_insert":"2021-07-21 16:01"}
2024-10-02 09:26:11 查询号码 【1367570】，GSD为【"浙江-衢州"】

2024-10-02 09:26:12 开始第 7572 次操作

2024-10-02 09:26:12 开始操作号码 【1367571】
2024-10-02 09:26:14 GSD getOne 第 1 次 等待 3 秒
2024-10-02 09:26:17 查询号码 【1367571】，返回信息 {"status":"ok","msg":"浙江-衢州","gid":"347232","time_insert":"2021-07-21 16:00"}
2024-10-02 09:26:17 查询号码 【1367571】，GSD为【"浙江-衢州"】

2024-10-02 10:38:25 开始第 7573 次操作

2024-10-02 10:38:25 开始操作号码 【1367572】
2024-10-02 10:38:27 GSD getOne 第 1 次 等待 3 秒
2024-10-02 10:38:30 查询号码 【1367572】，返回信息 {"status":"ok","msg":"浙江-绍兴","gid":"347225","time_insert":"2021-07-21 15:59"}
2024-10-02 10:38:30 查询号码 【1367572】，GSD为【"浙江-绍兴"】

2024-10-02 10:38:31 开始第 7574 次操作

2024-10-02 10:38:31 开始操作号码 【1367573】
2024-10-02 10:38:32 GSD getOne 第 1 次 等待 3 秒
2024-10-02 10:38:35 查询号码 【1367573】，返回信息 {"status":"ok","msg":"浙江-绍兴","gid":"347216","time_insert":"2021-07-21 15:58"}
2024-10-02 10:38:35 查询号码 【1367573】，GSD为【"浙江-绍兴"】

2024-10-02 10:38:36 开始第 7575 次操作

2024-10-02 10:38:36 开始操作号码 【1367574】
2024-10-02 10:38:38 GSD getOne 第 1 次 等待 3 秒
2024-10-02 10:38:41 查询号码 【1367574】，返回信息 {"status":"ok","msg":"浙江-绍兴","gid":"347208","time_insert":"2021-07-21 15:57"}
2024-10-02 10:38:41 查询号码 【1367574】，GSD为【"浙江-绍兴"】

2024-10-02 10:38:42 开始第 7576 次操作

2024-10-02 10:38:42 开始操作号码 【1367575】
2024-10-02 10:38:44 GSD getOne 第 1 次 等待 3 秒
2024-10-02 10:38:47 查询号码 【1367575】，返回信息 {"status":"ok","msg":"浙江-绍兴","gid":"347199","time_insert":"2021-07-21 15:56"}
2024-10-02 10:38:47 查询号码 【1367575】，GSD为【"浙江-绍兴"】

2024-10-02 11:24:03 开始第 7577 次操作

2024-10-02 11:24:03 开始操作号码 【1367576】
2024-10-02 11:24:05 GSD getOne 第 1 次 等待 3 秒
2024-10-02 11:24:08 查询号码 【1367576】，返回信息 {"status":"ok","msg":"浙江-绍兴","gid":"347190","time_insert":"2021-07-21 15:56"}
2024-10-02 11:24:08 查询号码 【1367576】，GSD为【"浙江-绍兴"】

2024-10-02 11:24:09 开始第 7578 次操作

2024-10-02 11:24:09 开始操作号码 【1367577】
2024-10-02 11:24:11 GSD getOne 第 1 次 等待 3 秒
2024-10-02 11:24:14 查询号码 【1367577】，返回信息 {"status":"ok","msg":"浙江-绍兴","gid":"347184","time_insert":"2021-07-21 15:55"}
2024-10-02 11:24:14 查询号码 【1367577】，GSD为【"浙江-绍兴"】

2024-10-02 11:24:15 开始第 7579 次操作

2024-10-02 11:24:15 开始操作号码 【1367578】
2024-10-02 11:24:17 GSD getOne 第 1 次 等待 3 秒
2024-10-02 11:24:20 查询号码 【1367578】，返回信息 {"status":"ok","msg":"浙江-绍兴","gid":"347172","time_insert":"2021-07-21 15:54"}
2024-10-02 11:24:20 查询号码 【1367578】，GSD为【"浙江-绍兴"】

2024-10-02 11:24:21 开始第 7580 次操作

2024-10-02 11:24:21 开始操作号码 【1367579】
2024-10-02 11:24:23 GSD getOne 第 1 次 等待 3 秒
2024-10-02 11:24:26 查询号码 【1367579】，返回信息 {"status":"ok","msg":"浙江-绍兴","gid":"347162","time_insert":"2021-07-21 15:53"}
2024-10-02 11:24:26 查询号码 【1367579】，GSD为【"浙江-绍兴"】

2024-10-02 11:43:04 开始第 7581 次操作

2024-10-02 11:43:04 开始操作号码 【1367580】
2024-10-02 11:43:06 GSD getOne 第 1 次 等待 3 秒
2024-10-02 11:43:09 查询号码 【1367580】，返回信息 {"status":"ok","msg":"浙江-舟山","gid":"347153","time_insert":"2021-07-21 15:52"}
2024-10-02 11:43:09 查询号码 【1367580】，GSD为【"浙江-舟山"】

2024-10-02 11:43:10 开始第 7582 次操作

2024-10-02 11:43:10 开始操作号码 【1367581】
2024-10-02 11:43:12 GSD getOne 第 1 次 等待 3 秒
2024-10-02 11:43:15 查询号码 【1367581】，返回信息 {"status":"ok","msg":"浙江-杭州","gid":"347146","time_insert":"2021-07-21 15:51"}
2024-10-02 11:43:15 查询号码 【1367581】，GSD为【"浙江-杭州"】

2024-10-02 11:43:16 开始第 7583 次操作

2024-10-02 11:43:16 开始操作号码 【1367582】
2024-10-02 11:43:18 GSD getOne 第 1 次 等待 3 秒
2024-10-02 11:43:21 查询号码 【1367582】，返回信息 {"status":"ok","msg":"浙江-杭州","gid":"347138","time_insert":"2021-07-21 15:50"}
2024-10-02 11:43:21 查询号码 【1367582】，GSD为【"浙江-杭州"】

2024-10-02 11:43:22 开始第 7584 次操作

2024-10-02 11:43:22 开始操作号码 【1367583】
2024-10-02 11:43:24 GSD getOne 第 1 次 等待 3 秒
2024-10-02 11:43:27 查询号码 【1367583】，返回信息 {"status":"ok","msg":"浙江-杭州","gid":"347131","time_insert":"2021-07-21 15:50"}
2024-10-02 11:43:27 查询号码 【1367583】，GSD为【"浙江-杭州"】

2024-10-02 12:23:16 开始第 7585 次操作

2024-10-02 12:23:16 开始操作号码 【1367584】
2024-10-02 12:23:18 GSD getOne 第 1 次 等待 3 秒
2024-10-02 12:23:21 查询号码 【1367584】，返回信息 {"status":"ok","msg":"浙江-杭州","gid":"347124","time_insert":"2021-07-21 15:49"}
2024-10-02 12:23:21 查询号码 【1367584】，GSD为【"浙江-杭州"】

2024-10-02 12:23:22 开始第 7586 次操作

2024-10-02 12:23:22 开始操作号码 【1367585】
2024-10-02 12:23:24 GSD getOne 第 1 次 等待 3 秒
2024-10-02 12:23:27 查询号码 【1367585】，返回信息 {"status":"ok","msg":"浙江-杭州","gid":"347117","time_insert":"2021-07-21 15:48"}
2024-10-02 12:23:27 查询号码 【1367585】，GSD为【"浙江-杭州"】

2024-10-02 12:23:28 开始第 7587 次操作

2024-10-02 12:23:28 开始操作号码 【1367586】
2024-10-02 12:23:30 GSD getOne 第 1 次 等待 3 秒
2024-10-02 12:23:33 查询号码 【1367586】，返回信息 {"status":"ok","msg":"浙江-杭州","gid":"347112","time_insert":"2021-07-21 15:47"}
2024-10-02 12:23:33 查询号码 【1367586】，GSD为【"浙江-杭州"】

2024-10-02 12:23:34 开始第 7588 次操作

2024-10-02 12:23:34 开始操作号码 【1367587】
2024-10-02 12:23:35 GSD getOne 第 1 次 等待 3 秒
2024-10-02 12:23:38 查询号码 【1367587】，返回信息 {"status":"ok","msg":"浙江-杭州","gid":"347105","time_insert":"2021-07-21 15:46"}
2024-10-02 12:23:38 查询号码 【1367587】，GSD为【"浙江-杭州"】

2024-10-02 12:42:20 开始第 7589 次操作

2024-10-02 12:42:20 开始操作号码 【1367588】
2024-10-02 12:42:23 GSD getOne 第 1 次 等待 3 秒
2024-10-02 12:42:26 查询号码 【1367588】，返回信息 {"status":"ok","msg":"浙江-杭州","gid":"347097","time_insert":"2021-07-21 15:45"}
2024-10-02 12:42:26 查询号码 【1367588】，GSD为【"浙江-杭州"】

2024-10-02 12:42:27 开始第 7590 次操作

2024-10-02 12:42:27 开始操作号码 【1367589】
2024-10-02 12:42:30 GSD getOne 第 1 次 等待 3 秒
2024-10-02 12:42:33 查询号码 【1367589】，返回信息 {"status":"ok","msg":"浙江-杭州","gid":"347090","time_insert":"2021-07-21 15:44"}
2024-10-02 12:42:34 查询号码 【1367589】，GSD为【"浙江-杭州"】

2024-10-02 12:42:35 开始第 7591 次操作

2024-10-02 12:42:35 开始操作号码 【1367590】
2024-10-02 12:42:36 GSD getOne 第 1 次 等待 3 秒
2024-10-02 12:42:39 查询号码 【1367590】，返回信息 {"status":"ok","msg":"福建-泉州","gid":"347077","time_insert":"2021-07-21 15:44"}
2024-10-02 12:42:39 查询号码 【1367590】，GSD为【"福建-泉州"】

2024-10-02 12:42:40 开始第 7592 次操作

2024-10-02 12:42:40 开始操作号码 【1367591】
2024-10-02 12:42:42 GSD getOne 第 1 次 等待 3 秒
2024-10-02 12:42:45 查询号码 【1367591】，返回信息 {"status":"ok","msg":"福建-泉州","gid":"347068","time_insert":"2021-07-21 15:43"}
2024-10-02 12:42:45 查询号码 【1367591】，GSD为【"福建-泉州"】

2024-10-02 13:18:25 开始第 7593 次操作

2024-10-02 13:18:25 开始操作号码 【1367592】
2024-10-02 13:18:27 GSD getOne 第 1 次 等待 3 秒
2024-10-02 13:18:30 查询号码 【1367592】，返回信息 {"status":"ok","msg":"福建-泉州","gid":"8721","time_insert":"2018-11-28 22:29","time_update":"2020-09-06 04:04"}
2024-10-02 13:18:30 查询号码 【1367592】，GSD为【"福建-泉州"】

2024-10-02 13:18:31 开始第 7594 次操作

2024-10-02 13:18:31 开始操作号码 【1367593】
2024-10-02 13:18:33 GSD getOne 第 1 次 等待 3 秒
2024-10-02 13:18:36 查询号码 【1367593】，返回信息 {"status":"ok","msg":"福建-泉州","gid":"8722","time_insert":"2019-04-16 14:11","time_update":"2020-09-06 03:44"}
2024-10-02 13:18:36 查询号码 【1367593】，GSD为【"福建-泉州"】

2024-10-02 13:18:37 开始第 7595 次操作

2024-10-02 13:18:37 开始操作号码 【1367594】
2024-10-02 13:18:39 GSD getOne 第 1 次 等待 3 秒
2024-10-02 13:18:42 查询号码 【1367594】，返回信息 {"status":"ok","msg":"福建-泉州","gid":"347057","time_insert":"2021-07-21 15:41"}
2024-10-02 13:18:42 查询号码 【1367594】，GSD为【"福建-泉州"】

2024-10-02 13:18:43 开始第 7596 次操作

2024-10-02 13:18:43 开始操作号码 【1367595】
2024-10-02 13:18:45 GSD getOne 第 1 次 等待 3 秒
2024-10-02 13:18:48 查询号码 【1367595】，返回信息 {"status":"ok","msg":"福建-泉州","gid":"8723","time_insert":"2017-02-15 20:17","time_update":"2020-09-06 03:40"}
2024-10-02 13:18:48 查询号码 【1367595】，GSD为【"福建-泉州"】

2024-10-02 13:40:27 开始第 7597 次操作

2024-10-02 13:40:27 开始操作号码 【1367596】
2024-10-02 13:40:29 GSD getOne 第 1 次 等待 3 秒
2024-10-02 13:40:32 查询号码 【1367596】，返回信息 {"status":"ok","msg":"福建-泉州","gid":"347046","time_insert":"2021-07-21 15:40"}
2024-10-02 13:40:32 查询号码 【1367596】，GSD为【"福建-泉州"】

2024-10-02 13:40:33 开始第 7598 次操作

2024-10-02 13:40:33 开始操作号码 【1367597】
2024-10-02 13:40:35 GSD getOne 第 1 次 等待 3 秒
2024-10-02 13:40:38 查询号码 【1367597】，返回信息 {"status":"ok","msg":"福建-泉州","gid":"51497","time_insert":"2021-04-22 09:52"}
2024-10-02 13:40:38 查询号码 【1367597】，GSD为【"福建-泉州"】

2024-10-02 13:40:39 开始第 7599 次操作

2024-10-02 13:40:39 开始操作号码 【1367598】
2024-10-02 13:40:54 GSD getOne 第 1 次 等待 3 秒
2024-10-02 13:40:57 查询号码 【1367598】，返回信息 {"status":"ok","msg":"福建-泉州","gid":"347037","time_insert":"2021-07-21 15:39"}
2024-10-02 13:40:57 查询号码 【1367598】，GSD为【"福建-泉州"】

2024-10-02 13:40:58 开始第 7600 次操作

2024-10-02 13:40:58 开始操作号码 【1367599】
2024-10-02 13:41:00 GSD getOne 第 1 次 等待 3 秒
2024-10-02 13:41:03 查询号码 【1367599】，返回信息 {"status":"ok","msg":"福建-泉州","gid":"347026","time_insert":"2021-07-21 15:38"}
2024-10-02 13:41:03 查询号码 【1367599】，GSD为【"福建-泉州"】

