2024-05-03 00:22:04 开始第 6717 次操作

2024-05-03 00:22:04 开始操作号码 【1586630】
2024-05-03 00:22:09 GSD getOne 第 1 次 等待 3 秒
2024-05-03 00:22:12 查询号码 【1586630】，返回信息 {"status":"ok","msg":"山东-威海","gid":"399120","time_insert":"2021-07-26 07:58"}
2024-05-03 00:22:12 查询号码 【1586630】，GSD为【"山东-威海"】

2024-05-03 00:22:13 开始第 6718 次操作

2024-05-03 00:22:13 开始操作号码 【1586631】
2024-05-03 00:22:20 GSD getOne 第 1 次 等待 3 秒
2024-05-03 00:22:23 查询号码 【1586631】，返回信息 {"status":"ok","msg":"山东-威海","gid":"399109","time_insert":"2021-07-26 07:58"}
2024-05-03 00:22:23 查询号码 【1586631】，GSD为【"山东-威海"】

2024-05-03 00:22:24 开始第 6719 次操作

2024-05-03 00:22:24 开始操作号码 【1586632】
2024-05-03 00:22:30 GSD getOne 第 1 次 等待 3 秒
2024-05-03 00:22:33 查询号码 【1586632】，返回信息 {"status":"ok","msg":"山东-淄博","gid":"399095","time_insert":"2021-07-26 07:57"}
2024-05-03 00:22:33 查询号码 【1586632】，GSD为【"山东-淄博"】

2024-05-03 00:22:34 开始第 6720 次操作

2024-05-03 00:22:34 开始操作号码 【1586633】
2024-05-03 00:22:40 GSD getOne 第 1 次 等待 3 秒
2024-05-03 00:22:43 查询号码 【1586633】，返回信息 {"status":"ok","msg":"山东-日照","gid":"399081","time_insert":"2021-07-26 07:56"}
2024-05-03 00:22:44 查询号码 【1586633】，GSD为【"山东-日照"】

2024-05-03 00:39:37 开始第 6721 次操作

2024-05-03 00:39:37 开始操作号码 【1586634】
2024-05-03 00:39:46 GSD getOne 第 1 次 等待 3 秒
2024-05-03 00:39:49 查询号码 【1586634】，返回信息 {"status":"ok","msg":"山东-莱芜","gid":"399067","time_insert":"2021-07-26 07:55"}
2024-05-03 00:39:49 查询号码 【1586634】，GSD为【"山东-莱芜"】

2024-05-03 00:39:50 开始第 6722 次操作

2024-05-03 00:39:50 开始操作号码 【1586635】
2024-05-03 00:39:58 GSD getOne 第 1 次 等待 3 秒
2024-05-03 00:40:01 查询号码 【1586635】，返回信息 {"status":"ok","msg":"山东-烟台","gid":"399053","time_insert":"2021-07-26 07:54"}
2024-05-03 00:40:01 查询号码 【1586635】，GSD为【"山东-烟台"】

2024-05-03 00:40:02 开始第 6723 次操作

2024-05-03 00:40:02 开始操作号码 【1586636】
2024-05-03 00:40:09 GSD getOne 第 1 次 等待 3 秒
2024-05-03 00:40:12 查询号码 【1586636】，返回信息 {"status":"ok","msg":"山东-烟台","gid":"399044","time_insert":"2021-07-26 07:53"}
2024-05-03 00:40:13 查询号码 【1586636】，GSD为【"山东-烟台"】

2024-05-03 00:40:14 开始第 6724 次操作

2024-05-03 00:40:14 开始操作号码 【1586637】
2024-05-03 00:40:21 GSD getOne 第 1 次 等待 3 秒
2024-05-03 00:40:24 查询号码 【1586637】，返回信息 {"status":"ok","msg":"山东-烟台","gid":"399031","time_insert":"2021-07-26 07:53"}
2024-05-03 00:40:24 查询号码 【1586637】，GSD为【"山东-烟台"】

