2024-04-14 00:21:22 开始第 3517 次操作

2024-04-14 00:21:22 开始操作号码 【1583431】
2024-04-14 00:21:29 GSD getOne 第 1 次 等待 3 秒
2024-04-14 00:21:32 查询号码 【1583431】，返回信息 {"status":"ok","msg":"山西-朔州","gid":"236823","time_insert":"2021-07-10 05:27"}
2024-04-14 00:21:32 查询号码 【1583431】，GSD为【"山西-朔州"】

2024-04-14 00:21:33 开始第 3518 次操作

2024-04-14 00:21:33 开始操作号码 【1583432】
2024-04-14 00:21:39 GSD getOne 第 1 次 等待 3 秒
2024-04-14 00:21:42 查询号码 【1583432】，返回信息 {"status":"ok","msg":"山西-朔州","gid":"236906","time_insert":"2021-07-10 05:43"}
2024-04-14 00:21:42 查询号码 【1583432】，GSD为【"山西-朔州"】

2024-04-14 00:21:43 开始第 3519 次操作

2024-04-14 00:21:43 开始操作号码 【1583433】
2024-04-14 00:21:47 GSD getOne 第 1 次 等待 3 秒
2024-04-14 00:21:50 查询号码 【1583433】，返回信息 {"status":"ok","msg":"山西-晋城","gid":"237136","time_insert":"2021-07-10 06:04"}
2024-04-14 00:21:51 查询号码 【1583433】，GSD为【"山西-晋城"】

2024-04-14 00:21:52 开始第 3520 次操作

2024-04-14 00:21:52 开始操作号码 【1583434】
2024-04-14 00:21:56 GSD getOne 第 1 次 等待 3 秒
2024-04-14 00:21:59 查询号码 【1583434】，返回信息 {"status":"ok","msg":"山西-吕梁","gid":"237175","time_insert":"2021-07-10 06:23","time_update":"2021-07-27 09:37"}
2024-04-14 00:21:59 查询号码 【1583434】，GSD为【"山西-吕梁"】

