2024-07-26 00:24:58 开始第 7885 次操作

2024-07-26 00:24:58 开始操作号码 【1477795】
2024-07-26 00:25:08 GSD getOne 第 1 次 等待 3 秒
2024-07-26 00:25:11 查询号码 【1477795】，返回信息 {"status":"ok","msg":"广东-广州","gid":"377870","time_insert":"2021-07-24 13:50"}
2024-07-26 00:25:11 查询号码 【1477795】，GSD为【"广东-广州"】

2024-07-26 00:25:12 开始第 7886 次操作

2024-07-26 00:25:12 开始操作号码 【1477796】
2024-07-26 00:25:21 GSD getOne 第 1 次 等待 3 秒
2024-07-26 00:25:24 查询号码 【1477796】，返回信息 {"status":"ok","msg":"广东-广州","gid":"377858","time_insert":"2021-07-24 13:49"}
2024-07-26 00:25:24 查询号码 【1477796】，GSD为【"广东-广州"】

2024-07-26 00:25:25 开始第 7887 次操作

2024-07-26 00:25:25 开始操作号码 【1477797】
2024-07-26 00:25:34 GSD getOne 第 1 次 等待 3 秒
2024-07-26 00:25:37 查询号码 【1477797】，返回信息 {"status":"ok","msg":"广东-广州","gid":"377849","time_insert":"2021-07-24 13:48"}
2024-07-26 00:25:37 查询号码 【1477797】，GSD为【"广东-广州"】

2024-07-26 00:25:38 开始第 7888 次操作

2024-07-26 00:25:38 开始操作号码 【1477798】
2024-07-26 00:25:47 GSD getOne 第 1 次 等待 3 秒
2024-07-26 00:25:50 查询号码 【1477798】，返回信息 {"status":"ok","msg":"广东-广州","gid":"377840","time_insert":"2021-07-24 13:48"}
2024-07-26 00:25:50 查询号码 【1477798】，GSD为【"广东-广州"】

