2024-03-26 00:21:36 开始第 165 次操作

2024-03-26 00:21:36 开始操作号码 【1580079】
2024-03-26 00:21:41 GSD getOne 第 1 次 等待 3 秒
2024-03-26 00:21:44 查询号码 【1580079】，返回信息 {"status":"ok","msg":"上海-上海","gid":"83934","time_insert":"2021-06-07 06:53"}
2024-03-26 00:21:44 查询号码 【1580079】，GSD为【"上海-上海"】

2024-03-26 00:21:45 开始第 166 次操作

2024-03-26 00:21:45 开始操作号码 【1580080】
2024-03-26 00:21:50 GSD getOne 第 1 次 等待 3 秒
2024-03-26 00:21:53 查询号码 【1580080】，返回信息 {"status":"ok","msg":"上海-上海","gid":"83954","time_insert":"2021-06-07 07:11"}
2024-03-26 00:21:53 查询号码 【1580080】，GSD为【"上海-上海"】

2024-03-26 00:21:54 开始第 167 次操作

2024-03-26 00:21:54 开始操作号码 【1580081】
2024-03-26 00:22:00 GSD getOne 第 1 次 等待 3 秒
2024-03-26 00:22:03 查询号码 【1580081】，返回信息 {"status":"ok","msg":"上海-上海","gid":"83972","time_insert":"2021-06-07 07:28"}
2024-03-26 00:22:03 查询号码 【1580081】，GSD为【"上海-上海"】

2024-03-26 00:22:04 开始第 168 次操作

2024-03-26 00:22:04 开始操作号码 【1580082】
2024-03-26 00:22:09 GSD getOne 第 1 次 等待 3 秒
2024-03-26 00:22:12 查询号码 【1580082】，返回信息 {"status":"ok","msg":"上海-上海","gid":"83993","time_insert":"2021-06-07 07:46"}
2024-03-26 00:22:12 查询号码 【1580082】，GSD为【"上海-上海"】

