2024-03-30 00:21:57 开始第 865 次操作

2024-03-30 00:21:57 开始操作号码 【1580779】
2024-03-30 00:22:02 GSD getOne 第 1 次 等待 3 秒
2024-03-30 00:22:05 查询号码 【1580779】，返回信息 {"status":"ok","msg":"广西-北海","gid":"96147","time_insert":"2021-06-14 09:41"}
2024-03-30 00:22:05 查询号码 【1580779】，GSD为【"广西-北海"】

2024-03-30 00:22:06 开始第 866 次操作

2024-03-30 00:22:06 开始操作号码 【1580780】
2024-03-30 00:22:11 GSD getOne 第 1 次 等待 3 秒
2024-03-30 00:22:14 查询号码 【1580780】，返回信息 {"status":"ok","msg":"广西-南宁","gid":"96174","time_insert":"2021-06-14 10:02"}
2024-03-30 00:22:14 查询号码 【1580780】，GSD为【"广西-南宁"】

2024-03-30 00:22:15 开始第 867 次操作

2024-03-30 00:22:15 开始操作号码 【1580781】
2024-03-30 00:22:20 GSD getOne 第 1 次 等待 3 秒
2024-03-30 00:22:23 查询号码 【1580781】，返回信息 {"status":"ok","msg":"广西-南宁","gid":"96195","time_insert":"2021-06-14 10:22"}
2024-03-30 00:22:23 查询号码 【1580781】，GSD为【"广西-南宁"】

2024-03-30 00:22:24 开始第 868 次操作

2024-03-30 00:22:24 开始操作号码 【1580782】
2024-03-30 00:22:29 GSD getOne 第 1 次 等待 3 秒
2024-03-30 00:22:32 查询号码 【1580782】，返回信息 {"status":"ok","msg":"广西-柳州","gid":"96213","time_insert":"2021-06-14 10:38"}
2024-03-30 00:22:32 查询号码 【1580782】，GSD为【"广西-柳州"】

