2023-12-22 00:22:26 开始第 4413 次操作

2023-12-22 00:22:26 开始操作号码 【1804328】
2023-12-22 00:22:30 GSD getOne 第 1 次 等待 3 秒
2023-12-22 00:22:33 查询号码 【1804328】，返回信息 {"status":"ok","msg":"福建-三明","gid":"300558","time_insert":"2021-07-17 06:15"}
2023-12-22 00:22:33 查询号码 【1804328】，GSD为【"福建-三明"】

2023-12-22 00:22:34 开始第 4414 次操作

2023-12-22 00:22:34 开始操作号码 【1804329】
2023-12-22 00:22:37 GSD getOne 第 1 次 等待 3 秒
2023-12-22 00:22:40 查询号码 【1804329】，返回信息 {"status":"ok","msg":"福建-漳州","gid":"300644","time_insert":"2021-07-17 06:41"}
2023-12-22 00:22:40 查询号码 【1804329】，GSD为【"福建-漳州"】

2023-12-22 00:22:41 开始第 4415 次操作

2023-12-22 00:22:41 开始操作号码 【1804330】
2023-12-22 00:22:44 GSD getOne 第 1 次 等待 3 秒
2023-12-22 00:22:47 查询号码 【1804330】，返回信息 {"status":"ok","msg":"吉林-延边","gid":"300653","time_insert":"2021-07-17 06:42"}
2023-12-22 00:22:47 查询号码 【1804330】，GSD为【"吉林-延边"】

2023-12-22 00:22:48 开始第 4416 次操作

2023-12-22 00:22:48 开始操作号码 【1804331】
2023-12-22 00:22:53 GSD getOne 第 1 次 等待 3 秒
2023-12-22 00:22:56 查询号码 【1804331】，返回信息 {"status":"ok","msg":"吉林-延边","gid":"300667","time_insert":"2021-07-17 06:43"}
2023-12-22 00:22:56 查询号码 【1804331】，GSD为【"吉林-延边"】

2023-12-22 00:41:01 开始第 4417 次操作

2023-12-22 00:41:01 开始操作号码 【1804332】
2023-12-22 00:41:06 GSD getOne 第 1 次 等待 3 秒
2023-12-22 00:41:09 查询号码 【1804332】，返回信息 {"status":"ok","msg":"吉林-吉林","gid":"300675","time_insert":"2021-07-17 06:43"}
2023-12-22 00:41:09 查询号码 【1804332】，GSD为【"吉林-吉林"】

2023-12-22 00:41:10 开始第 4418 次操作

2023-12-22 00:41:10 开始操作号码 【1804333】
2023-12-22 00:41:15 GSD getOne 第 1 次 等待 3 秒
2023-12-22 00:41:18 查询号码 【1804333】，返回信息 {"status":"ok","msg":"福建-漳州","gid":"300681","time_insert":"2021-07-17 06:44"}
2023-12-22 00:41:18 查询号码 【1804333】，GSD为【"福建-漳州"】

2023-12-22 00:41:19 开始第 4419 次操作

2023-12-22 00:41:19 开始操作号码 【1804334】
2023-12-22 00:41:23 GSD getOne 第 1 次 等待 3 秒
2023-12-22 00:41:26 查询号码 【1804334】，返回信息 {"status":"ok","msg":"福建-漳州","gid":"300688","time_insert":"2021-07-17 06:45"}
2023-12-22 00:41:26 查询号码 【1804334】，GSD为【"福建-漳州"】

2023-12-22 00:41:27 开始第 4420 次操作

2023-12-22 00:41:27 开始操作号码 【1804335】
2023-12-22 00:41:31 GSD getOne 第 1 次 等待 3 秒
2023-12-22 00:41:34 查询号码 【1804335】，返回信息 {"status":"ok","msg":"吉林-延边","gid":"300699","time_insert":"2021-07-17 06:46"}
2023-12-22 00:41:34 查询号码 【1804335】，GSD为【"吉林-延边"】

