2024-10-08 00:23:51 开始第 8533 次操作

2024-10-08 00:23:51 开始操作号码 【1368532】
2024-10-08 00:23:53 GSD getOne 第 1 次 等待 3 秒
2024-10-08 00:23:56 查询号码 【1368532】，返回信息 {"status":"ok","msg":"山东-青岛","gid":"339388","time_insert":"2021-07-20 18:54"}
2024-10-08 00:23:56 查询号码 【1368532】，GSD为【"山东-青岛"】

2024-10-08 00:23:57 开始第 8534 次操作

2024-10-08 00:23:57 开始操作号码 【1368533】
2024-10-08 00:23:59 GSD getOne 第 1 次 等待 3 秒
2024-10-08 00:24:02 查询号码 【1368533】，返回信息 {"status":"ok","msg":"山东-淄博","gid":"339383","time_insert":"2021-07-20 18:53"}
2024-10-08 00:24:02 查询号码 【1368533】，GSD为【"山东-淄博"】

2024-10-08 00:24:03 开始第 8535 次操作

2024-10-08 00:24:03 开始操作号码 【1368534】
2024-10-08 00:24:05 GSD getOne 第 1 次 等待 3 秒
2024-10-08 00:24:08 查询号码 【1368534】，返回信息 {"status":"ok","msg":"山东-德州","gid":"339376","time_insert":"2021-07-20 18:53"}
2024-10-08 00:24:08 查询号码 【1368534】，GSD为【"山东-德州"】

2024-10-08 00:24:09 开始第 8536 次操作

2024-10-08 00:24:09 开始操作号码 【1368535】
2024-10-08 00:24:11 GSD getOne 第 1 次 等待 3 秒
2024-10-08 00:24:14 查询号码 【1368535】，返回信息 {"status":"ok","msg":"山东-烟台","gid":"339369","time_insert":"2021-07-20 18:52"}
2024-10-08 00:24:14 查询号码 【1368535】，GSD为【"山东-烟台"】

2024-10-08 00:44:34 开始第 8537 次操作

2024-10-08 00:44:34 开始操作号码 【1368536】
2024-10-08 00:44:39 GSD getOne 第 1 次 等待 3 秒
2024-10-08 00:44:42 查询号码 【1368536】，返回信息 {"status":"ok","msg":"山东-潍坊","gid":"339359","time_insert":"2021-07-20 18:51"}
2024-10-08 00:44:42 查询号码 【1368536】，GSD为【"山东-潍坊"】

2024-10-08 00:44:43 开始第 8538 次操作

2024-10-08 00:44:43 开始操作号码 【1368537】
2024-10-08 00:44:45 GSD getOne 第 1 次 等待 3 秒
2024-10-08 00:44:48 查询号码 【1368537】，返回信息 {"status":"ok","msg":"山东-济宁","gid":"339353","time_insert":"2021-07-20 18:50"}
2024-10-08 00:44:48 查询号码 【1368537】，GSD为【"山东-济宁"】

2024-10-08 00:44:49 开始第 8539 次操作

2024-10-08 00:44:49 开始操作号码 【1368538】
2024-10-08 00:44:53 GSD getOne 第 1 次 等待 3 秒
2024-10-08 00:44:56 查询号码 【1368538】，返回信息 {"status":"ok","msg":"山东-泰安","gid":"8979","time_insert":"2017-08-22 22:01","time_update":"2020-09-10 19:36"}
2024-10-08 00:44:56 查询号码 【1368538】，GSD为【"山东-泰安"】

2024-10-08 00:44:57 开始第 8540 次操作

2024-10-08 00:44:57 开始操作号码 【1368539】
2024-10-08 00:44:59 GSD getOne 第 1 次 等待 3 秒
2024-10-08 00:45:02 查询号码 【1368539】，返回信息 {"status":"ok","msg":"山东-临沂","gid":"339341","time_insert":"2021-07-20 18:49"}
2024-10-08 00:45:02 查询号码 【1368539】，GSD为【"山东-临沂"】

