2023-12-17 00:21:06 开始第 3537 次操作

2023-12-17 00:21:06 开始操作号码 【1803452】
2023-12-17 00:21:10 GSD getOne 第 1 次 等待 3 秒
2023-12-17 00:21:13 查询号码 【1803452】，返回信息 {"status":"ok","msg":"河北-石家庄","gid":"291891","time_insert":"2021-07-16 09:48"}
2023-12-17 00:21:13 查询号码 【1803452】，GSD为【"河北-石家庄"】

2023-12-17 00:21:14 开始第 3538 次操作

2023-12-17 00:21:14 开始操作号码 【1803453】
2023-12-17 00:21:18 GSD getOne 第 1 次 等待 3 秒
2023-12-17 00:21:21 查询号码 【1803453】，返回信息 {"status":"ok","msg":"河北-石家庄","gid":"291899","time_insert":"2021-07-16 09:49"}
2023-12-17 00:21:21 查询号码 【1803453】，GSD为【"河北-石家庄"】

2023-12-17 00:21:22 开始第 3539 次操作

2023-12-17 00:21:22 开始操作号码 【1803454】
2023-12-17 00:21:26 GSD getOne 第 1 次 等待 3 秒
2023-12-17 00:21:29 查询号码 【1803454】，返回信息 {"status":"ok","msg":"河北-石家庄","gid":"291905","time_insert":"2021-07-16 09:49"}
2023-12-17 00:21:29 查询号码 【1803454】，GSD为【"河北-石家庄"】

2023-12-17 00:21:30 开始第 3540 次操作

2023-12-17 00:21:30 开始操作号码 【1803455】
2023-12-17 00:21:34 GSD getOne 第 1 次 等待 3 秒
2023-12-17 00:21:37 查询号码 【1803455】，返回信息 {"status":"ok","msg":"河北-石家庄","gid":"291914","time_insert":"2021-07-16 09:50"}
2023-12-17 00:21:37 查询号码 【1803455】，GSD为【"河北-石家庄"】

