2023-12-24 00:20:52 开始第 4769 次操作

2023-12-24 00:20:52 开始操作号码 【1804684】
2023-12-24 00:20:56 GSD getOne 第 1 次 等待 3 秒
2023-12-24 00:20:59 查询号码 【1804684】，返回信息 {"status":"ok","msg":"江西-景德镇","gid":"304822","time_insert":"2021-07-17 16:08"}
2023-12-24 00:20:59 查询号码 【1804684】，GSD为【"江西-景德镇"】

2023-12-24 00:21:00 开始第 4770 次操作

2023-12-24 00:21:00 开始操作号码 【1804685】
2023-12-24 00:21:03 GSD getOne 第 1 次 等待 3 秒
2023-12-24 00:21:06 查询号码 【1804685】，返回信息 {"status":"ok","msg":"江西-宜春","gid":"32182","time_insert":"2019-07-26 22:03","time_update":"2020-09-07 15:47"}
2023-12-24 00:21:06 查询号码 【1804685】，GSD为【"江西-宜春"】

2023-12-24 00:21:07 开始第 4771 次操作

2023-12-24 00:21:07 开始操作号码 【1804686】
2023-12-24 00:21:11 GSD getOne 第 1 次 等待 3 秒
2023-12-24 00:21:14 查询号码 【1804686】，返回信息 {"status":"ok","msg":"江西-赣州","gid":"304826","time_insert":"2021-07-17 16:10"}
2023-12-24 00:21:14 查询号码 【1804686】，GSD为【"江西-赣州"】

2023-12-24 00:21:15 开始第 4772 次操作

2023-12-24 00:21:15 开始操作号码 【1804687】
2023-12-24 00:21:19 GSD getOne 第 1 次 等待 3 秒
2023-12-24 00:21:22 查询号码 【1804687】，返回信息 {"status":"ok","msg":"江西-赣州","gid":"304830","time_insert":"2021-07-17 16:11"}
2023-12-24 00:21:22 查询号码 【1804687】，GSD为【"江西-赣州"】

