2023-12-14 00:22:53 开始第 3009 次操作

2023-12-14 00:22:53 开始操作号码 【1802924】
2023-12-14 00:22:57 GSD getOne 第 1 次 等待 3 秒
2023-12-14 00:23:00 查询号码 【1802924】，返回信息 {"status":"ok","msg":"广东-佛山","gid":"286716","time_insert":"2021-07-15 19:26"}
2023-12-14 00:23:00 查询号码 【1802924】，GSD为【"广东-佛山"】

2023-12-14 00:23:01 开始第 3010 次操作

2023-12-14 00:23:01 开始操作号码 【1802925】
2023-12-14 00:23:08 GSD getOne 第 1 次 等待 3 秒
2023-12-14 00:23:11 查询号码 【1802925】，返回信息 {"status":"ok","msg":"广东-佛山","gid":"286719","time_insert":"2021-07-15 19:27"}
2023-12-14 00:23:11 查询号码 【1802925】，GSD为【"广东-佛山"】

2023-12-14 00:23:12 开始第 3011 次操作

2023-12-14 00:23:12 开始操作号码 【1802926】
2023-12-14 00:23:16 GSD getOne 第 1 次 等待 3 秒
2023-12-14 00:23:19 查询号码 【1802926】，返回信息 {"status":"ok","msg":"广东-佛山","gid":"286753","time_insert":"2021-07-15 19:38"}
2023-12-14 00:23:19 查询号码 【1802926】，GSD为【"广东-佛山"】

2023-12-14 00:23:20 开始第 3012 次操作

2023-12-14 00:23:20 开始操作号码 【1802927】
2023-12-14 00:23:25 GSD getOne 第 1 次 等待 3 秒
2023-12-14 00:23:28 查询号码 【1802927】，返回信息 {"status":"ok","msg":"广东-佛山","gid":"286759","time_insert":"2021-07-15 19:38"}
2023-12-14 00:23:28 查询号码 【1802927】，GSD为【"广东-佛山"】

