2024-03-21 00:23:02 开始第 9861 次操作

2024-03-21 00:23:02 开始操作号码 【1699774】
2024-03-21 00:23:07 GSD getOne 第 1 次 等待 3 秒
2024-03-21 00:23:10 查询号码 【1699774】，返回信息 {"status":"ok","msg":"-","gid":"643642","time_insert":"2023-04-09 21:58"}
2024-03-21 00:23:10 查询号码 【1699774】，GSD为【"-"】
2024-03-21 00:23:10 ok && -
2024-03-21 00:23:12 CHB 1699774?1710951790 第 1 次 等待 3 秒
2024-03-21 00:23:15 CHB 1699774?1710951790 第 1 次 获取到号码【1699774】GSD
2024-03-21 00:23:15 未获取到号码【1699774】GSD，可能号码格式错误
2024-03-21 00:23:15 获取到号码【1699774】的GSD为【-】
2024-03-21 00:23:22 GSD insert 第 1 次 等待 3 秒
2024-03-21 00:23:25 {"status":"bad","gid":"643642","msg":"添加失败！号码【1699774(-|-)】已存在！"}
2024-03-21 00:23:25 随机等待 174 秒，约 2 分钟
2024-03-21 00:23:25 下次操作: 2024-03-21 00:26:19

2024-03-21 00:26:19 开始第 9862 次操作

2024-03-21 00:26:19 开始操作号码 【1699775】
2024-03-21 00:26:25 GSD getOne 第 1 次 等待 3 秒
2024-03-21 00:26:28 查询号码 【1699775】，返回信息 {"status":"ok","msg":"-","gid":"643638","time_insert":"2023-04-09 21:57"}
2024-03-21 00:26:28 查询号码 【1699775】，GSD为【"-"】
2024-03-21 00:26:28 ok && -
2024-03-21 00:26:31 CHB 1699775?1710951988 第 1 次 等待 3 秒
2024-03-21 00:26:34 CHB 1699775?1710951988 第 1 次 获取到号码【1699775】GSD
2024-03-21 00:26:34 未获取到号码【1699775】GSD，可能号码格式错误
2024-03-21 00:26:34 获取到号码【1699775】的GSD为【-】
2024-03-21 00:26:43 GSD insert 第 1 次 等待 3 秒
2024-03-21 00:26:46 {"status":"bad","gid":"643638","msg":"添加失败！号码【1699775(-|-)】已存在！"}
2024-03-21 00:26:46 随机等待 182 秒，约 3 分钟
2024-03-21 00:26:46 下次操作: 2024-03-21 00:29:48

2024-03-21 00:29:48 开始第 9863 次操作

2024-03-21 00:29:48 开始操作号码 【1699776】
2024-03-21 00:29:53 GSD getOne 第 1 次 等待 3 秒
2024-03-21 00:29:56 查询号码 【1699776】，返回信息 {"status":"ok","msg":"-","gid":"643636","time_insert":"2023-04-09 21:56"}
2024-03-21 00:29:56 查询号码 【1699776】，GSD为【"-"】
2024-03-21 00:29:56 ok && -
2024-03-21 00:29:59 CHB 1699776?1710952196 第 1 次 等待 3 秒
2024-03-21 00:30:02 CHB 1699776?1710952196 第 1 次 获取到号码【1699776】GSD
2024-03-21 00:30:02 未获取到号码【1699776】GSD，可能号码格式错误
2024-03-21 00:30:02 获取到号码【1699776】的GSD为【-】
2024-03-21 00:30:08 GSD insert 第 1 次 等待 3 秒
2024-03-21 00:30:11 {"status":"bad","gid":"643636","msg":"添加失败！号码【1699776(-|-)】已存在！"}
2024-03-21 00:30:11 随机等待 146 秒，约 2 分钟
2024-03-21 00:30:11 下次操作: 2024-03-21 00:32:37

2024-03-21 00:32:37 开始第 9864 次操作

2024-03-21 00:32:37 开始操作号码 【1699777】
2024-03-21 00:32:43 GSD getOne 第 1 次 等待 3 秒
2024-03-21 00:32:46 查询号码 【1699777】，返回信息 {"status":"ok","msg":"-","gid":"643628","time_insert":"2023-04-09 21:53"}
2024-03-21 00:32:46 查询号码 【1699777】，GSD为【"-"】
2024-03-21 00:32:46 ok && -
2024-03-21 00:32:49 CHB 1699777?1710952366 第 1 次 等待 3 秒
2024-03-21 00:32:52 CHB 1699777?1710952366 第 1 次 获取到号码【1699777】GSD
2024-03-21 00:32:52 未获取到号码【1699777】GSD，可能号码格式错误
2024-03-21 00:32:52 获取到号码【1699777】的GSD为【-】
2024-03-21 00:32:57 GSD insert 第 1 次 等待 3 秒
2024-03-21 00:33:00 {"status":"bad","gid":"643628","msg":"添加失败！号码【1699777(-|-)】已存在！"}

2024-03-21 00:41:01 开始第 9865 次操作

2024-03-21 00:41:01 开始操作号码 【1699778】
2024-03-21 00:41:08 GSD getOne 第 1 次 等待 3 秒
2024-03-21 00:41:11 查询号码 【1699778】，返回信息 {"status":"ok","msg":"-","gid":"643622","time_insert":"2023-04-09 21:50"}
2024-03-21 00:41:11 查询号码 【1699778】，GSD为【"-"】
2024-03-21 00:41:11 ok && -
2024-03-21 00:41:13 CHB 1699778?1710952871 第 1 次 等待 3 秒
2024-03-21 00:41:16 CHB 1699778?1710952871 第 1 次 获取到号码【1699778】GSD
2024-03-21 00:41:16 未获取到号码【1699778】GSD，可能号码格式错误
2024-03-21 00:41:16 获取到号码【1699778】的GSD为【-】
2024-03-21 00:41:21 GSD insert 第 1 次 等待 3 秒
2024-03-21 00:41:24 {"status":"bad","gid":"643622","msg":"添加失败！号码【1699778(-|-)】已存在！"}
2024-03-21 00:41:24 随机等待 118 秒，约 1 分钟
2024-03-21 00:41:24 下次操作: 2024-03-21 00:43:22

2024-03-21 00:43:22 开始第 9866 次操作

2024-03-21 00:43:22 开始操作号码 【1699779】
2024-03-21 00:43:27 GSD getOne 第 1 次 等待 3 秒
2024-03-21 00:43:30 查询号码 【1699779】，返回信息 {"status":"ok","msg":"-","gid":"643620","time_insert":"2023-04-09 21:48"}
2024-03-21 00:43:30 查询号码 【1699779】，GSD为【"-"】
2024-03-21 00:43:30 ok && -
2024-03-21 00:43:32 CHB 1699779?1710953010 第 1 次 等待 3 秒
2024-03-21 00:43:35 CHB 1699779?1710953010 第 1 次 获取到号码【1699779】GSD
2024-03-21 00:43:35 未获取到号码【1699779】GSD，可能号码格式错误
2024-03-21 00:43:35 获取到号码【1699779】的GSD为【-】
2024-03-21 00:43:40 GSD insert 第 1 次 等待 3 秒
2024-03-21 00:43:43 {"status":"bad","gid":"643620","msg":"添加失败！号码【1699779(-|-)】已存在！"}
2024-03-21 00:43:43 随机等待 187 秒，约 3 分钟
2024-03-21 00:43:43 下次操作: 2024-03-21 00:46:50

2024-03-21 00:46:50 开始第 9867 次操作

2024-03-21 00:46:50 开始操作号码 【1699780】
2024-03-21 00:46:58 GSD getOne 第 1 次 等待 3 秒
2024-03-21 00:47:01 查询号码 【1699780】，返回信息 {"status":"ok","msg":"-","gid":"643615","time_insert":"2023-04-09 21:45"}
2024-03-21 00:47:01 查询号码 【1699780】，GSD为【"-"】
2024-03-21 00:47:01 ok && -
2024-03-21 00:47:03 CHB 1699780?1710953221 第 1 次 等待 3 秒
2024-03-21 00:47:06 CHB 1699780?1710953221 第 1 次 获取到号码【1699780】GSD
2024-03-21 00:47:07 未获取到号码【1699780】GSD，可能号码格式错误
2024-03-21 00:47:07 获取到号码【1699780】的GSD为【-】
2024-03-21 00:47:11 GSD insert 第 1 次 等待 3 秒
2024-03-21 00:47:14 {"status":"bad","gid":"643615","msg":"添加失败！号码【1699780(-|-)】已存在！"}
2024-03-21 00:47:14 随机等待 87 秒，约 1 分钟
2024-03-21 00:47:14 下次操作: 2024-03-21 00:48:41

2024-03-21 00:48:41 开始第 9868 次操作

2024-03-21 00:48:41 开始操作号码 【1699781】
2024-03-21 00:48:47 GSD getOne 第 1 次 等待 3 秒
2024-03-21 00:48:50 查询号码 【1699781】，返回信息 {"status":"ok","msg":"-","gid":"643614","time_insert":"2023-04-09 21:43"}
2024-03-21 00:48:50 查询号码 【1699781】，GSD为【"-"】
2024-03-21 00:48:50 ok && -
2024-03-21 00:48:52 CHB 1699781?1710953330 第 1 次 等待 3 秒
2024-03-21 00:48:55 CHB 1699781?1710953330 第 1 次 获取到号码【1699781】GSD
2024-03-21 00:48:55 未获取到号码【1699781】GSD，可能号码格式错误
2024-03-21 00:48:55 获取到号码【1699781】的GSD为【-】
2024-03-21 00:49:01 GSD insert 第 1 次 等待 3 秒
2024-03-21 00:49:04 {"status":"bad","gid":"643614","msg":"添加失败！号码【1699781(-|-)】已存在！"}

