2024-07-22 00:24:37 开始第 7185 次操作

2024-07-22 00:24:37 开始操作号码 【1477095】
2024-07-22 00:24:47 GSD getOne 第 1 次 等待 3 秒
2024-07-22 00:24:50 查询号码 【1477095】，返回信息 {"status":"ok","msg":"江西-宜春","gid":"14773","time_insert":"2018-05-28 08:51","time_update":"2021-05-07 17:36"}
2024-07-22 00:24:50 查询号码 【1477095】，GSD为【"江西-宜春"】

2024-07-22 00:24:51 开始第 7186 次操作

2024-07-22 00:24:51 开始操作号码 【1477096】
2024-07-22 00:24:58 GSD getOne 第 1 次 等待 3 秒
2024-07-22 00:25:01 查询号码 【1477096】，返回信息 {"status":"ok","msg":"江西-上饶","gid":"386690","time_insert":"2021-07-25 07:36"}
2024-07-22 00:25:01 查询号码 【1477096】，GSD为【"江西-上饶"】

2024-07-22 00:25:02 开始第 7187 次操作

2024-07-22 00:25:02 开始操作号码 【1477097】
2024-07-22 00:25:10 GSD getOne 第 1 次 等待 3 秒
2024-07-22 00:25:13 查询号码 【1477097】，返回信息 {"status":"ok","msg":"江西-上饶","gid":"386688","time_insert":"2021-07-25 07:35"}
2024-07-22 00:25:13 查询号码 【1477097】，GSD为【"江西-上饶"】

2024-07-22 00:25:14 开始第 7188 次操作

2024-07-22 00:25:14 开始操作号码 【1477098】
2024-07-22 00:25:22 GSD getOne 第 1 次 等待 3 秒
2024-07-22 00:25:25 查询号码 【1477098】，返回信息 {"status":"ok","msg":"江西-上饶","gid":"386687","time_insert":"2021-07-25 07:35"}
2024-07-22 00:25:25 查询号码 【1477098】，GSD为【"江西-上饶"】

2024-07-22 00:42:55 开始第 7189 次操作

2024-07-22 00:42:55 开始操作号码 【1477099】
2024-07-22 00:43:03 GSD getOne 第 1 次 等待 3 秒
2024-07-22 00:43:06 查询号码 【1477099】，返回信息 {"status":"ok","msg":"江西-上饶","gid":"386685","time_insert":"2021-07-25 07:34"}
2024-07-22 00:43:06 查询号码 【1477099】，GSD为【"江西-上饶"】

2024-07-22 00:43:07 开始第 7190 次操作

2024-07-22 00:43:07 开始操作号码 【1477100】
2024-07-22 00:43:16 GSD getOne 第 1 次 等待 3 秒
2024-07-22 00:43:19 查询号码 【1477100】，返回信息 {"status":"ok","msg":"湖北-襄阳","gid":"386681","time_insert":"2021-07-25 07:33"}
2024-07-22 00:43:19 查询号码 【1477100】，GSD为【"湖北-襄阳"】

2024-07-22 00:43:20 开始第 7191 次操作

2024-07-22 00:43:20 开始操作号码 【1477101】
2024-07-22 00:43:28 GSD getOne 第 1 次 等待 3 秒
2024-07-22 00:43:31 查询号码 【1477101】，返回信息 {"status":"ok","msg":"湖北-鄂州","gid":"386678","time_insert":"2021-07-25 07:33"}
2024-07-22 00:43:31 查询号码 【1477101】，GSD为【"湖北-鄂州"】

2024-07-22 00:43:32 开始第 7192 次操作

2024-07-22 00:43:32 开始操作号码 【1477102】
2024-07-22 00:43:41 GSD getOne 第 1 次 等待 3 秒
2024-07-22 00:43:44 查询号码 【1477102】，返回信息 {"status":"ok","msg":"湖北-孝感","gid":"386500","time_insert":"2021-07-25 06:57"}
2024-07-22 00:43:44 查询号码 【1477102】，GSD为【"湖北-孝感"】

