2024-09-09 00:22:15 开始第 3577 次操作

2024-09-09 00:22:15 开始操作号码 【1363576】
2024-09-09 00:22:24 GSD getOne 第 1 次 等待 3 秒
2024-09-09 00:22:27 查询号码 【1363576】，返回信息 {"status":"ok","msg":"湖北-恩施","gid":"7896","time_insert":"2018-12-17 17:01","time_update":"2020-09-15 14:05"}
2024-09-09 00:22:27 查询号码 【1363576】，GSD为【"湖北-恩施"】

2024-09-09 00:22:28 开始第 3578 次操作

2024-09-09 00:22:28 开始操作号码 【1363577】
2024-09-09 00:22:37 GSD getOne 第 1 次 等待 3 秒
2024-09-09 00:22:40 查询号码 【1363577】，返回信息 {"status":"ok","msg":"湖北-恩施","gid":"7897","time_insert":"2017-09-15 09:07","time_update":"2020-09-15 14:09"}
2024-09-09 00:22:40 查询号码 【1363577】，GSD为【"湖北-恩施"】

2024-09-09 00:22:41 开始第 3579 次操作

2024-09-09 00:22:41 开始操作号码 【1363578】
2024-09-09 00:22:50 GSD getOne 第 1 次 等待 3 秒
2024-09-09 00:22:53 查询号码 【1363578】，返回信息 {"status":"ok","msg":"湖北-襄阳","gid":"7898","time_insert":"2017-04-19 11:23","time_update":"2020-09-15 14:12"}
2024-09-09 00:22:53 查询号码 【1363578】，GSD为【"湖北-襄阳"】

2024-09-09 00:22:54 开始第 3580 次操作

2024-09-09 00:22:54 开始操作号码 【1363579】
2024-09-09 00:23:02 GSD getOne 第 1 次 等待 3 秒
2024-09-09 00:23:05 查询号码 【1363579】，返回信息 {"status":"ok","msg":"湖北-襄阳","gid":"137882","time_insert":"2021-06-27 08:23"}
2024-09-09 00:23:05 查询号码 【1363579】，GSD为【"湖北-襄阳"】

2024-09-09 00:42:45 开始第 3581 次操作

2024-09-09 00:42:45 开始操作号码 【1363580】
2024-09-09 00:42:53 GSD getOne 第 1 次 等待 3 秒
2024-09-09 00:42:56 查询号码 【1363580】，返回信息 {"status":"ok","msg":"湖北-襄阳","gid":"137961","time_insert":"2021-06-27 08:45"}
2024-09-09 00:42:57 查询号码 【1363580】，GSD为【"湖北-襄阳"】

2024-09-09 00:42:58 开始第 3582 次操作

2024-09-09 00:42:58 开始操作号码 【1363581】
2024-09-09 00:43:09 GSD getOne 第 1 次 等待 3 秒
2024-09-09 00:43:12 查询号码 【1363581】，返回信息 {"status":"ok","msg":"湖北-孝感","gid":"7899","time_insert":"2017-04-19 11:23","time_update":"2020-09-15 14:15"}
2024-09-09 00:43:12 查询号码 【1363581】，GSD为【"湖北-孝感"】

2024-09-09 00:43:13 开始第 3583 次操作

2024-09-09 00:43:13 开始操作号码 【1363582】
2024-09-09 00:43:20 GSD getOne 第 1 次 等待 3 秒
2024-09-09 00:43:23 查询号码 【1363582】，返回信息 {"status":"ok","msg":"湖北-孝感","gid":"137991","time_insert":"2021-06-27 09:03"}
2024-09-09 00:43:23 查询号码 【1363582】，GSD为【"湖北-孝感"】

2024-09-09 00:43:25 开始第 3584 次操作

2024-09-09 00:43:25 开始操作号码 【1363583】
2024-09-09 00:43:32 GSD getOne 第 1 次 等待 3 秒
2024-09-09 00:43:35 查询号码 【1363583】，返回信息 {"status":"ok","msg":"湖北-黄冈","gid":"7900","time_insert":"2017-05-09 13:55","time_update":"2020-09-15 14:20"}
2024-09-09 00:43:35 查询号码 【1363583】，GSD为【"湖北-黄冈"】

