2024-07-07 00:22:07 开始第 4585 次操作

2024-07-07 00:22:07 开始操作号码 【1474495】
2024-07-07 00:22:16 GSD getOne 第 1 次 等待 3 秒
2024-07-07 00:22:19 查询号码 【1474495】，返回信息 {"status":"ok","msg":"广东-江门","gid":"323327","time_insert":"2021-07-19 06:04"}
2024-07-07 00:22:19 查询号码 【1474495】，GSD为【"广东-江门"】

2024-07-07 00:22:20 开始第 4586 次操作

2024-07-07 00:22:20 开始操作号码 【1474496】
2024-07-07 00:22:28 GSD getOne 第 1 次 等待 3 秒
2024-07-07 00:22:31 查询号码 【1474496】，返回信息 {"status":"ok","msg":"广东-江门","gid":"323403","time_insert":"2021-07-19 06:19"}
2024-07-07 00:22:31 查询号码 【1474496】，GSD为【"广东-江门"】

2024-07-07 00:22:32 开始第 4587 次操作

2024-07-07 00:22:32 开始操作号码 【1474497】
2024-07-07 00:22:44 GSD getOne 第 1 次 等待 3 秒
2024-07-07 00:22:47 查询号码 【1474497】，返回信息 {"status":"ok","msg":"广东-江门","gid":"323427","time_insert":"2021-07-19 06:34"}
2024-07-07 00:22:47 查询号码 【1474497】，GSD为【"广东-江门"】

2024-07-07 00:22:48 开始第 4588 次操作

2024-07-07 00:22:48 开始操作号码 【1474498】
2024-07-07 00:22:56 GSD getOne 第 1 次 等待 3 秒
2024-07-07 00:22:59 查询号码 【1474498】，返回信息 {"status":"ok","msg":"广东-江门","gid":"323570","time_insert":"2021-07-19 06:47"}
2024-07-07 00:22:59 查询号码 【1474498】，GSD为【"广东-江门"】

