2024-09-18 00:23:43 开始第 5113 次操作

2024-09-18 00:23:43 开始操作号码 【1365112】
2024-09-18 00:23:52 GSD getOne 第 1 次 等待 3 秒
2024-09-18 00:23:55 查询号码 【1365112】，返回信息 {"status":"ok","msg":"北京-北京","gid":"234713","time_insert":"2021-07-09 23:05"}
2024-09-18 00:23:55 查询号码 【1365112】，GSD为【"北京-北京"】

2024-09-18 00:23:56 开始第 5114 次操作

2024-09-18 00:23:56 开始操作号码 【1365113】
2024-09-18 00:24:04 GSD getOne 第 1 次 等待 3 秒
2024-09-18 00:24:07 查询号码 【1365113】，返回信息 {"status":"ok","msg":"北京-北京","gid":"234769","time_insert":"2021-07-09 23:17"}
2024-09-18 00:24:07 查询号码 【1365113】，GSD为【"北京-北京"】

2024-09-18 00:24:08 开始第 5115 次操作

2024-09-18 00:24:08 开始操作号码 【1365114】
2024-09-18 00:24:17 GSD getOne 第 1 次 等待 3 秒
2024-09-18 00:24:20 查询号码 【1365114】，返回信息 {"status":"ok","msg":"北京-北京","gid":"234793","time_insert":"2021-07-09 23:29"}
2024-09-18 00:24:20 查询号码 【1365114】，GSD为【"北京-北京"】

2024-09-18 00:24:21 开始第 5116 次操作

2024-09-18 00:24:21 开始操作号码 【1365115】
2024-09-18 00:24:31 GSD getOne 第 1 次 等待 3 秒
2024-09-18 00:24:34 查询号码 【1365115】，返回信息 {"status":"ok","msg":"北京-北京","gid":"234810","time_insert":"2021-07-09 23:40"}
2024-09-18 00:24:34 查询号码 【1365115】，GSD为【"北京-北京"】

2024-09-18 00:43:50 开始第 5117 次操作

2024-09-18 00:43:50 开始操作号码 【1365116】
2024-09-18 00:43:59 GSD getOne 第 1 次 等待 3 秒
2024-09-18 00:44:02 查询号码 【1365116】，返回信息 {"status":"ok","msg":"北京-北京","gid":"234912","time_insert":"2021-07-09 23:54"}
2024-09-18 00:44:02 查询号码 【1365116】，GSD为【"北京-北京"】

2024-09-18 00:44:03 开始第 5118 次操作

2024-09-18 00:44:03 开始操作号码 【1365117】
2024-09-18 00:44:10 GSD getOne 第 1 次 等待 3 秒
2024-09-18 00:44:13 查询号码 【1365117】，返回信息 {"status":"ok","msg":"北京-北京","gid":"235071","time_insert":"2021-07-10 00:07"}
2024-09-18 00:44:14 查询号码 【1365117】，GSD为【"北京-北京"】

2024-09-18 00:44:15 开始第 5119 次操作

2024-09-18 00:44:15 开始操作号码 【1365118】
2024-09-18 00:44:22 GSD getOne 第 1 次 等待 3 秒
2024-09-18 00:44:25 查询号码 【1365118】，返回信息 {"status":"ok","msg":"北京-北京","gid":"235137","time_insert":"2021-07-10 00:21"}
2024-09-18 00:44:25 查询号码 【1365118】，GSD为【"北京-北京"】

2024-09-18 00:44:26 开始第 5120 次操作

2024-09-18 00:44:26 开始操作号码 【1365119】
2024-09-18 00:44:34 GSD getOne 第 1 次 等待 3 秒
2024-09-18 00:44:37 查询号码 【1365119】，返回信息 {"status":"ok","msg":"北京-北京","gid":"235166","time_insert":"2021-07-10 00:33"}
2024-09-18 00:44:37 查询号码 【1365119】，GSD为【"北京-北京"】

