2023-10-11 00:25:08 开始第 2574 次操作

2023-10-11 00:25:08 开始操作号码 【1902572】
2023-10-11 00:27:18 GSD getOne 第 1 次 等待 3 秒
2023-10-11 00:29:31 GSD getOne 第 2 次 等待 3 秒
2023-10-11 00:31:44 GSD getOne 第 3 次 等待 3 秒
2023-10-11 00:33:57 GSD getOne 第 4 次 等待 3 秒
2023-10-11 00:36:10 GSD getOne 第 5 次 等待 3 秒
2023-10-11 00:38:23 GSD getOne 第 6 次 等待 3 秒
2023-10-11 00:40:36 GSD getOne 第 7 次 等待 3 秒
2023-10-11 00:42:49 GSD getOne 第 8 次 等待 3 秒
2023-10-11 00:45:03 GSD getOne 第 9 次 等待 3 秒
2023-10-11 00:47:16 GSD getOne 第 10 次 等待 3 秒
2023-10-11 00:47:19 查询号码 【1902572】，返回信息 
2023-10-11 00:47:19 查询失败，3 秒后重新查询
2023-10-11 00:49:33 GSD getOne 第 1 次 等待 3 秒
2023-10-11 00:51:46 GSD getOne 第 2 次 等待 3 秒
2023-10-11 00:53:59 GSD getOne 第 3 次 等待 3 秒
2023-10-11 00:56:12 GSD getOne 第 4 次 等待 3 秒
2023-10-11 00:58:25 GSD getOne 第 5 次 等待 3 秒
2023-10-11 01:00:39 GSD getOne 第 6 次 等待 3 秒
2023-10-11 01:02:52 GSD getOne 第 7 次 等待 3 秒
2023-10-11 01:05:05 GSD getOne 第 8 次 等待 3 秒
2023-10-11 01:07:18 GSD getOne 第 9 次 等待 3 秒
2023-10-11 01:09:31 GSD getOne 第 10 次 等待 3 秒
2023-10-11 01:09:34 查询号码 【1902572】，返回信息 
2023-10-11 01:09:34 查询失败，结束本次操作，期待下次成功~
2023-10-11 01:09:34 随机等待 169 秒，约 2 分钟
2023-10-11 01:09:34 下次操作: 2023-10-11 01:12:23

2023-10-11 01:12:23 开始第 2575 次操作

2023-10-11 01:12:23 开始操作号码 【1902572】
2023-10-11 01:14:34 GSD getOne 第 1 次 等待 3 秒
2023-10-11 01:16:47 GSD getOne 第 2 次 等待 3 秒
2023-10-11 01:19:00 GSD getOne 第 3 次 等待 3 秒
2023-10-11 01:21:13 GSD getOne 第 4 次 等待 3 秒
2023-10-11 01:23:27 GSD getOne 第 5 次 等待 3 秒
2023-10-11 01:25:40 GSD getOne 第 6 次 等待 3 秒
2023-10-11 01:27:53 GSD getOne 第 7 次 等待 3 秒
2023-10-11 01:30:06 GSD getOne 第 8 次 等待 3 秒
2023-10-11 01:32:19 GSD getOne 第 9 次 等待 3 秒
2023-10-11 01:34:32 GSD getOne 第 10 次 等待 3 秒
2023-10-11 01:34:35 查询号码 【1902572】，返回信息 
2023-10-11 01:34:35 查询失败，3 秒后重新查询
2023-10-11 01:36:49 GSD getOne 第 1 次 等待 3 秒
2023-10-11 01:39:03 GSD getOne 第 2 次 等待 3 秒
2023-10-11 01:41:16 GSD getOne 第 3 次 等待 3 秒
2023-10-11 01:43:29 GSD getOne 第 4 次 等待 3 秒
2023-10-11 01:45:42 GSD getOne 第 5 次 等待 3 秒
2023-10-11 01:47:55 GSD getOne 第 6 次 等待 3 秒
2023-10-11 01:50:08 GSD getOne 第 7 次 等待 3 秒
2023-10-11 01:52:21 GSD getOne 第 8 次 等待 3 秒
2023-10-11 01:54:34 GSD getOne 第 9 次 等待 3 秒
2023-10-11 01:56:47 GSD getOne 第 10 次 等待 3 秒
2023-10-11 01:56:50 查询号码 【1902572】，返回信息 
2023-10-11 01:56:50 查询失败，结束本次操作，期待下次成功~
2023-10-11 01:56:51 随机等待 68 秒，约 1 分钟
2023-10-11 01:56:51 下次操作: 2023-10-11 01:57:59

2023-10-11 01:57:59 开始第 2576 次操作

2023-10-11 01:57:59 开始操作号码 【1902572】
2023-10-11 02:00:08 GSD getOne 第 1 次 等待 3 秒
2023-10-11 02:02:21 GSD getOne 第 2 次 等待 3 秒
2023-10-11 02:04:34 GSD getOne 第 3 次 等待 3 秒
2023-10-11 02:06:48 GSD getOne 第 4 次 等待 3 秒
2023-10-11 02:09:01 GSD getOne 第 5 次 等待 3 秒
2023-10-11 02:11:14 GSD getOne 第 6 次 等待 3 秒
2023-10-11 02:13:27 GSD getOne 第 7 次 等待 3 秒
2023-10-11 02:15:40 GSD getOne 第 8 次 等待 3 秒
2023-10-11 02:17:53 GSD getOne 第 9 次 等待 3 秒
2023-10-11 02:20:06 GSD getOne 第 10 次 等待 3 秒
2023-10-11 02:20:09 查询号码 【1902572】，返回信息 
2023-10-11 02:20:09 查询失败，3 秒后重新查询
2023-10-11 02:22:23 GSD getOne 第 1 次 等待 3 秒
2023-10-11 02:24:37 GSD getOne 第 2 次 等待 3 秒
2023-10-11 02:26:50 GSD getOne 第 3 次 等待 3 秒
2023-10-11 02:29:03 GSD getOne 第 4 次 等待 3 秒
2023-10-11 02:31:16 GSD getOne 第 5 次 等待 3 秒
2023-10-11 02:33:29 GSD getOne 第 6 次 等待 3 秒
2023-10-11 02:35:42 GSD getOne 第 7 次 等待 3 秒
2023-10-11 02:37:55 GSD getOne 第 8 次 等待 3 秒
2023-10-11 02:40:08 GSD getOne 第 9 次 等待 3 秒
2023-10-11 02:42:22 GSD getOne 第 10 次 等待 3 秒
2023-10-11 02:42:25 查询号码 【1902572】，返回信息 
2023-10-11 02:42:25 查询失败，结束本次操作，期待下次成功~

