2024-02-04 00:20:37 开始第 1741 次操作

2024-02-04 00:20:37 开始操作号码 【1691654】
2024-02-04 00:20:45 GSD getOne 第 1 次 等待 3 秒
2024-02-04 00:20:48 查询号码 【1691654】，返回信息 {"status":"ok","msg":"-","gid":"578283","time_insert":"2023-03-08 21:02"}
2024-02-04 00:20:48 查询号码 【1691654】，GSD为【"-"】
2024-02-04 00:20:48 ok && -
2024-02-04 00:20:51 CHB 1691654?1706977248 第 1 次 等待 3 秒
2024-02-04 00:20:54 CHB 1691654?1706977248 第 1 次 获取到号码【1691654】GSD
2024-02-04 00:20:54 未获取到号码【1691654】GSD，可能号码格式错误
2024-02-04 00:20:54 获取到号码【1691654】的GSD为【-】
2024-02-04 00:20:59 GSD insert 第 1 次 等待 3 秒
2024-02-04 00:21:02 {"status":"bad","gid":"578283","msg":"添加失败！号码【1691654(-|-)】已存在！"}
2024-02-04 00:21:02 随机等待 114 秒，约 1 分钟
2024-02-04 00:21:02 下次操作: 2024-02-04 00:22:56

2024-02-04 00:22:56 开始第 1742 次操作

2024-02-04 00:22:56 开始操作号码 【1691655】
2024-02-04 00:23:04 GSD getOne 第 1 次 等待 3 秒
2024-02-04 00:23:07 查询号码 【1691655】，返回信息 {"status":"ok","msg":"-","gid":"578301","time_insert":"2023-03-08 21:17"}
2024-02-04 00:23:07 查询号码 【1691655】，GSD为【"-"】
2024-02-04 00:23:07 ok && -
2024-02-04 00:23:10 CHB 1691655?1706977387 第 1 次 等待 3 秒
2024-02-04 00:23:13 CHB 1691655?1706977387 第 1 次 获取到号码【1691655】GSD
2024-02-04 00:23:13 未获取到号码【1691655】GSD，可能号码格式错误
2024-02-04 00:23:13 获取到号码【1691655】的GSD为【-】
2024-02-04 00:23:18 GSD insert 第 1 次 等待 3 秒
2024-02-04 00:23:21 {"status":"bad","gid":"578301","msg":"添加失败！号码【1691655(-|-)】已存在！"}
2024-02-04 00:23:21 随机等待 193 秒，约 3 分钟
2024-02-04 00:23:21 下次操作: 2024-02-04 00:26:34

2024-02-04 00:26:34 开始第 1743 次操作

2024-02-04 00:26:34 开始操作号码 【1691656】
2024-02-04 00:26:38 GSD getOne 第 1 次 等待 3 秒
2024-02-04 00:26:41 查询号码 【1691656】，返回信息 {"status":"ok","msg":"-","gid":"578328","time_insert":"2023-03-08 21:36"}
2024-02-04 00:26:41 查询号码 【1691656】，GSD为【"-"】
2024-02-04 00:26:41 ok && -
2024-02-04 00:26:48 CHB 1691656?1706977601 第 1 次 等待 3 秒
2024-02-04 00:26:51 CHB 1691656?1706977601 第 1 次 获取到号码【1691656】GSD
2024-02-04 00:26:51 未获取到号码【1691656】GSD，可能号码格式错误
2024-02-04 00:26:51 获取到号码【1691656】的GSD为【-】
2024-02-04 00:26:55 GSD insert 第 1 次 等待 3 秒
2024-02-04 00:26:58 {"status":"bad","gid":"578328","msg":"添加失败！号码【1691656(-|-)】已存在！"}
2024-02-04 00:26:58 随机等待 90 秒，约 1 分钟
2024-02-04 00:26:58 下次操作: 2024-02-04 00:28:28

2024-02-04 00:28:28 开始第 1744 次操作

2024-02-04 00:28:28 开始操作号码 【1691657】
2024-02-04 00:28:33 GSD getOne 第 1 次 等待 3 秒
2024-02-04 00:28:36 查询号码 【1691657】，返回信息 {"status":"ok","msg":"-","gid":"578355","time_insert":"2023-03-08 21:53"}
2024-02-04 00:28:36 查询号码 【1691657】，GSD为【"-"】
2024-02-04 00:28:36 ok && -
2024-02-04 00:28:39 CHB 1691657?1706977716 第 1 次 等待 3 秒
2024-02-04 00:28:42 CHB 1691657?1706977716 第 1 次 获取到号码【1691657】GSD
2024-02-04 00:28:42 未获取到号码【1691657】GSD，可能号码格式错误
2024-02-04 00:28:42 获取到号码【1691657】的GSD为【-】
2024-02-04 00:28:47 GSD insert 第 1 次 等待 3 秒
2024-02-04 00:28:50 {"status":"bad","gid":"578355","msg":"添加失败！号码【1691657(-|-)】已存在！"}

