2024-04-04 00:20:25 开始第 1749 次操作

2024-04-04 00:20:25 开始操作号码 【1581663】
2024-04-04 00:20:30 GSD getOne 第 1 次 等待 3 秒
2024-04-04 00:20:33 查询号码 【1581663】，返回信息 {"status":"ok","msg":"广东-汕头","gid":"118595","time_insert":"2021-06-23 16:09"}
2024-04-04 00:20:33 查询号码 【1581663】，GSD为【"广东-汕头"】

2024-04-04 00:20:34 开始第 1750 次操作

2024-04-04 00:20:34 开始操作号码 【1581664】
2024-04-04 00:20:40 GSD getOne 第 1 次 等待 3 秒
2024-04-04 00:20:43 查询号码 【1581664】，返回信息 {"status":"ok","msg":"广东-汕头","gid":"118636","time_insert":"2021-06-23 16:25"}
2024-04-04 00:20:43 查询号码 【1581664】，GSD为【"广东-汕头"】

2024-04-04 00:20:44 开始第 1751 次操作

2024-04-04 00:20:44 开始操作号码 【1581665】
2024-04-04 00:20:51 GSD getOne 第 1 次 等待 3 秒
2024-04-04 00:20:54 查询号码 【1581665】，返回信息 {"status":"ok","msg":"广东-汕头","gid":"118662","time_insert":"2021-06-23 16:44"}
2024-04-04 00:20:54 查询号码 【1581665】，GSD为【"广东-汕头"】

2024-04-04 00:20:55 开始第 1752 次操作

2024-04-04 00:20:55 开始操作号码 【1581666】
2024-04-04 00:20:59 GSD getOne 第 1 次 等待 3 秒
2024-04-04 00:21:02 查询号码 【1581666】，返回信息 {"status":"ok","msg":"广东-汕头","gid":"118788","time_insert":"2021-06-23 17:01"}
2024-04-04 00:21:03 查询号码 【1581666】，GSD为【"广东-汕头"】

