2024-09-03 00:24:03 开始第 2545 次操作

2024-09-03 00:24:03 开始操作号码 【1362544】
2024-09-03 00:24:11 GSD getOne 第 1 次 等待 3 秒
2024-09-03 00:24:14 查询号码 【1362544】，返回信息 {"status":"ok","msg":"山东-烟台","gid":"98278","time_insert":"2021-06-15 17:00"}
2024-09-03 00:24:14 查询号码 【1362544】，GSD为【"山东-烟台"】

2024-09-03 00:24:15 开始第 2546 次操作

2024-09-03 00:24:15 开始操作号码 【1362545】
2024-09-03 00:24:23 GSD getOne 第 1 次 等待 3 秒
2024-09-03 00:24:26 查询号码 【1362545】，返回信息 {"status":"ok","msg":"山东-烟台","gid":"98310","time_insert":"2021-06-15 17:28"}
2024-09-03 00:24:26 查询号码 【1362545】，GSD为【"山东-烟台"】

2024-09-03 00:24:27 开始第 2547 次操作

2024-09-03 00:24:27 开始操作号码 【1362546】
2024-09-03 00:24:36 GSD getOne 第 1 次 等待 3 秒
2024-09-03 00:24:39 查询号码 【1362546】，返回信息 {"status":"ok","msg":"山东-东营","gid":"98334","time_insert":"2021-06-15 17:49"}
2024-09-03 00:24:39 查询号码 【1362546】，GSD为【"山东-东营"】

2024-09-03 00:24:40 开始第 2548 次操作

2024-09-03 00:24:40 开始操作号码 【1362547】
2024-09-03 00:24:48 GSD getOne 第 1 次 等待 3 秒
2024-09-03 00:24:51 查询号码 【1362547】，返回信息 {"status":"ok","msg":"山东-济宁","gid":"98352","time_insert":"2021-06-15 18:06"}
2024-09-03 00:24:51 查询号码 【1362547】，GSD为【"山东-济宁"】

2024-09-03 00:44:09 开始第 2549 次操作

2024-09-03 00:44:09 开始操作号码 【1362548】
2024-09-03 00:44:18 GSD getOne 第 1 次 等待 3 秒
2024-09-03 00:44:21 查询号码 【1362548】，返回信息 {"status":"ok","msg":"山东-泰安","gid":"98383","time_insert":"2021-06-15 18:34"}
2024-09-03 00:44:21 查询号码 【1362548】，GSD为【"山东-泰安"】

2024-09-03 00:44:22 开始第 2550 次操作

2024-09-03 00:44:22 开始操作号码 【1362549】
2024-09-03 00:44:30 GSD getOne 第 1 次 等待 3 秒
2024-09-03 00:44:33 查询号码 【1362549】，返回信息 {"status":"ok","msg":"山东-临沂","gid":"98409","time_insert":"2021-06-15 18:55"}
2024-09-03 00:44:33 查询号码 【1362549】，GSD为【"山东-临沂"】

2024-09-03 00:44:34 开始第 2551 次操作

2024-09-03 00:44:34 开始操作号码 【1362550】
2024-09-03 00:44:41 GSD getOne 第 1 次 等待 3 秒
2024-09-03 00:44:44 查询号码 【1362550】，返回信息 {"status":"ok","msg":"安徽-滁州","gid":"98433","time_insert":"2021-06-15 19:13"}
2024-09-03 00:44:44 查询号码 【1362550】，GSD为【"安徽-滁州"】

2024-09-03 00:44:45 开始第 2552 次操作

2024-09-03 00:44:45 开始操作号码 【1362551】
2024-09-03 00:44:53 GSD getOne 第 1 次 等待 3 秒
2024-09-03 00:44:56 查询号码 【1362551】，返回信息 {"status":"ok","msg":"安徽-合肥","gid":"98457","time_insert":"2021-06-15 19:35"}
2024-09-03 00:44:57 查询号码 【1362551】，GSD为【"安徽-合肥"】

