2023-10-15 00:19:53 开始第 3089 次操作

2023-10-15 00:19:53 开始操作号码 【1903055】
2023-10-15 00:19:59 GSD getOne 第 1 次 等待 3 秒
2023-10-15 00:20:02 查询号码 【1903055】，返回信息 {"status":"ok","msg":"河北-唐山","gid":"577012","time_insert":"2023-03-08 05:38","time_update":"2023-06-09 17:39"}
2023-10-15 00:20:03 查询号码 【1903055】，GSD为【"河北-唐山"】

2023-10-15 00:20:04 开始第 3090 次操作

2023-10-15 00:20:04 开始操作号码 【1903056】
2023-10-15 00:20:18 GSD getOne 第 1 次 等待 3 秒
2023-10-15 00:20:21 查询号码 【1903056】，返回信息 {"status":"ok","msg":"河北-廊坊","gid":"577028","time_insert":"2023-03-08 05:51","time_update":"2023-06-09 17:48"}
2023-10-15 00:20:21 查询号码 【1903056】，GSD为【"河北-廊坊"】

2023-10-15 00:20:22 开始第 3091 次操作

2023-10-15 00:20:22 开始操作号码 【1903057】
2023-10-15 00:20:29 GSD getOne 第 1 次 等待 3 秒
2023-10-15 00:20:32 查询号码 【1903057】，返回信息 {"status":"ok","msg":"河北-沧州","gid":"577054","time_insert":"2023-03-08 06:06","time_update":"2023-06-09 18:01"}
2023-10-15 00:20:32 查询号码 【1903057】，GSD为【"河北-沧州"】

2023-10-15 00:20:33 开始第 3092 次操作

2023-10-15 00:20:33 开始操作号码 【1903058】
2023-10-15 00:20:38 GSD getOne 第 1 次 等待 3 秒
2023-10-15 00:20:41 查询号码 【1903058】，返回信息 {"status":"ok","msg":"河北-衡水","gid":"577078","time_insert":"2023-03-08 06:25","time_update":"2023-06-09 18:11"}
2023-10-15 00:20:41 查询号码 【1903058】，GSD为【"河北-衡水"】

2023-10-15 00:37:56 开始第 3093 次操作

2023-10-15 00:37:56 开始操作号码 【1903059】
2023-10-15 00:38:05 GSD getOne 第 1 次 等待 3 秒
2023-10-15 00:38:08 查询号码 【1903059】，返回信息 {"status":"ok","msg":"河北-邢台","gid":"577091","time_insert":"2023-03-08 06:34","time_update":"2023-06-09 18:23"}
2023-10-15 00:38:08 查询号码 【1903059】，GSD为【"河北-邢台"】

2023-10-15 00:38:09 开始第 3094 次操作

2023-10-15 00:38:09 开始操作号码 【1903060】
2023-10-15 00:38:16 GSD getOne 第 1 次 等待 3 秒
2023-10-15 00:38:19 查询号码 【1903060】，返回信息 {"status":"ok","msg":"河北-邯郸","gid":"577123","time_insert":"2023-03-08 06:55","time_update":"2023-06-09 18:34"}
2023-10-15 00:38:19 查询号码 【1903060】，GSD为【"河北-邯郸"】

2023-10-15 00:38:20 开始第 3095 次操作

2023-10-15 00:38:20 开始操作号码 【1903061】
2023-10-15 00:38:26 GSD getOne 第 1 次 等待 3 秒
2023-10-15 00:38:29 查询号码 【1903061】，返回信息 {"status":"ok","msg":"河北-唐山","gid":"577138","time_insert":"2023-03-08 07:06","time_update":"2023-06-09 18:43"}
2023-10-15 00:38:29 查询号码 【1903061】，GSD为【"河北-唐山"】

2023-10-15 00:38:30 开始第 3096 次操作

2023-10-15 00:38:30 开始操作号码 【1903062】
2023-10-15 00:38:39 GSD getOne 第 1 次 等待 3 秒
2023-10-15 00:38:42 查询号码 【1903062】，返回信息 {"status":"ok","msg":"河北-保定","gid":"577166","time_insert":"2023-03-08 07:29","time_update":"2023-06-09 18:53"}
2023-10-15 00:38:42 查询号码 【1903062】，GSD为【"河北-保定"】

