2024-09-06 00:23:14 开始第 3061 次操作

2024-09-06 00:23:14 开始操作号码 【1363060】
2024-09-06 00:23:22 GSD getOne 第 1 次 等待 3 秒
2024-09-06 00:23:25 查询号码 【1363060】，返回信息 {"status":"ok","msg":"吉林-吉林","gid":"109731","time_insert":"2021-06-21 03:59"}
2024-09-06 00:23:25 查询号码 【1363060】，GSD为【"吉林-吉林"】

2024-09-06 00:23:26 开始第 3062 次操作

2024-09-06 00:23:26 开始操作号码 【1363061】
2024-09-06 00:23:35 GSD getOne 第 1 次 等待 3 秒
2024-09-06 00:23:38 查询号码 【1363061】，返回信息 {"status":"ok","msg":"吉林-吉林","gid":"7832","time_insert":"2018-03-04 17:37","time_update":"2020-08-22 08:50"}
2024-09-06 00:23:38 查询号码 【1363061】，GSD为【"吉林-吉林"】

2024-09-06 00:23:39 开始第 3063 次操作

2024-09-06 00:23:39 开始操作号码 【1363062】
2024-09-06 00:23:47 GSD getOne 第 1 次 等待 3 秒
2024-09-06 00:23:50 查询号码 【1363062】，返回信息 {"status":"ok","msg":"吉林-吉林","gid":"53474","time_insert":"2020-12-24 09:39"}
2024-09-06 00:23:50 查询号码 【1363062】，GSD为【"吉林-吉林"】

2024-09-06 00:23:51 开始第 3064 次操作

2024-09-06 00:23:51 开始操作号码 【1363063】
2024-09-06 00:23:59 GSD getOne 第 1 次 等待 3 秒
2024-09-06 00:24:02 查询号码 【1363063】，返回信息 {"status":"ok","msg":"吉林-吉林","gid":"109766","time_insert":"2021-06-21 04:27"}
2024-09-06 00:24:02 查询号码 【1363063】，GSD为【"吉林-吉林"】

