2024-09-17 00:23:05 开始第 4941 次操作

2024-09-17 00:23:05 开始操作号码 【1364940】
2024-09-17 00:23:13 GSD getOne 第 1 次 等待 3 秒
2024-09-17 00:23:16 查询号码 【1364940】，返回信息 {"status":"ok","msg":"广西-南宁","gid":"225109","time_insert":"2021-07-08 19:47"}
2024-09-17 00:23:16 查询号码 【1364940】，GSD为【"广西-南宁"】

2024-09-17 00:23:17 开始第 4942 次操作

2024-09-17 00:23:17 开始操作号码 【1364941】
2024-09-17 00:23:24 GSD getOne 第 1 次 等待 3 秒
2024-09-17 00:23:27 查询号码 【1364941】，返回信息 {"status":"ok","msg":"广西-南宁","gid":"225230","time_insert":"2021-07-08 19:59"}
2024-09-17 00:23:27 查询号码 【1364941】，GSD为【"广西-南宁"】

2024-09-17 00:23:28 开始第 4943 次操作

2024-09-17 00:23:28 开始操作号码 【1364942】
2024-09-17 00:23:36 GSD getOne 第 1 次 等待 3 秒
2024-09-17 00:23:39 查询号码 【1364942】，返回信息 {"status":"ok","msg":"广西-柳州","gid":"225251","time_insert":"2021-07-08 20:10"}
2024-09-17 00:23:39 查询号码 【1364942】，GSD为【"广西-柳州"】

2024-09-17 00:23:40 开始第 4944 次操作

2024-09-17 00:23:40 开始操作号码 【1364943】
2024-09-17 00:23:48 GSD getOne 第 1 次 等待 3 秒
2024-09-17 00:23:51 查询号码 【1364943】，返回信息 {"status":"ok","msg":"广西-桂林","gid":"225274","time_insert":"2021-07-08 20:24"}
2024-09-17 00:23:51 查询号码 【1364943】，GSD为【"广西-桂林"】

2024-09-17 00:45:16 开始第 4945 次操作

2024-09-17 00:45:16 开始操作号码 【1364944】
2024-09-17 00:45:26 GSD getOne 第 1 次 等待 3 秒
2024-09-17 00:45:29 查询号码 【1364944】，返回信息 {"status":"ok","msg":"广西-梧州","gid":"225294","time_insert":"2021-07-08 20:34"}
2024-09-17 00:45:29 查询号码 【1364944】，GSD为【"广西-梧州"】

2024-09-17 00:45:30 开始第 4946 次操作

2024-09-17 00:45:30 开始操作号码 【1364945】
2024-09-17 00:45:38 GSD getOne 第 1 次 等待 3 秒
2024-09-17 00:45:41 查询号码 【1364945】，返回信息 {"status":"ok","msg":"广西-玉林","gid":"225311","time_insert":"2021-07-08 20:45"}
2024-09-17 00:45:41 查询号码 【1364945】，GSD为【"广西-玉林"】

2024-09-17 00:45:42 开始第 4947 次操作

2024-09-17 00:45:42 开始操作号码 【1364946】
2024-09-17 00:45:51 GSD getOne 第 1 次 等待 3 秒
2024-09-17 00:45:54 查询号码 【1364946】，返回信息 {"status":"ok","msg":"广西-玉林","gid":"225334","time_insert":"2021-07-08 20:58"}
2024-09-17 00:45:54 查询号码 【1364946】，GSD为【"广西-玉林"】

2024-09-17 00:45:55 开始第 4948 次操作

2024-09-17 00:45:55 开始操作号码 【1364947】
2024-09-17 00:46:03 GSD getOne 第 1 次 等待 3 秒
2024-09-17 00:46:06 查询号码 【1364947】，返回信息 {"status":"ok","msg":"广西-南宁","gid":"225446","time_insert":"2021-07-08 21:11"}
2024-09-17 00:46:06 查询号码 【1364947】，GSD为【"广西-南宁"】

