2021-07-17 00:00:22 开始第 17 次操作

2021-07-17 00:00:22 开始操作号码 【1336098】
2021-07-17 00:00:26 GSD getOne 第 1 次 等待 3 秒
2021-07-17 00:00:29 查询号码 【1336098】，返回信息 {"status":"bad","msg":""}
2021-07-17 00:00:29 查询号码 【1336098】，GSD为【""】
2021-07-17 00:00:29 bad
2021-07-17 00:00:31 CHB 1336098?1626451229 第 1 次 等待 3 秒
2021-07-17 00:00:34 CHB 1336098?1626451229 第 1 次 获取到号码【1336098】GSD
2021-07-17 00:00:34 获取到号码【1336098】的GSD为【广东-河源】
2021-07-17 00:00:58 GSD insert 第 1 次 等待 3 秒
2021-07-17 00:01:01 {"status":"ok","gid":298071,"msg":"添加成功！"}
2021-07-17 00:01:01 下次操作: 2021-07-17 00:01:23

2021-07-17 00:01:23 开始第 18 次操作

2021-07-17 00:01:23 开始操作号码 【1336097】
2021-07-17 00:01:38 GSD getOne 第 1 次 等待 3 秒
2021-07-17 00:01:41 查询号码 【1336097】，返回信息 {"status":"bad","msg":""}
2021-07-17 00:01:41 查询号码 【1336097】，GSD为【""】
2021-07-17 00:01:41 bad
2021-07-17 00:01:43 CHB 1336097?1626451301 第 1 次 等待 3 秒
2021-07-17 00:01:46 CHB 1336097?1626451301 第 1 次 获取到号码【1336097】GSD
2021-07-17 00:01:46 获取到号码【1336097】的GSD为【广东-深圳】
2021-07-17 00:02:07 GSD insert 第 1 次 等待 3 秒
2021-07-17 00:02:10 {"status":"ok","gid":298080,"msg":"添加成功！"}
2021-07-17 00:02:10 下次操作: 2021-07-17 00:02:23

2021-07-17 00:02:23 开始第 19 次操作

2021-07-17 00:02:23 开始操作号码 【1336096】
2021-07-17 00:02:33 GSD getOne 第 1 次 等待 3 秒
2021-07-17 00:02:36 查询号码 【1336096】，返回信息 {"status":"bad","msg":""}
2021-07-17 00:02:36 查询号码 【1336096】，GSD为【""】
2021-07-17 00:02:36 bad
2021-07-17 00:02:41 CHB 1336096?1626451356 第 1 次 等待 3 秒
2021-07-17 00:02:44 CHB 1336096?1626451356 第 1 次 获取到号码【1336096】GSD
2021-07-17 00:02:44 获取到号码【1336096】的GSD为【广东-梅州】
2021-07-17 00:02:54 GSD insert 第 1 次 等待 3 秒
2021-07-17 00:02:57 {"status":"ok","gid":298090,"msg":"添加成功！"}
2021-07-17 00:02:57 下次操作: 2021-07-17 00:03:16

2021-07-17 00:03:16 开始第 20 次操作

2021-07-17 00:03:16 开始操作号码 【1336095】
2021-07-17 00:03:25 GSD getOne 第 1 次 等待 3 秒
2021-07-17 00:03:28 查询号码 【1336095】，返回信息 {"status":"bad","msg":""}
2021-07-17 00:03:28 查询号码 【1336095】，GSD为【""】
2021-07-17 00:03:28 bad
2021-07-17 00:03:29 CHB 1336095?1626451408 第 1 次 等待 3 秒
2021-07-17 00:03:32 CHB 1336095?1626451408 第 1 次 获取到号码【1336095】GSD
2021-07-17 00:03:32 获取到号码【1336095】的GSD为【广东-汕尾】
2021-07-17 00:04:08 GSD insert 第 1 次 等待 3 秒
2021-07-17 00:04:11 {"status":"ok","gid":298102,"msg":"添加成功！"}
2021-07-17 00:04:11 下次操作: 2021-07-17 00:04:30

2021-07-17 00:04:30 开始第 21 次操作

2021-07-17 00:04:30 开始操作号码 【1336094】
2021-07-17 00:04:35 GSD getOne 第 1 次 等待 3 秒
2021-07-17 00:04:38 查询号码 【1336094】，返回信息 {"status":"bad","msg":""}
2021-07-17 00:04:38 查询号码 【1336094】，GSD为【""】
2021-07-17 00:04:38 bad
2021-07-17 00:04:43 CHB 1336094?1626451478 第 1 次 等待 3 秒
2021-07-17 00:04:46 CHB 1336094?1626451478 第 1 次 获取到号码【1336094】GSD
2021-07-17 00:04:46 获取到号码【1336094】的GSD为【广东-汕尾】
2021-07-17 00:04:57 GSD insert 第 1 次 等待 3 秒
2021-07-17 00:05:00 {"status":"ok","gid":298109,"msg":"添加成功！"}
2021-07-17 00:05:00 下次操作: 2021-07-17 00:05:20

2021-07-17 00:05:20 开始第 22 次操作

2021-07-17 00:05:20 开始操作号码 【1336093】
2021-07-17 00:05:29 GSD getOne 第 1 次 等待 3 秒
2021-07-17 00:05:32 查询号码 【1336093】，返回信息 {"status":"bad","msg":""}
2021-07-17 00:05:32 查询号码 【1336093】，GSD为【""】
2021-07-17 00:05:32 bad
2021-07-17 00:05:33 CHB 1336093?1626451532 第 1 次 等待 3 秒
2021-07-17 00:05:36 CHB 1336093?1626451532 第 1 次 获取到号码【1336093】GSD
2021-07-17 00:05:36 获取到号码【1336093】的GSD为【广东-清远】
2021-07-17 00:06:49 GSD insert 第 1 次 等待 3 秒
2021-07-17 00:06:52 {"status":"ok","gid":298125,"msg":"添加成功！"}
2021-07-17 00:06:52 下次操作: 2021-07-17 00:07:07

2021-07-17 00:07:07 开始第 23 次操作

2021-07-17 00:07:07 开始操作号码 【1336092】
2021-07-17 00:08:14 GSD getOne 第 1 次 等待 3 秒
2021-07-17 00:08:17 查询号码 【1336092】，返回信息 {"status":"bad","msg":""}
2021-07-17 00:08:17 查询号码 【1336092】，GSD为【""】
2021-07-17 00:08:17 bad
2021-07-17 00:08:19 CHB 1336092?1626451697 第 1 次 等待 3 秒
2021-07-17 00:08:22 CHB 1336092?1626451697 第 1 次 获取到号码【1336092】GSD
2021-07-17 00:08:22 获取到号码【1336092】的GSD为【广东-清远】
2021-07-17 00:09:00 GSD insert 第 1 次 等待 3 秒
2021-07-17 00:09:03 {"status":"ok","gid":298141,"msg":"添加成功！"}
2021-07-17 00:09:03 下次操作: 2021-07-17 00:09:22

2021-07-17 00:09:22 开始第 24 次操作

2021-07-17 00:09:22 开始操作号码 【1336091】
2021-07-17 00:09:25 GSD getOne 第 1 次 等待 3 秒
2021-07-17 00:09:28 查询号码 【1336091】，返回信息 {"status":"bad","msg":""}
2021-07-17 00:09:28 查询号码 【1336091】，GSD为【""】
2021-07-17 00:09:28 bad
2021-07-17 00:09:29 CHB 1336091?1626451768 第 1 次 等待 3 秒
2021-07-17 00:09:32 CHB 1336091?1626451768 第 1 次 获取到号码【1336091】GSD
2021-07-17 00:09:32 未获取到号码【1336091】GSD，查号吧 400 错误
2021-07-17 00:09:32 获取到号码【1336091】的GSD为【-】
2021-07-17 00:10:11 GSD insert 第 1 次 等待 3 秒
2021-07-17 00:10:14 {"status":"ok","gid":298156,"msg":"添加成功！"}
2021-07-17 00:10:14 下次操作: 2021-07-17 00:10:38

2021-07-17 00:10:38 开始第 25 次操作

2021-07-17 00:10:38 开始操作号码 【1336090】
2021-07-17 00:10:44 GSD getOne 第 1 次 等待 3 秒
2021-07-17 00:10:47 查询号码 【1336090】，返回信息 {"status":"bad","msg":""}
2021-07-17 00:10:47 查询号码 【1336090】，GSD为【""】
2021-07-17 00:10:47 bad
2021-07-17 00:10:48 CHB 1336090?1626451847 第 1 次 等待 3 秒
2021-07-17 00:10:51 CHB 1336090?1626451847 第 1 次 获取到号码【1336090】GSD
2021-07-17 00:10:51 获取到号码【1336090】的GSD为【广东-韶关】
2021-07-17 00:13:03 GSD insert 第 1 次 等待 3 秒
2021-07-17 00:13:11 GSD insert 第 2 次 等待 3 秒
2021-07-17 00:13:14 {"status":"ok","gid":298179,"msg":"添加成功！"}
2021-07-17 00:13:14 下次操作: 2021-07-17 00:13:28

2021-07-17 00:13:28 开始第 26 次操作

2021-07-17 00:13:28 开始操作号码 【1336089】
2021-07-17 00:13:51 GSD getOne 第 1 次 等待 3 秒
2021-07-17 00:13:54 查询号码 【1336089】，返回信息 {"status":"bad","msg":""}
2021-07-17 00:13:54 查询号码 【1336089】，GSD为【""】
2021-07-17 00:13:54 bad
2021-07-17 00:14:00 CHB 1336089?1626452034 第 1 次 等待 3 秒
2021-07-17 00:14:03 CHB 1336089?1626452034 第 1 次 获取到号码【1336089】GSD
2021-07-17 00:14:03 获取到号码【1336089】的GSD为【广东-惠州】
2021-07-17 00:14:50 GSD insert 第 1 次 等待 3 秒
2021-07-17 00:14:53 {"status":"ok","gid":298190,"msg":"添加成功！"}
2021-07-17 00:14:53 下次操作: 2021-07-17 00:15:14

2021-07-17 00:15:14 开始第 27 次操作

2021-07-17 00:15:14 开始操作号码 【1336088】
2021-07-17 00:15:28 GSD getOne 第 1 次 等待 3 秒
2021-07-17 00:15:31 查询号码 【1336088】，返回信息 {"status":"bad","msg":""}
2021-07-17 00:15:31 查询号码 【1336088】，GSD为【""】
2021-07-17 00:15:31 bad
2021-07-17 00:15:39 CHB 1336088?1626452131 第 1 次 等待 3 秒
2021-07-17 00:15:42 CHB 1336088?1626452131 第 1 次 获取到号码【1336088】GSD
2021-07-17 00:15:42 获取到号码【1336088】的GSD为【广东-惠州】
2021-07-17 00:15:49 GSD insert 第 1 次 等待 3 秒
2021-07-17 00:15:52 {"status":"ok","gid":298198,"msg":"添加成功！"}
2021-07-17 00:15:52 下次操作: 2021-07-17 00:16:08

2021-07-17 00:16:08 开始第 28 次操作

2021-07-17 00:16:08 开始操作号码 【1336087】
2021-07-17 00:16:14 GSD getOne 第 1 次 等待 3 秒
2021-07-17 00:16:17 查询号码 【1336087】，返回信息 {"status":"bad","msg":""}
2021-07-17 00:16:17 查询号码 【1336087】，GSD为【""】
2021-07-17 00:16:17 bad
2021-07-17 00:16:19 CHB 1336087?1626452177 第 1 次 等待 3 秒
2021-07-17 00:16:22 CHB 1336087?1626452177 第 1 次 获取到号码【1336087】GSD
2021-07-17 00:16:22 获取到号码【1336087】的GSD为【广东-惠州】
2021-07-17 00:17:46 GSD insert 第 1 次 等待 3 秒
2021-07-17 00:17:49 {"status":"ok","gid":298212,"msg":"添加成功！"}
2021-07-17 00:17:49 下次操作: 2021-07-17 00:18:07

2021-07-17 00:18:07 开始第 29 次操作

2021-07-17 00:18:07 开始操作号码 【1336086】
2021-07-17 00:18:14 GSD getOne 第 1 次 等待 3 秒
2021-07-17 00:18:17 查询号码 【1336086】，返回信息 {"status":"ok","msg":"广东-惠州","gid":"3378","time_insert":"2017-02-23 16:24","time_update":"2020-09-25 06:15"}
2021-07-17 00:18:17 查询号码 【1336086】，GSD为【"广东-惠州"】

2021-07-17 00:18:17 开始第 29 次操作

2021-07-17 00:18:17 开始操作号码 【1336085】
2021-07-17 00:18:39 GSD getOne 第 1 次 等待 3 秒
2021-07-17 00:18:42 查询号码 【1336085】，返回信息 {"status":"bad","msg":""}
2021-07-17 00:18:42 查询号码 【1336085】，GSD为【""】
2021-07-17 00:18:42 bad
2021-07-17 00:18:43 CHB 1336085?1626452322 第 1 次 等待 3 秒
2021-07-17 00:18:46 CHB 1336085?1626452322 第 1 次 获取到号码【1336085】GSD
2021-07-17 00:18:46 获取到号码【1336085】的GSD为【广东-惠州】
2021-07-17 00:21:03 GSD insert 第 1 次 等待 3 秒
2021-07-17 00:21:06 {"status":"ok","gid":298241,"msg":"添加成功！"}
2021-07-17 00:21:06 下次操作: 2021-07-17 00:21:25

2021-07-17 00:21:25 开始第 30 次操作

2021-07-17 00:21:25 开始操作号码 【1336084】
2021-07-17 00:22:46 GSD getOne 第 1 次 等待 3 秒
2021-07-17 00:22:49 查询号码 【1336084】，返回信息 {"status":"bad","msg":""}
2021-07-17 00:22:49 查询号码 【1336084】，GSD为【""】
2021-07-17 00:22:49 bad
2021-07-17 00:22:51 CHB 1336084?1626452569 第 1 次 等待 3 秒
2021-07-17 00:22:54 CHB 1336084?1626452569 第 1 次 获取到号码【1336084】GSD
2021-07-17 00:22:54 获取到号码【1336084】的GSD为【广东-惠州】
2021-07-17 00:23:28 GSD insert 第 1 次 等待 3 秒
2021-07-17 00:23:31 {"status":"ok","gid":298255,"msg":"添加成功！"}
2021-07-17 00:23:31 下次操作: 2021-07-17 00:23:44

2021-07-17 00:23:44 开始第 31 次操作

2021-07-17 00:23:44 开始操作号码 【1336083】
2021-07-17 00:23:57 GSD getOne 第 1 次 等待 3 秒
2021-07-17 00:24:00 查询号码 【1336083】，返回信息 {"status":"bad","msg":""}
2021-07-17 00:24:00 查询号码 【1336083】，GSD为【""】
2021-07-17 00:24:00 bad
2021-07-17 00:24:01 CHB 1336083?1626452640 第 1 次 等待 3 秒
2021-07-17 00:24:04 CHB 1336083?1626452640 第 1 次 获取到号码【1336083】GSD
2021-07-17 00:24:04 获取到号码【1336083】的GSD为【广东-惠州】
2021-07-17 00:24:30 GSD insert 第 1 次 等待 3 秒
2021-07-17 00:24:33 {"status":"ok","gid":298269,"msg":"添加成功！"}
2021-07-17 00:24:33 下次操作: 2021-07-17 00:24:55

2021-07-17 00:24:55 开始第 32 次操作

2021-07-17 00:24:55 开始操作号码 【1336082】
2021-07-17 00:25:03 GSD getOne 第 1 次 等待 3 秒
2021-07-17 00:25:06 查询号码 【1336082】，返回信息 {"status":"bad","msg":""}
2021-07-17 00:25:06 查询号码 【1336082】，GSD为【""】
2021-07-17 00:25:06 bad
2021-07-17 00:25:12 CHB 1336082?1626452706 第 1 次 等待 3 秒
2021-07-17 00:25:15 CHB 1336082?1626452706 第 1 次 获取到号码【1336082】GSD
2021-07-17 00:25:15 获取到号码【1336082】的GSD为【广东-汕头】
2021-07-17 00:25:26 GSD insert 第 1 次 等待 3 秒
2021-07-17 00:25:29 {"status":"ok","gid":298277,"msg":"添加成功！"}
2021-07-17 00:25:29 下次操作: 2021-07-17 00:25:52

2021-07-17 00:25:52 开始第 33 次操作

2021-07-17 00:25:52 开始操作号码 【1336081】
2021-07-17 00:25:56 GSD getOne 第 1 次 等待 3 秒
2021-07-17 00:25:59 查询号码 【1336081】，返回信息 {"status":"bad","msg":""}
2021-07-17 00:25:59 查询号码 【1336081】，GSD为【""】
2021-07-17 00:25:59 bad
2021-07-17 00:26:01 CHB 1336081?1626452759 第 1 次 等待 3 秒
2021-07-17 00:26:04 CHB 1336081?1626452759 第 1 次 获取到号码【1336081】GSD
2021-07-17 00:26:04 获取到号码【1336081】的GSD为【广东-汕头】
2021-07-17 00:26:53 GSD insert 第 1 次 等待 3 秒
2021-07-17 00:26:56 {"status":"ok","gid":298291,"msg":"添加成功！"}
2021-07-17 00:26:56 下次操作: 2021-07-17 00:27:10

2021-07-17 00:27:10 开始第 34 次操作

2021-07-17 00:27:10 开始操作号码 【1336080】
2021-07-17 00:27:20 GSD getOne 第 1 次 等待 3 秒
2021-07-17 00:27:23 查询号码 【1336080】，返回信息 {"status":"bad","msg":""}
2021-07-17 00:27:24 查询号码 【1336080】，GSD为【""】
2021-07-17 00:27:24 bad
2021-07-17 00:27:25 CHB 1336080?1626452844 第 1 次 等待 3 秒
2021-07-17 00:27:28 CHB 1336080?1626452844 第 1 次 获取到号码【1336080】GSD
2021-07-17 00:27:28 获取到号码【1336080】的GSD为【广东-汕头】
2021-07-17 00:27:47 GSD insert 第 1 次 等待 3 秒
2021-07-17 00:27:50 {"status":"ok","gid":298296,"msg":"添加成功！"}
2021-07-17 00:27:50 下次操作: 2021-07-17 00:28:05

2021-07-17 00:28:05 开始第 35 次操作

2021-07-17 00:28:05 开始操作号码 【1336079】
2021-07-17 00:28:15 GSD getOne 第 1 次 等待 3 秒
2021-07-17 00:28:18 查询号码 【1336079】，返回信息 {"status":"bad","msg":""}
2021-07-17 00:28:18 查询号码 【1336079】，GSD为【""】
2021-07-17 00:28:18 bad
2021-07-17 00:28:20 CHB 1336079?1626452898 第 1 次 等待 3 秒
2021-07-17 00:28:23 CHB 1336079?1626452898 第 1 次 获取到号码【1336079】GSD
2021-07-17 00:28:23 获取到号码【1336079】的GSD为【广东-揭阳】
2021-07-17 00:28:42 GSD insert 第 1 次 等待 3 秒
2021-07-17 00:28:45 {"status":"ok","gid":298307,"msg":"添加成功！"}
2021-07-17 00:28:45 下次操作: 2021-07-17 00:29:04

2021-07-17 00:29:04 开始第 36 次操作

2021-07-17 00:29:04 开始操作号码 【1336078】
2021-07-17 00:29:09 GSD getOne 第 1 次 等待 3 秒
2021-07-17 00:29:12 查询号码 【1336078】，返回信息 {"status":"bad","msg":""}
2021-07-17 00:29:12 查询号码 【1336078】，GSD为【""】
2021-07-17 00:29:12 bad
2021-07-17 00:29:14 CHB 1336078?1626452952 第 1 次 等待 3 秒
2021-07-17 00:29:17 CHB 1336078?1626452952 第 1 次 获取到号码【1336078】GSD
2021-07-17 00:29:17 获取到号码【1336078】的GSD为【广东-揭阳】
2021-07-17 00:29:36 GSD insert 第 1 次 等待 3 秒
2021-07-17 00:29:39 {"status":"ok","gid":298311,"msg":"添加成功！"}
2021-07-17 00:29:39 下次操作: 2021-07-17 00:29:55

2021-07-17 00:29:55 开始第 37 次操作

2021-07-17 00:29:55 开始操作号码 【1336077】
2021-07-17 00:30:04 GSD getOne 第 1 次 等待 3 秒
2021-07-17 00:30:07 查询号码 【1336077】，返回信息 {"status":"bad","msg":""}
2021-07-17 00:30:07 查询号码 【1336077】，GSD为【""】
2021-07-17 00:30:07 bad
2021-07-17 00:30:13 CHB 1336077?1626453007 第 1 次 等待 3 秒
2021-07-17 00:30:16 CHB 1336077?1626453007 第 1 次 获取到号码【1336077】GSD
2021-07-17 00:30:16 获取到号码【1336077】的GSD为【广东-珠海】
2021-07-17 00:32:26 GSD insert 第 1 次 等待 3 秒
2021-07-17 00:34:39 GSD insert 第 2 次 等待 3 秒
2021-07-17 00:34:47 GSD insert 第 3 次 等待 3 秒
2021-07-17 00:34:50 {"status":"ok","gid":298330,"msg":"添加成功！"}
2021-07-17 00:34:50 下次操作: 2021-07-17 00:35:10

2021-07-17 00:35:10 开始第 38 次操作

2021-07-17 00:35:10 开始操作号码 【1336076】
2021-07-17 00:35:16 GSD getOne 第 1 次 等待 3 秒
2021-07-17 00:35:19 查询号码 【1336076】，返回信息 {"status":"bad","msg":""}
2021-07-17 00:35:19 查询号码 【1336076】，GSD为【""】
2021-07-17 00:35:19 bad
2021-07-17 00:35:21 CHB 1336076?1626453319 第 1 次 等待 3 秒
2021-07-17 00:35:24 CHB 1336076?1626453319 第 1 次 获取到号码【1336076】GSD
2021-07-17 00:35:24 获取到号码【1336076】的GSD为【广东-珠海】
2021-07-17 00:35:43 GSD insert 第 1 次 等待 3 秒
2021-07-17 00:35:46 {"status":"ok","gid":298334,"msg":"添加成功！"}
2021-07-17 00:35:46 下次操作: 2021-07-17 00:36:00

2021-07-17 00:36:00 开始第 39 次操作

2021-07-17 00:36:00 开始操作号码 【1336075】
2021-07-17 00:36:06 GSD getOne 第 1 次 等待 3 秒
2021-07-17 00:36:09 查询号码 【1336075】，返回信息 {"status":"bad","msg":""}
2021-07-17 00:36:09 查询号码 【1336075】，GSD为【""】
2021-07-17 00:36:09 bad
2021-07-17 00:36:11 CHB 1336075?1626453369 第 1 次 等待 3 秒
2021-07-17 00:36:14 CHB 1336075?1626453369 第 1 次 获取到号码【1336075】GSD
2021-07-17 00:36:14 获取到号码【1336075】的GSD为【广东-茂名】
2021-07-17 00:36:33 GSD insert 第 1 次 等待 3 秒
2021-07-17 00:36:36 {"status":"ok","gid":298338,"msg":"添加成功！"}
2021-07-17 00:36:36 下次操作: 2021-07-17 00:36:51

2021-07-17 00:36:51 开始第 40 次操作

2021-07-17 00:36:51 开始操作号码 【1336074】
2021-07-17 00:36:57 GSD getOne 第 1 次 等待 3 秒
2021-07-17 00:37:00 查询号码 【1336074】，返回信息 {"status":"bad","msg":""}
2021-07-17 00:37:00 查询号码 【1336074】，GSD为【""】
2021-07-17 00:37:00 bad
2021-07-17 00:37:01 CHB 1336074?1626453420 第 1 次 等待 3 秒
2021-07-17 00:37:04 CHB 1336074?1626453420 第 1 次 获取到号码【1336074】GSD
2021-07-17 00:37:04 获取到号码【1336074】的GSD为【广东-茂名】
2021-07-17 00:37:22 GSD insert 第 1 次 等待 3 秒
2021-07-17 00:37:25 {"status":"ok","gid":298340,"msg":"添加成功！"}

