2024-04-02 00:21:45 开始第 1401 次操作

2024-04-02 00:21:45 开始操作号码 【1581315】
2024-04-02 00:21:51 GSD getOne 第 1 次 等待 3 秒
2024-04-02 00:21:54 查询号码 【1581315】，返回信息 {"status":"ok","msg":"广东-中山","gid":"24423","time_insert":"2018-05-18 23:04","time_update":"2020-09-30 00:29"}
2024-04-02 00:21:54 查询号码 【1581315】，GSD为【"广东-中山"】

2024-04-02 00:21:55 开始第 1402 次操作

2024-04-02 00:21:55 开始操作号码 【1581316】
2024-04-02 00:22:01 GSD getOne 第 1 次 等待 3 秒
2024-04-02 00:22:04 查询号码 【1581316】，返回信息 {"status":"ok","msg":"广东-中山","gid":"106991","time_insert":"2021-06-19 22:47"}
2024-04-02 00:22:04 查询号码 【1581316】，GSD为【"广东-中山"】

2024-04-02 00:22:05 开始第 1403 次操作

2024-04-02 00:22:05 开始操作号码 【1581317】
2024-04-02 00:22:11 GSD getOne 第 1 次 等待 3 秒
2024-04-02 00:22:14 查询号码 【1581317】，返回信息 {"status":"ok","msg":"广东-中山","gid":"107016","time_insert":"2021-06-19 23:04"}
2024-04-02 00:22:14 查询号码 【1581317】，GSD为【"广东-中山"】

2024-04-02 00:22:15 开始第 1404 次操作

2024-04-02 00:22:15 开始操作号码 【1581318】
2024-04-02 00:22:20 GSD getOne 第 1 次 等待 3 秒
2024-04-02 00:22:23 查询号码 【1581318】，返回信息 {"status":"ok","msg":"广东-中山","gid":"107045","time_insert":"2021-06-19 23:23"}
2024-04-02 00:22:23 查询号码 【1581318】，GSD为【"广东-中山"】

2024-04-02 00:41:13 开始第 1405 次操作

2024-04-02 00:41:13 开始操作号码 【1581319】
2024-04-02 00:41:23 GSD getOne 第 1 次 等待 3 秒
2024-04-02 00:41:26 查询号码 【1581319】，返回信息 {"status":"ok","msg":"广东-中山","gid":"107069","time_insert":"2021-06-19 23:42"}
2024-04-02 00:41:26 查询号码 【1581319】，GSD为【"广东-中山"】

2024-04-02 00:41:27 开始第 1406 次操作

2024-04-02 00:41:27 开始操作号码 【1581320】
2024-04-02 00:41:34 GSD getOne 第 1 次 等待 3 秒
2024-04-02 00:41:37 查询号码 【1581320】，返回信息 {"status":"ok","msg":"广东-汕尾","gid":"107101","time_insert":"2021-06-20 00:01"}
2024-04-02 00:41:37 查询号码 【1581320】，GSD为【"广东-汕尾"】

2024-04-02 00:41:38 开始第 1407 次操作

2024-04-02 00:41:38 开始操作号码 【1581321】
2024-04-02 00:41:43 GSD getOne 第 1 次 等待 3 秒
2024-04-02 00:41:46 查询号码 【1581321】，返回信息 {"status":"ok","msg":"广东-汕尾","gid":"107140","time_insert":"2021-06-20 00:20"}
2024-04-02 00:41:46 查询号码 【1581321】，GSD为【"广东-汕尾"】

2024-04-02 00:41:47 开始第 1408 次操作

2024-04-02 00:41:47 开始操作号码 【1581322】
2024-04-02 00:41:53 GSD getOne 第 1 次 等待 3 秒
2024-04-02 00:41:56 查询号码 【1581322】，返回信息 {"status":"ok","msg":"广东-清远","gid":"107173","time_insert":"2021-06-20 00:40"}
2024-04-02 00:41:56 查询号码 【1581322】，GSD为【"广东-清远"】

2024-04-02 01:18:21 开始第 1409 次操作

2024-04-02 01:18:21 开始操作号码 【1581323】
2024-04-02 01:18:26 GSD getOne 第 1 次 等待 3 秒
2024-04-02 01:18:29 查询号码 【1581323】，返回信息 {"status":"ok","msg":"广东-清远","gid":"107207","time_insert":"2021-06-20 00:59"}
2024-04-02 01:18:29 查询号码 【1581323】，GSD为【"广东-清远"】

2024-04-02 01:18:30 开始第 1410 次操作

2024-04-02 01:18:30 开始操作号码 【1581324】
2024-04-02 01:18:35 GSD getOne 第 1 次 等待 3 秒
2024-04-02 01:18:38 查询号码 【1581324】，返回信息 {"status":"ok","msg":"广东-清远","gid":"107237","time_insert":"2021-06-20 01:19"}
2024-04-02 01:18:38 查询号码 【1581324】，GSD为【"广东-清远"】

2024-04-02 01:18:39 开始第 1411 次操作

2024-04-02 01:18:39 开始操作号码 【1581325】
2024-04-02 01:18:44 GSD getOne 第 1 次 等待 3 秒
2024-04-02 01:18:47 查询号码 【1581325】，返回信息 {"status":"ok","msg":"广东-清远","gid":"107266","time_insert":"2021-06-20 01:39"}
2024-04-02 01:18:47 查询号码 【1581325】，GSD为【"广东-清远"】

2024-04-02 01:18:48 开始第 1412 次操作

2024-04-02 01:18:48 开始操作号码 【1581326】
2024-04-02 01:18:53 GSD getOne 第 1 次 等待 3 秒
2024-04-02 01:18:56 查询号码 【1581326】，返回信息 {"status":"ok","msg":"广东-清远","gid":"107298","time_insert":"2021-06-20 01:57"}
2024-04-02 01:18:56 查询号码 【1581326】，GSD为【"广东-清远"】

2024-04-02 01:37:39 开始第 1413 次操作

2024-04-02 01:37:39 开始操作号码 【1581327】
2024-04-02 01:37:48 GSD getOne 第 1 次 等待 3 秒
2024-04-02 01:37:51 查询号码 【1581327】，返回信息 {"status":"ok","msg":"广东-清远","gid":"107325","time_insert":"2021-06-20 02:15"}
2024-04-02 01:37:51 查询号码 【1581327】，GSD为【"广东-清远"】

2024-04-02 01:37:52 开始第 1414 次操作

2024-04-02 01:37:52 开始操作号码 【1581328】
2024-04-02 01:38:00 GSD getOne 第 1 次 等待 3 秒
2024-04-02 01:38:03 查询号码 【1581328】，返回信息 {"status":"ok","msg":"广东-清远","gid":"107357","time_insert":"2021-06-20 02:34"}
2024-04-02 01:38:03 查询号码 【1581328】，GSD为【"广东-清远"】

2024-04-02 01:38:04 开始第 1415 次操作

2024-04-02 01:38:04 开始操作号码 【1581329】
2024-04-02 01:38:10 GSD getOne 第 1 次 等待 3 秒
2024-04-02 01:38:13 查询号码 【1581329】，返回信息 {"status":"ok","msg":"广东-清远","gid":"107383","time_insert":"2021-06-20 02:54","time_update":"2021-06-20 03:20"}
2024-04-02 01:38:13 查询号码 【1581329】，GSD为【"广东-清远"】

2024-04-02 01:38:14 开始第 1416 次操作

2024-04-02 01:38:14 开始操作号码 【1581330】
2024-04-02 01:38:19 GSD getOne 第 1 次 等待 3 秒
2024-04-02 01:38:22 查询号码 【1581330】，返回信息 {"status":"ok","msg":"广东-广州","gid":"107416","time_insert":"2021-06-20 03:13"}
2024-04-02 01:38:22 查询号码 【1581330】，GSD为【"广东-广州"】

2024-04-02 02:20:49 开始第 1417 次操作

2024-04-02 02:20:49 开始操作号码 【1581331】
2024-04-02 02:20:56 GSD getOne 第 1 次 等待 3 秒
2024-04-02 02:20:59 查询号码 【1581331】，返回信息 {"status":"ok","msg":"广东-广州","gid":"107444","time_insert":"2021-06-20 03:32"}
2024-04-02 02:20:59 查询号码 【1581331】，GSD为【"广东-广州"】

2024-04-02 02:21:00 开始第 1418 次操作

2024-04-02 02:21:00 开始操作号码 【1581332】
2024-04-02 02:21:05 GSD getOne 第 1 次 等待 3 秒
2024-04-02 02:21:08 查询号码 【1581332】，返回信息 {"status":"ok","msg":"广东-广州","gid":"24424","time_insert":"2019-01-03 16:39","time_update":"2020-09-30 00:32"}
2024-04-02 02:21:08 查询号码 【1581332】，GSD为【"广东-广州"】

2024-04-02 02:21:09 开始第 1419 次操作

2024-04-02 02:21:09 开始操作号码 【1581333】
2024-04-02 02:21:15 GSD getOne 第 1 次 等待 3 秒
2024-04-02 02:21:18 查询号码 【1581333】，返回信息 {"status":"ok","msg":"广东-广州","gid":"107477","time_insert":"2021-06-20 03:51"}
2024-04-02 02:21:18 查询号码 【1581333】，GSD为【"广东-广州"】

2024-04-02 02:21:19 开始第 1420 次操作

2024-04-02 02:21:19 开始操作号码 【1581334】
2024-04-02 02:21:25 GSD getOne 第 1 次 等待 3 秒
2024-04-02 02:21:28 查询号码 【1581334】，返回信息 {"status":"ok","msg":"广东-广州","gid":"107502","time_insert":"2021-06-20 04:08"}
2024-04-02 02:21:28 查询号码 【1581334】，GSD为【"广东-广州"】

2024-04-02 02:37:50 开始第 1421 次操作

2024-04-02 02:37:50 开始操作号码 【1581335】
2024-04-02 02:37:55 GSD getOne 第 1 次 等待 3 秒
2024-04-02 02:37:58 查询号码 【1581335】，返回信息 {"status":"ok","msg":"广东-广州","gid":"107532","time_insert":"2021-06-20 04:28"}
2024-04-02 02:37:58 查询号码 【1581335】，GSD为【"广东-广州"】

2024-04-02 02:37:59 开始第 1422 次操作

2024-04-02 02:37:59 开始操作号码 【1581336】
2024-04-02 02:38:05 GSD getOne 第 1 次 等待 3 秒
2024-04-02 02:38:08 查询号码 【1581336】，返回信息 {"status":"ok","msg":"广东-广州","gid":"24425","time_insert":"2017-11-15 10:21","time_update":"2020-09-30 00:36"}
2024-04-02 02:38:08 查询号码 【1581336】，GSD为【"广东-广州"】

2024-04-02 02:38:09 开始第 1423 次操作

2024-04-02 02:38:09 开始操作号码 【1581337】
2024-04-02 02:38:15 GSD getOne 第 1 次 等待 3 秒
2024-04-02 02:38:18 查询号码 【1581337】，返回信息 {"status":"ok","msg":"广东-广州","gid":"107554","time_insert":"2021-06-20 04:45"}
2024-04-02 02:38:18 查询号码 【1581337】，GSD为【"广东-广州"】

2024-04-02 02:38:19 开始第 1424 次操作

2024-04-02 02:38:19 开始操作号码 【1581338】
2024-04-02 02:38:25 GSD getOne 第 1 次 等待 3 秒
2024-04-02 02:38:28 查询号码 【1581338】，返回信息 {"status":"ok","msg":"广东-广州","gid":"107578","time_insert":"2021-06-20 05:03"}
2024-04-02 02:38:28 查询号码 【1581338】，GSD为【"广东-广州"】

2024-04-02 03:13:57 开始第 1425 次操作

2024-04-02 03:13:57 开始操作号码 【1581339】
2024-04-02 03:14:03 GSD getOne 第 1 次 等待 3 秒
2024-04-02 03:14:06 查询号码 【1581339】，返回信息 {"status":"ok","msg":"广东-广州","gid":"107609","time_insert":"2021-06-20 05:24"}
2024-04-02 03:14:06 查询号码 【1581339】，GSD为【"广东-广州"】

2024-04-02 03:14:07 开始第 1426 次操作

2024-04-02 03:14:07 开始操作号码 【1581340】
2024-04-02 03:14:13 GSD getOne 第 1 次 等待 3 秒
2024-04-02 03:14:16 查询号码 【1581340】，返回信息 {"status":"ok","msg":"广东-佛山","gid":"24426","time_insert":"2017-03-18 15:19","time_update":"2020-09-30 00:39"}
2024-04-02 03:14:16 查询号码 【1581340】，GSD为【"广东-佛山"】

2024-04-02 03:14:17 开始第 1427 次操作

2024-04-02 03:14:17 开始操作号码 【1581341】
2024-04-02 03:14:25 GSD getOne 第 1 次 等待 3 秒
2024-04-02 03:14:28 查询号码 【1581341】，返回信息 {"status":"ok","msg":"广东-佛山","gid":"107636","time_insert":"2021-06-20 05:46"}
2024-04-02 03:14:28 查询号码 【1581341】，GSD为【"广东-佛山"】

2024-04-02 03:14:29 开始第 1428 次操作

2024-04-02 03:14:29 开始操作号码 【1581342】
2024-04-02 03:14:36 GSD getOne 第 1 次 等待 3 秒
2024-04-02 03:14:39 查询号码 【1581342】，返回信息 {"status":"ok","msg":"广东-佛山","gid":"107671","time_insert":"2021-06-20 06:06"}
2024-04-02 03:14:39 查询号码 【1581342】，GSD为【"广东-佛山"】

2024-04-02 03:37:48 开始第 1429 次操作

2024-04-02 03:37:48 开始操作号码 【1581343】
2024-04-02 03:37:56 GSD getOne 第 1 次 等待 3 秒
2024-04-02 03:37:59 查询号码 【1581343】，返回信息 {"status":"ok","msg":"广东-佛山","gid":"24427","time_insert":"2018-08-03 15:09","time_update":"2020-09-30 00:42"}
2024-04-02 03:37:59 查询号码 【1581343】，GSD为【"广东-佛山"】

2024-04-02 03:38:00 开始第 1430 次操作

2024-04-02 03:38:00 开始操作号码 【1581344】
2024-04-02 03:38:06 GSD getOne 第 1 次 等待 3 秒
2024-04-02 03:38:09 查询号码 【1581344】，返回信息 {"status":"ok","msg":"广东-佛山","gid":"107695","time_insert":"2021-06-20 06:26"}
2024-04-02 03:38:09 查询号码 【1581344】，GSD为【"广东-佛山"】

2024-04-02 03:38:10 开始第 1431 次操作

2024-04-02 03:38:10 开始操作号码 【1581345】
2024-04-02 03:38:16 GSD getOne 第 1 次 等待 3 秒
2024-04-02 03:38:19 查询号码 【1581345】，返回信息 {"status":"ok","msg":"广东-佛山","gid":"107722","time_insert":"2021-06-20 06:46"}
2024-04-02 03:38:19 查询号码 【1581345】，GSD为【"广东-佛山"】

2024-04-02 03:38:20 开始第 1432 次操作

2024-04-02 03:38:20 开始操作号码 【1581346】
2024-04-02 03:38:25 GSD getOne 第 1 次 等待 3 秒
2024-04-02 03:38:28 查询号码 【1581346】，返回信息 {"status":"ok","msg":"广东-佛山","gid":"107753","time_insert":"2021-06-20 07:06"}
2024-04-02 03:38:28 查询号码 【1581346】，GSD为【"广东-佛山"】

