2023-10-20 00:22:52 开始第 3953 次操作

2023-10-20 00:22:52 开始操作号码 【1903867】
2023-10-20 00:22:57 GSD getOne 第 1 次 等待 3 秒
2023-10-20 00:23:00 查询号码 【1903867】，返回信息 {"status":"ok","msg":"云南-大理","gid":"595580","time_insert":"2023-03-17 02:19"}
2023-10-20 00:23:00 查询号码 【1903867】，GSD为【"云南-大理"】

2023-10-20 00:23:01 开始第 3954 次操作

2023-10-20 00:23:01 开始操作号码 【1903868】
2023-10-20 00:23:07 GSD getOne 第 1 次 等待 3 秒
2023-10-20 00:23:10 查询号码 【1903868】，返回信息 {"status":"ok","msg":"云南-楚雄","gid":"595597","time_insert":"2023-03-17 02:33"}
2023-10-20 00:23:10 查询号码 【1903868】，GSD为【"云南-楚雄"】

2023-10-20 00:23:11 开始第 3955 次操作

2023-10-20 00:23:11 开始操作号码 【1903869】
2023-10-20 00:23:14 GSD getOne 第 1 次 等待 3 秒
2023-10-20 00:23:17 查询号码 【1903869】，返回信息 {"status":"ok","msg":"云南-玉溪","gid":"595611","time_insert":"2023-03-17 02:43"}
2023-10-20 00:23:17 查询号码 【1903869】，GSD为【"云南-玉溪"】

2023-10-20 00:23:18 开始第 3956 次操作

2023-10-20 00:23:18 开始操作号码 【1903870】
2023-10-20 00:23:22 GSD getOne 第 1 次 等待 3 秒
2023-10-20 00:23:25 查询号码 【1903870】，返回信息 {"status":"ok","msg":"云南-昭通","gid":"595627","time_insert":"2023-03-17 02:59"}
2023-10-20 00:23:25 查询号码 【1903870】，GSD为【"云南-昭通"】

