2021-07-26 00:00:38 开始第 31 次操作

2021-07-26 00:00:38 开始操作号码 【1476439】
2021-07-26 00:00:43 GSD getOne 第 1 次 等待 3 秒
2021-07-26 00:00:46 查询号码 【1476439】，返回信息 {"status":"bad","msg":""}
2021-07-26 00:00:46 查询号码 【1476439】，GSD为【""】
2021-07-26 00:00:46 bad
2021-07-26 00:00:48 CHB 1476439?1627228846 第 1 次 等待 3 秒
2021-07-26 00:00:51 CHB 1476439?1627228846 第 1 次 获取到号码【1476439】GSD
2021-07-26 00:00:51 获取到号码【1476439】的GSD为【广西-南宁】
2021-07-26 00:00:53 GSD insert 第 1 次 等待 3 秒
2021-07-26 00:00:56 {"status":"ok","gid":395137,"msg":"添加成功！"}
2021-07-26 00:00:56 下次操作: 2021-07-26 00:01:20

2021-07-26 00:01:20 开始第 32 次操作

2021-07-26 00:01:20 开始操作号码 【1476438】
2021-07-26 00:01:23 GSD getOne 第 1 次 等待 3 秒
2021-07-26 00:01:26 查询号码 【1476438】，返回信息 {"status":"bad","msg":""}
2021-07-26 00:01:26 查询号码 【1476438】，GSD为【""】
2021-07-26 00:01:26 bad
2021-07-26 00:01:29 CHB 1476438?1627228886 第 1 次 等待 3 秒
2021-07-26 00:01:32 CHB 1476438?1627228886 第 1 次 获取到号码【1476438】GSD
2021-07-26 00:01:32 获取到号码【1476438】的GSD为【广西-南宁】
2021-07-26 00:01:36 GSD insert 第 1 次 等待 3 秒
2021-07-26 00:01:39 {"status":"ok","gid":395147,"msg":"添加成功！"}
2021-07-26 00:01:39 下次操作: 2021-07-26 00:01:55

2021-07-26 00:01:55 开始第 33 次操作

2021-07-26 00:01:55 开始操作号码 【1476437】
2021-07-26 00:02:04 GSD getOne 第 1 次 等待 3 秒
2021-07-26 00:02:07 查询号码 【1476437】，返回信息 {"status":"bad","msg":""}
2021-07-26 00:02:07 查询号码 【1476437】，GSD为【""】
2021-07-26 00:02:07 bad
2021-07-26 00:02:08 CHB 1476437?1627228927 第 1 次 等待 3 秒
2021-07-26 00:02:11 CHB 1476437?1627228927 第 1 次 获取到号码【1476437】GSD
2021-07-26 00:02:11 获取到号码【1476437】的GSD为【广西-南宁】
2021-07-26 00:02:15 GSD insert 第 1 次 等待 3 秒
2021-07-26 00:02:18 {"status":"ok","gid":395155,"msg":"添加成功！"}
2021-07-26 00:02:18 下次操作: 2021-07-26 00:02:33

2021-07-26 00:02:33 开始第 34 次操作

2021-07-26 00:02:33 开始操作号码 【1476436】
2021-07-26 00:02:38 GSD getOne 第 1 次 等待 3 秒
2021-07-26 00:02:41 查询号码 【1476436】，返回信息 {"status":"bad","msg":""}
2021-07-26 00:02:41 查询号码 【1476436】，GSD为【""】
2021-07-26 00:02:41 bad
2021-07-26 00:02:43 CHB 1476436?1627228961 第 1 次 等待 3 秒
2021-07-26 00:02:46 CHB 1476436?1627228961 第 1 次 获取到号码【1476436】GSD
2021-07-26 00:02:46 获取到号码【1476436】的GSD为【广西-南宁】
2021-07-26 00:02:49 GSD insert 第 1 次 等待 3 秒
2021-07-26 00:02:52 {"status":"ok","gid":395163,"msg":"添加成功！"}
2021-07-26 00:02:52 下次操作: 2021-07-26 00:03:04

2021-07-26 00:03:04 开始第 35 次操作

2021-07-26 00:03:04 开始操作号码 【1476435】
2021-07-26 00:03:10 GSD getOne 第 1 次 等待 3 秒
2021-07-26 00:03:13 查询号码 【1476435】，返回信息 {"status":"bad","msg":""}
2021-07-26 00:03:13 查询号码 【1476435】，GSD为【""】
2021-07-26 00:03:13 bad
2021-07-26 00:03:14 CHB 1476435?1627228993 第 1 次 等待 3 秒
2021-07-26 00:03:17 CHB 1476435?1627228993 第 1 次 获取到号码【1476435】GSD
2021-07-26 00:03:18 获取到号码【1476435】的GSD为【广西-南宁】
2021-07-26 00:03:22 GSD insert 第 1 次 等待 3 秒
2021-07-26 00:03:25 {"status":"ok","gid":395172,"msg":"添加成功！"}
2021-07-26 00:03:25 下次操作: 2021-07-26 00:03:41

2021-07-26 00:03:41 开始第 36 次操作

2021-07-26 00:03:41 开始操作号码 【1476434】
2021-07-26 00:03:44 GSD getOne 第 1 次 等待 3 秒
2021-07-26 00:03:47 查询号码 【1476434】，返回信息 {"status":"bad","msg":""}
2021-07-26 00:03:47 查询号码 【1476434】，GSD为【""】
2021-07-26 00:03:47 bad
2021-07-26 00:03:49 CHB 1476434?1627229027 第 1 次 等待 3 秒
2021-07-26 00:03:52 CHB 1476434?1627229027 第 1 次 获取到号码【1476434】GSD
2021-07-26 00:03:52 获取到号码【1476434】的GSD为【上海-上海】
2021-07-26 00:03:54 GSD insert 第 1 次 等待 3 秒
2021-07-26 00:03:57 {"status":"ok","gid":395179,"msg":"添加成功！"}
2021-07-26 00:03:57 下次操作: 2021-07-26 00:04:19

2021-07-26 00:04:19 开始第 37 次操作

2021-07-26 00:04:19 开始操作号码 【1476433】
2021-07-26 00:04:25 GSD getOne 第 1 次 等待 3 秒
2021-07-26 00:04:28 查询号码 【1476433】，返回信息 {"status":"bad","msg":""}
2021-07-26 00:04:28 查询号码 【1476433】，GSD为【""】
2021-07-26 00:04:28 bad
2021-07-26 00:04:29 CHB 1476433?1627229068 第 1 次 等待 3 秒
2021-07-26 00:04:32 CHB 1476433?1627229068 第 1 次 获取到号码【1476433】GSD
2021-07-26 00:04:33 获取到号码【1476433】的GSD为【上海-上海】
2021-07-26 00:04:37 GSD insert 第 1 次 等待 3 秒
2021-07-26 00:04:40 {"status":"ok","gid":395190,"msg":"添加成功！"}
2021-07-26 00:04:40 下次操作: 2021-07-26 00:04:53

2021-07-26 00:04:53 开始第 38 次操作

2021-07-26 00:04:53 开始操作号码 【1476432】
2021-07-26 00:04:55 GSD getOne 第 1 次 等待 3 秒
2021-07-26 00:04:58 查询号码 【1476432】，返回信息 {"status":"bad","msg":""}
2021-07-26 00:04:58 查询号码 【1476432】，GSD为【""】
2021-07-26 00:04:58 bad
2021-07-26 00:05:00 CHB 1476432?1627229098 第 1 次 等待 3 秒
2021-07-26 00:05:03 CHB 1476432?1627229098 第 1 次 获取到号码【1476432】GSD
2021-07-26 00:05:03 获取到号码【1476432】的GSD为【上海-上海】
2021-07-26 00:05:07 GSD insert 第 1 次 等待 3 秒
2021-07-26 00:05:10 {"status":"ok","gid":395196,"msg":"添加成功！"}
2021-07-26 00:05:10 下次操作: 2021-07-26 00:05:26

2021-07-26 00:05:26 开始第 39 次操作

2021-07-26 00:05:26 开始操作号码 【1476431】
2021-07-26 00:05:33 GSD getOne 第 1 次 等待 3 秒
2021-07-26 00:05:36 查询号码 【1476431】，返回信息 {"status":"bad","msg":""}
2021-07-26 00:05:36 查询号码 【1476431】，GSD为【""】
2021-07-26 00:05:36 bad
2021-07-26 00:05:37 CHB 1476431?1627229136 第 1 次 等待 3 秒
2021-07-26 00:05:40 CHB 1476431?1627229136 第 1 次 获取到号码【1476431】GSD
2021-07-26 00:05:41 获取到号码【1476431】的GSD为【上海-上海】
2021-07-26 00:05:43 GSD insert 第 1 次 等待 3 秒
2021-07-26 00:05:46 {"status":"ok","gid":395205,"msg":"添加成功！"}
2021-07-26 00:05:46 下次操作: 2021-07-26 00:06:00

2021-07-26 00:06:00 开始第 40 次操作

2021-07-26 00:06:00 开始操作号码 【1476430】
2021-07-26 00:06:03 GSD getOne 第 1 次 等待 3 秒
2021-07-26 00:06:06 查询号码 【1476430】，返回信息 {"status":"bad","msg":""}
2021-07-26 00:06:06 查询号码 【1476430】，GSD为【""】
2021-07-26 00:06:06 bad
2021-07-26 00:06:08 CHB 1476430?1627229166 第 1 次 等待 3 秒
2021-07-26 00:06:11 CHB 1476430?1627229166 第 1 次 获取到号码【1476430】GSD
2021-07-26 00:06:11 获取到号码【1476430】的GSD为【上海-上海】
2021-07-26 00:06:13 GSD insert 第 1 次 等待 3 秒
2021-07-26 00:06:16 {"status":"ok","gid":395212,"msg":"添加成功！"}

2021-07-26 00:56:11 开始第 1 次操作

2021-07-26 00:56:11 开始操作号码 【1476429】
2021-07-26 00:56:14 GSD getOne 第 1 次 等待 3 秒
2021-07-26 00:56:17 查询号码 【1476429】，返回信息 {"status":"bad","msg":""}
2021-07-26 00:56:17 查询号码 【1476429】，GSD为【""】
2021-07-26 00:56:17 bad
2021-07-26 00:56:18 CHB 1476429?1627232177 第 1 次 等待 3 秒
2021-07-26 00:56:21 CHB 1476429?1627232177 第 1 次 获取到号码【1476429】GSD
2021-07-26 00:56:21 未获取到号码【1476429】GSD，查号吧 400 错误
2021-07-26 00:56:21 获取到号码【1476429】的GSD为【-】
2021-07-26 00:56:39 GSD insert 第 1 次 等待 3 秒
2021-07-26 00:56:42 {"status":"ok","gid":395464,"msg":"添加成功！"}
2021-07-26 00:56:42 下次操作: 2021-07-26 00:56:58

2021-07-26 00:56:58 开始第 2 次操作

2021-07-26 00:56:58 开始操作号码 【1476428】
2021-07-26 00:57:02 GSD getOne 第 1 次 等待 3 秒
2021-07-26 00:57:05 查询号码 【1476428】，返回信息 {"status":"bad","msg":""}
2021-07-26 00:57:05 查询号码 【1476428】，GSD为【""】
2021-07-26 00:57:05 bad
2021-07-26 00:57:07 CHB 1476428?1627232225 第 1 次 等待 3 秒
2021-07-26 00:57:10 CHB 1476428?1627232225 第 1 次 获取到号码【1476428】GSD
2021-07-26 00:57:10 获取到号码【1476428】的GSD为【上海-上海】
2021-07-26 00:57:28 GSD insert 第 1 次 等待 3 秒
2021-07-26 00:57:31 {"status":"ok","gid":395466,"msg":"添加成功！"}
2021-07-26 00:57:31 下次操作: 2021-07-26 00:57:45

2021-07-26 00:57:45 开始第 3 次操作

2021-07-26 00:57:45 开始操作号码 【1476427】
2021-07-26 00:57:49 GSD getOne 第 1 次 等待 3 秒
2021-07-26 00:57:52 查询号码 【1476427】，返回信息 {"status":"bad","msg":""}
2021-07-26 00:57:52 查询号码 【1476427】，GSD为【""】
2021-07-26 00:57:52 bad
2021-07-26 00:57:53 CHB 1476427?1627232272 第 1 次 等待 3 秒
2021-07-26 00:57:56 CHB 1476427?1627232272 第 1 次 获取到号码【1476427】GSD
2021-07-26 00:57:56 获取到号码【1476427】的GSD为【上海-上海】
2021-07-26 00:58:14 GSD insert 第 1 次 等待 3 秒
2021-07-26 00:58:17 {"status":"ok","gid":395470,"msg":"添加成功！"}
2021-07-26 00:58:17 下次操作: 2021-07-26 00:58:32

2021-07-26 00:58:32 开始第 4 次操作

2021-07-26 00:58:32 开始操作号码 【1476426】
2021-07-26 00:58:35 GSD getOne 第 1 次 等待 3 秒
2021-07-26 00:58:38 查询号码 【1476426】，返回信息 {"status":"bad","msg":""}
2021-07-26 00:58:38 查询号码 【1476426】，GSD为【""】
2021-07-26 00:58:38 bad
2021-07-26 00:58:40 CHB 1476426?1627232318 第 1 次 等待 3 秒
2021-07-26 00:58:43 CHB 1476426?1627232318 第 1 次 获取到号码【1476426】GSD
2021-07-26 00:58:43 获取到号码【1476426】的GSD为【上海-上海】
2021-07-26 00:59:01 GSD insert 第 1 次 等待 3 秒
2021-07-26 00:59:04 {"status":"ok","gid":395473,"msg":"添加成功！"}
2021-07-26 00:59:04 下次操作: 2021-07-26 00:59:17

2021-07-26 00:59:17 开始第 5 次操作

2021-07-26 00:59:17 开始操作号码 【1476425】
2021-07-26 00:59:23 GSD getOne 第 1 次 等待 3 秒
2021-07-26 00:59:26 查询号码 【1476425】，返回信息 {"status":"bad","msg":""}
2021-07-26 00:59:26 查询号码 【1476425】，GSD为【""】
2021-07-26 00:59:26 bad
2021-07-26 00:59:27 CHB 1476425?1627232366 第 1 次 等待 3 秒
2021-07-26 00:59:30 CHB 1476425?1627232366 第 1 次 获取到号码【1476425】GSD
2021-07-26 00:59:30 获取到号码【1476425】的GSD为【上海-上海】
2021-07-26 00:59:49 GSD insert 第 1 次 等待 3 秒
2021-07-26 00:59:52 {"status":"ok","gid":395474,"msg":"添加成功！"}
2021-07-26 00:59:52 下次操作: 2021-07-26 01:00:14

2021-07-26 01:00:14 开始第 6 次操作

2021-07-26 01:00:14 开始操作号码 【1476424】
2021-07-26 01:00:16 GSD getOne 第 1 次 等待 3 秒
2021-07-26 01:00:19 查询号码 【1476424】，返回信息 {"status":"bad","msg":""}
2021-07-26 01:00:19 查询号码 【1476424】，GSD为【""】
2021-07-26 01:00:19 bad
2021-07-26 01:00:21 CHB 1476424?1627232419 第 1 次 等待 3 秒
2021-07-26 01:00:24 CHB 1476424?1627232419 第 1 次 获取到号码【1476424】GSD
2021-07-26 01:00:24 获取到号码【1476424】的GSD为【上海-上海】
2021-07-26 01:00:42 GSD insert 第 1 次 等待 3 秒
2021-07-26 01:00:45 {"status":"ok","gid":395477,"msg":"添加成功！"}
2021-07-26 01:00:45 下次操作: 2021-07-26 01:01:03

2021-07-26 01:01:03 开始第 7 次操作

2021-07-26 01:01:03 开始操作号码 【1476423】
2021-07-26 01:01:10 GSD getOne 第 1 次 等待 3 秒
2021-07-26 01:01:13 查询号码 【1476423】，返回信息 {"status":"bad","msg":""}
2021-07-26 01:01:13 查询号码 【1476423】，GSD为【""】
2021-07-26 01:01:13 bad
2021-07-26 01:01:14 CHB 1476423?1627232473 第 1 次 等待 3 秒
2021-07-26 01:01:17 CHB 1476423?1627232473 第 1 次 获取到号码【1476423】GSD
2021-07-26 01:01:17 获取到号码【1476423】的GSD为【上海-上海】
2021-07-26 01:01:39 GSD insert 第 1 次 等待 3 秒
2021-07-26 01:01:42 {"status":"ok","gid":395486,"msg":"添加成功！"}
2021-07-26 01:01:42 下次操作: 2021-07-26 01:02:04

2021-07-26 01:02:04 开始第 8 次操作

2021-07-26 01:02:04 开始操作号码 【1476422】
2021-07-26 01:02:07 GSD getOne 第 1 次 等待 3 秒
2021-07-26 01:02:10 查询号码 【1476422】，返回信息 {"status":"bad","msg":""}
2021-07-26 01:02:10 查询号码 【1476422】，GSD为【""】
2021-07-26 01:02:10 bad
2021-07-26 01:02:12 CHB 1476422?1627232530 第 1 次 等待 3 秒
2021-07-26 01:02:15 CHB 1476422?1627232530 第 1 次 获取到号码【1476422】GSD
2021-07-26 01:02:15 获取到号码【1476422】的GSD为【上海-上海】
2021-07-26 01:02:33 GSD insert 第 1 次 等待 3 秒
2021-07-26 01:02:36 {"status":"ok","gid":395495,"msg":"添加成功！"}
2021-07-26 01:02:36 下次操作: 2021-07-26 01:02:56

2021-07-26 01:02:56 开始第 9 次操作

2021-07-26 01:02:56 开始操作号码 【1476421】
2021-07-26 01:03:00 GSD getOne 第 1 次 等待 3 秒
2021-07-26 01:03:03 查询号码 【1476421】，返回信息 {"status":"bad","msg":""}
2021-07-26 01:03:03 查询号码 【1476421】，GSD为【""】
2021-07-26 01:03:03 bad
2021-07-26 01:03:05 CHB 1476421?1627232583 第 1 次 等待 3 秒
2021-07-26 01:03:08 CHB 1476421?1627232583 第 1 次 获取到号码【1476421】GSD
2021-07-26 01:03:08 获取到号码【1476421】的GSD为【上海-上海】
2021-07-26 01:03:29 GSD insert 第 1 次 等待 3 秒
2021-07-26 01:03:32 {"status":"ok","gid":395507,"msg":"添加成功！"}
2021-07-26 01:03:32 下次操作: 2021-07-26 01:03:53

2021-07-26 01:03:53 开始第 10 次操作

2021-07-26 01:03:53 开始操作号码 【1476420】
2021-07-26 01:03:56 GSD getOne 第 1 次 等待 3 秒
2021-07-26 01:03:59 查询号码 【1476420】，返回信息 {"status":"bad","msg":""}
2021-07-26 01:03:59 查询号码 【1476420】，GSD为【""】
2021-07-26 01:03:59 bad
2021-07-26 01:04:00 CHB 1476420?1627232639 第 1 次 等待 3 秒
2021-07-26 01:04:03 CHB 1476420?1627232639 第 1 次 获取到号码【1476420】GSD
2021-07-26 01:04:03 获取到号码【1476420】的GSD为【上海-上海】
2021-07-26 01:04:21 GSD insert 第 1 次 等待 3 秒
2021-07-26 01:04:24 {"status":"ok","gid":395521,"msg":"添加成功！"}
2021-07-26 01:04:24 下次操作: 2021-07-26 01:04:36

2021-07-26 01:04:36 开始第 11 次操作

2021-07-26 01:04:36 开始操作号码 【1476419】
2021-07-26 01:04:41 GSD getOne 第 1 次 等待 3 秒
2021-07-26 01:04:44 查询号码 【1476419】，返回信息 {"status":"bad","msg":""}
2021-07-26 01:04:44 查询号码 【1476419】，GSD为【""】
2021-07-26 01:04:44 bad
2021-07-26 01:04:45 CHB 1476419?1627232684 第 1 次 等待 3 秒
2021-07-26 01:04:48 CHB 1476419?1627232684 第 1 次 获取到号码【1476419】GSD
2021-07-26 01:04:48 获取到号码【1476419】的GSD为【云南-昆明】
2021-07-26 01:05:06 GSD insert 第 1 次 等待 3 秒
2021-07-26 01:05:09 {"status":"ok","gid":395532,"msg":"添加成功！"}
2021-07-26 01:05:09 下次操作: 2021-07-26 01:05:22

2021-07-26 01:05:22 开始第 12 次操作

2021-07-26 01:05:22 开始操作号码 【1476418】
2021-07-26 01:05:25 GSD getOne 第 1 次 等待 3 秒
2021-07-26 01:05:28 查询号码 【1476418】，返回信息 {"status":"bad","msg":""}
2021-07-26 01:05:28 查询号码 【1476418】，GSD为【""】
2021-07-26 01:05:28 bad
2021-07-26 01:05:30 CHB 1476418?1627232728 第 1 次 等待 3 秒
2021-07-26 01:05:33 CHB 1476418?1627232728 第 1 次 获取到号码【1476418】GSD
2021-07-26 01:05:33 获取到号码【1476418】的GSD为【四川-成都】
2021-07-26 01:05:51 GSD insert 第 1 次 等待 3 秒
2021-07-26 01:05:54 {"status":"ok","gid":395540,"msg":"添加成功！"}
2021-07-26 01:05:54 下次操作: 2021-07-26 01:06:11

2021-07-26 01:06:11 开始第 13 次操作

2021-07-26 01:06:11 开始操作号码 【1476417】
2021-07-26 01:06:17 GSD getOne 第 1 次 等待 3 秒
2021-07-26 01:06:20 查询号码 【1476417】，返回信息 {"status":"bad","msg":""}
2021-07-26 01:06:20 查询号码 【1476417】，GSD为【""】
2021-07-26 01:06:20 bad
2021-07-26 01:06:22 CHB 1476417?1627232780 第 1 次 等待 3 秒
2021-07-26 01:06:25 CHB 1476417?1627232780 第 1 次 获取到号码【1476417】GSD
2021-07-26 01:06:25 获取到号码【1476417】的GSD为【四川-成都】
2021-07-26 01:06:43 GSD insert 第 1 次 等待 3 秒
2021-07-26 01:06:46 {"status":"ok","gid":395550,"msg":"添加成功！"}
2021-07-26 01:06:46 下次操作: 2021-07-26 01:07:09

2021-07-26 01:07:09 开始第 14 次操作

2021-07-26 01:07:09 开始操作号码 【1476416】
2021-07-26 01:07:14 GSD getOne 第 1 次 等待 3 秒
2021-07-26 01:07:17 查询号码 【1476416】，返回信息 {"status":"bad","msg":""}
2021-07-26 01:07:17 查询号码 【1476416】，GSD为【""】
2021-07-26 01:07:17 bad
2021-07-26 01:07:19 CHB 1476416?1627232837 第 1 次 等待 3 秒
2021-07-26 01:07:22 CHB 1476416?1627232837 第 1 次 获取到号码【1476416】GSD
2021-07-26 01:07:22 获取到号码【1476416】的GSD为【四川-成都】
2021-07-26 01:07:44 GSD insert 第 1 次 等待 3 秒
2021-07-26 01:07:47 {"status":"ok","gid":395563,"msg":"添加成功！"}
2021-07-26 01:07:47 下次操作: 2021-07-26 01:08:10

2021-07-26 01:08:10 开始第 15 次操作

2021-07-26 01:08:10 开始操作号码 【1476415】
2021-07-26 01:08:13 GSD getOne 第 1 次 等待 3 秒
2021-07-26 01:08:16 查询号码 【1476415】，返回信息 {"status":"bad","msg":""}
2021-07-26 01:08:16 查询号码 【1476415】，GSD为【""】
2021-07-26 01:08:16 bad
2021-07-26 01:08:17 CHB 1476415?1627232896 第 1 次 等待 3 秒
2021-07-26 01:08:20 CHB 1476415?1627232896 第 1 次 获取到号码【1476415】GSD
2021-07-26 01:08:20 获取到号码【1476415】的GSD为【四川-成都】
2021-07-26 01:08:39 GSD insert 第 1 次 等待 3 秒
2021-07-26 01:08:42 {"status":"ok","gid":395572,"msg":"添加成功！"}
2021-07-26 01:08:42 下次操作: 2021-07-26 01:08:58

2021-07-26 01:08:58 开始第 16 次操作

2021-07-26 01:08:58 开始操作号码 【1476414】
2021-07-26 01:09:05 GSD getOne 第 1 次 等待 3 秒
2021-07-26 01:09:08 查询号码 【1476414】，返回信息 {"status":"bad","msg":""}
2021-07-26 01:09:08 查询号码 【1476414】，GSD为【""】
2021-07-26 01:09:08 bad
2021-07-26 01:09:10 CHB 1476414?1627232948 第 1 次 等待 3 秒
2021-07-26 01:09:13 CHB 1476414?1627232948 第 1 次 获取到号码【1476414】GSD
2021-07-26 01:09:13 获取到号码【1476414】的GSD为【四川-成都】
2021-07-26 01:09:40 GSD insert 第 1 次 等待 3 秒
2021-07-26 01:09:43 {"status":"ok","gid":395589,"msg":"添加成功！"}
2021-07-26 01:09:43 下次操作: 2021-07-26 01:10:04

2021-07-26 01:10:04 开始第 17 次操作

2021-07-26 01:10:04 开始操作号码 【1476413】
2021-07-26 01:10:07 GSD getOne 第 1 次 等待 3 秒
2021-07-26 01:10:10 查询号码 【1476413】，返回信息 {"status":"bad","msg":""}
2021-07-26 01:10:10 查询号码 【1476413】，GSD为【""】
2021-07-26 01:10:10 bad
2021-07-26 01:10:11 CHB 1476413?1627233010 第 1 次 等待 3 秒
2021-07-26 01:10:14 CHB 1476413?1627233010 第 1 次 获取到号码【1476413】GSD
2021-07-26 01:10:14 获取到号码【1476413】的GSD为【四川-成都】
2021-07-26 01:10:35 GSD insert 第 1 次 等待 3 秒
2021-07-26 01:10:38 {"status":"ok","gid":395599,"msg":"添加成功！"}
2021-07-26 01:10:38 下次操作: 2021-07-26 01:11:02

2021-07-26 01:11:02 开始第 18 次操作

2021-07-26 01:11:02 开始操作号码 【1476412】
2021-07-26 01:11:05 GSD getOne 第 1 次 等待 3 秒
2021-07-26 01:11:08 查询号码 【1476412】，返回信息 {"status":"bad","msg":""}
2021-07-26 01:11:08 查询号码 【1476412】，GSD为【""】
2021-07-26 01:11:08 bad
2021-07-26 01:11:10 CHB 1476412?1627233068 第 1 次 等待 3 秒
2021-07-26 01:11:13 CHB 1476412?1627233068 第 1 次 获取到号码【1476412】GSD
2021-07-26 01:11:13 获取到号码【1476412】的GSD为【四川-成都】
2021-07-26 01:11:31 GSD insert 第 1 次 等待 3 秒
2021-07-26 01:11:34 {"status":"ok","gid":395610,"msg":"添加成功！"}
2021-07-26 01:11:34 下次操作: 2021-07-26 01:11:58

2021-07-26 01:11:58 开始第 19 次操作

2021-07-26 01:11:58 开始操作号码 【1476411】
2021-07-26 01:12:01 GSD getOne 第 1 次 等待 3 秒
2021-07-26 01:12:04 查询号码 【1476411】，返回信息 {"status":"bad","msg":""}
2021-07-26 01:12:04 查询号码 【1476411】，GSD为【""】
2021-07-26 01:12:04 bad
2021-07-26 01:12:06 CHB 1476411?1627233124 第 1 次 等待 3 秒
2021-07-26 01:12:09 CHB 1476411?1627233124 第 1 次 获取到号码【1476411】GSD
2021-07-26 01:12:09 获取到号码【1476411】的GSD为【四川-成都】
2021-07-26 01:12:27 GSD insert 第 1 次 等待 3 秒
2021-07-26 01:12:30 {"status":"ok","gid":395621,"msg":"添加成功！"}
2021-07-26 01:12:30 下次操作: 2021-07-26 01:12:50

2021-07-26 01:12:50 开始第 20 次操作

2021-07-26 01:12:50 开始操作号码 【1476410】
2021-07-26 01:12:53 GSD getOne 第 1 次 等待 3 秒
2021-07-26 01:12:57 查询号码 【1476410】，返回信息 {"status":"bad","msg":""}
2021-07-26 01:12:57 查询号码 【1476410】，GSD为【""】
2021-07-26 01:12:57 bad
2021-07-26 01:12:58 CHB 1476410?1627233177 第 1 次 等待 3 秒
2021-07-26 01:13:01 CHB 1476410?1627233177 第 1 次 获取到号码【1476410】GSD
2021-07-26 01:13:01 获取到号码【1476410】的GSD为【四川-成都】
2021-07-26 01:13:21 GSD insert 第 1 次 等待 3 秒
2021-07-26 01:13:24 {"status":"ok","gid":395633,"msg":"添加成功！"}
2021-07-26 01:13:24 下次操作: 2021-07-26 01:13:37

2021-07-26 01:13:37 开始第 21 次操作

2021-07-26 01:13:37 开始操作号码 【1476409】
2021-07-26 01:13:43 GSD getOne 第 1 次 等待 3 秒
2021-07-26 01:13:46 查询号码 【1476409】，返回信息 {"status":"bad","msg":""}
2021-07-26 01:13:46 查询号码 【1476409】，GSD为【""】
2021-07-26 01:13:46 bad
2021-07-26 01:13:48 CHB 1476409?1627233226 第 1 次 等待 3 秒
2021-07-26 01:13:51 CHB 1476409?1627233226 第 1 次 获取到号码【1476409】GSD
2021-07-26 01:13:51 获取到号码【1476409】的GSD为【四川-成都】
2021-07-26 01:14:12 GSD insert 第 1 次 等待 3 秒
2021-07-26 01:14:15 {"status":"ok","gid":395642,"msg":"添加成功！"}
2021-07-26 01:14:15 下次操作: 2021-07-26 01:14:34

2021-07-26 01:14:34 开始第 22 次操作

2021-07-26 01:14:34 开始操作号码 【1476408】
2021-07-26 01:14:37 GSD getOne 第 1 次 等待 3 秒
2021-07-26 01:14:40 查询号码 【1476408】，返回信息 {"status":"bad","msg":""}
2021-07-26 01:14:40 查询号码 【1476408】，GSD为【""】
2021-07-26 01:14:40 bad
2021-07-26 01:14:41 CHB 1476408?1627233280 第 1 次 等待 3 秒
2021-07-26 01:14:44 CHB 1476408?1627233280 第 1 次 获取到号码【1476408】GSD
2021-07-26 01:14:44 获取到号码【1476408】的GSD为【四川-成都】
2021-07-26 01:14:48 GSD insert 第 1 次 等待 3 秒
2021-07-26 01:14:51 {"status":"ok","gid":395651,"msg":"添加成功！"}
2021-07-26 01:14:51 下次操作: 2021-07-26 01:15:06

2021-07-26 01:15:06 开始第 23 次操作

2021-07-26 01:15:06 开始操作号码 【1476407】
2021-07-26 01:15:09 GSD getOne 第 1 次 等待 3 秒
2021-07-26 01:15:12 查询号码 【1476407】，返回信息 {"status":"bad","msg":""}
2021-07-26 01:15:12 查询号码 【1476407】，GSD为【""】
2021-07-26 01:15:12 bad
2021-07-26 01:15:13 CHB 1476407?1627233312 第 1 次 等待 3 秒
2021-07-26 01:15:16 CHB 1476407?1627233312 第 1 次 获取到号码【1476407】GSD
2021-07-26 01:15:16 获取到号码【1476407】的GSD为【四川-成都】
2021-07-26 01:15:19 GSD insert 第 1 次 等待 3 秒
2021-07-26 01:15:22 {"status":"ok","gid":395657,"msg":"添加成功！"}
2021-07-26 01:15:22 下次操作: 2021-07-26 01:15:43

2021-07-26 01:15:43 开始第 24 次操作

2021-07-26 01:15:43 开始操作号码 【1476406】
2021-07-26 01:15:46 GSD getOne 第 1 次 等待 3 秒
2021-07-26 01:15:49 查询号码 【1476406】，返回信息 {"status":"bad","msg":""}
2021-07-26 01:15:49 查询号码 【1476406】，GSD为【""】
2021-07-26 01:15:49 bad
2021-07-26 01:15:51 CHB 1476406?1627233349 第 1 次 等待 3 秒
2021-07-26 01:15:54 CHB 1476406?1627233349 第 1 次 获取到号码【1476406】GSD
2021-07-26 01:15:54 获取到号码【1476406】的GSD为【四川-成都】
2021-07-26 01:15:58 GSD insert 第 1 次 等待 3 秒
2021-07-26 01:16:01 {"status":"ok","gid":395664,"msg":"添加成功！"}
2021-07-26 01:16:01 下次操作: 2021-07-26 01:16:19

2021-07-26 01:16:19 开始第 25 次操作

2021-07-26 01:16:19 开始操作号码 【1476405】
2021-07-26 01:16:25 GSD getOne 第 1 次 等待 3 秒
2021-07-26 01:16:28 查询号码 【1476405】，返回信息 {"status":"bad","msg":""}
2021-07-26 01:16:28 查询号码 【1476405】，GSD为【""】
2021-07-26 01:16:28 bad
2021-07-26 01:16:30 CHB 1476405?1627233388 第 1 次 等待 3 秒
2021-07-26 01:16:33 CHB 1476405?1627233388 第 1 次 获取到号码【1476405】GSD
2021-07-26 01:16:33 获取到号码【1476405】的GSD为【四川-成都】
2021-07-26 01:16:36 GSD insert 第 1 次 等待 3 秒
2021-07-26 01:16:39 {"status":"ok","gid":395673,"msg":"添加成功！"}
2021-07-26 01:16:39 下次操作: 2021-07-26 01:17:00

2021-07-26 01:17:00 开始第 26 次操作

2021-07-26 01:17:00 开始操作号码 【1476404】
2021-07-26 01:17:03 GSD getOne 第 1 次 等待 3 秒
2021-07-26 01:17:06 查询号码 【1476404】，返回信息 {"status":"bad","msg":""}
2021-07-26 01:17:06 查询号码 【1476404】，GSD为【""】
2021-07-26 01:17:06 bad
2021-07-26 01:17:08 CHB 1476404?1627233426 第 1 次 等待 3 秒
2021-07-26 01:17:11 CHB 1476404?1627233426 第 1 次 获取到号码【1476404】GSD
2021-07-26 01:17:11 获取到号码【1476404】的GSD为【四川-成都】
2021-07-26 01:17:13 GSD insert 第 1 次 等待 3 秒
2021-07-26 01:17:16 {"status":"ok","gid":395680,"msg":"添加成功！"}
2021-07-26 01:17:16 下次操作: 2021-07-26 01:17:39

2021-07-26 01:17:39 开始第 27 次操作

2021-07-26 01:17:39 开始操作号码 【1476403】
2021-07-26 01:17:43 GSD getOne 第 1 次 等待 3 秒
2021-07-26 01:17:46 查询号码 【1476403】，返回信息 {"status":"bad","msg":""}
2021-07-26 01:17:46 查询号码 【1476403】，GSD为【""】
2021-07-26 01:17:46 bad
2021-07-26 01:17:47 CHB 1476403?1627233466 第 1 次 等待 3 秒
2021-07-26 01:17:50 CHB 1476403?1627233466 第 1 次 获取到号码【1476403】GSD
2021-07-26 01:17:51 获取到号码【1476403】的GSD为【四川-成都】
2021-07-26 01:17:53 GSD insert 第 1 次 等待 3 秒
2021-07-26 01:17:56 {"status":"ok","gid":395687,"msg":"添加成功！"}
2021-07-26 01:17:56 下次操作: 2021-07-26 01:18:16

2021-07-26 01:18:16 开始第 28 次操作

2021-07-26 01:18:16 开始操作号码 【1476402】
2021-07-26 01:18:19 GSD getOne 第 1 次 等待 3 秒
2021-07-26 01:18:22 查询号码 【1476402】，返回信息 {"status":"bad","msg":""}
2021-07-26 01:18:22 查询号码 【1476402】，GSD为【""】
2021-07-26 01:18:22 bad
2021-07-26 01:18:24 CHB 1476402?1627233502 第 1 次 等待 3 秒
2021-07-26 01:18:27 CHB 1476402?1627233502 第 1 次 获取到号码【1476402】GSD
2021-07-26 01:18:27 获取到号码【1476402】的GSD为【四川-成都】
2021-07-26 01:18:32 GSD insert 第 1 次 等待 3 秒
2021-07-26 01:18:35 {"status":"ok","gid":395697,"msg":"添加成功！"}
2021-07-26 01:18:35 下次操作: 2021-07-26 01:18:53

2021-07-26 01:18:53 开始第 29 次操作

2021-07-26 01:18:53 开始操作号码 【1476401】
2021-07-26 01:18:56 GSD getOne 第 1 次 等待 3 秒
2021-07-26 01:18:59 查询号码 【1476401】，返回信息 {"status":"bad","msg":""}
2021-07-26 01:18:59 查询号码 【1476401】，GSD为【""】
2021-07-26 01:18:59 bad
2021-07-26 01:19:00 CHB 1476401?1627233539 第 1 次 等待 3 秒
2021-07-26 01:19:03 CHB 1476401?1627233539 第 1 次 获取到号码【1476401】GSD
2021-07-26 01:19:03 获取到号码【1476401】的GSD为【四川-成都】
2021-07-26 01:19:08 GSD insert 第 1 次 等待 3 秒
2021-07-26 01:19:11 {"status":"ok","gid":395702,"msg":"添加成功！"}
2021-07-26 01:19:11 下次操作: 2021-07-26 01:19:24

2021-07-26 01:19:24 开始第 30 次操作

2021-07-26 01:19:24 开始操作号码 【1476400】
2021-07-26 01:19:26 GSD getOne 第 1 次 等待 3 秒
2021-07-26 01:19:29 查询号码 【1476400】，返回信息 {"status":"bad","msg":""}
2021-07-26 01:19:29 查询号码 【1476400】，GSD为【""】
2021-07-26 01:19:29 bad
2021-07-26 01:19:31 CHB 1476400?1627233569 第 1 次 等待 3 秒
2021-07-26 01:19:34 CHB 1476400?1627233569 第 1 次 获取到号码【1476400】GSD
2021-07-26 01:19:34 获取到号码【1476400】的GSD为【四川-成都】
2021-07-26 01:19:37 GSD insert 第 1 次 等待 3 秒
2021-07-26 01:19:40 {"status":"ok","gid":395709,"msg":"添加成功！"}
2021-07-26 01:19:40 下次操作: 2021-07-26 01:19:58

2021-07-26 01:19:58 开始第 31 次操作

2021-07-26 01:19:58 开始操作号码 【1476399】
2021-07-26 01:20:00 GSD getOne 第 1 次 等待 3 秒
2021-07-26 01:20:03 查询号码 【1476399】，返回信息 {"status":"bad","msg":""}
2021-07-26 01:20:03 查询号码 【1476399】，GSD为【""】
2021-07-26 01:20:03 bad
2021-07-26 01:20:05 CHB 1476399?1627233603 第 1 次 等待 3 秒
2021-07-26 01:20:08 CHB 1476399?1627233603 第 1 次 获取到号码【1476399】GSD
2021-07-26 01:20:08 获取到号码【1476399】的GSD为【山东-青岛】
2021-07-26 01:20:11 GSD insert 第 1 次 等待 3 秒
2021-07-26 01:20:14 {"status":"ok","gid":395714,"msg":"添加成功！"}
2021-07-26 01:20:14 下次操作: 2021-07-26 01:20:29

2021-07-26 01:20:29 开始第 32 次操作

2021-07-26 01:20:29 开始操作号码 【1476398】
2021-07-26 01:20:32 GSD getOne 第 1 次 等待 3 秒
2021-07-26 01:20:35 查询号码 【1476398】，返回信息 {"status":"bad","msg":""}
2021-07-26 01:20:35 查询号码 【1476398】，GSD为【""】
2021-07-26 01:20:35 bad
2021-07-26 01:20:37 CHB 1476398?1627233635 第 1 次 等待 3 秒
2021-07-26 01:20:40 CHB 1476398?1627233635 第 1 次 获取到号码【1476398】GSD
2021-07-26 01:20:40 获取到号码【1476398】的GSD为【山东-青岛】
2021-07-26 01:20:47 GSD insert 第 1 次 等待 3 秒
2021-07-26 01:20:50 {"status":"ok","gid":395722,"msg":"添加成功！"}
2021-07-26 01:20:50 下次操作: 2021-07-26 01:21:06

2021-07-26 01:21:06 开始第 33 次操作

2021-07-26 01:21:06 开始操作号码 【1476397】
2021-07-26 01:21:11 GSD getOne 第 1 次 等待 3 秒
2021-07-26 01:21:14 查询号码 【1476397】，返回信息 {"status":"bad","msg":""}
2021-07-26 01:21:14 查询号码 【1476397】，GSD为【""】
2021-07-26 01:21:14 bad
2021-07-26 01:21:16 CHB 1476397?1627233674 第 1 次 等待 3 秒
2021-07-26 01:21:19 CHB 1476397?1627233674 第 1 次 获取到号码【1476397】GSD
2021-07-26 01:21:19 获取到号码【1476397】的GSD为【山东-青岛】
2021-07-26 01:21:23 GSD insert 第 1 次 等待 3 秒
2021-07-26 01:21:26 {"status":"ok","gid":395733,"msg":"添加成功！"}
2021-07-26 01:21:26 下次操作: 2021-07-26 01:21:39

2021-07-26 01:21:39 开始第 34 次操作

2021-07-26 01:21:39 开始操作号码 【1476396】
2021-07-26 01:21:41 GSD getOne 第 1 次 等待 3 秒
2021-07-26 01:21:44 查询号码 【1476396】，返回信息 {"status":"bad","msg":""}
2021-07-26 01:21:44 查询号码 【1476396】，GSD为【""】
2021-07-26 01:21:44 bad
2021-07-26 01:21:46 CHB 1476396?1627233704 第 1 次 等待 3 秒
2021-07-26 01:21:49 CHB 1476396?1627233704 第 1 次 获取到号码【1476396】GSD
2021-07-26 01:21:49 获取到号码【1476396】的GSD为【山东-青岛】
2021-07-26 01:21:52 GSD insert 第 1 次 等待 3 秒
2021-07-26 01:21:55 {"status":"ok","gid":395739,"msg":"添加成功！"}
2021-07-26 01:21:55 下次操作: 2021-07-26 01:22:16

2021-07-26 01:22:16 开始第 35 次操作

2021-07-26 01:22:16 开始操作号码 【1476395】
2021-07-26 01:22:19 GSD getOne 第 1 次 等待 3 秒
2021-07-26 01:22:22 查询号码 【1476395】，返回信息 {"status":"bad","msg":""}
2021-07-26 01:22:22 查询号码 【1476395】，GSD为【""】
2021-07-26 01:22:22 bad
2021-07-26 01:22:24 CHB 1476395?1627233742 第 1 次 等待 3 秒
2021-07-26 01:22:27 CHB 1476395?1627233742 第 1 次 获取到号码【1476395】GSD
2021-07-26 01:22:27 获取到号码【1476395】的GSD为【山东-青岛】
2021-07-26 01:22:30 GSD insert 第 1 次 等待 3 秒
2021-07-26 01:22:33 {"status":"ok","gid":395748,"msg":"添加成功！"}
2021-07-26 01:22:33 下次操作: 2021-07-26 01:22:51

2021-07-26 01:22:51 开始第 36 次操作

2021-07-26 01:22:51 开始操作号码 【1476394】
2021-07-26 01:22:54 GSD getOne 第 1 次 等待 3 秒
2021-07-26 01:22:57 查询号码 【1476394】，返回信息 {"status":"bad","msg":""}
2021-07-26 01:22:57 查询号码 【1476394】，GSD为【""】
2021-07-26 01:22:57 bad
2021-07-26 01:22:59 CHB 1476394?1627233777 第 1 次 等待 3 秒
2021-07-26 01:23:02 CHB 1476394?1627233777 第 1 次 获取到号码【1476394】GSD
2021-07-26 01:23:02 获取到号码【1476394】的GSD为【山东-青岛】
2021-07-26 01:23:04 GSD insert 第 1 次 等待 3 秒
2021-07-26 01:23:07 {"status":"ok","gid":395755,"msg":"添加成功！"}
2021-07-26 01:23:07 下次操作: 2021-07-26 01:23:29

2021-07-26 01:23:29 开始第 37 次操作

2021-07-26 01:23:29 开始操作号码 【1476393】
2021-07-26 01:23:32 GSD getOne 第 1 次 等待 3 秒
2021-07-26 01:23:35 查询号码 【1476393】，返回信息 {"status":"bad","msg":""}
2021-07-26 01:23:35 查询号码 【1476393】，GSD为【""】
2021-07-26 01:23:35 bad
2021-07-26 01:23:37 CHB 1476393?1627233815 第 1 次 等待 3 秒
2021-07-26 01:23:40 CHB 1476393?1627233815 第 1 次 获取到号码【1476393】GSD
2021-07-26 01:23:40 获取到号码【1476393】的GSD为【山东-青岛】
2021-07-26 01:23:42 GSD insert 第 1 次 等待 3 秒
2021-07-26 01:23:45 {"status":"ok","gid":395764,"msg":"添加成功！"}
2021-07-26 01:23:45 下次操作: 2021-07-26 01:24:02

2021-07-26 01:24:02 开始第 38 次操作

2021-07-26 01:24:02 开始操作号码 【1476392】
2021-07-26 01:24:07 GSD getOne 第 1 次 等待 3 秒
2021-07-26 01:24:10 查询号码 【1476392】，返回信息 {"status":"bad","msg":""}
2021-07-26 01:24:10 查询号码 【1476392】，GSD为【""】
2021-07-26 01:24:10 bad
2021-07-26 01:24:11 CHB 1476392?1627233850 第 1 次 等待 3 秒
2021-07-26 01:24:14 CHB 1476392?1627233850 第 1 次 获取到号码【1476392】GSD
2021-07-26 01:24:14 获取到号码【1476392】的GSD为【山东-青岛】
2021-07-26 01:24:17 GSD insert 第 1 次 等待 3 秒
2021-07-26 01:24:20 {"status":"ok","gid":395771,"msg":"添加成功！"}
2021-07-26 01:24:20 下次操作: 2021-07-26 01:24:32

2021-07-26 01:24:32 开始第 39 次操作

2021-07-26 01:24:32 开始操作号码 【1476391】
2021-07-26 01:24:35 GSD getOne 第 1 次 等待 3 秒
2021-07-26 01:24:38 查询号码 【1476391】，返回信息 {"status":"bad","msg":""}
2021-07-26 01:24:38 查询号码 【1476391】，GSD为【""】
2021-07-26 01:24:38 bad
2021-07-26 01:24:39 CHB 1476391?1627233878 第 1 次 等待 3 秒
2021-07-26 01:24:42 CHB 1476391?1627233878 第 1 次 获取到号码【1476391】GSD
2021-07-26 01:24:42 获取到号码【1476391】的GSD为【山东-青岛】
2021-07-26 01:24:47 GSD insert 第 1 次 等待 3 秒
2021-07-26 01:24:50 {"status":"ok","gid":395778,"msg":"添加成功！"}
2021-07-26 01:24:50 下次操作: 2021-07-26 01:25:08

2021-07-26 01:25:08 开始第 40 次操作

2021-07-26 01:25:08 开始操作号码 【1476390】
2021-07-26 01:25:11 GSD getOne 第 1 次 等待 3 秒
2021-07-26 01:25:14 查询号码 【1476390】，返回信息 {"status":"bad","msg":""}
2021-07-26 01:25:14 查询号码 【1476390】，GSD为【""】
2021-07-26 01:25:14 bad
2021-07-26 01:25:15 CHB 1476390?1627233914 第 1 次 等待 3 秒
2021-07-26 01:25:18 CHB 1476390?1627233914 第 1 次 获取到号码【1476390】GSD
2021-07-26 01:25:18 获取到号码【1476390】的GSD为【山东-青岛】
2021-07-26 01:25:21 GSD insert 第 1 次 等待 3 秒
2021-07-26 01:25:24 {"status":"ok","gid":395783,"msg":"添加成功！"}

2021-07-26 01:37:54 开始第 1 次操作

2021-07-26 01:37:54 开始操作号码 【1476389】
2021-07-26 01:37:57 GSD getOne 第 1 次 等待 3 秒
2021-07-26 01:38:00 查询号码 【1476389】，返回信息 {"status":"bad","msg":""}
2021-07-26 01:38:00 查询号码 【1476389】，GSD为【""】
2021-07-26 01:38:00 bad
2021-07-26 01:38:02 CHB 1476389?1627234680 第 1 次 等待 3 秒
2021-07-26 01:38:05 CHB 1476389?1627234680 第 1 次 获取到号码【1476389】GSD
2021-07-26 01:38:05 获取到号码【1476389】的GSD为【山东-潍坊】
2021-07-26 01:38:08 GSD insert 第 1 次 等待 3 秒
2021-07-26 01:38:11 {"status":"ok","gid":395850,"msg":"添加成功！"}
2021-07-26 01:38:11 下次操作: 2021-07-26 01:38:30

2021-07-26 01:38:30 开始第 2 次操作

2021-07-26 01:38:30 开始操作号码 【1476388】
2021-07-26 01:38:33 GSD getOne 第 1 次 等待 3 秒
2021-07-26 01:38:36 查询号码 【1476388】，返回信息 {"status":"bad","msg":""}
2021-07-26 01:38:36 查询号码 【1476388】，GSD为【""】
2021-07-26 01:38:36 bad
2021-07-26 01:38:38 CHB 1476388?1627234716 第 1 次 等待 3 秒
2021-07-26 01:38:41 CHB 1476388?1627234716 第 1 次 获取到号码【1476388】GSD
2021-07-26 01:38:41 获取到号码【1476388】的GSD为【山东-潍坊】
2021-07-26 01:38:44 GSD insert 第 1 次 等待 3 秒
2021-07-26 01:38:47 {"status":"ok","gid":395855,"msg":"添加成功！"}
2021-07-26 01:38:47 下次操作: 2021-07-26 01:39:03

2021-07-26 01:39:03 开始第 3 次操作

2021-07-26 01:39:03 开始操作号码 【1476387】
2021-07-26 01:39:06 GSD getOne 第 1 次 等待 3 秒
2021-07-26 01:39:09 查询号码 【1476387】，返回信息 {"status":"bad","msg":""}
2021-07-26 01:39:09 查询号码 【1476387】，GSD为【""】
2021-07-26 01:39:09 bad
2021-07-26 01:39:10 CHB 1476387?1627234749 第 1 次 等待 3 秒
2021-07-26 01:39:13 CHB 1476387?1627234749 第 1 次 获取到号码【1476387】GSD
2021-07-26 01:39:13 获取到号码【1476387】的GSD为【山东-潍坊】
2021-07-26 01:39:16 GSD insert 第 1 次 等待 3 秒
2021-07-26 01:39:19 {"status":"ok","gid":395858,"msg":"添加成功！"}
2021-07-26 01:39:19 下次操作: 2021-07-26 01:39:40

2021-07-26 01:39:40 开始第 4 次操作

2021-07-26 01:39:40 开始操作号码 【1476386】
2021-07-26 01:39:43 GSD getOne 第 1 次 等待 3 秒
2021-07-26 01:39:46 查询号码 【1476386】，返回信息 {"status":"bad","msg":""}
2021-07-26 01:39:46 查询号码 【1476386】，GSD为【""】
2021-07-26 01:39:46 bad
2021-07-26 01:39:47 CHB 1476386?1627234786 第 1 次 等待 3 秒
2021-07-26 01:39:50 CHB 1476386?1627234786 第 1 次 获取到号码【1476386】GSD
2021-07-26 01:39:50 获取到号码【1476386】的GSD为【山东-潍坊】
2021-07-26 01:39:53 GSD insert 第 1 次 等待 3 秒
2021-07-26 01:39:56 {"status":"ok","gid":395864,"msg":"添加成功！"}
2021-07-26 01:39:56 下次操作: 2021-07-26 01:40:12

2021-07-26 01:40:12 开始第 5 次操作

2021-07-26 01:40:12 开始操作号码 【1476385】
2021-07-26 01:40:16 GSD getOne 第 1 次 等待 3 秒
2021-07-26 01:40:19 查询号码 【1476385】，返回信息 {"status":"bad","msg":""}
2021-07-26 01:40:19 查询号码 【1476385】，GSD为【""】
2021-07-26 01:40:19 bad
2021-07-26 01:40:21 CHB 1476385?1627234819 第 1 次 等待 3 秒
2021-07-26 01:40:24 CHB 1476385?1627234819 第 1 次 获取到号码【1476385】GSD
2021-07-26 01:40:24 获取到号码【1476385】的GSD为【山东-潍坊】
2021-07-26 01:40:28 GSD insert 第 1 次 等待 3 秒
2021-07-26 01:40:31 {"status":"ok","gid":395869,"msg":"添加成功！"}
2021-07-26 01:40:31 下次操作: 2021-07-26 01:40:54

2021-07-26 01:40:54 开始第 6 次操作

2021-07-26 01:40:54 开始操作号码 【1476384】
2021-07-26 01:40:56 GSD getOne 第 1 次 等待 3 秒
2021-07-26 01:40:59 查询号码 【1476384】，返回信息 {"status":"bad","msg":""}
2021-07-26 01:40:59 查询号码 【1476384】，GSD为【""】
2021-07-26 01:40:59 bad
2021-07-26 01:41:01 CHB 1476384?1627234859 第 1 次 等待 3 秒
2021-07-26 01:41:04 CHB 1476384?1627234859 第 1 次 获取到号码【1476384】GSD
2021-07-26 01:41:04 获取到号码【1476384】的GSD为【山东-潍坊】
2021-07-26 01:41:15 GSD insert 第 1 次 等待 3 秒
2021-07-26 01:41:18 {"status":"ok","gid":395873,"msg":"添加成功！"}
2021-07-26 01:41:18 下次操作: 2021-07-26 01:41:33

2021-07-26 01:41:33 开始第 7 次操作

2021-07-26 01:41:33 开始操作号码 【1476383】
2021-07-26 01:41:36 GSD getOne 第 1 次 等待 3 秒
2021-07-26 01:41:39 查询号码 【1476383】，返回信息 {"status":"bad","msg":""}
2021-07-26 01:41:39 查询号码 【1476383】，GSD为【""】
2021-07-26 01:41:39 bad
2021-07-26 01:41:40 CHB 1476383?1627234899 第 1 次 等待 3 秒
2021-07-26 01:41:43 CHB 1476383?1627234899 第 1 次 获取到号码【1476383】GSD
2021-07-26 01:41:44 获取到号码【1476383】的GSD为【山东-潍坊】
2021-07-26 01:41:46 GSD insert 第 1 次 等待 3 秒
2021-07-26 01:41:49 {"status":"ok","gid":395878,"msg":"添加成功！"}
2021-07-26 01:41:49 下次操作: 2021-07-26 01:42:03

2021-07-26 01:42:03 开始第 8 次操作

2021-07-26 01:42:03 开始操作号码 【1476382】
2021-07-26 01:42:06 GSD getOne 第 1 次 等待 3 秒
2021-07-26 01:42:09 查询号码 【1476382】，返回信息 {"status":"bad","msg":""}
2021-07-26 01:42:09 查询号码 【1476382】，GSD为【""】
2021-07-26 01:42:09 bad
2021-07-26 01:42:10 CHB 1476382?1627234929 第 1 次 等待 3 秒
2021-07-26 01:42:13 CHB 1476382?1627234929 第 1 次 获取到号码【1476382】GSD
2021-07-26 01:42:13 获取到号码【1476382】的GSD为【山东-潍坊】
2021-07-26 01:42:16 GSD insert 第 1 次 等待 3 秒
2021-07-26 01:42:19 {"status":"ok","gid":395882,"msg":"添加成功！"}
2021-07-26 01:42:19 下次操作: 2021-07-26 01:42:40

2021-07-26 01:42:40 开始第 9 次操作

2021-07-26 01:42:40 开始操作号码 【1476381】
2021-07-26 01:42:48 GSD getOne 第 1 次 等待 3 秒
2021-07-26 01:42:51 查询号码 【1476381】，返回信息 {"status":"bad","msg":""}
2021-07-26 01:42:51 查询号码 【1476381】，GSD为【""】
2021-07-26 01:42:51 bad
2021-07-26 01:42:53 CHB 1476381?1627234971 第 1 次 等待 3 秒
2021-07-26 01:42:56 CHB 1476381?1627234971 第 1 次 获取到号码【1476381】GSD
2021-07-26 01:42:56 获取到号码【1476381】的GSD为【山东-潍坊】
2021-07-26 01:42:58 GSD insert 第 1 次 等待 3 秒
2021-07-26 01:43:01 {"status":"ok","gid":395893,"msg":"添加成功！"}
2021-07-26 01:43:01 下次操作: 2021-07-26 01:43:17

2021-07-26 01:43:17 开始第 10 次操作

2021-07-26 01:43:17 开始操作号码 【1476380】
2021-07-26 01:43:24 GSD getOne 第 1 次 等待 3 秒
2021-07-26 01:43:27 查询号码 【1476380】，返回信息 {"status":"bad","msg":""}
2021-07-26 01:43:27 查询号码 【1476380】，GSD为【""】
2021-07-26 01:43:27 bad
2021-07-26 01:43:29 CHB 1476380?1627235007 第 1 次 等待 3 秒
2021-07-26 01:43:32 CHB 1476380?1627235007 第 1 次 获取到号码【1476380】GSD
2021-07-26 01:43:32 获取到号码【1476380】的GSD为【山东-潍坊】
2021-07-26 01:43:35 GSD insert 第 1 次 等待 3 秒
2021-07-26 01:43:38 {"status":"ok","gid":395902,"msg":"添加成功！"}
2021-07-26 01:43:38 下次操作: 2021-07-26 01:43:54

2021-07-26 01:43:54 开始第 11 次操作

2021-07-26 01:43:54 开始操作号码 【1476379】
2021-07-26 01:43:56 GSD getOne 第 1 次 等待 3 秒
2021-07-26 01:43:59 查询号码 【1476379】，返回信息 {"status":"bad","msg":""}
2021-07-26 01:43:59 查询号码 【1476379】，GSD为【""】
2021-07-26 01:43:59 bad
2021-07-26 01:44:01 CHB 1476379?1627235039 第 1 次 等待 3 秒
2021-07-26 01:44:04 CHB 1476379?1627235039 第 1 次 获取到号码【1476379】GSD
2021-07-26 01:44:04 获取到号码【1476379】的GSD为【山东-济宁】
2021-07-26 01:44:07 GSD insert 第 1 次 等待 3 秒
2021-07-26 01:44:10 {"status":"ok","gid":395910,"msg":"添加成功！"}
2021-07-26 01:44:10 下次操作: 2021-07-26 01:44:29

2021-07-26 01:44:29 开始第 12 次操作

2021-07-26 01:44:29 开始操作号码 【1476378】
2021-07-26 01:44:32 GSD getOne 第 1 次 等待 3 秒
2021-07-26 01:44:35 查询号码 【1476378】，返回信息 {"status":"bad","msg":""}
2021-07-26 01:44:35 查询号码 【1476378】，GSD为【""】
2021-07-26 01:44:35 bad
2021-07-26 01:44:36 CHB 1476378?1627235075 第 1 次 等待 3 秒
2021-07-26 01:44:39 CHB 1476378?1627235075 第 1 次 获取到号码【1476378】GSD
2021-07-26 01:44:39 获取到号码【1476378】的GSD为【山东-济宁】
2021-07-26 01:44:42 GSD insert 第 1 次 等待 3 秒
2021-07-26 01:44:45 {"status":"ok","gid":395920,"msg":"添加成功！"}
2021-07-26 01:44:45 下次操作: 2021-07-26 01:44:57

2021-07-26 01:44:57 开始第 13 次操作

2021-07-26 01:44:57 开始操作号码 【1476377】
2021-07-26 01:45:00 GSD getOne 第 1 次 等待 3 秒
2021-07-26 01:45:03 查询号码 【1476377】，返回信息 {"status":"bad","msg":""}
2021-07-26 01:45:03 查询号码 【1476377】，GSD为【""】
2021-07-26 01:45:03 bad
2021-07-26 01:45:04 CHB 1476377?1627235103 第 1 次 等待 3 秒
2021-07-26 01:45:07 CHB 1476377?1627235103 第 1 次 获取到号码【1476377】GSD
2021-07-26 01:45:07 获取到号码【1476377】的GSD为【山东-济宁】
2021-07-26 01:45:10 GSD insert 第 1 次 等待 3 秒
2021-07-26 01:45:13 {"status":"ok","gid":395927,"msg":"添加成功！"}
2021-07-26 01:45:13 下次操作: 2021-07-26 01:45:30

2021-07-26 01:45:30 开始第 14 次操作

2021-07-26 01:45:30 开始操作号码 【1476376】
2021-07-26 01:45:34 GSD getOne 第 1 次 等待 3 秒
2021-07-26 01:45:37 查询号码 【1476376】，返回信息 {"status":"bad","msg":""}
2021-07-26 01:45:37 查询号码 【1476376】，GSD为【""】
2021-07-26 01:45:37 bad
2021-07-26 01:45:39 CHB 1476376?1627235137 第 1 次 等待 3 秒
2021-07-26 01:45:42 CHB 1476376?1627235137 第 1 次 获取到号码【1476376】GSD
2021-07-26 01:45:42 获取到号码【1476376】的GSD为【山东-济宁】
2021-07-26 01:45:44 GSD insert 第 1 次 等待 3 秒
2021-07-26 01:45:47 {"status":"ok","gid":395938,"msg":"添加成功！"}
2021-07-26 01:45:47 下次操作: 2021-07-26 01:46:11

2021-07-26 01:46:11 开始第 15 次操作

2021-07-26 01:46:11 开始操作号码 【1476375】
2021-07-26 01:46:14 GSD getOne 第 1 次 等待 3 秒
2021-07-26 01:46:17 查询号码 【1476375】，返回信息 {"status":"bad","msg":""}
2021-07-26 01:46:17 查询号码 【1476375】，GSD为【""】
2021-07-26 01:46:17 bad
2021-07-26 01:46:19 CHB 1476375?1627235177 第 1 次 等待 3 秒
2021-07-26 01:46:22 CHB 1476375?1627235177 第 1 次 获取到号码【1476375】GSD
2021-07-26 01:46:22 获取到号码【1476375】的GSD为【山东-济宁】
2021-07-26 01:46:25 GSD insert 第 1 次 等待 3 秒
2021-07-26 01:46:28 {"status":"ok","gid":395949,"msg":"添加成功！"}
2021-07-26 01:46:28 下次操作: 2021-07-26 01:46:51

2021-07-26 01:46:51 开始第 16 次操作

2021-07-26 01:46:51 开始操作号码 【1476374】
2021-07-26 01:46:54 GSD getOne 第 1 次 等待 3 秒
2021-07-26 01:46:57 查询号码 【1476374】，返回信息 {"status":"bad","msg":""}
2021-07-26 01:46:57 查询号码 【1476374】，GSD为【""】
2021-07-26 01:46:57 bad
2021-07-26 01:46:58 CHB 1476374?1627235217 第 1 次 等待 3 秒
2021-07-26 01:47:01 CHB 1476374?1627235217 第 1 次 获取到号码【1476374】GSD
2021-07-26 01:47:01 获取到号码【1476374】的GSD为【山东-济宁】
2021-07-26 01:47:04 GSD insert 第 1 次 等待 3 秒
2021-07-26 01:47:07 {"status":"ok","gid":395961,"msg":"添加成功！"}
2021-07-26 01:47:07 下次操作: 2021-07-26 01:47:31

2021-07-26 01:47:31 开始第 17 次操作

2021-07-26 01:47:31 开始操作号码 【1476373】
2021-07-26 01:47:34 GSD getOne 第 1 次 等待 3 秒
2021-07-26 01:47:37 查询号码 【1476373】，返回信息 {"status":"bad","msg":""}
2021-07-26 01:47:37 查询号码 【1476373】，GSD为【""】
2021-07-26 01:47:37 bad
2021-07-26 01:47:39 CHB 1476373?1627235257 第 1 次 等待 3 秒
2021-07-26 01:47:42 CHB 1476373?1627235257 第 1 次 获取到号码【1476373】GSD
2021-07-26 01:47:42 获取到号码【1476373】的GSD为【山东-济宁】
2021-07-26 01:47:44 GSD insert 第 1 次 等待 3 秒
2021-07-26 01:47:47 {"status":"ok","gid":395970,"msg":"添加成功！"}
2021-07-26 01:47:47 下次操作: 2021-07-26 01:48:04

2021-07-26 01:48:04 开始第 18 次操作

2021-07-26 01:48:04 开始操作号码 【1476372】
2021-07-26 01:48:07 GSD getOne 第 1 次 等待 3 秒
2021-07-26 01:48:10 查询号码 【1476372】，返回信息 {"status":"bad","msg":""}
2021-07-26 01:48:10 查询号码 【1476372】，GSD为【""】
2021-07-26 01:48:10 bad
2021-07-26 01:48:12 CHB 1476372?1627235290 第 1 次 等待 3 秒
2021-07-26 01:48:15 CHB 1476372?1627235290 第 1 次 获取到号码【1476372】GSD
2021-07-26 01:48:15 获取到号码【1476372】的GSD为【山东-济宁】
2021-07-26 01:48:18 GSD insert 第 1 次 等待 3 秒
2021-07-26 01:48:21 {"status":"ok","gid":395978,"msg":"添加成功！"}
2021-07-26 01:48:21 下次操作: 2021-07-26 01:48:43

2021-07-26 01:48:43 开始第 19 次操作

2021-07-26 01:48:43 开始操作号码 【1476371】
2021-07-26 01:48:46 GSD getOne 第 1 次 等待 3 秒
2021-07-26 01:48:49 查询号码 【1476371】，返回信息 {"status":"bad","msg":""}
2021-07-26 01:48:49 查询号码 【1476371】，GSD为【""】
2021-07-26 01:48:49 bad
2021-07-26 01:48:51 CHB 1476371?1627235329 第 1 次 等待 3 秒
2021-07-26 01:48:54 CHB 1476371?1627235329 第 1 次 获取到号码【1476371】GSD
2021-07-26 01:48:54 获取到号码【1476371】的GSD为【山东-济宁】
2021-07-26 01:48:57 GSD insert 第 1 次 等待 3 秒
2021-07-26 01:49:00 {"status":"ok","gid":395993,"msg":"添加成功！"}
2021-07-26 01:49:00 下次操作: 2021-07-26 01:49:20

2021-07-26 01:49:20 开始第 20 次操作

2021-07-26 01:49:20 开始操作号码 【1476370】
2021-07-26 01:49:23 GSD getOne 第 1 次 等待 3 秒
2021-07-26 01:49:26 查询号码 【1476370】，返回信息 {"status":"bad","msg":""}
2021-07-26 01:49:26 查询号码 【1476370】，GSD为【""】
2021-07-26 01:49:26 bad
2021-07-26 01:49:28 CHB 1476370?1627235366 第 1 次 等待 3 秒
2021-07-26 01:49:31 CHB 1476370?1627235366 第 1 次 获取到号码【1476370】GSD
2021-07-26 01:49:31 获取到号码【1476370】的GSD为【山东-济宁】
2021-07-26 01:49:34 GSD insert 第 1 次 等待 3 秒
2021-07-26 01:49:37 {"status":"ok","gid":396001,"msg":"添加成功！"}
2021-07-26 01:49:37 下次操作: 2021-07-26 01:49:58

2021-07-26 01:49:58 开始第 21 次操作

2021-07-26 01:49:58 开始操作号码 【1476369】
2021-07-26 01:50:03 GSD getOne 第 1 次 等待 3 秒
2021-07-26 01:50:06 查询号码 【1476369】，返回信息 {"status":"bad","msg":""}
2021-07-26 01:50:06 查询号码 【1476369】，GSD为【""】
2021-07-26 01:50:06 bad
2021-07-26 01:50:08 CHB 1476369?1627235406 第 1 次 等待 3 秒
2021-07-26 01:50:11 CHB 1476369?1627235406 第 1 次 获取到号码【1476369】GSD
2021-07-26 01:50:11 获取到号码【1476369】的GSD为【山东-济南】
2021-07-26 01:50:14 GSD insert 第 1 次 等待 3 秒
2021-07-26 01:50:17 {"status":"ok","gid":396013,"msg":"添加成功！"}
2021-07-26 01:50:17 下次操作: 2021-07-26 01:50:33

2021-07-26 01:50:33 开始第 22 次操作

2021-07-26 01:50:33 开始操作号码 【1476368】
2021-07-26 01:50:39 GSD getOne 第 1 次 等待 3 秒
2021-07-26 01:50:42 查询号码 【1476368】，返回信息 {"status":"bad","msg":""}
2021-07-26 01:50:42 查询号码 【1476368】，GSD为【""】
2021-07-26 01:50:42 bad
2021-07-26 01:50:43 CHB 1476368?1627235442 第 1 次 等待 3 秒
2021-07-26 01:50:46 CHB 1476368?1627235442 第 1 次 获取到号码【1476368】GSD
2021-07-26 01:50:46 获取到号码【1476368】的GSD为【山东-济南】
2021-07-26 01:50:50 GSD insert 第 1 次 等待 3 秒
2021-07-26 01:50:53 {"status":"ok","gid":396023,"msg":"添加成功！"}
2021-07-26 01:50:53 下次操作: 2021-07-26 01:51:16

2021-07-26 01:51:16 开始第 23 次操作

2021-07-26 01:51:16 开始操作号码 【1476367】
2021-07-26 01:51:18 GSD getOne 第 1 次 等待 3 秒
2021-07-26 01:51:21 查询号码 【1476367】，返回信息 {"status":"bad","msg":""}
2021-07-26 01:51:21 查询号码 【1476367】，GSD为【""】
2021-07-26 01:51:21 bad
2021-07-26 01:51:23 CHB 1476367?1627235481 第 1 次 等待 3 秒
2021-07-26 01:51:26 CHB 1476367?1627235481 第 1 次 获取到号码【1476367】GSD
2021-07-26 01:51:26 获取到号码【1476367】的GSD为【山东-济南】
2021-07-26 01:51:31 GSD insert 第 1 次 等待 3 秒
2021-07-26 01:51:34 {"status":"ok","gid":396034,"msg":"添加成功！"}
2021-07-26 01:51:34 下次操作: 2021-07-26 01:51:54

2021-07-26 01:51:54 开始第 24 次操作

2021-07-26 01:51:54 开始操作号码 【1476366】
2021-07-26 01:51:57 GSD getOne 第 1 次 等待 3 秒
2021-07-26 01:52:00 查询号码 【1476366】，返回信息 {"status":"bad","msg":""}
2021-07-26 01:52:00 查询号码 【1476366】，GSD为【""】
2021-07-26 01:52:00 bad
2021-07-26 01:52:02 CHB 1476366?1627235520 第 1 次 等待 3 秒
2021-07-26 01:52:05 CHB 1476366?1627235520 第 1 次 获取到号码【1476366】GSD
2021-07-26 01:52:05 获取到号码【1476366】的GSD为【山东-济南】
2021-07-26 01:52:08 GSD insert 第 1 次 等待 3 秒
2021-07-26 01:52:11 {"status":"ok","gid":396047,"msg":"添加成功！"}
2021-07-26 01:52:11 下次操作: 2021-07-26 01:52:31

2021-07-26 01:52:31 开始第 25 次操作

2021-07-26 01:52:31 开始操作号码 【1476365】
2021-07-26 01:52:33 GSD getOne 第 1 次 等待 3 秒
2021-07-26 01:52:36 查询号码 【1476365】，返回信息 {"status":"bad","msg":""}
2021-07-26 01:52:36 查询号码 【1476365】，GSD为【""】
2021-07-26 01:52:36 bad
2021-07-26 01:52:38 CHB 1476365?1627235556 第 1 次 等待 3 秒
2021-07-26 01:52:41 CHB 1476365?1627235556 第 1 次 获取到号码【1476365】GSD
2021-07-26 01:52:41 获取到号码【1476365】的GSD为【山东-济南】
2021-07-26 01:52:44 GSD insert 第 1 次 等待 3 秒
2021-07-26 01:52:47 {"status":"ok","gid":396057,"msg":"添加成功！"}
2021-07-26 01:52:47 下次操作: 2021-07-26 01:53:04

2021-07-26 01:53:04 开始第 26 次操作

2021-07-26 01:53:04 开始操作号码 【1476364】
2021-07-26 01:53:06 GSD getOne 第 1 次 等待 3 秒
2021-07-26 01:53:09 查询号码 【1476364】，返回信息 {"status":"bad","msg":""}
2021-07-26 01:53:09 查询号码 【1476364】，GSD为【""】
2021-07-26 01:53:09 bad
2021-07-26 01:53:11 CHB 1476364?1627235589 第 1 次 等待 3 秒
2021-07-26 01:53:14 CHB 1476364?1627235589 第 1 次 获取到号码【1476364】GSD
2021-07-26 01:53:14 获取到号码【1476364】的GSD为【山东-济南】
2021-07-26 01:53:17 GSD insert 第 1 次 等待 3 秒
2021-07-26 01:53:20 {"status":"ok","gid":396068,"msg":"添加成功！"}
2021-07-26 01:53:20 下次操作: 2021-07-26 01:53:41

2021-07-26 01:53:41 开始第 27 次操作

2021-07-26 01:53:41 开始操作号码 【1476363】
2021-07-26 01:53:43 GSD getOne 第 1 次 等待 3 秒
2021-07-26 01:53:46 查询号码 【1476363】，返回信息 {"status":"bad","msg":""}
2021-07-26 01:53:47 查询号码 【1476363】，GSD为【""】
2021-07-26 01:53:47 bad
2021-07-26 01:53:48 CHB 1476363?1627235627 第 1 次 等待 3 秒
2021-07-26 01:53:51 CHB 1476363?1627235627 第 1 次 获取到号码【1476363】GSD
2021-07-26 01:53:51 获取到号码【1476363】的GSD为【山东-济南】
2021-07-26 01:53:54 GSD insert 第 1 次 等待 3 秒
2021-07-26 01:53:57 {"status":"ok","gid":396078,"msg":"添加成功！"}
2021-07-26 01:53:57 下次操作: 2021-07-26 01:54:10

2021-07-26 01:54:10 开始第 28 次操作

2021-07-26 01:54:10 开始操作号码 【1476362】
2021-07-26 01:54:13 GSD getOne 第 1 次 等待 3 秒
2021-07-26 01:54:16 查询号码 【1476362】，返回信息 {"status":"bad","msg":""}
2021-07-26 01:54:16 查询号码 【1476362】，GSD为【""】
2021-07-26 01:54:16 bad
2021-07-26 01:54:17 CHB 1476362?1627235656 第 1 次 等待 3 秒
2021-07-26 01:54:20 CHB 1476362?1627235656 第 1 次 获取到号码【1476362】GSD
2021-07-26 01:54:20 获取到号码【1476362】的GSD为【山东-济南】
2021-07-26 01:54:24 GSD insert 第 1 次 等待 3 秒
2021-07-26 01:54:27 {"status":"ok","gid":396084,"msg":"添加成功！"}
2021-07-26 01:54:27 下次操作: 2021-07-26 01:54:40

2021-07-26 01:54:40 开始第 29 次操作

2021-07-26 01:54:40 开始操作号码 【1476361】
2021-07-26 01:54:43 GSD getOne 第 1 次 等待 3 秒
2021-07-26 01:54:46 查询号码 【1476361】，返回信息 {"status":"bad","msg":""}
2021-07-26 01:54:46 查询号码 【1476361】，GSD为【""】
2021-07-26 01:54:46 bad
2021-07-26 01:54:47 CHB 1476361?1627235686 第 1 次 等待 3 秒
2021-07-26 01:54:50 CHB 1476361?1627235686 第 1 次 获取到号码【1476361】GSD
2021-07-26 01:54:50 获取到号码【1476361】的GSD为【山东-济南】
2021-07-26 01:54:54 GSD insert 第 1 次 等待 3 秒
2021-07-26 01:54:57 {"status":"ok","gid":396092,"msg":"添加成功！"}
2021-07-26 01:54:57 下次操作: 2021-07-26 01:55:12

2021-07-26 01:55:12 开始第 30 次操作

2021-07-26 01:55:12 开始操作号码 【1476360】
2021-07-26 01:55:15 GSD getOne 第 1 次 等待 3 秒
2021-07-26 01:55:18 查询号码 【1476360】，返回信息 {"status":"bad","msg":""}
2021-07-26 01:55:18 查询号码 【1476360】，GSD为【""】
2021-07-26 01:55:18 bad
2021-07-26 01:55:20 CHB 1476360?1627235718 第 1 次 等待 3 秒
2021-07-26 01:55:23 CHB 1476360?1627235718 第 1 次 获取到号码【1476360】GSD
2021-07-26 01:55:23 获取到号码【1476360】的GSD为【山东-济南】
2021-07-26 01:55:25 GSD insert 第 1 次 等待 3 秒
2021-07-26 01:55:28 {"status":"ok","gid":396102,"msg":"添加成功！"}
2021-07-26 01:55:28 下次操作: 2021-07-26 01:55:43

2021-07-26 01:55:43 开始第 31 次操作

2021-07-26 01:55:43 开始操作号码 【1476359】
2021-07-26 01:55:46 GSD getOne 第 1 次 等待 3 秒
2021-07-26 01:55:49 查询号码 【1476359】，返回信息 {"status":"bad","msg":""}
2021-07-26 01:55:49 查询号码 【1476359】，GSD为【""】
2021-07-26 01:55:49 bad
2021-07-26 01:55:51 CHB 1476359?1627235749 第 1 次 等待 3 秒
2021-07-26 01:55:54 CHB 1476359?1627235749 第 1 次 获取到号码【1476359】GSD
2021-07-26 01:55:54 获取到号码【1476359】的GSD为【山东-聊城】
2021-07-26 01:56:00 GSD insert 第 1 次 等待 3 秒
2021-07-26 01:56:03 {"status":"ok","gid":396111,"msg":"添加成功！"}
2021-07-26 01:56:03 下次操作: 2021-07-26 01:56:18

2021-07-26 01:56:18 开始第 32 次操作

2021-07-26 01:56:18 开始操作号码 【1476358】
2021-07-26 01:56:21 GSD getOne 第 1 次 等待 3 秒
2021-07-26 01:56:24 查询号码 【1476358】，返回信息 {"status":"bad","msg":""}
2021-07-26 01:56:24 查询号码 【1476358】，GSD为【""】
2021-07-26 01:56:24 bad
2021-07-26 01:56:25 CHB 1476358?1627235784 第 1 次 等待 3 秒
2021-07-26 01:56:28 CHB 1476358?1627235784 第 1 次 获取到号码【1476358】GSD
2021-07-26 01:56:28 获取到号码【1476358】的GSD为【山东-聊城】
2021-07-26 01:56:31 GSD insert 第 1 次 等待 3 秒
2021-07-26 01:56:34 {"status":"ok","gid":396122,"msg":"添加成功！"}
2021-07-26 01:56:34 下次操作: 2021-07-26 01:56:47

2021-07-26 01:56:47 开始第 33 次操作

2021-07-26 01:56:47 开始操作号码 【1476357】
2021-07-26 01:56:50 GSD getOne 第 1 次 等待 3 秒
2021-07-26 01:56:53 查询号码 【1476357】，返回信息 {"status":"bad","msg":""}
2021-07-26 01:56:53 查询号码 【1476357】，GSD为【""】
2021-07-26 01:56:53 bad
2021-07-26 01:56:54 CHB 1476357?1627235813 第 1 次 等待 3 秒
2021-07-26 01:56:57 CHB 1476357?1627235813 第 1 次 获取到号码【1476357】GSD
2021-07-26 01:56:57 获取到号码【1476357】的GSD为【山东-聊城】
2021-07-26 01:57:00 GSD insert 第 1 次 等待 3 秒
2021-07-26 01:57:03 {"status":"ok","gid":396130,"msg":"添加成功！"}
2021-07-26 01:57:03 下次操作: 2021-07-26 01:57:22

2021-07-26 01:57:22 开始第 34 次操作

2021-07-26 01:57:22 开始操作号码 【1476356】
2021-07-26 01:57:25 GSD getOne 第 1 次 等待 3 秒
2021-07-26 01:57:28 查询号码 【1476356】，返回信息 {"status":"bad","msg":""}
2021-07-26 01:57:28 查询号码 【1476356】，GSD为【""】
2021-07-26 01:57:28 bad
2021-07-26 01:57:29 CHB 1476356?1627235848 第 1 次 等待 3 秒
2021-07-26 01:57:32 CHB 1476356?1627235848 第 1 次 获取到号码【1476356】GSD
2021-07-26 01:57:32 获取到号码【1476356】的GSD为【山东-聊城】
2021-07-26 01:57:35 GSD insert 第 1 次 等待 3 秒
2021-07-26 01:57:38 {"status":"ok","gid":396139,"msg":"添加成功！"}
2021-07-26 01:57:38 下次操作: 2021-07-26 01:57:59

2021-07-26 01:57:59 开始第 35 次操作

2021-07-26 01:57:59 开始操作号码 【1476355】
2021-07-26 01:58:02 GSD getOne 第 1 次 等待 3 秒
2021-07-26 01:58:05 查询号码 【1476355】，返回信息 {"status":"bad","msg":""}
2021-07-26 01:58:05 查询号码 【1476355】，GSD为【""】
2021-07-26 01:58:05 bad
2021-07-26 01:58:06 CHB 1476355?1627235885 第 1 次 等待 3 秒
2021-07-26 01:58:09 CHB 1476355?1627235885 第 1 次 获取到号码【1476355】GSD
2021-07-26 01:58:09 获取到号码【1476355】的GSD为【山东-聊城】
2021-07-26 01:58:12 GSD insert 第 1 次 等待 3 秒
2021-07-26 01:58:15 {"status":"ok","gid":396150,"msg":"添加成功！"}
2021-07-26 01:58:15 下次操作: 2021-07-26 01:58:27

2021-07-26 01:58:27 开始第 36 次操作

2021-07-26 01:58:27 开始操作号码 【1476354】
2021-07-26 01:58:30 GSD getOne 第 1 次 等待 3 秒
2021-07-26 01:58:33 查询号码 【1476354】，返回信息 {"status":"bad","msg":""}
2021-07-26 01:58:33 查询号码 【1476354】，GSD为【""】
2021-07-26 01:58:33 bad
2021-07-26 01:58:35 CHB 1476354?1627235913 第 1 次 等待 3 秒
2021-07-26 01:58:38 CHB 1476354?1627235913 第 1 次 获取到号码【1476354】GSD
2021-07-26 01:58:38 获取到号码【1476354】的GSD为【山东-聊城】
2021-07-26 01:58:41 GSD insert 第 1 次 等待 3 秒
2021-07-26 01:58:44 {"status":"ok","gid":396161,"msg":"添加成功！"}
2021-07-26 01:58:44 下次操作: 2021-07-26 01:58:56

2021-07-26 01:58:56 开始第 37 次操作

2021-07-26 01:58:56 开始操作号码 【1476353】
2021-07-26 01:58:59 GSD getOne 第 1 次 等待 3 秒
2021-07-26 01:59:02 查询号码 【1476353】，返回信息 {"status":"bad","msg":""}
2021-07-26 01:59:02 查询号码 【1476353】，GSD为【""】
2021-07-26 01:59:02 bad
2021-07-26 01:59:04 CHB 1476353?1627235942 第 1 次 等待 3 秒
2021-07-26 01:59:07 CHB 1476353?1627235942 第 1 次 获取到号码【1476353】GSD
2021-07-26 01:59:07 获取到号码【1476353】的GSD为【山东-聊城】
2021-07-26 01:59:09 GSD insert 第 1 次 等待 3 秒
2021-07-26 01:59:12 {"status":"ok","gid":396168,"msg":"添加成功！"}
2021-07-26 01:59:12 下次操作: 2021-07-26 01:59:24

2021-07-26 01:59:24 开始第 38 次操作

2021-07-26 01:59:24 开始操作号码 【1476352】
2021-07-26 01:59:27 GSD getOne 第 1 次 等待 3 秒
2021-07-26 01:59:30 查询号码 【1476352】，返回信息 {"status":"bad","msg":""}
2021-07-26 01:59:30 查询号码 【1476352】，GSD为【""】
2021-07-26 01:59:30 bad
2021-07-26 01:59:32 CHB 1476352?1627235970 第 1 次 等待 3 秒
2021-07-26 01:59:35 CHB 1476352?1627235970 第 1 次 获取到号码【1476352】GSD
2021-07-26 01:59:35 获取到号码【1476352】的GSD为【山东-聊城】
2021-07-26 01:59:37 GSD insert 第 1 次 等待 3 秒
2021-07-26 01:59:40 {"status":"ok","gid":396178,"msg":"添加成功！"}
2021-07-26 01:59:40 下次操作: 2021-07-26 01:59:52

2021-07-26 01:59:52 开始第 39 次操作

2021-07-26 01:59:52 开始操作号码 【1476351】
2021-07-26 01:59:55 GSD getOne 第 1 次 等待 3 秒
2021-07-26 01:59:58 查询号码 【1476351】，返回信息 {"status":"bad","msg":""}
2021-07-26 01:59:58 查询号码 【1476351】，GSD为【""】
2021-07-26 01:59:58 bad
2021-07-26 02:00:00 CHB 1476351?1627235998 第 1 次 等待 3 秒
2021-07-26 02:00:03 CHB 1476351?1627235998 第 1 次 获取到号码【1476351】GSD
2021-07-26 02:00:03 获取到号码【1476351】的GSD为【山东-聊城】
2021-07-26 02:00:05 GSD insert 第 1 次 等待 3 秒
2021-07-26 02:00:08 {"status":"ok","gid":396185,"msg":"添加成功！"}
2021-07-26 02:00:08 下次操作: 2021-07-26 02:00:26

2021-07-26 02:00:26 开始第 40 次操作

2021-07-26 02:00:26 开始操作号码 【1476350】
2021-07-26 02:00:29 GSD getOne 第 1 次 等待 3 秒
2021-07-26 02:00:32 查询号码 【1476350】，返回信息 {"status":"bad","msg":""}
2021-07-26 02:00:32 查询号码 【1476350】，GSD为【""】
2021-07-26 02:00:32 bad
2021-07-26 02:00:34 CHB 1476350?1627236032 第 1 次 等待 3 秒
2021-07-26 02:00:37 CHB 1476350?1627236032 第 1 次 获取到号码【1476350】GSD
2021-07-26 02:00:37 获取到号码【1476350】的GSD为【山东-聊城】
2021-07-26 02:00:40 GSD insert 第 1 次 等待 3 秒
2021-07-26 02:00:43 {"status":"ok","gid":396195,"msg":"添加成功！"}

