2024-04-13 00:21:11 开始第 3333 次操作

2024-04-13 00:21:11 开始操作号码 【1583247】
2024-04-13 00:21:17 GSD getOne 第 1 次 等待 3 秒
2024-04-13 00:21:20 查询号码 【1583247】，返回信息 {"status":"ok","msg":"河北-石家庄","gid":"217625","time_insert":"2021-07-07 22:48"}
2024-04-13 00:21:20 查询号码 【1583247】，GSD为【"河北-石家庄"】

2024-04-13 00:21:21 开始第 3334 次操作

2024-04-13 00:21:21 开始操作号码 【1583248】
2024-04-13 00:21:27 GSD getOne 第 1 次 等待 3 秒
2024-04-13 00:21:30 查询号码 【1583248】，返回信息 {"status":"ok","msg":"河北-石家庄","gid":"217829","time_insert":"2021-07-07 23:07"}
2024-04-13 00:21:30 查询号码 【1583248】，GSD为【"河北-石家庄"】

2024-04-13 00:21:31 开始第 3335 次操作

2024-04-13 00:21:31 开始操作号码 【1583249】
2024-04-13 00:21:38 GSD getOne 第 1 次 等待 3 秒
2024-04-13 00:21:41 查询号码 【1583249】，返回信息 {"status":"ok","msg":"河北-石家庄","gid":"217874","time_insert":"2021-07-07 23:24"}
2024-04-13 00:21:41 查询号码 【1583249】，GSD为【"河北-石家庄"】

2024-04-13 00:21:42 开始第 3336 次操作

2024-04-13 00:21:42 开始操作号码 【1583250】
2024-04-13 00:21:48 GSD getOne 第 1 次 等待 3 秒
2024-04-13 00:21:51 查询号码 【1583250】，返回信息 {"status":"ok","msg":"河北-唐山","gid":"217901","time_insert":"2021-07-07 23:40"}
2024-04-13 00:21:51 查询号码 【1583250】，GSD为【"河北-唐山"】

2024-04-13 00:38:07 开始第 3337 次操作

2024-04-13 00:38:07 开始操作号码 【1583251】
2024-04-13 00:38:12 GSD getOne 第 1 次 等待 3 秒
2024-04-13 00:38:15 查询号码 【1583251】，返回信息 {"status":"ok","msg":"河北-唐山","gid":"217980","time_insert":"2021-07-07 23:58"}
2024-04-13 00:38:15 查询号码 【1583251】，GSD为【"河北-唐山"】

2024-04-13 00:38:16 开始第 3338 次操作

2024-04-13 00:38:16 开始操作号码 【1583252】
2024-04-13 00:38:21 GSD getOne 第 1 次 等待 3 秒
2024-04-13 00:38:24 查询号码 【1583252】，返回信息 {"status":"ok","msg":"河北-唐山","gid":"218176","time_insert":"2021-07-08 00:16"}
2024-04-13 00:38:24 查询号码 【1583252】，GSD为【"河北-唐山"】

2024-04-13 00:38:25 开始第 3339 次操作

2024-04-13 00:38:25 开始操作号码 【1583253】
2024-04-13 00:38:29 GSD getOne 第 1 次 等待 3 秒
2024-04-13 00:38:32 查询号码 【1583253】，返回信息 {"status":"ok","msg":"河北-唐山","gid":"218261","time_insert":"2021-07-08 00:36"}
2024-04-13 00:38:32 查询号码 【1583253】，GSD为【"河北-唐山"】

2024-04-13 00:38:34 开始第 3340 次操作

2024-04-13 00:38:34 开始操作号码 【1583254】
2024-04-13 00:38:38 GSD getOne 第 1 次 等待 3 秒
2024-04-13 00:38:41 查询号码 【1583254】，返回信息 {"status":"ok","msg":"河北-唐山","gid":"218295","time_insert":"2021-07-08 00:54"}
2024-04-13 00:38:41 查询号码 【1583254】，GSD为【"河北-唐山"】

