2024-01-09 00:23:20 开始第 7589 次操作

2024-01-09 00:23:20 开始操作号码 【1807504】
2024-01-09 00:23:24 GSD getOne 第 1 次 等待 3 秒
2024-01-09 00:23:27 查询号码 【1807504】，返回信息 {"status":"ok","msg":"安徽-六安","gid":"336294","time_insert":"2021-07-20 12:01"}
2024-01-09 00:23:27 查询号码 【1807504】，GSD为【"安徽-六安"】

2024-01-09 00:23:28 开始第 7590 次操作

2024-01-09 00:23:28 开始操作号码 【1807505】
2024-01-09 00:23:31 GSD getOne 第 1 次 等待 3 秒
2024-01-09 00:23:34 查询号码 【1807505】，返回信息 {"status":"ok","msg":"安徽-六安","gid":"336304","time_insert":"2021-07-20 12:02"}
2024-01-09 00:23:34 查询号码 【1807505】，GSD为【"安徽-六安"】

2024-01-09 00:23:35 开始第 7591 次操作

2024-01-09 00:23:35 开始操作号码 【1807506】
2024-01-09 00:23:38 GSD getOne 第 1 次 等待 3 秒
2024-01-09 00:23:41 查询号码 【1807506】，返回信息 {"status":"ok","msg":"安徽-六安","gid":"336312","time_insert":"2021-07-20 12:02"}
2024-01-09 00:23:41 查询号码 【1807506】，GSD为【"安徽-六安"】

2024-01-09 00:23:42 开始第 7592 次操作

2024-01-09 00:23:42 开始操作号码 【1807507】
2024-01-09 00:23:46 GSD getOne 第 1 次 等待 3 秒
2024-01-09 00:23:49 查询号码 【1807507】，返回信息 {"status":"ok","msg":"安徽-六安","gid":"336326","time_insert":"2021-07-20 12:03"}
2024-01-09 00:23:49 查询号码 【1807507】，GSD为【"安徽-六安"】

2024-01-09 00:42:03 开始第 7593 次操作

2024-01-09 00:42:03 开始操作号码 【1807508】
2024-01-09 00:42:08 GSD getOne 第 1 次 等待 3 秒
2024-01-09 00:42:11 查询号码 【1807508】，返回信息 {"status":"ok","msg":"安徽-六安","gid":"336333","time_insert":"2021-07-20 12:04"}
2024-01-09 00:42:11 查询号码 【1807508】，GSD为【"安徽-六安"】

2024-01-09 00:42:12 开始第 7594 次操作

2024-01-09 00:42:12 开始操作号码 【1807509】
2024-01-09 00:42:15 GSD getOne 第 1 次 等待 3 秒
2024-01-09 00:42:18 查询号码 【1807509】，返回信息 {"status":"ok","msg":"安徽-六安","gid":"336339","time_insert":"2021-07-20 12:04"}
2024-01-09 00:42:18 查询号码 【1807509】，GSD为【"安徽-六安"】

2024-01-09 00:42:19 开始第 7595 次操作

2024-01-09 00:42:19 开始操作号码 【1807510】
2024-01-09 00:42:23 GSD getOne 第 1 次 等待 3 秒
2024-01-09 00:42:26 查询号码 【1807510】，返回信息 {"status":"ok","msg":"湖南-长沙","gid":"336348","time_insert":"2021-07-20 12:05"}
2024-01-09 00:42:26 查询号码 【1807510】，GSD为【"湖南-长沙"】

2024-01-09 00:42:27 开始第 7596 次操作

2024-01-09 00:42:27 开始操作号码 【1807511】
2024-01-09 00:42:30 GSD getOne 第 1 次 等待 3 秒
2024-01-09 00:42:33 查询号码 【1807511】，返回信息 {"status":"ok","msg":"湖南-长沙","gid":"32399","time_insert":"2017-06-30 08:34","time_update":"2020-09-23 12:35"}
2024-01-09 00:42:33 查询号码 【1807511】，GSD为【"湖南-长沙"】

