2023-10-27 00:21:47 开始第 5185 次操作

2023-10-27 00:21:47 开始操作号码 【1905099】
2023-10-27 00:21:51 GSD getOne 第 1 次 等待 3 秒
2023-10-27 00:21:54 查询号码 【1905099】，返回信息 {"status":"ok","msg":"山东-临沂","gid":"624136","time_insert":"2023-03-30 18:09","time_update":"2023-06-17 00:13"}
2023-10-27 00:21:54 查询号码 【1905099】，GSD为【"山东-临沂"】

2023-10-27 00:21:55 开始第 5186 次操作

2023-10-27 00:21:55 开始操作号码 【1905100】
2023-10-27 00:21:58 GSD getOne 第 1 次 等待 3 秒
2023-10-27 00:22:01 查询号码 【1905100】，返回信息 {"status":"ok","msg":"江苏-镇江","gid":"624169","time_insert":"2023-03-30 18:31","time_update":"2023-06-17 00:25"}
2023-10-27 00:22:01 查询号码 【1905100】，GSD为【"江苏-镇江"】

2023-10-27 00:22:02 开始第 5187 次操作

2023-10-27 00:22:02 开始操作号码 【1905101】
2023-10-27 00:22:10 GSD getOne 第 1 次 等待 3 秒
2023-10-27 00:22:13 查询号码 【1905101】，返回信息 {"status":"ok","msg":"江苏-镇江","gid":"624192","time_insert":"2023-03-30 18:47","time_update":"2023-06-17 00:38"}
2023-10-27 00:22:13 查询号码 【1905101】，GSD为【"江苏-镇江"】

2023-10-27 00:22:14 开始第 5188 次操作

2023-10-27 00:22:14 开始操作号码 【1905102】
2023-10-27 00:22:17 GSD getOne 第 1 次 等待 3 秒
2023-10-27 00:22:20 查询号码 【1905102】，返回信息 {"status":"ok","msg":"江苏-镇江","gid":"624215","time_insert":"2023-03-30 19:05","time_update":"2023-06-17 00:49"}
2023-10-27 00:22:21 查询号码 【1905102】，GSD为【"江苏-镇江"】

2023-10-27 00:38:45 开始第 5189 次操作

2023-10-27 00:38:45 开始操作号码 【1905103】
2023-10-27 00:38:51 GSD getOne 第 1 次 等待 3 秒
2023-10-27 00:38:54 查询号码 【1905103】，返回信息 {"status":"ok","msg":"江苏-镇江","gid":"624246","time_insert":"2023-03-30 19:23","time_update":"2023-06-17 00:59"}
2023-10-27 00:38:54 查询号码 【1905103】，GSD为【"江苏-镇江"】

2023-10-27 00:38:55 开始第 5190 次操作

2023-10-27 00:38:55 开始操作号码 【1905104】
2023-10-27 00:38:59 GSD getOne 第 1 次 等待 3 秒
2023-10-27 00:39:02 查询号码 【1905104】，返回信息 {"status":"ok","msg":"江苏-镇江","gid":"624278","time_insert":"2023-03-30 19:44","time_update":"2023-06-17 01:10"}
2023-10-27 00:39:02 查询号码 【1905104】，GSD为【"江苏-镇江"】

2023-10-27 00:39:03 开始第 5191 次操作

2023-10-27 00:39:03 开始操作号码 【1905105】
2023-10-27 00:39:06 GSD getOne 第 1 次 等待 3 秒
2023-10-27 00:39:09 查询号码 【1905105】，返回信息 {"status":"ok","msg":"江苏-无锡","gid":"624299","time_insert":"2023-03-30 19:56","time_update":"2023-06-17 01:20"}
2023-10-27 00:39:09 查询号码 【1905105】，GSD为【"江苏-无锡"】

2023-10-27 00:39:10 开始第 5192 次操作

2023-10-27 00:39:10 开始操作号码 【1905106】
2023-10-27 00:39:13 GSD getOne 第 1 次 等待 3 秒
2023-10-27 00:39:16 查询号码 【1905106】，返回信息 {"status":"ok","msg":"江苏-无锡","gid":"624326","time_insert":"2023-03-30 20:18","time_update":"2023-06-17 01:29"}
2023-10-27 00:39:16 查询号码 【1905106】，GSD为【"江苏-无锡"】

