2024-09-12 00:23:11 开始第 4089 次操作

2024-09-12 00:23:11 开始操作号码 【1364088】
2024-09-12 00:23:23 GSD getOne 第 1 次 等待 3 秒
2024-09-12 00:23:26 查询号码 【1364088】，返回信息 {"status":"ok","msg":"广东-广州","gid":"8073","time_insert":"2017-04-16 17:27","time_update":"2020-09-27 04:05"}
2024-09-12 00:23:26 查询号码 【1364088】，GSD为【"广东-广州"】

2024-09-12 00:23:27 开始第 4090 次操作

2024-09-12 00:23:27 开始操作号码 【1364089】
2024-09-12 00:23:37 GSD getOne 第 1 次 等待 3 秒
2024-09-12 00:23:40 查询号码 【1364089】，返回信息 {"status":"ok","msg":"广东-广州","gid":"172060","time_insert":"2021-07-02 06:31"}
2024-09-12 00:23:40 查询号码 【1364089】，GSD为【"广东-广州"】

2024-09-12 00:23:41 开始第 4091 次操作

2024-09-12 00:23:41 开始操作号码 【1364090】
2024-09-12 00:23:49 GSD getOne 第 1 次 等待 3 秒
2024-09-12 00:23:52 查询号码 【1364090】，返回信息 {"status":"ok","msg":"广东-深圳","gid":"172282","time_insert":"2021-07-02 06:53"}
2024-09-12 00:23:52 查询号码 【1364090】，GSD为【"广东-深圳"】

2024-09-12 00:23:53 开始第 4092 次操作

2024-09-12 00:23:53 开始操作号码 【1364091】
2024-09-12 00:24:02 GSD getOne 第 1 次 等待 3 秒
2024-09-12 00:24:05 查询号码 【1364091】，返回信息 {"status":"ok","msg":"广东-深圳","gid":"172362","time_insert":"2021-07-02 07:15"}
2024-09-12 00:24:05 查询号码 【1364091】，GSD为【"广东-深圳"】

