2024-02-24 00:20:33 开始第 5297 次操作

2024-02-24 00:20:33 开始操作号码 【1695210】
2024-02-24 00:20:38 GSD getOne 第 1 次 等待 3 秒
2024-02-24 00:20:41 查询号码 【1695210】，返回信息 {"status":"ok","msg":"-","gid":"646631","time_insert":"2023-04-11 06:27"}
2024-02-24 00:20:41 查询号码 【1695210】，GSD为【"-"】
2024-02-24 00:20:41 ok && -
2024-02-24 00:20:45 CHB 1695210?1708705241 第 1 次 等待 3 秒
2024-02-24 00:20:48 CHB 1695210?1708705241 第 1 次 获取到号码【1695210】GSD
2024-02-24 00:20:48 未获取到号码【1695210】GSD，可能号码格式错误
2024-02-24 00:20:48 获取到号码【1695210】的GSD为【-】
2024-02-24 00:20:52 GSD insert 第 1 次 等待 3 秒
2024-02-24 00:20:55 {"status":"bad","gid":"646631","msg":"添加失败！号码【1695210(-|-)】已存在！"}
2024-02-24 00:20:55 随机等待 221 秒，约 3 分钟
2024-02-24 00:20:55 下次操作: 2024-02-24 00:24:36

2024-02-24 00:24:36 开始第 5298 次操作

2024-02-24 00:24:36 开始操作号码 【1695211】
2024-02-24 00:24:41 GSD getOne 第 1 次 等待 3 秒
2024-02-24 00:24:44 查询号码 【1695211】，返回信息 {"status":"ok","msg":"-","gid":"646636","time_insert":"2023-04-11 06:29"}
2024-02-24 00:24:44 查询号码 【1695211】，GSD为【"-"】
2024-02-24 00:24:44 ok && -
2024-02-24 00:24:48 CHB 1695211?1708705484 第 1 次 等待 3 秒
2024-02-24 00:24:51 CHB 1695211?1708705484 第 1 次 获取到号码【1695211】GSD
2024-02-24 00:24:51 未获取到号码【1695211】GSD，可能号码格式错误
2024-02-24 00:24:51 获取到号码【1695211】的GSD为【-】
2024-02-24 00:24:56 GSD insert 第 1 次 等待 3 秒
2024-02-24 00:24:59 {"status":"bad","gid":"646636","msg":"添加失败！号码【1695211(-|-)】已存在！"}
2024-02-24 00:24:59 随机等待 76 秒，约 1 分钟
2024-02-24 00:24:59 下次操作: 2024-02-24 00:26:15

2024-02-24 00:26:15 开始第 5299 次操作

2024-02-24 00:26:15 开始操作号码 【1695212】
2024-02-24 00:26:19 GSD getOne 第 1 次 等待 3 秒
2024-02-24 00:26:23 查询号码 【1695212】，返回信息 {"status":"ok","msg":"-","gid":"646641","time_insert":"2023-04-11 06:33"}
2024-02-24 00:26:23 查询号码 【1695212】，GSD为【"-"】
2024-02-24 00:26:23 ok && -
2024-02-24 00:26:26 CHB 1695212?1708705583 第 1 次 等待 3 秒
2024-02-24 00:26:29 CHB 1695212?1708705583 第 1 次 获取到号码【1695212】GSD
2024-02-24 00:26:29 未获取到号码【1695212】GSD，可能号码格式错误
2024-02-24 00:26:29 获取到号码【1695212】的GSD为【-】
2024-02-24 00:26:34 GSD insert 第 1 次 等待 3 秒
2024-02-24 00:26:37 {"status":"bad","gid":"646641","msg":"添加失败！号码【1695212(-|-)】已存在！"}
2024-02-24 00:26:37 随机等待 88 秒，约 1 分钟
2024-02-24 00:26:37 下次操作: 2024-02-24 00:28:05

2024-02-24 00:28:05 开始第 5300 次操作

2024-02-24 00:28:05 开始操作号码 【1695213】
2024-02-24 00:28:11 GSD getOne 第 1 次 等待 3 秒
2024-02-24 00:28:14 查询号码 【1695213】，返回信息 {"status":"ok","msg":"-","gid":"646645","time_insert":"2023-04-11 06:36"}
2024-02-24 00:28:14 查询号码 【1695213】，GSD为【"-"】
2024-02-24 00:28:14 ok && -
2024-02-24 00:28:16 CHB 1695213?1708705694 第 1 次 等待 3 秒
2024-02-24 00:28:19 CHB 1695213?1708705694 第 1 次 获取到号码【1695213】GSD
2024-02-24 00:28:19 未获取到号码【1695213】GSD，可能号码格式错误
2024-02-24 00:28:19 获取到号码【1695213】的GSD为【-】
2024-02-24 00:28:24 GSD insert 第 1 次 等待 3 秒
2024-02-24 00:28:27 {"status":"bad","gid":"646645","msg":"添加失败！号码【1695213(-|-)】已存在！"}

