2024-03-08 00:20:42 开始第 7561 次操作

2024-03-08 00:20:42 开始操作号码 【1697474】
2024-03-08 00:20:47 GSD getOne 第 1 次 等待 3 秒
2024-03-08 00:20:50 查询号码 【1697474】，返回信息 {"status":"ok","msg":"-","gid":"656069","time_insert":"2023-04-15 13:28"}
2024-03-08 00:20:50 查询号码 【1697474】，GSD为【"-"】
2024-03-08 00:20:50 ok && -
2024-03-08 00:20:52 CHB 1697474?1709828450 第 1 次 等待 3 秒
2024-03-08 00:20:55 CHB 1697474?1709828450 第 1 次 获取到号码【1697474】GSD
2024-03-08 00:20:55 未获取到号码【1697474】GSD，可能号码格式错误
2024-03-08 00:20:55 获取到号码【1697474】的GSD为【-】
2024-03-08 00:21:00 GSD insert 第 1 次 等待 3 秒
2024-03-08 00:21:03 {"status":"bad","gid":"656069","msg":"添加失败！号码【1697474(-|-)】已存在！"}
2024-03-08 00:21:03 随机等待 219 秒，约 3 分钟
2024-03-08 00:21:03 下次操作: 2024-03-08 00:24:42

2024-03-08 00:24:42 开始第 7562 次操作

2024-03-08 00:24:42 开始操作号码 【1697475】
2024-03-08 00:24:46 GSD getOne 第 1 次 等待 3 秒
2024-03-08 00:24:49 查询号码 【1697475】，返回信息 {"status":"ok","msg":"-","gid":"656066","time_insert":"2023-04-15 13:26"}
2024-03-08 00:24:49 查询号码 【1697475】，GSD为【"-"】
2024-03-08 00:24:49 ok && -
2024-03-08 00:24:52 CHB 1697475?1709828689 第 1 次 等待 3 秒
2024-03-08 00:24:55 CHB 1697475?1709828689 第 1 次 获取到号码【1697475】GSD
2024-03-08 00:24:55 未获取到号码【1697475】GSD，可能号码格式错误
2024-03-08 00:24:55 获取到号码【1697475】的GSD为【-】
2024-03-08 00:25:04 GSD insert 第 1 次 等待 3 秒
2024-03-08 00:25:07 {"status":"bad","gid":"656066","msg":"添加失败！号码【1697475(-|-)】已存在！"}
2024-03-08 00:25:07 随机等待 132 秒，约 2 分钟
2024-03-08 00:25:07 下次操作: 2024-03-08 00:27:19

2024-03-08 00:27:19 开始第 7563 次操作

2024-03-08 00:27:19 开始操作号码 【1697476】
2024-03-08 00:27:23 GSD getOne 第 1 次 等待 3 秒
2024-03-08 00:27:26 查询号码 【1697476】，返回信息 {"status":"ok","msg":"-","gid":"656058","time_insert":"2023-04-15 13:21"}
2024-03-08 00:27:26 查询号码 【1697476】，GSD为【"-"】
2024-03-08 00:27:26 ok && -
2024-03-08 00:27:29 CHB 1697476?1709828846 第 1 次 等待 3 秒
2024-03-08 00:27:32 CHB 1697476?1709828846 第 1 次 获取到号码【1697476】GSD
2024-03-08 00:27:32 未获取到号码【1697476】GSD，可能号码格式错误
2024-03-08 00:27:32 获取到号码【1697476】的GSD为【-】
2024-03-08 00:27:36 GSD insert 第 1 次 等待 3 秒
2024-03-08 00:27:39 {"status":"bad","gid":"656058","msg":"添加失败！号码【1697476(-|-)】已存在！"}
2024-03-08 00:27:39 随机等待 183 秒，约 3 分钟
2024-03-08 00:27:39 下次操作: 2024-03-08 00:30:42

2024-03-08 00:30:42 开始第 7564 次操作

2024-03-08 00:30:42 开始操作号码 【1697477】
2024-03-08 00:30:46 GSD getOne 第 1 次 等待 3 秒
2024-03-08 00:30:49 查询号码 【1697477】，返回信息 {"status":"ok","msg":"-","gid":"656056","time_insert":"2023-04-15 13:19"}
2024-03-08 00:30:49 查询号码 【1697477】，GSD为【"-"】
2024-03-08 00:30:49 ok && -
2024-03-08 00:30:52 CHB 1697477?1709829049 第 1 次 等待 3 秒
2024-03-08 00:30:55 CHB 1697477?1709829049 第 1 次 获取到号码【1697477】GSD
2024-03-08 00:30:55 未获取到号码【1697477】GSD，可能号码格式错误
2024-03-08 00:30:55 获取到号码【1697477】的GSD为【-】
2024-03-08 00:30:59 GSD insert 第 1 次 等待 3 秒
2024-03-08 00:31:02 {"status":"bad","gid":"656056","msg":"添加失败！号码【1697477(-|-)】已存在！"}

2024-03-08 00:38:10 开始第 7565 次操作

2024-03-08 00:38:10 开始操作号码 【1697478】
2024-03-08 00:38:16 GSD getOne 第 1 次 等待 3 秒
2024-03-08 00:38:19 查询号码 【1697478】，返回信息 {"status":"ok","msg":"-","gid":"656055","time_insert":"2023-04-15 13:17"}
2024-03-08 00:38:19 查询号码 【1697478】，GSD为【"-"】
2024-03-08 00:38:19 ok && -
2024-03-08 00:38:44 CHB 1697478?1709829499 第 1 次 等待 3 秒
2024-03-08 00:38:47 CHB 1697478?1709829499 第 1 次 获取到号码【1697478】GSD
2024-03-08 00:38:47 未获取到号码【1697478】GSD，可能号码格式错误
2024-03-08 00:38:47 获取到号码【1697478】的GSD为【-】
2024-03-08 00:38:52 GSD insert 第 1 次 等待 3 秒
2024-03-08 00:38:55 {"status":"bad","gid":"656055","msg":"添加失败！号码【1697478(-|-)】已存在！"}
2024-03-08 00:38:55 随机等待 125 秒，约 2 分钟
2024-03-08 00:38:55 下次操作: 2024-03-08 00:41:00

2024-03-08 00:41:00 开始第 7566 次操作

2024-03-08 00:41:00 开始操作号码 【1697479】
2024-03-08 00:41:05 GSD getOne 第 1 次 等待 3 秒
2024-03-08 00:41:08 查询号码 【1697479】，返回信息 {"status":"ok","msg":"-","gid":"656048","time_insert":"2023-04-15 13:14"}
2024-03-08 00:41:08 查询号码 【1697479】，GSD为【"-"】
2024-03-08 00:41:08 ok && -
2024-03-08 00:41:11 CHB 1697479?1709829668 第 1 次 等待 3 秒
2024-03-08 00:41:14 CHB 1697479?1709829668 第 1 次 获取到号码【1697479】GSD
2024-03-08 00:41:14 未获取到号码【1697479】GSD，可能号码格式错误
2024-03-08 00:41:14 获取到号码【1697479】的GSD为【-】
2024-03-08 00:41:19 GSD insert 第 1 次 等待 3 秒
2024-03-08 00:41:22 {"status":"bad","gid":"656048","msg":"添加失败！号码【1697479(-|-)】已存在！"}
2024-03-08 00:41:22 随机等待 200 秒，约 3 分钟
2024-03-08 00:41:22 下次操作: 2024-03-08 00:44:42

2024-03-08 00:44:42 开始第 7567 次操作

2024-03-08 00:44:42 开始操作号码 【1697480】
2024-03-08 00:44:46 GSD getOne 第 1 次 等待 3 秒
2024-03-08 00:44:49 查询号码 【1697480】，返回信息 {"status":"ok","msg":"-","gid":"656032","time_insert":"2023-04-15 13:04"}
2024-03-08 00:44:49 查询号码 【1697480】，GSD为【"-"】
2024-03-08 00:44:49 ok && -
2024-03-08 00:44:51 CHB 1697480?1709829889 第 1 次 等待 3 秒
2024-03-08 00:44:54 CHB 1697480?1709829889 第 1 次 获取到号码【1697480】GSD
2024-03-08 00:44:55 未获取到号码【1697480】GSD，可能号码格式错误
2024-03-08 00:44:55 获取到号码【1697480】的GSD为【-】
2024-03-08 00:44:58 GSD insert 第 1 次 等待 3 秒
2024-03-08 00:45:01 {"status":"bad","gid":"656032","msg":"添加失败！号码【1697480(-|-)】已存在！"}
2024-03-08 00:45:01 随机等待 66 秒，约 1 分钟
2024-03-08 00:45:01 下次操作: 2024-03-08 00:46:07

2024-03-08 00:46:07 开始第 7568 次操作

2024-03-08 00:46:07 开始操作号码 【1697481】
2024-03-08 00:46:12 GSD getOne 第 1 次 等待 3 秒
2024-03-08 00:46:15 查询号码 【1697481】，返回信息 {"status":"ok","msg":"-","gid":"656029","time_insert":"2023-04-15 13:02"}
2024-03-08 00:46:15 查询号码 【1697481】，GSD为【"-"】
2024-03-08 00:46:15 ok && -
2024-03-08 00:46:17 CHB 1697481?1709829975 第 1 次 等待 3 秒
2024-03-08 00:46:20 CHB 1697481?1709829975 第 1 次 获取到号码【1697481】GSD
2024-03-08 00:46:20 未获取到号码【1697481】GSD，可能号码格式错误
2024-03-08 00:46:20 获取到号码【1697481】的GSD为【-】
2024-03-08 00:46:25 GSD insert 第 1 次 等待 3 秒
2024-03-08 00:46:28 {"status":"bad","gid":"656029","msg":"添加失败！号码【1697481(-|-)】已存在！"}

2024-03-08 01:18:16 开始第 7569 次操作

2024-03-08 01:18:16 开始操作号码 【1697482】
2024-03-08 01:18:21 GSD getOne 第 1 次 等待 3 秒
2024-03-08 01:18:24 查询号码 【1697482】，返回信息 {"status":"ok","msg":"-","gid":"656024","time_insert":"2023-04-15 12:59"}
2024-03-08 01:18:24 查询号码 【1697482】，GSD为【"-"】
2024-03-08 01:18:24 ok && -
2024-03-08 01:18:27 CHB 1697482?1709831904 第 1 次 等待 3 秒
2024-03-08 01:18:30 CHB 1697482?1709831904 第 1 次 获取到号码【1697482】GSD
2024-03-08 01:18:30 未获取到号码【1697482】GSD，可能号码格式错误
2024-03-08 01:18:30 获取到号码【1697482】的GSD为【-】
2024-03-08 01:18:34 GSD insert 第 1 次 等待 3 秒
2024-03-08 01:18:37 {"status":"bad","gid":"656024","msg":"添加失败！号码【1697482(-|-)】已存在！"}
2024-03-08 01:18:37 随机等待 148 秒，约 2 分钟
2024-03-08 01:18:37 下次操作: 2024-03-08 01:21:05

2024-03-08 01:21:05 开始第 7570 次操作

2024-03-08 01:21:05 开始操作号码 【1697483】
2024-03-08 01:21:12 GSD getOne 第 1 次 等待 3 秒
2024-03-08 01:21:15 查询号码 【1697483】，返回信息 {"status":"ok","msg":"-","gid":"656022","time_insert":"2023-04-15 12:58"}
2024-03-08 01:21:15 查询号码 【1697483】，GSD为【"-"】
2024-03-08 01:21:15 ok && -
2024-03-08 01:21:17 CHB 1697483?1709832075 第 1 次 等待 3 秒
2024-03-08 01:21:20 CHB 1697483?1709832075 第 1 次 获取到号码【1697483】GSD
2024-03-08 01:21:20 未获取到号码【1697483】GSD，可能号码格式错误
2024-03-08 01:21:20 获取到号码【1697483】的GSD为【-】
2024-03-08 01:21:25 GSD insert 第 1 次 等待 3 秒
2024-03-08 01:21:28 {"status":"bad","gid":"656022","msg":"添加失败！号码【1697483(-|-)】已存在！"}
2024-03-08 01:21:28 随机等待 214 秒，约 3 分钟
2024-03-08 01:21:28 下次操作: 2024-03-08 01:25:02

2024-03-08 01:25:02 开始第 7571 次操作

2024-03-08 01:25:02 开始操作号码 【1697484】
2024-03-08 01:25:06 GSD getOne 第 1 次 等待 3 秒
2024-03-08 01:25:09 查询号码 【1697484】，返回信息 {"status":"ok","msg":"-","gid":"656016","time_insert":"2023-04-15 12:55"}
2024-03-08 01:25:09 查询号码 【1697484】，GSD为【"-"】
2024-03-08 01:25:09 ok && -
2024-03-08 01:25:12 CHB 1697484?1709832309 第 1 次 等待 3 秒
2024-03-08 01:25:15 CHB 1697484?1709832309 第 1 次 获取到号码【1697484】GSD
2024-03-08 01:25:15 未获取到号码【1697484】GSD，可能号码格式错误
2024-03-08 01:25:15 获取到号码【1697484】的GSD为【-】
2024-03-08 01:25:19 GSD insert 第 1 次 等待 3 秒
2024-03-08 01:25:22 {"status":"bad","gid":"656016","msg":"添加失败！号码【1697484(-|-)】已存在！"}
2024-03-08 01:25:22 随机等待 157 秒，约 2 分钟
2024-03-08 01:25:22 下次操作: 2024-03-08 01:27:59

2024-03-08 01:27:59 开始第 7572 次操作

2024-03-08 01:27:59 开始操作号码 【1697485】
2024-03-08 01:28:04 GSD getOne 第 1 次 等待 3 秒
2024-03-08 01:28:07 查询号码 【1697485】，返回信息 {"status":"ok","msg":"-","gid":"656011","time_insert":"2023-04-15 12:52"}
2024-03-08 01:28:07 查询号码 【1697485】，GSD为【"-"】
2024-03-08 01:28:07 ok && -
2024-03-08 01:28:09 CHB 1697485?1709832487 第 1 次 等待 3 秒
2024-03-08 01:28:12 CHB 1697485?1709832487 第 1 次 获取到号码【1697485】GSD
2024-03-08 01:28:12 未获取到号码【1697485】GSD，可能号码格式错误
2024-03-08 01:28:12 获取到号码【1697485】的GSD为【-】
2024-03-08 01:28:16 GSD insert 第 1 次 等待 3 秒
2024-03-08 01:28:19 {"status":"bad","gid":"656011","msg":"添加失败！号码【1697485(-|-)】已存在！"}

