2024-02-08 00:22:27 开始第 2453 次操作

2024-02-08 00:22:27 开始操作号码 【1692366】
2024-02-08 00:22:32 GSD getOne 第 1 次 等待 3 秒
2024-02-08 00:22:35 查询号码 【1692366】，返回信息 {"status":"ok","msg":"-","gid":"596390","time_insert":"2023-03-17 13:36"}
2024-02-08 00:22:35 查询号码 【1692366】，GSD为【"-"】
2024-02-08 00:22:35 ok && -
2024-02-08 00:22:37 CHB 1692366?1707322955 第 1 次 等待 3 秒
2024-02-08 00:22:40 CHB 1692366?1707322955 第 1 次 获取到号码【1692366】GSD
2024-02-08 00:22:40 未获取到号码【1692366】GSD，可能号码格式错误
2024-02-08 00:22:40 获取到号码【1692366】的GSD为【-】
2024-02-08 00:22:45 GSD insert 第 1 次 等待 3 秒
2024-02-08 00:22:48 {"status":"bad","gid":"596390","msg":"添加失败！号码【1692366(-|-)】已存在！"}
2024-02-08 00:22:48 随机等待 82 秒，约 1 分钟
2024-02-08 00:22:48 下次操作: 2024-02-08 00:24:10

2024-02-08 00:24:10 开始第 2454 次操作

2024-02-08 00:24:10 开始操作号码 【1692367】
2024-02-08 00:24:14 GSD getOne 第 1 次 等待 3 秒
2024-02-08 00:24:17 查询号码 【1692367】，返回信息 {"status":"ok","msg":"-","gid":"596405","time_insert":"2023-03-17 13:51"}
2024-02-08 00:24:17 查询号码 【1692367】，GSD为【"-"】
2024-02-08 00:24:17 ok && -
2024-02-08 00:24:21 CHB 1692367?1707323057 第 1 次 等待 3 秒
2024-02-08 00:24:24 CHB 1692367?1707323057 第 1 次 获取到号码【1692367】GSD
2024-02-08 00:24:24 未获取到号码【1692367】GSD，可能号码格式错误
2024-02-08 00:24:24 获取到号码【1692367】的GSD为【-】
2024-02-08 00:24:31 GSD insert 第 1 次 等待 3 秒
2024-02-08 00:24:34 {"status":"bad","gid":"596405","msg":"添加失败！号码【1692367(-|-)】已存在！"}
2024-02-08 00:24:34 随机等待 97 秒，约 1 分钟
2024-02-08 00:24:34 下次操作: 2024-02-08 00:26:11

2024-02-08 00:26:11 开始第 2455 次操作

2024-02-08 00:26:11 开始操作号码 【1692368】
2024-02-08 00:26:16 GSD getOne 第 1 次 等待 3 秒
2024-02-08 00:26:19 查询号码 【1692368】，返回信息 {"status":"ok","msg":"-","gid":"596423","time_insert":"2023-03-17 14:07"}
2024-02-08 00:26:19 查询号码 【1692368】，GSD为【"-"】
2024-02-08 00:26:19 ok && -
2024-02-08 00:26:21 CHB 1692368?1707323179 第 1 次 等待 3 秒
2024-02-08 00:26:24 CHB 1692368?1707323179 第 1 次 获取到号码【1692368】GSD
2024-02-08 00:26:24 未获取到号码【1692368】GSD，可能号码格式错误
2024-02-08 00:26:24 获取到号码【1692368】的GSD为【-】
2024-02-08 00:26:30 GSD insert 第 1 次 等待 3 秒
2024-02-08 00:26:33 {"status":"bad","gid":"596423","msg":"添加失败！号码【1692368(-|-)】已存在！"}
2024-02-08 00:26:33 随机等待 222 秒，约 3 分钟
2024-02-08 00:26:33 下次操作: 2024-02-08 00:30:15

2024-02-08 00:30:15 开始第 2456 次操作

2024-02-08 00:30:15 开始操作号码 【1692369】
2024-02-08 00:30:22 GSD getOne 第 1 次 等待 3 秒
2024-02-08 00:30:25 查询号码 【1692369】，返回信息 {"status":"ok","msg":"-","gid":"596442","time_insert":"2023-03-17 14:25"}
2024-02-08 00:30:25 查询号码 【1692369】，GSD为【"-"】
2024-02-08 00:30:25 ok && -
2024-02-08 00:30:27 CHB 1692369?1707323425 第 1 次 等待 3 秒
2024-02-08 00:30:30 CHB 1692369?1707323425 第 1 次 获取到号码【1692369】GSD
2024-02-08 00:30:30 未获取到号码【1692369】GSD，可能号码格式错误
2024-02-08 00:30:30 获取到号码【1692369】的GSD为【-】
2024-02-08 00:30:34 GSD insert 第 1 次 等待 3 秒
2024-02-08 00:30:37 {"status":"bad","gid":"596442","msg":"添加失败！号码【1692369(-|-)】已存在！"}

2024-02-08 00:39:18 开始第 2457 次操作

2024-02-08 00:39:18 开始操作号码 【1692370】
2024-02-08 00:39:23 GSD getOne 第 1 次 等待 3 秒
2024-02-08 00:39:26 查询号码 【1692370】，返回信息 {"status":"ok","msg":"-","gid":"596468","time_insert":"2023-03-17 14:45"}
2024-02-08 00:39:26 查询号码 【1692370】，GSD为【"-"】
2024-02-08 00:39:26 ok && -
2024-02-08 00:39:27 CHB 1692370?1707323966 第 1 次 等待 3 秒
2024-02-08 00:39:30 CHB 1692370?1707323966 第 1 次 获取到号码【1692370】GSD
2024-02-08 00:39:30 未获取到号码【1692370】GSD，可能号码格式错误
2024-02-08 00:39:30 获取到号码【1692370】的GSD为【-】
2024-02-08 00:39:34 GSD insert 第 1 次 等待 3 秒
2024-02-08 00:39:37 {"status":"bad","gid":"596468","msg":"添加失败！号码【1692370(-|-)】已存在！"}
2024-02-08 00:39:37 随机等待 139 秒，约 2 分钟
2024-02-08 00:39:37 下次操作: 2024-02-08 00:41:56

2024-02-08 00:41:56 开始第 2458 次操作

2024-02-08 00:41:56 开始操作号码 【1692371】
2024-02-08 00:42:01 GSD getOne 第 1 次 等待 3 秒
2024-02-08 00:42:04 查询号码 【1692371】，返回信息 {"status":"ok","msg":"-","gid":"596499","time_insert":"2023-03-17 15:04"}
2024-02-08 00:42:04 查询号码 【1692371】，GSD为【"-"】
2024-02-08 00:42:04 ok && -
2024-02-08 00:42:06 CHB 1692371?1707324124 第 1 次 等待 3 秒
2024-02-08 00:42:09 CHB 1692371?1707324124 第 1 次 获取到号码【1692371】GSD
2024-02-08 00:42:09 未获取到号码【1692371】GSD，可能号码格式错误
2024-02-08 00:42:09 获取到号码【1692371】的GSD为【-】
2024-02-08 00:42:14 GSD insert 第 1 次 等待 3 秒
2024-02-08 00:42:17 {"status":"bad","gid":"596499","msg":"添加失败！号码【1692371(-|-)】已存在！"}
2024-02-08 00:42:17 随机等待 131 秒，约 2 分钟
2024-02-08 00:42:17 下次操作: 2024-02-08 00:44:28

2024-02-08 00:44:28 开始第 2459 次操作

2024-02-08 00:44:28 开始操作号码 【1692372】
2024-02-08 00:44:32 GSD getOne 第 1 次 等待 3 秒
2024-02-08 00:44:35 查询号码 【1692372】，返回信息 {"status":"ok","msg":"-","gid":"596523","time_insert":"2023-03-17 15:21"}
2024-02-08 00:44:35 查询号码 【1692372】，GSD为【"-"】
2024-02-08 00:44:35 ok && -
2024-02-08 00:44:37 CHB 1692372?1707324275 第 1 次 等待 3 秒
2024-02-08 00:44:40 CHB 1692372?1707324275 第 1 次 获取到号码【1692372】GSD
2024-02-08 00:44:40 未获取到号码【1692372】GSD，可能号码格式错误
2024-02-08 00:44:40 获取到号码【1692372】的GSD为【-】
2024-02-08 00:44:44 GSD insert 第 1 次 等待 3 秒
2024-02-08 00:44:47 {"status":"bad","gid":"596523","msg":"添加失败！号码【1692372(-|-)】已存在！"}
2024-02-08 00:44:47 随机等待 123 秒，约 2 分钟
2024-02-08 00:44:47 下次操作: 2024-02-08 00:46:50

2024-02-08 00:46:50 开始第 2460 次操作

2024-02-08 00:46:50 开始操作号码 【1692373】
2024-02-08 00:46:54 GSD getOne 第 1 次 等待 3 秒
2024-02-08 00:46:57 查询号码 【1692373】，返回信息 {"status":"ok","msg":"-","gid":"596551","time_insert":"2023-03-17 15:39"}
2024-02-08 00:46:57 查询号码 【1692373】，GSD为【"-"】
2024-02-08 00:46:57 ok && -
2024-02-08 00:47:00 CHB 1692373?1707324417 第 1 次 等待 3 秒
2024-02-08 00:47:03 CHB 1692373?1707324417 第 1 次 获取到号码【1692373】GSD
2024-02-08 00:47:03 未获取到号码【1692373】GSD，可能号码格式错误
2024-02-08 00:47:03 获取到号码【1692373】的GSD为【-】
2024-02-08 00:47:07 GSD insert 第 1 次 等待 3 秒
2024-02-08 00:47:10 {"status":"bad","gid":"596551","msg":"添加失败！号码【1692373(-|-)】已存在！"}

2024-02-08 01:15:22 开始第 2461 次操作

2024-02-08 01:15:22 开始操作号码 【1692374】
2024-02-08 01:15:26 GSD getOne 第 1 次 等待 3 秒
2024-02-08 01:15:29 查询号码 【1692374】，返回信息 {"status":"ok","msg":"-","gid":"596584","time_insert":"2023-03-17 15:56"}
2024-02-08 01:15:29 查询号码 【1692374】，GSD为【"-"】
2024-02-08 01:15:29 ok && -
2024-02-08 01:15:32 CHB 1692374?1707326129 第 1 次 等待 3 秒
2024-02-08 01:15:35 CHB 1692374?1707326129 第 1 次 获取到号码【1692374】GSD
2024-02-08 01:15:35 未获取到号码【1692374】GSD，可能号码格式错误
2024-02-08 01:15:35 获取到号码【1692374】的GSD为【-】
2024-02-08 01:15:40 GSD insert 第 1 次 等待 3 秒
2024-02-08 01:15:43 {"status":"bad","gid":"596584","msg":"添加失败！号码【1692374(-|-)】已存在！"}
2024-02-08 01:15:43 随机等待 84 秒，约 1 分钟
2024-02-08 01:15:43 下次操作: 2024-02-08 01:17:07

2024-02-08 01:17:07 开始第 2462 次操作

2024-02-08 01:17:07 开始操作号码 【1692375】
2024-02-08 01:17:14 GSD getOne 第 1 次 等待 3 秒
2024-02-08 01:17:17 查询号码 【1692375】，返回信息 {"status":"ok","msg":"-","gid":"596607","time_insert":"2023-03-17 16:15"}
2024-02-08 01:17:17 查询号码 【1692375】，GSD为【"-"】
2024-02-08 01:17:17 ok && -
2024-02-08 01:17:20 CHB 1692375?1707326237 第 1 次 等待 3 秒
2024-02-08 01:17:23 CHB 1692375?1707326237 第 1 次 获取到号码【1692375】GSD
2024-02-08 01:17:23 未获取到号码【1692375】GSD，可能号码格式错误
2024-02-08 01:17:23 获取到号码【1692375】的GSD为【-】
2024-02-08 01:17:27 GSD insert 第 1 次 等待 3 秒
2024-02-08 01:17:30 {"status":"bad","gid":"596607","msg":"添加失败！号码【1692375(-|-)】已存在！"}
2024-02-08 01:17:30 随机等待 132 秒，约 2 分钟
2024-02-08 01:17:30 下次操作: 2024-02-08 01:19:42

2024-02-08 01:19:42 开始第 2463 次操作

2024-02-08 01:19:42 开始操作号码 【1692376】
2024-02-08 01:19:51 GSD getOne 第 1 次 等待 3 秒
2024-02-08 01:19:54 查询号码 【1692376】，返回信息 {"status":"ok","msg":"-","gid":"596637","time_insert":"2023-03-17 16:34"}
2024-02-08 01:19:54 查询号码 【1692376】，GSD为【"-"】
2024-02-08 01:19:54 ok && -
2024-02-08 01:19:56 CHB 1692376?1707326394 第 1 次 等待 3 秒
2024-02-08 01:19:59 CHB 1692376?1707326394 第 1 次 获取到号码【1692376】GSD
2024-02-08 01:19:59 未获取到号码【1692376】GSD，可能号码格式错误
2024-02-08 01:19:59 获取到号码【1692376】的GSD为【-】
2024-02-08 01:20:04 GSD insert 第 1 次 等待 3 秒
2024-02-08 01:20:07 {"status":"bad","gid":"596637","msg":"添加失败！号码【1692376(-|-)】已存在！"}
2024-02-08 01:20:07 随机等待 107 秒，约 1 分钟
2024-02-08 01:20:07 下次操作: 2024-02-08 01:21:54

2024-02-08 01:21:54 开始第 2464 次操作

2024-02-08 01:21:54 开始操作号码 【1692377】
2024-02-08 01:21:58 GSD getOne 第 1 次 等待 3 秒
2024-02-08 01:22:01 查询号码 【1692377】，返回信息 {"status":"ok","msg":"-","gid":"596663","time_insert":"2023-03-17 16:52"}
2024-02-08 01:22:01 查询号码 【1692377】，GSD为【"-"】
2024-02-08 01:22:01 ok && -
2024-02-08 01:22:04 CHB 1692377?1707326521 第 1 次 等待 3 秒
2024-02-08 01:22:07 CHB 1692377?1707326521 第 1 次 获取到号码【1692377】GSD
2024-02-08 01:22:07 未获取到号码【1692377】GSD，可能号码格式错误
2024-02-08 01:22:07 获取到号码【1692377】的GSD为【-】
2024-02-08 01:22:11 GSD insert 第 1 次 等待 3 秒
2024-02-08 01:22:14 {"status":"bad","gid":"596663","msg":"添加失败！号码【1692377(-|-)】已存在！"}

