2024-08-02 00:25:01 开始第 9109 次操作

2024-08-02 00:25:01 开始操作号码 【1479019】
2024-08-02 00:25:12 GSD getOne 第 1 次 等待 3 秒
2024-08-02 00:25:15 查询号码 【1479019】，返回信息 {"status":"ok","msg":"安徽-六安","gid":"365134","time_insert":"2021-07-23 11:16"}
2024-08-02 00:25:15 查询号码 【1479019】，GSD为【"安徽-六安"】

2024-08-02 00:25:16 开始第 9110 次操作

2024-08-02 00:25:16 开始操作号码 【1479020】
2024-08-02 00:25:25 GSD getOne 第 1 次 等待 3 秒
2024-08-02 00:25:28 查询号码 【1479020】，返回信息 {"status":"ok","msg":"安徽-六安","gid":"365129","time_insert":"2021-07-23 11:15"}
2024-08-02 00:25:28 查询号码 【1479020】，GSD为【"安徽-六安"】

2024-08-02 00:25:29 开始第 9111 次操作

2024-08-02 00:25:29 开始操作号码 【1479021】
2024-08-02 00:25:37 GSD getOne 第 1 次 等待 3 秒
2024-08-02 00:25:40 查询号码 【1479021】，返回信息 {"status":"ok","msg":"安徽-六安","gid":"365126","time_insert":"2021-07-23 11:15"}
2024-08-02 00:25:40 查询号码 【1479021】，GSD为【"安徽-六安"】

2024-08-02 00:25:41 开始第 9112 次操作

2024-08-02 00:25:41 开始操作号码 【1479022】
2024-08-02 00:25:49 GSD getOne 第 1 次 等待 3 秒
2024-08-02 00:25:52 查询号码 【1479022】，返回信息 {"status":"ok","msg":"安徽-六安","gid":"365122","time_insert":"2021-07-23 11:14"}
2024-08-02 00:25:52 查询号码 【1479022】，GSD为【"安徽-六安"】

