2023-10-31 00:22:26 开始第 5893 次操作

2023-10-31 00:22:26 开始操作号码 【1905807】
2023-10-31 00:22:33 GSD getOne 第 1 次 等待 3 秒
2023-10-31 00:22:36 查询号码 【1905807】，返回信息 {"status":"ok","msg":"-","gid":"639151","time_insert":"2023-04-07 12:07"}
2023-10-31 00:22:36 查询号码 【1905807】，GSD为【"-"】
2023-10-31 00:22:36 ok && -
2023-10-31 00:22:38 CHB 1905807?1698682956 第 1 次 等待 3 秒
2023-10-31 00:22:41 CHB 1905807?1698682956 第 1 次 获取到号码【1905807】GSD
2023-10-31 00:22:41 未获取到号码【1905807】GSD，可能号码格式错误
2023-10-31 00:22:41 获取到号码【1905807】的GSD为【-】
2023-10-31 00:22:49 GSD insert 第 1 次 等待 3 秒
2023-10-31 00:22:52 {"status":"bad","gid":"639151","msg":"添加失败！号码【1905807(-|-)】已存在！"}
2023-10-31 00:22:52 随机等待 199 秒，约 3 分钟
2023-10-31 00:22:52 下次操作: 2023-10-31 00:26:11

2023-10-31 00:26:11 开始第 5894 次操作

2023-10-31 00:26:11 开始操作号码 【1905808】
2023-10-31 00:26:19 GSD getOne 第 1 次 等待 3 秒
2023-10-31 00:26:22 查询号码 【1905808】，返回信息 {"status":"ok","msg":"-","gid":"639171","time_insert":"2023-04-07 12:22"}
2023-10-31 00:26:22 查询号码 【1905808】，GSD为【"-"】
2023-10-31 00:26:22 ok && -
2023-10-31 00:28:41 CHB 1905808?1698683182 第 1 次 等待 3 秒
2023-10-31 00:28:44 CHB 1905808?1698683182 第 1 次 未获取到 等待 167 秒 下次操作: 2023-10-31 00:31:31
2023-10-31 00:31:34 CHB 1905808?1698683491 第 2 次 等待 3 秒
2023-10-31 00:31:37 CHB 1905808?1698683491 第 2 次 获取到号码【1905808】GSD
2023-10-31 00:31:37 未获取到号码【1905808】GSD，可能号码格式错误
2023-10-31 00:31:37 获取到号码【1905808】的GSD为【-】
2023-10-31 00:31:40 GSD insert 第 1 次 等待 3 秒
2023-10-31 00:31:43 {"status":"bad","gid":"639171","msg":"添加失败！号码【1905808(-|-)】已存在！"}
2023-10-31 00:31:43 随机等待 108 秒，约 1 分钟
2023-10-31 00:31:43 下次操作: 2023-10-31 00:33:31

2023-10-31 00:33:31 开始第 5895 次操作

2023-10-31 00:33:31 开始操作号码 【1905809】
2023-10-31 00:33:37 GSD getOne 第 1 次 等待 3 秒
2023-10-31 00:33:40 查询号码 【1905809】，返回信息 {"status":"ok","msg":"-","gid":"639190","time_insert":"2023-04-07 12:38"}
2023-10-31 00:33:40 查询号码 【1905809】，GSD为【"-"】
2023-10-31 00:33:40 ok && -
2023-10-31 00:33:42 CHB 1905809?1698683620 第 1 次 等待 3 秒
2023-10-31 00:33:45 CHB 1905809?1698683620 第 1 次 获取到号码【1905809】GSD
2023-10-31 00:33:45 未获取到号码【1905809】GSD，可能号码格式错误
2023-10-31 00:33:45 获取到号码【1905809】的GSD为【-】
2023-10-31 00:33:49 GSD insert 第 1 次 等待 3 秒
2023-10-31 00:33:52 {"status":"bad","gid":"639190","msg":"添加失败！号码【1905809(-|-)】已存在！"}
2023-10-31 00:33:52 随机等待 190 秒，约 3 分钟
2023-10-31 00:33:52 下次操作: 2023-10-31 00:37:02

2023-10-31 00:37:02 开始第 5896 次操作

2023-10-31 00:37:02 开始操作号码 【1905810】
2023-10-31 00:37:08 GSD getOne 第 1 次 等待 3 秒
2023-10-31 00:37:11 查询号码 【1905810】，返回信息 {"status":"ok","msg":"-","gid":"639212","time_insert":"2023-04-07 12:50"}
2023-10-31 00:37:11 查询号码 【1905810】，GSD为【"-"】
2023-10-31 00:37:11 ok && -
2023-10-31 00:37:13 CHB 1905810?1698683831 第 1 次 等待 3 秒
2023-10-31 00:37:16 CHB 1905810?1698683831 第 1 次 获取到号码【1905810】GSD
2023-10-31 00:37:16 未获取到号码【1905810】GSD，可能号码格式错误
2023-10-31 00:37:16 获取到号码【1905810】的GSD为【-】
2023-10-31 00:37:41 GSD insert 第 1 次 等待 3 秒
2023-10-31 00:37:44 {"status":"bad","gid":"639212","msg":"添加失败！号码【1905810(-|-)】已存在！"}

2023-10-31 00:41:02 开始第 5897 次操作

2023-10-31 00:41:02 开始操作号码 【1905811】
2023-10-31 00:41:09 GSD getOne 第 1 次 等待 3 秒
2023-10-31 00:41:12 查询号码 【1905811】，返回信息 {"status":"ok","msg":"-","gid":"639239","time_insert":"2023-04-07 13:10"}
2023-10-31 00:41:12 查询号码 【1905811】，GSD为【"-"】
2023-10-31 00:41:12 ok && -
2023-10-31 00:41:14 CHB 1905811?1698684072 第 1 次 等待 3 秒
2023-10-31 00:41:17 CHB 1905811?1698684072 第 1 次 获取到号码【1905811】GSD
2023-10-31 00:41:17 未获取到号码【1905811】GSD，可能号码格式错误
2023-10-31 00:41:17 获取到号码【1905811】的GSD为【-】
2023-10-31 00:41:24 GSD insert 第 1 次 等待 3 秒
2023-10-31 00:41:27 {"status":"bad","gid":"639239","msg":"添加失败！号码【1905811(-|-)】已存在！"}
2023-10-31 00:41:27 随机等待 188 秒，约 3 分钟
2023-10-31 00:41:27 下次操作: 2023-10-31 00:44:35

2023-10-31 00:44:35 开始第 5898 次操作

2023-10-31 00:44:35 开始操作号码 【1905812】
2023-10-31 00:44:47 GSD getOne 第 1 次 等待 3 秒
2023-10-31 00:44:50 查询号码 【1905812】，返回信息 {"status":"ok","msg":"-","gid":"639269","time_insert":"2023-04-07 13:31"}
2023-10-31 00:44:50 查询号码 【1905812】，GSD为【"-"】
2023-10-31 00:44:50 ok && -
2023-10-31 00:44:52 CHB 1905812?1698684290 第 1 次 等待 3 秒
2023-10-31 00:44:55 CHB 1905812?1698684290 第 1 次 获取到号码【1905812】GSD
2023-10-31 00:44:55 未获取到号码【1905812】GSD，可能号码格式错误
2023-10-31 00:44:55 获取到号码【1905812】的GSD为【-】
2023-10-31 00:44:59 GSD insert 第 1 次 等待 3 秒
2023-10-31 00:45:02 {"status":"bad","gid":"639269","msg":"添加失败！号码【1905812(-|-)】已存在！"}
2023-10-31 00:45:02 随机等待 80 秒，约 1 分钟
2023-10-31 00:45:02 下次操作: 2023-10-31 00:46:22

2023-10-31 00:46:22 开始第 5899 次操作

2023-10-31 00:46:22 开始操作号码 【1905813】
2023-10-31 00:46:25 GSD getOne 第 1 次 等待 3 秒
2023-10-31 00:46:28 查询号码 【1905813】，返回信息 {"status":"ok","msg":"-","gid":"639302","time_insert":"2023-04-07 13:51"}
2023-10-31 00:46:28 查询号码 【1905813】，GSD为【"-"】
2023-10-31 00:46:28 ok && -
2023-10-31 00:46:30 CHB 1905813?1698684388 第 1 次 等待 3 秒
2023-10-31 00:46:33 CHB 1905813?1698684388 第 1 次 获取到号码【1905813】GSD
2023-10-31 00:46:33 未获取到号码【1905813】GSD，可能号码格式错误
2023-10-31 00:46:33 获取到号码【1905813】的GSD为【-】
2023-10-31 00:46:36 GSD insert 第 1 次 等待 3 秒
2023-10-31 00:46:39 {"status":"bad","gid":"639302","msg":"添加失败！号码【1905813(-|-)】已存在！"}
2023-10-31 00:46:39 随机等待 117 秒，约 1 分钟
2023-10-31 00:46:39 下次操作: 2023-10-31 00:48:36

2023-10-31 00:48:36 开始第 5900 次操作

2023-10-31 00:48:36 开始操作号码 【1905814】
2023-10-31 00:48:40 GSD getOne 第 1 次 等待 3 秒
2023-10-31 00:48:43 查询号码 【1905814】，返回信息 {"status":"ok","msg":"-","gid":"639320","time_insert":"2023-04-07 14:04"}
2023-10-31 00:48:43 查询号码 【1905814】，GSD为【"-"】
2023-10-31 00:48:43 ok && -
2023-10-31 00:48:45 CHB 1905814?1698684523 第 1 次 等待 3 秒
2023-10-31 00:48:48 CHB 1905814?1698684523 第 1 次 获取到号码【1905814】GSD
2023-10-31 00:48:48 未获取到号码【1905814】GSD，可能号码格式错误
2023-10-31 00:48:48 获取到号码【1905814】的GSD为【-】
2023-10-31 00:48:54 GSD insert 第 1 次 等待 3 秒
2023-10-31 00:48:57 {"status":"bad","gid":"639320","msg":"添加失败！号码【1905814(-|-)】已存在！"}

2023-10-31 01:15:16 开始第 5901 次操作

2023-10-31 01:15:16 开始操作号码 【1905815】
2023-10-31 01:15:19 GSD getOne 第 1 次 等待 3 秒
2023-10-31 01:15:22 查询号码 【1905815】，返回信息 {"status":"ok","msg":"-","gid":"639343","time_insert":"2023-04-07 14:27"}
2023-10-31 01:15:22 查询号码 【1905815】，GSD为【"-"】
2023-10-31 01:15:22 ok && -
2023-10-31 01:15:29 CHB 1905815?1698686122 第 1 次 等待 3 秒
2023-10-31 01:15:32 CHB 1905815?1698686122 第 1 次 获取到号码【1905815】GSD
2023-10-31 01:15:32 未获取到号码【1905815】GSD，可能号码格式错误
2023-10-31 01:15:32 获取到号码【1905815】的GSD为【-】
2023-10-31 01:15:34 GSD insert 第 1 次 等待 3 秒
2023-10-31 01:15:37 {"status":"bad","gid":"639343","msg":"添加失败！号码【1905815(-|-)】已存在！"}
2023-10-31 01:15:38 随机等待 204 秒，约 3 分钟
2023-10-31 01:15:38 下次操作: 2023-10-31 01:19:02

2023-10-31 01:19:02 开始第 5902 次操作

2023-10-31 01:19:02 开始操作号码 【1905816】
2023-10-31 01:19:04 GSD getOne 第 1 次 等待 3 秒
2023-10-31 01:19:07 查询号码 【1905816】，返回信息 {"status":"ok","msg":"-","gid":"639371","time_insert":"2023-04-07 14:45"}
2023-10-31 01:19:07 查询号码 【1905816】，GSD为【"-"】
2023-10-31 01:19:07 ok && -
2023-10-31 01:19:09 CHB 1905816?1698686347 第 1 次 等待 3 秒
2023-10-31 01:19:12 CHB 1905816?1698686347 第 1 次 获取到号码【1905816】GSD
2023-10-31 01:19:12 未获取到号码【1905816】GSD，可能号码格式错误
2023-10-31 01:19:12 获取到号码【1905816】的GSD为【-】
2023-10-31 01:19:18 GSD insert 第 1 次 等待 3 秒
2023-10-31 01:19:21 {"status":"bad","gid":"639371","msg":"添加失败！号码【1905816(-|-)】已存在！"}
2023-10-31 01:19:21 随机等待 96 秒，约 1 分钟
2023-10-31 01:19:21 下次操作: 2023-10-31 01:20:57

2023-10-31 01:20:57 开始第 5903 次操作

2023-10-31 01:20:57 开始操作号码 【1905817】
2023-10-31 01:21:00 GSD getOne 第 1 次 等待 3 秒
2023-10-31 01:21:03 查询号码 【1905817】，返回信息 {"status":"ok","msg":"-","gid":"639395","time_insert":"2023-04-07 14:59"}
2023-10-31 01:21:03 查询号码 【1905817】，GSD为【"-"】
2023-10-31 01:21:03 ok && -
2023-10-31 01:21:05 CHB 1905817?1698686463 第 1 次 等待 3 秒
2023-10-31 01:21:08 CHB 1905817?1698686463 第 1 次 获取到号码【1905817】GSD
2023-10-31 01:21:08 未获取到号码【1905817】GSD，可能号码格式错误
2023-10-31 01:21:08 获取到号码【1905817】的GSD为【-】
2023-10-31 01:21:11 GSD insert 第 1 次 等待 3 秒
2023-10-31 01:21:14 {"status":"bad","gid":"639395","msg":"添加失败！号码【1905817(-|-)】已存在！"}
2023-10-31 01:21:14 随机等待 175 秒，约 2 分钟
2023-10-31 01:21:14 下次操作: 2023-10-31 01:24:09

2023-10-31 01:24:09 开始第 5904 次操作

2023-10-31 01:24:09 开始操作号码 【1905818】
2023-10-31 01:24:13 GSD getOne 第 1 次 等待 3 秒
2023-10-31 01:24:16 查询号码 【1905818】，返回信息 {"status":"ok","msg":"-","gid":"639424","time_insert":"2023-04-07 15:22"}
2023-10-31 01:24:16 查询号码 【1905818】，GSD为【"-"】
2023-10-31 01:24:16 ok && -
2023-10-31 01:24:17 CHB 1905818?1698686656 第 1 次 等待 3 秒
2023-10-31 01:24:20 CHB 1905818?1698686656 第 1 次 获取到号码【1905818】GSD
2023-10-31 01:24:20 未获取到号码【1905818】GSD，可能号码格式错误
2023-10-31 01:24:20 获取到号码【1905818】的GSD为【-】
2023-10-31 01:24:23 GSD insert 第 1 次 等待 3 秒
2023-10-31 01:24:26 {"status":"bad","gid":"639424","msg":"添加失败！号码【1905818(-|-)】已存在！"}

