2024-09-07 00:24:09 开始第 3229 次操作

2024-09-07 00:24:09 开始操作号码 【1363228】
2024-09-07 00:24:16 GSD getOne 第 1 次 等待 3 秒
2024-09-07 00:24:19 查询号码 【1363228】，返回信息 {"status":"ok","msg":"广东-广州","gid":"116715","time_insert":"2021-06-23 06:08"}
2024-09-07 00:24:19 查询号码 【1363228】，GSD为【"广东-广州"】

2024-09-07 00:24:20 开始第 3230 次操作

2024-09-07 00:24:20 开始操作号码 【1363229】
2024-09-07 00:24:28 GSD getOne 第 1 次 等待 3 秒
2024-09-07 00:24:31 查询号码 【1363229】，返回信息 {"status":"ok","msg":"广东-广州","gid":"116753","time_insert":"2021-06-23 06:31"}
2024-09-07 00:24:31 查询号码 【1363229】，GSD为【"广东-广州"】

2024-09-07 00:24:32 开始第 3231 次操作

2024-09-07 00:24:32 开始操作号码 【1363230】
2024-09-07 00:24:40 GSD getOne 第 1 次 等待 3 秒
2024-09-07 00:24:43 查询号码 【1363230】，返回信息 {"status":"ok","msg":"广东-广州","gid":"116837","time_insert":"2021-06-23 06:56"}
2024-09-07 00:24:43 查询号码 【1363230】，GSD为【"广东-广州"】

2024-09-07 00:24:44 开始第 3232 次操作

2024-09-07 00:24:44 开始操作号码 【1363231】
2024-09-07 00:24:52 GSD getOne 第 1 次 等待 3 秒
2024-09-07 00:24:55 查询号码 【1363231】，返回信息 {"status":"ok","msg":"广东-广州","gid":"116930","time_insert":"2021-06-23 07:17"}
2024-09-07 00:24:55 查询号码 【1363231】，GSD为【"广东-广州"】

