2023-12-12 00:24:40 开始第 2657 次操作

2023-12-12 00:24:40 开始操作号码 【1802572】
2023-12-12 00:24:44 GSD getOne 第 1 次 等待 3 秒
2023-12-12 00:24:47 查询号码 【1802572】，返回信息 {"status":"ok","msg":"广东-潮州","gid":"282533","time_insert":"2021-07-15 11:00"}
2023-12-12 00:24:48 查询号码 【1802572】，GSD为【"广东-潮州"】

2023-12-12 00:24:49 开始第 2658 次操作

2023-12-12 00:24:49 开始操作号码 【1802573】
2023-12-12 00:24:52 GSD getOne 第 1 次 等待 3 秒
2023-12-12 00:24:55 查询号码 【1802573】，返回信息 {"status":"ok","msg":"广东-潮州","gid":"282541","time_insert":"2021-07-15 11:00"}
2023-12-12 00:24:55 查询号码 【1802573】，GSD为【"广东-潮州"】

2023-12-12 00:24:56 开始第 2659 次操作

2023-12-12 00:24:56 开始操作号码 【1802574】
2023-12-12 00:24:59 GSD getOne 第 1 次 等待 3 秒
2023-12-12 00:25:02 查询号码 【1802574】，返回信息 {"status":"ok","msg":"广东-潮州","gid":"282546","time_insert":"2021-07-15 11:00"}
2023-12-12 00:25:02 查询号码 【1802574】，GSD为【"广东-潮州"】

2023-12-12 00:25:03 开始第 2660 次操作

2023-12-12 00:25:03 开始操作号码 【1802575】
2023-12-12 00:25:08 GSD getOne 第 1 次 等待 3 秒
2023-12-12 00:25:11 查询号码 【1802575】，返回信息 {"status":"ok","msg":"广东-汕尾","gid":"282555","time_insert":"2021-07-15 11:01"}
2023-12-12 00:25:11 查询号码 【1802575】，GSD为【"广东-汕尾"】

