2024-07-04 00:24:38 开始第 4057 次操作

2024-07-04 00:24:38 开始操作号码 【1473967】
2024-07-04 00:24:47 GSD getOne 第 1 次 等待 3 秒
2024-07-04 00:24:50 查询号码 【1473967】，返回信息 {"status":"ok","msg":"广东-广州","gid":"272956","time_insert":"2021-07-14 09:39"}
2024-07-04 00:24:50 查询号码 【1473967】，GSD为【"广东-广州"】

2024-07-04 00:24:51 开始第 4058 次操作

2024-07-04 00:24:51 开始操作号码 【1473968】
2024-07-04 00:25:01 GSD getOne 第 1 次 等待 3 秒
2024-07-04 00:25:04 查询号码 【1473968】，返回信息 {"status":"ok","msg":"广东-广州","gid":"273162","time_insert":"2021-07-14 09:53"}
2024-07-04 00:25:04 查询号码 【1473968】，GSD为【"广东-广州"】

2024-07-04 00:25:05 开始第 4059 次操作

2024-07-04 00:25:05 开始操作号码 【1473969】
2024-07-04 00:25:13 GSD getOne 第 1 次 等待 3 秒
2024-07-04 00:25:16 查询号码 【1473969】，返回信息 {"status":"ok","msg":"广东-广州","gid":"273195","time_insert":"2021-07-14 10:05"}
2024-07-04 00:25:16 查询号码 【1473969】，GSD为【"广东-广州"】

2024-07-04 00:25:17 开始第 4060 次操作

2024-07-04 00:25:17 开始操作号码 【1473970】
2024-07-04 00:25:27 GSD getOne 第 1 次 等待 3 秒
2024-07-04 00:25:30 查询号码 【1473970】，返回信息 {"status":"ok","msg":"广东-广州","gid":"273223","time_insert":"2021-07-14 10:20"}
2024-07-04 00:25:30 查询号码 【1473970】，GSD为【"广东-广州"】

2024-07-04 00:43:03 开始第 4061 次操作

2024-07-04 00:43:03 开始操作号码 【1473971】
2024-07-04 00:43:13 GSD getOne 第 1 次 等待 3 秒
2024-07-04 00:43:17 查询号码 【1473971】，返回信息 {"status":"ok","msg":"广东-广州","gid":"273248","time_insert":"2021-07-14 10:33"}
2024-07-04 00:43:17 查询号码 【1473971】，GSD为【"广东-广州"】

2024-07-04 00:43:18 开始第 4062 次操作

2024-07-04 00:43:18 开始操作号码 【1473972】
2024-07-04 00:43:28 GSD getOne 第 1 次 等待 3 秒
2024-07-04 00:43:31 查询号码 【1473972】，返回信息 {"status":"ok","msg":"广东-广州","gid":"273299","time_insert":"2021-07-14 10:46"}
2024-07-04 00:43:31 查询号码 【1473972】，GSD为【"广东-广州"】

2024-07-04 00:43:32 开始第 4063 次操作

2024-07-04 00:43:32 开始操作号码 【1473973】
2024-07-04 00:43:40 GSD getOne 第 1 次 等待 3 秒
2024-07-04 00:43:43 查询号码 【1473973】，返回信息 {"status":"ok","msg":"广东-广州","gid":"273491","time_insert":"2021-07-14 10:59"}
2024-07-04 00:43:43 查询号码 【1473973】，GSD为【"广东-广州"】

2024-07-04 00:43:44 开始第 4064 次操作

2024-07-04 00:43:44 开始操作号码 【1473974】
2024-07-04 00:43:55 GSD getOne 第 1 次 等待 3 秒
2024-07-04 00:43:58 查询号码 【1473974】，返回信息 {"status":"ok","msg":"广东-广州","gid":"273557","time_insert":"2021-07-14 11:12"}
2024-07-04 00:43:58 查询号码 【1473974】，GSD为【"广东-广州"】

2024-07-04 01:16:53 开始第 4065 次操作

2024-07-04 01:16:53 开始操作号码 【1473975】
2024-07-04 01:17:01 GSD getOne 第 1 次 等待 3 秒
2024-07-04 01:17:04 查询号码 【1473975】，返回信息 {"status":"ok","msg":"广东-广州","gid":"273579","time_insert":"2021-07-14 11:23"}
2024-07-04 01:17:04 查询号码 【1473975】，GSD为【"广东-广州"】

2024-07-04 01:17:05 开始第 4066 次操作

2024-07-04 01:17:05 开始操作号码 【1473976】
2024-07-04 01:17:13 GSD getOne 第 1 次 等待 3 秒
2024-07-04 01:17:16 查询号码 【1473976】，返回信息 {"status":"ok","msg":"广东-广州","gid":"273608","time_insert":"2021-07-14 11:37"}
2024-07-04 01:17:16 查询号码 【1473976】，GSD为【"广东-广州"】

2024-07-04 01:17:17 开始第 4067 次操作

2024-07-04 01:17:17 开始操作号码 【1473977】
2024-07-04 01:17:25 GSD getOne 第 1 次 等待 3 秒
2024-07-04 01:17:28 查询号码 【1473977】，返回信息 {"status":"ok","msg":"广东-广州","gid":"273773","time_insert":"2021-07-14 11:51"}
2024-07-04 01:17:28 查询号码 【1473977】，GSD为【"广东-广州"】

2024-07-04 01:17:29 开始第 4068 次操作

2024-07-04 01:17:29 开始操作号码 【1473978】
2024-07-04 01:17:36 GSD getOne 第 1 次 等待 3 秒
2024-07-04 01:17:39 查询号码 【1473978】，返回信息 {"status":"ok","msg":"广东-广州","gid":"273870","time_insert":"2021-07-14 12:03"}
2024-07-04 01:17:39 查询号码 【1473978】，GSD为【"广东-广州"】

