2023-09-27 00:22:30 开始第 113 次操作

2023-09-27 00:22:30 开始操作号码 【1900112】
2023-09-27 00:22:32 GSD getOne 第 1 次 等待 3 秒
2023-09-27 00:22:35 查询号码 【1900112】，返回信息 {"status":"ok","msg":"-","gid":"520643","time_insert":"2023-02-07 15:02"}
2023-09-27 00:22:35 查询号码 【1900112】，GSD为【"-"】
2023-09-27 00:22:35 ok && -
2023-09-27 00:22:37 CHB 1900112?1695745355 第 1 次 等待 3 秒
2023-09-27 00:22:40 CHB 1900112?1695745355 第 1 次 获取到号码【1900112】GSD
2023-09-27 00:22:40 未获取到号码【1900112】GSD，可能号码格式错误
2023-09-27 00:22:40 获取到号码【1900112】的GSD为【-】
2023-09-27 00:22:42 GSD insert 第 1 次 等待 3 秒
2023-09-27 00:22:45 {"status":"bad","gid":"520643","msg":"添加失败！号码【1900112(-|-)】已存在！"}
2023-09-27 00:22:45 随机等待 111 秒，约 1 分钟
2023-09-27 00:22:45 下次操作: 2023-09-27 00:24:36

2023-09-27 00:24:36 开始第 114 次操作

2023-09-27 00:24:36 开始操作号码 【1900113】
2023-09-27 00:24:38 GSD getOne 第 1 次 等待 3 秒
2023-09-27 00:24:41 查询号码 【1900113】，返回信息 {"status":"ok","msg":"-","gid":"520649","time_insert":"2023-02-07 15:15"}
2023-09-27 00:24:41 查询号码 【1900113】，GSD为【"-"】
2023-09-27 00:24:41 ok && -
2023-09-27 00:24:46 CHB 1900113?1695745481 第 1 次 等待 3 秒
2023-09-27 00:24:49 CHB 1900113?1695745481 第 1 次 获取到号码【1900113】GSD
2023-09-27 00:24:49 未获取到号码【1900113】GSD，可能号码格式错误
2023-09-27 00:24:49 获取到号码【1900113】的GSD为【-】
2023-09-27 00:24:52 GSD insert 第 1 次 等待 3 秒
2023-09-27 00:24:55 {"status":"bad","gid":"520649","msg":"添加失败！号码【1900113(-|-)】已存在！"}
2023-09-27 00:24:55 随机等待 181 秒，约 3 分钟
2023-09-27 00:24:55 下次操作: 2023-09-27 00:27:56

2023-09-27 00:27:56 开始第 115 次操作

2023-09-27 00:27:56 开始操作号码 【1900114】
2023-09-27 00:27:58 GSD getOne 第 1 次 等待 3 秒
2023-09-27 00:28:01 查询号码 【1900114】，返回信息 {"status":"ok","msg":"-","gid":"520654","time_insert":"2023-02-07 15:26"}
2023-09-27 00:28:01 查询号码 【1900114】，GSD为【"-"】
2023-09-27 00:28:01 ok && -
2023-09-27 00:28:03 CHB 1900114?1695745681 第 1 次 等待 3 秒
2023-09-27 00:28:06 CHB 1900114?1695745681 第 1 次 获取到号码【1900114】GSD
2023-09-27 00:28:06 未获取到号码【1900114】GSD，可能号码格式错误
2023-09-27 00:28:06 获取到号码【1900114】的GSD为【-】
2023-09-27 00:28:07 GSD insert 第 1 次 等待 3 秒
2023-09-27 00:28:10 {"status":"bad","gid":"520654","msg":"添加失败！号码【1900114(-|-)】已存在！"}
2023-09-27 00:28:10 随机等待 133 秒，约 2 分钟
2023-09-27 00:28:10 下次操作: 2023-09-27 00:30:23

2023-09-27 00:30:23 开始第 116 次操作

2023-09-27 00:30:23 开始操作号码 【1900115】
2023-09-27 00:30:25 GSD getOne 第 1 次 等待 3 秒
2023-09-27 00:30:28 查询号码 【1900115】，返回信息 {"status":"ok","msg":"-","gid":"520660","time_insert":"2023-02-07 15:42"}
2023-09-27 00:30:28 查询号码 【1900115】，GSD为【"-"】
2023-09-27 00:30:28 ok && -
2023-09-27 00:30:31 CHB 1900115?1695745828 第 1 次 等待 3 秒
2023-09-27 00:30:34 CHB 1900115?1695745828 第 1 次 获取到号码【1900115】GSD
2023-09-27 00:30:34 未获取到号码【1900115】GSD，可能号码格式错误
2023-09-27 00:30:34 获取到号码【1900115】的GSD为【-】
2023-09-27 00:30:36 GSD insert 第 1 次 等待 3 秒
2023-09-27 00:30:39 {"status":"bad","gid":"520660","msg":"添加失败！号码【1900115(-|-)】已存在！"}

2023-09-27 00:40:42 开始第 117 次操作

2023-09-27 00:40:42 开始操作号码 【1900116】
2023-09-27 00:40:49 GSD getOne 第 1 次 等待 3 秒
2023-09-27 00:40:52 查询号码 【1900116】，返回信息 {"status":"ok","msg":"-","gid":"520669","time_insert":"2023-02-07 15:56"}
2023-09-27 00:40:52 查询号码 【1900116】，GSD为【"-"】
2023-09-27 00:40:52 ok && -
2023-09-27 00:40:56 CHB 1900116?1695746452 第 1 次 等待 3 秒
2023-09-27 00:40:59 CHB 1900116?1695746452 第 1 次 获取到号码【1900116】GSD
2023-09-27 00:40:59 未获取到号码【1900116】GSD，可能号码格式错误
2023-09-27 00:40:59 获取到号码【1900116】的GSD为【-】
2023-09-27 00:41:01 GSD insert 第 1 次 等待 3 秒
2023-09-27 00:41:04 {"status":"bad","gid":"520669","msg":"添加失败！号码【1900116(-|-)】已存在！"}
2023-09-27 00:41:04 随机等待 157 秒，约 2 分钟
2023-09-27 00:41:04 下次操作: 2023-09-27 00:43:41

2023-09-27 00:43:41 开始第 118 次操作

2023-09-27 00:43:41 开始操作号码 【1900117】
2023-09-27 00:43:43 GSD getOne 第 1 次 等待 3 秒
2023-09-27 00:43:46 查询号码 【1900117】，返回信息 {"status":"ok","msg":"-","gid":"520676","time_insert":"2023-02-07 16:09"}
2023-09-27 00:43:46 查询号码 【1900117】，GSD为【"-"】
2023-09-27 00:43:46 ok && -
2023-09-27 00:43:47 CHB 1900117?1695746626 第 1 次 等待 3 秒
2023-09-27 00:43:50 CHB 1900117?1695746626 第 1 次 获取到号码【1900117】GSD
2023-09-27 00:43:50 未获取到号码【1900117】GSD，可能号码格式错误
2023-09-27 00:43:50 获取到号码【1900117】的GSD为【-】
2023-09-27 00:43:53 GSD insert 第 1 次 等待 3 秒
2023-09-27 00:43:56 {"status":"bad","gid":"520676","msg":"添加失败！号码【1900117(-|-)】已存在！"}
2023-09-27 00:43:56 随机等待 219 秒，约 3 分钟
2023-09-27 00:43:56 下次操作: 2023-09-27 00:47:35

2023-09-27 00:47:35 开始第 119 次操作

2023-09-27 00:47:35 开始操作号码 【1900118】
2023-09-27 00:47:37 GSD getOne 第 1 次 等待 3 秒
2023-09-27 00:47:40 查询号码 【1900118】，返回信息 {"status":"ok","msg":"-","gid":"520681","time_insert":"2023-02-07 16:21"}
2023-09-27 00:47:40 查询号码 【1900118】，GSD为【"-"】
2023-09-27 00:47:40 ok && -
2023-09-27 00:47:42 CHB 1900118?1695746860 第 1 次 等待 3 秒
2023-09-27 00:47:45 CHB 1900118?1695746860 第 1 次 获取到号码【1900118】GSD
2023-09-27 00:47:45 未获取到号码【1900118】GSD，可能号码格式错误
2023-09-27 00:47:45 获取到号码【1900118】的GSD为【-】
2023-09-27 00:47:50 GSD insert 第 1 次 等待 3 秒
2023-09-27 00:47:53 {"status":"bad","gid":"520681","msg":"添加失败！号码【1900118(-|-)】已存在！"}
2023-09-27 00:47:53 随机等待 83 秒，约 1 分钟
2023-09-27 00:47:53 下次操作: 2023-09-27 00:49:16

2023-09-27 00:49:16 开始第 120 次操作

2023-09-27 00:49:16 开始操作号码 【1900119】
2023-09-27 00:49:18 GSD getOne 第 1 次 等待 3 秒
2023-09-27 00:49:21 查询号码 【1900119】，返回信息 {"status":"ok","msg":"-","gid":"520686","time_insert":"2023-02-07 16:33"}
2023-09-27 00:49:21 查询号码 【1900119】，GSD为【"-"】
2023-09-27 00:49:21 ok && -
2023-09-27 00:49:24 CHB 1900119?1695746961 第 1 次 等待 3 秒
2023-09-27 00:49:27 CHB 1900119?1695746961 第 1 次 获取到号码【1900119】GSD
2023-09-27 00:49:27 未获取到号码【1900119】GSD，可能号码格式错误
2023-09-27 00:49:27 获取到号码【1900119】的GSD为【-】
2023-09-27 00:49:29 GSD insert 第 1 次 等待 3 秒
2023-09-27 00:49:32 {"status":"bad","gid":"520686","msg":"添加失败！号码【1900119(-|-)】已存在！"}

