2023-11-01 00:22:41 开始第 6065 次操作

2023-11-01 00:22:41 开始操作号码 【1905979】
2023-11-01 00:22:45 GSD getOne 第 1 次 等待 3 秒
2023-11-01 00:22:48 查询号码 【1905979】，返回信息 {"status":"ok","msg":"-","gid":"642572","time_insert":"2023-04-09 10:39"}
2023-11-01 00:22:48 查询号码 【1905979】，GSD为【"-"】
2023-11-01 00:22:48 ok && -
2023-11-01 00:22:50 CHB 1905979?1698769368 第 1 次 等待 3 秒
2023-11-01 00:22:53 CHB 1905979?1698769368 第 1 次 获取到号码【1905979】GSD
2023-11-01 00:22:53 未获取到号码【1905979】GSD，可能号码格式错误
2023-11-01 00:22:53 获取到号码【1905979】的GSD为【-】
2023-11-01 00:22:59 GSD insert 第 1 次 等待 3 秒
2023-11-01 00:23:02 {"status":"bad","gid":"642572","msg":"添加失败！号码【1905979(-|-)】已存在！"}
2023-11-01 00:23:02 随机等待 132 秒，约 2 分钟
2023-11-01 00:23:02 下次操作: 2023-11-01 00:25:14

2023-11-01 00:25:14 开始第 6066 次操作

2023-11-01 00:25:14 开始操作号码 【1905980】
2023-11-01 00:25:17 GSD getOne 第 1 次 等待 3 秒
2023-11-01 00:25:20 查询号码 【1905980】，返回信息 {"status":"ok","msg":"-","gid":"642596","time_insert":"2023-04-09 10:54"}
2023-11-01 00:25:20 查询号码 【1905980】，GSD为【"-"】
2023-11-01 00:25:20 ok && -
2023-11-01 00:25:22 CHB 1905980?1698769520 第 1 次 等待 3 秒
2023-11-01 00:25:25 CHB 1905980?1698769520 第 1 次 获取到号码【1905980】GSD
2023-11-01 00:25:25 未获取到号码【1905980】GSD，可能号码格式错误
2023-11-01 00:25:25 获取到号码【1905980】的GSD为【-】
2023-11-01 00:25:33 GSD insert 第 1 次 等待 3 秒
2023-11-01 00:25:36 {"status":"bad","gid":"642596","msg":"添加失败！号码【1905980(-|-)】已存在！"}
2023-11-01 00:25:36 随机等待 70 秒，约 1 分钟
2023-11-01 00:25:36 下次操作: 2023-11-01 00:26:46

2023-11-01 00:26:46 开始第 6067 次操作

2023-11-01 00:26:46 开始操作号码 【1905981】
2023-11-01 00:26:58 GSD getOne 第 1 次 等待 3 秒
2023-11-01 00:27:01 查询号码 【1905981】，返回信息 {"status":"ok","msg":"-","gid":"642625","time_insert":"2023-04-09 11:14"}
2023-11-01 00:27:01 查询号码 【1905981】，GSD为【"-"】
2023-11-01 00:27:01 ok && -
2023-11-01 00:27:02 CHB 1905981?1698769621 第 1 次 等待 3 秒
2023-11-01 00:27:05 CHB 1905981?1698769621 第 1 次 获取到号码【1905981】GSD
2023-11-01 00:27:06 未获取到号码【1905981】GSD，可能号码格式错误
2023-11-01 00:27:06 获取到号码【1905981】的GSD为【-】
2023-11-01 00:27:08 GSD insert 第 1 次 等待 3 秒
2023-11-01 00:27:11 {"status":"bad","gid":"642625","msg":"添加失败！号码【1905981(-|-)】已存在！"}
2023-11-01 00:27:11 随机等待 210 秒，约 3 分钟
2023-11-01 00:27:11 下次操作: 2023-11-01 00:30:41

2023-11-01 00:30:41 开始第 6068 次操作

2023-11-01 00:30:41 开始操作号码 【1905982】
2023-11-01 00:30:46 GSD getOne 第 1 次 等待 3 秒
2023-11-01 00:30:49 查询号码 【1905982】，返回信息 {"status":"ok","msg":"-","gid":"642656","time_insert":"2023-04-09 11:31"}
2023-11-01 00:30:49 查询号码 【1905982】，GSD为【"-"】
2023-11-01 00:30:49 ok && -
2023-11-01 00:30:51 CHB 1905982?1698769849 第 1 次 等待 3 秒
2023-11-01 00:30:54 CHB 1905982?1698769849 第 1 次 获取到号码【1905982】GSD
2023-11-01 00:30:54 未获取到号码【1905982】GSD，可能号码格式错误
2023-11-01 00:30:54 获取到号码【1905982】的GSD为【-】
2023-11-01 00:31:00 GSD insert 第 1 次 等待 3 秒
2023-11-01 00:31:03 {"status":"bad","gid":"642656","msg":"添加失败！号码【1905982(-|-)】已存在！"}

2023-11-01 00:41:09 开始第 6069 次操作

2023-11-01 00:41:09 开始操作号码 【1905983】
2023-11-01 00:41:25 GSD getOne 第 1 次 等待 3 秒
2023-11-01 00:41:28 查询号码 【1905983】，返回信息 {"status":"ok","msg":"-","gid":"642681","time_insert":"2023-04-09 11:45"}
2023-11-01 00:41:28 查询号码 【1905983】，GSD为【"-"】
2023-11-01 00:41:28 ok && -
2023-11-01 00:41:31 CHB 1905983?1698770488 第 1 次 等待 3 秒
2023-11-01 00:41:34 CHB 1905983?1698770488 第 1 次 获取到号码【1905983】GSD
2023-11-01 00:41:34 未获取到号码【1905983】GSD，可能号码格式错误
2023-11-01 00:41:34 获取到号码【1905983】的GSD为【-】
2023-11-01 00:41:40 GSD insert 第 1 次 等待 3 秒
2023-11-01 00:41:43 {"status":"bad","gid":"642681","msg":"添加失败！号码【1905983(-|-)】已存在！"}
2023-11-01 00:41:43 随机等待 84 秒，约 1 分钟
2023-11-01 00:41:43 下次操作: 2023-11-01 00:43:07

2023-11-01 00:43:07 开始第 6070 次操作

2023-11-01 00:43:07 开始操作号码 【1905984】
2023-11-01 00:43:10 GSD getOne 第 1 次 等待 3 秒
2023-11-01 00:43:13 查询号码 【1905984】，返回信息 {"status":"ok","msg":"-","gid":"642710","time_insert":"2023-04-09 12:04"}
2023-11-01 00:43:13 查询号码 【1905984】，GSD为【"-"】
2023-11-01 00:43:13 ok && -
2023-11-01 00:43:15 CHB 1905984?1698770593 第 1 次 等待 3 秒
2023-11-01 00:43:18 CHB 1905984?1698770593 第 1 次 获取到号码【1905984】GSD
2023-11-01 00:43:18 未获取到号码【1905984】GSD，可能号码格式错误
2023-11-01 00:43:18 获取到号码【1905984】的GSD为【-】
2023-11-01 00:43:21 GSD insert 第 1 次 等待 3 秒
2023-11-01 00:43:24 {"status":"bad","gid":"642710","msg":"添加失败！号码【1905984(-|-)】已存在！"}
2023-11-01 00:43:24 随机等待 137 秒，约 2 分钟
2023-11-01 00:43:24 下次操作: 2023-11-01 00:45:41

2023-11-01 00:45:41 开始第 6071 次操作

2023-11-01 00:45:41 开始操作号码 【1905985】
2023-11-01 00:45:45 GSD getOne 第 1 次 等待 3 秒
2023-11-01 00:45:48 查询号码 【1905985】，返回信息 {"status":"ok","msg":"-","gid":"642732","time_insert":"2023-04-09 12:19"}
2023-11-01 00:45:48 查询号码 【1905985】，GSD为【"-"】
2023-11-01 00:45:48 ok && -
2023-11-01 00:45:49 CHB 1905985?1698770748 第 1 次 等待 3 秒
2023-11-01 00:45:52 CHB 1905985?1698770748 第 1 次 获取到号码【1905985】GSD
2023-11-01 00:45:52 未获取到号码【1905985】GSD，可能号码格式错误
2023-11-01 00:45:52 获取到号码【1905985】的GSD为【-】
2023-11-01 00:45:59 GSD insert 第 1 次 等待 3 秒
2023-11-01 00:46:02 {"status":"bad","gid":"642732","msg":"添加失败！号码【1905985(-|-)】已存在！"}
2023-11-01 00:46:02 随机等待 120 秒，约 2 分钟
2023-11-01 00:46:02 下次操作: 2023-11-01 00:48:02

2023-11-01 00:48:02 开始第 6072 次操作

2023-11-01 00:48:02 开始操作号码 【1905986】
2023-11-01 00:48:05 GSD getOne 第 1 次 等待 3 秒
2023-11-01 00:48:08 查询号码 【1905986】，返回信息 {"status":"ok","msg":"-","gid":"642750","time_insert":"2023-04-09 12:32"}
2023-11-01 00:48:08 查询号码 【1905986】，GSD为【"-"】
2023-11-01 00:48:08 ok && -
2023-11-01 00:48:10 CHB 1905986?1698770888 第 1 次 等待 3 秒
2023-11-01 00:48:13 CHB 1905986?1698770888 第 1 次 获取到号码【1905986】GSD
2023-11-01 00:48:13 未获取到号码【1905986】GSD，可能号码格式错误
2023-11-01 00:48:13 获取到号码【1905986】的GSD为【-】
2023-11-01 00:48:17 GSD insert 第 1 次 等待 3 秒
2023-11-01 00:48:20 {"status":"bad","gid":"642750","msg":"添加失败！号码【1905986(-|-)】已存在！"}

2023-11-01 01:15:28 开始第 6073 次操作

2023-11-01 01:15:28 开始操作号码 【1905987】
2023-11-01 01:15:35 GSD getOne 第 1 次 等待 3 秒
2023-11-01 01:15:38 查询号码 【1905987】，返回信息 {"status":"ok","msg":"-","gid":"642774","time_insert":"2023-04-09 12:47"}
2023-11-01 01:15:38 查询号码 【1905987】，GSD为【"-"】
2023-11-01 01:15:38 ok && -
2023-11-01 01:15:41 CHB 1905987?1698772538 第 1 次 等待 3 秒
2023-11-01 01:15:44 CHB 1905987?1698772538 第 1 次 获取到号码【1905987】GSD
2023-11-01 01:15:45 未获取到号码【1905987】GSD，可能号码格式错误
2023-11-01 01:15:45 获取到号码【1905987】的GSD为【-】
2023-11-01 01:15:51 GSD insert 第 1 次 等待 3 秒
2023-11-01 01:15:54 {"status":"bad","gid":"642774","msg":"添加失败！号码【1905987(-|-)】已存在！"}
2023-11-01 01:15:54 随机等待 104 秒，约 1 分钟
2023-11-01 01:15:54 下次操作: 2023-11-01 01:17:38

2023-11-01 01:17:38 开始第 6074 次操作

2023-11-01 01:17:38 开始操作号码 【1905988】
2023-11-01 01:17:41 GSD getOne 第 1 次 等待 3 秒
2023-11-01 01:17:44 查询号码 【1905988】，返回信息 {"status":"ok","msg":"-","gid":"642799","time_insert":"2023-04-09 13:04"}
2023-11-01 01:17:44 查询号码 【1905988】，GSD为【"-"】
2023-11-01 01:17:44 ok && -
2023-11-01 01:17:46 CHB 1905988?1698772664 第 1 次 等待 3 秒
2023-11-01 01:17:49 CHB 1905988?1698772664 第 1 次 获取到号码【1905988】GSD
2023-11-01 01:17:49 未获取到号码【1905988】GSD，可能号码格式错误
2023-11-01 01:17:49 获取到号码【1905988】的GSD为【-】
2023-11-01 01:17:52 GSD insert 第 1 次 等待 3 秒
2023-11-01 01:17:55 {"status":"bad","gid":"642799","msg":"添加失败！号码【1905988(-|-)】已存在！"}
2023-11-01 01:17:55 随机等待 211 秒，约 3 分钟
2023-11-01 01:17:55 下次操作: 2023-11-01 01:21:26

2023-11-01 01:21:26 开始第 6075 次操作

2023-11-01 01:21:26 开始操作号码 【1905989】
2023-11-01 01:21:29 GSD getOne 第 1 次 等待 3 秒
2023-11-01 01:21:32 查询号码 【1905989】，返回信息 {"status":"ok","msg":"-","gid":"642831","time_insert":"2023-04-09 13:24"}
2023-11-01 01:21:32 查询号码 【1905989】，GSD为【"-"】
2023-11-01 01:21:32 ok && -
2023-11-01 01:21:35 CHB 1905989?1698772892 第 1 次 等待 3 秒
2023-11-01 01:21:38 CHB 1905989?1698772892 第 1 次 获取到号码【1905989】GSD
2023-11-01 01:21:38 未获取到号码【1905989】GSD，可能号码格式错误
2023-11-01 01:21:38 获取到号码【1905989】的GSD为【-】
2023-11-01 01:21:41 GSD insert 第 1 次 等待 3 秒
2023-11-01 01:21:44 {"status":"bad","gid":"642831","msg":"添加失败！号码【1905989(-|-)】已存在！"}
2023-11-01 01:21:44 随机等待 231 秒，约 3 分钟
2023-11-01 01:21:44 下次操作: 2023-11-01 01:25:35

2023-11-01 01:25:35 开始第 6076 次操作

2023-11-01 01:25:35 开始操作号码 【1905990】
2023-11-01 01:25:38 GSD getOne 第 1 次 等待 3 秒
2023-11-01 01:25:41 查询号码 【1905990】，返回信息 {"status":"ok","msg":"-","gid":"642867","time_insert":"2023-04-09 13:47"}
2023-11-01 01:25:41 查询号码 【1905990】，GSD为【"-"】
2023-11-01 01:25:41 ok && -
2023-11-01 01:25:43 CHB 1905990?1698773141 第 1 次 等待 3 秒
2023-11-01 01:25:46 CHB 1905990?1698773141 第 1 次 获取到号码【1905990】GSD
2023-11-01 01:25:46 未获取到号码【1905990】GSD，可能号码格式错误
2023-11-01 01:25:46 获取到号码【1905990】的GSD为【-】
2023-11-01 01:25:49 GSD insert 第 1 次 等待 3 秒
2023-11-01 01:25:52 {"status":"bad","gid":"642867","msg":"添加失败！号码【1905990(-|-)】已存在！"}

