2024-01-13 00:23:28 开始第 8289 次操作

2024-01-13 00:23:28 开始操作号码 【1808204】
2024-01-13 00:23:32 GSD getOne 第 1 次 等待 3 秒
2024-01-13 00:23:35 查询号码 【1808204】，返回信息 {"status":"ok","msg":"江苏-连云港","gid":"342530","time_insert":"2021-07-21 03:17"}
2024-01-13 00:23:35 查询号码 【1808204】，GSD为【"江苏-连云港"】

2024-01-13 00:23:36 开始第 8290 次操作

2024-01-13 00:23:36 开始操作号码 【1808205】
2024-01-13 00:23:39 GSD getOne 第 1 次 等待 3 秒
2024-01-13 00:23:42 查询号码 【1808205】，返回信息 {"status":"ok","msg":"江苏-连云港","gid":"342535","time_insert":"2021-07-21 03:18"}
2024-01-13 00:23:42 查询号码 【1808205】，GSD为【"江苏-连云港"】

2024-01-13 00:23:43 开始第 8291 次操作

2024-01-13 00:23:43 开始操作号码 【1808206】
2024-01-13 00:23:47 GSD getOne 第 1 次 等待 3 秒
2024-01-13 00:23:50 查询号码 【1808206】，返回信息 {"status":"ok","msg":"江苏-泰州","gid":"342538","time_insert":"2021-07-21 03:19"}
2024-01-13 00:23:50 查询号码 【1808206】，GSD为【"江苏-泰州"】

2024-01-13 00:23:51 开始第 8292 次操作

2024-01-13 00:23:51 开始操作号码 【1808207】
2024-01-13 00:23:54 GSD getOne 第 1 次 等待 3 秒
2024-01-13 00:23:57 查询号码 【1808207】，返回信息 {"status":"ok","msg":"江苏-泰州","gid":"342541","time_insert":"2021-07-21 03:19"}
2024-01-13 00:23:57 查询号码 【1808207】，GSD为【"江苏-泰州"】

