2024-03-01 00:20:24 开始第 6369 次操作

2024-03-01 00:20:24 开始操作号码 【1696282】
2024-03-01 00:20:28 GSD getOne 第 1 次 等待 3 秒
2024-03-01 00:20:31 查询号码 【1696282】，返回信息 {"status":"ok","msg":"-","gid":"652531","time_insert":"2023-04-13 23:27"}
2024-03-01 00:20:31 查询号码 【1696282】，GSD为【"-"】
2024-03-01 00:20:31 ok && -
2024-03-01 00:20:33 CHB 1696282?1709223631 第 1 次 等待 3 秒
2024-03-01 00:20:36 CHB 1696282?1709223631 第 1 次 获取到号码【1696282】GSD
2024-03-01 00:20:36 未获取到号码【1696282】GSD，可能号码格式错误
2024-03-01 00:20:36 获取到号码【1696282】的GSD为【-】
2024-03-01 00:20:41 GSD insert 第 1 次 等待 3 秒
2024-03-01 00:20:44 {"status":"bad","gid":"652531","msg":"添加失败！号码【1696282(-|-)】已存在！"}
2024-03-01 00:20:44 随机等待 232 秒，约 3 分钟
2024-03-01 00:20:44 下次操作: 2024-03-01 00:24:36

2024-03-01 00:24:36 开始第 6370 次操作

2024-03-01 00:24:36 开始操作号码 【1696283】
2024-03-01 00:24:41 GSD getOne 第 1 次 等待 3 秒
2024-03-01 00:24:44 查询号码 【1696283】，返回信息 {"status":"ok","msg":"-","gid":"652535","time_insert":"2023-04-13 23:29"}
2024-03-01 00:24:44 查询号码 【1696283】，GSD为【"-"】
2024-03-01 00:24:44 ok && -
2024-03-01 00:24:46 CHB 1696283?1709223884 第 1 次 等待 3 秒
2024-03-01 00:24:49 CHB 1696283?1709223884 第 1 次 获取到号码【1696283】GSD
2024-03-01 00:24:49 未获取到号码【1696283】GSD，可能号码格式错误
2024-03-01 00:24:49 获取到号码【1696283】的GSD为【-】
2024-03-01 00:24:53 GSD insert 第 1 次 等待 3 秒
2024-03-01 00:24:56 {"status":"bad","gid":"652535","msg":"添加失败！号码【1696283(-|-)】已存在！"}
2024-03-01 00:24:56 随机等待 157 秒，约 2 分钟
2024-03-01 00:24:56 下次操作: 2024-03-01 00:27:33

2024-03-01 00:27:33 开始第 6371 次操作

2024-03-01 00:27:33 开始操作号码 【1696284】
2024-03-01 00:27:37 GSD getOne 第 1 次 等待 3 秒
2024-03-01 00:27:40 查询号码 【1696284】，返回信息 {"status":"ok","msg":"-","gid":"652544","time_insert":"2023-04-13 23:33"}
2024-03-01 00:27:40 查询号码 【1696284】，GSD为【"-"】
2024-03-01 00:27:40 ok && -
2024-03-01 00:27:42 CHB 1696284?1709224060 第 1 次 等待 3 秒
2024-03-01 00:27:45 CHB 1696284?1709224060 第 1 次 获取到号码【1696284】GSD
2024-03-01 00:27:45 未获取到号码【1696284】GSD，可能号码格式错误
2024-03-01 00:27:45 获取到号码【1696284】的GSD为【-】
2024-03-01 00:27:50 GSD insert 第 1 次 等待 3 秒
2024-03-01 00:27:53 {"status":"bad","gid":"652544","msg":"添加失败！号码【1696284(-|-)】已存在！"}
2024-03-01 00:27:53 随机等待 165 秒，约 2 分钟
2024-03-01 00:27:53 下次操作: 2024-03-01 00:30:38

2024-03-01 00:30:38 开始第 6372 次操作

2024-03-01 00:30:38 开始操作号码 【1696285】
2024-03-01 00:30:44 GSD getOne 第 1 次 等待 3 秒
2024-03-01 00:30:47 查询号码 【1696285】，返回信息 {"status":"ok","msg":"-","gid":"652547","time_insert":"2023-04-13 23:36"}
2024-03-01 00:30:47 查询号码 【1696285】，GSD为【"-"】
2024-03-01 00:30:47 ok && -
2024-03-01 00:30:49 CHB 1696285?1709224247 第 1 次 等待 3 秒
2024-03-01 00:30:52 CHB 1696285?1709224247 第 1 次 获取到号码【1696285】GSD
2024-03-01 00:30:52 未获取到号码【1696285】GSD，可能号码格式错误
2024-03-01 00:30:52 获取到号码【1696285】的GSD为【-】
2024-03-01 00:31:00 GSD insert 第 1 次 等待 3 秒
2024-03-01 00:31:03 {"status":"bad","gid":"652547","msg":"添加失败！号码【1696285(-|-)】已存在！"}

