2024-05-19 00:21:03 开始第 9537 次操作

2024-05-19 00:21:03 开始操作号码 【1589450】
2024-05-19 00:21:09 GSD getOne 第 1 次 等待 3 秒
2024-05-19 00:21:12 查询号码 【1589450】，返回信息 {"status":"ok","msg":"云南-大理","gid":"26223","time_insert":"2018-06-27 14:02","time_update":"2020-12-02 03:39"}
2024-05-19 00:21:12 查询号码 【1589450】，GSD为【"云南-大理"】

2024-05-19 00:21:13 开始第 9538 次操作

2024-05-19 00:21:14 开始操作号码 【1589451】
2024-05-19 00:21:22 GSD getOne 第 1 次 等待 3 秒
2024-05-19 00:21:25 查询号码 【1589451】，返回信息 {"status":"ok","msg":"云南-大理","gid":"26224","time_insert":"2016-09-22 16:11","time_update":"2020-12-02 03:40"}
2024-05-19 00:21:25 查询号码 【1589451】，GSD为【"云南-大理"】

2024-05-19 00:21:26 开始第 9539 次操作

2024-05-19 00:21:26 开始操作号码 【1589452】
2024-05-19 00:21:39 GSD getOne 第 1 次 等待 3 秒
2024-05-19 00:21:42 查询号码 【1589452】，返回信息 {"status":"ok","msg":"云南-大理","gid":"26225","time_insert":"2017-08-22 14:46","time_update":"2020-12-02 03:44"}
2024-05-19 00:21:42 查询号码 【1589452】，GSD为【"云南-大理"】

2024-05-19 00:21:43 开始第 9540 次操作

2024-05-19 00:21:43 开始操作号码 【1589453】
2024-05-19 00:21:48 GSD getOne 第 1 次 等待 3 秒
2024-05-19 00:21:51 查询号码 【1589453】，返回信息 {"status":"ok","msg":"云南-大理","gid":"377330","time_insert":"2021-07-24 13:01"}
2024-05-19 00:21:52 查询号码 【1589453】，GSD为【"云南-大理"】

2024-05-19 00:38:25 开始第 9541 次操作

2024-05-19 00:38:25 开始操作号码 【1589454】
2024-05-19 00:38:38 GSD getOne 第 1 次 等待 3 秒
2024-05-19 00:38:41 查询号码 【1589454】，返回信息 {"status":"ok","msg":"云南-大理","gid":"26226","time_insert":"2018-10-27 17:21","time_update":"2020-12-02 03:48"}
2024-05-19 00:38:41 查询号码 【1589454】，GSD为【"云南-大理"】

2024-05-19 00:38:42 开始第 9542 次操作

2024-05-19 00:38:42 开始操作号码 【1589455】
2024-05-19 00:38:56 GSD getOne 第 1 次 等待 3 秒
2024-05-19 00:38:59 查询号码 【1589455】，返回信息 {"status":"ok","msg":"云南-大理","gid":"26227","time_insert":"2017-07-29 05:59","time_update":"2020-12-02 03:52"}
2024-05-19 00:38:59 查询号码 【1589455】，GSD为【"云南-大理"】

2024-05-19 00:39:00 开始第 9543 次操作

2024-05-19 00:39:00 开始操作号码 【1589456】
2024-05-19 00:39:07 GSD getOne 第 1 次 等待 3 秒
2024-05-19 00:39:10 查询号码 【1589456】，返回信息 {"status":"ok","msg":"云南-大理","gid":"26228","time_insert":"2017-07-24 02:49","time_update":"2020-12-02 03:56"}
2024-05-19 00:39:10 查询号码 【1589456】，GSD为【"云南-大理"】

2024-05-19 00:39:11 开始第 9544 次操作

2024-05-19 00:39:11 开始操作号码 【1589457】
2024-05-19 00:39:21 GSD getOne 第 1 次 等待 3 秒
2024-05-19 00:39:24 查询号码 【1589457】，返回信息 {"status":"ok","msg":"云南-大理","gid":"26229","time_insert":"2017-06-06 09:42","time_update":"2020-12-02 04:01"}
2024-05-19 00:39:24 查询号码 【1589457】，GSD为【"云南-大理"】

