2021-07-15 00:00:01 开始第 23 次操作

2021-07-15 00:00:01 开始操作号码 【1337885】
2021-07-15 00:00:16 GSD getOne 第 1 次 等待 1 秒
2021-07-15 00:00:17 查询号码 【1337885】，返回信息 {"status":"ok","msg":"云南-昆明","gid":"3553","time_insert":"2017-07-05 20:54","time_update":"2020-11-25 04:52"}
2021-07-15 00:00:17 查询号码 【1337885】，GSD为【"云南-昆明"】

2021-07-15 00:00:17 开始第 23 次操作

2021-07-15 00:00:17 开始操作号码 【1337884】
2021-07-15 00:00:35 GSD getOne 第 1 次 等待 1 秒
2021-07-15 00:00:36 查询号码 【1337884】，返回信息 {"status":"bad","msg":""}
2021-07-15 00:00:36 查询号码 【1337884】，GSD为【""】
2021-07-15 00:00:36 bad
2021-07-15 00:00:38 CHB 1337884?1626278436 第 1 次 等待 1 秒
2021-07-15 00:00:39 CHB 1337884?1626278436 第 1 次 获取到号码【1337884】GSD
2021-07-15 00:00:39 获取到号码【1337884】的GSD为【云南-昆明】
2021-07-15 00:00:57 GSD insert 第 1 次 等待 1 秒
2021-07-15 00:00:58 {"status":"ok","gid":278509,"msg":"添加成功！"}
2021-07-15 00:00:58 下次操作: 2021-07-15 00:01:15

2021-07-15 00:01:15 开始第 24 次操作

2021-07-15 00:01:15 开始操作号码 【1337883】
2021-07-15 00:01:17 GSD getOne 第 1 次 等待 1 秒
2021-07-15 00:01:18 查询号码 【1337883】，返回信息 {"status":"bad","msg":""}
2021-07-15 00:01:18 查询号码 【1337883】，GSD为【""】
2021-07-15 00:01:18 bad
2021-07-15 00:01:20 CHB 1337883?1626278478 第 1 次 等待 1 秒
2021-07-15 00:01:21 CHB 1337883?1626278478 第 1 次 获取到号码【1337883】GSD
2021-07-15 00:01:21 获取到号码【1337883】的GSD为【云南-临沧】
2021-07-15 00:01:44 GSD insert 第 1 次 等待 1 秒
2021-07-15 00:01:45 {"status":"ok","gid":278516,"msg":"添加成功！"}
2021-07-15 00:01:45 下次操作: 2021-07-15 00:01:56

2021-07-15 00:01:56 开始第 25 次操作

2021-07-15 00:01:56 开始操作号码 【1337882】
2021-07-15 00:02:04 GSD getOne 第 1 次 等待 1 秒
2021-07-15 00:02:05 查询号码 【1337882】，返回信息 {"status":"bad","msg":""}
2021-07-15 00:02:05 查询号码 【1337882】，GSD为【""】
2021-07-15 00:02:05 bad
2021-07-15 00:02:07 CHB 1337882?1626278525 第 1 次 等待 1 秒
2021-07-15 00:02:08 CHB 1337882?1626278525 第 1 次 获取到号码【1337882】GSD
2021-07-15 00:02:08 获取到号码【1337882】的GSD为【云南-德宏】
2021-07-15 00:02:25 GSD insert 第 1 次 等待 1 秒
2021-07-15 00:02:26 {"status":"ok","gid":278523,"msg":"添加成功！"}
2021-07-15 00:02:26 下次操作: 2021-07-15 00:02:36

2021-07-15 00:02:36 开始第 26 次操作

2021-07-15 00:02:36 开始操作号码 【1337881】
2021-07-15 00:02:45 GSD getOne 第 1 次 等待 1 秒
2021-07-15 00:02:46 查询号码 【1337881】，返回信息 {"status":"ok","msg":"云南-西双版纳","gid":"3552","time_insert":"2018-10-17 17:48","time_update":"2020-11-25 04:48"}
2021-07-15 00:02:46 查询号码 【1337881】，GSD为【"云南-西双版纳"】

2021-07-15 00:02:46 开始第 26 次操作

2021-07-15 00:02:46 开始操作号码 【1337880】
2021-07-15 00:03:03 GSD getOne 第 1 次 等待 1 秒
2021-07-15 00:03:04 查询号码 【1337880】，返回信息 {"status":"ok","msg":"云南-昆明","gid":"3551","time_insert":"2017-07-14 17:36","time_update":"2020-11-25 04:44"}
2021-07-15 00:03:04 查询号码 【1337880】，GSD为【"云南-昆明"】

2021-07-15 00:03:04 开始第 26 次操作

2021-07-15 00:03:04 开始操作号码 【1337879】
2021-07-15 00:03:21 GSD getOne 第 1 次 等待 1 秒
2021-07-15 00:03:22 查询号码 【1337879】，返回信息 {"status":"bad","msg":""}
2021-07-15 00:03:22 查询号码 【1337879】，GSD为【""】
2021-07-15 00:03:22 bad
2021-07-15 00:03:41 CHB 1337879?1626278602 第 1 次 等待 1 秒
2021-07-15 00:03:42 CHB 1337879?1626278602 第 1 次 获取到号码【1337879】GSD
2021-07-15 00:03:42 获取到号码【1337879】的GSD为【云南-普洱】
2021-07-15 00:03:43 GSD insert 第 1 次 等待 1 秒
2021-07-15 00:03:44 {"status":"ok","gid":278531,"msg":"添加成功！"}
2021-07-15 00:03:44 下次操作: 2021-07-15 00:03:54

2021-07-15 00:03:54 开始第 27 次操作

2021-07-15 00:03:54 开始操作号码 【1337878】
2021-07-15 00:04:11 GSD getOne 第 1 次 等待 1 秒
2021-07-15 00:04:12 查询号码 【1337878】，返回信息 {"status":"ok","msg":"云南-楚雄","gid":"3550","time_insert":"2016-10-25 21:22","time_update":"2020-11-25 04:40"}
2021-07-15 00:04:12 查询号码 【1337878】，GSD为【"云南-楚雄"】

2021-07-15 00:04:12 开始第 27 次操作

2021-07-15 00:04:12 开始操作号码 【1337877】
2021-07-15 00:04:29 GSD getOne 第 1 次 等待 1 秒
2021-07-15 00:04:30 查询号码 【1337877】，返回信息 {"status":"ok","msg":"云南-玉溪","gid":"51414","time_insert":"2021-04-22 09:45"}
2021-07-15 00:04:30 查询号码 【1337877】，GSD为【"云南-玉溪"】

2021-07-15 00:04:30 开始第 27 次操作

2021-07-15 00:04:30 开始操作号码 【1337876】
2021-07-15 00:04:50 GSD getOne 第 1 次 等待 1 秒
2021-07-15 00:04:51 查询号码 【1337876】，返回信息 {"status":"bad","msg":""}
2021-07-15 00:04:51 查询号码 【1337876】，GSD为【""】
2021-07-15 00:04:51 bad
2021-07-15 00:04:52 CHB 1337876?1626278691 第 1 次 等待 1 秒
2021-07-15 00:04:53 CHB 1337876?1626278691 第 1 次 获取到号码【1337876】GSD
2021-07-15 00:04:54 获取到号码【1337876】的GSD为【云南-文山】
2021-07-15 00:05:11 GSD insert 第 1 次 等待 1 秒
2021-07-15 00:05:12 {"status":"ok","gid":278541,"msg":"添加成功！"}
2021-07-15 00:05:12 下次操作: 2021-07-15 00:05:29

2021-07-15 00:05:29 开始第 28 次操作

2021-07-15 00:05:29 开始操作号码 【1337875】
2021-07-15 00:05:31 GSD getOne 第 1 次 等待 1 秒
2021-07-15 00:05:32 查询号码 【1337875】，返回信息 {"status":"ok","msg":"云南-保山","gid":"3549","time_insert":"2017-04-08 10:16","time_update":"2020-11-25 04:36"}
2021-07-15 00:05:32 查询号码 【1337875】，GSD为【"云南-保山"】

2021-07-15 00:05:32 开始第 28 次操作

2021-07-15 00:05:32 开始操作号码 【1337874】
2021-07-15 00:05:55 GSD getOne 第 1 次 等待 1 秒
2021-07-15 00:05:56 查询号码 【1337874】，返回信息 {"status":"ok","msg":"云南-曲靖","gid":"3548","time_insert":"2020-07-01 22:07","time_update":"2020-11-25 04:33"}
2021-07-15 00:05:56 查询号码 【1337874】，GSD为【"云南-曲靖"】

2021-07-15 00:05:56 开始第 28 次操作

2021-07-15 00:05:56 开始操作号码 【1337873】
2021-07-15 00:06:19 GSD getOne 第 1 次 等待 1 秒
2021-07-15 00:06:20 查询号码 【1337873】，返回信息 {"status":"ok","msg":"云南-红河","gid":"3547","time_insert":"2016-11-23 17:25","time_update":"2020-11-25 04:28"}
2021-07-15 00:06:20 查询号码 【1337873】，GSD为【"云南-红河"】

2021-07-15 00:06:20 开始第 28 次操作

2021-07-15 00:06:20 开始操作号码 【1337872】
2021-07-15 00:06:38 GSD getOne 第 1 次 等待 1 秒
2021-07-15 00:06:39 查询号码 【1337872】，返回信息 {"status":"ok","msg":"云南-大理","gid":"3546","time_insert":"2018-08-07 21:11","time_update":"2020-11-25 04:23"}
2021-07-15 00:06:39 查询号码 【1337872】，GSD为【"云南-大理"】

2021-07-15 00:06:39 开始第 28 次操作

2021-07-15 00:06:39 开始操作号码 【1337871】
2021-07-15 00:07:02 GSD getOne 第 1 次 等待 1 秒
2021-07-15 00:07:03 查询号码 【1337871】，返回信息 {"status":"bad","msg":""}
2021-07-15 00:07:03 查询号码 【1337871】，GSD为【""】
2021-07-15 00:07:03 bad
2021-07-15 00:07:05 CHB 1337871?1626278823 第 1 次 等待 1 秒
2021-07-15 00:07:06 CHB 1337871?1626278823 第 1 次 获取到号码【1337871】GSD
2021-07-15 00:07:06 获取到号码【1337871】的GSD为【云南-昆明】
2021-07-15 00:07:26 GSD insert 第 1 次 等待 1 秒
2021-07-15 00:07:27 {"status":"ok","gid":278549,"msg":"添加成功！"}
2021-07-15 00:07:27 下次操作: 2021-07-15 00:07:43

2021-07-15 00:07:43 开始第 29 次操作

2021-07-15 00:07:43 开始操作号码 【1337870】
2021-07-15 00:07:46 GSD getOne 第 1 次 等待 1 秒
2021-07-15 00:07:47 查询号码 【1337870】，返回信息 {"status":"ok","msg":"云南-昭通","gid":"3545","time_insert":"2017-02-03 20:23","time_update":"2020-11-25 04:19"}
2021-07-15 00:07:47 查询号码 【1337870】，GSD为【"云南-昭通"】

2021-07-15 00:07:47 开始第 29 次操作

2021-07-15 00:07:47 开始操作号码 【1337869】
2021-07-15 00:08:07 GSD getOne 第 1 次 等待 1 秒
2021-07-15 00:08:08 查询号码 【1337869】，返回信息 {"status":"bad","msg":""}
2021-07-15 00:08:08 查询号码 【1337869】，GSD为【""】
2021-07-15 00:08:08 bad
2021-07-15 00:08:17 CHB 1337869?1626278888 第 1 次 等待 1 秒
2021-07-15 00:08:18 CHB 1337869?1626278888 第 1 次 获取到号码【1337869】GSD
2021-07-15 00:08:18 获取到号码【1337869】的GSD为【广东-广州】
2021-07-15 00:08:26 GSD insert 第 1 次 等待 1 秒
2021-07-15 00:08:27 {"status":"ok","gid":278555,"msg":"添加成功！"}
2021-07-15 00:08:27 下次操作: 2021-07-15 00:08:34

2021-07-15 00:08:34 开始第 30 次操作

2021-07-15 00:08:34 开始操作号码 【1337868】
2021-07-15 00:08:53 GSD getOne 第 1 次 等待 1 秒
2021-07-15 00:08:54 查询号码 【1337868】，返回信息 {"status":"ok","msg":"广东-广州","gid":"3544","time_insert":"2019-01-29 20:03","time_update":"2020-09-25 06:25"}
2021-07-15 00:08:54 查询号码 【1337868】，GSD为【"广东-广州"】

2021-07-15 00:08:54 开始第 30 次操作

2021-07-15 00:08:54 开始操作号码 【1337867】
2021-07-15 00:08:59 GSD getOne 第 1 次 等待 1 秒
2021-07-15 00:09:00 查询号码 【1337867】，返回信息 {"status":"bad","msg":""}
2021-07-15 00:09:00 查询号码 【1337867】，GSD为【""】
2021-07-15 00:09:00 bad
2021-07-15 00:09:08 CHB 1337867?1626278940 第 1 次 等待 1 秒
2021-07-15 00:09:09 CHB 1337867?1626278940 第 1 次 获取到号码【1337867】GSD
2021-07-15 00:09:09 获取到号码【1337867】的GSD为【广东-广州】
2021-07-15 00:09:11 GSD insert 第 1 次 等待 1 秒
2021-07-15 00:09:12 {"status":"ok","gid":278558,"msg":"添加成功！"}

