2023-11-23 00:23:52 开始第 9929 次操作

2023-11-23 00:23:52 开始操作号码 【1909843】
2023-11-23 00:23:56 GSD getOne 第 1 次 等待 3 秒
2023-11-23 00:23:59 查询号码 【1909843】，返回信息 {"status":"ok","msg":"-","gid":"678508","time_insert":"2023-04-26 13:15"}
2023-11-23 00:23:59 查询号码 【1909843】，GSD为【"-"】
2023-11-23 00:23:59 ok && -
2023-11-23 00:24:04 CHB 1909843?1700670239 第 1 次 等待 3 秒
2023-11-23 00:24:07 CHB 1909843?1700670239 第 1 次 获取到号码【1909843】GSD
2023-11-23 00:24:07 未获取到号码【1909843】GSD，可能号码格式错误
2023-11-23 00:24:07 获取到号码【1909843】的GSD为【-】
2023-11-23 00:24:10 GSD insert 第 1 次 等待 3 秒
2023-11-23 00:24:13 {"status":"bad","gid":"678508","msg":"添加失败！号码【1909843(-|-)】已存在！"}
2023-11-23 00:24:13 随机等待 139 秒，约 2 分钟
2023-11-23 00:24:13 下次操作: 2023-11-23 00:26:32

2023-11-23 00:26:32 开始第 9930 次操作

2023-11-23 00:26:32 开始操作号码 【1909844】
2023-11-23 00:26:37 GSD getOne 第 1 次 等待 3 秒
2023-11-23 00:26:40 查询号码 【1909844】，返回信息 {"status":"ok","msg":"-","gid":"678533","time_insert":"2023-04-26 13:32"}
2023-11-23 00:26:40 查询号码 【1909844】，GSD为【"-"】
2023-11-23 00:26:40 ok && -
2023-11-23 00:26:42 CHB 1909844?1700670400 第 1 次 等待 3 秒
2023-11-23 00:26:45 CHB 1909844?1700670400 第 1 次 获取到号码【1909844】GSD
2023-11-23 00:26:46 未获取到号码【1909844】GSD，可能号码格式错误
2023-11-23 00:26:46 获取到号码【1909844】的GSD为【-】
2023-11-23 00:26:49 GSD insert 第 1 次 等待 3 秒
2023-11-23 00:26:52 {"status":"bad","gid":"678533","msg":"添加失败！号码【1909844(-|-)】已存在！"}
2023-11-23 00:26:52 随机等待 91 秒，约 1 分钟
2023-11-23 00:26:52 下次操作: 2023-11-23 00:28:23

2023-11-23 00:28:23 开始第 9931 次操作

2023-11-23 00:28:23 开始操作号码 【1909845】
2023-11-23 00:28:31 GSD getOne 第 1 次 等待 3 秒
2023-11-23 00:28:34 查询号码 【1909845】，返回信息 {"status":"ok","msg":"-","gid":"678561","time_insert":"2023-04-26 13:48"}
2023-11-23 00:28:34 查询号码 【1909845】，GSD为【"-"】
2023-11-23 00:28:34 ok && -
2023-11-23 00:28:37 CHB 1909845?1700670514 第 1 次 等待 3 秒
2023-11-23 00:28:40 CHB 1909845?1700670514 第 1 次 获取到号码【1909845】GSD
2023-11-23 00:28:40 未获取到号码【1909845】GSD，可能号码格式错误
2023-11-23 00:28:40 获取到号码【1909845】的GSD为【-】
2023-11-23 00:28:44 GSD insert 第 1 次 等待 3 秒
2023-11-23 00:28:47 {"status":"bad","gid":"678561","msg":"添加失败！号码【1909845(-|-)】已存在！"}
2023-11-23 00:28:47 随机等待 131 秒，约 2 分钟
2023-11-23 00:28:47 下次操作: 2023-11-23 00:30:58

2023-11-23 00:30:58 开始第 9932 次操作

2023-11-23 00:30:58 开始操作号码 【1909846】
2023-11-23 00:31:02 GSD getOne 第 1 次 等待 3 秒
2023-11-23 00:31:05 查询号码 【1909846】，返回信息 {"status":"ok","msg":"-","gid":"678585","time_insert":"2023-04-26 14:03"}
2023-11-23 00:31:05 查询号码 【1909846】，GSD为【"-"】
2023-11-23 00:31:05 ok && -
2023-11-23 00:31:09 CHB 1909846?1700670665 第 1 次 等待 3 秒
2023-11-23 00:31:12 CHB 1909846?1700670665 第 1 次 获取到号码【1909846】GSD
2023-11-23 00:31:12 未获取到号码【1909846】GSD，可能号码格式错误
2023-11-23 00:31:12 获取到号码【1909846】的GSD为【-】
2023-11-23 00:31:15 GSD insert 第 1 次 等待 3 秒
2023-11-23 00:31:18 {"status":"bad","gid":"678585","msg":"添加失败！号码【1909846(-|-)】已存在！"}

2023-11-23 00:41:09 开始第 9933 次操作

2023-11-23 00:41:09 开始操作号码 【1909847】
2023-11-23 00:41:16 GSD getOne 第 1 次 等待 3 秒
2023-11-23 00:41:19 查询号码 【1909847】，返回信息 {"status":"ok","msg":"-","gid":"678603","time_insert":"2023-04-26 14:19"}
2023-11-23 00:41:19 查询号码 【1909847】，GSD为【"-"】
2023-11-23 00:41:19 ok && -
2023-11-23 00:41:23 CHB 1909847?1700671279 第 1 次 等待 3 秒
2023-11-23 00:41:26 CHB 1909847?1700671279 第 1 次 获取到号码【1909847】GSD
2023-11-23 00:41:26 未获取到号码【1909847】GSD，可能号码格式错误
2023-11-23 00:41:26 获取到号码【1909847】的GSD为【-】
2023-11-23 00:41:29 GSD insert 第 1 次 等待 3 秒
2023-11-23 00:41:32 {"status":"bad","gid":"678603","msg":"添加失败！号码【1909847(-|-)】已存在！"}
2023-11-23 00:41:32 随机等待 232 秒，约 3 分钟
2023-11-23 00:41:32 下次操作: 2023-11-23 00:45:24

2023-11-23 00:45:24 开始第 9934 次操作

2023-11-23 00:45:24 开始操作号码 【1909848】
2023-11-23 00:45:28 GSD getOne 第 1 次 等待 3 秒
2023-11-23 00:45:31 查询号码 【1909848】，返回信息 {"status":"ok","msg":"-","gid":"678627","time_insert":"2023-04-26 14:37"}
2023-11-23 00:45:31 查询号码 【1909848】，GSD为【"-"】
2023-11-23 00:45:31 ok && -
2023-11-23 00:45:34 CHB 1909848?1700671531 第 1 次 等待 3 秒
2023-11-23 00:45:37 CHB 1909848?1700671531 第 1 次 获取到号码【1909848】GSD
2023-11-23 00:45:37 未获取到号码【1909848】GSD，可能号码格式错误
2023-11-23 00:45:37 获取到号码【1909848】的GSD为【-】
2023-11-23 00:45:41 GSD insert 第 1 次 等待 3 秒
2023-11-23 00:45:44 {"status":"bad","gid":"678627","msg":"添加失败！号码【1909848(-|-)】已存在！"}
2023-11-23 00:45:44 随机等待 146 秒，约 2 分钟
2023-11-23 00:45:44 下次操作: 2023-11-23 00:48:10

2023-11-23 00:48:10 开始第 9935 次操作

2023-11-23 00:48:10 开始操作号码 【1909849】
2023-11-23 00:48:19 GSD getOne 第 1 次 等待 3 秒
2023-11-23 00:48:22 查询号码 【1909849】，返回信息 {"status":"ok","msg":"-","gid":"678653","time_insert":"2023-04-26 14:54"}
2023-11-23 00:48:22 查询号码 【1909849】，GSD为【"-"】
2023-11-23 00:48:22 ok && -
2023-11-23 00:48:24 CHB 1909849?1700671702 第 1 次 等待 3 秒
2023-11-23 00:48:27 CHB 1909849?1700671702 第 1 次 获取到号码【1909849】GSD
2023-11-23 00:48:27 未获取到号码【1909849】GSD，可能号码格式错误
2023-11-23 00:48:27 获取到号码【1909849】的GSD为【-】
2023-11-23 00:48:31 GSD insert 第 1 次 等待 3 秒
2023-11-23 00:48:34 {"status":"bad","gid":"678653","msg":"添加失败！号码【1909849(-|-)】已存在！"}
2023-11-23 00:48:34 随机等待 141 秒，约 2 分钟
2023-11-23 00:48:34 下次操作: 2023-11-23 00:50:55

2023-11-23 00:50:55 开始第 9936 次操作

2023-11-23 00:50:55 开始操作号码 【1909850】
2023-11-23 00:50:59 GSD getOne 第 1 次 等待 3 秒
2023-11-23 00:51:02 查询号码 【1909850】，返回信息 {"status":"ok","msg":"-","gid":"678677","time_insert":"2023-04-26 15:10"}
2023-11-23 00:51:02 查询号码 【1909850】，GSD为【"-"】
2023-11-23 00:51:02 ok && -
2023-11-23 00:51:06 CHB 1909850?1700671862 第 1 次 等待 3 秒
2023-11-23 00:51:09 CHB 1909850?1700671862 第 1 次 获取到号码【1909850】GSD
2023-11-23 00:51:09 未获取到号码【1909850】GSD，可能号码格式错误
2023-11-23 00:51:09 获取到号码【1909850】的GSD为【-】
2023-11-23 00:51:12 GSD insert 第 1 次 等待 3 秒
2023-11-23 00:51:15 {"status":"bad","gid":"678677","msg":"添加失败！号码【1909850(-|-)】已存在！"}

2023-11-23 01:16:24 开始第 9937 次操作

2023-11-23 01:16:24 开始操作号码 【1909851】
2023-11-23 01:16:27 GSD getOne 第 1 次 等待 3 秒
2023-11-23 01:16:30 查询号码 【1909851】，返回信息 {"status":"ok","msg":"-","gid":"678705","time_insert":"2023-04-26 15:28"}
2023-11-23 01:16:30 查询号码 【1909851】，GSD为【"-"】
2023-11-23 01:16:30 ok && -
2023-11-23 01:16:34 CHB 1909851?1700673390 第 1 次 等待 3 秒
2023-11-23 01:16:37 CHB 1909851?1700673390 第 1 次 获取到号码【1909851】GSD
2023-11-23 01:16:37 未获取到号码【1909851】GSD，可能号码格式错误
2023-11-23 01:16:37 获取到号码【1909851】的GSD为【-】
2023-11-23 01:16:41 GSD insert 第 1 次 等待 3 秒
2023-11-23 01:16:44 {"status":"bad","gid":"678705","msg":"添加失败！号码【1909851(-|-)】已存在！"}
2023-11-23 01:16:44 随机等待 202 秒，约 3 分钟
2023-11-23 01:16:44 下次操作: 2023-11-23 01:20:06

2023-11-23 01:20:06 开始第 9938 次操作

2023-11-23 01:20:06 开始操作号码 【1909852】
2023-11-23 01:20:11 GSD getOne 第 1 次 等待 3 秒
2023-11-23 01:20:14 查询号码 【1909852】，返回信息 {"status":"ok","msg":"-","gid":"678733","time_insert":"2023-04-26 15:46"}
2023-11-23 01:20:14 查询号码 【1909852】，GSD为【"-"】
2023-11-23 01:20:14 ok && -
2023-11-23 01:20:17 CHB 1909852?1700673614 第 1 次 等待 3 秒
2023-11-23 01:20:20 CHB 1909852?1700673614 第 1 次 获取到号码【1909852】GSD
2023-11-23 01:20:20 未获取到号码【1909852】GSD，可能号码格式错误
2023-11-23 01:20:20 获取到号码【1909852】的GSD为【-】
2023-11-23 01:20:23 GSD insert 第 1 次 等待 3 秒
2023-11-23 01:20:26 {"status":"bad","gid":"678733","msg":"添加失败！号码【1909852(-|-)】已存在！"}
2023-11-23 01:20:26 随机等待 230 秒，约 3 分钟
2023-11-23 01:20:26 下次操作: 2023-11-23 01:24:16

2023-11-23 01:24:16 开始第 9939 次操作

2023-11-23 01:24:16 开始操作号码 【1909853】
2023-11-23 01:24:20 GSD getOne 第 1 次 等待 3 秒
2023-11-23 01:24:23 查询号码 【1909853】，返回信息 {"status":"ok","msg":"-","gid":"678759","time_insert":"2023-04-26 16:02"}
2023-11-23 01:24:23 查询号码 【1909853】，GSD为【"-"】
2023-11-23 01:24:23 ok && -
2023-11-23 01:24:25 CHB 1909853?1700673863 第 1 次 等待 3 秒
2023-11-23 01:24:28 CHB 1909853?1700673863 第 1 次 获取到号码【1909853】GSD
2023-11-23 01:24:28 未获取到号码【1909853】GSD，可能号码格式错误
2023-11-23 01:24:28 获取到号码【1909853】的GSD为【-】
2023-11-23 01:24:34 GSD insert 第 1 次 等待 3 秒
2023-11-23 01:24:37 {"status":"bad","gid":"678759","msg":"添加失败！号码【1909853(-|-)】已存在！"}
2023-11-23 01:24:37 随机等待 178 秒，约 2 分钟
2023-11-23 01:24:37 下次操作: 2023-11-23 01:27:35

2023-11-23 01:27:35 开始第 9940 次操作

2023-11-23 01:27:35 开始操作号码 【1909854】
2023-11-23 01:27:39 GSD getOne 第 1 次 等待 3 秒
2023-11-23 01:27:42 查询号码 【1909854】，返回信息 {"status":"ok","msg":"-","gid":"678779","time_insert":"2023-04-26 16:20"}
2023-11-23 01:27:42 查询号码 【1909854】，GSD为【"-"】
2023-11-23 01:27:42 ok && -
2023-11-23 01:27:44 CHB 1909854?1700674062 第 1 次 等待 3 秒
2023-11-23 01:27:47 CHB 1909854?1700674062 第 1 次 获取到号码【1909854】GSD
2023-11-23 01:27:47 未获取到号码【1909854】GSD，可能号码格式错误
2023-11-23 01:27:47 获取到号码【1909854】的GSD为【-】
2023-11-23 01:27:51 GSD insert 第 1 次 等待 3 秒
2023-11-23 01:27:54 {"status":"bad","gid":"678779","msg":"添加失败！号码【1909854(-|-)】已存在！"}

2023-11-23 01:38:00 开始第 9941 次操作

2023-11-23 01:38:00 开始操作号码 【1909855】
2023-11-23 01:38:04 GSD getOne 第 1 次 等待 3 秒
2023-11-23 01:38:07 查询号码 【1909855】，返回信息 {"status":"ok","msg":"-","gid":"678805","time_insert":"2023-04-26 16:40"}
2023-11-23 01:38:07 查询号码 【1909855】，GSD为【"-"】
2023-11-23 01:38:07 ok && -
2023-11-23 01:38:09 CHB 1909855?1700674687 第 1 次 等待 3 秒
2023-11-23 01:38:12 CHB 1909855?1700674687 第 1 次 获取到号码【1909855】GSD
2023-11-23 01:38:13 未获取到号码【1909855】GSD，可能号码格式错误
2023-11-23 01:38:13 获取到号码【1909855】的GSD为【-】
2023-11-23 01:38:16 GSD insert 第 1 次 等待 3 秒
2023-11-23 01:38:19 {"status":"bad","gid":"678805","msg":"添加失败！号码【1909855(-|-)】已存在！"}
2023-11-23 01:38:19 随机等待 209 秒，约 3 分钟
2023-11-23 01:38:19 下次操作: 2023-11-23 01:41:48

2023-11-23 01:41:48 开始第 9942 次操作

2023-11-23 01:41:48 开始操作号码 【1909856】
2023-11-23 01:41:51 GSD getOne 第 1 次 等待 3 秒
2023-11-23 01:41:54 查询号码 【1909856】，返回信息 {"status":"ok","msg":"-","gid":"678830","time_insert":"2023-04-26 16:55"}
2023-11-23 01:41:54 查询号码 【1909856】，GSD为【"-"】
2023-11-23 01:41:54 ok && -
2023-11-23 01:41:56 CHB 1909856?1700674914 第 1 次 等待 3 秒
2023-11-23 01:41:59 CHB 1909856?1700674914 第 1 次 获取到号码【1909856】GSD
2023-11-23 01:41:59 未获取到号码【1909856】GSD，可能号码格式错误
2023-11-23 01:41:59 获取到号码【1909856】的GSD为【-】
2023-11-23 01:42:02 GSD insert 第 1 次 等待 3 秒
2023-11-23 01:42:05 {"status":"bad","gid":"678830","msg":"添加失败！号码【1909856(-|-)】已存在！"}
2023-11-23 01:42:05 随机等待 223 秒，约 3 分钟
2023-11-23 01:42:05 下次操作: 2023-11-23 01:45:48

2023-11-23 01:45:48 开始第 9943 次操作

2023-11-23 01:45:48 开始操作号码 【1909857】
2023-11-23 01:45:52 GSD getOne 第 1 次 等待 3 秒
2023-11-23 01:45:55 查询号码 【1909857】，返回信息 {"status":"ok","msg":"-","gid":"678855","time_insert":"2023-04-26 17:12"}
2023-11-23 01:45:55 查询号码 【1909857】，GSD为【"-"】
2023-11-23 01:45:55 ok && -
2023-11-23 01:45:58 CHB 1909857?1700675155 第 1 次 等待 3 秒
2023-11-23 01:46:01 CHB 1909857?1700675155 第 1 次 获取到号码【1909857】GSD
2023-11-23 01:46:01 未获取到号码【1909857】GSD，可能号码格式错误
2023-11-23 01:46:01 获取到号码【1909857】的GSD为【-】
2023-11-23 01:46:04 GSD insert 第 1 次 等待 3 秒
2023-11-23 01:46:07 {"status":"bad","gid":"678855","msg":"添加失败！号码【1909857(-|-)】已存在！"}
2023-11-23 01:46:07 随机等待 100 秒，约 1 分钟
2023-11-23 01:46:07 下次操作: 2023-11-23 01:47:47

2023-11-23 01:47:47 开始第 9944 次操作

2023-11-23 01:47:47 开始操作号码 【1909858】
2023-11-23 01:47:51 GSD getOne 第 1 次 等待 3 秒
2023-11-23 01:47:54 查询号码 【1909858】，返回信息 {"status":"ok","msg":"-","gid":"678879","time_insert":"2023-04-26 17:29"}
2023-11-23 01:47:54 查询号码 【1909858】，GSD为【"-"】
2023-11-23 01:47:54 ok && -
2023-11-23 01:47:56 CHB 1909858?1700675274 第 1 次 等待 3 秒
2023-11-23 01:47:59 CHB 1909858?1700675274 第 1 次 获取到号码【1909858】GSD
2023-11-23 01:47:59 未获取到号码【1909858】GSD，可能号码格式错误
2023-11-23 01:47:59 获取到号码【1909858】的GSD为【-】
2023-11-23 01:48:02 GSD insert 第 1 次 等待 3 秒
2023-11-23 01:48:05 {"status":"bad","gid":"678879","msg":"添加失败！号码【1909858(-|-)】已存在！"}

