2024-09-23 00:21:10 开始第 5973 次操作

2024-09-23 00:21:10 开始操作号码 【1365972】
2024-09-23 00:21:13 GSD getOne 第 1 次 等待 3 秒
2024-09-23 00:21:16 查询号码 【1365972】，返回信息 {"status":"ok","msg":"广东-湛江","gid":"286733","time_insert":"2021-07-15 19:32"}
2024-09-23 00:21:16 查询号码 【1365972】，GSD为【"广东-湛江"】

2024-09-23 00:21:17 开始第 5974 次操作

2024-09-23 00:21:17 开始操作号码 【1365973】
2024-09-23 00:21:19 GSD getOne 第 1 次 等待 3 秒
2024-09-23 00:21:22 查询号码 【1365973】，返回信息 {"status":"ok","msg":"广东-湛江","gid":"286843","time_insert":"2021-07-15 19:46"}
2024-09-23 00:21:22 查询号码 【1365973】，GSD为【"广东-湛江"】

2024-09-23 00:21:23 开始第 5975 次操作

2024-09-23 00:21:23 开始操作号码 【1365974】
2024-09-23 00:21:25 GSD getOne 第 1 次 等待 3 秒
2024-09-23 00:21:28 查询号码 【1365974】，返回信息 {"status":"ok","msg":"广东-湛江","gid":"286976","time_insert":"2021-07-15 20:00"}
2024-09-23 00:21:28 查询号码 【1365974】，GSD为【"广东-湛江"】

2024-09-23 00:21:29 开始第 5976 次操作

2024-09-23 00:21:29 开始操作号码 【1365975】
2024-09-23 00:21:31 GSD getOne 第 1 次 等待 3 秒
2024-09-23 00:21:34 查询号码 【1365975】，返回信息 {"status":"ok","msg":"广东-湛江","gid":"287048","time_insert":"2021-07-15 20:10"}
2024-09-23 00:21:34 查询号码 【1365975】，GSD为【"广东-湛江"】

