2023-11-08 00:22:37 开始第 7297 次操作

2023-11-08 00:22:37 开始操作号码 【1907211】
2023-11-08 00:22:46 GSD getOne 第 1 次 等待 3 秒
2023-11-08 00:22:49 查询号码 【1907211】，返回信息 {"status":"ok","msg":"湖北-孝感","gid":"671436","time_insert":"2023-04-22 20:32"}
2023-11-08 00:22:49 查询号码 【1907211】，GSD为【"湖北-孝感"】

2023-11-08 00:22:50 开始第 7298 次操作

2023-11-08 00:22:50 开始操作号码 【1907212】
2023-11-08 00:22:56 GSD getOne 第 1 次 等待 3 秒
2023-11-08 00:22:59 查询号码 【1907212】，返回信息 {"status":"ok","msg":"湖北-孝感","gid":"671461","time_insert":"2023-04-22 20:52"}
2023-11-08 00:22:59 查询号码 【1907212】，GSD为【"湖北-孝感"】

2023-11-08 00:23:00 开始第 7299 次操作

2023-11-08 00:23:00 开始操作号码 【1907213】
2023-11-08 00:23:05 GSD getOne 第 1 次 等待 3 秒
2023-11-08 00:23:08 查询号码 【1907213】，返回信息 {"status":"ok","msg":"湖北-孝感","gid":"671481","time_insert":"2023-04-22 21:08"}
2023-11-08 00:23:08 查询号码 【1907213】，GSD为【"湖北-孝感"】

2023-11-08 00:23:09 开始第 7300 次操作

2023-11-08 00:23:09 开始操作号码 【1907214】
2023-11-08 00:23:12 GSD getOne 第 1 次 等待 3 秒
2023-11-08 00:23:15 查询号码 【1907214】，返回信息 {"status":"ok","msg":"湖北-孝感","gid":"671503","time_insert":"2023-04-22 21:27"}
2023-11-08 00:23:15 查询号码 【1907214】，GSD为【"湖北-孝感"】

2023-11-08 00:41:08 开始第 7301 次操作

2023-11-08 00:41:08 开始操作号码 【1907215】
2023-11-08 00:41:12 GSD getOne 第 1 次 等待 3 秒
2023-11-08 00:41:15 查询号码 【1907215】，返回信息 {"status":"ok","msg":"湖北-孝感","gid":"671524","time_insert":"2023-04-22 21:41"}
2023-11-08 00:41:15 查询号码 【1907215】，GSD为【"湖北-孝感"】

2023-11-08 00:41:16 开始第 7302 次操作

2023-11-08 00:41:16 开始操作号码 【1907216】
2023-11-08 00:41:23 GSD getOne 第 1 次 等待 3 秒
2023-11-08 00:41:26 查询号码 【1907216】，返回信息 {"status":"ok","msg":"湖北-孝感","gid":"671552","time_insert":"2023-04-22 22:00"}
2023-11-08 00:41:26 查询号码 【1907216】，GSD为【"湖北-孝感"】

2023-11-08 00:41:27 开始第 7303 次操作

2023-11-08 00:41:27 开始操作号码 【1907217】
2023-11-08 00:41:33 GSD getOne 第 1 次 等待 3 秒
2023-11-08 00:41:36 查询号码 【1907217】，返回信息 {"status":"ok","msg":"湖北-孝感","gid":"671574","time_insert":"2023-04-22 22:18"}
2023-11-08 00:41:36 查询号码 【1907217】，GSD为【"湖北-孝感"】

2023-11-08 00:41:37 开始第 7304 次操作

2023-11-08 00:41:37 开始操作号码 【1907218】
2023-11-08 00:41:41 GSD getOne 第 1 次 等待 3 秒
2023-11-08 00:41:44 查询号码 【1907218】，返回信息 {"status":"ok","msg":"湖北-孝感","gid":"671586","time_insert":"2023-04-22 22:27"}
2023-11-08 00:41:44 查询号码 【1907218】，GSD为【"湖北-孝感"】

