2023-11-27 00:20:41 开始第 86 次操作
2023-11-27 00:20:41 号码【190（0000 ---> 9999）】处理完毕
2023-11-27 00:38:55 开始第 86 次操作
2023-11-27 00:38:55 号码【190（0000 ---> 9999）】处理完毕
2023-11-27 01:14:40 开始第 86 次操作
2023-11-27 01:14:40 号码【190（0000 ---> 9999）】处理完毕
2023-11-27 01:37:43 开始第 86 次操作
2023-11-27 01:37:43 号码【190（0000 ---> 9999）】处理完毕
2023-11-27 02:20:13 开始第 86 次操作
2023-11-27 02:20:13 号码【190（0000 ---> 9999）】处理完毕
2023-11-27 02:37:55 开始第 86 次操作
2023-11-27 02:37:55 号码【190（0000 ---> 9999）】处理完毕
2023-11-27 03:13:04 开始第 86 次操作
2023-11-27 03:13:04 号码【190（0000 ---> 9999）】处理完毕
2023-11-27 03:37:37 开始第 86 次操作
2023-11-27 03:37:37 号码【190（0000 ---> 9999）】处理完毕
2023-11-27 04:17:05 开始第 86 次操作
2023-11-27 04:17:05 号码【190（0000 ---> 9999）】处理完毕
2023-11-27 04:37:51 开始第 86 次操作
2023-11-27 04:37:51 号码【190（0000 ---> 9999）】处理完毕
2023-11-27 05:14:54 开始第 86 次操作
2023-11-27 05:14:54 号码【190（0000 ---> 9999）】处理完毕
2023-11-27 05:37:48 开始第 86 次操作
2023-11-27 05:37:48 号码【190（0000 ---> 9999）】处理完毕
2023-11-27 06:15:38 开始第 86 次操作
2023-11-27 06:15:38 号码【190（0000 ---> 9999）】处理完毕
2023-11-27 06:37:52 开始第 86 次操作
2023-11-27 06:37:52 号码【190（0000 ---> 9999）】处理完毕
2023-11-27 07:16:22 开始第 86 次操作
2023-11-27 07:16:22 号码【190（0000 ---> 9999）】处理完毕
2023-11-27 07:38:02 开始第 86 次操作
2023-11-27 07:38:02 号码【190（0000 ---> 9999）】处理完毕
2023-11-27 09:17:57 开始第 86 次操作
2023-11-27 09:17:57 号码【190（0000 ---> 9999）】处理完毕
2023-11-27 10:00:55 开始第 86 次操作

2023-11-27 10:00:55 开始操作号码 【1800001】
2023-11-27 10:00:59 GSD getOne 第 1 次 等待 3 秒
2023-11-27 10:01:02 查询号码 【1800001】，返回信息 {"status":"ok","msg":"广东-东莞","gid":"253751","time_insert":"2021-07-12 04:53"}
2023-11-27 10:01:02 查询号码 【1800001】，GSD为【"广东-东莞"】

2023-11-27 10:01:03 开始第 87 次操作

2023-11-27 10:01:03 开始操作号码 【1800002】
2023-11-27 10:01:07 GSD getOne 第 1 次 等待 3 秒
2023-11-27 10:01:10 查询号码 【1800002】，返回信息 {"status":"ok","msg":"广东-东莞","gid":"253753","time_insert":"2021-07-12 04:54"}
2023-11-27 10:01:10 查询号码 【1800002】，GSD为【"广东-东莞"】

2023-11-27 10:01:11 开始第 88 次操作

2023-11-27 10:01:11 开始操作号码 【1800003】
2023-11-27 10:01:15 GSD getOne 第 1 次 等待 3 秒
2023-11-27 10:01:18 查询号码 【1800003】，返回信息 {"status":"ok","msg":"广东-东莞","gid":"253755","time_insert":"2021-07-12 04:54"}
2023-11-27 10:01:18 查询号码 【1800003】，GSD为【"广东-东莞"】

2023-11-27 10:10:32 开始第 89 次操作

2023-11-27 10:10:32 开始操作号码 【1800004】
2023-11-27 10:10:36 GSD getOne 第 1 次 等待 3 秒
2023-11-27 10:10:39 查询号码 【1800004】，返回信息 {"status":"ok","msg":"广东-东莞","gid":"253757","time_insert":"2021-07-12 04:55"}
2023-11-27 10:10:39 查询号码 【1800004】，GSD为【"广东-东莞"】

2023-11-27 10:10:40 开始第 90 次操作

2023-11-27 10:10:40 开始操作号码 【1800005】
2023-11-27 10:10:44 GSD getOne 第 1 次 等待 3 秒
2023-11-27 10:10:47 查询号码 【1800005】，返回信息 {"status":"ok","msg":"广东-东莞","gid":"253760","time_insert":"2021-07-12 04:55"}
2023-11-27 10:10:47 查询号码 【1800005】，GSD为【"广东-东莞"】

2023-11-27 10:10:48 开始第 91 次操作

2023-11-27 10:10:48 开始操作号码 【1800006】
2023-11-27 10:10:52 GSD getOne 第 1 次 等待 3 秒
2023-11-27 10:10:55 查询号码 【1800006】，返回信息 {"status":"ok","msg":"广东-东莞","gid":"253763","time_insert":"2021-07-12 04:56"}
2023-11-27 10:10:55 查询号码 【1800006】，GSD为【"广东-东莞"】

2023-11-27 10:10:56 开始第 92 次操作

2023-11-27 10:10:56 开始操作号码 【1800007】
2023-11-27 10:10:59 GSD getOne 第 1 次 等待 3 秒
2023-11-27 10:11:02 查询号码 【1800007】，返回信息 {"status":"ok","msg":"广东-东莞","gid":"253764","time_insert":"2021-07-12 04:56"}
2023-11-27 10:11:03 查询号码 【1800007】，GSD为【"广东-东莞"】

