2023-11-10 00:22:30 开始第 7649 次操作

2023-11-10 00:22:30 开始操作号码 【1907563】
2023-11-10 00:22:33 GSD getOne 第 1 次 等待 3 秒
2023-11-10 00:22:36 查询号码 【1907563】，返回信息 {"status":"ok","msg":"广东-茂名","gid":"678848","time_insert":"2023-04-26 17:04"}
2023-11-10 00:22:36 查询号码 【1907563】，GSD为【"广东-茂名"】

2023-11-10 00:22:37 开始第 7650 次操作

2023-11-10 00:22:37 开始操作号码 【1907564】
2023-11-10 00:22:40 GSD getOne 第 1 次 等待 3 秒
2023-11-10 00:22:43 查询号码 【1907564】，返回信息 {"status":"ok","msg":"广东-茂名","gid":"678869","time_insert":"2023-04-26 17:20"}
2023-11-10 00:22:43 查询号码 【1907564】，GSD为【"广东-茂名"】

2023-11-10 00:22:44 开始第 7651 次操作

2023-11-10 00:22:44 开始操作号码 【1907565】
2023-11-10 00:22:47 GSD getOne 第 1 次 等待 3 秒
2023-11-10 00:22:50 查询号码 【1907565】，返回信息 {"status":"ok","msg":"广东-茂名","gid":"678902","time_insert":"2023-04-26 17:42"}
2023-11-10 00:22:50 查询号码 【1907565】，GSD为【"广东-茂名"】

2023-11-10 00:22:51 开始第 7652 次操作

2023-11-10 00:22:51 开始操作号码 【1907566】
2023-11-10 00:22:59 GSD getOne 第 1 次 等待 3 秒
2023-11-10 00:23:02 查询号码 【1907566】，返回信息 {"status":"ok","msg":"广东-清远","gid":"678931","time_insert":"2023-04-26 17:59"}
2023-11-10 00:23:02 查询号码 【1907566】，GSD为【"广东-清远"】

