2024-03-18 00:19:33 开始第 9333 次操作

2024-03-18 00:19:33 开始操作号码 【1699246】
2024-03-18 00:19:40 GSD getOne 第 1 次 等待 3 秒
2024-03-18 00:19:43 查询号码 【1699246】，返回信息 {"status":"ok","msg":"-","gid":"646505","time_insert":"2023-04-11 05:12"}
2024-03-18 00:19:43 查询号码 【1699246】，GSD为【"-"】
2024-03-18 00:19:43 ok && -
2024-03-18 00:19:44 CHB 1699246?1710692383 第 1 次 等待 3 秒
2024-03-18 00:19:47 CHB 1699246?1710692383 第 1 次 获取到号码【1699246】GSD
2024-03-18 00:19:48 未获取到号码【1699246】GSD，可能号码格式错误
2024-03-18 00:19:48 获取到号码【1699246】的GSD为【-】
2024-03-18 00:19:52 GSD insert 第 1 次 等待 3 秒
2024-03-18 00:19:55 {"status":"bad","gid":"646505","msg":"添加失败！号码【1699246(-|-)】已存在！"}
2024-03-18 00:19:55 随机等待 188 秒，约 3 分钟
2024-03-18 00:19:55 下次操作: 2024-03-18 00:23:03

2024-03-18 00:23:03 开始第 9334 次操作

2024-03-18 00:23:03 开始操作号码 【1699247】
2024-03-18 00:23:07 GSD getOne 第 1 次 等待 3 秒
2024-03-18 00:23:10 查询号码 【1699247】，返回信息 {"status":"ok","msg":"-","gid":"646500","time_insert":"2023-04-11 05:10"}
2024-03-18 00:23:10 查询号码 【1699247】，GSD为【"-"】
2024-03-18 00:23:10 ok && -
2024-03-18 00:23:13 CHB 1699247?1710692590 第 1 次 等待 3 秒
2024-03-18 00:23:16 CHB 1699247?1710692590 第 1 次 获取到号码【1699247】GSD
2024-03-18 00:23:16 未获取到号码【1699247】GSD，可能号码格式错误
2024-03-18 00:23:16 获取到号码【1699247】的GSD为【-】
2024-03-18 00:23:20 GSD insert 第 1 次 等待 3 秒
2024-03-18 00:23:23 {"status":"bad","gid":"646500","msg":"添加失败！号码【1699247(-|-)】已存在！"}
2024-03-18 00:23:23 随机等待 186 秒，约 3 分钟
2024-03-18 00:23:23 下次操作: 2024-03-18 00:26:29

2024-03-18 00:26:29 开始第 9335 次操作

2024-03-18 00:26:29 开始操作号码 【1699248】
2024-03-18 00:26:34 GSD getOne 第 1 次 等待 3 秒
2024-03-18 00:26:37 查询号码 【1699248】，返回信息 {"status":"ok","msg":"-","gid":"646490","time_insert":"2023-04-11 05:03"}
2024-03-18 00:26:37 查询号码 【1699248】，GSD为【"-"】
2024-03-18 00:26:37 ok && -
2024-03-18 00:26:39 CHB 1699248?1710692797 第 1 次 等待 3 秒
2024-03-18 00:26:42 CHB 1699248?1710692797 第 1 次 获取到号码【1699248】GSD
2024-03-18 00:26:42 未获取到号码【1699248】GSD，可能号码格式错误
2024-03-18 00:26:42 获取到号码【1699248】的GSD为【-】
2024-03-18 00:26:46 GSD insert 第 1 次 等待 3 秒
2024-03-18 00:26:49 {"status":"bad","gid":"646490","msg":"添加失败！号码【1699248(-|-)】已存在！"}
2024-03-18 00:26:49 随机等待 107 秒，约 1 分钟
2024-03-18 00:26:49 下次操作: 2024-03-18 00:28:36

2024-03-18 00:28:36 开始第 9336 次操作

2024-03-18 00:28:36 开始操作号码 【1699249】
2024-03-18 00:28:41 GSD getOne 第 1 次 等待 3 秒
2024-03-18 00:28:44 查询号码 【1699249】，返回信息 {"status":"ok","msg":"-","gid":"646486","time_insert":"2023-04-11 05:00"}
2024-03-18 00:28:44 查询号码 【1699249】，GSD为【"-"】
2024-03-18 00:28:44 ok && -
2024-03-18 00:28:46 CHB 1699249?1710692924 第 1 次 等待 3 秒
2024-03-18 00:28:49 CHB 1699249?1710692924 第 1 次 获取到号码【1699249】GSD
2024-03-18 00:28:49 未获取到号码【1699249】GSD，可能号码格式错误
2024-03-18 00:28:49 获取到号码【1699249】的GSD为【-】
2024-03-18 00:28:53 GSD insert 第 1 次 等待 3 秒
2024-03-18 00:28:56 {"status":"bad","gid":"646486","msg":"添加失败！号码【1699249(-|-)】已存在！"}

2024-03-18 00:37:50 开始第 9337 次操作

2024-03-18 00:37:50 开始操作号码 【1699250】
2024-03-18 00:37:55 GSD getOne 第 1 次 等待 3 秒
2024-03-18 00:37:58 查询号码 【1699250】，返回信息 {"status":"ok","msg":"-","gid":"646484","time_insert":"2023-04-11 04:58"}
2024-03-18 00:37:58 查询号码 【1699250】，GSD为【"-"】
2024-03-18 00:37:58 ok && -
2024-03-18 00:38:00 CHB 1699250?1710693478 第 1 次 等待 3 秒
2024-03-18 00:38:03 CHB 1699250?1710693478 第 1 次 获取到号码【1699250】GSD
2024-03-18 00:38:03 未获取到号码【1699250】GSD，可能号码格式错误
2024-03-18 00:38:03 获取到号码【1699250】的GSD为【-】
2024-03-18 00:38:09 GSD insert 第 1 次 等待 3 秒
2024-03-18 00:38:12 {"status":"bad","gid":"646484","msg":"添加失败！号码【1699250(-|-)】已存在！"}
2024-03-18 00:38:12 随机等待 98 秒，约 1 分钟
2024-03-18 00:38:12 下次操作: 2024-03-18 00:39:50

2024-03-18 00:39:50 开始第 9338 次操作

2024-03-18 00:39:50 开始操作号码 【1699251】
2024-03-18 00:39:55 GSD getOne 第 1 次 等待 3 秒
2024-03-18 00:39:58 查询号码 【1699251】，返回信息 {"status":"ok","msg":"-","gid":"646480","time_insert":"2023-04-11 04:55"}
2024-03-18 00:39:58 查询号码 【1699251】，GSD为【"-"】
2024-03-18 00:39:58 ok && -
2024-03-18 00:39:59 CHB 1699251?1710693598 第 1 次 等待 3 秒
2024-03-18 00:40:02 CHB 1699251?1710693598 第 1 次 获取到号码【1699251】GSD
2024-03-18 00:40:02 未获取到号码【1699251】GSD，可能号码格式错误
2024-03-18 00:40:02 获取到号码【1699251】的GSD为【-】
2024-03-18 00:40:11 GSD insert 第 1 次 等待 3 秒
2024-03-18 00:40:14 {"status":"bad","gid":"646480","msg":"添加失败！号码【1699251(-|-)】已存在！"}
2024-03-18 00:40:14 随机等待 135 秒，约 2 分钟
2024-03-18 00:40:14 下次操作: 2024-03-18 00:42:29

2024-03-18 00:42:29 开始第 9339 次操作

2024-03-18 00:42:29 开始操作号码 【1699252】
2024-03-18 00:42:33 GSD getOne 第 1 次 等待 3 秒
2024-03-18 00:42:36 查询号码 【1699252】，返回信息 {"status":"ok","msg":"-","gid":"646478","time_insert":"2023-04-11 04:53"}
2024-03-18 00:42:37 查询号码 【1699252】，GSD为【"-"】
2024-03-18 00:42:37 ok && -
2024-03-18 00:42:39 CHB 1699252?1710693757 第 1 次 等待 3 秒
2024-03-18 00:42:42 CHB 1699252?1710693757 第 1 次 获取到号码【1699252】GSD
2024-03-18 00:42:42 未获取到号码【1699252】GSD，可能号码格式错误
2024-03-18 00:42:42 获取到号码【1699252】的GSD为【-】
2024-03-18 00:42:46 GSD insert 第 1 次 等待 3 秒
2024-03-18 00:42:49 {"status":"bad","gid":"646478","msg":"添加失败！号码【1699252(-|-)】已存在！"}
2024-03-18 00:42:49 随机等待 165 秒，约 2 分钟
2024-03-18 00:42:49 下次操作: 2024-03-18 00:45:34

2024-03-18 00:45:34 开始第 9340 次操作

2024-03-18 00:45:34 开始操作号码 【1699253】
2024-03-18 00:45:38 GSD getOne 第 1 次 等待 3 秒
2024-03-18 00:45:41 查询号码 【1699253】，返回信息 {"status":"ok","msg":"-","gid":"646471","time_insert":"2023-04-11 04:51"}
2024-03-18 00:45:41 查询号码 【1699253】，GSD为【"-"】
2024-03-18 00:45:41 ok && -
2024-03-18 00:45:43 CHB 1699253?1710693941 第 1 次 等待 3 秒
2024-03-18 00:45:46 CHB 1699253?1710693941 第 1 次 获取到号码【1699253】GSD
2024-03-18 00:45:46 未获取到号码【1699253】GSD，可能号码格式错误
2024-03-18 00:45:46 获取到号码【1699253】的GSD为【-】
2024-03-18 00:45:51 GSD insert 第 1 次 等待 3 秒
2024-03-18 00:45:54 {"status":"bad","gid":"646471","msg":"添加失败！号码【1699253(-|-)】已存在！"}

2024-03-18 01:13:58 开始第 9341 次操作

2024-03-18 01:13:58 开始操作号码 【1699254】
2024-03-18 01:14:02 GSD getOne 第 1 次 等待 3 秒
2024-03-18 01:14:05 查询号码 【1699254】，返回信息 {"status":"ok","msg":"-","gid":"646465","time_insert":"2023-04-11 04:48"}
2024-03-18 01:14:05 查询号码 【1699254】，GSD为【"-"】
2024-03-18 01:14:05 ok && -
2024-03-18 01:14:07 CHB 1699254?1710695645 第 1 次 等待 3 秒
2024-03-18 01:14:10 CHB 1699254?1710695645 第 1 次 获取到号码【1699254】GSD
2024-03-18 01:14:10 未获取到号码【1699254】GSD，可能号码格式错误
2024-03-18 01:14:10 获取到号码【1699254】的GSD为【-】
2024-03-18 01:14:14 GSD insert 第 1 次 等待 3 秒
2024-03-18 01:14:17 {"status":"bad","gid":"646465","msg":"添加失败！号码【1699254(-|-)】已存在！"}
2024-03-18 01:14:17 随机等待 161 秒，约 2 分钟
2024-03-18 01:14:17 下次操作: 2024-03-18 01:16:58

2024-03-18 01:16:58 开始第 9342 次操作

2024-03-18 01:16:58 开始操作号码 【1699255】
2024-03-18 01:17:03 GSD getOne 第 1 次 等待 3 秒
2024-03-18 01:17:06 查询号码 【1699255】，返回信息 {"status":"ok","msg":"-","gid":"646460","time_insert":"2023-04-11 04:45"}
2024-03-18 01:17:06 查询号码 【1699255】，GSD为【"-"】
2024-03-18 01:17:06 ok && -
2024-03-18 01:17:08 CHB 1699255?1710695826 第 1 次 等待 3 秒
2024-03-18 01:17:11 CHB 1699255?1710695826 第 1 次 获取到号码【1699255】GSD
2024-03-18 01:17:11 未获取到号码【1699255】GSD，可能号码格式错误
2024-03-18 01:17:11 获取到号码【1699255】的GSD为【-】
2024-03-18 01:17:15 GSD insert 第 1 次 等待 3 秒
2024-03-18 01:17:18 {"status":"bad","gid":"646460","msg":"添加失败！号码【1699255(-|-)】已存在！"}
2024-03-18 01:17:18 随机等待 111 秒，约 1 分钟
2024-03-18 01:17:18 下次操作: 2024-03-18 01:19:09

2024-03-18 01:19:09 开始第 9343 次操作

2024-03-18 01:19:09 开始操作号码 【1699256】
2024-03-18 01:19:13 GSD getOne 第 1 次 等待 3 秒
2024-03-18 01:19:16 查询号码 【1699256】，返回信息 {"status":"ok","msg":"-","gid":"646458","time_insert":"2023-04-11 04:44"}
2024-03-18 01:19:16 查询号码 【1699256】，GSD为【"-"】
2024-03-18 01:19:16 ok && -
2024-03-18 01:19:18 CHB 1699256?1710695956 第 1 次 等待 3 秒
2024-03-18 01:19:21 CHB 1699256?1710695956 第 1 次 获取到号码【1699256】GSD
2024-03-18 01:19:21 未获取到号码【1699256】GSD，可能号码格式错误
2024-03-18 01:19:21 获取到号码【1699256】的GSD为【-】
2024-03-18 01:19:25 GSD insert 第 1 次 等待 3 秒
2024-03-18 01:19:28 {"status":"bad","gid":"646458","msg":"添加失败！号码【1699256(-|-)】已存在！"}
2024-03-18 01:19:28 随机等待 212 秒，约 3 分钟
2024-03-18 01:19:28 下次操作: 2024-03-18 01:23:00

2024-03-18 01:23:00 开始第 9344 次操作

2024-03-18 01:23:00 开始操作号码 【1699257】
2024-03-18 01:23:05 GSD getOne 第 1 次 等待 3 秒
2024-03-18 01:23:08 查询号码 【1699257】，返回信息 {"status":"ok","msg":"-","gid":"646452","time_insert":"2023-04-11 04:41"}
2024-03-18 01:23:08 查询号码 【1699257】，GSD为【"-"】
2024-03-18 01:23:08 ok && -
2024-03-18 01:23:10 CHB 1699257?1710696188 第 1 次 等待 3 秒
2024-03-18 01:23:13 CHB 1699257?1710696188 第 1 次 获取到号码【1699257】GSD
2024-03-18 01:23:13 未获取到号码【1699257】GSD，可能号码格式错误
2024-03-18 01:23:13 获取到号码【1699257】的GSD为【-】
2024-03-18 01:23:17 GSD insert 第 1 次 等待 3 秒
2024-03-18 01:23:20 {"status":"bad","gid":"646452","msg":"添加失败！号码【1699257(-|-)】已存在！"}

