2023-10-02 00:19:41 开始第 997 次操作

2023-10-02 00:19:41 开始操作号码 【1900996】
2023-10-02 00:19:43 GSD getOne 第 1 次 等待 3 秒
2023-10-02 00:19:46 查询号码 【1900996】，返回信息 {"status":"ok","msg":"新疆-巴音郭楞","gid":"532166","time_insert":"2023-02-15 10:07"}
2023-10-02 00:19:47 查询号码 【1900996】，GSD为【"新疆-巴音郭楞"】

2023-10-02 00:19:48 开始第 998 次操作

2023-10-02 00:19:48 开始操作号码 【1900997】
2023-10-02 00:19:50 GSD getOne 第 1 次 等待 3 秒
2023-10-02 00:19:53 查询号码 【1900997】，返回信息 {"status":"ok","msg":"新疆-阿克苏","gid":"532182","time_insert":"2023-02-15 10:20"}
2023-10-02 00:19:53 查询号码 【1900997】，GSD为【"新疆-阿克苏"】

2023-10-02 00:19:54 开始第 999 次操作

2023-10-02 00:19:54 开始操作号码 【1900998】
2023-10-02 00:19:56 GSD getOne 第 1 次 等待 3 秒
2023-10-02 00:19:59 查询号码 【1900998】，返回信息 {"status":"ok","msg":"新疆-喀什","gid":"532196","time_insert":"2023-02-15 10:32"}
2023-10-02 00:19:59 查询号码 【1900998】，GSD为【"新疆-喀什"】

2023-10-02 00:20:00 开始第 1000 次操作

2023-10-02 00:20:00 开始操作号码 【1900999】
2023-10-02 00:20:03 GSD getOne 第 1 次 等待 3 秒
2023-10-02 00:20:06 查询号码 【1900999】，返回信息 {"status":"ok","msg":"新疆-伊犁","gid":"532209","time_insert":"2023-02-15 10:43"}
2023-10-02 00:20:06 查询号码 【1900999】，GSD为【"新疆-伊犁"】

