2021-07-27 00:00:31 开始第 30 次操作

2021-07-27 00:00:31 开始操作号码 【1475510】
2021-07-27 00:00:44 GSD getOne 第 1 次 等待 3 秒
2021-07-27 00:00:47 查询号码 【1475510】，返回信息 {"status":"bad","msg":""}
2021-07-27 00:00:48 查询号码 【1475510】，GSD为【""】
2021-07-27 00:00:48 bad
2021-07-27 00:00:49 CHB 1475510?1627315248 第 1 次 等待 3 秒
2021-07-27 00:00:52 CHB 1475510?1627315248 第 1 次 获取到号码【1475510】GSD
2021-07-27 00:00:52 获取到号码【1475510】的GSD为【安徽-合肥】
2021-07-27 00:01:02 GSD insert 第 1 次 等待 3 秒
2021-07-27 00:01:05 {"status":"ok","gid":407059,"msg":"添加成功！"}
2021-07-27 00:01:05 下次操作: 2021-07-27 00:01:20

2021-07-27 00:01:20 开始第 31 次操作

2021-07-27 00:01:20 开始操作号码 【1475509】
2021-07-27 00:01:23 GSD getOne 第 1 次 等待 3 秒
2021-07-27 00:01:26 查询号码 【1475509】，返回信息 {"status":"bad","msg":""}
2021-07-27 00:01:26 查询号码 【1475509】，GSD为【""】
2021-07-27 00:01:26 bad
2021-07-27 00:01:28 CHB 1475509?1627315286 第 1 次 等待 3 秒
2021-07-27 00:01:31 CHB 1475509?1627315286 第 1 次 获取到号码【1475509】GSD
2021-07-27 00:01:31 获取到号码【1475509】的GSD为【安徽-滁州】
2021-07-27 00:01:35 GSD insert 第 1 次 等待 3 秒
2021-07-27 00:01:38 {"status":"ok","gid":407067,"msg":"添加成功！"}
2021-07-27 00:01:38 下次操作: 2021-07-27 00:02:02

2021-07-27 00:02:02 开始第 32 次操作

2021-07-27 00:02:02 开始操作号码 【1475508】
2021-07-27 00:02:08 GSD getOne 第 1 次 等待 3 秒
2021-07-27 00:02:11 查询号码 【1475508】，返回信息 {"status":"bad","msg":""}
2021-07-27 00:02:11 查询号码 【1475508】，GSD为【""】
2021-07-27 00:02:11 bad
2021-07-27 00:02:13 CHB 1475508?1627315331 第 1 次 等待 3 秒
2021-07-27 00:02:16 CHB 1475508?1627315331 第 1 次 获取到号码【1475508】GSD
2021-07-27 00:02:16 获取到号码【1475508】的GSD为【安徽-滁州】
2021-07-27 00:02:20 GSD insert 第 1 次 等待 3 秒
2021-07-27 00:02:23 {"status":"ok","gid":407077,"msg":"添加成功！"}
2021-07-27 00:02:23 下次操作: 2021-07-27 00:02:44

2021-07-27 00:02:44 开始第 33 次操作

2021-07-27 00:02:44 开始操作号码 【1475507】
2021-07-27 00:02:49 GSD getOne 第 1 次 等待 3 秒
2021-07-27 00:02:52 查询号码 【1475507】，返回信息 {"status":"bad","msg":""}
2021-07-27 00:02:52 查询号码 【1475507】，GSD为【""】
2021-07-27 00:02:52 bad
2021-07-27 00:02:54 CHB 1475507?1627315372 第 1 次 等待 3 秒
2021-07-27 00:02:57 CHB 1475507?1627315372 第 1 次 获取到号码【1475507】GSD
2021-07-27 00:02:57 获取到号码【1475507】的GSD为【浙江-金华】
2021-07-27 00:03:00 GSD insert 第 1 次 等待 3 秒
2021-07-27 00:03:03 {"status":"ok","gid":407091,"msg":"添加成功！"}
2021-07-27 00:03:03 下次操作: 2021-07-27 00:03:21

2021-07-27 00:03:21 开始第 34 次操作

2021-07-27 00:03:21 开始操作号码 【1475506】
2021-07-27 00:03:24 GSD getOne 第 1 次 等待 3 秒
2021-07-27 00:03:27 查询号码 【1475506】，返回信息 {"status":"bad","msg":""}
2021-07-27 00:03:27 查询号码 【1475506】，GSD为【""】
2021-07-27 00:03:27 bad
2021-07-27 00:03:28 CHB 1475506?1627315407 第 1 次 等待 3 秒
2021-07-27 00:03:31 CHB 1475506?1627315407 第 1 次 获取到号码【1475506】GSD
2021-07-27 00:03:32 获取到号码【1475506】的GSD为【浙江-金华】
2021-07-27 00:03:39 GSD insert 第 1 次 等待 3 秒
2021-07-27 00:03:42 {"status":"ok","gid":407104,"msg":"添加成功！"}
2021-07-27 00:03:42 下次操作: 2021-07-27 00:03:57

2021-07-27 00:03:57 开始第 35 次操作

2021-07-27 00:03:57 开始操作号码 【1475505】
2021-07-27 00:04:00 GSD getOne 第 1 次 等待 3 秒
2021-07-27 00:04:03 查询号码 【1475505】，返回信息 {"status":"bad","msg":""}
2021-07-27 00:04:03 查询号码 【1475505】，GSD为【""】
2021-07-27 00:04:03 bad
2021-07-27 00:04:05 CHB 1475505?1627315443 第 1 次 等待 3 秒
2021-07-27 00:04:08 CHB 1475505?1627315443 第 1 次 获取到号码【1475505】GSD
2021-07-27 00:04:08 获取到号码【1475505】的GSD为【浙江-金华】
2021-07-27 00:04:11 GSD insert 第 1 次 等待 3 秒
2021-07-27 00:04:14 {"status":"ok","gid":407117,"msg":"添加成功！"}
2021-07-27 00:04:14 下次操作: 2021-07-27 00:04:37

2021-07-27 00:04:37 开始第 36 次操作

2021-07-27 00:04:37 开始操作号码 【1475504】
2021-07-27 00:04:41 GSD getOne 第 1 次 等待 3 秒
2021-07-27 00:04:44 查询号码 【1475504】，返回信息 {"status":"bad","msg":""}
2021-07-27 00:04:44 查询号码 【1475504】，GSD为【""】
2021-07-27 00:04:44 bad
2021-07-27 00:04:46 CHB 1475504?1627315484 第 1 次 等待 3 秒
2021-07-27 00:04:49 CHB 1475504?1627315484 第 1 次 获取到号码【1475504】GSD
2021-07-27 00:04:49 获取到号码【1475504】的GSD为【浙江-金华】
2021-07-27 00:04:52 GSD insert 第 1 次 等待 3 秒
2021-07-27 00:04:55 {"status":"ok","gid":407125,"msg":"添加成功！"}
2021-07-27 00:04:55 下次操作: 2021-07-27 00:05:07

2021-07-27 00:05:08 开始第 37 次操作

2021-07-27 00:05:08 开始操作号码 【1475503】
2021-07-27 00:05:11 GSD getOne 第 1 次 等待 3 秒
2021-07-27 00:05:14 查询号码 【1475503】，返回信息 {"status":"bad","msg":""}
2021-07-27 00:05:14 查询号码 【1475503】，GSD为【""】
2021-07-27 00:05:14 bad
2021-07-27 00:05:15 CHB 1475503?1627315514 第 1 次 等待 3 秒
2021-07-27 00:05:18 CHB 1475503?1627315514 第 1 次 获取到号码【1475503】GSD
2021-07-27 00:05:18 获取到号码【1475503】的GSD为【浙江-金华】
2021-07-27 00:05:25 GSD insert 第 1 次 等待 3 秒
2021-07-27 00:05:28 {"status":"ok","gid":407137,"msg":"添加成功！"}
2021-07-27 00:05:28 下次操作: 2021-07-27 00:05:41

2021-07-27 00:05:41 开始第 38 次操作

2021-07-27 00:05:41 开始操作号码 【1475502】
2021-07-27 00:05:47 GSD getOne 第 1 次 等待 3 秒
2021-07-27 00:05:50 查询号码 【1475502】，返回信息 {"status":"bad","msg":""}
2021-07-27 00:05:50 查询号码 【1475502】，GSD为【""】
2021-07-27 00:05:50 bad
2021-07-27 00:05:51 CHB 1475502?1627315550 第 1 次 等待 3 秒
2021-07-27 00:05:54 CHB 1475502?1627315550 第 1 次 获取到号码【1475502】GSD
2021-07-27 00:05:54 获取到号码【1475502】的GSD为【安徽-滁州】
2021-07-27 00:06:00 GSD insert 第 1 次 等待 3 秒
2021-07-27 00:06:03 {"status":"ok","gid":407145,"msg":"添加成功！"}
2021-07-27 00:06:03 下次操作: 2021-07-27 00:06:21

2021-07-27 00:06:21 开始第 39 次操作

2021-07-27 00:06:21 开始操作号码 【1475501】
2021-07-27 00:06:25 GSD getOne 第 1 次 等待 3 秒
2021-07-27 00:06:28 查询号码 【1475501】，返回信息 {"status":"bad","msg":""}
2021-07-27 00:06:28 查询号码 【1475501】，GSD为【""】
2021-07-27 00:06:28 bad
2021-07-27 00:06:30 CHB 1475501?1627315588 第 1 次 等待 3 秒
2021-07-27 00:06:33 CHB 1475501?1627315588 第 1 次 获取到号码【1475501】GSD
2021-07-27 00:06:33 获取到号码【1475501】的GSD为【安徽-滁州】
2021-07-27 00:06:39 GSD insert 第 1 次 等待 3 秒
2021-07-27 00:06:42 {"status":"ok","gid":407155,"msg":"添加成功！"}
2021-07-27 00:06:42 下次操作: 2021-07-27 00:07:00

2021-07-27 00:07:00 开始第 40 次操作

2021-07-27 00:07:00 开始操作号码 【1475500】
2021-07-27 00:07:03 GSD getOne 第 1 次 等待 3 秒
2021-07-27 00:07:06 查询号码 【1475500】，返回信息 {"status":"bad","msg":""}
2021-07-27 00:07:06 查询号码 【1475500】，GSD为【""】
2021-07-27 00:07:06 bad
2021-07-27 00:07:08 CHB 1475500?1627315626 第 1 次 等待 3 秒
2021-07-27 00:07:11 CHB 1475500?1627315626 第 1 次 获取到号码【1475500】GSD
2021-07-27 00:07:11 获取到号码【1475500】的GSD为【安徽-滁州】
2021-07-27 00:07:14 GSD insert 第 1 次 等待 3 秒
2021-07-27 00:07:17 {"status":"ok","gid":407164,"msg":"添加成功！"}

