2024-01-20 00:23:27 开始第 9521 次操作

2024-01-20 00:23:27 开始操作号码 【1809436】
2024-01-20 00:23:31 GSD getOne 第 1 次 等待 3 秒
2024-01-20 00:23:34 查询号码 【1809436】，返回信息 {"status":"ok","msg":"江苏-南通","gid":"350777","time_insert":"2021-07-22 01:40"}
2024-01-20 00:23:34 查询号码 【1809436】，GSD为【"江苏-南通"】

2024-01-20 00:23:35 开始第 9522 次操作

2024-01-20 00:23:35 开始操作号码 【1809437】
2024-01-20 00:23:39 GSD getOne 第 1 次 等待 3 秒
2024-01-20 00:23:42 查询号码 【1809437】，返回信息 {"status":"ok","msg":"江苏-南通","gid":"350781","time_insert":"2021-07-22 01:41"}
2024-01-20 00:23:42 查询号码 【1809437】，GSD为【"江苏-南通"】

2024-01-20 00:23:43 开始第 9523 次操作

2024-01-20 00:23:43 开始操作号码 【1809438】
2024-01-20 00:23:47 GSD getOne 第 1 次 等待 3 秒
2024-01-20 00:23:50 查询号码 【1809438】，返回信息 {"status":"ok","msg":"江苏-南通","gid":"350792","time_insert":"2021-07-22 01:42","time_update":"2021-07-22 02:10"}
2024-01-20 00:23:50 查询号码 【1809438】，GSD为【"江苏-南通"】

2024-01-20 00:23:51 开始第 9524 次操作

2024-01-20 00:23:51 开始操作号码 【1809439】
2024-01-20 00:23:55 GSD getOne 第 1 次 等待 3 秒
2024-01-20 00:23:58 查询号码 【1809439】，返回信息 {"status":"ok","msg":"江苏-南通","gid":"350803","time_insert":"2021-07-22 01:45","time_update":"2021-07-22 02:11"}
2024-01-20 00:23:58 查询号码 【1809439】，GSD为【"江苏-南通"】

