2024-09-02 00:21:51 开始第 2377 次操作

2024-09-02 00:21:51 开始操作号码 【1362376】
2024-09-02 00:22:00 GSD getOne 第 1 次 等待 3 秒
2024-09-02 00:22:03 查询号码 【1362376】，返回信息 {"status":"ok","msg":"河南-信阳","gid":"94430","time_insert":"2021-06-13 09:22"}
2024-09-02 00:22:03 查询号码 【1362376】，GSD为【"河南-信阳"】

2024-09-02 00:22:04 开始第 2378 次操作

2024-09-02 00:22:04 开始操作号码 【1362377】
2024-09-02 00:22:11 GSD getOne 第 1 次 等待 3 秒
2024-09-02 00:22:14 查询号码 【1362377】，返回信息 {"status":"ok","msg":"河南-南阳","gid":"53462","time_insert":"2020-01-05 13:14"}
2024-09-02 00:22:15 查询号码 【1362377】，GSD为【"河南-南阳"】

2024-09-02 00:22:16 开始第 2379 次操作

2024-09-02 00:22:16 开始操作号码 【1362378】
2024-09-02 00:22:23 GSD getOne 第 1 次 等待 3 秒
2024-09-02 00:22:26 查询号码 【1362378】，返回信息 {"status":"ok","msg":"河南-开封","gid":"7648","time_insert":"2017-05-01 00:00","time_update":"2020-09-13 20:52"}
2024-09-02 00:22:26 查询号码 【1362378】，GSD为【"河南-开封"】

2024-09-02 00:22:28 开始第 2380 次操作

2024-09-02 00:22:28 开始操作号码 【1362379】
2024-09-02 00:22:35 GSD getOne 第 1 次 等待 3 秒
2024-09-02 00:22:38 查询号码 【1362379】，返回信息 {"status":"ok","msg":"河南-洛阳","gid":"94471","time_insert":"2021-06-13 09:54"}
2024-09-02 00:22:38 查询号码 【1362379】，GSD为【"河南-洛阳"】

2024-09-02 01:14:23 开始第 2381 次操作

2024-09-02 01:14:23 开始操作号码 【1362380】
2024-09-02 01:14:32 GSD getOne 第 1 次 等待 3 秒
2024-09-02 01:14:35 查询号码 【1362380】，返回信息 {"status":"ok","msg":"河南-郑州","gid":"94495","time_insert":"2021-06-13 10:14"}
2024-09-02 01:14:35 查询号码 【1362380】，GSD为【"河南-郑州"】

2024-09-02 01:14:36 开始第 2382 次操作

2024-09-02 01:14:36 开始操作号码 【1362381】
2024-09-02 01:14:44 GSD getOne 第 1 次 等待 3 秒
2024-09-02 01:14:47 查询号码 【1362381】，返回信息 {"status":"ok","msg":"河南-郑州","gid":"7649","time_insert":"2015-06-23 21:44","time_update":"2020-09-13 20:48"}
2024-09-02 01:14:47 查询号码 【1362381】，GSD为【"河南-郑州"】

2024-09-02 01:14:48 开始第 2383 次操作

2024-09-02 01:14:48 开始操作号码 【1362382】
2024-09-02 01:14:55 GSD getOne 第 1 次 等待 3 秒
2024-09-02 01:14:58 查询号码 【1362382】，返回信息 {"status":"ok","msg":"河南-郑州","gid":"94515","time_insert":"2021-06-13 10:34"}
2024-09-02 01:14:58 查询号码 【1362382】，GSD为【"河南-郑州"】

2024-09-02 01:14:59 开始第 2384 次操作

2024-09-02 01:14:59 开始操作号码 【1362383】
2024-09-02 01:15:07 GSD getOne 第 1 次 等待 3 秒
2024-09-02 01:15:10 查询号码 【1362383】，返回信息 {"status":"ok","msg":"河南-郑州","gid":"94532","time_insert":"2021-06-13 10:50"}
2024-09-02 01:15:10 查询号码 【1362383】，GSD为【"河南-郑州"】

2024-09-02 01:36:40 开始第 2385 次操作

2024-09-02 01:36:40 开始操作号码 【1362384】
2024-09-02 01:36:48 GSD getOne 第 1 次 等待 3 秒
2024-09-02 01:36:51 查询号码 【1362384】，返回信息 {"status":"ok","msg":"河南-郑州","gid":"94568","time_insert":"2021-06-13 11:18"}
2024-09-02 01:36:51 查询号码 【1362384】，GSD为【"河南-郑州"】

2024-09-02 01:36:52 开始第 2386 次操作

2024-09-02 01:36:52 开始操作号码 【1362385】
2024-09-02 01:37:00 GSD getOne 第 1 次 等待 3 秒
2024-09-02 01:37:03 查询号码 【1362385】，返回信息 {"status":"ok","msg":"河南-郑州","gid":"7650","time_insert":"2017-04-20 16:08","time_update":"2020-09-13 20:45"}
2024-09-02 01:37:03 查询号码 【1362385】，GSD为【"河南-郑州"】

2024-09-02 01:37:04 开始第 2387 次操作

2024-09-02 01:37:04 开始操作号码 【1362386】
2024-09-02 01:37:12 GSD getOne 第 1 次 等待 3 秒
2024-09-02 01:37:15 查询号码 【1362386】，返回信息 {"status":"ok","msg":"河南-郑州","gid":"94604","time_insert":"2021-06-13 11:48"}
2024-09-02 01:37:15 查询号码 【1362386】，GSD为【"河南-郑州"】

2024-09-02 01:37:16 开始第 2388 次操作

2024-09-02 01:37:16 开始操作号码 【1362387】
2024-09-02 01:37:24 GSD getOne 第 1 次 等待 3 秒
2024-09-02 01:37:27 查询号码 【1362387】，返回信息 {"status":"ok","msg":"河南-焦作","gid":"53463","time_insert":"2020-05-19 15:02"}
2024-09-02 01:37:27 查询号码 【1362387】，GSD为【"河南-焦作"】

2024-09-02 02:22:36 开始第 2389 次操作

2024-09-02 02:22:36 开始操作号码 【1362388】
2024-09-02 02:22:44 GSD getOne 第 1 次 等待 3 秒
2024-09-02 02:22:47 查询号码 【1362388】，返回信息 {"status":"ok","msg":"河南-洛阳","gid":"7651","time_insert":"2015-11-23 15:29","time_update":"2020-09-13 20:41"}
2024-09-02 02:22:47 查询号码 【1362388】，GSD为【"河南-洛阳"】

2024-09-02 02:22:49 开始第 2390 次操作

2024-09-02 02:22:49 开始操作号码 【1362389】
2024-09-02 02:22:56 GSD getOne 第 1 次 等待 3 秒
2024-09-02 02:22:59 查询号码 【1362389】，返回信息 {"status":"ok","msg":"河南-洛阳","gid":"53464","time_insert":"2020-03-03 09:48"}
2024-09-02 02:22:59 查询号码 【1362389】，GSD为【"河南-洛阳"】

2024-09-02 02:23:00 开始第 2391 次操作

2024-09-02 02:23:00 开始操作号码 【1362390】
2024-09-02 02:23:08 GSD getOne 第 1 次 等待 3 秒
2024-09-02 02:23:11 查询号码 【1362390】，返回信息 {"status":"ok","msg":"河南-新乡","gid":"94634","time_insert":"2021-06-13 12:12"}
2024-09-02 02:23:11 查询号码 【1362390】，GSD为【"河南-新乡"】

2024-09-02 02:23:12 开始第 2392 次操作

2024-09-02 02:23:12 开始操作号码 【1362391】
2024-09-02 02:23:19 GSD getOne 第 1 次 等待 3 秒
2024-09-02 02:23:22 查询号码 【1362391】，返回信息 {"status":"ok","msg":"河南-焦作","gid":"53465","time_insert":"2020-06-04 21:52"}
2024-09-02 02:23:23 查询号码 【1362391】，GSD为【"河南-焦作"】

2024-09-02 02:40:52 开始第 2393 次操作

2024-09-02 02:40:52 开始操作号码 【1362392】
2024-09-02 02:41:00 GSD getOne 第 1 次 等待 3 秒
2024-09-02 02:41:03 查询号码 【1362392】，返回信息 {"status":"ok","msg":"河南-鹤壁","gid":"94654","time_insert":"2021-06-13 12:32"}
2024-09-02 02:41:03 查询号码 【1362392】，GSD为【"河南-鹤壁"】

2024-09-02 02:41:04 开始第 2394 次操作

2024-09-02 02:41:04 开始操作号码 【1362393】
2024-09-02 02:41:12 GSD getOne 第 1 次 等待 3 秒
2024-09-02 02:41:15 查询号码 【1362393】，返回信息 {"status":"ok","msg":"河南-濮阳","gid":"94689","time_insert":"2021-06-13 12:58"}
2024-09-02 02:41:15 查询号码 【1362393】，GSD为【"河南-濮阳"】

2024-09-02 02:41:16 开始第 2395 次操作

2024-09-02 02:41:16 开始操作号码 【1362394】
2024-09-02 02:41:24 GSD getOne 第 1 次 等待 3 秒
2024-09-02 02:41:27 查询号码 【1362394】，返回信息 {"status":"ok","msg":"河南-周口","gid":"53466","time_insert":"2020-08-04 15:11"}
2024-09-02 02:41:27 查询号码 【1362394】，GSD为【"河南-周口"】

2024-09-02 02:41:28 开始第 2396 次操作

2024-09-02 02:41:28 开始操作号码 【1362395】
2024-09-02 02:41:36 GSD getOne 第 1 次 等待 3 秒
2024-09-02 02:41:39 查询号码 【1362395】，返回信息 {"status":"ok","msg":"河南-漯河","gid":"94710","time_insert":"2021-06-13 13:17"}
2024-09-02 02:41:39 查询号码 【1362395】，GSD为【"河南-漯河"】

2024-09-02 03:14:00 开始第 2397 次操作

2024-09-02 03:14:00 开始操作号码 【1362396】
2024-09-02 03:14:08 GSD getOne 第 1 次 等待 3 秒
2024-09-02 03:14:11 查询号码 【1362396】，返回信息 {"status":"ok","msg":"河南-驻马店","gid":"94731","time_insert":"2021-06-13 13:36"}
2024-09-02 03:14:11 查询号码 【1362396】，GSD为【"河南-驻马店"】

2024-09-02 03:14:12 开始第 2398 次操作

2024-09-02 03:14:12 开始操作号码 【1362397】
2024-09-02 03:14:28 GSD getOne 第 1 次 等待 3 秒
2024-09-02 03:14:31 查询号码 【1362397】，返回信息 {"status":"ok","msg":"河南-信阳","gid":"94763","time_insert":"2021-06-13 14:00"}
2024-09-02 03:14:31 查询号码 【1362397】，GSD为【"河南-信阳"】

2024-09-02 03:14:32 开始第 2399 次操作

2024-09-02 03:14:32 开始操作号码 【1362398】
2024-09-02 03:14:34 GSD getOne 第 1 次 等待 3 秒
2024-09-02 03:14:37 查询号码 【1362398】，返回信息 {"status":"ok","msg":"河南-三门峡","gid":"94803","time_insert":"2021-06-13 14:30"}
2024-09-02 03:14:37 查询号码 【1362398】，GSD为【"河南-三门峡"】

2024-09-02 03:14:38 开始第 2400 次操作

2024-09-02 03:14:38 开始操作号码 【1362399】
2024-09-02 03:14:39 GSD getOne 第 1 次 等待 3 秒
2024-09-02 03:14:42 查询号码 【1362399】，返回信息 {"status":"ok","msg":"河南-南阳","gid":"53467","time_insert":"2020-11-27 16:33"}
2024-09-02 03:14:42 查询号码 【1362399】，GSD为【"河南-南阳"】

2024-09-02 03:38:21 开始第 2401 次操作

2024-09-02 03:38:21 开始操作号码 【1362400】
2024-09-02 03:38:29 GSD getOne 第 1 次 等待 3 秒
2024-09-02 03:38:32 查询号码 【1362400】，返回信息 {"status":"ok","msg":"辽宁-沈阳","gid":"94837","time_insert":"2021-06-13 15:01"}
2024-09-02 03:38:32 查询号码 【1362400】，GSD为【"辽宁-沈阳"】

2024-09-02 03:38:33 开始第 2402 次操作

2024-09-02 03:38:33 开始操作号码 【1362401】
2024-09-02 03:38:40 GSD getOne 第 1 次 等待 3 秒
2024-09-02 03:38:43 查询号码 【1362401】，返回信息 {"status":"ok","msg":"辽宁-沈阳","gid":"94859","time_insert":"2021-06-13 15:17"}
2024-09-02 03:38:43 查询号码 【1362401】，GSD为【"辽宁-沈阳"】

2024-09-02 03:38:44 开始第 2403 次操作

2024-09-02 03:38:44 开始操作号码 【1362402】
2024-09-02 03:38:52 GSD getOne 第 1 次 等待 3 秒
2024-09-02 03:38:55 查询号码 【1362402】，返回信息 {"status":"ok","msg":"辽宁-沈阳","gid":"94891","time_insert":"2021-06-13 15:46"}
2024-09-02 03:38:55 查询号码 【1362402】，GSD为【"辽宁-沈阳"】

2024-09-02 03:38:56 开始第 2404 次操作

2024-09-02 03:38:56 开始操作号码 【1362403】
2024-09-02 03:39:04 GSD getOne 第 1 次 等待 3 秒
2024-09-02 03:39:07 查询号码 【1362403】，返回信息 {"status":"ok","msg":"辽宁-沈阳","gid":"94918","time_insert":"2021-06-13 16:12"}
2024-09-02 03:39:07 查询号码 【1362403】，GSD为【"辽宁-沈阳"】

2024-09-02 04:19:01 开始第 2405 次操作

2024-09-02 04:19:01 开始操作号码 【1362404】
2024-09-02 04:19:09 GSD getOne 第 1 次 等待 3 秒
2024-09-02 04:19:12 查询号码 【1362404】，返回信息 {"status":"ok","msg":"辽宁-沈阳","gid":"94940","time_insert":"2021-06-13 16:28"}
2024-09-02 04:19:12 查询号码 【1362404】，GSD为【"辽宁-沈阳"】

2024-09-02 04:19:13 开始第 2406 次操作

2024-09-02 04:19:13 开始操作号码 【1362405】
2024-09-02 04:19:20 GSD getOne 第 1 次 等待 3 秒
2024-09-02 04:19:23 查询号码 【1362405】，返回信息 {"status":"ok","msg":"辽宁-沈阳","gid":"94969","time_insert":"2021-06-13 16:54"}
2024-09-02 04:19:23 查询号码 【1362405】，GSD为【"辽宁-沈阳"】

2024-09-02 04:19:24 开始第 2407 次操作

2024-09-02 04:19:24 开始操作号码 【1362406】
2024-09-02 04:19:32 GSD getOne 第 1 次 等待 3 秒
2024-09-02 04:19:35 查询号码 【1362406】，返回信息 {"status":"ok","msg":"辽宁-沈阳","gid":"94995","time_insert":"2021-06-13 17:16"}
2024-09-02 04:19:35 查询号码 【1362406】，GSD为【"辽宁-沈阳"】

2024-09-02 04:19:36 开始第 2408 次操作

2024-09-02 04:19:36 开始操作号码 【1362407】
2024-09-02 04:19:43 GSD getOne 第 1 次 等待 3 秒
2024-09-02 04:19:46 查询号码 【1362407】，返回信息 {"status":"ok","msg":"辽宁-沈阳","gid":"95014","time_insert":"2021-06-13 17:34"}
2024-09-02 04:19:46 查询号码 【1362407】，GSD为【"辽宁-沈阳"】

2024-09-02 04:37:52 开始第 2409 次操作

2024-09-02 04:37:52 开始操作号码 【1362408】
2024-09-02 04:38:00 GSD getOne 第 1 次 等待 3 秒
2024-09-02 04:38:03 查询号码 【1362408】，返回信息 {"status":"ok","msg":"辽宁-大连","gid":"95039","time_insert":"2021-06-13 17:55"}
2024-09-02 04:38:03 查询号码 【1362408】，GSD为【"辽宁-大连"】

2024-09-02 04:38:04 开始第 2410 次操作

2024-09-02 04:38:04 开始操作号码 【1362409】
2024-09-02 04:38:12 GSD getOne 第 1 次 等待 3 秒
2024-09-02 04:38:15 查询号码 【1362409】，返回信息 {"status":"ok","msg":"辽宁-大连","gid":"95061","time_insert":"2021-06-13 18:12"}
2024-09-02 04:38:15 查询号码 【1362409】，GSD为【"辽宁-大连"】

2024-09-02 04:38:16 开始第 2411 次操作

2024-09-02 04:38:16 开始操作号码 【1362410】
2024-09-02 04:38:23 GSD getOne 第 1 次 等待 3 秒
2024-09-02 04:38:26 查询号码 【1362410】，返回信息 {"status":"ok","msg":"辽宁-铁岭","gid":"95081","time_insert":"2021-06-13 18:31"}
2024-09-02 04:38:26 查询号码 【1362410】，GSD为【"辽宁-铁岭"】

2024-09-02 04:38:27 开始第 2412 次操作

2024-09-02 04:38:28 开始操作号码 【1362411】
2024-09-02 04:38:35 GSD getOne 第 1 次 等待 3 秒
2024-09-02 04:38:38 查询号码 【1362411】，返回信息 {"status":"ok","msg":"辽宁-大连","gid":"95109","time_insert":"2021-06-13 18:53"}
2024-09-02 04:38:38 查询号码 【1362411】，GSD为【"辽宁-大连"】

2024-09-02 05:16:00 开始第 2413 次操作

2024-09-02 05:16:00 开始操作号码 【1362412】
2024-09-02 05:16:07 GSD getOne 第 1 次 等待 3 秒
2024-09-02 05:16:10 查询号码 【1362412】，返回信息 {"status":"ok","msg":"辽宁-鞍山","gid":"95141","time_insert":"2021-06-13 19:22"}
2024-09-02 05:16:10 查询号码 【1362412】，GSD为【"辽宁-鞍山"】

2024-09-02 05:16:11 开始第 2414 次操作

2024-09-02 05:16:11 开始操作号码 【1362413】
2024-09-02 05:16:18 GSD getOne 第 1 次 等待 3 秒
2024-09-02 05:16:21 查询号码 【1362413】，返回信息 {"status":"ok","msg":"辽宁-抚顺","gid":"95166","time_insert":"2021-06-13 19:43"}
2024-09-02 05:16:21 查询号码 【1362413】，GSD为【"辽宁-抚顺"】

2024-09-02 05:16:23 开始第 2415 次操作

2024-09-02 05:16:23 开始操作号码 【1362414】
2024-09-02 05:16:30 GSD getOne 第 1 次 等待 3 秒
2024-09-02 05:16:33 查询号码 【1362414】，返回信息 {"status":"ok","msg":"辽宁-本溪","gid":"95197","time_insert":"2021-06-13 20:09"}
2024-09-02 05:16:33 查询号码 【1362414】，GSD为【"辽宁-本溪"】

2024-09-02 05:16:34 开始第 2416 次操作

2024-09-02 05:16:34 开始操作号码 【1362415】
2024-09-02 05:16:42 GSD getOne 第 1 次 等待 3 秒
2024-09-02 05:16:45 查询号码 【1362415】，返回信息 {"status":"ok","msg":"辽宁-丹东","gid":"95229","time_insert":"2021-06-13 20:37"}
2024-09-02 05:16:45 查询号码 【1362415】，GSD为【"辽宁-丹东"】

2024-09-02 05:37:20 开始第 2417 次操作

2024-09-02 05:37:20 开始操作号码 【1362416】
2024-09-02 05:37:28 GSD getOne 第 1 次 等待 3 秒
2024-09-02 05:37:31 查询号码 【1362416】，返回信息 {"status":"ok","msg":"辽宁-锦州","gid":"7652","time_insert":"2018-01-12 22:36","time_update":"2020-08-20 21:57"}
2024-09-02 05:37:31 查询号码 【1362416】，GSD为【"辽宁-锦州"】

2024-09-02 05:37:32 开始第 2418 次操作

2024-09-02 05:37:32 开始操作号码 【1362417】
2024-09-02 05:37:39 GSD getOne 第 1 次 等待 3 秒
2024-09-02 05:37:42 查询号码 【1362417】，返回信息 {"status":"ok","msg":"辽宁-营口","gid":"95254","time_insert":"2021-06-13 21:00"}
2024-09-02 05:37:42 查询号码 【1362417】，GSD为【"辽宁-营口"】

2024-09-02 05:37:43 开始第 2419 次操作

2024-09-02 05:37:43 开始操作号码 【1362418】
2024-09-02 05:37:51 GSD getOne 第 1 次 等待 3 秒
2024-09-02 05:37:54 查询号码 【1362418】，返回信息 {"status":"ok","msg":"辽宁-阜新","gid":"95287","time_insert":"2021-06-13 21:27"}
2024-09-02 05:37:54 查询号码 【1362418】，GSD为【"辽宁-阜新"】

2024-09-02 05:37:55 开始第 2420 次操作

2024-09-02 05:37:55 开始操作号码 【1362419】
2024-09-02 05:38:03 GSD getOne 第 1 次 等待 3 秒
2024-09-02 05:38:06 查询号码 【1362419】，返回信息 {"status":"ok","msg":"辽宁-辽阳","gid":"95314","time_insert":"2021-06-13 21:49"}
2024-09-02 05:38:06 查询号码 【1362419】，GSD为【"辽宁-辽阳"】

