2024-01-30 00:20:38 开始第 853 次操作

2024-01-30 00:20:38 开始操作号码 【1690768】
2024-01-30 00:20:43 GSD getOne 第 1 次 等待 3 秒
2024-01-30 00:20:46 查询号码 【1690768】，返回信息 {"status":"ok","msg":"-","gid":"549048","time_insert":"2023-02-23 08:22"}
2024-01-30 00:20:46 查询号码 【1690768】，GSD为【"-"】
2024-01-30 00:20:46 ok && -
2024-01-30 00:20:49 CHB 1690768?1706545246 第 1 次 等待 3 秒
2024-01-30 00:20:52 CHB 1690768?1706545246 第 1 次 获取到号码【1690768】GSD
2024-01-30 00:20:52 未获取到号码【1690768】GSD，可能号码格式错误
2024-01-30 00:20:52 获取到号码【1690768】的GSD为【-】
2024-01-30 00:20:56 GSD insert 第 1 次 等待 3 秒
2024-01-30 00:20:59 {"status":"bad","gid":"549048","msg":"添加失败！号码【1690768(-|-)】已存在！"}
2024-01-30 00:20:59 随机等待 204 秒，约 3 分钟
2024-01-30 00:20:59 下次操作: 2024-01-30 00:24:23

2024-01-30 00:24:23 开始第 854 次操作

2024-01-30 00:24:23 开始操作号码 【1690769】
2024-01-30 00:24:31 GSD getOne 第 1 次 等待 3 秒
2024-01-30 00:24:34 查询号码 【1690769】，返回信息 {"status":"ok","msg":"-","gid":"549069","time_insert":"2023-02-23 08:38"}
2024-01-30 00:24:34 查询号码 【1690769】，GSD为【"-"】
2024-01-30 00:24:34 ok && -
2024-01-30 00:24:37 CHB 1690769?1706545474 第 1 次 等待 3 秒
2024-01-30 00:24:40 CHB 1690769?1706545474 第 1 次 获取到号码【1690769】GSD
2024-01-30 00:24:40 未获取到号码【1690769】GSD，可能号码格式错误
2024-01-30 00:24:40 获取到号码【1690769】的GSD为【-】
2024-01-30 00:24:44 GSD insert 第 1 次 等待 3 秒
2024-01-30 00:24:47 {"status":"bad","gid":"549069","msg":"添加失败！号码【1690769(-|-)】已存在！"}
2024-01-30 00:24:47 随机等待 196 秒，约 3 分钟
2024-01-30 00:24:47 下次操作: 2024-01-30 00:28:03

2024-01-30 00:28:03 开始第 855 次操作

2024-01-30 00:28:03 开始操作号码 【1690770】
2024-01-30 00:28:07 GSD getOne 第 1 次 等待 3 秒
2024-01-30 00:28:10 查询号码 【1690770】，返回信息 {"status":"ok","msg":"-","gid":"549089","time_insert":"2023-02-23 08:54"}
2024-01-30 00:28:10 查询号码 【1690770】，GSD为【"-"】
2024-01-30 00:28:10 ok && -
2024-01-30 00:28:13 CHB 1690770?1706545690 第 1 次 等待 3 秒
2024-01-30 00:28:16 CHB 1690770?1706545690 第 1 次 获取到号码【1690770】GSD
2024-01-30 00:28:16 未获取到号码【1690770】GSD，可能号码格式错误
2024-01-30 00:28:16 获取到号码【1690770】的GSD为【-】
2024-01-30 00:28:20 GSD insert 第 1 次 等待 3 秒
2024-01-30 00:28:23 {"status":"bad","gid":"549089","msg":"添加失败！号码【1690770(-|-)】已存在！"}
2024-01-30 00:28:23 随机等待 174 秒，约 2 分钟
2024-01-30 00:28:23 下次操作: 2024-01-30 00:31:17

2024-01-30 00:31:17 开始第 856 次操作

2024-01-30 00:31:17 开始操作号码 【1690771】
2024-01-30 00:31:21 GSD getOne 第 1 次 等待 3 秒
2024-01-30 00:31:24 查询号码 【1690771】，返回信息 {"status":"ok","msg":"-","gid":"549115","time_insert":"2023-02-23 09:12"}
2024-01-30 00:31:24 查询号码 【1690771】，GSD为【"-"】
2024-01-30 00:31:24 ok && -
2024-01-30 00:31:28 CHB 1690771?1706545884 第 1 次 等待 3 秒
2024-01-30 00:31:31 CHB 1690771?1706545884 第 1 次 获取到号码【1690771】GSD
2024-01-30 00:31:31 未获取到号码【1690771】GSD，可能号码格式错误
2024-01-30 00:31:31 获取到号码【1690771】的GSD为【-】
2024-01-30 00:31:35 GSD insert 第 1 次 等待 3 秒
2024-01-30 00:31:38 {"status":"bad","gid":"549115","msg":"添加失败！号码【1690771(-|-)】已存在！"}

2024-01-30 00:38:14 开始第 857 次操作

2024-01-30 00:38:14 开始操作号码 【1690772】
2024-01-30 00:38:22 GSD getOne 第 1 次 等待 3 秒
2024-01-30 00:38:25 查询号码 【1690772】，返回信息 {"status":"ok","msg":"-","gid":"549137","time_insert":"2023-02-23 09:31"}
2024-01-30 00:38:25 查询号码 【1690772】，GSD为【"-"】
2024-01-30 00:38:25 ok && -
2024-01-30 00:38:28 CHB 1690772?1706546305 第 1 次 等待 3 秒
2024-01-30 00:38:31 CHB 1690772?1706546305 第 1 次 获取到号码【1690772】GSD
2024-01-30 00:38:31 未获取到号码【1690772】GSD，可能号码格式错误
2024-01-30 00:38:31 获取到号码【1690772】的GSD为【-】
2024-01-30 00:38:35 GSD insert 第 1 次 等待 3 秒
2024-01-30 00:38:38 {"status":"bad","gid":"549137","msg":"添加失败！号码【1690772(-|-)】已存在！"}
2024-01-30 00:38:38 随机等待 118 秒，约 1 分钟
2024-01-30 00:38:38 下次操作: 2024-01-30 00:40:36

2024-01-30 00:40:36 开始第 858 次操作

2024-01-30 00:40:36 开始操作号码 【1690773】
2024-01-30 00:40:40 GSD getOne 第 1 次 等待 3 秒
2024-01-30 00:40:43 查询号码 【1690773】，返回信息 {"status":"ok","msg":"-","gid":"549156","time_insert":"2023-02-23 09:46"}
2024-01-30 00:40:43 查询号码 【1690773】，GSD为【"-"】
2024-01-30 00:40:43 ok && -
2024-01-30 00:40:45 CHB 1690773?1706546443 第 1 次 等待 3 秒
2024-01-30 00:40:48 CHB 1690773?1706546443 第 1 次 获取到号码【1690773】GSD
2024-01-30 00:40:48 未获取到号码【1690773】GSD，可能号码格式错误
2024-01-30 00:40:48 获取到号码【1690773】的GSD为【-】
2024-01-30 00:40:57 GSD insert 第 1 次 等待 3 秒
2024-01-30 00:41:00 {"status":"bad","gid":"549156","msg":"添加失败！号码【1690773(-|-)】已存在！"}
2024-01-30 00:41:00 随机等待 226 秒，约 3 分钟
2024-01-30 00:41:00 下次操作: 2024-01-30 00:44:46

2024-01-30 00:44:46 开始第 859 次操作

2024-01-30 00:44:46 开始操作号码 【1690774】
2024-01-30 00:44:50 GSD getOne 第 1 次 等待 3 秒
2024-01-30 00:44:53 查询号码 【1690774】，返回信息 {"status":"ok","msg":"-","gid":"549174","time_insert":"2023-02-23 10:04"}
2024-01-30 00:44:53 查询号码 【1690774】，GSD为【"-"】
2024-01-30 00:44:53 ok && -
2024-01-30 00:44:56 CHB 1690774?1706546693 第 1 次 等待 3 秒
2024-01-30 00:44:59 CHB 1690774?1706546693 第 1 次 获取到号码【1690774】GSD
2024-01-30 00:44:59 未获取到号码【1690774】GSD，可能号码格式错误
2024-01-30 00:44:59 获取到号码【1690774】的GSD为【-】
2024-01-30 00:45:04 GSD insert 第 1 次 等待 3 秒
2024-01-30 00:45:07 {"status":"bad","gid":"549174","msg":"添加失败！号码【1690774(-|-)】已存在！"}
2024-01-30 00:45:07 随机等待 71 秒，约 1 分钟
2024-01-30 00:45:07 下次操作: 2024-01-30 00:46:18

2024-01-30 00:46:18 开始第 860 次操作

2024-01-30 00:46:18 开始操作号码 【1690775】
2024-01-30 00:46:22 GSD getOne 第 1 次 等待 3 秒
2024-01-30 00:46:25 查询号码 【1690775】，返回信息 {"status":"ok","msg":"-","gid":"549201","time_insert":"2023-02-23 10:23"}
2024-01-30 00:46:25 查询号码 【1690775】，GSD为【"-"】
2024-01-30 00:46:25 ok && -
2024-01-30 00:46:27 CHB 1690775?1706546785 第 1 次 等待 3 秒
2024-01-30 00:46:30 CHB 1690775?1706546785 第 1 次 获取到号码【1690775】GSD
2024-01-30 00:46:30 未获取到号码【1690775】GSD，可能号码格式错误
2024-01-30 00:46:30 获取到号码【1690775】的GSD为【-】
2024-01-30 00:46:34 GSD insert 第 1 次 等待 3 秒
2024-01-30 00:46:37 {"status":"bad","gid":"549201","msg":"添加失败！号码【1690775(-|-)】已存在！"}

