2024-10-15 00:45:25 开始第 9737 次操作

2024-10-15 00:45:25 开始操作号码 【1369736】
2024-10-15 00:45:28 GSD getOne 第 1 次 等待 3 秒
2024-10-15 00:45:31 查询号码 【1369736】，返回信息 {"status":"ok","msg":"湖北-武汉","gid":"9255","time_insert":"2018-11-02 13:28","time_update":"2020-09-15 17:29"}
2024-10-15 00:45:31 查询号码 【1369736】，GSD为【"湖北-武汉"】

2024-10-15 00:45:32 开始第 9738 次操作

2024-10-15 00:45:32 开始操作号码 【1369737】
2024-10-15 00:45:47 GSD getOne 第 1 次 等待 3 秒
2024-10-15 00:45:50 查询号码 【1369737】，返回信息 {"status":"ok","msg":"湖北-武汉","gid":"329130","time_insert":"2021-07-19 19:25"}
2024-10-15 00:45:50 查询号码 【1369737】，GSD为【"湖北-武汉"】

2024-10-15 00:45:51 开始第 9739 次操作

2024-10-15 00:45:51 开始操作号码 【1369738】
2024-10-15 00:45:53 GSD getOne 第 1 次 等待 3 秒
2024-10-15 00:45:56 查询号码 【1369738】，返回信息 {"status":"ok","msg":"湖北-武汉","gid":"329126","time_insert":"2021-07-19 19:25"}
2024-10-15 00:45:56 查询号码 【1369738】，GSD为【"湖北-武汉"】

2024-10-15 00:45:57 开始第 9740 次操作

2024-10-15 00:45:57 开始操作号码 【1369739】
2024-10-15 00:45:59 GSD getOne 第 1 次 等待 3 秒
2024-10-15 00:46:02 查询号码 【1369739】，返回信息 {"status":"ok","msg":"湖北-武汉","gid":"329125","time_insert":"2021-07-19 19:24"}
2024-10-15 00:46:02 查询号码 【1369739】，GSD为【"湖北-武汉"】

2024-10-15 01:16:39 开始第 9741 次操作

2024-10-15 01:16:39 开始操作号码 【1369740】
2024-10-15 01:16:46 GSD getOne 第 1 次 等待 3 秒
2024-10-15 01:16:49 查询号码 【1369740】，返回信息 {"status":"ok","msg":"广东-广州","gid":"9256","time_insert":"2015-05-04 22:46","time_update":"2020-09-27 17:15"}
2024-10-15 01:16:49 查询号码 【1369740】，GSD为【"广东-广州"】

2024-10-15 01:16:50 开始第 9742 次操作

2024-10-15 01:16:50 开始操作号码 【1369741】
2024-10-15 01:16:52 GSD getOne 第 1 次 等待 3 秒
2024-10-15 01:16:55 查询号码 【1369741】，返回信息 {"status":"ok","msg":"广东-广州","gid":"329122","time_insert":"2021-07-19 19:23"}
2024-10-15 01:16:55 查询号码 【1369741】，GSD为【"广东-广州"】

2024-10-15 01:16:56 开始第 9743 次操作

2024-10-15 01:16:56 开始操作号码 【1369742】
2024-10-15 01:17:11 GSD getOne 第 1 次 等待 3 秒
2024-10-15 01:17:14 查询号码 【1369742】，返回信息 {"status":"ok","msg":"广东-广州","gid":"329121","time_insert":"2021-07-19 19:23"}
2024-10-15 01:17:14 查询号码 【1369742】，GSD为【"广东-广州"】

2024-10-15 01:17:15 开始第 9744 次操作

2024-10-15 01:17:15 开始操作号码 【1369743】
2024-10-15 01:17:17 GSD getOne 第 1 次 等待 3 秒
2024-10-15 01:17:20 查询号码 【1369743】，返回信息 {"status":"ok","msg":"广东-广州","gid":"329120","time_insert":"2021-07-19 19:22"}
2024-10-15 01:17:20 查询号码 【1369743】，GSD为【"广东-广州"】

2024-10-15 01:39:51 开始第 9745 次操作

2024-10-15 01:39:51 开始操作号码 【1369744】
2024-10-15 01:39:58 GSD getOne 第 1 次 等待 3 秒
2024-10-15 01:40:01 查询号码 【1369744】，返回信息 {"status":"ok","msg":"广东-广州","gid":"329117","time_insert":"2021-07-19 19:22"}
2024-10-15 01:40:01 查询号码 【1369744】，GSD为【"广东-广州"】

2024-10-15 01:40:03 开始第 9746 次操作

2024-10-15 01:40:03 开始操作号码 【1369745】
2024-10-15 01:40:05 GSD getOne 第 1 次 等待 3 秒
2024-10-15 01:40:08 查询号码 【1369745】，返回信息 {"status":"ok","msg":"广东-广州","gid":"329113","time_insert":"2021-07-19 19:21"}
2024-10-15 01:40:08 查询号码 【1369745】，GSD为【"广东-广州"】

2024-10-15 01:40:09 开始第 9747 次操作

2024-10-15 01:40:09 开始操作号码 【1369746】
2024-10-15 01:40:23 GSD getOne 第 1 次 等待 3 秒
2024-10-15 01:40:26 查询号码 【1369746】，返回信息 {"status":"ok","msg":"广东-广州","gid":"329111","time_insert":"2021-07-19 19:20"}
2024-10-15 01:40:26 查询号码 【1369746】，GSD为【"广东-广州"】

2024-10-15 01:40:27 开始第 9748 次操作

2024-10-15 01:40:27 开始操作号码 【1369747】
2024-10-15 01:40:29 GSD getOne 第 1 次 等待 3 秒
2024-10-15 01:40:32 查询号码 【1369747】，返回信息 {"status":"ok","msg":"广东-广州","gid":"329109","time_insert":"2021-07-19 19:20"}
2024-10-15 01:40:32 查询号码 【1369747】，GSD为【"广东-广州"】

