2024-08-28 00:21:50 开始第 1509 次操作

2024-08-28 00:21:50 开始操作号码 【1361508】
2024-08-28 00:22:00 GSD getOne 第 1 次 等待 3 秒
2024-08-28 00:22:03 查询号码 【1361508】，返回信息 {"status":"ok","msg":"福建-漳州","gid":"77506","time_insert":"2021-06-02 19:11"}
2024-08-28 00:22:03 查询号码 【1361508】，GSD为【"福建-漳州"】

2024-08-28 00:22:04 开始第 1510 次操作

2024-08-28 00:22:04 开始操作号码 【1361509】
2024-08-28 00:22:15 GSD getOne 第 1 次 等待 3 秒
2024-08-28 00:22:18 查询号码 【1361509】，返回信息 {"status":"ok","msg":"福建-漳州","gid":"77525","time_insert":"2021-06-02 19:33"}
2024-08-28 00:22:18 查询号码 【1361509】，GSD为【"福建-漳州"】

2024-08-28 00:22:19 开始第 1511 次操作

2024-08-28 00:22:19 开始操作号码 【1361510】
2024-08-28 00:22:28 GSD getOne 第 1 次 等待 3 秒
2024-08-28 00:22:31 查询号码 【1361510】，返回信息 {"status":"ok","msg":"江苏-徐州","gid":"77549","time_insert":"2021-06-02 20:01"}
2024-08-28 00:22:32 查询号码 【1361510】，GSD为【"江苏-徐州"】

2024-08-28 00:22:33 开始第 1512 次操作

2024-08-28 00:22:33 开始操作号码 【1361511】
2024-08-28 00:22:42 GSD getOne 第 1 次 等待 3 秒
2024-08-28 00:22:45 查询号码 【1361511】，返回信息 {"status":"ok","msg":"江苏-徐州","gid":"77565","time_insert":"2021-06-02 20:23"}
2024-08-28 00:22:45 查询号码 【1361511】，GSD为【"江苏-徐州"】

2024-08-28 00:41:58 开始第 1513 次操作

2024-08-28 00:41:58 开始操作号码 【1361512】
2024-08-28 00:42:06 GSD getOne 第 1 次 等待 3 秒
2024-08-28 00:42:09 查询号码 【1361512】，返回信息 {"status":"ok","msg":"江苏-徐州","gid":"77586","time_insert":"2021-06-02 20:51"}
2024-08-28 00:42:09 查询号码 【1361512】，GSD为【"江苏-徐州"】

2024-08-28 00:42:10 开始第 1514 次操作

2024-08-28 00:42:10 开始操作号码 【1361513】
2024-08-28 00:42:19 GSD getOne 第 1 次 等待 3 秒
2024-08-28 00:42:22 查询号码 【1361513】，返回信息 {"status":"ok","msg":"江苏-徐州","gid":"77601","time_insert":"2021-06-02 21:10"}
2024-08-28 00:42:22 查询号码 【1361513】，GSD为【"江苏-徐州"】

2024-08-28 00:42:23 开始第 1515 次操作

2024-08-28 00:42:23 开始操作号码 【1361514】
2024-08-28 00:42:31 GSD getOne 第 1 次 等待 3 秒
2024-08-28 00:42:34 查询号码 【1361514】，返回信息 {"status":"ok","msg":"江苏-淮安","gid":"77612","time_insert":"2021-06-02 21:25"}
2024-08-28 00:42:34 查询号码 【1361514】，GSD为【"江苏-淮安"】

2024-08-28 00:42:35 开始第 1516 次操作

2024-08-28 00:42:35 开始操作号码 【1361515】
2024-08-28 00:42:43 GSD getOne 第 1 次 等待 3 秒
2024-08-28 00:42:46 查询号码 【1361515】，返回信息 {"status":"ok","msg":"江苏-盐城","gid":"77631","time_insert":"2021-06-02 21:48"}
2024-08-28 00:42:46 查询号码 【1361515】，GSD为【"江苏-盐城"】

2024-08-28 01:15:29 开始第 1517 次操作

2024-08-28 01:15:29 开始操作号码 【1361516】
2024-08-28 01:15:37 GSD getOne 第 1 次 等待 3 秒
2024-08-28 01:15:40 查询号码 【1361516】，返回信息 {"status":"ok","msg":"江苏-盐城","gid":"77649","time_insert":"2021-06-02 22:09"}
2024-08-28 01:15:40 查询号码 【1361516】，GSD为【"江苏-盐城"】

2024-08-28 01:15:41 开始第 1518 次操作

2024-08-28 01:15:41 开始操作号码 【1361517】
2024-08-28 01:15:50 GSD getOne 第 1 次 等待 3 秒
2024-08-28 01:15:53 查询号码 【1361517】，返回信息 {"status":"ok","msg":"江苏-泰州","gid":"77673","time_insert":"2021-06-02 22:37"}
2024-08-28 01:15:53 查询号码 【1361517】，GSD为【"江苏-泰州"】

2024-08-28 01:15:54 开始第 1519 次操作

2024-08-28 01:15:54 开始操作号码 【1361518】
2024-08-28 01:16:02 GSD getOne 第 1 次 等待 3 秒
2024-08-28 01:16:05 查询号码 【1361518】，返回信息 {"status":"ok","msg":"江苏-泰州","gid":"77695","time_insert":"2021-06-02 23:04"}
2024-08-28 01:16:05 查询号码 【1361518】，GSD为【"江苏-泰州"】

2024-08-28 01:16:06 开始第 1520 次操作

2024-08-28 01:16:06 开始操作号码 【1361519】
2024-08-28 01:16:14 GSD getOne 第 1 次 等待 3 秒
2024-08-28 01:16:17 查询号码 【1361519】，返回信息 {"status":"ok","msg":"江苏-泰州","gid":"77713","time_insert":"2021-06-02 23:27"}
2024-08-28 01:16:17 查询号码 【1361519】，GSD为【"江苏-泰州"】

2024-08-28 01:36:49 开始第 1521 次操作

2024-08-28 01:36:49 开始操作号码 【1361520】
2024-08-28 01:36:57 GSD getOne 第 1 次 等待 3 秒
2024-08-28 01:37:00 查询号码 【1361520】，返回信息 {"status":"ok","msg":"江苏-南通","gid":"77731","time_insert":"2021-06-02 23:52"}
2024-08-28 01:37:00 查询号码 【1361520】，GSD为【"江苏-南通"】

2024-08-28 01:37:01 开始第 1522 次操作

2024-08-28 01:37:01 开始操作号码 【1361521】
2024-08-28 01:37:10 GSD getOne 第 1 次 等待 3 秒
2024-08-28 01:37:13 查询号码 【1361521】，返回信息 {"status":"ok","msg":"江苏-南通","gid":"77752","time_insert":"2021-06-03 00:15"}
2024-08-28 01:37:13 查询号码 【1361521】，GSD为【"江苏-南通"】

2024-08-28 01:37:14 开始第 1523 次操作

2024-08-28 01:37:14 开始操作号码 【1361522】
2024-08-28 01:37:22 GSD getOne 第 1 次 等待 3 秒
2024-08-28 01:37:25 查询号码 【1361522】，返回信息 {"status":"ok","msg":"江苏-南通","gid":"77764","time_insert":"2021-06-03 00:31"}
2024-08-28 01:37:25 查询号码 【1361522】，GSD为【"江苏-南通"】

2024-08-28 01:37:26 开始第 1524 次操作

2024-08-28 01:37:26 开始操作号码 【1361523】
2024-08-28 01:37:34 GSD getOne 第 1 次 等待 3 秒
2024-08-28 01:37:37 查询号码 【1361523】，返回信息 {"status":"ok","msg":"江苏-南通","gid":"77778","time_insert":"2021-06-03 00:48"}
2024-08-28 01:37:37 查询号码 【1361523】，GSD为【"江苏-南通"】

2024-08-28 02:23:51 开始第 1525 次操作

2024-08-28 02:23:51 开始操作号码 【1361524】
2024-08-28 02:24:01 GSD getOne 第 1 次 等待 3 秒
2024-08-28 02:24:04 查询号码 【1361524】，返回信息 {"status":"ok","msg":"江苏-扬州","gid":"77796","time_insert":"2021-06-03 01:06"}
2024-08-28 02:24:04 查询号码 【1361524】，GSD为【"江苏-扬州"】

2024-08-28 02:24:05 开始第 1526 次操作

2024-08-28 02:24:05 开始操作号码 【1361525】
2024-08-28 02:24:13 GSD getOne 第 1 次 等待 3 秒
2024-08-28 02:24:16 查询号码 【1361525】，返回信息 {"status":"ok","msg":"江苏-扬州","gid":"77804","time_insert":"2021-06-03 01:22","time_update":"2021-06-03 10:18"}
2024-08-28 02:24:16 查询号码 【1361525】，GSD为【"江苏-扬州"】

2024-08-28 02:24:17 开始第 1527 次操作

2024-08-28 02:24:17 开始操作号码 【1361526】
2024-08-28 02:24:25 GSD getOne 第 1 次 等待 3 秒
2024-08-28 02:24:28 查询号码 【1361526】，返回信息 {"status":"ok","msg":"江苏-镇江","gid":"77824","time_insert":"2021-06-03 01:43"}
2024-08-28 02:24:28 查询号码 【1361526】，GSD为【"江苏-镇江"】

2024-08-28 02:24:29 开始第 1528 次操作

2024-08-28 02:24:29 开始操作号码 【1361527】
2024-08-28 02:24:37 GSD getOne 第 1 次 等待 3 秒
2024-08-28 02:24:40 查询号码 【1361527】，返回信息 {"status":"ok","msg":"江苏-镇江","gid":"77846","time_insert":"2021-06-03 02:08"}
2024-08-28 02:24:40 查询号码 【1361527】，GSD为【"江苏-镇江"】

2024-08-28 02:41:14 开始第 1529 次操作

2024-08-28 02:41:14 开始操作号码 【1361528】
2024-08-28 02:41:22 GSD getOne 第 1 次 等待 3 秒
2024-08-28 02:41:25 查询号码 【1361528】，返回信息 {"status":"ok","msg":"江苏-镇江","gid":"77858","time_insert":"2021-06-03 02:24"}
2024-08-28 02:41:25 查询号码 【1361528】，GSD为【"江苏-镇江"】

2024-08-28 02:41:26 开始第 1530 次操作

2024-08-28 02:41:26 开始操作号码 【1361529】
2024-08-28 02:41:34 GSD getOne 第 1 次 等待 3 秒
2024-08-28 02:41:37 查询号码 【1361529】，返回信息 {"status":"ok","msg":"江苏-镇江","gid":"77877","time_insert":"2021-06-03 02:46"}
2024-08-28 02:41:37 查询号码 【1361529】，GSD为【"江苏-镇江"】

2024-08-28 02:41:38 开始第 1531 次操作

2024-08-28 02:41:38 开始操作号码 【1361530】
2024-08-28 02:41:47 GSD getOne 第 1 次 等待 3 秒
2024-08-28 02:41:50 查询号码 【1361530】，返回信息 {"status":"ok","msg":"山东-菏泽","gid":"7449","time_insert":"2016-02-07 06:05","time_update":"2020-09-10 20:36"}
2024-08-28 02:41:50 查询号码 【1361530】，GSD为【"山东-菏泽"】

2024-08-28 02:41:51 开始第 1532 次操作

2024-08-28 02:41:51 开始操作号码 【1361531】
2024-08-28 02:41:59 GSD getOne 第 1 次 等待 3 秒
2024-08-28 02:42:02 查询号码 【1361531】，返回信息 {"status":"ok","msg":"山东-济南","gid":"77890","time_insert":"2021-06-03 03:03"}
2024-08-28 02:42:02 查询号码 【1361531】，GSD为【"山东-济南"】

