2024-05-05 00:20:51 开始第 7069 次操作

2024-05-05 00:20:51 开始操作号码 【1586982】
2024-05-05 00:20:59 GSD getOne 第 1 次 等待 3 秒
2024-05-05 00:21:02 查询号码 【1586982】，返回信息 {"status":"ok","msg":"湖南-郴州","gid":"395671","time_insert":"2021-07-26 01:16"}
2024-05-05 00:21:02 查询号码 【1586982】，GSD为【"湖南-郴州"】

2024-05-05 00:21:03 开始第 7070 次操作

2024-05-05 00:21:03 开始操作号码 【1586983】
2024-05-05 00:21:10 GSD getOne 第 1 次 等待 3 秒
2024-05-05 00:21:13 查询号码 【1586983】，返回信息 {"status":"ok","msg":"湖南-郴州","gid":"395661","time_insert":"2021-07-26 01:15"}
2024-05-05 00:21:13 查询号码 【1586983】，GSD为【"湖南-郴州"】

2024-05-05 00:21:14 开始第 7071 次操作

2024-05-05 00:21:14 开始操作号码 【1586984】
2024-05-05 00:21:22 GSD getOne 第 1 次 等待 3 秒
2024-05-05 00:21:25 查询号码 【1586984】，返回信息 {"status":"ok","msg":"湖南-郴州","gid":"395654","time_insert":"2021-07-26 01:15"}
2024-05-05 00:21:25 查询号码 【1586984】，GSD为【"湖南-郴州"】

2024-05-05 00:21:26 开始第 7072 次操作

2024-05-05 00:21:26 开始操作号码 【1586985】
2024-05-05 00:21:32 GSD getOne 第 1 次 等待 3 秒
2024-05-05 00:21:35 查询号码 【1586985】，返回信息 {"status":"ok","msg":"湖南-邵阳","gid":"395649","time_insert":"2021-07-26 01:14"}
2024-05-05 00:21:35 查询号码 【1586985】，GSD为【"湖南-邵阳"】

2024-05-05 00:38:09 开始第 7073 次操作

2024-05-05 00:38:09 开始操作号码 【1586986】
2024-05-05 00:38:24 GSD getOne 第 1 次 等待 3 秒
2024-05-05 00:38:27 查询号码 【1586986】，返回信息 {"status":"ok","msg":"湖南-邵阳","gid":"395639","time_insert":"2021-07-26 01:13"}
2024-05-05 00:38:27 查询号码 【1586986】，GSD为【"湖南-邵阳"】

2024-05-05 00:38:28 开始第 7074 次操作

2024-05-05 00:38:28 开始操作号码 【1586987】
2024-05-05 00:38:39 GSD getOne 第 1 次 等待 3 秒
2024-05-05 00:38:42 查询号码 【1586987】，返回信息 {"status":"ok","msg":"湖南-邵阳","gid":"395630","time_insert":"2021-07-26 01:13"}
2024-05-05 00:38:42 查询号码 【1586987】，GSD为【"湖南-邵阳"】

2024-05-05 00:38:43 开始第 7075 次操作

2024-05-05 00:38:43 开始操作号码 【1586988】
2024-05-05 00:38:50 GSD getOne 第 1 次 等待 3 秒
2024-05-05 00:38:53 查询号码 【1586988】，返回信息 {"status":"ok","msg":"湖南-邵阳","gid":"395624","time_insert":"2021-07-26 01:12"}
2024-05-05 00:38:53 查询号码 【1586988】，GSD为【"湖南-邵阳"】

2024-05-05 00:38:54 开始第 7076 次操作

2024-05-05 00:38:54 开始操作号码 【1586989】
2024-05-05 00:39:01 GSD getOne 第 1 次 等待 3 秒
2024-05-05 00:39:04 查询号码 【1586989】，返回信息 {"status":"ok","msg":"湖南-邵阳","gid":"25233","time_insert":"2018-06-07 08:00","time_update":"2020-09-23 03:18"}
2024-05-05 00:39:04 查询号码 【1586989】，GSD为【"湖南-邵阳"】

