2024-01-25 00:23:20 开始第 85 次操作
2024-01-25 00:23:20 号码【180（0000 ---> 9999）】处理完毕
2024-01-25 00:42:13 开始第 85 次操作
2024-01-25 00:42:13 号码【180（0000 ---> 9999）】处理完毕
2024-01-25 01:16:36 开始第 85 次操作
2024-01-25 01:16:36 号码【180（0000 ---> 9999）】处理完毕
2024-01-25 01:37:57 开始第 85 次操作
2024-01-25 01:37:57 号码【180（0000 ---> 9999）】处理完毕
2024-01-25 02:21:28 开始第 85 次操作
2024-01-25 02:21:28 号码【180（0000 ---> 9999）】处理完毕
2024-01-25 02:38:59 开始第 85 次操作
2024-01-25 02:38:59 号码【180（0000 ---> 9999）】处理完毕
2024-01-25 03:15:12 开始第 85 次操作
2024-01-25 03:15:12 号码【180（0000 ---> 9999）】处理完毕
2024-01-25 03:37:59 开始第 85 次操作
2024-01-25 03:37:59 号码【180（0000 ---> 9999）】处理完毕
2024-01-25 04:19:13 开始第 85 次操作
2024-01-25 04:19:13 号码【180（0000 ---> 9999）】处理完毕
2024-01-25 04:38:02 开始第 85 次操作
2024-01-25 04:38:02 号码【180（0000 ---> 9999）】处理完毕
2024-01-25 05:15:43 开始第 85 次操作
2024-01-25 05:15:43 号码【180（0000 ---> 9999）】处理完毕
2024-01-25 05:37:45 开始第 85 次操作
2024-01-25 05:37:45 号码【180（0000 ---> 9999）】处理完毕
2024-01-25 06:17:10 开始第 85 次操作
2024-01-25 06:17:10 号码【180（0000 ---> 9999）】处理完毕
2024-01-25 06:38:00 开始第 85 次操作
2024-01-25 06:38:00 号码【180（0000 ---> 9999）】处理完毕
2024-01-25 07:18:01 开始第 85 次操作
2024-01-25 07:18:01 号码【180（0000 ---> 9999）】处理完毕
2024-01-25 07:38:03 开始第 85 次操作
2024-01-25 07:38:03 号码【180（0000 ---> 9999）】处理完毕
2024-01-25 09:20:54 开始第 85 次操作
2024-01-25 09:20:54 号码【180（0000 ---> 9999）】处理完毕
2024-01-25 10:19:18 开始第 85 次操作
2024-01-25 10:19:18 号码【180（0000 ---> 9999）】处理完毕
2024-01-25 10:45:28 开始第 85 次操作
2024-01-25 10:45:28 号码【180（0000 ---> 9999）】处理完毕
2024-01-25 11:18:54 开始第 85 次操作
2024-01-25 11:18:54 号码【180（0000 ---> 9999）】处理完毕
2024-01-25 11:38:12 开始第 85 次操作
2024-01-25 11:38:12 号码【180（0000 ---> 9999）】处理完毕
2024-01-25 12:22:32 开始第 85 次操作
2024-01-25 12:22:32 号码【180（0000 ---> 9999）】处理完毕
2024-01-25 12:40:07 开始第 85 次操作
2024-01-25 12:40:07 号码【180（0000 ---> 9999）】处理完毕
2024-01-25 13:17:37 开始第 85 次操作
2024-01-25 13:17:37 号码【180（0000 ---> 9999）】处理完毕
2024-01-25 13:37:53 开始第 85 次操作
2024-01-25 13:37:53 号码【180（0000 ---> 9999）】处理完毕
2024-01-25 14:23:44 开始第 85 次操作
2024-01-25 14:23:44 号码【180（0000 ---> 9999）】处理完毕
2024-01-25 14:40:09 开始第 85 次操作
2024-01-25 14:40:09 号码【180（0000 ---> 9999）】处理完毕
2024-01-25 15:17:07 开始第 85 次操作
2024-01-25 15:17:07 号码【180（0000 ---> 9999）】处理完毕
2024-01-25 15:37:52 开始第 85 次操作
2024-01-25 15:37:52 号码【180（0000 ---> 9999）】处理完毕
2024-01-25 16:22:58 开始第 85 次操作
2024-01-25 16:22:58 号码【180（0000 ---> 9999）】处理完毕
2024-01-25 16:39:38 开始第 85 次操作
2024-01-25 16:39:38 号码【180（0000 ---> 9999）】处理完毕
2024-01-25 16:49:09 开始第 85 次操作

2024-01-25 16:49:09 开始操作号码 【1690000】
2024-01-25 16:49:33 GSD getOne 第 1 次 等待 3 秒
2024-01-25 16:49:36 查询号码 【1690000】，返回信息 {"status":"ok","msg":"-","gid":"528702","time_insert":"2023-02-13 09:27"}
2024-01-25 16:49:36 查询号码 【1690000】，GSD为【"-"】
2024-01-25 16:49:36 ok && -
2024-01-25 16:49:38 CHB 1690000?1706172576 第 1 次 等待 3 秒
2024-01-25 16:49:41 CHB 1690000?1706172576 第 1 次 获取到号码【1690000】GSD
2024-01-25 16:49:41 未获取到号码【1690000】GSD，可能号码格式错误
2024-01-25 16:49:41 获取到号码【1690000】的GSD为【-】
2024-01-25 16:50:05 GSD insert 第 1 次 等待 3 秒
2024-01-25 16:50:08 {"status":"bad","gid":"528702","msg":"添加失败！号码【1690000(-|-)】已存在！"}
2024-01-25 16:50:08 随机等待 98 秒，约 1 分钟
2024-01-25 16:50:08 下次操作: 2024-01-25 16:51:46

2024-01-25 16:51:46 开始第 86 次操作

2024-01-25 16:51:46 开始操作号码 【1690001】
2024-01-25 16:52:10 GSD getOne 第 1 次 等待 3 秒
2024-01-25 16:52:13 查询号码 【1690001】，返回信息 {"status":"ok","msg":"-","gid":"528717","time_insert":"2023-02-13 09:44"}
2024-01-25 16:52:13 查询号码 【1690001】，GSD为【"-"】
2024-01-25 16:52:13 ok && -
2024-01-25 16:52:15 CHB 1690001?1706172733 第 1 次 等待 3 秒
2024-01-25 16:52:18 CHB 1690001?1706172733 第 1 次 获取到号码【1690001】GSD
2024-01-25 16:52:18 未获取到号码【1690001】GSD，可能号码格式错误
2024-01-25 16:52:18 获取到号码【1690001】的GSD为【-】
2024-01-25 16:52:42 GSD insert 第 1 次 等待 3 秒
2024-01-25 16:52:45 {"status":"bad","gid":"528717","msg":"添加失败！号码【1690001(-|-)】已存在！"}
2024-01-25 16:52:45 随机等待 166 秒，约 2 分钟
2024-01-25 16:52:45 下次操作: 2024-01-25 16:55:31

2024-01-25 16:55:31 开始第 87 次操作

2024-01-25 16:55:31 开始操作号码 【1690002】
2024-01-25 16:55:55 GSD getOne 第 1 次 等待 3 秒
2024-01-25 16:55:58 查询号码 【1690002】，返回信息 {"status":"ok","msg":"-","gid":"528742","time_insert":"2023-02-13 10:03"}
2024-01-25 16:55:58 查询号码 【1690002】，GSD为【"-"】
2024-01-25 16:55:58 ok && -
2024-01-25 16:56:00 CHB 1690002?1706172958 第 1 次 等待 3 秒
2024-01-25 16:56:03 CHB 1690002?1706172958 第 1 次 获取到号码【1690002】GSD
2024-01-25 16:56:03 未获取到号码【1690002】GSD，可能号码格式错误
2024-01-25 16:56:03 获取到号码【1690002】的GSD为【-】
2024-01-25 16:56:27 GSD insert 第 1 次 等待 3 秒
2024-01-25 16:56:30 {"status":"bad","gid":"528742","msg":"添加失败！号码【1690002(-|-)】已存在！"}
2024-01-25 16:56:30 随机等待 207 秒，约 3 分钟
2024-01-25 16:56:30 下次操作: 2024-01-25 16:59:57

2024-01-25 16:59:57 开始第 88 次操作

2024-01-25 16:59:57 开始操作号码 【1690003】
2024-01-25 17:00:21 GSD getOne 第 1 次 等待 3 秒
2024-01-25 17:00:24 查询号码 【1690003】，返回信息 {"status":"ok","msg":"-","gid":"528759","time_insert":"2023-02-13 10:20"}
2024-01-25 17:00:24 查询号码 【1690003】，GSD为【"-"】
2024-01-25 17:00:24 ok && -
2024-01-25 17:00:26 CHB 1690003?1706173224 第 1 次 等待 3 秒
2024-01-25 17:00:29 CHB 1690003?1706173224 第 1 次 获取到号码【1690003】GSD
2024-01-25 17:00:29 未获取到号码【1690003】GSD，可能号码格式错误
2024-01-25 17:00:29 获取到号码【1690003】的GSD为【-】
2024-01-25 17:00:53 GSD insert 第 1 次 等待 3 秒
2024-01-25 17:00:56 {"status":"bad","gid":"528759","msg":"添加失败！号码【1690003(-|-)】已存在！"}

