2024-02-18 00:20:09 开始第 4237 次操作

2024-02-18 00:20:09 开始操作号码 【1694150】
2024-02-18 00:20:14 GSD getOne 第 1 次 等待 3 秒
2024-02-18 00:20:17 查询号码 【1694150】，返回信息 {"status":"ok","msg":"-","gid":"657225","time_insert":"2023-04-16 02:09"}
2024-02-18 00:20:17 查询号码 【1694150】，GSD为【"-"】
2024-02-18 00:20:17 ok && -
2024-02-18 00:20:21 CHB 1694150?1708186817 第 1 次 等待 3 秒
2024-02-18 00:20:24 CHB 1694150?1708186817 第 1 次 获取到号码【1694150】GSD
2024-02-18 00:20:24 未获取到号码【1694150】GSD，可能号码格式错误
2024-02-18 00:20:24 获取到号码【1694150】的GSD为【-】
2024-02-18 00:20:28 GSD insert 第 1 次 等待 3 秒
2024-02-18 00:20:31 {"status":"bad","gid":"657225","msg":"添加失败！号码【1694150(-|-)】已存在！"}
2024-02-18 00:20:31 随机等待 159 秒，约 2 分钟
2024-02-18 00:20:31 下次操作: 2024-02-18 00:23:10

2024-02-18 00:23:10 开始第 4238 次操作

2024-02-18 00:23:10 开始操作号码 【1694151】
2024-02-18 00:23:14 GSD getOne 第 1 次 等待 3 秒
2024-02-18 00:23:17 查询号码 【1694151】，返回信息 {"status":"ok","msg":"-","gid":"657252","time_insert":"2023-04-16 02:28"}
2024-02-18 00:23:17 查询号码 【1694151】，GSD为【"-"】
2024-02-18 00:23:17 ok && -
2024-02-18 00:23:20 CHB 1694151?1708186997 第 1 次 等待 3 秒
2024-02-18 00:23:23 CHB 1694151?1708186997 第 1 次 获取到号码【1694151】GSD
2024-02-18 00:23:23 未获取到号码【1694151】GSD，可能号码格式错误
2024-02-18 00:23:23 获取到号码【1694151】的GSD为【-】
2024-02-18 00:23:27 GSD insert 第 1 次 等待 3 秒
2024-02-18 00:23:30 {"status":"bad","gid":"657252","msg":"添加失败！号码【1694151(-|-)】已存在！"}
2024-02-18 00:23:30 随机等待 232 秒，约 3 分钟
2024-02-18 00:23:30 下次操作: 2024-02-18 00:27:22

2024-02-18 00:27:22 开始第 4239 次操作

2024-02-18 00:27:22 开始操作号码 【1694152】
2024-02-18 00:27:28 GSD getOne 第 1 次 等待 3 秒
2024-02-18 00:27:31 查询号码 【1694152】，返回信息 {"status":"ok","msg":"-","gid":"657280","time_insert":"2023-04-16 02:45"}
2024-02-18 00:27:31 查询号码 【1694152】，GSD为【"-"】
2024-02-18 00:27:31 ok && -
2024-02-18 00:27:33 CHB 1694152?1708187251 第 1 次 等待 3 秒
2024-02-18 00:27:36 CHB 1694152?1708187251 第 1 次 获取到号码【1694152】GSD
2024-02-18 00:27:36 未获取到号码【1694152】GSD，可能号码格式错误
2024-02-18 00:27:36 获取到号码【1694152】的GSD为【-】
2024-02-18 00:27:41 GSD insert 第 1 次 等待 3 秒
2024-02-18 00:27:44 {"status":"bad","gid":"657280","msg":"添加失败！号码【1694152(-|-)】已存在！"}
2024-02-18 00:27:44 随机等待 175 秒，约 2 分钟
2024-02-18 00:27:44 下次操作: 2024-02-18 00:30:39

2024-02-18 00:30:39 开始第 4240 次操作

2024-02-18 00:30:39 开始操作号码 【1694153】
2024-02-18 00:30:44 GSD getOne 第 1 次 等待 3 秒
2024-02-18 00:30:47 查询号码 【1694153】，返回信息 {"status":"ok","msg":"-","gid":"657313","time_insert":"2023-04-16 03:05"}
2024-02-18 00:30:47 查询号码 【1694153】，GSD为【"-"】
2024-02-18 00:30:47 ok && -
2024-02-18 00:30:50 CHB 1694153?1708187447 第 1 次 等待 3 秒
2024-02-18 00:30:53 CHB 1694153?1708187447 第 1 次 获取到号码【1694153】GSD
2024-02-18 00:30:53 未获取到号码【1694153】GSD，可能号码格式错误
2024-02-18 00:30:53 获取到号码【1694153】的GSD为【-】
2024-02-18 00:30:57 GSD insert 第 1 次 等待 3 秒
2024-02-18 00:31:00 {"status":"bad","gid":"657313","msg":"添加失败！号码【1694153(-|-)】已存在！"}

