2024-07-17 00:22:53 开始第 6321 次操作

2024-07-17 00:22:53 开始操作号码 【1476231】
2024-07-17 00:23:02 GSD getOne 第 1 次 等待 3 秒
2024-07-17 00:23:05 查询号码 【1476231】，返回信息 {"status":"ok","msg":"江苏-扬州","gid":"397649","time_insert":"2021-07-26 04:54"}
2024-07-17 00:23:05 查询号码 【1476231】，GSD为【"江苏-扬州"】

2024-07-17 00:23:06 开始第 6322 次操作

2024-07-17 00:23:06 开始操作号码 【1476232】
2024-07-17 00:23:14 GSD getOne 第 1 次 等待 3 秒
2024-07-17 00:23:17 查询号码 【1476232】，返回信息 {"status":"ok","msg":"江苏-扬州","gid":"397637","time_insert":"2021-07-26 04:54"}
2024-07-17 00:23:17 查询号码 【1476232】，GSD为【"江苏-扬州"】

2024-07-17 00:23:18 开始第 6323 次操作

2024-07-17 00:23:18 开始操作号码 【1476233】
2024-07-17 00:23:28 GSD getOne 第 1 次 等待 3 秒
2024-07-17 00:23:31 查询号码 【1476233】，返回信息 {"status":"ok","msg":"江苏-扬州","gid":"397630","time_insert":"2021-07-26 04:53"}
2024-07-17 00:23:31 查询号码 【1476233】，GSD为【"江苏-扬州"】

2024-07-17 00:23:32 开始第 6324 次操作

2024-07-17 00:23:32 开始操作号码 【1476234】
2024-07-17 00:23:40 GSD getOne 第 1 次 等待 3 秒
2024-07-17 00:23:43 查询号码 【1476234】，返回信息 {"status":"ok","msg":"江苏-苏州","gid":"397620","time_insert":"2021-07-26 04:52"}
2024-07-17 00:23:43 查询号码 【1476234】，GSD为【"江苏-苏州"】

2024-07-17 00:43:40 开始第 6325 次操作

2024-07-17 00:43:40 开始操作号码 【1476235】
2024-07-17 00:43:48 GSD getOne 第 1 次 等待 3 秒
2024-07-17 00:43:51 查询号码 【1476235】，返回信息 {"status":"ok","msg":"江苏-扬州","gid":"397607","time_insert":"2021-07-26 04:52"}
2024-07-17 00:43:51 查询号码 【1476235】，GSD为【"江苏-扬州"】

2024-07-17 00:43:52 开始第 6326 次操作

2024-07-17 00:43:52 开始操作号码 【1476236】
2024-07-17 00:44:01 GSD getOne 第 1 次 等待 3 秒
2024-07-17 00:44:04 查询号码 【1476236】，返回信息 {"status":"ok","msg":"江苏-扬州","gid":"397597","time_insert":"2021-07-26 04:51"}
2024-07-17 00:44:04 查询号码 【1476236】，GSD为【"江苏-扬州"】

2024-07-17 00:44:05 开始第 6327 次操作

2024-07-17 00:44:05 开始操作号码 【1476237】
2024-07-17 00:44:12 GSD getOne 第 1 次 等待 3 秒
2024-07-17 00:44:15 查询号码 【1476237】，返回信息 {"status":"ok","msg":"江苏-泰州","gid":"397587","time_insert":"2021-07-26 04:51"}
2024-07-17 00:44:15 查询号码 【1476237】，GSD为【"江苏-泰州"】

2024-07-17 00:44:16 开始第 6328 次操作

2024-07-17 00:44:16 开始操作号码 【1476238】
2024-07-17 00:44:24 GSD getOne 第 1 次 等待 3 秒
2024-07-17 00:44:27 查询号码 【1476238】，返回信息 {"status":"ok","msg":"江苏-泰州","gid":"397573","time_insert":"2021-07-26 04:50"}
2024-07-17 00:44:27 查询号码 【1476238】，GSD为【"江苏-泰州"】

2024-07-17 01:16:49 开始第 6329 次操作

2024-07-17 01:16:49 开始操作号码 【1476239】
2024-07-17 01:16:57 GSD getOne 第 1 次 等待 3 秒
2024-07-17 01:17:00 查询号码 【1476239】，返回信息 {"status":"ok","msg":"江苏-泰州","gid":"397561","time_insert":"2021-07-26 04:49"}
2024-07-17 01:17:00 查询号码 【1476239】，GSD为【"江苏-泰州"】

2024-07-17 01:17:01 开始第 6330 次操作

2024-07-17 01:17:01 开始操作号码 【1476240】
2024-07-17 01:17:09 GSD getOne 第 1 次 等待 3 秒
2024-07-17 01:17:12 查询号码 【1476240】，返回信息 {"status":"ok","msg":"江苏-连云港","gid":"397552","time_insert":"2021-07-26 04:49"}
2024-07-17 01:17:12 查询号码 【1476240】，GSD为【"江苏-连云港"】

2024-07-17 01:17:13 开始第 6331 次操作

2024-07-17 01:17:13 开始操作号码 【1476241】
2024-07-17 01:17:21 GSD getOne 第 1 次 等待 3 秒
2024-07-17 01:17:24 查询号码 【1476241】，返回信息 {"status":"ok","msg":"江苏-淮安","gid":"397541","time_insert":"2021-07-26 04:48"}
2024-07-17 01:17:24 查询号码 【1476241】，GSD为【"江苏-淮安"】

2024-07-17 01:17:25 开始第 6332 次操作

2024-07-17 01:17:25 开始操作号码 【1476242】
2024-07-17 01:17:32 GSD getOne 第 1 次 等待 3 秒
2024-07-17 01:17:35 查询号码 【1476242】，返回信息 {"status":"ok","msg":"江苏-镇江","gid":"397530","time_insert":"2021-07-26 04:48"}
2024-07-17 01:17:35 查询号码 【1476242】，GSD为【"江苏-镇江"】

