2024-01-19 00:23:18 开始第 9345 次操作

2024-01-19 00:23:18 开始操作号码 【1809260】
2024-01-19 00:23:23 GSD getOne 第 1 次 等待 3 秒
2024-01-19 00:23:26 查询号码 【1809260】，返回信息 {"status":"ok","msg":"陕西-西安","gid":"349183","time_insert":"2021-07-21 21:22"}
2024-01-19 00:23:26 查询号码 【1809260】，GSD为【"陕西-西安"】

2024-01-19 00:23:27 开始第 9346 次操作

2024-01-19 00:23:27 开始操作号码 【1809261】
2024-01-19 00:23:34 GSD getOne 第 1 次 等待 3 秒
2024-01-19 00:23:37 查询号码 【1809261】，返回信息 {"status":"ok","msg":"陕西-西安","gid":"349189","time_insert":"2021-07-21 21:23"}
2024-01-19 00:23:37 查询号码 【1809261】，GSD为【"陕西-西安"】

2024-01-19 00:23:38 开始第 9347 次操作

2024-01-19 00:23:38 开始操作号码 【1809262】
2024-01-19 00:23:43 GSD getOne 第 1 次 等待 3 秒
2024-01-19 00:23:46 查询号码 【1809262】，返回信息 {"status":"ok","msg":"陕西-西安","gid":"349199","time_insert":"2021-07-21 21:23"}
2024-01-19 00:23:46 查询号码 【1809262】，GSD为【"陕西-西安"】

2024-01-19 00:23:47 开始第 9348 次操作

2024-01-19 00:23:47 开始操作号码 【1809263】
2024-01-19 00:23:51 GSD getOne 第 1 次 等待 3 秒
2024-01-19 00:23:54 查询号码 【1809263】，返回信息 {"status":"ok","msg":"陕西-西安","gid":"349206","time_insert":"2021-07-21 21:24"}
2024-01-19 00:23:54 查询号码 【1809263】，GSD为【"陕西-西安"】

2024-01-19 00:41:18 开始第 9349 次操作

2024-01-19 00:41:18 开始操作号码 【1809264】
2024-01-19 00:41:24 GSD getOne 第 1 次 等待 3 秒
2024-01-19 00:41:27 查询号码 【1809264】，返回信息 {"status":"ok","msg":"陕西-西安","gid":"349212","time_insert":"2021-07-21 21:25"}
2024-01-19 00:41:27 查询号码 【1809264】，GSD为【"陕西-西安"】

2024-01-19 00:41:28 开始第 9350 次操作

2024-01-19 00:41:28 开始操作号码 【1809265】
2024-01-19 00:41:32 GSD getOne 第 1 次 等待 3 秒
2024-01-19 00:41:35 查询号码 【1809265】，返回信息 {"status":"ok","msg":"陕西-西安","gid":"349218","time_insert":"2021-07-21 21:25"}
2024-01-19 00:41:35 查询号码 【1809265】，GSD为【"陕西-西安"】

2024-01-19 00:41:36 开始第 9351 次操作

2024-01-19 00:41:36 开始操作号码 【1809266】
2024-01-19 00:41:40 GSD getOne 第 1 次 等待 3 秒
2024-01-19 00:41:43 查询号码 【1809266】，返回信息 {"status":"ok","msg":"陕西-西安","gid":"349221","time_insert":"2021-07-21 21:26"}
2024-01-19 00:41:43 查询号码 【1809266】，GSD为【"陕西-西安"】

2024-01-19 00:41:44 开始第 9352 次操作

2024-01-19 00:41:44 开始操作号码 【1809267】
2024-01-19 00:41:59 GSD getOne 第 1 次 等待 3 秒
2024-01-19 00:42:02 查询号码 【1809267】，返回信息 {"status":"ok","msg":"陕西-西安","gid":"349227","time_insert":"2021-07-21 21:26"}
2024-01-19 00:42:02 查询号码 【1809267】，GSD为【"陕西-西安"】

2024-01-19 01:16:47 开始第 9353 次操作

2024-01-19 01:16:47 开始操作号码 【1809268】
2024-01-19 01:16:51 GSD getOne 第 1 次 等待 3 秒
2024-01-19 01:16:54 查询号码 【1809268】，返回信息 {"status":"ok","msg":"陕西-西安","gid":"349233","time_insert":"2021-07-21 21:27"}
2024-01-19 01:16:54 查询号码 【1809268】，GSD为【"陕西-西安"】

2024-01-19 01:16:55 开始第 9354 次操作

2024-01-19 01:16:55 开始操作号码 【1809269】
2024-01-19 01:16:59 GSD getOne 第 1 次 等待 3 秒
2024-01-19 01:17:02 查询号码 【1809269】，返回信息 {"status":"ok","msg":"陕西-西安","gid":"349241","time_insert":"2021-07-21 21:28"}
2024-01-19 01:17:02 查询号码 【1809269】，GSD为【"陕西-西安"】

2024-01-19 01:17:03 开始第 9355 次操作

2024-01-19 01:17:03 开始操作号码 【1809270】
2024-01-19 01:17:07 GSD getOne 第 1 次 等待 3 秒
2024-01-19 01:17:10 查询号码 【1809270】，返回信息 {"status":"ok","msg":"陕西-西安","gid":"349668","time_insert":"2021-07-21 22:38"}
2024-01-19 01:17:10 查询号码 【1809270】，GSD为【"陕西-西安"】

2024-01-19 01:17:11 开始第 9356 次操作

2024-01-19 01:17:11 开始操作号码 【1809271】
2024-01-19 01:17:15 GSD getOne 第 1 次 等待 3 秒
2024-01-19 01:17:18 查询号码 【1809271】，返回信息 {"status":"ok","msg":"陕西-西安","gid":"349673","time_insert":"2021-07-21 22:39"}
2024-01-19 01:17:18 查询号码 【1809271】，GSD为【"陕西-西安"】

2024-01-19 01:38:00 开始第 9357 次操作

2024-01-19 01:38:00 开始操作号码 【1809272】
2024-01-19 01:38:04 GSD getOne 第 1 次 等待 3 秒
2024-01-19 01:38:07 查询号码 【1809272】，返回信息 {"status":"ok","msg":"陕西-西安","gid":"349680","time_insert":"2021-07-21 22:40"}
2024-01-19 01:38:07 查询号码 【1809272】，GSD为【"陕西-西安"】

2024-01-19 01:38:08 开始第 9358 次操作

2024-01-19 01:38:08 开始操作号码 【1809273】
2024-01-19 01:38:12 GSD getOne 第 1 次 等待 3 秒
2024-01-19 01:38:15 查询号码 【1809273】，返回信息 {"status":"ok","msg":"陕西-西安","gid":"349685","time_insert":"2021-07-21 22:40"}
2024-01-19 01:38:15 查询号码 【1809273】，GSD为【"陕西-西安"】

2024-01-19 01:38:16 开始第 9359 次操作

2024-01-19 01:38:16 开始操作号码 【1809274】
2024-01-19 01:38:20 GSD getOne 第 1 次 等待 3 秒
2024-01-19 01:38:23 查询号码 【1809274】，返回信息 {"status":"ok","msg":"陕西-西安","gid":"349690","time_insert":"2021-07-21 22:41"}
2024-01-19 01:38:23 查询号码 【1809274】，GSD为【"陕西-西安"】

2024-01-19 01:38:24 开始第 9360 次操作

2024-01-19 01:38:24 开始操作号码 【1809275】
2024-01-19 01:38:28 GSD getOne 第 1 次 等待 3 秒
2024-01-19 01:38:31 查询号码 【1809275】，返回信息 {"status":"ok","msg":"陕西-西安","gid":"349696","time_insert":"2021-07-21 22:42","time_update":"2021-07-21 22:55"}
2024-01-19 01:38:31 查询号码 【1809275】，GSD为【"陕西-西安"】

2024-01-19 02:22:27 开始第 9361 次操作

2024-01-19 02:22:27 开始操作号码 【1809276】
2024-01-19 02:22:32 GSD getOne 第 1 次 等待 3 秒
2024-01-19 02:22:35 查询号码 【1809276】，返回信息 {"status":"ok","msg":"陕西-西安","gid":"349701","time_insert":"2021-07-21 22:43"}
2024-01-19 02:22:35 查询号码 【1809276】，GSD为【"陕西-西安"】

2024-01-19 02:22:36 开始第 9362 次操作

2024-01-19 02:22:36 开始操作号码 【1809277】
2024-01-19 02:22:40 GSD getOne 第 1 次 等待 3 秒
2024-01-19 02:22:43 查询号码 【1809277】，返回信息 {"status":"ok","msg":"陕西-西安","gid":"349708","time_insert":"2021-07-21 22:43"}
2024-01-19 02:22:43 查询号码 【1809277】，GSD为【"陕西-西安"】

2024-01-19 02:22:44 开始第 9363 次操作

2024-01-19 02:22:44 开始操作号码 【1809278】
2024-01-19 02:22:48 GSD getOne 第 1 次 等待 3 秒
2024-01-19 02:22:51 查询号码 【1809278】，返回信息 {"status":"ok","msg":"陕西-西安","gid":"349716","time_insert":"2021-07-21 22:44"}
2024-01-19 02:22:51 查询号码 【1809278】，GSD为【"陕西-西安"】

2024-01-19 02:22:52 开始第 9364 次操作

2024-01-19 02:22:52 开始操作号码 【1809279】
2024-01-19 02:22:56 GSD getOne 第 1 次 等待 3 秒
2024-01-19 02:22:59 查询号码 【1809279】，返回信息 {"status":"ok","msg":"陕西-西安","gid":"349721","time_insert":"2021-07-21 22:45"}
2024-01-19 02:22:59 查询号码 【1809279】，GSD为【"陕西-西安"】

2024-01-19 02:39:30 开始第 9365 次操作

2024-01-19 02:39:30 开始操作号码 【1809280】
2024-01-19 02:39:36 GSD getOne 第 1 次 等待 3 秒
2024-01-19 02:39:39 查询号码 【1809280】，返回信息 {"status":"ok","msg":"陕西-西安","gid":"349727","time_insert":"2021-07-21 22:46"}
2024-01-19 02:39:39 查询号码 【1809280】，GSD为【"陕西-西安"】

2024-01-19 02:39:40 开始第 9366 次操作

2024-01-19 02:39:40 开始操作号码 【1809281】
2024-01-19 02:39:44 GSD getOne 第 1 次 等待 3 秒
2024-01-19 02:39:47 查询号码 【1809281】，返回信息 {"status":"ok","msg":"陕西-西安","gid":"349732","time_insert":"2021-07-21 22:46"}
2024-01-19 02:39:47 查询号码 【1809281】，GSD为【"陕西-西安"】

2024-01-19 02:39:48 开始第 9367 次操作

2024-01-19 02:39:48 开始操作号码 【1809282】
2024-01-19 02:39:52 GSD getOne 第 1 次 等待 3 秒
2024-01-19 02:39:55 查询号码 【1809282】，返回信息 {"status":"ok","msg":"陕西-西安","gid":"349734","time_insert":"2021-07-21 22:47"}
2024-01-19 02:39:55 查询号码 【1809282】，GSD为【"陕西-西安"】

2024-01-19 02:39:56 开始第 9368 次操作

2024-01-19 02:39:56 开始操作号码 【1809283】
2024-01-19 02:40:00 GSD getOne 第 1 次 等待 3 秒
2024-01-19 02:40:03 查询号码 【1809283】，返回信息 {"status":"ok","msg":"陕西-西安","gid":"349739","time_insert":"2021-07-21 22:48"}
2024-01-19 02:40:03 查询号码 【1809283】，GSD为【"陕西-西安"】

2024-01-19 03:14:18 开始第 9369 次操作

2024-01-19 03:14:18 开始操作号码 【1809284】
2024-01-19 03:14:22 GSD getOne 第 1 次 等待 3 秒
2024-01-19 03:14:25 查询号码 【1809284】，返回信息 {"status":"ok","msg":"陕西-西安","gid":"349741","time_insert":"2021-07-21 22:48"}
2024-01-19 03:14:25 查询号码 【1809284】，GSD为【"陕西-西安"】

2024-01-19 03:14:26 开始第 9370 次操作

2024-01-19 03:14:26 开始操作号码 【1809285】
2024-01-19 03:14:30 GSD getOne 第 1 次 等待 3 秒
2024-01-19 03:14:33 查询号码 【1809285】，返回信息 {"status":"ok","msg":"陕西-西安","gid":"349749","time_insert":"2021-07-21 22:49"}
2024-01-19 03:14:33 查询号码 【1809285】，GSD为【"陕西-西安"】

2024-01-19 03:14:34 开始第 9371 次操作

2024-01-19 03:14:34 开始操作号码 【1809286】
2024-01-19 03:14:37 GSD getOne 第 1 次 等待 3 秒
2024-01-19 03:14:40 查询号码 【1809286】，返回信息 {"status":"ok","msg":"陕西-西安","gid":"349752","time_insert":"2021-07-21 22:49"}
2024-01-19 03:14:40 查询号码 【1809286】，GSD为【"陕西-西安"】

2024-01-19 03:14:41 开始第 9372 次操作

2024-01-19 03:14:41 开始操作号码 【1809287】
2024-01-19 03:14:45 GSD getOne 第 1 次 等待 3 秒
2024-01-19 03:14:48 查询号码 【1809287】，返回信息 {"status":"ok","msg":"陕西-西安","gid":"349756","time_insert":"2021-07-21 22:50"}
2024-01-19 03:14:48 查询号码 【1809287】，GSD为【"陕西-西安"】

2024-01-19 03:38:00 开始第 9373 次操作

2024-01-19 03:38:00 开始操作号码 【1809288】
2024-01-19 03:38:06 GSD getOne 第 1 次 等待 3 秒
2024-01-19 03:38:09 查询号码 【1809288】，返回信息 {"status":"ok","msg":"陕西-西安","gid":"349763","time_insert":"2021-07-21 22:51"}
2024-01-19 03:38:09 查询号码 【1809288】，GSD为【"陕西-西安"】

2024-01-19 03:38:10 开始第 9374 次操作

2024-01-19 03:38:10 开始操作号码 【1809289】
2024-01-19 03:38:15 GSD getOne 第 1 次 等待 3 秒
2024-01-19 03:38:18 查询号码 【1809289】，返回信息 {"status":"ok","msg":"陕西-西安","gid":"349768","time_insert":"2021-07-21 22:51"}
2024-01-19 03:38:18 查询号码 【1809289】，GSD为【"陕西-西安"】

2024-01-19 03:38:19 开始第 9375 次操作

2024-01-19 03:38:19 开始操作号码 【1809290】
2024-01-19 03:38:25 GSD getOne 第 1 次 等待 3 秒
2024-01-19 03:38:28 查询号码 【1809290】，返回信息 {"status":"ok","msg":"陕西-西安","gid":"349773","time_insert":"2021-07-21 22:52"}
2024-01-19 03:38:28 查询号码 【1809290】，GSD为【"陕西-西安"】

2024-01-19 03:38:29 开始第 9376 次操作

2024-01-19 03:38:29 开始操作号码 【1809291】
2024-01-19 03:38:33 GSD getOne 第 1 次 等待 3 秒
2024-01-19 03:38:36 查询号码 【1809291】，返回信息 {"status":"ok","msg":"陕西-西安","gid":"349778","time_insert":"2021-07-21 22:52"}
2024-01-19 03:38:36 查询号码 【1809291】，GSD为【"陕西-西安"】

2024-01-19 04:18:51 开始第 9377 次操作

2024-01-19 04:18:51 开始操作号码 【1809292】
2024-01-19 04:18:55 GSD getOne 第 1 次 等待 3 秒
2024-01-19 04:18:58 查询号码 【1809292】，返回信息 {"status":"ok","msg":"陕西-西安","gid":"349782","time_insert":"2021-07-21 22:53"}
2024-01-19 04:18:58 查询号码 【1809292】，GSD为【"陕西-西安"】

2024-01-19 04:18:59 开始第 9378 次操作

2024-01-19 04:18:59 开始操作号码 【1809293】
2024-01-19 04:19:03 GSD getOne 第 1 次 等待 3 秒
2024-01-19 04:19:06 查询号码 【1809293】，返回信息 {"status":"ok","msg":"陕西-西安","gid":"349788","time_insert":"2021-07-21 22:54"}
2024-01-19 04:19:06 查询号码 【1809293】，GSD为【"陕西-西安"】

2024-01-19 04:19:07 开始第 9379 次操作

2024-01-19 04:19:07 开始操作号码 【1809294】
2024-01-19 04:19:10 GSD getOne 第 1 次 等待 3 秒
2024-01-19 04:19:13 查询号码 【1809294】，返回信息 {"status":"ok","msg":"陕西-西安","gid":"349792","time_insert":"2021-07-21 22:54"}
2024-01-19 04:19:13 查询号码 【1809294】，GSD为【"陕西-西安"】

2024-01-19 04:19:15 开始第 9380 次操作

2024-01-19 04:19:15 开始操作号码 【1809295】
2024-01-19 04:19:18 GSD getOne 第 1 次 等待 3 秒
2024-01-19 04:19:21 查询号码 【1809295】，返回信息 {"status":"ok","msg":"陕西-西安","gid":"349798","time_insert":"2021-07-21 22:55"}
2024-01-19 04:19:21 查询号码 【1809295】，GSD为【"陕西-西安"】

2024-01-19 04:38:13 开始第 9381 次操作

2024-01-19 04:38:13 开始操作号码 【1809296】
2024-01-19 04:38:17 GSD getOne 第 1 次 等待 3 秒
2024-01-19 04:38:20 查询号码 【1809296】，返回信息 {"status":"ok","msg":"陕西-西安","gid":"349804","time_insert":"2021-07-21 22:55"}
2024-01-19 04:38:20 查询号码 【1809296】，GSD为【"陕西-西安"】

2024-01-19 04:38:21 开始第 9382 次操作

2024-01-19 04:38:21 开始操作号码 【1809297】
2024-01-19 04:38:25 GSD getOne 第 1 次 等待 3 秒
2024-01-19 04:38:28 查询号码 【1809297】，返回信息 {"status":"ok","msg":"陕西-西安","gid":"349809","time_insert":"2021-07-21 22:56"}
2024-01-19 04:38:28 查询号码 【1809297】，GSD为【"陕西-西安"】

2024-01-19 04:38:29 开始第 9383 次操作

2024-01-19 04:38:29 开始操作号码 【1809298】
2024-01-19 04:38:33 GSD getOne 第 1 次 等待 3 秒
2024-01-19 04:38:36 查询号码 【1809298】，返回信息 {"status":"ok","msg":"陕西-西安","gid":"349816","time_insert":"2021-07-21 22:57"}
2024-01-19 04:38:36 查询号码 【1809298】，GSD为【"陕西-西安"】

2024-01-19 04:38:37 开始第 9384 次操作

2024-01-19 04:38:37 开始操作号码 【1809299】
2024-01-19 04:38:41 GSD getOne 第 1 次 等待 3 秒
2024-01-19 04:38:44 查询号码 【1809299】，返回信息 {"status":"ok","msg":"陕西-西安","gid":"349823","time_insert":"2021-07-21 22:58"}
2024-01-19 04:38:44 查询号码 【1809299】，GSD为【"陕西-西安"】

2024-01-19 05:15:48 开始第 9385 次操作

2024-01-19 05:15:48 开始操作号码 【1809300】
2024-01-19 05:15:53 GSD getOne 第 1 次 等待 3 秒
2024-01-19 05:15:56 查询号码 【1809300】，返回信息 {"status":"ok","msg":"甘肃-临夏","gid":"349827","time_insert":"2021-07-21 22:58"}
2024-01-19 05:15:56 查询号码 【1809300】，GSD为【"甘肃-临夏"】

2024-01-19 05:15:57 开始第 9386 次操作

2024-01-19 05:15:57 开始操作号码 【1809301】
2024-01-19 05:16:03 GSD getOne 第 1 次 等待 3 秒
2024-01-19 05:16:06 查询号码 【1809301】，返回信息 {"status":"ok","msg":"甘肃-临夏","gid":"349831","time_insert":"2021-07-21 22:59"}
2024-01-19 05:16:06 查询号码 【1809301】，GSD为【"甘肃-临夏"】

2024-01-19 05:16:07 开始第 9387 次操作

2024-01-19 05:16:07 开始操作号码 【1809302】
2024-01-19 05:16:11 GSD getOne 第 1 次 等待 3 秒
2024-01-19 05:16:14 查询号码 【1809302】，返回信息 {"status":"ok","msg":"甘肃-临夏","gid":"32958","time_insert":"2018-07-16 14:58","time_update":"2020-12-13 07:57"}
2024-01-19 05:16:14 查询号码 【1809302】，GSD为【"甘肃-临夏"】

2024-01-19 05:16:15 开始第 9388 次操作

2024-01-19 05:16:15 开始操作号码 【1809303】
2024-01-19 05:16:19 GSD getOne 第 1 次 等待 3 秒
2024-01-19 05:16:22 查询号码 【1809303】，返回信息 {"status":"ok","msg":"甘肃-临夏","gid":"32959","time_insert":"2015-01-12 09:53","time_update":"2020-12-13 08:01"}
2024-01-19 05:16:22 查询号码 【1809303】，GSD为【"甘肃-临夏"】

2024-01-19 05:37:46 开始第 9389 次操作

2024-01-19 05:37:46 开始操作号码 【1809304】
2024-01-19 05:37:51 GSD getOne 第 1 次 等待 3 秒
2024-01-19 05:37:54 查询号码 【1809304】，返回信息 {"status":"ok","msg":"甘肃-临夏","gid":"32960","time_insert":"2020-01-10 15:14","time_update":"2020-12-13 08:04"}
2024-01-19 05:37:55 查询号码 【1809304】，GSD为【"甘肃-临夏"】

2024-01-19 05:37:56 开始第 9390 次操作

2024-01-19 05:37:56 开始操作号码 【1809305】
2024-01-19 05:38:00 GSD getOne 第 1 次 等待 3 秒
2024-01-19 05:38:03 查询号码 【1809305】，返回信息 {"status":"ok","msg":"甘肃-临夏","gid":"32961","time_insert":"2018-02-12 17:14","time_update":"2020-12-13 08:08"}
2024-01-19 05:38:03 查询号码 【1809305】，GSD为【"甘肃-临夏"】

2024-01-19 05:38:04 开始第 9391 次操作

2024-01-19 05:38:04 开始操作号码 【1809306】
2024-01-19 05:38:07 GSD getOne 第 1 次 等待 3 秒
2024-01-19 05:38:10 查询号码 【1809306】，返回信息 {"status":"ok","msg":"甘肃-临夏","gid":"349840","time_insert":"2021-07-21 23:00"}
2024-01-19 05:38:10 查询号码 【1809306】，GSD为【"甘肃-临夏"】

2024-01-19 05:38:11 开始第 9392 次操作

2024-01-19 05:38:11 开始操作号码 【1809307】
2024-01-19 05:38:15 GSD getOne 第 1 次 等待 3 秒
2024-01-19 05:38:18 查询号码 【1809307】，返回信息 {"status":"ok","msg":"甘肃-临夏","gid":"349844","time_insert":"2021-07-21 23:01"}
2024-01-19 05:38:18 查询号码 【1809307】，GSD为【"甘肃-临夏"】

2024-01-19 06:17:02 开始第 9393 次操作

2024-01-19 06:17:02 开始操作号码 【1809308】
2024-01-19 06:17:06 GSD getOne 第 1 次 等待 3 秒
2024-01-19 06:17:09 查询号码 【1809308】，返回信息 {"status":"ok","msg":"甘肃-临夏","gid":"32962","time_insert":"2018-01-10 08:00","time_update":"2020-12-13 08:12"}
2024-01-19 06:17:09 查询号码 【1809308】，GSD为【"甘肃-临夏"】

2024-01-19 06:17:10 开始第 9394 次操作

2024-01-19 06:17:10 开始操作号码 【1809309】
2024-01-19 06:17:15 GSD getOne 第 1 次 等待 3 秒
2024-01-19 06:17:18 查询号码 【1809309】，返回信息 {"status":"ok","msg":"甘肃-临夏","gid":"349848","time_insert":"2021-07-21 23:01"}
2024-01-19 06:17:18 查询号码 【1809309】，GSD为【"甘肃-临夏"】

2024-01-19 06:17:19 开始第 9395 次操作

2024-01-19 06:17:19 开始操作号码 【1809310】
2024-01-19 06:17:22 GSD getOne 第 1 次 等待 3 秒
2024-01-19 06:17:25 查询号码 【1809310】，返回信息 {"status":"ok","msg":"甘肃-兰州","gid":"349854","time_insert":"2021-07-21 23:02"}
2024-01-19 06:17:25 查询号码 【1809310】，GSD为【"甘肃-兰州"】

2024-01-19 06:17:26 开始第 9396 次操作

2024-01-19 06:17:26 开始操作号码 【1809311】
2024-01-19 06:17:30 GSD getOne 第 1 次 等待 3 秒
2024-01-19 06:17:33 查询号码 【1809311】，返回信息 {"status":"ok","msg":"甘肃-兰州","gid":"349858","time_insert":"2021-07-21 23:03"}
2024-01-19 06:17:33 查询号码 【1809311】，GSD为【"甘肃-兰州"】

2024-01-19 06:37:58 开始第 9397 次操作

2024-01-19 06:37:58 开始操作号码 【1809312】
2024-01-19 06:38:03 GSD getOne 第 1 次 等待 3 秒
2024-01-19 06:38:06 查询号码 【1809312】，返回信息 {"status":"ok","msg":"甘肃-武威","gid":"349859","time_insert":"2021-07-21 23:03"}
2024-01-19 06:38:06 查询号码 【1809312】，GSD为【"甘肃-武威"】

2024-01-19 06:38:07 开始第 9398 次操作

2024-01-19 06:38:07 开始操作号码 【1809313】
2024-01-19 06:38:11 GSD getOne 第 1 次 等待 3 秒
2024-01-19 06:38:14 查询号码 【1809313】，返回信息 {"status":"ok","msg":"甘肃-白银","gid":"349864","time_insert":"2021-07-21 23:04"}
2024-01-19 06:38:14 查询号码 【1809313】，GSD为【"甘肃-白银"】

2024-01-19 06:38:15 开始第 9399 次操作

2024-01-19 06:38:15 开始操作号码 【1809314】
2024-01-19 06:38:19 GSD getOne 第 1 次 等待 3 秒
2024-01-19 06:38:22 查询号码 【1809314】，返回信息 {"status":"ok","msg":"甘肃-白银","gid":"349868","time_insert":"2021-07-21 23:05"}
2024-01-19 06:38:22 查询号码 【1809314】，GSD为【"甘肃-白银"】

2024-01-19 06:38:23 开始第 9400 次操作

2024-01-19 06:38:23 开始操作号码 【1809315】
2024-01-19 06:38:27 GSD getOne 第 1 次 等待 3 秒
2024-01-19 06:38:30 查询号码 【1809315】，返回信息 {"status":"ok","msg":"甘肃-兰州","gid":"349899","time_insert":"2021-07-21 23:11","time_update":"2021-07-21 23:49"}
2024-01-19 06:38:30 查询号码 【1809315】，GSD为【"甘肃-兰州"】

2024-01-19 07:18:41 开始第 9401 次操作

2024-01-19 07:18:41 开始操作号码 【1809316】
2024-01-19 07:18:45 GSD getOne 第 1 次 等待 3 秒
2024-01-19 07:18:48 查询号码 【1809316】，返回信息 {"status":"ok","msg":"甘肃-兰州","gid":"32963","time_insert":"2020-05-27 15:04","time_update":"2020-12-13 08:16"}
2024-01-19 07:18:49 查询号码 【1809316】，GSD为【"甘肃-兰州"】

2024-01-19 07:18:50 开始第 9402 次操作

2024-01-19 07:18:50 开始操作号码 【1809317】
2024-01-19 07:18:54 GSD getOne 第 1 次 等待 3 秒
2024-01-19 07:18:57 查询号码 【1809317】，返回信息 {"status":"ok","msg":"甘肃-兰州","gid":"349904","time_insert":"2021-07-21 23:13","time_update":"2021-07-21 23:49"}
2024-01-19 07:18:57 查询号码 【1809317】，GSD为【"甘肃-兰州"】

2024-01-19 07:18:58 开始第 9403 次操作

2024-01-19 07:18:58 开始操作号码 【1809318】
2024-01-19 07:19:01 GSD getOne 第 1 次 等待 3 秒
2024-01-19 07:19:04 查询号码 【1809318】，返回信息 {"status":"ok","msg":"甘肃-兰州","gid":"32964","time_insert":"2019-11-15 11:24","time_update":"2020-12-13 08:20"}
2024-01-19 07:19:05 查询号码 【1809318】，GSD为【"甘肃-兰州"】

2024-01-19 07:19:06 开始第 9404 次操作

2024-01-19 07:19:06 开始操作号码 【1809319】
2024-01-19 07:19:09 GSD getOne 第 1 次 等待 3 秒
2024-01-19 07:19:12 查询号码 【1809319】，返回信息 {"status":"ok","msg":"甘肃-兰州","gid":"32965","time_insert":"2018-02-23 09:01","time_update":"2020-12-13 08:23"}
2024-01-19 07:19:12 查询号码 【1809319】，GSD为【"甘肃-兰州"】

2024-01-19 07:37:45 开始第 9405 次操作

2024-01-19 07:37:45 开始操作号码 【1809320】
2024-01-19 07:37:51 GSD getOne 第 1 次 等待 3 秒
2024-01-19 07:37:54 查询号码 【1809320】，返回信息 {"status":"ok","msg":"甘肃-定西","gid":"349910","time_insert":"2021-07-21 23:15"}
2024-01-19 07:37:54 查询号码 【1809320】，GSD为【"甘肃-定西"】

2024-01-19 07:37:55 开始第 9406 次操作

2024-01-19 07:37:55 开始操作号码 【1809321】
2024-01-19 07:37:59 GSD getOne 第 1 次 等待 3 秒
2024-01-19 07:38:02 查询号码 【1809321】，返回信息 {"status":"ok","msg":"甘肃-定西","gid":"32966","time_insert":"2020-06-15 11:03","time_update":"2020-12-13 08:23"}
2024-01-19 07:38:02 查询号码 【1809321】，GSD为【"甘肃-定西"】

2024-01-19 07:38:03 开始第 9407 次操作

2024-01-19 07:38:03 开始操作号码 【1809322】
2024-01-19 07:38:10 GSD getOne 第 1 次 等待 3 秒
2024-01-19 07:38:13 查询号码 【1809322】，返回信息 {"status":"ok","msg":"甘肃-定西","gid":"349917","time_insert":"2021-07-21 23:16"}
2024-01-19 07:38:13 查询号码 【1809322】，GSD为【"甘肃-定西"】

2024-01-19 07:38:14 开始第 9408 次操作

2024-01-19 07:38:14 开始操作号码 【1809323】
2024-01-19 07:38:18 GSD getOne 第 1 次 等待 3 秒
2024-01-19 07:38:21 查询号码 【1809323】，返回信息 {"status":"ok","msg":"甘肃-定西","gid":"349926","time_insert":"2021-07-21 23:17","time_update":"2021-07-21 23:51"}
2024-01-19 07:38:21 查询号码 【1809323】，GSD为【"甘肃-定西"】

2024-01-19 09:20:02 开始第 9409 次操作

2024-01-19 09:20:02 开始操作号码 【1809324】
2024-01-19 09:20:07 GSD getOne 第 1 次 等待 3 秒
2024-01-19 09:20:10 查询号码 【1809324】，返回信息 {"status":"ok","msg":"甘肃-定西","gid":"349932","time_insert":"2021-07-21 23:19","time_update":"2021-07-21 23:52"}
2024-01-19 09:20:10 查询号码 【1809324】，GSD为【"甘肃-定西"】

2024-01-19 09:20:11 开始第 9410 次操作

2024-01-19 09:20:11 开始操作号码 【1809325】
2024-01-19 09:20:28 GSD getOne 第 1 次 等待 3 秒
2024-01-19 09:20:31 查询号码 【1809325】，返回信息 {"status":"ok","msg":"甘肃-定西","gid":"349935","time_insert":"2021-07-21 23:20"}
2024-01-19 09:20:31 查询号码 【1809325】，GSD为【"甘肃-定西"】

2024-01-19 09:20:32 开始第 9411 次操作

2024-01-19 09:20:32 开始操作号码 【1809326】
2024-01-19 09:20:36 GSD getOne 第 1 次 等待 3 秒
2024-01-19 09:20:39 查询号码 【1809326】，返回信息 {"status":"ok","msg":"甘肃-定西","gid":"50494","time_insert":"2021-04-21 16:36"}
2024-01-19 09:20:39 查询号码 【1809326】，GSD为【"甘肃-定西"】

2024-01-19 09:20:40 开始第 9412 次操作

2024-01-19 09:20:40 开始操作号码 【1809327】
2024-01-19 09:20:44 GSD getOne 第 1 次 等待 3 秒
2024-01-19 09:20:47 查询号码 【1809327】，返回信息 {"status":"ok","msg":"甘肃-定西","gid":"349939","time_insert":"2021-07-21 23:21"}
2024-01-19 09:20:47 查询号码 【1809327】，GSD为【"甘肃-定西"】

