2023-10-28 00:21:27 开始第 5357 次操作

2023-10-28 00:21:27 开始操作号码 【1905271】
2023-10-28 00:21:36 GSD getOne 第 1 次 等待 3 秒
2023-10-28 00:21:39 查询号码 【1905271】，返回信息 {"status":"ok","msg":"江苏-宿迁","gid":"628159","time_insert":"2023-04-01 16:53","time_update":"2023-06-18 16:46"}
2023-10-28 00:21:40 查询号码 【1905271】，GSD为【"江苏-宿迁"】

2023-10-28 00:21:41 开始第 5358 次操作

2023-10-28 00:21:41 开始操作号码 【1905272】
2023-10-28 00:21:44 GSD getOne 第 1 次 等待 3 秒
2023-10-28 00:21:47 查询号码 【1905272】，返回信息 {"status":"ok","msg":"江苏-宿迁","gid":"628177","time_insert":"2023-04-01 17:05","time_update":"2023-06-18 17:04"}
2023-10-28 00:21:47 查询号码 【1905272】，GSD为【"江苏-宿迁"】

2023-10-28 00:21:48 开始第 5359 次操作

2023-10-28 00:21:48 开始操作号码 【1905273】
2023-10-28 00:21:51 GSD getOne 第 1 次 等待 3 秒
2023-10-28 00:21:54 查询号码 【1905273】，返回信息 {"status":"ok","msg":"江苏-宿迁","gid":"628208","time_insert":"2023-04-01 17:27","time_update":"2023-06-18 17:20"}
2023-10-28 00:21:54 查询号码 【1905273】，GSD为【"江苏-宿迁"】

2023-10-28 00:21:55 开始第 5360 次操作

2023-10-28 00:21:55 开始操作号码 【1905274】
2023-10-28 00:22:02 GSD getOne 第 1 次 等待 3 秒
2023-10-28 00:22:05 查询号码 【1905274】，返回信息 {"status":"ok","msg":"江苏-宿迁","gid":"628229","time_insert":"2023-04-01 17:39","time_update":"2023-06-18 17:36"}
2023-10-28 00:22:05 查询号码 【1905274】，GSD为【"江苏-宿迁"】

