2024-04-03 00:21:55 开始第 1577 次操作

2024-04-03 00:21:55 开始操作号码 【1581491】
2024-04-03 00:22:01 GSD getOne 第 1 次 等待 3 秒
2024-04-03 00:22:04 查询号码 【1581491】，返回信息 {"status":"ok","msg":"广东-潮州","gid":"111224","time_insert":"2021-06-21 19:31"}
2024-04-03 00:22:04 查询号码 【1581491】，GSD为【"广东-潮州"】

2024-04-03 00:22:05 开始第 1578 次操作

2024-04-03 00:22:05 开始操作号码 【1581492】
2024-04-03 00:22:11 GSD getOne 第 1 次 等待 3 秒
2024-04-03 00:22:14 查询号码 【1581492】，返回信息 {"status":"ok","msg":"广东-潮州","gid":"111253","time_insert":"2021-06-21 19:48"}
2024-04-03 00:22:15 查询号码 【1581492】，GSD为【"广东-潮州"】

2024-04-03 00:22:16 开始第 1579 次操作

2024-04-03 00:22:16 开始操作号码 【1581493】
2024-04-03 00:22:21 GSD getOne 第 1 次 等待 3 秒
2024-04-03 00:22:24 查询号码 【1581493】，返回信息 {"status":"ok","msg":"广东-潮州","gid":"111297","time_insert":"2021-06-21 20:04"}
2024-04-03 00:22:24 查询号码 【1581493】，GSD为【"广东-潮州"】

2024-04-03 00:22:25 开始第 1580 次操作

2024-04-03 00:22:25 开始操作号码 【1581494】
2024-04-03 00:22:32 GSD getOne 第 1 次 等待 3 秒
2024-04-03 00:22:35 查询号码 【1581494】，返回信息 {"status":"ok","msg":"广东-潮州","gid":"111330","time_insert":"2021-06-21 20:24"}
2024-04-03 00:22:35 查询号码 【1581494】，GSD为【"广东-潮州"】

2024-04-03 00:39:59 开始第 1581 次操作

2024-04-03 00:39:59 开始操作号码 【1581495】
2024-04-03 00:40:04 GSD getOne 第 1 次 等待 3 秒
2024-04-03 00:40:07 查询号码 【1581495】，返回信息 {"status":"ok","msg":"广东-潮州","gid":"111362","time_insert":"2021-06-21 20:44"}
2024-04-03 00:40:07 查询号码 【1581495】，GSD为【"广东-潮州"】

2024-04-03 00:40:08 开始第 1582 次操作

2024-04-03 00:40:08 开始操作号码 【1581496】
2024-04-03 00:40:14 GSD getOne 第 1 次 等待 3 秒
2024-04-03 00:40:17 查询号码 【1581496】，返回信息 {"status":"ok","msg":"广东-潮州","gid":"111388","time_insert":"2021-06-21 21:01"}
2024-04-03 00:40:17 查询号码 【1581496】，GSD为【"广东-潮州"】

2024-04-03 00:40:18 开始第 1583 次操作

2024-04-03 00:40:18 开始操作号码 【1581497】
2024-04-03 00:40:24 GSD getOne 第 1 次 等待 3 秒
2024-04-03 00:40:27 查询号码 【1581497】，返回信息 {"status":"ok","msg":"广东-韶关","gid":"111416","time_insert":"2021-06-21 21:20"}
2024-04-03 00:40:27 查询号码 【1581497】，GSD为【"广东-韶关"】

2024-04-03 00:40:28 开始第 1584 次操作

2024-04-03 00:40:28 开始操作号码 【1581498】
2024-04-03 00:40:34 GSD getOne 第 1 次 等待 3 秒
2024-04-03 00:40:37 查询号码 【1581498】，返回信息 {"status":"ok","msg":"广东-韶关","gid":"111440","time_insert":"2021-06-21 21:37"}
2024-04-03 00:40:37 查询号码 【1581498】，GSD为【"广东-韶关"】

2024-04-03 01:17:34 开始第 1585 次操作

2024-04-03 01:17:34 开始操作号码 【1581499】
2024-04-03 01:17:40 GSD getOne 第 1 次 等待 3 秒
2024-04-03 01:17:43 查询号码 【1581499】，返回信息 {"status":"ok","msg":"广东-韶关","gid":"111477","time_insert":"2021-06-21 21:54"}
2024-04-03 01:17:43 查询号码 【1581499】，GSD为【"广东-韶关"】

2024-04-03 01:17:44 开始第 1586 次操作

2024-04-03 01:17:44 开始操作号码 【1581500】
2024-04-03 01:17:49 GSD getOne 第 1 次 等待 3 秒
2024-04-03 01:17:52 查询号码 【1581500】，返回信息 {"status":"ok","msg":"广东-汕头","gid":"111519","time_insert":"2021-06-21 22:14"}
2024-04-03 01:17:52 查询号码 【1581500】，GSD为【"广东-汕头"】

2024-04-03 01:17:53 开始第 1587 次操作

2024-04-03 01:17:53 开始操作号码 【1581501】
2024-04-03 01:17:58 GSD getOne 第 1 次 等待 3 秒
2024-04-03 01:18:01 查询号码 【1581501】，返回信息 {"status":"ok","msg":"广东-汕头","gid":"111549","time_insert":"2021-06-21 22:32","time_update":"2021-06-21 22:48"}
2024-04-03 01:18:01 查询号码 【1581501】，GSD为【"广东-汕头"】

2024-04-03 01:18:02 开始第 1588 次操作

2024-04-03 01:18:02 开始操作号码 【1581502】
2024-04-03 01:18:07 GSD getOne 第 1 次 等待 3 秒
2024-04-03 01:18:10 查询号码 【1581502】，返回信息 {"status":"ok","msg":"广东-汕头","gid":"111578","time_insert":"2021-06-21 22:48"}
2024-04-03 01:18:10 查询号码 【1581502】，GSD为【"广东-汕头"】

