2024-01-06 00:21:28 开始第 7061 次操作

2024-01-06 00:21:28 开始操作号码 【1806976】
2024-01-06 00:21:31 GSD getOne 第 1 次 等待 3 秒
2024-01-06 00:21:34 查询号码 【1806976】，返回信息 {"status":"ok","msg":"浙江-杭州","gid":"330591","time_insert":"2021-07-19 22:53"}
2024-01-06 00:21:34 查询号码 【1806976】，GSD为【"浙江-杭州"】

2024-01-06 00:21:35 开始第 7062 次操作

2024-01-06 00:21:35 开始操作号码 【1806977】
2024-01-06 00:21:37 GSD getOne 第 1 次 等待 3 秒
2024-01-06 00:21:40 查询号码 【1806977】，返回信息 {"status":"ok","msg":"浙江-杭州","gid":"330602","time_insert":"2021-07-19 22:54"}
2024-01-06 00:21:40 查询号码 【1806977】，GSD为【"浙江-杭州"】

2024-01-06 00:21:41 开始第 7063 次操作

2024-01-06 00:21:41 开始操作号码 【1806978】
2024-01-06 00:21:44 GSD getOne 第 1 次 等待 3 秒
2024-01-06 00:21:47 查询号码 【1806978】，返回信息 {"status":"ok","msg":"浙江-杭州","gid":"330612","time_insert":"2021-07-19 22:55"}
2024-01-06 00:21:47 查询号码 【1806978】，GSD为【"浙江-杭州"】

2024-01-06 00:21:48 开始第 7064 次操作

2024-01-06 00:21:48 开始操作号码 【1806979】
2024-01-06 00:21:50 GSD getOne 第 1 次 等待 3 秒
2024-01-06 00:21:53 查询号码 【1806979】，返回信息 {"status":"ok","msg":"浙江-杭州","gid":"330619","time_insert":"2021-07-19 22:55"}
2024-01-06 00:21:54 查询号码 【1806979】，GSD为【"浙江-杭州"】

