2021-07-07 00:57:19 开始第 1 次操作

2021-07-07 00:57:19 开始操作号码 【1328945】
2021-07-07 00:57:25 GSD getOne 第 1 次 等待 1 秒
2021-07-07 00:57:26 查询号码 【1328945】，返回信息 {"status":"bad","msg":""}
2021-07-07 00:57:26 查询号码 【1328945】，GSD为【""】
2021-07-07 00:57:26 bad
2021-07-07 00:57:27 CHB 1328945?1625590646 第 1 次 等待 1 秒
2021-07-07 00:57:28 CHB 1328945?1625590646 第 1 次 获取到号码【1328945】GSD
2021-07-07 00:57:28 获取到号码【1328945】的GSD为【陕西-汉中】
2021-07-07 00:57:48 GSD insert 第 1 次 等待 1 秒
2021-07-07 00:57:49 {"status":"ok","msg":"添加成功！210241"}
2021-07-07 00:57:49 下次操作: 2021-07-07 00:58:05

2021-07-07 00:58:05 开始第 2 次操作

2021-07-07 00:58:05 开始操作号码 【1328944】
2021-07-07 00:58:11 GSD getOne 第 1 次 等待 1 秒
2021-07-07 00:58:12 查询号码 【1328944】，返回信息 {"status":"bad","msg":""}
2021-07-07 00:58:12 查询号码 【1328944】，GSD为【""】
2021-07-07 00:58:12 bad
2021-07-07 00:58:14 CHB 1328944?1625590692 第 1 次 等待 1 秒
2021-07-07 00:58:15 CHB 1328944?1625590692 第 1 次 获取到号码【1328944】GSD
2021-07-07 00:58:15 获取到号码【1328944】的GSD为【陕西-汉中】
2021-07-07 00:58:34 GSD insert 第 1 次 等待 1 秒
2021-07-07 00:58:35 {"status":"ok","msg":"添加成功！210245"}
2021-07-07 00:58:35 下次操作: 2021-07-07 00:58:53

2021-07-07 00:58:53 开始第 3 次操作

2021-07-07 00:58:53 开始操作号码 【1328943】
2021-07-07 00:59:00 GSD getOne 第 1 次 等待 1 秒
2021-07-07 00:59:01 查询号码 【1328943】，返回信息 {"status":"bad","msg":""}
2021-07-07 00:59:01 查询号码 【1328943】，GSD为【""】
2021-07-07 00:59:01 bad
2021-07-07 00:59:07 CHB 1328943?1625590741 第 1 次 等待 1 秒
2021-07-07 00:59:08 CHB 1328943?1625590741 第 1 次 获取到号码【1328943】GSD
2021-07-07 00:59:08 获取到号码【1328943】的GSD为【陕西-宝鸡】
2021-07-07 00:59:28 GSD insert 第 1 次 等待 1 秒
2021-07-07 00:59:29 {"status":"ok","msg":"添加成功！210247"}
2021-07-07 00:59:29 下次操作: 2021-07-07 00:59:39

2021-07-07 00:59:39 开始第 4 次操作

2021-07-07 00:59:39 开始操作号码 【1328942】
2021-07-07 00:59:50 GSD getOne 第 1 次 等待 1 秒
2021-07-07 00:59:51 查询号码 【1328942】，返回信息 {"status":"ok","msg":"陕西-渭南","time_insert":"2021-06-05 13:02","time_update":"2021-06-05 13:05"}
2021-07-07 00:59:51 查询号码 【1328942】，GSD为【"陕西-渭南"】

2021-07-07 00:59:51 开始第 4 次操作

2021-07-07 00:59:51 开始操作号码 【1328941】
2021-07-07 01:00:26 GSD getOne 第 1 次 等待 1 秒
2021-07-07 01:00:27 查询号码 【1328941】，返回信息 {"status":"bad","msg":""}
2021-07-07 01:00:27 查询号码 【1328941】，GSD为【""】
2021-07-07 01:00:27 bad
2021-07-07 01:00:29 CHB 1328941?1625590827 第 1 次 等待 1 秒
2021-07-07 01:00:30 CHB 1328941?1625590827 第 1 次 获取到号码【1328941】GSD
2021-07-07 01:00:30 获取到号码【1328941】的GSD为【陕西-咸阳】
2021-07-07 01:00:51 GSD insert 第 1 次 等待 1 秒
2021-07-07 01:00:52 {"status":"ok","msg":"添加成功！210250"}
2021-07-07 01:00:52 下次操作: 2021-07-07 01:01:07

2021-07-07 01:01:07 开始第 5 次操作

2021-07-07 01:01:07 开始操作号码 【1328940】
2021-07-07 01:01:14 GSD getOne 第 1 次 等待 1 秒
2021-07-07 01:01:15 查询号码 【1328940】，返回信息 {"status":"bad","msg":""}
2021-07-07 01:01:15 查询号码 【1328940】，GSD为【""】
2021-07-07 01:01:15 bad
2021-07-07 01:01:16 CHB 1328940?1625590875 第 1 次 等待 1 秒
2021-07-07 01:01:17 CHB 1328940?1625590875 第 1 次 获取到号码【1328940】GSD
2021-07-07 01:01:18 获取到号码【1328940】的GSD为【陕西-咸阳】
2021-07-07 01:01:37 GSD insert 第 1 次 等待 1 秒
2021-07-07 01:01:38 {"status":"ok","msg":"添加成功！210254"}
2021-07-07 01:01:38 下次操作: 2021-07-07 01:01:54

2021-07-07 01:01:54 开始第 6 次操作

2021-07-07 01:01:54 开始操作号码 【1328939】
2021-07-07 01:01:59 GSD getOne 第 1 次 等待 1 秒
2021-07-07 01:02:00 查询号码 【1328939】，返回信息 {"status":"bad","msg":""}
2021-07-07 01:02:00 查询号码 【1328939】，GSD为【""】
2021-07-07 01:02:00 bad
2021-07-07 01:02:02 CHB 1328939?1625590920 第 1 次 等待 1 秒
2021-07-07 01:02:03 CHB 1328939?1625590920 第 1 次 获取到号码【1328939】GSD
2021-07-07 01:02:03 获取到号码【1328939】的GSD为【陕西-西安】
2021-07-07 01:02:24 GSD insert 第 1 次 等待 1 秒
2021-07-07 01:02:25 {"status":"ok","msg":"添加成功！210258"}
2021-07-07 01:02:25 下次操作: 2021-07-07 01:02:39

2021-07-07 01:02:39 开始第 7 次操作

2021-07-07 01:02:39 开始操作号码 【1328938】
2021-07-07 01:02:45 GSD getOne 第 1 次 等待 1 秒
2021-07-07 01:02:46 查询号码 【1328938】，返回信息 {"status":"ok","msg":"陕西-西安","time_insert":"2019-04-12 15:06","time_update":"2020-12-10 22:30"}
2021-07-07 01:02:46 查询号码 【1328938】，GSD为【"陕西-西安"】

2021-07-07 01:02:46 开始第 7 次操作

2021-07-07 01:02:46 开始操作号码 【1328937】
2021-07-07 01:03:21 GSD getOne 第 1 次 等待 1 秒
2021-07-07 01:03:22 查询号码 【1328937】，返回信息 {"status":"bad","msg":""}
2021-07-07 01:03:23 查询号码 【1328937】，GSD为【""】
2021-07-07 01:03:23 bad
2021-07-07 01:03:24 CHB 1328937?1625591003 第 1 次 等待 1 秒
2021-07-07 01:03:25 CHB 1328937?1625591003 第 1 次 获取到号码【1328937】GSD
2021-07-07 01:03:25 获取到号码【1328937】的GSD为【陕西-西安】
2021-07-07 01:03:47 GSD insert 第 1 次 等待 1 秒
2021-07-07 01:03:48 {"status":"ok","msg":"添加成功！210272"}
2021-07-07 01:03:48 下次操作: 2021-07-07 01:04:03

2021-07-07 01:04:03 开始第 8 次操作

2021-07-07 01:04:03 开始操作号码 【1328936】
2021-07-07 01:04:10 GSD getOne 第 1 次 等待 1 秒
2021-07-07 01:04:11 查询号码 【1328936】，返回信息 {"status":"bad","msg":""}
2021-07-07 01:04:11 查询号码 【1328936】，GSD为【""】
2021-07-07 01:04:11 bad
2021-07-07 01:04:17 CHB 1328936?1625591051 第 1 次 等待 1 秒
2021-07-07 01:04:18 CHB 1328936?1625591051 第 1 次 获取到号码【1328936】GSD
2021-07-07 01:04:18 获取到号码【1328936】的GSD为【陕西-西安】
2021-07-07 01:04:37 GSD insert 第 1 次 等待 1 秒
2021-07-07 01:04:38 {"status":"ok","msg":"添加成功！210277"}
2021-07-07 01:04:38 下次操作: 2021-07-07 01:04:50

2021-07-07 01:04:50 开始第 9 次操作

2021-07-07 01:04:50 开始操作号码 【1328935】
2021-07-07 01:05:01 GSD getOne 第 1 次 等待 1 秒
2021-07-07 01:05:02 查询号码 【1328935】，返回信息 {"status":"bad","msg":""}
2021-07-07 01:05:02 查询号码 【1328935】，GSD为【""】
2021-07-07 01:05:02 bad
2021-07-07 01:05:04 CHB 1328935?1625591102 第 1 次 等待 1 秒
2021-07-07 01:05:05 CHB 1328935?1625591102 第 1 次 获取到号码【1328935】GSD
2021-07-07 01:05:05 获取到号码【1328935】的GSD为【陕西-西安】
2021-07-07 01:05:24 GSD insert 第 1 次 等待 1 秒
2021-07-07 01:05:25 {"status":"ok","msg":"添加成功！210283"}
2021-07-07 01:05:25 下次操作: 2021-07-07 01:05:43

2021-07-07 01:05:43 开始第 10 次操作

2021-07-07 01:05:43 开始操作号码 【1328934】
2021-07-07 01:05:48 GSD getOne 第 1 次 等待 1 秒
2021-07-07 01:05:49 查询号码 【1328934】，返回信息 {"status":"bad","msg":""}
2021-07-07 01:05:49 查询号码 【1328934】，GSD为【""】
2021-07-07 01:05:49 bad
2021-07-07 01:05:51 CHB 1328934?1625591149 第 1 次 等待 1 秒
2021-07-07 01:05:52 CHB 1328934?1625591149 第 1 次 获取到号码【1328934】GSD
2021-07-07 01:05:52 获取到号码【1328934】的GSD为【陕西-西安】
2021-07-07 01:06:11 GSD insert 第 1 次 等待 1 秒
2021-07-07 01:06:12 {"status":"ok","msg":"添加成功！210289"}
2021-07-07 01:06:12 下次操作: 2021-07-07 01:06:18

2021-07-07 01:06:18 开始第 11 次操作

2021-07-07 01:06:18 开始操作号码 【1328933】
2021-07-07 01:06:37 GSD getOne 第 1 次 等待 1 秒
2021-07-07 01:06:38 查询号码 【1328933】，返回信息 {"status":"bad","msg":""}
2021-07-07 01:06:38 查询号码 【1328933】，GSD为【""】
2021-07-07 01:06:38 bad
2021-07-07 01:06:39 CHB 1328933?1625591198 第 1 次 等待 1 秒
2021-07-07 01:06:40 CHB 1328933?1625591198 第 1 次 获取到号码【1328933】GSD
2021-07-07 01:06:40 获取到号码【1328933】的GSD为【陕西-西安】
2021-07-07 01:07:00 GSD insert 第 1 次 等待 1 秒
2021-07-07 01:07:01 {"status":"ok","msg":"添加成功！210296"}
2021-07-07 01:07:01 下次操作: 2021-07-07 01:07:11

2021-07-07 01:07:11 开始第 12 次操作

2021-07-07 01:07:11 开始操作号码 【1328932】
2021-07-07 01:07:23 GSD getOne 第 1 次 等待 1 秒
2021-07-07 01:07:24 查询号码 【1328932】，返回信息 {"status":"bad","msg":""}
2021-07-07 01:07:24 查询号码 【1328932】，GSD为【""】
2021-07-07 01:07:24 bad
2021-07-07 01:07:26 CHB 1328932?1625591244 第 1 次 等待 1 秒
2021-07-07 01:07:27 CHB 1328932?1625591244 第 1 次 获取到号码【1328932】GSD
2021-07-07 01:07:27 获取到号码【1328932】的GSD为【陕西-西安】
2021-07-07 01:07:46 GSD insert 第 1 次 等待 1 秒
2021-07-07 01:07:47 {"status":"ok","msg":"添加成功！210300"}
2021-07-07 01:07:47 下次操作: 2021-07-07 01:07:57

2021-07-07 01:07:57 开始第 13 次操作

2021-07-07 01:07:57 开始操作号码 【1328931】
2021-07-07 01:08:08 GSD getOne 第 1 次 等待 1 秒
2021-07-07 01:08:09 查询号码 【1328931】，返回信息 {"status":"bad","msg":""}
2021-07-07 01:08:09 查询号码 【1328931】，GSD为【""】
2021-07-07 01:08:09 bad
2021-07-07 01:08:11 CHB 1328931?1625591289 第 1 次 等待 1 秒
2021-07-07 01:08:12 CHB 1328931?1625591289 第 1 次 获取到号码【1328931】GSD
2021-07-07 01:08:12 获取到号码【1328931】的GSD为【陕西-西安】
2021-07-07 01:08:34 GSD insert 第 1 次 等待 1 秒
2021-07-07 01:08:35 {"status":"ok","msg":"添加成功！210309"}
2021-07-07 01:08:35 下次操作: 2021-07-07 01:08:49

2021-07-07 01:08:49 开始第 14 次操作

2021-07-07 01:08:49 开始操作号码 【1328930】
2021-07-07 01:08:56 GSD getOne 第 1 次 等待 1 秒
2021-07-07 01:08:57 查询号码 【1328930】，返回信息 {"status":"bad","msg":""}
2021-07-07 01:08:57 查询号码 【1328930】，GSD为【""】
2021-07-07 01:08:57 bad
2021-07-07 01:08:59 CHB 1328930?1625591337 第 1 次 等待 1 秒
2021-07-07 01:09:00 CHB 1328930?1625591337 第 1 次 获取到号码【1328930】GSD
2021-07-07 01:09:00 获取到号码【1328930】的GSD为【陕西-西安】
2021-07-07 01:09:19 GSD insert 第 1 次 等待 1 秒
2021-07-07 01:09:20 {"status":"ok","msg":"添加成功！210319"}
2021-07-07 01:09:20 下次操作: 2021-07-07 01:09:34

2021-07-07 01:09:34 开始第 15 次操作

2021-07-07 01:09:34 开始操作号码 【1328929】
2021-07-07 01:09:41 GSD getOne 第 1 次 等待 1 秒
2021-07-07 01:09:42 查询号码 【1328929】，返回信息 {"status":"ok","msg":"陕西-西安","time_insert":"2014-06-01 17:53","time_update":"2020-12-10 22:34"}
2021-07-07 01:09:42 查询号码 【1328929】，GSD为【"陕西-西安"】

2021-07-07 01:09:42 开始第 15 次操作

2021-07-07 01:09:42 开始操作号码 【1328928】
2021-07-07 01:10:17 GSD getOne 第 1 次 等待 1 秒
2021-07-07 01:10:18 查询号码 【1328928】，返回信息 {"status":"bad","msg":""}
2021-07-07 01:10:18 查询号码 【1328928】，GSD为【""】
2021-07-07 01:10:18 bad
2021-07-07 01:10:20 CHB 1328928?1625591418 第 1 次 等待 1 秒
2021-07-07 01:10:21 CHB 1328928?1625591418 第 1 次 获取到号码【1328928】GSD
2021-07-07 01:10:21 获取到号码【1328928】的GSD为【陕西-西安】
2021-07-07 01:10:41 GSD insert 第 1 次 等待 1 秒
2021-07-07 01:10:42 {"status":"ok","msg":"添加成功！210334"}
2021-07-07 01:10:42 下次操作: 2021-07-07 01:10:51

2021-07-07 01:10:51 开始第 16 次操作

2021-07-07 01:10:51 开始操作号码 【1328927】
2021-07-07 01:11:10 GSD getOne 第 1 次 等待 1 秒
2021-07-07 01:11:11 查询号码 【1328927】，返回信息 {"status":"ok","msg":"陕西-西安","time_insert":"2016-03-30 14:39","time_update":"2020-12-10 22:38"}
2021-07-07 01:11:11 查询号码 【1328927】，GSD为【"陕西-西安"】

2021-07-07 01:11:11 开始第 16 次操作

2021-07-07 01:11:11 开始操作号码 【1328926】
2021-07-07 01:11:46 GSD getOne 第 1 次 等待 1 秒
2021-07-07 01:11:47 查询号码 【1328926】，返回信息 {"status":"bad","msg":""}
2021-07-07 01:11:47 查询号码 【1328926】，GSD为【""】
2021-07-07 01:11:47 bad
2021-07-07 01:11:49 CHB 1328926?1625591507 第 1 次 等待 1 秒
2021-07-07 01:11:50 CHB 1328926?1625591507 第 1 次 获取到号码【1328926】GSD
2021-07-07 01:11:50 获取到号码【1328926】的GSD为【陕西-西安】
2021-07-07 01:12:09 GSD insert 第 1 次 等待 1 秒
2021-07-07 01:12:10 {"status":"ok","msg":"添加成功！210348"}
2021-07-07 01:12:10 下次操作: 2021-07-07 01:12:27

2021-07-07 01:12:27 开始第 17 次操作

2021-07-07 01:12:27 开始操作号码 【1328925】
2021-07-07 01:12:31 GSD getOne 第 1 次 等待 1 秒
2021-07-07 01:12:32 查询号码 【1328925】，返回信息 {"status":"bad","msg":""}
2021-07-07 01:12:32 查询号码 【1328925】，GSD为【""】
2021-07-07 01:12:32 bad
2021-07-07 01:12:34 CHB 1328925?1625591552 第 1 次 等待 1 秒
2021-07-07 01:12:35 CHB 1328925?1625591552 第 1 次 获取到号码【1328925】GSD
2021-07-07 01:12:35 获取到号码【1328925】的GSD为【陕西-西安】
2021-07-07 01:12:54 GSD insert 第 1 次 等待 1 秒
2021-07-07 01:12:55 {"status":"ok","msg":"添加成功！210357"}
2021-07-07 01:12:55 下次操作: 2021-07-07 01:13:10

2021-07-07 01:13:10 开始第 18 次操作

2021-07-07 01:13:10 开始操作号码 【1328924】
2021-07-07 01:13:20 GSD getOne 第 1 次 等待 1 秒
2021-07-07 01:13:21 查询号码 【1328924】，返回信息 {"status":"bad","msg":""}
2021-07-07 01:13:21 查询号码 【1328924】，GSD为【""】
2021-07-07 01:13:21 bad
2021-07-07 01:13:22 CHB 1328924?1625591601 第 1 次 等待 1 秒
2021-07-07 01:13:23 CHB 1328924?1625591601 第 1 次 获取到号码【1328924】GSD
2021-07-07 01:13:23 获取到号码【1328924】的GSD为【陕西-西安】
2021-07-07 01:13:43 GSD insert 第 1 次 等待 1 秒
2021-07-07 01:13:44 {"status":"ok","msg":"添加成功！210364"}
2021-07-07 01:13:44 下次操作: 2021-07-07 01:13:59

2021-07-07 01:13:59 开始第 19 次操作

2021-07-07 01:13:59 开始操作号码 【1328923】
2021-07-07 01:14:08 GSD getOne 第 1 次 等待 1 秒
2021-07-07 01:14:09 查询号码 【1328923】，返回信息 {"status":"bad","msg":""}
2021-07-07 01:14:10 查询号码 【1328923】，GSD为【""】
2021-07-07 01:14:10 bad
2021-07-07 01:14:15 CHB 1328923?1625591650 第 1 次 等待 1 秒
2021-07-07 01:14:16 CHB 1328923?1625591650 第 1 次 获取到号码【1328923】GSD
2021-07-07 01:14:16 获取到号码【1328923】的GSD为【陕西-西安】
2021-07-07 01:14:35 GSD insert 第 1 次 等待 1 秒
2021-07-07 01:14:36 {"status":"ok","msg":"添加成功！210371"}
2021-07-07 01:14:36 下次操作: 2021-07-07 01:14:47

2021-07-07 01:14:47 开始第 20 次操作

2021-07-07 01:14:47 开始操作号码 【1328922】
2021-07-07 01:14:58 GSD getOne 第 1 次 等待 1 秒
2021-07-07 01:14:59 查询号码 【1328922】，返回信息 {"status":"bad","msg":""}
2021-07-07 01:14:59 查询号码 【1328922】，GSD为【""】
2021-07-07 01:14:59 bad
2021-07-07 01:15:04 CHB 1328922?1625591699 第 1 次 等待 1 秒
2021-07-07 01:15:05 CHB 1328922?1625591699 第 1 次 获取到号码【1328922】GSD
2021-07-07 01:15:05 获取到号码【1328922】的GSD为【陕西-西安】
2021-07-07 01:15:24 GSD insert 第 1 次 等待 1 秒
2021-07-07 01:15:25 {"status":"ok","msg":"添加成功！210376"}
2021-07-07 01:15:25 下次操作: 2021-07-07 01:15:33

2021-07-07 01:15:33 开始第 21 次操作

2021-07-07 01:15:33 开始操作号码 【1328921】
2021-07-07 01:15:52 GSD getOne 第 1 次 等待 1 秒
2021-07-07 01:15:53 查询号码 【1328921】，返回信息 {"status":"ok","msg":"陕西-西安","time_insert":"2018-04-19 21:17","time_update":"2020-12-10 22:42"}
2021-07-07 01:15:54 查询号码 【1328921】，GSD为【"陕西-西安"】

2021-07-07 01:15:54 开始第 21 次操作

2021-07-07 01:15:54 开始操作号码 【1328920】
2021-07-07 01:16:29 GSD getOne 第 1 次 等待 1 秒
2021-07-07 01:16:30 查询号码 【1328920】，返回信息 {"status":"bad","msg":""}
2021-07-07 01:16:30 查询号码 【1328920】，GSD为【""】
2021-07-07 01:16:30 bad
2021-07-07 01:16:32 CHB 1328920?1625591790 第 1 次 等待 1 秒
2021-07-07 01:16:33 CHB 1328920?1625591790 第 1 次 获取到号码【1328920】GSD
2021-07-07 01:16:33 获取到号码【1328920】的GSD为【陕西-西安】
2021-07-07 01:16:53 GSD insert 第 1 次 等待 1 秒
2021-07-07 01:16:54 {"status":"ok","msg":"添加成功！210389"}
2021-07-07 01:16:54 下次操作: 2021-07-07 01:17:05

2021-07-07 01:17:05 开始第 22 次操作

2021-07-07 01:17:05 开始操作号码 【1328919】
2021-07-07 01:17:16 GSD getOne 第 1 次 等待 1 秒
2021-07-07 01:17:17 查询号码 【1328919】，返回信息 {"status":"bad","msg":""}
2021-07-07 01:17:17 查询号码 【1328919】，GSD为【""】
2021-07-07 01:17:17 bad
2021-07-07 01:17:19 CHB 1328919?1625591837 第 1 次 等待 1 秒
2021-07-07 01:17:20 CHB 1328919?1625591837 第 1 次 获取到号码【1328919】GSD
2021-07-07 01:17:20 获取到号码【1328919】的GSD为【陕西-宝鸡】
2021-07-07 01:17:40 GSD insert 第 1 次 等待 1 秒
2021-07-07 01:17:41 {"status":"ok","msg":"添加成功！210395"}
2021-07-07 01:17:41 下次操作: 2021-07-07 01:17:49

2021-07-07 01:17:49 开始第 23 次操作

2021-07-07 01:17:49 开始操作号码 【1328918】
2021-07-07 01:18:09 GSD getOne 第 1 次 等待 1 秒
2021-07-07 01:18:10 查询号码 【1328918】，返回信息 {"status":"bad","msg":""}
2021-07-07 01:18:10 查询号码 【1328918】，GSD为【""】
2021-07-07 01:18:10 bad
2021-07-07 01:18:11 CHB 1328918?1625591890 第 1 次 等待 1 秒
2021-07-07 01:18:12 CHB 1328918?1625591890 第 1 次 获取到号码【1328918】GSD
2021-07-07 01:18:12 获取到号码【1328918】的GSD为【陕西-宝鸡】
2021-07-07 01:18:32 GSD insert 第 1 次 等待 1 秒
2021-07-07 01:18:33 {"status":"ok","msg":"添加成功！210401"}
2021-07-07 01:18:33 下次操作: 2021-07-07 01:18:51

2021-07-07 01:18:51 开始第 24 次操作

2021-07-07 01:18:51 开始操作号码 【1328917】
2021-07-07 01:18:54 GSD getOne 第 1 次 等待 1 秒
2021-07-07 01:18:55 查询号码 【1328917】，返回信息 {"status":"bad","msg":""}
2021-07-07 01:18:55 查询号码 【1328917】，GSD为【""】
2021-07-07 01:18:55 bad
2021-07-07 01:18:57 CHB 1328917?1625591935 第 1 次 等待 1 秒
2021-07-07 01:18:58 CHB 1328917?1625591935 第 1 次 获取到号码【1328917】GSD
2021-07-07 01:18:58 获取到号码【1328917】的GSD为【陕西-宝鸡】
2021-07-07 01:19:17 GSD insert 第 1 次 等待 1 秒
2021-07-07 01:19:18 {"status":"ok","msg":"添加成功！210407"}
2021-07-07 01:19:18 下次操作: 2021-07-07 01:19:36

2021-07-07 01:19:36 开始第 25 次操作

2021-07-07 01:19:36 开始操作号码 【1328916】
2021-07-07 01:19:40 GSD getOne 第 1 次 等待 1 秒
2021-07-07 01:19:41 查询号码 【1328916】，返回信息 {"status":"bad","msg":""}
2021-07-07 01:19:41 查询号码 【1328916】，GSD为【""】
2021-07-07 01:19:41 bad
2021-07-07 01:19:43 CHB 1328916?1625591981 第 1 次 等待 1 秒
2021-07-07 01:19:44 CHB 1328916?1625591981 第 1 次 获取到号码【1328916】GSD
2021-07-07 01:19:44 获取到号码【1328916】的GSD为【陕西-汉中】
2021-07-07 01:20:06 GSD insert 第 1 次 等待 1 秒
2021-07-07 01:20:07 {"status":"ok","msg":"添加成功！210412"}
2021-07-07 01:20:07 下次操作: 2021-07-07 01:20:15

2021-07-07 01:20:15 开始第 26 次操作

2021-07-07 01:20:15 开始操作号码 【1328915】
2021-07-07 01:20:34 GSD getOne 第 1 次 等待 1 秒
2021-07-07 01:20:35 查询号码 【1328915】，返回信息 {"status":"bad","msg":""}
2021-07-07 01:20:35 查询号码 【1328915】，GSD为【""】
2021-07-07 01:20:35 bad
2021-07-07 01:20:37 CHB 1328915?1625592035 第 1 次 等待 1 秒
2021-07-07 01:20:38 CHB 1328915?1625592035 第 1 次 获取到号码【1328915】GSD
2021-07-07 01:20:38 获取到号码【1328915】的GSD为【陕西-安康】
2021-07-07 01:20:57 GSD insert 第 1 次 等待 1 秒
2021-07-07 01:20:58 {"status":"ok","msg":"添加成功！210418"}
2021-07-07 01:20:58 下次操作: 2021-07-07 01:21:08

2021-07-07 01:21:08 开始第 27 次操作

2021-07-07 01:21:08 开始操作号码 【1328914】
2021-07-07 01:21:19 GSD getOne 第 1 次 等待 1 秒
2021-07-07 01:21:20 查询号码 【1328914】，返回信息 {"status":"bad","msg":""}
2021-07-07 01:21:20 查询号码 【1328914】，GSD为【""】
2021-07-07 01:21:20 bad
2021-07-07 01:21:22 CHB 1328914?1625592080 第 1 次 等待 1 秒
2021-07-07 01:21:23 CHB 1328914?1625592080 第 1 次 获取到号码【1328914】GSD
2021-07-07 01:21:23 获取到号码【1328914】的GSD为【陕西-商洛】
2021-07-07 01:21:46 GSD insert 第 1 次 等待 1 秒
2021-07-07 01:21:47 {"status":"ok","msg":"添加成功！210422"}
2021-07-07 01:21:47 下次操作: 2021-07-07 01:21:56

2021-07-07 01:21:56 开始第 28 次操作

2021-07-07 01:21:56 开始操作号码 【1328913】
2021-07-07 01:22:15 GSD getOne 第 1 次 等待 1 秒
2021-07-07 01:22:16 查询号码 【1328913】，返回信息 {"status":"bad","msg":""}
2021-07-07 01:22:16 查询号码 【1328913】，GSD为【""】
2021-07-07 01:22:16 bad
2021-07-07 01:22:18 CHB 1328913?1625592136 第 1 次 等待 1 秒
2021-07-07 01:22:19 CHB 1328913?1625592136 第 1 次 获取到号码【1328913】GSD
2021-07-07 01:22:19 获取到号码【1328913】的GSD为【陕西-渭南】
2021-07-07 01:22:38 GSD insert 第 1 次 等待 1 秒
2021-07-07 01:22:39 {"status":"ok","msg":"添加成功！210427"}
2021-07-07 01:22:39 下次操作: 2021-07-07 01:22:48

2021-07-07 01:22:48 开始第 29 次操作

2021-07-07 01:22:48 开始操作号码 【1328912】
2021-07-07 01:23:07 GSD getOne 第 1 次 等待 1 秒
2021-07-07 01:23:08 查询号码 【1328912】，返回信息 {"status":"bad","msg":""}
2021-07-07 01:23:09 查询号码 【1328912】，GSD为【""】
2021-07-07 01:23:09 bad
2021-07-07 01:23:10 CHB 1328912?1625592189 第 1 次 等待 1 秒
2021-07-07 01:23:11 CHB 1328912?1625592189 第 1 次 获取到号码【1328912】GSD
2021-07-07 01:23:11 获取到号码【1328912】的GSD为【陕西-榆林】
2021-07-07 01:23:31 GSD insert 第 1 次 等待 1 秒
2021-07-07 01:23:32 {"status":"ok","msg":"添加成功！210433"}
2021-07-07 01:23:32 下次操作: 2021-07-07 01:23:46

2021-07-07 01:23:46 开始第 30 次操作

2021-07-07 01:23:46 开始操作号码 【1328911】
2021-07-07 01:23:53 GSD getOne 第 1 次 等待 1 秒
2021-07-07 01:23:54 查询号码 【1328911】，返回信息 {"status":"bad","msg":""}
2021-07-07 01:23:54 查询号码 【1328911】，GSD为【""】
2021-07-07 01:23:54 bad
2021-07-07 01:23:55 CHB 1328911?1625592234 第 1 次 等待 1 秒
2021-07-07 01:23:56 CHB 1328911?1625592234 第 1 次 获取到号码【1328911】GSD
2021-07-07 01:23:56 获取到号码【1328911】的GSD为【陕西-延安】
2021-07-07 01:24:15 GSD insert 第 1 次 等待 1 秒
2021-07-07 01:24:16 {"status":"ok","msg":"添加成功！210438"}

