2024-04-26 00:21:45 开始第 5481 次操作

2024-04-26 00:21:45 开始操作号码 【1585394】
2024-04-26 00:22:24 GSD getOne 第 1 次 等待 3 秒
2024-04-26 00:22:27 查询号码 【1585394】，返回信息 {"status":"ok","msg":"山东-临沂","gid":"386654","time_insert":"2021-07-25 07:20"}
2024-04-26 00:22:27 查询号码 【1585394】，GSD为【"山东-临沂"】

2024-04-26 00:22:28 开始第 5482 次操作

2024-04-26 00:22:28 开始操作号码 【1585395】
2024-04-26 00:22:34 GSD getOne 第 1 次 等待 3 秒
2024-04-26 00:22:37 查询号码 【1585395】，返回信息 {"status":"ok","msg":"山东-临沂","gid":"386670","time_insert":"2021-07-25 07:29"}
2024-04-26 00:22:37 查询号码 【1585395】，GSD为【"山东-临沂"】

2024-04-26 00:22:38 开始第 5483 次操作

2024-04-26 00:22:38 开始操作号码 【1585396】
2024-04-26 00:22:45 GSD getOne 第 1 次 等待 3 秒
2024-04-26 00:22:48 查询号码 【1585396】，返回信息 {"status":"ok","msg":"山东-临沂","gid":"386698","time_insert":"2021-07-25 07:37"}
2024-04-26 00:22:48 查询号码 【1585396】，GSD为【"山东-临沂"】

2024-04-26 00:22:49 开始第 5484 次操作

2024-04-26 00:22:49 开始操作号码 【1585397】
2024-04-26 00:22:59 GSD getOne 第 1 次 等待 3 秒
2024-04-26 00:23:02 查询号码 【1585397】，返回信息 {"status":"ok","msg":"山东-临沂","gid":"386841","time_insert":"2021-07-25 07:47"}
2024-04-26 00:23:02 查询号码 【1585397】，GSD为【"山东-临沂"】

