2024-04-19 00:22:14 开始第 4241 次操作

2024-04-19 00:22:14 开始操作号码 【1584155】
2024-04-19 00:22:26 GSD getOne 第 1 次 等待 3 秒
2024-04-19 00:22:29 查询号码 【1584155】，返回信息 {"status":"ok","msg":"辽宁-丹东","gid":"303975","time_insert":"2021-07-17 14:49"}
2024-04-19 00:22:29 查询号码 【1584155】，GSD为【"辽宁-丹东"】

2024-04-19 00:22:30 开始第 4242 次操作

2024-04-19 00:22:30 开始操作号码 【1584156】
2024-04-19 00:22:39 GSD getOne 第 1 次 等待 3 秒
2024-04-19 00:22:42 查询号码 【1584156】，返回信息 {"status":"ok","msg":"辽宁-丹东","gid":"304270","time_insert":"2021-07-17 15:09"}
2024-04-19 00:22:42 查询号码 【1584156】，GSD为【"辽宁-丹东"】

2024-04-19 00:22:43 开始第 4243 次操作

2024-04-19 00:22:43 开始操作号码 【1584157】
2024-04-19 00:22:50 GSD getOne 第 1 次 等待 3 秒
2024-04-19 00:22:53 查询号码 【1584157】，返回信息 {"status":"ok","msg":"辽宁-丹东","gid":"24966","time_insert":"2018-03-12 10:06","time_update":"2020-08-20 10:15"}
2024-04-19 00:22:53 查询号码 【1584157】，GSD为【"辽宁-丹东"】

2024-04-19 00:22:54 开始第 4244 次操作

2024-04-19 00:22:54 开始操作号码 【1584158】
2024-04-19 00:22:58 GSD getOne 第 1 次 等待 3 秒
2024-04-19 00:23:01 查询号码 【1584158】，返回信息 {"status":"ok","msg":"辽宁-丹东","gid":"304387","time_insert":"2021-07-17 15:24"}
2024-04-19 00:23:01 查询号码 【1584158】，GSD为【"辽宁-丹东"】

