2024-08-20 00:21:23 开始第 105 次操作

2024-08-20 00:21:23 开始操作号码 【1360104】
2024-08-20 00:21:31 GSD getOne 第 1 次 等待 3 秒
2024-08-20 00:21:34 查询号码 【1360104】，返回信息 {"status":"ok","msg":"北京-北京","gid":"58195","time_insert":"2021-05-13 19:50"}
2024-08-20 00:21:34 查询号码 【1360104】，GSD为【"北京-北京"】

2024-08-20 00:21:35 开始第 106 次操作

2024-08-20 00:21:35 开始操作号码 【1360105】
2024-08-20 00:21:42 GSD getOne 第 1 次 等待 3 秒
2024-08-20 00:21:45 查询号码 【1360105】，返回信息 {"status":"ok","msg":"北京-北京","gid":"58202","time_insert":"2021-05-13 20:12"}
2024-08-20 00:21:45 查询号码 【1360105】，GSD为【"北京-北京"】

2024-08-20 00:21:46 开始第 107 次操作

2024-08-20 00:21:46 开始操作号码 【1360106】
2024-08-20 00:21:57 GSD getOne 第 1 次 等待 3 秒
2024-08-20 00:22:00 查询号码 【1360106】，返回信息 {"status":"ok","msg":"北京-北京","gid":"7289","time_insert":"2017-06-07 10:13","time_update":"2020-12-26 18:44"}
2024-08-20 00:22:00 查询号码 【1360106】，GSD为【"北京-北京"】

2024-08-20 00:22:01 开始第 108 次操作

2024-08-20 00:22:01 开始操作号码 【1360107】
2024-08-20 00:22:08 GSD getOne 第 1 次 等待 3 秒
2024-08-20 00:22:11 查询号码 【1360107】，返回信息 {"status":"ok","msg":"北京-北京","gid":"58209","time_insert":"2021-05-13 20:29"}
2024-08-20 00:22:11 查询号码 【1360107】，GSD为【"北京-北京"】

2024-08-20 00:41:07 开始第 109 次操作

2024-08-20 00:41:07 开始操作号码 【1360108】
2024-08-20 00:41:15 GSD getOne 第 1 次 等待 3 秒
2024-08-20 00:41:18 查询号码 【1360108】，返回信息 {"status":"ok","msg":"北京-北京","gid":"58218","time_insert":"2021-05-13 20:54"}
2024-08-20 00:41:18 查询号码 【1360108】，GSD为【"北京-北京"】

2024-08-20 00:41:19 开始第 110 次操作

2024-08-20 00:41:19 开始操作号码 【1360109】
2024-08-20 00:41:30 GSD getOne 第 1 次 等待 3 秒
2024-08-20 00:41:33 查询号码 【1360109】，返回信息 {"status":"ok","msg":"北京-北京","gid":"58226","time_insert":"2021-05-13 21:22"}
2024-08-20 00:41:33 查询号码 【1360109】，GSD为【"北京-北京"】

2024-08-20 00:41:34 开始第 111 次操作

2024-08-20 00:41:34 开始操作号码 【1360110】
2024-08-20 00:41:42 GSD getOne 第 1 次 等待 3 秒
2024-08-20 00:41:45 查询号码 【1360110】，返回信息 {"status":"ok","msg":"北京-北京","gid":"7290","time_insert":"2017-05-20 17:50","time_update":"2020-12-26 18:34"}
2024-08-20 00:41:45 查询号码 【1360110】，GSD为【"北京-北京"】

2024-08-20 00:41:46 开始第 112 次操作

2024-08-20 00:41:46 开始操作号码 【1360111】
2024-08-20 00:41:54 GSD getOne 第 1 次 等待 3 秒
2024-08-20 00:41:57 查询号码 【1360111】，返回信息 {"status":"ok","msg":"北京-北京","gid":"58235","time_insert":"2021-05-13 21:47"}
2024-08-20 00:41:57 查询号码 【1360111】，GSD为【"北京-北京"】

2024-08-20 01:16:45 开始第 113 次操作

2024-08-20 01:16:45 开始操作号码 【1360112】
2024-08-20 01:16:54 GSD getOne 第 1 次 等待 3 秒
2024-08-20 01:16:57 查询号码 【1360112】，返回信息 {"status":"ok","msg":"北京-北京","gid":"58242","time_insert":"2021-05-13 22:04"}
2024-08-20 01:16:57 查询号码 【1360112】，GSD为【"北京-北京"】

2024-08-20 01:16:58 开始第 114 次操作

2024-08-20 01:16:58 开始操作号码 【1360113】
2024-08-20 01:17:05 GSD getOne 第 1 次 等待 3 秒
2024-08-20 01:17:08 查询号码 【1360113】，返回信息 {"status":"ok","msg":"北京-北京","gid":"58251","time_insert":"2021-05-13 22:30"}
2024-08-20 01:17:08 查询号码 【1360113】，GSD为【"北京-北京"】

2024-08-20 01:17:09 开始第 115 次操作

2024-08-20 01:17:09 开始操作号码 【1360114】
2024-08-20 01:17:18 GSD getOne 第 1 次 等待 3 秒
2024-08-20 01:17:21 查询号码 【1360114】，返回信息 {"status":"ok","msg":"北京-北京","gid":"58261","time_insert":"2021-05-13 22:51"}
2024-08-20 01:17:21 查询号码 【1360114】，GSD为【"北京-北京"】

2024-08-20 01:17:22 开始第 116 次操作

2024-08-20 01:17:22 开始操作号码 【1360115】
2024-08-20 01:17:30 GSD getOne 第 1 次 等待 3 秒
2024-08-20 01:17:33 查询号码 【1360115】，返回信息 {"status":"ok","msg":"北京-北京","gid":"58267","time_insert":"2021-05-13 23:08"}
2024-08-20 01:17:33 查询号码 【1360115】，GSD为【"北京-北京"】

2024-08-20 01:37:19 开始第 117 次操作

2024-08-20 01:37:19 开始操作号码 【1360116】
2024-08-20 01:37:27 GSD getOne 第 1 次 等待 3 秒
2024-08-20 01:37:30 查询号码 【1360116】，返回信息 {"status":"ok","msg":"北京-北京","gid":"58275","time_insert":"2021-05-13 23:36"}
2024-08-20 01:37:30 查询号码 【1360116】，GSD为【"北京-北京"】

2024-08-20 01:37:31 开始第 118 次操作

2024-08-20 01:37:31 开始操作号码 【1360117】
2024-08-20 01:37:39 GSD getOne 第 1 次 等待 3 秒
2024-08-20 01:37:42 查询号码 【1360117】，返回信息 {"status":"ok","msg":"北京-北京","gid":"58281","time_insert":"2021-05-13 23:54"}
2024-08-20 01:37:42 查询号码 【1360117】，GSD为【"北京-北京"】

2024-08-20 01:37:43 开始第 119 次操作

2024-08-20 01:37:43 开始操作号码 【1360118】
2024-08-20 01:37:50 GSD getOne 第 1 次 等待 3 秒
2024-08-20 01:37:53 查询号码 【1360118】，返回信息 {"status":"ok","msg":"北京-北京","gid":"58287","time_insert":"2021-05-14 00:17"}
2024-08-20 01:37:53 查询号码 【1360118】，GSD为【"北京-北京"】

2024-08-20 01:37:54 开始第 120 次操作

2024-08-20 01:37:54 开始操作号码 【1360119】
2024-08-20 01:38:02 GSD getOne 第 1 次 等待 3 秒
2024-08-20 01:38:05 查询号码 【1360119】，返回信息 {"status":"ok","msg":"北京-北京","gid":"58294","time_insert":"2021-05-14 00:43"}
2024-08-20 01:38:05 查询号码 【1360119】，GSD为【"北京-北京"】

2024-08-20 02:23:14 开始第 121 次操作

2024-08-20 02:23:14 开始操作号码 【1360120】
2024-08-20 02:23:22 GSD getOne 第 1 次 等待 3 秒
2024-08-20 02:23:25 查询号码 【1360120】，返回信息 {"status":"ok","msg":"北京-北京","gid":"58301","time_insert":"2021-05-14 01:10"}
2024-08-20 02:23:25 查询号码 【1360120】，GSD为【"北京-北京"】

2024-08-20 02:23:26 开始第 122 次操作

2024-08-20 02:23:26 开始操作号码 【1360121】
2024-08-20 02:23:34 GSD getOne 第 1 次 等待 3 秒
2024-08-20 02:23:37 查询号码 【1360121】，返回信息 {"status":"ok","msg":"北京-北京","gid":"58306","time_insert":"2021-05-14 01:27"}
2024-08-20 02:23:37 查询号码 【1360121】，GSD为【"北京-北京"】

2024-08-20 02:23:38 开始第 123 次操作

2024-08-20 02:23:38 开始操作号码 【1360122】
2024-08-20 02:23:46 GSD getOne 第 1 次 等待 3 秒
2024-08-20 02:23:49 查询号码 【1360122】，返回信息 {"status":"ok","msg":"北京-北京","gid":"58312","time_insert":"2021-05-14 01:47"}
2024-08-20 02:23:49 查询号码 【1360122】，GSD为【"北京-北京"】

2024-08-20 02:23:50 开始第 124 次操作

2024-08-20 02:23:50 开始操作号码 【1360123】
2024-08-20 02:24:06 GSD getOne 第 1 次 等待 3 秒
2024-08-20 02:24:09 查询号码 【1360123】，返回信息 {"status":"ok","msg":"北京-北京","gid":"58319","time_insert":"2021-05-14 02:12"}
2024-08-20 02:24:09 查询号码 【1360123】，GSD为【"北京-北京"】

2024-08-20 02:40:49 开始第 125 次操作

2024-08-20 02:40:49 开始操作号码 【1360124】
2024-08-20 02:40:57 GSD getOne 第 1 次 等待 3 秒
2024-08-20 02:41:00 查询号码 【1360124】，返回信息 {"status":"ok","msg":"北京-北京","gid":"58327","time_insert":"2021-05-14 02:39"}
2024-08-20 02:41:00 查询号码 【1360124】，GSD为【"北京-北京"】

2024-08-20 02:41:01 开始第 126 次操作

2024-08-20 02:41:01 开始操作号码 【1360125】
2024-08-20 02:41:09 GSD getOne 第 1 次 等待 3 秒
2024-08-20 02:41:12 查询号码 【1360125】，返回信息 {"status":"ok","msg":"北京-北京","gid":"58332","time_insert":"2021-05-14 02:54"}
2024-08-20 02:41:12 查询号码 【1360125】，GSD为【"北京-北京"】

2024-08-20 02:41:13 开始第 127 次操作

2024-08-20 02:41:13 开始操作号码 【1360126】
2024-08-20 02:41:21 GSD getOne 第 1 次 等待 3 秒
2024-08-20 02:41:24 查询号码 【1360126】，返回信息 {"status":"ok","msg":"北京-北京","gid":"58338","time_insert":"2021-05-14 03:16"}
2024-08-20 02:41:24 查询号码 【1360126】，GSD为【"北京-北京"】

2024-08-20 02:41:25 开始第 128 次操作

2024-08-20 02:41:25 开始操作号码 【1360127】
2024-08-20 02:41:33 GSD getOne 第 1 次 等待 3 秒
2024-08-20 02:41:36 查询号码 【1360127】，返回信息 {"status":"ok","msg":"北京-北京","gid":"58346","time_insert":"2021-05-14 03:41"}
2024-08-20 02:41:36 查询号码 【1360127】，GSD为【"北京-北京"】

2024-08-20 03:15:00 开始第 129 次操作

2024-08-20 03:15:00 开始操作号码 【1360128】
2024-08-20 03:15:08 GSD getOne 第 1 次 等待 3 秒
2024-08-20 03:15:11 查询号码 【1360128】，返回信息 {"status":"ok","msg":"北京-北京","gid":"58354","time_insert":"2021-05-14 04:07"}
2024-08-20 03:15:12 查询号码 【1360128】，GSD为【"北京-北京"】

2024-08-20 03:15:13 开始第 130 次操作

2024-08-20 03:15:13 开始操作号码 【1360129】
2024-08-20 03:15:20 GSD getOne 第 1 次 等待 3 秒
2024-08-20 03:15:23 查询号码 【1360129】，返回信息 {"status":"ok","msg":"北京-北京","gid":"58362","time_insert":"2021-05-14 04:25"}
2024-08-20 03:15:23 查询号码 【1360129】，GSD为【"北京-北京"】

2024-08-20 03:15:24 开始第 131 次操作

2024-08-20 03:15:24 开始操作号码 【1360130】
2024-08-20 03:15:32 GSD getOne 第 1 次 等待 3 秒
2024-08-20 03:15:35 查询号码 【1360130】，返回信息 {"status":"ok","msg":"北京-北京","gid":"58368","time_insert":"2021-05-14 04:51"}
2024-08-20 03:15:35 查询号码 【1360130】，GSD为【"北京-北京"】

2024-08-20 03:15:36 开始第 132 次操作

2024-08-20 03:15:36 开始操作号码 【1360131】
2024-08-20 03:15:44 GSD getOne 第 1 次 等待 3 秒
2024-08-20 03:15:47 查询号码 【1360131】，返回信息 {"status":"ok","msg":"北京-北京","gid":"58376","time_insert":"2021-05-14 05:10"}
2024-08-20 03:15:47 查询号码 【1360131】，GSD为【"北京-北京"】

2024-08-20 03:37:54 开始第 133 次操作

2024-08-20 03:37:54 开始操作号码 【1360132】
2024-08-20 03:38:02 GSD getOne 第 1 次 等待 3 秒
2024-08-20 03:38:05 查询号码 【1360132】，返回信息 {"status":"ok","msg":"北京-北京","gid":"58387","time_insert":"2021-05-14 05:38"}
2024-08-20 03:38:05 查询号码 【1360132】，GSD为【"北京-北京"】

2024-08-20 03:38:06 开始第 134 次操作

2024-08-20 03:38:06 开始操作号码 【1360133】
2024-08-20 03:38:17 GSD getOne 第 1 次 等待 3 秒
2024-08-20 03:38:20 查询号码 【1360133】，返回信息 {"status":"ok","msg":"北京-北京","gid":"58392","time_insert":"2021-05-14 06:05"}
2024-08-20 03:38:20 查询号码 【1360133】，GSD为【"北京-北京"】

2024-08-20 03:38:21 开始第 135 次操作

2024-08-20 03:38:21 开始操作号码 【1360134】
2024-08-20 03:38:28 GSD getOne 第 1 次 等待 3 秒
2024-08-20 03:38:31 查询号码 【1360134】，返回信息 {"status":"ok","msg":"北京-北京","gid":"58400","time_insert":"2021-05-14 06:26"}
2024-08-20 03:38:31 查询号码 【1360134】，GSD为【"北京-北京"】

2024-08-20 03:38:32 开始第 136 次操作

2024-08-20 03:38:32 开始操作号码 【1360135】
2024-08-20 03:38:40 GSD getOne 第 1 次 等待 3 秒
2024-08-20 03:38:43 查询号码 【1360135】，返回信息 {"status":"ok","msg":"北京-北京","gid":"58408","time_insert":"2021-05-14 06:54"}
2024-08-20 03:38:43 查询号码 【1360135】，GSD为【"北京-北京"】

2024-08-20 04:17:52 开始第 137 次操作

2024-08-20 04:17:52 开始操作号码 【1360136】
2024-08-20 04:18:00 GSD getOne 第 1 次 等待 3 秒
2024-08-20 04:18:03 查询号码 【1360136】，返回信息 {"status":"ok","msg":"北京-北京","gid":"58413","time_insert":"2021-05-14 07:13"}
2024-08-20 04:18:03 查询号码 【1360136】，GSD为【"北京-北京"】

2024-08-20 04:18:04 开始第 138 次操作

2024-08-20 04:18:04 开始操作号码 【1360137】
2024-08-20 04:18:12 GSD getOne 第 1 次 等待 3 秒
2024-08-20 04:18:15 查询号码 【1360137】，返回信息 {"status":"ok","msg":"北京-北京","gid":"58421","time_insert":"2021-05-14 07:38"}
2024-08-20 04:18:15 查询号码 【1360137】，GSD为【"北京-北京"】

2024-08-20 04:18:16 开始第 139 次操作

2024-08-20 04:18:16 开始操作号码 【1360138】
2024-08-20 04:18:24 GSD getOne 第 1 次 等待 3 秒
2024-08-20 04:18:27 查询号码 【1360138】，返回信息 {"status":"ok","msg":"北京-北京","gid":"58427","time_insert":"2021-05-14 07:55"}
2024-08-20 04:18:27 查询号码 【1360138】，GSD为【"北京-北京"】

2024-08-20 04:18:28 开始第 140 次操作

2024-08-20 04:18:28 开始操作号码 【1360139】
2024-08-20 04:18:35 GSD getOne 第 1 次 等待 3 秒
2024-08-20 04:18:38 查询号码 【1360139】，返回信息 {"status":"ok","msg":"北京-北京","gid":"58434","time_insert":"2021-05-14 08:10"}
2024-08-20 04:18:38 查询号码 【1360139】，GSD为【"北京-北京"】

2024-08-20 04:38:26 开始第 141 次操作

2024-08-20 04:38:26 开始操作号码 【1360140】
2024-08-20 04:38:34 GSD getOne 第 1 次 等待 3 秒
2024-08-20 04:38:37 查询号码 【1360140】，返回信息 {"status":"ok","msg":"江苏-南京","gid":"58444","time_insert":"2021-05-14 08:38"}
2024-08-20 04:38:37 查询号码 【1360140】，GSD为【"江苏-南京"】

2024-08-20 04:38:38 开始第 142 次操作

2024-08-20 04:38:38 开始操作号码 【1360141】
2024-08-20 04:38:46 GSD getOne 第 1 次 等待 3 秒
2024-08-20 04:38:49 查询号码 【1360141】，返回信息 {"status":"ok","msg":"江苏-盐城","gid":"58450","time_insert":"2021-05-14 08:55"}
2024-08-20 04:38:49 查询号码 【1360141】，GSD为【"江苏-盐城"】

2024-08-20 04:38:50 开始第 143 次操作

2024-08-20 04:38:50 开始操作号码 【1360142】
2024-08-20 04:38:59 GSD getOne 第 1 次 等待 3 秒
2024-08-20 04:39:02 查询号码 【1360142】，返回信息 {"status":"ok","msg":"江苏-盐城","gid":"58457","time_insert":"2021-05-14 09:11"}
2024-08-20 04:39:02 查询号码 【1360142】，GSD为【"江苏-盐城"】

2024-08-20 04:39:03 开始第 144 次操作

2024-08-20 04:39:03 开始操作号码 【1360143】
2024-08-20 04:39:11 GSD getOne 第 1 次 等待 3 秒
2024-08-20 04:39:14 查询号码 【1360143】，返回信息 {"status":"ok","msg":"江苏-南京","gid":"58463","time_insert":"2021-05-14 09:31"}
2024-08-20 04:39:14 查询号码 【1360143】，GSD为【"江苏-南京"】

2024-08-20 05:18:55 开始第 145 次操作

2024-08-20 05:18:55 开始操作号码 【1360144】
2024-08-20 05:19:04 GSD getOne 第 1 次 等待 3 秒
2024-08-20 05:19:07 查询号码 【1360144】，返回信息 {"status":"ok","msg":"江苏-扬州","gid":"58473","time_insert":"2021-05-14 09:58"}
2024-08-20 05:19:07 查询号码 【1360144】，GSD为【"江苏-扬州"】

2024-08-20 05:19:08 开始第 146 次操作

2024-08-20 05:19:08 开始操作号码 【1360145】
2024-08-20 05:19:16 GSD getOne 第 1 次 等待 3 秒
2024-08-20 05:19:19 查询号码 【1360145】，返回信息 {"status":"ok","msg":"江苏-南京","gid":"58483","time_insert":"2021-05-14 10:25"}
2024-08-20 05:19:19 查询号码 【1360145】，GSD为【"江苏-南京"】

2024-08-20 05:19:20 开始第 147 次操作

2024-08-20 05:19:20 开始操作号码 【1360146】
2024-08-20 05:19:28 GSD getOne 第 1 次 等待 3 秒
2024-08-20 05:19:31 查询号码 【1360146】，返回信息 {"status":"ok","msg":"江苏-南京","gid":"58493","time_insert":"2021-05-14 10:55"}
2024-08-20 05:19:31 查询号码 【1360146】，GSD为【"江苏-南京"】

2024-08-20 05:19:32 开始第 148 次操作

2024-08-20 05:19:32 开始操作号码 【1360147】
2024-08-20 05:19:40 GSD getOne 第 1 次 等待 3 秒
2024-08-20 05:19:43 查询号码 【1360147】，返回信息 {"status":"ok","msg":"江苏-泰州","gid":"58504","time_insert":"2021-05-14 11:24"}
2024-08-20 05:19:43 查询号码 【1360147】，GSD为【"江苏-泰州"】

2024-08-20 05:36:57 开始第 149 次操作

2024-08-20 05:36:57 开始操作号码 【1360148】
2024-08-20 05:37:05 GSD getOne 第 1 次 等待 3 秒
2024-08-20 05:37:08 查询号码 【1360148】，返回信息 {"status":"ok","msg":"江苏-无锡","gid":"58512","time_insert":"2021-05-14 11:42"}
2024-08-20 05:37:08 查询号码 【1360148】，GSD为【"江苏-无锡"】

2024-08-20 05:37:09 开始第 150 次操作

2024-08-20 05:37:09 开始操作号码 【1360149】
2024-08-20 05:37:17 GSD getOne 第 1 次 等待 3 秒
2024-08-20 05:37:20 查询号码 【1360149】，返回信息 {"status":"ok","msg":"江苏-南通","gid":"58518","time_insert":"2021-05-14 12:04"}
2024-08-20 05:37:20 查询号码 【1360149】，GSD为【"江苏-南通"】

2024-08-20 05:37:21 开始第 151 次操作

2024-08-20 05:37:21 开始操作号码 【1360150】
2024-08-20 05:37:29 GSD getOne 第 1 次 等待 3 秒
2024-08-20 05:37:32 查询号码 【1360150】，返回信息 {"status":"ok","msg":"江苏-常州","gid":"58530","time_insert":"2021-05-14 12:29"}
2024-08-20 05:37:32 查询号码 【1360150】，GSD为【"江苏-常州"】

2024-08-20 05:37:33 开始第 152 次操作

2024-08-20 05:37:33 开始操作号码 【1360151】
2024-08-20 05:37:41 GSD getOne 第 1 次 等待 3 秒
2024-08-20 05:37:44 查询号码 【1360151】，返回信息 {"status":"ok","msg":"江苏-无锡","gid":"58540","time_insert":"2021-05-14 12:56"}
2024-08-20 05:37:44 查询号码 【1360151】，GSD为【"江苏-无锡"】

2024-08-20 06:18:02 开始第 153 次操作

2024-08-20 06:18:02 开始操作号码 【1360152】
2024-08-20 06:18:10 GSD getOne 第 1 次 等待 3 秒
2024-08-20 06:18:13 查询号码 【1360152】，返回信息 {"status":"ok","msg":"江苏-无锡","gid":"58554","time_insert":"2021-05-14 13:24"}
2024-08-20 06:18:13 查询号码 【1360152】，GSD为【"江苏-无锡"】

2024-08-20 06:18:14 开始第 154 次操作

2024-08-20 06:18:14 开始操作号码 【1360153】
2024-08-20 06:18:22 GSD getOne 第 1 次 等待 3 秒
2024-08-20 06:18:25 查询号码 【1360153】，返回信息 {"status":"ok","msg":"江苏-无锡","gid":"58565","time_insert":"2021-05-14 13:51"}
2024-08-20 06:18:25 查询号码 【1360153】，GSD为【"江苏-无锡"】

2024-08-20 06:18:26 开始第 155 次操作

2024-08-20 06:18:26 开始操作号码 【1360154】
2024-08-20 06:18:35 GSD getOne 第 1 次 等待 3 秒
2024-08-20 06:18:38 查询号码 【1360154】，返回信息 {"status":"ok","msg":"江苏-苏州","gid":"58572","time_insert":"2021-05-14 14:11"}
2024-08-20 06:18:38 查询号码 【1360154】，GSD为【"江苏-苏州"】

2024-08-20 06:18:39 开始第 156 次操作

2024-08-20 06:18:39 开始操作号码 【1360155】
2024-08-20 06:18:47 GSD getOne 第 1 次 等待 3 秒
2024-08-20 06:18:50 查询号码 【1360155】，返回信息 {"status":"ok","msg":"江苏-苏州","gid":"58584","time_insert":"2021-05-14 14:34"}
2024-08-20 06:18:50 查询号码 【1360155】，GSD为【"江苏-苏州"】

