2023-12-30 00:24:01 开始第 5829 次操作

2023-12-30 00:24:01 开始操作号码 【1805744】
2023-12-30 00:24:05 GSD getOne 第 1 次 等待 3 秒
2023-12-30 00:24:08 查询号码 【1805744】，返回信息 {"status":"ok","msg":"浙江-宁波","gid":"316714","time_insert":"2021-07-18 16:50"}
2023-12-30 00:24:08 查询号码 【1805744】，GSD为【"浙江-宁波"】

2023-12-30 00:24:09 开始第 5830 次操作

2023-12-30 00:24:09 开始操作号码 【1805745】
2023-12-30 00:24:13 GSD getOne 第 1 次 等待 3 秒
2023-12-30 00:24:16 查询号码 【1805745】，返回信息 {"status":"ok","msg":"浙江-宁波","gid":"316726","time_insert":"2021-07-18 16:51"}
2023-12-30 00:24:16 查询号码 【1805745】，GSD为【"浙江-宁波"】

2023-12-30 00:24:17 开始第 5831 次操作

2023-12-30 00:24:17 开始操作号码 【1805746】
2023-12-30 00:24:22 GSD getOne 第 1 次 等待 3 秒
2023-12-30 00:24:25 查询号码 【1805746】，返回信息 {"status":"ok","msg":"浙江-宁波","gid":"316733","time_insert":"2021-07-18 16:51"}
2023-12-30 00:24:25 查询号码 【1805746】，GSD为【"浙江-宁波"】

2023-12-30 00:24:26 开始第 5832 次操作

2023-12-30 00:24:26 开始操作号码 【1805747】
2023-12-30 00:24:29 GSD getOne 第 1 次 等待 3 秒
2023-12-30 00:24:32 查询号码 【1805747】，返回信息 {"status":"ok","msg":"浙江-宁波","gid":"32292","time_insert":"2019-05-08 09:16","time_update":"2020-09-02 03:46"}
2023-12-30 00:24:33 查询号码 【1805747】，GSD为【"浙江-宁波"】

