2023-12-02 00:22:56 开始第 897 次操作

2023-12-02 00:22:56 开始操作号码 【1800812】
2023-12-02 00:23:00 GSD getOne 第 1 次 等待 3 秒
2023-12-02 00:23:03 查询号码 【1800812】，返回信息 {"status":"ok","msg":"四川-宜宾","gid":"31827","time_insert":"2019-03-18 20:26","time_update":"2020-11-01 06:23"}
2023-12-02 00:23:03 查询号码 【1800812】，GSD为【"四川-宜宾"】

2023-12-02 00:23:04 开始第 898 次操作

2023-12-02 00:23:04 开始操作号码 【1800813】
2023-12-02 00:23:07 GSD getOne 第 1 次 等待 3 秒
2023-12-02 00:23:10 查询号码 【1800813】，返回信息 {"status":"ok","msg":"四川-自贡","gid":"31828","time_insert":"2017-05-01 00:00","time_update":"2020-11-01 06:27"}
2023-12-02 00:23:10 查询号码 【1800813】，GSD为【"四川-自贡"】

2023-12-02 00:23:11 开始第 899 次操作

2023-12-02 00:23:11 开始操作号码 【1800814】
2023-12-02 00:23:16 GSD getOne 第 1 次 等待 3 秒
2023-12-02 00:23:19 查询号码 【1800814】，返回信息 {"status":"ok","msg":"四川-自贡","gid":"31829","time_insert":"2018-06-07 08:00","time_update":"2020-11-01 06:32"}
2023-12-02 00:23:19 查询号码 【1800814】，GSD为【"四川-自贡"】

2023-12-02 00:23:20 开始第 900 次操作

2023-12-02 00:23:20 开始操作号码 【1800815】
2023-12-02 00:23:26 GSD getOne 第 1 次 等待 3 秒
2023-12-02 00:23:29 查询号码 【1800815】，返回信息 {"status":"ok","msg":"四川-自贡","gid":"31830","time_insert":"2017-11-16 08:45","time_update":"2020-11-01 06:37"}
2023-12-02 00:23:29 查询号码 【1800815】，GSD为【"四川-自贡"】

2023-12-02 00:41:23 开始第 901 次操作

2023-12-02 00:41:23 开始操作号码 【1800816】
2023-12-02 00:41:28 GSD getOne 第 1 次 等待 3 秒
2023-12-02 00:41:31 查询号码 【1800816】，返回信息 {"status":"ok","msg":"四川-绵阳","gid":"31831","time_insert":"2017-04-25 12:49","time_update":"2020-11-01 06:40"}
2023-12-02 00:41:31 查询号码 【1800816】，GSD为【"四川-绵阳"】

2023-12-02 00:41:32 开始第 902 次操作

2023-12-02 00:41:32 开始操作号码 【1800817】
2023-12-02 00:41:37 GSD getOne 第 1 次 等待 3 秒
2023-12-02 00:41:40 查询号码 【1800817】，返回信息 {"status":"ok","msg":"四川-南充","gid":"31832","time_insert":"2016-12-22 11:09","time_update":"2020-11-01 06:45"}
2023-12-02 00:41:40 查询号码 【1800817】，GSD为【"四川-南充"】

2023-12-02 00:41:41 开始第 903 次操作

2023-12-02 00:41:41 开始操作号码 【1800818】
2023-12-02 00:41:44 GSD getOne 第 1 次 等待 3 秒
2023-12-02 00:41:47 查询号码 【1800818】，返回信息 {"status":"ok","msg":"四川-达州","gid":"31833","time_insert":"2018-09-24 11:38","time_update":"2020-11-01 06:48"}
2023-12-02 00:41:47 查询号码 【1800818】，GSD为【"四川-达州"】

2023-12-02 00:41:48 开始第 904 次操作

2023-12-02 00:41:48 开始操作号码 【1800819】
2023-12-02 00:41:52 GSD getOne 第 1 次 等待 3 秒
2023-12-02 00:41:55 查询号码 【1800819】，返回信息 {"status":"ok","msg":"四川-达州","gid":"31834","time_insert":"2018-07-21 22:29","time_update":"2020-11-01 06:52"}
2023-12-02 00:41:55 查询号码 【1800819】，GSD为【"四川-达州"】

