2021-07-08 00:00:03 开始第 28 次操作

2021-07-08 00:00:03 开始操作号码 【1328214】
2021-07-08 00:00:12 GSD getOne 第 1 次 等待 1 秒
2021-07-08 00:00:13 查询号码 【1328214】，返回信息 {"status":"bad","msg":""}
2021-07-08 00:00:13 查询号码 【1328214】，GSD为【""】
2021-07-08 00:00:13 bad
2021-07-08 00:00:15 CHB 1328214?1625673613 第 1 次 等待 1 秒
2021-07-08 00:00:16 CHB 1328214?1625673613 第 1 次 获取到号码【1328214】GSD
2021-07-08 00:00:16 获取到号码【1328214】的GSD为【浙江-杭州】
2021-07-08 00:00:27 GSD insert 第 1 次 等待 1 秒
2021-07-08 00:00:28 {"status":"ok","msg":"添加成功！218002"}
2021-07-08 00:00:28 下次操作: 2021-07-08 00:00:35

2021-07-08 00:00:35 开始第 29 次操作

2021-07-08 00:00:35 开始操作号码 【1328213】
2021-07-08 00:00:39 GSD getOne 第 1 次 等待 1 秒
2021-07-08 00:00:40 查询号码 【1328213】，返回信息 {"status":"bad","msg":""}
2021-07-08 00:00:40 查询号码 【1328213】，GSD为【""】
2021-07-08 00:00:40 bad
2021-07-08 00:00:42 CHB 1328213?1625673640 第 1 次 等待 1 秒
2021-07-08 00:00:43 CHB 1328213?1625673640 第 1 次 获取到号码【1328213】GSD
2021-07-08 00:00:43 获取到号码【1328213】的GSD为【浙江-杭州】
2021-07-08 00:00:48 GSD insert 第 1 次 等待 1 秒
2021-07-08 00:00:49 {"status":"ok","msg":"添加成功！218006"}
2021-07-08 00:00:49 下次操作: 2021-07-08 00:01:02

2021-07-08 00:01:02 开始第 30 次操作

2021-07-08 00:01:02 开始操作号码 【1328212】
2021-07-08 00:01:05 GSD getOne 第 1 次 等待 1 秒
2021-07-08 00:01:06 查询号码 【1328212】，返回信息 {"status":"ok","msg":"浙江-杭州","time_insert":"2014-05-08 15:37","time_update":"2020-08-27 14:43"}
2021-07-08 00:01:07 查询号码 【1328212】，GSD为【"浙江-杭州"】

2021-07-08 00:01:07 开始第 30 次操作

2021-07-08 00:01:07 开始操作号码 【1328211】
2021-07-08 00:01:11 GSD getOne 第 1 次 等待 1 秒
2021-07-08 00:01:12 查询号码 【1328211】，返回信息 {"status":"bad","msg":""}
2021-07-08 00:01:12 查询号码 【1328211】，GSD为【""】
2021-07-08 00:01:12 bad
2021-07-08 00:01:14 CHB 1328211?1625673672 第 1 次 等待 1 秒
2021-07-08 00:01:15 CHB 1328211?1625673672 第 1 次 获取到号码【1328211】GSD
2021-07-08 00:01:15 获取到号码【1328211】的GSD为【浙江-杭州】
2021-07-08 00:01:19 GSD insert 第 1 次 等待 1 秒
2021-07-08 00:01:20 {"status":"ok","msg":"添加成功！218009"}

2021-07-08 01:46:19 开始第 1 次操作

2021-07-08 01:46:19 开始操作号码 【1328210】
2021-07-08 01:46:23 GSD getOne 第 1 次 等待 1 秒
2021-07-08 01:46:24 查询号码 【1328210】，返回信息 {"status":"ok","msg":"浙江-杭州","time_insert":"2021-07-08 01:06"}
2021-07-08 01:46:25 查询号码 【1328210】，GSD为【"浙江-杭州"】

2021-07-08 01:46:25 开始第 1 次操作

2021-07-08 01:46:25 开始操作号码 【1328209】
2021-07-08 01:46:30 GSD getOne 第 1 次 等待 1 秒
2021-07-08 01:46:31 查询号码 【1328209】，返回信息 {"status":"ok","msg":"浙江-衢州","time_insert":"2021-07-08 01:07"}
2021-07-08 01:46:31 查询号码 【1328209】，GSD为【"浙江-衢州"】

2021-07-08 01:46:31 开始第 1 次操作

2021-07-08 01:46:31 开始操作号码 【1328208】
2021-07-08 01:46:35 GSD getOne 第 1 次 等待 1 秒
2021-07-08 01:46:36 查询号码 【1328208】，返回信息 {"status":"ok","msg":"浙江-衢州","time_insert":"2021-07-08 01:08"}
2021-07-08 01:46:36 查询号码 【1328208】，GSD为【"浙江-衢州"】

2021-07-08 01:46:36 开始第 1 次操作

2021-07-08 01:46:36 开始操作号码 【1328207】
2021-07-08 01:46:41 GSD getOne 第 1 次 等待 1 秒
2021-07-08 01:46:42 查询号码 【1328207】，返回信息 {"status":"ok","msg":"浙江-衢州","time_insert":"2021-07-08 01:08"}
2021-07-08 01:46:42 查询号码 【1328207】，GSD为【"浙江-衢州"】

2021-07-08 01:46:42 开始第 1 次操作

2021-07-08 01:46:42 开始操作号码 【1328206】
2021-07-08 01:46:46 GSD getOne 第 1 次 等待 1 秒
2021-07-08 01:46:47 查询号码 【1328206】，返回信息 {"status":"ok","msg":"浙江-衢州","time_insert":"2021-07-08 01:09"}
2021-07-08 01:46:47 查询号码 【1328206】，GSD为【"浙江-衢州"】

2021-07-08 01:46:47 开始第 1 次操作

2021-07-08 01:46:47 开始操作号码 【1328205】
2021-07-08 01:46:51 GSD getOne 第 1 次 等待 1 秒
2021-07-08 01:46:52 查询号码 【1328205】，返回信息 {"status":"ok","msg":"浙江-衢州","time_insert":"2021-07-08 01:10"}
2021-07-08 01:46:52 查询号码 【1328205】，GSD为【"浙江-衢州"】

2021-07-08 01:46:52 开始第 1 次操作

2021-07-08 01:46:52 开始操作号码 【1328204】
2021-07-08 01:46:55 GSD getOne 第 1 次 等待 1 秒
2021-07-08 01:46:56 查询号码 【1328204】，返回信息 {"status":"ok","msg":"浙江-温州","time_insert":"2021-07-08 01:11"}
2021-07-08 01:46:56 查询号码 【1328204】，GSD为【"浙江-温州"】

2021-07-08 01:46:56 开始第 1 次操作

2021-07-08 01:46:56 开始操作号码 【1328203】
2021-07-08 01:47:00 GSD getOne 第 1 次 等待 1 秒
2021-07-08 01:47:01 查询号码 【1328203】，返回信息 {"status":"ok","msg":"浙江-杭州","time_insert":"2021-07-08 01:11"}
2021-07-08 01:47:01 查询号码 【1328203】，GSD为【"浙江-杭州"】

2021-07-08 01:47:01 开始第 1 次操作

2021-07-08 01:47:01 开始操作号码 【1328202】
2021-07-08 01:47:21 GSD getOne 第 1 次 等待 1 秒
2021-07-08 01:47:22 查询号码 【1328202】，返回信息 {"status":"ok","msg":"浙江-杭州","time_insert":"2021-07-08 01:12"}
2021-07-08 01:47:22 查询号码 【1328202】，GSD为【"浙江-杭州"】

2021-07-08 01:47:22 开始第 1 次操作

2021-07-08 01:47:22 开始操作号码 【1328201】
2021-07-08 01:47:27 GSD getOne 第 1 次 等待 1 秒
2021-07-08 01:47:28 查询号码 【1328201】，返回信息 {"status":"ok","msg":"浙江-杭州","time_insert":"2021-07-08 01:13"}
2021-07-08 01:47:28 查询号码 【1328201】，GSD为【"浙江-杭州"】

2021-07-08 01:47:28 开始第 1 次操作

2021-07-08 01:47:28 开始操作号码 【1328200】
2021-07-08 01:47:32 GSD getOne 第 1 次 等待 1 秒
2021-07-08 01:47:33 查询号码 【1328200】，返回信息 {"status":"ok","msg":"浙江-杭州","time_insert":"2021-07-08 01:14"}
2021-07-08 01:47:33 查询号码 【1328200】，GSD为【"浙江-杭州"】

2021-07-08 01:47:33 开始第 1 次操作

2021-07-08 01:47:33 开始操作号码 【1328199】
2021-07-08 01:47:41 GSD getOne 第 1 次 等待 1 秒
2021-07-08 01:47:42 查询号码 【1328199】，返回信息 {"status":"ok","msg":"四川-雅安","time_insert":"2016-01-08 13:38","time_update":"2021-05-07 15:01"}
2021-07-08 01:47:42 查询号码 【1328199】，GSD为【"四川-雅安"】

2021-07-08 01:47:42 开始第 1 次操作

2021-07-08 01:47:42 开始操作号码 【1328198】
2021-07-08 01:47:46 GSD getOne 第 1 次 等待 1 秒
2021-07-08 01:47:47 查询号码 【1328198】，返回信息 {"status":"ok","msg":"四川-宜宾","time_insert":"2019-08-08 16:40","time_update":"2020-10-08 21:20"}
2021-07-08 01:47:47 查询号码 【1328198】，GSD为【"四川-宜宾"】

2021-07-08 01:47:47 开始第 1 次操作

2021-07-08 01:47:47 开始操作号码 【1328197】
2021-07-08 01:47:51 GSD getOne 第 1 次 等待 1 秒
2021-07-08 01:47:52 查询号码 【1328197】，返回信息 {"status":"ok","msg":"四川-宜宾","time_insert":"2016-02-11 21:09","time_update":"2020-10-08 21:16"}
2021-07-08 01:47:52 查询号码 【1328197】，GSD为【"四川-宜宾"】

2021-07-08 01:47:52 开始第 1 次操作

2021-07-08 01:47:52 开始操作号码 【1328196】
2021-07-08 01:48:01 GSD getOne 第 1 次 等待 1 秒
2021-07-08 01:48:02 查询号码 【1328196】，返回信息 {"status":"ok","msg":"四川-宜宾","time_insert":"2018-06-04 22:50","time_update":"2020-10-08 21:12"}
2021-07-08 01:48:02 查询号码 【1328196】，GSD为【"四川-宜宾"】

2021-07-08 01:48:02 开始第 1 次操作

2021-07-08 01:48:02 开始操作号码 【1328195】
2021-07-08 01:48:05 GSD getOne 第 1 次 等待 1 秒
2021-07-08 01:48:06 查询号码 【1328195】，返回信息 {"status":"ok","msg":"四川-南充","time_insert":"2015-09-02 10:23","time_update":"2020-10-08 21:09"}
2021-07-08 01:48:06 查询号码 【1328195】，GSD为【"四川-南充"】

2021-07-08 01:48:06 开始第 1 次操作

2021-07-08 01:48:06 开始操作号码 【1328194】
2021-07-08 01:48:10 GSD getOne 第 1 次 等待 1 秒
2021-07-08 01:48:11 查询号码 【1328194】，返回信息 {"status":"ok","msg":"四川-南充","time_insert":"2021-07-08 01:16"}
2021-07-08 01:48:11 查询号码 【1328194】，GSD为【"四川-南充"】

2021-07-08 01:48:11 开始第 1 次操作

2021-07-08 01:48:11 开始操作号码 【1328193】
2021-07-08 01:48:15 GSD getOne 第 1 次 等待 1 秒
2021-07-08 01:48:16 查询号码 【1328193】，返回信息 {"status":"ok","msg":"四川-南充","time_insert":"2017-03-24 20:33","time_update":"2020-10-08 21:04"}
2021-07-08 01:48:16 查询号码 【1328193】，GSD为【"四川-南充"】

2021-07-08 01:48:16 开始第 1 次操作

2021-07-08 01:48:16 开始操作号码 【1328192】
2021-07-08 01:48:20 GSD getOne 第 1 次 等待 1 秒
2021-07-08 01:48:21 查询号码 【1328192】，返回信息 {"status":"ok","msg":"四川-南充","time_insert":"2014-04-20 10:44","time_update":"2020-10-08 21:00"}
2021-07-08 01:48:21 查询号码 【1328192】，GSD为【"四川-南充"】

2021-07-08 01:48:21 开始第 1 次操作

2021-07-08 01:48:21 开始操作号码 【1328191】
2021-07-08 01:48:24 GSD getOne 第 1 次 等待 1 秒
2021-07-08 01:48:25 查询号码 【1328191】，返回信息 {"status":"ok","msg":"四川-南充","time_insert":"2018-07-05 11:04","time_update":"2020-10-08 20:57"}
2021-07-08 01:48:25 查询号码 【1328191】，GSD为【"四川-南充"】

2021-07-08 01:48:25 开始第 1 次操作

2021-07-08 01:48:25 开始操作号码 【1328190】
2021-07-08 01:48:29 GSD getOne 第 1 次 等待 1 秒
2021-07-08 01:48:30 查询号码 【1328190】，返回信息 {"status":"ok","msg":"四川-南充","time_insert":"2015-09-12 13:46","time_update":"2020-10-08 20:52"}
2021-07-08 01:48:30 查询号码 【1328190】，GSD为【"四川-南充"】

2021-07-08 01:48:30 开始第 1 次操作

2021-07-08 01:48:30 开始操作号码 【1328189】
2021-07-08 01:48:34 GSD getOne 第 1 次 等待 1 秒
2021-07-08 01:48:35 查询号码 【1328189】，返回信息 {"status":"ok","msg":"四川-成都","time_insert":"2016-04-25 08:29","time_update":"2020-10-08 20:47"}
2021-07-08 01:48:35 查询号码 【1328189】，GSD为【"四川-成都"】

2021-07-08 01:48:35 开始第 1 次操作

2021-07-08 01:48:35 开始操作号码 【1328188】
2021-07-08 01:48:38 GSD getOne 第 1 次 等待 1 秒
2021-07-08 01:48:39 查询号码 【1328188】，返回信息 {"status":"ok","msg":"四川-成都","time_insert":"2018-06-04 22:50","time_update":"2020-10-08 20:43"}
2021-07-08 01:48:39 查询号码 【1328188】，GSD为【"四川-成都"】

2021-07-08 01:48:39 开始第 1 次操作

2021-07-08 01:48:39 开始操作号码 【1328187】
2021-07-08 01:48:43 GSD getOne 第 1 次 等待 1 秒
2021-07-08 01:48:44 查询号码 【1328187】，返回信息 {"status":"ok","msg":"四川-成都","time_insert":"2020-01-19 00:31","time_update":"2020-10-08 20:39"}
2021-07-08 01:48:44 查询号码 【1328187】，GSD为【"四川-成都"】

2021-07-08 01:48:44 开始第 1 次操作

2021-07-08 01:48:44 开始操作号码 【1328186】
2021-07-08 01:48:48 GSD getOne 第 1 次 等待 1 秒
2021-07-08 01:48:49 查询号码 【1328186】，返回信息 {"status":"ok","msg":"四川-成都","time_insert":"2018-01-31 10:49","time_update":"2020-10-08 20:35"}
2021-07-08 01:48:49 查询号码 【1328186】，GSD为【"四川-成都"】

2021-07-08 01:48:49 开始第 1 次操作

2021-07-08 01:48:49 开始操作号码 【1328185】
2021-07-08 01:48:53 GSD getOne 第 1 次 等待 1 秒
2021-07-08 01:48:54 查询号码 【1328185】，返回信息 {"status":"ok","msg":"四川-成都","time_insert":"2018-06-21 14:17","time_update":"2020-10-08 20:32"}
2021-07-08 01:48:54 查询号码 【1328185】，GSD为【"四川-成都"】

2021-07-08 01:48:54 开始第 1 次操作

2021-07-08 01:48:54 开始操作号码 【1328184】
2021-07-08 01:48:58 GSD getOne 第 1 次 等待 1 秒
2021-07-08 01:48:59 查询号码 【1328184】，返回信息 {"status":"ok","msg":"四川-成都","time_insert":"2019-04-10 07:23","time_update":"2020-10-08 20:27"}
2021-07-08 01:48:59 查询号码 【1328184】，GSD为【"四川-成都"】

2021-07-08 01:48:59 开始第 1 次操作

2021-07-08 01:48:59 开始操作号码 【1328183】
2021-07-08 01:49:02 GSD getOne 第 1 次 等待 1 秒
2021-07-08 01:49:03 查询号码 【1328183】，返回信息 {"status":"ok","msg":"四川-成都","time_insert":"2017-03-25 14:43","time_update":"2021-05-07 14:24"}
2021-07-08 01:49:03 查询号码 【1328183】，GSD为【"四川-成都"】

2021-07-08 01:49:03 开始第 1 次操作

2021-07-08 01:49:03 开始操作号码 【1328182】
2021-07-08 01:49:07 GSD getOne 第 1 次 等待 1 秒
2021-07-08 01:49:08 查询号码 【1328182】，返回信息 {"status":"ok","msg":"四川-成都","time_insert":"2014-06-26 17:28","time_update":"2020-10-08 20:22"}
2021-07-08 01:49:08 查询号码 【1328182】，GSD为【"四川-成都"】

2021-07-08 01:49:08 开始第 1 次操作

2021-07-08 01:49:08 开始操作号码 【1328181】
2021-07-08 01:49:12 GSD getOne 第 1 次 等待 1 秒
2021-07-08 01:49:13 查询号码 【1328181】，返回信息 {"status":"ok","msg":"四川-成都","time_insert":"2015-04-15 12:00","time_update":"2021-05-07 13:49"}
2021-07-08 01:49:13 查询号码 【1328181】，GSD为【"四川-成都"】

2021-07-08 01:49:13 开始第 1 次操作

2021-07-08 01:49:13 开始操作号码 【1328180】
2021-07-08 01:49:17 GSD getOne 第 1 次 等待 1 秒
2021-07-08 01:49:18 查询号码 【1328180】，返回信息 {"status":"ok","msg":"四川-成都","time_insert":"2021-04-21 16:36"}
2021-07-08 01:49:18 查询号码 【1328180】，GSD为【"四川-成都"】

2021-07-08 01:49:18 开始第 1 次操作

2021-07-08 01:49:18 开始操作号码 【1328179】
2021-07-08 01:49:21 GSD getOne 第 1 次 等待 1 秒
2021-07-08 01:49:22 查询号码 【1328179】，返回信息 {"status":"ok","msg":"四川-遂宁","time_insert":"2014-12-13 11:34","time_update":"2021-05-07 13:04"}
2021-07-08 01:49:22 查询号码 【1328179】，GSD为【"四川-遂宁"】

2021-07-08 01:49:22 开始第 1 次操作

2021-07-08 01:49:22 开始操作号码 【1328178】
2021-07-08 01:49:26 GSD getOne 第 1 次 等待 1 秒
2021-07-08 01:49:27 查询号码 【1328178】，返回信息 {"status":"ok","msg":"四川-遂宁","time_insert":"2019-03-29 19:25","time_update":"2021-05-07 12:17"}
2021-07-08 01:49:27 查询号码 【1328178】，GSD为【"四川-遂宁"】

2021-07-08 01:49:27 开始第 1 次操作

2021-07-08 01:49:27 开始操作号码 【1328177】
2021-07-08 01:49:31 GSD getOne 第 1 次 等待 1 秒
2021-07-08 01:49:32 查询号码 【1328177】，返回信息 {"status":"ok","msg":"四川-广安","time_insert":"2018-10-18 19:15","time_update":"2021-05-07 11:22"}
2021-07-08 01:49:32 查询号码 【1328177】，GSD为【"四川-广安"】

2021-07-08 01:49:32 开始第 1 次操作

2021-07-08 01:49:32 开始操作号码 【1328176】
2021-07-08 01:49:36 GSD getOne 第 1 次 等待 1 秒
2021-07-08 01:49:37 查询号码 【1328176】，返回信息 {"status":"ok","msg":"四川-广安","time_insert":"2018-09-24 23:03","time_update":"2020-10-08 20:02"}
2021-07-08 01:49:37 查询号码 【1328176】，GSD为【"四川-广安"】

2021-07-08 01:49:37 开始第 1 次操作

2021-07-08 01:49:37 开始操作号码 【1328175】
2021-07-08 01:49:44 GSD getOne 第 1 次 等待 1 秒
2021-07-08 01:49:45 查询号码 【1328175】，返回信息 {"status":"ok","msg":"四川-达州","time_insert":"2018-06-22 10:03","time_update":"2020-10-08 19:57"}
2021-07-08 01:49:45 查询号码 【1328175】，GSD为【"四川-达州"】

2021-07-08 01:49:45 开始第 1 次操作

2021-07-08 01:49:45 开始操作号码 【1328174】
2021-07-08 01:49:48 GSD getOne 第 1 次 等待 1 秒
2021-07-08 01:49:49 查询号码 【1328174】，返回信息 {"status":"ok","msg":"四川-达州","time_insert":"2017-04-20 15:21","time_update":"2021-05-07 09:53"}
2021-07-08 01:49:50 查询号码 【1328174】，GSD为【"四川-达州"】

2021-07-08 01:49:50 开始第 1 次操作

2021-07-08 01:49:50 开始操作号码 【1328173】
2021-07-08 01:49:53 GSD getOne 第 1 次 等待 1 秒
2021-07-08 01:49:54 查询号码 【1328173】，返回信息 {"status":"ok","msg":"四川-达州","time_insert":"2018-01-18 21:14","time_update":"2020-10-08 19:49"}
2021-07-08 01:49:54 查询号码 【1328173】，GSD为【"四川-达州"】

2021-07-08 01:49:54 开始第 1 次操作

2021-07-08 01:49:54 开始操作号码 【1328172】
2021-07-08 01:49:58 GSD getOne 第 1 次 等待 1 秒
2021-07-08 01:49:59 查询号码 【1328172】，返回信息 {"status":"ok","msg":"四川-达州","time_insert":"2017-07-04 07:23","time_update":"2021-05-07 09:12"}
2021-07-08 01:49:59 查询号码 【1328172】，GSD为【"四川-达州"】

2021-07-08 01:49:59 开始第 1 次操作

2021-07-08 01:49:59 开始操作号码 【1328171】
2021-07-08 01:50:03 GSD getOne 第 1 次 等待 1 秒
2021-07-08 01:50:04 查询号码 【1328171】，返回信息 {"status":"ok","msg":"四川-达州","time_insert":"2018-06-08 13:18","time_update":"2021-05-07 08:25"}
2021-07-08 01:50:04 查询号码 【1328171】，GSD为【"四川-达州"】

2021-07-08 01:50:04 开始第 1 次操作

2021-07-08 01:50:04 开始操作号码 【1328170】
2021-07-08 01:50:10 GSD getOne 第 1 次 等待 1 秒
2021-07-08 01:50:11 查询号码 【1328170】，返回信息 {"status":"ok","msg":"四川-达州","time_insert":"2013-12-18 07:33","time_update":"2020-10-08 19:36"}
2021-07-08 01:50:11 查询号码 【1328170】，GSD为【"四川-达州"】

2021-07-08 01:50:11 开始第 1 次操作

2021-07-08 01:50:11 开始操作号码 【1328169】
2021-07-08 01:50:14 GSD getOne 第 1 次 等待 1 秒
2021-07-08 01:50:15 查询号码 【1328169】，返回信息 {"status":"ok","msg":"四川-雅安","time_insert":"2017-06-21 10:47","time_update":"2020-10-08 19:32"}
2021-07-08 01:50:15 查询号码 【1328169】，GSD为【"四川-雅安"】

2021-07-08 01:50:16 开始第 1 次操作

2021-07-08 01:50:16 开始操作号码 【1328168】
2021-07-08 01:50:19 GSD getOne 第 1 次 等待 1 秒
2021-07-08 01:50:20 查询号码 【1328168】，返回信息 {"status":"ok","msg":"四川-广安","time_insert":"2018-09-05 10:35","time_update":"2020-10-08 19:28"}
2021-07-08 01:50:20 查询号码 【1328168】，GSD为【"四川-广安"】

2021-07-08 01:50:20 开始第 1 次操作

2021-07-08 01:50:20 开始操作号码 【1328167】
2021-07-08 01:50:25 GSD getOne 第 1 次 等待 1 秒
2021-07-08 01:50:26 查询号码 【1328167】，返回信息 {"status":"ok","msg":"四川-泸州","time_insert":"2021-07-08 01:26"}
2021-07-08 01:50:26 查询号码 【1328167】，GSD为【"四川-泸州"】

2021-07-08 01:50:26 开始第 1 次操作

2021-07-08 01:50:26 开始操作号码 【1328166】
2021-07-08 01:50:30 GSD getOne 第 1 次 等待 1 秒
2021-07-08 01:50:31 查询号码 【1328166】，返回信息 {"status":"ok","msg":"四川-泸州","time_insert":"2017-07-24 10:01","time_update":"2020-10-08 19:25"}
2021-07-08 01:50:31 查询号码 【1328166】，GSD为【"四川-泸州"】

2021-07-08 01:50:31 开始第 1 次操作

2021-07-08 01:50:31 开始操作号码 【1328165】
2021-07-08 01:50:35 GSD getOne 第 1 次 等待 1 秒
2021-07-08 01:50:36 查询号码 【1328165】，返回信息 {"status":"ok","msg":"四川-泸州","time_insert":"2018-03-26 17:54","time_update":"2020-10-08 19:24"}
2021-07-08 01:50:36 查询号码 【1328165】，GSD为【"四川-泸州"】

2021-07-08 01:50:36 开始第 1 次操作

2021-07-08 01:50:36 开始操作号码 【1328164】
2021-07-08 01:50:41 GSD getOne 第 1 次 等待 1 秒
2021-07-08 01:50:42 查询号码 【1328164】，返回信息 {"status":"ok","msg":"四川-泸州","time_insert":"2021-07-08 01:27"}
2021-07-08 01:50:42 查询号码 【1328164】，GSD为【"四川-泸州"】

2021-07-08 01:50:42 开始第 1 次操作

2021-07-08 01:50:42 开始操作号码 【1328163】
2021-07-08 01:50:45 GSD getOne 第 1 次 等待 1 秒
2021-07-08 01:50:46 查询号码 【1328163】，返回信息 {"status":"ok","msg":"四川-泸州","time_insert":"2017-11-23 11:43","time_update":"2020-10-08 19:21"}
2021-07-08 01:50:46 查询号码 【1328163】，GSD为【"四川-泸州"】

2021-07-08 01:50:46 开始第 1 次操作

2021-07-08 01:50:46 开始操作号码 【1328162】
2021-07-08 01:50:50 GSD getOne 第 1 次 等待 1 秒
2021-07-08 01:50:51 查询号码 【1328162】，返回信息 {"status":"ok","msg":"四川-泸州","time_insert":"2016-06-06 13:25","time_update":"2020-10-08 19:16"}
2021-07-08 01:50:51 查询号码 【1328162】，GSD为【"四川-泸州"】

2021-07-08 01:50:51 开始第 1 次操作

2021-07-08 01:50:51 开始操作号码 【1328161】
2021-07-08 01:50:59 GSD getOne 第 1 次 等待 1 秒
2021-07-08 01:51:00 查询号码 【1328161】，返回信息 {"status":"ok","msg":"四川-泸州","time_insert":"2020-04-16 09:29","time_update":"2020-10-08 19:12"}
2021-07-08 01:51:00 查询号码 【1328161】，GSD为【"四川-泸州"】

2021-07-08 01:51:00 开始第 1 次操作

2021-07-08 01:51:00 开始操作号码 【1328160】
2021-07-08 01:51:05 GSD getOne 第 1 次 等待 1 秒
2021-07-08 01:51:06 查询号码 【1328160】，返回信息 {"status":"ok","msg":"四川-泸州","time_insert":"2018-05-08 10:03","time_update":"2021-05-07 08:16"}
2021-07-08 01:51:06 查询号码 【1328160】，GSD为【"四川-泸州"】

2021-07-08 01:51:06 开始第 1 次操作

2021-07-08 01:51:06 开始操作号码 【1328159】
2021-07-08 01:51:10 GSD getOne 第 1 次 等待 1 秒
2021-07-08 01:51:11 查询号码 【1328159】，返回信息 {"status":"ok","msg":"四川-绵阳","time_insert":"2021-04-22 16:20"}
2021-07-08 01:51:11 查询号码 【1328159】，GSD为【"四川-绵阳"】

2021-07-08 01:51:11 开始第 1 次操作

2021-07-08 01:51:11 开始操作号码 【1328158】
2021-07-08 01:51:15 GSD getOne 第 1 次 等待 1 秒
2021-07-08 01:51:16 查询号码 【1328158】，返回信息 {"status":"ok","msg":"四川-绵阳","time_insert":"2016-09-25 20:07","time_update":"2020-10-08 19:04"}
2021-07-08 01:51:16 查询号码 【1328158】，GSD为【"四川-绵阳"】

2021-07-08 01:51:16 开始第 1 次操作

2021-07-08 01:51:16 开始操作号码 【1328157】
2021-07-08 01:51:19 GSD getOne 第 1 次 等待 1 秒
2021-07-08 01:51:20 查询号码 【1328157】，返回信息 {"status":"ok","msg":"四川-绵阳","time_insert":"2014-09-11 22:18","time_update":"2021-05-07 07:48"}
2021-07-08 01:51:20 查询号码 【1328157】，GSD为【"四川-绵阳"】

2021-07-08 01:51:20 开始第 1 次操作

2021-07-08 01:51:20 开始操作号码 【1328156】
2021-07-08 01:51:24 GSD getOne 第 1 次 等待 1 秒
2021-07-08 01:51:25 查询号码 【1328156】，返回信息 {"status":"ok","msg":"四川-绵阳","time_insert":"2018-10-02 09:41","time_update":"2020-10-08 18:54"}
2021-07-08 01:51:25 查询号码 【1328156】，GSD为【"四川-绵阳"】

2021-07-08 01:51:25 开始第 1 次操作

2021-07-08 01:51:25 开始操作号码 【1328155】
2021-07-08 01:51:29 GSD getOne 第 1 次 等待 1 秒
2021-07-08 01:51:30 查询号码 【1328155】，返回信息 {"status":"ok","msg":"四川-绵阳","time_insert":"2019-04-14 19:52","time_update":"2020-10-08 18:50"}
2021-07-08 01:51:30 查询号码 【1328155】，GSD为【"四川-绵阳"】

2021-07-08 01:51:30 开始第 1 次操作

2021-07-08 01:51:30 开始操作号码 【1328154】
2021-07-08 01:51:34 GSD getOne 第 1 次 等待 1 秒
2021-07-08 01:51:35 查询号码 【1328154】，返回信息 {"status":"ok","msg":"四川-绵阳","time_insert":"2015-04-18 15:39","time_update":"2021-05-07 06:54"}
2021-07-08 01:51:35 查询号码 【1328154】，GSD为【"四川-绵阳"】

2021-07-08 01:51:35 开始第 1 次操作

2021-07-08 01:51:35 开始操作号码 【1328153】
2021-07-08 01:51:38 GSD getOne 第 1 次 等待 1 秒
2021-07-08 01:51:39 查询号码 【1328153】，返回信息 {"status":"ok","msg":"四川-绵阳","time_insert":"2017-01-16 20:26","time_update":"2021-05-07 06:28"}
2021-07-08 01:51:39 查询号码 【1328153】，GSD为【"四川-绵阳"】

2021-07-08 01:51:39 开始第 1 次操作

2021-07-08 01:51:39 开始操作号码 【1328152】
2021-07-08 01:51:43 GSD getOne 第 1 次 等待 1 秒
2021-07-08 01:51:44 查询号码 【1328152】，返回信息 {"status":"ok","msg":"四川-绵阳","time_insert":"2018-05-25 21:45","time_update":"2020-10-08 18:38"}
2021-07-08 01:51:44 查询号码 【1328152】，GSD为【"四川-绵阳"】

2021-07-08 01:51:44 开始第 1 次操作

2021-07-08 01:51:44 开始操作号码 【1328151】
2021-07-08 01:51:48 GSD getOne 第 1 次 等待 1 秒
2021-07-08 01:51:49 查询号码 【1328151】，返回信息 {"status":"ok","msg":"四川-绵阳","time_insert":"2016-02-21 10:41","time_update":"2020-10-08 18:35"}
2021-07-08 01:51:49 查询号码 【1328151】，GSD为【"四川-绵阳"】

2021-07-08 01:51:49 开始第 1 次操作

2021-07-08 01:51:49 开始操作号码 【1328150】
2021-07-08 01:51:53 GSD getOne 第 1 次 等待 1 秒
2021-07-08 01:51:54 查询号码 【1328150】，返回信息 {"status":"ok","msg":"四川-绵阳","time_insert":"2019-02-21 09:50","time_update":"2020-10-08 18:31"}
2021-07-08 01:51:54 查询号码 【1328150】，GSD为【"四川-绵阳"】

2021-07-08 01:51:54 开始第 1 次操作

2021-07-08 01:51:54 开始操作号码 【1328149】
2021-07-08 01:51:58 GSD getOne 第 1 次 等待 1 秒
2021-07-08 01:51:59 查询号码 【1328149】，返回信息 {"status":"ok","msg":"四川-成都","time_insert":"2014-05-09 08:54","time_update":"2021-05-07 05:43"}
2021-07-08 01:51:59 查询号码 【1328149】，GSD为【"四川-成都"】

2021-07-08 01:51:59 开始第 1 次操作

2021-07-08 01:51:59 开始操作号码 【1328148】
2021-07-08 01:52:03 GSD getOne 第 1 次 等待 1 秒
2021-07-08 01:52:04 查询号码 【1328148】，返回信息 {"status":"ok","msg":"四川-成都","time_insert":"2016-01-06 15:12","time_update":"2021-05-07 04:53"}
2021-07-08 01:52:04 查询号码 【1328148】，GSD为【"四川-成都"】

2021-07-08 01:52:04 开始第 1 次操作

2021-07-08 01:52:04 开始操作号码 【1328147】
2021-07-08 01:52:08 GSD getOne 第 1 次 等待 1 秒
2021-07-08 01:52:09 查询号码 【1328147】，返回信息 {"status":"ok","msg":"四川-成都","time_insert":"2015-05-23 23:49","time_update":"2021-05-07 04:13"}
2021-07-08 01:52:09 查询号码 【1328147】，GSD为【"四川-成都"】

2021-07-08 01:52:09 开始第 1 次操作

2021-07-08 01:52:09 开始操作号码 【1328146】
2021-07-08 01:52:13 GSD getOne 第 1 次 等待 1 秒
2021-07-08 01:52:14 查询号码 【1328146】，返回信息 {"status":"ok","msg":"四川-成都","time_insert":"2021-07-08 01:34"}
2021-07-08 01:52:14 查询号码 【1328146】，GSD为【"四川-成都"】

2021-07-08 01:52:14 开始第 1 次操作

2021-07-08 01:52:14 开始操作号码 【1328145】
2021-07-08 01:52:17 GSD getOne 第 1 次 等待 1 秒
2021-07-08 01:52:18 查询号码 【1328145】，返回信息 {"status":"ok","msg":"四川-成都","time_insert":"2014-03-13 20:28","time_update":"2021-05-07 03:42"}
2021-07-08 01:52:19 查询号码 【1328145】，GSD为【"四川-成都"】

2021-07-08 01:52:19 开始第 1 次操作

2021-07-08 01:52:19 开始操作号码 【1328144】
2021-07-08 01:52:22 GSD getOne 第 1 次 等待 1 秒
2021-07-08 01:52:23 查询号码 【1328144】，返回信息 {"status":"ok","msg":"四川-乐山","time_insert":"2021-07-08 01:35"}
2021-07-08 01:52:23 查询号码 【1328144】，GSD为【"四川-乐山"】

2021-07-08 01:52:23 开始第 1 次操作

2021-07-08 01:52:23 开始操作号码 【1328143】
2021-07-08 01:52:27 GSD getOne 第 1 次 等待 1 秒
2021-07-08 01:52:28 查询号码 【1328143】，返回信息 {"status":"ok","msg":"四川-南充","time_insert":"2015-01-19 08:56","time_update":"2020-10-08 18:16"}
2021-07-08 01:52:28 查询号码 【1328143】，GSD为【"四川-南充"】

2021-07-08 01:52:28 开始第 1 次操作

2021-07-08 01:52:28 开始操作号码 【1328142】
2021-07-08 01:52:32 GSD getOne 第 1 次 等待 1 秒
2021-07-08 01:52:33 查询号码 【1328142】，返回信息 {"status":"ok","msg":"四川-达州","time_insert":"2021-07-08 01:36"}
2021-07-08 01:52:33 查询号码 【1328142】，GSD为【"四川-达州"】

2021-07-08 01:52:33 开始第 1 次操作

2021-07-08 01:52:33 开始操作号码 【1328141】
2021-07-08 01:52:37 GSD getOne 第 1 次 等待 1 秒
2021-07-08 01:52:38 查询号码 【1328141】，返回信息 {"status":"ok","msg":"陕西-渭南","time_insert":"2021-07-08 01:37"}
2021-07-08 01:52:38 查询号码 【1328141】，GSD为【"陕西-渭南"】

2021-07-08 01:52:38 开始第 1 次操作

2021-07-08 01:52:38 开始操作号码 【1328140】
2021-07-08 01:52:41 GSD getOne 第 1 次 等待 1 秒
2021-07-08 01:52:42 查询号码 【1328140】，返回信息 {"status":"ok","msg":"四川-绵阳","time_insert":"2021-07-08 01:38"}
2021-07-08 01:52:42 查询号码 【1328140】，GSD为【"四川-绵阳"】

2021-07-08 01:52:42 开始第 1 次操作

2021-07-08 01:52:42 开始操作号码 【1328139】
2021-07-08 01:52:46 GSD getOne 第 1 次 等待 1 秒
2021-07-08 01:52:47 查询号码 【1328139】，返回信息 {"status":"ok","msg":"四川-德阳","time_insert":"2019-01-09 14:33","time_update":"2020-10-08 18:12"}
2021-07-08 01:52:47 查询号码 【1328139】，GSD为【"四川-德阳"】

2021-07-08 01:52:47 开始第 1 次操作

2021-07-08 01:52:47 开始操作号码 【1328138】
2021-07-08 01:52:51 GSD getOne 第 1 次 等待 1 秒
2021-07-08 01:52:52 查询号码 【1328138】，返回信息 {"status":"ok","msg":"四川-德阳","time_insert":"2017-04-01 21:24","time_update":"2020-10-08 18:07"}
2021-07-08 01:52:52 查询号码 【1328138】，GSD为【"四川-德阳"】

2021-07-08 01:52:52 开始第 1 次操作

2021-07-08 01:52:52 开始操作号码 【1328137】
2021-07-08 01:52:56 GSD getOne 第 1 次 等待 1 秒
2021-07-08 01:52:57 查询号码 【1328137】，返回信息 {"status":"ok","msg":"四川-德阳","time_insert":"2015-08-13 13:50","time_update":"2020-10-08 18:04"}
2021-07-08 01:52:57 查询号码 【1328137】，GSD为【"四川-德阳"】

2021-07-08 01:52:57 开始第 1 次操作

2021-07-08 01:52:57 开始操作号码 【1328136】
2021-07-08 01:53:00 GSD getOne 第 1 次 等待 1 秒
2021-07-08 01:53:01 查询号码 【1328136】，返回信息 {"status":"ok","msg":"四川-德阳","time_insert":"2021-07-08 01:39"}
2021-07-08 01:53:01 查询号码 【1328136】，GSD为【"四川-德阳"】

2021-07-08 01:53:01 开始第 1 次操作

2021-07-08 01:53:01 开始操作号码 【1328135】
2021-07-08 01:53:05 GSD getOne 第 1 次 等待 1 秒
2021-07-08 01:53:06 查询号码 【1328135】，返回信息 {"status":"ok","msg":"四川-德阳","time_insert":"2021-07-08 01:40"}
2021-07-08 01:53:06 查询号码 【1328135】，GSD为【"四川-德阳"】

2021-07-08 01:53:06 开始第 1 次操作

2021-07-08 01:53:06 开始操作号码 【1328134】
2021-07-08 01:53:10 GSD getOne 第 1 次 等待 1 秒
2021-07-08 01:53:11 查询号码 【1328134】，返回信息 {"status":"ok","msg":"四川-乐山","time_insert":"2017-04-07 21:52","time_update":"2020-10-08 18:00"}
2021-07-08 01:53:11 查询号码 【1328134】，GSD为【"四川-乐山"】

2021-07-08 01:53:11 开始第 1 次操作

2021-07-08 01:53:11 开始操作号码 【1328133】
2021-07-08 01:53:15 GSD getOne 第 1 次 等待 1 秒
2021-07-08 01:53:16 查询号码 【1328133】，返回信息 {"status":"ok","msg":"四川-乐山","time_insert":"2014-03-28 09:02","time_update":"2020-10-08 17:57"}
2021-07-08 01:53:16 查询号码 【1328133】，GSD为【"四川-乐山"】

2021-07-08 01:53:16 开始第 1 次操作

2021-07-08 01:53:16 开始操作号码 【1328132】
2021-07-08 01:53:20 GSD getOne 第 1 次 等待 1 秒
2021-07-08 01:53:21 查询号码 【1328132】，返回信息 {"status":"ok","msg":"四川-乐山","time_insert":"2017-06-19 17:09","time_update":"2020-10-08 17:54"}
2021-07-08 01:53:21 查询号码 【1328132】，GSD为【"四川-乐山"】

2021-07-08 01:53:21 开始第 1 次操作

2021-07-08 01:53:21 开始操作号码 【1328131】
2021-07-08 01:53:24 GSD getOne 第 1 次 等待 1 秒
2021-07-08 01:53:25 查询号码 【1328131】，返回信息 {"status":"ok","msg":"四川-乐山","time_insert":"2017-03-19 22:05","time_update":"2020-10-08 17:49"}
2021-07-08 01:53:26 查询号码 【1328131】，GSD为【"四川-乐山"】

2021-07-08 01:53:26 开始第 1 次操作

2021-07-08 01:53:26 开始操作号码 【1328130】
2021-07-08 01:53:31 GSD getOne 第 1 次 等待 1 秒
2021-07-08 01:53:32 查询号码 【1328130】，返回信息 {"status":"ok","msg":"四川-乐山","time_insert":"2017-09-10 15:49","time_update":"2020-10-08 17:44"}
2021-07-08 01:53:32 查询号码 【1328130】，GSD为【"四川-乐山"】

2021-07-08 01:53:32 开始第 1 次操作

2021-07-08 01:53:32 开始操作号码 【1328129】
2021-07-08 01:53:35 GSD getOne 第 1 次 等待 1 秒
2021-07-08 01:53:36 查询号码 【1328129】，返回信息 {"status":"ok","msg":"四川-成都","time_insert":"2017-10-05 21:58","time_update":"2021-05-07 02:53"}
2021-07-08 01:53:36 查询号码 【1328129】，GSD为【"四川-成都"】

2021-07-08 01:53:36 开始第 1 次操作

2021-07-08 01:53:36 开始操作号码 【1328128】
2021-07-08 01:53:40 GSD getOne 第 1 次 等待 1 秒
2021-07-08 01:53:41 查询号码 【1328128】，返回信息 {"status":"ok","msg":"四川-成都","time_insert":"2017-06-19 15:40","time_update":"2021-05-07 02:14"}
2021-07-08 01:53:41 查询号码 【1328128】，GSD为【"四川-成都"】

2021-07-08 01:53:41 开始第 1 次操作

2021-07-08 01:53:41 开始操作号码 【1328127】
2021-07-08 01:53:45 GSD getOne 第 1 次 等待 1 秒
2021-07-08 01:53:46 查询号码 【1328127】，返回信息 {"status":"ok","msg":"四川-成都","time_insert":"2021-07-08 01:43"}
2021-07-08 01:53:46 查询号码 【1328127】，GSD为【"四川-成都"】

2021-07-08 01:53:46 开始第 1 次操作

2021-07-08 01:53:46 开始操作号码 【1328126】
2021-07-08 01:53:50 GSD getOne 第 1 次 等待 1 秒
2021-07-08 01:53:51 查询号码 【1328126】，返回信息 {"status":"ok","msg":"四川-成都","time_insert":"2015-06-13 22:47","time_update":"2021-05-07 01:20"}
2021-07-08 01:53:51 查询号码 【1328126】，GSD为【"四川-成都"】

2021-07-08 01:53:51 开始第 1 次操作

2021-07-08 01:53:51 开始操作号码 【1328125】
2021-07-08 01:53:55 GSD getOne 第 1 次 等待 1 秒
2021-07-08 01:53:56 查询号码 【1328125】，返回信息 {"status":"ok","msg":"四川-成都","time_insert":"2021-07-08 01:44"}
2021-07-08 01:53:56 查询号码 【1328125】，GSD为【"四川-成都"】

2021-07-08 01:53:56 开始第 1 次操作

2021-07-08 01:53:56 开始操作号码 【1328124】
2021-07-08 01:54:04 GSD getOne 第 1 次 等待 1 秒
2021-07-08 01:54:05 查询号码 【1328124】，返回信息 {"status":"ok","msg":"四川-成都","time_insert":"2017-05-30 14:16","time_update":"2020-10-08 17:31"}
2021-07-08 01:54:05 查询号码 【1328124】，GSD为【"四川-成都"】

2021-07-08 01:54:05 开始第 1 次操作

2021-07-08 01:54:05 开始操作号码 【1328123】
2021-07-08 01:54:09 GSD getOne 第 1 次 等待 1 秒
2021-07-08 01:54:10 查询号码 【1328123】，返回信息 {"status":"ok","msg":"四川-成都","time_insert":"2019-03-24 20:45","time_update":"2021-05-07 00:34"}
2021-07-08 01:54:10 查询号码 【1328123】，GSD为【"四川-成都"】

2021-07-08 01:54:10 开始第 1 次操作

2021-07-08 01:54:10 开始操作号码 【1328122】
2021-07-08 01:54:13 GSD getOne 第 1 次 等待 1 秒
2021-07-08 01:54:14 查询号码 【1328122】，返回信息 {"status":"ok","msg":"四川-成都","time_insert":"2014-08-02 16:16","time_update":"2020-10-08 17:23"}
2021-07-08 01:54:15 查询号码 【1328122】，GSD为【"四川-成都"】

2021-07-08 01:54:15 开始第 1 次操作

2021-07-08 01:54:15 开始操作号码 【1328121】
2021-07-08 01:54:18 GSD getOne 第 1 次 等待 1 秒
2021-07-08 01:54:19 查询号码 【1328121】，返回信息 {"status":"ok","msg":"四川-成都","time_insert":"2018-10-21 13:12","time_update":"2021-05-06 23:55"}
2021-07-08 01:54:19 查询号码 【1328121】，GSD为【"四川-成都"】

2021-07-08 01:54:19 开始第 1 次操作

2021-07-08 01:54:19 开始操作号码 【1328120】
2021-07-08 01:54:23 GSD getOne 第 1 次 等待 1 秒
2021-07-08 01:54:24 查询号码 【1328120】，返回信息 {"status":"ok","msg":"四川-成都","time_insert":"2017-11-27 11:36","time_update":"2021-05-06 23:27"}
2021-07-08 01:54:24 查询号码 【1328120】，GSD为【"四川-成都"】

2021-07-08 01:54:24 开始第 1 次操作

2021-07-08 01:54:24 开始操作号码 【1328119】
2021-07-08 01:54:30 GSD getOne 第 1 次 等待 1 秒
2021-07-08 01:54:31 查询号码 【1328119】，返回信息 {"status":"ok","msg":"四川-成都","time_insert":"2019-12-20 21:00","time_update":"2021-05-06 22:56"}
2021-07-08 01:54:32 查询号码 【1328119】，GSD为【"四川-成都"】

2021-07-08 01:54:32 开始第 1 次操作

2021-07-08 01:54:32 开始操作号码 【1328118】
2021-07-08 01:54:35 GSD getOne 第 1 次 等待 1 秒
2021-07-08 01:54:36 查询号码 【1328118】，返回信息 {"status":"ok","msg":"四川-成都","time_insert":"2017-12-30 09:32","time_update":"2021-05-06 22:23"}
2021-07-08 01:54:36 查询号码 【1328118】，GSD为【"四川-成都"】

2021-07-08 01:54:36 开始第 1 次操作

2021-07-08 01:54:36 开始操作号码 【1328117】
2021-07-08 01:54:40 GSD getOne 第 1 次 等待 1 秒
2021-07-08 01:54:41 查询号码 【1328117】，返回信息 {"status":"ok","msg":"四川-成都","time_insert":"2021-07-08 01:48"}
2021-07-08 01:54:41 查询号码 【1328117】，GSD为【"四川-成都"】

2021-07-08 01:54:41 开始第 1 次操作

2021-07-08 01:54:41 开始操作号码 【1328116】
2021-07-08 01:54:45 GSD getOne 第 1 次 等待 1 秒
2021-07-08 01:54:46 查询号码 【1328116】，返回信息 {"status":"ok","msg":"四川-成都","time_insert":"2019-03-31 18:42","time_update":"2021-05-06 21:47"}
2021-07-08 01:54:46 查询号码 【1328116】，GSD为【"四川-成都"】

2021-07-08 01:54:46 开始第 1 次操作

2021-07-08 01:54:46 开始操作号码 【1328115】
2021-07-08 01:54:50 GSD getOne 第 1 次 等待 1 秒
2021-07-08 01:54:51 查询号码 【1328115】，返回信息 {"status":"ok","msg":"四川-成都","time_insert":"2021-07-08 01:49"}
2021-07-08 01:54:51 查询号码 【1328115】，GSD为【"四川-成都"】

2021-07-08 01:54:51 开始第 1 次操作

2021-07-08 01:54:51 开始操作号码 【1328114】
2021-07-08 01:54:55 GSD getOne 第 1 次 等待 1 秒
2021-07-08 01:54:56 查询号码 【1328114】，返回信息 {"status":"ok","msg":"四川-成都","time_insert":"2015-04-23 15:19","time_update":"2021-05-06 21:11"}
2021-07-08 01:54:56 查询号码 【1328114】，GSD为【"四川-成都"】

2021-07-08 01:54:56 开始第 1 次操作

2021-07-08 01:54:56 开始操作号码 【1328113】
2021-07-08 01:55:01 GSD getOne 第 1 次 等待 1 秒
2021-07-08 01:55:02 查询号码 【1328113】，返回信息 {"status":"ok","msg":"四川-成都","time_insert":"2016-06-05 17:24","time_update":"2021-05-06 20:42"}
2021-07-08 01:55:02 查询号码 【1328113】，GSD为【"四川-成都"】

2021-07-08 01:55:02 开始第 1 次操作

2021-07-08 01:55:02 开始操作号码 【1328112】
2021-07-08 01:55:06 GSD getOne 第 1 次 等待 1 秒
2021-07-08 01:55:07 查询号码 【1328112】，返回信息 {"status":"ok","msg":"四川-成都","time_insert":"2016-12-24 13:39","time_update":"2021-05-06 20:09"}
2021-07-08 01:55:07 查询号码 【1328112】，GSD为【"四川-成都"】

2021-07-08 01:55:07 开始第 1 次操作

2021-07-08 01:55:07 开始操作号码 【1328111】
2021-07-08 01:55:11 GSD getOne 第 1 次 等待 1 秒
2021-07-08 01:55:12 查询号码 【1328111】，返回信息 {"status":"ok","msg":"四川-成都","time_insert":"2014-04-19 12:09","time_update":"2021-05-06 19:30"}
2021-07-08 01:55:12 查询号码 【1328111】，GSD为【"四川-成都"】

2021-07-08 01:55:12 开始第 1 次操作

2021-07-08 01:55:12 开始操作号码 【1328110】
2021-07-08 01:55:16 GSD getOne 第 1 次 等待 1 秒
2021-07-08 01:55:17 查询号码 【1328110】，返回信息 {"status":"ok","msg":"四川-成都","time_insert":"2019-01-17 12:21","time_update":"2021-05-06 18:36"}
2021-07-08 01:55:17 查询号码 【1328110】，GSD为【"四川-成都"】

2021-07-08 01:55:17 开始第 1 次操作

2021-07-08 01:55:17 开始操作号码 【1328109】
2021-07-08 01:55:20 GSD getOne 第 1 次 等待 1 秒
2021-07-08 01:55:21 查询号码 【1328109】，返回信息 {"status":"ok","msg":"四川-成都","time_insert":"2014-03-24 09:03","time_update":"2021-05-06 18:07"}
2021-07-08 01:55:21 查询号码 【1328109】，GSD为【"四川-成都"】

2021-07-08 01:55:21 开始第 1 次操作

2021-07-08 01:55:21 开始操作号码 【1328108】
2021-07-08 01:55:25 GSD getOne 第 1 次 等待 1 秒
2021-07-08 01:55:26 查询号码 【1328108】，返回信息 {"status":"ok","msg":"四川-成都","time_insert":"2017-09-06 00:00","time_update":"2020-10-08 16:36"}
2021-07-08 01:55:26 查询号码 【1328108】，GSD为【"四川-成都"】

2021-07-08 01:55:26 开始第 1 次操作

2021-07-08 01:55:26 开始操作号码 【1328107】
2021-07-08 01:55:30 GSD getOne 第 1 次 等待 1 秒
2021-07-08 01:55:31 查询号码 【1328107】，返回信息 {"status":"ok","msg":"四川-成都","time_insert":"2017-04-16 17:27","time_update":"2021-05-06 17:13"}
2021-07-08 01:55:31 查询号码 【1328107】，GSD为【"四川-成都"】

2021-07-08 01:55:31 开始第 1 次操作

2021-07-08 01:55:31 开始操作号码 【1328106】
2021-07-08 01:55:35 GSD getOne 第 1 次 等待 1 秒
2021-07-08 01:55:36 查询号码 【1328106】，返回信息 {"status":"ok","msg":"四川-成都","time_insert":"2018-04-22 08:52","time_update":"2021-05-06 15:33"}
2021-07-08 01:55:36 查询号码 【1328106】，GSD为【"四川-成都"】

2021-07-08 01:55:36 开始第 1 次操作

2021-07-08 01:55:36 开始操作号码 【1328105】
2021-07-08 01:55:39 GSD getOne 第 1 次 等待 1 秒
2021-07-08 01:55:40 查询号码 【1328105】，返回信息 {"status":"ok","msg":"四川-成都","time_insert":"2015-09-20 14:23","time_update":"2020-10-08 16:25"}
2021-07-08 01:55:41 查询号码 【1328105】，GSD为【"四川-成都"】

2021-07-08 01:55:41 开始第 1 次操作

2021-07-08 01:55:41 开始操作号码 【1328104】
2021-07-08 01:55:44 GSD getOne 第 1 次 等待 1 秒
2021-07-08 01:55:45 查询号码 【1328104】，返回信息 {"status":"ok","msg":"四川-成都","time_insert":"2014-05-30 12:24","time_update":"2021-05-06 14:43"}
2021-07-08 01:55:45 查询号码 【1328104】，GSD为【"四川-成都"】

2021-07-08 01:55:45 开始第 1 次操作

2021-07-08 01:55:45 开始操作号码 【1328103】
2021-07-08 01:55:49 GSD getOne 第 1 次 等待 1 秒
2021-07-08 01:55:50 查询号码 【1328103】，返回信息 {"status":"ok","msg":"四川-成都","time_insert":"2019-03-30 17:56","time_update":"2021-05-06 14:10"}
2021-07-08 01:55:50 查询号码 【1328103】，GSD为【"四川-成都"】

2021-07-08 01:55:50 开始第 1 次操作

2021-07-08 01:55:50 开始操作号码 【1328102】
2021-07-08 01:55:54 GSD getOne 第 1 次 等待 1 秒
2021-07-08 01:55:55 查询号码 【1328102】，返回信息 {"status":"bad","msg":""}
2021-07-08 01:55:55 查询号码 【1328102】，GSD为【""】
2021-07-08 01:55:55 bad
2021-07-08 01:55:56 CHB 1328102?1625680555 第 1 次 等待 1 秒
2021-07-08 01:55:57 CHB 1328102?1625680555 第 1 次 获取到号码【1328102】GSD
2021-07-08 01:55:57 获取到号码【1328102】的GSD为【四川-成都】
2021-07-08 01:56:01 GSD insert 第 1 次 等待 1 秒
2021-07-08 01:56:02 {"status":"ok","msg":"添加成功！218663"}
2021-07-08 01:56:02 下次操作: 2021-07-08 01:56:13

2021-07-08 01:56:13 开始第 2 次操作

2021-07-08 01:56:13 开始操作号码 【1328101】
2021-07-08 01:56:18 GSD getOne 第 1 次 等待 1 秒
2021-07-08 01:56:19 查询号码 【1328101】，返回信息 {"status":"ok","msg":"四川-成都","time_insert":"2017-06-30 15:56","time_update":"2021-05-06 13:37"}
2021-07-08 01:56:19 查询号码 【1328101】，GSD为【"四川-成都"】

2021-07-08 01:56:19 开始第 2 次操作

2021-07-08 01:56:19 开始操作号码 【1328100】
2021-07-08 01:56:23 GSD getOne 第 1 次 等待 1 秒
2021-07-08 01:56:24 查询号码 【1328100】，返回信息 {"status":"ok","msg":"四川-成都","time_insert":"2015-01-09 12:32","time_update":"2020-10-08 16:09"}
2021-07-08 01:56:24 查询号码 【1328100】，GSD为【"四川-成都"】

2021-07-08 01:56:24 开始第 2 次操作

2021-07-08 01:56:24 开始操作号码 【1328099】
2021-07-08 01:56:28 GSD getOne 第 1 次 等待 1 秒
2021-07-08 01:56:29 查询号码 【1328099】，返回信息 {"status":"bad","msg":""}
2021-07-08 01:56:29 查询号码 【1328099】，GSD为【""】
2021-07-08 01:56:29 bad
2021-07-08 01:56:31 CHB 1328099?1625680589 第 1 次 等待 1 秒
2021-07-08 01:56:32 CHB 1328099?1625680589 第 1 次 获取到号码【1328099】GSD
2021-07-08 01:56:32 获取到号码【1328099】的GSD为【山东-烟台】
2021-07-08 01:56:36 GSD insert 第 1 次 等待 1 秒
2021-07-08 01:56:37 {"status":"ok","msg":"添加成功！218673"}
2021-07-08 01:56:37 下次操作: 2021-07-08 01:56:45

2021-07-08 01:56:45 开始第 3 次操作

2021-07-08 01:56:45 开始操作号码 【1328098】
2021-07-08 01:56:49 GSD getOne 第 1 次 等待 1 秒
2021-07-08 01:56:50 查询号码 【1328098】，返回信息 {"status":"bad","msg":""}
2021-07-08 01:56:50 查询号码 【1328098】，GSD为【""】
2021-07-08 01:56:50 bad
2021-07-08 01:56:51 CHB 1328098?1625680610 第 1 次 等待 1 秒
2021-07-08 01:56:52 CHB 1328098?1625680610 第 1 次 获取到号码【1328098】GSD
2021-07-08 01:56:52 获取到号码【1328098】的GSD为【山东-烟台】
2021-07-08 01:56:56 GSD insert 第 1 次 等待 1 秒
2021-07-08 01:56:57 {"status":"ok","msg":"添加成功！218680"}
2021-07-08 01:56:57 下次操作: 2021-07-08 01:57:13

2021-07-08 01:57:13 开始第 4 次操作

2021-07-08 01:57:13 开始操作号码 【1328097】
2021-07-08 01:57:17 GSD getOne 第 1 次 等待 1 秒
2021-07-08 01:57:18 查询号码 【1328097】，返回信息 {"status":"bad","msg":""}
2021-07-08 01:57:18 查询号码 【1328097】，GSD为【""】
2021-07-08 01:57:18 bad
2021-07-08 01:57:20 CHB 1328097?1625680638 第 1 次 等待 1 秒
2021-07-08 01:57:21 CHB 1328097?1625680638 第 1 次 获取到号码【1328097】GSD
2021-07-08 01:57:21 获取到号码【1328097】的GSD为【山东-烟台】
2021-07-08 01:57:24 GSD insert 第 1 次 等待 1 秒
2021-07-08 01:57:26 {"status":"ok","msg":"添加成功！218688"}
2021-07-08 01:57:26 下次操作: 2021-07-08 01:57:36

2021-07-08 01:57:36 开始第 5 次操作

2021-07-08 01:57:36 开始操作号码 【1328096】
2021-07-08 01:57:40 GSD getOne 第 1 次 等待 1 秒
2021-07-08 01:57:41 查询号码 【1328096】，返回信息 {"status":"bad","msg":""}
2021-07-08 01:57:41 查询号码 【1328096】，GSD为【""】
2021-07-08 01:57:41 bad
2021-07-08 01:57:43 CHB 1328096?1625680661 第 1 次 等待 1 秒
2021-07-08 01:57:44 CHB 1328096?1625680661 第 1 次 获取到号码【1328096】GSD
2021-07-08 01:57:44 获取到号码【1328096】的GSD为【山东-烟台】
2021-07-08 01:57:47 GSD insert 第 1 次 等待 1 秒
2021-07-08 01:57:48 {"status":"ok","msg":"添加成功！218695"}
2021-07-08 01:57:48 下次操作: 2021-07-08 01:58:00

2021-07-08 01:58:00 开始第 6 次操作

2021-07-08 01:58:00 开始操作号码 【1328095】
2021-07-08 01:58:04 GSD getOne 第 1 次 等待 1 秒
2021-07-08 01:58:05 查询号码 【1328095】，返回信息 {"status":"bad","msg":""}
2021-07-08 01:58:05 查询号码 【1328095】，GSD为【""】
2021-07-08 01:58:05 bad
2021-07-08 01:58:07 CHB 1328095?1625680685 第 1 次 等待 1 秒
2021-07-08 01:58:08 CHB 1328095?1625680685 第 1 次 获取到号码【1328095】GSD
2021-07-08 01:58:08 获取到号码【1328095】的GSD为【山东-烟台】
2021-07-08 01:58:12 GSD insert 第 1 次 等待 1 秒
2021-07-08 01:58:14 {"status":"ok","msg":"添加成功！218703"}
2021-07-08 01:58:14 下次操作: 2021-07-08 01:58:20

2021-07-08 01:58:20 开始第 7 次操作

2021-07-08 01:58:20 开始操作号码 【1328094】
2021-07-08 01:58:24 GSD getOne 第 1 次 等待 1 秒
2021-07-08 01:58:25 查询号码 【1328094】，返回信息 {"status":"bad","msg":""}
2021-07-08 01:58:25 查询号码 【1328094】，GSD为【""】
2021-07-08 01:58:25 bad
2021-07-08 01:58:27 CHB 1328094?1625680705 第 1 次 等待 1 秒
2021-07-08 01:58:28 CHB 1328094?1625680705 第 1 次 获取到号码【1328094】GSD
2021-07-08 01:58:28 获取到号码【1328094】的GSD为【山东-烟台】
2021-07-08 01:58:32 GSD insert 第 1 次 等待 1 秒
2021-07-08 01:58:33 {"status":"ok","msg":"添加成功！218708"}
2021-07-08 01:58:33 下次操作: 2021-07-08 01:58:46

2021-07-08 01:58:46 开始第 8 次操作

2021-07-08 01:58:46 开始操作号码 【1328093】
2021-07-08 01:58:50 GSD getOne 第 1 次 等待 1 秒
2021-07-08 01:58:51 查询号码 【1328093】，返回信息 {"status":"bad","msg":""}
2021-07-08 01:58:51 查询号码 【1328093】，GSD为【""】
2021-07-08 01:58:51 bad
2021-07-08 01:58:56 CHB 1328093?1625680731 第 1 次 等待 1 秒
2021-07-08 01:58:57 CHB 1328093?1625680731 第 1 次 获取到号码【1328093】GSD
2021-07-08 01:58:57 获取到号码【1328093】的GSD为【山东-烟台】
2021-07-08 01:59:01 GSD insert 第 1 次 等待 1 秒
2021-07-08 01:59:02 {"status":"ok","msg":"添加成功！218716"}
2021-07-08 01:59:02 下次操作: 2021-07-08 01:59:18

2021-07-08 01:59:18 开始第 9 次操作

2021-07-08 01:59:18 开始操作号码 【1328092】
2021-07-08 01:59:21 GSD getOne 第 1 次 等待 1 秒
2021-07-08 01:59:22 查询号码 【1328092】，返回信息 {"status":"bad","msg":""}
2021-07-08 01:59:23 查询号码 【1328092】，GSD为【""】
2021-07-08 01:59:23 bad
2021-07-08 01:59:28 CHB 1328092?1625680763 第 1 次 等待 1 秒
2021-07-08 01:59:29 CHB 1328092?1625680763 第 1 次 获取到号码【1328092】GSD
2021-07-08 01:59:29 获取到号码【1328092】的GSD为【山东-烟台】
2021-07-08 01:59:37 GSD insert 第 1 次 等待 1 秒
2021-07-08 01:59:38 {"status":"ok","msg":"添加成功！218722"}
2021-07-08 01:59:38 下次操作: 2021-07-08 01:59:46

2021-07-08 01:59:46 开始第 10 次操作

2021-07-08 01:59:46 开始操作号码 【1328091】
2021-07-08 01:59:49 GSD getOne 第 1 次 等待 1 秒
2021-07-08 01:59:50 查询号码 【1328091】，返回信息 {"status":"bad","msg":""}
2021-07-08 01:59:50 查询号码 【1328091】，GSD为【""】
2021-07-08 01:59:50 bad
2021-07-08 01:59:52 CHB 1328091?1625680790 第 1 次 等待 1 秒
2021-07-08 01:59:53 CHB 1328091?1625680790 第 1 次 获取到号码【1328091】GSD
2021-07-08 01:59:53 获取到号码【1328091】的GSD为【山东-烟台】
2021-07-08 01:59:56 GSD insert 第 1 次 等待 1 秒
2021-07-08 01:59:57 {"status":"ok","msg":"添加成功！218724"}
2021-07-08 01:59:57 下次操作: 2021-07-08 02:00:09

2021-07-08 02:00:09 开始第 11 次操作

2021-07-08 02:00:09 开始操作号码 【1328090】
2021-07-08 02:00:16 GSD getOne 第 1 次 等待 1 秒
2021-07-08 02:00:17 查询号码 【1328090】，返回信息 {"status":"bad","msg":""}
2021-07-08 02:00:17 查询号码 【1328090】，GSD为【""】
2021-07-08 02:00:17 bad
2021-07-08 02:00:19 CHB 1328090?1625680817 第 1 次 等待 1 秒
2021-07-08 02:00:20 CHB 1328090?1625680817 第 1 次 获取到号码【1328090】GSD
2021-07-08 02:00:20 获取到号码【1328090】的GSD为【山东-烟台】
2021-07-08 02:00:29 GSD insert 第 1 次 等待 1 秒
2021-07-08 02:00:30 {"status":"ok","msg":"添加成功！218729"}
2021-07-08 02:00:30 下次操作: 2021-07-08 02:00:43

2021-07-08 02:00:43 开始第 12 次操作

2021-07-08 02:00:43 开始操作号码 【1328089】
2021-07-08 02:00:47 GSD getOne 第 1 次 等待 1 秒
2021-07-08 02:00:48 查询号码 【1328089】，返回信息 {"status":"bad","msg":""}
2021-07-08 02:00:48 查询号码 【1328089】，GSD为【""】
2021-07-08 02:00:48 bad
2021-07-08 02:00:50 CHB 1328089?1625680848 第 1 次 等待 1 秒
2021-07-08 02:00:51 CHB 1328089?1625680848 第 1 次 获取到号码【1328089】GSD
2021-07-08 02:00:51 获取到号码【1328089】的GSD为【山东-青岛】
2021-07-08 02:00:55 GSD insert 第 1 次 等待 1 秒
2021-07-08 02:00:56 {"status":"ok","msg":"添加成功！218733"}
2021-07-08 02:00:56 下次操作: 2021-07-08 02:01:05

2021-07-08 02:01:05 开始第 13 次操作

2021-07-08 02:01:05 开始操作号码 【1328088】
2021-07-08 02:01:20 GSD getOne 第 1 次 等待 1 秒
2021-07-08 02:01:21 查询号码 【1328088】，返回信息 {"status":"bad","msg":""}
2021-07-08 02:01:21 查询号码 【1328088】，GSD为【""】
2021-07-08 02:01:21 bad
2021-07-08 02:01:26 CHB 1328088?1625680881 第 1 次 等待 1 秒
2021-07-08 02:01:27 CHB 1328088?1625680881 第 1 次 获取到号码【1328088】GSD
2021-07-08 02:01:27 获取到号码【1328088】的GSD为【山东-青岛】
2021-07-08 02:01:31 GSD insert 第 1 次 等待 1 秒
2021-07-08 02:01:32 {"status":"ok","msg":"添加成功！218742"}
2021-07-08 02:01:32 下次操作: 2021-07-08 02:01:49

2021-07-08 02:01:49 开始第 14 次操作

2021-07-08 02:01:49 开始操作号码 【1328087】
2021-07-08 02:01:53 GSD getOne 第 1 次 等待 1 秒
2021-07-08 02:01:54 查询号码 【1328087】，返回信息 {"status":"bad","msg":""}
2021-07-08 02:01:54 查询号码 【1328087】，GSD为【""】
2021-07-08 02:01:54 bad
2021-07-08 02:01:56 CHB 1328087?1625680914 第 1 次 等待 1 秒
2021-07-08 02:01:57 CHB 1328087?1625680914 第 1 次 获取到号码【1328087】GSD
2021-07-08 02:01:57 获取到号码【1328087】的GSD为【山东-青岛】
2021-07-08 02:02:00 GSD insert 第 1 次 等待 1 秒
2021-07-08 02:02:01 {"status":"ok","msg":"添加成功！218748"}
2021-07-08 02:02:01 下次操作: 2021-07-08 02:02:08

2021-07-08 02:02:08 开始第 15 次操作

2021-07-08 02:02:08 开始操作号码 【1328086】
2021-07-08 02:02:12 GSD getOne 第 1 次 等待 1 秒
2021-07-08 02:02:13 查询号码 【1328086】，返回信息 {"status":"bad","msg":""}
2021-07-08 02:02:13 查询号码 【1328086】，GSD为【""】
2021-07-08 02:02:13 bad
2021-07-08 02:02:15 CHB 1328086?1625680933 第 1 次 等待 1 秒
2021-07-08 02:02:16 CHB 1328086?1625680933 第 1 次 获取到号码【1328086】GSD
2021-07-08 02:02:16 获取到号码【1328086】的GSD为【山东-青岛】
2021-07-08 02:02:20 GSD insert 第 1 次 等待 1 秒
2021-07-08 02:02:21 {"status":"ok","msg":"添加成功！218752"}
2021-07-08 02:02:21 下次操作: 2021-07-08 02:02:30

2021-07-08 02:02:30 开始第 16 次操作

2021-07-08 02:02:30 开始操作号码 【1328085】
2021-07-08 02:02:33 GSD getOne 第 1 次 等待 1 秒
2021-07-08 02:02:34 查询号码 【1328085】，返回信息 {"status":"bad","msg":""}
2021-07-08 02:02:34 查询号码 【1328085】，GSD为【""】
2021-07-08 02:02:34 bad
2021-07-08 02:02:36 CHB 1328085?1625680954 第 1 次 等待 1 秒
2021-07-08 02:02:37 CHB 1328085?1625680954 第 1 次 获取到号码【1328085】GSD
2021-07-08 02:02:37 获取到号码【1328085】的GSD为【山东-青岛】
2021-07-08 02:02:41 GSD insert 第 1 次 等待 1 秒
2021-07-08 02:02:42 {"status":"ok","msg":"添加成功！218757"}
2021-07-08 02:02:42 下次操作: 2021-07-08 02:02:58

2021-07-08 02:02:58 开始第 17 次操作

2021-07-08 02:02:58 开始操作号码 【1328084】
2021-07-08 02:03:09 GSD getOne 第 1 次 等待 1 秒
2021-07-08 02:03:10 查询号码 【1328084】，返回信息 {"status":"bad","msg":""}
2021-07-08 02:03:11 查询号码 【1328084】，GSD为【""】
2021-07-08 02:03:11 bad
2021-07-08 02:03:12 CHB 1328084?1625680991 第 1 次 等待 1 秒
2021-07-08 02:03:13 CHB 1328084?1625680991 第 1 次 获取到号码【1328084】GSD
2021-07-08 02:03:13 获取到号码【1328084】的GSD为【山东-青岛】
2021-07-08 02:03:17 GSD insert 第 1 次 等待 1 秒
2021-07-08 02:03:18 {"status":"ok","msg":"添加成功！218766"}
2021-07-08 02:03:18 下次操作: 2021-07-08 02:03:26

2021-07-08 02:03:26 开始第 18 次操作

2021-07-08 02:03:26 开始操作号码 【1328083】
2021-07-08 02:03:30 GSD getOne 第 1 次 等待 1 秒
2021-07-08 02:03:31 查询号码 【1328083】，返回信息 {"status":"bad","msg":""}
2021-07-08 02:03:31 查询号码 【1328083】，GSD为【""】
2021-07-08 02:03:31 bad
2021-07-08 02:03:32 CHB 1328083?1625681011 第 1 次 等待 1 秒
2021-07-08 02:03:33 CHB 1328083?1625681011 第 1 次 获取到号码【1328083】GSD
2021-07-08 02:03:33 获取到号码【1328083】的GSD为【山东-青岛】
2021-07-08 02:03:37 GSD insert 第 1 次 等待 1 秒
2021-07-08 02:03:38 {"status":"ok","msg":"添加成功！218773"}
2021-07-08 02:03:38 下次操作: 2021-07-08 02:03:48

2021-07-08 02:03:48 开始第 19 次操作

2021-07-08 02:03:48 开始操作号码 【1328082】
2021-07-08 02:04:01 GSD getOne 第 1 次 等待 1 秒
2021-07-08 02:04:02 查询号码 【1328082】，返回信息 {"status":"bad","msg":""}
2021-07-08 02:04:02 查询号码 【1328082】，GSD为【""】
2021-07-08 02:04:02 bad
2021-07-08 02:04:08 CHB 1328082?1625681042 第 1 次 等待 1 秒
2021-07-08 02:04:09 CHB 1328082?1625681042 第 1 次 获取到号码【1328082】GSD
2021-07-08 02:04:09 获取到号码【1328082】的GSD为【山东-青岛】
2021-07-08 02:04:22 GSD insert 第 1 次 等待 1 秒
2021-07-08 02:04:23 {"status":"ok","msg":"添加成功！218780"}
2021-07-08 02:04:23 下次操作: 2021-07-08 02:04:31

2021-07-08 02:04:31 开始第 20 次操作

2021-07-08 02:04:31 开始操作号码 【1328081】
2021-07-08 02:04:35 GSD getOne 第 1 次 等待 1 秒
2021-07-08 02:04:36 查询号码 【1328081】，返回信息 {"status":"bad","msg":""}
2021-07-08 02:04:36 查询号码 【1328081】，GSD为【""】
2021-07-08 02:04:36 bad
2021-07-08 02:04:37 CHB 1328081?1625681076 第 1 次 等待 1 秒
2021-07-08 02:04:38 CHB 1328081?1625681076 第 1 次 获取到号码【1328081】GSD
2021-07-08 02:04:38 获取到号码【1328081】的GSD为【山东-青岛】
2021-07-08 02:04:42 GSD insert 第 1 次 等待 1 秒
2021-07-08 02:04:43 {"status":"ok","msg":"添加成功！218782"}
2021-07-08 02:04:43 下次操作: 2021-07-08 02:04:57

2021-07-08 02:04:57 开始第 21 次操作

2021-07-08 02:04:57 开始操作号码 【1328080】
2021-07-08 02:05:01 GSD getOne 第 1 次 等待 1 秒
2021-07-08 02:05:02 查询号码 【1328080】，返回信息 {"status":"bad","msg":""}
2021-07-08 02:05:02 查询号码 【1328080】，GSD为【""】
2021-07-08 02:05:02 bad
2021-07-08 02:05:03 CHB 1328080?1625681102 第 1 次 等待 1 秒
2021-07-08 02:05:04 CHB 1328080?1625681102 第 1 次 获取到号码【1328080】GSD
2021-07-08 02:05:04 获取到号码【1328080】的GSD为【山东-青岛】
2021-07-08 02:05:08 GSD insert 第 1 次 等待 1 秒
2021-07-08 02:05:09 {"status":"ok","msg":"添加成功！218786"}
2021-07-08 02:05:09 下次操作: 2021-07-08 02:05:26

2021-07-08 02:05:26 开始第 22 次操作

2021-07-08 02:05:26 开始操作号码 【1328079】
2021-07-08 02:05:30 GSD getOne 第 1 次 等待 1 秒
2021-07-08 02:05:31 查询号码 【1328079】，返回信息 {"status":"bad","msg":""}
2021-07-08 02:05:31 查询号码 【1328079】，GSD为【""】
2021-07-08 02:05:31 bad
2021-07-08 02:05:32 CHB 1328079?1625681131 第 1 次 等待 1 秒
2021-07-08 02:05:34 CHB 1328079?1625681131 第 1 次 获取到号码【1328079】GSD
2021-07-08 02:05:34 获取到号码【1328079】的GSD为【山东-潍坊】
2021-07-08 02:05:37 GSD insert 第 1 次 等待 1 秒
2021-07-08 02:05:38 {"status":"ok","msg":"添加成功！218790"}
2021-07-08 02:05:38 下次操作: 2021-07-08 02:05:47

2021-07-08 02:05:47 开始第 23 次操作

2021-07-08 02:05:47 开始操作号码 【1328078】
2021-07-08 02:05:51 GSD getOne 第 1 次 等待 1 秒
2021-07-08 02:05:52 查询号码 【1328078】，返回信息 {"status":"bad","msg":""}
2021-07-08 02:05:52 查询号码 【1328078】，GSD为【""】
2021-07-08 02:05:52 bad
2021-07-08 02:05:54 CHB 1328078?1625681152 第 1 次 等待 1 秒
2021-07-08 02:05:55 CHB 1328078?1625681152 第 1 次 获取到号码【1328078】GSD
2021-07-08 02:05:55 获取到号码【1328078】的GSD为【山东-潍坊】
2021-07-08 02:05:59 GSD insert 第 1 次 等待 1 秒
2021-07-08 02:06:00 {"status":"ok","msg":"添加成功！218793"}
2021-07-08 02:06:00 下次操作: 2021-07-08 02:06:10

2021-07-08 02:06:10 开始第 24 次操作

2021-07-08 02:06:10 开始操作号码 【1328077】
2021-07-08 02:06:13 GSD getOne 第 1 次 等待 1 秒
2021-07-08 02:06:14 查询号码 【1328077】，返回信息 {"status":"bad","msg":""}
2021-07-08 02:06:14 查询号码 【1328077】，GSD为【""】
2021-07-08 02:06:14 bad
2021-07-08 02:06:16 CHB 1328077?1625681174 第 1 次 等待 1 秒
2021-07-08 02:06:17 CHB 1328077?1625681174 第 1 次 获取到号码【1328077】GSD
2021-07-08 02:06:17 获取到号码【1328077】的GSD为【山东-潍坊】
2021-07-08 02:06:21 GSD insert 第 1 次 等待 1 秒
2021-07-08 02:06:22 {"status":"ok","msg":"添加成功！218797"}
2021-07-08 02:06:22 下次操作: 2021-07-08 02:06:39

2021-07-08 02:06:39 开始第 25 次操作

2021-07-08 02:06:39 开始操作号码 【1328076】
2021-07-08 02:06:47 GSD getOne 第 1 次 等待 1 秒
2021-07-08 02:06:48 查询号码 【1328076】，返回信息 {"status":"bad","msg":""}
2021-07-08 02:06:48 查询号码 【1328076】，GSD为【""】
2021-07-08 02:06:48 bad
2021-07-08 02:06:49 CHB 1328076?1625681208 第 1 次 等待 1 秒
2021-07-08 02:06:50 CHB 1328076?1625681208 第 1 次 获取到号码【1328076】GSD
2021-07-08 02:06:51 获取到号码【1328076】的GSD为【山东-潍坊】
2021-07-08 02:06:54 GSD insert 第 1 次 等待 1 秒
2021-07-08 02:06:55 {"status":"ok","msg":"添加成功！218802"}
2021-07-08 02:06:55 下次操作: 2021-07-08 02:07:10

2021-07-08 02:07:10 开始第 26 次操作

2021-07-08 02:07:10 开始操作号码 【1328075】
2021-07-08 02:07:14 GSD getOne 第 1 次 等待 1 秒
2021-07-08 02:07:15 查询号码 【1328075】，返回信息 {"status":"bad","msg":""}
2021-07-08 02:07:15 查询号码 【1328075】，GSD为【""】
2021-07-08 02:07:15 bad
2021-07-08 02:07:17 CHB 1328075?1625681235 第 1 次 等待 1 秒
2021-07-08 02:07:18 CHB 1328075?1625681235 第 1 次 获取到号码【1328075】GSD
2021-07-08 02:07:18 获取到号码【1328075】的GSD为【山东-潍坊】
2021-07-08 02:07:22 GSD insert 第 1 次 等待 1 秒
2021-07-08 02:07:23 {"status":"ok","msg":"添加成功！218809"}
2021-07-08 02:07:23 下次操作: 2021-07-08 02:07:39

2021-07-08 02:07:39 开始第 27 次操作

2021-07-08 02:07:39 开始操作号码 【1328074】
2021-07-08 02:07:42 GSD getOne 第 1 次 等待 1 秒
2021-07-08 02:07:43 查询号码 【1328074】，返回信息 {"status":"ok","msg":"山东-潍坊","time_insert":"2016-03-17 15:43","time_update":"2020-09-11 03:31"}
2021-07-08 02:07:43 查询号码 【1328074】，GSD为【"山东-潍坊"】

2021-07-08 02:07:43 开始第 27 次操作

2021-07-08 02:07:43 开始操作号码 【1328073】
2021-07-08 02:07:47 GSD getOne 第 1 次 等待 1 秒
2021-07-08 02:07:48 查询号码 【1328073】，返回信息 {"status":"bad","msg":""}
2021-07-08 02:07:48 查询号码 【1328073】，GSD为【""】
2021-07-08 02:07:48 bad
2021-07-08 02:07:50 CHB 1328073?1625681268 第 1 次 等待 1 秒
2021-07-08 02:07:51 CHB 1328073?1625681268 第 1 次 获取到号码【1328073】GSD
2021-07-08 02:07:51 获取到号码【1328073】的GSD为【山东-潍坊】
2021-07-08 02:07:54 GSD insert 第 1 次 等待 1 秒
2021-07-08 02:07:55 {"status":"ok","msg":"添加成功！218816"}
2021-07-08 02:07:55 下次操作: 2021-07-08 02:08:10

2021-07-08 02:08:10 开始第 28 次操作

2021-07-08 02:08:10 开始操作号码 【1328072】
2021-07-08 02:08:14 GSD getOne 第 1 次 等待 1 秒
2021-07-08 02:08:15 查询号码 【1328072】，返回信息 {"status":"bad","msg":""}
2021-07-08 02:08:15 查询号码 【1328072】，GSD为【""】
2021-07-08 02:08:15 bad
2021-07-08 02:08:17 CHB 1328072?1625681295 第 1 次 等待 1 秒
2021-07-08 02:08:18 CHB 1328072?1625681295 第 1 次 获取到号码【1328072】GSD
2021-07-08 02:08:18 获取到号码【1328072】的GSD为【山东-潍坊】
2021-07-08 02:08:22 GSD insert 第 1 次 等待 1 秒
2021-07-08 02:08:23 {"status":"ok","msg":"添加成功！218820"}
2021-07-08 02:08:23 下次操作: 2021-07-08 02:08:33

2021-07-08 02:08:33 开始第 29 次操作

2021-07-08 02:08:33 开始操作号码 【1328071】
2021-07-08 02:08:36 GSD getOne 第 1 次 等待 1 秒
2021-07-08 02:08:37 查询号码 【1328071】，返回信息 {"status":"bad","msg":""}
2021-07-08 02:08:37 查询号码 【1328071】，GSD为【""】
2021-07-08 02:08:37 bad
2021-07-08 02:08:39 CHB 1328071?1625681317 第 1 次 等待 1 秒
2021-07-08 02:08:40 CHB 1328071?1625681317 第 1 次 获取到号码【1328071】GSD
2021-07-08 02:08:40 获取到号码【1328071】的GSD为【山东-潍坊】
2021-07-08 02:08:44 GSD insert 第 1 次 等待 1 秒
2021-07-08 02:08:45 {"status":"ok","msg":"添加成功！218824"}
2021-07-08 02:08:45 下次操作: 2021-07-08 02:08:55

2021-07-08 02:08:55 开始第 30 次操作

2021-07-08 02:08:55 开始操作号码 【1328070】
2021-07-08 02:08:59 GSD getOne 第 1 次 等待 1 秒
2021-07-08 02:09:00 查询号码 【1328070】，返回信息 {"status":"bad","msg":""}
2021-07-08 02:09:00 查询号码 【1328070】，GSD为【""】
2021-07-08 02:09:00 bad
2021-07-08 02:09:01 CHB 1328070?1625681340 第 1 次 等待 1 秒
2021-07-08 02:09:02 CHB 1328070?1625681340 第 1 次 获取到号码【1328070】GSD
2021-07-08 02:09:02 获取到号码【1328070】的GSD为【山东-潍坊】
2021-07-08 02:09:06 GSD insert 第 1 次 等待 1 秒
2021-07-08 02:09:07 {"status":"ok","msg":"添加成功！218827"}

