2023-12-29 00:21:53 开始第 5649 次操作

2023-12-29 00:21:53 开始操作号码 【1805564】
2023-12-29 00:21:56 GSD getOne 第 1 次 等待 3 秒
2023-12-29 00:21:59 查询号码 【1805564】，返回信息 {"status":"ok","msg":"安徽-安庆","gid":"314541","time_insert":"2021-07-18 12:55"}
2023-12-29 00:21:59 查询号码 【1805564】，GSD为【"安徽-安庆"】

2023-12-29 00:22:00 开始第 5650 次操作

2023-12-29 00:22:00 开始操作号码 【1805565】
2023-12-29 00:22:05 GSD getOne 第 1 次 等待 3 秒
2023-12-29 00:22:08 查询号码 【1805565】，返回信息 {"status":"ok","msg":"安徽-安庆","gid":"314552","time_insert":"2021-07-18 12:56"}
2023-12-29 00:22:08 查询号码 【1805565】，GSD为【"安徽-安庆"】

2023-12-29 00:22:09 开始第 5651 次操作

2023-12-29 00:22:09 开始操作号码 【1805566】
2023-12-29 00:22:12 GSD getOne 第 1 次 等待 3 秒
2023-12-29 00:22:15 查询号码 【1805566】，返回信息 {"status":"ok","msg":"安徽-安庆","gid":"314564","time_insert":"2021-07-18 12:57"}
2023-12-29 00:22:15 查询号码 【1805566】，GSD为【"安徽-安庆"】

2023-12-29 00:22:16 开始第 5652 次操作

2023-12-29 00:22:16 开始操作号码 【1805567】
2023-12-29 00:22:20 GSD getOne 第 1 次 等待 3 秒
2023-12-29 00:22:23 查询号码 【1805567】，返回信息 {"status":"ok","msg":"安徽-安庆","gid":"314575","time_insert":"2021-07-18 12:58"}
2023-12-29 00:22:23 查询号码 【1805567】，GSD为【"安徽-安庆"】

2023-12-29 00:40:56 开始第 5653 次操作

2023-12-29 00:40:56 开始操作号码 【1805568】
2023-12-29 00:41:01 GSD getOne 第 1 次 等待 3 秒
2023-12-29 00:41:04 查询号码 【1805568】，返回信息 {"status":"ok","msg":"安徽-安庆","gid":"314588","time_insert":"2021-07-18 12:59"}
2023-12-29 00:41:05 查询号码 【1805568】，GSD为【"安徽-安庆"】

2023-12-29 00:41:06 开始第 5654 次操作

2023-12-29 00:41:06 开始操作号码 【1805569】
2023-12-29 00:41:09 GSD getOne 第 1 次 等待 3 秒
2023-12-29 00:41:12 查询号码 【1805569】，返回信息 {"status":"ok","msg":"安徽-安庆","gid":"314602","time_insert":"2021-07-18 13:00"}
2023-12-29 00:41:12 查询号码 【1805569】，GSD为【"安徽-安庆"】

2023-12-29 00:41:13 开始第 5655 次操作

2023-12-29 00:41:13 开始操作号码 【1805570】
2023-12-29 00:41:17 GSD getOne 第 1 次 等待 3 秒
2023-12-29 00:41:20 查询号码 【1805570】，返回信息 {"status":"ok","msg":"安徽-宿州","gid":"314616","time_insert":"2021-07-18 13:01"}
2023-12-29 00:41:20 查询号码 【1805570】，GSD为【"安徽-宿州"】

2023-12-29 00:41:21 开始第 5656 次操作

2023-12-29 00:41:21 开始操作号码 【1805571】
2023-12-29 00:41:24 GSD getOne 第 1 次 等待 3 秒
2023-12-29 00:41:27 查询号码 【1805571】，返回信息 {"status":"ok","msg":"安徽-宿州","gid":"314628","time_insert":"2021-07-18 13:01"}
2023-12-29 00:41:27 查询号码 【1805571】，GSD为【"安徽-宿州"】

