2021-07-29 00:03:11 开始第 11 次操作

2021-07-29 00:03:11 开始操作号码 【1877333】
2021-07-29 00:03:17 GSD getOne 第 1 次 等待 3 秒
2021-07-29 00:03:20 查询号码 【1877333】，返回信息 {"status":"ok","msg":"湖南-株洲","gid":"42667","time_insert":"2014-06-01 16:30","time_update":"2020-09-23 17:52"}
2021-07-29 00:03:20 查询号码 【1877333】，GSD为【"湖南-株洲"】

2021-07-29 00:03:20 开始第 11 次操作

2021-07-29 00:03:20 开始操作号码 【1877332】
2021-07-29 00:03:23 GSD getOne 第 1 次 等待 3 秒
2021-07-29 00:03:26 查询号码 【1877332】，返回信息 {"status":"bad","msg":""}
2021-07-29 00:03:26 查询号码 【1877332】，GSD为【""】
2021-07-29 00:03:26 bad
2021-07-29 00:03:28 CHB 1877332?1627488206 第 1 次 等待 3 秒
2021-07-29 00:03:31 CHB 1877332?1627488206 第 1 次 获取到号码【1877332】GSD
2021-07-29 00:03:31 获取到号码【1877332】的GSD为【湖南-株洲】
2021-07-29 00:03:34 GSD insert 第 1 次 等待 3 秒
2021-07-29 00:03:37 {"status":"ok","gid":428364,"msg":"添加成功！"}
2021-07-29 00:03:37 下次操作: 2021-07-29 00:03:54

2021-07-29 00:03:54 开始第 12 次操作

2021-07-29 00:03:54 开始操作号码 【1877331】
2021-07-29 00:03:57 GSD getOne 第 1 次 等待 3 秒
2021-07-29 00:04:00 查询号码 【1877331】，返回信息 {"status":"bad","msg":""}
2021-07-29 00:04:00 查询号码 【1877331】，GSD为【""】
2021-07-29 00:04:00 bad
2021-07-29 00:04:02 CHB 1877331?1627488240 第 1 次 等待 3 秒
2021-07-29 00:04:05 CHB 1877331?1627488240 第 1 次 获取到号码【1877331】GSD
2021-07-29 00:04:05 获取到号码【1877331】的GSD为【湖南-株洲】
2021-07-29 00:04:19 GSD insert 第 1 次 等待 3 秒
2021-07-29 00:04:22 {"status":"ok","gid":428372,"msg":"添加成功！"}
2021-07-29 00:04:22 下次操作: 2021-07-29 00:04:35

2021-07-29 00:04:35 开始第 13 次操作

2021-07-29 00:04:35 开始操作号码 【1877330】
2021-07-29 00:04:37 GSD getOne 第 1 次 等待 3 秒
2021-07-29 00:04:40 查询号码 【1877330】，返回信息 {"status":"bad","msg":""}
2021-07-29 00:04:40 查询号码 【1877330】，GSD为【""】
2021-07-29 00:04:40 bad
2021-07-29 00:04:42 CHB 1877330?1627488280 第 1 次 等待 3 秒
2021-07-29 00:04:45 CHB 1877330?1627488280 第 1 次 获取到号码【1877330】GSD
2021-07-29 00:04:45 获取到号码【1877330】的GSD为【湖南-株洲】
2021-07-29 00:04:50 GSD insert 第 1 次 等待 3 秒
2021-07-29 00:04:53 {"status":"ok","gid":428378,"msg":"添加成功！"}
2021-07-29 00:04:53 下次操作: 2021-07-29 00:05:16

2021-07-29 00:05:16 开始第 14 次操作

2021-07-29 00:05:16 开始操作号码 【1877329】
2021-07-29 00:05:19 GSD getOne 第 1 次 等待 3 秒
2021-07-29 00:05:22 查询号码 【1877329】，返回信息 {"status":"bad","msg":""}
2021-07-29 00:05:22 查询号码 【1877329】，GSD为【""】
2021-07-29 00:05:22 bad
2021-07-29 00:05:24 CHB 1877329?1627488322 第 1 次 等待 3 秒
2021-07-29 00:05:27 CHB 1877329?1627488322 第 1 次 获取到号码【1877329】GSD
2021-07-29 00:05:27 获取到号码【1877329】的GSD为【湖南-湘潭】
2021-07-29 00:05:30 GSD insert 第 1 次 等待 3 秒
2021-07-29 00:05:33 {"status":"ok","gid":428387,"msg":"添加成功！"}
2021-07-29 00:05:33 下次操作: 2021-07-29 00:05:49

2021-07-29 00:05:49 开始第 15 次操作

2021-07-29 00:05:49 开始操作号码 【1877328】
2021-07-29 00:06:06 GSD getOne 第 1 次 等待 3 秒
2021-07-29 00:06:09 查询号码 【1877328】，返回信息 {"status":"ok","msg":"湖南-湘潭","gid":"42666","time_insert":"2017-03-22 12:56","time_update":"2020-09-23 17:56"}
2021-07-29 00:06:09 查询号码 【1877328】，GSD为【"湖南-湘潭"】

2021-07-29 00:06:09 开始第 15 次操作

2021-07-29 00:06:09 开始操作号码 【1877327】
2021-07-29 00:06:21 GSD getOne 第 1 次 等待 3 秒
2021-07-29 00:06:24 查询号码 【1877327】，返回信息 {"status":"bad","msg":""}
2021-07-29 00:06:24 查询号码 【1877327】，GSD为【""】
2021-07-29 00:06:24 bad
2021-07-29 00:06:25 CHB 1877327?1627488384 第 1 次 等待 3 秒
2021-07-29 00:06:28 CHB 1877327?1627488384 第 1 次 获取到号码【1877327】GSD
2021-07-29 00:06:28 获取到号码【1877327】的GSD为【湖南-湘潭】
2021-07-29 00:06:35 GSD insert 第 1 次 等待 3 秒
2021-07-29 00:06:38 {"status":"ok","gid":428398,"msg":"添加成功！"}
2021-07-29 00:06:38 下次操作: 2021-07-29 00:06:56

2021-07-29 00:06:56 开始第 16 次操作

2021-07-29 00:06:56 开始操作号码 【1877326】
2021-07-29 00:07:02 GSD getOne 第 1 次 等待 3 秒
2021-07-29 00:07:05 查询号码 【1877326】，返回信息 {"status":"bad","msg":""}
2021-07-29 00:07:05 查询号码 【1877326】，GSD为【""】
2021-07-29 00:07:05 bad
2021-07-29 00:07:07 CHB 1877326?1627488425 第 1 次 等待 3 秒
2021-07-29 00:07:10 CHB 1877326?1627488425 第 1 次 获取到号码【1877326】GSD
2021-07-29 00:07:10 获取到号码【1877326】的GSD为【湖南-湘潭】
2021-07-29 00:07:14 GSD insert 第 1 次 等待 3 秒
2021-07-29 00:07:17 {"status":"ok","gid":428405,"msg":"添加成功！"}
2021-07-29 00:07:17 下次操作: 2021-07-29 00:07:34

2021-07-29 00:07:34 开始第 17 次操作

2021-07-29 00:07:34 开始操作号码 【1877325】
2021-07-29 00:07:41 GSD getOne 第 1 次 等待 3 秒
2021-07-29 00:07:44 查询号码 【1877325】，返回信息 {"status":"bad","msg":""}
2021-07-29 00:07:44 查询号码 【1877325】，GSD为【""】
2021-07-29 00:07:44 bad
2021-07-29 00:07:46 CHB 1877325?1627488464 第 1 次 等待 3 秒
2021-07-29 00:07:49 CHB 1877325?1627488464 第 1 次 获取到号码【1877325】GSD
2021-07-29 00:07:49 获取到号码【1877325】的GSD为【湖南-湘潭】
2021-07-29 00:07:53 GSD insert 第 1 次 等待 3 秒
2021-07-29 00:07:56 {"status":"ok","gid":428416,"msg":"添加成功！"}
2021-07-29 00:07:56 下次操作: 2021-07-29 00:08:19

2021-07-29 00:08:19 开始第 18 次操作

2021-07-29 00:08:19 开始操作号码 【1877324】
2021-07-29 00:08:23 GSD getOne 第 1 次 等待 3 秒
2021-07-29 00:08:26 查询号码 【1877324】，返回信息 {"status":"ok","msg":"湖南-湘潭","gid":"42665","time_insert":"2017-07-31 21:51","time_update":"2020-09-23 18:00"}
2021-07-29 00:08:26 查询号码 【1877324】，GSD为【"湖南-湘潭"】

2021-07-29 00:08:26 开始第 18 次操作

2021-07-29 00:08:26 开始操作号码 【1877323】
2021-07-29 00:08:29 GSD getOne 第 1 次 等待 3 秒
2021-07-29 00:08:32 查询号码 【1877323】，返回信息 {"status":"ok","msg":"湖南-湘潭","gid":"42664","time_insert":"2018-09-17 19:17","time_update":"2020-09-23 18:04"}
2021-07-29 00:08:32 查询号码 【1877323】，GSD为【"湖南-湘潭"】

2021-07-29 00:08:32 开始第 18 次操作

2021-07-29 00:08:32 开始操作号码 【1877322】
2021-07-29 00:08:35 GSD getOne 第 1 次 等待 3 秒
2021-07-29 00:08:38 查询号码 【1877322】，返回信息 {"status":"bad","msg":""}
2021-07-29 00:08:38 查询号码 【1877322】，GSD为【""】
2021-07-29 00:08:38 bad
2021-07-29 00:08:40 CHB 1877322?1627488518 第 1 次 等待 3 秒
2021-07-29 00:08:43 CHB 1877322?1627488518 第 1 次 获取到号码【1877322】GSD
2021-07-29 00:08:43 获取到号码【1877322】的GSD为【湖南-湘潭】
2021-07-29 00:08:45 GSD insert 第 1 次 等待 3 秒
2021-07-29 00:08:48 {"status":"ok","gid":428427,"msg":"添加成功！"}
2021-07-29 00:08:48 下次操作: 2021-07-29 00:09:05

2021-07-29 00:09:05 开始第 19 次操作

2021-07-29 00:09:05 开始操作号码 【1877321】
2021-07-29 00:09:08 GSD getOne 第 1 次 等待 3 秒
2021-07-29 00:09:11 查询号码 【1877321】，返回信息 {"status":"bad","msg":""}
2021-07-29 00:09:11 查询号码 【1877321】，GSD为【""】
2021-07-29 00:09:11 bad
2021-07-29 00:09:13 CHB 1877321?1627488551 第 1 次 等待 3 秒
2021-07-29 00:09:16 CHB 1877321?1627488551 第 1 次 获取到号码【1877321】GSD
2021-07-29 00:09:16 获取到号码【1877321】的GSD为【湖南-湘潭】
2021-07-29 00:09:18 GSD insert 第 1 次 等待 3 秒
2021-07-29 00:09:21 {"status":"ok","gid":428436,"msg":"添加成功！"}
2021-07-29 00:09:22 下次操作: 2021-07-29 00:09:44

2021-07-29 00:09:44 开始第 20 次操作

2021-07-29 00:09:44 开始操作号码 【1877320】
2021-07-29 00:09:50 GSD getOne 第 1 次 等待 3 秒
2021-07-29 00:09:53 查询号码 【1877320】，返回信息 {"status":"bad","msg":""}
2021-07-29 00:09:53 查询号码 【1877320】，GSD为【""】
2021-07-29 00:09:53 bad
2021-07-29 00:09:54 CHB 1877320?1627488593 第 1 次 等待 3 秒
2021-07-29 00:09:57 CHB 1877320?1627488593 第 1 次 获取到号码【1877320】GSD
2021-07-29 00:09:57 获取到号码【1877320】的GSD为【湖南-湘潭】
2021-07-29 00:10:05 GSD insert 第 1 次 等待 3 秒
2021-07-29 00:10:08 {"status":"ok","gid":428443,"msg":"添加成功！"}
2021-07-29 00:10:08 下次操作: 2021-07-29 00:10:27

2021-07-29 00:10:27 开始第 21 次操作

2021-07-29 00:10:27 开始操作号码 【1877319】
2021-07-29 00:10:30 GSD getOne 第 1 次 等待 3 秒
2021-07-29 00:10:33 查询号码 【1877319】，返回信息 {"status":"bad","msg":""}
2021-07-29 00:10:33 查询号码 【1877319】，GSD为【""】
2021-07-29 00:10:33 bad
2021-07-29 00:10:34 CHB 1877319?1627488633 第 1 次 等待 3 秒
2021-07-29 00:10:37 CHB 1877319?1627488633 第 1 次 获取到号码【1877319】GSD
2021-07-29 00:10:37 获取到号码【1877319】的GSD为【湖南-长沙】
2021-07-29 00:10:41 GSD insert 第 1 次 等待 3 秒
2021-07-29 00:10:44 {"status":"ok","gid":428450,"msg":"添加成功！"}
2021-07-29 00:10:44 下次操作: 2021-07-29 00:11:03

2021-07-29 00:11:03 开始第 22 次操作

2021-07-29 00:11:03 开始操作号码 【1877318】
2021-07-29 00:11:07 GSD getOne 第 1 次 等待 3 秒
2021-07-29 00:11:10 查询号码 【1877318】，返回信息 {"status":"bad","msg":""}
2021-07-29 00:11:10 查询号码 【1877318】，GSD为【""】
2021-07-29 00:11:10 bad
2021-07-29 00:11:12 CHB 1877318?1627488670 第 1 次 等待 3 秒
2021-07-29 00:11:15 CHB 1877318?1627488670 第 1 次 获取到号码【1877318】GSD
2021-07-29 00:11:15 获取到号码【1877318】的GSD为【湖南-长沙】
2021-07-29 00:11:22 GSD insert 第 1 次 等待 3 秒
2021-07-29 00:11:25 {"status":"ok","gid":428458,"msg":"添加成功！"}
2021-07-29 00:11:25 下次操作: 2021-07-29 00:11:46

2021-07-29 00:11:46 开始第 23 次操作

2021-07-29 00:11:46 开始操作号码 【1877317】
2021-07-29 00:11:50 GSD getOne 第 1 次 等待 3 秒
2021-07-29 00:11:53 查询号码 【1877317】，返回信息 {"status":"bad","msg":""}
2021-07-29 00:11:53 查询号码 【1877317】，GSD为【""】
2021-07-29 00:11:53 bad
2021-07-29 00:11:55 CHB 1877317?1627488713 第 1 次 等待 3 秒
2021-07-29 00:11:58 CHB 1877317?1627488713 第 1 次 获取到号码【1877317】GSD
2021-07-29 00:11:58 获取到号码【1877317】的GSD为【湖南-长沙】
2021-07-29 00:12:01 GSD insert 第 1 次 等待 3 秒
2021-07-29 00:12:04 {"status":"ok","gid":428463,"msg":"添加成功！"}
2021-07-29 00:12:04 下次操作: 2021-07-29 00:12:22

2021-07-29 00:12:22 开始第 24 次操作

2021-07-29 00:12:22 开始操作号码 【1877316】
2021-07-29 00:12:26 GSD getOne 第 1 次 等待 3 秒
2021-07-29 00:12:29 查询号码 【1877316】，返回信息 {"status":"bad","msg":""}
2021-07-29 00:12:29 查询号码 【1877316】，GSD为【""】
2021-07-29 00:12:29 bad
2021-07-29 00:12:31 CHB 1877316?1627488749 第 1 次 等待 3 秒
2021-07-29 00:12:34 CHB 1877316?1627488749 第 1 次 获取到号码【1877316】GSD
2021-07-29 00:12:34 获取到号码【1877316】的GSD为【湖南-长沙】
2021-07-29 00:12:39 GSD insert 第 1 次 等待 3 秒
2021-07-29 00:12:42 {"status":"ok","gid":428470,"msg":"添加成功！"}
2021-07-29 00:12:42 下次操作: 2021-07-29 00:12:58

2021-07-29 00:12:58 开始第 25 次操作

2021-07-29 00:12:58 开始操作号码 【1877315】
2021-07-29 00:13:11 GSD getOne 第 1 次 等待 3 秒
2021-07-29 00:13:14 查询号码 【1877315】，返回信息 {"status":"bad","msg":""}
2021-07-29 00:13:14 查询号码 【1877315】，GSD为【""】
2021-07-29 00:13:14 bad
2021-07-29 00:13:16 CHB 1877315?1627488794 第 1 次 等待 3 秒
2021-07-29 00:13:19 CHB 1877315?1627488794 第 1 次 获取到号码【1877315】GSD
2021-07-29 00:13:19 获取到号码【1877315】的GSD为【湖南-长沙】
2021-07-29 00:13:21 GSD insert 第 1 次 等待 3 秒
2021-07-29 00:13:25 {"status":"ok","gid":428478,"msg":"添加成功！"}
2021-07-29 00:13:25 下次操作: 2021-07-29 00:13:37

2021-07-29 00:13:37 开始第 26 次操作

2021-07-29 00:13:37 开始操作号码 【1877314】
2021-07-29 00:13:43 GSD getOne 第 1 次 等待 3 秒
2021-07-29 00:13:46 查询号码 【1877314】，返回信息 {"status":"bad","msg":""}
2021-07-29 00:13:46 查询号码 【1877314】，GSD为【""】
2021-07-29 00:13:46 bad
2021-07-29 00:13:48 CHB 1877314?1627488826 第 1 次 等待 3 秒
2021-07-29 00:13:51 CHB 1877314?1627488826 第 1 次 获取到号码【1877314】GSD
2021-07-29 00:13:51 获取到号码【1877314】的GSD为【湖南-长沙】
2021-07-29 00:13:54 GSD insert 第 1 次 等待 3 秒
2021-07-29 00:13:57 {"status":"ok","gid":428484,"msg":"添加成功！"}
2021-07-29 00:13:57 下次操作: 2021-07-29 00:14:13

2021-07-29 00:14:13 开始第 27 次操作

2021-07-29 00:14:13 开始操作号码 【1877313】
2021-07-29 00:14:18 GSD getOne 第 1 次 等待 3 秒
2021-07-29 00:14:21 查询号码 【1877313】，返回信息 {"status":"bad","msg":""}
2021-07-29 00:14:21 查询号码 【1877313】，GSD为【""】
2021-07-29 00:14:21 bad
2021-07-29 00:14:22 CHB 1877313?1627488861 第 1 次 等待 3 秒
2021-07-29 00:14:25 CHB 1877313?1627488861 第 1 次 获取到号码【1877313】GSD
2021-07-29 00:14:25 未获取到号码【1877313】GSD，查号吧 400 错误
2021-07-29 00:14:25 获取到号码【1877313】的GSD为【-】
2021-07-29 00:14:27 GSD insert 第 1 次 等待 3 秒
2021-07-29 00:14:30 {"status":"ok","gid":428491,"msg":"添加成功！"}
2021-07-29 00:14:30 下次操作: 2021-07-29 00:14:54

2021-07-29 00:14:55 开始第 28 次操作

2021-07-29 00:14:55 开始操作号码 【1877312】
2021-07-29 00:14:58 GSD getOne 第 1 次 等待 3 秒
2021-07-29 00:15:01 查询号码 【1877312】，返回信息 {"status":"bad","msg":""}
2021-07-29 00:15:01 查询号码 【1877312】，GSD为【""】
2021-07-29 00:15:01 bad
2021-07-29 00:15:03 CHB 1877312?1627488901 第 1 次 等待 3 秒
2021-07-29 00:15:06 CHB 1877312?1627488901 第 1 次 获取到号码【1877312】GSD
2021-07-29 00:15:06 获取到号码【1877312】的GSD为【湖南-长沙】
2021-07-29 00:15:09 GSD insert 第 1 次 等待 3 秒
2021-07-29 00:15:12 {"status":"ok","gid":428497,"msg":"添加成功！"}
2021-07-29 00:15:12 下次操作: 2021-07-29 00:15:27

2021-07-29 00:15:27 开始第 29 次操作

2021-07-29 00:15:27 开始操作号码 【1877311】
2021-07-29 00:15:31 GSD getOne 第 1 次 等待 3 秒
2021-07-29 00:15:34 查询号码 【1877311】，返回信息 {"status":"bad","msg":""}
2021-07-29 00:15:35 查询号码 【1877311】，GSD为【""】
2021-07-29 00:15:35 bad
2021-07-29 00:15:36 CHB 1877311?1627488935 第 1 次 等待 3 秒
2021-07-29 00:15:39 CHB 1877311?1627488935 第 1 次 获取到号码【1877311】GSD
2021-07-29 00:15:39 获取到号码【1877311】的GSD为【湖南-长沙】
2021-07-29 00:15:47 GSD insert 第 1 次 等待 3 秒
2021-07-29 00:15:50 {"status":"ok","gid":428505,"msg":"添加成功！"}
2021-07-29 00:15:50 下次操作: 2021-07-29 00:16:12

2021-07-29 00:16:12 开始第 30 次操作

2021-07-29 00:16:12 开始操作号码 【1877310】
2021-07-29 00:16:15 GSD getOne 第 1 次 等待 3 秒
2021-07-29 00:16:18 查询号码 【1877310】，返回信息 {"status":"bad","msg":""}
2021-07-29 00:16:18 查询号码 【1877310】，GSD为【""】
2021-07-29 00:16:18 bad
2021-07-29 00:16:20 CHB 1877310?1627488978 第 1 次 等待 3 秒
2021-07-29 00:16:23 CHB 1877310?1627488978 第 1 次 获取到号码【1877310】GSD
2021-07-29 00:16:23 获取到号码【1877310】的GSD为【湖南-长沙】
2021-07-29 00:16:25 GSD insert 第 1 次 等待 3 秒
2021-07-29 00:16:28 {"status":"ok","gid":428513,"msg":"添加成功！"}
2021-07-29 00:16:28 下次操作: 2021-07-29 00:16:49

2021-07-29 00:16:49 开始第 31 次操作

2021-07-29 00:16:49 开始操作号码 【1877309】
2021-07-29 00:16:53 GSD getOne 第 1 次 等待 3 秒
2021-07-29 00:16:56 查询号码 【1877309】，返回信息 {"status":"bad","msg":""}
2021-07-29 00:16:56 查询号码 【1877309】，GSD为【""】
2021-07-29 00:16:56 bad
2021-07-29 00:16:58 CHB 1877309?1627489016 第 1 次 等待 3 秒
2021-07-29 00:17:01 CHB 1877309?1627489016 第 1 次 获取到号码【1877309】GSD
2021-07-29 00:17:01 获取到号码【1877309】的GSD为【湖南-岳阳】
2021-07-29 00:17:07 GSD insert 第 1 次 等待 3 秒
2021-07-29 00:17:10 {"status":"ok","gid":428522,"msg":"添加成功！"}
2021-07-29 00:17:10 下次操作: 2021-07-29 00:17:29

2021-07-29 00:17:29 开始第 32 次操作

2021-07-29 00:17:29 开始操作号码 【1877308】
2021-07-29 00:17:33 GSD getOne 第 1 次 等待 3 秒
2021-07-29 00:17:36 查询号码 【1877308】，返回信息 {"status":"ok","msg":"湖南-岳阳","gid":"42663","time_insert":"2017-03-16 22:14","time_update":"2020-09-23 18:07"}
2021-07-29 00:17:36 查询号码 【1877308】，GSD为【"湖南-岳阳"】

2021-07-29 00:17:36 开始第 32 次操作

2021-07-29 00:17:36 开始操作号码 【1877307】
2021-07-29 00:17:41 GSD getOne 第 1 次 等待 3 秒
2021-07-29 00:17:44 查询号码 【1877307】，返回信息 {"status":"bad","msg":""}
2021-07-29 00:17:44 查询号码 【1877307】，GSD为【""】
2021-07-29 00:17:44 bad
2021-07-29 00:17:46 CHB 1877307?1627489064 第 1 次 等待 3 秒
2021-07-29 00:17:49 CHB 1877307?1627489064 第 1 次 获取到号码【1877307】GSD
2021-07-29 00:17:49 获取到号码【1877307】的GSD为【湖南-岳阳】
2021-07-29 00:17:58 GSD insert 第 1 次 等待 3 秒
2021-07-29 00:18:01 {"status":"ok","gid":428534,"msg":"添加成功！"}
2021-07-29 00:18:01 下次操作: 2021-07-29 00:18:23

2021-07-29 00:18:23 开始第 33 次操作

2021-07-29 00:18:23 开始操作号码 【1877306】
2021-07-29 00:18:29 GSD getOne 第 1 次 等待 3 秒
2021-07-29 00:18:32 查询号码 【1877306】，返回信息 {"status":"bad","msg":""}
2021-07-29 00:18:32 查询号码 【1877306】，GSD为【""】
2021-07-29 00:18:32 bad
2021-07-29 00:18:34 CHB 1877306?1627489112 第 1 次 等待 3 秒
2021-07-29 00:18:37 CHB 1877306?1627489112 第 1 次 获取到号码【1877306】GSD
2021-07-29 00:18:37 获取到号码【1877306】的GSD为【湖南-岳阳】
2021-07-29 00:18:40 GSD insert 第 1 次 等待 3 秒
2021-07-29 00:18:43 {"status":"ok","gid":428540,"msg":"添加成功！"}
2021-07-29 00:18:43 下次操作: 2021-07-29 00:18:57

2021-07-29 00:18:57 开始第 34 次操作

2021-07-29 00:18:57 开始操作号码 【1877305】
2021-07-29 00:19:00 GSD getOne 第 1 次 等待 3 秒
2021-07-29 00:19:03 查询号码 【1877305】，返回信息 {"status":"bad","msg":""}
2021-07-29 00:19:03 查询号码 【1877305】，GSD为【""】
2021-07-29 00:19:03 bad
2021-07-29 00:19:04 CHB 1877305?1627489143 第 1 次 等待 3 秒
2021-07-29 00:19:07 CHB 1877305?1627489143 第 1 次 获取到号码【1877305】GSD
2021-07-29 00:19:08 获取到号码【1877305】的GSD为【湖南-岳阳】
2021-07-29 00:19:16 GSD insert 第 1 次 等待 3 秒
2021-07-29 00:19:19 {"status":"ok","gid":428544,"msg":"添加成功！"}
2021-07-29 00:19:19 下次操作: 2021-07-29 00:19:42

2021-07-29 00:19:42 开始第 35 次操作

2021-07-29 00:19:42 开始操作号码 【1877304】
2021-07-29 00:19:48 GSD getOne 第 1 次 等待 3 秒
2021-07-29 00:19:51 查询号码 【1877304】，返回信息 {"status":"bad","msg":""}
2021-07-29 00:19:51 查询号码 【1877304】，GSD为【""】
2021-07-29 00:19:51 bad
2021-07-29 00:19:53 CHB 1877304?1627489191 第 1 次 等待 3 秒
2021-07-29 00:19:56 CHB 1877304?1627489191 第 1 次 获取到号码【1877304】GSD
2021-07-29 00:19:56 获取到号码【1877304】的GSD为【湖南-岳阳】
2021-07-29 00:20:17 GSD insert 第 1 次 等待 3 秒
2021-07-29 00:20:20 {"status":"ok","gid":428554,"msg":"添加成功！"}
2021-07-29 00:20:20 下次操作: 2021-07-29 00:20:42

2021-07-29 00:20:42 开始第 36 次操作

2021-07-29 00:20:42 开始操作号码 【1877303】
2021-07-29 00:20:48 GSD getOne 第 1 次 等待 3 秒
2021-07-29 00:20:51 查询号码 【1877303】，返回信息 {"status":"bad","msg":""}
2021-07-29 00:20:51 查询号码 【1877303】，GSD为【""】
2021-07-29 00:20:51 bad
2021-07-29 00:20:52 CHB 1877303?1627489251 第 1 次 等待 3 秒
2021-07-29 00:20:55 CHB 1877303?1627489251 第 1 次 获取到号码【1877303】GSD
2021-07-29 00:20:55 未获取到号码【1877303】GSD，查号吧 400 错误
2021-07-29 00:20:55 获取到号码【1877303】的GSD为【-】
2021-07-29 00:20:58 GSD insert 第 1 次 等待 3 秒
2021-07-29 00:21:01 {"status":"ok","gid":428558,"msg":"添加成功！"}
2021-07-29 00:21:01 下次操作: 2021-07-29 00:21:19

2021-07-29 00:21:19 开始第 37 次操作

2021-07-29 00:21:19 开始操作号码 【1877302】
2021-07-29 00:21:23 GSD getOne 第 1 次 等待 3 秒
2021-07-29 00:21:26 查询号码 【1877302】，返回信息 {"status":"bad","msg":""}
2021-07-29 00:21:26 查询号码 【1877302】，GSD为【""】
2021-07-29 00:21:26 bad
2021-07-29 00:21:27 CHB 1877302?1627489286 第 1 次 等待 3 秒
2021-07-29 00:21:30 CHB 1877302?1627489286 第 1 次 获取到号码【1877302】GSD
2021-07-29 00:21:31 获取到号码【1877302】的GSD为【湖南-岳阳】
2021-07-29 00:21:39 GSD insert 第 1 次 等待 3 秒
2021-07-29 00:21:42 {"status":"ok","gid":428565,"msg":"添加成功！"}
2021-07-29 00:21:42 下次操作: 2021-07-29 00:22:00

2021-07-29 00:22:00 开始第 38 次操作

2021-07-29 00:22:00 开始操作号码 【1877301】
2021-07-29 00:22:08 GSD getOne 第 1 次 等待 3 秒
2021-07-29 00:22:11 查询号码 【1877301】，返回信息 {"status":"bad","msg":""}
2021-07-29 00:22:11 查询号码 【1877301】，GSD为【""】
2021-07-29 00:22:11 bad
2021-07-29 00:22:13 CHB 1877301?1627489331 第 1 次 等待 3 秒
2021-07-29 00:22:16 CHB 1877301?1627489331 第 1 次 获取到号码【1877301】GSD
2021-07-29 00:22:16 获取到号码【1877301】的GSD为【湖南-岳阳】
2021-07-29 00:22:19 GSD insert 第 1 次 等待 3 秒
2021-07-29 00:22:22 {"status":"ok","gid":428570,"msg":"添加成功！"}
2021-07-29 00:22:22 下次操作: 2021-07-29 00:22:46

2021-07-29 00:22:46 开始第 39 次操作

2021-07-29 00:22:46 开始操作号码 【1877300】
2021-07-29 00:22:49 GSD getOne 第 1 次 等待 3 秒
2021-07-29 00:22:52 查询号码 【1877300】，返回信息 {"status":"ok","msg":"湖南-岳阳","gid":"42662","time_insert":"2014-06-12 13:41","time_update":"2020-09-23 18:11"}
2021-07-29 00:22:52 查询号码 【1877300】，GSD为【"湖南-岳阳"】

2021-07-29 00:22:52 开始第 39 次操作

2021-07-29 00:22:52 开始操作号码 【1877299】
2021-07-29 00:22:55 GSD getOne 第 1 次 等待 3 秒
2021-07-29 00:22:58 查询号码 【1877299】，返回信息 {"status":"bad","msg":""}
2021-07-29 00:22:58 查询号码 【1877299】，GSD为【""】
2021-07-29 00:22:58 bad
2021-07-29 00:23:00 CHB 1877299?1627489378 第 1 次 等待 3 秒
2021-07-29 00:23:03 CHB 1877299?1627489378 第 1 次 获取到号码【1877299】GSD
2021-07-29 00:23:03 获取到号码【1877299】的GSD为【湖北-十堰】
2021-07-29 00:23:06 GSD insert 第 1 次 等待 3 秒
2021-07-29 00:23:09 {"status":"ok","gid":428577,"msg":"添加成功！"}
2021-07-29 00:23:09 下次操作: 2021-07-29 00:23:31

2021-07-29 00:23:31 开始第 40 次操作

2021-07-29 00:23:31 开始操作号码 【1877298】
2021-07-29 00:23:36 GSD getOne 第 1 次 等待 3 秒
2021-07-29 00:23:39 查询号码 【1877298】，返回信息 {"status":"ok","msg":"湖北-十堰","gid":"42661","time_insert":"2016-10-05 09:53","time_update":"2020-09-19 09:15"}
2021-07-29 00:23:39 查询号码 【1877298】，GSD为【"湖北-十堰"】

2021-07-29 00:23:39 开始第 40 次操作

2021-07-29 00:23:39 开始操作号码 【1877297】
2021-07-29 00:23:44 GSD getOne 第 1 次 等待 3 秒
2021-07-29 00:23:47 查询号码 【1877297】，返回信息 {"status":"ok","msg":"湖北-十堰","gid":"42660","time_insert":"2018-06-30 08:49","time_update":"2020-09-19 09:10"}
2021-07-29 00:23:47 查询号码 【1877297】，GSD为【"湖北-十堰"】

2021-07-29 00:23:47 开始第 40 次操作

2021-07-29 00:23:47 开始操作号码 【1877296】
2021-07-29 00:23:51 GSD getOne 第 1 次 等待 3 秒
2021-07-29 00:23:54 查询号码 【1877296】，返回信息 {"status":"bad","msg":""}
2021-07-29 00:23:54 查询号码 【1877296】，GSD为【""】
2021-07-29 00:23:54 bad
2021-07-29 00:23:55 CHB 1877296?1627489434 第 1 次 等待 3 秒
2021-07-29 00:23:58 CHB 1877296?1627489434 第 1 次 获取到号码【1877296】GSD
2021-07-29 00:23:58 获取到号码【1877296】的GSD为【湖北-十堰】
2021-07-29 00:24:02 GSD insert 第 1 次 等待 3 秒
2021-07-29 00:24:05 {"status":"ok","gid":428581,"msg":"添加成功！"}

2021-07-29 00:59:24 开始第 1 次操作

2021-07-29 00:59:24 开始操作号码 【1877295】
2021-07-29 00:59:42 GSD getOne 第 1 次 等待 3 秒
2021-07-29 00:59:45 查询号码 【1877295】，返回信息 {"status":"bad","msg":""}
2021-07-29 00:59:45 查询号码 【1877295】，GSD为【""】
2021-07-29 00:59:45 bad
2021-07-29 00:59:46 CHB 1877295?1627491585 第 1 次 等待 3 秒
2021-07-29 00:59:49 CHB 1877295?1627491585 第 1 次 获取到号码【1877295】GSD
2021-07-29 00:59:49 获取到号码【1877295】的GSD为【湖北-十堰】
2021-07-29 00:59:57 GSD insert 第 1 次 等待 3 秒
2021-07-29 01:00:00 {"status":"ok","gid":428648,"msg":"添加成功！"}
2021-07-29 01:00:00 下次操作: 2021-07-29 01:00:22

2021-07-29 01:00:22 开始第 2 次操作

2021-07-29 01:00:22 开始操作号码 【1877294】
2021-07-29 01:00:25 GSD getOne 第 1 次 等待 3 秒
2021-07-29 01:00:28 查询号码 【1877294】，返回信息 {"status":"bad","msg":""}
2021-07-29 01:00:28 查询号码 【1877294】，GSD为【""】
2021-07-29 01:00:28 bad
2021-07-29 01:00:30 CHB 1877294?1627491628 第 1 次 等待 3 秒
2021-07-29 01:00:33 CHB 1877294?1627491628 第 1 次 获取到号码【1877294】GSD
2021-07-29 01:00:33 获取到号码【1877294】的GSD为【湖北-十堰】
2021-07-29 01:00:36 GSD insert 第 1 次 等待 3 秒
2021-07-29 01:00:39 {"status":"ok","gid":428650,"msg":"添加成功！"}
2021-07-29 01:00:39 下次操作: 2021-07-29 01:00:55

2021-07-29 01:00:55 开始第 3 次操作

2021-07-29 01:00:55 开始操作号码 【1877293】
2021-07-29 01:01:05 GSD getOne 第 1 次 等待 3 秒
2021-07-29 01:01:08 查询号码 【1877293】，返回信息 {"status":"bad","msg":""}
2021-07-29 01:01:08 查询号码 【1877293】，GSD为【""】
2021-07-29 01:01:08 bad
2021-07-29 01:01:10 CHB 1877293?1627491668 第 1 次 等待 3 秒
2021-07-29 01:01:13 CHB 1877293?1627491668 第 1 次 获取到号码【1877293】GSD
2021-07-29 01:01:13 获取到号码【1877293】的GSD为【湖北-十堰】
2021-07-29 01:01:36 GSD insert 第 1 次 等待 3 秒
2021-07-29 01:01:39 {"status":"ok","gid":428653,"msg":"添加成功！"}
2021-07-29 01:01:39 下次操作: 2021-07-29 01:01:55

2021-07-29 01:01:55 开始第 4 次操作

2021-07-29 01:01:55 开始操作号码 【1877292】
2021-07-29 01:01:57 GSD getOne 第 1 次 等待 3 秒
2021-07-29 01:02:00 查询号码 【1877292】，返回信息 {"status":"bad","msg":""}
2021-07-29 01:02:01 查询号码 【1877292】，GSD为【""】
2021-07-29 01:02:01 bad
2021-07-29 01:02:02 CHB 1877292?1627491721 第 1 次 等待 3 秒
2021-07-29 01:02:05 CHB 1877292?1627491721 第 1 次 获取到号码【1877292】GSD
2021-07-29 01:02:05 获取到号码【1877292】的GSD为【湖北-十堰】
2021-07-29 01:02:08 GSD insert 第 1 次 等待 3 秒
2021-07-29 01:02:11 {"status":"ok","gid":428655,"msg":"添加成功！"}
2021-07-29 01:02:11 下次操作: 2021-07-29 01:02:33

2021-07-29 01:02:33 开始第 5 次操作

2021-07-29 01:02:33 开始操作号码 【1877291】
2021-07-29 01:02:36 GSD getOne 第 1 次 等待 3 秒
2021-07-29 01:02:39 查询号码 【1877291】，返回信息 {"status":"bad","msg":""}
2021-07-29 01:02:39 查询号码 【1877291】，GSD为【""】
2021-07-29 01:02:39 bad
2021-07-29 01:02:40 CHB 1877291?1627491759 第 1 次 等待 3 秒
2021-07-29 01:02:43 CHB 1877291?1627491759 第 1 次 获取到号码【1877291】GSD
2021-07-29 01:02:43 未获取到号码【1877291】GSD，查号吧 400 错误
2021-07-29 01:02:43 获取到号码【1877291】的GSD为【-】
2021-07-29 01:02:46 GSD insert 第 1 次 等待 3 秒
2021-07-29 01:02:49 {"status":"ok","gid":428657,"msg":"添加成功！"}
2021-07-29 01:02:49 下次操作: 2021-07-29 01:03:01

2021-07-29 01:03:01 开始第 6 次操作

2021-07-29 01:03:01 开始操作号码 【1877290】
2021-07-29 01:03:04 GSD getOne 第 1 次 等待 3 秒
2021-07-29 01:03:07 查询号码 【1877290】，返回信息 {"status":"bad","msg":""}
2021-07-29 01:03:07 查询号码 【1877290】，GSD为【""】
2021-07-29 01:03:07 bad
2021-07-29 01:03:08 CHB 1877290?1627491787 第 1 次 等待 3 秒
2021-07-29 01:03:11 CHB 1877290?1627491787 第 1 次 获取到号码【1877290】GSD
2021-07-29 01:03:11 获取到号码【1877290】的GSD为【湖北-十堰】
2021-07-29 01:03:27 GSD insert 第 1 次 等待 3 秒
2021-07-29 01:03:30 {"status":"ok","gid":428662,"msg":"添加成功！"}
2021-07-29 01:03:30 下次操作: 2021-07-29 01:03:44

2021-07-29 01:03:44 开始第 7 次操作

2021-07-29 01:03:44 开始操作号码 【1877289】
2021-07-29 01:04:54 GSD getOne 第 1 次 等待 3 秒
2021-07-29 01:04:57 查询号码 【1877289】，返回信息 {"status":"bad","msg":""}
2021-07-29 01:04:57 查询号码 【1877289】，GSD为【""】
2021-07-29 01:04:57 bad
2021-07-29 01:04:59 CHB 1877289?1627491897 第 1 次 等待 3 秒
2021-07-29 01:05:02 CHB 1877289?1627491897 第 1 次 获取到号码【1877289】GSD
2021-07-29 01:05:02 获取到号码【1877289】的GSD为【湖北-十堰】
2021-07-29 01:05:05 GSD insert 第 1 次 等待 3 秒
2021-07-29 01:05:08 {"status":"ok","gid":428671,"msg":"添加成功！"}
2021-07-29 01:05:08 下次操作: 2021-07-29 01:05:21

2021-07-29 01:05:21 开始第 8 次操作

2021-07-29 01:05:21 开始操作号码 【1877288】
2021-07-29 01:05:24 GSD getOne 第 1 次 等待 3 秒
2021-07-29 01:05:27 查询号码 【1877288】，返回信息 {"status":"ok","msg":"湖北-十堰","gid":"42659","time_insert":"2017-08-07 19:57","time_update":"2020-09-19 09:06"}
2021-07-29 01:05:27 查询号码 【1877288】，GSD为【"湖北-十堰"】

2021-07-29 01:05:27 开始第 8 次操作

2021-07-29 01:05:27 开始操作号码 【1877287】
2021-07-29 01:05:30 GSD getOne 第 1 次 等待 3 秒
2021-07-29 01:05:33 查询号码 【1877287】，返回信息 {"status":"bad","msg":""}
2021-07-29 01:05:33 查询号码 【1877287】，GSD为【""】
2021-07-29 01:05:33 bad
2021-07-29 01:05:35 CHB 1877287?1627491933 第 1 次 等待 3 秒
2021-07-29 01:05:38 CHB 1877287?1627491933 第 1 次 获取到号码【1877287】GSD
2021-07-29 01:05:38 获取到号码【1877287】的GSD为【湖北-十堰】
2021-07-29 01:05:41 GSD insert 第 1 次 等待 3 秒
2021-07-29 01:05:44 {"status":"ok","gid":428677,"msg":"添加成功！"}
2021-07-29 01:05:44 下次操作: 2021-07-29 01:06:03

2021-07-29 01:06:03 开始第 9 次操作

2021-07-29 01:06:03 开始操作号码 【1877286】
2021-07-29 01:06:06 GSD getOne 第 1 次 等待 3 秒
2021-07-29 01:06:09 查询号码 【1877286】，返回信息 {"status":"bad","msg":""}
2021-07-29 01:06:09 查询号码 【1877286】，GSD为【""】
2021-07-29 01:06:09 bad
2021-07-29 01:06:11 CHB 1877286?1627491969 第 1 次 等待 3 秒
2021-07-29 01:06:14 CHB 1877286?1627491969 第 1 次 获取到号码【1877286】GSD
2021-07-29 01:06:14 获取到号码【1877286】的GSD为【湖北-十堰】
2021-07-29 01:06:20 GSD insert 第 1 次 等待 3 秒
2021-07-29 01:06:23 {"status":"ok","gid":428684,"msg":"添加成功！"}
2021-07-29 01:06:23 下次操作: 2021-07-29 01:06:42

2021-07-29 01:06:42 开始第 10 次操作

2021-07-29 01:06:42 开始操作号码 【1877285】
2021-07-29 01:06:46 GSD getOne 第 1 次 等待 3 秒
2021-07-29 01:06:49 查询号码 【1877285】，返回信息 {"status":"bad","msg":""}
2021-07-29 01:06:49 查询号码 【1877285】，GSD为【""】
2021-07-29 01:06:49 bad
2021-07-29 01:06:51 CHB 1877285?1627492009 第 1 次 等待 3 秒
2021-07-29 01:06:54 CHB 1877285?1627492009 第 1 次 获取到号码【1877285】GSD
2021-07-29 01:06:54 获取到号码【1877285】的GSD为【湖北-十堰】
2021-07-29 01:06:56 GSD insert 第 1 次 等待 3 秒
2021-07-29 01:06:59 {"status":"ok","gid":428691,"msg":"添加成功！"}
2021-07-29 01:06:59 下次操作: 2021-07-29 01:07:22

2021-07-29 01:07:22 开始第 11 次操作

2021-07-29 01:07:22 开始操作号码 【1877284】
2021-07-29 01:07:25 GSD getOne 第 1 次 等待 3 秒
2021-07-29 01:07:28 查询号码 【1877284】，返回信息 {"status":"ok","msg":"湖北-十堰","gid":"42658","time_insert":"2017-10-15 14:19","time_update":"2021-01-22 08:53"}
2021-07-29 01:07:28 查询号码 【1877284】，GSD为【"湖北-十堰"】

2021-07-29 01:07:28 开始第 11 次操作

2021-07-29 01:07:28 开始操作号码 【1877283】
2021-07-29 01:07:31 GSD getOne 第 1 次 等待 3 秒
2021-07-29 01:07:34 查询号码 【1877283】，返回信息 {"status":"ok","msg":"湖北-十堰","gid":"42657","time_insert":"2017-04-18 19:52","time_update":"2020-09-19 09:01"}
2021-07-29 01:07:34 查询号码 【1877283】，GSD为【"湖北-十堰"】

2021-07-29 01:07:34 开始第 11 次操作

2021-07-29 01:07:34 开始操作号码 【1877282】
2021-07-29 01:07:39 GSD getOne 第 1 次 等待 3 秒
2021-07-29 01:07:42 查询号码 【1877282】，返回信息 {"status":"bad","msg":""}
2021-07-29 01:07:43 查询号码 【1877282】，GSD为【""】
2021-07-29 01:07:43 bad
2021-07-29 01:07:44 CHB 1877282?1627492063 第 1 次 等待 3 秒
2021-07-29 01:07:47 CHB 1877282?1627492063 第 1 次 获取到号码【1877282】GSD
2021-07-29 01:07:47 获取到号码【1877282】的GSD为【湖北-十堰】
2021-07-29 01:07:51 GSD insert 第 1 次 等待 3 秒
2021-07-29 01:07:54 {"status":"ok","gid":428699,"msg":"添加成功！"}
2021-07-29 01:07:54 下次操作: 2021-07-29 01:08:08

2021-07-29 01:08:08 开始第 12 次操作

2021-07-29 01:08:08 开始操作号码 【1877281】
2021-07-29 01:08:11 GSD getOne 第 1 次 等待 3 秒
2021-07-29 01:08:14 查询号码 【1877281】，返回信息 {"status":"bad","msg":""}
2021-07-29 01:08:14 查询号码 【1877281】，GSD为【""】
2021-07-29 01:08:14 bad
2021-07-29 01:08:16 CHB 1877281?1627492094 第 1 次 等待 3 秒
2021-07-29 01:08:19 CHB 1877281?1627492094 第 1 次 获取到号码【1877281】GSD
2021-07-29 01:08:19 获取到号码【1877281】的GSD为【湖北-十堰】
2021-07-29 01:08:23 GSD insert 第 1 次 等待 3 秒
2021-07-29 01:08:26 {"status":"ok","gid":428704,"msg":"添加成功！"}
2021-07-29 01:08:26 下次操作: 2021-07-29 01:08:38

2021-07-29 01:08:38 开始第 13 次操作

2021-07-29 01:08:38 开始操作号码 【1877280】
2021-07-29 01:08:42 GSD getOne 第 1 次 等待 3 秒
2021-07-29 01:08:45 查询号码 【1877280】，返回信息 {"status":"bad","msg":""}
2021-07-29 01:08:45 查询号码 【1877280】，GSD为【""】
2021-07-29 01:08:45 bad
2021-07-29 01:08:46 CHB 1877280?1627492125 第 1 次 等待 3 秒
2021-07-29 01:08:49 CHB 1877280?1627492125 第 1 次 获取到号码【1877280】GSD
2021-07-29 01:08:50 获取到号码【1877280】的GSD为【湖北-十堰】
2021-07-29 01:08:52 GSD insert 第 1 次 等待 3 秒
2021-07-29 01:08:55 {"status":"ok","gid":428711,"msg":"添加成功！"}
2021-07-29 01:08:55 下次操作: 2021-07-29 01:09:16

2021-07-29 01:09:16 开始第 14 次操作

2021-07-29 01:09:16 开始操作号码 【1877279】
2021-07-29 01:09:19 GSD getOne 第 1 次 等待 3 秒
2021-07-29 01:09:22 查询号码 【1877279】，返回信息 {"status":"bad","msg":""}
2021-07-29 01:09:22 查询号码 【1877279】，GSD为【""】
2021-07-29 01:09:22 bad
2021-07-29 01:09:24 CHB 1877279?1627492162 第 1 次 等待 3 秒
2021-07-29 01:09:27 CHB 1877279?1627492162 第 1 次 获取到号码【1877279】GSD
2021-07-29 01:09:27 获取到号码【1877279】的GSD为【湖北-十堰】
2021-07-29 01:09:30 GSD insert 第 1 次 等待 3 秒
2021-07-29 01:09:33 {"status":"ok","gid":428721,"msg":"添加成功！"}
2021-07-29 01:09:33 下次操作: 2021-07-29 01:09:49

2021-07-29 01:09:49 开始第 15 次操作

2021-07-29 01:09:49 开始操作号码 【1877278】
2021-07-29 01:09:52 GSD getOne 第 1 次 等待 3 秒
2021-07-29 01:09:55 查询号码 【1877278】，返回信息 {"status":"bad","msg":""}
2021-07-29 01:09:55 查询号码 【1877278】，GSD为【""】
2021-07-29 01:09:55 bad
2021-07-29 01:09:56 CHB 1877278?1627492195 第 1 次 等待 3 秒
2021-07-29 01:09:59 CHB 1877278?1627492195 第 1 次 获取到号码【1877278】GSD
2021-07-29 01:09:59 获取到号码【1877278】的GSD为【湖北-十堰】
2021-07-29 01:10:06 GSD insert 第 1 次 等待 3 秒
2021-07-29 01:10:09 {"status":"ok","gid":428729,"msg":"添加成功！"}
2021-07-29 01:10:09 下次操作: 2021-07-29 01:10:33

2021-07-29 01:10:33 开始第 16 次操作

2021-07-29 01:10:33 开始操作号码 【1877277】
2021-07-29 01:10:35 GSD getOne 第 1 次 等待 3 秒
2021-07-29 01:10:38 查询号码 【1877277】，返回信息 {"status":"bad","msg":""}
2021-07-29 01:10:38 查询号码 【1877277】，GSD为【""】
2021-07-29 01:10:38 bad
2021-07-29 01:10:40 CHB 1877277?1627492238 第 1 次 等待 3 秒
2021-07-29 01:10:43 CHB 1877277?1627492238 第 1 次 获取到号码【1877277】GSD
2021-07-29 01:10:43 获取到号码【1877277】的GSD为【湖北-十堰】
2021-07-29 01:10:46 GSD insert 第 1 次 等待 3 秒
2021-07-29 01:10:49 {"status":"ok","gid":428737,"msg":"添加成功！"}
2021-07-29 01:10:49 下次操作: 2021-07-29 01:11:01

2021-07-29 01:11:01 开始第 17 次操作

2021-07-29 01:11:01 开始操作号码 【1877276】
2021-07-29 01:11:04 GSD getOne 第 1 次 等待 3 秒
2021-07-29 01:11:07 查询号码 【1877276】，返回信息 {"status":"bad","msg":""}
2021-07-29 01:11:07 查询号码 【1877276】，GSD为【""】
2021-07-29 01:11:07 bad
2021-07-29 01:11:08 CHB 1877276?1627492267 第 1 次 等待 3 秒
2021-07-29 01:11:11 CHB 1877276?1627492267 第 1 次 获取到号码【1877276】GSD
2021-07-29 01:11:11 获取到号码【1877276】的GSD为【湖北-十堰】
2021-07-29 01:11:16 GSD insert 第 1 次 等待 3 秒
2021-07-29 01:11:19 {"status":"ok","gid":428742,"msg":"添加成功！"}
2021-07-29 01:11:19 下次操作: 2021-07-29 01:11:33

2021-07-29 01:11:33 开始第 18 次操作

2021-07-29 01:11:33 开始操作号码 【1877275】
2021-07-29 01:11:51 GSD getOne 第 1 次 等待 3 秒
2021-07-29 01:11:54 查询号码 【1877275】，返回信息 {"status":"bad","msg":""}
2021-07-29 01:11:54 查询号码 【1877275】，GSD为【""】
2021-07-29 01:11:54 bad
2021-07-29 01:11:56 CHB 1877275?1627492314 第 1 次 等待 3 秒
2021-07-29 01:11:59 CHB 1877275?1627492314 第 1 次 获取到号码【1877275】GSD
2021-07-29 01:11:59 获取到号码【1877275】的GSD为【湖北-十堰】
2021-07-29 01:12:11 GSD insert 第 1 次 等待 3 秒
2021-07-29 01:12:14 {"status":"ok","gid":428750,"msg":"添加成功！"}
2021-07-29 01:12:14 下次操作: 2021-07-29 01:12:31

2021-07-29 01:12:31 开始第 19 次操作

2021-07-29 01:12:31 开始操作号码 【1877274】
2021-07-29 01:12:35 GSD getOne 第 1 次 等待 3 秒
2021-07-29 01:12:38 查询号码 【1877274】，返回信息 {"status":"bad","msg":""}
2021-07-29 01:12:38 查询号码 【1877274】，GSD为【""】
2021-07-29 01:12:38 bad
2021-07-29 01:12:40 CHB 1877274?1627492358 第 1 次 等待 3 秒
2021-07-29 01:12:43 CHB 1877274?1627492358 第 1 次 获取到号码【1877274】GSD
2021-07-29 01:12:43 获取到号码【1877274】的GSD为【湖北-荆门】
2021-07-29 01:12:45 GSD insert 第 1 次 等待 3 秒
2021-07-29 01:12:48 {"status":"ok","gid":428755,"msg":"添加成功！"}
2021-07-29 01:12:48 下次操作: 2021-07-29 01:13:06

2021-07-29 01:13:06 开始第 20 次操作

2021-07-29 01:13:06 开始操作号码 【1877273】
2021-07-29 01:13:27 GSD getOne 第 1 次 等待 3 秒
2021-07-29 01:13:30 查询号码 【1877273】，返回信息 {"status":"bad","msg":""}
2021-07-29 01:13:30 查询号码 【1877273】，GSD为【""】
2021-07-29 01:13:30 bad
2021-07-29 01:13:31 CHB 1877273?1627492410 第 1 次 等待 3 秒
2021-07-29 01:13:34 CHB 1877273?1627492410 第 1 次 获取到号码【1877273】GSD
2021-07-29 01:13:34 获取到号码【1877273】的GSD为【湖北-荆门】
2021-07-29 01:13:37 GSD insert 第 1 次 等待 3 秒
2021-07-29 01:13:40 {"status":"ok","gid":428765,"msg":"添加成功！"}
2021-07-29 01:13:40 下次操作: 2021-07-29 01:14:04

2021-07-29 01:14:04 开始第 21 次操作

2021-07-29 01:14:04 开始操作号码 【1877272】
2021-07-29 01:14:17 GSD getOne 第 1 次 等待 3 秒
2021-07-29 01:14:20 查询号码 【1877272】，返回信息 {"status":"bad","msg":""}
2021-07-29 01:14:20 查询号码 【1877272】，GSD为【""】
2021-07-29 01:14:20 bad
2021-07-29 01:14:21 CHB 1877272?1627492460 第 1 次 等待 3 秒
2021-07-29 01:14:24 CHB 1877272?1627492460 第 1 次 获取到号码【1877272】GSD
2021-07-29 01:14:25 获取到号码【1877272】的GSD为【湖北-荆门】
2021-07-29 01:14:27 GSD insert 第 1 次 等待 3 秒
2021-07-29 01:14:30 {"status":"ok","gid":428773,"msg":"添加成功！"}
2021-07-29 01:14:30 下次操作: 2021-07-29 01:14:46

2021-07-29 01:14:46 开始第 22 次操作

2021-07-29 01:14:46 开始操作号码 【1877271】
2021-07-29 01:14:49 GSD getOne 第 1 次 等待 3 秒
2021-07-29 01:14:52 查询号码 【1877271】，返回信息 {"status":"bad","msg":""}
2021-07-29 01:14:52 查询号码 【1877271】，GSD为【""】
2021-07-29 01:14:52 bad
2021-07-29 01:14:54 CHB 1877271?1627492492 第 1 次 等待 3 秒
2021-07-29 01:14:57 CHB 1877271?1627492492 第 1 次 获取到号码【1877271】GSD
2021-07-29 01:14:57 获取到号码【1877271】的GSD为【湖北-荆门】
2021-07-29 01:15:00 GSD insert 第 1 次 等待 3 秒
2021-07-29 01:15:03 {"status":"ok","gid":428779,"msg":"添加成功！"}
2021-07-29 01:15:03 下次操作: 2021-07-29 01:15:15

2021-07-29 01:15:15 开始第 23 次操作

2021-07-29 01:15:15 开始操作号码 【1877270】
2021-07-29 01:15:18 GSD getOne 第 1 次 等待 3 秒
2021-07-29 01:15:21 查询号码 【1877270】，返回信息 {"status":"bad","msg":""}
2021-07-29 01:15:21 查询号码 【1877270】，GSD为【""】
2021-07-29 01:15:21 bad
2021-07-29 01:15:22 CHB 1877270?1627492521 第 1 次 等待 3 秒
2021-07-29 01:15:25 CHB 1877270?1627492521 第 1 次 获取到号码【1877270】GSD
2021-07-29 01:15:25 获取到号码【1877270】的GSD为【湖北-荆门】
2021-07-29 01:15:28 GSD insert 第 1 次 等待 3 秒
2021-07-29 01:15:31 {"status":"ok","gid":428786,"msg":"添加成功！"}
2021-07-29 01:15:31 下次操作: 2021-07-29 01:15:49

2021-07-29 01:15:49 开始第 24 次操作

2021-07-29 01:15:49 开始操作号码 【1877269】
2021-07-29 01:15:52 GSD getOne 第 1 次 等待 3 秒
2021-07-29 01:15:55 查询号码 【1877269】，返回信息 {"status":"bad","msg":""}
2021-07-29 01:15:55 查询号码 【1877269】，GSD为【""】
2021-07-29 01:15:55 bad
2021-07-29 01:15:57 CHB 1877269?1627492555 第 1 次 等待 3 秒
2021-07-29 01:16:00 CHB 1877269?1627492555 第 1 次 获取到号码【1877269】GSD
2021-07-29 01:16:00 获取到号码【1877269】的GSD为【湖北-荆州】
2021-07-29 01:16:03 GSD insert 第 1 次 等待 3 秒
2021-07-29 01:16:06 {"status":"ok","gid":428794,"msg":"添加成功！"}
2021-07-29 01:16:06 下次操作: 2021-07-29 01:16:27

2021-07-29 01:16:27 开始第 25 次操作

2021-07-29 01:16:27 开始操作号码 【1877268】
2021-07-29 01:17:02 GSD getOne 第 1 次 等待 3 秒
2021-07-29 01:17:05 查询号码 【1877268】，返回信息 {"status":"bad","msg":""}
2021-07-29 01:17:05 查询号码 【1877268】，GSD为【""】
2021-07-29 01:17:05 bad
2021-07-29 01:17:07 CHB 1877268?1627492625 第 1 次 等待 3 秒
2021-07-29 01:17:10 CHB 1877268?1627492625 第 1 次 获取到号码【1877268】GSD
2021-07-29 01:17:10 获取到号码【1877268】的GSD为【湖北-荆州】
2021-07-29 01:17:14 GSD insert 第 1 次 等待 3 秒
2021-07-29 01:17:17 {"status":"ok","gid":428804,"msg":"添加成功！"}
2021-07-29 01:17:17 下次操作: 2021-07-29 01:17:37

2021-07-29 01:17:37 开始第 26 次操作

2021-07-29 01:17:37 开始操作号码 【1877267】
2021-07-29 01:17:43 GSD getOne 第 1 次 等待 3 秒
2021-07-29 01:17:46 查询号码 【1877267】，返回信息 {"status":"bad","msg":""}
2021-07-29 01:17:46 查询号码 【1877267】，GSD为【""】
2021-07-29 01:17:46 bad
2021-07-29 01:17:47 CHB 1877267?1627492666 第 1 次 等待 3 秒
2021-07-29 01:17:50 CHB 1877267?1627492666 第 1 次 获取到号码【1877267】GSD
2021-07-29 01:17:51 获取到号码【1877267】的GSD为【湖北-荆州】
2021-07-29 01:17:59 GSD insert 第 1 次 等待 3 秒
2021-07-29 01:18:02 {"status":"ok","gid":428812,"msg":"添加成功！"}
2021-07-29 01:18:02 下次操作: 2021-07-29 01:18:23

2021-07-29 01:18:23 开始第 27 次操作

2021-07-29 01:18:23 开始操作号码 【1877266】
2021-07-29 01:18:28 GSD getOne 第 1 次 等待 3 秒
2021-07-29 01:18:31 查询号码 【1877266】，返回信息 {"status":"bad","msg":""}
2021-07-29 01:18:31 查询号码 【1877266】，GSD为【""】
2021-07-29 01:18:31 bad
2021-07-29 01:18:33 CHB 1877266?1627492711 第 1 次 等待 3 秒
2021-07-29 01:18:36 CHB 1877266?1627492711 第 1 次 获取到号码【1877266】GSD
2021-07-29 01:18:36 获取到号码【1877266】的GSD为【湖北-荆州】
2021-07-29 01:18:38 GSD insert 第 1 次 等待 3 秒
2021-07-29 01:18:41 {"status":"ok","gid":428821,"msg":"添加成功！"}
2021-07-29 01:18:41 下次操作: 2021-07-29 01:19:02

2021-07-29 01:19:02 开始第 28 次操作

2021-07-29 01:19:02 开始操作号码 【1877265】
2021-07-29 01:19:05 GSD getOne 第 1 次 等待 3 秒
2021-07-29 01:19:08 查询号码 【1877265】，返回信息 {"status":"bad","msg":""}
2021-07-29 01:19:09 查询号码 【1877265】，GSD为【""】
2021-07-29 01:19:09 bad
2021-07-29 01:19:10 CHB 1877265?1627492749 第 1 次 等待 3 秒
2021-07-29 01:19:13 CHB 1877265?1627492749 第 1 次 获取到号码【1877265】GSD
2021-07-29 01:19:13 获取到号码【1877265】的GSD为【湖北-荆州】
2021-07-29 01:19:20 GSD insert 第 1 次 等待 3 秒
2021-07-29 01:19:23 {"status":"ok","gid":428827,"msg":"添加成功！"}
2021-07-29 01:19:23 下次操作: 2021-07-29 01:19:39

2021-07-29 01:19:39 开始第 29 次操作

2021-07-29 01:19:39 开始操作号码 【1877264】
2021-07-29 01:19:42 GSD getOne 第 1 次 等待 3 秒
2021-07-29 01:19:45 查询号码 【1877264】，返回信息 {"status":"bad","msg":""}
2021-07-29 01:19:45 查询号码 【1877264】，GSD为【""】
2021-07-29 01:19:45 bad
2021-07-29 01:19:47 CHB 1877264?1627492785 第 1 次 等待 3 秒
2021-07-29 01:19:50 CHB 1877264?1627492785 第 1 次 获取到号码【1877264】GSD
2021-07-29 01:19:50 获取到号码【1877264】的GSD为【湖北-荆州】
2021-07-29 01:19:53 GSD insert 第 1 次 等待 3 秒
2021-07-29 01:19:56 {"status":"ok","gid":428831,"msg":"添加成功！"}
2021-07-29 01:19:56 下次操作: 2021-07-29 01:20:19

2021-07-29 01:20:19 开始第 30 次操作

2021-07-29 01:20:19 开始操作号码 【1877263】
2021-07-29 01:20:21 GSD getOne 第 1 次 等待 3 秒
2021-07-29 01:20:25 查询号码 【1877263】，返回信息 {"status":"bad","msg":""}
2021-07-29 01:20:25 查询号码 【1877263】，GSD为【""】
2021-07-29 01:20:25 bad
2021-07-29 01:20:26 CHB 1877263?1627492825 第 1 次 等待 3 秒
2021-07-29 01:20:29 CHB 1877263?1627492825 第 1 次 获取到号码【1877263】GSD
2021-07-29 01:20:29 获取到号码【1877263】的GSD为【湖北-荆州】
2021-07-29 01:20:32 GSD insert 第 1 次 等待 3 秒
2021-07-29 01:20:35 {"status":"ok","gid":428840,"msg":"添加成功！"}
2021-07-29 01:20:35 下次操作: 2021-07-29 01:20:53

2021-07-29 01:20:53 开始第 31 次操作

2021-07-29 01:20:53 开始操作号码 【1877262】
2021-07-29 01:20:56 GSD getOne 第 1 次 等待 3 秒
2021-07-29 01:20:59 查询号码 【1877262】，返回信息 {"status":"bad","msg":""}
2021-07-29 01:20:59 查询号码 【1877262】，GSD为【""】
2021-07-29 01:20:59 bad
2021-07-29 01:21:00 CHB 1877262?1627492859 第 1 次 等待 3 秒
2021-07-29 01:21:03 CHB 1877262?1627492859 第 1 次 获取到号码【1877262】GSD
2021-07-29 01:21:03 获取到号码【1877262】的GSD为【湖北-荆州】
2021-07-29 01:21:08 GSD insert 第 1 次 等待 3 秒
2021-07-29 01:21:11 {"status":"ok","gid":428848,"msg":"添加成功！"}
2021-07-29 01:21:11 下次操作: 2021-07-29 01:21:35

2021-07-29 01:21:35 开始第 32 次操作

2021-07-29 01:21:35 开始操作号码 【1877261】
2021-07-29 01:21:38 GSD getOne 第 1 次 等待 3 秒
2021-07-29 01:21:41 查询号码 【1877261】，返回信息 {"status":"bad","msg":""}
2021-07-29 01:21:41 查询号码 【1877261】，GSD为【""】
2021-07-29 01:21:41 bad
2021-07-29 01:21:42 CHB 1877261?1627492901 第 1 次 等待 3 秒
2021-07-29 01:21:45 CHB 1877261?1627492901 第 1 次 获取到号码【1877261】GSD
2021-07-29 01:21:45 获取到号码【1877261】的GSD为【湖北-荆州】
2021-07-29 01:21:48 GSD insert 第 1 次 等待 3 秒
2021-07-29 01:21:51 {"status":"ok","gid":428854,"msg":"添加成功！"}
2021-07-29 01:21:51 下次操作: 2021-07-29 01:22:09

2021-07-29 01:22:09 开始第 33 次操作

2021-07-29 01:22:09 开始操作号码 【1877260】
2021-07-29 01:22:12 GSD getOne 第 1 次 等待 3 秒
2021-07-29 01:22:15 查询号码 【1877260】，返回信息 {"status":"bad","msg":""}
2021-07-29 01:22:15 查询号码 【1877260】，GSD为【""】
2021-07-29 01:22:15 bad
2021-07-29 01:22:17 CHB 1877260?1627492935 第 1 次 等待 3 秒
2021-07-29 01:22:20 CHB 1877260?1627492935 第 1 次 获取到号码【1877260】GSD
2021-07-29 01:22:20 获取到号码【1877260】的GSD为【湖北-荆州】
2021-07-29 01:22:39 GSD insert 第 1 次 等待 3 秒
2021-07-29 01:22:42 {"status":"ok","gid":428862,"msg":"添加成功！"}
2021-07-29 01:22:42 下次操作: 2021-07-29 01:22:58

2021-07-29 01:22:58 开始第 34 次操作

2021-07-29 01:22:58 开始操作号码 【1877259】
2021-07-29 01:23:01 GSD getOne 第 1 次 等待 3 秒
2021-07-29 01:23:04 查询号码 【1877259】，返回信息 {"status":"bad","msg":""}
2021-07-29 01:23:04 查询号码 【1877259】，GSD为【""】
2021-07-29 01:23:04 bad
2021-07-29 01:23:05 CHB 1877259?1627492984 第 1 次 等待 3 秒
2021-07-29 01:23:08 CHB 1877259?1627492984 第 1 次 获取到号码【1877259】GSD
2021-07-29 01:23:08 获取到号码【1877259】的GSD为【湖北-荆州】
2021-07-29 01:23:12 GSD insert 第 1 次 等待 3 秒
2021-07-29 01:23:15 {"status":"ok","gid":428869,"msg":"添加成功！"}
2021-07-29 01:23:15 下次操作: 2021-07-29 01:23:32

2021-07-29 01:23:32 开始第 35 次操作

2021-07-29 01:23:32 开始操作号码 【1877258】
2021-07-29 01:23:35 GSD getOne 第 1 次 等待 3 秒
2021-07-29 01:23:38 查询号码 【1877258】，返回信息 {"status":"ok","msg":"湖北-荆州","gid":"42656","time_insert":"2015-06-28 16:04","time_update":"2020-09-19 09:01"}
2021-07-29 01:23:38 查询号码 【1877258】，GSD为【"湖北-荆州"】

2021-07-29 01:23:38 开始第 35 次操作

2021-07-29 01:23:38 开始操作号码 【1877257】
2021-07-29 01:23:41 GSD getOne 第 1 次 等待 3 秒
2021-07-29 01:23:44 查询号码 【1877257】，返回信息 {"status":"bad","msg":""}
2021-07-29 01:23:44 查询号码 【1877257】，GSD为【""】
2021-07-29 01:23:44 bad
2021-07-29 01:23:46 CHB 1877257?1627493024 第 1 次 等待 3 秒
2021-07-29 01:23:49 CHB 1877257?1627493024 第 1 次 获取到号码【1877257】GSD
2021-07-29 01:23:49 获取到号码【1877257】的GSD为【湖北-荆州】
2021-07-29 01:23:54 GSD insert 第 1 次 等待 3 秒
2021-07-29 01:23:57 {"status":"ok","gid":428877,"msg":"添加成功！"}
2021-07-29 01:23:57 下次操作: 2021-07-29 01:24:15

2021-07-29 01:24:15 开始第 36 次操作

2021-07-29 01:24:15 开始操作号码 【1877256】
2021-07-29 01:24:20 GSD getOne 第 1 次 等待 3 秒
2021-07-29 01:24:23 查询号码 【1877256】，返回信息 {"status":"bad","msg":""}
2021-07-29 01:24:23 查询号码 【1877256】，GSD为【""】
2021-07-29 01:24:23 bad
2021-07-29 01:24:25 CHB 1877256?1627493063 第 1 次 等待 3 秒
2021-07-29 01:24:28 CHB 1877256?1627493063 第 1 次 获取到号码【1877256】GSD
2021-07-29 01:24:28 获取到号码【1877256】的GSD为【湖北-荆州】
2021-07-29 01:24:30 GSD insert 第 1 次 等待 3 秒
2021-07-29 01:24:33 {"status":"ok","gid":428884,"msg":"添加成功！"}
2021-07-29 01:24:33 下次操作: 2021-07-29 01:24:51

2021-07-29 01:24:51 开始第 37 次操作

2021-07-29 01:24:51 开始操作号码 【1877255】
2021-07-29 01:24:55 GSD getOne 第 1 次 等待 3 秒
2021-07-29 01:24:58 查询号码 【1877255】，返回信息 {"status":"bad","msg":""}
2021-07-29 01:24:58 查询号码 【1877255】，GSD为【""】
2021-07-29 01:24:58 bad
2021-07-29 01:24:59 CHB 1877255?1627493098 第 1 次 等待 3 秒
2021-07-29 01:25:02 CHB 1877255?1627493098 第 1 次 获取到号码【1877255】GSD
2021-07-29 01:25:02 获取到号码【1877255】的GSD为【湖北-黄冈】
2021-07-29 01:25:05 GSD insert 第 1 次 等待 3 秒
2021-07-29 01:25:08 {"status":"ok","gid":428889,"msg":"添加成功！"}
2021-07-29 01:25:08 下次操作: 2021-07-29 01:25:24

2021-07-29 01:25:24 开始第 38 次操作

2021-07-29 01:25:24 开始操作号码 【1877254】
2021-07-29 01:25:31 GSD getOne 第 1 次 等待 3 秒
2021-07-29 01:25:34 查询号码 【1877254】，返回信息 {"status":"bad","msg":""}
2021-07-29 01:25:35 查询号码 【1877254】，GSD为【""】
2021-07-29 01:25:35 bad
2021-07-29 01:25:36 CHB 1877254?1627493135 第 1 次 等待 3 秒
2021-07-29 01:25:39 CHB 1877254?1627493135 第 1 次 获取到号码【1877254】GSD
2021-07-29 01:25:39 获取到号码【1877254】的GSD为【湖北-黄冈】
2021-07-29 01:25:45 GSD insert 第 1 次 等待 3 秒
2021-07-29 01:25:48 {"status":"ok","gid":428897,"msg":"添加成功！"}
2021-07-29 01:25:48 下次操作: 2021-07-29 01:26:02

2021-07-29 01:26:02 开始第 39 次操作

2021-07-29 01:26:02 开始操作号码 【1877253】
2021-07-29 01:26:07 GSD getOne 第 1 次 等待 3 秒
2021-07-29 01:26:10 查询号码 【1877253】，返回信息 {"status":"ok","msg":"湖北-黄冈","gid":"56104","time_insert":"2020-03-27 22:30"}
2021-07-29 01:26:10 查询号码 【1877253】，GSD为【"湖北-黄冈"】

2021-07-29 01:26:10 开始第 39 次操作

2021-07-29 01:26:10 开始操作号码 【1877252】
2021-07-29 01:26:14 GSD getOne 第 1 次 等待 3 秒
2021-07-29 01:26:17 查询号码 【1877252】，返回信息 {"status":"bad","msg":""}
2021-07-29 01:26:17 查询号码 【1877252】，GSD为【""】
2021-07-29 01:26:17 bad
2021-07-29 01:26:19 CHB 1877252?1627493177 第 1 次 等待 3 秒
2021-07-29 01:26:22 CHB 1877252?1627493177 第 1 次 获取到号码【1877252】GSD
2021-07-29 01:26:22 获取到号码【1877252】的GSD为【湖北-黄冈】
2021-07-29 01:26:25 GSD insert 第 1 次 等待 3 秒
2021-07-29 01:26:28 {"status":"ok","gid":428907,"msg":"添加成功！"}
2021-07-29 01:26:28 下次操作: 2021-07-29 01:26:41

2021-07-29 01:26:41 开始第 40 次操作

2021-07-29 01:26:41 开始操作号码 【1877251】
2021-07-29 01:26:45 GSD getOne 第 1 次 等待 3 秒
2021-07-29 01:26:48 查询号码 【1877251】，返回信息 {"status":"bad","msg":""}
2021-07-29 01:26:48 查询号码 【1877251】，GSD为【""】
2021-07-29 01:26:48 bad
2021-07-29 01:26:50 CHB 1877251?1627493208 第 1 次 等待 3 秒
2021-07-29 01:26:53 CHB 1877251?1627493208 第 1 次 获取到号码【1877251】GSD
2021-07-29 01:26:53 获取到号码【1877251】的GSD为【湖北-黄冈】
2021-07-29 01:27:29 GSD insert 第 1 次 等待 3 秒
2021-07-29 01:27:32 {"status":"ok","gid":428910,"msg":"添加成功！"}

2021-07-29 01:40:24 开始第 1 次操作

2021-07-29 01:40:24 开始操作号码 【1877250】
2021-07-29 01:40:28 GSD getOne 第 1 次 等待 3 秒
2021-07-29 01:40:31 查询号码 【1877250】，返回信息 {"status":"bad","msg":""}
2021-07-29 01:40:31 查询号码 【1877250】，GSD为【""】
2021-07-29 01:40:31 bad
2021-07-29 01:40:32 CHB 1877250?1627494031 第 1 次 等待 3 秒
2021-07-29 01:40:35 CHB 1877250?1627494031 第 1 次 获取到号码【1877250】GSD
2021-07-29 01:40:35 获取到号码【1877250】的GSD为【湖北-黄冈】
2021-07-29 01:40:58 GSD insert 第 1 次 等待 3 秒
2021-07-29 01:41:01 {"status":"ok","gid":428970,"msg":"添加成功！"}
2021-07-29 01:41:01 下次操作: 2021-07-29 01:41:18

2021-07-29 01:41:18 开始第 2 次操作

2021-07-29 01:41:18 开始操作号码 【1877249】
2021-07-29 01:41:27 GSD getOne 第 1 次 等待 3 秒
2021-07-29 01:41:30 查询号码 【1877249】，返回信息 {"status":"bad","msg":""}
2021-07-29 01:41:30 查询号码 【1877249】，GSD为【""】
2021-07-29 01:41:30 bad
2021-07-29 01:41:32 CHB 1877249?1627494090 第 1 次 等待 3 秒
2021-07-29 01:41:35 CHB 1877249?1627494090 第 1 次 获取到号码【1877249】GSD
2021-07-29 01:41:35 获取到号码【1877249】的GSD为【湖北-黄冈】
2021-07-29 01:41:59 GSD insert 第 1 次 等待 3 秒
2021-07-29 01:42:02 {"status":"ok","gid":428973,"msg":"添加成功！"}
2021-07-29 01:42:02 下次操作: 2021-07-29 01:42:14

2021-07-29 01:42:14 开始第 3 次操作

2021-07-29 01:42:14 开始操作号码 【1877248】
2021-07-29 01:42:26 GSD getOne 第 1 次 等待 3 秒
2021-07-29 01:42:29 查询号码 【1877248】，返回信息 {"status":"bad","msg":""}
2021-07-29 01:42:29 查询号码 【1877248】，GSD为【""】
2021-07-29 01:42:29 bad
2021-07-29 01:42:30 CHB 1877248?1627494149 第 1 次 等待 3 秒
2021-07-29 01:42:33 CHB 1877248?1627494149 第 1 次 获取到号码【1877248】GSD
2021-07-29 01:42:34 获取到号码【1877248】的GSD为【湖北-黄冈】
2021-07-29 01:42:52 GSD insert 第 1 次 等待 3 秒
2021-07-29 01:42:55 {"status":"ok","gid":428976,"msg":"添加成功！"}
2021-07-29 01:42:55 下次操作: 2021-07-29 01:43:18

2021-07-29 01:43:18 开始第 4 次操作

2021-07-29 01:43:18 开始操作号码 【1877247】
2021-07-29 01:43:20 GSD getOne 第 1 次 等待 3 秒
2021-07-29 01:43:23 查询号码 【1877247】，返回信息 {"status":"bad","msg":""}
2021-07-29 01:43:24 查询号码 【1877247】，GSD为【""】
2021-07-29 01:43:24 bad
2021-07-29 01:43:25 CHB 1877247?1627494204 第 1 次 等待 3 秒
2021-07-29 01:43:28 CHB 1877247?1627494204 第 1 次 获取到号码【1877247】GSD
2021-07-29 01:43:28 获取到号码【1877247】的GSD为【湖北-黄冈】
2021-07-29 01:43:47 GSD insert 第 1 次 等待 3 秒
2021-07-29 01:43:50 {"status":"ok","gid":428983,"msg":"添加成功！"}
2021-07-29 01:43:50 下次操作: 2021-07-29 01:44:08

2021-07-29 01:44:08 开始第 5 次操作

2021-07-29 01:44:08 开始操作号码 【1877246】
2021-07-29 01:44:11 GSD getOne 第 1 次 等待 3 秒
2021-07-29 01:44:14 查询号码 【1877246】，返回信息 {"status":"ok","msg":"湖北-黄冈","gid":"42655","time_insert":"2018-07-18 09:46","time_update":"2020-09-19 08:56"}
2021-07-29 01:44:14 查询号码 【1877246】，GSD为【"湖北-黄冈"】

2021-07-29 01:44:14 开始第 5 次操作

2021-07-29 01:44:14 开始操作号码 【1877245】
2021-07-29 01:44:34 GSD getOne 第 1 次 等待 3 秒
2021-07-29 01:44:37 查询号码 【1877245】，返回信息 {"status":"bad","msg":""}
2021-07-29 01:44:37 查询号码 【1877245】，GSD为【""】
2021-07-29 01:44:37 bad
2021-07-29 01:44:39 CHB 1877245?1627494277 第 1 次 等待 3 秒
2021-07-29 01:44:42 CHB 1877245?1627494277 第 1 次 获取到号码【1877245】GSD
2021-07-29 01:44:42 获取到号码【1877245】的GSD为【湖北-黄冈】
2021-07-29 01:45:16 GSD insert 第 1 次 等待 3 秒
2021-07-29 01:45:19 {"status":"ok","gid":428996,"msg":"添加成功！"}
2021-07-29 01:45:19 下次操作: 2021-07-29 01:45:32

2021-07-29 01:45:32 开始第 6 次操作

2021-07-29 01:45:32 开始操作号码 【1877244】
2021-07-29 01:45:36 GSD getOne 第 1 次 等待 3 秒
2021-07-29 01:45:39 查询号码 【1877244】，返回信息 {"status":"bad","msg":""}
2021-07-29 01:45:39 查询号码 【1877244】，GSD为【""】
2021-07-29 01:45:39 bad
2021-07-29 01:45:41 CHB 1877244?1627494339 第 1 次 等待 3 秒
2021-07-29 01:45:44 CHB 1877244?1627494339 第 1 次 获取到号码【1877244】GSD
2021-07-29 01:45:44 获取到号码【1877244】的GSD为【湖北-黄冈】
2021-07-29 01:46:05 GSD insert 第 1 次 等待 3 秒
2021-07-29 01:46:08 {"status":"ok","gid":429008,"msg":"添加成功！"}
2021-07-29 01:46:08 下次操作: 2021-07-29 01:46:26

2021-07-29 01:46:26 开始第 7 次操作

2021-07-29 01:46:26 开始操作号码 【1877243】
2021-07-29 01:46:29 GSD getOne 第 1 次 等待 3 秒
2021-07-29 01:46:32 查询号码 【1877243】，返回信息 {"status":"bad","msg":""}
2021-07-29 01:46:32 查询号码 【1877243】，GSD为【""】
2021-07-29 01:46:32 bad
2021-07-29 01:46:33 CHB 1877243?1627494392 第 1 次 等待 3 秒
2021-07-29 01:46:37 CHB 1877243?1627494392 第 1 次 获取到号码【1877243】GSD
2021-07-29 01:46:37 获取到号码【1877243】的GSD为【湖北-黄冈】
2021-07-29 01:46:55 GSD insert 第 1 次 等待 3 秒
2021-07-29 01:46:58 {"status":"ok","gid":429017,"msg":"添加成功！"}
2021-07-29 01:46:58 下次操作: 2021-07-29 01:47:10

2021-07-29 01:47:10 开始第 8 次操作

2021-07-29 01:47:10 开始操作号码 【1877242】
2021-07-29 01:47:14 GSD getOne 第 1 次 等待 3 秒
2021-07-29 01:47:17 查询号码 【1877242】，返回信息 {"status":"bad","msg":""}
2021-07-29 01:47:17 查询号码 【1877242】，GSD为【""】
2021-07-29 01:47:17 bad
2021-07-29 01:47:19 CHB 1877242?1627494437 第 1 次 等待 3 秒
2021-07-29 01:47:22 CHB 1877242?1627494437 第 1 次 获取到号码【1877242】GSD
2021-07-29 01:47:22 获取到号码【1877242】的GSD为【湖北-黄冈】
2021-07-29 01:47:40 GSD insert 第 1 次 等待 3 秒
2021-07-29 01:47:43 {"status":"ok","gid":429026,"msg":"添加成功！"}
2021-07-29 01:47:43 下次操作: 2021-07-29 01:48:00

2021-07-29 01:48:00 开始第 9 次操作

2021-07-29 01:48:00 开始操作号码 【1877241】
2021-07-29 01:48:03 GSD getOne 第 1 次 等待 3 秒
2021-07-29 01:48:06 查询号码 【1877241】，返回信息 {"status":"ok","msg":"湖北-黄冈","gid":"42654","time_insert":"2019-11-06 09:36","time_update":"2020-09-19 08:53"}
2021-07-29 01:48:06 查询号码 【1877241】，GSD为【"湖北-黄冈"】

2021-07-29 01:48:06 开始第 9 次操作

2021-07-29 01:48:06 开始操作号码 【1877240】
2021-07-29 01:48:41 GSD getOne 第 1 次 等待 3 秒
2021-07-29 01:48:44 查询号码 【1877240】，返回信息 {"status":"bad","msg":""}
2021-07-29 01:48:44 查询号码 【1877240】，GSD为【""】
2021-07-29 01:48:44 bad
2021-07-29 01:48:45 CHB 1877240?1627494524 第 1 次 等待 3 秒
2021-07-29 01:48:48 CHB 1877240?1627494524 第 1 次 获取到号码【1877240】GSD
2021-07-29 01:48:48 获取到号码【1877240】的GSD为【湖北-黄冈】
2021-07-29 01:49:07 GSD insert 第 1 次 等待 3 秒
2021-07-29 01:49:10 {"status":"ok","gid":429041,"msg":"添加成功！"}
2021-07-29 01:49:10 下次操作: 2021-07-29 01:49:25

2021-07-29 01:49:25 开始第 10 次操作

2021-07-29 01:49:25 开始操作号码 【1877239】
2021-07-29 01:49:30 GSD getOne 第 1 次 等待 3 秒
2021-07-29 01:49:33 查询号码 【1877239】，返回信息 {"status":"bad","msg":""}
2021-07-29 01:49:33 查询号码 【1877239】，GSD为【""】
2021-07-29 01:49:33 bad
2021-07-29 01:49:35 CHB 1877239?1627494573 第 1 次 等待 3 秒
2021-07-29 01:49:38 CHB 1877239?1627494573 第 1 次 获取到号码【1877239】GSD
2021-07-29 01:49:38 获取到号码【1877239】的GSD为【湖北-黄冈】
2021-07-29 01:50:13 GSD insert 第 1 次 等待 3 秒
2021-07-29 01:50:16 {"status":"ok","gid":429053,"msg":"添加成功！"}
2021-07-29 01:50:16 下次操作: 2021-07-29 01:50:37

2021-07-29 01:50:37 开始第 11 次操作

2021-07-29 01:50:37 开始操作号码 【1877238】
2021-07-29 01:50:39 GSD getOne 第 1 次 等待 3 秒
2021-07-29 01:50:42 查询号码 【1877238】，返回信息 {"status":"bad","msg":""}
2021-07-29 01:50:43 查询号码 【1877238】，GSD为【""】
2021-07-29 01:50:43 bad
2021-07-29 01:50:44 CHB 1877238?1627494643 第 1 次 等待 3 秒
2021-07-29 01:50:47 CHB 1877238?1627494643 第 1 次 获取到号码【1877238】GSD
2021-07-29 01:50:47 获取到号码【1877238】的GSD为【湖北-黄冈】
2021-07-29 01:51:06 GSD insert 第 1 次 等待 3 秒
2021-07-29 01:51:09 {"status":"ok","gid":429062,"msg":"添加成功！"}
2021-07-29 01:51:09 下次操作: 2021-07-29 01:51:30

2021-07-29 01:51:30 开始第 12 次操作

2021-07-29 01:51:30 开始操作号码 【1877237】
2021-07-29 01:51:33 GSD getOne 第 1 次 等待 3 秒
2021-07-29 01:51:36 查询号码 【1877237】，返回信息 {"status":"bad","msg":""}
2021-07-29 01:51:36 查询号码 【1877237】，GSD为【""】
2021-07-29 01:51:36 bad
2021-07-29 01:51:38 CHB 1877237?1627494696 第 1 次 等待 3 秒
2021-07-29 01:51:41 CHB 1877237?1627494696 第 1 次 获取到号码【1877237】GSD
2021-07-29 01:51:41 获取到号码【1877237】的GSD为【湖北-黄石】
2021-07-29 01:51:59 GSD insert 第 1 次 等待 3 秒
2021-07-29 01:52:02 {"status":"ok","gid":429075,"msg":"添加成功！"}
2021-07-29 01:52:02 下次操作: 2021-07-29 01:52:18

2021-07-29 01:52:18 开始第 13 次操作

2021-07-29 01:52:18 开始操作号码 【1877236】
2021-07-29 01:52:21 GSD getOne 第 1 次 等待 3 秒
2021-07-29 01:52:24 查询号码 【1877236】，返回信息 {"status":"bad","msg":""}
2021-07-29 01:52:24 查询号码 【1877236】，GSD为【""】
2021-07-29 01:52:24 bad
2021-07-29 01:52:25 CHB 1877236?1627494744 第 1 次 等待 3 秒
2021-07-29 01:52:28 CHB 1877236?1627494744 第 1 次 获取到号码【1877236】GSD
2021-07-29 01:52:28 获取到号码【1877236】的GSD为【湖北-黄石】
2021-07-29 01:53:04 GSD insert 第 1 次 等待 3 秒
2021-07-29 01:53:07 {"status":"ok","gid":429088,"msg":"添加成功！"}
2021-07-29 01:53:07 下次操作: 2021-07-29 01:53:29

2021-07-29 01:53:29 开始第 14 次操作

2021-07-29 01:53:29 开始操作号码 【1877235】
2021-07-29 01:53:35 GSD getOne 第 1 次 等待 3 秒
2021-07-29 01:53:38 查询号码 【1877235】，返回信息 {"status":"bad","msg":""}
2021-07-29 01:53:38 查询号码 【1877235】，GSD为【""】
2021-07-29 01:53:38 bad
2021-07-29 01:53:39 CHB 1877235?1627494818 第 1 次 等待 3 秒
2021-07-29 01:53:42 CHB 1877235?1627494818 第 1 次 获取到号码【1877235】GSD
2021-07-29 01:53:42 获取到号码【1877235】的GSD为【湖北-黄石】
2021-07-29 01:54:02 GSD insert 第 1 次 等待 3 秒
2021-07-29 01:54:05 {"status":"ok","gid":429100,"msg":"添加成功！"}
2021-07-29 01:54:05 下次操作: 2021-07-29 01:54:20

2021-07-29 01:54:20 开始第 15 次操作

2021-07-29 01:54:20 开始操作号码 【1877234】
2021-07-29 01:54:22 GSD getOne 第 1 次 等待 3 秒
2021-07-29 01:54:25 查询号码 【1877234】，返回信息 {"status":"ok","msg":"湖北-黄石","gid":"42653","time_insert":"2018-10-11 08:24","time_update":"2020-09-19 08:48"}
2021-07-29 01:54:25 查询号码 【1877234】，GSD为【"湖北-黄石"】

2021-07-29 01:54:25 开始第 15 次操作

2021-07-29 01:54:25 开始操作号码 【1877233】
2021-07-29 01:54:43 GSD getOne 第 1 次 等待 3 秒
2021-07-29 01:54:46 查询号码 【1877233】，返回信息 {"status":"bad","msg":""}
2021-07-29 01:54:46 查询号码 【1877233】，GSD为【""】
2021-07-29 01:54:46 bad
2021-07-29 01:54:48 CHB 1877233?1627494886 第 1 次 等待 3 秒
2021-07-29 01:54:51 CHB 1877233?1627494886 第 1 次 获取到号码【1877233】GSD
2021-07-29 01:54:51 获取到号码【1877233】的GSD为【湖北-黄石】
2021-07-29 01:55:09 GSD insert 第 1 次 等待 3 秒
2021-07-29 01:55:12 {"status":"ok","gid":429113,"msg":"添加成功！"}
2021-07-29 01:55:12 下次操作: 2021-07-29 01:55:25

2021-07-29 01:55:25 开始第 16 次操作

2021-07-29 01:55:25 开始操作号码 【1877232】
2021-07-29 01:55:49 GSD getOne 第 1 次 等待 3 秒
2021-07-29 01:55:52 查询号码 【1877232】，返回信息 {"status":"bad","msg":""}
2021-07-29 01:55:52 查询号码 【1877232】，GSD为【""】
2021-07-29 01:55:52 bad
2021-07-29 01:55:53 CHB 1877232?1627494952 第 1 次 等待 3 秒
2021-07-29 01:55:56 CHB 1877232?1627494952 第 1 次 获取到号码【1877232】GSD
2021-07-29 01:55:56 获取到号码【1877232】的GSD为【湖北-黄石】
2021-07-29 01:57:16 GSD insert 第 1 次 等待 3 秒
2021-07-29 01:57:19 {"status":"ok","gid":429133,"msg":"添加成功！"}
2021-07-29 01:57:19 下次操作: 2021-07-29 01:57:34

2021-07-29 01:57:34 开始第 17 次操作

2021-07-29 01:57:34 开始操作号码 【1877231】
2021-07-29 01:57:38 GSD getOne 第 1 次 等待 3 秒
2021-07-29 01:57:41 查询号码 【1877231】，返回信息 {"status":"bad","msg":""}
2021-07-29 01:57:41 查询号码 【1877231】，GSD为【""】
2021-07-29 01:57:41 bad
2021-07-29 01:57:42 CHB 1877231?1627495061 第 1 次 等待 3 秒
2021-07-29 01:57:45 CHB 1877231?1627495061 第 1 次 获取到号码【1877231】GSD
2021-07-29 01:57:45 获取到号码【1877231】的GSD为【湖北-黄石】
2021-07-29 01:58:11 GSD insert 第 1 次 等待 3 秒
2021-07-29 01:58:14 {"status":"ok","gid":429142,"msg":"添加成功！"}
2021-07-29 01:58:14 下次操作: 2021-07-29 01:58:37

2021-07-29 01:58:37 开始第 18 次操作

2021-07-29 01:58:37 开始操作号码 【1877230】
2021-07-29 01:58:49 GSD getOne 第 1 次 等待 3 秒
2021-07-29 01:58:52 查询号码 【1877230】，返回信息 {"status":"bad","msg":""}
2021-07-29 01:58:52 查询号码 【1877230】，GSD为【""】
2021-07-29 01:58:52 bad
2021-07-29 01:58:54 CHB 1877230?1627495132 第 1 次 等待 3 秒
2021-07-29 01:58:57 CHB 1877230?1627495132 第 1 次 获取到号码【1877230】GSD
2021-07-29 01:58:57 获取到号码【1877230】的GSD为【湖北-黄石】
2021-07-29 01:59:17 GSD insert 第 1 次 等待 3 秒
2021-07-29 01:59:20 {"status":"ok","gid":429151,"msg":"添加成功！"}
2021-07-29 01:59:20 下次操作: 2021-07-29 01:59:41

2021-07-29 01:59:41 开始第 19 次操作

2021-07-29 01:59:41 开始操作号码 【1877229】
2021-07-29 01:59:44 GSD getOne 第 1 次 等待 3 秒
2021-07-29 01:59:47 查询号码 【1877229】，返回信息 {"status":"bad","msg":""}
2021-07-29 01:59:47 查询号码 【1877229】，GSD为【""】
2021-07-29 01:59:47 bad
2021-07-29 01:59:48 CHB 1877229?1627495187 第 1 次 等待 3 秒
2021-07-29 01:59:51 CHB 1877229?1627495187 第 1 次 获取到号码【1877229】GSD
2021-07-29 01:59:51 获取到号码【1877229】的GSD为【湖北-黄石】
2021-07-29 02:00:09 GSD insert 第 1 次 等待 3 秒
2021-07-29 02:00:12 {"status":"ok","gid":429163,"msg":"添加成功！"}
2021-07-29 02:00:12 下次操作: 2021-07-29 02:00:24

2021-07-29 02:00:25 开始第 20 次操作

2021-07-29 02:00:25 开始操作号码 【1877228】
2021-07-29 02:00:32 GSD getOne 第 1 次 等待 3 秒
2021-07-29 02:00:35 查询号码 【1877228】，返回信息 {"status":"bad","msg":""}
2021-07-29 02:00:35 查询号码 【1877228】，GSD为【""】
2021-07-29 02:00:35 bad
2021-07-29 02:00:37 CHB 1877228?1627495235 第 1 次 等待 3 秒
2021-07-29 02:00:40 CHB 1877228?1627495235 第 1 次 获取到号码【1877228】GSD
2021-07-29 02:00:40 获取到号码【1877228】的GSD为【湖北-黄石】
2021-07-29 02:01:17 GSD insert 第 1 次 等待 3 秒
2021-07-29 02:01:20 {"status":"ok","gid":429173,"msg":"添加成功！"}
2021-07-29 02:01:20 下次操作: 2021-07-29 02:01:35

2021-07-29 02:01:35 开始第 21 次操作

2021-07-29 02:01:35 开始操作号码 【1877227】
2021-07-29 02:01:38 GSD getOne 第 1 次 等待 3 秒
2021-07-29 02:01:41 查询号码 【1877227】，返回信息 {"status":"bad","msg":""}
2021-07-29 02:01:41 查询号码 【1877227】，GSD为【""】
2021-07-29 02:01:41 bad
2021-07-29 02:01:43 CHB 1877227?1627495301 第 1 次 等待 3 秒
2021-07-29 02:01:46 CHB 1877227?1627495301 第 1 次 获取到号码【1877227】GSD
2021-07-29 02:01:46 获取到号码【1877227】的GSD为【湖北-黄石】
2021-07-29 02:02:04 GSD insert 第 1 次 等待 3 秒
2021-07-29 02:02:07 {"status":"ok","gid":429183,"msg":"添加成功！"}
2021-07-29 02:02:07 下次操作: 2021-07-29 02:02:21

2021-07-29 02:02:21 开始第 22 次操作

2021-07-29 02:02:21 开始操作号码 【1877226】
2021-07-29 02:02:27 GSD getOne 第 1 次 等待 3 秒
2021-07-29 02:02:30 查询号码 【1877226】，返回信息 {"status":"ok","msg":"湖北-黄石","gid":"42652","time_insert":"2017-04-19 11:23","time_update":"2020-09-19 08:44"}
2021-07-29 02:02:30 查询号码 【1877226】，GSD为【"湖北-黄石"】

2021-07-29 02:02:30 开始第 22 次操作

2021-07-29 02:02:30 开始操作号码 【1877225】
2021-07-29 02:02:48 GSD getOne 第 1 次 等待 3 秒
2021-07-29 02:02:51 查询号码 【1877225】，返回信息 {"status":"ok","msg":"湖北-十堰","gid":"42651","time_insert":"2017-04-19 11:23","time_update":"2020-09-19 08:41"}
2021-07-29 02:02:52 查询号码 【1877225】，GSD为【"湖北-十堰"】

2021-07-29 02:02:52 开始第 22 次操作

2021-07-29 02:02:52 开始操作号码 【1877224】
2021-07-29 02:03:11 GSD getOne 第 1 次 等待 3 秒
2021-07-29 02:03:14 查询号码 【1877224】，返回信息 {"status":"bad","msg":""}
2021-07-29 02:03:14 查询号码 【1877224】，GSD为【""】
2021-07-29 02:03:14 bad
2021-07-29 02:03:16 CHB 1877224?1627495394 第 1 次 等待 3 秒
2021-07-29 02:03:19 CHB 1877224?1627495394 第 1 次 获取到号码【1877224】GSD
2021-07-29 02:03:19 获取到号码【1877224】的GSD为【湖北-十堰】
2021-07-29 02:03:39 GSD insert 第 1 次 等待 3 秒
2021-07-29 02:03:42 {"status":"ok","gid":429205,"msg":"添加成功！"}
2021-07-29 02:03:42 下次操作: 2021-07-29 02:04:02

2021-07-29 02:04:02 开始第 23 次操作

2021-07-29 02:04:02 开始操作号码 【1877223】
2021-07-29 02:04:06 GSD getOne 第 1 次 等待 3 秒
2021-07-29 02:04:09 查询号码 【1877223】，返回信息 {"status":"ok","msg":"湖北-十堰","gid":"42650","time_insert":"2017-04-19 11:23","time_update":"2020-09-19 08:37"}
2021-07-29 02:04:09 查询号码 【1877223】，GSD为【"湖北-十堰"】

2021-07-29 02:04:09 开始第 23 次操作

2021-07-29 02:04:09 开始操作号码 【1877222】
2021-07-29 02:04:28 GSD getOne 第 1 次 等待 3 秒
2021-07-29 02:04:31 查询号码 【1877222】，返回信息 {"status":"bad","msg":""}
2021-07-29 02:04:31 查询号码 【1877222】，GSD为【""】
2021-07-29 02:04:31 bad
2021-07-29 02:04:33 CHB 1877222?1627495471 第 1 次 等待 3 秒
2021-07-29 02:04:36 CHB 1877222?1627495471 第 1 次 获取到号码【1877222】GSD
2021-07-29 02:04:36 获取到号码【1877222】的GSD为【湖北-十堰】
2021-07-29 02:05:02 GSD insert 第 1 次 等待 3 秒
2021-07-29 02:05:05 {"status":"ok","gid":429221,"msg":"添加成功！"}
2021-07-29 02:05:05 下次操作: 2021-07-29 02:05:27

2021-07-29 02:05:27 开始第 24 次操作

2021-07-29 02:05:27 开始操作号码 【1877221】
2021-07-29 02:05:30 GSD getOne 第 1 次 等待 3 秒
2021-07-29 02:05:33 查询号码 【1877221】，返回信息 {"status":"bad","msg":""}
2021-07-29 02:05:33 查询号码 【1877221】，GSD为【""】
2021-07-29 02:05:33 bad
2021-07-29 02:05:34 CHB 1877221?1627495533 第 1 次 等待 3 秒
2021-07-29 02:05:37 CHB 1877221?1627495533 第 1 次 获取到号码【1877221】GSD
2021-07-29 02:05:38 获取到号码【1877221】的GSD为【湖北-十堰】
2021-07-29 02:05:56 GSD insert 第 1 次 等待 3 秒
2021-07-29 02:05:59 {"status":"ok","gid":429231,"msg":"添加成功！"}
2021-07-29 02:05:59 下次操作: 2021-07-29 02:06:20

2021-07-29 02:06:20 开始第 25 次操作

2021-07-29 02:06:20 开始操作号码 【1877220】
2021-07-29 02:06:22 GSD getOne 第 1 次 等待 3 秒
2021-07-29 02:06:25 查询号码 【1877220】，返回信息 {"status":"ok","msg":"湖北-十堰","gid":"42649","time_insert":"2017-09-25 11:39","time_update":"2020-09-19 08:32"}
2021-07-29 02:06:25 查询号码 【1877220】，GSD为【"湖北-十堰"】

2021-07-29 02:06:25 开始第 25 次操作

2021-07-29 02:06:25 开始操作号码 【1877219】
2021-07-29 02:06:44 GSD getOne 第 1 次 等待 3 秒
2021-07-29 02:06:47 查询号码 【1877219】，返回信息 {"status":"bad","msg":""}
2021-07-29 02:06:47 查询号码 【1877219】，GSD为【""】
2021-07-29 02:06:47 bad
2021-07-29 02:06:49 CHB 1877219?1627495607 第 1 次 等待 3 秒
2021-07-29 02:06:52 CHB 1877219?1627495607 第 1 次 获取到号码【1877219】GSD
2021-07-29 02:06:52 获取到号码【1877219】的GSD为【湖北-黄石】
2021-07-29 02:07:10 GSD insert 第 1 次 等待 3 秒
2021-07-29 02:07:13 {"status":"ok","gid":429247,"msg":"添加成功！"}
2021-07-29 02:07:13 下次操作: 2021-07-29 02:07:28

2021-07-29 02:07:28 开始第 26 次操作

2021-07-29 02:07:28 开始操作号码 【1877218】
2021-07-29 02:07:32 GSD getOne 第 1 次 等待 3 秒
2021-07-29 02:07:35 查询号码 【1877218】，返回信息 {"status":"bad","msg":""}
2021-07-29 02:07:35 查询号码 【1877218】，GSD为【""】
2021-07-29 02:07:35 bad
2021-07-29 02:07:37 CHB 1877218?1627495655 第 1 次 等待 3 秒
2021-07-29 02:07:40 CHB 1877218?1627495655 第 1 次 获取到号码【1877218】GSD
2021-07-29 02:07:40 获取到号码【1877218】的GSD为【湖北-黄石】
2021-07-29 02:07:58 GSD insert 第 1 次 等待 3 秒
2021-07-29 02:08:01 {"status":"ok","gid":429258,"msg":"添加成功！"}
2021-07-29 02:08:01 下次操作: 2021-07-29 02:08:25

2021-07-29 02:08:25 开始第 27 次操作

2021-07-29 02:08:25 开始操作号码 【1877217】
2021-07-29 02:08:27 GSD getOne 第 1 次 等待 3 秒
2021-07-29 02:08:30 查询号码 【1877217】，返回信息 {"status":"bad","msg":""}
2021-07-29 02:08:30 查询号码 【1877217】，GSD为【""】
2021-07-29 02:08:30 bad
2021-07-29 02:08:32 CHB 1877217?1627495710 第 1 次 等待 3 秒
2021-07-29 02:08:35 CHB 1877217?1627495710 第 1 次 获取到号码【1877217】GSD
2021-07-29 02:08:35 获取到号码【1877217】的GSD为【湖北-荆州】
2021-07-29 02:08:56 GSD insert 第 1 次 等待 3 秒
2021-07-29 02:08:59 {"status":"ok","gid":429270,"msg":"添加成功！"}
2021-07-29 02:08:59 下次操作: 2021-07-29 02:09:20

2021-07-29 02:09:20 开始第 28 次操作

2021-07-29 02:09:20 开始操作号码 【1877216】
2021-07-29 02:10:13 GSD getOne 第 1 次 等待 3 秒
2021-07-29 02:10:16 查询号码 【1877216】，返回信息 {"status":"bad","msg":""}
2021-07-29 02:10:16 查询号码 【1877216】，GSD为【""】
2021-07-29 02:10:16 bad
2021-07-29 02:10:18 CHB 1877216?1627495816 第 1 次 等待 3 秒
2021-07-29 02:10:21 CHB 1877216?1627495816 第 1 次 获取到号码【1877216】GSD
2021-07-29 02:10:21 获取到号码【1877216】的GSD为【湖北-荆州】
2021-07-29 02:10:39 GSD insert 第 1 次 等待 3 秒
2021-07-29 02:10:42 {"status":"ok","gid":429284,"msg":"添加成功！"}
2021-07-29 02:10:42 下次操作: 2021-07-29 02:10:57

2021-07-29 02:10:57 开始第 29 次操作

2021-07-29 02:10:57 开始操作号码 【1877215】
2021-07-29 02:11:01 GSD getOne 第 1 次 等待 3 秒
2021-07-29 02:11:04 查询号码 【1877215】，返回信息 {"status":"bad","msg":""}
2021-07-29 02:11:04 查询号码 【1877215】，GSD为【""】
2021-07-29 02:11:04 bad
2021-07-29 02:11:05 CHB 1877215?1627495864 第 1 次 等待 3 秒
2021-07-29 02:11:08 CHB 1877215?1627495864 第 1 次 获取到号码【1877215】GSD
2021-07-29 02:11:08 获取到号码【1877215】的GSD为【湖北-荆州】
2021-07-29 02:11:27 GSD insert 第 1 次 等待 3 秒
2021-07-29 02:11:30 {"status":"ok","gid":429290,"msg":"添加成功！"}
2021-07-29 02:11:30 下次操作: 2021-07-29 02:11:46

2021-07-29 02:11:46 开始第 30 次操作

2021-07-29 02:11:46 开始操作号码 【1877214】
2021-07-29 02:11:49 GSD getOne 第 1 次 等待 3 秒
2021-07-29 02:11:52 查询号码 【1877214】，返回信息 {"status":"bad","msg":""}
2021-07-29 02:11:52 查询号码 【1877214】，GSD为【""】
2021-07-29 02:11:52 bad
2021-07-29 02:11:54 CHB 1877214?1627495912 第 1 次 等待 3 秒
2021-07-29 02:11:57 CHB 1877214?1627495912 第 1 次 获取到号码【1877214】GSD
2021-07-29 02:11:57 获取到号码【1877214】的GSD为【湖北-荆州】
2021-07-29 02:12:15 GSD insert 第 1 次 等待 3 秒
2021-07-29 02:12:18 {"status":"ok","gid":429295,"msg":"添加成功！"}
2021-07-29 02:12:18 下次操作: 2021-07-29 02:12:34

2021-07-29 02:12:34 开始第 31 次操作

2021-07-29 02:12:34 开始操作号码 【1877213】
2021-07-29 02:12:37 GSD getOne 第 1 次 等待 3 秒
2021-07-29 02:12:41 查询号码 【1877213】，返回信息 {"status":"bad","msg":""}
2021-07-29 02:12:41 查询号码 【1877213】，GSD为【""】
2021-07-29 02:12:41 bad
2021-07-29 02:12:42 CHB 1877213?1627495961 第 1 次 等待 3 秒
2021-07-29 02:12:45 CHB 1877213?1627495961 第 1 次 获取到号码【1877213】GSD
2021-07-29 02:12:45 获取到号码【1877213】的GSD为【湖北-孝感】
2021-07-29 02:13:03 GSD insert 第 1 次 等待 3 秒
2021-07-29 02:13:06 {"status":"ok","gid":429300,"msg":"添加成功！"}
2021-07-29 02:13:06 下次操作: 2021-07-29 02:13:28

2021-07-29 02:13:28 开始第 32 次操作

2021-07-29 02:13:28 开始操作号码 【1877212】
2021-07-29 02:13:31 GSD getOne 第 1 次 等待 3 秒
2021-07-29 02:13:34 查询号码 【1877212】，返回信息 {"status":"bad","msg":""}
2021-07-29 02:13:34 查询号码 【1877212】，GSD为【""】
2021-07-29 02:13:34 bad
2021-07-29 02:13:36 CHB 1877212?1627496014 第 1 次 等待 3 秒
2021-07-29 02:13:39 CHB 1877212?1627496014 第 1 次 获取到号码【1877212】GSD
2021-07-29 02:13:39 获取到号码【1877212】的GSD为【湖北-孝感】
2021-07-29 02:15:49 GSD insert 第 1 次 等待 3 秒
2021-07-29 02:15:55 GSD insert 第 2 次 等待 3 秒
2021-07-29 02:15:58 {"status":"ok","gid":429311,"msg":"添加成功！"}
2021-07-29 02:15:58 下次操作: 2021-07-29 02:16:13

2021-07-29 02:16:13 开始第 33 次操作

2021-07-29 02:16:13 开始操作号码 【1877211】
2021-07-29 02:16:21 GSD getOne 第 1 次 等待 3 秒
2021-07-29 02:16:24 查询号码 【1877211】，返回信息 {"status":"bad","msg":""}
2021-07-29 02:16:24 查询号码 【1877211】，GSD为【""】
2021-07-29 02:16:24 bad
2021-07-29 02:16:26 CHB 1877211?1627496184 第 1 次 等待 3 秒
2021-07-29 02:16:29 CHB 1877211?1627496184 第 1 次 获取到号码【1877211】GSD
2021-07-29 02:16:29 获取到号码【1877211】的GSD为【湖北-襄阳】
2021-07-29 02:16:47 GSD insert 第 1 次 等待 3 秒
2021-07-29 02:16:50 {"status":"ok","gid":429315,"msg":"添加成功！"}
2021-07-29 02:16:50 下次操作: 2021-07-29 02:17:09

2021-07-29 02:17:09 开始第 34 次操作

2021-07-29 02:17:09 开始操作号码 【1877210】
2021-07-29 02:17:12 GSD getOne 第 1 次 等待 3 秒
2021-07-29 02:17:15 查询号码 【1877210】，返回信息 {"status":"bad","msg":""}
2021-07-29 02:17:15 查询号码 【1877210】，GSD为【""】
2021-07-29 02:17:15 bad
2021-07-29 02:17:17 CHB 1877210?1627496235 第 1 次 等待 3 秒
2021-07-29 02:17:20 CHB 1877210?1627496235 第 1 次 获取到号码【1877210】GSD
2021-07-29 02:17:20 获取到号码【1877210】的GSD为【湖北-襄阳】
2021-07-29 02:17:38 GSD insert 第 1 次 等待 3 秒
2021-07-29 02:17:41 {"status":"ok","gid":429318,"msg":"添加成功！"}
2021-07-29 02:17:41 下次操作: 2021-07-29 02:17:56

2021-07-29 02:17:56 开始第 35 次操作

2021-07-29 02:17:56 开始操作号码 【1877209】
2021-07-29 02:18:00 GSD getOne 第 1 次 等待 3 秒
2021-07-29 02:18:03 查询号码 【1877209】，返回信息 {"status":"bad","msg":""}
2021-07-29 02:18:03 查询号码 【1877209】，GSD为【""】
2021-07-29 02:18:03 bad
2021-07-29 02:18:05 CHB 1877209?1627496283 第 1 次 等待 3 秒
2021-07-29 02:18:08 CHB 1877209?1627496283 第 1 次 获取到号码【1877209】GSD
2021-07-29 02:18:08 获取到号码【1877209】的GSD为【湖北-宜昌】
2021-07-29 02:18:36 GSD insert 第 1 次 等待 3 秒
2021-07-29 02:18:39 {"status":"ok","gid":429321,"msg":"添加成功！"}
2021-07-29 02:18:39 下次操作: 2021-07-29 02:18:53

2021-07-29 02:18:53 开始第 36 次操作

2021-07-29 02:18:53 开始操作号码 【1877208】
2021-07-29 02:18:57 GSD getOne 第 1 次 等待 3 秒
2021-07-29 02:19:00 查询号码 【1877208】，返回信息 {"status":"bad","msg":""}
2021-07-29 02:19:00 查询号码 【1877208】，GSD为【""】
2021-07-29 02:19:00 bad
2021-07-29 02:19:01 CHB 1877208?1627496340 第 1 次 等待 3 秒
2021-07-29 02:19:04 CHB 1877208?1627496340 第 1 次 获取到号码【1877208】GSD
2021-07-29 02:19:04 获取到号码【1877208】的GSD为【湖北-宜昌】
2021-07-29 02:19:23 GSD insert 第 1 次 等待 3 秒
2021-07-29 02:19:26 {"status":"ok","gid":429323,"msg":"添加成功！"}
2021-07-29 02:19:26 下次操作: 2021-07-29 02:19:43

2021-07-29 02:19:43 开始第 37 次操作

2021-07-29 02:19:43 开始操作号码 【1877207】
2021-07-29 02:19:45 GSD getOne 第 1 次 等待 3 秒
2021-07-29 02:19:48 查询号码 【1877207】，返回信息 {"status":"bad","msg":""}
2021-07-29 02:19:48 查询号码 【1877207】，GSD为【""】
2021-07-29 02:19:48 bad
2021-07-29 02:19:50 CHB 1877207?1627496388 第 1 次 等待 3 秒
2021-07-29 02:19:53 CHB 1877207?1627496388 第 1 次 获取到号码【1877207】GSD
2021-07-29 02:19:53 获取到号码【1877207】的GSD为【湖北-宜昌】
2021-07-29 02:20:11 GSD insert 第 1 次 等待 3 秒
2021-07-29 02:20:14 {"status":"ok","gid":429324,"msg":"添加成功！"}
2021-07-29 02:20:14 下次操作: 2021-07-29 02:20:33

2021-07-29 02:20:33 开始第 38 次操作

2021-07-29 02:20:33 开始操作号码 【1877206】
2021-07-29 02:20:36 GSD getOne 第 1 次 等待 3 秒
2021-07-29 02:20:39 查询号码 【1877206】，返回信息 {"status":"bad","msg":""}
2021-07-29 02:20:39 查询号码 【1877206】，GSD为【""】
2021-07-29 02:20:39 bad
2021-07-29 02:20:40 CHB 1877206?1627496439 第 1 次 等待 3 秒
2021-07-29 02:20:43 CHB 1877206?1627496439 第 1 次 获取到号码【1877206】GSD
2021-07-29 02:20:43 获取到号码【1877206】的GSD为【湖北-十堰】
2021-07-29 02:21:02 GSD insert 第 1 次 等待 3 秒
2021-07-29 02:21:05 {"status":"ok","gid":429329,"msg":"添加成功！"}
2021-07-29 02:21:05 下次操作: 2021-07-29 02:21:25

2021-07-29 02:21:25 开始第 39 次操作

2021-07-29 02:21:25 开始操作号码 【1877205】
2021-07-29 02:21:27 GSD getOne 第 1 次 等待 3 秒
2021-07-29 02:21:30 查询号码 【1877205】，返回信息 {"status":"ok","msg":"湖北-十堰","gid":"42648","time_insert":"2017-04-19 11:23","time_update":"2020-09-19 08:28"}
2021-07-29 02:21:30 查询号码 【1877205】，GSD为【"湖北-十堰"】

2021-07-29 02:21:30 开始第 39 次操作

2021-07-29 02:21:30 开始操作号码 【1877204】
2021-07-29 02:21:50 GSD getOne 第 1 次 等待 3 秒
2021-07-29 02:21:53 查询号码 【1877204】，返回信息 {"status":"ok","msg":"湖北-十堰","gid":"42647","time_insert":"2017-04-24 15:18","time_update":"2020-09-19 08:24"}
2021-07-29 02:21:53 查询号码 【1877204】，GSD为【"湖北-十堰"】

2021-07-29 02:21:53 开始第 39 次操作

2021-07-29 02:21:53 开始操作号码 【1877203】
2021-07-29 02:22:11 GSD getOne 第 1 次 等待 3 秒
2021-07-29 02:22:14 查询号码 【1877203】，返回信息 {"status":"bad","msg":""}
2021-07-29 02:22:14 查询号码 【1877203】，GSD为【""】
2021-07-29 02:22:14 bad
2021-07-29 02:22:16 CHB 1877203?1627496534 第 1 次 等待 3 秒
2021-07-29 02:22:19 CHB 1877203?1627496534 第 1 次 获取到号码【1877203】GSD
2021-07-29 02:22:19 获取到号码【1877203】的GSD为【湖北-黄冈】
2021-07-29 02:22:37 GSD insert 第 1 次 等待 3 秒
2021-07-29 02:22:40 {"status":"ok","gid":429331,"msg":"添加成功！"}
2021-07-29 02:22:40 下次操作: 2021-07-29 02:22:55

2021-07-29 02:22:55 开始第 40 次操作

2021-07-29 02:22:55 开始操作号码 【1877202】
2021-07-29 02:22:59 GSD getOne 第 1 次 等待 3 秒
2021-07-29 02:23:02 查询号码 【1877202】，返回信息 {"status":"bad","msg":""}
2021-07-29 02:23:02 查询号码 【1877202】，GSD为【""】
2021-07-29 02:23:02 bad
2021-07-29 02:23:03 CHB 1877202?1627496582 第 1 次 等待 3 秒
2021-07-29 02:23:06 CHB 1877202?1627496582 第 1 次 获取到号码【1877202】GSD
2021-07-29 02:23:06 获取到号码【1877202】的GSD为【湖北-荆州】
2021-07-29 02:23:24 GSD insert 第 1 次 等待 3 秒
2021-07-29 02:23:27 {"status":"ok","gid":429332,"msg":"添加成功！"}

