2024-02-16 00:21:12 开始第 3881 次操作

2024-02-16 00:21:12 开始操作号码 【1693794】
2024-02-16 00:21:19 GSD getOne 第 1 次 等待 3 秒
2024-02-16 00:21:22 查询号码 【1693794】，返回信息 {"status":"ok","msg":"-","gid":"647502","time_insert":"2023-04-11 16:17"}
2024-02-16 00:21:22 查询号码 【1693794】，GSD为【"-"】
2024-02-16 00:21:22 ok && -
2024-02-16 00:21:24 CHB 1693794?1708014082 第 1 次 等待 3 秒
2024-02-16 00:21:27 CHB 1693794?1708014082 第 1 次 获取到号码【1693794】GSD
2024-02-16 00:21:27 未获取到号码【1693794】GSD，可能号码格式错误
2024-02-16 00:21:27 获取到号码【1693794】的GSD为【-】
2024-02-16 00:21:32 GSD insert 第 1 次 等待 3 秒
2024-02-16 00:21:35 {"status":"bad","gid":"647502","msg":"添加失败！号码【1693794(-|-)】已存在！"}
2024-02-16 00:21:35 随机等待 223 秒，约 3 分钟
2024-02-16 00:21:35 下次操作: 2024-02-16 00:25:18

2024-02-16 00:25:18 开始第 3882 次操作

2024-02-16 00:25:18 开始操作号码 【1693795】
2024-02-16 00:25:23 GSD getOne 第 1 次 等待 3 秒
2024-02-16 00:25:26 查询号码 【1693795】，返回信息 {"status":"ok","msg":"-","gid":"647527","time_insert":"2023-04-11 16:34"}
2024-02-16 00:25:26 查询号码 【1693795】，GSD为【"-"】
2024-02-16 00:25:26 ok && -
2024-02-16 00:25:28 CHB 1693795?1708014326 第 1 次 等待 3 秒
2024-02-16 00:25:31 CHB 1693795?1708014326 第 1 次 获取到号码【1693795】GSD
2024-02-16 00:25:31 未获取到号码【1693795】GSD，可能号码格式错误
2024-02-16 00:25:31 获取到号码【1693795】的GSD为【-】
2024-02-16 00:25:36 GSD insert 第 1 次 等待 3 秒
2024-02-16 00:25:39 {"status":"bad","gid":"647527","msg":"添加失败！号码【1693795(-|-)】已存在！"}
2024-02-16 00:25:39 随机等待 75 秒，约 1 分钟
2024-02-16 00:25:39 下次操作: 2024-02-16 00:26:54

2024-02-16 00:26:54 开始第 3883 次操作

2024-02-16 00:26:54 开始操作号码 【1693796】
2024-02-16 00:27:01 GSD getOne 第 1 次 等待 3 秒
2024-02-16 00:27:04 查询号码 【1693796】，返回信息 {"status":"ok","msg":"-","gid":"647554","time_insert":"2023-04-11 16:50"}
2024-02-16 00:27:04 查询号码 【1693796】，GSD为【"-"】
2024-02-16 00:27:04 ok && -
2024-02-16 00:27:10 CHB 1693796?1708014424 第 1 次 等待 3 秒
2024-02-16 00:27:13 CHB 1693796?1708014424 第 1 次 获取到号码【1693796】GSD
2024-02-16 00:27:13 未获取到号码【1693796】GSD，可能号码格式错误
2024-02-16 00:27:13 获取到号码【1693796】的GSD为【-】
2024-02-16 00:27:18 GSD insert 第 1 次 等待 3 秒
2024-02-16 00:27:21 {"status":"bad","gid":"647554","msg":"添加失败！号码【1693796(-|-)】已存在！"}
2024-02-16 00:27:21 随机等待 162 秒，约 2 分钟
2024-02-16 00:27:21 下次操作: 2024-02-16 00:30:03

2024-02-16 00:30:03 开始第 3884 次操作

2024-02-16 00:30:03 开始操作号码 【1693797】
2024-02-16 00:30:09 GSD getOne 第 1 次 等待 3 秒
2024-02-16 00:30:12 查询号码 【1693797】，返回信息 {"status":"ok","msg":"-","gid":"647581","time_insert":"2023-04-11 17:09"}
2024-02-16 00:30:12 查询号码 【1693797】，GSD为【"-"】
2024-02-16 00:30:12 ok && -
2024-02-16 00:30:15 CHB 1693797?1708014612 第 1 次 等待 3 秒
2024-02-16 00:30:18 CHB 1693797?1708014612 第 1 次 获取到号码【1693797】GSD
2024-02-16 00:30:18 未获取到号码【1693797】GSD，可能号码格式错误
2024-02-16 00:30:18 获取到号码【1693797】的GSD为【-】
2024-02-16 00:30:22 GSD insert 第 1 次 等待 3 秒
2024-02-16 00:30:25 {"status":"bad","gid":"647581","msg":"添加失败！号码【1693797(-|-)】已存在！"}

