2024-09-27 00:24:15 开始第 6657 次操作

2024-09-27 00:24:15 开始操作号码 【1366656】
2024-09-27 00:24:17 GSD getOne 第 1 次 等待 3 秒
2024-09-27 00:24:20 查询号码 【1366656】，返回信息 {"status":"ok","msg":"浙江-丽水","gid":"341548","time_insert":"2021-07-21 00:45"}
2024-09-27 00:24:20 查询号码 【1366656】，GSD为【"浙江-丽水"】

2024-09-27 00:24:21 开始第 6658 次操作

2024-09-27 00:24:21 开始操作号码 【1366657】
2024-09-27 00:24:37 GSD getOne 第 1 次 等待 3 秒
2024-09-27 00:24:40 查询号码 【1366657】，返回信息 {"status":"ok","msg":"浙江-丽水","gid":"341573","time_insert":"2021-07-21 00:59"}
2024-09-27 00:24:40 查询号码 【1366657】，GSD为【"浙江-丽水"】

2024-09-27 00:24:41 开始第 6659 次操作

2024-09-27 00:24:41 开始操作号码 【1366658】
2024-09-27 00:24:43 GSD getOne 第 1 次 等待 3 秒
2024-09-27 00:24:46 查询号码 【1366658】，返回信息 {"status":"ok","msg":"浙江-舟山","gid":"341718","time_insert":"2021-07-21 01:14"}
2024-09-27 00:24:46 查询号码 【1366658】，GSD为【"浙江-舟山"】

2024-09-27 00:24:47 开始第 6660 次操作

2024-09-27 00:24:47 开始操作号码 【1366659】
2024-09-27 00:24:49 GSD getOne 第 1 次 等待 3 秒
2024-09-27 00:24:52 查询号码 【1366659】，返回信息 {"status":"ok","msg":"浙江-舟山","gid":"341826","time_insert":"2021-07-21 01:25"}
2024-09-27 00:24:52 查询号码 【1366659】，GSD为【"浙江-舟山"】

