2024-09-05 00:22:45 开始第 2893 次操作

2024-09-05 00:22:45 开始操作号码 【1362892】
2024-09-05 00:22:55 GSD getOne 第 1 次 等待 3 秒
2024-09-05 00:22:58 查询号码 【1362892】，返回信息 {"status":"ok","msg":"西藏-日喀则","gid":"7777","time_insert":"2018-07-09 00:24","time_update":"2020-12-20 15:52"}
2024-09-05 00:22:58 查询号码 【1362892】，GSD为【"西藏-日喀则"】

2024-09-05 00:22:59 开始第 2894 次操作

2024-09-05 00:22:59 开始操作号码 【1362893】
2024-09-05 00:23:08 GSD getOne 第 1 次 等待 3 秒
2024-09-05 00:23:11 查询号码 【1362893】，返回信息 {"status":"ok","msg":"西藏-山南","gid":"7778","time_insert":"2015-09-16 00:52","time_update":"2020-12-20 15:40"}
2024-09-05 00:23:11 查询号码 【1362893】，GSD为【"西藏-山南"】

2024-09-05 00:23:12 开始第 2895 次操作

2024-09-05 00:23:12 开始操作号码 【1362894】
2024-09-05 00:23:21 GSD getOne 第 1 次 等待 3 秒
2024-09-05 00:23:24 查询号码 【1362894】，返回信息 {"status":"ok","msg":"西藏-林芝","gid":"7779","time_insert":"2014-02-28 13:50","time_update":"2020-12-20 22:40"}
2024-09-05 00:23:24 查询号码 【1362894】，GSD为【"西藏-林芝"】

2024-09-05 00:23:25 开始第 2896 次操作

2024-09-05 00:23:25 开始操作号码 【1362895】
2024-09-05 00:23:33 GSD getOne 第 1 次 等待 3 秒
2024-09-05 00:23:36 查询号码 【1362895】，返回信息 {"status":"ok","msg":"西藏-昌都","gid":"7780","time_insert":"2014-12-26 22:09","time_update":"2020-12-20 15:25"}
2024-09-05 00:23:36 查询号码 【1362895】，GSD为【"西藏-昌都"】

2024-09-05 00:42:50 开始第 2897 次操作

2024-09-05 00:42:50 开始操作号码 【1362896】
2024-09-05 00:42:58 GSD getOne 第 1 次 等待 3 秒
2024-09-05 00:43:01 查询号码 【1362896】，返回信息 {"status":"ok","msg":"西藏-那曲","gid":"106008","time_insert":"2021-06-19 12:04"}
2024-09-05 00:43:01 查询号码 【1362896】，GSD为【"西藏-那曲"】

2024-09-05 00:43:02 开始第 2898 次操作

2024-09-05 00:43:02 开始操作号码 【1362897】
2024-09-05 00:43:10 GSD getOne 第 1 次 等待 3 秒
2024-09-05 00:43:13 查询号码 【1362897】，返回信息 {"status":"ok","msg":"西藏-阿里","gid":"106037","time_insert":"2021-06-19 12:27"}
2024-09-05 00:43:13 查询号码 【1362897】，GSD为【"西藏-阿里"】

2024-09-05 00:43:14 开始第 2899 次操作

2024-09-05 00:43:14 开始操作号码 【1362898】
2024-09-05 00:43:22 GSD getOne 第 1 次 等待 3 秒
2024-09-05 00:43:25 查询号码 【1362898】，返回信息 {"status":"ok","msg":"西藏-拉萨","gid":"7781","time_insert":"2014-07-21 16:22","time_update":"2020-08-06 08:55"}
2024-09-05 00:43:25 查询号码 【1362898】，GSD为【"西藏-拉萨"】

2024-09-05 00:43:26 开始第 2900 次操作

2024-09-05 00:43:26 开始操作号码 【1362899】
2024-09-05 00:43:35 GSD getOne 第 1 次 等待 3 秒
2024-09-05 00:43:38 查询号码 【1362899】，返回信息 {"status":"ok","msg":"西藏-拉萨","gid":"106062","time_insert":"2021-06-19 12:52"}
2024-09-05 00:43:38 查询号码 【1362899】，GSD为【"西藏-拉萨"】

2024-09-05 01:16:45 开始第 2901 次操作

2024-09-05 01:16:45 开始操作号码 【1362900】
2024-09-05 01:17:02 GSD getOne 第 1 次 等待 3 秒
2024-09-05 01:17:05 查询号码 【1362900】，返回信息 {"status":"ok","msg":"四川-内江","gid":"7782","time_insert":"2015-04-03 10:45","time_update":"2020-10-13 06:57"}
2024-09-05 01:17:05 查询号码 【1362900】，GSD为【"四川-内江"】

2024-09-05 01:17:06 开始第 2902 次操作

2024-09-05 01:17:06 开始操作号码 【1362901】
2024-09-05 01:17:08 GSD getOne 第 1 次 等待 3 秒
2024-09-05 01:17:11 查询号码 【1362901】，返回信息 {"status":"ok","msg":"四川-资阳","gid":"7783","time_insert":"2015-09-10 22:06","time_update":"2020-10-13 07:02"}
2024-09-05 01:17:11 查询号码 【1362901】，GSD为【"四川-资阳"】

2024-09-05 01:17:12 开始第 2903 次操作

2024-09-05 01:17:12 开始操作号码 【1362902】
2024-09-05 01:17:29 GSD getOne 第 1 次 等待 3 秒
2024-09-05 01:17:32 查询号码 【1362902】，返回信息 {"status":"ok","msg":"四川-自贡","gid":"7784","time_insert":"2017-05-12 16:35","time_update":"2020-10-13 07:06"}
2024-09-05 01:17:32 查询号码 【1362902】，GSD为【"四川-自贡"】

2024-09-05 01:17:33 开始第 2904 次操作

2024-09-05 01:17:33 开始操作号码 【1362903】
2024-09-05 01:17:34 GSD getOne 第 1 次 等待 3 秒
2024-09-05 01:17:37 查询号码 【1362903】，返回信息 {"status":"ok","msg":"四川-宜宾","gid":"7785","time_insert":"2018-09-30 08:00","time_update":"2020-10-13 07:11"}
2024-09-05 01:17:37 查询号码 【1362903】，GSD为【"四川-宜宾"】

