2023-09-29 00:22:17 开始第 465 次操作

2023-09-29 00:22:17 开始操作号码 【1900464】
2023-09-29 00:22:21 GSD getOne 第 1 次 等待 3 秒
2023-09-29 00:22:24 查询号码 【1900464】，返回信息 {"status":"ok","msg":"黑龙江-七台河","gid":"524834","time_insert":"2023-02-10 17:30"}
2023-09-29 00:22:24 查询号码 【1900464】，GSD为【"黑龙江-七台河"】

2023-09-29 00:22:25 开始第 466 次操作

2023-09-29 00:22:25 开始操作号码 【1900465】
2023-09-29 00:22:29 GSD getOne 第 1 次 等待 3 秒
2023-09-29 00:22:32 查询号码 【1900465】，返回信息 {"status":"ok","msg":"黑龙江-绥化","gid":"524846","time_insert":"2023-02-10 17:41"}
2023-09-29 00:22:32 查询号码 【1900465】，GSD为【"黑龙江-绥化"】

2023-09-29 00:22:33 开始第 467 次操作

2023-09-29 00:22:33 开始操作号码 【1900466】
2023-09-29 00:22:39 GSD getOne 第 1 次 等待 3 秒
2023-09-29 00:22:42 查询号码 【1900466】，返回信息 {"status":"ok","msg":"黑龙江-齐齐哈尔","gid":"524862","time_insert":"2023-02-10 17:56"}
2023-09-29 00:22:42 查询号码 【1900466】，GSD为【"黑龙江-齐齐哈尔"】

2023-09-29 00:22:43 开始第 468 次操作

2023-09-29 00:22:43 开始操作号码 【1900467】
2023-09-29 00:22:44 GSD getOne 第 1 次 等待 3 秒
2023-09-29 00:22:47 查询号码 【1900467】，返回信息 {"status":"ok","msg":"黑龙江-鸡西","gid":"524872","time_insert":"2023-02-10 18:07"}
2023-09-29 00:22:47 查询号码 【1900467】，GSD为【"黑龙江-鸡西"】

2023-09-29 00:40:35 开始第 469 次操作

2023-09-29 00:40:36 开始操作号码 【1900468】
2023-09-29 00:40:41 GSD getOne 第 1 次 等待 3 秒
2023-09-29 00:40:44 查询号码 【1900468】，返回信息 {"status":"ok","msg":"黑龙江-鹤岗","gid":"524885","time_insert":"2023-02-10 18:18"}
2023-09-29 00:40:44 查询号码 【1900468】，GSD为【"黑龙江-鹤岗"】

2023-09-29 00:40:45 开始第 470 次操作

2023-09-29 00:40:45 开始操作号码 【1900469】
2023-09-29 00:40:47 GSD getOne 第 1 次 等待 3 秒
2023-09-29 00:40:50 查询号码 【1900469】，返回信息 {"status":"ok","msg":"黑龙江-双鸭山","gid":"524898","time_insert":"2023-02-10 18:31"}
2023-09-29 00:40:50 查询号码 【1900469】，GSD为【"黑龙江-双鸭山"】

2023-09-29 00:40:51 开始第 471 次操作

2023-09-29 00:40:51 开始操作号码 【1900470】
2023-09-29 00:40:52 GSD getOne 第 1 次 等待 3 秒
2023-09-29 00:40:55 查询号码 【1900470】，返回信息 {"status":"ok","msg":"内蒙古-呼伦贝尔","gid":"524913","time_insert":"2023-02-10 18:46"}
2023-09-29 00:40:55 查询号码 【1900470】，GSD为【"内蒙古-呼伦贝尔"】

2023-09-29 00:40:56 开始第 472 次操作

2023-09-29 00:40:56 开始操作号码 【1900471】
2023-09-29 00:41:23 GSD getOne 第 1 次 等待 3 秒
2023-09-29 00:41:26 查询号码 【1900471】，返回信息 {"status":"ok","msg":"内蒙古-呼和浩特","gid":"524926","time_insert":"2023-02-10 18:59"}
2023-09-29 00:41:26 查询号码 【1900471】，GSD为【"内蒙古-呼和浩特"】

2023-09-29 01:15:06 开始第 473 次操作

2023-09-29 01:15:06 开始操作号码 【1900472】
2023-09-29 01:15:08 GSD getOne 第 1 次 等待 3 秒
2023-09-29 01:15:11 查询号码 【1900472】，返回信息 {"status":"ok","msg":"内蒙古-包头","gid":"524938","time_insert":"2023-02-10 19:11"}
2023-09-29 01:15:11 查询号码 【1900472】，GSD为【"内蒙古-包头"】

2023-09-29 01:15:12 开始第 474 次操作

2023-09-29 01:15:12 开始操作号码 【1900473】
2023-09-29 01:15:13 GSD getOne 第 1 次 等待 3 秒
2023-09-29 01:15:16 查询号码 【1900473】，返回信息 {"status":"ok","msg":"内蒙古-乌海","gid":"524955","time_insert":"2023-02-10 19:25"}
2023-09-29 01:15:16 查询号码 【1900473】，GSD为【"内蒙古-乌海"】

2023-09-29 01:15:17 开始第 475 次操作

2023-09-29 01:15:17 开始操作号码 【1900474】
2023-09-29 01:15:19 GSD getOne 第 1 次 等待 3 秒
2023-09-29 01:15:22 查询号码 【1900474】，返回信息 {"status":"ok","msg":"内蒙古-乌兰察布","gid":"524965","time_insert":"2023-02-10 19:36"}
2023-09-29 01:15:22 查询号码 【1900474】，GSD为【"内蒙古-乌兰察布"】

2023-09-29 01:15:23 开始第 476 次操作

2023-09-29 01:15:23 开始操作号码 【1900475】
2023-09-29 01:15:24 GSD getOne 第 1 次 等待 3 秒
2023-09-29 01:15:27 查询号码 【1900475】，返回信息 {"status":"ok","msg":"内蒙古-通辽","gid":"524977","time_insert":"2023-02-10 19:48"}
2023-09-29 01:15:28 查询号码 【1900475】，GSD为【"内蒙古-通辽"】

