2023-10-24 00:21:36 开始第 4657 次操作

2023-10-24 00:21:36 开始操作号码 【1904571】
2023-10-24 00:21:43 GSD getOne 第 1 次 等待 3 秒
2023-10-24 00:21:46 查询号码 【1904571】，返回信息 {"status":"ok","msg":"浙江-杭州","gid":"612258","time_insert":"2023-03-24 20:48"}
2023-10-24 00:21:46 查询号码 【1904571】，GSD为【"浙江-杭州"】

2023-10-24 00:21:47 开始第 4658 次操作

2023-10-24 00:21:47 开始操作号码 【1904572】
2023-10-24 00:21:57 GSD getOne 第 1 次 等待 3 秒
2023-10-24 00:22:00 查询号码 【1904572】，返回信息 {"status":"ok","msg":"浙江-杭州","gid":"612282","time_insert":"2023-03-24 21:04"}
2023-10-24 00:22:00 查询号码 【1904572】，GSD为【"浙江-杭州"】

2023-10-24 00:22:01 开始第 4659 次操作

2023-10-24 00:22:01 开始操作号码 【1904573】
2023-10-24 00:22:04 GSD getOne 第 1 次 等待 3 秒
2023-10-24 00:22:07 查询号码 【1904573】，返回信息 {"status":"ok","msg":"浙江-杭州","gid":"612300","time_insert":"2023-03-24 21:20"}
2023-10-24 00:22:07 查询号码 【1904573】，GSD为【"浙江-杭州"】

2023-10-24 00:22:08 开始第 4660 次操作

2023-10-24 00:22:08 开始操作号码 【1904574】
2023-10-24 00:22:10 GSD getOne 第 1 次 等待 3 秒
2023-10-24 00:22:13 查询号码 【1904574】，返回信息 {"status":"ok","msg":"浙江-杭州","gid":"612327","time_insert":"2023-03-24 21:41"}
2023-10-24 00:22:14 查询号码 【1904574】，GSD为【"浙江-杭州"】

