2023-10-22 00:20:09 开始第 4305 次操作

2023-10-22 00:20:09 开始操作号码 【1904219】
2023-10-22 00:20:37 GSD getOne 第 1 次 等待 3 秒
2023-10-22 00:20:40 查询号码 【1904219】，返回信息 {"status":"ok","msg":"河北-邯郸","gid":"603697","time_insert":"2023-03-20 23:08","time_update":"2023-06-12 22:24"}
2023-10-22 00:20:40 查询号码 【1904219】，GSD为【"河北-邯郸"】

2023-10-22 00:20:41 开始第 4306 次操作

2023-10-22 00:20:41 开始操作号码 【1904220】
2023-10-22 00:20:45 GSD getOne 第 1 次 等待 3 秒
2023-10-22 00:20:48 查询号码 【1904220】，返回信息 {"status":"ok","msg":"河北-邯郸","gid":"603724","time_insert":"2023-03-20 23:25","time_update":"2023-06-12 22:34"}
2023-10-22 00:20:48 查询号码 【1904220】，GSD为【"河北-邯郸"】

2023-10-22 00:20:49 开始第 4307 次操作

2023-10-22 00:20:49 开始操作号码 【1904221】
2023-10-22 00:21:02 GSD getOne 第 1 次 等待 3 秒
2023-10-22 00:21:05 查询号码 【1904221】，返回信息 {"status":"ok","msg":"河北-石家庄","gid":"603755","time_insert":"2023-03-20 23:46","time_update":"2023-06-12 22:44"}
2023-10-22 00:21:05 查询号码 【1904221】，GSD为【"河北-石家庄"】

2023-10-22 00:21:06 开始第 4308 次操作

2023-10-22 00:21:06 开始操作号码 【1904222】
2023-10-22 00:21:09 GSD getOne 第 1 次 等待 3 秒
2023-10-22 00:21:12 查询号码 【1904222】，返回信息 {"status":"ok","msg":"河北-保定","gid":"603775","time_insert":"2023-03-20 23:56","time_update":"2023-06-12 22:54"}
2023-10-22 00:21:13 查询号码 【1904222】，GSD为【"河北-保定"】

2023-10-22 00:39:12 开始第 4309 次操作

2023-10-22 00:39:12 开始操作号码 【1904223】
2023-10-22 00:39:19 GSD getOne 第 1 次 等待 3 秒
2023-10-22 00:39:22 查询号码 【1904223】，返回信息 {"status":"ok","msg":"河北-石家庄","gid":"603790","time_insert":"2023-03-21 00:07","time_update":"2023-06-12 23:04"}
2023-10-22 00:39:22 查询号码 【1904223】，GSD为【"河北-石家庄"】

2023-10-22 00:39:23 开始第 4310 次操作

2023-10-22 00:39:23 开始操作号码 【1904224】
2023-10-22 00:39:55 GSD getOne 第 1 次 等待 3 秒
2023-10-22 00:39:58 查询号码 【1904224】，返回信息 {"status":"ok","msg":"河北-石家庄","gid":"603821","time_insert":"2023-03-21 00:28","time_update":"2023-06-12 23:15"}
2023-10-22 00:39:58 查询号码 【1904224】，GSD为【"河北-石家庄"】

2023-10-22 00:39:59 开始第 4311 次操作

2023-10-22 00:39:59 开始操作号码 【1904225】
2023-10-22 00:40:02 GSD getOne 第 1 次 等待 3 秒
2023-10-22 00:40:06 查询号码 【1904225】，返回信息 {"status":"ok","msg":"河北-唐山","gid":"603845","time_insert":"2023-03-21 00:50","time_update":"2023-06-12 23:27"}
2023-10-22 00:40:06 查询号码 【1904225】，GSD为【"河北-唐山"】

2023-10-22 00:40:07 开始第 4312 次操作

2023-10-22 00:40:07 开始操作号码 【1904226】
2023-10-22 00:40:12 GSD getOne 第 1 次 等待 3 秒
2023-10-22 00:40:15 查询号码 【1904226】，返回信息 {"status":"ok","msg":"河北-廊坊","gid":"603866","time_insert":"2023-03-21 01:04","time_update":"2023-06-12 23:36"}
2023-10-22 00:40:15 查询号码 【1904226】，GSD为【"河北-廊坊"】

