2024-10-03 00:24:49 开始第 7677 次操作

2024-10-03 00:24:49 开始操作号码 【1367676】
2024-10-03 00:24:52 GSD getOne 第 1 次 等待 3 秒
2024-10-03 00:24:55 查询号码 【1367676】，返回信息 {"status":"ok","msg":"浙江-温州","gid":"346338","time_insert":"2021-07-21 13:52"}
2024-10-03 00:24:55 查询号码 【1367676】，GSD为【"浙江-温州"】

2024-10-03 00:24:56 开始第 7678 次操作

2024-10-03 00:24:56 开始操作号码 【1367677】
2024-10-03 00:24:59 GSD getOne 第 1 次 等待 3 秒
2024-10-03 00:25:02 查询号码 【1367677】，返回信息 {"status":"ok","msg":"浙江-温州","gid":"346330","time_insert":"2021-07-21 13:51"}
2024-10-03 00:25:02 查询号码 【1367677】，GSD为【"浙江-温州"】

2024-10-03 00:25:03 开始第 7679 次操作

2024-10-03 00:25:03 开始操作号码 【1367678】
2024-10-03 00:25:05 GSD getOne 第 1 次 等待 3 秒
2024-10-03 00:25:08 查询号码 【1367678】，返回信息 {"status":"ok","msg":"浙江-温州","gid":"346325","time_insert":"2021-07-21 13:51"}
2024-10-03 00:25:08 查询号码 【1367678】，GSD为【"浙江-温州"】

2024-10-03 00:25:09 开始第 7680 次操作

2024-10-03 00:25:09 开始操作号码 【1367679】
2024-10-03 00:25:11 GSD getOne 第 1 次 等待 3 秒
2024-10-03 00:25:14 查询号码 【1367679】，返回信息 {"status":"ok","msg":"浙江-温州","gid":"346321","time_insert":"2021-07-21 13:50"}
2024-10-03 00:25:14 查询号码 【1367679】，GSD为【"浙江-温州"】

