2023-09-30 00:22:09 开始第 641 次操作

2023-09-30 00:22:09 开始操作号码 【1900640】
2023-09-30 00:22:11 GSD getOne 第 1 次 等待 3 秒
2023-09-30 00:22:14 查询号码 【1900640】，返回信息 {"status":"ok","msg":"山东-菏泽","gid":"527056","time_insert":"2023-02-12 06:38"}
2023-09-30 00:22:14 查询号码 【1900640】，GSD为【"山东-菏泽"】

2023-09-30 00:22:15 开始第 642 次操作

2023-09-30 00:22:15 开始操作号码 【1900641】
2023-09-30 00:22:16 GSD getOne 第 1 次 等待 3 秒
2023-09-30 00:22:19 查询号码 【1900641】，返回信息 {"status":"ok","msg":"山东-济南","gid":"527068","time_insert":"2023-02-12 06:50"}
2023-09-30 00:22:19 查询号码 【1900641】，GSD为【"山东-济南"】

2023-09-30 00:22:20 开始第 643 次操作

2023-09-30 00:22:20 开始操作号码 【1900642】
2023-09-30 00:22:22 GSD getOne 第 1 次 等待 3 秒
2023-09-30 00:22:25 查询号码 【1900642】，返回信息 {"status":"ok","msg":"山东-青岛","gid":"527081","time_insert":"2023-02-12 07:03"}
2023-09-30 00:22:25 查询号码 【1900642】，GSD为【"山东-青岛"】

2023-09-30 00:22:26 开始第 644 次操作

2023-09-30 00:22:26 开始操作号码 【1900643】
2023-09-30 00:22:27 GSD getOne 第 1 次 等待 3 秒
2023-09-30 00:22:30 查询号码 【1900643】，返回信息 {"status":"ok","msg":"山东-淄博","gid":"527095","time_insert":"2023-02-12 07:18"}
2023-09-30 00:22:30 查询号码 【1900643】，GSD为【"山东-淄博"】

2023-09-30 00:39:46 开始第 645 次操作

2023-09-30 00:39:46 开始操作号码 【1900644】
2023-09-30 00:39:48 GSD getOne 第 1 次 等待 3 秒
2023-09-30 00:39:51 查询号码 【1900644】，返回信息 {"status":"ok","msg":"山东-烟台","gid":"527105","time_insert":"2023-02-12 07:30"}
2023-09-30 00:39:51 查询号码 【1900644】，GSD为【"山东-烟台"】

2023-09-30 00:39:52 开始第 646 次操作

2023-09-30 00:39:52 开始操作号码 【1900645】
2023-09-30 00:39:53 GSD getOne 第 1 次 等待 3 秒
2023-09-30 00:39:56 查询号码 【1900645】，返回信息 {"status":"ok","msg":"山东-聊城","gid":"527119","time_insert":"2023-02-12 07:42"}
2023-09-30 00:39:56 查询号码 【1900645】，GSD为【"山东-聊城"】

2023-09-30 00:39:57 开始第 647 次操作

2023-09-30 00:39:58 开始操作号码 【1900646】
2023-09-30 00:39:59 GSD getOne 第 1 次 等待 3 秒
2023-09-30 00:40:02 查询号码 【1900646】，返回信息 {"status":"ok","msg":"山东-潍坊","gid":"527127","time_insert":"2023-02-12 07:54"}
2023-09-30 00:40:02 查询号码 【1900646】，GSD为【"山东-潍坊"】

2023-09-30 00:40:03 开始第 648 次操作

2023-09-30 00:40:03 开始操作号码 【1900647】
2023-09-30 00:40:04 GSD getOne 第 1 次 等待 3 秒
2023-09-30 00:40:07 查询号码 【1900647】，返回信息 {"status":"ok","msg":"山东-济宁","gid":"527138","time_insert":"2023-02-12 08:05"}
2023-09-30 00:40:07 查询号码 【1900647】，GSD为【"山东-济宁"】

