2023-10-25 00:21:33 开始第 4833 次操作

2023-10-25 00:21:33 开始操作号码 【1904747】
2023-10-25 00:21:39 GSD getOne 第 1 次 等待 3 秒
2023-10-25 00:21:42 查询号码 【1904747】，返回信息 {"status":"ok","msg":"广西-崇左","gid":"616250","time_insert":"2023-03-26 18:10"}
2023-10-25 00:21:42 查询号码 【1904747】，GSD为【"广西-崇左"】

2023-10-25 00:21:44 开始第 4834 次操作

2023-10-25 00:21:44 开始操作号码 【1904748】
2023-10-25 00:21:46 GSD getOne 第 1 次 等待 3 秒
2023-10-25 00:21:49 查询号码 【1904748】，返回信息 {"status":"ok","msg":"广西-北海","gid":"616269","time_insert":"2023-03-26 18:22"}
2023-10-25 00:21:49 查询号码 【1904748】，GSD为【"广西-北海"】

2023-10-25 00:21:50 开始第 4835 次操作

2023-10-25 00:21:50 开始操作号码 【1904749】
2023-10-25 00:21:57 GSD getOne 第 1 次 等待 3 秒
2023-10-25 00:22:00 查询号码 【1904749】，返回信息 {"status":"ok","msg":"广西-北海","gid":"616298","time_insert":"2023-03-26 18:42"}
2023-10-25 00:22:00 查询号码 【1904749】，GSD为【"广西-北海"】

2023-10-25 00:22:01 开始第 4836 次操作

2023-10-25 00:22:01 开始操作号码 【1904750】
2023-10-25 00:22:03 GSD getOne 第 1 次 等待 3 秒
2023-10-25 00:22:06 查询号码 【1904750】，返回信息 {"status":"ok","msg":"广西-玉林","gid":"616328","time_insert":"2023-03-26 18:58"}
2023-10-25 00:22:06 查询号码 【1904750】，GSD为【"广西-玉林"】

2023-10-25 00:41:21 开始第 4837 次操作

2023-10-25 00:41:21 开始操作号码 【1904751】
2023-10-25 00:41:25 GSD getOne 第 1 次 等待 3 秒
2023-10-25 00:41:28 查询号码 【1904751】，返回信息 {"status":"ok","msg":"广西-玉林","gid":"616344","time_insert":"2023-03-26 19:08"}
2023-10-25 00:41:28 查询号码 【1904751】，GSD为【"广西-玉林"】

2023-10-25 00:41:29 开始第 4838 次操作

2023-10-25 00:41:29 开始操作号码 【1904752】
2023-10-25 00:41:33 GSD getOne 第 1 次 等待 3 秒
2023-10-25 00:41:36 查询号码 【1904752】，返回信息 {"status":"ok","msg":"广西-玉林","gid":"616367","time_insert":"2023-03-26 19:21"}
2023-10-25 00:41:36 查询号码 【1904752】，GSD为【"广西-玉林"】

2023-10-25 00:41:37 开始第 4839 次操作

2023-10-25 00:41:37 开始操作号码 【1904753】
2023-10-25 00:41:40 GSD getOne 第 1 次 等待 3 秒
2023-10-25 00:41:43 查询号码 【1904753】，返回信息 {"status":"ok","msg":"广西-玉林","gid":"616401","time_insert":"2023-03-26 19:40"}
2023-10-25 00:41:43 查询号码 【1904753】，GSD为【"广西-玉林"】

2023-10-25 00:41:44 开始第 4840 次操作

2023-10-25 00:41:44 开始操作号码 【1904754】
2023-10-25 00:41:47 GSD getOne 第 1 次 等待 3 秒
2023-10-25 00:41:50 查询号码 【1904754】，返回信息 {"status":"ok","msg":"广西-玉林","gid":"616427","time_insert":"2023-03-26 19:56"}
2023-10-25 00:41:50 查询号码 【1904754】，GSD为【"广西-玉林"】

