2024-06-20 00:23:23 开始第 1605 次操作

2024-06-20 00:23:23 开始操作号码 【1471519】
2024-06-20 00:23:33 GSD getOne 第 1 次 等待 3 秒
2024-06-20 00:23:36 查询号码 【1471519】，返回信息 {"status":"ok","msg":"广东-东莞","gid":"100445","time_insert":"2021-06-16 23:25"}
2024-06-20 00:23:36 查询号码 【1471519】，GSD为【"广东-东莞"】

2024-06-20 00:23:37 开始第 1606 次操作

2024-06-20 00:23:37 开始操作号码 【1471520】
2024-06-20 00:23:43 GSD getOne 第 1 次 等待 3 秒
2024-06-20 00:23:46 查询号码 【1471520】，返回信息 {"status":"ok","msg":"广东-佛山","gid":"100481","time_insert":"2021-06-16 23:54"}
2024-06-20 00:23:46 查询号码 【1471520】，GSD为【"广东-佛山"】

2024-06-20 00:23:47 开始第 1607 次操作

2024-06-20 00:23:47 开始操作号码 【1471521】
2024-06-20 00:23:54 GSD getOne 第 1 次 等待 3 秒
2024-06-20 00:23:57 查询号码 【1471521】，返回信息 {"status":"ok","msg":"广东-佛山","gid":"100509","time_insert":"2021-06-17 00:19"}
2024-06-20 00:23:57 查询号码 【1471521】，GSD为【"广东-佛山"】

2024-06-20 00:23:58 开始第 1608 次操作

2024-06-20 00:23:58 开始操作号码 【1471522】
2024-06-20 00:24:04 GSD getOne 第 1 次 等待 3 秒
2024-06-20 00:24:07 查询号码 【1471522】，返回信息 {"status":"ok","msg":"广东-东莞","gid":"100546","time_insert":"2021-06-17 00:48"}
2024-06-20 00:24:07 查询号码 【1471522】，GSD为【"广东-东莞"】

2024-06-20 00:41:53 开始第 1609 次操作

2024-06-20 00:41:53 开始操作号码 【1471523】
2024-06-20 00:42:09 GSD getOne 第 1 次 等待 3 秒
2024-06-20 00:42:12 查询号码 【1471523】，返回信息 {"status":"ok","msg":"广东-佛山","gid":"100576","time_insert":"2021-06-17 01:16"}
2024-06-20 00:42:12 查询号码 【1471523】，GSD为【"广东-佛山"】

2024-06-20 00:42:13 开始第 1610 次操作

2024-06-20 00:42:13 开始操作号码 【1471524】
2024-06-20 00:42:28 GSD getOne 第 1 次 等待 3 秒
2024-06-20 00:42:31 查询号码 【1471524】，返回信息 {"status":"ok","msg":"广东-清远","gid":"100600","time_insert":"2021-06-17 01:35"}
2024-06-20 00:42:31 查询号码 【1471524】，GSD为【"广东-清远"】

2024-06-20 00:42:32 开始第 1611 次操作

2024-06-20 00:42:32 开始操作号码 【1471525】
2024-06-20 00:42:51 GSD getOne 第 1 次 等待 3 秒
2024-06-20 00:42:54 查询号码 【1471525】，返回信息 {"status":"ok","msg":"广东-汕头","gid":"100629","time_insert":"2021-06-17 01:58"}
2024-06-20 00:42:54 查询号码 【1471525】，GSD为【"广东-汕头"】

2024-06-20 00:42:55 开始第 1612 次操作

2024-06-20 00:42:55 开始操作号码 【1471526】
2024-06-20 00:43:06 GSD getOne 第 1 次 等待 3 秒
2024-06-20 00:43:09 查询号码 【1471526】，返回信息 {"status":"ok","msg":"广东-珠海","gid":"100660","time_insert":"2021-06-17 02:25"}
2024-06-20 00:43:09 查询号码 【1471526】，GSD为【"广东-珠海"】

