2021-07-10 00:59:03 开始第 1 次操作

2021-07-10 00:59:03 开始操作号码 【1326593】
2021-07-10 00:59:05 GSD getOne 第 1 次 等待 1 秒
2021-07-10 00:59:06 查询号码 【1326593】，返回信息 {"status":"bad","msg":""}
2021-07-10 00:59:06 查询号码 【1326593】，GSD为【""】
2021-07-10 00:59:06 bad
2021-07-10 00:59:09 CHB 1326593?1625849946 第 1 次 等待 1 秒
2021-07-10 00:59:10 CHB 1326593?1625849946 第 1 次 获取到号码【1326593】GSD
2021-07-10 00:59:10 获取到号码【1326593】的GSD为【广东-广州】
2021-07-10 00:59:14 GSD insert 第 1 次 等待 1 秒
2021-07-10 00:59:15 {"status":"ok","msg":"添加成功！235216"}
2021-07-10 00:59:15 下次操作: 2021-07-10 00:59:28

2021-07-10 00:59:28 开始第 2 次操作

2021-07-10 00:59:28 开始操作号码 【1326592】
2021-07-10 00:59:33 GSD getOne 第 1 次 等待 1 秒
2021-07-10 00:59:34 查询号码 【1326592】，返回信息 {"status":"bad","msg":""}
2021-07-10 00:59:34 查询号码 【1326592】，GSD为【""】
2021-07-10 00:59:34 bad
2021-07-10 00:59:37 CHB 1326592?1625849974 第 1 次 等待 1 秒
2021-07-10 00:59:38 CHB 1326592?1625849974 第 1 次 获取到号码【1326592】GSD
2021-07-10 00:59:38 获取到号码【1326592】的GSD为【广东-广州】
2021-07-10 00:59:40 GSD insert 第 1 次 等待 1 秒
2021-07-10 00:59:41 {"status":"ok","msg":"添加成功！235217"}
2021-07-10 00:59:41 下次操作: 2021-07-10 00:59:49

2021-07-10 00:59:49 开始第 3 次操作

2021-07-10 00:59:49 开始操作号码 【1326591】
2021-07-10 00:59:52 GSD getOne 第 1 次 等待 1 秒
2021-07-10 00:59:53 查询号码 【1326591】，返回信息 {"status":"bad","msg":""}
2021-07-10 00:59:53 查询号码 【1326591】，GSD为【""】
2021-07-10 00:59:53 bad
2021-07-10 00:59:56 CHB 1326591?1625849993 第 1 次 等待 1 秒
2021-07-10 00:59:57 CHB 1326591?1625849993 第 1 次 获取到号码【1326591】GSD
2021-07-10 00:59:57 获取到号码【1326591】的GSD为【广东-广州】
2021-07-10 00:59:59 GSD insert 第 1 次 等待 1 秒
2021-07-10 01:00:00 {"status":"ok","msg":"添加成功！235219"}
2021-07-10 01:00:00 下次操作: 2021-07-10 01:00:15

2021-07-10 01:00:15 开始第 4 次操作

2021-07-10 01:00:15 开始操作号码 【1326590】
2021-07-10 01:00:20 GSD getOne 第 1 次 等待 1 秒
2021-07-10 01:00:21 查询号码 【1326590】，返回信息 {"status":"bad","msg":""}
2021-07-10 01:00:21 查询号码 【1326590】，GSD为【""】
2021-07-10 01:00:21 bad
2021-07-10 01:00:23 CHB 1326590?1625850021 第 1 次 等待 1 秒
2021-07-10 01:00:24 CHB 1326590?1625850021 第 1 次 获取到号码【1326590】GSD
2021-07-10 01:00:24 获取到号码【1326590】的GSD为【广东-广州】
2021-07-10 01:00:28 GSD insert 第 1 次 等待 1 秒
2021-07-10 01:00:29 {"status":"ok","msg":"添加成功！235220"}
2021-07-10 01:00:29 下次操作: 2021-07-10 01:00:40

2021-07-10 01:00:40 开始第 5 次操作

2021-07-10 01:00:40 开始操作号码 【1326589】
2021-07-10 01:00:42 GSD getOne 第 1 次 等待 1 秒
2021-07-10 01:00:43 查询号码 【1326589】，返回信息 {"status":"bad","msg":""}
2021-07-10 01:00:43 查询号码 【1326589】，GSD为【""】
2021-07-10 01:00:43 bad
2021-07-10 01:00:46 CHB 1326589?1625850043 第 1 次 等待 1 秒
2021-07-10 01:00:47 CHB 1326589?1625850043 第 1 次 获取到号码【1326589】GSD
2021-07-10 01:00:47 获取到号码【1326589】的GSD为【广东-深圳】
2021-07-10 01:00:53 GSD insert 第 1 次 等待 1 秒
2021-07-10 01:00:54 {"status":"ok","msg":"添加成功！235221"}
2021-07-10 01:00:54 下次操作: 2021-07-10 01:01:02

2021-07-10 01:01:02 开始第 6 次操作

2021-07-10 01:01:02 开始操作号码 【1326588】
2021-07-10 01:01:06 GSD getOne 第 1 次 等待 1 秒
2021-07-10 01:01:07 查询号码 【1326588】，返回信息 {"status":"ok","msg":"广东-深圳","time_insert":"2018-02-20 10:55","time_update":"2020-09-25 02:18"}
2021-07-10 01:01:07 查询号码 【1326588】，GSD为【"广东-深圳"】

2021-07-10 01:01:07 开始第 6 次操作

2021-07-10 01:01:07 开始操作号码 【1326587】
2021-07-10 01:01:11 GSD getOne 第 1 次 等待 1 秒
2021-07-10 01:01:12 查询号码 【1326587】，返回信息 {"status":"bad","msg":""}
2021-07-10 01:01:12 查询号码 【1326587】，GSD为【""】
2021-07-10 01:01:12 bad
2021-07-10 01:01:14 CHB 1326587?1625850072 第 1 次 等待 1 秒
2021-07-10 01:01:15 CHB 1326587?1625850072 第 1 次 获取到号码【1326587】GSD
2021-07-10 01:01:15 获取到号码【1326587】的GSD为【广东-深圳】
2021-07-10 01:01:19 GSD insert 第 1 次 等待 1 秒
2021-07-10 01:01:20 {"status":"ok","msg":"添加成功！235222"}
2021-07-10 01:01:20 下次操作: 2021-07-10 01:01:32

2021-07-10 01:01:32 开始第 7 次操作

2021-07-10 01:01:32 开始操作号码 【1326586】
2021-07-10 01:01:34 GSD getOne 第 1 次 等待 1 秒
2021-07-10 01:01:35 查询号码 【1326586】，返回信息 {"status":"bad","msg":""}
2021-07-10 01:01:35 查询号码 【1326586】，GSD为【""】
2021-07-10 01:01:35 bad
2021-07-10 01:01:40 CHB 1326586?1625850095 第 1 次 等待 1 秒
2021-07-10 01:01:41 CHB 1326586?1625850095 第 1 次 获取到号码【1326586】GSD
2021-07-10 01:01:41 获取到号码【1326586】的GSD为【广东-深圳】
2021-07-10 01:01:49 GSD insert 第 1 次 等待 1 秒
2021-07-10 01:01:50 {"status":"ok","msg":"添加成功！235224"}
2021-07-10 01:01:50 下次操作: 2021-07-10 01:02:08

2021-07-10 01:02:08 开始第 8 次操作

2021-07-10 01:02:08 开始操作号码 【1326585】
2021-07-10 01:02:10 GSD getOne 第 1 次 等待 1 秒
2021-07-10 01:02:11 查询号码 【1326585】，返回信息 {"status":"bad","msg":""}
2021-07-10 01:02:11 查询号码 【1326585】，GSD为【""】
2021-07-10 01:02:11 bad
2021-07-10 01:02:14 CHB 1326585?1625850131 第 1 次 等待 1 秒
2021-07-10 01:02:15 CHB 1326585?1625850131 第 1 次 获取到号码【1326585】GSD
2021-07-10 01:02:15 获取到号码【1326585】的GSD为【广东-深圳】
2021-07-10 01:02:19 GSD insert 第 1 次 等待 1 秒
2021-07-10 01:02:20 {"status":"ok","msg":"添加成功！235227"}
2021-07-10 01:02:20 下次操作: 2021-07-10 01:02:31

2021-07-10 01:02:31 开始第 9 次操作

2021-07-10 01:02:31 开始操作号码 【1326584】
2021-07-10 01:02:33 GSD getOne 第 1 次 等待 1 秒
2021-07-10 01:02:34 查询号码 【1326584】，返回信息 {"status":"bad","msg":""}
2021-07-10 01:02:34 查询号码 【1326584】，GSD为【""】
2021-07-10 01:02:34 bad
2021-07-10 01:02:39 CHB 1326584?1625850154 第 1 次 等待 1 秒
2021-07-10 01:02:40 CHB 1326584?1625850154 第 1 次 获取到号码【1326584】GSD
2021-07-10 01:02:40 获取到号码【1326584】的GSD为【广东-深圳】
2021-07-10 01:02:43 GSD insert 第 1 次 等待 1 秒
2021-07-10 01:02:44 {"status":"ok","msg":"添加成功！235229"}
2021-07-10 01:02:44 下次操作: 2021-07-10 01:02:56

2021-07-10 01:02:56 开始第 10 次操作

2021-07-10 01:02:56 开始操作号码 【1326583】
2021-07-10 01:02:59 GSD getOne 第 1 次 等待 1 秒
2021-07-10 01:03:00 查询号码 【1326583】，返回信息 {"status":"bad","msg":""}
2021-07-10 01:03:01 查询号码 【1326583】，GSD为【""】
2021-07-10 01:03:01 bad
2021-07-10 01:03:03 CHB 1326583?1625850181 第 1 次 等待 1 秒
2021-07-10 01:03:04 CHB 1326583?1625850181 第 1 次 获取到号码【1326583】GSD
2021-07-10 01:03:04 获取到号码【1326583】的GSD为【广东-深圳】
2021-07-10 01:03:15 GSD insert 第 1 次 等待 1 秒
2021-07-10 01:03:16 {"status":"ok","msg":"添加成功！235233"}
2021-07-10 01:03:16 下次操作: 2021-07-10 01:03:26

2021-07-10 01:03:26 开始第 11 次操作

2021-07-10 01:03:26 开始操作号码 【1326582】
2021-07-10 01:03:33 GSD getOne 第 1 次 等待 1 秒
2021-07-10 01:03:34 查询号码 【1326582】，返回信息 {"status":"bad","msg":""}
2021-07-10 01:03:34 查询号码 【1326582】，GSD为【""】
2021-07-10 01:03:34 bad
2021-07-10 01:03:36 CHB 1326582?1625850214 第 1 次 等待 1 秒
2021-07-10 01:03:37 CHB 1326582?1625850214 第 1 次 获取到号码【1326582】GSD
2021-07-10 01:03:37 获取到号码【1326582】的GSD为【广东-深圳】
2021-07-10 01:03:39 GSD insert 第 1 次 等待 1 秒
2021-07-10 01:03:40 {"status":"ok","msg":"添加成功！235237"}
2021-07-10 01:03:40 下次操作: 2021-07-10 01:03:52

2021-07-10 01:03:52 开始第 12 次操作

2021-07-10 01:03:52 开始操作号码 【1326581】
2021-07-10 01:03:55 GSD getOne 第 1 次 等待 1 秒
2021-07-10 01:03:56 查询号码 【1326581】，返回信息 {"status":"bad","msg":""}
2021-07-10 01:03:56 查询号码 【1326581】，GSD为【""】
2021-07-10 01:03:56 bad
2021-07-10 01:03:59 CHB 1326581?1625850236 第 1 次 等待 1 秒
2021-07-10 01:04:00 CHB 1326581?1625850236 第 1 次 获取到号码【1326581】GSD
2021-07-10 01:04:00 获取到号码【1326581】的GSD为【广东-深圳】
2021-07-10 01:04:05 GSD insert 第 1 次 等待 1 秒
2021-07-10 01:04:06 {"status":"ok","msg":"添加成功！235243"}
2021-07-10 01:04:06 下次操作: 2021-07-10 01:04:24

2021-07-10 01:04:24 开始第 13 次操作

2021-07-10 01:04:24 开始操作号码 【1326580】
2021-07-10 01:04:29 GSD getOne 第 1 次 等待 1 秒
2021-07-10 01:04:30 查询号码 【1326580】，返回信息 {"status":"ok","msg":"广东-深圳","time_insert":"2018-09-10 11:48","time_update":"2020-09-25 02:15"}
2021-07-10 01:04:30 查询号码 【1326580】，GSD为【"广东-深圳"】

2021-07-10 01:04:30 开始第 13 次操作

2021-07-10 01:04:30 开始操作号码 【1326579】
2021-07-10 01:04:33 GSD getOne 第 1 次 等待 1 秒
2021-07-10 01:04:34 查询号码 【1326579】，返回信息 {"status":"bad","msg":""}
2021-07-10 01:04:34 查询号码 【1326579】，GSD为【""】
2021-07-10 01:04:34 bad
2021-07-10 01:04:36 CHB 1326579?1625850274 第 1 次 等待 1 秒
2021-07-10 01:04:37 CHB 1326579?1625850274 第 1 次 获取到号码【1326579】GSD
2021-07-10 01:04:37 获取到号码【1326579】的GSD为【广东-深圳】
2021-07-10 01:04:40 GSD insert 第 1 次 等待 1 秒
2021-07-10 01:04:41 {"status":"ok","msg":"添加成功！235247"}
2021-07-10 01:04:41 下次操作: 2021-07-10 01:04:57

2021-07-10 01:04:57 开始第 14 次操作

2021-07-10 01:04:57 开始操作号码 【1326578】
2021-07-10 01:05:01 GSD getOne 第 1 次 等待 1 秒
2021-07-10 01:05:02 查询号码 【1326578】，返回信息 {"status":"bad","msg":""}
2021-07-10 01:05:02 查询号码 【1326578】，GSD为【""】
2021-07-10 01:05:02 bad
2021-07-10 01:05:04 CHB 1326578?1625850302 第 1 次 等待 1 秒
2021-07-10 01:05:05 CHB 1326578?1625850302 第 1 次 获取到号码【1326578】GSD
2021-07-10 01:05:05 获取到号码【1326578】的GSD为【广东-深圳】
2021-07-10 01:05:09 GSD insert 第 1 次 等待 1 秒
2021-07-10 01:05:10 {"status":"ok","msg":"添加成功！235250"}
2021-07-10 01:05:10 下次操作: 2021-07-10 01:05:20

2021-07-10 01:05:20 开始第 15 次操作

2021-07-10 01:05:20 开始操作号码 【1326577】
2021-07-10 01:05:24 GSD getOne 第 1 次 等待 1 秒
2021-07-10 01:05:25 查询号码 【1326577】，返回信息 {"status":"bad","msg":""}
2021-07-10 01:05:25 查询号码 【1326577】，GSD为【""】
2021-07-10 01:05:25 bad
2021-07-10 01:05:27 CHB 1326577?1625850325 第 1 次 等待 1 秒
2021-07-10 01:05:28 CHB 1326577?1625850325 第 1 次 获取到号码【1326577】GSD
2021-07-10 01:05:28 获取到号码【1326577】的GSD为【广东-深圳】
2021-07-10 01:05:30 GSD insert 第 1 次 等待 1 秒
2021-07-10 01:05:31 {"status":"ok","msg":"添加成功！235253"}
2021-07-10 01:05:31 下次操作: 2021-07-10 01:05:39

2021-07-10 01:05:39 开始第 16 次操作

2021-07-10 01:05:39 开始操作号码 【1326576】
2021-07-10 01:05:42 GSD getOne 第 1 次 等待 1 秒
2021-07-10 01:05:43 查询号码 【1326576】，返回信息 {"status":"bad","msg":""}
2021-07-10 01:05:43 查询号码 【1326576】，GSD为【""】
2021-07-10 01:05:43 bad
2021-07-10 01:05:45 CHB 1326576?1625850343 第 1 次 等待 1 秒
2021-07-10 01:05:46 CHB 1326576?1625850343 第 1 次 获取到号码【1326576】GSD
2021-07-10 01:05:46 获取到号码【1326576】的GSD为【广东-深圳】
2021-07-10 01:05:52 GSD insert 第 1 次 等待 1 秒
2021-07-10 01:05:53 {"status":"ok","msg":"添加成功！235258"}
2021-07-10 01:05:53 下次操作: 2021-07-10 01:06:04

2021-07-10 01:06:04 开始第 17 次操作

2021-07-10 01:06:04 开始操作号码 【1326575】
2021-07-10 01:06:09 GSD getOne 第 1 次 等待 1 秒
2021-07-10 01:06:10 查询号码 【1326575】，返回信息 {"status":"bad","msg":""}
2021-07-10 01:06:10 查询号码 【1326575】，GSD为【""】
2021-07-10 01:06:10 bad
2021-07-10 01:06:12 CHB 1326575?1625850370 第 1 次 等待 1 秒
2021-07-10 01:06:13 CHB 1326575?1625850370 第 1 次 获取到号码【1326575】GSD
2021-07-10 01:06:13 获取到号码【1326575】的GSD为【广东-深圳】
2021-07-10 01:06:18 GSD insert 第 1 次 等待 1 秒
2021-07-10 01:06:19 {"status":"ok","msg":"添加成功！235264"}
2021-07-10 01:06:19 下次操作: 2021-07-10 01:06:34

2021-07-10 01:06:34 开始第 18 次操作

2021-07-10 01:06:34 开始操作号码 【1326574】
2021-07-10 01:06:39 GSD getOne 第 1 次 等待 1 秒
2021-07-10 01:06:40 查询号码 【1326574】，返回信息 {"status":"bad","msg":""}
2021-07-10 01:06:40 查询号码 【1326574】，GSD为【""】
2021-07-10 01:06:40 bad
2021-07-10 01:06:43 CHB 1326574?1625850400 第 1 次 等待 1 秒
2021-07-10 01:06:44 CHB 1326574?1625850400 第 1 次 获取到号码【1326574】GSD
2021-07-10 01:06:44 获取到号码【1326574】的GSD为【广东-深圳】
2021-07-10 01:06:46 GSD insert 第 1 次 等待 1 秒
2021-07-10 01:06:47 {"status":"ok","msg":"添加成功！235269"}
2021-07-10 01:06:47 下次操作: 2021-07-10 01:06:57

2021-07-10 01:06:57 开始第 19 次操作

2021-07-10 01:06:57 开始操作号码 【1326573】
2021-07-10 01:06:59 GSD getOne 第 1 次 等待 1 秒
2021-07-10 01:07:00 查询号码 【1326573】，返回信息 {"status":"bad","msg":""}
2021-07-10 01:07:01 查询号码 【1326573】，GSD为【""】
2021-07-10 01:07:01 bad
2021-07-10 01:07:02 CHB 1326573?1625850421 第 1 次 等待 1 秒
2021-07-10 01:07:03 CHB 1326573?1625850421 第 1 次 获取到号码【1326573】GSD
2021-07-10 01:07:03 获取到号码【1326573】的GSD为【广东-深圳】
2021-07-10 01:07:06 GSD insert 第 1 次 等待 1 秒
2021-07-10 01:07:07 {"status":"ok","msg":"添加成功！235274"}
2021-07-10 01:07:07 下次操作: 2021-07-10 01:07:13

2021-07-10 01:07:13 开始第 20 次操作

2021-07-10 01:07:13 开始操作号码 【1326572】
2021-07-10 01:07:16 GSD getOne 第 1 次 等待 1 秒
2021-07-10 01:07:17 查询号码 【1326572】，返回信息 {"status":"bad","msg":""}
2021-07-10 01:07:17 查询号码 【1326572】，GSD为【""】
2021-07-10 01:07:17 bad
2021-07-10 01:07:20 CHB 1326572?1625850437 第 1 次 等待 1 秒
2021-07-10 01:07:21 CHB 1326572?1625850437 第 1 次 获取到号码【1326572】GSD
2021-07-10 01:07:21 获取到号码【1326572】的GSD为【广东-深圳】
2021-07-10 01:07:23 GSD insert 第 1 次 等待 1 秒
2021-07-10 01:07:24 {"status":"ok","msg":"添加成功！235279"}
2021-07-10 01:07:24 下次操作: 2021-07-10 01:07:37

2021-07-10 01:07:37 开始第 21 次操作

2021-07-10 01:07:37 开始操作号码 【1326571】
2021-07-10 01:07:40 GSD getOne 第 1 次 等待 1 秒
2021-07-10 01:07:41 查询号码 【1326571】，返回信息 {"status":"bad","msg":""}
2021-07-10 01:07:41 查询号码 【1326571】，GSD为【""】
2021-07-10 01:07:41 bad
2021-07-10 01:07:43 CHB 1326571?1625850461 第 1 次 等待 1 秒
2021-07-10 01:07:44 CHB 1326571?1625850461 第 1 次 获取到号码【1326571】GSD
2021-07-10 01:07:44 获取到号码【1326571】的GSD为【广东-深圳】
2021-07-10 01:07:48 GSD insert 第 1 次 等待 1 秒
2021-07-10 01:07:49 {"status":"ok","msg":"添加成功！235283"}
2021-07-10 01:07:49 下次操作: 2021-07-10 01:08:06

2021-07-10 01:08:06 开始第 22 次操作

2021-07-10 01:08:06 开始操作号码 【1326570】
2021-07-10 01:08:08 GSD getOne 第 1 次 等待 1 秒
2021-07-10 01:08:09 查询号码 【1326570】，返回信息 {"status":"bad","msg":""}
2021-07-10 01:08:09 查询号码 【1326570】，GSD为【""】
2021-07-10 01:08:09 bad
2021-07-10 01:08:12 CHB 1326570?1625850489 第 1 次 等待 1 秒
2021-07-10 01:08:13 CHB 1326570?1625850489 第 1 次 获取到号码【1326570】GSD
2021-07-10 01:08:13 获取到号码【1326570】的GSD为【广东-深圳】
2021-07-10 01:08:17 GSD insert 第 1 次 等待 1 秒
2021-07-10 01:08:18 {"status":"ok","msg":"添加成功！235291"}
2021-07-10 01:08:18 下次操作: 2021-07-10 01:08:31

2021-07-10 01:08:31 开始第 23 次操作

2021-07-10 01:08:31 开始操作号码 【1326569】
2021-07-10 01:08:35 GSD getOne 第 1 次 等待 1 秒
2021-07-10 01:08:36 查询号码 【1326569】，返回信息 {"status":"bad","msg":""}
2021-07-10 01:08:36 查询号码 【1326569】，GSD为【""】
2021-07-10 01:08:36 bad
2021-07-10 01:08:38 CHB 1326569?1625850516 第 1 次 等待 1 秒
2021-07-10 01:08:39 CHB 1326569?1625850516 第 1 次 获取到号码【1326569】GSD
2021-07-10 01:08:39 获取到号码【1326569】的GSD为【广东-深圳】
2021-07-10 01:08:43 GSD insert 第 1 次 等待 1 秒
2021-07-10 01:08:44 {"status":"ok","msg":"添加成功！235296"}
2021-07-10 01:08:44 下次操作: 2021-07-10 01:08:59

2021-07-10 01:08:59 开始第 24 次操作

2021-07-10 01:08:59 开始操作号码 【1326568】
2021-07-10 01:09:01 GSD getOne 第 1 次 等待 1 秒
2021-07-10 01:09:02 查询号码 【1326568】，返回信息 {"status":"bad","msg":""}
2021-07-10 01:09:02 查询号码 【1326568】，GSD为【""】
2021-07-10 01:09:02 bad
2021-07-10 01:09:04 CHB 1326568?1625850542 第 1 次 等待 1 秒
2021-07-10 01:09:05 CHB 1326568?1625850542 第 1 次 获取到号码【1326568】GSD
2021-07-10 01:09:05 获取到号码【1326568】的GSD为【广东-深圳】
2021-07-10 01:09:11 GSD insert 第 1 次 等待 1 秒
2021-07-10 01:09:12 {"status":"ok","msg":"添加成功！235301"}
2021-07-10 01:09:12 下次操作: 2021-07-10 01:09:24

2021-07-10 01:09:24 开始第 25 次操作

2021-07-10 01:09:24 开始操作号码 【1326567】
2021-07-10 01:09:28 GSD getOne 第 1 次 等待 1 秒
2021-07-10 01:09:29 查询号码 【1326567】，返回信息 {"status":"bad","msg":""}
2021-07-10 01:09:29 查询号码 【1326567】，GSD为【""】
2021-07-10 01:09:29 bad
2021-07-10 01:09:31 CHB 1326567?1625850569 第 1 次 等待 1 秒
2021-07-10 01:09:32 CHB 1326567?1625850569 第 1 次 获取到号码【1326567】GSD
2021-07-10 01:09:32 获取到号码【1326567】的GSD为【广东-深圳】
2021-07-10 01:09:37 GSD insert 第 1 次 等待 1 秒
2021-07-10 01:09:38 {"status":"ok","msg":"添加成功！235307"}
2021-07-10 01:09:38 下次操作: 2021-07-10 01:09:51

2021-07-10 01:09:51 开始第 26 次操作

2021-07-10 01:09:51 开始操作号码 【1326566】
2021-07-10 01:09:54 GSD getOne 第 1 次 等待 1 秒
2021-07-10 01:09:55 查询号码 【1326566】，返回信息 {"status":"bad","msg":""}
2021-07-10 01:09:56 查询号码 【1326566】，GSD为【""】
2021-07-10 01:09:56 bad
2021-07-10 01:09:57 CHB 1326566?1625850596 第 1 次 等待 1 秒
2021-07-10 01:09:58 CHB 1326566?1625850596 第 1 次 获取到号码【1326566】GSD
2021-07-10 01:09:58 获取到号码【1326566】的GSD为【广东-深圳】
2021-07-10 01:10:01 GSD insert 第 1 次 等待 1 秒
2021-07-10 01:10:02 {"status":"ok","msg":"添加成功！235311"}
2021-07-10 01:10:02 下次操作: 2021-07-10 01:10:10

2021-07-10 01:10:10 开始第 27 次操作

2021-07-10 01:10:10 开始操作号码 【1326565】
2021-07-10 01:10:15 GSD getOne 第 1 次 等待 1 秒
2021-07-10 01:10:16 查询号码 【1326565】，返回信息 {"status":"bad","msg":""}
2021-07-10 01:10:16 查询号码 【1326565】，GSD为【""】
2021-07-10 01:10:16 bad
2021-07-10 01:10:19 CHB 1326565?1625850616 第 1 次 等待 1 秒
2021-07-10 01:10:20 CHB 1326565?1625850616 第 1 次 获取到号码【1326565】GSD
2021-07-10 01:10:20 获取到号码【1326565】的GSD为【广东-深圳】
2021-07-10 01:10:26 GSD insert 第 1 次 等待 1 秒
2021-07-10 01:10:27 {"status":"ok","msg":"添加成功！235316"}
2021-07-10 01:10:27 下次操作: 2021-07-10 01:10:33

2021-07-10 01:10:33 开始第 28 次操作

2021-07-10 01:10:33 开始操作号码 【1326564】
2021-07-10 01:10:38 GSD getOne 第 1 次 等待 1 秒
2021-07-10 01:10:39 查询号码 【1326564】，返回信息 {"status":"bad","msg":""}
2021-07-10 01:10:39 查询号码 【1326564】，GSD为【""】
2021-07-10 01:10:39 bad
2021-07-10 01:10:40 CHB 1326564?1625850639 第 1 次 等待 1 秒
2021-07-10 01:10:41 CHB 1326564?1625850639 第 1 次 获取到号码【1326564】GSD
2021-07-10 01:10:41 获取到号码【1326564】的GSD为【广东-深圳】
2021-07-10 01:10:48 GSD insert 第 1 次 等待 1 秒
2021-07-10 01:10:49 {"status":"ok","msg":"添加成功！235320"}
2021-07-10 01:10:49 下次操作: 2021-07-10 01:11:01

2021-07-10 01:11:01 开始第 29 次操作

2021-07-10 01:11:01 开始操作号码 【1326563】
2021-07-10 01:11:04 GSD getOne 第 1 次 等待 1 秒
2021-07-10 01:11:05 查询号码 【1326563】，返回信息 {"status":"bad","msg":""}
2021-07-10 01:11:06 查询号码 【1326563】，GSD为【""】
2021-07-10 01:11:06 bad
2021-07-10 01:11:08 CHB 1326563?1625850666 第 1 次 等待 1 秒
2021-07-10 01:11:09 CHB 1326563?1625850666 第 1 次 获取到号码【1326563】GSD
2021-07-10 01:11:09 获取到号码【1326563】的GSD为【广东-深圳】
2021-07-10 01:11:12 GSD insert 第 1 次 等待 1 秒
2021-07-10 01:11:13 {"status":"ok","msg":"添加成功！235325"}
2021-07-10 01:11:13 下次操作: 2021-07-10 01:11:24

2021-07-10 01:11:24 开始第 30 次操作

2021-07-10 01:11:24 开始操作号码 【1326562】
2021-07-10 01:11:26 GSD getOne 第 1 次 等待 1 秒
2021-07-10 01:11:27 查询号码 【1326562】，返回信息 {"status":"bad","msg":""}
2021-07-10 01:11:27 查询号码 【1326562】，GSD为【""】
2021-07-10 01:11:27 bad
2021-07-10 01:11:30 CHB 1326562?1625850687 第 1 次 等待 1 秒
2021-07-10 01:11:31 CHB 1326562?1625850687 第 1 次 获取到号码【1326562】GSD
2021-07-10 01:11:31 获取到号码【1326562】的GSD为【广东-深圳】
2021-07-10 01:11:33 GSD insert 第 1 次 等待 1 秒
2021-07-10 01:11:34 {"status":"ok","msg":"添加成功！235332"}

