2024-05-12 00:21:15 开始第 8305 次操作

2024-05-12 00:21:15 开始操作号码 【1588218】
2024-05-12 00:21:21 GSD getOne 第 1 次 等待 3 秒
2024-05-12 00:21:24 查询号码 【1588218】，返回信息 {"status":"ok","msg":"四川-成都","gid":"25573","time_insert":"2017-05-01 00:00","time_update":"2020-10-25 08:31"}
2024-05-12 00:21:24 查询号码 【1588218】，GSD为【"四川-成都"】

2024-05-12 00:21:25 开始第 8306 次操作

2024-05-12 00:21:25 开始操作号码 【1588219】
2024-05-12 00:21:33 GSD getOne 第 1 次 等待 3 秒
2024-05-12 00:21:36 查询号码 【1588219】，返回信息 {"status":"ok","msg":"四川-成都","gid":"25574","time_insert":"2018-03-05 20:59","time_update":"2020-10-25 08:36"}
2024-05-12 00:21:36 查询号码 【1588219】，GSD为【"四川-成都"】

2024-05-12 00:21:37 开始第 8307 次操作

2024-05-12 00:21:37 开始操作号码 【1588220】
2024-05-12 00:21:42 GSD getOne 第 1 次 等待 3 秒
2024-05-12 00:21:45 查询号码 【1588220】，返回信息 {"status":"ok","msg":"四川-成都","gid":"25575","time_insert":"2019-03-20 10:42","time_update":"2020-10-25 08:41"}
2024-05-12 00:21:45 查询号码 【1588220】，GSD为【"四川-成都"】

2024-05-12 00:21:46 开始第 8308 次操作

2024-05-12 00:21:46 开始操作号码 【1588221】
2024-05-12 00:21:52 GSD getOne 第 1 次 等待 3 秒
2024-05-12 00:21:55 查询号码 【1588221】，返回信息 {"status":"ok","msg":"四川-成都","gid":"25576","time_insert":"2020-03-31 08:40","time_update":"2020-10-25 08:45"}
2024-05-12 00:21:55 查询号码 【1588221】，GSD为【"四川-成都"】

2024-05-12 00:38:03 开始第 8309 次操作

2024-05-12 00:38:03 开始操作号码 【1588222】
2024-05-12 00:38:11 GSD getOne 第 1 次 等待 3 秒
2024-05-12 00:38:14 查询号码 【1588222】，返回信息 {"status":"ok","msg":"四川-成都","gid":"25577","time_insert":"2017-05-02 16:13","time_update":"2020-10-25 08:49"}
2024-05-12 00:38:14 查询号码 【1588222】，GSD为【"四川-成都"】

2024-05-12 00:38:15 开始第 8310 次操作

2024-05-12 00:38:15 开始操作号码 【1588223】
2024-05-12 00:38:31 GSD getOne 第 1 次 等待 3 秒
2024-05-12 00:38:34 查询号码 【1588223】，返回信息 {"status":"ok","msg":"四川-成都","gid":"25578","time_insert":"2019-03-01 22:18","time_update":"2020-10-25 08:53"}
2024-05-12 00:38:34 查询号码 【1588223】，GSD为【"四川-成都"】

2024-05-12 00:38:35 开始第 8311 次操作

2024-05-12 00:38:35 开始操作号码 【1588224】
2024-05-12 00:38:40 GSD getOne 第 1 次 等待 3 秒
2024-05-12 00:38:43 查询号码 【1588224】，返回信息 {"status":"ok","msg":"四川-成都","gid":"25579","time_insert":"2017-05-11 21:23","time_update":"2021-06-08 09:16"}
2024-05-12 00:38:43 查询号码 【1588224】，GSD为【"四川-成都"】

2024-05-12 00:38:44 开始第 8312 次操作

2024-05-12 00:38:44 开始操作号码 【1588225】
2024-05-12 00:39:03 GSD getOne 第 1 次 等待 3 秒
2024-05-12 00:39:06 查询号码 【1588225】，返回信息 {"status":"ok","msg":"四川-成都","gid":"25580","time_insert":"2017-03-19 08:00","time_update":"2020-10-25 09:02"}
2024-05-12 00:39:06 查询号码 【1588225】，GSD为【"四川-成都"】

2024-05-12 01:16:40 开始第 8313 次操作

2024-05-12 01:16:40 开始操作号码 【1588226】
2024-05-12 01:16:46 GSD getOne 第 1 次 等待 3 秒
2024-05-12 01:16:49 查询号码 【1588226】，返回信息 {"status":"ok","msg":"四川-成都","gid":"25581","time_insert":"2019-02-25 13:19","time_update":"2020-10-25 09:06"}
2024-05-12 01:16:49 查询号码 【1588226】，GSD为【"四川-成都"】

2024-05-12 01:16:50 开始第 8314 次操作

2024-05-12 01:16:50 开始操作号码 【1588227】
2024-05-12 01:16:56 GSD getOne 第 1 次 等待 3 秒
2024-05-12 01:16:59 查询号码 【1588227】，返回信息 {"status":"ok","msg":"四川-成都","gid":"25582","time_insert":"2017-04-16 17:27","time_update":"2020-10-25 09:10"}
2024-05-12 01:16:59 查询号码 【1588227】，GSD为【"四川-成都"】

2024-05-12 01:17:00 开始第 8315 次操作

2024-05-12 01:17:00 开始操作号码 【1588228】
2024-05-12 01:17:07 GSD getOne 第 1 次 等待 3 秒
2024-05-12 01:17:10 查询号码 【1588228】，返回信息 {"status":"ok","msg":"四川-成都","gid":"25583","time_insert":"2014-01-09 21:43","time_update":"2020-10-25 09:15"}
2024-05-12 01:17:10 查询号码 【1588228】，GSD为【"四川-成都"】

2024-05-12 01:17:11 开始第 8316 次操作

2024-05-12 01:17:11 开始操作号码 【1588229】
2024-05-12 01:17:16 GSD getOne 第 1 次 等待 3 秒
2024-05-12 01:17:19 查询号码 【1588229】，返回信息 {"status":"ok","msg":"四川-成都","gid":"25584","time_insert":"2014-06-30 15:44","time_update":"2020-10-25 09:16"}
2024-05-12 01:17:19 查询号码 【1588229】，GSD为【"四川-成都"】

2024-05-12 01:37:42 开始第 8317 次操作

2024-05-12 01:37:42 开始操作号码 【1588230】
2024-05-12 01:37:51 GSD getOne 第 1 次 等待 3 秒
2024-05-12 01:37:54 查询号码 【1588230】，返回信息 {"status":"ok","msg":"四川-成都","gid":"25585","time_insert":"2017-03-07 19:33","time_update":"2020-10-25 09:19"}
2024-05-12 01:37:54 查询号码 【1588230】，GSD为【"四川-成都"】

2024-05-12 01:37:55 开始第 8318 次操作

2024-05-12 01:37:55 开始操作号码 【1588231】
2024-05-12 01:38:01 GSD getOne 第 1 次 等待 3 秒
2024-05-12 01:38:04 查询号码 【1588231】，返回信息 {"status":"ok","msg":"四川-成都","gid":"25586","time_insert":"2017-06-19 15:40","time_update":"2020-10-25 09:23"}
2024-05-12 01:38:04 查询号码 【1588231】，GSD为【"四川-成都"】

2024-05-12 01:38:05 开始第 8319 次操作

2024-05-12 01:38:05 开始操作号码 【1588232】
2024-05-12 01:38:09 GSD getOne 第 1 次 等待 3 秒
2024-05-12 01:38:12 查询号码 【1588232】，返回信息 {"status":"ok","msg":"四川-成都","gid":"25587","time_insert":"2020-03-03 13:02","time_update":"2020-10-25 09:27"}
2024-05-12 01:38:12 查询号码 【1588232】，GSD为【"四川-成都"】

2024-05-12 01:38:13 开始第 8320 次操作

2024-05-12 01:38:14 开始操作号码 【1588233】
2024-05-12 01:38:18 GSD getOne 第 1 次 等待 3 秒
2024-05-12 01:38:21 查询号码 【1588233】，返回信息 {"status":"ok","msg":"四川-成都","gid":"25588","time_insert":"2016-11-10 19:14","time_update":"2020-10-25 09:31"}
2024-05-12 01:38:21 查询号码 【1588233】，GSD为【"四川-成都"】

