2024-04-25 00:21:32 开始第 5301 次操作

2024-04-25 00:21:32 开始操作号码 【1585214】
2024-04-25 00:21:39 GSD getOne 第 1 次 等待 3 秒
2024-04-25 00:21:42 查询号码 【1585214】，返回信息 {"status":"ok","msg":"江苏-徐州","gid":"373458","time_insert":"2021-07-24 04:27"}
2024-04-25 00:21:42 查询号码 【1585214】，GSD为【"江苏-徐州"】

2024-04-25 00:21:43 开始第 5302 次操作

2024-04-25 00:21:43 开始操作号码 【1585215】
2024-04-25 00:21:51 GSD getOne 第 1 次 等待 3 秒
2024-04-25 00:21:54 查询号码 【1585215】，返回信息 {"status":"ok","msg":"江苏-徐州","gid":"373492","time_insert":"2021-07-24 04:38"}
2024-04-25 00:21:54 查询号码 【1585215】，GSD为【"江苏-徐州"】

2024-04-25 00:21:55 开始第 5303 次操作

2024-04-25 00:21:55 开始操作号码 【1585216】
2024-04-25 00:22:02 GSD getOne 第 1 次 等待 3 秒
2024-04-25 00:22:05 查询号码 【1585216】，返回信息 {"status":"ok","msg":"江苏-徐州","gid":"373638","time_insert":"2021-07-24 04:47"}
2024-04-25 00:22:05 查询号码 【1585216】，GSD为【"江苏-徐州"】

2024-04-25 00:22:06 开始第 5304 次操作

2024-04-25 00:22:06 开始操作号码 【1585217】
2024-04-25 00:22:13 GSD getOne 第 1 次 等待 3 秒
2024-04-25 00:22:16 查询号码 【1585217】，返回信息 {"status":"ok","msg":"江苏-徐州","gid":"373792","time_insert":"2021-07-24 04:56"}
2024-04-25 00:22:16 查询号码 【1585217】，GSD为【"江苏-徐州"】

