2024-04-06 00:23:12 开始第 2097 次操作

2024-04-06 00:23:12 开始操作号码 【1582011】
2024-04-06 00:23:20 GSD getOne 第 1 次 等待 3 秒
2024-04-06 00:23:23 查询号码 【1582011】，返回信息 {"status":"ok","msg":"广东-韶关","gid":"24535","time_insert":"2019-10-04 13:42","time_update":"2020-09-30 07:30"}
2024-04-06 00:23:23 查询号码 【1582011】，GSD为【"广东-韶关"】

2024-04-06 00:23:24 开始第 2098 次操作

2024-04-06 00:23:24 开始操作号码 【1582012】
2024-04-06 00:23:28 GSD getOne 第 1 次 等待 3 秒
2024-04-06 00:23:31 查询号码 【1582012】，返回信息 {"status":"ok","msg":"广东-韶关","gid":"137711","time_insert":"2021-06-27 07:48"}
2024-04-06 00:23:31 查询号码 【1582012】，GSD为【"广东-韶关"】

2024-04-06 00:23:32 开始第 2099 次操作

2024-04-06 00:23:32 开始操作号码 【1582013】
2024-04-06 00:23:37 GSD getOne 第 1 次 等待 3 秒
2024-04-06 00:23:40 查询号码 【1582013】，返回信息 {"status":"ok","msg":"广东-潮州","gid":"137849","time_insert":"2021-06-27 08:07"}
2024-04-06 00:23:40 查询号码 【1582013】，GSD为【"广东-潮州"】

2024-04-06 00:23:41 开始第 2100 次操作

2024-04-06 00:23:41 开始操作号码 【1582014】
2024-04-06 00:23:46 GSD getOne 第 1 次 等待 3 秒
2024-04-06 00:23:49 查询号码 【1582014】，返回信息 {"status":"ok","msg":"广东-潮州","gid":"137899","time_insert":"2021-06-27 08:27"}
2024-04-06 00:23:50 查询号码 【1582014】，GSD为【"广东-潮州"】

2024-04-06 00:39:30 开始第 2101 次操作

2024-04-06 00:39:30 开始操作号码 【1582015】
2024-04-06 00:39:37 GSD getOne 第 1 次 等待 3 秒
2024-04-06 00:39:40 查询号码 【1582015】，返回信息 {"status":"ok","msg":"广东-潮州","gid":"137970","time_insert":"2021-06-27 08:46"}
2024-04-06 00:39:40 查询号码 【1582015】，GSD为【"广东-潮州"】

2024-04-06 00:39:41 开始第 2102 次操作

2024-04-06 00:39:41 开始操作号码 【1582016】
2024-04-06 00:39:47 GSD getOne 第 1 次 等待 3 秒
2024-04-06 00:39:50 查询号码 【1582016】，返回信息 {"status":"ok","msg":"广东-河源","gid":"137994","time_insert":"2021-06-27 09:04"}
2024-04-06 00:39:50 查询号码 【1582016】，GSD为【"广东-河源"】

2024-04-06 00:39:51 开始第 2103 次操作

2024-04-06 00:39:51 开始操作号码 【1582017】
2024-04-06 00:40:03 GSD getOne 第 1 次 等待 3 秒
2024-04-06 00:40:06 查询号码 【1582017】，返回信息 {"status":"ok","msg":"广东-茂名","gid":"138021","time_insert":"2021-06-27 09:20"}
2024-04-06 00:40:06 查询号码 【1582017】，GSD为【"广东-茂名"】

2024-04-06 00:40:07 开始第 2104 次操作

2024-04-06 00:40:07 开始操作号码 【1582018】
2024-04-06 00:40:15 GSD getOne 第 1 次 等待 3 秒
2024-04-06 00:40:18 查询号码 【1582018】，返回信息 {"status":"ok","msg":"广东-茂名","gid":"138053","time_insert":"2021-06-27 09:40"}
2024-04-06 00:40:18 查询号码 【1582018】，GSD为【"广东-茂名"】

2024-04-06 01:16:56 开始第 2105 次操作

2024-04-06 01:16:56 开始操作号码 【1582019】
2024-04-06 01:17:02 GSD getOne 第 1 次 等待 3 秒
2024-04-06 01:17:05 查询号码 【1582019】，返回信息 {"status":"ok","msg":"广东-茂名","gid":"138081","time_insert":"2021-06-27 10:00"}
2024-04-06 01:17:05 查询号码 【1582019】，GSD为【"广东-茂名"】

2024-04-06 01:17:06 开始第 2106 次操作

2024-04-06 01:17:06 开始操作号码 【1582020】
2024-04-06 01:17:11 GSD getOne 第 1 次 等待 3 秒
2024-04-06 01:17:14 查询号码 【1582020】，返回信息 {"status":"ok","msg":"广东-广州","gid":"24536","time_insert":"2016-12-13 09:21","time_update":"2020-09-30 07:35"}
2024-04-06 01:17:14 查询号码 【1582020】，GSD为【"广东-广州"】

2024-04-06 01:17:15 开始第 2107 次操作

2024-04-06 01:17:15 开始操作号码 【1582021】
2024-04-06 01:17:21 GSD getOne 第 1 次 等待 3 秒
2024-04-06 01:17:24 查询号码 【1582021】，返回信息 {"status":"ok","msg":"广东-广州","gid":"138108","time_insert":"2021-06-27 10:18"}
2024-04-06 01:17:24 查询号码 【1582021】，GSD为【"广东-广州"】

2024-04-06 01:17:25 开始第 2108 次操作

2024-04-06 01:17:25 开始操作号码 【1582022】
2024-04-06 01:17:32 GSD getOne 第 1 次 等待 3 秒
2024-04-06 01:17:35 查询号码 【1582022】，返回信息 {"status":"ok","msg":"广东-广州","gid":"24537","time_insert":"2017-04-30 10:44","time_update":"2020-09-30 07:38"}
2024-04-06 01:17:35 查询号码 【1582022】，GSD为【"广东-广州"】

2024-04-06 01:37:55 开始第 2109 次操作

2024-04-06 01:37:55 开始操作号码 【1582023】
2024-04-06 01:38:00 GSD getOne 第 1 次 等待 3 秒
2024-04-06 01:38:03 查询号码 【1582023】，返回信息 {"status":"ok","msg":"广东-广州","gid":"138306","time_insert":"2021-06-27 10:37"}
2024-04-06 01:38:03 查询号码 【1582023】，GSD为【"广东-广州"】

2024-04-06 01:38:04 开始第 2110 次操作

2024-04-06 01:38:04 开始操作号码 【1582024】
2024-04-06 01:38:09 GSD getOne 第 1 次 等待 3 秒
2024-04-06 01:38:12 查询号码 【1582024】，返回信息 {"status":"ok","msg":"广东-广州","gid":"138408","time_insert":"2021-06-27 10:53"}
2024-04-06 01:38:12 查询号码 【1582024】，GSD为【"广东-广州"】

2024-04-06 01:38:13 开始第 2111 次操作

2024-04-06 01:38:13 开始操作号码 【1582025】
2024-04-06 01:38:20 GSD getOne 第 1 次 等待 3 秒
2024-04-06 01:38:23 查询号码 【1582025】，返回信息 {"status":"ok","msg":"广东-广州","gid":"138637","time_insert":"2021-06-27 11:09"}
2024-04-06 01:38:23 查询号码 【1582025】，GSD为【"广东-广州"】

2024-04-06 01:38:24 开始第 2112 次操作

2024-04-06 01:38:24 开始操作号码 【1582026】
2024-04-06 01:38:29 GSD getOne 第 1 次 等待 3 秒
2024-04-06 01:38:32 查询号码 【1582026】，返回信息 {"status":"ok","msg":"广东-广州","gid":"138693","time_insert":"2021-06-27 11:29"}
2024-04-06 01:38:32 查询号码 【1582026】，GSD为【"广东-广州"】

2024-04-06 02:21:23 开始第 2113 次操作

2024-04-06 02:21:23 开始操作号码 【1582027】
2024-04-06 02:21:30 GSD getOne 第 1 次 等待 3 秒
2024-04-06 02:21:33 查询号码 【1582027】，返回信息 {"status":"ok","msg":"广东-广州","gid":"138727","time_insert":"2021-06-27 11:49"}
2024-04-06 02:21:33 查询号码 【1582027】，GSD为【"广东-广州"】

2024-04-06 02:21:34 开始第 2114 次操作

2024-04-06 02:21:34 开始操作号码 【1582028】
2024-04-06 02:21:39 GSD getOne 第 1 次 等待 3 秒
2024-04-06 02:21:42 查询号码 【1582028】，返回信息 {"status":"ok","msg":"广东-广州","gid":"138967","time_insert":"2021-06-27 12:09"}
2024-04-06 02:21:43 查询号码 【1582028】，GSD为【"广东-广州"】

2024-04-06 02:21:44 开始第 2115 次操作

2024-04-06 02:21:44 开始操作号码 【1582029】
2024-04-06 02:21:51 GSD getOne 第 1 次 等待 3 秒
2024-04-06 02:21:54 查询号码 【1582029】，返回信息 {"status":"ok","msg":"广东-广州","gid":"139024","time_insert":"2021-06-27 12:30"}
2024-04-06 02:21:54 查询号码 【1582029】，GSD为【"广东-广州"】

2024-04-06 02:21:55 开始第 2116 次操作

2024-04-06 02:21:55 开始操作号码 【1582030】
2024-04-06 02:22:00 GSD getOne 第 1 次 等待 3 秒
2024-04-06 02:22:03 查询号码 【1582030】，返回信息 {"status":"ok","msg":"广东-汕尾","gid":"139055","time_insert":"2021-06-27 12:49"}
2024-04-06 02:22:03 查询号码 【1582030】，GSD为【"广东-汕尾"】

2024-04-06 02:37:43 开始第 2117 次操作

2024-04-06 02:37:43 开始操作号码 【1582031】
2024-04-06 02:37:47 GSD getOne 第 1 次 等待 3 秒
2024-04-06 02:37:50 查询号码 【1582031】，返回信息 {"status":"ok","msg":"广东-汕尾","gid":"139214","time_insert":"2021-06-27 13:06"}
2024-04-06 02:37:51 查询号码 【1582031】，GSD为【"广东-汕尾"】

2024-04-06 02:37:52 开始第 2118 次操作

2024-04-06 02:37:52 开始操作号码 【1582032】
2024-04-06 02:37:56 GSD getOne 第 1 次 等待 3 秒
2024-04-06 02:37:59 查询号码 【1582032】，返回信息 {"status":"ok","msg":"广东-清远","gid":"139342","time_insert":"2021-06-27 13:24"}
2024-04-06 02:38:00 查询号码 【1582032】，GSD为【"广东-清远"】

2024-04-06 02:38:01 开始第 2119 次操作

2024-04-06 02:38:01 开始操作号码 【1582033】
2024-04-06 02:38:05 GSD getOne 第 1 次 等待 3 秒
2024-04-06 02:38:08 查询号码 【1582033】，返回信息 {"status":"ok","msg":"广东-清远","gid":"139437","time_insert":"2021-06-27 13:40"}
2024-04-06 02:38:08 查询号码 【1582033】，GSD为【"广东-清远"】

2024-04-06 02:38:09 开始第 2120 次操作

2024-04-06 02:38:09 开始操作号码 【1582034】
2024-04-06 02:38:15 GSD getOne 第 1 次 等待 3 秒
2024-04-06 02:38:18 查询号码 【1582034】，返回信息 {"status":"ok","msg":"广东-阳江","gid":"24538","time_insert":"2017-08-12 16:20","time_update":"2020-09-30 07:41"}
2024-04-06 02:38:18 查询号码 【1582034】，GSD为【"广东-阳江"】

2024-04-06 03:15:09 开始第 2121 次操作

2024-04-06 03:15:09 开始操作号码 【1582035】
2024-04-06 03:15:16 GSD getOne 第 1 次 等待 3 秒
2024-04-06 03:15:19 查询号码 【1582035】，返回信息 {"status":"ok","msg":"广东-梅州","gid":"139632","time_insert":"2021-06-27 14:00"}
2024-04-06 03:15:19 查询号码 【1582035】，GSD为【"广东-梅州"】

2024-04-06 03:15:20 开始第 2122 次操作

2024-04-06 03:15:20 开始操作号码 【1582036】
2024-04-06 03:15:26 GSD getOne 第 1 次 等待 3 秒
2024-04-06 03:15:29 查询号码 【1582036】，返回信息 {"status":"ok","msg":"广东-阳江","gid":"139664","time_insert":"2021-06-27 14:20"}
2024-04-06 03:15:29 查询号码 【1582036】，GSD为【"广东-阳江"】

2024-04-06 03:15:30 开始第 2123 次操作

2024-04-06 03:15:30 开始操作号码 【1582037】
2024-04-06 03:15:36 GSD getOne 第 1 次 等待 3 秒
2024-04-06 03:15:39 查询号码 【1582037】，返回信息 {"status":"ok","msg":"广东-肇庆","gid":"139694","time_insert":"2021-06-27 14:38"}
2024-04-06 03:15:39 查询号码 【1582037】，GSD为【"广东-肇庆"】

2024-04-06 03:15:40 开始第 2124 次操作

2024-04-06 03:15:40 开始操作号码 【1582038】
2024-04-06 03:15:46 GSD getOne 第 1 次 等待 3 秒
2024-04-06 03:15:49 查询号码 【1582038】，返回信息 {"status":"ok","msg":"广东-肇庆","gid":"139723","time_insert":"2021-06-27 14:57"}
2024-04-06 03:15:49 查询号码 【1582038】，GSD为【"广东-肇庆"】

2024-04-06 03:37:59 开始第 2125 次操作

2024-04-06 03:37:59 开始操作号码 【1582039】
2024-04-06 03:38:04 GSD getOne 第 1 次 等待 3 秒
2024-04-06 03:38:07 查询号码 【1582039】，返回信息 {"status":"ok","msg":"广东-梅州","gid":"139951","time_insert":"2021-06-27 15:17","time_update":"2021-06-30 00:35"}
2024-04-06 03:38:07 查询号码 【1582039】，GSD为【"广东-梅州"】

2024-04-06 03:38:08 开始第 2126 次操作

2024-04-06 03:38:08 开始操作号码 【1582040】
2024-04-06 03:38:15 GSD getOne 第 1 次 等待 3 秒
2024-04-06 03:38:18 查询号码 【1582040】，返回信息 {"status":"ok","msg":"广东-深圳","gid":"140016","time_insert":"2021-06-27 15:33"}
2024-04-06 03:38:18 查询号码 【1582040】，GSD为【"广东-深圳"】

2024-04-06 03:38:19 开始第 2127 次操作

2024-04-06 03:38:19 开始操作号码 【1582041】
2024-04-06 03:38:23 GSD getOne 第 1 次 等待 3 秒
2024-04-06 03:38:26 查询号码 【1582041】，返回信息 {"status":"ok","msg":"广东-深圳","gid":"140196","time_insert":"2021-06-27 15:49","time_update":"2021-06-30 00:43"}
2024-04-06 03:38:26 查询号码 【1582041】，GSD为【"广东-深圳"】

2024-04-06 03:38:27 开始第 2128 次操作

2024-04-06 03:38:27 开始操作号码 【1582042】
2024-04-06 03:38:34 GSD getOne 第 1 次 等待 3 秒
2024-04-06 03:38:37 查询号码 【1582042】，返回信息 {"status":"ok","msg":"广东-深圳","gid":"140303","time_insert":"2021-06-27 16:06","time_update":"2021-06-30 00:53"}
2024-04-06 03:38:38 查询号码 【1582042】，GSD为【"广东-深圳"】

