2024-03-06 00:20:17 开始第 7209 次操作

2024-03-06 00:20:17 开始操作号码 【1697122】
2024-03-06 00:20:22 GSD getOne 第 1 次 等待 3 秒
2024-03-06 00:20:25 查询号码 【1697122】，返回信息 {"status":"ok","msg":"-","gid":"657054","time_insert":"2023-04-16 00:15"}
2024-03-06 00:20:25 查询号码 【1697122】，GSD为【"-"】
2024-03-06 00:20:25 ok && -
2024-03-06 00:20:28 CHB 1697122?1709655625 第 1 次 等待 3 秒
2024-03-06 00:20:31 CHB 1697122?1709655625 第 1 次 获取到号码【1697122】GSD
2024-03-06 00:20:31 未获取到号码【1697122】GSD，可能号码格式错误
2024-03-06 00:20:31 获取到号码【1697122】的GSD为【-】
2024-03-06 00:20:35 GSD insert 第 1 次 等待 3 秒
2024-03-06 00:20:38 {"status":"bad","gid":"657054","msg":"添加失败！号码【1697122(-|-)】已存在！"}
2024-03-06 00:20:38 随机等待 192 秒，约 3 分钟
2024-03-06 00:20:38 下次操作: 2024-03-06 00:23:50

2024-03-06 00:23:50 开始第 7210 次操作

2024-03-06 00:23:50 开始操作号码 【1697123】
2024-03-06 00:23:55 GSD getOne 第 1 次 等待 3 秒
2024-03-06 00:23:58 查询号码 【1697123】，返回信息 {"status":"ok","msg":"-","gid":"657060","time_insert":"2023-04-16 00:17"}
2024-03-06 00:23:58 查询号码 【1697123】，GSD为【"-"】
2024-03-06 00:23:58 ok && -
2024-03-06 00:24:00 CHB 1697123?1709655838 第 1 次 等待 3 秒
2024-03-06 00:24:03 CHB 1697123?1709655838 第 1 次 获取到号码【1697123】GSD
2024-03-06 00:24:03 未获取到号码【1697123】GSD，可能号码格式错误
2024-03-06 00:24:03 获取到号码【1697123】的GSD为【-】
2024-03-06 00:24:07 GSD insert 第 1 次 等待 3 秒
2024-03-06 00:24:10 {"status":"bad","gid":"657060","msg":"添加失败！号码【1697123(-|-)】已存在！"}
2024-03-06 00:24:10 随机等待 180 秒，约 3 分钟
2024-03-06 00:24:10 下次操作: 2024-03-06 00:27:10

2024-03-06 00:27:10 开始第 7211 次操作

2024-03-06 00:27:10 开始操作号码 【1697124】
2024-03-06 00:27:15 GSD getOne 第 1 次 等待 3 秒
2024-03-06 00:27:18 查询号码 【1697124】，返回信息 {"status":"ok","msg":"-","gid":"657074","time_insert":"2023-04-16 00:31"}
2024-03-06 00:27:18 查询号码 【1697124】，GSD为【"-"】
2024-03-06 00:27:18 ok && -
2024-03-06 00:27:22 CHB 1697124?1709656038 第 1 次 等待 3 秒
2024-03-06 00:27:25 CHB 1697124?1709656038 第 1 次 获取到号码【1697124】GSD
2024-03-06 00:27:25 未获取到号码【1697124】GSD，可能号码格式错误
2024-03-06 00:27:25 获取到号码【1697124】的GSD为【-】
2024-03-06 00:27:29 GSD insert 第 1 次 等待 3 秒
2024-03-06 00:27:32 {"status":"bad","gid":"657074","msg":"添加失败！号码【1697124(-|-)】已存在！"}
2024-03-06 00:27:32 随机等待 144 秒，约 2 分钟
2024-03-06 00:27:32 下次操作: 2024-03-06 00:29:56

2024-03-06 00:29:56 开始第 7212 次操作

2024-03-06 00:29:56 开始操作号码 【1697125】
2024-03-06 00:30:01 GSD getOne 第 1 次 等待 3 秒
2024-03-06 00:30:04 查询号码 【1697125】，返回信息 {"status":"ok","msg":"-","gid":"657080","time_insert":"2023-04-16 00:34"}
2024-03-06 00:30:04 查询号码 【1697125】，GSD为【"-"】
2024-03-06 00:30:04 ok && -
2024-03-06 00:30:06 CHB 1697125?1709656204 第 1 次 等待 3 秒
2024-03-06 00:30:09 CHB 1697125?1709656204 第 1 次 获取到号码【1697125】GSD
2024-03-06 00:30:09 未获取到号码【1697125】GSD，可能号码格式错误
2024-03-06 00:30:09 获取到号码【1697125】的GSD为【-】
2024-03-06 00:30:14 GSD insert 第 1 次 等待 3 秒
2024-03-06 00:30:17 {"status":"bad","gid":"657080","msg":"添加失败！号码【1697125(-|-)】已存在！"}

