2024-04-08 00:19:23 开始第 2457 次操作

2024-04-08 00:19:23 开始操作号码 【1582371】
2024-04-08 00:19:29 GSD getOne 第 1 次 等待 3 秒
2024-04-08 00:19:32 查询号码 【1582371】，返回信息 {"status":"ok","msg":"重庆-万州","gid":"24620","time_insert":"2014-12-11 15:16","time_update":"2021-01-12 18:42"}
2024-04-08 00:19:32 查询号码 【1582371】，GSD为【"重庆-万州"】

2024-04-08 00:19:33 开始第 2458 次操作

2024-04-08 00:19:33 开始操作号码 【1582372】
2024-04-08 00:19:40 GSD getOne 第 1 次 等待 3 秒
2024-04-08 00:19:43 查询号码 【1582372】，返回信息 {"status":"ok","msg":"重庆-万州","gid":"24621","time_insert":"2017-09-30 20:18","time_update":"2021-01-12 18:47"}
2024-04-08 00:19:44 查询号码 【1582372】，GSD为【"重庆-万州"】

2024-04-08 00:19:45 开始第 2459 次操作

2024-04-08 00:19:45 开始操作号码 【1582373】
2024-04-08 00:19:51 GSD getOne 第 1 次 等待 3 秒
2024-04-08 00:19:54 查询号码 【1582373】，返回信息 {"status":"ok","msg":"重庆-万州","gid":"24622","time_insert":"2017-05-30 10:52","time_update":"2021-01-12 18:55"}
2024-04-08 00:19:54 查询号码 【1582373】，GSD为【"重庆-万州"】

2024-04-08 00:19:55 开始第 2460 次操作

2024-04-08 00:19:55 开始操作号码 【1582374】
2024-04-08 00:20:00 GSD getOne 第 1 次 等待 3 秒
2024-04-08 00:20:03 查询号码 【1582374】，返回信息 {"status":"ok","msg":"重庆-万州","gid":"24623","time_insert":"2017-08-14 13:16","time_update":"2021-01-12 19:02"}
2024-04-08 00:20:03 查询号码 【1582374】，GSD为【"重庆-万州"】

2024-04-08 00:37:47 开始第 2461 次操作

2024-04-08 00:37:47 开始操作号码 【1582375】
2024-04-08 00:37:52 GSD getOne 第 1 次 等待 3 秒
2024-04-08 00:37:55 查询号码 【1582375】，返回信息 {"status":"ok","msg":"重庆-万州","gid":"24624","time_insert":"2019-08-01 17:55","time_update":"2021-01-12 19:10"}
2024-04-08 00:37:55 查询号码 【1582375】，GSD为【"重庆-万州"】

2024-04-08 00:37:56 开始第 2462 次操作

2024-04-08 00:37:56 开始操作号码 【1582376】
2024-04-08 00:38:02 GSD getOne 第 1 次 等待 3 秒
2024-04-08 00:38:05 查询号码 【1582376】，返回信息 {"status":"ok","msg":"重庆-万州","gid":"162426","time_insert":"2021-06-30 19:18"}
2024-04-08 00:38:05 查询号码 【1582376】，GSD为【"重庆-万州"】

2024-04-08 00:38:06 开始第 2463 次操作

2024-04-08 00:38:06 开始操作号码 【1582377】
2024-04-08 00:38:11 GSD getOne 第 1 次 等待 3 秒
2024-04-08 00:38:14 查询号码 【1582377】，返回信息 {"status":"ok","msg":"重庆-万州","gid":"24625","time_insert":"2017-02-01 10:09","time_update":"2021-01-12 19:14"}
2024-04-08 00:38:14 查询号码 【1582377】，GSD为【"重庆-万州"】

2024-04-08 00:38:15 开始第 2464 次操作

2024-04-08 00:38:15 开始操作号码 【1582378】
2024-04-08 00:38:21 GSD getOne 第 1 次 等待 3 秒
2024-04-08 00:38:24 查询号码 【1582378】，返回信息 {"status":"ok","msg":"重庆-万州","gid":"24626","time_insert":"2018-11-06 10:44","time_update":"2021-01-12 19:22"}
2024-04-08 00:38:24 查询号码 【1582378】，GSD为【"重庆-万州"】

