2024-03-27 00:22:32 开始第 337 次操作

2024-03-27 00:22:32 开始操作号码 【1580251】
2024-03-27 00:22:40 GSD getOne 第 1 次 等待 3 秒
2024-03-27 00:22:43 查询号码 【1580251】，返回信息 {"status":"ok","msg":"湖南-长沙","gid":"24188","time_insert":"2019-08-13 18:02","time_update":"2020-09-23 02:30"}
2024-03-27 00:22:43 查询号码 【1580251】，GSD为【"湖南-长沙"】

2024-03-27 00:22:45 开始第 338 次操作

2024-03-27 00:22:45 开始操作号码 【1580252】
2024-03-27 00:22:51 GSD getOne 第 1 次 等待 3 秒
2024-03-27 00:22:54 查询号码 【1580252】，返回信息 {"status":"ok","msg":"湖南-长沙","gid":"87218","time_insert":"2021-06-09 02:55"}
2024-03-27 00:22:54 查询号码 【1580252】，GSD为【"湖南-长沙"】

2024-03-27 00:22:55 开始第 339 次操作

2024-03-27 00:22:55 开始操作号码 【1580253】
2024-03-27 00:23:03 GSD getOne 第 1 次 等待 3 秒
2024-03-27 00:23:06 查询号码 【1580253】，返回信息 {"status":"ok","msg":"湖南-长沙","gid":"87241","time_insert":"2021-06-09 03:12"}
2024-03-27 00:23:06 查询号码 【1580253】，GSD为【"湖南-长沙"】

2024-03-27 00:23:07 开始第 340 次操作

2024-03-27 00:23:07 开始操作号码 【1580254】
2024-03-27 00:23:12 GSD getOne 第 1 次 等待 3 秒
2024-03-27 00:23:15 查询号码 【1580254】，返回信息 {"status":"ok","msg":"湖南-长沙","gid":"87264","time_insert":"2021-06-09 03:31"}
2024-03-27 00:23:15 查询号码 【1580254】，GSD为【"湖南-长沙"】

2024-03-27 00:39:43 开始第 341 次操作

2024-03-27 00:39:43 开始操作号码 【1580255】
2024-03-27 00:39:50 GSD getOne 第 1 次 等待 3 秒
2024-03-27 00:39:53 查询号码 【1580255】，返回信息 {"status":"ok","msg":"湖南-长沙","gid":"87291","time_insert":"2021-06-09 03:52"}
2024-03-27 00:39:53 查询号码 【1580255】，GSD为【"湖南-长沙"】

2024-03-27 00:39:54 开始第 342 次操作

2024-03-27 00:39:54 开始操作号码 【1580256】
2024-03-27 00:39:59 GSD getOne 第 1 次 等待 3 秒
2024-03-27 00:40:02 查询号码 【1580256】，返回信息 {"status":"ok","msg":"湖南-长沙","gid":"87312","time_insert":"2021-06-09 04:11"}
2024-03-27 00:40:02 查询号码 【1580256】，GSD为【"湖南-长沙"】

2024-03-27 00:40:03 开始第 343 次操作

2024-03-27 00:40:03 开始操作号码 【1580257】
2024-03-27 00:40:09 GSD getOne 第 1 次 等待 3 秒
2024-03-27 00:40:12 查询号码 【1580257】，返回信息 {"status":"ok","msg":"湖南-长沙","gid":"87338","time_insert":"2021-06-09 04:31"}
2024-03-27 00:40:13 查询号码 【1580257】，GSD为【"湖南-长沙"】

2024-03-27 00:40:14 开始第 344 次操作

2024-03-27 00:40:14 开始操作号码 【1580258】
2024-03-27 00:40:18 GSD getOne 第 1 次 等待 3 秒
2024-03-27 00:40:21 查询号码 【1580258】，返回信息 {"status":"ok","msg":"湖南-长沙","gid":"87356","time_insert":"2021-06-09 04:47"}
2024-03-27 00:40:21 查询号码 【1580258】，GSD为【"湖南-长沙"】

