2024-08-22 00:22:45 开始第 457 次操作

2024-08-22 00:22:45 开始操作号码 【1360456】
2024-08-22 00:22:53 GSD getOne 第 1 次 等待 3 秒
2024-08-22 00:22:56 查询号码 【1360456】，返回信息 {"status":"ok","msg":"黑龙江-黑河","gid":"62099","time_insert":"2021-05-18 22:34"}
2024-08-22 00:22:56 查询号码 【1360456】，GSD为【"黑龙江-黑河"】

2024-08-22 00:22:57 开始第 458 次操作

2024-08-22 00:22:57 开始操作号码 【1360457】
2024-08-22 00:23:05 GSD getOne 第 1 次 等待 3 秒
2024-08-22 00:23:08 查询号码 【1360457】，返回信息 {"status":"ok","msg":"黑龙江-七台河","gid":"62105","time_insert":"2021-05-18 22:54"}
2024-08-22 00:23:08 查询号码 【1360457】，GSD为【"黑龙江-七台河"】

2024-08-22 00:23:09 开始第 459 次操作

2024-08-22 00:23:09 开始操作号码 【1360458】
2024-08-22 00:23:17 GSD getOne 第 1 次 等待 3 秒
2024-08-22 00:23:20 查询号码 【1360458】，返回信息 {"status":"ok","msg":"黑龙江-双鸭山","gid":"62112","time_insert":"2021-05-18 23:10"}
2024-08-22 00:23:20 查询号码 【1360458】，GSD为【"黑龙江-双鸭山"】

2024-08-22 00:23:21 开始第 460 次操作

2024-08-22 00:23:21 开始操作号码 【1360459】
2024-08-22 00:23:29 GSD getOne 第 1 次 等待 3 秒
2024-08-22 00:23:32 查询号码 【1360459】，返回信息 {"status":"ok","msg":"黑龙江-大庆","gid":"62126","time_insert":"2021-05-18 23:36"}
2024-08-22 00:23:32 查询号码 【1360459】，GSD为【"黑龙江-大庆"】

2024-08-22 00:42:17 开始第 461 次操作

2024-08-22 00:42:17 开始操作号码 【1360460】
2024-08-22 00:42:27 GSD getOne 第 1 次 等待 3 秒
2024-08-22 00:42:30 查询号码 【1360460】，返回信息 {"status":"ok","msg":"黑龙江-牡丹江","gid":"62135","time_insert":"2021-05-19 00:01"}
2024-08-22 00:42:30 查询号码 【1360460】，GSD为【"黑龙江-牡丹江"】

2024-08-22 00:42:31 开始第 462 次操作

2024-08-22 00:42:31 开始操作号码 【1360461】
2024-08-22 00:42:40 GSD getOne 第 1 次 等待 3 秒
2024-08-22 00:42:43 查询号码 【1360461】，返回信息 {"status":"ok","msg":"黑龙江-齐齐哈尔","gid":"62146","time_insert":"2021-05-19 00:23"}
2024-08-22 00:42:43 查询号码 【1360461】，GSD为【"黑龙江-齐齐哈尔"】

2024-08-22 00:42:44 开始第 463 次操作

2024-08-22 00:42:44 开始操作号码 【1360462】
2024-08-22 00:42:52 GSD getOne 第 1 次 等待 3 秒
2024-08-22 00:42:55 查询号码 【1360462】，返回信息 {"status":"ok","msg":"黑龙江-齐齐哈尔","gid":"62156","time_insert":"2021-05-19 00:48"}
2024-08-22 00:42:56 查询号码 【1360462】，GSD为【"黑龙江-齐齐哈尔"】

2024-08-22 00:42:57 开始第 464 次操作

2024-08-22 00:42:57 开始操作号码 【1360463】
2024-08-22 00:43:05 GSD getOne 第 1 次 等待 3 秒
2024-08-22 00:43:08 查询号码 【1360463】，返回信息 {"status":"ok","msg":"黑龙江-牡丹江","gid":"62166","time_insert":"2021-05-19 01:15"}
2024-08-22 00:43:08 查询号码 【1360463】，GSD为【"黑龙江-牡丹江"】

