2021-07-23 00:00:23 开始第 30 次操作

2021-07-23 00:00:23 开始操作号码 【1479436】
2021-07-23 00:00:29 GSD getOne 第 1 次 等待 3 秒
2021-07-23 00:00:32 查询号码 【1479436】，返回信息 {"status":"bad","msg":""}
2021-07-23 00:00:32 查询号码 【1479436】，GSD为【""】
2021-07-23 00:00:32 bad
2021-07-23 00:00:34 CHB 1479436?1626969632 第 1 次 等待 3 秒
2021-07-23 00:00:37 CHB 1479436?1626969632 第 1 次 获取到号码【1479436】GSD
2021-07-23 00:00:37 获取到号码【1479436】的GSD为【吉林-长春】
2021-07-23 00:00:42 GSD insert 第 1 次 等待 3 秒
2021-07-23 00:00:45 {"status":"ok","gid":360191,"msg":"添加成功！"}
2021-07-23 00:00:45 下次操作: 2021-07-23 00:01:06

2021-07-23 00:01:06 开始第 31 次操作

2021-07-23 00:01:06 开始操作号码 【1479435】
2021-07-23 00:01:11 GSD getOne 第 1 次 等待 3 秒
2021-07-23 00:01:14 查询号码 【1479435】，返回信息 {"status":"bad","msg":""}
2021-07-23 00:01:14 查询号码 【1479435】，GSD为【""】
2021-07-23 00:01:14 bad
2021-07-23 00:01:15 CHB 1479435?1626969674 第 1 次 等待 3 秒
2021-07-23 00:01:18 CHB 1479435?1626969674 第 1 次 获取到号码【1479435】GSD
2021-07-23 00:01:18 获取到号码【1479435】的GSD为【吉林-长春】
2021-07-23 00:01:21 GSD insert 第 1 次 等待 3 秒
2021-07-23 00:01:24 {"status":"ok","gid":360200,"msg":"添加成功！"}
2021-07-23 00:01:24 下次操作: 2021-07-23 00:01:41

2021-07-23 00:01:41 开始第 32 次操作

2021-07-23 00:01:41 开始操作号码 【1479434】
2021-07-23 00:01:45 GSD getOne 第 1 次 等待 3 秒
2021-07-23 00:01:48 查询号码 【1479434】，返回信息 {"status":"bad","msg":""}
2021-07-23 00:01:48 查询号码 【1479434】，GSD为【""】
2021-07-23 00:01:48 bad
2021-07-23 00:01:50 CHB 1479434?1626969708 第 1 次 等待 3 秒
2021-07-23 00:01:53 CHB 1479434?1626969708 第 1 次 获取到号码【1479434】GSD
2021-07-23 00:01:53 获取到号码【1479434】的GSD为【吉林-长春】
2021-07-23 00:01:55 GSD insert 第 1 次 等待 3 秒
2021-07-23 00:01:58 {"status":"ok","gid":360208,"msg":"添加成功！"}
2021-07-23 00:01:58 下次操作: 2021-07-23 00:02:22

2021-07-23 00:02:22 开始第 33 次操作

2021-07-23 00:02:22 开始操作号码 【1479433】
2021-07-23 00:02:26 GSD getOne 第 1 次 等待 3 秒
2021-07-23 00:02:29 查询号码 【1479433】，返回信息 {"status":"bad","msg":""}
2021-07-23 00:02:29 查询号码 【1479433】，GSD为【""】
2021-07-23 00:02:29 bad
2021-07-23 00:02:30 CHB 1479433?1626969749 第 1 次 等待 3 秒
2021-07-23 00:02:33 CHB 1479433?1626969749 第 1 次 获取到号码【1479433】GSD
2021-07-23 00:02:33 获取到号码【1479433】的GSD为【吉林-长春】
2021-07-23 00:02:36 GSD insert 第 1 次 等待 3 秒
2021-07-23 00:02:39 {"status":"ok","gid":360216,"msg":"添加成功！"}
2021-07-23 00:02:39 下次操作: 2021-07-23 00:02:58

2021-07-23 00:02:58 开始第 34 次操作

2021-07-23 00:02:58 开始操作号码 【1479432】
2021-07-23 00:03:02 GSD getOne 第 1 次 等待 3 秒
2021-07-23 00:03:05 查询号码 【1479432】，返回信息 {"status":"bad","msg":""}
2021-07-23 00:03:05 查询号码 【1479432】，GSD为【""】
2021-07-23 00:03:05 bad
2021-07-23 00:03:07 CHB 1479432?1626969785 第 1 次 等待 3 秒
2021-07-23 00:03:10 CHB 1479432?1626969785 第 1 次 获取到号码【1479432】GSD
2021-07-23 00:03:10 获取到号码【1479432】的GSD为【吉林-长春】
2021-07-23 00:03:12 GSD insert 第 1 次 等待 3 秒
2021-07-23 00:03:15 {"status":"ok","gid":360223,"msg":"添加成功！"}
2021-07-23 00:03:15 下次操作: 2021-07-23 00:03:32

2021-07-23 00:03:32 开始第 35 次操作

2021-07-23 00:03:32 开始操作号码 【1479431】
2021-07-23 00:03:45 GSD getOne 第 1 次 等待 3 秒
2021-07-23 00:03:48 查询号码 【1479431】，返回信息 {"status":"bad","msg":""}
2021-07-23 00:03:49 查询号码 【1479431】，GSD为【""】
2021-07-23 00:03:49 bad
2021-07-23 00:03:50 CHB 1479431?1626969829 第 1 次 等待 3 秒
2021-07-23 00:03:53 CHB 1479431?1626969829 第 1 次 获取到号码【1479431】GSD
2021-07-23 00:03:53 获取到号码【1479431】的GSD为【吉林-长春】
2021-07-23 00:04:02 GSD insert 第 1 次 等待 3 秒
2021-07-23 00:04:05 {"status":"ok","gid":360234,"msg":"添加成功！"}
2021-07-23 00:04:05 下次操作: 2021-07-23 00:04:18

2021-07-23 00:04:18 开始第 36 次操作

2021-07-23 00:04:18 开始操作号码 【1479430】
2021-07-23 00:04:21 GSD getOne 第 1 次 等待 3 秒
2021-07-23 00:04:24 查询号码 【1479430】，返回信息 {"status":"bad","msg":""}
2021-07-23 00:04:24 查询号码 【1479430】，GSD为【""】
2021-07-23 00:04:24 bad
2021-07-23 00:04:26 CHB 1479430?1626969864 第 1 次 等待 3 秒
2021-07-23 00:04:29 CHB 1479430?1626969864 第 1 次 获取到号码【1479430】GSD
2021-07-23 00:04:29 获取到号码【1479430】的GSD为【吉林-长春】
2021-07-23 00:04:31 GSD insert 第 1 次 等待 3 秒
2021-07-23 00:04:34 {"status":"ok","gid":360243,"msg":"添加成功！"}
2021-07-23 00:04:34 下次操作: 2021-07-23 00:04:48

2021-07-23 00:04:48 开始第 37 次操作

2021-07-23 00:04:48 开始操作号码 【1479429】
2021-07-23 00:04:51 GSD getOne 第 1 次 等待 3 秒
2021-07-23 00:04:54 查询号码 【1479429】，返回信息 {"status":"bad","msg":""}
2021-07-23 00:04:54 查询号码 【1479429】，GSD为【""】
2021-07-23 00:04:54 bad
2021-07-23 00:04:56 CHB 1479429?1626969894 第 1 次 等待 3 秒
2021-07-23 00:04:59 CHB 1479429?1626969894 第 1 次 获取到号码【1479429】GSD
2021-07-23 00:04:59 获取到号码【1479429】的GSD为【广东-广州】
2021-07-23 00:05:01 GSD insert 第 1 次 等待 3 秒
2021-07-23 00:05:04 {"status":"ok","gid":360247,"msg":"添加成功！"}
2021-07-23 00:05:04 下次操作: 2021-07-23 00:05:18

2021-07-23 00:05:18 开始第 38 次操作

2021-07-23 00:05:18 开始操作号码 【1479428】
2021-07-23 00:05:24 GSD getOne 第 1 次 等待 3 秒
2021-07-23 00:05:27 查询号码 【1479428】，返回信息 {"status":"bad","msg":""}
2021-07-23 00:05:27 查询号码 【1479428】，GSD为【""】
2021-07-23 00:05:27 bad
2021-07-23 00:05:29 CHB 1479428?1626969927 第 1 次 等待 3 秒
2021-07-23 00:05:32 CHB 1479428?1626969927 第 1 次 获取到号码【1479428】GSD
2021-07-23 00:05:32 获取到号码【1479428】的GSD为【广东-广州】
2021-07-23 00:05:34 GSD insert 第 1 次 等待 3 秒
2021-07-23 00:05:37 {"status":"ok","gid":360253,"msg":"添加成功！"}
2021-07-23 00:05:37 下次操作: 2021-07-23 00:05:58

2021-07-23 00:05:58 开始第 39 次操作

2021-07-23 00:05:58 开始操作号码 【1479427】
2021-07-23 00:06:02 GSD getOne 第 1 次 等待 3 秒
2021-07-23 00:06:05 查询号码 【1479427】，返回信息 {"status":"bad","msg":""}
2021-07-23 00:06:05 查询号码 【1479427】，GSD为【""】
2021-07-23 00:06:05 bad
2021-07-23 00:06:06 CHB 1479427?1626969965 第 1 次 等待 3 秒
2021-07-23 00:06:09 CHB 1479427?1626969965 第 1 次 获取到号码【1479427】GSD
2021-07-23 00:06:09 获取到号码【1479427】的GSD为【广东-广州】
2021-07-23 00:06:16 GSD insert 第 1 次 等待 3 秒
2021-07-23 00:06:19 {"status":"ok","gid":360263,"msg":"添加成功！"}
2021-07-23 00:06:19 下次操作: 2021-07-23 00:06:39

2021-07-23 00:06:39 开始第 40 次操作

2021-07-23 00:06:39 开始操作号码 【1479426】
2021-07-23 00:06:45 GSD getOne 第 1 次 等待 3 秒
2021-07-23 00:06:48 查询号码 【1479426】，返回信息 {"status":"bad","msg":""}
2021-07-23 00:06:48 查询号码 【1479426】，GSD为【""】
2021-07-23 00:06:48 bad
2021-07-23 00:06:50 CHB 1479426?1626970008 第 1 次 等待 3 秒
2021-07-23 00:06:53 CHB 1479426?1626970008 第 1 次 获取到号码【1479426】GSD
2021-07-23 00:06:53 获取到号码【1479426】的GSD为【广东-广州】
2021-07-23 00:06:56 GSD insert 第 1 次 等待 3 秒
2021-07-23 00:06:59 {"status":"ok","gid":360272,"msg":"添加成功！"}

