2024-02-05 00:19:21 开始第 1921 次操作

2024-02-05 00:19:21 开始操作号码 【1691834】
2024-02-05 00:19:26 GSD getOne 第 1 次 等待 3 秒
2024-02-05 00:19:29 查询号码 【1691834】，返回信息 {"status":"ok","msg":"-","gid":"582815","time_insert":"2023-03-11 02:07"}
2024-02-05 00:19:29 查询号码 【1691834】，GSD为【"-"】
2024-02-05 00:19:29 ok && -
2024-02-05 00:19:32 CHB 1691834?1707063569 第 1 次 等待 3 秒
2024-02-05 00:19:35 CHB 1691834?1707063569 第 1 次 获取到号码【1691834】GSD
2024-02-05 00:19:35 未获取到号码【1691834】GSD，可能号码格式错误
2024-02-05 00:19:35 获取到号码【1691834】的GSD为【-】
2024-02-05 00:19:40 GSD insert 第 1 次 等待 3 秒
2024-02-05 00:19:43 {"status":"bad","gid":"582815","msg":"添加失败！号码【1691834(-|-)】已存在！"}
2024-02-05 00:19:43 随机等待 87 秒，约 1 分钟
2024-02-05 00:19:43 下次操作: 2024-02-05 00:21:10

2024-02-05 00:21:10 开始第 1922 次操作

2024-02-05 00:21:10 开始操作号码 【1691835】
2024-02-05 00:21:15 GSD getOne 第 1 次 等待 3 秒
2024-02-05 00:21:18 查询号码 【1691835】，返回信息 {"status":"ok","msg":"-","gid":"582834","time_insert":"2023-03-11 02:24"}
2024-02-05 00:21:18 查询号码 【1691835】，GSD为【"-"】
2024-02-05 00:21:18 ok && -
2024-02-05 00:21:20 CHB 1691835?1707063678 第 1 次 等待 3 秒
2024-02-05 00:21:23 CHB 1691835?1707063678 第 1 次 获取到号码【1691835】GSD
2024-02-05 00:21:23 未获取到号码【1691835】GSD，可能号码格式错误
2024-02-05 00:21:23 获取到号码【1691835】的GSD为【-】
2024-02-05 00:21:28 GSD insert 第 1 次 等待 3 秒
2024-02-05 00:21:31 {"status":"bad","gid":"582834","msg":"添加失败！号码【1691835(-|-)】已存在！"}
2024-02-05 00:21:31 随机等待 183 秒，约 3 分钟
2024-02-05 00:21:31 下次操作: 2024-02-05 00:24:34

2024-02-05 00:24:34 开始第 1923 次操作

2024-02-05 00:24:34 开始操作号码 【1691836】
2024-02-05 00:24:43 GSD getOne 第 1 次 等待 3 秒
2024-02-05 00:24:46 查询号码 【1691836】，返回信息 {"status":"ok","msg":"-","gid":"582853","time_insert":"2023-03-11 02:40"}
2024-02-05 00:24:46 查询号码 【1691836】，GSD为【"-"】
2024-02-05 00:24:46 ok && -
2024-02-05 00:24:48 CHB 1691836?1707063886 第 1 次 等待 3 秒
2024-02-05 00:24:51 CHB 1691836?1707063886 第 1 次 获取到号码【1691836】GSD
2024-02-05 00:24:51 未获取到号码【1691836】GSD，可能号码格式错误
2024-02-05 00:24:51 获取到号码【1691836】的GSD为【-】
2024-02-05 00:24:56 GSD insert 第 1 次 等待 3 秒
2024-02-05 00:24:59 {"status":"bad","gid":"582853","msg":"添加失败！号码【1691836(-|-)】已存在！"}
2024-02-05 00:24:59 随机等待 120 秒，约 2 分钟
2024-02-05 00:24:59 下次操作: 2024-02-05 00:26:59

2024-02-05 00:26:59 开始第 1924 次操作

2024-02-05 00:26:59 开始操作号码 【1691837】
2024-02-05 00:27:06 GSD getOne 第 1 次 等待 3 秒
2024-02-05 00:27:09 查询号码 【1691837】，返回信息 {"status":"ok","msg":"-","gid":"582879","time_insert":"2023-03-11 02:59"}
2024-02-05 00:27:09 查询号码 【1691837】，GSD为【"-"】
2024-02-05 00:27:09 ok && -
2024-02-05 00:27:12 CHB 1691837?1707064029 第 1 次 等待 3 秒
2024-02-05 00:27:15 CHB 1691837?1707064029 第 1 次 获取到号码【1691837】GSD
2024-02-05 00:27:15 未获取到号码【1691837】GSD，可能号码格式错误
2024-02-05 00:27:15 获取到号码【1691837】的GSD为【-】
2024-02-05 00:27:20 GSD insert 第 1 次 等待 3 秒
2024-02-05 00:27:23 {"status":"bad","gid":"582879","msg":"添加失败！号码【1691837(-|-)】已存在！"}

2024-02-05 00:37:47 开始第 1925 次操作

2024-02-05 00:37:47 开始操作号码 【1691838】
2024-02-05 00:37:52 GSD getOne 第 1 次 等待 3 秒
2024-02-05 00:37:55 查询号码 【1691838】，返回信息 {"status":"ok","msg":"-","gid":"582897","time_insert":"2023-03-11 03:15"}
2024-02-05 00:37:55 查询号码 【1691838】，GSD为【"-"】
2024-02-05 00:37:55 ok && -
2024-02-05 00:37:57 CHB 1691838?1707064675 第 1 次 等待 3 秒
2024-02-05 00:38:00 CHB 1691838?1707064675 第 1 次 获取到号码【1691838】GSD
2024-02-05 00:38:00 未获取到号码【1691838】GSD，可能号码格式错误
2024-02-05 00:38:00 获取到号码【1691838】的GSD为【-】
2024-02-05 00:38:05 GSD insert 第 1 次 等待 3 秒
2024-02-05 00:38:08 {"status":"bad","gid":"582897","msg":"添加失败！号码【1691838(-|-)】已存在！"}
2024-02-05 00:38:08 随机等待 167 秒，约 2 分钟
2024-02-05 00:38:08 下次操作: 2024-02-05 00:40:55

2024-02-05 00:40:55 开始第 1926 次操作

2024-02-05 00:40:55 开始操作号码 【1691839】
2024-02-05 00:41:04 GSD getOne 第 1 次 等待 3 秒
2024-02-05 00:41:07 查询号码 【1691839】，返回信息 {"status":"ok","msg":"-","gid":"582922","time_insert":"2023-03-11 03:32"}
2024-02-05 00:41:07 查询号码 【1691839】，GSD为【"-"】
2024-02-05 00:41:07 ok && -
2024-02-05 00:41:09 CHB 1691839?1707064867 第 1 次 等待 3 秒
2024-02-05 00:41:12 CHB 1691839?1707064867 第 1 次 获取到号码【1691839】GSD
2024-02-05 00:41:12 未获取到号码【1691839】GSD，可能号码格式错误
2024-02-05 00:41:12 获取到号码【1691839】的GSD为【-】
2024-02-05 00:41:20 GSD insert 第 1 次 等待 3 秒
2024-02-05 00:41:23 {"status":"bad","gid":"582922","msg":"添加失败！号码【1691839(-|-)】已存在！"}
2024-02-05 00:41:23 随机等待 165 秒，约 2 分钟
2024-02-05 00:41:23 下次操作: 2024-02-05 00:44:08

2024-02-05 00:44:08 开始第 1927 次操作

2024-02-05 00:44:08 开始操作号码 【1691840】
2024-02-05 00:44:13 GSD getOne 第 1 次 等待 3 秒
2024-02-05 00:44:16 查询号码 【1691840】，返回信息 {"status":"ok","msg":"-","gid":"582945","time_insert":"2023-03-11 03:50"}
2024-02-05 00:44:16 查询号码 【1691840】，GSD为【"-"】
2024-02-05 00:44:16 ok && -
2024-02-05 00:44:18 CHB 1691840?1707065056 第 1 次 等待 3 秒
2024-02-05 00:44:21 CHB 1691840?1707065056 第 1 次 获取到号码【1691840】GSD
2024-02-05 00:44:21 未获取到号码【1691840】GSD，可能号码格式错误
2024-02-05 00:44:21 获取到号码【1691840】的GSD为【-】
2024-02-05 00:44:27 GSD insert 第 1 次 等待 3 秒
2024-02-05 00:44:30 {"status":"bad","gid":"582945","msg":"添加失败！号码【1691840(-|-)】已存在！"}
2024-02-05 00:44:30 随机等待 215 秒，约 3 分钟
2024-02-05 00:44:30 下次操作: 2024-02-05 00:48:05

2024-02-05 00:48:05 开始第 1928 次操作

2024-02-05 00:48:05 开始操作号码 【1691841】
2024-02-05 00:48:10 GSD getOne 第 1 次 等待 3 秒
2024-02-05 00:48:13 查询号码 【1691841】，返回信息 {"status":"ok","msg":"-","gid":"582967","time_insert":"2023-03-11 04:06"}
2024-02-05 00:48:13 查询号码 【1691841】，GSD为【"-"】
2024-02-05 00:48:13 ok && -
2024-02-05 00:48:15 CHB 1691841?1707065293 第 1 次 等待 3 秒
2024-02-05 00:48:18 CHB 1691841?1707065293 第 1 次 获取到号码【1691841】GSD
2024-02-05 00:48:18 未获取到号码【1691841】GSD，可能号码格式错误
2024-02-05 00:48:18 获取到号码【1691841】的GSD为【-】
2024-02-05 00:48:22 GSD insert 第 1 次 等待 3 秒
2024-02-05 00:48:25 {"status":"bad","gid":"582967","msg":"添加失败！号码【1691841(-|-)】已存在！"}

