2023-11-11 00:22:11 开始第 7825 次操作

2023-11-11 00:22:11 开始操作号码 【1907739】
2023-11-11 00:22:16 GSD getOne 第 1 次 等待 3 秒
2023-11-11 00:22:19 查询号码 【1907739】，返回信息 {"status":"ok","msg":"广西-桂林","gid":"682621","time_insert":"2023-04-28 14:30"}
2023-11-11 00:22:19 查询号码 【1907739】，GSD为【"广西-桂林"】

2023-11-11 00:22:20 开始第 7826 次操作

2023-11-11 00:22:20 开始操作号码 【1907740】
2023-11-11 00:22:24 GSD getOne 第 1 次 等待 3 秒
2023-11-11 00:22:27 查询号码 【1907740】，返回信息 {"status":"ok","msg":"广西-南宁","gid":"682658","time_insert":"2023-04-28 14:53"}
2023-11-11 00:22:27 查询号码 【1907740】，GSD为【"广西-南宁"】

2023-11-11 00:22:28 开始第 7827 次操作

2023-11-11 00:22:28 开始操作号码 【1907741】
2023-11-11 00:22:31 GSD getOne 第 1 次 等待 3 秒
2023-11-11 00:22:34 查询号码 【1907741】，返回信息 {"status":"ok","msg":"广西-南宁","gid":"682677","time_insert":"2023-04-28 15:04"}
2023-11-11 00:22:34 查询号码 【1907741】，GSD为【"广西-南宁"】

2023-11-11 00:22:35 开始第 7828 次操作

2023-11-11 00:22:35 开始操作号码 【1907742】
2023-11-11 00:22:43 GSD getOne 第 1 次 等待 3 秒
2023-11-11 00:22:46 查询号码 【1907742】，返回信息 {"status":"ok","msg":"广西-南宁","gid":"682700","time_insert":"2023-04-28 15:19"}
2023-11-11 00:22:46 查询号码 【1907742】，GSD为【"广西-南宁"】

2023-11-11 00:40:39 开始第 7829 次操作

2023-11-11 00:40:39 开始操作号码 【1907743】
2023-11-11 00:40:42 GSD getOne 第 1 次 等待 3 秒
2023-11-11 00:40:45 查询号码 【1907743】，返回信息 {"status":"ok","msg":"广西-南宁","gid":"682734","time_insert":"2023-04-28 15:41"}
2023-11-11 00:40:45 查询号码 【1907743】，GSD为【"广西-南宁"】

2023-11-11 00:40:46 开始第 7830 次操作

2023-11-11 00:40:46 开始操作号码 【1907744】
2023-11-11 00:40:49 GSD getOne 第 1 次 等待 3 秒
2023-11-11 00:40:52 查询号码 【1907744】，返回信息 {"status":"ok","msg":"广西-南宁","gid":"682763","time_insert":"2023-04-28 15:58"}
2023-11-11 00:40:52 查询号码 【1907744】，GSD为【"广西-南宁"】

2023-11-11 00:40:53 开始第 7831 次操作

2023-11-11 00:40:53 开始操作号码 【1907745】
2023-11-11 00:40:58 GSD getOne 第 1 次 等待 3 秒
2023-11-11 00:41:01 查询号码 【1907745】，返回信息 {"status":"ok","msg":"广西-南宁","gid":"682783","time_insert":"2023-04-28 16:14"}
2023-11-11 00:41:02 查询号码 【1907745】，GSD为【"广西-南宁"】

2023-11-11 00:41:03 开始第 7832 次操作

2023-11-11 00:41:03 开始操作号码 【1907746】
2023-11-11 00:41:06 GSD getOne 第 1 次 等待 3 秒
2023-11-11 00:41:09 查询号码 【1907746】，返回信息 {"status":"ok","msg":"广西-南宁","gid":"682798","time_insert":"2023-04-28 16:27"}
2023-11-11 00:41:09 查询号码 【1907746】，GSD为【"广西-南宁"】

2023-11-11 01:15:16 开始第 7833 次操作

2023-11-11 01:15:16 开始操作号码 【1907747】
2023-11-11 01:15:20 GSD getOne 第 1 次 等待 3 秒
2023-11-11 01:15:23 查询号码 【1907747】，返回信息 {"status":"ok","msg":"广西-南宁","gid":"682829","time_insert":"2023-04-28 16:46"}
2023-11-11 01:15:23 查询号码 【1907747】，GSD为【"广西-南宁"】

2023-11-11 01:15:24 开始第 7834 次操作

2023-11-11 01:15:24 开始操作号码 【1907748】
2023-11-11 01:15:30 GSD getOne 第 1 次 等待 3 秒
2023-11-11 01:15:33 查询号码 【1907748】，返回信息 {"status":"ok","msg":"广西-南宁","gid":"682854","time_insert":"2023-04-28 16:58"}
2023-11-11 01:15:33 查询号码 【1907748】，GSD为【"广西-南宁"】

2023-11-11 01:15:34 开始第 7835 次操作

2023-11-11 01:15:34 开始操作号码 【1907749】
2023-11-11 01:15:38 GSD getOne 第 1 次 等待 3 秒
2023-11-11 01:15:41 查询号码 【1907749】，返回信息 {"status":"ok","msg":"广西-南宁","gid":"682868","time_insert":"2023-04-28 17:10"}
2023-11-11 01:15:42 查询号码 【1907749】，GSD为【"广西-南宁"】

2023-11-11 01:15:43 开始第 7836 次操作

2023-11-11 01:15:43 开始操作号码 【1907750】
2023-11-11 01:15:46 GSD getOne 第 1 次 等待 3 秒
2023-11-11 01:15:49 查询号码 【1907750】，返回信息 {"status":"ok","msg":"广西-玉林","gid":"682888","time_insert":"2023-04-28 17:24"}
2023-11-11 01:15:49 查询号码 【1907750】，GSD为【"广西-玉林"】

2023-11-11 01:37:42 开始第 7837 次操作

2023-11-11 01:37:42 开始操作号码 【1907751】
2023-11-11 01:37:47 GSD getOne 第 1 次 等待 3 秒
2023-11-11 01:37:50 查询号码 【1907751】，返回信息 {"status":"ok","msg":"广西-玉林","gid":"682911","time_insert":"2023-04-28 17:36"}
2023-11-11 01:37:50 查询号码 【1907751】，GSD为【"广西-玉林"】

2023-11-11 01:37:51 开始第 7838 次操作

2023-11-11 01:37:51 开始操作号码 【1907752】
2023-11-11 01:37:54 GSD getOne 第 1 次 等待 3 秒
2023-11-11 01:37:57 查询号码 【1907752】，返回信息 {"status":"ok","msg":"广西-玉林","gid":"682947","time_insert":"2023-04-28 17:58"}
2023-11-11 01:37:57 查询号码 【1907752】，GSD为【"广西-玉林"】

2023-11-11 01:37:58 开始第 7839 次操作

2023-11-11 01:37:58 开始操作号码 【1907753】
2023-11-11 01:38:03 GSD getOne 第 1 次 等待 3 秒
2023-11-11 01:38:06 查询号码 【1907753】，返回信息 {"status":"ok","msg":"广西-玉林","gid":"682957","time_insert":"2023-04-28 18:08"}
2023-11-11 01:38:06 查询号码 【1907753】，GSD为【"广西-玉林"】

2023-11-11 01:38:07 开始第 7840 次操作

2023-11-11 01:38:07 开始操作号码 【1907754】
2023-11-11 01:38:10 GSD getOne 第 1 次 等待 3 秒
2023-11-11 01:38:13 查询号码 【1907754】，返回信息 {"status":"ok","msg":"广西-玉林","gid":"682978","time_insert":"2023-04-28 18:21"}
2023-11-11 01:38:13 查询号码 【1907754】，GSD为【"广西-玉林"】

