2024-05-01 00:22:55 开始第 6365 次操作

2024-05-01 00:22:55 开始操作号码 【1586278】
2024-05-01 00:23:00 GSD getOne 第 1 次 等待 3 秒
2024-05-01 00:23:03 查询号码 【1586278】，返回信息 {"status":"ok","msg":"江苏-南通","gid":"403580","time_insert":"2021-07-26 17:04"}
2024-05-01 00:23:03 查询号码 【1586278】，GSD为【"江苏-南通"】

2024-05-01 00:23:04 开始第 6366 次操作

2024-05-01 00:23:04 开始操作号码 【1586279】
2024-05-01 00:23:13 GSD getOne 第 1 次 等待 3 秒
2024-05-01 00:23:16 查询号码 【1586279】，返回信息 {"status":"ok","msg":"江苏-南通","gid":"403571","time_insert":"2021-07-26 17:04"}
2024-05-01 00:23:16 查询号码 【1586279】，GSD为【"江苏-南通"】

2024-05-01 00:23:17 开始第 6367 次操作

2024-05-01 00:23:17 开始操作号码 【1586280】
2024-05-01 00:23:23 GSD getOne 第 1 次 等待 3 秒
2024-05-01 00:23:26 查询号码 【1586280】，返回信息 {"status":"ok","msg":"江苏-南通","gid":"403563","time_insert":"2021-07-26 17:03"}
2024-05-01 00:23:26 查询号码 【1586280】，GSD为【"江苏-南通"】

2024-05-01 00:23:27 开始第 6368 次操作

2024-05-01 00:23:27 开始操作号码 【1586281】
2024-05-01 00:23:32 GSD getOne 第 1 次 等待 3 秒
2024-05-01 00:23:35 查询号码 【1586281】，返回信息 {"status":"ok","msg":"江苏-南通","gid":"25156","time_insert":"2019-02-08 19:59","time_update":"2020-08-25 16:56"}
2024-05-01 00:23:35 查询号码 【1586281】，GSD为【"江苏-南通"】

