2023-12-08 00:24:29 开始第 1953 次操作

2023-12-08 00:24:29 开始操作号码 【1801868】
2023-12-08 00:24:34 GSD getOne 第 1 次 等待 3 秒
2023-12-08 00:24:37 查询号码 【1801868】，返回信息 {"status":"ok","msg":"上海-上海","gid":"274048","time_insert":"2021-07-14 12:51"}
2023-12-08 00:24:37 查询号码 【1801868】，GSD为【"上海-上海"】

2023-12-08 00:24:38 开始第 1954 次操作

2023-12-08 00:24:38 开始操作号码 【1801869】
2023-12-08 00:24:43 GSD getOne 第 1 次 等待 3 秒
2023-12-08 00:24:46 查询号码 【1801869】，返回信息 {"status":"ok","msg":"上海-上海","gid":"274057","time_insert":"2021-07-14 12:51"}
2023-12-08 00:24:46 查询号码 【1801869】，GSD为【"上海-上海"】

2023-12-08 00:24:47 开始第 1955 次操作

2023-12-08 00:24:47 开始操作号码 【1801870】
2023-12-08 00:24:50 GSD getOne 第 1 次 等待 3 秒
2023-12-08 00:24:53 查询号码 【1801870】，返回信息 {"status":"ok","msg":"广东-深圳","gid":"274065","time_insert":"2021-07-14 12:52"}
2023-12-08 00:24:54 查询号码 【1801870】，GSD为【"广东-深圳"】

2023-12-08 00:24:55 开始第 1956 次操作

2023-12-08 00:24:55 开始操作号码 【1801871】
2023-12-08 00:24:59 GSD getOne 第 1 次 等待 3 秒
2023-12-08 00:25:02 查询号码 【1801871】，返回信息 {"status":"ok","msg":"广东-深圳","gid":"32014","time_insert":"2016-07-21 08:53","time_update":"2020-10-01 05:47"}
2023-12-08 00:25:02 查询号码 【1801871】，GSD为【"广东-深圳"】

