2024-09-15 00:21:36 开始第 4601 次操作

2024-09-15 00:21:36 开始操作号码 【1364600】
2024-09-15 00:21:53 GSD getOne 第 1 次 等待 3 秒
2024-09-15 00:21:56 查询号码 【1364600】，返回信息 {"status":"ok","msg":"福建-厦门","gid":"207954","time_insert":"2021-07-06 18:18"}
2024-09-15 00:21:56 查询号码 【1364600】，GSD为【"福建-厦门"】

2024-09-15 00:21:57 开始第 4602 次操作

2024-09-15 00:21:57 开始操作号码 【1364601】
2024-09-15 00:21:59 GSD getOne 第 1 次 等待 3 秒
2024-09-15 00:22:02 查询号码 【1364601】，返回信息 {"status":"ok","msg":"福建-厦门","gid":"207980","time_insert":"2021-07-06 18:33"}
2024-09-15 00:22:02 查询号码 【1364601】，GSD为【"福建-厦门"】

2024-09-15 00:22:03 开始第 4603 次操作

2024-09-15 00:22:03 开始操作号码 【1364602】
2024-09-15 00:22:20 GSD getOne 第 1 次 等待 3 秒
2024-09-15 00:22:23 查询号码 【1364602】，返回信息 {"status":"ok","msg":"福建-厦门","gid":"208075","time_insert":"2021-07-06 18:47"}
2024-09-15 00:22:23 查询号码 【1364602】，GSD为【"福建-厦门"】

2024-09-15 00:22:24 开始第 4604 次操作

2024-09-15 00:22:24 开始操作号码 【1364603】
2024-09-15 00:22:25 GSD getOne 第 1 次 等待 3 秒
2024-09-15 00:22:28 查询号码 【1364603】，返回信息 {"status":"ok","msg":"福建-厦门","gid":"208272","time_insert":"2021-07-06 18:57"}
2024-09-15 00:22:28 查询号码 【1364603】，GSD为【"福建-厦门"】

