2023-11-30 00:24:05 开始第 549 次操作

2023-11-30 00:24:05 开始操作号码 【1800464】
2023-11-30 00:24:08 GSD getOne 第 1 次 等待 3 秒
2023-11-30 00:24:11 查询号码 【1800464】，返回信息 {"status":"ok","msg":"黑龙江-七台河","gid":"258982","time_insert":"2021-07-12 19:39"}
2023-11-30 00:24:11 查询号码 【1800464】，GSD为【"黑龙江-七台河"】

2023-11-30 00:24:12 开始第 550 次操作

2023-11-30 00:24:12 开始操作号码 【1800465】
2023-11-30 00:24:16 GSD getOne 第 1 次 等待 3 秒
2023-11-30 00:24:19 查询号码 【1800465】，返回信息 {"status":"ok","msg":"黑龙江-哈尔滨","gid":"258996","time_insert":"2021-07-12 19:40"}
2023-11-30 00:24:19 查询号码 【1800465】，GSD为【"黑龙江-哈尔滨"】

2023-11-30 00:24:20 开始第 551 次操作

2023-11-30 00:24:20 开始操作号码 【1800466】
2023-11-30 00:24:24 GSD getOne 第 1 次 等待 3 秒
2023-11-30 00:24:27 查询号码 【1800466】，返回信息 {"status":"ok","msg":"黑龙江-哈尔滨","gid":"259011","time_insert":"2021-07-12 19:41"}
2023-11-30 00:24:27 查询号码 【1800466】，GSD为【"黑龙江-哈尔滨"】

2023-11-30 00:24:28 开始第 552 次操作

2023-11-30 00:24:28 开始操作号码 【1800467】
2023-11-30 00:24:32 GSD getOne 第 1 次 等待 3 秒
2023-11-30 00:24:35 查询号码 【1800467】，返回信息 {"status":"ok","msg":"黑龙江-鸡西","gid":"259025","time_insert":"2021-07-12 19:42"}
2023-11-30 00:24:35 查询号码 【1800467】，GSD为【"黑龙江-鸡西"】

