2024-07-20 00:24:34 开始第 6837 次操作

2024-07-20 00:24:34 开始操作号码 【1476747】
2024-07-20 00:24:42 GSD getOne 第 1 次 等待 3 秒
2024-07-20 00:24:45 查询号码 【1476747】，返回信息 {"status":"ok","msg":"广东-广州","gid":"391154","time_insert":"2021-07-25 16:38"}
2024-07-20 00:24:45 查询号码 【1476747】，GSD为【"广东-广州"】

2024-07-20 00:24:46 开始第 6838 次操作

2024-07-20 00:24:46 开始操作号码 【1476748】
2024-07-20 00:24:55 GSD getOne 第 1 次 等待 3 秒
2024-07-20 00:24:58 查询号码 【1476748】，返回信息 {"status":"ok","msg":"广东-广州","gid":"391150","time_insert":"2021-07-25 16:37"}
2024-07-20 00:24:58 查询号码 【1476748】，GSD为【"广东-广州"】

2024-07-20 00:24:59 开始第 6839 次操作

2024-07-20 00:24:59 开始操作号码 【1476749】
2024-07-20 00:25:08 GSD getOne 第 1 次 等待 3 秒
2024-07-20 00:25:11 查询号码 【1476749】，返回信息 {"status":"ok","msg":"广东-广州","gid":"391147","time_insert":"2021-07-25 16:36"}
2024-07-20 00:25:11 查询号码 【1476749】，GSD为【"广东-广州"】

2024-07-20 00:25:12 开始第 6840 次操作

2024-07-20 00:25:12 开始操作号码 【1476750】
2024-07-20 00:25:20 GSD getOne 第 1 次 等待 3 秒
2024-07-20 00:25:23 查询号码 【1476750】，返回信息 {"status":"ok","msg":"广东-广州","gid":"390919","time_insert":"2021-07-25 15:54"}
2024-07-20 00:25:23 查询号码 【1476750】，GSD为【"广东-广州"】

2024-07-20 00:42:55 开始第 6841 次操作

2024-07-20 00:42:55 开始操作号码 【1476751】
2024-07-20 00:43:03 GSD getOne 第 1 次 等待 3 秒
2024-07-20 00:43:06 查询号码 【1476751】，返回信息 {"status":"ok","msg":"广东-广州","gid":"390908","time_insert":"2021-07-25 15:53"}
2024-07-20 00:43:06 查询号码 【1476751】，GSD为【"广东-广州"】

2024-07-20 00:43:07 开始第 6842 次操作

2024-07-20 00:43:07 开始操作号码 【1476752】
2024-07-20 00:43:15 GSD getOne 第 1 次 等待 3 秒
2024-07-20 00:43:18 查询号码 【1476752】，返回信息 {"status":"ok","msg":"广东-广州","gid":"390899","time_insert":"2021-07-25 15:53"}
2024-07-20 00:43:18 查询号码 【1476752】，GSD为【"广东-广州"】

2024-07-20 00:43:19 开始第 6843 次操作

2024-07-20 00:43:19 开始操作号码 【1476753】
2024-07-20 00:43:27 GSD getOne 第 1 次 等待 3 秒
2024-07-20 00:43:30 查询号码 【1476753】，返回信息 {"status":"ok","msg":"广东-广州","gid":"390888","time_insert":"2021-07-25 15:52"}
2024-07-20 00:43:30 查询号码 【1476753】，GSD为【"广东-广州"】

2024-07-20 00:43:31 开始第 6844 次操作

2024-07-20 00:43:31 开始操作号码 【1476754】
2024-07-20 00:43:39 GSD getOne 第 1 次 等待 3 秒
2024-07-20 00:43:42 查询号码 【1476754】，返回信息 {"status":"ok","msg":"广东-广州","gid":"390876","time_insert":"2021-07-25 15:51"}
2024-07-20 00:43:42 查询号码 【1476754】，GSD为【"广东-广州"】

2024-07-20 01:18:58 开始第 6845 次操作

2024-07-20 01:18:58 开始操作号码 【1476755】
2024-07-20 01:19:06 GSD getOne 第 1 次 等待 3 秒
2024-07-20 01:19:09 查询号码 【1476755】，返回信息 {"status":"ok","msg":"广东-广州","gid":"390865","time_insert":"2021-07-25 15:51"}
2024-07-20 01:19:09 查询号码 【1476755】，GSD为【"广东-广州"】

2024-07-20 01:19:10 开始第 6846 次操作

2024-07-20 01:19:10 开始操作号码 【1476756】
2024-07-20 01:19:18 GSD getOne 第 1 次 等待 3 秒
2024-07-20 01:19:21 查询号码 【1476756】，返回信息 {"status":"ok","msg":"广东-广州","gid":"390853","time_insert":"2021-07-25 15:50"}
2024-07-20 01:19:21 查询号码 【1476756】，GSD为【"广东-广州"】

2024-07-20 01:19:22 开始第 6847 次操作

2024-07-20 01:19:22 开始操作号码 【1476757】
2024-07-20 01:19:30 GSD getOne 第 1 次 等待 3 秒
2024-07-20 01:19:33 查询号码 【1476757】，返回信息 {"status":"ok","msg":"广东-广州","gid":"390842","time_insert":"2021-07-25 15:50"}
2024-07-20 01:19:33 查询号码 【1476757】，GSD为【"广东-广州"】

2024-07-20 01:19:34 开始第 6848 次操作

2024-07-20 01:19:34 开始操作号码 【1476758】
2024-07-20 01:19:43 GSD getOne 第 1 次 等待 3 秒
2024-07-20 01:19:46 查询号码 【1476758】，返回信息 {"status":"ok","msg":"广东-广州","gid":"390831","time_insert":"2021-07-25 15:49"}
2024-07-20 01:19:46 查询号码 【1476758】，GSD为【"广东-广州"】

2024-07-20 01:38:53 开始第 6849 次操作

2024-07-20 01:38:53 开始操作号码 【1476759】
2024-07-20 01:39:01 GSD getOne 第 1 次 等待 3 秒
2024-07-20 01:39:04 查询号码 【1476759】，返回信息 {"status":"ok","msg":"广东-广州","gid":"390818","time_insert":"2021-07-25 15:48"}
2024-07-20 01:39:04 查询号码 【1476759】，GSD为【"广东-广州"】

2024-07-20 01:39:05 开始第 6850 次操作

2024-07-20 01:39:05 开始操作号码 【1476760】
2024-07-20 01:39:13 GSD getOne 第 1 次 等待 3 秒
2024-07-20 01:39:16 查询号码 【1476760】，返回信息 {"status":"ok","msg":"广东-广州","gid":"390808","time_insert":"2021-07-25 15:48"}
2024-07-20 01:39:16 查询号码 【1476760】，GSD为【"广东-广州"】

2024-07-20 01:39:17 开始第 6851 次操作

2024-07-20 01:39:17 开始操作号码 【1476761】
2024-07-20 01:39:25 GSD getOne 第 1 次 等待 3 秒
2024-07-20 01:39:28 查询号码 【1476761】，返回信息 {"status":"ok","msg":"广东-广州","gid":"390800","time_insert":"2021-07-25 15:47"}
2024-07-20 01:39:28 查询号码 【1476761】，GSD为【"广东-广州"】

2024-07-20 01:39:29 开始第 6852 次操作

2024-07-20 01:39:29 开始操作号码 【1476762】
2024-07-20 01:39:37 GSD getOne 第 1 次 等待 3 秒
2024-07-20 01:39:40 查询号码 【1476762】，返回信息 {"status":"ok","msg":"广东-广州","gid":"390791","time_insert":"2021-07-25 15:47"}
2024-07-20 01:39:40 查询号码 【1476762】，GSD为【"广东-广州"】

2024-07-20 02:25:42 开始第 6853 次操作

2024-07-20 02:25:42 开始操作号码 【1476763】
2024-07-20 02:25:50 GSD getOne 第 1 次 等待 3 秒
2024-07-20 02:25:53 查询号码 【1476763】，返回信息 {"status":"ok","msg":"广东-广州","gid":"390771","time_insert":"2021-07-25 15:46"}
2024-07-20 02:25:53 查询号码 【1476763】，GSD为【"广东-广州"】

2024-07-20 02:25:54 开始第 6854 次操作

2024-07-20 02:25:54 开始操作号码 【1476764】
2024-07-20 02:26:24 GSD getOne 第 1 次 等待 3 秒
2024-07-20 02:26:27 查询号码 【1476764】，返回信息 {"status":"ok","msg":"广东-广州","gid":"390761","time_insert":"2021-07-25 15:45","time_update":"2021-08-02 11:12"}
2024-07-20 02:26:27 查询号码 【1476764】，GSD为【"广东-广州"】

2024-07-20 02:26:28 开始第 6855 次操作

2024-07-20 02:26:28 开始操作号码 【1476765】
2024-07-20 02:26:36 GSD getOne 第 1 次 等待 3 秒
2024-07-20 02:26:39 查询号码 【1476765】，返回信息 {"status":"ok","msg":"广东-广州","gid":"390749","time_insert":"2021-07-25 15:45"}
2024-07-20 02:26:39 查询号码 【1476765】，GSD为【"广东-广州"】

2024-07-20 02:26:40 开始第 6856 次操作

2024-07-20 02:26:40 开始操作号码 【1476766】
2024-07-20 02:26:48 GSD getOne 第 1 次 等待 3 秒
2024-07-20 02:26:51 查询号码 【1476766】，返回信息 {"status":"ok","msg":"广东-广州","gid":"390739","time_insert":"2021-07-25 15:44"}
2024-07-20 02:26:51 查询号码 【1476766】，GSD为【"广东-广州"】

2024-07-20 02:41:23 开始第 6857 次操作

2024-07-20 02:41:23 开始操作号码 【1476767】
2024-07-20 02:41:30 GSD getOne 第 1 次 等待 3 秒
2024-07-20 02:41:33 查询号码 【1476767】，返回信息 {"status":"ok","msg":"广东-广州","gid":"390729","time_insert":"2021-07-25 15:44"}
2024-07-20 02:41:33 查询号码 【1476767】，GSD为【"广东-广州"】

2024-07-20 02:41:34 开始第 6858 次操作

2024-07-20 02:41:34 开始操作号码 【1476768】
2024-07-20 02:41:42 GSD getOne 第 1 次 等待 3 秒
2024-07-20 02:41:45 查询号码 【1476768】，返回信息 {"status":"ok","msg":"广东-广州","gid":"390720","time_insert":"2021-07-25 15:43"}
2024-07-20 02:41:45 查询号码 【1476768】，GSD为【"广东-广州"】

2024-07-20 02:41:46 开始第 6859 次操作

2024-07-20 02:41:46 开始操作号码 【1476769】
2024-07-20 02:41:54 GSD getOne 第 1 次 等待 3 秒
2024-07-20 02:41:57 查询号码 【1476769】，返回信息 {"status":"ok","msg":"广东-广州","gid":"390708","time_insert":"2021-07-25 15:42"}
2024-07-20 02:41:57 查询号码 【1476769】，GSD为【"广东-广州"】

2024-07-20 02:41:58 开始第 6860 次操作

2024-07-20 02:41:58 开始操作号码 【1476770】
2024-07-20 02:42:06 GSD getOne 第 1 次 等待 3 秒
2024-07-20 02:42:09 查询号码 【1476770】，返回信息 {"status":"ok","msg":"广东-广州","gid":"390696","time_insert":"2021-07-25 15:42"}
2024-07-20 02:42:09 查询号码 【1476770】，GSD为【"广东-广州"】

2024-07-20 03:16:17 开始第 6861 次操作

2024-07-20 03:16:17 开始操作号码 【1476771】
2024-07-20 03:16:25 GSD getOne 第 1 次 等待 3 秒
2024-07-20 03:16:28 查询号码 【1476771】，返回信息 {"status":"ok","msg":"广东-广州","gid":"390688","time_insert":"2021-07-25 15:41"}
2024-07-20 03:16:28 查询号码 【1476771】，GSD为【"广东-广州"】

2024-07-20 03:16:29 开始第 6862 次操作

2024-07-20 03:16:29 开始操作号码 【1476772】
2024-07-20 03:16:36 GSD getOne 第 1 次 等待 3 秒
2024-07-20 03:16:39 查询号码 【1476772】，返回信息 {"status":"ok","msg":"广东-广州","gid":"390680","time_insert":"2021-07-25 15:41"}
2024-07-20 03:16:39 查询号码 【1476772】，GSD为【"广东-广州"】

2024-07-20 03:16:40 开始第 6863 次操作

2024-07-20 03:16:40 开始操作号码 【1476773】
2024-07-20 03:16:48 GSD getOne 第 1 次 等待 3 秒
2024-07-20 03:16:51 查询号码 【1476773】，返回信息 {"status":"ok","msg":"广东-广州","gid":"390668","time_insert":"2021-07-25 15:40"}
2024-07-20 03:16:51 查询号码 【1476773】，GSD为【"广东-广州"】

2024-07-20 03:16:52 开始第 6864 次操作

2024-07-20 03:16:52 开始操作号码 【1476774】
2024-07-20 03:17:00 GSD getOne 第 1 次 等待 3 秒
2024-07-20 03:17:03 查询号码 【1476774】，返回信息 {"status":"ok","msg":"广东-广州","gid":"390656","time_insert":"2021-07-25 15:40"}
2024-07-20 03:17:03 查询号码 【1476774】，GSD为【"广东-广州"】

