2024-07-05 00:23:02 开始第 4233 次操作

2024-07-05 00:23:02 开始操作号码 【1474143】
2024-07-05 00:23:13 GSD getOne 第 1 次 等待 3 秒
2024-07-05 00:23:16 查询号码 【1474143】，返回信息 {"status":"ok","msg":"辽宁-阜新","gid":"290220","time_insert":"2021-07-16 04:48"}
2024-07-05 00:23:16 查询号码 【1474143】，GSD为【"辽宁-阜新"】

2024-07-05 00:23:17 开始第 4234 次操作

2024-07-05 00:23:17 开始操作号码 【1474144】
2024-07-05 00:23:25 GSD getOne 第 1 次 等待 3 秒
2024-07-05 00:23:28 查询号码 【1474144】，返回信息 {"status":"ok","msg":"辽宁-阜新","gid":"290390","time_insert":"2021-07-16 05:03"}
2024-07-05 00:23:28 查询号码 【1474144】，GSD为【"辽宁-阜新"】

2024-07-05 00:23:29 开始第 4235 次操作

2024-07-05 00:23:29 开始操作号码 【1474145】
2024-07-05 00:23:37 GSD getOne 第 1 次 等待 3 秒
2024-07-05 00:23:40 查询号码 【1474145】，返回信息 {"status":"ok","msg":"辽宁-阜新","gid":"290434","time_insert":"2021-07-16 05:14"}
2024-07-05 00:23:40 查询号码 【1474145】，GSD为【"辽宁-阜新"】

2024-07-05 00:23:41 开始第 4236 次操作

2024-07-05 00:23:41 开始操作号码 【1474146】
2024-07-05 00:23:50 GSD getOne 第 1 次 等待 3 秒
2024-07-05 00:23:53 查询号码 【1474146】，返回信息 {"status":"ok","msg":"辽宁-阜新","gid":"290480","time_insert":"2021-07-16 05:28","time_update":"2021-07-27 05:47"}
2024-07-05 00:23:53 查询号码 【1474146】，GSD为【"辽宁-阜新"】

