2024-05-22 00:22:29 开始第 61 次操作

2024-05-22 00:22:29 开始操作号码 【1589974】
2024-05-22 00:22:57 GSD getOne 第 1 次 等待 3 秒
2024-05-22 00:23:00 查询号码 【1589974】，返回信息 {"status":"ok","msg":"广东-江门","gid":"371976","time_insert":"2021-07-24 01:45"}
2024-05-22 00:23:00 查询号码 【1589974】，GSD为【"广东-江门"】

2024-05-22 00:23:01 开始第 62 次操作

2024-05-22 00:23:01 开始操作号码 【1589975】
2024-05-22 00:23:09 GSD getOne 第 1 次 等待 3 秒
2024-05-22 00:23:12 查询号码 【1589975】，返回信息 {"status":"ok","msg":"广东-深圳","gid":"371961","time_insert":"2021-07-24 01:44"}
2024-05-22 00:23:12 查询号码 【1589975】，GSD为【"广东-深圳"】

2024-05-22 00:23:13 开始第 63 次操作

2024-05-22 00:23:13 开始操作号码 【1589976】
2024-05-22 00:23:21 GSD getOne 第 1 次 等待 3 秒
2024-05-22 00:23:24 查询号码 【1589976】，返回信息 {"status":"ok","msg":"广东-深圳","gid":"371950","time_insert":"2021-07-24 01:44"}
2024-05-22 00:23:24 查询号码 【1589976】，GSD为【"广东-深圳"】

2024-05-22 00:23:25 开始第 64 次操作

2024-05-22 00:23:25 开始操作号码 【1589977】
2024-05-22 00:23:31 GSD getOne 第 1 次 等待 3 秒
2024-05-22 00:23:34 查询号码 【1589977】，返回信息 {"status":"ok","msg":"广东-深圳","gid":"371942","time_insert":"2021-07-24 01:43"}
2024-05-22 00:23:34 查询号码 【1589977】，GSD为【"广东-深圳"】

