2021-07-11 00:56:02 开始第 1 次操作

2021-07-11 00:56:02 开始操作号码 【1325868】
2021-07-11 00:56:03 GSD getOne 第 1 次 等待 1 秒
2021-07-11 00:56:04 GSD getOne 第 2 次 等待 1 秒
2021-07-11 00:56:06 GSD getOne 第 3 次 等待 1 秒
2021-07-11 00:56:07 GSD getOne 第 4 次 等待 1 秒
2021-07-11 00:56:08 GSD getOne 第 5 次 等待 1 秒
2021-07-11 00:56:10 GSD getOne 第 6 次 等待 1 秒
2021-07-11 00:56:12 GSD getOne 第 7 次 等待 1 秒
2021-07-11 00:56:13 GSD getOne 第 8 次 等待 1 秒
2021-07-11 00:56:16 GSD getOne 第 9 次 等待 1 秒
2021-07-11 00:56:17 GSD getOne 第 10 次 等待 1 秒
2021-07-11 00:56:19 GSD getOne 第 11 次 等待 1 秒
2021-07-11 00:56:20 GSD getOne 第 12 次 等待 1 秒
2021-07-11 00:56:21 GSD getOne 第 13 次 等待 1 秒
2021-07-11 00:56:23 GSD getOne 第 14 次 等待 1 秒
2021-07-11 00:56:24 GSD getOne 第 15 次 等待 1 秒
2021-07-11 00:56:26 GSD getOne 第 16 次 等待 1 秒
2021-07-11 00:56:27 GSD getOne 第 17 次 等待 1 秒
2021-07-11 00:56:29 GSD getOne 第 18 次 等待 1 秒
2021-07-11 00:56:30 GSD getOne 第 19 次 等待 1 秒
2021-07-11 00:56:32 GSD getOne 第 20 次 等待 1 秒
2021-07-11 00:56:33 GSD getOne 第 21 次 等待 1 秒
2021-07-11 00:56:35 GSD getOne 第 22 次 等待 1 秒
2021-07-11 00:56:36 GSD getOne 第 23 次 等待 1 秒
2021-07-11 00:56:38 GSD getOne 第 24 次 等待 1 秒
2021-07-11 00:56:39 GSD getOne 第 25 次 等待 1 秒
2021-07-11 00:56:40 GSD getOne 第 26 次 等待 1 秒
2021-07-11 00:56:42 GSD getOne 第 27 次 等待 1 秒
2021-07-11 00:56:43 GSD getOne 第 28 次 等待 1 秒
2021-07-11 00:56:45 GSD getOne 第 29 次 等待 1 秒
2021-07-11 00:56:46 GSD getOne 第 30 次 等待 1 秒
2021-07-11 00:56:47 查询号码 【1325868】，返回信息 
2021-07-11 00:56:47 查询失败，1 秒后重新查询
2021-07-11 00:56:49 GSD getOne 第 1 次 等待 1 秒
2021-07-11 00:56:50 GSD getOne 第 2 次 等待 1 秒
2021-07-11 00:56:52 GSD getOne 第 3 次 等待 1 秒
2021-07-11 00:56:53 GSD getOne 第 4 次 等待 1 秒
2021-07-11 00:56:55 GSD getOne 第 5 次 等待 1 秒
2021-07-11 00:56:56 GSD getOne 第 6 次 等待 1 秒
2021-07-11 00:56:57 GSD getOne 第 7 次 等待 1 秒
2021-07-11 00:56:59 GSD getOne 第 8 次 等待 1 秒
2021-07-11 00:57:00 GSD getOne 第 9 次 等待 1 秒
2021-07-11 00:57:02 GSD getOne 第 10 次 等待 1 秒
2021-07-11 00:57:03 GSD getOne 第 11 次 等待 1 秒
2021-07-11 00:57:05 GSD getOne 第 12 次 等待 1 秒
2021-07-11 00:57:06 GSD getOne 第 13 次 等待 1 秒
2021-07-11 00:57:08 GSD getOne 第 14 次 等待 1 秒
2021-07-11 00:57:09 GSD getOne 第 15 次 等待 1 秒
2021-07-11 00:57:11 GSD getOne 第 16 次 等待 1 秒
2021-07-11 00:57:12 GSD getOne 第 17 次 等待 1 秒
2021-07-11 00:57:13 GSD getOne 第 18 次 等待 1 秒
2021-07-11 00:57:15 GSD getOne 第 19 次 等待 1 秒
2021-07-11 00:57:16 GSD getOne 第 20 次 等待 1 秒
2021-07-11 00:57:18 GSD getOne 第 21 次 等待 1 秒
2021-07-11 00:57:19 GSD getOne 第 22 次 等待 1 秒
2021-07-11 00:57:21 GSD getOne 第 23 次 等待 1 秒
2021-07-11 00:57:22 GSD getOne 第 24 次 等待 1 秒
2021-07-11 00:57:24 GSD getOne 第 25 次 等待 1 秒
2021-07-11 00:57:25 GSD getOne 第 26 次 等待 1 秒
2021-07-11 00:57:27 GSD getOne 第 27 次 等待 1 秒
2021-07-11 00:57:28 GSD getOne 第 28 次 等待 1 秒
2021-07-11 00:57:29 GSD getOne 第 29 次 等待 1 秒
2021-07-11 00:57:31 GSD getOne 第 30 次 等待 1 秒
2021-07-11 00:57:32 查询号码 【1325868】，返回信息 
2021-07-11 00:57:32 查询失败，结束本次操作，期待下次成功~
2021-07-11 00:57:32 下次操作: 2021-07-11 00:57:45

2021-07-11 00:57:45 开始第 2 次操作

2021-07-11 00:57:45 开始操作号码 【1325868】
2021-07-11 00:57:45 GSD getOne 第 1 次 等待 1 秒
2021-07-11 00:57:47 GSD getOne 第 2 次 等待 1 秒
2021-07-11 00:57:48 GSD getOne 第 3 次 等待 1 秒
2021-07-11 00:57:50 GSD getOne 第 4 次 等待 1 秒
2021-07-11 00:57:51 GSD getOne 第 5 次 等待 1 秒
2021-07-11 00:57:53 GSD getOne 第 6 次 等待 1 秒
2021-07-11 00:57:54 GSD getOne 第 7 次 等待 1 秒
2021-07-11 00:57:56 GSD getOne 第 8 次 等待 1 秒
2021-07-11 00:57:57 GSD getOne 第 9 次 等待 1 秒
2021-07-11 00:57:58 GSD getOne 第 10 次 等待 1 秒
2021-07-11 00:58:00 GSD getOne 第 11 次 等待 1 秒
2021-07-11 00:58:01 GSD getOne 第 12 次 等待 1 秒
2021-07-11 00:58:03 GSD getOne 第 13 次 等待 1 秒
2021-07-11 00:58:04 GSD getOne 第 14 次 等待 1 秒
2021-07-11 00:58:06 GSD getOne 第 15 次 等待 1 秒
2021-07-11 00:58:07 GSD getOne 第 16 次 等待 1 秒
2021-07-11 00:58:09 GSD getOne 第 17 次 等待 1 秒
2021-07-11 00:58:10 GSD getOne 第 18 次 等待 1 秒
2021-07-11 00:58:12 GSD getOne 第 19 次 等待 1 秒
2021-07-11 00:58:13 GSD getOne 第 20 次 等待 1 秒
2021-07-11 00:58:14 GSD getOne 第 21 次 等待 1 秒
2021-07-11 00:58:16 GSD getOne 第 22 次 等待 1 秒
2021-07-11 00:58:17 GSD getOne 第 23 次 等待 1 秒
2021-07-11 00:58:19 GSD getOne 第 24 次 等待 1 秒
2021-07-11 00:58:20 GSD getOne 第 25 次 等待 1 秒
2021-07-11 00:58:22 GSD getOne 第 26 次 等待 1 秒
2021-07-11 00:58:23 GSD getOne 第 27 次 等待 1 秒
2021-07-11 00:58:25 GSD getOne 第 28 次 等待 1 秒
2021-07-11 00:58:26 GSD getOne 第 29 次 等待 1 秒
2021-07-11 00:58:28 GSD getOne 第 30 次 等待 1 秒
2021-07-11 00:58:29 查询号码 【1325868】，返回信息 
2021-07-11 00:58:29 查询失败，1 秒后重新查询
2021-07-11 00:58:30 GSD getOne 第 1 次 等待 1 秒
2021-07-11 00:58:31 GSD getOne 第 2 次 等待 1 秒
2021-07-11 00:58:33 GSD getOne 第 3 次 等待 1 秒
2021-07-11 00:58:34 GSD getOne 第 4 次 等待 1 秒
2021-07-11 00:58:36 GSD getOne 第 5 次 等待 1 秒
2021-07-11 00:58:37 GSD getOne 第 6 次 等待 1 秒
2021-07-11 00:58:39 GSD getOne 第 7 次 等待 1 秒
2021-07-11 00:58:40 GSD getOne 第 8 次 等待 1 秒
2021-07-11 00:58:42 GSD getOne 第 9 次 等待 1 秒
2021-07-11 00:58:43 GSD getOne 第 10 次 等待 1 秒
2021-07-11 00:58:45 GSD getOne 第 11 次 等待 1 秒
2021-07-11 00:58:46 GSD getOne 第 12 次 等待 1 秒
2021-07-11 00:58:47 GSD getOne 第 13 次 等待 1 秒
2021-07-11 00:58:49 GSD getOne 第 14 次 等待 1 秒
2021-07-11 00:58:50 GSD getOne 第 15 次 等待 1 秒
2021-07-11 00:58:52 GSD getOne 第 16 次 等待 1 秒
2021-07-11 00:58:53 GSD getOne 第 17 次 等待 1 秒
2021-07-11 00:58:55 GSD getOne 第 18 次 等待 1 秒
2021-07-11 00:58:56 GSD getOne 第 19 次 等待 1 秒
2021-07-11 00:58:58 GSD getOne 第 20 次 等待 1 秒
2021-07-11 00:58:59 GSD getOne 第 21 次 等待 1 秒
2021-07-11 00:59:01 GSD getOne 第 22 次 等待 1 秒
2021-07-11 00:59:02 GSD getOne 第 23 次 等待 1 秒
2021-07-11 00:59:04 GSD getOne 第 24 次 等待 1 秒
2021-07-11 00:59:05 GSD getOne 第 25 次 等待 1 秒
2021-07-11 00:59:06 GSD getOne 第 26 次 等待 1 秒
2021-07-11 00:59:08 GSD getOne 第 27 次 等待 1 秒
2021-07-11 00:59:09 GSD getOne 第 28 次 等待 1 秒
2021-07-11 00:59:11 GSD getOne 第 29 次 等待 1 秒
2021-07-11 00:59:12 GSD getOne 第 30 次 等待 1 秒
2021-07-11 00:59:13 查询号码 【1325868】，返回信息 
2021-07-11 00:59:13 查询失败，结束本次操作，期待下次成功~
2021-07-11 00:59:13 下次操作: 2021-07-11 00:59:26

2021-07-11 00:59:26 开始第 3 次操作

2021-07-11 00:59:26 开始操作号码 【1325868】
2021-07-11 00:59:27 GSD getOne 第 1 次 等待 1 秒
2021-07-11 00:59:28 GSD getOne 第 2 次 等待 1 秒
2021-07-11 00:59:30 GSD getOne 第 3 次 等待 1 秒
2021-07-11 00:59:31 GSD getOne 第 4 次 等待 1 秒
2021-07-11 00:59:33 GSD getOne 第 5 次 等待 1 秒
2021-07-11 00:59:34 GSD getOne 第 6 次 等待 1 秒
2021-07-11 00:59:36 GSD getOne 第 7 次 等待 1 秒
2021-07-11 00:59:37 GSD getOne 第 8 次 等待 1 秒
2021-07-11 00:59:39 GSD getOne 第 9 次 等待 1 秒
2021-07-11 00:59:40 GSD getOne 第 10 次 等待 1 秒
2021-07-11 00:59:42 GSD getOne 第 11 次 等待 1 秒
2021-07-11 00:59:43 GSD getOne 第 12 次 等待 1 秒
2021-07-11 00:59:44 GSD getOne 第 13 次 等待 1 秒
2021-07-11 00:59:46 GSD getOne 第 14 次 等待 1 秒
2021-07-11 00:59:47 GSD getOne 第 15 次 等待 1 秒
2021-07-11 00:59:49 GSD getOne 第 16 次 等待 1 秒
2021-07-11 00:59:50 GSD getOne 第 17 次 等待 1 秒
2021-07-11 00:59:52 GSD getOne 第 18 次 等待 1 秒
2021-07-11 00:59:53 GSD getOne 第 19 次 等待 1 秒
2021-07-11 00:59:55 GSD getOne 第 20 次 等待 1 秒
2021-07-11 00:59:56 GSD getOne 第 21 次 等待 1 秒
2021-07-11 00:59:58 GSD getOne 第 22 次 等待 1 秒
2021-07-11 00:59:59 GSD getOne 第 23 次 等待 1 秒
2021-07-11 01:00:00 GSD getOne 第 24 次 等待 1 秒
2021-07-11 01:00:02 GSD getOne 第 25 次 等待 1 秒
2021-07-11 01:00:04 GSD getOne 第 26 次 等待 1 秒
2021-07-11 01:00:05 GSD getOne 第 27 次 等待 1 秒
2021-07-11 01:00:06 GSD getOne 第 28 次 等待 1 秒
2021-07-11 01:00:08 GSD getOne 第 29 次 等待 1 秒
2021-07-11 01:00:09 GSD getOne 第 30 次 等待 1 秒
2021-07-11 01:00:10 查询号码 【1325868】，返回信息 
2021-07-11 01:00:10 查询失败，1 秒后重新查询
2021-07-11 01:00:12 GSD getOne 第 1 次 等待 1 秒
2021-07-11 01:00:13 GSD getOne 第 2 次 等待 1 秒
2021-07-11 01:00:15 GSD getOne 第 3 次 等待 1 秒
2021-07-11 01:00:16 GSD getOne 第 4 次 等待 1 秒
2021-07-11 01:00:18 GSD getOne 第 5 次 等待 1 秒
2021-07-11 01:00:19 GSD getOne 第 6 次 等待 1 秒
2021-07-11 01:00:21 GSD getOne 第 7 次 等待 1 秒
2021-07-11 01:00:22 GSD getOne 第 8 次 等待 1 秒
2021-07-11 01:00:23 GSD getOne 第 9 次 等待 1 秒
2021-07-11 01:00:25 GSD getOne 第 10 次 等待 1 秒
2021-07-11 01:00:26 GSD getOne 第 11 次 等待 1 秒
2021-07-11 01:00:28 GSD getOne 第 12 次 等待 1 秒
2021-07-11 01:00:29 GSD getOne 第 13 次 等待 1 秒
2021-07-11 01:00:31 GSD getOne 第 14 次 等待 1 秒
2021-07-11 01:00:32 GSD getOne 第 15 次 等待 1 秒
2021-07-11 01:00:34 GSD getOne 第 16 次 等待 1 秒
2021-07-11 01:00:35 GSD getOne 第 17 次 等待 1 秒
2021-07-11 01:00:36 GSD getOne 第 18 次 等待 1 秒
2021-07-11 01:00:38 GSD getOne 第 19 次 等待 1 秒
2021-07-11 01:00:39 GSD getOne 第 20 次 等待 1 秒
2021-07-11 01:00:41 GSD getOne 第 21 次 等待 1 秒
2021-07-11 01:00:42 GSD getOne 第 22 次 等待 1 秒
2021-07-11 01:00:44 GSD getOne 第 23 次 等待 1 秒
2021-07-11 01:00:45 GSD getOne 第 24 次 等待 1 秒
2021-07-11 01:00:47 GSD getOne 第 25 次 等待 1 秒
2021-07-11 01:00:48 GSD getOne 第 26 次 等待 1 秒
2021-07-11 01:00:50 GSD getOne 第 27 次 等待 1 秒
2021-07-11 01:00:51 GSD getOne 第 28 次 等待 1 秒
2021-07-11 01:00:52 GSD getOne 第 29 次 等待 1 秒
2021-07-11 01:00:54 GSD getOne 第 30 次 等待 1 秒
2021-07-11 01:00:55 查询号码 【1325868】，返回信息 
2021-07-11 01:00:55 查询失败，结束本次操作，期待下次成功~
2021-07-11 01:00:55 下次操作: 2021-07-11 01:01:06

2021-07-11 01:01:06 开始第 4 次操作

2021-07-11 01:01:06 开始操作号码 【1325868】
2021-07-11 01:01:06 GSD getOne 第 1 次 等待 1 秒
2021-07-11 01:01:08 GSD getOne 第 2 次 等待 1 秒
2021-07-11 01:01:09 GSD getOne 第 3 次 等待 1 秒
2021-07-11 01:01:11 GSD getOne 第 4 次 等待 1 秒
2021-07-11 01:01:12 GSD getOne 第 5 次 等待 1 秒
2021-07-11 01:01:14 GSD getOne 第 6 次 等待 1 秒
2021-07-11 01:01:15 GSD getOne 第 7 次 等待 1 秒
2021-07-11 01:01:17 GSD getOne 第 8 次 等待 1 秒
2021-07-11 01:01:18 GSD getOne 第 9 次 等待 1 秒
2021-07-11 01:01:19 GSD getOne 第 10 次 等待 1 秒
2021-07-11 01:01:21 GSD getOne 第 11 次 等待 1 秒
2021-07-11 01:01:22 GSD getOne 第 12 次 等待 1 秒
2021-07-11 01:01:24 GSD getOne 第 13 次 等待 1 秒
2021-07-11 01:01:25 GSD getOne 第 14 次 等待 1 秒
2021-07-11 01:01:27 GSD getOne 第 15 次 等待 1 秒
2021-07-11 01:01:28 GSD getOne 第 16 次 等待 1 秒
2021-07-11 01:01:30 GSD getOne 第 17 次 等待 1 秒
2021-07-11 01:01:31 GSD getOne 第 18 次 等待 1 秒
2021-07-11 01:01:33 GSD getOne 第 19 次 等待 1 秒
2021-07-11 01:01:34 GSD getOne 第 20 次 等待 1 秒
2021-07-11 01:01:35 GSD getOne 第 21 次 等待 1 秒
2021-07-11 01:01:37 GSD getOne 第 22 次 等待 1 秒
2021-07-11 01:01:38 GSD getOne 第 23 次 等待 1 秒
2021-07-11 01:01:40 GSD getOne 第 24 次 等待 1 秒
2021-07-11 01:01:41 GSD getOne 第 25 次 等待 1 秒
2021-07-11 01:01:43 GSD getOne 第 26 次 等待 1 秒
2021-07-11 01:01:44 GSD getOne 第 27 次 等待 1 秒
2021-07-11 01:01:46 GSD getOne 第 28 次 等待 1 秒
2021-07-11 01:01:47 GSD getOne 第 29 次 等待 1 秒
2021-07-11 01:01:49 GSD getOne 第 30 次 等待 1 秒
2021-07-11 01:01:50 查询号码 【1325868】，返回信息 
2021-07-11 01:01:50 查询失败，1 秒后重新查询
2021-07-11 01:01:51 GSD getOne 第 1 次 等待 1 秒
2021-07-11 01:01:52 GSD getOne 第 2 次 等待 1 秒
2021-07-11 01:01:54 GSD getOne 第 3 次 等待 1 秒
2021-07-11 01:01:55 GSD getOne 第 4 次 等待 1 秒
2021-07-11 01:01:57 GSD getOne 第 5 次 等待 1 秒
2021-07-11 01:01:58 GSD getOne 第 6 次 等待 1 秒
2021-07-11 01:02:00 GSD getOne 第 7 次 等待 1 秒
2021-07-11 01:02:01 GSD getOne 第 8 次 等待 1 秒
2021-07-11 01:02:03 GSD getOne 第 9 次 等待 1 秒
2021-07-11 01:02:04 GSD getOne 第 10 次 等待 1 秒
2021-07-11 01:02:06 GSD getOne 第 11 次 等待 1 秒
2021-07-11 01:02:07 GSD getOne 第 12 次 等待 1 秒
2021-07-11 01:02:08 GSD getOne 第 13 次 等待 1 秒
2021-07-11 01:02:10 GSD getOne 第 14 次 等待 1 秒
2021-07-11 01:02:11 GSD getOne 第 15 次 等待 1 秒
2021-07-11 01:02:13 GSD getOne 第 16 次 等待 1 秒
2021-07-11 01:02:14 GSD getOne 第 17 次 等待 1 秒
2021-07-11 01:02:16 GSD getOne 第 18 次 等待 1 秒
2021-07-11 01:02:17 GSD getOne 第 19 次 等待 1 秒
2021-07-11 01:02:19 GSD getOne 第 20 次 等待 1 秒
2021-07-11 01:02:20 GSD getOne 第 21 次 等待 1 秒
2021-07-11 01:02:21 GSD getOne 第 22 次 等待 1 秒
2021-07-11 01:02:23 GSD getOne 第 23 次 等待 1 秒
2021-07-11 01:02:24 GSD getOne 第 24 次 等待 1 秒
2021-07-11 01:02:26 GSD getOne 第 25 次 等待 1 秒
2021-07-11 01:02:27 GSD getOne 第 26 次 等待 1 秒
2021-07-11 01:02:29 GSD getOne 第 27 次 等待 1 秒
2021-07-11 01:02:30 GSD getOne 第 28 次 等待 1 秒
2021-07-11 01:02:32 GSD getOne 第 29 次 等待 1 秒
2021-07-11 01:02:33 GSD getOne 第 30 次 等待 1 秒
2021-07-11 01:02:34 查询号码 【1325868】，返回信息 
2021-07-11 01:02:34 查询失败，结束本次操作，期待下次成功~
2021-07-11 01:02:34 下次操作: 2021-07-11 01:02:43

2021-07-11 01:02:43 开始第 5 次操作

2021-07-11 01:02:43 开始操作号码 【1325868】
2021-07-11 01:02:44 GSD getOne 第 1 次 等待 1 秒
2021-07-11 01:02:45 GSD getOne 第 2 次 等待 1 秒
2021-07-11 01:02:47 GSD getOne 第 3 次 等待 1 秒
2021-07-11 01:02:48 GSD getOne 第 4 次 等待 1 秒
2021-07-11 01:02:50 GSD getOne 第 5 次 等待 1 秒
2021-07-11 01:02:51 GSD getOne 第 6 次 等待 1 秒
2021-07-11 01:02:53 GSD getOne 第 7 次 等待 1 秒
2021-07-11 01:02:54 GSD getOne 第 8 次 等待 1 秒
2021-07-11 01:02:55 GSD getOne 第 9 次 等待 1 秒
2021-07-11 01:02:57 GSD getOne 第 10 次 等待 1 秒
2021-07-11 01:02:58 GSD getOne 第 11 次 等待 1 秒
2021-07-11 01:03:00 GSD getOne 第 12 次 等待 1 秒
2021-07-11 01:03:01 GSD getOne 第 13 次 等待 1 秒
2021-07-11 01:03:03 GSD getOne 第 14 次 等待 1 秒
2021-07-11 01:03:04 GSD getOne 第 15 次 等待 1 秒
2021-07-11 01:03:06 GSD getOne 第 16 次 等待 1 秒
2021-07-11 01:03:07 GSD getOne 第 17 次 等待 1 秒
2021-07-11 01:03:09 GSD getOne 第 18 次 等待 1 秒
2021-07-11 01:03:10 GSD getOne 第 19 次 等待 1 秒
2021-07-11 01:03:12 GSD getOne 第 20 次 等待 1 秒
2021-07-11 01:03:13 GSD getOne 第 21 次 等待 1 秒
2021-07-11 01:03:14 GSD getOne 第 22 次 等待 1 秒
2021-07-11 01:03:16 GSD getOne 第 23 次 等待 1 秒
2021-07-11 01:03:17 GSD getOne 第 24 次 等待 1 秒
2021-07-11 01:03:19 GSD getOne 第 25 次 等待 1 秒
2021-07-11 01:03:20 GSD getOne 第 26 次 等待 1 秒
2021-07-11 01:03:22 GSD getOne 第 27 次 等待 1 秒
2021-07-11 01:03:24 GSD getOne 第 28 次 等待 1 秒
2021-07-11 01:03:26 GSD getOne 第 29 次 等待 1 秒
2021-07-11 01:03:27 GSD getOne 第 30 次 等待 1 秒
2021-07-11 01:03:28 查询号码 【1325868】，返回信息 
2021-07-11 01:03:28 查询失败，1 秒后重新查询
2021-07-11 01:03:30 GSD getOne 第 1 次 等待 1 秒
2021-07-11 01:03:31 GSD getOne 第 2 次 等待 1 秒
2021-07-11 01:03:33 GSD getOne 第 3 次 等待 1 秒
2021-07-11 01:03:34 GSD getOne 第 4 次 等待 1 秒
2021-07-11 01:03:35 GSD getOne 第 5 次 等待 1 秒
2021-07-11 01:03:37 GSD getOne 第 6 次 等待 1 秒
2021-07-11 01:03:38 GSD getOne 第 7 次 等待 1 秒
2021-07-11 01:03:40 GSD getOne 第 8 次 等待 1 秒
2021-07-11 01:03:41 GSD getOne 第 9 次 等待 1 秒
2021-07-11 01:03:43 GSD getOne 第 10 次 等待 1 秒
2021-07-11 01:03:44 GSD getOne 第 11 次 等待 1 秒
2021-07-11 01:03:46 GSD getOne 第 12 次 等待 1 秒
2021-07-11 01:03:47 GSD getOne 第 13 次 等待 1 秒
2021-07-11 01:03:49 GSD getOne 第 14 次 等待 1 秒
2021-07-11 01:03:50 GSD getOne 第 15 次 等待 1 秒
2021-07-11 01:03:51 GSD getOne 第 16 次 等待 1 秒
2021-07-11 01:03:53 GSD getOne 第 17 次 等待 1 秒
2021-07-11 01:03:54 GSD getOne 第 18 次 等待 1 秒
2021-07-11 01:03:56 GSD getOne 第 19 次 等待 1 秒
2021-07-11 01:03:57 GSD getOne 第 20 次 等待 1 秒
2021-07-11 01:03:59 GSD getOne 第 21 次 等待 1 秒
2021-07-11 01:04:00 GSD getOne 第 22 次 等待 1 秒
2021-07-11 01:04:02 GSD getOne 第 23 次 等待 1 秒
2021-07-11 01:04:03 GSD getOne 第 24 次 等待 1 秒
2021-07-11 01:04:04 GSD getOne 第 25 次 等待 1 秒
2021-07-11 01:04:06 GSD getOne 第 26 次 等待 1 秒
2021-07-11 01:04:07 GSD getOne 第 27 次 等待 1 秒
2021-07-11 01:04:09 GSD getOne 第 28 次 等待 1 秒
2021-07-11 01:04:10 GSD getOne 第 29 次 等待 1 秒
2021-07-11 01:04:12 GSD getOne 第 30 次 等待 1 秒
2021-07-11 01:04:13 查询号码 【1325868】，返回信息 
2021-07-11 01:04:13 查询失败，结束本次操作，期待下次成功~
2021-07-11 01:04:13 下次操作: 2021-07-11 01:04:31

2021-07-11 01:04:31 开始第 6 次操作

2021-07-11 01:04:31 开始操作号码 【1325868】
2021-07-11 01:04:31 GSD getOne 第 1 次 等待 1 秒
2021-07-11 01:04:33 GSD getOne 第 2 次 等待 1 秒
2021-07-11 01:04:34 GSD getOne 第 3 次 等待 1 秒
2021-07-11 01:04:36 GSD getOne 第 4 次 等待 1 秒
2021-07-11 01:04:37 GSD getOne 第 5 次 等待 1 秒
2021-07-11 01:04:39 GSD getOne 第 6 次 等待 1 秒
2021-07-11 01:04:40 GSD getOne 第 7 次 等待 1 秒
2021-07-11 01:04:41 GSD getOne 第 8 次 等待 1 秒
2021-07-11 01:04:43 GSD getOne 第 9 次 等待 1 秒
2021-07-11 01:04:44 GSD getOne 第 10 次 等待 1 秒
2021-07-11 01:04:46 GSD getOne 第 11 次 等待 1 秒
2021-07-11 01:04:47 GSD getOne 第 12 次 等待 1 秒
2021-07-11 01:04:49 GSD getOne 第 13 次 等待 1 秒
2021-07-11 01:04:50 GSD getOne 第 14 次 等待 1 秒
2021-07-11 01:04:52 GSD getOne 第 15 次 等待 1 秒
2021-07-11 01:04:53 GSD getOne 第 16 次 等待 1 秒
2021-07-11 01:04:55 GSD getOne 第 17 次 等待 1 秒
2021-07-11 01:04:56 GSD getOne 第 18 次 等待 1 秒
2021-07-11 01:04:57 GSD getOne 第 19 次 等待 1 秒
2021-07-11 01:04:59 GSD getOne 第 20 次 等待 1 秒
2021-07-11 01:05:00 GSD getOne 第 21 次 等待 1 秒
2021-07-11 01:05:02 GSD getOne 第 22 次 等待 1 秒
2021-07-11 01:05:03 GSD getOne 第 23 次 等待 1 秒
2021-07-11 01:05:05 GSD getOne 第 24 次 等待 1 秒
2021-07-11 01:05:06 GSD getOne 第 25 次 等待 1 秒
2021-07-11 01:05:08 GSD getOne 第 26 次 等待 1 秒
2021-07-11 01:05:09 GSD getOne 第 27 次 等待 1 秒
2021-07-11 01:05:11 GSD getOne 第 28 次 等待 1 秒
2021-07-11 01:05:12 GSD getOne 第 29 次 等待 1 秒
2021-07-11 01:05:13 GSD getOne 第 30 次 等待 1 秒
2021-07-11 01:05:14 查询号码 【1325868】，返回信息 
2021-07-11 01:05:14 查询失败，1 秒后重新查询
2021-07-11 01:05:16 GSD getOne 第 1 次 等待 1 秒
2021-07-11 01:05:17 GSD getOne 第 2 次 等待 1 秒
2021-07-11 01:05:19 GSD getOne 第 3 次 等待 1 秒
2021-07-11 01:05:20 GSD getOne 第 4 次 等待 1 秒
2021-07-11 01:05:22 GSD getOne 第 5 次 等待 1 秒
2021-07-11 01:05:23 GSD getOne 第 6 次 等待 1 秒
2021-07-11 01:05:25 GSD getOne 第 7 次 等待 1 秒
2021-07-11 01:05:26 GSD getOne 第 8 次 等待 1 秒
2021-07-11 01:05:28 GSD getOne 第 9 次 等待 1 秒
2021-07-11 01:05:29 GSD getOne 第 10 次 等待 1 秒
2021-07-11 01:05:31 GSD getOne 第 11 次 等待 1 秒
2021-07-11 01:05:32 GSD getOne 第 12 次 等待 1 秒
2021-07-11 01:05:34 GSD getOne 第 13 次 等待 1 秒
2021-07-11 01:05:36 GSD getOne 第 14 次 等待 1 秒
2021-07-11 01:05:37 GSD getOne 第 15 次 等待 1 秒
2021-07-11 01:05:39 GSD getOne 第 16 次 等待 1 秒
2021-07-11 01:05:40 GSD getOne 第 17 次 等待 1 秒
2021-07-11 01:05:42 GSD getOne 第 18 次 等待 1 秒
2021-07-11 01:05:43 GSD getOne 第 19 次 等待 1 秒
2021-07-11 01:05:45 GSD getOne 第 20 次 等待 1 秒
2021-07-11 01:05:46 GSD getOne 第 21 次 等待 1 秒
2021-07-11 01:05:48 GSD getOne 第 22 次 等待 1 秒
2021-07-11 01:05:49 GSD getOne 第 23 次 等待 1 秒
2021-07-11 01:05:51 GSD getOne 第 24 次 等待 1 秒
2021-07-11 01:05:52 GSD getOne 第 25 次 等待 1 秒
2021-07-11 01:05:54 GSD getOne 第 26 次 等待 1 秒
2021-07-11 01:05:55 GSD getOne 第 27 次 等待 1 秒
2021-07-11 01:05:57 GSD getOne 第 28 次 等待 1 秒
2021-07-11 01:05:58 GSD getOne 第 29 次 等待 1 秒
2021-07-11 01:06:00 GSD getOne 第 30 次 等待 1 秒
2021-07-11 01:06:01 查询号码 【1325868】，返回信息 
2021-07-11 01:06:01 查询失败，结束本次操作，期待下次成功~
2021-07-11 01:06:01 下次操作: 2021-07-11 01:06:17

2021-07-11 01:06:17 开始第 7 次操作

2021-07-11 01:06:17 开始操作号码 【1325868】
2021-07-11 01:06:17 GSD getOne 第 1 次 等待 1 秒
2021-07-11 01:06:19 GSD getOne 第 2 次 等待 1 秒
2021-07-11 01:06:20 GSD getOne 第 3 次 等待 1 秒
2021-07-11 01:06:22 GSD getOne 第 4 次 等待 1 秒
2021-07-11 01:06:23 GSD getOne 第 5 次 等待 1 秒
2021-07-11 01:06:25 GSD getOne 第 6 次 等待 1 秒
2021-07-11 01:06:26 GSD getOne 第 7 次 等待 1 秒
2021-07-11 01:06:28 GSD getOne 第 8 次 等待 1 秒
2021-07-11 01:06:29 GSD getOne 第 9 次 等待 1 秒
2021-07-11 01:06:30 GSD getOne 第 10 次 等待 1 秒
2021-07-11 01:06:32 GSD getOne 第 11 次 等待 1 秒
2021-07-11 01:06:33 GSD getOne 第 12 次 等待 1 秒
2021-07-11 01:06:35 GSD getOne 第 13 次 等待 1 秒
2021-07-11 01:06:36 GSD getOne 第 14 次 等待 1 秒
2021-07-11 01:06:38 GSD getOne 第 15 次 等待 1 秒
2021-07-11 01:06:39 GSD getOne 第 16 次 等待 1 秒
2021-07-11 01:06:41 GSD getOne 第 17 次 等待 1 秒
2021-07-11 01:06:42 GSD getOne 第 18 次 等待 1 秒
2021-07-11 01:06:44 GSD getOne 第 19 次 等待 1 秒
2021-07-11 01:06:45 GSD getOne 第 20 次 等待 1 秒
2021-07-11 01:06:46 GSD getOne 第 21 次 等待 1 秒
2021-07-11 01:06:48 GSD getOne 第 22 次 等待 1 秒
2021-07-11 01:06:50 GSD getOne 第 23 次 等待 1 秒
2021-07-11 01:06:51 GSD getOne 第 24 次 等待 1 秒
2021-07-11 01:06:52 GSD getOne 第 25 次 等待 1 秒
2021-07-11 01:06:54 GSD getOne 第 26 次 等待 1 秒
2021-07-11 01:06:55 GSD getOne 第 27 次 等待 1 秒
2021-07-11 01:06:57 GSD getOne 第 28 次 等待 1 秒
2021-07-11 01:06:58 GSD getOne 第 29 次 等待 1 秒
2021-07-11 01:07:00 GSD getOne 第 30 次 等待 1 秒
2021-07-11 01:07:01 查询号码 【1325868】，返回信息 
2021-07-11 01:07:01 查询失败，1 秒后重新查询
2021-07-11 01:07:02 GSD getOne 第 1 次 等待 1 秒
2021-07-11 01:07:04 GSD getOne 第 2 次 等待 1 秒
2021-07-11 01:07:05 GSD getOne 第 3 次 等待 1 秒
2021-07-11 01:07:06 GSD getOne 第 4 次 等待 1 秒
2021-07-11 01:07:08 GSD getOne 第 5 次 等待 1 秒
2021-07-11 01:07:09 GSD getOne 第 6 次 等待 1 秒
2021-07-11 01:07:11 GSD getOne 第 7 次 等待 1 秒
2021-07-11 01:07:12 GSD getOne 第 8 次 等待 1 秒
2021-07-11 01:07:14 GSD getOne 第 9 次 等待 1 秒
2021-07-11 01:07:15 GSD getOne 第 10 次 等待 1 秒
2021-07-11 01:07:17 GSD getOne 第 11 次 等待 1 秒
2021-07-11 01:07:18 GSD getOne 第 12 次 等待 1 秒
2021-07-11 01:07:20 GSD getOne 第 13 次 等待 1 秒
2021-07-11 01:07:21 GSD getOne 第 14 次 等待 1 秒
2021-07-11 01:07:22 GSD getOne 第 15 次 等待 1 秒
2021-07-11 01:07:24 GSD getOne 第 16 次 等待 1 秒
2021-07-11 01:07:25 GSD getOne 第 17 次 等待 1 秒
2021-07-11 01:07:27 GSD getOne 第 18 次 等待 1 秒
2021-07-11 01:07:28 GSD getOne 第 19 次 等待 1 秒
2021-07-11 01:07:30 GSD getOne 第 20 次 等待 1 秒
2021-07-11 01:07:31 GSD getOne 第 21 次 等待 1 秒
2021-07-11 01:07:33 GSD getOne 第 22 次 等待 1 秒
2021-07-11 01:07:34 GSD getOne 第 23 次 等待 1 秒
2021-07-11 01:07:35 GSD getOne 第 24 次 等待 1 秒
2021-07-11 01:07:37 GSD getOne 第 25 次 等待 1 秒
2021-07-11 01:07:38 GSD getOne 第 26 次 等待 1 秒
2021-07-11 01:07:40 GSD getOne 第 27 次 等待 1 秒
2021-07-11 01:07:41 GSD getOne 第 28 次 等待 1 秒
2021-07-11 01:07:43 GSD getOne 第 29 次 等待 1 秒
2021-07-11 01:07:44 GSD getOne 第 30 次 等待 1 秒
2021-07-11 01:07:45 查询号码 【1325868】，返回信息 
2021-07-11 01:07:45 查询失败，结束本次操作，期待下次成功~
2021-07-11 01:07:45 下次操作: 2021-07-11 01:07:58

2021-07-11 01:07:58 开始第 8 次操作

2021-07-11 01:07:58 开始操作号码 【1325868】
2021-07-11 01:07:59 GSD getOne 第 1 次 等待 1 秒
2021-07-11 01:08:00 GSD getOne 第 2 次 等待 1 秒
2021-07-11 01:08:02 GSD getOne 第 3 次 等待 1 秒
2021-07-11 01:08:03 GSD getOne 第 4 次 等待 1 秒
2021-07-11 01:08:05 GSD getOne 第 5 次 等待 1 秒
2021-07-11 01:08:06 GSD getOne 第 6 次 等待 1 秒
2021-07-11 01:08:07 GSD getOne 第 7 次 等待 1 秒
2021-07-11 01:08:09 GSD getOne 第 8 次 等待 1 秒
2021-07-11 01:08:10 GSD getOne 第 9 次 等待 1 秒
2021-07-11 01:08:12 GSD getOne 第 10 次 等待 1 秒
2021-07-11 01:08:13 GSD getOne 第 11 次 等待 1 秒
2021-07-11 01:08:15 GSD getOne 第 12 次 等待 1 秒
2021-07-11 01:08:16 GSD getOne 第 13 次 等待 1 秒
2021-07-11 01:08:18 GSD getOne 第 14 次 等待 1 秒
2021-07-11 01:08:19 GSD getOne 第 15 次 等待 1 秒
2021-07-11 01:08:20 GSD getOne 第 16 次 等待 1 秒
2021-07-11 01:08:22 GSD getOne 第 17 次 等待 1 秒
2021-07-11 01:08:23 GSD getOne 第 18 次 等待 1 秒
2021-07-11 01:08:25 GSD getOne 第 19 次 等待 1 秒
2021-07-11 01:08:26 GSD getOne 第 20 次 等待 1 秒
2021-07-11 01:08:28 GSD getOne 第 21 次 等待 1 秒
2021-07-11 01:08:29 GSD getOne 第 22 次 等待 1 秒
2021-07-11 01:08:31 GSD getOne 第 23 次 等待 1 秒
2021-07-11 01:08:32 GSD getOne 第 24 次 等待 1 秒
2021-07-11 01:08:34 GSD getOne 第 25 次 等待 1 秒
2021-07-11 01:08:35 GSD getOne 第 26 次 等待 1 秒
2021-07-11 01:08:37 GSD getOne 第 27 次 等待 1 秒
2021-07-11 01:08:38 GSD getOne 第 28 次 等待 1 秒
2021-07-11 01:08:39 GSD getOne 第 29 次 等待 1 秒
2021-07-11 01:08:41 GSD getOne 第 30 次 等待 1 秒
2021-07-11 01:08:42 查询号码 【1325868】，返回信息 
2021-07-11 01:08:42 查询失败，1 秒后重新查询
2021-07-11 01:08:43 GSD getOne 第 1 次 等待 1 秒
2021-07-11 01:08:45 GSD getOne 第 2 次 等待 1 秒
2021-07-11 01:08:46 GSD getOne 第 3 次 等待 1 秒
2021-07-11 01:08:48 GSD getOne 第 4 次 等待 1 秒
2021-07-11 01:08:49 GSD getOne 第 5 次 等待 1 秒
2021-07-11 01:08:51 GSD getOne 第 6 次 等待 1 秒
2021-07-11 01:08:52 GSD getOne 第 7 次 等待 1 秒
2021-07-11 01:08:54 GSD getOne 第 8 次 等待 1 秒
2021-07-11 01:08:55 GSD getOne 第 9 次 等待 1 秒
2021-07-11 01:08:56 GSD getOne 第 10 次 等待 1 秒
2021-07-11 01:08:58 GSD getOne 第 11 次 等待 1 秒
2021-07-11 01:08:59 GSD getOne 第 12 次 等待 1 秒
2021-07-11 01:09:01 GSD getOne 第 13 次 等待 1 秒
2021-07-11 01:09:02 GSD getOne 第 14 次 等待 1 秒
2021-07-11 01:09:04 GSD getOne 第 15 次 等待 1 秒
2021-07-11 01:09:05 GSD getOne 第 16 次 等待 1 秒
2021-07-11 01:09:07 GSD getOne 第 17 次 等待 1 秒
2021-07-11 01:09:08 GSD getOne 第 18 次 等待 1 秒
2021-07-11 01:09:10 GSD getOne 第 19 次 等待 1 秒
2021-07-11 01:09:11 GSD getOne 第 20 次 等待 1 秒
2021-07-11 01:09:12 GSD getOne 第 21 次 等待 1 秒
2021-07-11 01:09:14 GSD getOne 第 22 次 等待 1 秒
2021-07-11 01:09:15 GSD getOne 第 23 次 等待 1 秒
2021-07-11 01:09:17 GSD getOne 第 24 次 等待 1 秒
2021-07-11 01:09:18 GSD getOne 第 25 次 等待 1 秒
2021-07-11 01:09:20 GSD getOne 第 26 次 等待 1 秒
2021-07-11 01:09:21 GSD getOne 第 27 次 等待 1 秒
2021-07-11 01:09:23 GSD getOne 第 28 次 等待 1 秒
2021-07-11 01:09:24 GSD getOne 第 29 次 等待 1 秒
2021-07-11 01:09:26 GSD getOne 第 30 次 等待 1 秒
2021-07-11 01:09:27 查询号码 【1325868】，返回信息 
2021-07-11 01:09:27 查询失败，结束本次操作，期待下次成功~
2021-07-11 01:09:27 下次操作: 2021-07-11 01:09:35

2021-07-11 01:09:35 开始第 9 次操作

2021-07-11 01:09:35 开始操作号码 【1325868】
2021-07-11 01:09:35 GSD getOne 第 1 次 等待 1 秒
2021-07-11 01:09:36 GSD getOne 第 2 次 等待 1 秒
2021-07-11 01:09:38 GSD getOne 第 3 次 等待 1 秒
2021-07-11 01:09:39 GSD getOne 第 4 次 等待 1 秒
2021-07-11 01:09:41 GSD getOne 第 5 次 等待 1 秒
2021-07-11 01:09:42 GSD getOne 第 6 次 等待 1 秒
2021-07-11 01:09:44 GSD getOne 第 7 次 等待 1 秒
2021-07-11 01:09:45 GSD getOne 第 8 次 等待 1 秒
2021-07-11 01:09:47 GSD getOne 第 9 次 等待 1 秒
2021-07-11 01:09:48 GSD getOne 第 10 次 等待 1 秒
2021-07-11 01:09:50 GSD getOne 第 11 次 等待 1 秒
2021-07-11 01:09:51 GSD getOne 第 12 次 等待 1 秒
2021-07-11 01:09:53 GSD getOne 第 13 次 等待 1 秒
2021-07-11 01:09:54 GSD getOne 第 14 次 等待 1 秒
2021-07-11 01:09:56 GSD getOne 第 15 次 等待 1 秒
2021-07-11 01:09:57 GSD getOne 第 16 次 等待 1 秒
2021-07-11 01:09:58 GSD getOne 第 17 次 等待 1 秒
2021-07-11 01:10:00 GSD getOne 第 18 次 等待 1 秒
2021-07-11 01:10:01 GSD getOne 第 19 次 等待 1 秒
2021-07-11 01:10:03 GSD getOne 第 20 次 等待 1 秒
2021-07-11 01:10:04 GSD getOne 第 21 次 等待 1 秒
2021-07-11 01:10:06 GSD getOne 第 22 次 等待 1 秒
2021-07-11 01:10:07 GSD getOne 第 23 次 等待 1 秒
2021-07-11 01:10:09 GSD getOne 第 24 次 等待 1 秒
2021-07-11 01:10:10 GSD getOne 第 25 次 等待 1 秒
2021-07-11 01:10:11 GSD getOne 第 26 次 等待 1 秒
2021-07-11 01:10:13 GSD getOne 第 27 次 等待 1 秒
2021-07-11 01:10:14 GSD getOne 第 28 次 等待 1 秒
2021-07-11 01:10:16 GSD getOne 第 29 次 等待 1 秒
2021-07-11 01:10:17 GSD getOne 第 30 次 等待 1 秒
2021-07-11 01:10:18 查询号码 【1325868】，返回信息 
2021-07-11 01:10:18 查询失败，1 秒后重新查询
2021-07-11 01:10:20 GSD getOne 第 1 次 等待 1 秒
2021-07-11 01:10:21 GSD getOne 第 2 次 等待 1 秒
2021-07-11 01:10:23 GSD getOne 第 3 次 等待 1 秒
2021-07-11 01:10:24 GSD getOne 第 4 次 等待 1 秒
2021-07-11 01:10:26 GSD getOne 第 5 次 等待 1 秒
2021-07-11 01:10:27 GSD getOne 第 6 次 等待 1 秒
2021-07-11 01:10:28 GSD getOne 第 7 次 等待 1 秒
2021-07-11 01:10:30 GSD getOne 第 8 次 等待 1 秒
2021-07-11 01:10:31 GSD getOne 第 9 次 等待 1 秒
2021-07-11 01:10:33 GSD getOne 第 10 次 等待 1 秒
2021-07-11 01:10:34 GSD getOne 第 11 次 等待 1 秒
2021-07-11 01:10:36 GSD getOne 第 12 次 等待 1 秒
2021-07-11 01:10:37 GSD getOne 第 13 次 等待 1 秒
2021-07-11 01:10:39 GSD getOne 第 14 次 等待 1 秒
2021-07-11 01:10:40 GSD getOne 第 15 次 等待 1 秒
2021-07-11 01:10:41 GSD getOne 第 16 次 等待 1 秒
2021-07-11 01:10:43 GSD getOne 第 17 次 等待 1 秒
2021-07-11 01:10:44 GSD getOne 第 18 次 等待 1 秒
2021-07-11 01:10:46 GSD getOne 第 19 次 等待 1 秒
2021-07-11 01:10:47 GSD getOne 第 20 次 等待 1 秒
2021-07-11 01:10:49 GSD getOne 第 21 次 等待 1 秒
2021-07-11 01:10:50 GSD getOne 第 22 次 等待 1 秒
2021-07-11 01:10:52 GSD getOne 第 23 次 等待 1 秒
2021-07-11 01:10:53 GSD getOne 第 24 次 等待 1 秒
2021-07-11 01:10:55 GSD getOne 第 25 次 等待 1 秒
2021-07-11 01:10:56 GSD getOne 第 26 次 等待 1 秒
2021-07-11 01:10:57 GSD getOne 第 27 次 等待 1 秒
2021-07-11 01:10:59 GSD getOne 第 28 次 等待 1 秒
2021-07-11 01:11:00 GSD getOne 第 29 次 等待 1 秒
2021-07-11 01:11:02 GSD getOne 第 30 次 等待 1 秒
2021-07-11 01:11:03 查询号码 【1325868】，返回信息 
2021-07-11 01:11:03 查询失败，结束本次操作，期待下次成功~
2021-07-11 01:11:03 下次操作: 2021-07-11 01:11:14

2021-07-11 01:11:14 开始第 10 次操作

2021-07-11 01:11:14 开始操作号码 【1325868】
2021-07-11 01:11:14 GSD getOne 第 1 次 等待 1 秒
2021-07-11 01:11:16 GSD getOne 第 2 次 等待 1 秒
2021-07-11 01:11:17 GSD getOne 第 3 次 等待 1 秒
2021-07-11 01:11:19 GSD getOne 第 4 次 等待 1 秒
2021-07-11 01:11:20 GSD getOne 第 5 次 等待 1 秒
2021-07-11 01:11:22 GSD getOne 第 6 次 等待 1 秒
2021-07-11 01:11:23 GSD getOne 第 7 次 等待 1 秒
2021-07-11 01:11:25 GSD getOne 第 8 次 等待 1 秒
2021-07-11 01:11:26 GSD getOne 第 9 次 等待 1 秒
2021-07-11 01:11:27 GSD getOne 第 10 次 等待 1 秒
2021-07-11 01:11:29 GSD getOne 第 11 次 等待 1 秒
2021-07-11 01:11:30 GSD getOne 第 12 次 等待 1 秒
2021-07-11 01:11:32 GSD getOne 第 13 次 等待 1 秒
2021-07-11 01:11:33 GSD getOne 第 14 次 等待 1 秒
2021-07-11 01:11:35 GSD getOne 第 15 次 等待 1 秒
2021-07-11 01:11:36 GSD getOne 第 16 次 等待 1 秒
2021-07-11 01:11:38 GSD getOne 第 17 次 等待 1 秒
2021-07-11 01:11:39 GSD getOne 第 18 次 等待 1 秒
2021-07-11 01:11:41 GSD getOne 第 19 次 等待 1 秒
2021-07-11 01:11:42 GSD getOne 第 20 次 等待 1 秒
2021-07-11 01:11:43 GSD getOne 第 21 次 等待 1 秒
2021-07-11 01:11:45 GSD getOne 第 22 次 等待 1 秒
2021-07-11 01:11:46 GSD getOne 第 23 次 等待 1 秒
2021-07-11 01:11:48 GSD getOne 第 24 次 等待 1 秒
2021-07-11 01:11:49 GSD getOne 第 25 次 等待 1 秒
2021-07-11 01:11:51 GSD getOne 第 26 次 等待 1 秒
2021-07-11 01:11:52 GSD getOne 第 27 次 等待 1 秒
2021-07-11 01:11:54 GSD getOne 第 28 次 等待 1 秒
2021-07-11 01:11:55 GSD getOne 第 29 次 等待 1 秒
2021-07-11 01:11:57 GSD getOne 第 30 次 等待 1 秒
2021-07-11 01:11:58 查询号码 【1325868】，返回信息 
2021-07-11 01:11:58 查询失败，1 秒后重新查询
2021-07-11 01:11:59 GSD getOne 第 1 次 等待 1 秒
2021-07-11 01:12:00 GSD getOne 第 2 次 等待 1 秒
2021-07-11 01:12:02 GSD getOne 第 3 次 等待 1 秒
2021-07-11 01:12:03 GSD getOne 第 4 次 等待 1 秒
2021-07-11 01:12:05 GSD getOne 第 5 次 等待 1 秒
2021-07-11 01:12:06 GSD getOne 第 6 次 等待 1 秒
2021-07-11 01:12:08 GSD getOne 第 7 次 等待 1 秒
2021-07-11 01:12:09 GSD getOne 第 8 次 等待 1 秒
2021-07-11 01:12:11 GSD getOne 第 9 次 等待 1 秒
2021-07-11 01:12:12 GSD getOne 第 10 次 等待 1 秒
2021-07-11 01:12:14 GSD getOne 第 11 次 等待 1 秒
2021-07-11 01:12:15 GSD getOne 第 12 次 等待 1 秒
2021-07-11 01:12:17 GSD getOne 第 13 次 等待 1 秒
2021-07-11 01:12:18 GSD getOne 第 14 次 等待 1 秒
2021-07-11 01:12:19 GSD getOne 第 15 次 等待 1 秒
2021-07-11 01:12:21 GSD getOne 第 16 次 等待 1 秒
2021-07-11 01:12:22 GSD getOne 第 17 次 等待 1 秒
2021-07-11 01:12:24 GSD getOne 第 18 次 等待 1 秒
2021-07-11 01:12:25 GSD getOne 第 19 次 等待 1 秒
2021-07-11 01:12:27 GSD getOne 第 20 次 等待 1 秒
2021-07-11 01:12:28 GSD getOne 第 21 次 等待 1 秒
2021-07-11 01:12:30 GSD getOne 第 22 次 等待 1 秒
2021-07-11 01:12:31 GSD getOne 第 23 次 等待 1 秒
2021-07-11 01:12:33 GSD getOne 第 24 次 等待 1 秒
2021-07-11 01:12:34 GSD getOne 第 25 次 等待 1 秒
2021-07-11 01:12:35 GSD getOne 第 26 次 等待 1 秒
2021-07-11 01:12:37 GSD getOne 第 27 次 等待 1 秒
2021-07-11 01:12:38 GSD getOne 第 28 次 等待 1 秒
2021-07-11 01:12:40 GSD getOne 第 29 次 等待 1 秒
2021-07-11 01:12:41 GSD getOne 第 30 次 等待 1 秒
2021-07-11 01:12:42 查询号码 【1325868】，返回信息 
2021-07-11 01:12:42 查询失败，结束本次操作，期待下次成功~
2021-07-11 01:12:42 下次操作: 2021-07-11 01:12:55

2021-07-11 01:12:55 开始第 11 次操作

2021-07-11 01:12:55 开始操作号码 【1325868】
2021-07-11 01:12:56 GSD getOne 第 1 次 等待 1 秒
2021-07-11 01:12:57 GSD getOne 第 2 次 等待 1 秒
2021-07-11 01:12:59 GSD getOne 第 3 次 等待 1 秒
2021-07-11 01:13:00 GSD getOne 第 4 次 等待 1 秒
2021-07-11 01:13:02 GSD getOne 第 5 次 等待 1 秒
2021-07-11 01:13:03 GSD getOne 第 6 次 等待 1 秒
2021-07-11 01:13:05 GSD getOne 第 7 次 等待 1 秒
2021-07-11 01:13:06 GSD getOne 第 8 次 等待 1 秒
2021-07-11 01:13:08 GSD getOne 第 9 次 等待 1 秒
2021-07-11 01:13:09 GSD getOne 第 10 次 等待 1 秒
2021-07-11 01:13:11 GSD getOne 第 11 次 等待 1 秒
2021-07-11 01:13:12 GSD getOne 第 12 次 等待 1 秒
2021-07-11 01:13:13 GSD getOne 第 13 次 等待 1 秒
2021-07-11 01:13:15 GSD getOne 第 14 次 等待 1 秒
2021-07-11 01:13:16 GSD getOne 第 15 次 等待 1 秒
2021-07-11 01:13:18 GSD getOne 第 16 次 等待 1 秒
2021-07-11 01:13:20 GSD getOne 第 17 次 等待 1 秒
2021-07-11 01:13:22 GSD getOne 第 18 次 等待 1 秒
2021-07-11 01:13:23 GSD getOne 第 19 次 等待 1 秒
2021-07-11 01:13:25 GSD getOne 第 20 次 等待 1 秒
2021-07-11 01:13:26 GSD getOne 第 21 次 等待 1 秒
2021-07-11 01:13:27 GSD getOne 第 22 次 等待 1 秒
2021-07-11 01:13:29 GSD getOne 第 23 次 等待 1 秒
2021-07-11 01:13:30 GSD getOne 第 24 次 等待 1 秒
2021-07-11 01:13:32 GSD getOne 第 25 次 等待 1 秒
2021-07-11 01:13:33 GSD getOne 第 26 次 等待 1 秒
2021-07-11 01:13:35 GSD getOne 第 27 次 等待 1 秒
2021-07-11 01:13:36 GSD getOne 第 28 次 等待 1 秒
2021-07-11 01:13:38 GSD getOne 第 29 次 等待 1 秒
2021-07-11 01:13:39 GSD getOne 第 30 次 等待 1 秒
2021-07-11 01:13:40 查询号码 【1325868】，返回信息 
2021-07-11 01:13:40 查询失败，1 秒后重新查询
2021-07-11 01:13:42 GSD getOne 第 1 次 等待 1 秒
2021-07-11 01:13:43 GSD getOne 第 2 次 等待 1 秒
2021-07-11 01:13:44 GSD getOne 第 3 次 等待 1 秒
2021-07-11 01:13:46 GSD getOne 第 4 次 等待 1 秒
2021-07-11 01:13:47 GSD getOne 第 5 次 等待 1 秒
2021-07-11 01:13:49 GSD getOne 第 6 次 等待 1 秒
2021-07-11 01:13:50 GSD getOne 第 7 次 等待 1 秒
2021-07-11 01:13:52 GSD getOne 第 8 次 等待 1 秒
2021-07-11 01:13:53 GSD getOne 第 9 次 等待 1 秒
2021-07-11 01:13:55 GSD getOne 第 10 次 等待 1 秒
2021-07-11 01:13:56 GSD getOne 第 11 次 等待 1 秒
2021-07-11 01:13:58 GSD getOne 第 12 次 等待 1 秒
2021-07-11 01:13:59 GSD getOne 第 13 次 等待 1 秒
2021-07-11 01:14:00 GSD getOne 第 14 次 等待 1 秒
2021-07-11 01:14:02 GSD getOne 第 15 次 等待 1 秒
2021-07-11 01:14:03 GSD getOne 第 16 次 等待 1 秒
2021-07-11 01:14:05 GSD getOne 第 17 次 等待 1 秒
2021-07-11 01:14:06 GSD getOne 第 18 次 等待 1 秒
2021-07-11 01:14:08 GSD getOne 第 19 次 等待 1 秒
2021-07-11 01:14:09 GSD getOne 第 20 次 等待 1 秒
2021-07-11 01:14:11 GSD getOne 第 21 次 等待 1 秒
2021-07-11 01:14:12 GSD getOne 第 22 次 等待 1 秒
2021-07-11 01:14:14 GSD getOne 第 23 次 等待 1 秒
2021-07-11 01:14:15 GSD getOne 第 24 次 等待 1 秒
2021-07-11 01:14:16 GSD getOne 第 25 次 等待 1 秒
2021-07-11 01:14:18 GSD getOne 第 26 次 等待 1 秒
2021-07-11 01:14:19 GSD getOne 第 27 次 等待 1 秒
2021-07-11 01:14:21 GSD getOne 第 28 次 等待 1 秒
2021-07-11 01:14:22 GSD getOne 第 29 次 等待 1 秒
2021-07-11 01:14:24 GSD getOne 第 30 次 等待 1 秒
2021-07-11 01:14:25 查询号码 【1325868】，返回信息 
2021-07-11 01:14:25 查询失败，结束本次操作，期待下次成功~
2021-07-11 01:14:25 下次操作: 2021-07-11 01:14:40

2021-07-11 01:14:40 开始第 12 次操作

2021-07-11 01:14:40 开始操作号码 【1325868】
2021-07-11 01:14:40 GSD getOne 第 1 次 等待 1 秒
2021-07-11 01:14:42 GSD getOne 第 2 次 等待 1 秒
2021-07-11 01:14:43 GSD getOne 第 3 次 等待 1 秒
2021-07-11 01:14:45 GSD getOne 第 4 次 等待 1 秒
2021-07-11 01:14:46 GSD getOne 第 5 次 等待 1 秒
2021-07-11 01:14:47 GSD getOne 第 6 次 等待 1 秒
2021-07-11 01:14:49 GSD getOne 第 7 次 等待 1 秒
2021-07-11 01:14:50 GSD getOne 第 8 次 等待 1 秒
2021-07-11 01:14:52 GSD getOne 第 9 次 等待 1 秒
2021-07-11 01:14:53 GSD getOne 第 10 次 等待 1 秒
2021-07-11 01:14:55 GSD getOne 第 11 次 等待 1 秒
2021-07-11 01:14:56 GSD getOne 第 12 次 等待 1 秒
2021-07-11 01:14:58 GSD getOne 第 13 次 等待 1 秒
2021-07-11 01:14:59 GSD getOne 第 14 次 等待 1 秒
2021-07-11 01:15:01 GSD getOne 第 15 次 等待 1 秒
2021-07-11 01:15:02 GSD getOne 第 16 次 等待 1 秒
2021-07-11 01:15:03 GSD getOne 第 17 次 等待 1 秒
2021-07-11 01:15:05 GSD getOne 第 18 次 等待 1 秒
2021-07-11 01:15:06 GSD getOne 第 19 次 等待 1 秒
2021-07-11 01:15:08 GSD getOne 第 20 次 等待 1 秒
2021-07-11 01:15:09 GSD getOne 第 21 次 等待 1 秒
2021-07-11 01:15:11 GSD getOne 第 22 次 等待 1 秒
2021-07-11 01:15:12 GSD getOne 第 23 次 等待 1 秒
2021-07-11 01:15:14 GSD getOne 第 24 次 等待 1 秒
2021-07-11 01:15:15 GSD getOne 第 25 次 等待 1 秒
2021-07-11 01:15:16 GSD getOne 第 26 次 等待 1 秒
2021-07-11 01:15:18 GSD getOne 第 27 次 等待 1 秒
2021-07-11 01:15:19 GSD getOne 第 28 次 等待 1 秒
2021-07-11 01:15:21 GSD getOne 第 29 次 等待 1 秒
2021-07-11 01:15:22 GSD getOne 第 30 次 等待 1 秒
2021-07-11 01:15:23 查询号码 【1325868】，返回信息 
2021-07-11 01:15:23 查询失败，1 秒后重新查询
2021-07-11 01:15:25 GSD getOne 第 1 次 等待 1 秒
2021-07-11 01:15:26 GSD getOne 第 2 次 等待 1 秒
2021-07-11 01:15:28 GSD getOne 第 3 次 等待 1 秒
2021-07-11 01:15:29 GSD getOne 第 4 次 等待 1 秒
2021-07-11 01:15:31 GSD getOne 第 5 次 等待 1 秒
2021-07-11 01:15:32 GSD getOne 第 6 次 等待 1 秒
2021-07-11 01:15:34 GSD getOne 第 7 次 等待 1 秒
2021-07-11 01:15:35 GSD getOne 第 8 次 等待 1 秒
2021-07-11 01:15:36 GSD getOne 第 9 次 等待 1 秒
2021-07-11 01:15:38 GSD getOne 第 10 次 等待 1 秒
2021-07-11 01:15:39 GSD getOne 第 11 次 等待 1 秒
2021-07-11 01:15:41 GSD getOne 第 12 次 等待 1 秒
2021-07-11 01:15:42 GSD getOne 第 13 次 等待 1 秒
2021-07-11 01:15:44 GSD getOne 第 14 次 等待 1 秒
2021-07-11 01:15:45 GSD getOne 第 15 次 等待 1 秒
2021-07-11 01:15:47 GSD getOne 第 16 次 等待 1 秒
2021-07-11 01:15:48 GSD getOne 第 17 次 等待 1 秒
2021-07-11 01:15:50 GSD getOne 第 18 次 等待 1 秒
2021-07-11 01:15:51 GSD getOne 第 19 次 等待 1 秒
2021-07-11 01:15:52 GSD getOne 第 20 次 等待 1 秒
2021-07-11 01:15:54 GSD getOne 第 21 次 等待 1 秒
2021-07-11 01:15:55 GSD getOne 第 22 次 等待 1 秒
2021-07-11 01:15:57 GSD getOne 第 23 次 等待 1 秒
2021-07-11 01:15:58 GSD getOne 第 24 次 等待 1 秒
2021-07-11 01:16:00 GSD getOne 第 25 次 等待 1 秒
2021-07-11 01:16:01 GSD getOne 第 26 次 等待 1 秒
2021-07-11 01:16:03 GSD getOne 第 27 次 等待 1 秒
2021-07-11 01:16:04 GSD getOne 第 28 次 等待 1 秒
2021-07-11 01:16:05 GSD getOne 第 29 次 等待 1 秒
2021-07-11 01:16:07 GSD getOne 第 30 次 等待 1 秒
2021-07-11 01:16:08 查询号码 【1325868】，返回信息 
2021-07-11 01:16:08 查询失败，结束本次操作，期待下次成功~
2021-07-11 01:16:08 下次操作: 2021-07-11 01:16:21

2021-07-11 01:16:21 开始第 13 次操作

2021-07-11 01:16:21 开始操作号码 【1325868】
2021-07-11 01:16:22 GSD getOne 第 1 次 等待 1 秒
2021-07-11 01:16:23 GSD getOne 第 2 次 等待 1 秒
2021-07-11 01:16:25 GSD getOne 第 3 次 等待 1 秒
2021-07-11 01:16:26 GSD getOne 第 4 次 等待 1 秒
2021-07-11 01:16:27 GSD getOne 第 5 次 等待 1 秒
2021-07-11 01:16:29 GSD getOne 第 6 次 等待 1 秒
2021-07-11 01:16:30 GSD getOne 第 7 次 等待 1 秒
2021-07-11 01:16:32 GSD getOne 第 8 次 等待 1 秒
2021-07-11 01:16:33 GSD getOne 第 9 次 等待 1 秒
2021-07-11 01:16:35 GSD getOne 第 10 次 等待 1 秒
2021-07-11 01:16:36 GSD getOne 第 11 次 等待 1 秒
2021-07-11 01:16:38 GSD getOne 第 12 次 等待 1 秒
2021-07-11 01:16:39 GSD getOne 第 13 次 等待 1 秒
2021-07-11 01:16:41 GSD getOne 第 14 次 等待 1 秒
2021-07-11 01:16:42 GSD getOne 第 15 次 等待 1 秒
2021-07-11 01:16:44 GSD getOne 第 16 次 等待 1 秒
2021-07-11 01:16:45 GSD getOne 第 17 次 等待 1 秒
2021-07-11 01:16:47 GSD getOne 第 18 次 等待 1 秒
2021-07-11 01:16:48 GSD getOne 第 19 次 等待 1 秒
2021-07-11 01:16:49 GSD getOne 第 20 次 等待 1 秒
2021-07-11 01:16:51 GSD getOne 第 21 次 等待 1 秒
2021-07-11 01:16:52 GSD getOne 第 22 次 等待 1 秒
2021-07-11 01:16:54 GSD getOne 第 23 次 等待 1 秒
2021-07-11 01:16:55 GSD getOne 第 24 次 等待 1 秒
2021-07-11 01:16:57 GSD getOne 第 25 次 等待 1 秒
2021-07-11 01:16:58 GSD getOne 第 26 次 等待 1 秒
2021-07-11 01:17:00 GSD getOne 第 27 次 等待 1 秒
2021-07-11 01:17:01 GSD getOne 第 28 次 等待 1 秒
2021-07-11 01:17:03 GSD getOne 第 29 次 等待 1 秒
2021-07-11 01:17:04 GSD getOne 第 30 次 等待 1 秒
2021-07-11 01:17:05 查询号码 【1325868】，返回信息 
2021-07-11 01:17:05 查询失败，1 秒后重新查询
2021-07-11 01:17:06 GSD getOne 第 1 次 等待 1 秒
2021-07-11 01:17:08 GSD getOne 第 2 次 等待 1 秒
2021-07-11 01:17:09 GSD getOne 第 3 次 等待 1 秒
2021-07-11 01:17:11 GSD getOne 第 4 次 等待 1 秒
2021-07-11 01:17:12 GSD getOne 第 5 次 等待 1 秒
2021-07-11 01:17:14 GSD getOne 第 6 次 等待 1 秒
2021-07-11 01:17:15 GSD getOne 第 7 次 等待 1 秒
2021-07-11 01:17:17 GSD getOne 第 8 次 等待 1 秒
2021-07-11 01:17:18 GSD getOne 第 9 次 等待 1 秒
2021-07-11 01:17:20 GSD getOne 第 10 次 等待 1 秒
2021-07-11 01:17:21 GSD getOne 第 11 次 等待 1 秒
2021-07-11 01:17:22 GSD getOne 第 12 次 等待 1 秒
2021-07-11 01:17:24 GSD getOne 第 13 次 等待 1 秒
2021-07-11 01:17:25 GSD getOne 第 14 次 等待 1 秒
2021-07-11 01:17:27 GSD getOne 第 15 次 等待 1 秒
2021-07-11 01:17:28 GSD getOne 第 16 次 等待 1 秒
2021-07-11 01:17:30 GSD getOne 第 17 次 等待 1 秒
2021-07-11 01:17:31 GSD getOne 第 18 次 等待 1 秒
2021-07-11 01:17:33 GSD getOne 第 19 次 等待 1 秒
2021-07-11 01:17:34 GSD getOne 第 20 次 等待 1 秒
2021-07-11 01:17:36 GSD getOne 第 21 次 等待 1 秒
2021-07-11 01:17:37 GSD getOne 第 22 次 等待 1 秒
2021-07-11 01:17:38 GSD getOne 第 23 次 等待 1 秒
2021-07-11 01:17:40 GSD getOne 第 24 次 等待 1 秒
2021-07-11 01:17:41 GSD getOne 第 25 次 等待 1 秒
2021-07-11 01:17:43 GSD getOne 第 26 次 等待 1 秒
2021-07-11 01:17:44 GSD getOne 第 27 次 等待 1 秒
2021-07-11 01:17:46 GSD getOne 第 28 次 等待 1 秒
2021-07-11 01:17:47 GSD getOne 第 29 次 等待 1 秒
2021-07-11 01:17:49 GSD getOne 第 30 次 等待 1 秒
2021-07-11 01:17:50 查询号码 【1325868】，返回信息 
2021-07-11 01:17:50 查询失败，结束本次操作，期待下次成功~
2021-07-11 01:17:50 下次操作: 2021-07-11 01:18:04

2021-07-11 01:18:04 开始第 14 次操作

2021-07-11 01:18:04 开始操作号码 【1325868】
2021-07-11 01:18:04 GSD getOne 第 1 次 等待 1 秒
2021-07-11 01:18:06 GSD getOne 第 2 次 等待 1 秒
2021-07-11 01:18:07 GSD getOne 第 3 次 等待 1 秒
2021-07-11 01:18:08 GSD getOne 第 4 次 等待 1 秒
2021-07-11 01:18:10 GSD getOne 第 5 次 等待 1 秒
2021-07-11 01:18:11 GSD getOne 第 6 次 等待 1 秒
2021-07-11 01:18:13 GSD getOne 第 7 次 等待 1 秒
2021-07-11 01:18:14 GSD getOne 第 8 次 等待 1 秒
2021-07-11 01:18:16 GSD getOne 第 9 次 等待 1 秒
2021-07-11 01:18:17 GSD getOne 第 10 次 等待 1 秒
2021-07-11 01:18:19 GSD getOne 第 11 次 等待 1 秒
2021-07-11 01:18:20 GSD getOne 第 12 次 等待 1 秒
2021-07-11 01:18:21 GSD getOne 第 13 次 等待 1 秒
2021-07-11 01:18:23 GSD getOne 第 14 次 等待 1 秒
2021-07-11 01:18:24 GSD getOne 第 15 次 等待 1 秒
2021-07-11 01:18:26 GSD getOne 第 16 次 等待 1 秒
2021-07-11 01:18:27 GSD getOne 第 17 次 等待 1 秒
2021-07-11 01:18:29 GSD getOne 第 18 次 等待 1 秒
2021-07-11 01:18:30 GSD getOne 第 19 次 等待 1 秒
2021-07-11 01:18:32 GSD getOne 第 20 次 等待 1 秒
2021-07-11 01:18:33 GSD getOne 第 21 次 等待 1 秒
2021-07-11 01:18:35 GSD getOne 第 22 次 等待 1 秒
2021-07-11 01:18:36 GSD getOne 第 23 次 等待 1 秒
2021-07-11 01:18:37 GSD getOne 第 24 次 等待 1 秒
2021-07-11 01:18:39 GSD getOne 第 25 次 等待 1 秒
2021-07-11 01:18:40 GSD getOne 第 26 次 等待 1 秒
2021-07-11 01:18:42 GSD getOne 第 27 次 等待 1 秒
2021-07-11 01:18:43 GSD getOne 第 28 次 等待 1 秒
2021-07-11 01:18:45 GSD getOne 第 29 次 等待 1 秒
2021-07-11 01:18:46 GSD getOne 第 30 次 等待 1 秒
2021-07-11 01:18:47 查询号码 【1325868】，返回信息 
2021-07-11 01:18:47 查询失败，1 秒后重新查询
2021-07-11 01:18:49 GSD getOne 第 1 次 等待 1 秒
2021-07-11 01:18:50 GSD getOne 第 2 次 等待 1 秒
2021-07-11 01:18:52 GSD getOne 第 3 次 等待 1 秒
2021-07-11 01:18:53 GSD getOne 第 4 次 等待 1 秒
2021-07-11 01:18:54 GSD getOne 第 5 次 等待 1 秒
2021-07-11 01:18:56 GSD getOne 第 6 次 等待 1 秒
2021-07-11 01:18:57 GSD getOne 第 7 次 等待 1 秒
2021-07-11 01:18:59 GSD getOne 第 8 次 等待 1 秒
2021-07-11 01:19:00 GSD getOne 第 9 次 等待 1 秒
2021-07-11 01:19:02 GSD getOne 第 10 次 等待 1 秒
2021-07-11 01:19:03 GSD getOne 第 11 次 等待 1 秒
2021-07-11 01:19:05 GSD getOne 第 12 次 等待 1 秒
2021-07-11 01:19:06 GSD getOne 第 13 次 等待 1 秒
2021-07-11 01:19:08 GSD getOne 第 14 次 等待 1 秒
2021-07-11 01:19:09 GSD getOne 第 15 次 等待 1 秒
2021-07-11 01:19:10 GSD getOne 第 16 次 等待 1 秒
2021-07-11 01:19:12 GSD getOne 第 17 次 等待 1 秒
2021-07-11 01:19:13 GSD getOne 第 18 次 等待 1 秒
2021-07-11 01:19:15 GSD getOne 第 19 次 等待 1 秒
2021-07-11 01:19:16 GSD getOne 第 20 次 等待 1 秒
2021-07-11 01:19:18 GSD getOne 第 21 次 等待 1 秒
2021-07-11 01:19:19 GSD getOne 第 22 次 等待 1 秒
2021-07-11 01:19:21 GSD getOne 第 23 次 等待 1 秒
2021-07-11 01:19:22 GSD getOne 第 24 次 等待 1 秒
2021-07-11 01:19:24 GSD getOne 第 25 次 等待 1 秒
2021-07-11 01:19:25 GSD getOne 第 26 次 等待 1 秒
2021-07-11 01:19:26 GSD getOne 第 27 次 等待 1 秒
2021-07-11 01:19:28 GSD getOne 第 28 次 等待 1 秒
2021-07-11 01:19:29 GSD getOne 第 29 次 等待 1 秒
2021-07-11 01:19:31 GSD getOne 第 30 次 等待 1 秒
2021-07-11 01:19:32 查询号码 【1325868】，返回信息 
2021-07-11 01:19:32 查询失败，结束本次操作，期待下次成功~
2021-07-11 01:19:32 下次操作: 2021-07-11 01:19:49

2021-07-11 01:19:49 开始第 15 次操作

2021-07-11 01:19:49 开始操作号码 【1325868】
2021-07-11 01:19:49 GSD getOne 第 1 次 等待 1 秒
2021-07-11 01:19:51 GSD getOne 第 2 次 等待 1 秒
2021-07-11 01:19:52 GSD getOne 第 3 次 等待 1 秒
2021-07-11 01:19:54 GSD getOne 第 4 次 等待 1 秒
2021-07-11 01:19:55 GSD getOne 第 5 次 等待 1 秒
2021-07-11 01:19:57 GSD getOne 第 6 次 等待 1 秒
2021-07-11 01:19:58 GSD getOne 第 7 次 等待 1 秒
2021-07-11 01:20:00 GSD getOne 第 8 次 等待 1 秒
2021-07-11 01:20:01 GSD getOne 第 9 次 等待 1 秒
2021-07-11 01:20:03 GSD getOne 第 10 次 等待 1 秒
2021-07-11 01:20:04 GSD getOne 第 11 次 等待 1 秒
2021-07-11 01:20:06 GSD getOne 第 12 次 等待 1 秒
2021-07-11 01:20:07 GSD getOne 第 13 次 等待 1 秒
2021-07-11 01:20:08 GSD getOne 第 14 次 等待 1 秒
2021-07-11 01:20:10 GSD getOne 第 15 次 等待 1 秒
2021-07-11 01:20:11 GSD getOne 第 16 次 等待 1 秒
2021-07-11 01:20:13 GSD getOne 第 17 次 等待 1 秒
2021-07-11 01:20:14 GSD getOne 第 18 次 等待 1 秒
2021-07-11 01:20:16 GSD getOne 第 19 次 等待 1 秒
2021-07-11 01:20:17 GSD getOne 第 20 次 等待 1 秒
2021-07-11 01:20:19 GSD getOne 第 21 次 等待 1 秒
2021-07-11 01:20:20 GSD getOne 第 22 次 等待 1 秒
2021-07-11 01:20:22 GSD getOne 第 23 次 等待 1 秒
2021-07-11 01:20:23 GSD getOne 第 24 次 等待 1 秒
2021-07-11 01:20:24 GSD getOne 第 25 次 等待 1 秒
2021-07-11 01:20:26 GSD getOne 第 26 次 等待 1 秒
2021-07-11 01:20:27 GSD getOne 第 27 次 等待 1 秒
2021-07-11 01:20:29 GSD getOne 第 28 次 等待 1 秒
2021-07-11 01:20:30 GSD getOne 第 29 次 等待 1 秒
2021-07-11 01:20:32 GSD getOne 第 30 次 等待 1 秒
2021-07-11 01:20:33 查询号码 【1325868】，返回信息 
2021-07-11 01:20:33 查询失败，1 秒后重新查询
2021-07-11 01:20:34 GSD getOne 第 1 次 等待 1 秒
2021-07-11 01:20:36 GSD getOne 第 2 次 等待 1 秒
2021-07-11 01:20:37 GSD getOne 第 3 次 等待 1 秒
2021-07-11 01:20:39 GSD getOne 第 4 次 等待 1 秒
2021-07-11 01:20:40 GSD getOne 第 5 次 等待 1 秒
2021-07-11 01:20:41 GSD getOne 第 6 次 等待 1 秒
2021-07-11 01:20:43 GSD getOne 第 7 次 等待 1 秒
2021-07-11 01:20:44 GSD getOne 第 8 次 等待 1 秒
2021-07-11 01:20:46 GSD getOne 第 9 次 等待 1 秒
2021-07-11 01:20:47 GSD getOne 第 10 次 等待 1 秒
2021-07-11 01:20:49 GSD getOne 第 11 次 等待 1 秒
2021-07-11 01:20:50 GSD getOne 第 12 次 等待 1 秒
2021-07-11 01:20:52 GSD getOne 第 13 次 等待 1 秒
2021-07-11 01:20:53 GSD getOne 第 14 次 等待 1 秒
2021-07-11 01:20:55 GSD getOne 第 15 次 等待 1 秒
2021-07-11 01:20:56 GSD getOne 第 16 次 等待 1 秒
2021-07-11 01:20:57 GSD getOne 第 17 次 等待 1 秒
2021-07-11 01:20:59 GSD getOne 第 18 次 等待 1 秒
2021-07-11 01:21:00 GSD getOne 第 19 次 等待 1 秒
2021-07-11 01:21:02 GSD getOne 第 20 次 等待 1 秒
2021-07-11 01:21:03 GSD getOne 第 21 次 等待 1 秒
2021-07-11 01:21:05 GSD getOne 第 22 次 等待 1 秒
2021-07-11 01:21:06 GSD getOne 第 23 次 等待 1 秒
2021-07-11 01:21:08 GSD getOne 第 24 次 等待 1 秒
2021-07-11 01:21:09 GSD getOne 第 25 次 等待 1 秒
2021-07-11 01:21:11 GSD getOne 第 26 次 等待 1 秒
2021-07-11 01:21:12 GSD getOne 第 27 次 等待 1 秒
2021-07-11 01:21:13 GSD getOne 第 28 次 等待 1 秒
2021-07-11 01:21:15 GSD getOne 第 29 次 等待 1 秒
2021-07-11 01:21:16 GSD getOne 第 30 次 等待 1 秒
2021-07-11 01:21:17 查询号码 【1325868】，返回信息 
2021-07-11 01:21:17 查询失败，结束本次操作，期待下次成功~
2021-07-11 01:21:17 下次操作: 2021-07-11 01:21:24

2021-07-11 01:21:24 开始第 16 次操作

2021-07-11 01:21:24 开始操作号码 【1325868】
2021-07-11 01:21:25 GSD getOne 第 1 次 等待 1 秒
2021-07-11 01:21:26 GSD getOne 第 2 次 等待 1 秒
2021-07-11 01:21:28 GSD getOne 第 3 次 等待 1 秒
2021-07-11 01:21:29 GSD getOne 第 4 次 等待 1 秒
2021-07-11 01:21:31 GSD getOne 第 5 次 等待 1 秒
2021-07-11 01:21:32 GSD getOne 第 6 次 等待 1 秒
2021-07-11 01:21:34 GSD getOne 第 7 次 等待 1 秒
2021-07-11 01:21:35 GSD getOne 第 8 次 等待 1 秒
2021-07-11 01:21:37 GSD getOne 第 9 次 等待 1 秒
2021-07-11 01:21:38 GSD getOne 第 10 次 等待 1 秒
2021-07-11 01:21:39 GSD getOne 第 11 次 等待 1 秒
2021-07-11 01:21:41 GSD getOne 第 12 次 等待 1 秒
2021-07-11 01:21:42 GSD getOne 第 13 次 等待 1 秒
2021-07-11 01:21:44 GSD getOne 第 14 次 等待 1 秒
2021-07-11 01:21:45 GSD getOne 第 15 次 等待 1 秒
2021-07-11 01:21:47 GSD getOne 第 16 次 等待 1 秒
2021-07-11 01:21:48 GSD getOne 第 17 次 等待 1 秒
2021-07-11 01:21:50 GSD getOne 第 18 次 等待 1 秒
2021-07-11 01:21:51 GSD getOne 第 19 次 等待 1 秒
2021-07-11 01:21:53 GSD getOne 第 20 次 等待 1 秒
2021-07-11 01:21:54 GSD getOne 第 21 次 等待 1 秒
2021-07-11 01:21:55 GSD getOne 第 22 次 等待 1 秒
2021-07-11 01:21:57 GSD getOne 第 23 次 等待 1 秒
2021-07-11 01:21:58 GSD getOne 第 24 次 等待 1 秒
2021-07-11 01:22:00 GSD getOne 第 25 次 等待 1 秒
2021-07-11 01:22:01 GSD getOne 第 26 次 等待 1 秒
2021-07-11 01:22:03 GSD getOne 第 27 次 等待 1 秒
2021-07-11 01:22:04 GSD getOne 第 28 次 等待 1 秒
2021-07-11 01:22:06 GSD getOne 第 29 次 等待 1 秒
2021-07-11 01:22:07 GSD getOne 第 30 次 等待 1 秒
2021-07-11 01:22:08 查询号码 【1325868】，返回信息 
2021-07-11 01:22:08 查询失败，1 秒后重新查询
2021-07-11 01:22:10 GSD getOne 第 1 次 等待 1 秒
2021-07-11 01:22:11 GSD getOne 第 2 次 等待 1 秒
2021-07-11 01:22:12 GSD getOne 第 3 次 等待 1 秒
2021-07-11 01:22:14 GSD getOne 第 4 次 等待 1 秒
2021-07-11 01:22:15 GSD getOne 第 5 次 等待 1 秒
2021-07-11 01:22:17 GSD getOne 第 6 次 等待 1 秒
2021-07-11 01:22:18 GSD getOne 第 7 次 等待 1 秒
2021-07-11 01:22:20 GSD getOne 第 8 次 等待 1 秒
2021-07-11 01:22:21 GSD getOne 第 9 次 等待 1 秒
2021-07-11 01:22:23 GSD getOne 第 10 次 等待 1 秒
2021-07-11 01:22:24 GSD getOne 第 11 次 等待 1 秒
2021-07-11 01:22:26 GSD getOne 第 12 次 等待 1 秒
2021-07-11 01:22:27 GSD getOne 第 13 次 等待 1 秒
2021-07-11 01:22:28 GSD getOne 第 14 次 等待 1 秒
2021-07-11 01:22:30 GSD getOne 第 15 次 等待 1 秒
2021-07-11 01:22:31 GSD getOne 第 16 次 等待 1 秒
2021-07-11 01:22:33 GSD getOne 第 17 次 等待 1 秒
2021-07-11 01:22:34 GSD getOne 第 18 次 等待 1 秒
2021-07-11 01:22:36 GSD getOne 第 19 次 等待 1 秒
2021-07-11 01:22:37 GSD getOne 第 20 次 等待 1 秒
2021-07-11 01:22:39 GSD getOne 第 21 次 等待 1 秒
2021-07-11 01:22:40 GSD getOne 第 22 次 等待 1 秒
2021-07-11 01:22:41 GSD getOne 第 23 次 等待 1 秒
2021-07-11 01:22:43 GSD getOne 第 24 次 等待 1 秒
2021-07-11 01:22:44 GSD getOne 第 25 次 等待 1 秒
2021-07-11 01:22:46 GSD getOne 第 26 次 等待 1 秒
2021-07-11 01:22:47 GSD getOne 第 27 次 等待 1 秒
2021-07-11 01:22:49 GSD getOne 第 28 次 等待 1 秒
2021-07-11 01:22:50 GSD getOne 第 29 次 等待 1 秒
2021-07-11 01:22:52 GSD getOne 第 30 次 等待 1 秒
2021-07-11 01:22:53 查询号码 【1325868】，返回信息 
2021-07-11 01:22:53 查询失败，结束本次操作，期待下次成功~
2021-07-11 01:22:53 下次操作: 2021-07-11 01:23:11

2021-07-11 01:23:11 开始第 17 次操作

2021-07-11 01:23:11 开始操作号码 【1325868】
2021-07-11 01:23:11 GSD getOne 第 1 次 等待 1 秒
2021-07-11 01:23:13 GSD getOne 第 2 次 等待 1 秒
2021-07-11 01:23:14 GSD getOne 第 3 次 等待 1 秒
2021-07-11 01:23:16 GSD getOne 第 4 次 等待 1 秒
2021-07-11 01:23:17 GSD getOne 第 5 次 等待 1 秒
2021-07-11 01:23:18 GSD getOne 第 6 次 等待 1 秒
2021-07-11 01:23:20 GSD getOne 第 7 次 等待 1 秒
2021-07-11 01:23:21 GSD getOne 第 8 次 等待 1 秒
2021-07-11 01:23:23 GSD getOne 第 9 次 等待 1 秒
2021-07-11 01:23:24 GSD getOne 第 10 次 等待 1 秒
2021-07-11 01:23:26 GSD getOne 第 11 次 等待 1 秒
2021-07-11 01:23:27 GSD getOne 第 12 次 等待 1 秒
2021-07-11 01:23:29 GSD getOne 第 13 次 等待 1 秒
2021-07-11 01:23:30 GSD getOne 第 14 次 等待 1 秒
2021-07-11 01:23:32 GSD getOne 第 15 次 等待 1 秒
2021-07-11 01:23:33 GSD getOne 第 16 次 等待 1 秒
2021-07-11 01:23:34 GSD getOne 第 17 次 等待 1 秒
2021-07-11 01:23:36 GSD getOne 第 18 次 等待 1 秒
2021-07-11 01:23:37 GSD getOne 第 19 次 等待 1 秒
2021-07-11 01:23:39 GSD getOne 第 20 次 等待 1 秒
2021-07-11 01:23:40 GSD getOne 第 21 次 等待 1 秒
2021-07-11 01:23:42 GSD getOne 第 22 次 等待 1 秒
2021-07-11 01:23:43 GSD getOne 第 23 次 等待 1 秒
2021-07-11 01:23:45 GSD getOne 第 24 次 等待 1 秒
2021-07-11 01:23:46 GSD getOne 第 25 次 等待 1 秒
2021-07-11 01:23:48 GSD getOne 第 26 次 等待 1 秒
2021-07-11 01:23:49 GSD getOne 第 27 次 等待 1 秒
2021-07-11 01:23:50 GSD getOne 第 28 次 等待 1 秒
2021-07-11 01:23:52 GSD getOne 第 29 次 等待 1 秒
2021-07-11 01:23:53 GSD getOne 第 30 次 等待 1 秒
2021-07-11 01:23:54 查询号码 【1325868】，返回信息 
2021-07-11 01:23:54 查询失败，1 秒后重新查询
2021-07-11 01:23:56 GSD getOne 第 1 次 等待 1 秒
2021-07-11 01:23:57 GSD getOne 第 2 次 等待 1 秒
2021-07-11 01:23:59 GSD getOne 第 3 次 等待 1 秒
2021-07-11 01:24:00 GSD getOne 第 4 次 等待 1 秒
2021-07-11 01:24:02 GSD getOne 第 5 次 等待 1 秒
2021-07-11 01:24:03 GSD getOne 第 6 次 等待 1 秒
2021-07-11 01:24:05 GSD getOne 第 7 次 等待 1 秒
2021-07-11 01:24:06 GSD getOne 第 8 次 等待 1 秒
2021-07-11 01:24:07 GSD getOne 第 9 次 等待 1 秒
2021-07-11 01:24:09 GSD getOne 第 10 次 等待 1 秒
2021-07-11 01:24:10 GSD getOne 第 11 次 等待 1 秒
2021-07-11 01:24:12 GSD getOne 第 12 次 等待 1 秒
2021-07-11 01:24:13 GSD getOne 第 13 次 等待 1 秒
2021-07-11 01:24:15 GSD getOne 第 14 次 等待 1 秒
2021-07-11 01:24:16 GSD getOne 第 15 次 等待 1 秒
2021-07-11 01:24:18 GSD getOne 第 16 次 等待 1 秒
2021-07-11 01:24:19 GSD getOne 第 17 次 等待 1 秒
2021-07-11 01:24:21 GSD getOne 第 18 次 等待 1 秒
2021-07-11 01:24:22 GSD getOne 第 19 次 等待 1 秒
2021-07-11 01:24:23 GSD getOne 第 20 次 等待 1 秒
2021-07-11 01:24:25 GSD getOne 第 21 次 等待 1 秒
2021-07-11 01:24:26 GSD getOne 第 22 次 等待 1 秒
2021-07-11 01:24:28 GSD getOne 第 23 次 等待 1 秒
2021-07-11 01:24:29 GSD getOne 第 24 次 等待 1 秒
2021-07-11 01:24:31 GSD getOne 第 25 次 等待 1 秒
2021-07-11 01:24:32 GSD getOne 第 26 次 等待 1 秒
2021-07-11 01:24:34 GSD getOne 第 27 次 等待 1 秒
2021-07-11 01:24:35 GSD getOne 第 28 次 等待 1 秒
2021-07-11 01:24:37 GSD getOne 第 29 次 等待 1 秒
2021-07-11 01:24:38 GSD getOne 第 30 次 等待 1 秒
2021-07-11 01:24:39 查询号码 【1325868】，返回信息 
2021-07-11 01:24:39 查询失败，结束本次操作，期待下次成功~
2021-07-11 01:24:39 下次操作: 2021-07-11 01:24:48

2021-07-11 01:24:48 开始第 18 次操作

2021-07-11 01:24:48 开始操作号码 【1325868】
2021-07-11 01:24:48 GSD getOne 第 1 次 等待 1 秒
2021-07-11 01:24:50 GSD getOne 第 2 次 等待 1 秒
2021-07-11 01:24:51 GSD getOne 第 3 次 等待 1 秒
2021-07-11 01:24:53 GSD getOne 第 4 次 等待 1 秒
2021-07-11 01:24:54 GSD getOne 第 5 次 等待 1 秒
2021-07-11 01:24:56 GSD getOne 第 6 次 等待 1 秒
2021-07-11 01:24:57 GSD getOne 第 7 次 等待 1 秒
2021-07-11 01:24:59 GSD getOne 第 8 次 等待 1 秒
2021-07-11 01:25:00 GSD getOne 第 9 次 等待 1 秒
2021-07-11 01:25:02 GSD getOne 第 10 次 等待 1 秒
2021-07-11 01:25:03 GSD getOne 第 11 次 等待 1 秒
2021-07-11 01:25:04 GSD getOne 第 12 次 等待 1 秒
2021-07-11 01:25:06 GSD getOne 第 13 次 等待 1 秒
2021-07-11 01:25:07 GSD getOne 第 14 次 等待 1 秒
2021-07-11 01:25:09 GSD getOne 第 15 次 等待 1 秒
2021-07-11 01:25:10 GSD getOne 第 16 次 等待 1 秒
2021-07-11 01:25:12 GSD getOne 第 17 次 等待 1 秒
2021-07-11 01:25:13 GSD getOne 第 18 次 等待 1 秒
2021-07-11 01:25:15 GSD getOne 第 19 次 等待 1 秒
2021-07-11 01:25:16 GSD getOne 第 20 次 等待 1 秒
2021-07-11 01:25:18 GSD getOne 第 21 次 等待 1 秒
2021-07-11 01:25:19 GSD getOne 第 22 次 等待 1 秒
2021-07-11 01:25:21 GSD getOne 第 23 次 等待 1 秒
2021-07-11 01:25:22 GSD getOne 第 24 次 等待 1 秒
2021-07-11 01:25:23 GSD getOne 第 25 次 等待 1 秒
2021-07-11 01:25:25 GSD getOne 第 26 次 等待 1 秒
2021-07-11 01:25:26 GSD getOne 第 27 次 等待 1 秒
2021-07-11 01:25:28 GSD getOne 第 28 次 等待 1 秒
2021-07-11 01:25:29 GSD getOne 第 29 次 等待 1 秒
2021-07-11 01:25:31 GSD getOne 第 30 次 等待 1 秒
2021-07-11 01:25:32 查询号码 【1325868】，返回信息 
2021-07-11 01:25:32 查询失败，1 秒后重新查询
2021-07-11 01:25:33 GSD getOne 第 1 次 等待 1 秒
2021-07-11 01:25:35 GSD getOne 第 2 次 等待 1 秒
2021-07-11 01:25:36 GSD getOne 第 3 次 等待 1 秒
2021-07-11 01:25:38 GSD getOne 第 4 次 等待 1 秒
2021-07-11 01:25:39 GSD getOne 第 5 次 等待 1 秒
2021-07-11 01:25:40 GSD getOne 第 6 次 等待 1 秒
2021-07-11 01:25:42 GSD getOne 第 7 次 等待 1 秒
2021-07-11 01:25:43 GSD getOne 第 8 次 等待 1 秒
2021-07-11 01:25:45 GSD getOne 第 9 次 等待 1 秒
2021-07-11 01:25:46 GSD getOne 第 10 次 等待 1 秒
2021-07-11 01:25:48 GSD getOne 第 11 次 等待 1 秒
2021-07-11 01:25:49 GSD getOne 第 12 次 等待 1 秒
2021-07-11 01:25:51 GSD getOne 第 13 次 等待 1 秒
2021-07-11 01:25:52 GSD getOne 第 14 次 等待 1 秒
2021-07-11 01:25:54 GSD getOne 第 15 次 等待 1 秒
2021-07-11 01:25:55 GSD getOne 第 16 次 等待 1 秒
2021-07-11 01:25:56 GSD getOne 第 17 次 等待 1 秒
2021-07-11 01:25:58 GSD getOne 第 18 次 等待 1 秒
2021-07-11 01:25:59 GSD getOne 第 19 次 等待 1 秒
2021-07-11 01:26:01 GSD getOne 第 20 次 等待 1 秒
2021-07-11 01:26:02 GSD getOne 第 21 次 等待 1 秒
2021-07-11 01:26:04 GSD getOne 第 22 次 等待 1 秒
2021-07-11 01:26:05 GSD getOne 第 23 次 等待 1 秒
2021-07-11 01:26:07 GSD getOne 第 24 次 等待 1 秒
2021-07-11 01:26:08 GSD getOne 第 25 次 等待 1 秒
2021-07-11 01:26:10 GSD getOne 第 26 次 等待 1 秒
2021-07-11 01:26:11 GSD getOne 第 27 次 等待 1 秒
2021-07-11 01:26:12 GSD getOne 第 28 次 等待 1 秒
2021-07-11 01:26:14 GSD getOne 第 29 次 等待 1 秒
2021-07-11 01:26:15 GSD getOne 第 30 次 等待 1 秒
2021-07-11 01:26:16 查询号码 【1325868】，返回信息 
2021-07-11 01:26:16 查询失败，结束本次操作，期待下次成功~
2021-07-11 01:26:16 下次操作: 2021-07-11 01:26:30

2021-07-11 01:26:30 开始第 19 次操作

2021-07-11 01:26:30 开始操作号码 【1325868】
2021-07-11 01:26:31 GSD getOne 第 1 次 等待 1 秒
2021-07-11 01:26:33 GSD getOne 第 2 次 等待 1 秒
2021-07-11 01:26:34 GSD getOne 第 3 次 等待 1 秒
2021-07-11 01:26:36 GSD getOne 第 4 次 等待 1 秒
2021-07-11 01:26:37 GSD getOne 第 5 次 等待 1 秒
2021-07-11 01:26:39 GSD getOne 第 6 次 等待 1 秒
2021-07-11 01:26:40 GSD getOne 第 7 次 等待 1 秒
2021-07-11 01:26:42 GSD getOne 第 8 次 等待 1 秒
2021-07-11 01:26:43 GSD getOne 第 9 次 等待 1 秒
2021-07-11 01:26:44 GSD getOne 第 10 次 等待 1 秒
2021-07-11 01:26:46 GSD getOne 第 11 次 等待 1 秒
2021-07-11 01:26:47 GSD getOne 第 12 次 等待 1 秒
2021-07-11 01:26:49 GSD getOne 第 13 次 等待 1 秒
2021-07-11 01:26:50 GSD getOne 第 14 次 等待 1 秒
2021-07-11 01:26:52 GSD getOne 第 15 次 等待 1 秒
2021-07-11 01:26:53 GSD getOne 第 16 次 等待 1 秒
2021-07-11 01:26:55 GSD getOne 第 17 次 等待 1 秒
2021-07-11 01:26:56 GSD getOne 第 18 次 等待 1 秒
2021-07-11 01:26:58 GSD getOne 第 19 次 等待 1 秒
2021-07-11 01:26:59 GSD getOne 第 20 次 等待 1 秒
2021-07-11 01:27:01 GSD getOne 第 21 次 等待 1 秒
2021-07-11 01:27:02 GSD getOne 第 22 次 等待 1 秒
2021-07-11 01:27:03 GSD getOne 第 23 次 等待 1 秒
2021-07-11 01:27:05 GSD getOne 第 24 次 等待 1 秒
2021-07-11 01:27:06 GSD getOne 第 25 次 等待 1 秒
2021-07-11 01:27:08 GSD getOne 第 26 次 等待 1 秒
2021-07-11 01:27:09 GSD getOne 第 27 次 等待 1 秒
2021-07-11 01:27:11 GSD getOne 第 28 次 等待 1 秒
2021-07-11 01:27:12 GSD getOne 第 29 次 等待 1 秒
2021-07-11 01:27:14 GSD getOne 第 30 次 等待 1 秒
2021-07-11 01:27:15 查询号码 【1325868】，返回信息 
2021-07-11 01:27:15 查询失败，1 秒后重新查询
2021-07-11 01:27:16 GSD getOne 第 1 次 等待 1 秒
2021-07-11 01:27:18 GSD getOne 第 2 次 等待 1 秒
2021-07-11 01:27:19 GSD getOne 第 3 次 等待 1 秒
2021-07-11 01:27:20 GSD getOne 第 4 次 等待 1 秒
2021-07-11 01:27:22 GSD getOne 第 5 次 等待 1 秒
2021-07-11 01:27:23 GSD getOne 第 6 次 等待 1 秒
2021-07-11 01:27:25 GSD getOne 第 7 次 等待 1 秒
2021-07-11 01:27:26 GSD getOne 第 8 次 等待 1 秒
2021-07-11 01:27:28 GSD getOne 第 9 次 等待 1 秒
2021-07-11 01:27:29 GSD getOne 第 10 次 等待 1 秒
2021-07-11 01:27:31 GSD getOne 第 11 次 等待 1 秒
2021-07-11 01:27:32 GSD getOne 第 12 次 等待 1 秒
2021-07-11 01:27:33 GSD getOne 第 13 次 等待 1 秒
2021-07-11 01:27:35 GSD getOne 第 14 次 等待 1 秒
2021-07-11 01:27:36 GSD getOne 第 15 次 等待 1 秒
2021-07-11 01:27:38 GSD getOne 第 16 次 等待 1 秒
2021-07-11 01:27:39 GSD getOne 第 17 次 等待 1 秒
2021-07-11 01:27:41 GSD getOne 第 18 次 等待 1 秒
2021-07-11 01:27:42 GSD getOne 第 19 次 等待 1 秒
2021-07-11 01:27:44 GSD getOne 第 20 次 等待 1 秒
2021-07-11 01:27:45 GSD getOne 第 21 次 等待 1 秒
2021-07-11 01:27:47 GSD getOne 第 22 次 等待 1 秒
2021-07-11 01:27:48 GSD getOne 第 23 次 等待 1 秒
2021-07-11 01:27:49 GSD getOne 第 24 次 等待 1 秒
2021-07-11 01:27:51 GSD getOne 第 25 次 等待 1 秒
2021-07-11 01:27:52 GSD getOne 第 26 次 等待 1 秒
2021-07-11 01:27:54 GSD getOne 第 27 次 等待 1 秒
2021-07-11 01:27:55 GSD getOne 第 28 次 等待 1 秒
2021-07-11 01:27:57 GSD getOne 第 29 次 等待 1 秒
2021-07-11 01:27:58 GSD getOne 第 30 次 等待 1 秒
2021-07-11 01:27:59 查询号码 【1325868】，返回信息 
2021-07-11 01:27:59 查询失败，结束本次操作，期待下次成功~
2021-07-11 01:27:59 下次操作: 2021-07-11 01:28:08

2021-07-11 01:28:08 开始第 20 次操作

2021-07-11 01:28:08 开始操作号码 【1325868】
2021-07-11 01:28:09 GSD getOne 第 1 次 等待 1 秒
2021-07-11 01:28:10 GSD getOne 第 2 次 等待 1 秒
2021-07-11 01:28:12 GSD getOne 第 3 次 等待 1 秒
2021-07-11 01:28:13 GSD getOne 第 4 次 等待 1 秒
2021-07-11 01:28:15 GSD getOne 第 5 次 等待 1 秒
2021-07-11 01:28:16 GSD getOne 第 6 次 等待 1 秒
2021-07-11 01:28:17 GSD getOne 第 7 次 等待 1 秒
2021-07-11 01:28:19 GSD getOne 第 8 次 等待 1 秒
2021-07-11 01:28:20 GSD getOne 第 9 次 等待 1 秒
2021-07-11 01:28:22 GSD getOne 第 10 次 等待 1 秒
2021-07-11 01:28:23 GSD getOne 第 11 次 等待 1 秒
2021-07-11 01:28:25 GSD getOne 第 12 次 等待 1 秒
2021-07-11 01:28:26 GSD getOne 第 13 次 等待 1 秒
2021-07-11 01:28:28 GSD getOne 第 14 次 等待 1 秒
2021-07-11 01:28:29 GSD getOne 第 15 次 等待 1 秒
2021-07-11 01:28:31 GSD getOne 第 16 次 等待 1 秒
2021-07-11 01:28:32 GSD getOne 第 17 次 等待 1 秒
2021-07-11 01:28:34 GSD getOne 第 18 次 等待 1 秒
2021-07-11 01:28:35 GSD getOne 第 19 次 等待 1 秒
2021-07-11 01:28:36 GSD getOne 第 20 次 等待 1 秒
2021-07-11 01:28:38 GSD getOne 第 21 次 等待 1 秒
2021-07-11 01:28:39 GSD getOne 第 22 次 等待 1 秒
2021-07-11 01:28:41 GSD getOne 第 23 次 等待 1 秒
2021-07-11 01:28:42 GSD getOne 第 24 次 等待 1 秒
2021-07-11 01:28:44 GSD getOne 第 25 次 等待 1 秒
2021-07-11 01:28:45 GSD getOne 第 26 次 等待 1 秒
2021-07-11 01:28:47 GSD getOne 第 27 次 等待 1 秒
2021-07-11 01:28:48 GSD getOne 第 28 次 等待 1 秒
2021-07-11 01:28:49 GSD getOne 第 29 次 等待 1 秒
2021-07-11 01:28:51 GSD getOne 第 30 次 等待 1 秒
2021-07-11 01:28:52 查询号码 【1325868】，返回信息 
2021-07-11 01:28:52 查询失败，1 秒后重新查询
2021-07-11 01:28:53 GSD getOne 第 1 次 等待 1 秒
2021-07-11 01:28:55 GSD getOne 第 2 次 等待 1 秒
2021-07-11 01:28:56 GSD getOne 第 3 次 等待 1 秒
2021-07-11 01:28:58 GSD getOne 第 4 次 等待 1 秒
2021-07-11 01:28:59 GSD getOne 第 5 次 等待 1 秒
2021-07-11 01:29:01 GSD getOne 第 6 次 等待 1 秒
2021-07-11 01:29:02 GSD getOne 第 7 次 等待 1 秒
2021-07-11 01:29:03 GSD getOne 第 8 次 等待 1 秒
2021-07-11 01:29:05 GSD getOne 第 9 次 等待 1 秒
2021-07-11 01:29:06 GSD getOne 第 10 次 等待 1 秒
2021-07-11 01:29:08 GSD getOne 第 11 次 等待 1 秒
2021-07-11 01:29:09 GSD getOne 第 12 次 等待 1 秒
2021-07-11 01:29:11 GSD getOne 第 13 次 等待 1 秒
2021-07-11 01:29:12 GSD getOne 第 14 次 等待 1 秒
2021-07-11 01:29:14 GSD getOne 第 15 次 等待 1 秒
2021-07-11 01:29:15 GSD getOne 第 16 次 等待 1 秒
2021-07-11 01:29:17 GSD getOne 第 17 次 等待 1 秒
2021-07-11 01:29:18 GSD getOne 第 18 次 等待 1 秒
2021-07-11 01:29:19 GSD getOne 第 19 次 等待 1 秒
2021-07-11 01:29:21 GSD getOne 第 20 次 等待 1 秒
2021-07-11 01:29:22 GSD getOne 第 21 次 等待 1 秒
2021-07-11 01:29:24 GSD getOne 第 22 次 等待 1 秒
2021-07-11 01:29:25 GSD getOne 第 23 次 等待 1 秒
2021-07-11 01:29:27 GSD getOne 第 24 次 等待 1 秒
2021-07-11 01:29:28 GSD getOne 第 25 次 等待 1 秒
2021-07-11 01:29:30 GSD getOne 第 26 次 等待 1 秒
2021-07-11 01:29:31 GSD getOne 第 27 次 等待 1 秒
2021-07-11 01:29:33 GSD getOne 第 28 次 等待 1 秒
2021-07-11 01:29:34 GSD getOne 第 29 次 等待 1 秒
2021-07-11 01:29:35 GSD getOne 第 30 次 等待 1 秒
2021-07-11 01:29:36 查询号码 【1325868】，返回信息 
2021-07-11 01:29:36 查询失败，结束本次操作，期待下次成功~
2021-07-11 01:29:36 下次操作: 2021-07-11 01:29:43

2021-07-11 01:29:43 开始第 21 次操作

2021-07-11 01:29:43 开始操作号码 【1325868】
2021-07-11 01:29:44 GSD getOne 第 1 次 等待 1 秒
2021-07-11 01:29:45 GSD getOne 第 2 次 等待 1 秒
2021-07-11 01:29:47 GSD getOne 第 3 次 等待 1 秒
2021-07-11 01:29:48 GSD getOne 第 4 次 等待 1 秒
2021-07-11 01:29:50 GSD getOne 第 5 次 等待 1 秒
2021-07-11 01:29:51 GSD getOne 第 6 次 等待 1 秒
2021-07-11 01:29:53 GSD getOne 第 7 次 等待 1 秒
2021-07-11 01:29:54 GSD getOne 第 8 次 等待 1 秒
2021-07-11 01:29:56 GSD getOne 第 9 次 等待 1 秒
2021-07-11 01:29:57 GSD getOne 第 10 次 等待 1 秒
2021-07-11 01:29:58 GSD getOne 第 11 次 等待 1 秒
2021-07-11 01:30:00 GSD getOne 第 12 次 等待 1 秒
2021-07-11 01:30:01 GSD getOne 第 13 次 等待 1 秒
2021-07-11 01:30:03 GSD getOne 第 14 次 等待 1 秒
2021-07-11 01:30:04 GSD getOne 第 15 次 等待 1 秒
2021-07-11 01:30:06 GSD getOne 第 16 次 等待 1 秒
2021-07-11 01:30:07 GSD getOne 第 17 次 等待 1 秒
2021-07-11 01:30:09 GSD getOne 第 18 次 等待 1 秒
2021-07-11 01:30:10 GSD getOne 第 19 次 等待 1 秒
2021-07-11 01:30:12 GSD getOne 第 20 次 等待 1 秒
2021-07-11 01:30:13 GSD getOne 第 21 次 等待 1 秒
2021-07-11 01:30:14 GSD getOne 第 22 次 等待 1 秒
2021-07-11 01:30:16 GSD getOne 第 23 次 等待 1 秒
2021-07-11 01:30:17 GSD getOne 第 24 次 等待 1 秒
2021-07-11 01:30:19 GSD getOne 第 25 次 等待 1 秒
2021-07-11 01:30:20 GSD getOne 第 26 次 等待 1 秒
2021-07-11 01:30:22 GSD getOne 第 27 次 等待 1 秒
2021-07-11 01:30:23 GSD getOne 第 28 次 等待 1 秒
2021-07-11 01:30:25 GSD getOne 第 29 次 等待 1 秒
2021-07-11 01:30:26 GSD getOne 第 30 次 等待 1 秒
2021-07-11 01:30:27 查询号码 【1325868】，返回信息 
2021-07-11 01:30:27 查询失败，1 秒后重新查询
2021-07-11 01:30:28 GSD getOne 第 1 次 等待 1 秒
2021-07-11 01:30:30 GSD getOne 第 2 次 等待 1 秒
2021-07-11 01:30:31 GSD getOne 第 3 次 等待 1 秒
2021-07-11 01:30:33 GSD getOne 第 4 次 等待 1 秒
2021-07-11 01:30:34 GSD getOne 第 5 次 等待 1 秒
2021-07-11 01:30:36 GSD getOne 第 6 次 等待 1 秒
2021-07-11 01:30:37 GSD getOne 第 7 次 等待 1 秒
2021-07-11 01:30:39 GSD getOne 第 8 次 等待 1 秒
2021-07-11 01:30:40 GSD getOne 第 9 次 等待 1 秒
2021-07-11 01:30:41 GSD getOne 第 10 次 等待 1 秒
2021-07-11 01:30:43 GSD getOne 第 11 次 等待 1 秒
2021-07-11 01:30:44 GSD getOne 第 12 次 等待 1 秒
2021-07-11 01:30:46 GSD getOne 第 13 次 等待 1 秒
2021-07-11 01:30:47 GSD getOne 第 14 次 等待 1 秒
2021-07-11 01:30:49 GSD getOne 第 15 次 等待 1 秒
2021-07-11 01:30:50 GSD getOne 第 16 次 等待 1 秒
2021-07-11 01:30:52 GSD getOne 第 17 次 等待 1 秒
2021-07-11 01:30:53 GSD getOne 第 18 次 等待 1 秒
2021-07-11 01:30:55 GSD getOne 第 19 次 等待 1 秒
2021-07-11 01:30:56 GSD getOne 第 20 次 等待 1 秒
2021-07-11 01:30:57 GSD getOne 第 21 次 等待 1 秒
2021-07-11 01:30:59 GSD getOne 第 22 次 等待 1 秒
2021-07-11 01:31:00 GSD getOne 第 23 次 等待 1 秒
2021-07-11 01:31:02 GSD getOne 第 24 次 等待 1 秒
2021-07-11 01:31:03 GSD getOne 第 25 次 等待 1 秒
2021-07-11 01:31:05 GSD getOne 第 26 次 等待 1 秒
2021-07-11 01:31:06 GSD getOne 第 27 次 等待 1 秒
2021-07-11 01:31:08 GSD getOne 第 28 次 等待 1 秒
2021-07-11 01:31:09 GSD getOne 第 29 次 等待 1 秒
2021-07-11 01:31:11 GSD getOne 第 30 次 等待 1 秒
2021-07-11 01:31:12 查询号码 【1325868】，返回信息 
2021-07-11 01:31:12 查询失败，结束本次操作，期待下次成功~
2021-07-11 01:31:12 下次操作: 2021-07-11 01:31:27

2021-07-11 01:31:27 开始第 22 次操作

2021-07-11 01:31:27 开始操作号码 【1325868】
2021-07-11 01:31:27 GSD getOne 第 1 次 等待 1 秒
2021-07-11 01:31:28 GSD getOne 第 2 次 等待 1 秒
2021-07-11 01:31:30 GSD getOne 第 3 次 等待 1 秒
2021-07-11 01:31:31 GSD getOne 第 4 次 等待 1 秒
2021-07-11 01:31:33 GSD getOne 第 5 次 等待 1 秒
2021-07-11 01:31:34 GSD getOne 第 6 次 等待 1 秒
2021-07-11 01:31:36 GSD getOne 第 7 次 等待 1 秒
2021-07-11 01:31:37 GSD getOne 第 8 次 等待 1 秒
2021-07-11 01:31:39 GSD getOne 第 9 次 等待 1 秒
2021-07-11 01:31:40 GSD getOne 第 10 次 等待 1 秒
2021-07-11 01:31:42 GSD getOne 第 11 次 等待 1 秒
2021-07-11 01:31:43 GSD getOne 第 12 次 等待 1 秒
2021-07-11 01:31:45 GSD getOne 第 13 次 等待 1 秒
2021-07-11 01:31:46 GSD getOne 第 14 次 等待 1 秒
2021-07-11 01:31:47 GSD getOne 第 15 次 等待 1 秒
2021-07-11 01:31:49 GSD getOne 第 16 次 等待 1 秒
2021-07-11 01:31:50 GSD getOne 第 17 次 等待 1 秒
2021-07-11 01:31:52 GSD getOne 第 18 次 等待 1 秒
2021-07-11 01:31:53 GSD getOne 第 19 次 等待 1 秒
2021-07-11 01:31:55 GSD getOne 第 20 次 等待 1 秒
2021-07-11 01:31:56 GSD getOne 第 21 次 等待 1 秒
2021-07-11 01:31:58 GSD getOne 第 22 次 等待 1 秒
2021-07-11 01:31:59 GSD getOne 第 23 次 等待 1 秒
2021-07-11 01:32:00 GSD getOne 第 24 次 等待 1 秒
2021-07-11 01:32:02 GSD getOne 第 25 次 等待 1 秒
2021-07-11 01:32:03 GSD getOne 第 26 次 等待 1 秒
2021-07-11 01:32:05 GSD getOne 第 27 次 等待 1 秒
2021-07-11 01:32:06 GSD getOne 第 28 次 等待 1 秒
2021-07-11 01:32:08 GSD getOne 第 29 次 等待 1 秒
2021-07-11 01:32:09 GSD getOne 第 30 次 等待 1 秒
2021-07-11 01:32:10 查询号码 【1325868】，返回信息 
2021-07-11 01:32:10 查询失败，1 秒后重新查询
2021-07-11 01:32:12 GSD getOne 第 1 次 等待 1 秒
2021-07-11 01:32:13 GSD getOne 第 2 次 等待 1 秒
2021-07-11 01:32:15 GSD getOne 第 3 次 等待 1 秒
2021-07-11 01:32:16 GSD getOne 第 4 次 等待 1 秒
2021-07-11 01:32:17 GSD getOne 第 5 次 等待 1 秒
2021-07-11 01:32:19 GSD getOne 第 6 次 等待 1 秒
2021-07-11 01:32:20 GSD getOne 第 7 次 等待 1 秒
2021-07-11 01:32:22 GSD getOne 第 8 次 等待 1 秒
2021-07-11 01:32:23 GSD getOne 第 9 次 等待 1 秒
2021-07-11 01:32:25 GSD getOne 第 10 次 等待 1 秒
2021-07-11 01:32:26 GSD getOne 第 11 次 等待 1 秒
2021-07-11 01:32:28 GSD getOne 第 12 次 等待 1 秒
2021-07-11 01:32:29 GSD getOne 第 13 次 等待 1 秒
2021-07-11 01:32:31 GSD getOne 第 14 次 等待 1 秒
2021-07-11 01:32:32 GSD getOne 第 15 次 等待 1 秒
2021-07-11 01:32:33 GSD getOne 第 16 次 等待 1 秒
2021-07-11 01:32:35 GSD getOne 第 17 次 等待 1 秒
2021-07-11 01:32:36 GSD getOne 第 18 次 等待 1 秒
2021-07-11 01:32:38 GSD getOne 第 19 次 等待 1 秒
2021-07-11 01:32:39 GSD getOne 第 20 次 等待 1 秒
2021-07-11 01:32:41 GSD getOne 第 21 次 等待 1 秒
2021-07-11 01:32:42 GSD getOne 第 22 次 等待 1 秒
2021-07-11 01:32:44 GSD getOne 第 23 次 等待 1 秒
2021-07-11 01:32:45 GSD getOne 第 24 次 等待 1 秒
2021-07-11 01:32:47 GSD getOne 第 25 次 等待 1 秒
2021-07-11 01:32:48 GSD getOne 第 26 次 等待 1 秒
2021-07-11 01:32:49 GSD getOne 第 27 次 等待 1 秒
2021-07-11 01:32:51 GSD getOne 第 28 次 等待 1 秒
2021-07-11 01:32:53 GSD getOne 第 29 次 等待 1 秒
2021-07-11 01:32:54 GSD getOne 第 30 次 等待 1 秒
2021-07-11 01:32:55 查询号码 【1325868】，返回信息 
2021-07-11 01:32:55 查询失败，结束本次操作，期待下次成功~
2021-07-11 01:32:55 下次操作: 2021-07-11 01:33:02

2021-07-11 01:33:02 开始第 23 次操作

2021-07-11 01:33:02 开始操作号码 【1325868】
2021-07-11 01:33:02 GSD getOne 第 1 次 等待 1 秒
2021-07-11 01:33:04 GSD getOne 第 2 次 等待 1 秒
2021-07-11 01:33:05 GSD getOne 第 3 次 等待 1 秒
2021-07-11 01:33:07 GSD getOne 第 4 次 等待 1 秒
2021-07-11 01:33:08 GSD getOne 第 5 次 等待 1 秒
2021-07-11 01:33:10 GSD getOne 第 6 次 等待 1 秒
2021-07-11 01:33:11 GSD getOne 第 7 次 等待 1 秒
2021-07-11 01:33:13 GSD getOne 第 8 次 等待 1 秒
2021-07-11 01:33:14 GSD getOne 第 9 次 等待 1 秒
2021-07-11 01:33:16 GSD getOne 第 10 次 等待 1 秒
2021-07-11 01:33:17 GSD getOne 第 11 次 等待 1 秒
2021-07-11 01:33:18 GSD getOne 第 12 次 等待 1 秒
2021-07-11 01:33:20 GSD getOne 第 13 次 等待 1 秒
2021-07-11 01:33:21 GSD getOne 第 14 次 等待 1 秒
2021-07-11 01:33:23 GSD getOne 第 15 次 等待 1 秒
2021-07-11 01:33:24 GSD getOne 第 16 次 等待 1 秒
2021-07-11 01:33:26 GSD getOne 第 17 次 等待 1 秒
2021-07-11 01:33:27 GSD getOne 第 18 次 等待 1 秒
2021-07-11 01:33:29 GSD getOne 第 19 次 等待 1 秒
2021-07-11 01:33:30 GSD getOne 第 20 次 等待 1 秒
2021-07-11 01:33:31 GSD getOne 第 21 次 等待 1 秒
2021-07-11 01:33:33 GSD getOne 第 22 次 等待 1 秒
2021-07-11 01:33:35 GSD getOne 第 23 次 等待 1 秒
2021-07-11 01:33:37 GSD getOne 第 24 次 等待 1 秒
2021-07-11 01:33:38 GSD getOne 第 25 次 等待 1 秒
2021-07-11 01:33:39 GSD getOne 第 26 次 等待 1 秒
2021-07-11 01:33:41 GSD getOne 第 27 次 等待 1 秒
2021-07-11 01:33:42 GSD getOne 第 28 次 等待 1 秒
2021-07-11 01:33:44 GSD getOne 第 29 次 等待 1 秒
2021-07-11 01:33:45 GSD getOne 第 30 次 等待 1 秒
2021-07-11 01:33:46 查询号码 【1325868】，返回信息 
2021-07-11 01:33:46 查询失败，1 秒后重新查询
2021-07-11 01:33:48 GSD getOne 第 1 次 等待 1 秒
2021-07-11 01:33:49 GSD getOne 第 2 次 等待 1 秒
2021-07-11 01:33:51 GSD getOne 第 3 次 等待 1 秒
2021-07-11 01:33:52 GSD getOne 第 4 次 等待 1 秒
2021-07-11 01:33:54 GSD getOne 第 5 次 等待 1 秒
2021-07-11 01:33:55 GSD getOne 第 6 次 等待 1 秒
2021-07-11 01:33:56 GSD getOne 第 7 次 等待 1 秒
2021-07-11 01:33:58 GSD getOne 第 8 次 等待 1 秒
2021-07-11 01:33:59 GSD getOne 第 9 次 等待 1 秒
2021-07-11 01:34:01 GSD getOne 第 10 次 等待 1 秒
2021-07-11 01:34:02 GSD getOne 第 11 次 等待 1 秒
2021-07-11 01:34:04 GSD getOne 第 12 次 等待 1 秒
2021-07-11 01:34:05 GSD getOne 第 13 次 等待 1 秒
2021-07-11 01:34:07 GSD getOne 第 14 次 等待 1 秒
2021-07-11 01:34:08 GSD getOne 第 15 次 等待 1 秒
2021-07-11 01:34:09 GSD getOne 第 16 次 等待 1 秒
2021-07-11 01:34:11 GSD getOne 第 17 次 等待 1 秒
2021-07-11 01:34:12 GSD getOne 第 18 次 等待 1 秒
2021-07-11 01:34:14 GSD getOne 第 19 次 等待 1 秒
2021-07-11 01:34:15 GSD getOne 第 20 次 等待 1 秒
2021-07-11 01:34:17 GSD getOne 第 21 次 等待 1 秒
2021-07-11 01:34:18 GSD getOne 第 22 次 等待 1 秒
2021-07-11 01:34:20 GSD getOne 第 23 次 等待 1 秒
2021-07-11 01:34:21 GSD getOne 第 24 次 等待 1 秒
2021-07-11 01:34:23 GSD getOne 第 25 次 等待 1 秒
2021-07-11 01:34:24 GSD getOne 第 26 次 等待 1 秒
2021-07-11 01:34:25 GSD getOne 第 27 次 等待 1 秒
2021-07-11 01:34:27 GSD getOne 第 28 次 等待 1 秒
2021-07-11 01:34:28 GSD getOne 第 29 次 等待 1 秒
2021-07-11 01:34:30 GSD getOne 第 30 次 等待 1 秒
2021-07-11 01:34:31 查询号码 【1325868】，返回信息 
2021-07-11 01:34:31 查询失败，结束本次操作，期待下次成功~
2021-07-11 01:34:31 下次操作: 2021-07-11 01:34:43

2021-07-11 01:34:43 开始第 24 次操作

2021-07-11 01:34:43 开始操作号码 【1325868】
2021-07-11 01:34:43 GSD getOne 第 1 次 等待 1 秒
2021-07-11 01:34:45 GSD getOne 第 2 次 等待 1 秒
2021-07-11 01:34:46 GSD getOne 第 3 次 等待 1 秒
2021-07-11 01:34:48 GSD getOne 第 4 次 等待 1 秒
2021-07-11 01:34:49 GSD getOne 第 5 次 等待 1 秒
2021-07-11 01:34:51 GSD getOne 第 6 次 等待 1 秒
2021-07-11 01:34:52 GSD getOne 第 7 次 等待 1 秒
2021-07-11 01:34:54 GSD getOne 第 8 次 等待 1 秒
2021-07-11 01:34:55 GSD getOne 第 9 次 等待 1 秒
2021-07-11 01:34:56 GSD getOne 第 10 次 等待 1 秒
2021-07-11 01:34:58 GSD getOne 第 11 次 等待 1 秒
2021-07-11 01:34:59 GSD getOne 第 12 次 等待 1 秒
2021-07-11 01:35:01 GSD getOne 第 13 次 等待 1 秒
2021-07-11 01:35:02 GSD getOne 第 14 次 等待 1 秒
2021-07-11 01:35:04 GSD getOne 第 15 次 等待 1 秒
2021-07-11 01:35:05 GSD getOne 第 16 次 等待 1 秒
2021-07-11 01:35:07 GSD getOne 第 17 次 等待 1 秒
2021-07-11 01:35:08 GSD getOne 第 18 次 等待 1 秒
2021-07-11 01:35:10 GSD getOne 第 19 次 等待 1 秒
2021-07-11 01:35:11 GSD getOne 第 20 次 等待 1 秒
2021-07-11 01:35:12 GSD getOne 第 21 次 等待 1 秒
2021-07-11 01:35:14 GSD getOne 第 22 次 等待 1 秒
2021-07-11 01:35:15 GSD getOne 第 23 次 等待 1 秒
2021-07-11 01:35:17 GSD getOne 第 24 次 等待 1 秒
2021-07-11 01:35:18 GSD getOne 第 25 次 等待 1 秒
2021-07-11 01:35:20 GSD getOne 第 26 次 等待 1 秒
2021-07-11 01:35:21 GSD getOne 第 27 次 等待 1 秒
2021-07-11 01:35:23 GSD getOne 第 28 次 等待 1 秒
2021-07-11 01:35:24 GSD getOne 第 29 次 等待 1 秒
2021-07-11 01:35:26 GSD getOne 第 30 次 等待 1 秒
2021-07-11 01:35:27 查询号码 【1325868】，返回信息 
2021-07-11 01:35:27 查询失败，1 秒后重新查询
2021-07-11 01:35:28 GSD getOne 第 1 次 等待 1 秒
2021-07-11 01:35:30 GSD getOne 第 2 次 等待 1 秒
2021-07-11 01:35:31 GSD getOne 第 3 次 等待 1 秒
2021-07-11 01:35:33 GSD getOne 第 4 次 等待 1 秒
2021-07-11 01:35:34 GSD getOne 第 5 次 等待 1 秒
2021-07-11 01:35:36 GSD getOne 第 6 次 等待 1 秒
2021-07-11 01:35:37 GSD getOne 第 7 次 等待 1 秒
2021-07-11 01:35:38 GSD getOne 第 8 次 等待 1 秒
2021-07-11 01:35:40 GSD getOne 第 9 次 等待 1 秒
2021-07-11 01:35:41 GSD getOne 第 10 次 等待 1 秒
2021-07-11 01:35:43 GSD getOne 第 11 次 等待 1 秒
2021-07-11 01:35:44 GSD getOne 第 12 次 等待 1 秒
2021-07-11 01:35:46 GSD getOne 第 13 次 等待 1 秒
2021-07-11 01:35:47 GSD getOne 第 14 次 等待 1 秒
2021-07-11 01:35:49 GSD getOne 第 15 次 等待 1 秒
2021-07-11 01:35:50 GSD getOne 第 16 次 等待 1 秒
2021-07-11 01:35:52 GSD getOne 第 17 次 等待 1 秒
2021-07-11 01:35:53 GSD getOne 第 18 次 等待 1 秒
2021-07-11 01:35:54 GSD getOne 第 19 次 等待 1 秒
2021-07-11 01:35:56 GSD getOne 第 20 次 等待 1 秒
2021-07-11 01:35:57 GSD getOne 第 21 次 等待 1 秒
2021-07-11 01:35:59 GSD getOne 第 22 次 等待 1 秒
2021-07-11 01:36:00 GSD getOne 第 23 次 等待 1 秒
2021-07-11 01:36:02 GSD getOne 第 24 次 等待 1 秒
2021-07-11 01:36:03 GSD getOne 第 25 次 等待 1 秒
2021-07-11 01:36:05 GSD getOne 第 26 次 等待 1 秒
2021-07-11 01:36:06 GSD getOne 第 27 次 等待 1 秒
2021-07-11 01:36:08 GSD getOne 第 28 次 等待 1 秒
2021-07-11 01:36:09 GSD getOne 第 29 次 等待 1 秒
2021-07-11 01:36:11 GSD getOne 第 30 次 等待 1 秒
2021-07-11 01:36:12 查询号码 【1325868】，返回信息 
2021-07-11 01:36:12 查询失败，结束本次操作，期待下次成功~
2021-07-11 01:36:12 下次操作: 2021-07-11 01:36:22

2021-07-11 01:36:22 开始第 25 次操作

2021-07-11 01:36:22 开始操作号码 【1325868】
2021-07-11 01:36:22 GSD getOne 第 1 次 等待 1 秒
2021-07-11 01:36:23 GSD getOne 第 2 次 等待 1 秒
2021-07-11 01:36:25 GSD getOne 第 3 次 等待 1 秒
2021-07-11 01:36:26 GSD getOne 第 4 次 等待 1 秒
2021-07-11 01:36:28 GSD getOne 第 5 次 等待 1 秒
2021-07-11 01:36:29 GSD getOne 第 6 次 等待 1 秒
2021-07-11 01:36:31 GSD getOne 第 7 次 等待 1 秒
2021-07-11 01:36:33 GSD getOne 第 8 次 等待 1 秒
2021-07-11 01:36:34 GSD getOne 第 9 次 等待 1 秒
2021-07-11 01:36:35 GSD getOne 第 10 次 等待 1 秒
2021-07-11 01:36:37 GSD getOne 第 11 次 等待 1 秒
2021-07-11 01:36:38 GSD getOne 第 12 次 等待 1 秒
2021-07-11 01:36:40 GSD getOne 第 13 次 等待 1 秒
2021-07-11 01:36:41 GSD getOne 第 14 次 等待 1 秒
2021-07-11 01:36:43 GSD getOne 第 15 次 等待 1 秒
2021-07-11 01:36:44 GSD getOne 第 16 次 等待 1 秒
2021-07-11 01:36:46 GSD getOne 第 17 次 等待 1 秒
2021-07-11 01:36:47 GSD getOne 第 18 次 等待 1 秒
2021-07-11 01:36:48 GSD getOne 第 19 次 等待 1 秒
2021-07-11 01:36:50 GSD getOne 第 20 次 等待 1 秒
2021-07-11 01:36:51 GSD getOne 第 21 次 等待 1 秒
2021-07-11 01:36:53 GSD getOne 第 22 次 等待 1 秒
2021-07-11 01:36:54 GSD getOne 第 23 次 等待 1 秒
2021-07-11 01:36:56 GSD getOne 第 24 次 等待 1 秒
2021-07-11 01:36:57 GSD getOne 第 25 次 等待 1 秒
2021-07-11 01:36:59 GSD getOne 第 26 次 等待 1 秒
2021-07-11 01:37:00 GSD getOne 第 27 次 等待 1 秒
2021-07-11 01:37:01 GSD getOne 第 28 次 等待 1 秒
2021-07-11 01:37:03 GSD getOne 第 29 次 等待 1 秒
2021-07-11 01:37:04 GSD getOne 第 30 次 等待 1 秒
2021-07-11 01:37:05 查询号码 【1325868】，返回信息 
2021-07-11 01:37:05 查询失败，1 秒后重新查询
2021-07-11 01:37:07 GSD getOne 第 1 次 等待 1 秒
2021-07-11 01:37:08 GSD getOne 第 2 次 等待 1 秒
2021-07-11 01:37:10 GSD getOne 第 3 次 等待 1 秒
2021-07-11 01:37:11 GSD getOne 第 4 次 等待 1 秒
2021-07-11 01:37:13 GSD getOne 第 5 次 等待 1 秒
2021-07-11 01:37:14 GSD getOne 第 6 次 等待 1 秒
2021-07-11 01:37:16 GSD getOne 第 7 次 等待 1 秒
2021-07-11 01:37:17 GSD getOne 第 8 次 等待 1 秒
2021-07-11 01:37:18 GSD getOne 第 9 次 等待 1 秒
2021-07-11 01:37:20 GSD getOne 第 10 次 等待 1 秒
2021-07-11 01:37:21 GSD getOne 第 11 次 等待 1 秒
2021-07-11 01:37:23 GSD getOne 第 12 次 等待 1 秒
2021-07-11 01:37:24 GSD getOne 第 13 次 等待 1 秒
2021-07-11 01:37:26 GSD getOne 第 14 次 等待 1 秒
2021-07-11 01:37:27 GSD getOne 第 15 次 等待 1 秒
2021-07-11 01:37:29 GSD getOne 第 16 次 等待 1 秒
2021-07-11 01:37:30 GSD getOne 第 17 次 等待 1 秒
2021-07-11 01:37:32 GSD getOne 第 18 次 等待 1 秒
2021-07-11 01:37:33 GSD getOne 第 19 次 等待 1 秒
2021-07-11 01:37:34 GSD getOne 第 20 次 等待 1 秒
2021-07-11 01:37:36 GSD getOne 第 21 次 等待 1 秒
2021-07-11 01:37:37 GSD getOne 第 22 次 等待 1 秒
2021-07-11 01:37:39 GSD getOne 第 23 次 等待 1 秒
2021-07-11 01:37:40 GSD getOne 第 24 次 等待 1 秒
2021-07-11 01:37:42 GSD getOne 第 25 次 等待 1 秒
2021-07-11 01:37:43 GSD getOne 第 26 次 等待 1 秒
2021-07-11 01:37:45 GSD getOne 第 27 次 等待 1 秒
2021-07-11 01:37:46 GSD getOne 第 28 次 等待 1 秒
2021-07-11 01:37:47 GSD getOne 第 29 次 等待 1 秒
2021-07-11 01:37:49 GSD getOne 第 30 次 等待 1 秒
2021-07-11 01:37:50 查询号码 【1325868】，返回信息 
2021-07-11 01:37:50 查询失败，结束本次操作，期待下次成功~
2021-07-11 01:37:50 下次操作: 2021-07-11 01:37:56

2021-07-11 01:37:56 开始第 26 次操作

2021-07-11 01:37:56 开始操作号码 【1325868】
2021-07-11 01:37:56 GSD getOne 第 1 次 等待 1 秒
2021-07-11 01:37:58 GSD getOne 第 2 次 等待 1 秒
2021-07-11 01:37:59 GSD getOne 第 3 次 等待 1 秒
2021-07-11 01:38:01 GSD getOne 第 4 次 等待 1 秒
2021-07-11 01:38:02 GSD getOne 第 5 次 等待 1 秒
2021-07-11 01:38:04 GSD getOne 第 6 次 等待 1 秒
2021-07-11 01:38:05 GSD getOne 第 7 次 等待 1 秒
2021-07-11 01:38:07 GSD getOne 第 8 次 等待 1 秒
2021-07-11 01:38:08 GSD getOne 第 9 次 等待 1 秒
2021-07-11 01:38:09 GSD getOne 第 10 次 等待 1 秒
2021-07-11 01:38:11 GSD getOne 第 11 次 等待 1 秒
2021-07-11 01:38:12 GSD getOne 第 12 次 等待 1 秒
2021-07-11 01:38:14 GSD getOne 第 13 次 等待 1 秒
2021-07-11 01:38:15 GSD getOne 第 14 次 等待 1 秒
2021-07-11 01:38:17 GSD getOne 第 15 次 等待 1 秒
2021-07-11 01:38:18 GSD getOne 第 16 次 等待 1 秒
2021-07-11 01:38:20 GSD getOne 第 17 次 等待 1 秒
2021-07-11 01:38:21 GSD getOne 第 18 次 等待 1 秒
2021-07-11 01:38:22 GSD getOne 第 19 次 等待 1 秒
2021-07-11 01:38:24 GSD getOne 第 20 次 等待 1 秒
2021-07-11 01:38:25 GSD getOne 第 21 次 等待 1 秒
2021-07-11 01:38:27 GSD getOne 第 22 次 等待 1 秒
2021-07-11 01:38:28 GSD getOne 第 23 次 等待 1 秒
2021-07-11 01:38:30 GSD getOne 第 24 次 等待 1 秒
2021-07-11 01:38:31 GSD getOne 第 25 次 等待 1 秒
2021-07-11 01:38:33 GSD getOne 第 26 次 等待 1 秒
2021-07-11 01:38:34 GSD getOne 第 27 次 等待 1 秒
2021-07-11 01:38:36 GSD getOne 第 28 次 等待 1 秒
2021-07-11 01:38:37 GSD getOne 第 29 次 等待 1 秒
2021-07-11 01:38:38 GSD getOne 第 30 次 等待 1 秒
2021-07-11 01:38:39 查询号码 【1325868】，返回信息 
2021-07-11 01:38:39 查询失败，1 秒后重新查询
2021-07-11 01:38:41 GSD getOne 第 1 次 等待 1 秒
2021-07-11 01:38:42 GSD getOne 第 2 次 等待 1 秒
2021-07-11 01:38:44 GSD getOne 第 3 次 等待 1 秒
2021-07-11 01:38:45 GSD getOne 第 4 次 等待 1 秒
2021-07-11 01:38:47 GSD getOne 第 5 次 等待 1 秒
2021-07-11 01:38:48 GSD getOne 第 6 次 等待 1 秒
2021-07-11 01:38:50 GSD getOne 第 7 次 等待 1 秒
2021-07-11 01:38:51 GSD getOne 第 8 次 等待 1 秒
2021-07-11 01:38:52 GSD getOne 第 9 次 等待 1 秒
2021-07-11 01:38:54 GSD getOne 第 10 次 等待 1 秒
2021-07-11 01:38:55 GSD getOne 第 11 次 等待 1 秒
2021-07-11 01:38:57 GSD getOne 第 12 次 等待 1 秒
2021-07-11 01:38:58 GSD getOne 第 13 次 等待 1 秒
2021-07-11 01:39:00 GSD getOne 第 14 次 等待 1 秒
2021-07-11 01:39:01 GSD getOne 第 15 次 等待 1 秒
2021-07-11 01:39:03 GSD getOne 第 16 次 等待 1 秒
2021-07-11 01:39:04 GSD getOne 第 17 次 等待 1 秒
2021-07-11 01:39:06 GSD getOne 第 18 次 等待 1 秒
2021-07-11 01:39:07 GSD getOne 第 19 次 等待 1 秒
2021-07-11 01:39:08 GSD getOne 第 20 次 等待 1 秒
2021-07-11 01:39:10 GSD getOne 第 21 次 等待 1 秒
2021-07-11 01:39:11 GSD getOne 第 22 次 等待 1 秒
2021-07-11 01:39:13 GSD getOne 第 23 次 等待 1 秒
2021-07-11 01:39:14 GSD getOne 第 24 次 等待 1 秒
2021-07-11 01:39:16 GSD getOne 第 25 次 等待 1 秒
2021-07-11 01:39:17 GSD getOne 第 26 次 等待 1 秒
2021-07-11 01:39:19 GSD getOne 第 27 次 等待 1 秒
2021-07-11 01:39:20 GSD getOne 第 28 次 等待 1 秒
2021-07-11 01:39:22 GSD getOne 第 29 次 等待 1 秒
2021-07-11 01:39:23 GSD getOne 第 30 次 等待 1 秒
2021-07-11 01:39:24 查询号码 【1325868】，返回信息 
2021-07-11 01:39:24 查询失败，结束本次操作，期待下次成功~
2021-07-11 01:39:24 下次操作: 2021-07-11 01:39:41

2021-07-11 01:39:41 开始第 27 次操作

2021-07-11 01:39:41 开始操作号码 【1325868】
2021-07-11 01:39:41 GSD getOne 第 1 次 等待 1 秒
2021-07-11 01:39:43 GSD getOne 第 2 次 等待 1 秒
2021-07-11 01:39:44 GSD getOne 第 3 次 等待 1 秒
2021-07-11 01:39:46 GSD getOne 第 4 次 等待 1 秒
2021-07-11 01:39:47 GSD getOne 第 5 次 等待 1 秒
2021-07-11 01:39:49 GSD getOne 第 6 次 等待 1 秒
2021-07-11 01:39:50 GSD getOne 第 7 次 等待 1 秒
2021-07-11 01:39:52 GSD getOne 第 8 次 等待 1 秒
2021-07-11 01:39:53 GSD getOne 第 9 次 等待 1 秒
2021-07-11 01:39:55 GSD getOne 第 10 次 等待 1 秒
2021-07-11 01:39:56 GSD getOne 第 11 次 等待 1 秒
2021-07-11 01:39:57 GSD getOne 第 12 次 等待 1 秒
2021-07-11 01:39:59 GSD getOne 第 13 次 等待 1 秒
2021-07-11 01:40:00 GSD getOne 第 14 次 等待 1 秒
2021-07-11 01:40:02 GSD getOne 第 15 次 等待 1 秒
2021-07-11 01:40:03 GSD getOne 第 16 次 等待 1 秒
2021-07-11 01:40:05 GSD getOne 第 17 次 等待 1 秒
2021-07-11 01:40:06 GSD getOne 第 18 次 等待 1 秒
2021-07-11 01:40:08 GSD getOne 第 19 次 等待 1 秒
2021-07-11 01:40:09 GSD getOne 第 20 次 等待 1 秒
2021-07-11 01:40:11 GSD getOne 第 21 次 等待 1 秒
2021-07-11 01:40:12 GSD getOne 第 22 次 等待 1 秒
2021-07-11 01:40:13 GSD getOne 第 23 次 等待 1 秒
2021-07-11 01:40:15 GSD getOne 第 24 次 等待 1 秒
2021-07-11 01:40:16 GSD getOne 第 25 次 等待 1 秒
2021-07-11 01:40:18 GSD getOne 第 26 次 等待 1 秒
2021-07-11 01:40:19 GSD getOne 第 27 次 等待 1 秒
2021-07-11 01:40:21 GSD getOne 第 28 次 等待 1 秒
2021-07-11 01:40:22 GSD getOne 第 29 次 等待 1 秒
2021-07-11 01:40:24 GSD getOne 第 30 次 等待 1 秒
2021-07-11 01:40:25 查询号码 【1325868】，返回信息 
2021-07-11 01:40:25 查询失败，1 秒后重新查询
2021-07-11 01:40:26 GSD getOne 第 1 次 等待 1 秒
2021-07-11 01:40:28 GSD getOne 第 2 次 等待 1 秒
2021-07-11 01:40:29 GSD getOne 第 3 次 等待 1 秒
2021-07-11 01:40:31 GSD getOne 第 4 次 等待 1 秒
2021-07-11 01:40:32 GSD getOne 第 5 次 等待 1 秒
2021-07-11 01:40:34 GSD getOne 第 6 次 等待 1 秒
2021-07-11 01:40:35 GSD getOne 第 7 次 等待 1 秒
2021-07-11 01:40:37 GSD getOne 第 8 次 等待 1 秒
2021-07-11 01:40:38 GSD getOne 第 9 次 等待 1 秒
2021-07-11 01:40:40 GSD getOne 第 10 次 等待 1 秒
2021-07-11 01:40:41 GSD getOne 第 11 次 等待 1 秒
2021-07-11 01:40:42 GSD getOne 第 12 次 等待 1 秒
2021-07-11 01:40:44 GSD getOne 第 13 次 等待 1 秒
2021-07-11 01:40:45 GSD getOne 第 14 次 等待 1 秒
2021-07-11 01:40:47 GSD getOne 第 15 次 等待 1 秒
2021-07-11 01:40:48 GSD getOne 第 16 次 等待 1 秒
2021-07-11 01:40:50 GSD getOne 第 17 次 等待 1 秒
2021-07-11 01:40:51 GSD getOne 第 18 次 等待 1 秒
2021-07-11 01:40:53 GSD getOne 第 19 次 等待 1 秒
2021-07-11 01:40:54 GSD getOne 第 20 次 等待 1 秒
2021-07-11 01:40:55 GSD getOne 第 21 次 等待 1 秒
2021-07-11 01:40:57 GSD getOne 第 22 次 等待 1 秒
2021-07-11 01:40:58 GSD getOne 第 23 次 等待 1 秒
2021-07-11 01:41:00 GSD getOne 第 24 次 等待 1 秒
2021-07-11 01:41:01 GSD getOne 第 25 次 等待 1 秒
2021-07-11 01:41:03 GSD getOne 第 26 次 等待 1 秒
2021-07-11 01:41:04 GSD getOne 第 27 次 等待 1 秒
2021-07-11 01:41:06 GSD getOne 第 28 次 等待 1 秒
2021-07-11 01:41:07 GSD getOne 第 29 次 等待 1 秒
2021-07-11 01:41:09 GSD getOne 第 30 次 等待 1 秒
2021-07-11 01:41:10 查询号码 【1325868】，返回信息 
2021-07-11 01:41:10 查询失败，结束本次操作，期待下次成功~
2021-07-11 01:41:10 下次操作: 2021-07-11 01:41:25

2021-07-11 01:41:25 开始第 28 次操作

2021-07-11 01:41:25 开始操作号码 【1325868】
2021-07-11 01:41:25 GSD getOne 第 1 次 等待 1 秒
2021-07-11 01:41:27 GSD getOne 第 2 次 等待 1 秒
2021-07-11 01:41:28 GSD getOne 第 3 次 等待 1 秒
2021-07-11 01:41:29 GSD getOne 第 4 次 等待 1 秒
2021-07-11 01:41:31 GSD getOne 第 5 次 等待 1 秒
2021-07-11 01:41:32 GSD getOne 第 6 次 等待 1 秒
2021-07-11 01:41:34 GSD getOne 第 7 次 等待 1 秒
2021-07-11 01:41:35 GSD getOne 第 8 次 等待 1 秒
2021-07-11 01:41:37 GSD getOne 第 9 次 等待 1 秒
2021-07-11 01:41:38 GSD getOne 第 10 次 等待 1 秒
2021-07-11 01:41:40 GSD getOne 第 11 次 等待 1 秒
2021-07-11 01:41:41 GSD getOne 第 12 次 等待 1 秒
2021-07-11 01:41:42 GSD getOne 第 13 次 等待 1 秒
2021-07-11 01:41:44 GSD getOne 第 14 次 等待 1 秒
2021-07-11 01:41:45 GSD getOne 第 15 次 等待 1 秒
2021-07-11 01:41:47 GSD getOne 第 16 次 等待 1 秒
2021-07-11 01:41:48 GSD getOne 第 17 次 等待 1 秒
2021-07-11 01:41:50 GSD getOne 第 18 次 等待 1 秒
2021-07-11 01:41:51 GSD getOne 第 19 次 等待 1 秒
2021-07-11 01:41:53 GSD getOne 第 20 次 等待 1 秒
2021-07-11 01:41:54 GSD getOne 第 21 次 等待 1 秒
2021-07-11 01:41:55 GSD getOne 第 22 次 等待 1 秒
2021-07-11 01:41:57 GSD getOne 第 23 次 等待 1 秒
2021-07-11 01:41:58 GSD getOne 第 24 次 等待 1 秒
2021-07-11 01:42:00 GSD getOne 第 25 次 等待 1 秒
2021-07-11 01:42:01 GSD getOne 第 26 次 等待 1 秒
2021-07-11 01:42:03 GSD getOne 第 27 次 等待 1 秒
2021-07-11 01:42:04 GSD getOne 第 28 次 等待 1 秒
2021-07-11 01:42:06 GSD getOne 第 29 次 等待 1 秒
2021-07-11 01:42:07 GSD getOne 第 30 次 等待 1 秒
2021-07-11 01:42:08 查询号码 【1325868】，返回信息 
2021-07-11 01:42:08 查询失败，1 秒后重新查询
2021-07-11 01:42:10 GSD getOne 第 1 次 等待 1 秒
2021-07-11 01:42:11 GSD getOne 第 2 次 等待 1 秒
2021-07-11 01:42:12 GSD getOne 第 3 次 等待 1 秒
2021-07-11 01:42:14 GSD getOne 第 4 次 等待 1 秒
2021-07-11 01:42:15 GSD getOne 第 5 次 等待 1 秒
2021-07-11 01:42:17 GSD getOne 第 6 次 等待 1 秒
2021-07-11 01:42:18 GSD getOne 第 7 次 等待 1 秒
2021-07-11 01:42:20 GSD getOne 第 8 次 等待 1 秒
2021-07-11 01:42:21 GSD getOne 第 9 次 等待 1 秒
2021-07-11 01:42:23 GSD getOne 第 10 次 等待 1 秒
2021-07-11 01:42:24 GSD getOne 第 11 次 等待 1 秒
2021-07-11 01:42:25 GSD getOne 第 12 次 等待 1 秒
2021-07-11 01:42:27 GSD getOne 第 13 次 等待 1 秒
2021-07-11 01:42:28 GSD getOne 第 14 次 等待 1 秒
2021-07-11 01:42:30 GSD getOne 第 15 次 等待 1 秒
2021-07-11 01:42:31 GSD getOne 第 16 次 等待 1 秒
2021-07-11 01:42:33 GSD getOne 第 17 次 等待 1 秒
2021-07-11 01:42:34 GSD getOne 第 18 次 等待 1 秒
2021-07-11 01:42:36 GSD getOne 第 19 次 等待 1 秒
2021-07-11 01:42:37 GSD getOne 第 20 次 等待 1 秒
2021-07-11 01:42:39 GSD getOne 第 21 次 等待 1 秒
2021-07-11 01:42:40 GSD getOne 第 22 次 等待 1 秒
2021-07-11 01:42:42 GSD getOne 第 23 次 等待 1 秒
2021-07-11 01:42:43 GSD getOne 第 24 次 等待 1 秒
2021-07-11 01:42:44 GSD getOne 第 25 次 等待 1 秒
2021-07-11 01:42:46 GSD getOne 第 26 次 等待 1 秒
2021-07-11 01:42:47 GSD getOne 第 27 次 等待 1 秒
2021-07-11 01:42:49 GSD getOne 第 28 次 等待 1 秒
2021-07-11 01:42:50 GSD getOne 第 29 次 等待 1 秒
2021-07-11 01:42:52 GSD getOne 第 30 次 等待 1 秒
2021-07-11 01:42:53 查询号码 【1325868】，返回信息 
2021-07-11 01:42:53 查询失败，结束本次操作，期待下次成功~
2021-07-11 01:42:53 下次操作: 2021-07-11 01:43:11

2021-07-11 01:43:11 开始第 29 次操作

2021-07-11 01:43:11 开始操作号码 【1325868】
2021-07-11 01:43:11 GSD getOne 第 1 次 等待 1 秒
2021-07-11 01:43:13 GSD getOne 第 2 次 等待 1 秒
2021-07-11 01:43:14 GSD getOne 第 3 次 等待 1 秒
2021-07-11 01:43:16 GSD getOne 第 4 次 等待 1 秒
2021-07-11 01:43:17 GSD getOne 第 5 次 等待 1 秒
2021-07-11 01:43:18 GSD getOne 第 6 次 等待 1 秒
2021-07-11 01:43:20 GSD getOne 第 7 次 等待 1 秒
2021-07-11 01:43:21 GSD getOne 第 8 次 等待 1 秒
2021-07-11 01:43:23 GSD getOne 第 9 次 等待 1 秒
2021-07-11 01:43:24 GSD getOne 第 10 次 等待 1 秒
2021-07-11 01:43:26 GSD getOne 第 11 次 等待 1 秒
2021-07-11 01:43:27 GSD getOne 第 12 次 等待 1 秒
2021-07-11 01:43:29 GSD getOne 第 13 次 等待 1 秒
2021-07-11 01:43:30 GSD getOne 第 14 次 等待 1 秒
2021-07-11 01:43:32 GSD getOne 第 15 次 等待 1 秒
2021-07-11 01:43:33 GSD getOne 第 16 次 等待 1 秒
2021-07-11 01:43:34 GSD getOne 第 17 次 等待 1 秒
2021-07-11 01:43:36 GSD getOne 第 18 次 等待 1 秒
2021-07-11 01:43:37 GSD getOne 第 19 次 等待 1 秒
2021-07-11 01:43:39 GSD getOne 第 20 次 等待 1 秒
2021-07-11 01:43:40 GSD getOne 第 21 次 等待 1 秒
2021-07-11 01:43:42 GSD getOne 第 22 次 等待 1 秒
2021-07-11 01:43:43 GSD getOne 第 23 次 等待 1 秒
2021-07-11 01:43:45 GSD getOne 第 24 次 等待 1 秒
2021-07-11 01:43:46 GSD getOne 第 25 次 等待 1 秒
2021-07-11 01:43:47 GSD getOne 第 26 次 等待 1 秒
2021-07-11 01:43:49 GSD getOne 第 27 次 等待 1 秒
2021-07-11 01:43:50 GSD getOne 第 28 次 等待 1 秒
2021-07-11 01:43:52 GSD getOne 第 29 次 等待 1 秒
2021-07-11 01:43:53 GSD getOne 第 30 次 等待 1 秒
2021-07-11 01:43:54 查询号码 【1325868】，返回信息 
2021-07-11 01:43:54 查询失败，1 秒后重新查询
2021-07-11 01:43:56 GSD getOne 第 1 次 等待 1 秒
2021-07-11 01:43:57 GSD getOne 第 2 次 等待 1 秒
2021-07-11 01:43:59 GSD getOne 第 3 次 等待 1 秒
2021-07-11 01:44:00 GSD getOne 第 4 次 等待 1 秒
2021-07-11 01:44:02 GSD getOne 第 5 次 等待 1 秒
2021-07-11 01:44:03 GSD getOne 第 6 次 等待 1 秒
2021-07-11 01:44:04 GSD getOne 第 7 次 等待 1 秒
2021-07-11 01:44:06 GSD getOne 第 8 次 等待 1 秒
2021-07-11 01:44:07 GSD getOne 第 9 次 等待 1 秒
2021-07-11 01:44:09 GSD getOne 第 10 次 等待 1 秒
2021-07-11 01:44:10 GSD getOne 第 11 次 等待 1 秒
2021-07-11 01:44:12 GSD getOne 第 12 次 等待 1 秒
2021-07-11 01:44:13 GSD getOne 第 13 次 等待 1 秒
2021-07-11 01:44:15 GSD getOne 第 14 次 等待 1 秒
2021-07-11 01:44:16 GSD getOne 第 15 次 等待 1 秒
2021-07-11 01:44:17 GSD getOne 第 16 次 等待 1 秒
2021-07-11 01:44:19 GSD getOne 第 17 次 等待 1 秒
2021-07-11 01:44:20 GSD getOne 第 18 次 等待 1 秒
2021-07-11 01:44:22 GSD getOne 第 19 次 等待 1 秒
2021-07-11 01:44:23 GSD getOne 第 20 次 等待 1 秒
2021-07-11 01:44:25 GSD getOne 第 21 次 等待 1 秒
2021-07-11 01:44:26 GSD getOne 第 22 次 等待 1 秒
2021-07-11 01:44:28 GSD getOne 第 23 次 等待 1 秒
2021-07-11 01:44:29 GSD getOne 第 24 次 等待 1 秒
2021-07-11 01:44:31 GSD getOne 第 25 次 等待 1 秒
2021-07-11 01:44:32 GSD getOne 第 26 次 等待 1 秒
2021-07-11 01:44:33 GSD getOne 第 27 次 等待 1 秒
2021-07-11 01:44:35 GSD getOne 第 28 次 等待 1 秒
2021-07-11 01:44:36 GSD getOne 第 29 次 等待 1 秒
2021-07-11 01:44:38 GSD getOne 第 30 次 等待 1 秒
2021-07-11 01:44:39 查询号码 【1325868】，返回信息 
2021-07-11 01:44:39 查询失败，结束本次操作，期待下次成功~
2021-07-11 01:44:39 下次操作: 2021-07-11 01:44:45

2021-07-11 01:44:45 开始第 30 次操作

2021-07-11 01:44:45 开始操作号码 【1325868】
2021-07-11 01:44:45 GSD getOne 第 1 次 等待 1 秒
2021-07-11 01:44:47 GSD getOne 第 2 次 等待 1 秒
2021-07-11 01:44:48 GSD getOne 第 3 次 等待 1 秒
2021-07-11 01:44:50 GSD getOne 第 4 次 等待 1 秒
2021-07-11 01:44:51 GSD getOne 第 5 次 等待 1 秒
2021-07-11 01:44:52 GSD getOne 第 6 次 等待 1 秒
2021-07-11 01:44:54 GSD getOne 第 7 次 等待 1 秒
2021-07-11 01:44:55 GSD getOne 第 8 次 等待 1 秒
2021-07-11 01:44:57 GSD getOne 第 9 次 等待 1 秒
2021-07-11 01:44:58 GSD getOne 第 10 次 等待 1 秒
2021-07-11 01:45:00 GSD getOne 第 11 次 等待 1 秒
2021-07-11 01:45:01 GSD getOne 第 12 次 等待 1 秒
2021-07-11 01:45:03 GSD getOne 第 13 次 等待 1 秒
2021-07-11 01:45:04 GSD getOne 第 14 次 等待 1 秒
2021-07-11 01:45:06 GSD getOne 第 15 次 等待 1 秒
2021-07-11 01:45:07 GSD getOne 第 16 次 等待 1 秒
2021-07-11 01:45:08 GSD getOne 第 17 次 等待 1 秒
2021-07-11 01:45:10 GSD getOne 第 18 次 等待 1 秒
2021-07-11 01:45:11 GSD getOne 第 19 次 等待 1 秒
2021-07-11 01:45:13 GSD getOne 第 20 次 等待 1 秒
2021-07-11 01:45:14 GSD getOne 第 21 次 等待 1 秒
2021-07-11 01:45:16 GSD getOne 第 22 次 等待 1 秒
2021-07-11 01:45:17 GSD getOne 第 23 次 等待 1 秒
2021-07-11 01:45:19 GSD getOne 第 24 次 等待 1 秒
2021-07-11 01:45:20 GSD getOne 第 25 次 等待 1 秒
2021-07-11 01:45:21 GSD getOne 第 26 次 等待 1 秒
2021-07-11 01:45:23 GSD getOne 第 27 次 等待 1 秒
2021-07-11 01:45:24 GSD getOne 第 28 次 等待 1 秒
2021-07-11 01:45:26 GSD getOne 第 29 次 等待 1 秒
2021-07-11 01:45:27 GSD getOne 第 30 次 等待 1 秒
2021-07-11 01:45:28 查询号码 【1325868】，返回信息 
2021-07-11 01:45:28 查询失败，1 秒后重新查询
2021-07-11 01:45:30 GSD getOne 第 1 次 等待 1 秒
2021-07-11 01:45:31 GSD getOne 第 2 次 等待 1 秒
2021-07-11 01:45:33 GSD getOne 第 3 次 等待 1 秒
2021-07-11 01:45:34 GSD getOne 第 4 次 等待 1 秒
2021-07-11 01:45:35 GSD getOne 第 5 次 等待 1 秒
2021-07-11 01:45:37 GSD getOne 第 6 次 等待 1 秒
2021-07-11 01:45:39 GSD getOne 第 7 次 等待 1 秒
2021-07-11 01:45:40 GSD getOne 第 8 次 等待 1 秒
2021-07-11 01:45:41 GSD getOne 第 9 次 等待 1 秒
2021-07-11 01:45:43 GSD getOne 第 10 次 等待 1 秒
2021-07-11 01:45:44 GSD getOne 第 11 次 等待 1 秒
2021-07-11 01:45:46 GSD getOne 第 12 次 等待 1 秒
2021-07-11 01:45:47 GSD getOne 第 13 次 等待 1 秒
2021-07-11 01:45:49 GSD getOne 第 14 次 等待 1 秒
2021-07-11 01:45:50 GSD getOne 第 15 次 等待 1 秒
2021-07-11 01:45:52 GSD getOne 第 16 次 等待 1 秒
2021-07-11 01:45:53 GSD getOne 第 17 次 等待 1 秒
2021-07-11 01:45:55 GSD getOne 第 18 次 等待 1 秒
2021-07-11 01:45:56 GSD getOne 第 19 次 等待 1 秒
2021-07-11 01:45:57 GSD getOne 第 20 次 等待 1 秒
2021-07-11 01:45:59 GSD getOne 第 21 次 等待 1 秒
2021-07-11 01:46:00 GSD getOne 第 22 次 等待 1 秒
2021-07-11 01:46:02 GSD getOne 第 23 次 等待 1 秒
2021-07-11 01:46:03 GSD getOne 第 24 次 等待 1 秒
2021-07-11 01:46:05 GSD getOne 第 25 次 等待 1 秒
2021-07-11 01:46:06 GSD getOne 第 26 次 等待 1 秒
2021-07-11 01:46:08 GSD getOne 第 27 次 等待 1 秒
2021-07-11 01:46:09 GSD getOne 第 28 次 等待 1 秒
2021-07-11 01:46:10 GSD getOne 第 29 次 等待 1 秒
2021-07-11 01:46:12 GSD getOne 第 30 次 等待 1 秒
2021-07-11 01:46:13 查询号码 【1325868】，返回信息 
2021-07-11 01:46:13 查询失败，结束本次操作，期待下次成功~

