2024-04-10 00:20:25 开始第 2809 次操作

2024-04-10 00:20:25 开始操作号码 【1582723】
2024-04-10 00:20:36 GSD getOne 第 1 次 等待 3 秒
2024-04-10 00:20:39 查询号码 【1582723】，返回信息 {"status":"ok","msg":"湖北-武汉","gid":"179099","time_insert":"2021-07-03 05:17"}
2024-04-10 00:20:39 查询号码 【1582723】，GSD为【"湖北-武汉"】

2024-04-10 00:20:40 开始第 2810 次操作

2024-04-10 00:20:40 开始操作号码 【1582724】
2024-04-10 00:20:45 GSD getOne 第 1 次 等待 3 秒
2024-04-10 00:20:48 查询号码 【1582724】，返回信息 {"status":"ok","msg":"湖北-武汉","gid":"179125","time_insert":"2021-07-03 05:35"}
2024-04-10 00:20:48 查询号码 【1582724】，GSD为【"湖北-武汉"】

2024-04-10 00:20:49 开始第 2811 次操作

2024-04-10 00:20:49 开始操作号码 【1582725】
2024-04-10 00:20:54 GSD getOne 第 1 次 等待 3 秒
2024-04-10 00:20:57 查询号码 【1582725】，返回信息 {"status":"ok","msg":"湖北-武汉","gid":"179266","time_insert":"2021-07-03 05:53"}
2024-04-10 00:20:57 查询号码 【1582725】，GSD为【"湖北-武汉"】

2024-04-10 00:20:58 开始第 2812 次操作

2024-04-10 00:20:58 开始操作号码 【1582726】
2024-04-10 00:21:05 GSD getOne 第 1 次 等待 3 秒
2024-04-10 00:21:08 查询号码 【1582726】，返回信息 {"status":"ok","msg":"湖北-武汉","gid":"179413","time_insert":"2021-07-03 06:10"}
2024-04-10 00:21:08 查询号码 【1582726】，GSD为【"湖北-武汉"】

