2024-01-10 00:23:12 开始第 7761 次操作

2024-01-10 00:23:12 开始操作号码 【1807676】
2024-01-10 00:23:15 GSD getOne 第 1 次 等待 3 秒
2024-01-10 00:23:18 查询号码 【1807676】，返回信息 {"status":"ok","msg":"广西-桂林","gid":"338125","time_insert":"2021-07-20 15:51"}
2024-01-10 00:23:18 查询号码 【1807676】，GSD为【"广西-桂林"】

2024-01-10 00:23:19 开始第 7762 次操作

2024-01-10 00:23:19 开始操作号码 【1807677】
2024-01-10 00:23:23 GSD getOne 第 1 次 等待 3 秒
2024-01-10 00:23:26 查询号码 【1807677】，返回信息 {"status":"ok","msg":"广西-桂林","gid":"338136","time_insert":"2021-07-20 15:51"}
2024-01-10 00:23:26 查询号码 【1807677】，GSD为【"广西-桂林"】

2024-01-10 00:23:27 开始第 7763 次操作

2024-01-10 00:23:27 开始操作号码 【1807678】
2024-01-10 00:23:30 GSD getOne 第 1 次 等待 3 秒
2024-01-10 00:23:33 查询号码 【1807678】，返回信息 {"status":"ok","msg":"广西-桂林","gid":"338144","time_insert":"2021-07-20 15:52"}
2024-01-10 00:23:33 查询号码 【1807678】，GSD为【"广西-桂林"】

2024-01-10 00:23:34 开始第 7764 次操作

2024-01-10 00:23:34 开始操作号码 【1807679】
2024-01-10 00:23:37 GSD getOne 第 1 次 等待 3 秒
2024-01-10 00:23:40 查询号码 【1807679】，返回信息 {"status":"ok","msg":"广西-桂林","gid":"338155","time_insert":"2021-07-20 15:53"}
2024-01-10 00:23:40 查询号码 【1807679】，GSD为【"广西-桂林"】

