2024-07-31 00:25:35 开始第 8757 次操作

2024-07-31 00:25:35 开始操作号码 【1478667】
2024-07-31 00:25:43 GSD getOne 第 1 次 等待 3 秒
2024-07-31 00:25:46 查询号码 【1478667】，返回信息 {"status":"ok","msg":"湖南-邵阳","gid":"368687","time_insert":"2021-07-23 18:41"}
2024-07-31 00:25:46 查询号码 【1478667】，GSD为【"湖南-邵阳"】

2024-07-31 00:25:47 开始第 8758 次操作

2024-07-31 00:25:47 开始操作号码 【1478668】
2024-07-31 00:25:55 GSD getOne 第 1 次 等待 3 秒
2024-07-31 00:25:58 查询号码 【1478668】，返回信息 {"status":"ok","msg":"湖南-邵阳","gid":"368684","time_insert":"2021-07-23 18:40"}
2024-07-31 00:25:58 查询号码 【1478668】，GSD为【"湖南-邵阳"】

2024-07-31 00:25:59 开始第 8759 次操作

2024-07-31 00:25:59 开始操作号码 【1478669】
2024-07-31 00:26:07 GSD getOne 第 1 次 等待 3 秒
2024-07-31 00:26:10 查询号码 【1478669】，返回信息 {"status":"ok","msg":"湖南-邵阳","gid":"368682","time_insert":"2021-07-23 18:40"}
2024-07-31 00:26:10 查询号码 【1478669】，GSD为【"湖南-邵阳"】

2024-07-31 00:26:11 开始第 8760 次操作

2024-07-31 00:26:11 开始操作号码 【1478670】
2024-07-31 00:26:20 GSD getOne 第 1 次 等待 3 秒
2024-07-31 00:26:23 查询号码 【1478670】，返回信息 {"status":"ok","msg":"湖南-娄底","gid":"368678","time_insert":"2021-07-23 18:39"}
2024-07-31 00:26:23 查询号码 【1478670】，GSD为【"湖南-娄底"】

