2023-10-19 00:23:05 开始第 3777 次操作

2023-10-19 00:23:05 开始操作号码 【1903691】
2023-10-19 00:23:12 GSD getOne 第 1 次 等待 3 秒
2023-10-19 00:23:15 查询号码 【1903691】，返回信息 {"status":"ok","msg":"河南-郑州","gid":"591563","time_insert":"2023-03-15 04:45","time_update":"2023-06-11 08:17"}
2023-10-19 00:23:15 查询号码 【1903691】，GSD为【"河南-郑州"】

2023-10-19 00:23:16 开始第 3778 次操作

2023-10-19 00:23:16 开始操作号码 【1903692】
2023-10-19 00:23:19 GSD getOne 第 1 次 等待 3 秒
2023-10-19 00:23:22 查询号码 【1903692】，返回信息 {"status":"ok","msg":"河南-郑州","gid":"591592","time_insert":"2023-03-15 05:01","time_update":"2023-06-11 08:25"}
2023-10-19 00:23:22 查询号码 【1903692】，GSD为【"河南-郑州"】

2023-10-19 00:23:23 开始第 3779 次操作

2023-10-19 00:23:23 开始操作号码 【1903693】
2023-10-19 00:23:25 GSD getOne 第 1 次 等待 3 秒
2023-10-19 00:23:28 查询号码 【1903693】，返回信息 {"status":"ok","msg":"河南-郑州","gid":"591615","time_insert":"2023-03-15 05:18","time_update":"2023-06-11 08:36"}
2023-10-19 00:23:28 查询号码 【1903693】，GSD为【"河南-郑州"】

2023-10-19 00:23:29 开始第 3780 次操作

2023-10-19 00:23:29 开始操作号码 【1903694】
2023-10-19 00:23:35 GSD getOne 第 1 次 等待 3 秒
2023-10-19 00:23:38 查询号码 【1903694】，返回信息 {"status":"ok","msg":"河南-郑州","gid":"591629","time_insert":"2023-03-15 05:26","time_update":"2023-06-11 08:45"}
2023-10-19 00:23:38 查询号码 【1903694】，GSD为【"河南-郑州"】

2023-10-19 00:41:31 开始第 3781 次操作

2023-10-19 00:41:31 开始操作号码 【1903695】
2023-10-19 00:41:35 GSD getOne 第 1 次 等待 3 秒
2023-10-19 00:41:38 查询号码 【1903695】，返回信息 {"status":"ok","msg":"河南-郑州","gid":"591649","time_insert":"2023-03-15 05:38","time_update":"2023-06-11 08:57"}
2023-10-19 00:41:38 查询号码 【1903695】，GSD为【"河南-郑州"】

2023-10-19 00:41:39 开始第 3782 次操作

2023-10-19 00:41:39 开始操作号码 【1903696】
2023-10-19 00:41:42 GSD getOne 第 1 次 等待 3 秒
2023-10-19 00:41:45 查询号码 【1903696】，返回信息 {"status":"ok","msg":"河南-郑州","gid":"591674","time_insert":"2023-03-15 05:52","time_update":"2023-06-11 09:09"}
2023-10-19 00:41:45 查询号码 【1903696】，GSD为【"河南-郑州"】

2023-10-19 00:41:46 开始第 3783 次操作

2023-10-19 00:41:46 开始操作号码 【1903697】
2023-10-19 00:41:49 GSD getOne 第 1 次 等待 3 秒
2023-10-19 00:41:52 查询号码 【1903697】，返回信息 {"status":"ok","msg":"河南-郑州","gid":"591702","time_insert":"2023-03-15 06:10","time_update":"2023-06-11 09:19"}
2023-10-19 00:41:52 查询号码 【1903697】，GSD为【"河南-郑州"】

2023-10-19 00:41:53 开始第 3784 次操作

2023-10-19 00:41:53 开始操作号码 【1903698】
2023-10-19 00:41:58 GSD getOne 第 1 次 等待 3 秒
2023-10-19 00:42:01 查询号码 【1903698】，返回信息 {"status":"ok","msg":"河南-郑州","gid":"591718","time_insert":"2023-03-15 06:19","time_update":"2023-06-11 09:31"}
2023-10-19 00:42:02 查询号码 【1903698】，GSD为【"河南-郑州"】

