2024-07-18 00:24:58 开始第 6497 次操作

2024-07-18 00:24:58 开始操作号码 【1476407】
2024-07-18 00:25:08 GSD getOne 第 1 次 等待 3 秒
2024-07-18 00:25:11 查询号码 【1476407】，返回信息 {"status":"ok","msg":"四川-成都","gid":"395657","time_insert":"2021-07-26 01:15"}
2024-07-18 00:25:12 查询号码 【1476407】，GSD为【"四川-成都"】

2024-07-18 00:25:13 开始第 6498 次操作

2024-07-18 00:25:13 开始操作号码 【1476408】
2024-07-18 00:25:20 GSD getOne 第 1 次 等待 3 秒
2024-07-18 00:25:23 查询号码 【1476408】，返回信息 {"status":"ok","msg":"四川-成都","gid":"395651","time_insert":"2021-07-26 01:14"}
2024-07-18 00:25:24 查询号码 【1476408】，GSD为【"四川-成都"】

2024-07-18 00:25:25 开始第 6499 次操作

2024-07-18 00:25:25 开始操作号码 【1476409】
2024-07-18 00:25:33 GSD getOne 第 1 次 等待 3 秒
2024-07-18 00:25:36 查询号码 【1476409】，返回信息 {"status":"ok","msg":"四川-成都","gid":"395642","time_insert":"2021-07-26 01:14"}
2024-07-18 00:25:36 查询号码 【1476409】，GSD为【"四川-成都"】

2024-07-18 00:25:37 开始第 6500 次操作

2024-07-18 00:25:37 开始操作号码 【1476410】
2024-07-18 00:25:45 GSD getOne 第 1 次 等待 3 秒
2024-07-18 00:25:48 查询号码 【1476410】，返回信息 {"status":"ok","msg":"四川-成都","gid":"395633","time_insert":"2021-07-26 01:13"}
2024-07-18 00:25:48 查询号码 【1476410】，GSD为【"四川-成都"】

