2021-07-20 00:00:39 开始第 28 次操作

2021-07-20 00:00:39 开始操作号码 【1369480】
2021-07-20 00:00:42 GSD getOne 第 1 次 等待 3 秒
2021-07-20 00:00:45 查询号码 【1369480】，返回信息 {"status":"bad","msg":""}
2021-07-20 00:00:45 查询号码 【1369480】，GSD为【""】
2021-07-20 00:00:45 bad
2021-07-20 00:00:47 CHB 1369480?1626710445 第 1 次 等待 3 秒
2021-07-20 00:00:50 CHB 1369480?1626710445 第 1 次 获取到号码【1369480】GSD
2021-07-20 00:00:50 获取到号码【1369480】的GSD为【江西-上饶】
2021-07-20 00:00:57 GSD insert 第 1 次 等待 3 秒
2021-07-20 00:01:00 {"status":"ok","gid":331097,"msg":"添加成功！"}
2021-07-20 00:01:00 下次操作: 2021-07-20 00:01:12

2021-07-20 00:01:12 开始第 29 次操作

2021-07-20 00:01:12 开始操作号码 【1369479】
2021-07-20 00:01:16 GSD getOne 第 1 次 等待 3 秒
2021-07-20 00:01:19 查询号码 【1369479】，返回信息 {"status":"bad","msg":""}
2021-07-20 00:01:19 查询号码 【1369479】，GSD为【""】
2021-07-20 00:01:19 bad
2021-07-20 00:01:21 CHB 1369479?1626710479 第 1 次 等待 3 秒
2021-07-20 00:01:24 CHB 1369479?1626710479 第 1 次 获取到号码【1369479】GSD
2021-07-20 00:01:24 获取到号码【1369479】的GSD为【内蒙古-锡林郭勒盟】
2021-07-20 00:01:27 GSD insert 第 1 次 等待 3 秒
2021-07-20 00:01:30 {"status":"ok","gid":331102,"msg":"添加成功！"}
2021-07-20 00:01:30 下次操作: 2021-07-20 00:01:43

2021-07-20 00:01:43 开始第 30 次操作

2021-07-20 00:01:43 开始操作号码 【1369478】
2021-07-20 00:01:55 GSD getOne 第 1 次 等待 3 秒
2021-07-20 00:01:58 查询号码 【1369478】，返回信息 {"status":"bad","msg":""}
2021-07-20 00:01:58 查询号码 【1369478】，GSD为【""】
2021-07-20 00:01:58 bad
2021-07-20 00:02:00 CHB 1369478?1626710518 第 1 次 等待 3 秒
2021-07-20 00:02:03 CHB 1369478?1626710518 第 1 次 获取到号码【1369478】GSD
2021-07-20 00:02:03 获取到号码【1369478】的GSD为【内蒙古-锡林郭勒盟】
2021-07-20 00:02:09 GSD insert 第 1 次 等待 3 秒
2021-07-20 00:02:12 {"status":"ok","gid":331110,"msg":"添加成功！"}
2021-07-20 00:02:12 下次操作: 2021-07-20 00:02:34

2021-07-20 00:02:34 开始第 31 次操作

2021-07-20 00:02:34 开始操作号码 【1369477】
2021-07-20 00:02:38 GSD getOne 第 1 次 等待 3 秒
2021-07-20 00:02:41 查询号码 【1369477】，返回信息 {"status":"bad","msg":""}
2021-07-20 00:02:41 查询号码 【1369477】，GSD为【""】
2021-07-20 00:02:41 bad
2021-07-20 00:02:44 CHB 1369477?1626710561 第 1 次 等待 3 秒
2021-07-20 00:02:47 CHB 1369477?1626710561 第 1 次 获取到号码【1369477】GSD
2021-07-20 00:02:47 获取到号码【1369477】的GSD为【内蒙古-赤峰】
2021-07-20 00:02:55 GSD insert 第 1 次 等待 3 秒
2021-07-20 00:02:58 {"status":"ok","gid":331120,"msg":"添加成功！"}
2021-07-20 00:02:58 下次操作: 2021-07-20 00:03:11

2021-07-20 00:03:11 开始第 32 次操作

2021-07-20 00:03:11 开始操作号码 【1369476】
2021-07-20 00:03:18 GSD getOne 第 1 次 等待 3 秒
2021-07-20 00:03:21 查询号码 【1369476】，返回信息 {"status":"bad","msg":""}
2021-07-20 00:03:21 查询号码 【1369476】，GSD为【""】
2021-07-20 00:03:21 bad
2021-07-20 00:03:23 CHB 1369476?1626710601 第 1 次 等待 3 秒
2021-07-20 00:03:26 CHB 1369476?1626710601 第 1 次 获取到号码【1369476】GSD
2021-07-20 00:03:26 获取到号码【1369476】的GSD为【内蒙古-赤峰】
2021-07-20 00:03:29 GSD insert 第 1 次 等待 3 秒
2021-07-20 00:03:32 {"status":"ok","gid":331126,"msg":"添加成功！"}
2021-07-20 00:03:32 下次操作: 2021-07-20 00:03:52

2021-07-20 00:03:52 开始第 33 次操作

2021-07-20 00:03:52 开始操作号码 【1369475】
2021-07-20 00:03:59 GSD getOne 第 1 次 等待 3 秒
2021-07-20 00:04:02 查询号码 【1369475】，返回信息 {"status":"bad","msg":""}
2021-07-20 00:04:02 查询号码 【1369475】，GSD为【""】
2021-07-20 00:04:02 bad
2021-07-20 00:04:04 CHB 1369475?1626710642 第 1 次 等待 3 秒
2021-07-20 00:04:07 CHB 1369475?1626710642 第 1 次 获取到号码【1369475】GSD
2021-07-20 00:04:07 获取到号码【1369475】的GSD为【内蒙古-赤峰】
2021-07-20 00:04:11 GSD insert 第 1 次 等待 3 秒
2021-07-20 00:04:14 {"status":"ok","gid":331137,"msg":"添加成功！"}
2021-07-20 00:04:14 下次操作: 2021-07-20 00:04:30

2021-07-20 00:04:30 开始第 34 次操作

2021-07-20 00:04:30 开始操作号码 【1369474】
2021-07-20 00:04:35 GSD getOne 第 1 次 等待 3 秒
2021-07-20 00:04:38 查询号码 【1369474】，返回信息 {"status":"bad","msg":""}
2021-07-20 00:04:38 查询号码 【1369474】，GSD为【""】
2021-07-20 00:04:38 bad
2021-07-20 00:04:40 CHB 1369474?1626710678 第 1 次 等待 3 秒
2021-07-20 00:04:43 CHB 1369474?1626710678 第 1 次 获取到号码【1369474】GSD
2021-07-20 00:04:43 获取到号码【1369474】的GSD为【内蒙古-乌兰察布】
2021-07-20 00:04:46 GSD insert 第 1 次 等待 3 秒
2021-07-20 00:04:49 {"status":"ok","gid":331144,"msg":"添加成功！"}
2021-07-20 00:04:49 下次操作: 2021-07-20 00:05:13

2021-07-20 00:05:13 开始第 35 次操作

2021-07-20 00:05:13 开始操作号码 【1369473】
2021-07-20 00:05:19 GSD getOne 第 1 次 等待 3 秒
2021-07-20 00:05:22 查询号码 【1369473】，返回信息 {"status":"bad","msg":""}
2021-07-20 00:05:22 查询号码 【1369473】，GSD为【""】
2021-07-20 00:05:22 bad
2021-07-20 00:05:24 CHB 1369473?1626710722 第 1 次 等待 3 秒
2021-07-20 00:05:27 CHB 1369473?1626710722 第 1 次 获取到号码【1369473】GSD
2021-07-20 00:05:27 获取到号码【1369473】的GSD为【内蒙古-乌兰察布】
2021-07-20 00:05:30 GSD insert 第 1 次 等待 3 秒
2021-07-20 00:05:33 {"status":"ok","gid":331153,"msg":"添加成功！"}
2021-07-20 00:05:33 下次操作: 2021-07-20 00:05:52

2021-07-20 00:05:52 开始第 36 次操作

2021-07-20 00:05:52 开始操作号码 【1369472】
2021-07-20 00:05:58 GSD getOne 第 1 次 等待 3 秒
2021-07-20 00:06:01 查询号码 【1369472】，返回信息 {"status":"bad","msg":""}
2021-07-20 00:06:01 查询号码 【1369472】，GSD为【""】
2021-07-20 00:06:01 bad
2021-07-20 00:06:02 CHB 1369472?1626710761 第 1 次 等待 3 秒
2021-07-20 00:06:05 CHB 1369472?1626710761 第 1 次 获取到号码【1369472】GSD
2021-07-20 00:06:05 获取到号码【1369472】的GSD为【内蒙古-包头】
2021-07-20 00:06:08 GSD insert 第 1 次 等待 3 秒
2021-07-20 00:06:11 {"status":"ok","gid":331160,"msg":"添加成功！"}
2021-07-20 00:06:11 下次操作: 2021-07-20 00:06:29

2021-07-20 00:06:29 开始第 37 次操作

2021-07-20 00:06:29 开始操作号码 【1369471】
2021-07-20 00:06:32 GSD getOne 第 1 次 等待 3 秒
2021-07-20 00:06:35 查询号码 【1369471】，返回信息 {"status":"bad","msg":""}
2021-07-20 00:06:35 查询号码 【1369471】，GSD为【""】
2021-07-20 00:06:35 bad
2021-07-20 00:06:37 CHB 1369471?1626710795 第 1 次 等待 3 秒
2021-07-20 00:06:40 CHB 1369471?1626710795 第 1 次 获取到号码【1369471】GSD
2021-07-20 00:06:40 获取到号码【1369471】的GSD为【内蒙古-呼和浩特】
2021-07-20 00:06:45 GSD insert 第 1 次 等待 3 秒
2021-07-20 00:06:48 {"status":"ok","gid":331169,"msg":"添加成功！"}
2021-07-20 00:06:48 下次操作: 2021-07-20 00:07:00

2021-07-20 00:07:00 开始第 38 次操作

2021-07-20 00:07:00 开始操作号码 【1369470】
2021-07-20 00:07:03 GSD getOne 第 1 次 等待 3 秒
2021-07-20 00:07:06 查询号码 【1369470】，返回信息 {"status":"bad","msg":""}
2021-07-20 00:07:06 查询号码 【1369470】，GSD为【""】
2021-07-20 00:07:06 bad
2021-07-20 00:07:07 CHB 1369470?1626710826 第 1 次 等待 3 秒
2021-07-20 00:07:10 CHB 1369470?1626710826 第 1 次 获取到号码【1369470】GSD
2021-07-20 00:07:10 未获取到号码【1369470】GSD，查号吧 400 错误
2021-07-20 00:07:10 获取到号码【1369470】的GSD为【-】
2021-07-20 00:07:14 GSD insert 第 1 次 等待 3 秒
2021-07-20 00:07:17 {"status":"ok","gid":331176,"msg":"添加成功！"}
2021-07-20 00:07:17 下次操作: 2021-07-20 00:07:35

2021-07-20 00:07:35 开始第 39 次操作

2021-07-20 00:07:35 开始操作号码 【1369469】
2021-07-20 00:07:38 GSD getOne 第 1 次 等待 3 秒
2021-07-20 00:07:41 查询号码 【1369469】，返回信息 {"status":"bad","msg":""}
2021-07-20 00:07:42 查询号码 【1369469】，GSD为【""】
2021-07-20 00:07:42 bad
2021-07-20 00:07:43 CHB 1369469?1626710862 第 1 次 等待 3 秒
2021-07-20 00:07:46 CHB 1369469?1626710862 第 1 次 获取到号码【1369469】GSD
2021-07-20 00:07:46 获取到号码【1369469】的GSD为【黑龙江-鹤岗】
2021-07-20 00:07:52 GSD insert 第 1 次 等待 3 秒
2021-07-20 00:07:55 {"status":"ok","gid":331184,"msg":"添加成功！"}
2021-07-20 00:07:55 下次操作: 2021-07-20 00:08:18

2021-07-20 00:08:18 开始第 40 次操作

2021-07-20 00:08:18 开始操作号码 【1369468】
2021-07-20 00:08:20 GSD getOne 第 1 次 等待 3 秒
2021-07-20 00:08:23 查询号码 【1369468】，返回信息 {"status":"bad","msg":""}
2021-07-20 00:08:23 查询号码 【1369468】，GSD为【""】
2021-07-20 00:08:23 bad
2021-07-20 00:08:25 CHB 1369468?1626710903 第 1 次 等待 3 秒
2021-07-20 00:08:28 CHB 1369468?1626710903 第 1 次 获取到号码【1369468】GSD
2021-07-20 00:08:28 获取到号码【1369468】的GSD为【黑龙江-牡丹江】
2021-07-20 00:08:38 GSD insert 第 1 次 等待 3 秒
2021-07-20 00:08:41 {"status":"ok","gid":331196,"msg":"添加成功！"}

2021-07-20 00:58:35 开始第 1 次操作

2021-07-20 00:58:35 开始操作号码 【1369467】
2021-07-20 00:58:59 GSD getOne 第 1 次 等待 3 秒
2021-07-20 00:59:02 查询号码 【1369467】，返回信息 {"status":"bad","msg":""}
2021-07-20 00:59:03 查询号码 【1369467】，GSD为【""】
2021-07-20 00:59:03 bad
2021-07-20 00:59:04 CHB 1369467?1626713943 第 1 次 等待 3 秒
2021-07-20 00:59:07 CHB 1369467?1626713943 第 1 次 获取到号码【1369467】GSD
2021-07-20 00:59:08 获取到号码【1369467】的GSD为【黑龙江-牡丹江】
2021-07-20 00:59:23 GSD insert 第 1 次 等待 3 秒
2021-07-20 00:59:26 {"status":"ok","gid":331357,"msg":"添加成功！"}
2021-07-20 00:59:26 下次操作: 2021-07-20 00:59:47

2021-07-20 00:59:47 开始第 2 次操作

2021-07-20 00:59:47 开始操作号码 【1369466】
2021-07-20 00:59:50 GSD getOne 第 1 次 等待 3 秒
2021-07-20 00:59:53 查询号码 【1369466】，返回信息 {"status":"bad","msg":""}
2021-07-20 00:59:53 查询号码 【1369466】，GSD为【""】
2021-07-20 00:59:53 bad
2021-07-20 00:59:55 CHB 1369466?1626713993 第 1 次 等待 3 秒
2021-07-20 00:59:58 CHB 1369466?1626713993 第 1 次 获取到号码【1369466】GSD
2021-07-20 00:59:58 获取到号码【1369466】的GSD为【黑龙江-佳木斯】
2021-07-20 01:00:01 GSD insert 第 1 次 等待 3 秒
2021-07-20 01:00:04 {"status":"ok","gid":331360,"msg":"添加成功！"}
2021-07-20 01:00:04 下次操作: 2021-07-20 01:00:22

2021-07-20 01:00:22 开始第 3 次操作

2021-07-20 01:00:22 开始操作号码 【1369465】
2021-07-20 01:00:26 GSD getOne 第 1 次 等待 3 秒
2021-07-20 01:00:29 查询号码 【1369465】，返回信息 {"status":"bad","msg":""}
2021-07-20 01:00:29 查询号码 【1369465】，GSD为【""】
2021-07-20 01:00:29 bad
2021-07-20 01:00:32 CHB 1369465?1626714029 第 1 次 等待 3 秒
2021-07-20 01:00:35 CHB 1369465?1626714029 第 1 次 获取到号码【1369465】GSD
2021-07-20 01:00:35 获取到号码【1369465】的GSD为【黑龙江-哈尔滨】
2021-07-20 01:00:38 GSD insert 第 1 次 等待 3 秒
2021-07-20 01:00:41 {"status":"ok","gid":331363,"msg":"添加成功！"}
2021-07-20 01:00:41 下次操作: 2021-07-20 01:00:56

2021-07-20 01:00:56 开始第 4 次操作

2021-07-20 01:00:56 开始操作号码 【1369464】
2021-07-20 01:00:59 GSD getOne 第 1 次 等待 3 秒
2021-07-20 01:01:02 查询号码 【1369464】，返回信息 {"status":"bad","msg":""}
2021-07-20 01:01:02 查询号码 【1369464】，GSD为【""】
2021-07-20 01:01:02 bad
2021-07-20 01:01:07 CHB 1369464?1626714062 第 1 次 等待 3 秒
2021-07-20 01:01:10 CHB 1369464?1626714062 第 1 次 获取到号码【1369464】GSD
2021-07-20 01:01:10 获取到号码【1369464】的GSD为【黑龙江-牡丹江】
2021-07-20 01:01:16 GSD insert 第 1 次 等待 3 秒
2021-07-20 01:01:19 {"status":"ok","gid":331365,"msg":"添加成功！"}
2021-07-20 01:01:19 下次操作: 2021-07-20 01:01:31

2021-07-20 01:01:31 开始第 5 次操作

2021-07-20 01:01:31 开始操作号码 【1369463】
2021-07-20 01:01:37 GSD getOne 第 1 次 等待 3 秒
2021-07-20 01:01:40 查询号码 【1369463】，返回信息 {"status":"ok","msg":"黑龙江-牡丹江","gid":"9191","time_insert":"2019-01-14 13:58","time_update":"2020-08-23 00:21"}
2021-07-20 01:01:40 查询号码 【1369463】，GSD为【"黑龙江-牡丹江"】

2021-07-20 01:01:40 开始第 5 次操作

2021-07-20 01:01:40 开始操作号码 【1369462】
2021-07-20 01:01:43 GSD getOne 第 1 次 等待 3 秒
2021-07-20 01:01:46 查询号码 【1369462】，返回信息 {"status":"bad","msg":""}
2021-07-20 01:01:46 查询号码 【1369462】，GSD为【""】
2021-07-20 01:01:46 bad
2021-07-20 01:01:48 CHB 1369462?1626714106 第 1 次 等待 3 秒
2021-07-20 01:01:51 CHB 1369462?1626714106 第 1 次 获取到号码【1369462】GSD
2021-07-20 01:01:51 获取到号码【1369462】的GSD为【黑龙江-哈尔滨】
2021-07-20 01:01:56 GSD insert 第 1 次 等待 3 秒
2021-07-20 01:01:59 {"status":"ok","gid":331369,"msg":"添加成功！"}
2021-07-20 01:01:59 下次操作: 2021-07-20 01:02:23

2021-07-20 01:02:23 开始第 6 次操作

2021-07-20 01:02:23 开始操作号码 【1369461】
2021-07-20 01:02:47 GSD getOne 第 1 次 等待 3 秒
2021-07-20 01:02:50 查询号码 【1369461】，返回信息 {"status":"bad","msg":""}
2021-07-20 01:02:50 查询号码 【1369461】，GSD为【""】
2021-07-20 01:02:50 bad
2021-07-20 01:02:52 CHB 1369461?1626714170 第 1 次 等待 3 秒
2021-07-20 01:02:55 CHB 1369461?1626714170 第 1 次 获取到号码【1369461】GSD
2021-07-20 01:02:55 获取到号码【1369461】的GSD为【黑龙江-哈尔滨】
2021-07-20 01:02:58 GSD insert 第 1 次 等待 3 秒
2021-07-20 01:03:01 {"status":"ok","gid":331374,"msg":"添加成功！"}
2021-07-20 01:03:01 下次操作: 2021-07-20 01:03:21

2021-07-20 01:03:21 开始第 7 次操作

2021-07-20 01:03:21 开始操作号码 【1369460】
2021-07-20 01:03:30 GSD getOne 第 1 次 等待 3 秒
2021-07-20 01:03:33 查询号码 【1369460】，返回信息 {"status":"bad","msg":""}
2021-07-20 01:03:33 查询号码 【1369460】，GSD为【""】
2021-07-20 01:03:33 bad
2021-07-20 01:03:35 CHB 1369460?1626714213 第 1 次 等待 3 秒
2021-07-20 01:03:38 CHB 1369460?1626714213 第 1 次 获取到号码【1369460】GSD
2021-07-20 01:03:38 获取到号码【1369460】的GSD为【黑龙江-大庆】
2021-07-20 01:03:41 GSD insert 第 1 次 等待 3 秒
2021-07-20 01:03:44 {"status":"ok","gid":331381,"msg":"添加成功！"}
2021-07-20 01:03:44 下次操作: 2021-07-20 01:04:08

2021-07-20 01:04:08 开始第 8 次操作

2021-07-20 01:04:08 开始操作号码 【1369459】
2021-07-20 01:04:12 GSD getOne 第 1 次 等待 3 秒
2021-07-20 01:04:15 查询号码 【1369459】，返回信息 {"status":"bad","msg":""}
2021-07-20 01:04:15 查询号码 【1369459】，GSD为【""】
2021-07-20 01:04:15 bad
2021-07-20 01:04:18 CHB 1369459?1626714255 第 1 次 等待 3 秒
2021-07-20 01:04:21 CHB 1369459?1626714255 第 1 次 获取到号码【1369459】GSD
2021-07-20 01:04:21 获取到号码【1369459】的GSD为【黑龙江-大庆】
2021-07-20 01:04:25 GSD insert 第 1 次 等待 3 秒
2021-07-20 01:04:28 {"status":"ok","gid":331390,"msg":"添加成功！"}
2021-07-20 01:04:28 下次操作: 2021-07-20 01:04:44

2021-07-20 01:04:44 开始第 9 次操作

2021-07-20 01:04:44 开始操作号码 【1369458】
2021-07-20 01:04:48 GSD getOne 第 1 次 等待 3 秒
2021-07-20 01:04:51 查询号码 【1369458】，返回信息 {"status":"bad","msg":""}
2021-07-20 01:04:51 查询号码 【1369458】，GSD为【""】
2021-07-20 01:04:51 bad
2021-07-20 01:04:53 CHB 1369458?1626714291 第 1 次 等待 3 秒
2021-07-20 01:04:56 CHB 1369458?1626714291 第 1 次 获取到号码【1369458】GSD
2021-07-20 01:04:56 获取到号码【1369458】的GSD为【黑龙江-伊春】
2021-07-20 01:04:59 GSD insert 第 1 次 等待 3 秒
2021-07-20 01:05:02 {"status":"ok","gid":331397,"msg":"添加成功！"}
2021-07-20 01:05:02 下次操作: 2021-07-20 01:05:15

2021-07-20 01:05:15 开始第 10 次操作

2021-07-20 01:05:15 开始操作号码 【1369457】
2021-07-20 01:05:18 GSD getOne 第 1 次 等待 3 秒
2021-07-20 01:05:21 查询号码 【1369457】，返回信息 {"status":"bad","msg":""}
2021-07-20 01:05:21 查询号码 【1369457】，GSD为【""】
2021-07-20 01:05:21 bad
2021-07-20 01:05:24 CHB 1369457?1626714321 第 1 次 等待 3 秒
2021-07-20 01:05:27 CHB 1369457?1626714321 第 1 次 获取到号码【1369457】GSD
2021-07-20 01:05:27 获取到号码【1369457】的GSD为【黑龙江-黑河】
2021-07-20 01:06:08 GSD insert 第 1 次 等待 3 秒
2021-07-20 01:06:11 {"status":"ok","gid":331406,"msg":"添加成功！"}
2021-07-20 01:06:11 下次操作: 2021-07-20 01:06:32

2021-07-20 01:06:32 开始第 11 次操作

2021-07-20 01:06:32 开始操作号码 【1369456】
2021-07-20 01:06:39 GSD getOne 第 1 次 等待 3 秒
2021-07-20 01:06:42 查询号码 【1369456】，返回信息 {"status":"bad","msg":""}
2021-07-20 01:06:42 查询号码 【1369456】，GSD为【""】
2021-07-20 01:06:42 bad
2021-07-20 01:06:44 CHB 1369456?1626714402 第 1 次 等待 3 秒
2021-07-20 01:06:47 CHB 1369456?1626714402 第 1 次 获取到号码【1369456】GSD
2021-07-20 01:06:47 获取到号码【1369456】的GSD为【黑龙江-黑河】
2021-07-20 01:06:50 GSD insert 第 1 次 等待 3 秒
2021-07-20 01:06:53 {"status":"ok","gid":331414,"msg":"添加成功！"}
2021-07-20 01:06:53 下次操作: 2021-07-20 01:07:13

2021-07-20 01:07:13 开始第 12 次操作

2021-07-20 01:07:13 开始操作号码 【1369455】
2021-07-20 01:07:16 GSD getOne 第 1 次 等待 3 秒
2021-07-20 01:07:19 查询号码 【1369455】，返回信息 {"status":"bad","msg":""}
2021-07-20 01:07:19 查询号码 【1369455】，GSD为【""】
2021-07-20 01:07:19 bad
2021-07-20 01:07:21 CHB 1369455?1626714439 第 1 次 等待 3 秒
2021-07-20 01:07:24 CHB 1369455?1626714439 第 1 次 获取到号码【1369455】GSD
2021-07-20 01:07:24 获取到号码【1369455】的GSD为【黑龙江-哈尔滨】
2021-07-20 01:07:32 GSD insert 第 1 次 等待 3 秒
2021-07-20 01:07:35 {"status":"ok","gid":331425,"msg":"添加成功！"}
2021-07-20 01:07:35 下次操作: 2021-07-20 01:07:58

2021-07-20 01:07:58 开始第 13 次操作

2021-07-20 01:07:58 开始操作号码 【1369454】
2021-07-20 01:08:02 GSD getOne 第 1 次 等待 3 秒
2021-07-20 01:08:05 查询号码 【1369454】，返回信息 {"status":"bad","msg":""}
2021-07-20 01:08:05 查询号码 【1369454】，GSD为【""】
2021-07-20 01:08:05 bad
2021-07-20 01:08:08 CHB 1369454?1626714485 第 1 次 等待 3 秒
2021-07-20 01:08:11 CHB 1369454?1626714485 第 1 次 获取到号码【1369454】GSD
2021-07-20 01:08:11 获取到号码【1369454】的GSD为【黑龙江-佳木斯】
2021-07-20 01:08:14 GSD insert 第 1 次 等待 3 秒
2021-07-20 01:08:17 {"status":"ok","gid":331433,"msg":"添加成功！"}
2021-07-20 01:08:17 下次操作: 2021-07-20 01:08:37

2021-07-20 01:08:37 开始第 14 次操作

2021-07-20 01:08:37 开始操作号码 【1369453】
2021-07-20 01:08:41 GSD getOne 第 1 次 等待 3 秒
2021-07-20 01:08:44 查询号码 【1369453】，返回信息 {"status":"bad","msg":""}
2021-07-20 01:08:44 查询号码 【1369453】，GSD为【""】
2021-07-20 01:08:44 bad
2021-07-20 01:08:46 CHB 1369453?1626714524 第 1 次 等待 3 秒
2021-07-20 01:08:49 CHB 1369453?1626714524 第 1 次 获取到号码【1369453】GSD
2021-07-20 01:08:49 获取到号码【1369453】的GSD为【黑龙江-牡丹江】
2021-07-20 01:08:51 GSD insert 第 1 次 等待 3 秒
2021-07-20 01:08:54 {"status":"ok","gid":331441,"msg":"添加成功！"}
2021-07-20 01:08:54 下次操作: 2021-07-20 01:09:11

2021-07-20 01:09:11 开始第 15 次操作

2021-07-20 01:09:11 开始操作号码 【1369452】
2021-07-20 01:09:25 GSD getOne 第 1 次 等待 3 秒
2021-07-20 01:09:28 查询号码 【1369452】，返回信息 {"status":"bad","msg":""}
2021-07-20 01:09:28 查询号码 【1369452】，GSD为【""】
2021-07-20 01:09:28 bad
2021-07-20 01:09:30 CHB 1369452?1626714568 第 1 次 等待 3 秒
2021-07-20 01:09:33 CHB 1369452?1626714568 第 1 次 获取到号码【1369452】GSD
2021-07-20 01:09:33 获取到号码【1369452】的GSD为【黑龙江-齐齐哈尔】
2021-07-20 01:09:37 GSD insert 第 1 次 等待 3 秒
2021-07-20 01:09:40 {"status":"ok","gid":331451,"msg":"添加成功！"}
2021-07-20 01:09:40 下次操作: 2021-07-20 01:09:59

2021-07-20 01:09:59 开始第 16 次操作

2021-07-20 01:09:59 开始操作号码 【1369451】
2021-07-20 01:10:06 GSD getOne 第 1 次 等待 3 秒
2021-07-20 01:10:09 查询号码 【1369451】，返回信息 {"status":"bad","msg":""}
2021-07-20 01:10:09 查询号码 【1369451】，GSD为【""】
2021-07-20 01:10:09 bad
2021-07-20 01:10:11 CHB 1369451?1626714609 第 1 次 等待 3 秒
2021-07-20 01:10:14 CHB 1369451?1626714609 第 1 次 获取到号码【1369451】GSD
2021-07-20 01:10:14 获取到号码【1369451】的GSD为【黑龙江-哈尔滨】
2021-07-20 01:10:17 GSD insert 第 1 次 等待 3 秒
2021-07-20 01:10:20 {"status":"ok","gid":331460,"msg":"添加成功！"}
2021-07-20 01:10:20 下次操作: 2021-07-20 01:10:36

2021-07-20 01:10:36 开始第 17 次操作

2021-07-20 01:10:36 开始操作号码 【1369450】
2021-07-20 01:10:39 GSD getOne 第 1 次 等待 3 秒
2021-07-20 01:10:42 查询号码 【1369450】，返回信息 {"status":"bad","msg":""}
2021-07-20 01:10:42 查询号码 【1369450】，GSD为【""】
2021-07-20 01:10:42 bad
2021-07-20 01:10:44 CHB 1369450?1626714642 第 1 次 等待 3 秒
2021-07-20 01:10:47 CHB 1369450?1626714642 第 1 次 获取到号码【1369450】GSD
2021-07-20 01:10:47 获取到号码【1369450】的GSD为【黑龙江-哈尔滨】
2021-07-20 01:10:51 GSD insert 第 1 次 等待 3 秒
2021-07-20 01:10:54 {"status":"ok","gid":331468,"msg":"添加成功！"}
2021-07-20 01:10:54 下次操作: 2021-07-20 01:11:12

2021-07-20 01:11:12 开始第 18 次操作

2021-07-20 01:11:12 开始操作号码 【1369449】
2021-07-20 01:11:16 GSD getOne 第 1 次 等待 3 秒
2021-07-20 01:11:19 查询号码 【1369449】，返回信息 {"status":"bad","msg":""}
2021-07-20 01:11:19 查询号码 【1369449】，GSD为【""】
2021-07-20 01:11:19 bad
2021-07-20 01:11:20 CHB 1369449?1626714679 第 1 次 等待 3 秒
2021-07-20 01:11:23 CHB 1369449?1626714679 第 1 次 获取到号码【1369449】GSD
2021-07-20 01:11:23 获取到号码【1369449】的GSD为【吉林-四平】
2021-07-20 01:11:26 GSD insert 第 1 次 等待 3 秒
2021-07-20 01:11:29 {"status":"ok","gid":331478,"msg":"添加成功！"}
2021-07-20 01:11:29 下次操作: 2021-07-20 01:11:48

2021-07-20 01:11:48 开始第 19 次操作

2021-07-20 01:11:48 开始操作号码 【1369448】
2021-07-20 01:11:57 GSD getOne 第 1 次 等待 3 秒
2021-07-20 01:12:00 查询号码 【1369448】，返回信息 {"status":"bad","msg":""}
2021-07-20 01:12:00 查询号码 【1369448】，GSD为【""】
2021-07-20 01:12:00 bad
2021-07-20 01:12:03 CHB 1369448?1626714720 第 1 次 等待 3 秒
2021-07-20 01:12:06 CHB 1369448?1626714720 第 1 次 获取到号码【1369448】GSD
2021-07-20 01:12:06 获取到号码【1369448】的GSD为【吉林-松原】
2021-07-20 01:12:11 GSD insert 第 1 次 等待 3 秒
2021-07-20 01:12:14 {"status":"ok","gid":331486,"msg":"添加成功！"}
2021-07-20 01:12:14 下次操作: 2021-07-20 01:12:26

2021-07-20 01:12:26 开始第 20 次操作

2021-07-20 01:12:26 开始操作号码 【1369447】
2021-07-20 01:12:29 GSD getOne 第 1 次 等待 3 秒
2021-07-20 01:12:32 查询号码 【1369447】，返回信息 {"status":"bad","msg":""}
2021-07-20 01:12:32 查询号码 【1369447】，GSD为【""】
2021-07-20 01:12:32 bad
2021-07-20 01:12:34 CHB 1369447?1626714752 第 1 次 等待 3 秒
2021-07-20 01:12:37 CHB 1369447?1626714752 第 1 次 获取到号码【1369447】GSD
2021-07-20 01:12:37 获取到号码【1369447】的GSD为【吉林-白城】
2021-07-20 01:12:40 GSD insert 第 1 次 等待 3 秒
2021-07-20 01:12:43 {"status":"ok","gid":331494,"msg":"添加成功！"}
2021-07-20 01:12:43 下次操作: 2021-07-20 01:12:56

2021-07-20 01:12:56 开始第 21 次操作

2021-07-20 01:12:56 开始操作号码 【1369446】
2021-07-20 01:13:02 GSD getOne 第 1 次 等待 3 秒
2021-07-20 01:13:05 查询号码 【1369446】，返回信息 {"status":"bad","msg":""}
2021-07-20 01:13:05 查询号码 【1369446】，GSD为【""】
2021-07-20 01:13:05 bad
2021-07-20 01:13:07 CHB 1369446?1626714785 第 1 次 等待 3 秒
2021-07-20 01:13:10 CHB 1369446?1626714785 第 1 次 获取到号码【1369446】GSD
2021-07-20 01:13:10 获取到号码【1369446】的GSD为【吉林-白城】
2021-07-20 01:13:13 GSD insert 第 1 次 等待 3 秒
2021-07-20 01:13:16 {"status":"ok","gid":331502,"msg":"添加成功！"}
2021-07-20 01:13:16 下次操作: 2021-07-20 01:13:34

2021-07-20 01:13:34 开始第 22 次操作

2021-07-20 01:13:34 开始操作号码 【1369445】
2021-07-20 01:13:38 GSD getOne 第 1 次 等待 3 秒
2021-07-20 01:13:41 查询号码 【1369445】，返回信息 {"status":"bad","msg":""}
2021-07-20 01:13:41 查询号码 【1369445】，GSD为【""】
2021-07-20 01:13:41 bad
2021-07-20 01:13:43 CHB 1369445?1626714821 第 1 次 等待 3 秒
2021-07-20 01:13:46 CHB 1369445?1626714821 第 1 次 获取到号码【1369445】GSD
2021-07-20 01:13:46 获取到号码【1369445】的GSD为【吉林-梅河口】
2021-07-20 01:13:52 GSD insert 第 1 次 等待 3 秒
2021-07-20 01:13:55 {"status":"ok","gid":331510,"msg":"添加成功！"}
2021-07-20 01:13:55 下次操作: 2021-07-20 01:14:17

2021-07-20 01:14:17 开始第 23 次操作

2021-07-20 01:14:17 开始操作号码 【1369444】
2021-07-20 01:14:20 GSD getOne 第 1 次 等待 3 秒
2021-07-20 01:14:23 查询号码 【1369444】，返回信息 {"status":"bad","msg":""}
2021-07-20 01:14:23 查询号码 【1369444】，GSD为【""】
2021-07-20 01:14:23 bad
2021-07-20 01:14:25 CHB 1369444?1626714863 第 1 次 等待 3 秒
2021-07-20 01:14:28 CHB 1369444?1626714863 第 1 次 获取到号码【1369444】GSD
2021-07-20 01:14:28 获取到号码【1369444】的GSD为【吉林-四平】
2021-07-20 01:14:31 GSD insert 第 1 次 等待 3 秒
2021-07-20 01:14:34 {"status":"ok","gid":331517,"msg":"添加成功！"}
2021-07-20 01:14:34 下次操作: 2021-07-20 01:14:56

2021-07-20 01:14:56 开始第 24 次操作

2021-07-20 01:14:56 开始操作号码 【1369443】
2021-07-20 01:14:59 GSD getOne 第 1 次 等待 3 秒
2021-07-20 01:15:02 查询号码 【1369443】，返回信息 {"status":"bad","msg":""}
2021-07-20 01:15:02 查询号码 【1369443】，GSD为【""】
2021-07-20 01:15:02 bad
2021-07-20 01:15:04 CHB 1369443?1626714902 第 1 次 等待 3 秒
2021-07-20 01:15:07 CHB 1369443?1626714902 第 1 次 获取到号码【1369443】GSD
2021-07-20 01:15:07 获取到号码【1369443】的GSD为【吉林-珲春】
2021-07-20 01:15:14 GSD insert 第 1 次 等待 3 秒
2021-07-20 01:15:17 {"status":"ok","gid":331526,"msg":"添加成功！"}
2021-07-20 01:15:17 下次操作: 2021-07-20 01:15:40

2021-07-20 01:15:40 开始第 25 次操作

2021-07-20 01:15:40 开始操作号码 【1369442】
2021-07-20 01:15:42 GSD getOne 第 1 次 等待 3 秒
2021-07-20 01:15:45 查询号码 【1369442】，返回信息 {"status":"bad","msg":""}
2021-07-20 01:15:46 查询号码 【1369442】，GSD为【""】
2021-07-20 01:15:46 bad
2021-07-20 01:15:47 CHB 1369442?1626714946 第 1 次 等待 3 秒
2021-07-20 01:15:50 CHB 1369442?1626714946 第 1 次 获取到号码【1369442】GSD
2021-07-20 01:15:50 获取到号码【1369442】的GSD为【吉林-吉林】
2021-07-20 01:15:53 GSD insert 第 1 次 等待 3 秒
2021-07-20 01:15:56 {"status":"ok","gid":331535,"msg":"添加成功！"}
2021-07-20 01:15:56 下次操作: 2021-07-20 01:16:20

2021-07-20 01:16:20 开始第 26 次操作

2021-07-20 01:16:20 开始操作号码 【1369441】
2021-07-20 01:16:23 GSD getOne 第 1 次 等待 3 秒
2021-07-20 01:16:26 查询号码 【1369441】，返回信息 {"status":"bad","msg":""}
2021-07-20 01:16:26 查询号码 【1369441】，GSD为【""】
2021-07-20 01:16:26 bad
2021-07-20 01:16:27 CHB 1369441?1626714986 第 1 次 等待 3 秒
2021-07-20 01:16:30 CHB 1369441?1626714986 第 1 次 获取到号码【1369441】GSD
2021-07-20 01:16:30 获取到号码【1369441】的GSD为【吉林-梅河口】
2021-07-20 01:16:37 GSD insert 第 1 次 等待 3 秒
2021-07-20 01:16:40 {"status":"ok","gid":331546,"msg":"添加成功！"}
2021-07-20 01:16:40 下次操作: 2021-07-20 01:17:03

2021-07-20 01:17:03 开始第 27 次操作

2021-07-20 01:17:03 开始操作号码 【1369440】
2021-07-20 01:17:05 GSD getOne 第 1 次 等待 3 秒
2021-07-20 01:17:08 查询号码 【1369440】，返回信息 {"status":"bad","msg":""}
2021-07-20 01:17:08 查询号码 【1369440】，GSD为【""】
2021-07-20 01:17:08 bad
2021-07-20 01:17:14 CHB 1369440?1626715028 第 1 次 等待 3 秒
2021-07-20 01:17:17 CHB 1369440?1626715028 第 1 次 获取到号码【1369440】GSD
2021-07-20 01:17:17 获取到号码【1369440】的GSD为【吉林-四平】
2021-07-20 01:17:20 GSD insert 第 1 次 等待 3 秒
2021-07-20 01:17:23 {"status":"ok","gid":331557,"msg":"添加成功！"}
2021-07-20 01:17:23 下次操作: 2021-07-20 01:17:41

2021-07-20 01:17:41 开始第 28 次操作

2021-07-20 01:17:41 开始操作号码 【1369439】
2021-07-20 01:18:06 GSD getOne 第 1 次 等待 3 秒
2021-07-20 01:18:09 查询号码 【1369439】，返回信息 {"status":"bad","msg":""}
2021-07-20 01:18:09 查询号码 【1369439】，GSD为【""】
2021-07-20 01:18:09 bad
2021-07-20 01:18:11 CHB 1369439?1626715089 第 1 次 等待 3 秒
2021-07-20 01:18:14 CHB 1369439?1626715089 第 1 次 获取到号码【1369439】GSD
2021-07-20 01:18:14 获取到号码【1369439】的GSD为【吉林-四平】
2021-07-20 01:18:16 GSD insert 第 1 次 等待 3 秒
2021-07-20 01:18:19 {"status":"ok","gid":331569,"msg":"添加成功！"}
2021-07-20 01:18:19 下次操作: 2021-07-20 01:18:42

2021-07-20 01:18:42 开始第 29 次操作

2021-07-20 01:18:42 开始操作号码 【1369438】
2021-07-20 01:18:47 GSD getOne 第 1 次 等待 3 秒
2021-07-20 01:18:50 查询号码 【1369438】，返回信息 {"status":"bad","msg":""}
2021-07-20 01:18:50 查询号码 【1369438】，GSD为【""】
2021-07-20 01:18:50 bad
2021-07-20 01:18:52 CHB 1369438?1626715130 第 1 次 等待 3 秒
2021-07-20 01:18:55 CHB 1369438?1626715130 第 1 次 获取到号码【1369438】GSD
2021-07-20 01:18:55 获取到号码【1369438】的GSD为【吉林-松原】
2021-07-20 01:18:58 GSD insert 第 1 次 等待 3 秒
2021-07-20 01:19:01 {"status":"ok","gid":331577,"msg":"添加成功！"}
2021-07-20 01:19:01 下次操作: 2021-07-20 01:19:15

2021-07-20 01:19:15 开始第 30 次操作

2021-07-20 01:19:15 开始操作号码 【1369437】
2021-07-20 01:19:19 GSD getOne 第 1 次 等待 3 秒
2021-07-20 01:19:22 查询号码 【1369437】，返回信息 {"status":"bad","msg":""}
2021-07-20 01:19:22 查询号码 【1369437】，GSD为【""】
2021-07-20 01:19:22 bad
2021-07-20 01:19:24 CHB 1369437?1626715162 第 1 次 等待 3 秒
2021-07-20 01:19:27 CHB 1369437?1626715162 第 1 次 获取到号码【1369437】GSD
2021-07-20 01:19:27 获取到号码【1369437】的GSD为【吉林-辽源】
2021-07-20 01:19:31 GSD insert 第 1 次 等待 3 秒
2021-07-20 01:19:34 {"status":"ok","gid":331583,"msg":"添加成功！"}
2021-07-20 01:19:34 下次操作: 2021-07-20 01:19:47

2021-07-20 01:19:47 开始第 31 次操作

2021-07-20 01:19:47 开始操作号码 【1369436】
2021-07-20 01:19:50 GSD getOne 第 1 次 等待 3 秒
2021-07-20 01:19:53 查询号码 【1369436】，返回信息 {"status":"bad","msg":""}
2021-07-20 01:19:53 查询号码 【1369436】，GSD为【""】
2021-07-20 01:19:53 bad
2021-07-20 01:19:55 CHB 1369436?1626715193 第 1 次 等待 3 秒
2021-07-20 01:19:58 CHB 1369436?1626715193 第 1 次 获取到号码【1369436】GSD
2021-07-20 01:19:58 获取到号码【1369436】的GSD为【吉林-白城】
2021-07-20 01:20:02 GSD insert 第 1 次 等待 3 秒
2021-07-20 01:20:05 {"status":"ok","gid":331591,"msg":"添加成功！"}
2021-07-20 01:20:05 下次操作: 2021-07-20 01:20:28

2021-07-20 01:20:28 开始第 32 次操作

2021-07-20 01:20:28 开始操作号码 【1369435】
2021-07-20 01:20:31 GSD getOne 第 1 次 等待 3 秒
2021-07-20 01:20:34 查询号码 【1369435】，返回信息 {"status":"bad","msg":""}
2021-07-20 01:20:34 查询号码 【1369435】，GSD为【""】
2021-07-20 01:20:34 bad
2021-07-20 01:20:36 CHB 1369435?1626715234 第 1 次 等待 3 秒
2021-07-20 01:20:39 CHB 1369435?1626715234 第 1 次 获取到号码【1369435】GSD
2021-07-20 01:20:39 获取到号码【1369435】的GSD为【吉林-通化】
2021-07-20 01:20:44 GSD insert 第 1 次 等待 3 秒
2021-07-20 01:20:47 {"status":"ok","gid":331602,"msg":"添加成功！"}
2021-07-20 01:20:47 下次操作: 2021-07-20 01:21:04

2021-07-20 01:21:04 开始第 33 次操作

2021-07-20 01:21:04 开始操作号码 【1369434】
2021-07-20 01:21:07 GSD getOne 第 1 次 等待 3 秒
2021-07-20 01:21:10 查询号码 【1369434】，返回信息 {"status":"bad","msg":""}
2021-07-20 01:21:10 查询号码 【1369434】，GSD为【""】
2021-07-20 01:21:10 bad
2021-07-20 01:21:12 CHB 1369434?1626715270 第 1 次 等待 3 秒
2021-07-20 01:21:15 CHB 1369434?1626715270 第 1 次 获取到号码【1369434】GSD
2021-07-20 01:21:15 获取到号码【1369434】的GSD为【吉林-四平】
2021-07-20 01:21:17 GSD insert 第 1 次 等待 3 秒
2021-07-20 01:21:20 {"status":"ok","gid":331610,"msg":"添加成功！"}
2021-07-20 01:21:20 下次操作: 2021-07-20 01:21:33

2021-07-20 01:21:33 开始第 34 次操作

2021-07-20 01:21:33 开始操作号码 【1369433】
2021-07-20 01:21:36 GSD getOne 第 1 次 等待 3 秒
2021-07-20 01:21:39 查询号码 【1369433】，返回信息 {"status":"bad","msg":""}
2021-07-20 01:21:39 查询号码 【1369433】，GSD为【""】
2021-07-20 01:21:39 bad
2021-07-20 01:21:41 CHB 1369433?1626715299 第 1 次 等待 3 秒
2021-07-20 01:21:44 CHB 1369433?1626715299 第 1 次 获取到号码【1369433】GSD
2021-07-20 01:21:44 获取到号码【1369433】的GSD为【吉林-延边】
2021-07-20 01:21:47 GSD insert 第 1 次 等待 3 秒
2021-07-20 01:21:50 {"status":"ok","gid":331618,"msg":"添加成功！"}
2021-07-20 01:21:50 下次操作: 2021-07-20 01:22:10

2021-07-20 01:22:10 开始第 35 次操作

2021-07-20 01:22:10 开始操作号码 【1369432】
2021-07-20 01:22:12 GSD getOne 第 1 次 等待 3 秒
2021-07-20 01:22:15 查询号码 【1369432】，返回信息 {"status":"bad","msg":""}
2021-07-20 01:22:15 查询号码 【1369432】，GSD为【""】
2021-07-20 01:22:15 bad
2021-07-20 01:22:17 CHB 1369432?1626715335 第 1 次 等待 3 秒
2021-07-20 01:22:20 CHB 1369432?1626715335 第 1 次 获取到号码【1369432】GSD
2021-07-20 01:22:20 获取到号码【1369432】的GSD为【吉林-吉林】
2021-07-20 01:22:23 GSD insert 第 1 次 等待 3 秒
2021-07-20 01:22:26 {"status":"ok","gid":331626,"msg":"添加成功！"}
2021-07-20 01:22:26 下次操作: 2021-07-20 01:22:41

2021-07-20 01:22:41 开始第 36 次操作

2021-07-20 01:22:41 开始操作号码 【1369431】
2021-07-20 01:22:43 GSD getOne 第 1 次 等待 3 秒
2021-07-20 01:22:47 查询号码 【1369431】，返回信息 {"status":"bad","msg":""}
2021-07-20 01:22:47 查询号码 【1369431】，GSD为【""】
2021-07-20 01:22:47 bad
2021-07-20 01:22:48 CHB 1369431?1626715367 第 1 次 等待 3 秒
2021-07-20 01:22:51 CHB 1369431?1626715367 第 1 次 获取到号码【1369431】GSD
2021-07-20 01:22:51 获取到号码【1369431】的GSD为【吉林-长春】
2021-07-20 01:22:54 GSD insert 第 1 次 等待 3 秒
2021-07-20 01:22:57 {"status":"ok","gid":331633,"msg":"添加成功！"}
2021-07-20 01:22:57 下次操作: 2021-07-20 01:23:21

2021-07-20 01:23:21 开始第 37 次操作

2021-07-20 01:23:21 开始操作号码 【1369430】
2021-07-20 01:23:24 GSD getOne 第 1 次 等待 3 秒
2021-07-20 01:23:27 查询号码 【1369430】，返回信息 {"status":"bad","msg":""}
2021-07-20 01:23:27 查询号码 【1369430】，GSD为【""】
2021-07-20 01:23:27 bad
2021-07-20 01:23:32 CHB 1369430?1626715407 第 1 次 等待 3 秒
2021-07-20 01:23:35 CHB 1369430?1626715407 第 1 次 获取到号码【1369430】GSD
2021-07-20 01:23:35 获取到号码【1369430】的GSD为【吉林-长春】
2021-07-20 01:23:42 GSD insert 第 1 次 等待 3 秒
2021-07-20 01:23:45 {"status":"ok","gid":331643,"msg":"添加成功！"}
2021-07-20 01:23:45 下次操作: 2021-07-20 01:23:57

2021-07-20 01:23:57 开始第 38 次操作

2021-07-20 01:23:57 开始操作号码 【1369429】
2021-07-20 01:24:01 GSD getOne 第 1 次 等待 3 秒
2021-07-20 01:24:04 查询号码 【1369429】，返回信息 {"status":"ok","msg":"广东-广州","gid":"50748","time_insert":"2021-04-21 17:00"}
2021-07-20 01:24:04 查询号码 【1369429】，GSD为【"广东-广州"】

2021-07-20 01:24:04 开始第 38 次操作

2021-07-20 01:24:04 开始操作号码 【1369428】
2021-07-20 01:24:07 GSD getOne 第 1 次 等待 3 秒
2021-07-20 01:24:10 查询号码 【1369428】，返回信息 {"status":"ok","msg":"广东-广州","gid":"57604","time_insert":"2021-05-12 09:47","time_update":"2021-05-15 07:30"}
2021-07-20 01:24:10 查询号码 【1369428】，GSD为【"广东-广州"】

2021-07-20 01:24:10 开始第 38 次操作

2021-07-20 01:24:10 开始操作号码 【1369427】
2021-07-20 01:24:14 GSD getOne 第 1 次 等待 3 秒
2021-07-20 01:24:17 查询号码 【1369427】，返回信息 {"status":"bad","msg":""}
2021-07-20 01:24:17 查询号码 【1369427】，GSD为【""】
2021-07-20 01:24:17 bad
2021-07-20 01:24:18 CHB 1369427?1626715457 第 1 次 等待 3 秒
2021-07-20 01:24:21 CHB 1369427?1626715457 第 1 次 获取到号码【1369427】GSD
2021-07-20 01:24:21 获取到号码【1369427】的GSD为【广东-广州】
2021-07-20 01:24:24 GSD insert 第 1 次 等待 3 秒
2021-07-20 01:24:27 {"status":"ok","gid":331654,"msg":"添加成功！"}
2021-07-20 01:24:27 下次操作: 2021-07-20 01:24:50

2021-07-20 01:24:50 开始第 39 次操作

2021-07-20 01:24:50 开始操作号码 【1369426】
2021-07-20 01:24:53 GSD getOne 第 1 次 等待 3 秒
2021-07-20 01:24:56 查询号码 【1369426】，返回信息 {"status":"bad","msg":""}
2021-07-20 01:24:56 查询号码 【1369426】，GSD为【""】
2021-07-20 01:24:56 bad
2021-07-20 01:24:58 CHB 1369426?1626715496 第 1 次 等待 3 秒
2021-07-20 01:25:01 CHB 1369426?1626715496 第 1 次 获取到号码【1369426】GSD
2021-07-20 01:25:01 获取到号码【1369426】的GSD为【广东-广州】
2021-07-20 01:25:03 GSD insert 第 1 次 等待 3 秒
2021-07-20 01:25:06 {"status":"ok","gid":331662,"msg":"添加成功！"}
2021-07-20 01:25:06 下次操作: 2021-07-20 01:25:19

2021-07-20 01:25:19 开始第 40 次操作

2021-07-20 01:25:19 开始操作号码 【1369425】
2021-07-20 01:25:23 GSD getOne 第 1 次 等待 3 秒
2021-07-20 01:25:26 查询号码 【1369425】，返回信息 {"status":"bad","msg":""}
2021-07-20 01:25:26 查询号码 【1369425】，GSD为【""】
2021-07-20 01:25:26 bad
2021-07-20 01:25:28 CHB 1369425?1626715526 第 1 次 等待 3 秒
2021-07-20 01:25:31 CHB 1369425?1626715526 第 1 次 获取到号码【1369425】GSD
2021-07-20 01:25:31 获取到号码【1369425】的GSD为【广东-广州】
2021-07-20 01:25:35 GSD insert 第 1 次 等待 3 秒
2021-07-20 01:25:38 {"status":"ok","gid":331672,"msg":"添加成功！"}

2021-07-20 01:39:54 开始第 1 次操作

2021-07-20 01:39:54 开始操作号码 【1369424】
2021-07-20 01:39:57 GSD getOne 第 1 次 等待 3 秒
2021-07-20 01:40:00 查询号码 【1369424】，返回信息 {"status":"bad","msg":""}
2021-07-20 01:40:00 查询号码 【1369424】，GSD为【""】
2021-07-20 01:40:00 bad
2021-07-20 01:40:02 CHB 1369424?1626716400 第 1 次 等待 3 秒
2021-07-20 01:40:05 CHB 1369424?1626716400 第 1 次 获取到号码【1369424】GSD
2021-07-20 01:40:05 获取到号码【1369424】的GSD为【广东-广州】
2021-07-20 01:40:08 GSD insert 第 1 次 等待 3 秒
2021-07-20 01:40:11 {"status":"ok","gid":331750,"msg":"添加成功！"}
2021-07-20 01:40:11 下次操作: 2021-07-20 01:40:26

2021-07-20 01:40:26 开始第 2 次操作

2021-07-20 01:40:26 开始操作号码 【1369423】
2021-07-20 01:40:29 GSD getOne 第 1 次 等待 3 秒
2021-07-20 01:40:32 查询号码 【1369423】，返回信息 {"status":"bad","msg":""}
2021-07-20 01:40:32 查询号码 【1369423】，GSD为【""】
2021-07-20 01:40:32 bad
2021-07-20 01:40:34 CHB 1369423?1626716432 第 1 次 等待 3 秒
2021-07-20 01:40:37 CHB 1369423?1626716432 第 1 次 获取到号码【1369423】GSD
2021-07-20 01:40:37 获取到号码【1369423】的GSD为【广东-广州】
2021-07-20 01:40:43 GSD insert 第 1 次 等待 3 秒
2021-07-20 01:40:46 {"status":"ok","gid":331752,"msg":"添加成功！"}
2021-07-20 01:40:46 下次操作: 2021-07-20 01:41:08

2021-07-20 01:41:08 开始第 3 次操作

2021-07-20 01:41:08 开始操作号码 【1369422】
2021-07-20 01:41:11 GSD getOne 第 1 次 等待 3 秒
2021-07-20 01:41:14 查询号码 【1369422】，返回信息 {"status":"bad","msg":""}
2021-07-20 01:41:14 查询号码 【1369422】，GSD为【""】
2021-07-20 01:41:14 bad
2021-07-20 01:41:15 CHB 1369422?1626716474 第 1 次 等待 3 秒
2021-07-20 01:41:18 CHB 1369422?1626716474 第 1 次 获取到号码【1369422】GSD
2021-07-20 01:41:18 获取到号码【1369422】的GSD为【广东-广州】
2021-07-20 01:41:21 GSD insert 第 1 次 等待 3 秒
2021-07-20 01:41:24 {"status":"ok","gid":331753,"msg":"添加成功！"}
2021-07-20 01:41:24 下次操作: 2021-07-20 01:41:41

2021-07-20 01:41:41 开始第 4 次操作

2021-07-20 01:41:41 开始操作号码 【1369421】
2021-07-20 01:41:44 GSD getOne 第 1 次 等待 3 秒
2021-07-20 01:41:47 查询号码 【1369421】，返回信息 {"status":"bad","msg":""}
2021-07-20 01:41:47 查询号码 【1369421】，GSD为【""】
2021-07-20 01:41:47 bad
2021-07-20 01:41:49 CHB 1369421?1626716507 第 1 次 等待 3 秒
2021-07-20 01:41:52 CHB 1369421?1626716507 第 1 次 获取到号码【1369421】GSD
2021-07-20 01:41:52 获取到号码【1369421】的GSD为【广东-广州】
2021-07-20 01:41:54 GSD insert 第 1 次 等待 3 秒
2021-07-20 01:41:57 {"status":"ok","gid":331756,"msg":"添加成功！"}
2021-07-20 01:41:57 下次操作: 2021-07-20 01:42:10

2021-07-20 01:42:10 开始第 5 次操作

2021-07-20 01:42:10 开始操作号码 【1369420】
2021-07-20 01:42:13 GSD getOne 第 1 次 等待 3 秒
2021-07-20 01:42:16 查询号码 【1369420】，返回信息 {"status":"ok","msg":"广东-广州","gid":"9190","time_insert":"2017-12-14 08:43","time_update":"2020-10-14 03:41"}
2021-07-20 01:42:16 查询号码 【1369420】，GSD为【"广东-广州"】

2021-07-20 01:42:16 开始第 5 次操作

2021-07-20 01:42:16 开始操作号码 【1369419】
2021-07-20 01:42:19 GSD getOne 第 1 次 等待 3 秒
2021-07-20 01:42:22 查询号码 【1369419】，返回信息 {"status":"ok","msg":"辽宁-沈阳","gid":"9189","time_insert":"2017-07-15 09:57","time_update":"2020-08-20 23:23"}
2021-07-20 01:42:22 查询号码 【1369419】，GSD为【"辽宁-沈阳"】

2021-07-20 01:42:22 开始第 5 次操作

2021-07-20 01:42:22 开始操作号码 【1369418】
2021-07-20 01:42:25 GSD getOne 第 1 次 等待 3 秒
2021-07-20 01:42:28 查询号码 【1369418】，返回信息 {"status":"bad","msg":""}
2021-07-20 01:42:28 查询号码 【1369418】，GSD为【""】
2021-07-20 01:42:28 bad
2021-07-20 01:42:29 CHB 1369418?1626716548 第 1 次 等待 3 秒
2021-07-20 01:42:32 CHB 1369418?1626716548 第 1 次 获取到号码【1369418】GSD
2021-07-20 01:42:32 获取到号码【1369418】的GSD为【辽宁-沈阳】
2021-07-20 01:42:35 GSD insert 第 1 次 等待 3 秒
2021-07-20 01:42:38 {"status":"ok","gid":331758,"msg":"添加成功！"}
2021-07-20 01:42:38 下次操作: 2021-07-20 01:43:02

2021-07-20 01:43:02 开始第 6 次操作

2021-07-20 01:43:02 开始操作号码 【1369417】
2021-07-20 01:43:08 GSD getOne 第 1 次 等待 3 秒
2021-07-20 01:43:11 查询号码 【1369417】，返回信息 {"status":"bad","msg":""}
2021-07-20 01:43:11 查询号码 【1369417】，GSD为【""】
2021-07-20 01:43:11 bad
2021-07-20 01:43:13 CHB 1369417?1626716591 第 1 次 等待 3 秒
2021-07-20 01:43:16 CHB 1369417?1626716591 第 1 次 获取到号码【1369417】GSD
2021-07-20 01:43:16 获取到号码【1369417】的GSD为【辽宁-营口】
2021-07-20 01:43:19 GSD insert 第 1 次 等待 3 秒
2021-07-20 01:43:22 {"status":"ok","gid":331762,"msg":"添加成功！"}
2021-07-20 01:43:22 下次操作: 2021-07-20 01:43:38

2021-07-20 01:43:38 开始第 7 次操作

2021-07-20 01:43:38 开始操作号码 【1369416】
2021-07-20 01:43:40 GSD getOne 第 1 次 等待 3 秒
2021-07-20 01:43:43 查询号码 【1369416】，返回信息 {"status":"bad","msg":""}
2021-07-20 01:43:43 查询号码 【1369416】，GSD为【""】
2021-07-20 01:43:43 bad
2021-07-20 01:43:45 CHB 1369416?1626716623 第 1 次 等待 3 秒
2021-07-20 01:43:48 CHB 1369416?1626716623 第 1 次 获取到号码【1369416】GSD
2021-07-20 01:43:48 获取到号码【1369416】的GSD为【辽宁-丹东】
2021-07-20 01:43:51 GSD insert 第 1 次 等待 3 秒
2021-07-20 01:43:54 {"status":"ok","gid":331767,"msg":"添加成功！"}
2021-07-20 01:43:54 下次操作: 2021-07-20 01:44:12

2021-07-20 01:44:12 开始第 8 次操作

2021-07-20 01:44:12 开始操作号码 【1369415】
2021-07-20 01:44:15 GSD getOne 第 1 次 等待 3 秒
2021-07-20 01:44:18 查询号码 【1369415】，返回信息 {"status":"bad","msg":""}
2021-07-20 01:44:18 查询号码 【1369415】，GSD为【""】
2021-07-20 01:44:18 bad
2021-07-20 01:44:19 CHB 1369415?1626716658 第 1 次 等待 3 秒
2021-07-20 01:44:22 CHB 1369415?1626716658 第 1 次 获取到号码【1369415】GSD
2021-07-20 01:44:22 获取到号码【1369415】的GSD为【辽宁-丹东】
2021-07-20 01:44:26 GSD insert 第 1 次 等待 3 秒
2021-07-20 01:44:29 {"status":"ok","gid":331772,"msg":"添加成功！"}
2021-07-20 01:44:29 下次操作: 2021-07-20 01:44:53

2021-07-20 01:44:53 开始第 9 次操作

2021-07-20 01:44:53 开始操作号码 【1369414】
2021-07-20 01:44:56 GSD getOne 第 1 次 等待 3 秒
2021-07-20 01:44:59 查询号码 【1369414】，返回信息 {"status":"bad","msg":""}
2021-07-20 01:44:59 查询号码 【1369414】，GSD为【""】
2021-07-20 01:44:59 bad
2021-07-20 01:45:00 CHB 1369414?1626716699 第 1 次 等待 3 秒
2021-07-20 01:45:03 CHB 1369414?1626716699 第 1 次 获取到号码【1369414】GSD
2021-07-20 01:45:03 获取到号码【1369414】的GSD为【辽宁-丹东】
2021-07-20 01:45:07 GSD insert 第 1 次 等待 3 秒
2021-07-20 01:45:10 {"status":"ok","gid":331777,"msg":"添加成功！"}
2021-07-20 01:45:10 下次操作: 2021-07-20 01:45:24

2021-07-20 01:45:24 开始第 10 次操作

2021-07-20 01:45:24 开始操作号码 【1369413】
2021-07-20 01:45:26 GSD getOne 第 1 次 等待 3 秒
2021-07-20 01:45:29 查询号码 【1369413】，返回信息 {"status":"bad","msg":""}
2021-07-20 01:45:29 查询号码 【1369413】，GSD为【""】
2021-07-20 01:45:29 bad
2021-07-20 01:45:31 CHB 1369413?1626716729 第 1 次 等待 3 秒
2021-07-20 01:45:34 CHB 1369413?1626716729 第 1 次 获取到号码【1369413】GSD
2021-07-20 01:45:34 获取到号码【1369413】的GSD为【辽宁-沈阳】
2021-07-20 01:45:37 GSD insert 第 1 次 等待 3 秒
2021-07-20 01:45:40 {"status":"ok","gid":331784,"msg":"添加成功！"}
2021-07-20 01:45:40 下次操作: 2021-07-20 01:45:53

2021-07-20 01:45:53 开始第 11 次操作

2021-07-20 01:45:53 开始操作号码 【1369412】
2021-07-20 01:45:56 GSD getOne 第 1 次 等待 3 秒
2021-07-20 01:45:59 查询号码 【1369412】，返回信息 {"status":"bad","msg":""}
2021-07-20 01:45:59 查询号码 【1369412】，GSD为【""】
2021-07-20 01:45:59 bad
2021-07-20 01:46:04 CHB 1369412?1626716759 第 1 次 等待 3 秒
2021-07-20 01:46:07 CHB 1369412?1626716759 第 1 次 获取到号码【1369412】GSD
2021-07-20 01:46:07 获取到号码【1369412】的GSD为【辽宁-沈阳】
2021-07-20 01:46:10 GSD insert 第 1 次 等待 3 秒
2021-07-20 01:46:13 {"status":"ok","gid":331790,"msg":"添加成功！"}
2021-07-20 01:46:13 下次操作: 2021-07-20 01:46:29

2021-07-20 01:46:29 开始第 12 次操作

2021-07-20 01:46:29 开始操作号码 【1369411】
2021-07-20 01:46:32 GSD getOne 第 1 次 等待 3 秒
2021-07-20 01:46:35 查询号码 【1369411】，返回信息 {"status":"bad","msg":""}
2021-07-20 01:46:35 查询号码 【1369411】，GSD为【""】
2021-07-20 01:46:35 bad
2021-07-20 01:46:37 CHB 1369411?1626716795 第 1 次 等待 3 秒
2021-07-20 01:46:40 CHB 1369411?1626716795 第 1 次 获取到号码【1369411】GSD
2021-07-20 01:46:40 获取到号码【1369411】的GSD为【辽宁-沈阳】
2021-07-20 01:46:42 GSD insert 第 1 次 等待 3 秒
2021-07-20 01:46:45 {"status":"ok","gid":331798,"msg":"添加成功！"}
2021-07-20 01:46:45 下次操作: 2021-07-20 01:46:57

2021-07-20 01:46:57 开始第 13 次操作

2021-07-20 01:46:57 开始操作号码 【1369410】
2021-07-20 01:47:00 GSD getOne 第 1 次 等待 3 秒
2021-07-20 01:47:03 查询号码 【1369410】，返回信息 {"status":"bad","msg":""}
2021-07-20 01:47:03 查询号码 【1369410】，GSD为【""】
2021-07-20 01:47:03 bad
2021-07-20 01:47:05 CHB 1369410?1626716823 第 1 次 等待 3 秒
2021-07-20 01:47:08 CHB 1369410?1626716823 第 1 次 获取到号码【1369410】GSD
2021-07-20 01:47:08 获取到号码【1369410】的GSD为【辽宁-沈阳】
2021-07-20 01:47:10 GSD insert 第 1 次 等待 3 秒
2021-07-20 01:47:13 {"status":"ok","gid":331808,"msg":"添加成功！"}
2021-07-20 01:47:13 下次操作: 2021-07-20 01:47:25

2021-07-20 01:47:25 开始第 14 次操作

2021-07-20 01:47:25 开始操作号码 【1369409】
2021-07-20 01:47:28 GSD getOne 第 1 次 等待 3 秒
2021-07-20 01:47:31 查询号码 【1369409】，返回信息 {"status":"bad","msg":""}
2021-07-20 01:47:31 查询号码 【1369409】，GSD为【""】
2021-07-20 01:47:31 bad
2021-07-20 01:47:33 CHB 1369409?1626716851 第 1 次 等待 3 秒
2021-07-20 01:47:36 CHB 1369409?1626716851 第 1 次 获取到号码【1369409】GSD
2021-07-20 01:47:36 获取到号码【1369409】的GSD为【吉林-辽源】
2021-07-20 01:47:39 GSD insert 第 1 次 等待 3 秒
2021-07-20 01:47:42 {"status":"ok","gid":331816,"msg":"添加成功！"}
2021-07-20 01:47:42 下次操作: 2021-07-20 01:47:59

2021-07-20 01:47:59 开始第 15 次操作

2021-07-20 01:47:59 开始操作号码 【1369408】
2021-07-20 01:48:06 GSD getOne 第 1 次 等待 3 秒
2021-07-20 01:48:09 查询号码 【1369408】，返回信息 {"status":"bad","msg":""}
2021-07-20 01:48:09 查询号码 【1369408】，GSD为【""】
2021-07-20 01:48:09 bad
2021-07-20 01:48:10 CHB 1369408?1626716889 第 1 次 等待 3 秒
2021-07-20 01:48:13 CHB 1369408?1626716889 第 1 次 获取到号码【1369408】GSD
2021-07-20 01:48:13 获取到号码【1369408】的GSD为【吉林-辽源】
2021-07-20 01:48:21 GSD insert 第 1 次 等待 3 秒
2021-07-20 01:48:24 {"status":"ok","gid":331822,"msg":"添加成功！"}
2021-07-20 01:48:24 下次操作: 2021-07-20 01:48:44

2021-07-20 01:48:44 开始第 16 次操作

2021-07-20 01:48:44 开始操作号码 【1369407】
2021-07-20 01:48:47 GSD getOne 第 1 次 等待 3 秒
2021-07-20 01:48:50 查询号码 【1369407】，返回信息 {"status":"bad","msg":""}
2021-07-20 01:48:50 查询号码 【1369407】，GSD为【""】
2021-07-20 01:48:50 bad
2021-07-20 01:48:52 CHB 1369407?1626716930 第 1 次 等待 3 秒
2021-07-20 01:48:55 CHB 1369407?1626716930 第 1 次 获取到号码【1369407】GSD
2021-07-20 01:48:55 获取到号码【1369407】的GSD为【吉林-辽源】
2021-07-20 01:48:57 GSD insert 第 1 次 等待 3 秒
2021-07-20 01:49:00 {"status":"ok","gid":331830,"msg":"添加成功！"}
2021-07-20 01:49:00 下次操作: 2021-07-20 01:49:16

2021-07-20 01:49:16 开始第 17 次操作

2021-07-20 01:49:16 开始操作号码 【1369406】
2021-07-20 01:49:19 GSD getOne 第 1 次 等待 3 秒
2021-07-20 01:49:22 查询号码 【1369406】，返回信息 {"status":"bad","msg":""}
2021-07-20 01:49:22 查询号码 【1369406】，GSD为【""】
2021-07-20 01:49:22 bad
2021-07-20 01:49:24 CHB 1369406?1626716962 第 1 次 等待 3 秒
2021-07-20 01:49:27 CHB 1369406?1626716962 第 1 次 获取到号码【1369406】GSD
2021-07-20 01:49:27 获取到号码【1369406】的GSD为【吉林-辽源】
2021-07-20 01:49:30 GSD insert 第 1 次 等待 3 秒
2021-07-20 01:49:33 {"status":"ok","gid":331837,"msg":"添加成功！"}
2021-07-20 01:49:33 下次操作: 2021-07-20 01:49:45

2021-07-20 01:49:45 开始第 18 次操作

2021-07-20 01:49:45 开始操作号码 【1369405】
2021-07-20 01:49:48 GSD getOne 第 1 次 等待 3 秒
2021-07-20 01:49:51 查询号码 【1369405】，返回信息 {"status":"bad","msg":""}
2021-07-20 01:49:51 查询号码 【1369405】，GSD为【""】
2021-07-20 01:49:51 bad
2021-07-20 01:49:52 CHB 1369405?1626716991 第 1 次 等待 3 秒
2021-07-20 01:49:55 CHB 1369405?1626716991 第 1 次 获取到号码【1369405】GSD
2021-07-20 01:49:55 获取到号码【1369405】的GSD为【吉林-辽源】
2021-07-20 01:49:58 GSD insert 第 1 次 等待 3 秒
2021-07-20 01:50:01 {"status":"ok","gid":331843,"msg":"添加成功！"}
2021-07-20 01:50:01 下次操作: 2021-07-20 01:50:20

2021-07-20 01:50:20 开始第 19 次操作

2021-07-20 01:50:20 开始操作号码 【1369404】
2021-07-20 01:50:23 GSD getOne 第 1 次 等待 3 秒
2021-07-20 01:50:26 查询号码 【1369404】，返回信息 {"status":"bad","msg":""}
2021-07-20 01:50:26 查询号码 【1369404】，GSD为【""】
2021-07-20 01:50:26 bad
2021-07-20 01:50:27 CHB 1369404?1626717026 第 1 次 等待 3 秒
2021-07-20 01:50:31 CHB 1369404?1626717026 第 1 次 获取到号码【1369404】GSD
2021-07-20 01:50:31 获取到号码【1369404】的GSD为【吉林-辽源】
2021-07-20 01:50:33 GSD insert 第 1 次 等待 3 秒
2021-07-20 01:50:36 {"status":"ok","gid":331850,"msg":"添加成功！"}
2021-07-20 01:50:36 下次操作: 2021-07-20 01:50:55

2021-07-20 01:50:55 开始第 20 次操作

2021-07-20 01:50:55 开始操作号码 【1369403】
2021-07-20 01:50:59 GSD getOne 第 1 次 等待 3 秒
2021-07-20 01:51:02 查询号码 【1369403】，返回信息 {"status":"bad","msg":""}
2021-07-20 01:51:02 查询号码 【1369403】，GSD为【""】
2021-07-20 01:51:02 bad
2021-07-20 01:51:03 CHB 1369403?1626717062 第 1 次 等待 3 秒
2021-07-20 01:51:06 CHB 1369403?1626717062 第 1 次 获取到号码【1369403】GSD
2021-07-20 01:51:06 获取到号码【1369403】的GSD为【吉林-辽源】
2021-07-20 01:51:09 GSD insert 第 1 次 等待 3 秒
2021-07-20 01:51:12 {"status":"ok","gid":331858,"msg":"添加成功！"}
2021-07-20 01:51:12 下次操作: 2021-07-20 01:51:31

2021-07-20 01:51:31 开始第 21 次操作

2021-07-20 01:51:31 开始操作号码 【1369402】
2021-07-20 01:51:34 GSD getOne 第 1 次 等待 3 秒
2021-07-20 01:51:37 查询号码 【1369402】，返回信息 {"status":"bad","msg":""}
2021-07-20 01:51:37 查询号码 【1369402】，GSD为【""】
2021-07-20 01:51:37 bad
2021-07-20 01:51:38 CHB 1369402?1626717097 第 1 次 等待 3 秒
2021-07-20 01:51:41 CHB 1369402?1626717097 第 1 次 获取到号码【1369402】GSD
2021-07-20 01:51:41 获取到号码【1369402】的GSD为【吉林-四平】
2021-07-20 01:51:44 GSD insert 第 1 次 等待 3 秒
2021-07-20 01:51:47 {"status":"ok","gid":331868,"msg":"添加成功！"}
2021-07-20 01:51:47 下次操作: 2021-07-20 01:52:11

2021-07-20 01:52:11 开始第 22 次操作

2021-07-20 01:52:11 开始操作号码 【1369401】
2021-07-20 01:52:14 GSD getOne 第 1 次 等待 3 秒
2021-07-20 01:52:17 查询号码 【1369401】，返回信息 {"status":"bad","msg":""}
2021-07-20 01:52:17 查询号码 【1369401】，GSD为【""】
2021-07-20 01:52:17 bad
2021-07-20 01:52:19 CHB 1369401?1626717137 第 1 次 等待 3 秒
2021-07-20 01:52:22 CHB 1369401?1626717137 第 1 次 获取到号码【1369401】GSD
2021-07-20 01:52:22 获取到号码【1369401】的GSD为【吉林-四平】
2021-07-20 01:52:24 GSD insert 第 1 次 等待 3 秒
2021-07-20 01:52:27 {"status":"ok","gid":331876,"msg":"添加成功！"}
2021-07-20 01:52:27 下次操作: 2021-07-20 01:52:41

2021-07-20 01:52:41 开始第 23 次操作

2021-07-20 01:52:41 开始操作号码 【1369400】
2021-07-20 01:52:44 GSD getOne 第 1 次 等待 3 秒
2021-07-20 01:52:47 查询号码 【1369400】，返回信息 {"status":"bad","msg":""}
2021-07-20 01:52:47 查询号码 【1369400】，GSD为【""】
2021-07-20 01:52:47 bad
2021-07-20 01:52:49 CHB 1369400?1626717167 第 1 次 等待 3 秒
2021-07-20 01:52:52 CHB 1369400?1626717167 第 1 次 获取到号码【1369400】GSD
2021-07-20 01:52:52 获取到号码【1369400】的GSD为【吉林-四平】
2021-07-20 01:52:54 GSD insert 第 1 次 等待 3 秒
2021-07-20 01:52:57 {"status":"ok","gid":331883,"msg":"添加成功！"}
2021-07-20 01:52:57 下次操作: 2021-07-20 01:53:14

2021-07-20 01:53:14 开始第 24 次操作

2021-07-20 01:53:14 开始操作号码 【1369399】
2021-07-20 01:53:17 GSD getOne 第 1 次 等待 3 秒
2021-07-20 01:53:20 查询号码 【1369399】，返回信息 {"status":"ok","msg":"河南-信阳","gid":"53561","time_insert":"2020-07-15 12:42"}
2021-07-20 01:53:20 查询号码 【1369399】，GSD为【"河南-信阳"】

2021-07-20 01:53:20 开始第 24 次操作

2021-07-20 01:53:20 开始操作号码 【1369398】
2021-07-20 01:53:25 GSD getOne 第 1 次 等待 3 秒
2021-07-20 01:53:29 查询号码 【1369398】，返回信息 {"status":"bad","msg":""}
2021-07-20 01:53:29 查询号码 【1369398】，GSD为【""】
2021-07-20 01:53:29 bad
2021-07-20 01:53:30 CHB 1369398?1626717209 第 1 次 等待 3 秒
2021-07-20 01:53:33 CHB 1369398?1626717209 第 1 次 获取到号码【1369398】GSD
2021-07-20 01:53:33 获取到号码【1369398】的GSD为【河南-三门峡】
2021-07-20 01:53:36 GSD insert 第 1 次 等待 3 秒
2021-07-20 01:53:39 {"status":"ok","gid":331894,"msg":"添加成功！"}
2021-07-20 01:53:39 下次操作: 2021-07-20 01:53:54

2021-07-20 01:53:54 开始第 25 次操作

2021-07-20 01:53:54 开始操作号码 【1369397】
2021-07-20 01:53:57 GSD getOne 第 1 次 等待 3 秒
2021-07-20 01:54:00 查询号码 【1369397】，返回信息 {"status":"bad","msg":""}
2021-07-20 01:54:00 查询号码 【1369397】，GSD为【""】
2021-07-20 01:54:00 bad
2021-07-20 01:54:02 CHB 1369397?1626717240 第 1 次 等待 3 秒
2021-07-20 01:54:05 CHB 1369397?1626717240 第 1 次 获取到号码【1369397】GSD
2021-07-20 01:54:05 获取到号码【1369397】的GSD为【河南-信阳】
2021-07-20 01:54:08 GSD insert 第 1 次 等待 3 秒
2021-07-20 01:54:11 {"status":"ok","gid":331904,"msg":"添加成功！"}
2021-07-20 01:54:11 下次操作: 2021-07-20 01:54:30

2021-07-20 01:54:30 开始第 26 次操作

2021-07-20 01:54:30 开始操作号码 【1369396】
2021-07-20 01:54:32 GSD getOne 第 1 次 等待 3 秒
2021-07-20 01:54:35 查询号码 【1369396】，返回信息 {"status":"bad","msg":""}
2021-07-20 01:54:36 查询号码 【1369396】，GSD为【""】
2021-07-20 01:54:36 bad
2021-07-20 01:54:37 CHB 1369396?1626717276 第 1 次 等待 3 秒
2021-07-20 01:54:40 CHB 1369396?1626717276 第 1 次 获取到号码【1369396】GSD
2021-07-20 01:54:40 获取到号码【1369396】的GSD为【河南-驻马店】
2021-07-20 01:54:43 GSD insert 第 1 次 等待 3 秒
2021-07-20 01:54:46 {"status":"ok","gid":331914,"msg":"添加成功！"}
2021-07-20 01:54:46 下次操作: 2021-07-20 01:55:06

2021-07-20 01:55:06 开始第 27 次操作

2021-07-20 01:55:06 开始操作号码 【1369395】
2021-07-20 01:55:09 GSD getOne 第 1 次 等待 3 秒
2021-07-20 01:55:12 查询号码 【1369395】，返回信息 {"status":"bad","msg":""}
2021-07-20 01:55:12 查询号码 【1369395】，GSD为【""】
2021-07-20 01:55:12 bad
2021-07-20 01:55:14 CHB 1369395?1626717312 第 1 次 等待 3 秒
2021-07-20 01:55:17 CHB 1369395?1626717312 第 1 次 获取到号码【1369395】GSD
2021-07-20 01:55:17 获取到号码【1369395】的GSD为【河南-漯河】
2021-07-20 01:55:20 GSD insert 第 1 次 等待 3 秒
2021-07-20 01:55:23 {"status":"ok","gid":331922,"msg":"添加成功！"}
2021-07-20 01:55:23 下次操作: 2021-07-20 01:55:47

2021-07-20 01:55:47 开始第 28 次操作

2021-07-20 01:55:47 开始操作号码 【1369394】
2021-07-20 01:55:50 GSD getOne 第 1 次 等待 3 秒
2021-07-20 01:55:53 查询号码 【1369394】，返回信息 {"status":"ok","msg":"河南-周口","gid":"53560","time_insert":"2020-06-04 16:25"}
2021-07-20 01:55:53 查询号码 【1369394】，GSD为【"河南-周口"】

2021-07-20 01:55:53 开始第 28 次操作

2021-07-20 01:55:53 开始操作号码 【1369393】
2021-07-20 01:55:56 GSD getOne 第 1 次 等待 3 秒
2021-07-20 01:55:59 查询号码 【1369393】，返回信息 {"status":"bad","msg":""}
2021-07-20 01:55:59 查询号码 【1369393】，GSD为【""】
2021-07-20 01:55:59 bad
2021-07-20 01:56:00 CHB 1369393?1626717359 第 1 次 等待 3 秒
2021-07-20 01:56:03 CHB 1369393?1626717359 第 1 次 获取到号码【1369393】GSD
2021-07-20 01:56:03 获取到号码【1369393】的GSD为【河南-濮阳】
2021-07-20 01:56:06 GSD insert 第 1 次 等待 3 秒
2021-07-20 01:56:09 {"status":"ok","gid":331936,"msg":"添加成功！"}
2021-07-20 01:56:09 下次操作: 2021-07-20 01:56:24

2021-07-20 01:56:24 开始第 29 次操作

2021-07-20 01:56:24 开始操作号码 【1369392】
2021-07-20 01:56:27 GSD getOne 第 1 次 等待 3 秒
2021-07-20 01:56:30 查询号码 【1369392】，返回信息 {"status":"bad","msg":""}
2021-07-20 01:56:30 查询号码 【1369392】，GSD为【""】
2021-07-20 01:56:30 bad
2021-07-20 01:56:32 CHB 1369392?1626717390 第 1 次 等待 3 秒
2021-07-20 01:56:35 CHB 1369392?1626717390 第 1 次 获取到号码【1369392】GSD
2021-07-20 01:56:35 获取到号码【1369392】的GSD为【河南-鹤壁】
2021-07-20 01:56:37 GSD insert 第 1 次 等待 3 秒
2021-07-20 01:56:40 {"status":"ok","gid":331943,"msg":"添加成功！"}
2021-07-20 01:56:40 下次操作: 2021-07-20 01:57:01

2021-07-20 01:57:01 开始第 30 次操作

2021-07-20 01:57:01 开始操作号码 【1369391】
2021-07-20 01:57:04 GSD getOne 第 1 次 等待 3 秒
2021-07-20 01:57:07 查询号码 【1369391】，返回信息 {"status":"bad","msg":""}
2021-07-20 01:57:07 查询号码 【1369391】，GSD为【""】
2021-07-20 01:57:07 bad
2021-07-20 01:57:09 CHB 1369391?1626717427 第 1 次 等待 3 秒
2021-07-20 01:57:12 CHB 1369391?1626717427 第 1 次 获取到号码【1369391】GSD
2021-07-20 01:57:12 获取到号码【1369391】的GSD为【河南-焦作】
2021-07-20 01:57:14 GSD insert 第 1 次 等待 3 秒
2021-07-20 01:57:17 {"status":"ok","gid":331953,"msg":"添加成功！"}
2021-07-20 01:57:17 下次操作: 2021-07-20 01:57:32

2021-07-20 01:57:32 开始第 31 次操作

2021-07-20 01:57:32 开始操作号码 【1369390】
2021-07-20 01:57:35 GSD getOne 第 1 次 等待 3 秒
2021-07-20 01:57:38 查询号码 【1369390】，返回信息 {"status":"ok","msg":"河南-开封","gid":"53559","time_insert":"2020-01-15 09:40"}
2021-07-20 01:57:38 查询号码 【1369390】，GSD为【"河南-开封"】

2021-07-20 01:57:38 开始第 31 次操作

2021-07-20 01:57:38 开始操作号码 【1369389】
2021-07-20 01:57:44 GSD getOne 第 1 次 等待 3 秒
2021-07-20 01:57:47 查询号码 【1369389】，返回信息 {"status":"bad","msg":""}
2021-07-20 01:57:47 查询号码 【1369389】，GSD为【""】
2021-07-20 01:57:47 bad
2021-07-20 01:57:49 CHB 1369389?1626717467 第 1 次 等待 3 秒
2021-07-20 01:57:52 CHB 1369389?1626717467 第 1 次 获取到号码【1369389】GSD
2021-07-20 01:57:52 获取到号码【1369389】的GSD为【河南-开封】
2021-07-20 01:57:55 GSD insert 第 1 次 等待 3 秒
2021-07-20 01:57:58 {"status":"ok","gid":331964,"msg":"添加成功！"}
2021-07-20 01:57:59 下次操作: 2021-07-20 01:58:22

2021-07-20 01:58:23 开始第 32 次操作

2021-07-20 01:58:23 开始操作号码 【1369388】
2021-07-20 01:58:25 GSD getOne 第 1 次 等待 3 秒
2021-07-20 01:58:28 查询号码 【1369388】，返回信息 {"status":"ok","msg":"河南-南阳","gid":"53558","time_insert":"2020-09-18 00:02"}
2021-07-20 01:58:28 查询号码 【1369388】，GSD为【"河南-南阳"】

2021-07-20 01:58:28 开始第 32 次操作

2021-07-20 01:58:28 开始操作号码 【1369387】
2021-07-20 01:58:31 GSD getOne 第 1 次 等待 3 秒
2021-07-20 01:58:34 查询号码 【1369387】，返回信息 {"status":"bad","msg":""}
2021-07-20 01:58:34 查询号码 【1369387】，GSD为【""】
2021-07-20 01:58:34 bad
2021-07-20 01:58:36 CHB 1369387?1626717514 第 1 次 等待 3 秒
2021-07-20 01:58:39 CHB 1369387?1626717514 第 1 次 获取到号码【1369387】GSD
2021-07-20 01:58:39 获取到号码【1369387】的GSD为【河南-南阳】
2021-07-20 01:58:42 GSD insert 第 1 次 等待 3 秒
2021-07-20 01:58:45 {"status":"ok","gid":331974,"msg":"添加成功！"}
2021-07-20 01:58:45 下次操作: 2021-07-20 01:59:02

2021-07-20 01:59:02 开始第 33 次操作

2021-07-20 01:59:02 开始操作号码 【1369386】
2021-07-20 01:59:04 GSD getOne 第 1 次 等待 3 秒
2021-07-20 01:59:07 查询号码 【1369386】，返回信息 {"status":"bad","msg":""}
2021-07-20 01:59:08 查询号码 【1369386】，GSD为【""】
2021-07-20 01:59:08 bad
2021-07-20 01:59:09 CHB 1369386?1626717548 第 1 次 等待 3 秒
2021-07-20 01:59:12 CHB 1369386?1626717548 第 1 次 获取到号码【1369386】GSD
2021-07-20 01:59:12 获取到号码【1369386】的GSD为【河南-南阳】
2021-07-20 01:59:15 GSD insert 第 1 次 等待 3 秒
2021-07-20 01:59:18 {"status":"ok","gid":331981,"msg":"添加成功！"}
2021-07-20 01:59:18 下次操作: 2021-07-20 01:59:34

2021-07-20 01:59:34 开始第 34 次操作

2021-07-20 01:59:34 开始操作号码 【1369385】
2021-07-20 01:59:39 GSD getOne 第 1 次 等待 3 秒
2021-07-20 01:59:42 查询号码 【1369385】，返回信息 {"status":"bad","msg":""}
2021-07-20 01:59:42 查询号码 【1369385】，GSD为【""】
2021-07-20 01:59:42 bad
2021-07-20 01:59:44 CHB 1369385?1626717582 第 1 次 等待 3 秒
2021-07-20 01:59:47 CHB 1369385?1626717582 第 1 次 获取到号码【1369385】GSD
2021-07-20 01:59:47 获取到号码【1369385】的GSD为【河南-南阳】
2021-07-20 01:59:50 GSD insert 第 1 次 等待 3 秒
2021-07-20 01:59:53 {"status":"ok","gid":331992,"msg":"添加成功！"}
2021-07-20 01:59:53 下次操作: 2021-07-20 02:00:06

2021-07-20 02:00:06 开始第 35 次操作

2021-07-20 02:00:06 开始操作号码 【1369384】
2021-07-20 02:00:09 GSD getOne 第 1 次 等待 3 秒
2021-07-20 02:00:12 查询号码 【1369384】，返回信息 {"status":"ok","msg":"河南-南阳","gid":"53557","time_insert":"2020-08-26 17:25"}
2021-07-20 02:00:13 查询号码 【1369384】，GSD为【"河南-南阳"】

2021-07-20 02:00:13 开始第 35 次操作

2021-07-20 02:00:13 开始操作号码 【1369383】
2021-07-20 02:00:15 GSD getOne 第 1 次 等待 3 秒
2021-07-20 02:00:18 查询号码 【1369383】，返回信息 {"status":"bad","msg":""}
2021-07-20 02:00:18 查询号码 【1369383】，GSD为【""】
2021-07-20 02:00:18 bad
2021-07-20 02:00:20 CHB 1369383?1626717618 第 1 次 等待 3 秒
2021-07-20 02:00:23 CHB 1369383?1626717618 第 1 次 获取到号码【1369383】GSD
2021-07-20 02:00:23 获取到号码【1369383】的GSD为【河南-洛阳】
2021-07-20 02:00:26 GSD insert 第 1 次 等待 3 秒
2021-07-20 02:00:29 {"status":"ok","gid":332000,"msg":"添加成功！"}
2021-07-20 02:00:29 下次操作: 2021-07-20 02:00:47

2021-07-20 02:00:47 开始第 36 次操作

2021-07-20 02:00:47 开始操作号码 【1369382】
2021-07-20 02:00:53 GSD getOne 第 1 次 等待 3 秒
2021-07-20 02:00:56 查询号码 【1369382】，返回信息 {"status":"ok","msg":"河南-洛阳","gid":"53556","time_insert":"2020-07-23 17:11"}
2021-07-20 02:00:56 查询号码 【1369382】，GSD为【"河南-洛阳"】

2021-07-20 02:00:56 开始第 36 次操作

2021-07-20 02:00:56 开始操作号码 【1369381】
2021-07-20 02:01:01 GSD getOne 第 1 次 等待 3 秒
2021-07-20 02:01:04 查询号码 【1369381】，返回信息 {"status":"ok","msg":"河南-洛阳","gid":"53555","time_insert":"2020-03-26 17:33"}
2021-07-20 02:01:04 查询号码 【1369381】，GSD为【"河南-洛阳"】

2021-07-20 02:01:04 开始第 36 次操作

2021-07-20 02:01:04 开始操作号码 【1369380】
2021-07-20 02:01:07 GSD getOne 第 1 次 等待 3 秒
2021-07-20 02:01:10 查询号码 【1369380】，返回信息 {"status":"bad","msg":""}
2021-07-20 02:01:10 查询号码 【1369380】，GSD为【""】
2021-07-20 02:01:10 bad
2021-07-20 02:01:12 CHB 1369380?1626717670 第 1 次 等待 3 秒
2021-07-20 02:01:15 CHB 1369380?1626717670 第 1 次 获取到号码【1369380】GSD
2021-07-20 02:01:15 获取到号码【1369380】的GSD为【河南-洛阳】
2021-07-20 02:01:17 GSD insert 第 1 次 等待 3 秒
2021-07-20 02:01:20 {"status":"ok","gid":332013,"msg":"添加成功！"}
2021-07-20 02:01:20 下次操作: 2021-07-20 02:01:34

2021-07-20 02:01:34 开始第 37 次操作

2021-07-20 02:01:34 开始操作号码 【1369379】
2021-07-20 02:01:37 GSD getOne 第 1 次 等待 3 秒
2021-07-20 02:01:40 查询号码 【1369379】，返回信息 {"status":"bad","msg":""}
2021-07-20 02:01:40 查询号码 【1369379】，GSD为【""】
2021-07-20 02:01:40 bad
2021-07-20 02:01:42 CHB 1369379?1626717700 第 1 次 等待 3 秒
2021-07-20 02:01:45 CHB 1369379?1626717700 第 1 次 获取到号码【1369379】GSD
2021-07-20 02:01:45 获取到号码【1369379】的GSD为【河南-洛阳】
2021-07-20 02:01:48 GSD insert 第 1 次 等待 3 秒
2021-07-20 02:01:51 {"status":"ok","gid":332023,"msg":"添加成功！"}
2021-07-20 02:01:51 下次操作: 2021-07-20 02:02:03

2021-07-20 02:02:03 开始第 38 次操作

2021-07-20 02:02:03 开始操作号码 【1369378】
2021-07-20 02:02:06 GSD getOne 第 1 次 等待 3 秒
2021-07-20 02:02:09 查询号码 【1369378】，返回信息 {"status":"bad","msg":""}
2021-07-20 02:02:09 查询号码 【1369378】，GSD为【""】
2021-07-20 02:02:09 bad
2021-07-20 02:02:10 CHB 1369378?1626717729 第 1 次 等待 3 秒
2021-07-20 02:02:13 CHB 1369378?1626717729 第 1 次 获取到号码【1369378】GSD
2021-07-20 02:02:13 获取到号码【1369378】的GSD为【河南-开封】
2021-07-20 02:02:16 GSD insert 第 1 次 等待 3 秒
2021-07-20 02:02:19 {"status":"ok","gid":332029,"msg":"添加成功！"}
2021-07-20 02:02:19 下次操作: 2021-07-20 02:02:33

2021-07-20 02:02:33 开始第 39 次操作

2021-07-20 02:02:33 开始操作号码 【1369377】
2021-07-20 02:02:36 GSD getOne 第 1 次 等待 3 秒
2021-07-20 02:02:39 查询号码 【1369377】，返回信息 {"status":"bad","msg":""}
2021-07-20 02:02:39 查询号码 【1369377】，GSD为【""】
2021-07-20 02:02:39 bad
2021-07-20 02:02:40 CHB 1369377?1626717759 第 1 次 等待 3 秒
2021-07-20 02:02:43 CHB 1369377?1626717759 第 1 次 获取到号码【1369377】GSD
2021-07-20 02:02:43 获取到号码【1369377】的GSD为【河南-南阳】
2021-07-20 02:02:46 GSD insert 第 1 次 等待 3 秒
2021-07-20 02:02:49 {"status":"ok","gid":332037,"msg":"添加成功！"}
2021-07-20 02:02:49 下次操作: 2021-07-20 02:03:01

2021-07-20 02:03:01 开始第 40 次操作

2021-07-20 02:03:01 开始操作号码 【1369376】
2021-07-20 02:03:04 GSD getOne 第 1 次 等待 3 秒
2021-07-20 02:03:07 查询号码 【1369376】，返回信息 {"status":"ok","msg":"河南-信阳","gid":"53554","time_insert":"2020-09-08 18:27"}
2021-07-20 02:03:07 查询号码 【1369376】，GSD为【"河南-信阳"】

2021-07-20 02:03:07 开始第 40 次操作

2021-07-20 02:03:07 开始操作号码 【1369375】
2021-07-20 02:03:10 GSD getOne 第 1 次 等待 3 秒
2021-07-20 02:03:13 查询号码 【1369375】，返回信息 {"status":"ok","msg":"河南-平顶山","gid":"53553","time_insert":"2020-12-30 15:48"}
2021-07-20 02:03:13 查询号码 【1369375】，GSD为【"河南-平顶山"】

2021-07-20 02:03:13 开始第 40 次操作

2021-07-20 02:03:13 开始操作号码 【1369374】
2021-07-20 02:03:16 GSD getOne 第 1 次 等待 3 秒
2021-07-20 02:03:19 查询号码 【1369374】，返回信息 {"status":"bad","msg":""}
2021-07-20 02:03:19 查询号码 【1369374】，GSD为【""】
2021-07-20 02:03:19 bad
2021-07-20 02:03:20 CHB 1369374?1626717799 第 1 次 等待 3 秒
2021-07-20 02:03:23 CHB 1369374?1626717799 第 1 次 获取到号码【1369374】GSD
2021-07-20 02:03:23 获取到号码【1369374】的GSD为【河南-许昌】
2021-07-20 02:03:26 GSD insert 第 1 次 等待 3 秒
2021-07-20 02:03:29 {"status":"ok","gid":332046,"msg":"添加成功！"}

