2024-07-14 00:21:37 开始第 5813 次操作

2024-07-14 00:21:37 开始操作号码 【1475723】
2024-07-14 00:21:46 GSD getOne 第 1 次 等待 3 秒
2024-07-14 00:21:49 查询号码 【1475723】，返回信息 {"status":"ok","msg":"浙江-金华","gid":"14735","time_insert":"2019-01-22 16:32","time_update":"2020-08-30 01:16"}
2024-07-14 00:21:49 查询号码 【1475723】，GSD为【"浙江-金华"】

2024-07-14 00:21:50 开始第 5814 次操作

2024-07-14 00:21:50 开始操作号码 【1475724】
2024-07-14 00:21:58 GSD getOne 第 1 次 等待 3 秒
2024-07-14 00:22:01 查询号码 【1475724】，返回信息 {"status":"ok","msg":"浙江-金华","gid":"404407","time_insert":"2021-07-26 19:06"}
2024-07-14 00:22:01 查询号码 【1475724】，GSD为【"浙江-金华"】

2024-07-14 00:22:02 开始第 5815 次操作

2024-07-14 00:22:02 开始操作号码 【1475725】
2024-07-14 00:22:10 GSD getOne 第 1 次 等待 3 秒
2024-07-14 00:22:13 查询号码 【1475725】，返回信息 {"status":"ok","msg":"浙江-温州","gid":"404395","time_insert":"2021-07-26 19:05"}
2024-07-14 00:22:13 查询号码 【1475725】，GSD为【"浙江-温州"】

2024-07-14 00:22:14 开始第 5816 次操作

2024-07-14 00:22:14 开始操作号码 【1475726】
2024-07-14 00:22:22 GSD getOne 第 1 次 等待 3 秒
2024-07-14 00:22:25 查询号码 【1475726】，返回信息 {"status":"ok","msg":"浙江-温州","gid":"404387","time_insert":"2021-07-26 19:05"}
2024-07-14 00:22:25 查询号码 【1475726】，GSD为【"浙江-温州"】

2024-07-14 00:39:41 开始第 5817 次操作

2024-07-14 00:39:41 开始操作号码 【1475727】
2024-07-14 00:39:52 GSD getOne 第 1 次 等待 3 秒
2024-07-14 00:39:55 查询号码 【1475727】，返回信息 {"status":"ok","msg":"浙江-温州","gid":"404378","time_insert":"2021-07-26 19:05"}
2024-07-14 00:39:55 查询号码 【1475727】，GSD为【"浙江-温州"】

2024-07-14 00:39:57 开始第 5818 次操作

2024-07-14 00:39:57 开始操作号码 【1475728】
2024-07-14 00:40:05 GSD getOne 第 1 次 等待 3 秒
2024-07-14 00:40:08 查询号码 【1475728】，返回信息 {"status":"ok","msg":"浙江-温州","gid":"404364","time_insert":"2021-07-26 19:04"}
2024-07-14 00:40:08 查询号码 【1475728】，GSD为【"浙江-温州"】

2024-07-14 00:40:09 开始第 5819 次操作

2024-07-14 00:40:09 开始操作号码 【1475729】
2024-07-14 00:40:20 GSD getOne 第 1 次 等待 3 秒
2024-07-14 00:40:23 查询号码 【1475729】，返回信息 {"status":"ok","msg":"浙江-温州","gid":"404353","time_insert":"2021-07-26 19:03"}
2024-07-14 00:40:23 查询号码 【1475729】，GSD为【"浙江-温州"】

2024-07-14 00:40:24 开始第 5820 次操作

2024-07-14 00:40:24 开始操作号码 【1475730】
2024-07-14 00:40:33 GSD getOne 第 1 次 等待 3 秒
2024-07-14 00:40:36 查询号码 【1475730】，返回信息 {"status":"ok","msg":"浙江-宁波","gid":"404341","time_insert":"2021-07-26 19:03"}
2024-07-14 00:40:36 查询号码 【1475730】，GSD为【"浙江-宁波"】

