2024-09-25 00:24:24 开始第 6317 次操作

2024-09-25 00:24:24 开始操作号码 【1366316】
2024-09-25 00:24:27 GSD getOne 第 1 次 等待 3 秒
2024-09-25 00:24:30 查询号码 【1366316】，返回信息 {"status":"ok","msg":"河北-廊坊","gid":"314293","time_insert":"2021-07-18 12:11"}
2024-09-25 00:24:30 查询号码 【1366316】，GSD为【"河北-廊坊"】

2024-09-25 00:24:31 开始第 6318 次操作

2024-09-25 00:24:31 开始操作号码 【1366317】
2024-09-25 00:24:35 GSD getOne 第 1 次 等待 3 秒
2024-09-25 00:24:38 查询号码 【1366317】，返回信息 {"status":"ok","msg":"河北-沧州","gid":"314356","time_insert":"2021-07-18 12:23"}
2024-09-25 00:24:38 查询号码 【1366317】，GSD为【"河北-沧州"】

2024-09-25 00:24:39 开始第 6319 次操作

2024-09-25 00:24:39 开始操作号码 【1366318】
2024-09-25 00:24:42 GSD getOne 第 1 次 等待 3 秒
2024-09-25 00:24:45 查询号码 【1366318】，返回信息 {"status":"ok","msg":"河北-衡水","gid":"314401","time_insert":"2021-07-18 12:38"}
2024-09-25 00:24:45 查询号码 【1366318】，GSD为【"河北-衡水"】

2024-09-25 00:24:46 开始第 6320 次操作

2024-09-25 00:24:46 开始操作号码 【1366319】
2024-09-25 00:24:48 GSD getOne 第 1 次 等待 3 秒
2024-09-25 00:24:51 查询号码 【1366319】，返回信息 {"status":"ok","msg":"河北-邢台","gid":"314438","time_insert":"2021-07-18 12:49"}
2024-09-25 00:24:51 查询号码 【1366319】，GSD为【"河北-邢台"】

2024-09-25 00:45:17 开始第 6321 次操作

2024-09-25 00:45:17 开始操作号码 【1366320】
2024-09-25 00:45:20 GSD getOne 第 1 次 等待 3 秒
2024-09-25 00:45:23 查询号码 【1366320】，返回信息 {"status":"ok","msg":"河北-唐山","gid":"314652","time_insert":"2021-07-18 13:03"}
2024-09-25 00:45:23 查询号码 【1366320】，GSD为【"河北-唐山"】

2024-09-25 00:45:24 开始第 6322 次操作

2024-09-25 00:45:24 开始操作号码 【1366321】
2024-09-25 00:45:26 GSD getOne 第 1 次 等待 3 秒
2024-09-25 00:45:29 查询号码 【1366321】，返回信息 {"status":"ok","msg":"河北-石家庄","gid":"314831","time_insert":"2021-07-18 13:16"}
2024-09-25 00:45:29 查询号码 【1366321】，GSD为【"河北-石家庄"】

2024-09-25 00:45:30 开始第 6323 次操作

2024-09-25 00:45:30 开始操作号码 【1366322】
2024-09-25 00:45:32 GSD getOne 第 1 次 等待 3 秒
2024-09-25 00:45:35 查询号码 【1366322】，返回信息 {"status":"ok","msg":"河北-保定","gid":"314896","time_insert":"2021-07-18 13:28"}
2024-09-25 00:45:35 查询号码 【1366322】，GSD为【"河北-保定"】

2024-09-25 00:45:36 开始第 6324 次操作

2024-09-25 00:45:36 开始操作号码 【1366323】
2024-09-25 00:45:38 GSD getOne 第 1 次 等待 3 秒
2024-09-25 00:45:41 查询号码 【1366323】，返回信息 {"status":"ok","msg":"河北-张家口","gid":"8501","time_insert":"2017-05-08 20:34","time_update":"2020-08-17 13:27"}
2024-09-25 00:45:41 查询号码 【1366323】，GSD为【"河北-张家口"】

