2024-04-07 00:21:50 开始第 2277 次操作

2024-04-07 00:21:50 开始操作号码 【1582191】
2024-04-07 00:21:55 GSD getOne 第 1 次 等待 3 秒
2024-04-07 00:21:58 查询号码 【1582191】，返回信息 {"status":"ok","msg":"上海-上海","gid":"152009","time_insert":"2021-06-29 07:42"}
2024-04-07 00:21:58 查询号码 【1582191】，GSD为【"上海-上海"】

2024-04-07 00:21:59 开始第 2278 次操作

2024-04-07 00:21:59 开始操作号码 【1582192】
2024-04-07 00:22:05 GSD getOne 第 1 次 等待 3 秒
2024-04-07 00:22:08 查询号码 【1582192】，返回信息 {"status":"ok","msg":"上海-上海","gid":"54762","time_insert":"2021-03-22 15:01"}
2024-04-07 00:22:08 查询号码 【1582192】，GSD为【"上海-上海"】

2024-04-07 00:22:09 开始第 2279 次操作

2024-04-07 00:22:09 开始操作号码 【1582193】
2024-04-07 00:22:14 GSD getOne 第 1 次 等待 3 秒
2024-04-07 00:22:17 查询号码 【1582193】，返回信息 {"status":"ok","msg":"上海-上海","gid":"152223","time_insert":"2021-06-29 08:02","time_update":"2021-06-30 12:11"}
2024-04-07 00:22:18 查询号码 【1582193】，GSD为【"上海-上海"】

2024-04-07 00:22:19 开始第 2280 次操作

2024-04-07 00:22:19 开始操作号码 【1582194】
2024-04-07 00:22:25 GSD getOne 第 1 次 等待 3 秒
2024-04-07 00:22:28 查询号码 【1582194】，返回信息 {"status":"ok","msg":"上海-上海","gid":"152296","time_insert":"2021-06-29 08:18"}
2024-04-07 00:22:28 查询号码 【1582194】，GSD为【"上海-上海"】

