2024-05-14 00:24:34 开始第 8657 次操作

2024-05-14 00:24:34 开始操作号码 【1588570】
2024-05-14 00:24:40 GSD getOne 第 1 次 等待 3 秒
2024-05-14 00:24:43 查询号码 【1588570】，返回信息 {"status":"ok","msg":"贵州-安顺","gid":"383746","time_insert":"2021-07-25 01:45"}
2024-05-14 00:24:43 查询号码 【1588570】，GSD为【"贵州-安顺"】

2024-05-14 00:24:44 开始第 8658 次操作

2024-05-14 00:24:44 开始操作号码 【1588571】
2024-05-14 00:24:49 GSD getOne 第 1 次 等待 3 秒
2024-05-14 00:24:52 查询号码 【1588571】，返回信息 {"status":"ok","msg":"贵州-安顺","gid":"25900","time_insert":"2017-07-07 15:16","time_update":"2020-11-21 00:00"}
2024-05-14 00:24:52 查询号码 【1588571】，GSD为【"贵州-安顺"】

2024-05-14 00:24:53 开始第 8659 次操作

2024-05-14 00:24:53 开始操作号码 【1588572】
2024-05-14 00:25:00 GSD getOne 第 1 次 等待 3 秒
2024-05-14 00:25:03 查询号码 【1588572】，返回信息 {"status":"ok","msg":"贵州-安顺","gid":"25901","time_insert":"2017-09-16 11:47","time_update":"2020-11-21 00:04"}
2024-05-14 00:25:03 查询号码 【1588572】，GSD为【"贵州-安顺"】

2024-05-14 00:25:04 开始第 8660 次操作

2024-05-14 00:25:04 开始操作号码 【1588573】
2024-05-14 00:25:11 GSD getOne 第 1 次 等待 3 秒
2024-05-14 00:25:14 查询号码 【1588573】，返回信息 {"status":"ok","msg":"贵州-安顺","gid":"383723","time_insert":"2021-07-25 01:43"}
2024-05-14 00:25:14 查询号码 【1588573】，GSD为【"贵州-安顺"】

