2024-05-17 00:22:34 开始第 9185 次操作

2024-05-17 00:22:34 开始操作号码 【1589098】
2024-05-17 00:22:42 GSD getOne 第 1 次 等待 3 秒
2024-05-17 00:22:45 查询号码 【1589098】，返回信息 {"status":"ok","msg":"河南-开封","gid":"379574","time_insert":"2021-07-24 17:11"}
2024-05-17 00:22:45 查询号码 【1589098】，GSD为【"河南-开封"】

2024-05-17 00:22:46 开始第 9186 次操作

2024-05-17 00:22:46 开始操作号码 【1589099】
2024-05-17 00:22:53 GSD getOne 第 1 次 等待 3 秒
2024-05-17 00:22:56 查询号码 【1589099】，返回信息 {"status":"ok","msg":"河南-开封","gid":"54887","time_insert":"2020-07-02 15:04"}
2024-05-17 00:22:56 查询号码 【1589099】，GSD为【"河南-开封"】

2024-05-17 00:22:57 开始第 9187 次操作

2024-05-17 00:22:57 开始操作号码 【1589100】
2024-05-17 00:23:03 GSD getOne 第 1 次 等待 3 秒
2024-05-17 00:23:06 查询号码 【1589100】，返回信息 {"status":"ok","msg":"陕西-咸阳","gid":"379566","time_insert":"2021-07-24 17:10"}
2024-05-17 00:23:06 查询号码 【1589100】，GSD为【"陕西-咸阳"】

2024-05-17 00:23:07 开始第 9188 次操作

2024-05-17 00:23:07 开始操作号码 【1589101】
2024-05-17 00:23:14 GSD getOne 第 1 次 等待 3 秒
2024-05-17 00:23:17 查询号码 【1589101】，返回信息 {"status":"ok","msg":"陕西-延安","gid":"379560","time_insert":"2021-07-24 17:09"}
2024-05-17 00:23:17 查询号码 【1589101】，GSD为【"陕西-延安"】

2024-05-17 00:39:45 开始第 9189 次操作

2024-05-17 00:39:45 开始操作号码 【1589102】
2024-05-17 00:39:52 GSD getOne 第 1 次 等待 3 秒
2024-05-17 00:39:55 查询号码 【1589102】，返回信息 {"status":"ok","msg":"陕西-榆林","gid":"379550","time_insert":"2021-07-24 17:08"}
2024-05-17 00:39:55 查询号码 【1589102】，GSD为【"陕西-榆林"】

2024-05-17 00:39:56 开始第 9190 次操作

2024-05-17 00:39:56 开始操作号码 【1589103】
2024-05-17 00:40:05 GSD getOne 第 1 次 等待 3 秒
2024-05-17 00:40:08 查询号码 【1589103】，返回信息 {"status":"ok","msg":"陕西-渭南","gid":"379542","time_insert":"2021-07-24 17:07"}
2024-05-17 00:40:08 查询号码 【1589103】，GSD为【"陕西-渭南"】

2024-05-17 00:40:09 开始第 9191 次操作

2024-05-17 00:40:09 开始操作号码 【1589104】
2024-05-17 00:40:18 GSD getOne 第 1 次 等待 3 秒
2024-05-17 00:40:21 查询号码 【1589104】，返回信息 {"status":"ok","msg":"陕西-渭南","gid":"379535","time_insert":"2021-07-24 17:06"}
2024-05-17 00:40:21 查询号码 【1589104】，GSD为【"陕西-渭南"】

2024-05-17 00:40:22 开始第 9192 次操作

2024-05-17 00:40:22 开始操作号码 【1589105】
2024-05-17 00:40:38 GSD getOne 第 1 次 等待 3 秒
2024-05-17 00:40:41 查询号码 【1589105】，返回信息 {"status":"ok","msg":"陕西-延安","gid":"379527","time_insert":"2021-07-24 17:05","time_update":"2021-07-28 06:13"}
2024-05-17 00:40:41 查询号码 【1589105】，GSD为【"陕西-延安"】

