2024-02-12 00:20:10 开始第 3169 次操作

2024-02-12 00:20:10 开始操作号码 【1693082】
2024-02-12 00:20:18 GSD getOne 第 1 次 等待 3 秒
2024-02-12 00:20:21 查询号码 【1693082】，返回信息 {"status":"ok","msg":"-","gid":"618874","time_insert":"2023-03-28 00:14"}
2024-02-12 00:20:21 查询号码 【1693082】，GSD为【"-"】
2024-02-12 00:20:21 ok && -
2024-02-12 00:20:24 CHB 1693082?1707668421 第 1 次 等待 3 秒
2024-02-12 00:20:27 CHB 1693082?1707668421 第 1 次 获取到号码【1693082】GSD
2024-02-12 00:20:27 未获取到号码【1693082】GSD，可能号码格式错误
2024-02-12 00:20:27 获取到号码【1693082】的GSD为【-】
2024-02-12 00:20:31 GSD insert 第 1 次 等待 3 秒
2024-02-12 00:20:34 {"status":"bad","gid":"618874","msg":"添加失败！号码【1693082(-|-)】已存在！"}
2024-02-12 00:20:34 随机等待 182 秒，约 3 分钟
2024-02-12 00:20:34 下次操作: 2024-02-12 00:23:36

2024-02-12 00:23:36 开始第 3170 次操作

2024-02-12 00:23:36 开始操作号码 【1693083】
2024-02-12 00:23:41 GSD getOne 第 1 次 等待 3 秒
2024-02-12 00:23:44 查询号码 【1693083】，返回信息 {"status":"ok","msg":"-","gid":"619599","time_insert":"2023-03-28 08:32"}
2024-02-12 00:23:44 查询号码 【1693083】，GSD为【"-"】
2024-02-12 00:23:44 ok && -
2024-02-12 00:23:46 CHB 1693083?1707668624 第 1 次 等待 3 秒
2024-02-12 00:23:49 CHB 1693083?1707668624 第 1 次 获取到号码【1693083】GSD
2024-02-12 00:23:49 未获取到号码【1693083】GSD，可能号码格式错误
2024-02-12 00:23:49 获取到号码【1693083】的GSD为【-】
2024-02-12 00:23:54 GSD insert 第 1 次 等待 3 秒
2024-02-12 00:23:57 {"status":"bad","gid":"619599","msg":"添加失败！号码【1693083(-|-)】已存在！"}
2024-02-12 00:23:57 随机等待 134 秒，约 2 分钟
2024-02-12 00:23:57 下次操作: 2024-02-12 00:26:11

2024-02-12 00:26:11 开始第 3171 次操作

2024-02-12 00:26:11 开始操作号码 【1693084】
2024-02-12 00:26:15 GSD getOne 第 1 次 等待 3 秒
2024-02-12 00:26:18 查询号码 【1693084】，返回信息 {"status":"ok","msg":"-","gid":"619614","time_insert":"2023-03-28 08:50"}
2024-02-12 00:26:18 查询号码 【1693084】，GSD为【"-"】
2024-02-12 00:26:18 ok && -
2024-02-12 00:26:20 CHB 1693084?1707668778 第 1 次 等待 3 秒
2024-02-12 00:26:23 CHB 1693084?1707668778 第 1 次 获取到号码【1693084】GSD
2024-02-12 00:26:23 未获取到号码【1693084】GSD，可能号码格式错误
2024-02-12 00:26:23 获取到号码【1693084】的GSD为【-】
2024-02-12 00:26:28 GSD insert 第 1 次 等待 3 秒
2024-02-12 00:26:31 {"status":"bad","gid":"619614","msg":"添加失败！号码【1693084(-|-)】已存在！"}
2024-02-12 00:26:31 随机等待 232 秒，约 3 分钟
2024-02-12 00:26:31 下次操作: 2024-02-12 00:30:23

2024-02-12 00:30:23 开始第 3172 次操作

2024-02-12 00:30:23 开始操作号码 【1693085】
2024-02-12 00:30:28 GSD getOne 第 1 次 等待 3 秒
2024-02-12 00:30:31 查询号码 【1693085】，返回信息 {"status":"ok","msg":"-","gid":"619633","time_insert":"2023-03-28 09:08"}
2024-02-12 00:30:31 查询号码 【1693085】，GSD为【"-"】
2024-02-12 00:30:31 ok && -
2024-02-12 00:30:33 CHB 1693085?1707669031 第 1 次 等待 3 秒
2024-02-12 00:30:36 CHB 1693085?1707669031 第 1 次 获取到号码【1693085】GSD
2024-02-12 00:30:37 未获取到号码【1693085】GSD，可能号码格式错误
2024-02-12 00:30:37 获取到号码【1693085】的GSD为【-】
2024-02-12 00:30:41 GSD insert 第 1 次 等待 3 秒
2024-02-12 00:30:44 {"status":"bad","gid":"619633","msg":"添加失败！号码【1693085(-|-)】已存在！"}

2024-02-12 00:37:45 开始第 3173 次操作

2024-02-12 00:37:45 开始操作号码 【1693086】
2024-02-12 00:37:49 GSD getOne 第 1 次 等待 3 秒
2024-02-12 00:37:52 查询号码 【1693086】，返回信息 {"status":"ok","msg":"-","gid":"619656","time_insert":"2023-03-28 09:28"}
2024-02-12 00:37:52 查询号码 【1693086】，GSD为【"-"】
2024-02-12 00:37:52 ok && -
2024-02-12 00:37:55 CHB 1693086?1707669472 第 1 次 等待 3 秒
2024-02-12 00:37:58 CHB 1693086?1707669472 第 1 次 获取到号码【1693086】GSD
2024-02-12 00:37:58 未获取到号码【1693086】GSD，可能号码格式错误
2024-02-12 00:37:58 获取到号码【1693086】的GSD为【-】
2024-02-12 00:38:02 GSD insert 第 1 次 等待 3 秒
2024-02-12 00:38:05 {"status":"bad","gid":"619656","msg":"添加失败！号码【1693086(-|-)】已存在！"}
2024-02-12 00:38:05 随机等待 75 秒，约 1 分钟
2024-02-12 00:38:05 下次操作: 2024-02-12 00:39:20

2024-02-12 00:39:20 开始第 3174 次操作

2024-02-12 00:39:20 开始操作号码 【1693087】
2024-02-12 00:39:24 GSD getOne 第 1 次 等待 3 秒
2024-02-12 00:39:27 查询号码 【1693087】，返回信息 {"status":"ok","msg":"-","gid":"619675","time_insert":"2023-03-28 09:46"}
2024-02-12 00:39:27 查询号码 【1693087】，GSD为【"-"】
2024-02-12 00:39:27 ok && -
2024-02-12 00:39:29 CHB 1693087?1707669567 第 1 次 等待 3 秒
2024-02-12 00:39:32 CHB 1693087?1707669567 第 1 次 获取到号码【1693087】GSD
2024-02-12 00:39:32 未获取到号码【1693087】GSD，可能号码格式错误
2024-02-12 00:39:32 获取到号码【1693087】的GSD为【-】
2024-02-12 00:39:36 GSD insert 第 1 次 等待 3 秒
2024-02-12 00:39:39 {"status":"bad","gid":"619675","msg":"添加失败！号码【1693087(-|-)】已存在！"}
2024-02-12 00:39:39 随机等待 77 秒，约 1 分钟
2024-02-12 00:39:39 下次操作: 2024-02-12 00:40:56

2024-02-12 00:40:56 开始第 3175 次操作

2024-02-12 00:40:56 开始操作号码 【1693088】
2024-02-12 00:41:00 GSD getOne 第 1 次 等待 3 秒
2024-02-12 00:41:04 查询号码 【1693088】，返回信息 {"status":"ok","msg":"-","gid":"619691","time_insert":"2023-03-28 10:01"}
2024-02-12 00:41:04 查询号码 【1693088】，GSD为【"-"】
2024-02-12 00:41:04 ok && -
2024-02-12 00:41:05 CHB 1693088?1707669664 第 1 次 等待 3 秒
2024-02-12 00:41:08 CHB 1693088?1707669664 第 1 次 获取到号码【1693088】GSD
2024-02-12 00:41:09 未获取到号码【1693088】GSD，可能号码格式错误
2024-02-12 00:41:09 获取到号码【1693088】的GSD为【-】
2024-02-12 00:41:13 GSD insert 第 1 次 等待 3 秒
2024-02-12 00:41:16 {"status":"bad","gid":"619691","msg":"添加失败！号码【1693088(-|-)】已存在！"}
2024-02-12 00:41:16 随机等待 208 秒，约 3 分钟
2024-02-12 00:41:16 下次操作: 2024-02-12 00:44:44

2024-02-12 00:44:44 开始第 3176 次操作

2024-02-12 00:44:44 开始操作号码 【1693089】
2024-02-12 00:44:48 GSD getOne 第 1 次 等待 3 秒
2024-02-12 00:44:51 查询号码 【1693089】，返回信息 {"status":"ok","msg":"-","gid":"619715","time_insert":"2023-03-28 10:20"}
2024-02-12 00:44:51 查询号码 【1693089】，GSD为【"-"】
2024-02-12 00:44:51 ok && -
2024-02-12 00:44:53 CHB 1693089?1707669891 第 1 次 等待 3 秒
2024-02-12 00:44:56 CHB 1693089?1707669891 第 1 次 获取到号码【1693089】GSD
2024-02-12 00:44:56 未获取到号码【1693089】GSD，可能号码格式错误
2024-02-12 00:44:56 获取到号码【1693089】的GSD为【-】
2024-02-12 00:45:00 GSD insert 第 1 次 等待 3 秒
2024-02-12 00:45:03 {"status":"bad","gid":"619715","msg":"添加失败！号码【1693089(-|-)】已存在！"}

2024-02-12 01:14:49 开始第 3177 次操作

2024-02-12 01:14:49 开始操作号码 【1693090】
2024-02-12 01:14:53 GSD getOne 第 1 次 等待 3 秒
2024-02-12 01:14:56 查询号码 【1693090】，返回信息 {"status":"ok","msg":"-","gid":"619733","time_insert":"2023-03-28 10:37"}
2024-02-12 01:14:56 查询号码 【1693090】，GSD为【"-"】
2024-02-12 01:14:56 ok && -
2024-02-12 01:14:59 CHB 1693090?1707671696 第 1 次 等待 3 秒
2024-02-12 01:15:02 CHB 1693090?1707671696 第 1 次 获取到号码【1693090】GSD
2024-02-12 01:15:02 未获取到号码【1693090】GSD，可能号码格式错误
2024-02-12 01:15:02 获取到号码【1693090】的GSD为【-】
2024-02-12 01:15:06 GSD insert 第 1 次 等待 3 秒
2024-02-12 01:15:09 {"status":"bad","gid":"619733","msg":"添加失败！号码【1693090(-|-)】已存在！"}
2024-02-12 01:15:09 随机等待 98 秒，约 1 分钟
2024-02-12 01:15:09 下次操作: 2024-02-12 01:16:47

2024-02-12 01:16:47 开始第 3178 次操作

2024-02-12 01:16:47 开始操作号码 【1693091】
2024-02-12 01:16:51 GSD getOne 第 1 次 等待 3 秒
2024-02-12 01:16:54 查询号码 【1693091】，返回信息 {"status":"ok","msg":"-","gid":"619764","time_insert":"2023-03-28 10:56"}
2024-02-12 01:16:54 查询号码 【1693091】，GSD为【"-"】
2024-02-12 01:16:54 ok && -
2024-02-12 01:16:57 CHB 1693091?1707671814 第 1 次 等待 3 秒
2024-02-12 01:17:00 CHB 1693091?1707671814 第 1 次 获取到号码【1693091】GSD
2024-02-12 01:17:00 未获取到号码【1693091】GSD，可能号码格式错误
2024-02-12 01:17:00 获取到号码【1693091】的GSD为【-】
2024-02-12 01:17:04 GSD insert 第 1 次 等待 3 秒
2024-02-12 01:17:07 {"status":"bad","gid":"619764","msg":"添加失败！号码【1693091(-|-)】已存在！"}
2024-02-12 01:17:07 随机等待 218 秒，约 3 分钟
2024-02-12 01:17:07 下次操作: 2024-02-12 01:20:45

2024-02-12 01:20:45 开始第 3179 次操作

2024-02-12 01:20:45 开始操作号码 【1693092】
2024-02-12 01:20:49 GSD getOne 第 1 次 等待 3 秒
2024-02-12 01:20:52 查询号码 【1693092】，返回信息 {"status":"ok","msg":"-","gid":"619786","time_insert":"2023-03-28 11:12"}
2024-02-12 01:20:52 查询号码 【1693092】，GSD为【"-"】
2024-02-12 01:20:52 ok && -
2024-02-12 01:20:54 CHB 1693092?1707672052 第 1 次 等待 3 秒
2024-02-12 01:20:57 CHB 1693092?1707672052 第 1 次 获取到号码【1693092】GSD
2024-02-12 01:20:57 未获取到号码【1693092】GSD，可能号码格式错误
2024-02-12 01:20:57 获取到号码【1693092】的GSD为【-】
2024-02-12 01:21:01 GSD insert 第 1 次 等待 3 秒
2024-02-12 01:21:04 {"status":"bad","gid":"619786","msg":"添加失败！号码【1693092(-|-)】已存在！"}
2024-02-12 01:21:04 随机等待 206 秒，约 3 分钟
2024-02-12 01:21:04 下次操作: 2024-02-12 01:24:30

2024-02-12 01:24:30 开始第 3180 次操作

2024-02-12 01:24:30 开始操作号码 【1693093】
2024-02-12 01:24:35 GSD getOne 第 1 次 等待 3 秒
2024-02-12 01:24:38 查询号码 【1693093】，返回信息 {"status":"ok","msg":"-","gid":"619817","time_insert":"2023-03-28 11:30"}
2024-02-12 01:24:38 查询号码 【1693093】，GSD为【"-"】
2024-02-12 01:24:38 ok && -
2024-02-12 01:24:40 CHB 1693093?1707672278 第 1 次 等待 3 秒
2024-02-12 01:24:43 CHB 1693093?1707672278 第 1 次 获取到号码【1693093】GSD
2024-02-12 01:24:43 未获取到号码【1693093】GSD，可能号码格式错误
2024-02-12 01:24:43 获取到号码【1693093】的GSD为【-】
2024-02-12 01:24:53 GSD insert 第 1 次 等待 3 秒
2024-02-12 01:24:56 {"status":"bad","gid":"619817","msg":"添加失败！号码【1693093(-|-)】已存在！"}

2024-02-12 01:38:07 开始第 3181 次操作

2024-02-12 01:38:07 开始操作号码 【1693094】
2024-02-12 01:38:12 GSD getOne 第 1 次 等待 3 秒
2024-02-12 01:38:15 查询号码 【1693094】，返回信息 {"status":"ok","msg":"-","gid":"619852","time_insert":"2023-03-28 11:48"}
2024-02-12 01:38:15 查询号码 【1693094】，GSD为【"-"】
2024-02-12 01:38:15 ok && -
2024-02-12 01:38:17 CHB 1693094?1707673095 第 1 次 等待 3 秒
2024-02-12 01:38:20 CHB 1693094?1707673095 第 1 次 获取到号码【1693094】GSD
2024-02-12 01:38:20 未获取到号码【1693094】GSD，可能号码格式错误
2024-02-12 01:38:20 获取到号码【1693094】的GSD为【-】
2024-02-12 01:38:25 GSD insert 第 1 次 等待 3 秒
2024-02-12 01:38:28 {"status":"bad","gid":"619852","msg":"添加失败！号码【1693094(-|-)】已存在！"}
2024-02-12 01:38:28 随机等待 124 秒，约 2 分钟
2024-02-12 01:38:28 下次操作: 2024-02-12 01:40:32

2024-02-12 01:40:32 开始第 3182 次操作

2024-02-12 01:40:32 开始操作号码 【1693095】
2024-02-12 01:40:36 GSD getOne 第 1 次 等待 3 秒
2024-02-12 01:40:39 查询号码 【1693095】，返回信息 {"status":"ok","msg":"-","gid":"619882","time_insert":"2023-03-28 12:08"}
2024-02-12 01:40:39 查询号码 【1693095】，GSD为【"-"】
2024-02-12 01:40:39 ok && -
2024-02-12 01:40:41 CHB 1693095?1707673239 第 1 次 等待 3 秒
2024-02-12 01:40:44 CHB 1693095?1707673239 第 1 次 获取到号码【1693095】GSD
2024-02-12 01:40:44 未获取到号码【1693095】GSD，可能号码格式错误
2024-02-12 01:40:44 获取到号码【1693095】的GSD为【-】
2024-02-12 01:40:49 GSD insert 第 1 次 等待 3 秒
2024-02-12 01:40:52 {"status":"bad","gid":"619882","msg":"添加失败！号码【1693095(-|-)】已存在！"}
2024-02-12 01:40:52 随机等待 71 秒，约 1 分钟
2024-02-12 01:40:52 下次操作: 2024-02-12 01:42:03

2024-02-12 01:42:03 开始第 3183 次操作

2024-02-12 01:42:03 开始操作号码 【1693096】
2024-02-12 01:42:07 GSD getOne 第 1 次 等待 3 秒
2024-02-12 01:42:10 查询号码 【1693096】，返回信息 {"status":"ok","msg":"-","gid":"619908","time_insert":"2023-03-28 12:26"}
2024-02-12 01:42:10 查询号码 【1693096】，GSD为【"-"】
2024-02-12 01:42:10 ok && -
2024-02-12 01:42:12 CHB 1693096?1707673330 第 1 次 等待 3 秒
2024-02-12 01:42:15 CHB 1693096?1707673330 第 1 次 获取到号码【1693096】GSD
2024-02-12 01:42:15 未获取到号码【1693096】GSD，可能号码格式错误
2024-02-12 01:42:15 获取到号码【1693096】的GSD为【-】
2024-02-12 01:42:19 GSD insert 第 1 次 等待 3 秒
2024-02-12 01:42:22 {"status":"bad","gid":"619908","msg":"添加失败！号码【1693096(-|-)】已存在！"}
2024-02-12 01:42:22 随机等待 81 秒，约 1 分钟
2024-02-12 01:42:22 下次操作: 2024-02-12 01:43:43

2024-02-12 01:43:43 开始第 3184 次操作

2024-02-12 01:43:43 开始操作号码 【1693097】
2024-02-12 01:43:48 GSD getOne 第 1 次 等待 3 秒
2024-02-12 01:43:51 查询号码 【1693097】，返回信息 {"status":"ok","msg":"-","gid":"620044","time_insert":"2023-03-28 13:54"}
2024-02-12 01:43:51 查询号码 【1693097】，GSD为【"-"】
2024-02-12 01:43:51 ok && -
2024-02-12 01:43:53 CHB 1693097?1707673431 第 1 次 等待 3 秒
2024-02-12 01:43:56 CHB 1693097?1707673431 第 1 次 获取到号码【1693097】GSD
2024-02-12 01:43:56 未获取到号码【1693097】GSD，可能号码格式错误
2024-02-12 01:43:56 获取到号码【1693097】的GSD为【-】
2024-02-12 01:44:01 GSD insert 第 1 次 等待 3 秒
2024-02-12 01:44:04 {"status":"bad","gid":"620044","msg":"添加失败！号码【1693097(-|-)】已存在！"}

2024-02-12 02:20:14 开始第 3185 次操作

2024-02-12 02:20:14 开始操作号码 【1693098】
2024-02-12 02:20:18 GSD getOne 第 1 次 等待 3 秒
2024-02-12 02:20:21 查询号码 【1693098】，返回信息 {"status":"ok","msg":"-","gid":"620064","time_insert":"2023-03-28 14:11"}
2024-02-12 02:20:21 查询号码 【1693098】，GSD为【"-"】
2024-02-12 02:20:21 ok && -
2024-02-12 02:20:23 CHB 1693098?1707675621 第 1 次 等待 3 秒
2024-02-12 02:20:26 CHB 1693098?1707675621 第 1 次 获取到号码【1693098】GSD
2024-02-12 02:20:27 未获取到号码【1693098】GSD，可能号码格式错误
2024-02-12 02:20:27 获取到号码【1693098】的GSD为【-】
2024-02-12 02:20:31 GSD insert 第 1 次 等待 3 秒
2024-02-12 02:20:34 {"status":"bad","gid":"620064","msg":"添加失败！号码【1693098(-|-)】已存在！"}
2024-02-12 02:20:34 随机等待 177 秒，约 2 分钟
2024-02-12 02:20:34 下次操作: 2024-02-12 02:23:31

2024-02-12 02:23:31 开始第 3186 次操作

2024-02-12 02:23:31 开始操作号码 【1693099】
2024-02-12 02:23:35 GSD getOne 第 1 次 等待 3 秒
2024-02-12 02:23:38 查询号码 【1693099】，返回信息 {"status":"ok","msg":"-","gid":"620093","time_insert":"2023-03-28 14:30"}
2024-02-12 02:23:38 查询号码 【1693099】，GSD为【"-"】
2024-02-12 02:23:38 ok && -
2024-02-12 02:23:40 CHB 1693099?1707675818 第 1 次 等待 3 秒
2024-02-12 02:23:43 CHB 1693099?1707675818 第 1 次 获取到号码【1693099】GSD
2024-02-12 02:23:43 未获取到号码【1693099】GSD，可能号码格式错误
2024-02-12 02:23:43 获取到号码【1693099】的GSD为【-】
2024-02-12 02:23:48 GSD insert 第 1 次 等待 3 秒
2024-02-12 02:23:51 {"status":"bad","gid":"620093","msg":"添加失败！号码【1693099(-|-)】已存在！"}
2024-02-12 02:23:51 随机等待 80 秒，约 1 分钟
2024-02-12 02:23:51 下次操作: 2024-02-12 02:25:11

2024-02-12 02:25:12 开始第 3187 次操作

2024-02-12 02:25:12 开始操作号码 【1693100】
2024-02-12 02:25:16 GSD getOne 第 1 次 等待 3 秒
2024-02-12 02:25:19 查询号码 【1693100】，返回信息 {"status":"ok","msg":"-","gid":"620126","time_insert":"2023-03-28 14:49"}
2024-02-12 02:25:19 查询号码 【1693100】，GSD为【"-"】
2024-02-12 02:25:19 ok && -
2024-02-12 02:25:20 CHB 1693100?1707675919 第 1 次 等待 3 秒
2024-02-12 02:25:23 CHB 1693100?1707675919 第 1 次 获取到号码【1693100】GSD
2024-02-12 02:25:23 未获取到号码【1693100】GSD，可能号码格式错误
2024-02-12 02:25:23 获取到号码【1693100】的GSD为【-】
2024-02-12 02:25:27 GSD insert 第 1 次 等待 3 秒
2024-02-12 02:25:30 {"status":"bad","gid":"620126","msg":"添加失败！号码【1693100(-|-)】已存在！"}
2024-02-12 02:25:30 随机等待 183 秒，约 3 分钟
2024-02-12 02:25:30 下次操作: 2024-02-12 02:28:33

2024-02-12 02:28:33 开始第 3188 次操作

2024-02-12 02:28:33 开始操作号码 【1693101】
2024-02-12 02:28:38 GSD getOne 第 1 次 等待 3 秒
2024-02-12 02:28:41 查询号码 【1693101】，返回信息 {"status":"ok","msg":"-","gid":"620153","time_insert":"2023-03-28 15:07"}
2024-02-12 02:28:41 查询号码 【1693101】，GSD为【"-"】
2024-02-12 02:28:41 ok && -
2024-02-12 02:28:42 CHB 1693101?1707676121 第 1 次 等待 3 秒
2024-02-12 02:28:45 CHB 1693101?1707676121 第 1 次 获取到号码【1693101】GSD
2024-02-12 02:28:46 未获取到号码【1693101】GSD，可能号码格式错误
2024-02-12 02:28:46 获取到号码【1693101】的GSD为【-】
2024-02-12 02:28:50 GSD insert 第 1 次 等待 3 秒
2024-02-12 02:28:53 {"status":"bad","gid":"620153","msg":"添加失败！号码【1693101(-|-)】已存在！"}

2024-02-12 02:37:49 开始第 3189 次操作

2024-02-12 02:37:49 开始操作号码 【1693102】
2024-02-12 02:37:53 GSD getOne 第 1 次 等待 3 秒
2024-02-12 02:37:56 查询号码 【1693102】，返回信息 {"status":"ok","msg":"-","gid":"620176","time_insert":"2023-03-28 15:23"}
2024-02-12 02:37:56 查询号码 【1693102】，GSD为【"-"】
2024-02-12 02:37:56 ok && -
2024-02-12 02:37:59 CHB 1693102?1707676676 第 1 次 等待 3 秒
2024-02-12 02:38:02 CHB 1693102?1707676676 第 1 次 获取到号码【1693102】GSD
2024-02-12 02:38:02 未获取到号码【1693102】GSD，可能号码格式错误
2024-02-12 02:38:02 获取到号码【1693102】的GSD为【-】
2024-02-12 02:38:07 GSD insert 第 1 次 等待 3 秒
2024-02-12 02:38:10 {"status":"bad","gid":"620176","msg":"添加失败！号码【1693102(-|-)】已存在！"}
2024-02-12 02:38:10 随机等待 110 秒，约 1 分钟
2024-02-12 02:38:10 下次操作: 2024-02-12 02:40:00

2024-02-12 02:40:00 开始第 3190 次操作

2024-02-12 02:40:00 开始操作号码 【1693103】
2024-02-12 02:40:04 GSD getOne 第 1 次 等待 3 秒
2024-02-12 02:40:07 查询号码 【1693103】，返回信息 {"status":"ok","msg":"-","gid":"620211","time_insert":"2023-03-28 15:43"}
2024-02-12 02:40:07 查询号码 【1693103】，GSD为【"-"】
2024-02-12 02:40:07 ok && -
2024-02-12 02:40:10 CHB 1693103?1707676807 第 1 次 等待 3 秒
2024-02-12 02:40:13 CHB 1693103?1707676807 第 1 次 获取到号码【1693103】GSD
2024-02-12 02:40:13 未获取到号码【1693103】GSD，可能号码格式错误
2024-02-12 02:40:13 获取到号码【1693103】的GSD为【-】
2024-02-12 02:40:18 GSD insert 第 1 次 等待 3 秒
2024-02-12 02:40:21 {"status":"bad","gid":"620211","msg":"添加失败！号码【1693103(-|-)】已存在！"}
2024-02-12 02:40:21 随机等待 233 秒，约 3 分钟
2024-02-12 02:40:21 下次操作: 2024-02-12 02:44:14

2024-02-12 02:44:14 开始第 3191 次操作

2024-02-12 02:44:14 开始操作号码 【1693104】
2024-02-12 02:44:18 GSD getOne 第 1 次 等待 3 秒
2024-02-12 02:44:21 查询号码 【1693104】，返回信息 {"status":"ok","msg":"-","gid":"620243","time_insert":"2023-03-28 16:02"}
2024-02-12 02:44:21 查询号码 【1693104】，GSD为【"-"】
2024-02-12 02:44:21 ok && -
2024-02-12 02:44:24 CHB 1693104?1707677061 第 1 次 等待 3 秒
2024-02-12 02:44:27 CHB 1693104?1707677061 第 1 次 获取到号码【1693104】GSD
2024-02-12 02:44:27 未获取到号码【1693104】GSD，可能号码格式错误
2024-02-12 02:44:27 获取到号码【1693104】的GSD为【-】
2024-02-12 02:44:31 GSD insert 第 1 次 等待 3 秒
2024-02-12 02:44:34 {"status":"bad","gid":"620243","msg":"添加失败！号码【1693104(-|-)】已存在！"}
2024-02-12 02:44:34 随机等待 136 秒，约 2 分钟
2024-02-12 02:44:34 下次操作: 2024-02-12 02:46:50

2024-02-12 02:46:50 开始第 3192 次操作

2024-02-12 02:46:50 开始操作号码 【1693105】
2024-02-12 02:46:55 GSD getOne 第 1 次 等待 3 秒
2024-02-12 02:46:58 查询号码 【1693105】，返回信息 {"status":"ok","msg":"-","gid":"620268","time_insert":"2023-03-28 16:20"}
2024-02-12 02:46:58 查询号码 【1693105】，GSD为【"-"】
2024-02-12 02:46:58 ok && -
2024-02-12 02:47:01 CHB 1693105?1707677218 第 1 次 等待 3 秒
2024-02-12 02:47:04 CHB 1693105?1707677218 第 1 次 获取到号码【1693105】GSD
2024-02-12 02:47:04 未获取到号码【1693105】GSD，可能号码格式错误
2024-02-12 02:47:04 获取到号码【1693105】的GSD为【-】
2024-02-12 02:47:09 GSD insert 第 1 次 等待 3 秒
2024-02-12 02:47:12 {"status":"bad","gid":"620268","msg":"添加失败！号码【1693105(-|-)】已存在！"}

2024-02-12 03:13:20 开始第 3193 次操作

2024-02-12 03:13:20 开始操作号码 【1693106】
2024-02-12 03:13:25 GSD getOne 第 1 次 等待 3 秒
2024-02-12 03:13:28 查询号码 【1693106】，返回信息 {"status":"ok","msg":"-","gid":"620294","time_insert":"2023-03-28 16:38"}
2024-02-12 03:13:28 查询号码 【1693106】，GSD为【"-"】
2024-02-12 03:13:28 ok && -
2024-02-12 03:13:30 CHB 1693106?1707678808 第 1 次 等待 3 秒
2024-02-12 03:13:33 CHB 1693106?1707678808 第 1 次 获取到号码【1693106】GSD
2024-02-12 03:13:33 未获取到号码【1693106】GSD，可能号码格式错误
2024-02-12 03:13:33 获取到号码【1693106】的GSD为【-】
2024-02-12 03:13:37 GSD insert 第 1 次 等待 3 秒
2024-02-12 03:13:40 {"status":"bad","gid":"620294","msg":"添加失败！号码【1693106(-|-)】已存在！"}
2024-02-12 03:13:40 随机等待 97 秒，约 1 分钟
2024-02-12 03:13:40 下次操作: 2024-02-12 03:15:17

2024-02-12 03:15:17 开始第 3194 次操作

2024-02-12 03:15:17 开始操作号码 【1693107】
2024-02-12 03:15:22 GSD getOne 第 1 次 等待 3 秒
2024-02-12 03:15:25 查询号码 【1693107】，返回信息 {"status":"ok","msg":"-","gid":"620378","time_insert":"2023-03-28 17:32"}
2024-02-12 03:15:25 查询号码 【1693107】，GSD为【"-"】
2024-02-12 03:15:25 ok && -
2024-02-12 03:15:28 CHB 1693107?1707678925 第 1 次 等待 3 秒
2024-02-12 03:15:31 CHB 1693107?1707678925 第 1 次 获取到号码【1693107】GSD
2024-02-12 03:15:31 未获取到号码【1693107】GSD，可能号码格式错误
2024-02-12 03:15:31 获取到号码【1693107】的GSD为【-】
2024-02-12 03:15:35 GSD insert 第 1 次 等待 3 秒
2024-02-12 03:15:38 {"status":"bad","gid":"620378","msg":"添加失败！号码【1693107(-|-)】已存在！"}
2024-02-12 03:15:38 随机等待 79 秒，约 1 分钟
2024-02-12 03:15:38 下次操作: 2024-02-12 03:16:57

2024-02-12 03:16:57 开始第 3195 次操作

2024-02-12 03:16:57 开始操作号码 【1693108】
2024-02-12 03:17:03 GSD getOne 第 1 次 等待 3 秒
2024-02-12 03:17:06 查询号码 【1693108】，返回信息 {"status":"ok","msg":"-","gid":"620408","time_insert":"2023-03-28 17:48"}
2024-02-12 03:17:07 查询号码 【1693108】，GSD为【"-"】
2024-02-12 03:17:07 ok && -
2024-02-12 03:17:09 CHB 1693108?1707679027 第 1 次 等待 3 秒
2024-02-12 03:17:12 CHB 1693108?1707679027 第 1 次 获取到号码【1693108】GSD
2024-02-12 03:17:12 未获取到号码【1693108】GSD，可能号码格式错误
2024-02-12 03:17:12 获取到号码【1693108】的GSD为【-】
2024-02-12 03:17:17 GSD insert 第 1 次 等待 3 秒
2024-02-12 03:17:20 {"status":"bad","gid":"620408","msg":"添加失败！号码【1693108(-|-)】已存在！"}
2024-02-12 03:17:20 随机等待 79 秒，约 1 分钟
2024-02-12 03:17:20 下次操作: 2024-02-12 03:18:39

2024-02-12 03:18:39 开始第 3196 次操作

2024-02-12 03:18:39 开始操作号码 【1693109】
2024-02-12 03:18:43 GSD getOne 第 1 次 等待 3 秒
2024-02-12 03:18:46 查询号码 【1693109】，返回信息 {"status":"ok","msg":"-","gid":"620433","time_insert":"2023-03-28 18:04"}
2024-02-12 03:18:46 查询号码 【1693109】，GSD为【"-"】
2024-02-12 03:18:46 ok && -
2024-02-12 03:18:49 CHB 1693109?1707679126 第 1 次 等待 3 秒
2024-02-12 03:18:52 CHB 1693109?1707679126 第 1 次 获取到号码【1693109】GSD
2024-02-12 03:18:52 未获取到号码【1693109】GSD，可能号码格式错误
2024-02-12 03:18:52 获取到号码【1693109】的GSD为【-】
2024-02-12 03:18:56 GSD insert 第 1 次 等待 3 秒
2024-02-12 03:18:59 {"status":"bad","gid":"620433","msg":"添加失败！号码【1693109(-|-)】已存在！"}

