2021-07-30 00:00:39 开始第 27 次操作

2021-07-30 00:00:39 开始操作号码 【1876275】
2021-07-30 00:00:50 GSD getOne 第 1 次 等待 3 秒
2021-07-30 00:00:53 查询号码 【1876275】，返回信息 {"status":"bad","msg":""}
2021-07-30 00:00:53 查询号码 【1876275】，GSD为【""】
2021-07-30 00:00:53 bad
2021-07-30 00:00:54 CHB 1876275?1627574453 第 1 次 等待 3 秒
2021-07-30 00:00:57 CHB 1876275?1627574453 第 1 次 获取到号码【1876275】GSD
2021-07-30 00:00:57 获取到号码【1876275】的GSD为【江苏-南通】
2021-07-30 00:01:01 GSD insert 第 1 次 等待 3 秒
2021-07-30 00:01:04 {"status":"ok","gid":438560,"msg":"添加成功！"}
2021-07-30 00:01:04 下次操作: 2021-07-30 00:01:18

2021-07-30 00:01:18 开始第 28 次操作

2021-07-30 00:01:18 开始操作号码 【1876274】
2021-07-30 00:01:22 GSD getOne 第 1 次 等待 3 秒
2021-07-30 00:01:25 查询号码 【1876274】，返回信息 {"status":"bad","msg":""}
2021-07-30 00:01:25 查询号码 【1876274】，GSD为【""】
2021-07-30 00:01:25 bad
2021-07-30 00:01:27 CHB 1876274?1627574485 第 1 次 等待 3 秒
2021-07-30 00:01:30 CHB 1876274?1627574485 第 1 次 获取到号码【1876274】GSD
2021-07-30 00:01:30 获取到号码【1876274】的GSD为【江苏-连云港】
2021-07-30 00:01:37 GSD insert 第 1 次 等待 3 秒
2021-07-30 00:01:40 {"status":"ok","gid":438568,"msg":"添加成功！"}
2021-07-30 00:01:40 下次操作: 2021-07-30 00:02:00

2021-07-30 00:02:00 开始第 29 次操作

2021-07-30 00:02:00 开始操作号码 【1876273】
2021-07-30 00:02:03 GSD getOne 第 1 次 等待 3 秒
2021-07-30 00:02:06 查询号码 【1876273】，返回信息 {"status":"bad","msg":""}
2021-07-30 00:02:06 查询号码 【1876273】，GSD为【""】
2021-07-30 00:02:06 bad
2021-07-30 00:02:07 CHB 1876273?1627574526 第 1 次 等待 3 秒
2021-07-30 00:02:10 CHB 1876273?1627574526 第 1 次 获取到号码【1876273】GSD
2021-07-30 00:02:11 获取到号码【1876273】的GSD为【江苏-连云港】
2021-07-30 00:02:14 GSD insert 第 1 次 等待 3 秒
2021-07-30 00:02:17 {"status":"ok","gid":438578,"msg":"添加成功！"}
2021-07-30 00:02:17 下次操作: 2021-07-30 00:02:29

2021-07-30 00:02:29 开始第 30 次操作

2021-07-30 00:02:29 开始操作号码 【1876272】
2021-07-30 00:02:32 GSD getOne 第 1 次 等待 3 秒
2021-07-30 00:02:35 查询号码 【1876272】，返回信息 {"status":"bad","msg":""}
2021-07-30 00:02:35 查询号码 【1876272】，GSD为【""】
2021-07-30 00:02:35 bad
2021-07-30 00:02:36 CHB 1876272?1627574555 第 1 次 等待 3 秒
2021-07-30 00:02:39 CHB 1876272?1627574555 第 1 次 获取到号码【1876272】GSD
2021-07-30 00:02:40 获取到号码【1876272】的GSD为【江苏-连云港】
2021-07-30 00:02:43 GSD insert 第 1 次 等待 3 秒
2021-07-30 00:02:46 {"status":"ok","gid":438586,"msg":"添加成功！"}
2021-07-30 00:02:46 下次操作: 2021-07-30 00:03:10

2021-07-30 00:03:10 开始第 31 次操作

2021-07-30 00:03:10 开始操作号码 【1876271】
2021-07-30 00:03:15 GSD getOne 第 1 次 等待 3 秒
2021-07-30 00:03:18 查询号码 【1876271】，返回信息 {"status":"bad","msg":""}
2021-07-30 00:03:18 查询号码 【1876271】，GSD为【""】
2021-07-30 00:03:18 bad
2021-07-30 00:03:20 CHB 1876271?1627574598 第 1 次 等待 3 秒
2021-07-30 00:03:23 CHB 1876271?1627574598 第 1 次 获取到号码【1876271】GSD
2021-07-30 00:03:23 获取到号码【1876271】的GSD为【江苏-淮安】
2021-07-30 00:03:29 GSD insert 第 1 次 等待 3 秒
2021-07-30 00:03:32 {"status":"ok","gid":438599,"msg":"添加成功！"}
2021-07-30 00:03:32 下次操作: 2021-07-30 00:03:55

2021-07-30 00:03:55 开始第 32 次操作

2021-07-30 00:03:55 开始操作号码 【1876270】
2021-07-30 00:03:58 GSD getOne 第 1 次 等待 3 秒
2021-07-30 00:04:01 查询号码 【1876270】，返回信息 {"status":"bad","msg":""}
2021-07-30 00:04:02 查询号码 【1876270】，GSD为【""】
2021-07-30 00:04:02 bad
2021-07-30 00:04:03 CHB 1876270?1627574642 第 1 次 等待 3 秒
2021-07-30 00:04:06 CHB 1876270?1627574642 第 1 次 获取到号码【1876270】GSD
2021-07-30 00:04:06 获取到号码【1876270】的GSD为【江苏-淮安】
2021-07-30 00:04:11 GSD insert 第 1 次 等待 3 秒
2021-07-30 00:04:14 {"status":"ok","gid":438607,"msg":"添加成功！"}
2021-07-30 00:04:14 下次操作: 2021-07-30 00:04:37

2021-07-30 00:04:37 开始第 33 次操作

2021-07-30 00:04:37 开始操作号码 【1876269】
2021-07-30 00:04:43 GSD getOne 第 1 次 等待 3 秒
2021-07-30 00:04:46 查询号码 【1876269】，返回信息 {"status":"bad","msg":""}
2021-07-30 00:04:46 查询号码 【1876269】，GSD为【""】
2021-07-30 00:04:46 bad
2021-07-30 00:04:48 CHB 1876269?1627574686 第 1 次 等待 3 秒
2021-07-30 00:04:51 CHB 1876269?1627574686 第 1 次 获取到号码【1876269】GSD
2021-07-30 00:04:51 获取到号码【1876269】的GSD为【江苏-无锡】
2021-07-30 00:05:11 GSD insert 第 1 次 等待 3 秒
2021-07-30 00:05:14 {"status":"ok","gid":438619,"msg":"添加成功！"}
2021-07-30 00:05:14 下次操作: 2021-07-30 00:05:28

2021-07-30 00:05:28 开始第 34 次操作

2021-07-30 00:05:28 开始操作号码 【1876268】
2021-07-30 00:05:31 GSD getOne 第 1 次 等待 3 秒
2021-07-30 00:05:34 查询号码 【1876268】，返回信息 {"status":"bad","msg":""}
2021-07-30 00:05:34 查询号码 【1876268】，GSD为【""】
2021-07-30 00:05:34 bad
2021-07-30 00:05:35 CHB 1876268?1627574734 第 1 次 等待 3 秒
2021-07-30 00:05:38 CHB 1876268?1627574734 第 1 次 获取到号码【1876268】GSD
2021-07-30 00:05:38 获取到号码【1876268】的GSD为【江苏-无锡】
2021-07-30 00:05:42 GSD insert 第 1 次 等待 3 秒
2021-07-30 00:05:45 {"status":"ok","gid":438626,"msg":"添加成功！"}
2021-07-30 00:05:45 下次操作: 2021-07-30 00:05:57

2021-07-30 00:05:57 开始第 35 次操作

2021-07-30 00:05:57 开始操作号码 【1876267】
2021-07-30 00:06:00 GSD getOne 第 1 次 等待 3 秒
2021-07-30 00:06:03 查询号码 【1876267】，返回信息 {"status":"bad","msg":""}
2021-07-30 00:06:03 查询号码 【1876267】，GSD为【""】
2021-07-30 00:06:03 bad
2021-07-30 00:06:04 CHB 1876267?1627574763 第 1 次 等待 3 秒
2021-07-30 00:06:07 CHB 1876267?1627574763 第 1 次 获取到号码【1876267】GSD
2021-07-30 00:06:07 获取到号码【1876267】的GSD为【江苏-无锡】
2021-07-30 00:06:11 GSD insert 第 1 次 等待 3 秒
2021-07-30 00:06:14 {"status":"ok","gid":438634,"msg":"添加成功！"}
2021-07-30 00:06:14 下次操作: 2021-07-30 00:06:33

2021-07-30 00:06:33 开始第 36 次操作

2021-07-30 00:06:33 开始操作号码 【1876266】
2021-07-30 00:06:36 GSD getOne 第 1 次 等待 3 秒
2021-07-30 00:06:39 查询号码 【1876266】，返回信息 {"status":"ok","msg":"江苏-无锡","gid":"42555","time_insert":"2018-05-18 23:04","time_update":"2020-08-26 17:51"}
2021-07-30 00:06:39 查询号码 【1876266】，GSD为【"江苏-无锡"】

2021-07-30 00:06:39 开始第 36 次操作

2021-07-30 00:06:39 开始操作号码 【1876265】
2021-07-30 00:06:42 GSD getOne 第 1 次 等待 3 秒
2021-07-30 00:06:45 查询号码 【1876265】，返回信息 {"status":"bad","msg":""}
2021-07-30 00:06:45 查询号码 【1876265】，GSD为【""】
2021-07-30 00:06:45 bad
2021-07-30 00:06:46 CHB 1876265?1627574805 第 1 次 等待 3 秒
2021-07-30 00:06:49 CHB 1876265?1627574805 第 1 次 获取到号码【1876265】GSD
2021-07-30 00:06:49 获取到号码【1876265】的GSD为【江苏-无锡】
2021-07-30 00:06:56 GSD insert 第 1 次 等待 3 秒
2021-07-30 00:06:59 {"status":"ok","gid":438647,"msg":"添加成功！"}
2021-07-30 00:06:59 下次操作: 2021-07-30 00:07:21

2021-07-30 00:07:21 开始第 37 次操作

2021-07-30 00:07:21 开始操作号码 【1876264】
2021-07-30 00:07:29 GSD getOne 第 1 次 等待 3 秒
2021-07-30 00:07:32 查询号码 【1876264】，返回信息 {"status":"bad","msg":""}
2021-07-30 00:07:32 查询号码 【1876264】，GSD为【""】
2021-07-30 00:07:32 bad
2021-07-30 00:07:34 CHB 1876264?1627574852 第 1 次 等待 3 秒
2021-07-30 00:07:37 CHB 1876264?1627574852 第 1 次 获取到号码【1876264】GSD
2021-07-30 00:07:37 获取到号码【1876264】的GSD为【江苏-无锡】
2021-07-30 00:07:41 GSD insert 第 1 次 等待 3 秒
2021-07-30 00:07:44 {"status":"ok","gid":438660,"msg":"添加成功！"}
2021-07-30 00:07:44 下次操作: 2021-07-30 00:08:00

2021-07-30 00:08:00 开始第 38 次操作

2021-07-30 00:08:00 开始操作号码 【1876263】
2021-07-30 00:08:04 GSD getOne 第 1 次 等待 3 秒
2021-07-30 00:08:07 查询号码 【1876263】，返回信息 {"status":"bad","msg":""}
2021-07-30 00:08:07 查询号码 【1876263】，GSD为【""】
2021-07-30 00:08:07 bad
2021-07-30 00:08:09 CHB 1876263?1627574887 第 1 次 等待 3 秒
2021-07-30 00:08:12 CHB 1876263?1627574887 第 1 次 获取到号码【1876263】GSD
2021-07-30 00:08:12 获取到号码【1876263】的GSD为【江苏-无锡】
2021-07-30 00:08:15 GSD insert 第 1 次 等待 3 秒
2021-07-30 00:08:18 {"status":"ok","gid":438669,"msg":"添加成功！"}
2021-07-30 00:08:18 下次操作: 2021-07-30 00:08:30

2021-07-30 00:08:30 开始第 39 次操作

2021-07-30 00:08:30 开始操作号码 【1876262】
2021-07-30 00:08:34 GSD getOne 第 1 次 等待 3 秒
2021-07-30 00:08:37 查询号码 【1876262】，返回信息 {"status":"bad","msg":""}
2021-07-30 00:08:37 查询号码 【1876262】，GSD为【""】
2021-07-30 00:08:37 bad
2021-07-30 00:08:38 CHB 1876262?1627574917 第 1 次 等待 3 秒
2021-07-30 00:08:41 CHB 1876262?1627574917 第 1 次 获取到号码【1876262】GSD
2021-07-30 00:08:42 获取到号码【1876262】的GSD为【江苏-无锡】
2021-07-30 00:08:47 GSD insert 第 1 次 等待 3 秒
2021-07-30 00:08:50 {"status":"ok","gid":438677,"msg":"添加成功！"}
2021-07-30 00:08:50 下次操作: 2021-07-30 00:09:10

2021-07-30 00:09:10 开始第 40 次操作

2021-07-30 00:09:10 开始操作号码 【1876261】
2021-07-30 00:09:15 GSD getOne 第 1 次 等待 3 秒
2021-07-30 00:09:18 查询号码 【1876261】，返回信息 {"status":"bad","msg":""}
2021-07-30 00:09:18 查询号码 【1876261】，GSD为【""】
2021-07-30 00:09:18 bad
2021-07-30 00:09:20 CHB 1876261?1627574958 第 1 次 等待 3 秒
2021-07-30 00:09:23 CHB 1876261?1627574958 第 1 次 获取到号码【1876261】GSD
2021-07-30 00:09:23 获取到号码【1876261】的GSD为【江苏-无锡】
2021-07-30 00:09:26 GSD insert 第 1 次 等待 3 秒
2021-07-30 00:09:29 {"status":"ok","gid":438686,"msg":"添加成功！"}

