2023-10-06 00:23:40 开始第 1701 次操作

2023-10-06 00:23:40 开始操作号码 【1901700】
2023-10-06 00:23:43 GSD getOne 第 1 次 等待 3 秒
2023-10-06 00:23:46 查询号码 【1901700】，返回信息 {"status":"ok","msg":"广西-南宁","gid":"545640","time_insert":"2023-02-21 20:34"}
2023-10-06 00:23:46 查询号码 【1901700】，GSD为【"广西-南宁"】

2023-10-06 00:23:47 开始第 1702 次操作

2023-10-06 00:23:47 开始操作号码 【1901701】
2023-10-06 00:23:53 GSD getOne 第 1 次 等待 3 秒
2023-10-06 00:23:56 查询号码 【1901701】，返回信息 {"status":"ok","msg":"广西-南宁","gid":"545655","time_insert":"2023-02-21 20:46"}
2023-10-06 00:23:56 查询号码 【1901701】，GSD为【"广西-南宁"】

2023-10-06 00:23:57 开始第 1703 次操作

2023-10-06 00:23:57 开始操作号码 【1901702】
2023-10-06 00:23:59 GSD getOne 第 1 次 等待 3 秒
2023-10-06 00:24:02 查询号码 【1901702】，返回信息 {"status":"ok","msg":"广西-南宁","gid":"545678","time_insert":"2023-02-21 21:02"}
2023-10-06 00:24:02 查询号码 【1901702】，GSD为【"广西-南宁"】

2023-10-06 00:24:03 开始第 1704 次操作

2023-10-06 00:24:03 开始操作号码 【1901703】
2023-10-06 00:24:09 GSD getOne 第 1 次 等待 3 秒
2023-10-06 00:24:12 查询号码 【1901703】，返回信息 {"status":"ok","msg":"广西-南宁","gid":"545699","time_insert":"2023-02-21 21:18"}
2023-10-06 00:24:12 查询号码 【1901703】，GSD为【"广西-南宁"】

2023-10-06 00:41:32 开始第 1705 次操作

2023-10-06 00:41:32 开始操作号码 【1901704】
2023-10-06 00:41:37 GSD getOne 第 1 次 等待 3 秒
2023-10-06 00:41:40 查询号码 【1901704】，返回信息 {"status":"ok","msg":"广西-南宁","gid":"545713","time_insert":"2023-02-21 21:28"}
2023-10-06 00:41:40 查询号码 【1901704】，GSD为【"广西-南宁"】

2023-10-06 00:41:41 开始第 1706 次操作

2023-10-06 00:41:41 开始操作号码 【1901705】
2023-10-06 00:41:44 GSD getOne 第 1 次 等待 3 秒
2023-10-06 00:41:47 查询号码 【1901705】，返回信息 {"status":"ok","msg":"广西-南宁","gid":"545726","time_insert":"2023-02-21 21:37"}
2023-10-06 00:41:47 查询号码 【1901705】，GSD为【"广西-南宁"】

2023-10-06 00:41:48 开始第 1707 次操作

2023-10-06 00:41:48 开始操作号码 【1901706】
2023-10-06 00:41:55 GSD getOne 第 1 次 等待 3 秒
2023-10-06 00:41:58 查询号码 【1901706】，返回信息 {"status":"ok","msg":"广西-南宁","gid":"545750","time_insert":"2023-02-21 21:47"}
2023-10-06 00:41:58 查询号码 【1901706】，GSD为【"广西-南宁"】

2023-10-06 00:41:59 开始第 1708 次操作

2023-10-06 00:41:59 开始操作号码 【1901707】
2023-10-06 00:42:01 GSD getOne 第 1 次 等待 3 秒
2023-10-06 00:42:04 查询号码 【1901707】，返回信息 {"status":"ok","msg":"广西-南宁","gid":"545780","time_insert":"2023-02-21 22:05"}
2023-10-06 00:42:04 查询号码 【1901707】，GSD为【"广西-南宁"】

2023-10-06 01:15:36 开始第 1709 次操作

2023-10-06 01:15:36 开始操作号码 【1901708】
2023-10-06 01:15:52 GSD getOne 第 1 次 等待 3 秒
2023-10-06 01:15:55 查询号码 【1901708】，返回信息 {"status":"ok","msg":"广西-南宁","gid":"545793","time_insert":"2023-02-21 22:15"}
2023-10-06 01:15:55 查询号码 【1901708】，GSD为【"广西-南宁"】

2023-10-06 01:15:57 开始第 1710 次操作

2023-10-06 01:15:57 开始操作号码 【1901709】
2023-10-06 01:16:00 GSD getOne 第 1 次 等待 3 秒
2023-10-06 01:16:03 查询号码 【1901709】，返回信息 {"status":"ok","msg":"广西-南宁","gid":"545813","time_insert":"2023-02-21 22:28"}
2023-10-06 01:16:03 查询号码 【1901709】，GSD为【"广西-南宁"】

2023-10-06 01:16:04 开始第 1711 次操作

2023-10-06 01:16:04 开始操作号码 【1901710】
2023-10-06 01:16:06 GSD getOne 第 1 次 等待 3 秒
2023-10-06 01:16:09 查询号码 【1901710】，返回信息 {"status":"ok","msg":"广西-南宁","gid":"545832","time_insert":"2023-02-21 22:38"}
2023-10-06 01:16:09 查询号码 【1901710】，GSD为【"广西-南宁"】

2023-10-06 01:16:10 开始第 1712 次操作

2023-10-06 01:16:10 开始操作号码 【1901711】
2023-10-06 01:16:15 GSD getOne 第 1 次 等待 3 秒
2023-10-06 01:16:18 查询号码 【1901711】，返回信息 {"status":"ok","msg":"广西-南宁","gid":"545859","time_insert":"2023-02-21 22:54"}
2023-10-06 01:16:18 查询号码 【1901711】，GSD为【"广西-南宁"】

