2023-12-07 00:24:28 开始第 1777 次操作

2023-12-07 00:24:28 开始操作号码 【1801692】
2023-12-07 00:24:32 GSD getOne 第 1 次 等待 3 秒
2023-12-07 00:24:35 查询号码 【1801692】，返回信息 {"status":"ok","msg":"新疆-和田","gid":"271749","time_insert":"2021-07-14 05:45"}
2023-12-07 00:24:35 查询号码 【1801692】，GSD为【"新疆-和田"】

2023-12-07 00:24:36 开始第 1778 次操作

2023-12-07 00:24:36 开始操作号码 【1801693】
2023-12-07 00:24:39 GSD getOne 第 1 次 等待 3 秒
2023-12-07 00:24:42 查询号码 【1801693】，返回信息 {"status":"ok","msg":"新疆-和田","gid":"271759","time_insert":"2021-07-14 05:46"}
2023-12-07 00:24:42 查询号码 【1801693】，GSD为【"新疆-和田"】

2023-12-07 00:24:43 开始第 1779 次操作

2023-12-07 00:24:43 开始操作号码 【1801694】
2023-12-07 00:24:48 GSD getOne 第 1 次 等待 3 秒
2023-12-07 00:24:51 查询号码 【1801694】，返回信息 {"status":"ok","msg":"新疆-和田","gid":"271765","time_insert":"2021-07-14 05:46"}
2023-12-07 00:24:51 查询号码 【1801694】，GSD为【"新疆-和田"】

2023-12-07 00:24:52 开始第 1780 次操作

2023-12-07 00:24:52 开始操作号码 【1801695】
2023-12-07 00:24:55 GSD getOne 第 1 次 等待 3 秒
2023-12-07 00:24:58 查询号码 【1801695】，返回信息 {"status":"ok","msg":"新疆-和田","gid":"271776","time_insert":"2021-07-14 05:46"}
2023-12-07 00:24:58 查询号码 【1801695】，GSD为【"新疆-和田"】

