2023-10-03 00:21:21 开始第 1173 次操作

2023-10-03 00:21:21 开始操作号码 【1901172】
2023-10-03 00:21:25 GSD getOne 第 1 次 等待 3 秒
2023-10-03 00:21:28 查询号码 【1901172】，返回信息 {"status":"ok","msg":"贵州-贵阳","gid":"534854","time_insert":"2023-02-17 01:04"}
2023-10-03 00:21:28 查询号码 【1901172】，GSD为【"贵州-贵阳"】

2023-10-03 00:21:29 开始第 1174 次操作

2023-10-03 00:21:29 开始操作号码 【1901173】
2023-10-03 00:21:32 GSD getOne 第 1 次 等待 3 秒
2023-10-03 00:21:35 查询号码 【1901173】，返回信息 {"status":"ok","msg":"贵州-贵阳","gid":"534864","time_insert":"2023-02-17 01:15"}
2023-10-03 00:21:35 查询号码 【1901173】，GSD为【"贵州-贵阳"】

2023-10-03 00:21:36 开始第 1175 次操作

2023-10-03 00:21:36 开始操作号码 【1901174】
2023-10-03 00:21:40 GSD getOne 第 1 次 等待 3 秒
2023-10-03 00:21:43 查询号码 【1901174】，返回信息 {"status":"ok","msg":"贵州-贵阳","gid":"534884","time_insert":"2023-02-17 01:30"}
2023-10-03 00:21:43 查询号码 【1901174】，GSD为【"贵州-贵阳"】

2023-10-03 00:21:44 开始第 1176 次操作

2023-10-03 00:21:44 开始操作号码 【1901175】
2023-10-03 00:21:48 GSD getOne 第 1 次 等待 3 秒
2023-10-03 00:21:51 查询号码 【1901175】，返回信息 {"status":"ok","msg":"贵州-贵阳","gid":"534900","time_insert":"2023-02-17 01:43"}
2023-10-03 00:21:51 查询号码 【1901175】，GSD为【"贵州-贵阳"】

2023-10-03 00:40:01 开始第 1177 次操作

2023-10-03 00:40:01 开始操作号码 【1901176】
2023-10-03 00:40:06 GSD getOne 第 1 次 等待 3 秒
2023-10-03 00:40:09 查询号码 【1901176】，返回信息 {"status":"ok","msg":"贵州-遵义","gid":"534920","time_insert":"2023-02-17 02:00"}
2023-10-03 00:40:09 查询号码 【1901176】，GSD为【"贵州-遵义"】

2023-10-03 00:40:10 开始第 1178 次操作

2023-10-03 00:40:10 开始操作号码 【1901177】
2023-10-03 00:40:15 GSD getOne 第 1 次 等待 3 秒
2023-10-03 00:40:18 查询号码 【1901177】，返回信息 {"status":"ok","msg":"贵州-遵义","gid":"534938","time_insert":"2023-02-17 02:16"}
2023-10-03 00:40:18 查询号码 【1901177】，GSD为【"贵州-遵义"】

2023-10-03 00:40:19 开始第 1179 次操作

2023-10-03 00:40:19 开始操作号码 【1901178】
2023-10-03 00:40:32 GSD getOne 第 1 次 等待 3 秒
2023-10-03 00:40:35 查询号码 【1901178】，返回信息 {"status":"ok","msg":"贵州-遵义","gid":"534952","time_insert":"2023-02-17 02:27"}
2023-10-03 00:40:35 查询号码 【1901178】，GSD为【"贵州-遵义"】

2023-10-03 00:40:36 开始第 1180 次操作

2023-10-03 00:40:36 开始操作号码 【1901179】
2023-10-03 00:40:40 GSD getOne 第 1 次 等待 3 秒
2023-10-03 00:40:43 查询号码 【1901179】，返回信息 {"status":"ok","msg":"贵州-遵义","gid":"534969","time_insert":"2023-02-17 02:40"}
2023-10-03 00:40:43 查询号码 【1901179】，GSD为【"贵州-遵义"】

