2024-08-21 00:20:54 开始第 281 次操作

2024-08-21 00:20:54 开始操作号码 【1360280】
2024-08-21 00:21:05 GSD getOne 第 1 次 等待 3 秒
2024-08-21 00:21:08 查询号码 【1360280】，返回信息 {"status":"ok","msg":"广东-广州","gid":"59867","time_insert":"2021-05-16 11:52"}
2024-08-21 00:21:08 查询号码 【1360280】，GSD为【"广东-广州"】

2024-08-21 00:21:09 开始第 282 次操作

2024-08-21 00:21:09 开始操作号码 【1360281】
2024-08-21 00:21:18 GSD getOne 第 1 次 等待 3 秒
2024-08-21 00:21:21 查询号码 【1360281】，返回信息 {"status":"ok","msg":"广东-广州","gid":"59873","time_insert":"2021-05-16 12:09"}
2024-08-21 00:21:21 查询号码 【1360281】，GSD为【"广东-广州"】

2024-08-21 00:21:22 开始第 283 次操作

2024-08-21 00:21:22 开始操作号码 【1360282】
2024-08-21 00:21:32 GSD getOne 第 1 次 等待 3 秒
2024-08-21 00:21:35 查询号码 【1360282】，返回信息 {"status":"ok","msg":"广东-广州","gid":"59886","time_insert":"2021-05-16 12:34"}
2024-08-21 00:21:35 查询号码 【1360282】，GSD为【"广东-广州"】

2024-08-21 00:21:36 开始第 284 次操作

2024-08-21 00:21:36 开始操作号码 【1360283】
2024-08-21 00:21:44 GSD getOne 第 1 次 等待 3 秒
2024-08-21 00:21:47 查询号码 【1360283】，返回信息 {"status":"ok","msg":"广东-广州","gid":"59896","time_insert":"2021-05-16 13:03"}
2024-08-21 00:21:47 查询号码 【1360283】，GSD为【"广东-广州"】

2024-08-21 00:40:59 开始第 285 次操作

2024-08-21 00:40:59 开始操作号码 【1360284】
2024-08-21 00:41:09 GSD getOne 第 1 次 等待 3 秒
2024-08-21 00:41:12 查询号码 【1360284】，返回信息 {"status":"ok","msg":"广东-广州","gid":"59906","time_insert":"2021-05-16 13:27"}
2024-08-21 00:41:12 查询号码 【1360284】，GSD为【"广东-广州"】

2024-08-21 00:41:13 开始第 286 次操作

2024-08-21 00:41:13 开始操作号码 【1360285】
2024-08-21 00:41:22 GSD getOne 第 1 次 等待 3 秒
2024-08-21 00:41:25 查询号码 【1360285】，返回信息 {"status":"ok","msg":"广东-广州","gid":"59918","time_insert":"2021-05-16 13:53"}
2024-08-21 00:41:25 查询号码 【1360285】，GSD为【"广东-广州"】

2024-08-21 00:41:26 开始第 287 次操作

2024-08-21 00:41:26 开始操作号码 【1360286】
2024-08-21 00:41:37 GSD getOne 第 1 次 等待 3 秒
2024-08-21 00:41:40 查询号码 【1360286】，返回信息 {"status":"ok","msg":"广东-广州","gid":"59931","time_insert":"2021-05-16 14:21"}
2024-08-21 00:41:40 查询号码 【1360286】，GSD为【"广东-广州"】

2024-08-21 00:41:41 开始第 288 次操作

2024-08-21 00:41:41 开始操作号码 【1360287】
2024-08-21 00:41:49 GSD getOne 第 1 次 等待 3 秒
2024-08-21 00:41:52 查询号码 【1360287】，返回信息 {"status":"ok","msg":"广东-广州","gid":"59943","time_insert":"2021-05-16 14:51","time_update":"2021-05-18 09:38"}
2024-08-21 00:41:52 查询号码 【1360287】，GSD为【"广东-广州"】

