2021-07-03 00:00:44 开始第 8 次操作

2021-07-03 00:00:44 开始操作号码 【1763846】
2021-07-03 00:00:48 GSD getOne 第 1 次 等待 1 秒
2021-07-03 00:00:49 查询号码 【1763846】，返回信息 {"status":"bad","msg":""}
2021-07-03 00:00:49 查询号码 【1763846】，GSD为【""】
2021-07-03 00:00:49 bad
2021-07-03 00:00:55 CHB 1763846?1625241649 第 1 次 等待 1 秒
2021-07-03 00:00:56 CHB 1763846?1625241649 第 1 次 获取到号码【1763846】GSD
2021-07-03 00:00:56 获取到号码【1763846】的GSD为【河南-南阳】
2021-07-03 00:01:15 GSD insert 第 1 次 等待 1 秒
2021-07-03 00:01:16 {"status":"ok","msg":"添加成功！177500"}
2021-07-03 00:01:16 下次操作: 2021-07-03 00:01:29

2021-07-03 00:01:29 开始第 9 次操作

2021-07-03 00:01:29 开始操作号码 【1763847】
2021-07-03 00:01:38 GSD getOne 第 1 次 等待 1 秒
2021-07-03 00:01:39 查询号码 【1763847】，返回信息 {"status":"bad","msg":""}
2021-07-03 00:01:39 查询号码 【1763847】，GSD为【""】
2021-07-03 00:01:39 bad
2021-07-03 00:01:41 CHB 1763847?1625241699 第 1 次 等待 1 秒
2021-07-03 00:01:42 CHB 1763847?1625241699 第 1 次 获取到号码【1763847】GSD
2021-07-03 00:01:42 获取到号码【1763847】的GSD为【河南-洛阳】
2021-07-03 00:02:02 GSD insert 第 1 次 等待 1 秒
2021-07-03 00:02:03 {"status":"ok","msg":"添加成功！177509"}
2021-07-03 00:02:03 下次操作: 2021-07-03 00:02:12

2021-07-03 00:02:12 开始第 10 次操作

2021-07-03 00:02:12 开始操作号码 【1763848】
2021-07-03 00:02:24 GSD getOne 第 1 次 等待 1 秒
2021-07-03 00:02:25 查询号码 【1763848】，返回信息 {"status":"bad","msg":""}
2021-07-03 00:02:25 查询号码 【1763848】，GSD为【""】
2021-07-03 00:02:25 bad
2021-07-03 00:02:31 CHB 1763848?1625241745 第 1 次 等待 1 秒
2021-07-03 00:02:32 CHB 1763848?1625241745 第 1 次 获取到号码【1763848】GSD
2021-07-03 00:02:32 获取到号码【1763848】的GSD为【河南-洛阳】
2021-07-03 00:02:43 GSD insert 第 1 次 等待 1 秒
2021-07-03 00:02:44 {"status":"ok","msg":"添加成功！177519"}
2021-07-03 00:02:44 下次操作: 2021-07-03 00:03:01

2021-07-03 00:03:01 开始第 11 次操作

2021-07-03 00:03:01 开始操作号码 【1763849】
2021-07-03 00:03:06 GSD getOne 第 1 次 等待 1 秒
2021-07-03 00:03:07 查询号码 【1763849】，返回信息 {"status":"bad","msg":""}
2021-07-03 00:03:07 查询号码 【1763849】，GSD为【""】
2021-07-03 00:03:07 bad
2021-07-03 00:03:10 CHB 1763849?1625241787 第 1 次 等待 1 秒
2021-07-03 00:03:11 CHB 1763849?1625241787 第 1 次 获取到号码【1763849】GSD
2021-07-03 00:03:11 获取到号码【1763849】的GSD为【河南-信阳】
2021-07-03 00:03:36 GSD insert 第 1 次 等待 1 秒
2021-07-03 00:03:37 {"status":"ok","msg":"添加成功！177529"}
2021-07-03 00:03:37 下次操作: 2021-07-03 00:03:55

2021-07-03 00:03:55 开始第 12 次操作

2021-07-03 00:03:55 开始操作号码 【1763850】
2021-07-03 00:04:04 GSD getOne 第 1 次 等待 1 秒
2021-07-03 00:04:05 查询号码 【1763850】，返回信息 {"status":"bad","msg":""}
2021-07-03 00:04:05 查询号码 【1763850】，GSD为【""】
2021-07-03 00:04:05 bad
2021-07-03 00:04:06 CHB 1763850?1625241845 第 1 次 等待 1 秒
2021-07-03 00:04:07 CHB 1763850?1625241845 第 1 次 获取到号码【1763850】GSD
2021-07-03 00:04:07 获取到号码【1763850】的GSD为【河南-郑州】
2021-07-03 00:04:29 GSD insert 第 1 次 等待 1 秒
2021-07-03 00:04:30 {"status":"ok","msg":"添加成功！177545"}
2021-07-03 00:04:30 下次操作: 2021-07-03 00:04:48

2021-07-03 00:04:48 开始第 13 次操作

2021-07-03 00:04:48 开始操作号码 【1763851】
2021-07-03 00:04:53 GSD getOne 第 1 次 等待 1 秒
2021-07-03 00:04:54 查询号码 【1763851】，返回信息 {"status":"bad","msg":""}
2021-07-03 00:04:54 查询号码 【1763851】，GSD为【""】
2021-07-03 00:04:54 bad
2021-07-03 00:04:56 CHB 1763851?1625241894 第 1 次 等待 1 秒
2021-07-03 00:04:57 CHB 1763851?1625241894 第 1 次 获取到号码【1763851】GSD
2021-07-03 00:04:57 获取到号码【1763851】的GSD为【河南-郑州】
2021-07-03 00:05:16 GSD insert 第 1 次 等待 1 秒
2021-07-03 00:05:17 {"status":"ok","msg":"添加成功！177552"}
2021-07-03 00:05:17 下次操作: 2021-07-03 00:05:25

2021-07-03 00:05:25 开始第 14 次操作

2021-07-03 00:05:25 开始操作号码 【1763852】
2021-07-03 00:05:36 GSD getOne 第 1 次 等待 1 秒
2021-07-03 00:05:37 查询号码 【1763852】，返回信息 {"status":"bad","msg":""}
2021-07-03 00:05:37 查询号码 【1763852】，GSD为【""】
2021-07-03 00:05:37 bad
2021-07-03 00:05:38 CHB 1763852?1625241937 第 1 次 等待 1 秒
2021-07-03 00:05:39 CHB 1763852?1625241937 第 1 次 获取到号码【1763852】GSD
2021-07-03 00:05:39 获取到号码【1763852】的GSD为【河南-郑州】
2021-07-03 00:06:00 GSD insert 第 1 次 等待 1 秒
2021-07-03 00:06:01 {"status":"ok","msg":"添加成功！177564"}
2021-07-03 00:06:01 下次操作: 2021-07-03 00:06:18

2021-07-03 00:06:18 开始第 15 次操作

2021-07-03 00:06:18 开始操作号码 【1763853】
2021-07-03 00:06:22 GSD getOne 第 1 次 等待 1 秒
2021-07-03 00:06:23 查询号码 【1763853】，返回信息 {"status":"bad","msg":""}
2021-07-03 00:06:23 查询号码 【1763853】，GSD为【""】
2021-07-03 00:06:23 bad
2021-07-03 00:06:25 CHB 1763853?1625241983 第 1 次 等待 1 秒
2021-07-03 00:06:26 CHB 1763853?1625241983 第 1 次 获取到号码【1763853】GSD
2021-07-03 00:06:26 获取到号码【1763853】的GSD为【河南-郑州】
2021-07-03 00:06:45 GSD insert 第 1 次 等待 1 秒
2021-07-03 00:06:46 {"status":"ok","msg":"添加成功！177572"}
2021-07-03 00:06:46 下次操作: 2021-07-03 00:07:04

2021-07-03 00:07:04 开始第 16 次操作

2021-07-03 00:07:04 开始操作号码 【1763854】
2021-07-03 00:07:08 GSD getOne 第 1 次 等待 1 秒
2021-07-03 00:07:09 查询号码 【1763854】，返回信息 {"status":"bad","msg":""}
2021-07-03 00:07:09 查询号码 【1763854】，GSD为【""】
2021-07-03 00:07:09 bad
2021-07-03 00:07:10 CHB 1763854?1625242029 第 1 次 等待 1 秒
2021-07-03 00:07:11 CHB 1763854?1625242029 第 1 次 获取到号码【1763854】GSD
2021-07-03 00:07:12 获取到号码【1763854】的GSD为【河南-郑州】
2021-07-03 00:07:31 GSD insert 第 1 次 等待 1 秒
2021-07-03 00:07:32 {"status":"ok","msg":"添加成功！177581"}
2021-07-03 00:07:32 下次操作: 2021-07-03 00:07:44

2021-07-03 00:07:44 开始第 17 次操作

2021-07-03 00:07:44 开始操作号码 【1763855】
2021-07-03 00:07:51 GSD getOne 第 1 次 等待 1 秒
2021-07-03 00:07:52 查询号码 【1763855】，返回信息 {"status":"bad","msg":""}
2021-07-03 00:07:52 查询号码 【1763855】，GSD为【""】
2021-07-03 00:07:52 bad
2021-07-03 00:08:03 CHB 1763855?1625242072 第 1 次 等待 1 秒
2021-07-03 00:08:04 CHB 1763855?1625242072 第 1 次 获取到号码【1763855】GSD
2021-07-03 00:08:04 获取到号码【1763855】的GSD为【河南-郑州】
2021-07-03 00:08:10 GSD insert 第 1 次 等待 1 秒
2021-07-03 00:08:11 {"status":"ok","msg":"添加成功！177589"}
2021-07-03 00:08:11 下次操作: 2021-07-03 00:08:29

2021-07-03 00:08:29 开始第 18 次操作

2021-07-03 00:08:29 开始操作号码 【1763856】
2021-07-03 00:08:35 GSD getOne 第 1 次 等待 1 秒
2021-07-03 00:08:36 查询号码 【1763856】，返回信息 {"status":"bad","msg":""}
2021-07-03 00:08:36 查询号码 【1763856】，GSD为【""】
2021-07-03 00:08:36 bad
2021-07-03 00:08:38 CHB 1763856?1625242116 第 1 次 等待 1 秒
2021-07-03 00:08:39 CHB 1763856?1625242116 第 1 次 获取到号码【1763856】GSD
2021-07-03 00:08:39 获取到号码【1763856】的GSD为【河南-郑州】
2021-07-03 00:08:58 GSD insert 第 1 次 等待 1 秒
2021-07-03 00:08:59 {"status":"ok","msg":"添加成功！177598"}
2021-07-03 00:08:59 下次操作: 2021-07-03 00:09:06

2021-07-03 00:09:06 开始第 19 次操作

2021-07-03 00:09:06 开始操作号码 【1763857】
2021-07-03 00:09:27 GSD getOne 第 1 次 等待 1 秒
2021-07-03 00:09:28 查询号码 【1763857】，返回信息 {"status":"bad","msg":""}
2021-07-03 00:09:28 查询号码 【1763857】，GSD为【""】
2021-07-03 00:09:28 bad
2021-07-03 00:09:31 CHB 1763857?1625242168 第 1 次 等待 1 秒
2021-07-03 00:09:32 CHB 1763857?1625242168 第 1 次 获取到号码【1763857】GSD
2021-07-03 00:09:32 获取到号码【1763857】的GSD为【河南-郑州】
2021-07-03 00:09:54 GSD insert 第 1 次 等待 1 秒
2021-07-03 00:09:55 {"status":"ok","msg":"添加成功！177607"}
2021-07-03 00:09:55 下次操作: 2021-07-03 00:10:10

2021-07-03 00:10:10 开始第 20 次操作

2021-07-03 00:10:10 开始操作号码 【1763858】
2021-07-03 00:10:14 GSD getOne 第 1 次 等待 1 秒
2021-07-03 00:10:15 查询号码 【1763858】，返回信息 {"status":"ok","msg":"河南-郑州","time_insert":"2020-09-27 09:59"}
2021-07-03 00:10:15 查询号码 【1763858】，GSD为【"河南-郑州"】

2021-07-03 00:10:15 开始第 20 次操作

2021-07-03 00:10:15 开始操作号码 【1763859】
2021-07-03 00:10:35 GSD getOne 第 1 次 等待 1 秒
2021-07-03 00:10:36 查询号码 【1763859】，返回信息 {"status":"bad","msg":""}
2021-07-03 00:10:36 查询号码 【1763859】，GSD为【""】
2021-07-03 00:10:36 bad
2021-07-03 00:10:40 CHB 1763859?1625242236 第 1 次 等待 1 秒
2021-07-03 00:10:41 CHB 1763859?1625242236 第 1 次 获取到号码【1763859】GSD
2021-07-03 00:10:41 获取到号码【1763859】的GSD为【河南-郑州】
2021-07-03 00:11:00 GSD insert 第 1 次 等待 1 秒
2021-07-03 00:11:01 {"status":"ok","msg":"添加成功！177617"}
2021-07-03 00:11:01 下次操作: 2021-07-03 00:11:08

2021-07-03 00:11:08 开始第 21 次操作

2021-07-03 00:11:08 开始操作号码 【1763860】
2021-07-03 00:11:27 GSD getOne 第 1 次 等待 1 秒
2021-07-03 00:11:28 查询号码 【1763860】，返回信息 {"status":"bad","msg":""}
2021-07-03 00:11:28 查询号码 【1763860】，GSD为【""】
2021-07-03 00:11:28 bad
2021-07-03 00:11:30 CHB 1763860?1625242288 第 1 次 等待 1 秒
2021-07-03 00:11:31 CHB 1763860?1625242288 第 1 次 获取到号码【1763860】GSD
2021-07-03 00:11:31 获取到号码【1763860】的GSD为【河南-周口】
2021-07-03 00:11:54 GSD insert 第 1 次 等待 1 秒
2021-07-03 00:11:55 {"status":"ok","msg":"添加成功！177625"}
2021-07-03 00:11:55 下次操作: 2021-07-03 00:12:08

2021-07-03 00:12:08 开始第 22 次操作

2021-07-03 00:12:08 开始操作号码 【1763861】
2021-07-03 00:12:22 GSD getOne 第 1 次 等待 1 秒
2021-07-03 00:12:23 查询号码 【1763861】，返回信息 {"status":"bad","msg":""}
2021-07-03 00:12:23 查询号码 【1763861】，GSD为【""】
2021-07-03 00:12:23 bad
2021-07-03 00:12:26 CHB 1763861?1625242343 第 1 次 等待 1 秒
2021-07-03 00:12:27 CHB 1763861?1625242343 第 1 次 获取到号码【1763861】GSD
2021-07-03 00:12:27 获取到号码【1763861】的GSD为【河南-周口】
2021-07-03 00:12:54 GSD insert 第 1 次 等待 1 秒
2021-07-03 00:12:56 {"status":"ok","msg":"添加成功！177631"}
2021-07-03 00:12:56 下次操作: 2021-07-03 00:13:13

2021-07-03 00:13:13 开始第 23 次操作

2021-07-03 00:13:13 开始操作号码 【1763862】
2021-07-03 00:13:21 GSD getOne 第 1 次 等待 1 秒
2021-07-03 00:13:22 查询号码 【1763862】，返回信息 {"status":"bad","msg":""}
2021-07-03 00:13:22 查询号码 【1763862】，GSD为【""】
2021-07-03 00:13:22 bad
2021-07-03 00:13:24 CHB 1763862?1625242402 第 1 次 等待 1 秒
2021-07-03 00:13:25 CHB 1763862?1625242402 第 1 次 获取到号码【1763862】GSD
2021-07-03 00:13:25 获取到号码【1763862】的GSD为【河南-周口】
2021-07-03 00:13:46 GSD insert 第 1 次 等待 1 秒
2021-07-03 00:13:47 {"status":"ok","msg":"添加成功！177636"}
2021-07-03 00:13:47 下次操作: 2021-07-03 00:14:01

2021-07-03 00:14:01 开始第 24 次操作

2021-07-03 00:14:01 开始操作号码 【1763863】
2021-07-03 00:14:09 GSD getOne 第 1 次 等待 1 秒
2021-07-03 00:14:10 查询号码 【1763863】，返回信息 {"status":"bad","msg":""}
2021-07-03 00:14:10 查询号码 【1763863】，GSD为【""】
2021-07-03 00:14:10 bad
2021-07-03 00:14:11 CHB 1763863?1625242450 第 1 次 等待 1 秒
2021-07-03 00:14:12 CHB 1763863?1625242450 第 1 次 获取到号码【1763863】GSD
2021-07-03 00:14:12 获取到号码【1763863】的GSD为【河南-周口】
2021-07-03 00:14:32 GSD insert 第 1 次 等待 1 秒
2021-07-03 00:14:33 {"status":"ok","msg":"添加成功！177643"}
2021-07-03 00:14:33 下次操作: 2021-07-03 00:14:44

2021-07-03 00:14:44 开始第 25 次操作

2021-07-03 00:14:44 开始操作号码 【1763864】
2021-07-03 00:14:55 GSD getOne 第 1 次 等待 1 秒
2021-07-03 00:14:56 查询号码 【1763864】，返回信息 {"status":"ok","msg":"河南-周口","time_insert":"2020-07-28 13:02"}
2021-07-03 00:14:56 查询号码 【1763864】，GSD为【"河南-周口"】

2021-07-03 00:14:56 开始第 25 次操作

2021-07-03 00:14:56 开始操作号码 【1763865】
2021-07-03 00:15:19 GSD getOne 第 1 次 等待 1 秒
2021-07-03 00:15:20 查询号码 【1763865】，返回信息 {"status":"bad","msg":""}
2021-07-03 00:15:20 查询号码 【1763865】，GSD为【""】
2021-07-03 00:15:20 bad
2021-07-03 00:15:23 CHB 1763865?1625242520 第 1 次 等待 1 秒
2021-07-03 00:15:24 CHB 1763865?1625242520 第 1 次 获取到号码【1763865】GSD
2021-07-03 00:15:24 获取到号码【1763865】的GSD为【河南-周口】
2021-07-03 00:15:43 GSD insert 第 1 次 等待 1 秒
2021-07-03 00:15:44 {"status":"ok","msg":"添加成功！177648"}
2021-07-03 00:15:44 下次操作: 2021-07-03 00:15:52

2021-07-03 00:15:52 开始第 26 次操作

2021-07-03 00:15:52 开始操作号码 【1763866】
2021-07-03 00:16:04 GSD getOne 第 1 次 等待 1 秒
2021-07-03 00:16:05 查询号码 【1763866】，返回信息 {"status":"bad","msg":""}
2021-07-03 00:16:05 查询号码 【1763866】，GSD为【""】
2021-07-03 00:16:05 bad
2021-07-03 00:16:07 CHB 1763866?1625242565 第 1 次 等待 1 秒
2021-07-03 00:16:08 CHB 1763866?1625242565 第 1 次 获取到号码【1763866】GSD
2021-07-03 00:16:08 获取到号码【1763866】的GSD为【河南-周口】
2021-07-03 00:16:28 GSD insert 第 1 次 等待 1 秒
2021-07-03 00:16:29 {"status":"ok","msg":"添加成功！177652"}
2021-07-03 00:16:29 下次操作: 2021-07-03 00:16:43

2021-07-03 00:16:43 开始第 27 次操作

2021-07-03 00:16:43 开始操作号码 【1763867】
2021-07-03 00:16:48 GSD getOne 第 1 次 等待 1 秒
2021-07-03 00:16:49 查询号码 【1763867】，返回信息 {"status":"bad","msg":""}
2021-07-03 00:16:49 查询号码 【1763867】，GSD为【""】
2021-07-03 00:16:49 bad
2021-07-03 00:16:51 CHB 1763867?1625242609 第 1 次 等待 1 秒
2021-07-03 00:16:52 CHB 1763867?1625242609 第 1 次 获取到号码【1763867】GSD
2021-07-03 00:16:52 获取到号码【1763867】的GSD为【河南-周口】
2021-07-03 00:17:11 GSD insert 第 1 次 等待 1 秒
2021-07-03 00:17:12 {"status":"ok","msg":"添加成功！177658"}
2021-07-03 00:17:12 下次操作: 2021-07-03 00:17:26

2021-07-03 00:17:26 开始第 28 次操作

2021-07-03 00:17:26 开始操作号码 【1763868】
2021-07-03 00:17:31 GSD getOne 第 1 次 等待 1 秒
2021-07-03 00:17:32 查询号码 【1763868】，返回信息 {"status":"bad","msg":""}
2021-07-03 00:17:32 查询号码 【1763868】，GSD为【""】
2021-07-03 00:17:32 bad
2021-07-03 00:17:34 CHB 1763868?1625242652 第 1 次 等待 1 秒
2021-07-03 00:17:35 CHB 1763868?1625242652 第 1 次 获取到号码【1763868】GSD
2021-07-03 00:17:35 获取到号码【1763868】的GSD为【河南-周口】
2021-07-03 00:17:54 GSD insert 第 1 次 等待 1 秒
2021-07-03 00:17:55 {"status":"ok","msg":"添加成功！177661"}
2021-07-03 00:17:55 下次操作: 2021-07-03 00:18:05

2021-07-03 00:18:05 开始第 29 次操作

2021-07-03 00:18:05 开始操作号码 【1763869】
2021-07-03 00:18:18 GSD getOne 第 1 次 等待 1 秒
2021-07-03 00:18:19 查询号码 【1763869】，返回信息 {"status":"bad","msg":""}
2021-07-03 00:18:19 查询号码 【1763869】，GSD为【""】
2021-07-03 00:18:19 bad
2021-07-03 00:18:24 CHB 1763869?1625242699 第 1 次 等待 1 秒
2021-07-03 00:18:25 CHB 1763869?1625242699 第 1 次 获取到号码【1763869】GSD
2021-07-03 00:18:25 获取到号码【1763869】的GSD为【河南-平顶山】
2021-07-03 00:18:48 GSD insert 第 1 次 等待 1 秒
2021-07-03 00:18:49 {"status":"ok","msg":"添加成功！177666"}
2021-07-03 00:18:49 下次操作: 2021-07-03 00:18:59

2021-07-03 00:18:59 开始第 30 次操作

2021-07-03 00:18:59 开始操作号码 【1763870】
2021-07-03 00:19:10 GSD getOne 第 1 次 等待 1 秒
2021-07-03 00:19:11 查询号码 【1763870】，返回信息 {"status":"bad","msg":""}
2021-07-03 00:19:11 查询号码 【1763870】，GSD为【""】
2021-07-03 00:19:11 bad
2021-07-03 00:19:27 CHB 1763870?1625242751 第 1 次 等待 1 秒
2021-07-03 00:19:28 CHB 1763870?1625242751 第 1 次 获取到号码【1763870】GSD
2021-07-03 00:19:28 未获取到号码【1763870】GSD，查号吧 522 错误
2021-07-03 00:19:28 获取到号码【1763870】的GSD为【-】
2021-07-03 00:19:32 GSD insert 第 1 次 等待 1 秒
2021-07-03 00:19:33 {"status":"ok","msg":"添加成功！177670"}

2021-07-03 01:38:16 开始第 1 次操作

2021-07-03 01:38:16 开始操作号码 【1763871】
2021-07-03 01:38:20 GSD getOne 第 1 次 等待 1 秒
2021-07-03 01:38:21 查询号码 【1763871】，返回信息 {"status":"bad","msg":""}
2021-07-03 01:38:21 查询号码 【1763871】，GSD为【""】
2021-07-03 01:38:21 bad
2021-07-03 01:38:23 CHB 1763871?1625247501 第 1 次 等待 1 秒
2021-07-03 01:38:24 CHB 1763871?1625247501 第 1 次 获取到号码【1763871】GSD
2021-07-03 01:38:24 获取到号码【1763871】的GSD为【河南-许昌】
2021-07-03 01:38:44 GSD insert 第 1 次 等待 1 秒
2021-07-03 01:38:45 {"status":"ok","msg":"添加成功！177831"}
2021-07-03 01:38:45 下次操作: 2021-07-03 01:38:55

2021-07-03 01:38:55 开始第 2 次操作

2021-07-03 01:38:55 开始操作号码 【1763872】
2021-07-03 01:41:06 GSD getOne 第 1 次 等待 1 秒
2021-07-03 01:43:17 GSD getOne 第 2 次 等待 1 秒
2021-07-03 01:43:22 GSD getOne 第 3 次 等待 1 秒
2021-07-03 01:43:23 查询号码 【1763872】，返回信息 {"status":"bad","msg":""}
2021-07-03 01:43:23 查询号码 【1763872】，GSD为【""】
2021-07-03 01:43:23 bad
2021-07-03 01:43:25 CHB 1763872?1625247803 第 1 次 等待 1 秒
2021-07-03 01:43:26 CHB 1763872?1625247803 第 1 次 获取到号码【1763872】GSD
2021-07-03 01:43:26 获取到号码【1763872】的GSD为【河南-南阳】
2021-07-03 01:43:48 GSD insert 第 1 次 等待 1 秒
2021-07-03 01:43:49 {"status":"ok","msg":"添加成功！177887"}
2021-07-03 01:43:49 下次操作: 2021-07-03 01:44:05

2021-07-03 01:44:05 开始第 3 次操作

2021-07-03 01:44:05 开始操作号码 【1763873】
2021-07-03 01:44:09 GSD getOne 第 1 次 等待 1 秒
2021-07-03 01:44:10 查询号码 【1763873】，返回信息 {"status":"bad","msg":""}
2021-07-03 01:44:10 查询号码 【1763873】，GSD为【""】
2021-07-03 01:44:10 bad
2021-07-03 01:44:11 CHB 1763873?1625247850 第 1 次 等待 1 秒
2021-07-03 01:44:12 CHB 1763873?1625247850 第 1 次 获取到号码【1763873】GSD
2021-07-03 01:44:12 获取到号码【1763873】的GSD为【河南-南阳】
2021-07-03 01:44:31 GSD insert 第 1 次 等待 1 秒
2021-07-03 01:44:32 {"status":"ok","msg":"添加成功！177899"}
2021-07-03 01:44:32 下次操作: 2021-07-03 01:44:46

2021-07-03 01:44:46 开始第 4 次操作

2021-07-03 01:44:46 开始操作号码 【1763874】
2021-07-03 01:44:51 GSD getOne 第 1 次 等待 1 秒
2021-07-03 01:44:52 查询号码 【1763874】，返回信息 {"status":"bad","msg":""}
2021-07-03 01:44:52 查询号码 【1763874】，GSD为【""】
2021-07-03 01:44:52 bad
2021-07-03 01:44:53 CHB 1763874?1625247892 第 1 次 等待 1 秒
2021-07-03 01:44:54 CHB 1763874?1625247892 第 1 次 获取到号码【1763874】GSD
2021-07-03 01:44:55 获取到号码【1763874】的GSD为【河南-南阳】
2021-07-03 01:45:19 GSD insert 第 1 次 等待 1 秒
2021-07-03 01:45:20 {"status":"ok","msg":"添加成功！177912"}
2021-07-03 01:45:20 下次操作: 2021-07-03 01:45:29

2021-07-03 01:45:29 开始第 5 次操作

2021-07-03 01:45:29 开始操作号码 【1763875】
2021-07-03 01:45:47 GSD getOne 第 1 次 等待 1 秒
2021-07-03 01:45:48 查询号码 【1763875】，返回信息 {"status":"bad","msg":""}
2021-07-03 01:45:48 查询号码 【1763875】，GSD为【""】
2021-07-03 01:45:48 bad
2021-07-03 01:45:50 CHB 1763875?1625247948 第 1 次 等待 1 秒
2021-07-03 01:45:51 CHB 1763875?1625247948 第 1 次 获取到号码【1763875】GSD
2021-07-03 01:45:51 获取到号码【1763875】的GSD为【河南-南阳】
2021-07-03 01:46:11 GSD insert 第 1 次 等待 1 秒
2021-07-03 01:46:12 {"status":"ok","msg":"添加成功！177921"}
2021-07-03 01:46:12 下次操作: 2021-07-03 01:46:23

2021-07-03 01:46:23 开始第 6 次操作

2021-07-03 01:46:23 开始操作号码 【1763876】
2021-07-03 01:46:34 GSD getOne 第 1 次 等待 1 秒
2021-07-03 01:46:35 查询号码 【1763876】，返回信息 {"status":"bad","msg":""}
2021-07-03 01:46:35 查询号码 【1763876】，GSD为【""】
2021-07-03 01:46:35 bad
2021-07-03 01:46:37 CHB 1763876?1625247995 第 1 次 等待 1 秒
2021-07-03 01:46:38 CHB 1763876?1625247995 第 1 次 获取到号码【1763876】GSD
2021-07-03 01:46:38 获取到号码【1763876】的GSD为【河南-南阳】
2021-07-03 01:46:59 GSD insert 第 1 次 等待 1 秒
2021-07-03 01:47:00 {"status":"ok","msg":"添加成功！177934"}
2021-07-03 01:47:00 下次操作: 2021-07-03 01:47:13

2021-07-03 01:47:13 开始第 7 次操作

2021-07-03 01:47:13 开始操作号码 【1763877】
2021-07-03 01:47:21 GSD getOne 第 1 次 等待 1 秒
2021-07-03 01:47:22 查询号码 【1763877】，返回信息 {"status":"bad","msg":""}
2021-07-03 01:47:22 查询号码 【1763877】，GSD为【""】
2021-07-03 01:47:22 bad
2021-07-03 01:47:23 CHB 1763877?1625248042 第 1 次 等待 1 秒
2021-07-03 01:47:24 CHB 1763877?1625248042 第 1 次 获取到号码【1763877】GSD
2021-07-03 01:47:24 获取到号码【1763877】的GSD为【河南-南阳】
2021-07-03 01:48:00 GSD insert 第 1 次 等待 1 秒
2021-07-03 01:48:01 {"status":"ok","msg":"添加成功！177950"}
2021-07-03 01:48:01 下次操作: 2021-07-03 01:48:09

2021-07-03 01:48:09 开始第 8 次操作

2021-07-03 01:48:09 开始操作号码 【1763878】
2021-07-03 01:48:22 GSD getOne 第 1 次 等待 1 秒
2021-07-03 01:48:23 查询号码 【1763878】，返回信息 {"status":"bad","msg":""}
2021-07-03 01:48:23 查询号码 【1763878】，GSD为【""】
2021-07-03 01:48:23 bad
2021-07-03 01:48:24 CHB 1763878?1625248103 第 1 次 等待 1 秒
2021-07-03 01:48:25 CHB 1763878?1625248103 第 1 次 获取到号码【1763878】GSD
2021-07-03 01:48:25 获取到号码【1763878】的GSD为【河南-南阳】
2021-07-03 01:48:45 GSD insert 第 1 次 等待 1 秒
2021-07-03 01:48:46 {"status":"ok","msg":"添加成功！177960"}
2021-07-03 01:48:46 下次操作: 2021-07-03 01:48:55

2021-07-03 01:48:55 开始第 9 次操作

2021-07-03 01:48:55 开始操作号码 【1763879】
2021-07-03 01:49:07 GSD getOne 第 1 次 等待 1 秒
2021-07-03 01:49:08 查询号码 【1763879】，返回信息 {"status":"bad","msg":""}
2021-07-03 01:49:08 查询号码 【1763879】，GSD为【""】
2021-07-03 01:49:08 bad
2021-07-03 01:49:09 CHB 1763879?1625248148 第 1 次 等待 1 秒
2021-07-03 01:49:10 CHB 1763879?1625248148 第 1 次 获取到号码【1763879】GSD
2021-07-03 01:49:10 获取到号码【1763879】的GSD为【河南-南阳】
2021-07-03 01:49:30 GSD insert 第 1 次 等待 1 秒
2021-07-03 01:49:31 {"status":"ok","msg":"添加成功！177972"}
2021-07-03 01:49:31 下次操作: 2021-07-03 01:49:49

2021-07-03 01:49:49 开始第 10 次操作

2021-07-03 01:49:49 开始操作号码 【1763880】
2021-07-03 01:49:53 GSD getOne 第 1 次 等待 1 秒
2021-07-03 01:49:54 查询号码 【1763880】，返回信息 {"status":"bad","msg":""}
2021-07-03 01:49:54 查询号码 【1763880】，GSD为【""】
2021-07-03 01:49:54 bad
2021-07-03 01:49:57 CHB 1763880?1625248194 第 1 次 等待 1 秒
2021-07-03 01:49:58 CHB 1763880?1625248194 第 1 次 获取到号码【1763880】GSD
2021-07-03 01:49:58 获取到号码【1763880】的GSD为【河南-洛阳】
2021-07-03 01:50:17 GSD insert 第 1 次 等待 1 秒
2021-07-03 01:50:18 {"status":"ok","msg":"添加成功！177982"}
2021-07-03 01:50:18 下次操作: 2021-07-03 01:50:31

2021-07-03 01:50:31 开始第 11 次操作

2021-07-03 01:50:31 开始操作号码 【1763881】
2021-07-03 01:50:38 GSD getOne 第 1 次 等待 1 秒
2021-07-03 01:50:39 查询号码 【1763881】，返回信息 {"status":"bad","msg":""}
2021-07-03 01:50:39 查询号码 【1763881】，GSD为【""】
2021-07-03 01:50:39 bad
2021-07-03 01:50:43 CHB 1763881?1625248239 第 1 次 等待 1 秒
2021-07-03 01:50:44 CHB 1763881?1625248239 第 1 次 获取到号码【1763881】GSD
2021-07-03 01:50:44 获取到号码【1763881】的GSD为【河南-洛阳】
2021-07-03 01:51:04 GSD insert 第 1 次 等待 1 秒
2021-07-03 01:51:05 {"status":"ok","msg":"添加成功！177995"}
2021-07-03 01:51:05 下次操作: 2021-07-03 01:51:13

2021-07-03 01:51:13 开始第 12 次操作

2021-07-03 01:51:13 开始操作号码 【1763882】
2021-07-03 01:51:24 GSD getOne 第 1 次 等待 1 秒
2021-07-03 01:51:25 查询号码 【1763882】，返回信息 {"status":"bad","msg":""}
2021-07-03 01:51:25 查询号码 【1763882】，GSD为【""】
2021-07-03 01:51:25 bad
2021-07-03 01:51:27 CHB 1763882?1625248285 第 1 次 等待 1 秒
2021-07-03 01:51:28 CHB 1763882?1625248285 第 1 次 获取到号码【1763882】GSD
2021-07-03 01:51:28 获取到号码【1763882】的GSD为【河南-洛阳】
2021-07-03 01:51:47 GSD insert 第 1 次 等待 1 秒
2021-07-03 01:51:48 {"status":"ok","msg":"添加成功！178004"}
2021-07-03 01:51:48 下次操作: 2021-07-03 01:52:00

2021-07-03 01:52:00 开始第 13 次操作

2021-07-03 01:52:00 开始操作号码 【1763883】
2021-07-03 01:52:09 GSD getOne 第 1 次 等待 1 秒
2021-07-03 01:52:10 查询号码 【1763883】，返回信息 {"status":"bad","msg":""}
2021-07-03 01:52:10 查询号码 【1763883】，GSD为【""】
2021-07-03 01:52:10 bad
2021-07-03 01:52:12 CHB 1763883?1625248330 第 1 次 等待 1 秒
2021-07-03 01:52:13 CHB 1763883?1625248330 第 1 次 获取到号码【1763883】GSD
2021-07-03 01:52:13 获取到号码【1763883】的GSD为【河南-洛阳】
2021-07-03 01:52:32 GSD insert 第 1 次 等待 1 秒
2021-07-03 01:52:33 {"status":"ok","msg":"添加成功！178012"}
2021-07-03 01:52:33 下次操作: 2021-07-03 01:52:48

2021-07-03 01:52:48 开始第 14 次操作

2021-07-03 01:52:48 开始操作号码 【1763884】
2021-07-03 01:52:53 GSD getOne 第 1 次 等待 1 秒
2021-07-03 01:52:54 查询号码 【1763884】，返回信息 {"status":"bad","msg":""}
2021-07-03 01:52:54 查询号码 【1763884】，GSD为【""】
2021-07-03 01:52:54 bad
2021-07-03 01:52:55 CHB 1763884?1625248374 第 1 次 等待 1 秒
2021-07-03 01:52:56 CHB 1763884?1625248374 第 1 次 获取到号码【1763884】GSD
2021-07-03 01:52:56 获取到号码【1763884】的GSD为【河南-洛阳】
2021-07-03 01:53:16 GSD insert 第 1 次 等待 1 秒
2021-07-03 01:53:17 {"status":"ok","msg":"添加成功！178022"}
2021-07-03 01:53:17 下次操作: 2021-07-03 01:53:35

2021-07-03 01:53:35 开始第 15 次操作

2021-07-03 01:53:35 开始操作号码 【1763885】
2021-07-03 01:53:39 GSD getOne 第 1 次 等待 1 秒
2021-07-03 01:53:40 查询号码 【1763885】，返回信息 {"status":"bad","msg":""}
2021-07-03 01:53:40 查询号码 【1763885】，GSD为【""】
2021-07-03 01:53:40 bad
2021-07-03 01:53:42 CHB 1763885?1625248420 第 1 次 等待 1 秒
2021-07-03 01:53:43 CHB 1763885?1625248420 第 1 次 获取到号码【1763885】GSD
2021-07-03 01:53:43 获取到号码【1763885】的GSD为【河南-洛阳】
2021-07-03 01:54:50 GSD insert 第 1 次 等待 1 秒
2021-07-03 01:54:51 {"status":"ok","msg":"添加成功！178038"}
2021-07-03 01:54:51 下次操作: 2021-07-03 01:55:01

2021-07-03 01:55:02 开始第 16 次操作

2021-07-03 01:55:02 开始操作号码 【1763886】
2021-07-03 01:55:13 GSD getOne 第 1 次 等待 1 秒
2021-07-03 01:55:14 查询号码 【1763886】，返回信息 {"status":"bad","msg":""}
2021-07-03 01:55:14 查询号码 【1763886】，GSD为【""】
2021-07-03 01:55:14 bad
2021-07-03 01:55:17 CHB 1763886?1625248514 第 1 次 等待 1 秒
2021-07-03 01:55:18 CHB 1763886?1625248514 第 1 次 获取到号码【1763886】GSD
2021-07-03 01:55:18 获取到号码【1763886】的GSD为【河南-洛阳】
2021-07-03 01:55:38 GSD insert 第 1 次 等待 1 秒
2021-07-03 01:55:39 {"status":"ok","msg":"添加成功！178045"}
2021-07-03 01:55:39 下次操作: 2021-07-03 01:55:46

2021-07-03 01:55:46 开始第 17 次操作

2021-07-03 01:55:46 开始操作号码 【1763887】
2021-07-03 01:56:08 GSD getOne 第 1 次 等待 1 秒
2021-07-03 01:56:09 查询号码 【1763887】，返回信息 {"status":"bad","msg":""}
2021-07-03 01:56:09 查询号码 【1763887】，GSD为【""】
2021-07-03 01:56:09 bad
2021-07-03 01:56:11 CHB 1763887?1625248569 第 1 次 等待 1 秒
2021-07-03 01:56:12 CHB 1763887?1625248569 第 1 次 获取到号码【1763887】GSD
2021-07-03 01:56:12 获取到号码【1763887】的GSD为【河南-洛阳】
2021-07-03 01:56:35 GSD insert 第 1 次 等待 1 秒
2021-07-03 01:56:36 {"status":"ok","msg":"添加成功！178055"}
2021-07-03 01:56:36 下次操作: 2021-07-03 01:56:53

2021-07-03 01:56:53 开始第 18 次操作

2021-07-03 01:56:53 开始操作号码 【1763888】
2021-07-03 01:56:58 GSD getOne 第 1 次 等待 1 秒
2021-07-03 01:57:00 查询号码 【1763888】，返回信息 {"status":"ok","msg":"河南-洛阳","time_insert":"2020-08-05 17:24"}
2021-07-03 01:57:00 查询号码 【1763888】，GSD为【"河南-洛阳"】

2021-07-03 01:57:00 开始第 18 次操作

2021-07-03 01:57:00 开始操作号码 【1763889】
2021-07-03 01:57:19 GSD getOne 第 1 次 等待 1 秒
2021-07-03 01:57:20 查询号码 【1763889】，返回信息 {"status":"bad","msg":""}
2021-07-03 01:57:20 查询号码 【1763889】，GSD为【""】
2021-07-03 01:57:20 bad
2021-07-03 01:57:21 CHB 1763889?1625248640 第 1 次 等待 1 秒
2021-07-03 01:57:22 CHB 1763889?1625248640 第 1 次 获取到号码【1763889】GSD
2021-07-03 01:57:22 获取到号码【1763889】的GSD为【河南-洛阳】
2021-07-03 01:57:45 GSD insert 第 1 次 等待 1 秒
2021-07-03 01:57:46 {"status":"ok","msg":"添加成功！178067"}
2021-07-03 01:57:46 下次操作: 2021-07-03 01:57:58

2021-07-03 01:57:58 开始第 19 次操作

2021-07-03 01:57:58 开始操作号码 【1763890】
2021-07-03 01:58:04 GSD getOne 第 1 次 等待 1 秒
2021-07-03 01:58:05 查询号码 【1763890】，返回信息 {"status":"bad","msg":""}
2021-07-03 01:58:05 查询号码 【1763890】，GSD为【""】
2021-07-03 01:58:05 bad
2021-07-03 01:58:07 CHB 1763890?1625248685 第 1 次 等待 1 秒
2021-07-03 01:58:08 CHB 1763890?1625248685 第 1 次 获取到号码【1763890】GSD
2021-07-03 01:58:08 获取到号码【1763890】的GSD为【河南-焦作】
2021-07-03 01:58:28 GSD insert 第 1 次 等待 1 秒
2021-07-03 01:58:29 {"status":"ok","msg":"添加成功！178074"}
2021-07-03 01:58:29 下次操作: 2021-07-03 01:58:35

2021-07-03 01:58:35 开始第 20 次操作

2021-07-03 01:58:35 开始操作号码 【1763891】
2021-07-03 01:58:54 GSD getOne 第 1 次 等待 1 秒
2021-07-03 01:58:55 查询号码 【1763891】，返回信息 {"status":"bad","msg":""}
2021-07-03 01:58:56 查询号码 【1763891】，GSD为【""】
2021-07-03 01:58:56 bad
2021-07-03 01:58:57 CHB 1763891?1625248736 第 1 次 等待 1 秒
2021-07-03 01:58:58 CHB 1763891?1625248736 第 1 次 获取到号码【1763891】GSD
2021-07-03 01:58:58 获取到号码【1763891】的GSD为【河南-焦作】
2021-07-03 01:59:18 GSD insert 第 1 次 等待 1 秒
2021-07-03 01:59:19 {"status":"ok","msg":"添加成功！178080"}
2021-07-03 01:59:19 下次操作: 2021-07-03 01:59:29

2021-07-03 01:59:29 开始第 21 次操作

2021-07-03 01:59:29 开始操作号码 【1763892】
2021-07-03 01:59:40 GSD getOne 第 1 次 等待 1 秒
2021-07-03 01:59:41 查询号码 【1763892】，返回信息 {"status":"bad","msg":""}
2021-07-03 01:59:41 查询号码 【1763892】，GSD为【""】
2021-07-03 01:59:41 bad
2021-07-03 01:59:42 CHB 1763892?1625248781 第 1 次 等待 1 秒
2021-07-03 01:59:43 CHB 1763892?1625248781 第 1 次 获取到号码【1763892】GSD
2021-07-03 01:59:43 获取到号码【1763892】的GSD为【河南-焦作】
2021-07-03 02:00:04 GSD insert 第 1 次 等待 1 秒
2021-07-03 02:00:05 {"status":"ok","msg":"添加成功！178084"}
2021-07-03 02:00:05 下次操作: 2021-07-03 02:00:17

2021-07-03 02:00:17 开始第 22 次操作

2021-07-03 02:00:17 开始操作号码 【1763893】
2021-07-03 02:00:28 GSD getOne 第 1 次 等待 1 秒
2021-07-03 02:00:29 查询号码 【1763893】，返回信息 {"status":"bad","msg":""}
2021-07-03 02:00:29 查询号码 【1763893】，GSD为【""】
2021-07-03 02:00:29 bad
2021-07-03 02:00:30 CHB 1763893?1625248829 第 1 次 等待 1 秒
2021-07-03 02:00:31 CHB 1763893?1625248829 第 1 次 获取到号码【1763893】GSD
2021-07-03 02:00:31 获取到号码【1763893】的GSD为【河南-焦作】
2021-07-03 02:00:52 GSD insert 第 1 次 等待 1 秒
2021-07-03 02:00:53 {"status":"ok","msg":"添加成功！178088"}
2021-07-03 02:00:53 下次操作: 2021-07-03 02:01:06

2021-07-03 02:01:06 开始第 23 次操作

2021-07-03 02:01:06 开始操作号码 【1763894】
2021-07-03 02:01:13 GSD getOne 第 1 次 等待 1 秒
2021-07-03 02:01:14 查询号码 【1763894】，返回信息 {"status":"bad","msg":""}
2021-07-03 02:01:14 查询号码 【1763894】，GSD为【""】
2021-07-03 02:01:14 bad
2021-07-03 02:01:16 CHB 1763894?1625248874 第 1 次 等待 1 秒
2021-07-03 02:01:17 CHB 1763894?1625248874 第 1 次 获取到号码【1763894】GSD
2021-07-03 02:01:17 获取到号码【1763894】的GSD为【河南-焦作】
2021-07-03 02:01:37 GSD insert 第 1 次 等待 1 秒
2021-07-03 02:01:38 {"status":"ok","msg":"添加成功！178090"}
2021-07-03 02:01:38 下次操作: 2021-07-03 02:01:51

2021-07-03 02:01:51 开始第 24 次操作

2021-07-03 02:01:51 开始操作号码 【1763895】
2021-07-03 02:01:58 GSD getOne 第 1 次 等待 1 秒
2021-07-03 02:01:59 查询号码 【1763895】，返回信息 {"status":"bad","msg":""}
2021-07-03 02:01:59 查询号码 【1763895】，GSD为【""】
2021-07-03 02:01:59 bad
2021-07-03 02:02:01 CHB 1763895?1625248919 第 1 次 等待 1 秒
2021-07-03 02:02:02 CHB 1763895?1625248919 第 1 次 获取到号码【1763895】GSD
2021-07-03 02:02:02 获取到号码【1763895】的GSD为【河南-南阳】
2021-07-03 02:02:21 GSD insert 第 1 次 等待 1 秒
2021-07-03 02:02:22 {"status":"ok","msg":"添加成功！178092"}
2021-07-03 02:02:22 下次操作: 2021-07-03 02:02:31

2021-07-03 02:02:31 开始第 25 次操作

2021-07-03 02:02:31 开始操作号码 【1763896】
2021-07-03 02:02:43 GSD getOne 第 1 次 等待 1 秒
2021-07-03 02:02:44 查询号码 【1763896】，返回信息 {"status":"bad","msg":""}
2021-07-03 02:02:44 查询号码 【1763896】，GSD为【""】
2021-07-03 02:02:44 bad
2021-07-03 02:02:46 CHB 1763896?1625248964 第 1 次 等待 1 秒
2021-07-03 02:02:47 CHB 1763896?1625248964 第 1 次 获取到号码【1763896】GSD
2021-07-03 02:02:47 获取到号码【1763896】的GSD为【河南-南阳】
2021-07-03 02:03:06 GSD insert 第 1 次 等待 1 秒
2021-07-03 02:03:07 {"status":"ok","msg":"添加成功！178093"}
2021-07-03 02:03:07 下次操作: 2021-07-03 02:03:21

2021-07-03 02:03:21 开始第 26 次操作

2021-07-03 02:03:21 开始操作号码 【1763897】
2021-07-03 02:03:26 GSD getOne 第 1 次 等待 1 秒
2021-07-03 02:03:27 查询号码 【1763897】，返回信息 {"status":"bad","msg":""}
2021-07-03 02:03:27 查询号码 【1763897】，GSD为【""】
2021-07-03 02:03:27 bad
2021-07-03 02:03:29 CHB 1763897?1625249007 第 1 次 等待 1 秒
2021-07-03 02:03:30 CHB 1763897?1625249007 第 1 次 获取到号码【1763897】GSD
2021-07-03 02:03:30 获取到号码【1763897】的GSD为【河南-南阳】
2021-07-03 02:03:49 GSD insert 第 1 次 等待 1 秒
2021-07-03 02:03:50 {"status":"ok","msg":"添加成功！178095"}
2021-07-03 02:03:50 下次操作: 2021-07-03 02:03:58

2021-07-03 02:03:58 开始第 27 次操作

2021-07-03 02:03:58 开始操作号码 【1763898】
2021-07-03 02:04:34 GSD getOne 第 1 次 等待 1 秒
2021-07-03 02:04:35 查询号码 【1763898】，返回信息 {"status":"bad","msg":""}
2021-07-03 02:04:35 查询号码 【1763898】，GSD为【""】
2021-07-03 02:04:35 bad
2021-07-03 02:04:36 CHB 1763898?1625249075 第 1 次 等待 1 秒
2021-07-03 02:04:37 CHB 1763898?1625249075 第 1 次 获取到号码【1763898】GSD
2021-07-03 02:04:37 获取到号码【1763898】的GSD为【河南-南阳】
2021-07-03 02:05:13 GSD insert 第 1 次 等待 1 秒
2021-07-03 02:05:14 {"status":"ok","msg":"添加成功！178098"}
2021-07-03 02:05:14 下次操作: 2021-07-03 02:05:22

2021-07-03 02:05:22 开始第 28 次操作

2021-07-03 02:05:22 开始操作号码 【1763899】
2021-07-03 02:05:27 GSD getOne 第 1 次 等待 1 秒
2021-07-03 02:05:28 查询号码 【1763899】，返回信息 {"status":"bad","msg":""}
2021-07-03 02:05:28 查询号码 【1763899】，GSD为【""】
2021-07-03 02:05:28 bad
2021-07-03 02:05:30 CHB 1763899?1625249128 第 1 次 等待 1 秒
2021-07-03 02:05:31 CHB 1763899?1625249128 第 1 次 获取到号码【1763899】GSD
2021-07-03 02:05:31 获取到号码【1763899】的GSD为【河南-南阳】
2021-07-03 02:05:34 GSD insert 第 1 次 等待 1 秒
2021-07-03 02:05:35 {"status":"ok","msg":"添加成功！178100"}
2021-07-03 02:05:35 下次操作: 2021-07-03 02:05:51

2021-07-03 02:05:51 开始第 29 次操作

2021-07-03 02:05:51 开始操作号码 【1763900】
2021-07-03 02:05:55 GSD getOne 第 1 次 等待 1 秒
2021-07-03 02:05:56 查询号码 【1763900】，返回信息 {"status":"bad","msg":""}
2021-07-03 02:05:56 查询号码 【1763900】，GSD为【""】
2021-07-03 02:05:56 bad
2021-07-03 02:05:58 CHB 1763900?1625249156 第 1 次 等待 1 秒
2021-07-03 02:05:59 CHB 1763900?1625249156 第 1 次 获取到号码【1763900】GSD
2021-07-03 02:05:59 获取到号码【1763900】的GSD为【河南-许昌】
2021-07-03 02:06:03 GSD insert 第 1 次 等待 1 秒
2021-07-03 02:06:04 {"status":"ok","msg":"添加成功！178101"}
2021-07-03 02:06:04 下次操作: 2021-07-03 02:06:10

2021-07-03 02:06:10 开始第 30 次操作

2021-07-03 02:06:10 开始操作号码 【1763901】
2021-07-03 02:06:13 GSD getOne 第 1 次 等待 1 秒
2021-07-03 02:06:14 查询号码 【1763901】，返回信息 {"status":"bad","msg":""}
2021-07-03 02:06:15 查询号码 【1763901】，GSD为【""】
2021-07-03 02:06:15 bad
2021-07-03 02:06:16 CHB 1763901?1625249175 第 1 次 等待 1 秒
2021-07-03 02:06:17 CHB 1763901?1625249175 第 1 次 获取到号码【1763901】GSD
2021-07-03 02:06:17 获取到号码【1763901】的GSD为【河南-许昌】
2021-07-03 02:06:21 GSD insert 第 1 次 等待 1 秒
2021-07-03 02:06:22 {"status":"ok","msg":"添加成功！178103"}

