2024-02-15 00:21:27 开始第 3701 次操作

2024-02-15 00:21:27 开始操作号码 【1693614】
2024-02-15 00:21:32 GSD getOne 第 1 次 等待 3 秒
2024-02-15 00:21:35 查询号码 【1693614】，返回信息 {"status":"ok","msg":"-","gid":"642561","time_insert":"2023-04-09 10:32"}
2024-02-15 00:21:35 查询号码 【1693614】，GSD为【"-"】
2024-02-15 00:21:35 ok && -
2024-02-15 00:21:37 CHB 1693614?1707927695 第 1 次 等待 3 秒
2024-02-15 00:21:40 CHB 1693614?1707927695 第 1 次 获取到号码【1693614】GSD
2024-02-15 00:21:40 未获取到号码【1693614】GSD，可能号码格式错误
2024-02-15 00:21:40 获取到号码【1693614】的GSD为【-】
2024-02-15 00:21:46 GSD insert 第 1 次 等待 3 秒
2024-02-15 00:21:49 {"status":"bad","gid":"642561","msg":"添加失败！号码【1693614(-|-)】已存在！"}
2024-02-15 00:21:49 随机等待 216 秒，约 3 分钟
2024-02-15 00:21:49 下次操作: 2024-02-15 00:25:25

2024-02-15 00:25:25 开始第 3702 次操作

2024-02-15 00:25:25 开始操作号码 【1693615】
2024-02-15 00:25:29 GSD getOne 第 1 次 等待 3 秒
2024-02-15 00:25:32 查询号码 【1693615】，返回信息 {"status":"ok","msg":"-","gid":"642590","time_insert":"2023-04-09 10:51"}
2024-02-15 00:25:32 查询号码 【1693615】，GSD为【"-"】
2024-02-15 00:25:32 ok && -
2024-02-15 00:25:35 CHB 1693615?1707927932 第 1 次 等待 3 秒
2024-02-15 00:25:38 CHB 1693615?1707927932 第 1 次 获取到号码【1693615】GSD
2024-02-15 00:25:38 未获取到号码【1693615】GSD，可能号码格式错误
2024-02-15 00:25:38 获取到号码【1693615】的GSD为【-】
2024-02-15 00:25:43 GSD insert 第 1 次 等待 3 秒
2024-02-15 00:25:46 {"status":"bad","gid":"642590","msg":"添加失败！号码【1693615(-|-)】已存在！"}
2024-02-15 00:25:46 随机等待 143 秒，约 2 分钟
2024-02-15 00:25:46 下次操作: 2024-02-15 00:28:09

2024-02-15 00:28:09 开始第 3703 次操作

2024-02-15 00:28:09 开始操作号码 【1693616】
2024-02-15 00:28:13 GSD getOne 第 1 次 等待 3 秒
2024-02-15 00:28:16 查询号码 【1693616】，返回信息 {"status":"ok","msg":"-","gid":"642616","time_insert":"2023-04-09 11:07"}
2024-02-15 00:28:16 查询号码 【1693616】，GSD为【"-"】
2024-02-15 00:28:16 ok && -
2024-02-15 00:28:19 CHB 1693616?1707928096 第 1 次 等待 3 秒
2024-02-15 00:28:22 CHB 1693616?1707928096 第 1 次 获取到号码【1693616】GSD
2024-02-15 00:28:22 未获取到号码【1693616】GSD，可能号码格式错误
2024-02-15 00:28:22 获取到号码【1693616】的GSD为【-】
2024-02-15 00:28:27 GSD insert 第 1 次 等待 3 秒
2024-02-15 00:28:30 {"status":"bad","gid":"642616","msg":"添加失败！号码【1693616(-|-)】已存在！"}
2024-02-15 00:28:30 随机等待 137 秒，约 2 分钟
2024-02-15 00:28:30 下次操作: 2024-02-15 00:30:47

2024-02-15 00:30:47 开始第 3704 次操作

2024-02-15 00:30:47 开始操作号码 【1693617】
2024-02-15 00:30:52 GSD getOne 第 1 次 等待 3 秒
2024-02-15 00:30:55 查询号码 【1693617】，返回信息 {"status":"ok","msg":"-","gid":"642642","time_insert":"2023-04-09 11:23"}
2024-02-15 00:30:55 查询号码 【1693617】，GSD为【"-"】
2024-02-15 00:30:55 ok && -
2024-02-15 00:30:57 CHB 1693617?1707928255 第 1 次 等待 3 秒
2024-02-15 00:31:00 CHB 1693617?1707928255 第 1 次 获取到号码【1693617】GSD
2024-02-15 00:31:01 未获取到号码【1693617】GSD，可能号码格式错误
2024-02-15 00:31:01 获取到号码【1693617】的GSD为【-】
2024-02-15 00:31:08 GSD insert 第 1 次 等待 3 秒
2024-02-15 00:31:11 {"status":"bad","gid":"642642","msg":"添加失败！号码【1693617(-|-)】已存在！"}

2024-02-15 00:38:50 开始第 3705 次操作

2024-02-15 00:38:50 开始操作号码 【1693618】
2024-02-15 00:38:56 GSD getOne 第 1 次 等待 3 秒
2024-02-15 00:38:59 查询号码 【1693618】，返回信息 {"status":"ok","msg":"-","gid":"642676","time_insert":"2023-04-09 11:42"}
2024-02-15 00:38:59 查询号码 【1693618】，GSD为【"-"】
2024-02-15 00:38:59 ok && -
2024-02-15 00:39:01 CHB 1693618?1707928739 第 1 次 等待 3 秒
2024-02-15 00:39:04 CHB 1693618?1707928739 第 1 次 获取到号码【1693618】GSD
2024-02-15 00:39:04 未获取到号码【1693618】GSD，可能号码格式错误
2024-02-15 00:39:04 获取到号码【1693618】的GSD为【-】
2024-02-15 00:39:11 GSD insert 第 1 次 等待 3 秒
2024-02-15 00:39:14 {"status":"bad","gid":"642676","msg":"添加失败！号码【1693618(-|-)】已存在！"}
2024-02-15 00:39:14 随机等待 149 秒，约 2 分钟
2024-02-15 00:39:14 下次操作: 2024-02-15 00:41:43

2024-02-15 00:41:43 开始第 3706 次操作

2024-02-15 00:41:43 开始操作号码 【1693619】
2024-02-15 00:41:48 GSD getOne 第 1 次 等待 3 秒
2024-02-15 00:41:51 查询号码 【1693619】，返回信息 {"status":"ok","msg":"-","gid":"642703","time_insert":"2023-04-09 11:58"}
2024-02-15 00:41:51 查询号码 【1693619】，GSD为【"-"】
2024-02-15 00:41:51 ok && -
2024-02-15 00:41:58 CHB 1693619?1707928911 第 1 次 等待 3 秒
2024-02-15 00:42:01 CHB 1693619?1707928911 第 1 次 获取到号码【1693619】GSD
2024-02-15 00:42:01 未获取到号码【1693619】GSD，可能号码格式错误
2024-02-15 00:42:01 获取到号码【1693619】的GSD为【-】
2024-02-15 00:42:05 GSD insert 第 1 次 等待 3 秒
2024-02-15 00:42:08 {"status":"bad","gid":"642703","msg":"添加失败！号码【1693619(-|-)】已存在！"}
2024-02-15 00:42:08 随机等待 118 秒，约 1 分钟
2024-02-15 00:42:08 下次操作: 2024-02-15 00:44:06

2024-02-15 00:44:06 开始第 3707 次操作

2024-02-15 00:44:06 开始操作号码 【1693620】
2024-02-15 00:44:11 GSD getOne 第 1 次 等待 3 秒
2024-02-15 00:44:14 查询号码 【1693620】，返回信息 {"status":"ok","msg":"-","gid":"642728","time_insert":"2023-04-09 12:17"}
2024-02-15 00:44:14 查询号码 【1693620】，GSD为【"-"】
2024-02-15 00:44:14 ok && -
2024-02-15 00:44:16 CHB 1693620?1707929054 第 1 次 等待 3 秒
2024-02-15 00:44:19 CHB 1693620?1707929054 第 1 次 获取到号码【1693620】GSD
2024-02-15 00:44:19 未获取到号码【1693620】GSD，可能号码格式错误
2024-02-15 00:44:19 获取到号码【1693620】的GSD为【-】
2024-02-15 00:44:24 GSD insert 第 1 次 等待 3 秒
2024-02-15 00:44:27 {"status":"bad","gid":"642728","msg":"添加失败！号码【1693620(-|-)】已存在！"}
2024-02-15 00:44:27 随机等待 158 秒，约 2 分钟
2024-02-15 00:44:27 下次操作: 2024-02-15 00:47:05

2024-02-15 00:47:05 开始第 3708 次操作

2024-02-15 00:47:05 开始操作号码 【1693621】
2024-02-15 00:47:10 GSD getOne 第 1 次 等待 3 秒
2024-02-15 00:47:13 查询号码 【1693621】，返回信息 {"status":"ok","msg":"-","gid":"642754","time_insert":"2023-04-09 12:35"}
2024-02-15 00:47:13 查询号码 【1693621】，GSD为【"-"】
2024-02-15 00:47:13 ok && -
2024-02-15 00:47:16 CHB 1693621?1707929233 第 1 次 等待 3 秒
2024-02-15 00:47:19 CHB 1693621?1707929233 第 1 次 获取到号码【1693621】GSD
2024-02-15 00:47:19 未获取到号码【1693621】GSD，可能号码格式错误
2024-02-15 00:47:19 获取到号码【1693621】的GSD为【-】
2024-02-15 00:47:25 GSD insert 第 1 次 等待 3 秒
2024-02-15 00:47:28 {"status":"bad","gid":"642754","msg":"添加失败！号码【1693621(-|-)】已存在！"}

2024-02-15 01:15:14 开始第 3709 次操作

2024-02-15 01:15:14 开始操作号码 【1693622】
2024-02-15 01:15:19 GSD getOne 第 1 次 等待 3 秒
2024-02-15 01:15:22 查询号码 【1693622】，返回信息 {"status":"ok","msg":"-","gid":"642780","time_insert":"2023-04-09 12:51"}
2024-02-15 01:15:22 查询号码 【1693622】，GSD为【"-"】
2024-02-15 01:15:22 ok && -
2024-02-15 01:15:24 CHB 1693622?1707930922 第 1 次 等待 3 秒
2024-02-15 01:15:27 CHB 1693622?1707930922 第 1 次 获取到号码【1693622】GSD
2024-02-15 01:15:27 未获取到号码【1693622】GSD，可能号码格式错误
2024-02-15 01:15:27 获取到号码【1693622】的GSD为【-】
2024-02-15 01:15:31 GSD insert 第 1 次 等待 3 秒
2024-02-15 01:15:34 {"status":"bad","gid":"642780","msg":"添加失败！号码【1693622(-|-)】已存在！"}
2024-02-15 01:15:34 随机等待 82 秒，约 1 分钟
2024-02-15 01:15:34 下次操作: 2024-02-15 01:16:56

2024-02-15 01:16:56 开始第 3710 次操作

2024-02-15 01:16:56 开始操作号码 【1693623】
2024-02-15 01:17:01 GSD getOne 第 1 次 等待 3 秒
2024-02-15 01:17:04 查询号码 【1693623】，返回信息 {"status":"ok","msg":"-","gid":"642810","time_insert":"2023-04-09 13:10"}
2024-02-15 01:17:04 查询号码 【1693623】，GSD为【"-"】
2024-02-15 01:17:04 ok && -
2024-02-15 01:17:06 CHB 1693623?1707931024 第 1 次 等待 3 秒
2024-02-15 01:17:09 CHB 1693623?1707931024 第 1 次 获取到号码【1693623】GSD
2024-02-15 01:17:09 未获取到号码【1693623】GSD，可能号码格式错误
2024-02-15 01:17:09 获取到号码【1693623】的GSD为【-】
2024-02-15 01:17:14 GSD insert 第 1 次 等待 3 秒
2024-02-15 01:17:17 {"status":"bad","gid":"642810","msg":"添加失败！号码【1693623(-|-)】已存在！"}
2024-02-15 01:17:17 随机等待 75 秒，约 1 分钟
2024-02-15 01:17:17 下次操作: 2024-02-15 01:18:32

2024-02-15 01:18:32 开始第 3711 次操作

2024-02-15 01:18:32 开始操作号码 【1693624】
2024-02-15 01:18:36 GSD getOne 第 1 次 等待 3 秒
2024-02-15 01:18:39 查询号码 【1693624】，返回信息 {"status":"ok","msg":"-","gid":"642835","time_insert":"2023-04-09 13:26"}
2024-02-15 01:18:39 查询号码 【1693624】，GSD为【"-"】
2024-02-15 01:18:39 ok && -
2024-02-15 01:18:42 CHB 1693624?1707931119 第 1 次 等待 3 秒
2024-02-15 01:18:45 CHB 1693624?1707931119 第 1 次 获取到号码【1693624】GSD
2024-02-15 01:18:45 未获取到号码【1693624】GSD，可能号码格式错误
2024-02-15 01:18:45 获取到号码【1693624】的GSD为【-】
2024-02-15 01:18:52 GSD insert 第 1 次 等待 3 秒
2024-02-15 01:18:55 {"status":"bad","gid":"642835","msg":"添加失败！号码【1693624(-|-)】已存在！"}
2024-02-15 01:18:55 随机等待 192 秒，约 3 分钟
2024-02-15 01:18:55 下次操作: 2024-02-15 01:22:07

2024-02-15 01:22:07 开始第 3712 次操作

2024-02-15 01:22:07 开始操作号码 【1693625】
2024-02-15 01:22:11 GSD getOne 第 1 次 等待 3 秒
2024-02-15 01:22:14 查询号码 【1693625】，返回信息 {"status":"ok","msg":"-","gid":"642858","time_insert":"2023-04-09 13:42"}
2024-02-15 01:22:14 查询号码 【1693625】，GSD为【"-"】
2024-02-15 01:22:14 ok && -
2024-02-15 01:22:16 CHB 1693625?1707931334 第 1 次 等待 3 秒
2024-02-15 01:22:19 CHB 1693625?1707931334 第 1 次 获取到号码【1693625】GSD
2024-02-15 01:22:19 未获取到号码【1693625】GSD，可能号码格式错误
2024-02-15 01:22:19 获取到号码【1693625】的GSD为【-】
2024-02-15 01:22:24 GSD insert 第 1 次 等待 3 秒
2024-02-15 01:22:27 {"status":"bad","gid":"642858","msg":"添加失败！号码【1693625(-|-)】已存在！"}

