2023-12-01 00:24:16 开始第 721 次操作

2023-12-01 00:24:16 开始操作号码 【1800636】
2023-12-01 00:24:19 GSD getOne 第 1 次 等待 3 秒
2023-12-01 00:24:22 查询号码 【1800636】，返回信息 {"status":"ok","msg":"山东-济南","gid":"31803","time_insert":"2018-01-31 21:57","time_update":"2021-06-12 04:33"}
2023-12-01 00:24:22 查询号码 【1800636】，GSD为【"山东-济南"】

2023-12-01 00:24:23 开始第 722 次操作

2023-12-01 00:24:23 开始操作号码 【1800637】
2023-12-01 00:24:26 GSD getOne 第 1 次 等待 3 秒
2023-12-01 00:24:29 查询号码 【1800637】，返回信息 {"status":"ok","msg":"山东-滨州","gid":"261057","time_insert":"2021-07-13 01:17"}
2023-12-01 00:24:29 查询号码 【1800637】，GSD为【"山东-滨州"】

2023-12-01 00:24:30 开始第 723 次操作

2023-12-01 00:24:30 开始操作号码 【1800638】
2023-12-01 00:24:33 GSD getOne 第 1 次 等待 3 秒
2023-12-01 00:24:36 查询号码 【1800638】，返回信息 {"status":"ok","msg":"山东-滨州","gid":"261060","time_insert":"2021-07-13 01:18"}
2023-12-01 00:24:36 查询号码 【1800638】，GSD为【"山东-滨州"】

2023-12-01 00:24:37 开始第 724 次操作

2023-12-01 00:24:37 开始操作号码 【1800639】
2023-12-01 00:24:41 GSD getOne 第 1 次 等待 3 秒
2023-12-01 00:24:44 查询号码 【1800639】，返回信息 {"status":"ok","msg":"山东-滨州","gid":"261072","time_insert":"2021-07-13 01:18"}
2023-12-01 00:24:44 查询号码 【1800639】，GSD为【"山东-滨州"】

