2023-11-09 00:22:45 开始第 7473 次操作

2023-11-09 00:22:45 开始操作号码 【1907387】
2023-11-09 00:22:48 GSD getOne 第 1 次 等待 3 秒
2023-11-09 00:22:51 查询号码 【1907387】，返回信息 {"status":"ok","msg":"湖南-娄底","gid":"674951","time_insert":"2023-04-24 19:16"}
2023-11-09 00:22:51 查询号码 【1907387】，GSD为【"湖南-娄底"】

2023-11-09 00:22:52 开始第 7474 次操作

2023-11-09 00:22:52 开始操作号码 【1907388】
2023-11-09 00:22:59 GSD getOne 第 1 次 等待 3 秒
2023-11-09 00:23:02 查询号码 【1907388】，返回信息 {"status":"ok","msg":"湖南-娄底","gid":"674974","time_insert":"2023-04-24 19:30"}
2023-11-09 00:23:02 查询号码 【1907388】，GSD为【"湖南-娄底"】

2023-11-09 00:23:03 开始第 7475 次操作

2023-11-09 00:23:03 开始操作号码 【1907389】
2023-11-09 00:23:06 GSD getOne 第 1 次 等待 3 秒
2023-11-09 00:23:09 查询号码 【1907389】，返回信息 {"status":"ok","msg":"湖南-娄底","gid":"675010","time_insert":"2023-04-24 19:52"}
2023-11-09 00:23:09 查询号码 【1907389】，GSD为【"湖南-娄底"】

2023-11-09 00:23:10 开始第 7476 次操作

2023-11-09 00:23:10 开始操作号码 【1907390】
2023-11-09 00:23:13 GSD getOne 第 1 次 等待 3 秒
2023-11-09 00:23:16 查询号码 【1907390】，返回信息 {"status":"ok","msg":"湖南-邵阳","gid":"675038","time_insert":"2023-04-24 20:14"}
2023-11-09 00:23:16 查询号码 【1907390】，GSD为【"湖南-邵阳"】

2023-11-09 00:41:33 开始第 7477 次操作

2023-11-09 00:41:33 开始操作号码 【1907391】
2023-11-09 00:41:41 GSD getOne 第 1 次 等待 3 秒
2023-11-09 00:41:44 查询号码 【1907391】，返回信息 {"status":"ok","msg":"湖南-邵阳","gid":"675061","time_insert":"2023-04-24 20:31"}
2023-11-09 00:41:44 查询号码 【1907391】，GSD为【"湖南-邵阳"】

2023-11-09 00:41:45 开始第 7478 次操作

2023-11-09 00:41:45 开始操作号码 【1907392】
2023-11-09 00:41:50 GSD getOne 第 1 次 等待 3 秒
2023-11-09 00:41:53 查询号码 【1907392】，返回信息 {"status":"ok","msg":"湖南-邵阳","gid":"675084","time_insert":"2023-04-24 20:51"}
2023-11-09 00:41:53 查询号码 【1907392】，GSD为【"湖南-邵阳"】

2023-11-09 00:41:54 开始第 7479 次操作

2023-11-09 00:41:54 开始操作号码 【1907393】
2023-11-09 00:42:09 GSD getOne 第 1 次 等待 3 秒
2023-11-09 00:42:12 查询号码 【1907393】，返回信息 {"status":"ok","msg":"湖南-邵阳","gid":"675106","time_insert":"2023-04-24 21:07"}
2023-11-09 00:42:12 查询号码 【1907393】，GSD为【"湖南-邵阳"】

2023-11-09 00:42:13 开始第 7480 次操作

2023-11-09 00:42:14 开始操作号码 【1907394】
2023-11-09 00:42:26 GSD getOne 第 1 次 等待 3 秒
2023-11-09 00:42:29 查询号码 【1907394】，返回信息 {"status":"ok","msg":"湖南-邵阳","gid":"675118","time_insert":"2023-04-24 21:17"}
2023-11-09 00:42:29 查询号码 【1907394】，GSD为【"湖南-邵阳"】

