2024-07-24 00:27:42 开始第 7533 次操作

2024-07-24 00:27:42 开始操作号码 【1477443】
2024-07-24 00:27:51 GSD getOne 第 1 次 等待 3 秒
2024-07-24 00:27:54 查询号码 【1477443】，返回信息 {"status":"ok","msg":"广东-广州","gid":"382305","time_insert":"2021-07-24 22:43"}
2024-07-24 00:27:54 查询号码 【1477443】，GSD为【"广东-广州"】

2024-07-24 00:27:55 开始第 7534 次操作

2024-07-24 00:27:55 开始操作号码 【1477444】
2024-07-24 00:28:03 GSD getOne 第 1 次 等待 3 秒
2024-07-24 00:28:06 查询号码 【1477444】，返回信息 {"status":"ok","msg":"广东-广州","gid":"382296","time_insert":"2021-07-24 22:42"}
2024-07-24 00:28:06 查询号码 【1477444】，GSD为【"广东-广州"】

2024-07-24 00:28:07 开始第 7535 次操作

2024-07-24 00:28:07 开始操作号码 【1477445】
2024-07-24 00:28:15 GSD getOne 第 1 次 等待 3 秒
2024-07-24 00:28:18 查询号码 【1477445】，返回信息 {"status":"ok","msg":"广东-广州","gid":"382288","time_insert":"2021-07-24 22:42","time_update":"2021-08-02 11:15"}
2024-07-24 00:28:18 查询号码 【1477445】，GSD为【"广东-广州"】

2024-07-24 00:28:19 开始第 7536 次操作

2024-07-24 00:28:19 开始操作号码 【1477446】
2024-07-24 00:28:27 GSD getOne 第 1 次 等待 3 秒
2024-07-24 00:28:30 查询号码 【1477446】，返回信息 {"status":"ok","msg":"广东-广州","gid":"382278","time_insert":"2021-07-24 22:41"}
2024-07-24 00:28:30 查询号码 【1477446】，GSD为【"广东-广州"】

2024-07-24 00:43:59 开始第 7537 次操作

2024-07-24 00:43:59 开始操作号码 【1477447】
2024-07-24 00:44:07 GSD getOne 第 1 次 等待 3 秒
2024-07-24 00:44:10 查询号码 【1477447】，返回信息 {"status":"ok","msg":"广东-广州","gid":"382271","time_insert":"2021-07-24 22:40"}
2024-07-24 00:44:10 查询号码 【1477447】，GSD为【"广东-广州"】

2024-07-24 00:44:11 开始第 7538 次操作

2024-07-24 00:44:11 开始操作号码 【1477448】
2024-07-24 00:44:19 GSD getOne 第 1 次 等待 3 秒
2024-07-24 00:44:22 查询号码 【1477448】，返回信息 {"status":"ok","msg":"广东-广州","gid":"382263","time_insert":"2021-07-24 22:40"}
2024-07-24 00:44:23 查询号码 【1477448】，GSD为【"广东-广州"】

2024-07-24 00:44:24 开始第 7539 次操作

2024-07-24 00:44:24 开始操作号码 【1477449】
2024-07-24 00:44:32 GSD getOne 第 1 次 等待 3 秒
2024-07-24 00:44:35 查询号码 【1477449】，返回信息 {"status":"ok","msg":"广东-广州","gid":"382253","time_insert":"2021-07-24 22:39"}
2024-07-24 00:44:35 查询号码 【1477449】，GSD为【"广东-广州"】

2024-07-24 00:44:36 开始第 7540 次操作

2024-07-24 00:44:36 开始操作号码 【1477450】
2024-07-24 00:44:44 GSD getOne 第 1 次 等待 3 秒
2024-07-24 00:44:47 查询号码 【1477450】，返回信息 {"status":"ok","msg":"广东-广州","gid":"382244","time_insert":"2021-07-24 22:39"}
2024-07-24 00:44:47 查询号码 【1477450】，GSD为【"广东-广州"】

2024-07-24 01:17:06 开始第 7541 次操作

2024-07-24 01:17:06 开始操作号码 【1477451】
2024-07-24 01:17:14 GSD getOne 第 1 次 等待 3 秒
2024-07-24 01:17:17 查询号码 【1477451】，返回信息 {"status":"ok","msg":"广东-广州","gid":"382236","time_insert":"2021-07-24 22:38"}
2024-07-24 01:17:17 查询号码 【1477451】，GSD为【"广东-广州"】

2024-07-24 01:17:18 开始第 7542 次操作

2024-07-24 01:17:18 开始操作号码 【1477452】
2024-07-24 01:17:29 GSD getOne 第 1 次 等待 3 秒
2024-07-24 01:17:32 查询号码 【1477452】，返回信息 {"status":"ok","msg":"广东-广州","gid":"382225","time_insert":"2021-07-24 22:38"}
2024-07-24 01:17:32 查询号码 【1477452】，GSD为【"广东-广州"】

2024-07-24 01:17:33 开始第 7543 次操作

2024-07-24 01:17:33 开始操作号码 【1477453】
2024-07-24 01:17:40 GSD getOne 第 1 次 等待 3 秒
2024-07-24 01:17:43 查询号码 【1477453】，返回信息 {"status":"ok","msg":"广东-广州","gid":"382217","time_insert":"2021-07-24 22:37"}
2024-07-24 01:17:43 查询号码 【1477453】，GSD为【"广东-广州"】

2024-07-24 01:17:44 开始第 7544 次操作

2024-07-24 01:17:44 开始操作号码 【1477454】
2024-07-24 01:18:14 GSD getOne 第 1 次 等待 3 秒
2024-07-24 01:18:17 查询号码 【1477454】，返回信息 {"status":"ok","msg":"广东-广州","gid":"382210","time_insert":"2021-07-24 22:36"}
2024-07-24 01:18:17 查询号码 【1477454】，GSD为【"广东-广州"】

2024-07-24 01:37:49 开始第 7545 次操作

2024-07-24 01:37:49 开始操作号码 【1477455】
2024-07-24 01:37:57 GSD getOne 第 1 次 等待 3 秒
2024-07-24 01:38:00 查询号码 【1477455】，返回信息 {"status":"ok","msg":"广东-广州","gid":"382202","time_insert":"2021-07-24 22:36"}
2024-07-24 01:38:00 查询号码 【1477455】，GSD为【"广东-广州"】

2024-07-24 01:38:01 开始第 7546 次操作

2024-07-24 01:38:01 开始操作号码 【1477456】
2024-07-24 01:38:09 GSD getOne 第 1 次 等待 3 秒
2024-07-24 01:38:12 查询号码 【1477456】，返回信息 {"status":"ok","msg":"广东-广州","gid":"382198","time_insert":"2021-07-24 22:35"}
2024-07-24 01:38:12 查询号码 【1477456】，GSD为【"广东-广州"】

2024-07-24 01:38:13 开始第 7547 次操作

2024-07-24 01:38:13 开始操作号码 【1477457】
2024-07-24 01:38:22 GSD getOne 第 1 次 等待 3 秒
2024-07-24 01:38:25 查询号码 【1477457】，返回信息 {"status":"ok","msg":"广东-广州","gid":"382193","time_insert":"2021-07-24 22:35"}
2024-07-24 01:38:25 查询号码 【1477457】，GSD为【"广东-广州"】

2024-07-24 01:38:26 开始第 7548 次操作

2024-07-24 01:38:26 开始操作号码 【1477458】
2024-07-24 01:38:33 GSD getOne 第 1 次 等待 3 秒
2024-07-24 01:38:36 查询号码 【1477458】，返回信息 {"status":"ok","msg":"广东-广州","gid":"382190","time_insert":"2021-07-24 22:34"}
2024-07-24 01:38:36 查询号码 【1477458】，GSD为【"广东-广州"】

