2021-07-31 00:00:13 开始第 27 次操作

2021-07-31 00:00:13 开始操作号码 【1875238】
2021-07-31 00:00:20 GSD getOne 第 1 次 等待 3 秒
2021-07-31 00:00:23 查询号码 【1875238】，返回信息 {"status":"bad","msg":""}
2021-07-31 00:00:23 查询号码 【1875238】，GSD为【""】
2021-07-31 00:00:23 bad
2021-07-31 00:00:25 CHB 1875238?1627660823 第 1 次 等待 3 秒
2021-07-31 00:00:28 CHB 1875238?1627660823 第 1 次 获取到号码【1875238】GSD
2021-07-31 00:00:28 获取到号码【1875238】的GSD为【江苏-淮安】
2021-07-31 00:00:32 GSD insert 第 1 次 等待 3 秒
2021-07-31 00:00:35 {"status":"ok","gid":449841,"msg":"添加成功！"}
2021-07-31 00:00:35 下次操作: 2021-07-31 00:00:50

2021-07-31 00:00:50 开始第 28 次操作

2021-07-31 00:00:50 开始操作号码 【1875237】
2021-07-31 00:00:53 GSD getOne 第 1 次 等待 3 秒
2021-07-31 00:00:56 查询号码 【1875237】，返回信息 {"status":"bad","msg":""}
2021-07-31 00:00:56 查询号码 【1875237】，GSD为【""】
2021-07-31 00:00:56 bad
2021-07-31 00:00:58 CHB 1875237?1627660856 第 1 次 等待 3 秒
2021-07-31 00:01:01 CHB 1875237?1627660856 第 1 次 获取到号码【1875237】GSD
2021-07-31 00:01:01 获取到号码【1875237】的GSD为【江苏-淮安】
2021-07-31 00:01:04 GSD insert 第 1 次 等待 3 秒
2021-07-31 00:01:07 {"status":"ok","gid":449853,"msg":"添加成功！"}
2021-07-31 00:01:07 下次操作: 2021-07-31 00:01:19

2021-07-31 00:01:19 开始第 29 次操作

2021-07-31 00:01:19 开始操作号码 【1875236】
2021-07-31 00:01:24 GSD getOne 第 1 次 等待 3 秒
2021-07-31 00:01:27 查询号码 【1875236】，返回信息 {"status":"bad","msg":""}
2021-07-31 00:01:27 查询号码 【1875236】，GSD为【""】
2021-07-31 00:01:27 bad
2021-07-31 00:01:28 CHB 1875236?1627660887 第 1 次 等待 3 秒
2021-07-31 00:01:31 CHB 1875236?1627660887 第 1 次 获取到号码【1875236】GSD
2021-07-31 00:01:31 获取到号码【1875236】的GSD为【江苏-淮安】
2021-07-31 00:01:35 GSD insert 第 1 次 等待 3 秒
2021-07-31 00:01:38 {"status":"ok","gid":449861,"msg":"添加成功！"}
2021-07-31 00:01:38 下次操作: 2021-07-31 00:01:50

2021-07-31 00:01:50 开始第 30 次操作

2021-07-31 00:01:50 开始操作号码 【1875235】
2021-07-31 00:01:54 GSD getOne 第 1 次 等待 3 秒
2021-07-31 00:01:57 查询号码 【1875235】，返回信息 {"status":"bad","msg":""}
2021-07-31 00:01:57 查询号码 【1875235】，GSD为【""】
2021-07-31 00:01:57 bad
2021-07-31 00:01:59 CHB 1875235?1627660917 第 1 次 等待 3 秒
2021-07-31 00:02:02 CHB 1875235?1627660917 第 1 次 获取到号码【1875235】GSD
2021-07-31 00:02:02 获取到号码【1875235】的GSD为【江苏-淮安】
2021-07-31 00:02:05 GSD insert 第 1 次 等待 3 秒
2021-07-31 00:02:08 {"status":"ok","gid":449869,"msg":"添加成功！"}
2021-07-31 00:02:08 下次操作: 2021-07-31 00:02:26

2021-07-31 00:02:26 开始第 31 次操作

2021-07-31 00:02:26 开始操作号码 【1875234】
2021-07-31 00:02:32 GSD getOne 第 1 次 等待 3 秒
2021-07-31 00:02:35 查询号码 【1875234】，返回信息 {"status":"bad","msg":""}
2021-07-31 00:02:35 查询号码 【1875234】，GSD为【""】
2021-07-31 00:02:35 bad
2021-07-31 00:02:36 CHB 1875234?1627660955 第 1 次 等待 3 秒
2021-07-31 00:02:39 CHB 1875234?1627660955 第 1 次 获取到号码【1875234】GSD
2021-07-31 00:02:39 获取到号码【1875234】的GSD为【江苏-淮安】
2021-07-31 00:02:43 GSD insert 第 1 次 等待 3 秒
2021-07-31 00:02:46 {"status":"ok","gid":449878,"msg":"添加成功！"}
2021-07-31 00:02:46 下次操作: 2021-07-31 00:03:10

2021-07-31 00:03:10 开始第 32 次操作

2021-07-31 00:03:10 开始操作号码 【1875233】
2021-07-31 00:03:14 GSD getOne 第 1 次 等待 3 秒
2021-07-31 00:03:17 查询号码 【1875233】，返回信息 {"status":"bad","msg":""}
2021-07-31 00:03:17 查询号码 【1875233】，GSD为【""】
2021-07-31 00:03:17 bad
2021-07-31 00:03:19 CHB 1875233?1627660997 第 1 次 等待 3 秒
2021-07-31 00:03:22 CHB 1875233?1627660997 第 1 次 获取到号码【1875233】GSD
2021-07-31 00:03:22 获取到号码【1875233】的GSD为【江苏-淮安】
2021-07-31 00:03:26 GSD insert 第 1 次 等待 3 秒
2021-07-31 00:03:29 {"status":"ok","gid":449891,"msg":"添加成功！"}
2021-07-31 00:03:30 下次操作: 2021-07-31 00:03:44

2021-07-31 00:03:44 开始第 33 次操作

2021-07-31 00:03:44 开始操作号码 【1875232】
2021-07-31 00:03:48 GSD getOne 第 1 次 等待 3 秒
2021-07-31 00:03:51 查询号码 【1875232】，返回信息 {"status":"bad","msg":""}
2021-07-31 00:03:51 查询号码 【1875232】，GSD为【""】
2021-07-31 00:03:51 bad
2021-07-31 00:03:53 CHB 1875232?1627661031 第 1 次 等待 3 秒
2021-07-31 00:03:56 CHB 1875232?1627661031 第 1 次 获取到号码【1875232】GSD
2021-07-31 00:03:56 获取到号码【1875232】的GSD为【江苏-淮安】
2021-07-31 00:04:00 GSD insert 第 1 次 等待 3 秒
2021-07-31 00:04:03 {"status":"ok","gid":449901,"msg":"添加成功！"}
2021-07-31 00:04:03 下次操作: 2021-07-31 00:04:25

2021-07-31 00:04:25 开始第 34 次操作

2021-07-31 00:04:25 开始操作号码 【1875231】
2021-07-31 00:04:28 GSD getOne 第 1 次 等待 3 秒
2021-07-31 00:04:31 查询号码 【1875231】，返回信息 {"status":"bad","msg":""}
2021-07-31 00:04:31 查询号码 【1875231】，GSD为【""】
2021-07-31 00:04:31 bad
2021-07-31 00:04:33 CHB 1875231?1627661071 第 1 次 等待 3 秒
2021-07-31 00:04:36 CHB 1875231?1627661071 第 1 次 获取到号码【1875231】GSD
2021-07-31 00:04:36 获取到号码【1875231】的GSD为【江苏-淮安】
2021-07-31 00:04:41 GSD insert 第 1 次 等待 3 秒
2021-07-31 00:04:44 {"status":"ok","gid":449912,"msg":"添加成功！"}
2021-07-31 00:04:44 下次操作: 2021-07-31 00:05:03

2021-07-31 00:05:03 开始第 35 次操作

2021-07-31 00:05:03 开始操作号码 【1875230】
2021-07-31 00:05:10 GSD getOne 第 1 次 等待 3 秒
2021-07-31 00:05:13 查询号码 【1875230】，返回信息 {"status":"bad","msg":""}
2021-07-31 00:05:13 查询号码 【1875230】，GSD为【""】
2021-07-31 00:05:13 bad
2021-07-31 00:05:15 CHB 1875230?1627661113 第 1 次 等待 3 秒
2021-07-31 00:05:18 CHB 1875230?1627661113 第 1 次 获取到号码【1875230】GSD
2021-07-31 00:05:18 获取到号码【1875230】的GSD为【江苏-淮安】
2021-07-31 00:05:22 GSD insert 第 1 次 等待 3 秒
2021-07-31 00:05:25 {"status":"ok","gid":449921,"msg":"添加成功！"}
2021-07-31 00:05:25 下次操作: 2021-07-31 00:05:42

2021-07-31 00:05:42 开始第 36 次操作

2021-07-31 00:05:42 开始操作号码 【1875229】
2021-07-31 00:05:46 GSD getOne 第 1 次 等待 3 秒
2021-07-31 00:05:49 查询号码 【1875229】，返回信息 {"status":"bad","msg":""}
2021-07-31 00:05:49 查询号码 【1875229】，GSD为【""】
2021-07-31 00:05:49 bad
2021-07-31 00:05:51 CHB 1875229?1627661149 第 1 次 等待 3 秒
2021-07-31 00:05:54 CHB 1875229?1627661149 第 1 次 获取到号码【1875229】GSD
2021-07-31 00:05:54 获取到号码【1875229】的GSD为【江苏-盐城】
2021-07-31 00:05:57 GSD insert 第 1 次 等待 3 秒
2021-07-31 00:06:00 {"status":"ok","gid":449932,"msg":"添加成功！"}
2021-07-31 00:06:00 下次操作: 2021-07-31 00:06:24

2021-07-31 00:06:24 开始第 37 次操作

2021-07-31 00:06:24 开始操作号码 【1875228】
2021-07-31 00:06:28 GSD getOne 第 1 次 等待 3 秒
2021-07-31 00:06:31 查询号码 【1875228】，返回信息 {"status":"bad","msg":""}
2021-07-31 00:06:31 查询号码 【1875228】，GSD为【""】
2021-07-31 00:06:31 bad
2021-07-31 00:06:32 CHB 1875228?1627661191 第 1 次 等待 3 秒
2021-07-31 00:06:35 CHB 1875228?1627661191 第 1 次 获取到号码【1875228】GSD
2021-07-31 00:06:36 获取到号码【1875228】的GSD为【江苏-盐城】
2021-07-31 00:06:42 GSD insert 第 1 次 等待 3 秒
2021-07-31 00:06:45 {"status":"ok","gid":449944,"msg":"添加成功！"}
2021-07-31 00:06:45 下次操作: 2021-07-31 00:07:05

2021-07-31 00:07:05 开始第 38 次操作

2021-07-31 00:07:05 开始操作号码 【1875227】
2021-07-31 00:07:11 GSD getOne 第 1 次 等待 3 秒
2021-07-31 00:07:14 查询号码 【1875227】，返回信息 {"status":"bad","msg":""}
2021-07-31 00:07:14 查询号码 【1875227】，GSD为【""】
2021-07-31 00:07:14 bad
2021-07-31 00:07:16 CHB 1875227?1627661234 第 1 次 等待 3 秒
2021-07-31 00:07:19 CHB 1875227?1627661234 第 1 次 获取到号码【1875227】GSD
2021-07-31 00:07:19 获取到号码【1875227】的GSD为【江苏-盐城】
2021-07-31 00:07:25 GSD insert 第 1 次 等待 3 秒
2021-07-31 00:07:28 {"status":"ok","gid":449955,"msg":"添加成功！"}
2021-07-31 00:07:28 下次操作: 2021-07-31 00:07:52

2021-07-31 00:07:52 开始第 39 次操作

2021-07-31 00:07:52 开始操作号码 【1875226】
2021-07-31 00:07:57 GSD getOne 第 1 次 等待 3 秒
2021-07-31 00:08:00 查询号码 【1875226】，返回信息 {"status":"bad","msg":""}
2021-07-31 00:08:01 查询号码 【1875226】，GSD为【""】
2021-07-31 00:08:01 bad
2021-07-31 00:08:02 CHB 1875226?1627661281 第 1 次 等待 3 秒
2021-07-31 00:08:05 CHB 1875226?1627661281 第 1 次 获取到号码【1875226】GSD
2021-07-31 00:08:05 获取到号码【1875226】的GSD为【江苏-盐城】
2021-07-31 00:08:11 GSD insert 第 1 次 等待 3 秒
2021-07-31 00:08:14 {"status":"ok","gid":449966,"msg":"添加成功！"}
2021-07-31 00:08:14 下次操作: 2021-07-31 00:08:28

2021-07-31 00:08:28 开始第 40 次操作

2021-07-31 00:08:28 开始操作号码 【1875225】
2021-07-31 00:08:32 GSD getOne 第 1 次 等待 3 秒
2021-07-31 00:08:35 查询号码 【1875225】，返回信息 {"status":"bad","msg":""}
2021-07-31 00:08:35 查询号码 【1875225】，GSD为【""】
2021-07-31 00:08:35 bad
2021-07-31 00:08:37 CHB 1875225?1627661315 第 1 次 等待 3 秒
2021-07-31 00:08:40 CHB 1875225?1627661315 第 1 次 获取到号码【1875225】GSD
2021-07-31 00:08:40 获取到号码【1875225】的GSD为【江苏-盐城】
2021-07-31 00:08:43 GSD insert 第 1 次 等待 3 秒
2021-07-31 00:08:46 {"status":"ok","gid":449974,"msg":"添加成功！"}

2021-07-31 00:57:30 开始第 1 次操作

2021-07-31 00:57:30 开始操作号码 【1875224】
2021-07-31 00:57:37 GSD getOne 第 1 次 等待 3 秒
2021-07-31 00:57:40 查询号码 【1875224】，返回信息 {"status":"bad","msg":""}
2021-07-31 00:57:40 查询号码 【1875224】，GSD为【""】
2021-07-31 00:57:40 bad
2021-07-31 00:57:42 CHB 1875224?1627664260 第 1 次 等待 3 秒
2021-07-31 00:57:45 CHB 1875224?1627664260 第 1 次 获取到号码【1875224】GSD
2021-07-31 00:57:45 获取到号码【1875224】的GSD为【江苏-盐城】
2021-07-31 00:57:48 GSD insert 第 1 次 等待 3 秒
2021-07-31 00:57:51 {"status":"ok","gid":450217,"msg":"添加成功！"}
2021-07-31 00:57:51 下次操作: 2021-07-31 00:58:10

2021-07-31 00:58:10 开始第 2 次操作

2021-07-31 00:58:10 开始操作号码 【1875223】
2021-07-31 00:58:16 GSD getOne 第 1 次 等待 3 秒
2021-07-31 00:58:19 查询号码 【1875223】，返回信息 {"status":"bad","msg":""}
2021-07-31 00:58:19 查询号码 【1875223】，GSD为【""】
2021-07-31 00:58:19 bad
2021-07-31 00:58:21 CHB 1875223?1627664299 第 1 次 等待 3 秒
2021-07-31 00:58:24 CHB 1875223?1627664299 第 1 次 获取到号码【1875223】GSD
2021-07-31 00:58:24 获取到号码【1875223】的GSD为【江苏-盐城】
2021-07-31 00:58:27 GSD insert 第 1 次 等待 3 秒
2021-07-31 00:58:30 {"status":"ok","gid":450220,"msg":"添加成功！"}
2021-07-31 00:58:30 下次操作: 2021-07-31 00:58:48

2021-07-31 00:58:48 开始第 3 次操作

2021-07-31 00:58:48 开始操作号码 【1875222】
2021-07-31 00:58:56 GSD getOne 第 1 次 等待 3 秒
2021-07-31 00:58:59 查询号码 【1875222】，返回信息 {"status":"bad","msg":""}
2021-07-31 00:58:59 查询号码 【1875222】，GSD为【""】
2021-07-31 00:58:59 bad
2021-07-31 00:59:00 CHB 1875222?1627664339 第 1 次 等待 3 秒
2021-07-31 00:59:03 CHB 1875222?1627664339 第 1 次 获取到号码【1875222】GSD
2021-07-31 00:59:03 获取到号码【1875222】的GSD为【江苏-盐城】
2021-07-31 00:59:07 GSD insert 第 1 次 等待 3 秒
2021-07-31 00:59:10 {"status":"ok","gid":450222,"msg":"添加成功！"}
2021-07-31 00:59:10 下次操作: 2021-07-31 00:59:24

2021-07-31 00:59:24 开始第 4 次操作

2021-07-31 00:59:24 开始操作号码 【1875221】
2021-07-31 00:59:28 GSD getOne 第 1 次 等待 3 秒
2021-07-31 00:59:31 查询号码 【1875221】，返回信息 {"status":"bad","msg":""}
2021-07-31 00:59:31 查询号码 【1875221】，GSD为【""】
2021-07-31 00:59:31 bad
2021-07-31 00:59:33 CHB 1875221?1627664371 第 1 次 等待 3 秒
2021-07-31 00:59:36 CHB 1875221?1627664371 第 1 次 获取到号码【1875221】GSD
2021-07-31 00:59:36 获取到号码【1875221】的GSD为【江苏-盐城】
2021-07-31 00:59:39 GSD insert 第 1 次 等待 3 秒
2021-07-31 00:59:42 {"status":"ok","gid":450224,"msg":"添加成功！"}
2021-07-31 00:59:42 下次操作: 2021-07-31 01:00:02

2021-07-31 01:00:02 开始第 5 次操作

2021-07-31 01:00:02 开始操作号码 【1875220】
2021-07-31 01:00:17 GSD getOne 第 1 次 等待 3 秒
2021-07-31 01:00:20 查询号码 【1875220】，返回信息 {"status":"bad","msg":""}
2021-07-31 01:00:20 查询号码 【1875220】，GSD为【""】
2021-07-31 01:00:20 bad
2021-07-31 01:00:21 CHB 1875220?1627664420 第 1 次 等待 3 秒
2021-07-31 01:00:24 CHB 1875220?1627664420 第 1 次 获取到号码【1875220】GSD
2021-07-31 01:00:24 获取到号码【1875220】的GSD为【江苏-盐城】
2021-07-31 01:00:28 GSD insert 第 1 次 等待 3 秒
2021-07-31 01:00:31 {"status":"ok","gid":450226,"msg":"添加成功！"}
2021-07-31 01:00:31 下次操作: 2021-07-31 01:00:53

2021-07-31 01:00:53 开始第 6 次操作

2021-07-31 01:00:53 开始操作号码 【1875219】
2021-07-31 01:00:57 GSD getOne 第 1 次 等待 3 秒
2021-07-31 01:01:00 查询号码 【1875219】，返回信息 {"status":"bad","msg":""}
2021-07-31 01:01:00 查询号码 【1875219】，GSD为【""】
2021-07-31 01:01:00 bad
2021-07-31 01:01:02 CHB 1875219?1627664460 第 1 次 等待 3 秒
2021-07-31 01:01:05 CHB 1875219?1627664460 第 1 次 获取到号码【1875219】GSD
2021-07-31 01:01:05 获取到号码【1875219】的GSD为【江苏-徐州】
2021-07-31 01:01:08 GSD insert 第 1 次 等待 3 秒
2021-07-31 01:01:11 {"status":"ok","gid":450229,"msg":"添加成功！"}
2021-07-31 01:01:11 下次操作: 2021-07-31 01:01:27

2021-07-31 01:01:27 开始第 7 次操作

2021-07-31 01:01:27 开始操作号码 【1875218】
2021-07-31 01:01:31 GSD getOne 第 1 次 等待 3 秒
2021-07-31 01:01:34 查询号码 【1875218】，返回信息 {"status":"bad","msg":""}
2021-07-31 01:01:34 查询号码 【1875218】，GSD为【""】
2021-07-31 01:01:34 bad
2021-07-31 01:01:36 CHB 1875218?1627664494 第 1 次 等待 3 秒
2021-07-31 01:01:39 CHB 1875218?1627664494 第 1 次 获取到号码【1875218】GSD
2021-07-31 01:01:39 获取到号码【1875218】的GSD为【江苏-徐州】
2021-07-31 01:01:43 GSD insert 第 1 次 等待 3 秒
2021-07-31 01:01:46 {"status":"ok","gid":450232,"msg":"添加成功！"}
2021-07-31 01:01:46 下次操作: 2021-07-31 01:02:01

2021-07-31 01:02:01 开始第 8 次操作

2021-07-31 01:02:01 开始操作号码 【1875217】
2021-07-31 01:02:04 GSD getOne 第 1 次 等待 3 秒
2021-07-31 01:02:07 查询号码 【1875217】，返回信息 {"status":"bad","msg":""}
2021-07-31 01:02:07 查询号码 【1875217】，GSD为【""】
2021-07-31 01:02:07 bad
2021-07-31 01:02:09 CHB 1875217?1627664527 第 1 次 等待 3 秒
2021-07-31 01:02:12 CHB 1875217?1627664527 第 1 次 获取到号码【1875217】GSD
2021-07-31 01:02:12 获取到号码【1875217】的GSD为【江苏-徐州】
2021-07-31 01:02:15 GSD insert 第 1 次 等待 3 秒
2021-07-31 01:02:18 {"status":"ok","gid":450239,"msg":"添加成功！"}
2021-07-31 01:02:19 下次操作: 2021-07-31 01:02:35

2021-07-31 01:02:35 开始第 9 次操作

2021-07-31 01:02:35 开始操作号码 【1875216】
2021-07-31 01:02:40 GSD getOne 第 1 次 等待 3 秒
2021-07-31 01:02:43 查询号码 【1875216】，返回信息 {"status":"bad","msg":""}
2021-07-31 01:02:43 查询号码 【1875216】，GSD为【""】
2021-07-31 01:02:43 bad
2021-07-31 01:02:45 CHB 1875216?1627664563 第 1 次 等待 3 秒
2021-07-31 01:02:48 CHB 1875216?1627664563 第 1 次 获取到号码【1875216】GSD
2021-07-31 01:02:48 获取到号码【1875216】的GSD为【江苏-徐州】
2021-07-31 01:02:53 GSD insert 第 1 次 等待 3 秒
2021-07-31 01:02:56 {"status":"ok","gid":450246,"msg":"添加成功！"}
2021-07-31 01:02:56 下次操作: 2021-07-31 01:03:08

2021-07-31 01:03:08 开始第 10 次操作

2021-07-31 01:03:08 开始操作号码 【1875215】
2021-07-31 01:03:14 GSD getOne 第 1 次 等待 3 秒
2021-07-31 01:03:17 查询号码 【1875215】，返回信息 {"status":"ok","msg":"江苏-徐州","gid":"42448","time_insert":"2017-08-01 07:55","time_update":"2020-08-26 17:05"}
2021-07-31 01:03:17 查询号码 【1875215】，GSD为【"江苏-徐州"】

2021-07-31 01:03:17 开始第 10 次操作

2021-07-31 01:03:17 开始操作号码 【1875214】
2021-07-31 01:03:21 GSD getOne 第 1 次 等待 3 秒
2021-07-31 01:03:24 查询号码 【1875214】，返回信息 {"status":"bad","msg":""}
2021-07-31 01:03:24 查询号码 【1875214】，GSD为【""】
2021-07-31 01:03:24 bad
2021-07-31 01:03:25 CHB 1875214?1627664604 第 1 次 等待 3 秒
2021-07-31 01:03:28 CHB 1875214?1627664604 第 1 次 获取到号码【1875214】GSD
2021-07-31 01:03:28 获取到号码【1875214】的GSD为【江苏-徐州】
2021-07-31 01:03:34 GSD insert 第 1 次 等待 3 秒
2021-07-31 01:03:37 {"status":"ok","gid":450255,"msg":"添加成功！"}
2021-07-31 01:03:37 下次操作: 2021-07-31 01:03:55

2021-07-31 01:03:55 开始第 11 次操作

2021-07-31 01:03:55 开始操作号码 【1875213】
2021-07-31 01:03:58 GSD getOne 第 1 次 等待 3 秒
2021-07-31 01:04:01 查询号码 【1875213】，返回信息 {"status":"bad","msg":""}
2021-07-31 01:04:02 查询号码 【1875213】，GSD为【""】
2021-07-31 01:04:02 bad
2021-07-31 01:04:03 CHB 1875213?1627664642 第 1 次 等待 3 秒
2021-07-31 01:04:06 CHB 1875213?1627664642 第 1 次 获取到号码【1875213】GSD
2021-07-31 01:04:06 获取到号码【1875213】的GSD为【江苏-徐州】
2021-07-31 01:04:12 GSD insert 第 1 次 等待 3 秒
2021-07-31 01:04:15 {"status":"ok","gid":450266,"msg":"添加成功！"}
2021-07-31 01:04:15 下次操作: 2021-07-31 01:04:35

2021-07-31 01:04:35 开始第 12 次操作

2021-07-31 01:04:35 开始操作号码 【1875212】
2021-07-31 01:04:38 GSD getOne 第 1 次 等待 3 秒
2021-07-31 01:04:41 查询号码 【1875212】，返回信息 {"status":"bad","msg":""}
2021-07-31 01:04:41 查询号码 【1875212】，GSD为【""】
2021-07-31 01:04:41 bad
2021-07-31 01:04:43 CHB 1875212?1627664681 第 1 次 等待 3 秒
2021-07-31 01:04:46 CHB 1875212?1627664681 第 1 次 获取到号码【1875212】GSD
2021-07-31 01:04:46 获取到号码【1875212】的GSD为【江苏-徐州】
2021-07-31 01:04:49 GSD insert 第 1 次 等待 3 秒
2021-07-31 01:04:52 {"status":"ok","gid":450274,"msg":"添加成功！"}
2021-07-31 01:04:52 下次操作: 2021-07-31 01:05:07

2021-07-31 01:05:07 开始第 13 次操作

2021-07-31 01:05:07 开始操作号码 【1875211】
2021-07-31 01:05:10 GSD getOne 第 1 次 等待 3 秒
2021-07-31 01:05:13 查询号码 【1875211】，返回信息 {"status":"bad","msg":""}
2021-07-31 01:05:13 查询号码 【1875211】，GSD为【""】
2021-07-31 01:05:13 bad
2021-07-31 01:05:15 CHB 1875211?1627664713 第 1 次 等待 3 秒
2021-07-31 01:05:18 CHB 1875211?1627664713 第 1 次 获取到号码【1875211】GSD
2021-07-31 01:05:18 获取到号码【1875211】的GSD为【江苏-徐州】
2021-07-31 01:05:22 GSD insert 第 1 次 等待 3 秒
2021-07-31 01:05:25 {"status":"ok","gid":450279,"msg":"添加成功！"}
2021-07-31 01:05:25 下次操作: 2021-07-31 01:05:42

2021-07-31 01:05:42 开始第 14 次操作

2021-07-31 01:05:42 开始操作号码 【1875210】
2021-07-31 01:05:48 GSD getOne 第 1 次 等待 3 秒
2021-07-31 01:05:51 查询号码 【1875210】，返回信息 {"status":"bad","msg":""}
2021-07-31 01:05:51 查询号码 【1875210】，GSD为【""】
2021-07-31 01:05:51 bad
2021-07-31 01:05:52 CHB 1875210?1627664751 第 1 次 等待 3 秒
2021-07-31 01:05:55 CHB 1875210?1627664751 第 1 次 获取到号码【1875210】GSD
2021-07-31 01:05:55 获取到号码【1875210】的GSD为【江苏-徐州】
2021-07-31 01:05:59 GSD insert 第 1 次 等待 3 秒
2021-07-31 01:06:02 {"status":"ok","gid":450287,"msg":"添加成功！"}
2021-07-31 01:06:02 下次操作: 2021-07-31 01:06:23

2021-07-31 01:06:23 开始第 15 次操作

2021-07-31 01:06:23 开始操作号码 【1875209】
2021-07-31 01:06:26 GSD getOne 第 1 次 等待 3 秒
2021-07-31 01:06:29 查询号码 【1875209】，返回信息 {"status":"bad","msg":""}
2021-07-31 01:06:29 查询号码 【1875209】，GSD为【""】
2021-07-31 01:06:29 bad
2021-07-31 01:06:31 CHB 1875209?1627664789 第 1 次 等待 3 秒
2021-07-31 01:06:34 CHB 1875209?1627664789 第 1 次 获取到号码【1875209】GSD
2021-07-31 01:06:34 获取到号码【1875209】的GSD为【江苏-南京】
2021-07-31 01:06:37 GSD insert 第 1 次 等待 3 秒
2021-07-31 01:06:40 {"status":"ok","gid":450297,"msg":"添加成功！"}
2021-07-31 01:06:40 下次操作: 2021-07-31 01:07:04

2021-07-31 01:07:04 开始第 16 次操作

2021-07-31 01:07:04 开始操作号码 【1875208】
2021-07-31 01:07:09 GSD getOne 第 1 次 等待 3 秒
2021-07-31 01:07:12 查询号码 【1875208】，返回信息 {"status":"bad","msg":""}
2021-07-31 01:07:12 查询号码 【1875208】，GSD为【""】
2021-07-31 01:07:12 bad
2021-07-31 01:07:13 CHB 1875208?1627664832 第 1 次 等待 3 秒
2021-07-31 01:07:16 CHB 1875208?1627664832 第 1 次 获取到号码【1875208】GSD
2021-07-31 01:07:16 获取到号码【1875208】的GSD为【江苏-南京】
2021-07-31 01:07:20 GSD insert 第 1 次 等待 3 秒
2021-07-31 01:07:23 {"status":"ok","gid":450306,"msg":"添加成功！"}
2021-07-31 01:07:23 下次操作: 2021-07-31 01:07:40

2021-07-31 01:07:40 开始第 17 次操作

2021-07-31 01:07:40 开始操作号码 【1875207】
2021-07-31 01:07:44 GSD getOne 第 1 次 等待 3 秒
2021-07-31 01:07:47 查询号码 【1875207】，返回信息 {"status":"bad","msg":""}
2021-07-31 01:07:47 查询号码 【1875207】，GSD为【""】
2021-07-31 01:07:47 bad
2021-07-31 01:07:49 CHB 1875207?1627664867 第 1 次 等待 3 秒
2021-07-31 01:07:52 CHB 1875207?1627664867 第 1 次 获取到号码【1875207】GSD
2021-07-31 01:07:52 获取到号码【1875207】的GSD为【江苏-南京】
2021-07-31 01:07:55 GSD insert 第 1 次 等待 3 秒
2021-07-31 01:07:58 {"status":"ok","gid":450316,"msg":"添加成功！"}
2021-07-31 01:07:58 下次操作: 2021-07-31 01:08:11

2021-07-31 01:08:11 开始第 18 次操作

2021-07-31 01:08:11 开始操作号码 【1875206】
2021-07-31 01:08:16 GSD getOne 第 1 次 等待 3 秒
2021-07-31 01:08:19 查询号码 【1875206】，返回信息 {"status":"bad","msg":""}
2021-07-31 01:08:19 查询号码 【1875206】，GSD为【""】
2021-07-31 01:08:19 bad
2021-07-31 01:08:21 CHB 1875206?1627664899 第 1 次 等待 3 秒
2021-07-31 01:08:24 CHB 1875206?1627664899 第 1 次 获取到号码【1875206】GSD
2021-07-31 01:08:24 获取到号码【1875206】的GSD为【江苏-南京】
2021-07-31 01:08:28 GSD insert 第 1 次 等待 3 秒
2021-07-31 01:08:31 {"status":"ok","gid":450325,"msg":"添加成功！"}
2021-07-31 01:08:31 下次操作: 2021-07-31 01:08:53

2021-07-31 01:08:53 开始第 19 次操作

2021-07-31 01:08:53 开始操作号码 【1875205】
2021-07-31 01:08:58 GSD getOne 第 1 次 等待 3 秒
2021-07-31 01:09:01 查询号码 【1875205】，返回信息 {"status":"bad","msg":""}
2021-07-31 01:09:01 查询号码 【1875205】，GSD为【""】
2021-07-31 01:09:01 bad
2021-07-31 01:09:03 CHB 1875205?1627664941 第 1 次 等待 3 秒
2021-07-31 01:09:06 CHB 1875205?1627664941 第 1 次 获取到号码【1875205】GSD
2021-07-31 01:09:06 获取到号码【1875205】的GSD为【江苏-南京】
2021-07-31 01:09:20 GSD insert 第 1 次 等待 3 秒
2021-07-31 01:09:23 {"status":"ok","gid":450336,"msg":"添加成功！"}
2021-07-31 01:09:23 下次操作: 2021-07-31 01:09:42

2021-07-31 01:09:42 开始第 20 次操作

2021-07-31 01:09:42 开始操作号码 【1875204】
2021-07-31 01:09:46 GSD getOne 第 1 次 等待 3 秒
2021-07-31 01:09:49 查询号码 【1875204】，返回信息 {"status":"bad","msg":""}
2021-07-31 01:09:49 查询号码 【1875204】，GSD为【""】
2021-07-31 01:09:49 bad
2021-07-31 01:09:51 CHB 1875204?1627664989 第 1 次 等待 3 秒
2021-07-31 01:09:54 CHB 1875204?1627664989 第 1 次 获取到号码【1875204】GSD
2021-07-31 01:09:54 获取到号码【1875204】的GSD为【江苏-南京】
2021-07-31 01:09:59 GSD insert 第 1 次 等待 3 秒
2021-07-31 01:10:02 {"status":"ok","gid":450346,"msg":"添加成功！"}
2021-07-31 01:10:02 下次操作: 2021-07-31 01:10:22

2021-07-31 01:10:22 开始第 21 次操作

2021-07-31 01:10:22 开始操作号码 【1875203】
2021-07-31 01:10:26 GSD getOne 第 1 次 等待 3 秒
2021-07-31 01:10:29 查询号码 【1875203】，返回信息 {"status":"bad","msg":""}
2021-07-31 01:10:29 查询号码 【1875203】，GSD为【""】
2021-07-31 01:10:29 bad
2021-07-31 01:10:31 CHB 1875203?1627665029 第 1 次 等待 3 秒
2021-07-31 01:10:34 CHB 1875203?1627665029 第 1 次 获取到号码【1875203】GSD
2021-07-31 01:10:34 获取到号码【1875203】的GSD为【江苏-南京】
2021-07-31 01:10:38 GSD insert 第 1 次 等待 3 秒
2021-07-31 01:10:41 {"status":"ok","gid":450355,"msg":"添加成功！"}
2021-07-31 01:10:41 下次操作: 2021-07-31 01:10:56

2021-07-31 01:10:56 开始第 22 次操作

2021-07-31 01:10:56 开始操作号码 【1875202】
2021-07-31 01:10:59 GSD getOne 第 1 次 等待 3 秒
2021-07-31 01:11:02 查询号码 【1875202】，返回信息 {"status":"bad","msg":""}
2021-07-31 01:11:02 查询号码 【1875202】，GSD为【""】
2021-07-31 01:11:02 bad
2021-07-31 01:11:04 CHB 1875202?1627665062 第 1 次 等待 3 秒
2021-07-31 01:11:07 CHB 1875202?1627665062 第 1 次 获取到号码【1875202】GSD
2021-07-31 01:11:07 获取到号码【1875202】的GSD为【江苏-南京】
2021-07-31 01:11:10 GSD insert 第 1 次 等待 3 秒
2021-07-31 01:11:13 {"status":"ok","gid":450362,"msg":"添加成功！"}
2021-07-31 01:11:13 下次操作: 2021-07-31 01:11:37

2021-07-31 01:11:37 开始第 23 次操作

2021-07-31 01:11:37 开始操作号码 【1875201】
2021-07-31 01:11:40 GSD getOne 第 1 次 等待 3 秒
2021-07-31 01:11:43 查询号码 【1875201】，返回信息 {"status":"bad","msg":""}
2021-07-31 01:11:43 查询号码 【1875201】，GSD为【""】
2021-07-31 01:11:43 bad
2021-07-31 01:11:45 CHB 1875201?1627665103 第 1 次 等待 3 秒
2021-07-31 01:11:48 CHB 1875201?1627665103 第 1 次 获取到号码【1875201】GSD
2021-07-31 01:11:48 获取到号码【1875201】的GSD为【江苏-南京】
2021-07-31 01:11:52 GSD insert 第 1 次 等待 3 秒
2021-07-31 01:11:55 {"status":"ok","gid":450374,"msg":"添加成功！"}
2021-07-31 01:11:55 下次操作: 2021-07-31 01:12:15

2021-07-31 01:12:15 开始第 24 次操作

2021-07-31 01:12:15 开始操作号码 【1875200】
2021-07-31 01:12:20 GSD getOne 第 1 次 等待 3 秒
2021-07-31 01:12:23 查询号码 【1875200】，返回信息 {"status":"bad","msg":""}
2021-07-31 01:12:23 查询号码 【1875200】，GSD为【""】
2021-07-31 01:12:23 bad
2021-07-31 01:12:24 CHB 1875200?1627665143 第 1 次 等待 3 秒
2021-07-31 01:12:27 CHB 1875200?1627665143 第 1 次 获取到号码【1875200】GSD
2021-07-31 01:12:27 获取到号码【1875200】的GSD为【江苏-南京】
2021-07-31 01:12:32 GSD insert 第 1 次 等待 3 秒
2021-07-31 01:12:35 {"status":"ok","gid":450382,"msg":"添加成功！"}
2021-07-31 01:12:35 下次操作: 2021-07-31 01:12:56

2021-07-31 01:12:56 开始第 25 次操作

2021-07-31 01:12:56 开始操作号码 【1875199】
2021-07-31 01:12:59 GSD getOne 第 1 次 等待 3 秒
2021-07-31 01:13:02 查询号码 【1875199】，返回信息 {"status":"bad","msg":""}
2021-07-31 01:13:03 查询号码 【1875199】，GSD为【""】
2021-07-31 01:13:03 bad
2021-07-31 01:13:04 CHB 1875199?1627665183 第 1 次 等待 3 秒
2021-07-31 01:13:07 CHB 1875199?1627665183 第 1 次 获取到号码【1875199】GSD
2021-07-31 01:13:07 获取到号码【1875199】的GSD为【江苏-南京】
2021-07-31 01:13:11 GSD insert 第 1 次 等待 3 秒
2021-07-31 01:13:14 {"status":"ok","gid":450391,"msg":"添加成功！"}
2021-07-31 01:13:14 下次操作: 2021-07-31 01:13:35

2021-07-31 01:13:35 开始第 26 次操作

2021-07-31 01:13:35 开始操作号码 【1875198】
2021-07-31 01:13:40 GSD getOne 第 1 次 等待 3 秒
2021-07-31 01:13:43 查询号码 【1875198】，返回信息 {"status":"bad","msg":""}
2021-07-31 01:13:43 查询号码 【1875198】，GSD为【""】
2021-07-31 01:13:43 bad
2021-07-31 01:13:45 CHB 1875198?1627665223 第 1 次 等待 3 秒
2021-07-31 01:13:48 CHB 1875198?1627665223 第 1 次 获取到号码【1875198】GSD
2021-07-31 01:13:48 获取到号码【1875198】的GSD为【江苏-南京】
2021-07-31 01:13:56 GSD insert 第 1 次 等待 3 秒
2021-07-31 01:13:59 {"status":"ok","gid":450402,"msg":"添加成功！"}
2021-07-31 01:13:59 下次操作: 2021-07-31 01:14:16

2021-07-31 01:14:16 开始第 27 次操作

2021-07-31 01:14:16 开始操作号码 【1875197】
2021-07-31 01:14:20 GSD getOne 第 1 次 等待 3 秒
2021-07-31 01:14:23 查询号码 【1875197】，返回信息 {"status":"bad","msg":""}
2021-07-31 01:14:23 查询号码 【1875197】，GSD为【""】
2021-07-31 01:14:23 bad
2021-07-31 01:14:24 CHB 1875197?1627665263 第 1 次 等待 3 秒
2021-07-31 01:14:27 CHB 1875197?1627665263 第 1 次 获取到号码【1875197】GSD
2021-07-31 01:14:27 获取到号码【1875197】的GSD为【江苏-南京】
2021-07-31 01:14:32 GSD insert 第 1 次 等待 3 秒
2021-07-31 01:14:35 {"status":"ok","gid":450410,"msg":"添加成功！"}
2021-07-31 01:14:35 下次操作: 2021-07-31 01:14:57

2021-07-31 01:14:57 开始第 28 次操作

2021-07-31 01:14:57 开始操作号码 【1875196】
2021-07-31 01:15:01 GSD getOne 第 1 次 等待 3 秒
2021-07-31 01:15:04 查询号码 【1875196】，返回信息 {"status":"bad","msg":""}
2021-07-31 01:15:04 查询号码 【1875196】，GSD为【""】
2021-07-31 01:15:04 bad
2021-07-31 01:15:06 CHB 1875196?1627665304 第 1 次 等待 3 秒
2021-07-31 01:15:09 CHB 1875196?1627665304 第 1 次 获取到号码【1875196】GSD
2021-07-31 01:15:09 获取到号码【1875196】的GSD为【江苏-南京】
2021-07-31 01:15:12 GSD insert 第 1 次 等待 3 秒
2021-07-31 01:15:15 {"status":"ok","gid":450422,"msg":"添加成功！"}
2021-07-31 01:15:15 下次操作: 2021-07-31 01:15:37

2021-07-31 01:15:37 开始第 29 次操作

2021-07-31 01:15:37 开始操作号码 【1875195】
2021-07-31 01:15:43 GSD getOne 第 1 次 等待 3 秒
2021-07-31 01:15:46 查询号码 【1875195】，返回信息 {"status":"bad","msg":""}
2021-07-31 01:15:46 查询号码 【1875195】，GSD为【""】
2021-07-31 01:15:46 bad
2021-07-31 01:15:48 CHB 1875195?1627665346 第 1 次 等待 3 秒
2021-07-31 01:15:51 CHB 1875195?1627665346 第 1 次 获取到号码【1875195】GSD
2021-07-31 01:15:51 获取到号码【1875195】的GSD为【江苏-南京】
2021-07-31 01:16:26 GSD insert 第 1 次 等待 3 秒
2021-07-31 01:16:29 {"status":"ok","gid":450440,"msg":"添加成功！"}
2021-07-31 01:16:29 下次操作: 2021-07-31 01:16:52

2021-07-31 01:16:52 开始第 30 次操作

2021-07-31 01:16:52 开始操作号码 【1875194】
2021-07-31 01:16:59 GSD getOne 第 1 次 等待 3 秒
2021-07-31 01:17:02 查询号码 【1875194】，返回信息 {"status":"bad","msg":""}
2021-07-31 01:17:02 查询号码 【1875194】，GSD为【""】
2021-07-31 01:17:02 bad
2021-07-31 01:17:03 CHB 1875194?1627665422 第 1 次 等待 3 秒
2021-07-31 01:17:06 CHB 1875194?1627665422 第 1 次 获取到号码【1875194】GSD
2021-07-31 01:17:06 获取到号码【1875194】的GSD为【江苏-南京】
2021-07-31 01:17:10 GSD insert 第 1 次 等待 3 秒
2021-07-31 01:17:13 {"status":"ok","gid":450452,"msg":"添加成功！"}
2021-07-31 01:17:13 下次操作: 2021-07-31 01:17:26

2021-07-31 01:17:26 开始第 31 次操作

2021-07-31 01:17:26 开始操作号码 【1875193】
2021-07-31 01:17:32 GSD getOne 第 1 次 等待 3 秒
2021-07-31 01:17:35 查询号码 【1875193】，返回信息 {"status":"bad","msg":""}
2021-07-31 01:17:35 查询号码 【1875193】，GSD为【""】
2021-07-31 01:17:35 bad
2021-07-31 01:17:37 CHB 1875193?1627665455 第 1 次 等待 3 秒
2021-07-31 01:17:40 CHB 1875193?1627665455 第 1 次 获取到号码【1875193】GSD
2021-07-31 01:17:40 获取到号码【1875193】的GSD为【江苏-南京】
2021-07-31 01:17:47 GSD insert 第 1 次 等待 3 秒
2021-07-31 01:17:50 {"status":"ok","gid":450461,"msg":"添加成功！"}
2021-07-31 01:17:50 下次操作: 2021-07-31 01:18:03

2021-07-31 01:18:03 开始第 32 次操作

2021-07-31 01:18:03 开始操作号码 【1875192】
2021-07-31 01:18:08 GSD getOne 第 1 次 等待 3 秒
2021-07-31 01:18:11 查询号码 【1875192】，返回信息 {"status":"bad","msg":""}
2021-07-31 01:18:11 查询号码 【1875192】，GSD为【""】
2021-07-31 01:18:11 bad
2021-07-31 01:18:12 CHB 1875192?1627665491 第 1 次 等待 3 秒
2021-07-31 01:18:15 CHB 1875192?1627665491 第 1 次 获取到号码【1875192】GSD
2021-07-31 01:18:15 获取到号码【1875192】的GSD为【江苏-南京】
2021-07-31 01:18:23 GSD insert 第 1 次 等待 3 秒
2021-07-31 01:18:26 {"status":"ok","gid":450470,"msg":"添加成功！"}
2021-07-31 01:18:26 下次操作: 2021-07-31 01:18:48

2021-07-31 01:18:48 开始第 33 次操作

2021-07-31 01:18:48 开始操作号码 【1875191】
2021-07-31 01:18:52 GSD getOne 第 1 次 等待 3 秒
2021-07-31 01:18:55 查询号码 【1875191】，返回信息 {"status":"bad","msg":""}
2021-07-31 01:18:55 查询号码 【1875191】，GSD为【""】
2021-07-31 01:18:55 bad
2021-07-31 01:18:57 CHB 1875191?1627665535 第 1 次 等待 3 秒
2021-07-31 01:19:00 CHB 1875191?1627665535 第 1 次 获取到号码【1875191】GSD
2021-07-31 01:19:00 获取到号码【1875191】的GSD为【江苏-南京】
2021-07-31 01:19:04 GSD insert 第 1 次 等待 3 秒
2021-07-31 01:19:07 {"status":"ok","gid":450477,"msg":"添加成功！"}
2021-07-31 01:19:07 下次操作: 2021-07-31 01:19:19

2021-07-31 01:19:19 开始第 34 次操作

2021-07-31 01:19:19 开始操作号码 【1875190】
2021-07-31 01:19:23 GSD getOne 第 1 次 等待 3 秒
2021-07-31 01:19:26 查询号码 【1875190】，返回信息 {"status":"bad","msg":""}
2021-07-31 01:19:26 查询号码 【1875190】，GSD为【""】
2021-07-31 01:19:27 bad
2021-07-31 01:19:28 CHB 1875190?1627665567 第 1 次 等待 3 秒
2021-07-31 01:19:31 CHB 1875190?1627665567 第 1 次 获取到号码【1875190】GSD
2021-07-31 01:19:31 获取到号码【1875190】的GSD为【江苏-南京】
2021-07-31 01:19:35 GSD insert 第 1 次 等待 3 秒
2021-07-31 01:19:38 {"status":"ok","gid":450486,"msg":"添加成功！"}
2021-07-31 01:19:38 下次操作: 2021-07-31 01:19:51

2021-07-31 01:19:51 开始第 35 次操作

2021-07-31 01:19:51 开始操作号码 【1875189】
2021-07-31 01:19:54 GSD getOne 第 1 次 等待 3 秒
2021-07-31 01:19:57 查询号码 【1875189】，返回信息 {"status":"bad","msg":""}
2021-07-31 01:19:57 查询号码 【1875189】，GSD为【""】
2021-07-31 01:19:57 bad
2021-07-31 01:19:59 CHB 1875189?1627665597 第 1 次 等待 3 秒
2021-07-31 01:20:02 CHB 1875189?1627665597 第 1 次 获取到号码【1875189】GSD
2021-07-31 01:20:02 获取到号码【1875189】的GSD为【江苏-南京】
2021-07-31 01:20:07 GSD insert 第 1 次 等待 3 秒
2021-07-31 01:20:10 {"status":"ok","gid":450492,"msg":"添加成功！"}
2021-07-31 01:20:10 下次操作: 2021-07-31 01:20:23

2021-07-31 01:20:23 开始第 36 次操作

2021-07-31 01:20:23 开始操作号码 【1875188】
2021-07-31 01:20:27 GSD getOne 第 1 次 等待 3 秒
2021-07-31 01:20:30 查询号码 【1875188】，返回信息 {"status":"bad","msg":""}
2021-07-31 01:20:30 查询号码 【1875188】，GSD为【""】
2021-07-31 01:20:30 bad
2021-07-31 01:20:32 CHB 1875188?1627665630 第 1 次 等待 3 秒
2021-07-31 01:20:35 CHB 1875188?1627665630 第 1 次 获取到号码【1875188】GSD
2021-07-31 01:20:35 获取到号码【1875188】的GSD为【江苏-南京】
2021-07-31 01:20:38 GSD insert 第 1 次 等待 3 秒
2021-07-31 01:20:41 {"status":"ok","gid":450500,"msg":"添加成功！"}
2021-07-31 01:20:41 下次操作: 2021-07-31 01:21:01

2021-07-31 01:21:01 开始第 37 次操作

2021-07-31 01:21:01 开始操作号码 【1875187】
2021-07-31 01:21:06 GSD getOne 第 1 次 等待 3 秒
2021-07-31 01:21:09 查询号码 【1875187】，返回信息 {"status":"ok","msg":"江苏-南京","gid":"42447","time_insert":"2018-12-08 11:11","time_update":"2020-08-26 17:02"}
2021-07-31 01:21:09 查询号码 【1875187】，GSD为【"江苏-南京"】

2021-07-31 01:21:09 开始第 37 次操作

2021-07-31 01:21:09 开始操作号码 【1875186】
2021-07-31 01:21:13 GSD getOne 第 1 次 等待 3 秒
2021-07-31 01:21:16 查询号码 【1875186】，返回信息 {"status":"bad","msg":""}
2021-07-31 01:21:16 查询号码 【1875186】，GSD为【""】
2021-07-31 01:21:16 bad
2021-07-31 01:21:18 CHB 1875186?1627665676 第 1 次 等待 3 秒
2021-07-31 01:21:21 CHB 1875186?1627665676 第 1 次 获取到号码【1875186】GSD
2021-07-31 01:21:21 获取到号码【1875186】的GSD为【江苏-南京】
2021-07-31 01:21:24 GSD insert 第 1 次 等待 3 秒
2021-07-31 01:21:27 {"status":"ok","gid":450511,"msg":"添加成功！"}
2021-07-31 01:21:27 下次操作: 2021-07-31 01:21:50

2021-07-31 01:21:50 开始第 38 次操作

2021-07-31 01:21:50 开始操作号码 【1875185】
2021-07-31 01:21:53 GSD getOne 第 1 次 等待 3 秒
2021-07-31 01:21:56 查询号码 【1875185】，返回信息 {"status":"bad","msg":""}
2021-07-31 01:21:56 查询号码 【1875185】，GSD为【""】
2021-07-31 01:21:56 bad
2021-07-31 01:21:58 CHB 1875185?1627665716 第 1 次 等待 3 秒
2021-07-31 01:22:01 CHB 1875185?1627665716 第 1 次 获取到号码【1875185】GSD
2021-07-31 01:22:01 获取到号码【1875185】的GSD为【江苏-南京】
2021-07-31 01:22:04 GSD insert 第 1 次 等待 3 秒
2021-07-31 01:22:07 {"status":"ok","gid":450519,"msg":"添加成功！"}
2021-07-31 01:22:07 下次操作: 2021-07-31 01:22:29

2021-07-31 01:22:29 开始第 39 次操作

2021-07-31 01:22:29 开始操作号码 【1875184】
2021-07-31 01:22:33 GSD getOne 第 1 次 等待 3 秒
2021-07-31 01:22:36 查询号码 【1875184】，返回信息 {"status":"bad","msg":""}
2021-07-31 01:22:36 查询号码 【1875184】，GSD为【""】
2021-07-31 01:22:36 bad
2021-07-31 01:22:37 CHB 1875184?1627665756 第 1 次 等待 3 秒
2021-07-31 01:22:40 CHB 1875184?1627665756 第 1 次 获取到号码【1875184】GSD
2021-07-31 01:22:40 获取到号码【1875184】的GSD为【江苏-南京】
2021-07-31 01:22:44 GSD insert 第 1 次 等待 3 秒
2021-07-31 01:22:47 {"status":"ok","gid":450528,"msg":"添加成功！"}
2021-07-31 01:22:47 下次操作: 2021-07-31 01:23:00

2021-07-31 01:23:00 开始第 40 次操作

2021-07-31 01:23:00 开始操作号码 【1875183】
2021-07-31 01:23:04 GSD getOne 第 1 次 等待 3 秒
2021-07-31 01:23:07 查询号码 【1875183】，返回信息 {"status":"bad","msg":""}
2021-07-31 01:23:07 查询号码 【1875183】，GSD为【""】
2021-07-31 01:23:07 bad
2021-07-31 01:23:09 CHB 1875183?1627665787 第 1 次 等待 3 秒
2021-07-31 01:23:12 CHB 1875183?1627665787 第 1 次 获取到号码【1875183】GSD
2021-07-31 01:23:12 获取到号码【1875183】的GSD为【江苏-南京】
2021-07-31 01:23:20 GSD insert 第 1 次 等待 3 秒
2021-07-31 01:23:23 {"status":"ok","gid":450538,"msg":"添加成功！"}

