2023-11-18 00:25:41 开始第 9053 次操作

2023-11-18 00:25:41 开始操作号码 【1908967】
2023-11-18 00:25:45 GSD getOne 第 1 次 等待 3 秒
2023-11-18 00:25:48 查询号码 【1908967】，返回信息 {"status":"ok","msg":"-","gid":"656570","time_insert":"2023-04-15 18:46"}
2023-11-18 00:25:48 查询号码 【1908967】，GSD为【"-"】
2023-11-18 00:25:48 ok && -
2023-11-18 00:25:50 CHB 1908967?1700238348 第 1 次 等待 3 秒
2023-11-18 00:25:53 CHB 1908967?1700238348 第 1 次 获取到号码【1908967】GSD
2023-11-18 00:25:53 未获取到号码【1908967】GSD，可能号码格式错误
2023-11-18 00:25:53 获取到号码【1908967】的GSD为【-】
2023-11-18 00:25:58 GSD insert 第 1 次 等待 3 秒
2023-11-18 00:26:01 {"status":"bad","gid":"656570","msg":"添加失败！号码【1908967(-|-)】已存在！"}
2023-11-18 00:26:01 随机等待 157 秒，约 2 分钟
2023-11-18 00:26:01 下次操作: 2023-11-18 00:28:38

2023-11-18 00:28:38 开始第 9054 次操作

2023-11-18 00:28:38 开始操作号码 【1908968】
2023-11-18 00:28:45 GSD getOne 第 1 次 等待 3 秒
2023-11-18 00:28:48 查询号码 【1908968】，返回信息 {"status":"ok","msg":"-","gid":"656600","time_insert":"2023-04-15 19:02"}
2023-11-18 00:28:49 查询号码 【1908968】，GSD为【"-"】
2023-11-18 00:28:49 ok && -
2023-11-18 00:28:51 CHB 1908968?1700238529 第 1 次 等待 3 秒
2023-11-18 00:28:54 CHB 1908968?1700238529 第 1 次 获取到号码【1908968】GSD
2023-11-18 00:28:54 未获取到号码【1908968】GSD，可能号码格式错误
2023-11-18 00:28:54 获取到号码【1908968】的GSD为【-】
2023-11-18 00:28:58 GSD insert 第 1 次 等待 3 秒
2023-11-18 00:29:01 {"status":"bad","gid":"656600","msg":"添加失败！号码【1908968(-|-)】已存在！"}
2023-11-18 00:29:01 随机等待 173 秒，约 2 分钟
2023-11-18 00:29:01 下次操作: 2023-11-18 00:31:54

2023-11-18 00:31:54 开始第 9055 次操作

2023-11-18 00:31:54 开始操作号码 【1908969】
2023-11-18 00:31:57 GSD getOne 第 1 次 等待 3 秒
2023-11-18 00:32:00 查询号码 【1908969】，返回信息 {"status":"ok","msg":"-","gid":"656626","time_insert":"2023-04-15 19:19"}
2023-11-18 00:32:00 查询号码 【1908969】，GSD为【"-"】
2023-11-18 00:32:00 ok && -
2023-11-18 00:32:03 CHB 1908969?1700238720 第 1 次 等待 3 秒
2023-11-18 00:32:06 CHB 1908969?1700238720 第 1 次 获取到号码【1908969】GSD
2023-11-18 00:32:06 未获取到号码【1908969】GSD，可能号码格式错误
2023-11-18 00:32:06 获取到号码【1908969】的GSD为【-】
2023-11-18 00:32:10 GSD insert 第 1 次 等待 3 秒
2023-11-18 00:32:13 {"status":"bad","gid":"656626","msg":"添加失败！号码【1908969(-|-)】已存在！"}
2023-11-18 00:32:13 随机等待 103 秒，约 1 分钟
2023-11-18 00:32:13 下次操作: 2023-11-18 00:33:56

2023-11-18 00:33:56 开始第 9056 次操作

2023-11-18 00:33:56 开始操作号码 【1908970】
2023-11-18 00:34:01 GSD getOne 第 1 次 等待 3 秒
2023-11-18 00:34:04 查询号码 【1908970】，返回信息 {"status":"ok","msg":"-","gid":"656655","time_insert":"2023-04-15 19:36"}
2023-11-18 00:34:04 查询号码 【1908970】，GSD为【"-"】
2023-11-18 00:34:04 ok && -
2023-11-18 00:34:06 CHB 1908970?1700238844 第 1 次 等待 3 秒
2023-11-18 00:34:09 CHB 1908970?1700238844 第 1 次 获取到号码【1908970】GSD
2023-11-18 00:34:09 未获取到号码【1908970】GSD，可能号码格式错误
2023-11-18 00:34:09 获取到号码【1908970】的GSD为【-】
2023-11-18 00:34:16 GSD insert 第 1 次 等待 3 秒
2023-11-18 00:34:19 {"status":"bad","gid":"656655","msg":"添加失败！号码【1908970(-|-)】已存在！"}

2023-11-18 00:43:46 开始第 9057 次操作

2023-11-18 00:43:46 开始操作号码 【1908971】
2023-11-18 00:43:53 GSD getOne 第 1 次 等待 3 秒
2023-11-18 00:43:56 查询号码 【1908971】，返回信息 {"status":"ok","msg":"-","gid":"656687","time_insert":"2023-04-15 19:54"}
2023-11-18 00:43:56 查询号码 【1908971】，GSD为【"-"】
2023-11-18 00:43:56 ok && -
2023-11-18 00:44:04 CHB 1908971?1700239436 第 1 次 等待 3 秒
2023-11-18 00:44:07 CHB 1908971?1700239436 第 1 次 获取到号码【1908971】GSD
2023-11-18 00:44:07 未获取到号码【1908971】GSD，可能号码格式错误
2023-11-18 00:44:07 获取到号码【1908971】的GSD为【-】
2023-11-18 00:44:11 GSD insert 第 1 次 等待 3 秒
2023-11-18 00:44:14 {"status":"bad","gid":"656687","msg":"添加失败！号码【1908971(-|-)】已存在！"}
2023-11-18 00:44:14 随机等待 165 秒，约 2 分钟
2023-11-18 00:44:14 下次操作: 2023-11-18 00:46:59

2023-11-18 00:46:59 开始第 9058 次操作

2023-11-18 00:46:59 开始操作号码 【1908972】
2023-11-18 00:47:02 GSD getOne 第 1 次 等待 3 秒
2023-11-18 00:47:05 查询号码 【1908972】，返回信息 {"status":"ok","msg":"-","gid":"656708","time_insert":"2023-04-15 20:13"}
2023-11-18 00:47:05 查询号码 【1908972】，GSD为【"-"】
2023-11-18 00:47:05 ok && -
2023-11-18 00:47:09 CHB 1908972?1700239625 第 1 次 等待 3 秒
2023-11-18 00:47:12 CHB 1908972?1700239625 第 1 次 获取到号码【1908972】GSD
2023-11-18 00:47:12 未获取到号码【1908972】GSD，可能号码格式错误
2023-11-18 00:47:12 获取到号码【1908972】的GSD为【-】
2023-11-18 00:47:16 GSD insert 第 1 次 等待 3 秒
2023-11-18 00:47:19 {"status":"bad","gid":"656708","msg":"添加失败！号码【1908972(-|-)】已存在！"}
2023-11-18 00:47:19 随机等待 109 秒，约 1 分钟
2023-11-18 00:47:19 下次操作: 2023-11-18 00:49:08

2023-11-18 00:49:08 开始第 9059 次操作

2023-11-18 00:49:08 开始操作号码 【1908973】
2023-11-18 00:49:11 GSD getOne 第 1 次 等待 3 秒
2023-11-18 00:49:14 查询号码 【1908973】，返回信息 {"status":"ok","msg":"-","gid":"656732","time_insert":"2023-04-15 20:31"}
2023-11-18 00:49:14 查询号码 【1908973】，GSD为【"-"】
2023-11-18 00:49:14 ok && -
2023-11-18 00:49:19 CHB 1908973?1700239754 第 1 次 等待 3 秒
2023-11-18 00:49:22 CHB 1908973?1700239754 第 1 次 获取到号码【1908973】GSD
2023-11-18 00:49:22 未获取到号码【1908973】GSD，可能号码格式错误
2023-11-18 00:49:22 获取到号码【1908973】的GSD为【-】
2023-11-18 00:49:26 GSD insert 第 1 次 等待 3 秒
2023-11-18 00:49:29 {"status":"bad","gid":"656732","msg":"添加失败！号码【1908973(-|-)】已存在！"}
2023-11-18 00:49:29 随机等待 113 秒，约 1 分钟
2023-11-18 00:49:29 下次操作: 2023-11-18 00:51:22

2023-11-18 00:51:22 开始第 9060 次操作

2023-11-18 00:51:22 开始操作号码 【1908974】
2023-11-18 00:51:25 GSD getOne 第 1 次 等待 3 秒
2023-11-18 00:51:28 查询号码 【1908974】，返回信息 {"status":"ok","msg":"-","gid":"656752","time_insert":"2023-04-15 20:49"}
2023-11-18 00:51:28 查询号码 【1908974】，GSD为【"-"】
2023-11-18 00:51:28 ok && -
2023-11-18 00:51:31 CHB 1908974?1700239888 第 1 次 等待 3 秒
2023-11-18 00:51:34 CHB 1908974?1700239888 第 1 次 获取到号码【1908974】GSD
2023-11-18 00:51:34 未获取到号码【1908974】GSD，可能号码格式错误
2023-11-18 00:51:34 获取到号码【1908974】的GSD为【-】
2023-11-18 00:51:41 GSD insert 第 1 次 等待 3 秒
2023-11-18 00:51:44 {"status":"bad","gid":"656752","msg":"添加失败！号码【1908974(-|-)】已存在！"}

2023-11-18 01:16:05 开始第 9061 次操作

2023-11-18 01:16:05 开始操作号码 【1908975】
2023-11-18 01:16:10 GSD getOne 第 1 次 等待 3 秒
2023-11-18 01:16:13 查询号码 【1908975】，返回信息 {"status":"ok","msg":"-","gid":"656775","time_insert":"2023-04-15 21:06"}
2023-11-18 01:16:13 查询号码 【1908975】，GSD为【"-"】
2023-11-18 01:16:13 ok && -
2023-11-18 01:16:16 CHB 1908975?1700241373 第 1 次 等待 3 秒
2023-11-18 01:16:19 CHB 1908975?1700241373 第 1 次 获取到号码【1908975】GSD
2023-11-18 01:16:19 未获取到号码【1908975】GSD，可能号码格式错误
2023-11-18 01:16:19 获取到号码【1908975】的GSD为【-】
2023-11-18 01:16:25 GSD insert 第 1 次 等待 3 秒
2023-11-18 01:16:28 {"status":"bad","gid":"656775","msg":"添加失败！号码【1908975(-|-)】已存在！"}
2023-11-18 01:16:28 随机等待 164 秒，约 2 分钟
2023-11-18 01:16:28 下次操作: 2023-11-18 01:19:12

2023-11-18 01:19:12 开始第 9062 次操作

2023-11-18 01:19:12 开始操作号码 【1908976】
2023-11-18 01:19:19 GSD getOne 第 1 次 等待 3 秒
2023-11-18 01:19:22 查询号码 【1908976】，返回信息 {"status":"ok","msg":"-","gid":"656798","time_insert":"2023-04-15 21:26"}
2023-11-18 01:19:22 查询号码 【1908976】，GSD为【"-"】
2023-11-18 01:19:22 ok && -
2023-11-18 01:19:24 CHB 1908976?1700241562 第 1 次 等待 3 秒
2023-11-18 01:19:27 CHB 1908976?1700241562 第 1 次 获取到号码【1908976】GSD
2023-11-18 01:19:27 未获取到号码【1908976】GSD，可能号码格式错误
2023-11-18 01:19:27 获取到号码【1908976】的GSD为【-】
2023-11-18 01:19:30 GSD insert 第 1 次 等待 3 秒
2023-11-18 01:19:33 {"status":"bad","gid":"656798","msg":"添加失败！号码【1908976(-|-)】已存在！"}
2023-11-18 01:19:33 随机等待 85 秒，约 1 分钟
2023-11-18 01:19:33 下次操作: 2023-11-18 01:20:58

2023-11-18 01:20:58 开始第 9063 次操作

2023-11-18 01:20:58 开始操作号码 【1908977】
2023-11-18 01:21:01 GSD getOne 第 1 次 等待 3 秒
2023-11-18 01:21:04 查询号码 【1908977】，返回信息 {"status":"ok","msg":"-","gid":"656823","time_insert":"2023-04-15 21:45"}
2023-11-18 01:21:04 查询号码 【1908977】，GSD为【"-"】
2023-11-18 01:21:04 ok && -
2023-11-18 01:21:09 CHB 1908977?1700241664 第 1 次 等待 3 秒
2023-11-18 01:21:12 CHB 1908977?1700241664 第 1 次 获取到号码【1908977】GSD
2023-11-18 01:21:12 未获取到号码【1908977】GSD，可能号码格式错误
2023-11-18 01:21:12 获取到号码【1908977】的GSD为【-】
2023-11-18 01:21:15 GSD insert 第 1 次 等待 3 秒
2023-11-18 01:21:18 {"status":"bad","gid":"656823","msg":"添加失败！号码【1908977(-|-)】已存在！"}
2023-11-18 01:21:18 随机等待 78 秒，约 1 分钟
2023-11-18 01:21:18 下次操作: 2023-11-18 01:22:36

2023-11-18 01:22:36 开始第 9064 次操作

2023-11-18 01:22:36 开始操作号码 【1908978】
2023-11-18 01:22:44 GSD getOne 第 1 次 等待 3 秒
2023-11-18 01:22:47 查询号码 【1908978】，返回信息 {"status":"ok","msg":"-","gid":"656851","time_insert":"2023-04-15 22:03"}
2023-11-18 01:22:47 查询号码 【1908978】，GSD为【"-"】
2023-11-18 01:22:47 ok && -
2023-11-18 01:22:50 CHB 1908978?1700241767 第 1 次 等待 3 秒
2023-11-18 01:22:53 CHB 1908978?1700241767 第 1 次 获取到号码【1908978】GSD
2023-11-18 01:22:53 未获取到号码【1908978】GSD，可能号码格式错误
2023-11-18 01:22:53 获取到号码【1908978】的GSD为【-】
2023-11-18 01:22:57 GSD insert 第 1 次 等待 3 秒
2023-11-18 01:23:00 {"status":"bad","gid":"656851","msg":"添加失败！号码【1908978(-|-)】已存在！"}

2023-11-18 01:38:00 开始第 9065 次操作

2023-11-18 01:38:00 开始操作号码 【1908979】
2023-11-18 01:38:03 GSD getOne 第 1 次 等待 3 秒
2023-11-18 01:38:06 查询号码 【1908979】，返回信息 {"status":"ok","msg":"-","gid":"656878","time_insert":"2023-04-15 22:21"}
2023-11-18 01:38:06 查询号码 【1908979】，GSD为【"-"】
2023-11-18 01:38:06 ok && -
2023-11-18 01:38:09 CHB 1908979?1700242686 第 1 次 等待 3 秒
2023-11-18 01:38:12 CHB 1908979?1700242686 第 1 次 获取到号码【1908979】GSD
2023-11-18 01:38:12 未获取到号码【1908979】GSD，可能号码格式错误
2023-11-18 01:38:12 获取到号码【1908979】的GSD为【-】
2023-11-18 01:38:15 GSD insert 第 1 次 等待 3 秒
2023-11-18 01:38:18 {"status":"bad","gid":"656878","msg":"添加失败！号码【1908979(-|-)】已存在！"}
2023-11-18 01:38:18 随机等待 111 秒，约 1 分钟
2023-11-18 01:38:18 下次操作: 2023-11-18 01:40:09

2023-11-18 01:40:09 开始第 9066 次操作

2023-11-18 01:40:09 开始操作号码 【1908980】
2023-11-18 01:40:15 GSD getOne 第 1 次 等待 3 秒
2023-11-18 01:40:18 查询号码 【1908980】，返回信息 {"status":"ok","msg":"-","gid":"656903","time_insert":"2023-04-15 22:36"}
2023-11-18 01:40:18 查询号码 【1908980】，GSD为【"-"】
2023-11-18 01:40:18 ok && -
2023-11-18 01:40:22 CHB 1908980?1700242818 第 1 次 等待 3 秒
2023-11-18 01:40:25 CHB 1908980?1700242818 第 1 次 获取到号码【1908980】GSD
2023-11-18 01:40:25 未获取到号码【1908980】GSD，可能号码格式错误
2023-11-18 01:40:25 获取到号码【1908980】的GSD为【-】
2023-11-18 01:40:28 GSD insert 第 1 次 等待 3 秒
2023-11-18 01:40:31 {"status":"bad","gid":"656903","msg":"添加失败！号码【1908980(-|-)】已存在！"}
2023-11-18 01:40:31 随机等待 130 秒，约 2 分钟
2023-11-18 01:40:31 下次操作: 2023-11-18 01:42:41

2023-11-18 01:42:41 开始第 9067 次操作

2023-11-18 01:42:41 开始操作号码 【1908981】
2023-11-18 01:42:44 GSD getOne 第 1 次 等待 3 秒
2023-11-18 01:42:47 查询号码 【1908981】，返回信息 {"status":"ok","msg":"-","gid":"656930","time_insert":"2023-04-15 22:53"}
2023-11-18 01:42:47 查询号码 【1908981】，GSD为【"-"】
2023-11-18 01:42:47 ok && -
2023-11-18 01:42:49 CHB 1908981?1700242967 第 1 次 等待 3 秒
2023-11-18 01:42:52 CHB 1908981?1700242967 第 1 次 获取到号码【1908981】GSD
2023-11-18 01:42:52 未获取到号码【1908981】GSD，可能号码格式错误
2023-11-18 01:42:52 获取到号码【1908981】的GSD为【-】
2023-11-18 01:42:55 GSD insert 第 1 次 等待 3 秒
2023-11-18 01:42:58 {"status":"bad","gid":"656930","msg":"添加失败！号码【1908981(-|-)】已存在！"}
2023-11-18 01:42:58 随机等待 104 秒，约 1 分钟
2023-11-18 01:42:58 下次操作: 2023-11-18 01:44:42

2023-11-18 01:44:42 开始第 9068 次操作

2023-11-18 01:44:42 开始操作号码 【1908982】
2023-11-18 01:44:46 GSD getOne 第 1 次 等待 3 秒
2023-11-18 01:44:49 查询号码 【1908982】，返回信息 {"status":"ok","msg":"-","gid":"656960","time_insert":"2023-04-15 23:12"}
2023-11-18 01:44:49 查询号码 【1908982】，GSD为【"-"】
2023-11-18 01:44:49 ok && -
2023-11-18 01:44:51 CHB 1908982?1700243089 第 1 次 等待 3 秒
2023-11-18 01:44:54 CHB 1908982?1700243089 第 1 次 获取到号码【1908982】GSD
2023-11-18 01:44:54 未获取到号码【1908982】GSD，可能号码格式错误
2023-11-18 01:44:54 获取到号码【1908982】的GSD为【-】
2023-11-18 01:44:57 GSD insert 第 1 次 等待 3 秒
2023-11-18 01:45:00 {"status":"bad","gid":"656960","msg":"添加失败！号码【1908982(-|-)】已存在！"}

2023-11-18 02:22:37 开始第 9069 次操作

2023-11-18 02:22:37 开始操作号码 【1908983】
2023-11-18 02:22:41 GSD getOne 第 1 次 等待 3 秒
2023-11-18 02:22:44 查询号码 【1908983】，返回信息 {"status":"ok","msg":"-","gid":"656985","time_insert":"2023-04-15 23:30"}
2023-11-18 02:22:44 查询号码 【1908983】，GSD为【"-"】
2023-11-18 02:22:44 ok && -
2023-11-18 02:22:46 CHB 1908983?1700245364 第 1 次 等待 3 秒
2023-11-18 02:22:49 CHB 1908983?1700245364 第 1 次 获取到号码【1908983】GSD
2023-11-18 02:22:49 未获取到号码【1908983】GSD，可能号码格式错误
2023-11-18 02:22:49 获取到号码【1908983】的GSD为【-】
2023-11-18 02:22:52 GSD insert 第 1 次 等待 3 秒
2023-11-18 02:22:55 {"status":"bad","gid":"656985","msg":"添加失败！号码【1908983(-|-)】已存在！"}
2023-11-18 02:22:55 随机等待 141 秒，约 2 分钟
2023-11-18 02:22:55 下次操作: 2023-11-18 02:25:16

2023-11-18 02:25:16 开始第 9070 次操作

2023-11-18 02:25:16 开始操作号码 【1908984】
2023-11-18 02:25:20 GSD getOne 第 1 次 等待 3 秒
2023-11-18 02:25:23 查询号码 【1908984】，返回信息 {"status":"ok","msg":"-","gid":"657013","time_insert":"2023-04-15 23:46"}
2023-11-18 02:25:23 查询号码 【1908984】，GSD为【"-"】
2023-11-18 02:25:23 ok && -
2023-11-18 02:25:26 CHB 1908984?1700245523 第 1 次 等待 3 秒
2023-11-18 02:25:29 CHB 1908984?1700245523 第 1 次 获取到号码【1908984】GSD
2023-11-18 02:25:29 未获取到号码【1908984】GSD，可能号码格式错误
2023-11-18 02:25:29 获取到号码【1908984】的GSD为【-】
2023-11-18 02:25:32 GSD insert 第 1 次 等待 3 秒
2023-11-18 02:25:35 {"status":"bad","gid":"657013","msg":"添加失败！号码【1908984(-|-)】已存在！"}
2023-11-18 02:25:35 随机等待 130 秒，约 2 分钟
2023-11-18 02:25:35 下次操作: 2023-11-18 02:27:45

2023-11-18 02:27:45 开始第 9071 次操作

2023-11-18 02:27:45 开始操作号码 【1908985】
2023-11-18 02:27:52 GSD getOne 第 1 次 等待 3 秒
2023-11-18 02:27:55 查询号码 【1908985】，返回信息 {"status":"ok","msg":"-","gid":"657039","time_insert":"2023-04-16 00:04"}
2023-11-18 02:27:55 查询号码 【1908985】，GSD为【"-"】
2023-11-18 02:27:55 ok && -
2023-11-18 02:27:57 CHB 1908985?1700245675 第 1 次 等待 3 秒
2023-11-18 02:28:00 CHB 1908985?1700245675 第 1 次 获取到号码【1908985】GSD
2023-11-18 02:28:00 未获取到号码【1908985】GSD，可能号码格式错误
2023-11-18 02:28:00 获取到号码【1908985】的GSD为【-】
2023-11-18 02:28:04 GSD insert 第 1 次 等待 3 秒
2023-11-18 02:28:07 {"status":"bad","gid":"657039","msg":"添加失败！号码【1908985(-|-)】已存在！"}
2023-11-18 02:28:07 随机等待 132 秒，约 2 分钟
2023-11-18 02:28:07 下次操作: 2023-11-18 02:30:19

2023-11-18 02:30:19 开始第 9072 次操作

2023-11-18 02:30:19 开始操作号码 【1908986】
2023-11-18 02:30:22 GSD getOne 第 1 次 等待 3 秒
2023-11-18 02:30:25 查询号码 【1908986】，返回信息 {"status":"ok","msg":"-","gid":"657068","time_insert":"2023-04-16 00:23"}
2023-11-18 02:30:25 查询号码 【1908986】，GSD为【"-"】
2023-11-18 02:30:25 ok && -
2023-11-18 02:30:28 CHB 1908986?1700245825 第 1 次 等待 3 秒
2023-11-18 02:30:31 CHB 1908986?1700245825 第 1 次 获取到号码【1908986】GSD
2023-11-18 02:30:31 未获取到号码【1908986】GSD，可能号码格式错误
2023-11-18 02:30:31 获取到号码【1908986】的GSD为【-】
2023-11-18 02:30:34 GSD insert 第 1 次 等待 3 秒
2023-11-18 02:30:37 {"status":"bad","gid":"657068","msg":"添加失败！号码【1908986(-|-)】已存在！"}

2023-11-18 02:39:12 开始第 9073 次操作

2023-11-18 02:39:12 开始操作号码 【1908987】
2023-11-18 02:39:15 GSD getOne 第 1 次 等待 3 秒
2023-11-18 02:39:18 查询号码 【1908987】，返回信息 {"status":"ok","msg":"-","gid":"657092","time_insert":"2023-04-16 00:43"}
2023-11-18 02:39:19 查询号码 【1908987】，GSD为【"-"】
2023-11-18 02:39:19 ok && -
2023-11-18 02:39:21 CHB 1908987?1700246359 第 1 次 等待 3 秒
2023-11-18 02:39:24 CHB 1908987?1700246359 第 1 次 获取到号码【1908987】GSD
2023-11-18 02:39:24 未获取到号码【1908987】GSD，可能号码格式错误
2023-11-18 02:39:24 获取到号码【1908987】的GSD为【-】
2023-11-18 02:39:29 GSD insert 第 1 次 等待 3 秒
2023-11-18 02:39:32 {"status":"bad","gid":"657092","msg":"添加失败！号码【1908987(-|-)】已存在！"}
2023-11-18 02:39:32 随机等待 162 秒，约 2 分钟
2023-11-18 02:39:32 下次操作: 2023-11-18 02:42:14

2023-11-18 02:42:14 开始第 9074 次操作

2023-11-18 02:42:14 开始操作号码 【1908988】
2023-11-18 02:42:17 GSD getOne 第 1 次 等待 3 秒
2023-11-18 02:42:20 查询号码 【1908988】，返回信息 {"status":"ok","msg":"-","gid":"657125","time_insert":"2023-04-16 01:02"}
2023-11-18 02:42:20 查询号码 【1908988】，GSD为【"-"】
2023-11-18 02:42:20 ok && -
2023-11-18 02:42:23 CHB 1908988?1700246540 第 1 次 等待 3 秒
2023-11-18 02:42:26 CHB 1908988?1700246540 第 1 次 获取到号码【1908988】GSD
2023-11-18 02:42:26 未获取到号码【1908988】GSD，可能号码格式错误
2023-11-18 02:42:26 获取到号码【1908988】的GSD为【-】
2023-11-18 02:42:29 GSD insert 第 1 次 等待 3 秒
2023-11-18 02:42:32 {"status":"bad","gid":"657125","msg":"添加失败！号码【1908988(-|-)】已存在！"}
2023-11-18 02:42:32 随机等待 176 秒，约 2 分钟
2023-11-18 02:42:32 下次操作: 2023-11-18 02:45:28

2023-11-18 02:45:28 开始第 9075 次操作

2023-11-18 02:45:28 开始操作号码 【1908989】
2023-11-18 02:45:31 GSD getOne 第 1 次 等待 3 秒
2023-11-18 02:45:34 查询号码 【1908989】，返回信息 {"status":"ok","msg":"-","gid":"657151","time_insert":"2023-04-16 01:20"}
2023-11-18 02:45:35 查询号码 【1908989】，GSD为【"-"】
2023-11-18 02:45:35 ok && -
2023-11-18 02:45:37 CHB 1908989?1700246735 第 1 次 等待 3 秒
2023-11-18 02:45:40 CHB 1908989?1700246735 第 1 次 获取到号码【1908989】GSD
2023-11-18 02:45:40 未获取到号码【1908989】GSD，可能号码格式错误
2023-11-18 02:45:40 获取到号码【1908989】的GSD为【-】
2023-11-18 02:45:43 GSD insert 第 1 次 等待 3 秒
2023-11-18 02:45:46 {"status":"bad","gid":"657151","msg":"添加失败！号码【1908989(-|-)】已存在！"}
2023-11-18 02:45:46 随机等待 192 秒，约 3 分钟
2023-11-18 02:45:46 下次操作: 2023-11-18 02:48:58

2023-11-18 02:48:58 开始第 9076 次操作

2023-11-18 02:48:58 开始操作号码 【1908990】
2023-11-18 02:49:02 GSD getOne 第 1 次 等待 3 秒
2023-11-18 02:49:05 查询号码 【1908990】，返回信息 {"status":"ok","msg":"-","gid":"657175","time_insert":"2023-04-16 01:37"}
2023-11-18 02:49:05 查询号码 【1908990】，GSD为【"-"】
2023-11-18 02:49:05 ok && -
2023-11-18 02:49:08 CHB 1908990?1700246945 第 1 次 等待 3 秒
2023-11-18 02:49:11 CHB 1908990?1700246945 第 1 次 获取到号码【1908990】GSD
2023-11-18 02:49:11 未获取到号码【1908990】GSD，可能号码格式错误
2023-11-18 02:49:11 获取到号码【1908990】的GSD为【-】
2023-11-18 02:49:14 GSD insert 第 1 次 等待 3 秒
2023-11-18 02:49:17 {"status":"bad","gid":"657175","msg":"添加失败！号码【1908990(-|-)】已存在！"}

2023-11-18 03:14:09 开始第 9077 次操作

2023-11-18 03:14:09 开始操作号码 【1908991】
2023-11-18 03:14:12 GSD getOne 第 1 次 等待 3 秒
2023-11-18 03:14:15 查询号码 【1908991】，返回信息 {"status":"ok","msg":"-","gid":"657204","time_insert":"2023-04-16 01:53"}
2023-11-18 03:14:15 查询号码 【1908991】，GSD为【"-"】
2023-11-18 03:14:15 ok && -
2023-11-18 03:14:18 CHB 1908991?1700248455 第 1 次 等待 3 秒
2023-11-18 03:14:21 CHB 1908991?1700248455 第 1 次 获取到号码【1908991】GSD
2023-11-18 03:14:21 未获取到号码【1908991】GSD，可能号码格式错误
2023-11-18 03:14:21 获取到号码【1908991】的GSD为【-】
2023-11-18 03:14:25 GSD insert 第 1 次 等待 3 秒
2023-11-18 03:14:28 {"status":"bad","gid":"657204","msg":"添加失败！号码【1908991(-|-)】已存在！"}
2023-11-18 03:14:28 随机等待 227 秒，约 3 分钟
2023-11-18 03:14:28 下次操作: 2023-11-18 03:18:15

2023-11-18 03:18:15 开始第 9078 次操作

2023-11-18 03:18:15 开始操作号码 【1908992】
2023-11-18 03:18:19 GSD getOne 第 1 次 等待 3 秒
2023-11-18 03:18:22 查询号码 【1908992】，返回信息 {"status":"ok","msg":"-","gid":"657227","time_insert":"2023-04-16 02:10"}
2023-11-18 03:18:22 查询号码 【1908992】，GSD为【"-"】
2023-11-18 03:18:22 ok && -
2023-11-18 03:18:24 CHB 1908992?1700248702 第 1 次 等待 3 秒
2023-11-18 03:18:27 CHB 1908992?1700248702 第 1 次 获取到号码【1908992】GSD
2023-11-18 03:18:27 未获取到号码【1908992】GSD，可能号码格式错误
2023-11-18 03:18:27 获取到号码【1908992】的GSD为【-】
2023-11-18 03:18:31 GSD insert 第 1 次 等待 3 秒
2023-11-18 03:18:34 {"status":"bad","gid":"657227","msg":"添加失败！号码【1908992(-|-)】已存在！"}
2023-11-18 03:18:34 随机等待 77 秒，约 1 分钟
2023-11-18 03:18:34 下次操作: 2023-11-18 03:19:51

2023-11-18 03:19:51 开始第 9079 次操作

2023-11-18 03:19:51 开始操作号码 【1908993】
2023-11-18 03:19:54 GSD getOne 第 1 次 等待 3 秒
2023-11-18 03:19:57 查询号码 【1908993】，返回信息 {"status":"ok","msg":"-","gid":"657256","time_insert":"2023-04-16 02:29"}
2023-11-18 03:19:57 查询号码 【1908993】，GSD为【"-"】
2023-11-18 03:19:57 ok && -
2023-11-18 03:20:00 CHB 1908993?1700248797 第 1 次 等待 3 秒
2023-11-18 03:20:03 CHB 1908993?1700248797 第 1 次 获取到号码【1908993】GSD
2023-11-18 03:20:03 未获取到号码【1908993】GSD，可能号码格式错误
2023-11-18 03:20:03 获取到号码【1908993】的GSD为【-】
2023-11-18 03:20:06 GSD insert 第 1 次 等待 3 秒
2023-11-18 03:20:09 {"status":"bad","gid":"657256","msg":"添加失败！号码【1908993(-|-)】已存在！"}
2023-11-18 03:20:09 随机等待 119 秒，约 1 分钟
2023-11-18 03:20:09 下次操作: 2023-11-18 03:22:08

2023-11-18 03:22:08 开始第 9080 次操作

2023-11-18 03:22:08 开始操作号码 【1908994】
2023-11-18 03:22:12 GSD getOne 第 1 次 等待 3 秒
2023-11-18 03:22:15 查询号码 【1908994】，返回信息 {"status":"ok","msg":"-","gid":"657283","time_insert":"2023-04-16 02:47"}
2023-11-18 03:22:15 查询号码 【1908994】，GSD为【"-"】
2023-11-18 03:22:15 ok && -
2023-11-18 03:22:17 CHB 1908994?1700248935 第 1 次 等待 3 秒
2023-11-18 03:22:20 CHB 1908994?1700248935 第 1 次 获取到号码【1908994】GSD
2023-11-18 03:22:20 未获取到号码【1908994】GSD，可能号码格式错误
2023-11-18 03:22:20 获取到号码【1908994】的GSD为【-】
2023-11-18 03:22:24 GSD insert 第 1 次 等待 3 秒
2023-11-18 03:22:27 {"status":"bad","gid":"657283","msg":"添加失败！号码【1908994(-|-)】已存在！"}

