2023-12-06 00:24:37 开始第 1601 次操作

2023-12-06 00:24:37 开始操作号码 【1801516】
2023-12-06 00:24:41 GSD getOne 第 1 次 等待 3 秒
2023-12-06 00:24:44 查询号码 【1801516】，返回信息 {"status":"ok","msg":"江苏-淮安","gid":"269900","time_insert":"2021-07-14 01:10"}
2023-12-06 00:24:44 查询号码 【1801516】，GSD为【"江苏-淮安"】

2023-12-06 00:24:45 开始第 1602 次操作

2023-12-06 00:24:45 开始操作号码 【1801517】
2023-12-06 00:24:48 GSD getOne 第 1 次 等待 3 秒
2023-12-06 00:24:51 查询号码 【1801517】，返回信息 {"status":"ok","msg":"江苏-淮安","gid":"31984","time_insert":"2017-04-19 11:23","time_update":"2020-08-26 02:58"}
2023-12-06 00:24:51 查询号码 【1801517】，GSD为【"江苏-淮安"】

2023-12-06 00:24:52 开始第 1603 次操作

2023-12-06 00:24:52 开始操作号码 【1801518】
2023-12-06 00:24:56 GSD getOne 第 1 次 等待 3 秒
2023-12-06 00:24:59 查询号码 【1801518】，返回信息 {"status":"ok","msg":"江苏-淮安","gid":"269911","time_insert":"2021-07-14 01:10"}
2023-12-06 00:24:59 查询号码 【1801518】，GSD为【"江苏-淮安"】

2023-12-06 00:25:00 开始第 1604 次操作

2023-12-06 00:25:00 开始操作号码 【1801519】
2023-12-06 00:25:03 GSD getOne 第 1 次 等待 3 秒
2023-12-06 00:25:06 查询号码 【1801519】，返回信息 {"status":"ok","msg":"江苏-淮安","gid":"269919","time_insert":"2021-07-14 01:11"}
2023-12-06 00:25:06 查询号码 【1801519】，GSD为【"江苏-淮安"】

2023-12-06 00:41:41 开始第 1605 次操作

2023-12-06 00:41:41 开始操作号码 【1801520】
2023-12-06 00:41:45 GSD getOne 第 1 次 等待 3 秒
2023-12-06 00:41:48 查询号码 【1801520】，返回信息 {"status":"ok","msg":"江苏-南通","gid":"269927","time_insert":"2021-07-14 01:11"}
2023-12-06 00:41:48 查询号码 【1801520】，GSD为【"江苏-南通"】

2023-12-06 00:41:49 开始第 1606 次操作

2023-12-06 00:41:49 开始操作号码 【1801521】
2023-12-06 00:41:54 GSD getOne 第 1 次 等待 3 秒
2023-12-06 00:41:57 查询号码 【1801521】，返回信息 {"status":"ok","msg":"江苏-南通","gid":"269935","time_insert":"2021-07-14 01:12"}
2023-12-06 00:41:57 查询号码 【1801521】，GSD为【"江苏-南通"】

2023-12-06 00:41:58 开始第 1607 次操作

2023-12-06 00:41:58 开始操作号码 【1801522】
2023-12-06 00:42:04 GSD getOne 第 1 次 等待 3 秒
2023-12-06 00:42:07 查询号码 【1801522】，返回信息 {"status":"ok","msg":"江苏-南通","gid":"269949","time_insert":"2021-07-14 01:12"}
2023-12-06 00:42:07 查询号码 【1801522】，GSD为【"江苏-南通"】

2023-12-06 00:42:08 开始第 1608 次操作

2023-12-06 00:42:08 开始操作号码 【1801523】
2023-12-06 00:42:11 GSD getOne 第 1 次 等待 3 秒
2023-12-06 00:42:14 查询号码 【1801523】，返回信息 {"status":"ok","msg":"江苏-南通","gid":"269956","time_insert":"2021-07-14 01:13"}
2023-12-06 00:42:14 查询号码 【1801523】，GSD为【"江苏-南通"】

2023-12-06 01:16:38 开始第 1609 次操作

2023-12-06 01:16:38 开始操作号码 【1801524】
2023-12-06 01:16:42 GSD getOne 第 1 次 等待 3 秒
2023-12-06 01:16:45 查询号码 【1801524】，返回信息 {"status":"ok","msg":"江苏-南通","gid":"269963","time_insert":"2021-07-14 01:13"}
2023-12-06 01:16:45 查询号码 【1801524】，GSD为【"江苏-南通"】

2023-12-06 01:16:46 开始第 1610 次操作

2023-12-06 01:16:46 开始操作号码 【1801525】
2023-12-06 01:16:50 GSD getOne 第 1 次 等待 3 秒
2023-12-06 01:16:53 查询号码 【1801525】，返回信息 {"status":"ok","msg":"江苏-镇江","gid":"269971","time_insert":"2021-07-14 01:13"}
2023-12-06 01:16:53 查询号码 【1801525】，GSD为【"江苏-镇江"】

2023-12-06 01:16:54 开始第 1611 次操作

2023-12-06 01:16:54 开始操作号码 【1801526】
2023-12-06 01:16:58 GSD getOne 第 1 次 等待 3 秒
2023-12-06 01:17:01 查询号码 【1801526】，返回信息 {"status":"ok","msg":"江苏-镇江","gid":"269977","time_insert":"2021-07-14 01:14"}
2023-12-06 01:17:01 查询号码 【1801526】，GSD为【"江苏-镇江"】

2023-12-06 01:17:02 开始第 1612 次操作

2023-12-06 01:17:02 开始操作号码 【1801527】
2023-12-06 01:17:05 GSD getOne 第 1 次 等待 3 秒
2023-12-06 01:17:08 查询号码 【1801527】，返回信息 {"status":"ok","msg":"江苏-常州","gid":"269981","time_insert":"2021-07-14 01:14"}
2023-12-06 01:17:08 查询号码 【1801527】，GSD为【"江苏-常州"】

2023-12-06 01:37:58 开始第 1613 次操作

2023-12-06 01:37:58 开始操作号码 【1801528】
2023-12-06 01:38:04 GSD getOne 第 1 次 等待 3 秒
2023-12-06 01:38:07 查询号码 【1801528】，返回信息 {"status":"ok","msg":"江苏-常州","gid":"269993","time_insert":"2021-07-14 01:15"}
2023-12-06 01:38:07 查询号码 【1801528】，GSD为【"江苏-常州"】

2023-12-06 01:38:08 开始第 1614 次操作

2023-12-06 01:38:08 开始操作号码 【1801529】
2023-12-06 01:38:12 GSD getOne 第 1 次 等待 3 秒
2023-12-06 01:38:15 查询号码 【1801529】，返回信息 {"status":"ok","msg":"江苏-常州","gid":"270001","time_insert":"2021-07-14 01:15"}
2023-12-06 01:38:15 查询号码 【1801529】，GSD为【"江苏-常州"】

2023-12-06 01:38:16 开始第 1615 次操作

2023-12-06 01:38:16 开始操作号码 【1801530】
2023-12-06 01:38:20 GSD getOne 第 1 次 等待 3 秒
2023-12-06 01:38:23 查询号码 【1801530】，返回信息 {"status":"ok","msg":"江苏-无锡","gid":"270008","time_insert":"2021-07-14 01:16"}
2023-12-06 01:38:23 查询号码 【1801530】，GSD为【"江苏-无锡"】

2023-12-06 01:38:24 开始第 1616 次操作

2023-12-06 01:38:24 开始操作号码 【1801531】
2023-12-06 01:38:28 GSD getOne 第 1 次 等待 3 秒
2023-12-06 01:38:31 查询号码 【1801531】，返回信息 {"status":"ok","msg":"江苏-无锡","gid":"270017","time_insert":"2021-07-14 01:16"}
2023-12-06 01:38:31 查询号码 【1801531】，GSD为【"江苏-无锡"】

2023-12-06 02:21:37 开始第 1617 次操作

2023-12-06 02:21:37 开始操作号码 【1801532】
2023-12-06 02:21:41 GSD getOne 第 1 次 等待 3 秒
2023-12-06 02:21:44 查询号码 【1801532】，返回信息 {"status":"ok","msg":"江苏-无锡","gid":"270021","time_insert":"2021-07-14 01:17"}
2023-12-06 02:21:44 查询号码 【1801532】，GSD为【"江苏-无锡"】

2023-12-06 02:21:45 开始第 1618 次操作

2023-12-06 02:21:45 开始操作号码 【1801533】
2023-12-06 02:21:49 GSD getOne 第 1 次 等待 3 秒
2023-12-06 02:21:52 查询号码 【1801533】，返回信息 {"status":"ok","msg":"江苏-无锡","gid":"270027","time_insert":"2021-07-14 01:17"}
2023-12-06 02:21:52 查询号码 【1801533】，GSD为【"江苏-无锡"】

2023-12-06 02:21:53 开始第 1619 次操作

2023-12-06 02:21:53 开始操作号码 【1801534】
2023-12-06 02:21:56 GSD getOne 第 1 次 等待 3 秒
2023-12-06 02:21:59 查询号码 【1801534】，返回信息 {"status":"ok","msg":"江苏-无锡","gid":"270034","time_insert":"2021-07-14 01:18"}
2023-12-06 02:21:59 查询号码 【1801534】，GSD为【"江苏-无锡"】

2023-12-06 02:22:00 开始第 1620 次操作

2023-12-06 02:22:00 开始操作号码 【1801535】
2023-12-06 02:22:04 GSD getOne 第 1 次 等待 3 秒
2023-12-06 02:22:07 查询号码 【1801535】，返回信息 {"status":"ok","msg":"江苏-无锡","gid":"270039","time_insert":"2021-07-14 01:18"}
2023-12-06 02:22:07 查询号码 【1801535】，GSD为【"江苏-无锡"】

2023-12-06 02:38:42 开始第 1621 次操作

2023-12-06 02:38:42 开始操作号码 【1801536】
2023-12-06 02:38:47 GSD getOne 第 1 次 等待 3 秒
2023-12-06 02:38:50 查询号码 【1801536】，返回信息 {"status":"ok","msg":"江苏-无锡","gid":"270042","time_insert":"2021-07-14 01:19"}
2023-12-06 02:38:50 查询号码 【1801536】，GSD为【"江苏-无锡"】

2023-12-06 02:38:51 开始第 1622 次操作

2023-12-06 02:38:51 开始操作号码 【1801537】
2023-12-06 02:38:54 GSD getOne 第 1 次 等待 3 秒
2023-12-06 02:38:57 查询号码 【1801537】，返回信息 {"status":"ok","msg":"江苏-无锡","gid":"270123","time_insert":"2021-07-14 01:45"}
2023-12-06 02:38:57 查询号码 【1801537】，GSD为【"江苏-无锡"】

2023-12-06 02:38:58 开始第 1623 次操作

2023-12-06 02:38:58 开始操作号码 【1801538】
2023-12-06 02:39:02 GSD getOne 第 1 次 等待 3 秒
2023-12-06 02:39:05 查询号码 【1801538】，返回信息 {"status":"ok","msg":"江苏-无锡","gid":"270132","time_insert":"2021-07-14 01:45"}
2023-12-06 02:39:05 查询号码 【1801538】，GSD为【"江苏-无锡"】

2023-12-06 02:39:06 开始第 1624 次操作

2023-12-06 02:39:06 开始操作号码 【1801539】
2023-12-06 02:39:09 GSD getOne 第 1 次 等待 3 秒
2023-12-06 02:39:12 查询号码 【1801539】，返回信息 {"status":"ok","msg":"江苏-无锡","gid":"270135","time_insert":"2021-07-14 01:46"}
2023-12-06 02:39:12 查询号码 【1801539】，GSD为【"江苏-无锡"】

2023-12-06 03:13:13 开始第 1625 次操作

2023-12-06 03:13:13 开始操作号码 【1801540】
2023-12-06 03:13:36 GSD getOne 第 1 次 等待 3 秒
2023-12-06 03:13:39 查询号码 【1801540】，返回信息 {"status":"ok","msg":"江苏-苏州","gid":"270142","time_insert":"2021-07-14 01:46"}
2023-12-06 03:13:39 查询号码 【1801540】，GSD为【"江苏-苏州"】

2023-12-06 03:13:40 开始第 1626 次操作

2023-12-06 03:13:40 开始操作号码 【1801541】
2023-12-06 03:13:49 GSD getOne 第 1 次 等待 3 秒
2023-12-06 03:13:52 查询号码 【1801541】，返回信息 {"status":"ok","msg":"江苏-苏州","gid":"270148","time_insert":"2021-07-14 01:46"}
2023-12-06 03:13:52 查询号码 【1801541】，GSD为【"江苏-苏州"】

2023-12-06 03:13:53 开始第 1627 次操作

2023-12-06 03:13:53 开始操作号码 【1801542】
2023-12-06 03:14:04 GSD getOne 第 1 次 等待 3 秒
2023-12-06 03:14:07 查询号码 【1801542】，返回信息 {"status":"ok","msg":"江苏-苏州","gid":"270159","time_insert":"2021-07-14 01:47"}
2023-12-06 03:14:07 查询号码 【1801542】，GSD为【"江苏-苏州"】

2023-12-06 03:14:08 开始第 1628 次操作

2023-12-06 03:14:08 开始操作号码 【1801543】
2023-12-06 03:14:15 GSD getOne 第 1 次 等待 3 秒
2023-12-06 03:14:18 查询号码 【1801543】，返回信息 {"status":"ok","msg":"江苏-苏州","gid":"270162","time_insert":"2021-07-14 01:47"}
2023-12-06 03:14:18 查询号码 【1801543】，GSD为【"江苏-苏州"】

2023-12-06 03:37:39 开始第 1629 次操作

2023-12-06 03:37:39 开始操作号码 【1801544】
2023-12-06 03:37:44 GSD getOne 第 1 次 等待 3 秒
2023-12-06 03:37:47 查询号码 【1801544】，返回信息 {"status":"ok","msg":"江苏-苏州","gid":"270169","time_insert":"2021-07-14 01:48"}
2023-12-06 03:37:47 查询号码 【1801544】，GSD为【"江苏-苏州"】

2023-12-06 03:37:48 开始第 1630 次操作

2023-12-06 03:37:48 开始操作号码 【1801545】
2023-12-06 03:37:52 GSD getOne 第 1 次 等待 3 秒
2023-12-06 03:37:55 查询号码 【1801545】，返回信息 {"status":"ok","msg":"江苏-苏州","gid":"270177","time_insert":"2021-07-14 01:48"}
2023-12-06 03:37:55 查询号码 【1801545】，GSD为【"江苏-苏州"】

2023-12-06 03:37:56 开始第 1631 次操作

2023-12-06 03:37:56 开始操作号码 【1801546】
2023-12-06 03:37:59 GSD getOne 第 1 次 等待 3 秒
2023-12-06 03:38:02 查询号码 【1801546】，返回信息 {"status":"ok","msg":"江苏-苏州","gid":"270183","time_insert":"2021-07-14 01:48"}
2023-12-06 03:38:03 查询号码 【1801546】，GSD为【"江苏-苏州"】

2023-12-06 03:38:04 开始第 1632 次操作

2023-12-06 03:38:04 开始操作号码 【1801547】
2023-12-06 03:38:07 GSD getOne 第 1 次 等待 3 秒
2023-12-06 03:38:10 查询号码 【1801547】，返回信息 {"status":"ok","msg":"江苏-苏州","gid":"270191","time_insert":"2021-07-14 01:49"}
2023-12-06 03:38:10 查询号码 【1801547】，GSD为【"江苏-苏州"】

2023-12-06 04:18:54 开始第 1633 次操作

2023-12-06 04:18:54 开始操作号码 【1801548】
2023-12-06 04:18:57 GSD getOne 第 1 次 等待 3 秒
2023-12-06 04:19:00 查询号码 【1801548】，返回信息 {"status":"ok","msg":"江苏-苏州","gid":"270198","time_insert":"2021-07-14 01:49"}
2023-12-06 04:19:01 查询号码 【1801548】，GSD为【"江苏-苏州"】

2023-12-06 04:19:02 开始第 1634 次操作

2023-12-06 04:19:02 开始操作号码 【1801549】
2023-12-06 04:19:05 GSD getOne 第 1 次 等待 3 秒
2023-12-06 04:19:08 查询号码 【1801549】，返回信息 {"status":"ok","msg":"江苏-苏州","gid":"270202","time_insert":"2021-07-14 01:50"}
2023-12-06 04:19:08 查询号码 【1801549】，GSD为【"江苏-苏州"】

2023-12-06 04:19:10 开始第 1635 次操作

2023-12-06 04:19:10 开始操作号码 【1801550】
2023-12-06 04:19:13 GSD getOne 第 1 次 等待 3 秒
2023-12-06 04:19:16 查询号码 【1801550】，返回信息 {"status":"ok","msg":"江苏-苏州","gid":"270212","time_insert":"2021-07-14 01:50"}
2023-12-06 04:19:16 查询号码 【1801550】，GSD为【"江苏-苏州"】

2023-12-06 04:19:17 开始第 1636 次操作

2023-12-06 04:19:17 开始操作号码 【1801551】
2023-12-06 04:19:21 GSD getOne 第 1 次 等待 3 秒
2023-12-06 04:19:24 查询号码 【1801551】，返回信息 {"status":"ok","msg":"江苏-苏州","gid":"270219","time_insert":"2021-07-14 01:50"}
2023-12-06 04:19:24 查询号码 【1801551】，GSD为【"江苏-苏州"】

2023-12-06 04:38:01 开始第 1637 次操作

2023-12-06 04:38:01 开始操作号码 【1801552】
2023-12-06 04:38:08 GSD getOne 第 1 次 等待 3 秒
2023-12-06 04:38:11 查询号码 【1801552】，返回信息 {"status":"ok","msg":"江苏-苏州","gid":"270227","time_insert":"2021-07-14 01:51"}
2023-12-06 04:38:11 查询号码 【1801552】，GSD为【"江苏-苏州"】

2023-12-06 04:38:12 开始第 1638 次操作

2023-12-06 04:38:12 开始操作号码 【1801553】
2023-12-06 04:38:27 GSD getOne 第 1 次 等待 3 秒
2023-12-06 04:38:30 查询号码 【1801553】，返回信息 {"status":"ok","msg":"江苏-苏州","gid":"270233","time_insert":"2021-07-14 01:51"}
2023-12-06 04:38:30 查询号码 【1801553】，GSD为【"江苏-苏州"】

2023-12-06 04:38:31 开始第 1639 次操作

2023-12-06 04:38:31 开始操作号码 【1801554】
2023-12-06 04:43:31 GSD getOne 第 1 次 等待 3 秒
2023-12-06 04:43:56 GSD getOne 第 2 次 等待 3 秒
2023-12-06 04:43:59 查询号码 【1801554】，返回信息 {"status":"ok","msg":"江苏-苏州","gid":"270240","time_insert":"2021-07-14 01:52"}
2023-12-06 04:43:59 查询号码 【1801554】，GSD为【"江苏-苏州"】

2023-12-06 04:44:00 开始第 1640 次操作

2023-12-06 04:44:00 开始操作号码 【1801555】
2023-12-06 04:45:07 GSD getOne 第 1 次 等待 3 秒
2023-12-06 04:45:10 查询号码 【1801555】，返回信息 {"status":"ok","msg":"江苏-苏州","gid":"31985","time_insert":"2017-04-19 11:23","time_update":"2020-08-26 03:02"}
2023-12-06 04:45:11 查询号码 【1801555】，GSD为【"江苏-苏州"】

