2024-02-22 00:21:37 开始第 4945 次操作

2024-02-22 00:21:37 开始操作号码 【1694858】
2024-02-22 00:21:45 GSD getOne 第 1 次 等待 3 秒
2024-02-22 00:21:48 查询号码 【1694858】，返回信息 {"status":"ok","msg":"-","gid":"644805","time_insert":"2023-04-10 11:13"}
2024-02-22 00:21:48 查询号码 【1694858】，GSD为【"-"】
2024-02-22 00:21:48 ok && -
2024-02-22 00:21:51 CHB 1694858?1708532508 第 1 次 等待 3 秒
2024-02-22 00:21:54 CHB 1694858?1708532508 第 1 次 获取到号码【1694858】GSD
2024-02-22 00:21:54 未获取到号码【1694858】GSD，可能号码格式错误
2024-02-22 00:21:54 获取到号码【1694858】的GSD为【-】
2024-02-22 00:22:00 GSD insert 第 1 次 等待 3 秒
2024-02-22 00:22:03 {"status":"bad","gid":"644805","msg":"添加失败！号码【1694858(-|-)】已存在！"}
2024-02-22 00:22:03 随机等待 141 秒，约 2 分钟
2024-02-22 00:22:03 下次操作: 2024-02-22 00:24:24

2024-02-22 00:24:24 开始第 4946 次操作

2024-02-22 00:24:24 开始操作号码 【1694859】
2024-02-22 00:24:30 GSD getOne 第 1 次 等待 3 秒
2024-02-22 00:24:33 查询号码 【1694859】，返回信息 {"status":"ok","msg":"-","gid":"644812","time_insert":"2023-04-10 11:15"}
2024-02-22 00:24:33 查询号码 【1694859】，GSD为【"-"】
2024-02-22 00:24:33 ok && -
2024-02-22 00:24:36 CHB 1694859?1708532673 第 1 次 等待 3 秒
2024-02-22 00:24:39 CHB 1694859?1708532673 第 1 次 获取到号码【1694859】GSD
2024-02-22 00:24:39 未获取到号码【1694859】GSD，可能号码格式错误
2024-02-22 00:24:39 获取到号码【1694859】的GSD为【-】
2024-02-22 00:24:44 GSD insert 第 1 次 等待 3 秒
2024-02-22 00:24:47 {"status":"bad","gid":"644812","msg":"添加失败！号码【1694859(-|-)】已存在！"}
2024-02-22 00:24:47 随机等待 198 秒，约 3 分钟
2024-02-22 00:24:47 下次操作: 2024-02-22 00:28:05

2024-02-22 00:28:05 开始第 4947 次操作

2024-02-22 00:28:05 开始操作号码 【1694860】
2024-02-22 00:28:11 GSD getOne 第 1 次 等待 3 秒
2024-02-22 00:28:14 查询号码 【1694860】，返回信息 {"status":"ok","msg":"-","gid":"644820","time_insert":"2023-04-10 11:23"}
2024-02-22 00:28:14 查询号码 【1694860】，GSD为【"-"】
2024-02-22 00:28:14 ok && -
2024-02-22 00:28:17 CHB 1694860?1708532895 第 1 次 等待 3 秒
2024-02-22 00:28:20 CHB 1694860?1708532895 第 1 次 获取到号码【1694860】GSD
2024-02-22 00:28:20 未获取到号码【1694860】GSD，可能号码格式错误
2024-02-22 00:28:20 获取到号码【1694860】的GSD为【-】
2024-02-22 00:28:25 GSD insert 第 1 次 等待 3 秒
2024-02-22 00:28:28 {"status":"bad","gid":"644820","msg":"添加失败！号码【1694860(-|-)】已存在！"}
2024-02-22 00:28:28 随机等待 128 秒，约 2 分钟
2024-02-22 00:28:28 下次操作: 2024-02-22 00:30:36

2024-02-22 00:30:36 开始第 4948 次操作

2024-02-22 00:30:36 开始操作号码 【1694861】
2024-02-22 00:30:43 GSD getOne 第 1 次 等待 3 秒
2024-02-22 00:30:46 查询号码 【1694861】，返回信息 {"status":"ok","msg":"-","gid":"644823","time_insert":"2023-04-10 11:25"}
2024-02-22 00:30:46 查询号码 【1694861】，GSD为【"-"】
2024-02-22 00:30:46 ok && -
2024-02-22 00:30:49 CHB 1694861?1708533046 第 1 次 等待 3 秒
2024-02-22 00:30:52 CHB 1694861?1708533046 第 1 次 获取到号码【1694861】GSD
2024-02-22 00:30:52 未获取到号码【1694861】GSD，可能号码格式错误
2024-02-22 00:30:52 获取到号码【1694861】的GSD为【-】
2024-02-22 00:30:57 GSD insert 第 1 次 等待 3 秒
2024-02-22 00:31:00 {"status":"bad","gid":"644823","msg":"添加失败！号码【1694861(-|-)】已存在！"}

2024-02-22 00:38:55 开始第 4949 次操作

2024-02-22 00:38:55 开始操作号码 【1694862】
2024-02-22 00:39:03 GSD getOne 第 1 次 等待 3 秒
2024-02-22 00:39:06 查询号码 【1694862】，返回信息 {"status":"ok","msg":"-","gid":"644827","time_insert":"2023-04-10 11:27"}
2024-02-22 00:39:06 查询号码 【1694862】，GSD为【"-"】
2024-02-22 00:39:06 ok && -
2024-02-22 00:39:09 CHB 1694862?1708533546 第 1 次 等待 3 秒
2024-02-22 00:39:12 CHB 1694862?1708533546 第 1 次 获取到号码【1694862】GSD
2024-02-22 00:39:12 未获取到号码【1694862】GSD，可能号码格式错误
2024-02-22 00:39:12 获取到号码【1694862】的GSD为【-】
2024-02-22 00:39:19 GSD insert 第 1 次 等待 3 秒
2024-02-22 00:39:22 {"status":"bad","gid":"644827","msg":"添加失败！号码【1694862(-|-)】已存在！"}
2024-02-22 00:39:22 随机等待 96 秒，约 1 分钟
2024-02-22 00:39:22 下次操作: 2024-02-22 00:40:58

2024-02-22 00:40:58 开始第 4950 次操作

2024-02-22 00:40:58 开始操作号码 【1694863】
2024-02-22 00:41:02 GSD getOne 第 1 次 等待 3 秒
2024-02-22 00:41:05 查询号码 【1694863】，返回信息 {"status":"ok","msg":"-","gid":"644835","time_insert":"2023-04-10 11:30"}
2024-02-22 00:41:05 查询号码 【1694863】，GSD为【"-"】
2024-02-22 00:41:05 ok && -
2024-02-22 00:41:07 CHB 1694863?1708533666 第 1 次 等待 3 秒
2024-02-22 00:41:10 CHB 1694863?1708533666 第 1 次 获取到号码【1694863】GSD
2024-02-22 00:41:10 未获取到号码【1694863】GSD，可能号码格式错误
2024-02-22 00:41:10 获取到号码【1694863】的GSD为【-】
2024-02-22 00:41:16 GSD insert 第 1 次 等待 3 秒
2024-02-22 00:41:19 {"status":"bad","gid":"644835","msg":"添加失败！号码【1694863(-|-)】已存在！"}
2024-02-22 00:41:19 随机等待 123 秒，约 2 分钟
2024-02-22 00:41:19 下次操作: 2024-02-22 00:43:22

2024-02-22 00:43:22 开始第 4951 次操作

2024-02-22 00:43:22 开始操作号码 【1694864】
2024-02-22 00:43:27 GSD getOne 第 1 次 等待 3 秒
2024-02-22 00:43:30 查询号码 【1694864】，返回信息 {"status":"ok","msg":"-","gid":"644841","time_insert":"2023-04-10 11:33"}
2024-02-22 00:43:30 查询号码 【1694864】，GSD为【"-"】
2024-02-22 00:43:30 ok && -
2024-02-22 00:43:33 CHB 1694864?1708533810 第 1 次 等待 3 秒
2024-02-22 00:43:36 CHB 1694864?1708533810 第 1 次 获取到号码【1694864】GSD
2024-02-22 00:43:36 未获取到号码【1694864】GSD，可能号码格式错误
2024-02-22 00:43:36 获取到号码【1694864】的GSD为【-】
2024-02-22 00:43:41 GSD insert 第 1 次 等待 3 秒
2024-02-22 00:43:44 {"status":"bad","gid":"644841","msg":"添加失败！号码【1694864(-|-)】已存在！"}
2024-02-22 00:43:44 随机等待 122 秒，约 2 分钟
2024-02-22 00:43:44 下次操作: 2024-02-22 00:45:46

2024-02-22 00:45:46 开始第 4952 次操作

2024-02-22 00:45:46 开始操作号码 【1694865】
2024-02-22 00:45:54 GSD getOne 第 1 次 等待 3 秒
2024-02-22 00:45:57 查询号码 【1694865】，返回信息 {"status":"ok","msg":"-","gid":"644845","time_insert":"2023-04-10 11:35"}
2024-02-22 00:45:57 查询号码 【1694865】，GSD为【"-"】
2024-02-22 00:45:57 ok && -
2024-02-22 00:45:59 CHB 1694865?1708533957 第 1 次 等待 3 秒
2024-02-22 00:46:02 CHB 1694865?1708533957 第 1 次 获取到号码【1694865】GSD
2024-02-22 00:46:02 未获取到号码【1694865】GSD，可能号码格式错误
2024-02-22 00:46:02 获取到号码【1694865】的GSD为【-】
2024-02-22 00:46:07 GSD insert 第 1 次 等待 3 秒
2024-02-22 00:46:10 {"status":"bad","gid":"644845","msg":"添加失败！号码【1694865(-|-)】已存在！"}

