2024-02-11 00:20:31 开始第 2989 次操作

2024-02-11 00:20:31 开始操作号码 【1692902】
2024-02-11 00:20:36 GSD getOne 第 1 次 等待 3 秒
2024-02-11 00:20:39 查询号码 【1692902】，返回信息 {"status":"ok","msg":"-","gid":"610779","time_insert":"2023-03-24 03:54"}
2024-02-11 00:20:39 查询号码 【1692902】，GSD为【"-"】
2024-02-11 00:20:39 ok && -
2024-02-11 00:20:41 CHB 1692902?1707582039 第 1 次 等待 3 秒
2024-02-11 00:20:44 CHB 1692902?1707582039 第 1 次 获取到号码【1692902】GSD
2024-02-11 00:20:44 未获取到号码【1692902】GSD，可能号码格式错误
2024-02-11 00:20:44 获取到号码【1692902】的GSD为【-】
2024-02-11 00:20:48 GSD insert 第 1 次 等待 3 秒
2024-02-11 00:20:51 {"status":"bad","gid":"610779","msg":"添加失败！号码【1692902(-|-)】已存在！"}
2024-02-11 00:20:51 随机等待 191 秒，约 3 分钟
2024-02-11 00:20:51 下次操作: 2024-02-11 00:24:02

2024-02-11 00:24:02 开始第 2990 次操作

2024-02-11 00:24:02 开始操作号码 【1692903】
2024-02-11 00:24:07 GSD getOne 第 1 次 等待 3 秒
2024-02-11 00:24:10 查询号码 【1692903】，返回信息 {"status":"ok","msg":"-","gid":"610801","time_insert":"2023-03-24 04:14"}
2024-02-11 00:24:10 查询号码 【1692903】，GSD为【"-"】
2024-02-11 00:24:10 ok && -
2024-02-11 00:24:13 CHB 1692903?1707582250 第 1 次 等待 3 秒
2024-02-11 00:24:16 CHB 1692903?1707582250 第 1 次 获取到号码【1692903】GSD
2024-02-11 00:24:16 未获取到号码【1692903】GSD，可能号码格式错误
2024-02-11 00:24:16 获取到号码【1692903】的GSD为【-】
2024-02-11 00:24:20 GSD insert 第 1 次 等待 3 秒
2024-02-11 00:24:23 {"status":"bad","gid":"610801","msg":"添加失败！号码【1692903(-|-)】已存在！"}
2024-02-11 00:24:23 随机等待 170 秒，约 2 分钟
2024-02-11 00:24:23 下次操作: 2024-02-11 00:27:13

2024-02-11 00:27:13 开始第 2991 次操作

2024-02-11 00:27:13 开始操作号码 【1692904】
2024-02-11 00:27:17 GSD getOne 第 1 次 等待 3 秒
2024-02-11 00:27:20 查询号码 【1692904】，返回信息 {"status":"ok","msg":"-","gid":"610830","time_insert":"2023-03-24 04:33"}
2024-02-11 00:27:20 查询号码 【1692904】，GSD为【"-"】
2024-02-11 00:27:20 ok && -
2024-02-11 00:27:23 CHB 1692904?1707582440 第 1 次 等待 3 秒
2024-02-11 00:27:26 CHB 1692904?1707582440 第 1 次 获取到号码【1692904】GSD
2024-02-11 00:27:26 未获取到号码【1692904】GSD，可能号码格式错误
2024-02-11 00:27:26 获取到号码【1692904】的GSD为【-】
2024-02-11 00:27:30 GSD insert 第 1 次 等待 3 秒
2024-02-11 00:27:33 {"status":"bad","gid":"610830","msg":"添加失败！号码【1692904(-|-)】已存在！"}
2024-02-11 00:27:33 随机等待 146 秒，约 2 分钟
2024-02-11 00:27:33 下次操作: 2024-02-11 00:29:59

2024-02-11 00:29:59 开始第 2992 次操作

2024-02-11 00:29:59 开始操作号码 【1692905】
2024-02-11 00:30:04 GSD getOne 第 1 次 等待 3 秒
2024-02-11 00:30:07 查询号码 【1692905】，返回信息 {"status":"ok","msg":"-","gid":"610866","time_insert":"2023-03-24 04:52"}
2024-02-11 00:30:07 查询号码 【1692905】，GSD为【"-"】
2024-02-11 00:30:07 ok && -
2024-02-11 00:30:10 CHB 1692905?1707582607 第 1 次 等待 3 秒
2024-02-11 00:30:13 CHB 1692905?1707582607 第 1 次 获取到号码【1692905】GSD
2024-02-11 00:30:13 未获取到号码【1692905】GSD，可能号码格式错误
2024-02-11 00:30:13 获取到号码【1692905】的GSD为【-】
2024-02-11 00:30:17 GSD insert 第 1 次 等待 3 秒
2024-02-11 00:30:20 {"status":"bad","gid":"610866","msg":"添加失败！号码【1692905(-|-)】已存在！"}

