2024-08-30 00:22:28 开始第 1861 次操作

2024-08-30 00:22:28 开始操作号码 【1361860】
2024-08-30 00:22:36 GSD getOne 第 1 次 等待 3 秒
2024-08-30 00:22:39 查询号码 【1361860】，返回信息 {"status":"ok","msg":"湖北-武汉","gid":"83599","time_insert":"2021-06-07 01:50"}
2024-08-30 00:22:39 查询号码 【1361860】，GSD为【"湖北-武汉"】

2024-08-30 00:22:40 开始第 1862 次操作

2024-08-30 00:22:40 开始操作号码 【1361861】
2024-08-30 00:22:48 GSD getOne 第 1 次 等待 3 秒
2024-08-30 00:22:51 查询号码 【1361861】，返回信息 {"status":"ok","msg":"湖北-武汉","gid":"7531","time_insert":"2018-06-29 11:13","time_update":"2020-09-15 13:14"}
2024-08-30 00:22:51 查询号码 【1361861】，GSD为【"湖北-武汉"】

2024-08-30 00:22:52 开始第 1863 次操作

2024-08-30 00:22:52 开始操作号码 【1361862】
2024-08-30 00:23:00 GSD getOne 第 1 次 等待 3 秒
2024-08-30 00:23:03 查询号码 【1361862】，返回信息 {"status":"ok","msg":"湖北-武汉","gid":"83619","time_insert":"2021-06-07 02:09"}
2024-08-30 00:23:03 查询号码 【1361862】，GSD为【"湖北-武汉"】

2024-08-30 00:23:04 开始第 1864 次操作

2024-08-30 00:23:04 开始操作号码 【1361863】
2024-08-30 00:23:12 GSD getOne 第 1 次 等待 3 秒
2024-08-30 00:23:15 查询号码 【1361863】，返回信息 {"status":"ok","msg":"湖北-武汉","gid":"7532","time_insert":"2018-05-16 10:44","time_update":"2020-09-15 13:17"}
2024-08-30 00:23:15 查询号码 【1361863】，GSD为【"湖北-武汉"】

