2021-07-24 00:00:14 开始第 22 次操作

2021-07-24 00:00:14 开始操作号码 【1478415】
2021-07-24 00:00:17 GSD getOne 第 1 次 等待 3 秒
2021-07-24 00:00:20 查询号码 【1478415】，返回信息 {"status":"bad","msg":""}
2021-07-24 00:00:20 查询号码 【1478415】，GSD为【""】
2021-07-24 00:00:20 bad
2021-07-24 00:00:22 CHB 1478415?1627056020 第 1 次 等待 3 秒
2021-07-24 00:00:25 CHB 1478415?1627056020 第 1 次 获取到号码【1478415】GSD
2021-07-24 00:00:25 获取到号码【1478415】的GSD为【河南-信阳】
2021-07-24 00:00:44 GSD insert 第 1 次 等待 3 秒
2021-07-24 00:00:47 {"status":"ok","gid":371209,"msg":"添加成功！"}
2021-07-24 00:00:47 下次操作: 2021-07-24 00:01:09

2021-07-24 00:01:09 开始第 23 次操作

2021-07-24 00:01:09 开始操作号码 【1478414】
2021-07-24 00:01:12 GSD getOne 第 1 次 等待 3 秒
2021-07-24 00:01:15 查询号码 【1478414】，返回信息 {"status":"bad","msg":""}
2021-07-24 00:01:15 查询号码 【1478414】，GSD为【""】
2021-07-24 00:01:15 bad
2021-07-24 00:01:17 CHB 1478414?1627056075 第 1 次 等待 3 秒
2021-07-24 00:01:20 CHB 1478414?1627056075 第 1 次 获取到号码【1478414】GSD
2021-07-24 00:01:20 获取到号码【1478414】的GSD为【河南-商丘】
2021-07-24 00:01:40 GSD insert 第 1 次 等待 3 秒
2021-07-24 00:01:43 {"status":"ok","gid":371220,"msg":"添加成功！"}
2021-07-24 00:01:43 下次操作: 2021-07-24 00:01:55

2021-07-24 00:01:55 开始第 24 次操作

2021-07-24 00:01:55 开始操作号码 【1478413】
2021-07-24 00:02:00 GSD getOne 第 1 次 等待 3 秒
2021-07-24 00:02:03 查询号码 【1478413】，返回信息 {"status":"bad","msg":""}
2021-07-24 00:02:03 查询号码 【1478413】，GSD为【""】
2021-07-24 00:02:03 bad
2021-07-24 00:02:06 CHB 1478413?1627056123 第 1 次 等待 3 秒
2021-07-24 00:02:09 CHB 1478413?1627056123 第 1 次 获取到号码【1478413】GSD
2021-07-24 00:02:09 获取到号码【1478413】的GSD为【河南-商丘】
2021-07-24 00:02:28 GSD insert 第 1 次 等待 3 秒
2021-07-24 00:02:31 {"status":"ok","gid":371231,"msg":"添加成功！"}
2021-07-24 00:02:31 下次操作: 2021-07-24 00:02:53

2021-07-24 00:02:53 开始第 25 次操作

2021-07-24 00:02:53 开始操作号码 【1478412】
2021-07-24 00:02:59 GSD getOne 第 1 次 等待 3 秒
2021-07-24 00:03:02 查询号码 【1478412】，返回信息 {"status":"bad","msg":""}
2021-07-24 00:03:02 查询号码 【1478412】，GSD为【""】
2021-07-24 00:03:02 bad
2021-07-24 00:03:04 CHB 1478412?1627056182 第 1 次 等待 3 秒
2021-07-24 00:03:07 CHB 1478412?1627056182 第 1 次 获取到号码【1478412】GSD
2021-07-24 00:03:07 获取到号码【1478412】的GSD为【河南-商丘】
2021-07-24 00:03:27 GSD insert 第 1 次 等待 3 秒
2021-07-24 00:03:30 {"status":"ok","gid":371246,"msg":"添加成功！"}
2021-07-24 00:03:30 下次操作: 2021-07-24 00:03:48

2021-07-24 00:03:48 开始第 26 次操作

2021-07-24 00:03:48 开始操作号码 【1478411】
2021-07-24 00:03:52 GSD getOne 第 1 次 等待 3 秒
2021-07-24 00:03:55 查询号码 【1478411】，返回信息 {"status":"bad","msg":""}
2021-07-24 00:03:56 查询号码 【1478411】，GSD为【""】
2021-07-24 00:03:56 bad
2021-07-24 00:03:57 CHB 1478411?1627056236 第 1 次 等待 3 秒
2021-07-24 00:04:00 CHB 1478411?1627056236 第 1 次 获取到号码【1478411】GSD
2021-07-24 00:04:00 获取到号码【1478411】的GSD为【河南-商丘】
2021-07-24 00:04:22 GSD insert 第 1 次 等待 3 秒
2021-07-24 00:04:25 {"status":"ok","gid":371256,"msg":"添加成功！"}
2021-07-24 00:04:25 下次操作: 2021-07-24 00:04:47

2021-07-24 00:04:47 开始第 27 次操作

2021-07-24 00:04:47 开始操作号码 【1478410】
2021-07-24 00:04:52 GSD getOne 第 1 次 等待 3 秒
2021-07-24 00:04:55 查询号码 【1478410】，返回信息 {"status":"bad","msg":""}
2021-07-24 00:04:55 查询号码 【1478410】，GSD为【""】
2021-07-24 00:04:55 bad
2021-07-24 00:04:57 CHB 1478410?1627056295 第 1 次 等待 3 秒
2021-07-24 00:05:00 CHB 1478410?1627056295 第 1 次 获取到号码【1478410】GSD
2021-07-24 00:05:00 获取到号码【1478410】的GSD为【河南-商丘】
2021-07-24 00:05:19 GSD insert 第 1 次 等待 3 秒
2021-07-24 00:05:22 {"status":"ok","gid":371273,"msg":"添加成功！"}
2021-07-24 00:05:22 下次操作: 2021-07-24 00:05:43

2021-07-24 00:05:43 开始第 28 次操作

2021-07-24 00:05:43 开始操作号码 【1478409】
2021-07-24 00:05:50 GSD getOne 第 1 次 等待 3 秒
2021-07-24 00:05:53 查询号码 【1478409】，返回信息 {"status":"bad","msg":""}
2021-07-24 00:05:53 查询号码 【1478409】，GSD为【""】
2021-07-24 00:05:53 bad
2021-07-24 00:05:55 CHB 1478409?1627056353 第 1 次 等待 3 秒
2021-07-24 00:05:58 CHB 1478409?1627056353 第 1 次 获取到号码【1478409】GSD
2021-07-24 00:05:58 获取到号码【1478409】的GSD为【河南-濮阳】
2021-07-24 00:06:16 GSD insert 第 1 次 等待 3 秒
2021-07-24 00:06:19 {"status":"ok","gid":371290,"msg":"添加成功！"}
2021-07-24 00:06:19 下次操作: 2021-07-24 00:06:33

2021-07-24 00:06:33 开始第 29 次操作

2021-07-24 00:06:33 开始操作号码 【1478408】
2021-07-24 00:06:36 GSD getOne 第 1 次 等待 3 秒
2021-07-24 00:06:39 查询号码 【1478408】，返回信息 {"status":"bad","msg":""}
2021-07-24 00:06:39 查询号码 【1478408】，GSD为【""】
2021-07-24 00:06:39 bad
2021-07-24 00:06:40 CHB 1478408?1627056399 第 1 次 等待 3 秒
2021-07-24 00:06:43 CHB 1478408?1627056399 第 1 次 获取到号码【1478408】GSD
2021-07-24 00:06:44 获取到号码【1478408】的GSD为【河南-濮阳】
2021-07-24 00:07:02 GSD insert 第 1 次 等待 3 秒
2021-07-24 00:07:05 {"status":"ok","gid":371298,"msg":"添加成功！"}
2021-07-24 00:07:05 下次操作: 2021-07-24 00:07:23

2021-07-24 00:07:23 开始第 30 次操作

2021-07-24 00:07:23 开始操作号码 【1478407】
2021-07-24 00:07:30 GSD getOne 第 1 次 等待 3 秒
2021-07-24 00:07:33 查询号码 【1478407】，返回信息 {"status":"bad","msg":""}
2021-07-24 00:07:33 查询号码 【1478407】，GSD为【""】
2021-07-24 00:07:33 bad
2021-07-24 00:07:35 CHB 1478407?1627056453 第 1 次 等待 3 秒
2021-07-24 00:07:38 CHB 1478407?1627056453 第 1 次 获取到号码【1478407】GSD
2021-07-24 00:07:38 获取到号码【1478407】的GSD为【河南-濮阳】
2021-07-24 00:08:02 GSD insert 第 1 次 等待 3 秒
2021-07-24 00:08:05 {"status":"ok","gid":371311,"msg":"添加成功！"}
2021-07-24 00:08:05 下次操作: 2021-07-24 00:08:27

2021-07-24 00:08:27 开始第 31 次操作

2021-07-24 00:08:27 开始操作号码 【1478406】
2021-07-24 00:08:30 GSD getOne 第 1 次 等待 3 秒
2021-07-24 00:08:33 查询号码 【1478406】，返回信息 {"status":"bad","msg":""}
2021-07-24 00:08:33 查询号码 【1478406】，GSD为【""】
2021-07-24 00:08:33 bad
2021-07-24 00:08:35 CHB 1478406?1627056513 第 1 次 等待 3 秒
2021-07-24 00:08:38 CHB 1478406?1627056513 第 1 次 获取到号码【1478406】GSD
2021-07-24 00:08:38 获取到号码【1478406】的GSD为【河南-濮阳】
2021-07-24 00:08:56 GSD insert 第 1 次 等待 3 秒
2021-07-24 00:08:59 {"status":"ok","gid":371321,"msg":"添加成功！"}
2021-07-24 00:08:59 下次操作: 2021-07-24 00:09:17

2021-07-24 00:09:17 开始第 32 次操作

2021-07-24 00:09:17 开始操作号码 【1478405】
2021-07-24 00:09:21 GSD getOne 第 1 次 等待 3 秒
2021-07-24 00:09:24 查询号码 【1478405】，返回信息 {"status":"bad","msg":""}
2021-07-24 00:09:25 查询号码 【1478405】，GSD为【""】
2021-07-24 00:09:25 bad
2021-07-24 00:09:29 CHB 1478405?1627056565 第 1 次 等待 3 秒
2021-07-24 00:09:32 CHB 1478405?1627056565 第 1 次 获取到号码【1478405】GSD
2021-07-24 00:09:32 获取到号码【1478405】的GSD为【河南-濮阳】
2021-07-24 00:09:42 GSD insert 第 1 次 等待 3 秒
2021-07-24 00:09:45 {"status":"ok","gid":371329,"msg":"添加成功！"}
2021-07-24 00:09:45 下次操作: 2021-07-24 00:09:59

2021-07-24 00:09:59 开始第 33 次操作

2021-07-24 00:09:59 开始操作号码 【1478404】
2021-07-24 00:10:02 GSD getOne 第 1 次 等待 3 秒
2021-07-24 00:10:05 查询号码 【1478404】，返回信息 {"status":"bad","msg":""}
2021-07-24 00:10:05 查询号码 【1478404】，GSD为【""】
2021-07-24 00:10:05 bad
2021-07-24 00:10:07 CHB 1478404?1627056605 第 1 次 等待 3 秒
2021-07-24 00:10:10 CHB 1478404?1627056605 第 1 次 获取到号码【1478404】GSD
2021-07-24 00:10:10 获取到号码【1478404】的GSD为【河南-驻马店】
2021-07-24 00:10:28 GSD insert 第 1 次 等待 3 秒
2021-07-24 00:10:31 {"status":"ok","gid":371340,"msg":"添加成功！"}
2021-07-24 00:10:31 下次操作: 2021-07-24 00:10:55

2021-07-24 00:10:55 开始第 34 次操作

2021-07-24 00:10:55 开始操作号码 【1478403】
2021-07-24 00:10:58 GSD getOne 第 1 次 等待 3 秒
2021-07-24 00:11:01 查询号码 【1478403】，返回信息 {"status":"bad","msg":""}
2021-07-24 00:11:01 查询号码 【1478403】，GSD为【""】
2021-07-24 00:11:01 bad
2021-07-24 00:11:02 CHB 1478403?1627056661 第 1 次 等待 3 秒
2021-07-24 00:11:05 CHB 1478403?1627056661 第 1 次 获取到号码【1478403】GSD
2021-07-24 00:11:05 获取到号码【1478403】的GSD为【河南-驻马店】
2021-07-24 00:11:27 GSD insert 第 1 次 等待 3 秒
2021-07-24 00:11:30 {"status":"ok","gid":371350,"msg":"添加成功！"}
2021-07-24 00:11:30 下次操作: 2021-07-24 00:11:44

2021-07-24 00:11:44 开始第 35 次操作

2021-07-24 00:11:44 开始操作号码 【1478402】
2021-07-24 00:11:46 GSD getOne 第 1 次 等待 3 秒
2021-07-24 00:11:49 查询号码 【1478402】，返回信息 {"status":"bad","msg":""}
2021-07-24 00:11:49 查询号码 【1478402】，GSD为【""】
2021-07-24 00:11:49 bad
2021-07-24 00:11:51 CHB 1478402?1627056709 第 1 次 等待 3 秒
2021-07-24 00:11:54 CHB 1478402?1627056709 第 1 次 获取到号码【1478402】GSD
2021-07-24 00:11:54 获取到号码【1478402】的GSD为【河南-驻马店】
2021-07-24 00:12:12 GSD insert 第 1 次 等待 3 秒
2021-07-24 00:12:15 {"status":"ok","gid":371357,"msg":"添加成功！"}
2021-07-24 00:12:15 下次操作: 2021-07-24 00:12:38

2021-07-24 00:12:38 开始第 36 次操作

2021-07-24 00:12:38 开始操作号码 【1478401】
2021-07-24 00:12:41 GSD getOne 第 1 次 等待 3 秒
2021-07-24 00:12:44 查询号码 【1478401】，返回信息 {"status":"bad","msg":""}
2021-07-24 00:12:44 查询号码 【1478401】，GSD为【""】
2021-07-24 00:12:44 bad
2021-07-24 00:12:46 CHB 1478401?1627056764 第 1 次 等待 3 秒
2021-07-24 00:12:49 CHB 1478401?1627056764 第 1 次 获取到号码【1478401】GSD
2021-07-24 00:12:49 获取到号码【1478401】的GSD为【河南-驻马店】
2021-07-24 00:13:07 GSD insert 第 1 次 等待 3 秒
2021-07-24 00:13:10 {"status":"ok","gid":371365,"msg":"添加成功！"}
2021-07-24 00:13:10 下次操作: 2021-07-24 00:13:26

2021-07-24 00:13:26 开始第 37 次操作

2021-07-24 00:13:26 开始操作号码 【1478400】
2021-07-24 00:13:28 GSD getOne 第 1 次 等待 3 秒
2021-07-24 00:13:31 查询号码 【1478400】，返回信息 {"status":"bad","msg":""}
2021-07-24 00:13:31 查询号码 【1478400】，GSD为【""】
2021-07-24 00:13:31 bad
2021-07-24 00:13:37 CHB 1478400?1627056811 第 1 次 等待 3 秒
2021-07-24 00:13:40 CHB 1478400?1627056811 第 1 次 获取到号码【1478400】GSD
2021-07-24 00:13:40 获取到号码【1478400】的GSD为【河南-驻马店】
2021-07-24 00:13:50 GSD insert 第 1 次 等待 3 秒
2021-07-24 00:13:53 {"status":"ok","gid":371371,"msg":"添加成功！"}
2021-07-24 00:13:53 下次操作: 2021-07-24 00:14:13

2021-07-24 00:14:13 开始第 38 次操作

2021-07-24 00:14:13 开始操作号码 【1478399】
2021-07-24 00:14:15 GSD getOne 第 1 次 等待 3 秒
2021-07-24 00:14:18 查询号码 【1478399】，返回信息 {"status":"bad","msg":""}
2021-07-24 00:14:18 查询号码 【1478399】，GSD为【""】
2021-07-24 00:14:18 bad
2021-07-24 00:14:20 CHB 1478399?1627056858 第 1 次 等待 3 秒
2021-07-24 00:14:23 CHB 1478399?1627056858 第 1 次 获取到号码【1478399】GSD
2021-07-24 00:14:23 获取到号码【1478399】的GSD为【河南-新乡】
2021-07-24 00:14:41 GSD insert 第 1 次 等待 3 秒
2021-07-24 00:14:44 {"status":"ok","gid":371375,"msg":"添加成功！"}
2021-07-24 00:14:44 下次操作: 2021-07-24 00:15:05

2021-07-24 00:15:05 开始第 39 次操作

2021-07-24 00:15:05 开始操作号码 【1478398】
2021-07-24 00:15:08 GSD getOne 第 1 次 等待 3 秒
2021-07-24 00:15:11 查询号码 【1478398】，返回信息 {"status":"bad","msg":""}
2021-07-24 00:15:11 查询号码 【1478398】，GSD为【""】
2021-07-24 00:15:11 bad
2021-07-24 00:15:12 CHB 1478398?1627056911 第 1 次 等待 3 秒
2021-07-24 00:15:15 CHB 1478398?1627056911 第 1 次 获取到号码【1478398】GSD
2021-07-24 00:15:15 获取到号码【1478398】的GSD为【河南-三门峡】
2021-07-24 00:15:34 GSD insert 第 1 次 等待 3 秒
2021-07-24 00:15:37 {"status":"ok","gid":371383,"msg":"添加成功！"}
2021-07-24 00:15:37 下次操作: 2021-07-24 00:15:59

2021-07-24 00:15:59 开始第 40 次操作

2021-07-24 00:15:59 开始操作号码 【1478397】
2021-07-24 00:16:02 GSD getOne 第 1 次 等待 3 秒
2021-07-24 00:16:05 查询号码 【1478397】，返回信息 {"status":"bad","msg":""}
2021-07-24 00:16:05 查询号码 【1478397】，GSD为【""】
2021-07-24 00:16:05 bad
2021-07-24 00:16:07 CHB 1478397?1627056965 第 1 次 等待 3 秒
2021-07-24 00:16:10 CHB 1478397?1627056965 第 1 次 获取到号码【1478397】GSD
2021-07-24 00:16:10 获取到号码【1478397】的GSD为【河南-新乡】
2021-07-24 00:16:28 GSD insert 第 1 次 等待 3 秒
2021-07-24 00:16:31 {"status":"ok","gid":371387,"msg":"添加成功！"}

