2024-10-07 00:21:44 开始第 8361 次操作

2024-10-07 00:21:44 开始操作号码 【1368360】
2024-10-07 00:21:50 GSD getOne 第 1 次 等待 3 秒
2024-10-07 00:21:53 查询号码 【1368360】，返回信息 {"status":"ok","msg":"北京-北京","gid":"340308","time_insert":"2021-07-20 21:45"}
2024-10-07 00:21:53 查询号码 【1368360】，GSD为【"北京-北京"】

2024-10-07 00:21:54 开始第 8362 次操作

2024-10-07 00:21:54 开始操作号码 【1368361】
2024-10-07 00:21:56 GSD getOne 第 1 次 等待 3 秒
2024-10-07 00:21:59 查询号码 【1368361】，返回信息 {"status":"ok","msg":"北京-北京","gid":"340304","time_insert":"2021-07-20 21:44"}
2024-10-07 00:21:59 查询号码 【1368361】，GSD为【"北京-北京"】

2024-10-07 00:22:00 开始第 8363 次操作

2024-10-07 00:22:00 开始操作号码 【1368362】
2024-10-07 00:22:02 GSD getOne 第 1 次 等待 3 秒
2024-10-07 00:22:05 查询号码 【1368362】，返回信息 {"status":"ok","msg":"北京-北京","gid":"340301","time_insert":"2021-07-20 21:44"}
2024-10-07 00:22:05 查询号码 【1368362】，GSD为【"北京-北京"】

2024-10-07 00:22:06 开始第 8364 次操作

2024-10-07 00:22:06 开始操作号码 【1368363】
2024-10-07 00:22:08 GSD getOne 第 1 次 等待 3 秒
2024-10-07 00:22:11 查询号码 【1368363】，返回信息 {"status":"ok","msg":"北京-北京","gid":"340296","time_insert":"2021-07-20 21:43"}
2024-10-07 00:22:11 查询号码 【1368363】，GSD为【"北京-北京"】

