2024-09-20 00:23:28 开始第 5457 次操作

2024-09-20 00:23:28 开始操作号码 【1365456】
2024-09-20 00:23:30 GSD getOne 第 1 次 等待 3 秒
2024-09-20 00:23:33 查询号码 【1365456】，返回信息 {"status":"ok","msg":"黑龙江-哈尔滨","gid":"256884","time_insert":"2021-07-12 13:49"}
2024-09-20 00:23:33 查询号码 【1365456】，GSD为【"黑龙江-哈尔滨"】

2024-09-20 00:23:34 开始第 5458 次操作

2024-09-20 00:23:34 开始操作号码 【1365457】
2024-09-20 00:23:36 GSD getOne 第 1 次 等待 3 秒
2024-09-20 00:23:39 查询号码 【1365457】，返回信息 {"status":"ok","msg":"黑龙江-哈尔滨","gid":"256964","time_insert":"2021-07-12 14:02"}
2024-09-20 00:23:39 查询号码 【1365457】，GSD为【"黑龙江-哈尔滨"】

2024-09-20 00:23:40 开始第 5459 次操作

2024-09-20 00:23:40 开始操作号码 【1365458】
2024-09-20 00:23:42 GSD getOne 第 1 次 等待 3 秒
2024-09-20 00:23:45 查询号码 【1365458】，返回信息 {"status":"ok","msg":"黑龙江-哈尔滨","gid":"256983","time_insert":"2021-07-12 14:12"}
2024-09-20 00:23:45 查询号码 【1365458】，GSD为【"黑龙江-哈尔滨"】

2024-09-20 00:23:46 开始第 5460 次操作

2024-09-20 00:23:46 开始操作号码 【1365459】
2024-09-20 00:23:51 GSD getOne 第 1 次 等待 3 秒
2024-09-20 00:23:54 查询号码 【1365459】，返回信息 {"status":"ok","msg":"黑龙江-哈尔滨","gid":"256984","time_insert":"2021-07-12 14:12"}
2024-09-20 00:23:54 查询号码 【1365459】，GSD为【"黑龙江-哈尔滨"】

2024-09-20 00:44:11 开始第 5461 次操作

2024-09-20 00:44:11 开始操作号码 【1365460】
2024-09-20 00:44:14 GSD getOne 第 1 次 等待 3 秒
2024-09-20 00:44:17 查询号码 【1365460】，返回信息 {"status":"ok","msg":"黑龙江-哈尔滨","gid":"335018","time_insert":"2021-07-20 08:58"}
2024-09-20 00:44:17 查询号码 【1365460】，GSD为【"黑龙江-哈尔滨"】

2024-09-20 00:44:18 开始第 5462 次操作

2024-09-20 00:44:18 开始操作号码 【1365461】
2024-09-20 00:44:20 GSD getOne 第 1 次 等待 3 秒
2024-09-20 00:44:23 查询号码 【1365461】，返回信息 {"status":"ok","msg":"黑龙江-哈尔滨","gid":"257004","time_insert":"2021-07-12 14:28"}
2024-09-20 00:44:23 查询号码 【1365461】，GSD为【"黑龙江-哈尔滨"】

2024-09-20 00:44:24 开始第 5463 次操作

2024-09-20 00:44:24 开始操作号码 【1365462】
2024-09-20 00:44:26 GSD getOne 第 1 次 等待 3 秒
2024-09-20 00:44:29 查询号码 【1365462】，返回信息 {"status":"ok","msg":"黑龙江-哈尔滨","gid":"8309","time_insert":"2014-08-31 16:32","time_update":"2020-08-23 00:45"}
2024-09-20 00:44:29 查询号码 【1365462】，GSD为【"黑龙江-哈尔滨"】

2024-09-20 00:44:30 开始第 5464 次操作

2024-09-20 00:44:30 开始操作号码 【1365463】
2024-09-20 00:44:32 GSD getOne 第 1 次 等待 3 秒
2024-09-20 00:44:35 查询号码 【1365463】，返回信息 {"status":"ok","msg":"黑龙江-哈尔滨","gid":"257031","time_insert":"2021-07-12 14:43"}
2024-09-20 00:44:35 查询号码 【1365463】，GSD为【"黑龙江-哈尔滨"】

