2023-11-16 00:23:56 开始第 8701 次操作

2023-11-16 00:23:56 开始操作号码 【1908615】
2023-11-16 00:23:59 GSD getOne 第 1 次 等待 3 秒
2023-11-16 00:24:02 查询号码 【1908615】，返回信息 {"status":"ok","msg":"湖北-孝感","gid":"647022","time_insert":"2023-04-11 11:18","time_update":"2023-06-16 12:59"}
2023-11-16 00:24:02 查询号码 【1908615】，GSD为【"湖北-孝感"】

2023-11-16 00:24:03 开始第 8702 次操作

2023-11-16 00:24:03 开始操作号码 【1908616】
2023-11-16 00:24:07 GSD getOne 第 1 次 等待 3 秒
2023-11-16 00:24:10 查询号码 【1908616】，返回信息 {"status":"ok","msg":"湖北-孝感","gid":"647049","time_insert":"2023-04-11 11:33","time_update":"2023-06-16 12:36"}
2023-11-16 00:24:10 查询号码 【1908616】，GSD为【"湖北-孝感"】

2023-11-16 00:24:11 开始第 8703 次操作

2023-11-16 00:24:11 开始操作号码 【1908617】
2023-11-16 00:24:14 GSD getOne 第 1 次 等待 3 秒
2023-11-16 00:24:17 查询号码 【1908617】，返回信息 {"status":"ok","msg":"湖北-孝感","gid":"647086","time_insert":"2023-04-11 11:52","time_update":"2023-06-16 12:26"}
2023-11-16 00:24:17 查询号码 【1908617】，GSD为【"湖北-孝感"】

2023-11-16 00:24:18 开始第 8704 次操作

2023-11-16 00:24:18 开始操作号码 【1908618】
2023-11-16 00:24:25 GSD getOne 第 1 次 等待 3 秒
2023-11-16 00:24:28 查询号码 【1908618】，返回信息 {"status":"ok","msg":"湖北-孝感","gid":"647111","time_insert":"2023-04-11 12:11","time_update":"2023-06-16 12:16"}
2023-11-16 00:24:28 查询号码 【1908618】，GSD为【"湖北-孝感"】

2023-11-16 00:42:50 开始第 8705 次操作

2023-11-16 00:42:50 开始操作号码 【1908619】
2023-11-16 00:42:53 GSD getOne 第 1 次 等待 3 秒
2023-11-16 00:42:56 查询号码 【1908619】，返回信息 {"status":"ok","msg":"湖北-孝感","gid":"647136","time_insert":"2023-04-11 12:28","time_update":"2023-06-16 11:56"}
2023-11-16 00:42:56 查询号码 【1908619】，GSD为【"湖北-孝感"】

2023-11-16 00:42:57 开始第 8706 次操作

2023-11-16 00:42:57 开始操作号码 【1908620】
2023-11-16 00:43:08 GSD getOne 第 1 次 等待 3 秒
2023-11-16 00:43:11 查询号码 【1908620】，返回信息 {"status":"ok","msg":"湖北-荆州","gid":"647163","time_insert":"2023-04-11 12:45","time_update":"2023-06-16 11:45"}
2023-11-16 00:43:11 查询号码 【1908620】，GSD为【"湖北-荆州"】

2023-11-16 00:43:12 开始第 8707 次操作

2023-11-16 00:43:12 开始操作号码 【1908621】
2023-11-16 00:43:16 GSD getOne 第 1 次 等待 3 秒
2023-11-16 00:43:19 查询号码 【1908621】，返回信息 {"status":"ok","msg":"湖北-荆州","gid":"647193","time_insert":"2023-04-11 13:01","time_update":"2023-06-16 11:35"}
2023-11-16 00:43:19 查询号码 【1908621】，GSD为【"湖北-荆州"】

2023-11-16 00:43:20 开始第 8708 次操作

2023-11-16 00:43:20 开始操作号码 【1908622】
2023-11-16 00:43:23 GSD getOne 第 1 次 等待 3 秒
2023-11-16 00:43:26 查询号码 【1908622】，返回信息 {"status":"ok","msg":"湖北-荆州","gid":"647220","time_insert":"2023-04-11 13:18","time_update":"2023-06-16 11:14"}
2023-11-16 00:43:26 查询号码 【1908622】，GSD为【"湖北-荆州"】

