2021-07-09 00:00:28 开始第 23 次操作

2021-07-09 00:00:28 开始操作号码 【1327379】
2021-07-09 00:00:33 GSD getOne 第 1 次 等待 1 秒
2021-07-09 00:00:34 查询号码 【1327379】，返回信息 {"status":"bad","msg":""}
2021-07-09 00:00:34 查询号码 【1327379】，GSD为【""】
2021-07-09 00:00:34 bad
2021-07-09 00:00:37 CHB 1327379?1625760034 第 1 次 等待 1 秒
2021-07-09 00:00:38 CHB 1327379?1625760034 第 1 次 获取到号码【1327379】GSD
2021-07-09 00:00:38 获取到号码【1327379】的GSD为【河南-南阳】
2021-07-09 00:00:43 GSD insert 第 1 次 等待 1 秒
2021-07-09 00:00:44 {"status":"ok","msg":"添加成功！226422"}
2021-07-09 00:00:44 下次操作: 2021-07-09 00:00:58

2021-07-09 00:00:58 开始第 24 次操作

2021-07-09 00:00:58 开始操作号码 【1327378】
2021-07-09 00:01:12 GSD getOne 第 1 次 等待 1 秒
2021-07-09 00:01:13 查询号码 【1327378】，返回信息 {"status":"bad","msg":""}
2021-07-09 00:01:13 查询号码 【1327378】，GSD为【""】
2021-07-09 00:01:13 bad
2021-07-09 00:01:16 CHB 1327378?1625760073 第 1 次 等待 1 秒
2021-07-09 00:01:17 CHB 1327378?1625760073 第 1 次 获取到号码【1327378】GSD
2021-07-09 00:01:17 获取到号码【1327378】的GSD为【河南-开封】
2021-07-09 00:01:25 GSD insert 第 1 次 等待 1 秒
2021-07-09 00:01:26 {"status":"ok","msg":"添加成功！226428"}
2021-07-09 00:01:26 下次操作: 2021-07-09 00:01:40

2021-07-09 00:01:40 开始第 25 次操作

2021-07-09 00:01:40 开始操作号码 【1327377】
2021-07-09 00:01:45 GSD getOne 第 1 次 等待 1 秒
2021-07-09 00:01:46 查询号码 【1327377】，返回信息 {"status":"ok","msg":"河南-南阳","time_insert":"2020-04-21 19:04"}
2021-07-09 00:01:47 查询号码 【1327377】，GSD为【"河南-南阳"】

2021-07-09 00:01:47 开始第 25 次操作

2021-07-09 00:01:47 开始操作号码 【1327376】
2021-07-09 00:01:51 GSD getOne 第 1 次 等待 1 秒
2021-07-09 00:01:52 查询号码 【1327376】，返回信息 {"status":"bad","msg":""}
2021-07-09 00:01:52 查询号码 【1327376】，GSD为【""】
2021-07-09 00:01:52 bad
2021-07-09 00:01:55 CHB 1327376?1625760112 第 1 次 等待 1 秒
2021-07-09 00:01:56 CHB 1327376?1625760112 第 1 次 获取到号码【1327376】GSD
2021-07-09 00:01:56 获取到号码【1327376】的GSD为【河南-信阳】
2021-07-09 00:02:00 GSD insert 第 1 次 等待 1 秒
2021-07-09 00:02:01 {"status":"ok","msg":"添加成功！226434"}
2021-07-09 00:02:01 下次操作: 2021-07-09 00:02:11

2021-07-09 00:02:11 开始第 26 次操作

2021-07-09 00:02:11 开始操作号码 【1327375】
2021-07-09 00:02:18 GSD getOne 第 1 次 等待 1 秒
2021-07-09 00:02:19 查询号码 【1327375】，返回信息 {"status":"bad","msg":""}
2021-07-09 00:02:19 查询号码 【1327375】，GSD为【""】
2021-07-09 00:02:19 bad
2021-07-09 00:02:21 CHB 1327375?1625760139 第 1 次 等待 1 秒
2021-07-09 00:02:22 CHB 1327375?1625760139 第 1 次 获取到号码【1327375】GSD
2021-07-09 00:02:22 获取到号码【1327375】的GSD为【河南-平顶山】
2021-07-09 00:02:29 GSD insert 第 1 次 等待 1 秒
2021-07-09 00:02:30 {"status":"ok","msg":"添加成功！226439"}
2021-07-09 00:02:30 下次操作: 2021-07-09 00:02:39

2021-07-09 00:02:39 开始第 27 次操作

2021-07-09 00:02:39 开始操作号码 【1327374】
2021-07-09 00:02:43 GSD getOne 第 1 次 等待 1 秒
2021-07-09 00:02:44 查询号码 【1327374】，返回信息 {"status":"bad","msg":""}
2021-07-09 00:02:44 查询号码 【1327374】，GSD为【""】
2021-07-09 00:02:44 bad
2021-07-09 00:02:46 CHB 1327374?1625760164 第 1 次 等待 1 秒
2021-07-09 00:02:47 CHB 1327374?1625760164 第 1 次 获取到号码【1327374】GSD
2021-07-09 00:02:47 获取到号码【1327374】的GSD为【河南-许昌】
2021-07-09 00:02:53 GSD insert 第 1 次 等待 1 秒
2021-07-09 00:02:54 {"status":"ok","msg":"添加成功！226444"}
2021-07-09 00:02:54 下次操作: 2021-07-09 00:03:09

2021-07-09 00:03:09 开始第 28 次操作

2021-07-09 00:03:09 开始操作号码 【1327373】
2021-07-09 00:03:13 GSD getOne 第 1 次 等待 1 秒
2021-07-09 00:03:14 查询号码 【1327373】，返回信息 {"status":"bad","msg":""}
2021-07-09 00:03:14 查询号码 【1327373】，GSD为【""】
2021-07-09 00:03:14 bad
2021-07-09 00:03:17 CHB 1327373?1625760194 第 1 次 等待 1 秒
2021-07-09 00:03:18 CHB 1327373?1625760194 第 1 次 获取到号码【1327373】GSD
2021-07-09 00:03:18 获取到号码【1327373】的GSD为【河南-新乡】
2021-07-09 00:03:31 GSD insert 第 1 次 等待 1 秒
2021-07-09 00:03:32 {"status":"ok","msg":"添加成功！226456"}
2021-07-09 00:03:32 下次操作: 2021-07-09 00:03:50

2021-07-09 00:03:50 开始第 29 次操作

2021-07-09 00:03:50 开始操作号码 【1327372】
2021-07-09 00:03:56 GSD getOne 第 1 次 等待 1 秒
2021-07-09 00:03:57 查询号码 【1327372】，返回信息 {"status":"ok","msg":"河南-新乡","time_insert":"2021-04-20 07:57"}
2021-07-09 00:03:57 查询号码 【1327372】，GSD为【"河南-新乡"】

2021-07-09 00:03:57 开始第 29 次操作

2021-07-09 00:03:57 开始操作号码 【1327371】
2021-07-09 00:04:01 GSD getOne 第 1 次 等待 1 秒
2021-07-09 00:04:02 查询号码 【1327371】，返回信息 {"status":"ok","msg":"河南-郑州","time_insert":"2020-04-21 21:45"}
2021-07-09 00:04:02 查询号码 【1327371】，GSD为【"河南-郑州"】

2021-07-09 00:04:02 开始第 29 次操作

2021-07-09 00:04:02 开始操作号码 【1327370】
2021-07-09 00:04:06 GSD getOne 第 1 次 等待 1 秒
2021-07-09 00:04:07 查询号码 【1327370】，返回信息 {"status":"bad","msg":""}
2021-07-09 00:04:07 查询号码 【1327370】，GSD为【""】
2021-07-09 00:04:07 bad
2021-07-09 00:04:14 CHB 1327370?1625760247 第 1 次 等待 1 秒
2021-07-09 00:04:15 CHB 1327370?1625760247 第 1 次 获取到号码【1327370】GSD
2021-07-09 00:04:15 获取到号码【1327370】的GSD为【河南-商丘】
2021-07-09 00:04:21 GSD insert 第 1 次 等待 1 秒
2021-07-09 00:04:22 {"status":"ok","msg":"添加成功！226470"}
2021-07-09 00:04:22 下次操作: 2021-07-09 00:04:31

2021-07-09 00:04:31 开始第 30 次操作

2021-07-09 00:04:31 开始操作号码 【1327369】
2021-07-09 00:04:34 GSD getOne 第 1 次 等待 1 秒
2021-07-09 00:04:35 查询号码 【1327369】，返回信息 {"status":"bad","msg":""}
2021-07-09 00:04:35 查询号码 【1327369】，GSD为【""】
2021-07-09 00:04:35 bad
2021-07-09 00:04:39 CHB 1327369?1625760275 第 1 次 等待 1 秒
2021-07-09 00:04:40 CHB 1327369?1625760275 第 1 次 获取到号码【1327369】GSD
2021-07-09 00:04:40 获取到号码【1327369】的GSD为【河北-邢台】
2021-07-09 00:04:44 GSD insert 第 1 次 等待 1 秒
2021-07-09 00:04:45 {"status":"ok","msg":"添加成功！226477"}

2021-07-09 01:04:12 开始第 1 次操作

2021-07-09 01:04:12 开始操作号码 【1327368】
2021-07-09 01:04:17 GSD getOne 第 1 次 等待 1 秒
2021-07-09 01:04:18 查询号码 【1327368】，返回信息 {"status":"bad","msg":""}
2021-07-09 01:04:18 查询号码 【1327368】，GSD为【""】
2021-07-09 01:04:18 bad
2021-07-09 01:04:26 CHB 1327368?1625763858 第 1 次 等待 1 秒
2021-07-09 01:04:27 CHB 1327368?1625763858 第 1 次 获取到号码【1327368】GSD
2021-07-09 01:04:27 获取到号码【1327368】的GSD为【河北-邢台】
2021-07-09 01:04:30 GSD insert 第 1 次 等待 1 秒
2021-07-09 01:04:31 {"status":"ok","msg":"添加成功！226715"}
2021-07-09 01:04:31 下次操作: 2021-07-09 01:04:42

2021-07-09 01:04:42 开始第 2 次操作

2021-07-09 01:04:42 开始操作号码 【1327367】
2021-07-09 01:04:47 GSD getOne 第 1 次 等待 1 秒
2021-07-09 01:04:48 查询号码 【1327367】，返回信息 {"status":"bad","msg":""}
2021-07-09 01:04:48 查询号码 【1327367】，GSD为【""】
2021-07-09 01:04:48 bad
2021-07-09 01:04:50 CHB 1327367?1625763888 第 1 次 等待 1 秒
2021-07-09 01:04:51 CHB 1327367?1625763888 第 1 次 获取到号码【1327367】GSD
2021-07-09 01:04:51 获取到号码【1327367】的GSD为【河北-邢台】
2021-07-09 01:04:56 GSD insert 第 1 次 等待 1 秒
2021-07-09 01:04:57 {"status":"ok","msg":"添加成功！226717"}
2021-07-09 01:04:57 下次操作: 2021-07-09 01:05:15

2021-07-09 01:05:15 开始第 3 次操作

2021-07-09 01:05:15 开始操作号码 【1327366】
2021-07-09 01:05:20 GSD getOne 第 1 次 等待 1 秒
2021-07-09 01:05:21 查询号码 【1327366】，返回信息 {"status":"bad","msg":""}
2021-07-09 01:05:21 查询号码 【1327366】，GSD为【""】
2021-07-09 01:05:21 bad
2021-07-09 01:05:29 CHB 1327366?1625763921 第 1 次 等待 1 秒
2021-07-09 01:05:30 CHB 1327366?1625763921 第 1 次 获取到号码【1327366】GSD
2021-07-09 01:05:30 获取到号码【1327366】的GSD为【河北-邢台】
2021-07-09 01:05:33 GSD insert 第 1 次 等待 1 秒
2021-07-09 01:05:34 {"status":"ok","msg":"添加成功！226719"}
2021-07-09 01:05:34 下次操作: 2021-07-09 01:05:46

2021-07-09 01:05:46 开始第 4 次操作

2021-07-09 01:05:46 开始操作号码 【1327365】
2021-07-09 01:05:55 GSD getOne 第 1 次 等待 1 秒
2021-07-09 01:05:56 查询号码 【1327365】，返回信息 {"status":"bad","msg":""}
2021-07-09 01:05:56 查询号码 【1327365】，GSD为【""】
2021-07-09 01:05:56 bad
2021-07-09 01:06:01 CHB 1327365?1625763956 第 1 次 等待 1 秒
2021-07-09 01:06:02 CHB 1327365?1625763956 第 1 次 获取到号码【1327365】GSD
2021-07-09 01:06:02 获取到号码【1327365】的GSD为【河北-邢台】
2021-07-09 01:06:05 GSD insert 第 1 次 等待 1 秒
2021-07-09 01:06:06 {"status":"ok","msg":"添加成功！226720"}
2021-07-09 01:06:06 下次操作: 2021-07-09 01:06:12

2021-07-09 01:06:12 开始第 5 次操作

2021-07-09 01:06:12 开始操作号码 【1327364】
2021-07-09 01:06:16 GSD getOne 第 1 次 等待 1 秒
2021-07-09 01:06:17 查询号码 【1327364】，返回信息 {"status":"bad","msg":""}
2021-07-09 01:06:17 查询号码 【1327364】，GSD为【""】
2021-07-09 01:06:17 bad
2021-07-09 01:06:25 CHB 1327364?1625763977 第 1 次 等待 1 秒
2021-07-09 01:06:26 CHB 1327364?1625763977 第 1 次 获取到号码【1327364】GSD
2021-07-09 01:06:26 获取到号码【1327364】的GSD为【河北-廊坊】
2021-07-09 01:06:35 GSD insert 第 1 次 等待 1 秒
2021-07-09 01:06:36 {"status":"ok","msg":"添加成功！226721"}
2021-07-09 01:06:36 下次操作: 2021-07-09 01:06:42

2021-07-09 01:06:42 开始第 6 次操作

2021-07-09 01:06:42 开始操作号码 【1327363】
2021-07-09 01:06:46 GSD getOne 第 1 次 等待 1 秒
2021-07-09 01:06:47 查询号码 【1327363】，返回信息 {"status":"bad","msg":""}
2021-07-09 01:06:47 查询号码 【1327363】，GSD为【""】
2021-07-09 01:06:47 bad
2021-07-09 01:06:53 CHB 1327363?1625764007 第 1 次 等待 1 秒
2021-07-09 01:06:54 CHB 1327363?1625764007 第 1 次 获取到号码【1327363】GSD
2021-07-09 01:06:54 获取到号码【1327363】的GSD为【河北-廊坊】
2021-07-09 01:07:00 GSD insert 第 1 次 等待 1 秒
2021-07-09 01:07:01 {"status":"ok","msg":"添加成功！226724"}
2021-07-09 01:07:01 下次操作: 2021-07-09 01:07:11

2021-07-09 01:07:11 开始第 7 次操作

2021-07-09 01:07:11 开始操作号码 【1327362】
2021-07-09 01:07:15 GSD getOne 第 1 次 等待 1 秒
2021-07-09 01:07:16 查询号码 【1327362】，返回信息 {"status":"bad","msg":""}
2021-07-09 01:07:16 查询号码 【1327362】，GSD为【""】
2021-07-09 01:07:16 bad
2021-07-09 01:07:19 CHB 1327362?1625764036 第 1 次 等待 1 秒
2021-07-09 01:07:20 CHB 1327362?1625764036 第 1 次 获取到号码【1327362】GSD
2021-07-09 01:07:20 获取到号码【1327362】的GSD为【河北-廊坊】
2021-07-09 01:07:24 GSD insert 第 1 次 等待 1 秒
2021-07-09 01:07:25 {"status":"ok","msg":"添加成功！226726"}
2021-07-09 01:07:25 下次操作: 2021-07-09 01:07:38

2021-07-09 01:07:38 开始第 8 次操作

2021-07-09 01:07:38 开始操作号码 【1327361】
2021-07-09 01:07:43 GSD getOne 第 1 次 等待 1 秒
2021-07-09 01:07:44 查询号码 【1327361】，返回信息 {"status":"bad","msg":""}
2021-07-09 01:07:44 查询号码 【1327361】，GSD为【""】
2021-07-09 01:07:44 bad
2021-07-09 01:07:45 CHB 1327361?1625764064 第 1 次 等待 1 秒
2021-07-09 01:07:46 CHB 1327361?1625764064 第 1 次 获取到号码【1327361】GSD
2021-07-09 01:07:46 获取到号码【1327361】的GSD为【河北-廊坊】
2021-07-09 01:08:06 GSD insert 第 1 次 等待 1 秒
2021-07-09 01:08:07 {"status":"ok","msg":"添加成功！226728"}
2021-07-09 01:08:07 下次操作: 2021-07-09 01:08:25

2021-07-09 01:08:25 开始第 9 次操作

2021-07-09 01:08:25 开始操作号码 【1327360】
2021-07-09 01:08:35 GSD getOne 第 1 次 等待 1 秒
2021-07-09 01:08:36 查询号码 【1327360】，返回信息 {"status":"bad","msg":""}
2021-07-09 01:08:36 查询号码 【1327360】，GSD为【""】
2021-07-09 01:08:36 bad
2021-07-09 01:08:47 CHB 1327360?1625764116 第 1 次 等待 1 秒
2021-07-09 01:08:49 CHB 1327360?1625764116 第 1 次 获取到号码【1327360】GSD
2021-07-09 01:08:49 获取到号码【1327360】的GSD为【河北-廊坊】
2021-07-09 01:08:58 GSD insert 第 1 次 等待 1 秒
2021-07-09 01:08:59 {"status":"ok","msg":"添加成功！226732"}
2021-07-09 01:08:59 下次操作: 2021-07-09 01:09:13

2021-07-09 01:09:13 开始第 10 次操作

2021-07-09 01:09:13 开始操作号码 【1327359】
2021-07-09 01:09:27 GSD getOne 第 1 次 等待 1 秒
2021-07-09 01:09:28 查询号码 【1327359】，返回信息 {"status":"bad","msg":""}
2021-07-09 01:09:29 查询号码 【1327359】，GSD为【""】
2021-07-09 01:09:29 bad
2021-07-09 01:10:36 CHB 1327359?1625764169 第 1 次 等待 1 秒
2021-07-09 01:10:37 CHB 1327359?1625764169 第 1 次 获取到号码【1327359】GSD
2021-07-09 01:10:37 获取到号码【1327359】的GSD为【河北-唐山】
2021-07-09 01:10:41 GSD insert 第 1 次 等待 1 秒
2021-07-09 01:10:42 {"status":"ok","msg":"添加成功！226744"}
2021-07-09 01:10:42 下次操作: 2021-07-09 01:10:49

2021-07-09 01:10:49 开始第 11 次操作

2021-07-09 01:10:49 开始操作号码 【1327358】
2021-07-09 01:10:54 GSD getOne 第 1 次 等待 1 秒
2021-07-09 01:10:55 查询号码 【1327358】，返回信息 {"status":"bad","msg":""}
2021-07-09 01:10:55 查询号码 【1327358】，GSD为【""】
2021-07-09 01:10:55 bad
2021-07-09 01:11:03 CHB 1327358?1625764255 第 1 次 等待 1 秒
2021-07-09 01:11:04 CHB 1327358?1625764255 第 1 次 获取到号码【1327358】GSD
2021-07-09 01:11:04 获取到号码【1327358】的GSD为【河北-唐山】
2021-07-09 01:11:12 GSD insert 第 1 次 等待 1 秒
2021-07-09 01:11:13 {"status":"ok","msg":"添加成功！226750"}
2021-07-09 01:11:13 下次操作: 2021-07-09 01:11:28

2021-07-09 01:11:28 开始第 12 次操作

2021-07-09 01:11:28 开始操作号码 【1327357】
2021-07-09 01:11:32 GSD getOne 第 1 次 等待 1 秒
2021-07-09 01:11:33 查询号码 【1327357】，返回信息 {"status":"bad","msg":""}
2021-07-09 01:11:33 查询号码 【1327357】，GSD为【""】
2021-07-09 01:11:33 bad
2021-07-09 01:11:38 CHB 1327357?1625764293 第 1 次 等待 1 秒
2021-07-09 01:11:39 CHB 1327357?1625764293 第 1 次 获取到号码【1327357】GSD
2021-07-09 01:11:40 获取到号码【1327357】的GSD为【河北-唐山】
2021-07-09 01:11:44 GSD insert 第 1 次 等待 1 秒
2021-07-09 01:11:45 {"status":"ok","msg":"添加成功！226758"}
2021-07-09 01:11:45 下次操作: 2021-07-09 01:11:59

2021-07-09 01:11:59 开始第 13 次操作

2021-07-09 01:11:59 开始操作号码 【1327356】
2021-07-09 01:12:04 GSD getOne 第 1 次 等待 1 秒
2021-07-09 01:12:05 查询号码 【1327356】，返回信息 {"status":"bad","msg":""}
2021-07-09 01:12:05 查询号码 【1327356】，GSD为【""】
2021-07-09 01:12:05 bad
2021-07-09 01:12:10 CHB 1327356?1625764325 第 1 次 等待 1 秒
2021-07-09 01:12:11 CHB 1327356?1625764325 第 1 次 获取到号码【1327356】GSD
2021-07-09 01:12:11 获取到号码【1327356】的GSD为【河北-唐山】
2021-07-09 01:12:17 GSD insert 第 1 次 等待 1 秒
2021-07-09 01:12:18 {"status":"ok","msg":"添加成功！226763"}
2021-07-09 01:12:18 下次操作: 2021-07-09 01:12:33

2021-07-09 01:12:33 开始第 14 次操作

2021-07-09 01:12:33 开始操作号码 【1327355】
2021-07-09 01:12:39 GSD getOne 第 1 次 等待 1 秒
2021-07-09 01:12:40 查询号码 【1327355】，返回信息 {"status":"bad","msg":""}
2021-07-09 01:12:40 查询号码 【1327355】，GSD为【""】
2021-07-09 01:12:40 bad
2021-07-09 01:12:46 CHB 1327355?1625764360 第 1 次 等待 1 秒
2021-07-09 01:12:47 CHB 1327355?1625764360 第 1 次 获取到号码【1327355】GSD
2021-07-09 01:12:47 获取到号码【1327355】的GSD为【河北-唐山】
2021-07-09 01:12:53 GSD insert 第 1 次 等待 1 秒
2021-07-09 01:12:54 {"status":"ok","msg":"添加成功！226770"}
2021-07-09 01:12:54 下次操作: 2021-07-09 01:13:12

2021-07-09 01:13:12 开始第 15 次操作

2021-07-09 01:13:12 开始操作号码 【1327354】
2021-07-09 01:13:17 GSD getOne 第 1 次 等待 1 秒
2021-07-09 01:13:18 查询号码 【1327354】，返回信息 {"status":"bad","msg":""}
2021-07-09 01:13:18 查询号码 【1327354】，GSD为【""】
2021-07-09 01:13:18 bad
2021-07-09 01:13:20 CHB 1327354?1625764398 第 1 次 等待 1 秒
2021-07-09 01:13:21 CHB 1327354?1625764398 第 1 次 获取到号码【1327354】GSD
2021-07-09 01:13:21 获取到号码【1327354】的GSD为【河北-唐山】
2021-07-09 01:13:26 GSD insert 第 1 次 等待 1 秒
2021-07-09 01:13:27 {"status":"ok","msg":"添加成功！226776"}
2021-07-09 01:13:27 下次操作: 2021-07-09 01:13:37

2021-07-09 01:13:37 开始第 16 次操作

2021-07-09 01:13:37 开始操作号码 【1327353】
2021-07-09 01:13:41 GSD getOne 第 1 次 等待 1 秒
2021-07-09 01:13:42 查询号码 【1327353】，返回信息 {"status":"bad","msg":""}
2021-07-09 01:13:42 查询号码 【1327353】，GSD为【""】
2021-07-09 01:13:42 bad
2021-07-09 01:13:51 CHB 1327353?1625764422 第 1 次 等待 1 秒
2021-07-09 01:13:52 CHB 1327353?1625764422 第 1 次 获取到号码【1327353】GSD
2021-07-09 01:13:52 获取到号码【1327353】的GSD为【河北-唐山】
2021-07-09 01:13:59 GSD insert 第 1 次 等待 1 秒
2021-07-09 01:14:00 {"status":"ok","msg":"添加成功！226779"}
2021-07-09 01:14:00 下次操作: 2021-07-09 01:14:16

2021-07-09 01:14:16 开始第 17 次操作

2021-07-09 01:14:16 开始操作号码 【1327352】
2021-07-09 01:14:20 GSD getOne 第 1 次 等待 1 秒
2021-07-09 01:14:21 查询号码 【1327352】，返回信息 {"status":"bad","msg":""}
2021-07-09 01:14:21 查询号码 【1327352】，GSD为【""】
2021-07-09 01:14:21 bad
2021-07-09 01:15:51 CHB 1327352?1625764461 第 1 次 等待 1 秒
2021-07-09 01:15:52 CHB 1327352?1625764461 第 1 次 获取到号码【1327352】GSD
2021-07-09 01:15:52 未获取到号码【1327352】GSD，查号吧 522 错误
2021-07-09 01:15:52 获取到号码【1327352】的GSD为【-】
2021-07-09 01:16:01 GSD insert 第 1 次 等待 1 秒
2021-07-09 01:16:02 {"status":"ok","msg":"添加成功！226792"}
2021-07-09 01:16:02 下次操作: 2021-07-09 01:16:14

2021-07-09 01:16:14 开始第 18 次操作

2021-07-09 01:16:14 开始操作号码 【1327351】
2021-07-09 01:16:18 GSD getOne 第 1 次 等待 1 秒
2021-07-09 01:16:19 查询号码 【1327351】，返回信息 {"status":"bad","msg":""}
2021-07-09 01:16:19 查询号码 【1327351】，GSD为【""】
2021-07-09 01:16:19 bad
2021-07-09 01:16:28 CHB 1327351?1625764579 第 1 次 等待 1 秒
2021-07-09 01:16:29 CHB 1327351?1625764579 第 1 次 获取到号码【1327351】GSD
2021-07-09 01:16:29 获取到号码【1327351】的GSD为【河北-唐山】
2021-07-09 01:16:38 GSD insert 第 1 次 等待 1 秒
2021-07-09 01:16:39 {"status":"ok","msg":"添加成功！226796"}
2021-07-09 01:16:39 下次操作: 2021-07-09 01:16:46

2021-07-09 01:16:46 开始第 19 次操作

2021-07-09 01:16:46 开始操作号码 【1327350】
2021-07-09 01:16:49 GSD getOne 第 1 次 等待 1 秒
2021-07-09 01:16:50 查询号码 【1327350】，返回信息 {"status":"bad","msg":""}
2021-07-09 01:16:51 查询号码 【1327350】，GSD为【""】
2021-07-09 01:16:51 bad
2021-07-09 01:16:57 CHB 1327350?1625764611 第 1 次 等待 1 秒
2021-07-09 01:16:58 CHB 1327350?1625764611 第 1 次 获取到号码【1327350】GSD
2021-07-09 01:16:58 获取到号码【1327350】的GSD为【河北-唐山】
2021-07-09 01:17:03 GSD insert 第 1 次 等待 1 秒
2021-07-09 01:17:04 {"status":"ok","msg":"添加成功！226801"}
2021-07-09 01:17:04 下次操作: 2021-07-09 01:17:22

2021-07-09 01:17:22 开始第 20 次操作

2021-07-09 01:17:22 开始操作号码 【1327349】
2021-07-09 01:17:31 GSD getOne 第 1 次 等待 1 秒
2021-07-09 01:17:32 查询号码 【1327349】，返回信息 {"status":"bad","msg":""}
2021-07-09 01:17:32 查询号码 【1327349】，GSD为【""】
2021-07-09 01:17:32 bad
2021-07-09 01:17:34 CHB 1327349?1625764652 第 1 次 等待 1 秒
2021-07-09 01:17:35 CHB 1327349?1625764652 第 1 次 获取到号码【1327349】GSD
2021-07-09 01:17:35 获取到号码【1327349】的GSD为【河北-邢台】
2021-07-09 01:17:39 GSD insert 第 1 次 等待 1 秒
2021-07-09 01:17:40 {"status":"ok","msg":"添加成功！226804"}
2021-07-09 01:17:40 下次操作: 2021-07-09 01:17:54

2021-07-09 01:17:54 开始第 21 次操作

2021-07-09 01:17:54 开始操作号码 【1327348】
2021-07-09 01:18:00 GSD getOne 第 1 次 等待 1 秒
2021-07-09 01:18:01 查询号码 【1327348】，返回信息 {"status":"bad","msg":""}
2021-07-09 01:18:01 查询号码 【1327348】，GSD为【""】
2021-07-09 01:18:01 bad
2021-07-09 01:18:04 CHB 1327348?1625764681 第 1 次 等待 1 秒
2021-07-09 01:18:05 CHB 1327348?1625764681 第 1 次 获取到号码【1327348】GSD
2021-07-09 01:18:05 获取到号码【1327348】的GSD为【河北-邢台】
2021-07-09 01:18:12 GSD insert 第 1 次 等待 1 秒
2021-07-09 01:18:13 {"status":"ok","msg":"添加成功！226810"}
2021-07-09 01:18:13 下次操作: 2021-07-09 01:18:30

2021-07-09 01:18:30 开始第 22 次操作

2021-07-09 01:18:30 开始操作号码 【1327347】
2021-07-09 01:18:33 GSD getOne 第 1 次 等待 1 秒
2021-07-09 01:18:34 查询号码 【1327347】，返回信息 {"status":"bad","msg":""}
2021-07-09 01:18:34 查询号码 【1327347】，GSD为【""】
2021-07-09 01:18:34 bad
2021-07-09 01:18:40 CHB 1327347?1625764714 第 1 次 等待 1 秒
2021-07-09 01:18:41 CHB 1327347?1625764714 第 1 次 获取到号码【1327347】GSD
2021-07-09 01:18:41 获取到号码【1327347】的GSD为【河北-邢台】
2021-07-09 01:18:45 GSD insert 第 1 次 等待 1 秒
2021-07-09 01:18:46 {"status":"ok","msg":"添加成功！226817"}
2021-07-09 01:18:46 下次操作: 2021-07-09 01:18:58

2021-07-09 01:18:58 开始第 23 次操作

2021-07-09 01:18:58 开始操作号码 【1327346】
2021-07-09 01:19:05 GSD getOne 第 1 次 等待 1 秒
2021-07-09 01:19:06 查询号码 【1327346】，返回信息 {"status":"bad","msg":""}
2021-07-09 01:19:07 查询号码 【1327346】，GSD为【""】
2021-07-09 01:19:07 bad
2021-07-09 01:19:13 CHB 1327346?1625764747 第 1 次 等待 1 秒
2021-07-09 01:19:14 CHB 1327346?1625764747 第 1 次 获取到号码【1327346】GSD
2021-07-09 01:19:14 获取到号码【1327346】的GSD为【河北-邢台】
2021-07-09 01:19:18 GSD insert 第 1 次 等待 1 秒
2021-07-09 01:19:19 {"status":"ok","msg":"添加成功！226823"}
2021-07-09 01:19:19 下次操作: 2021-07-09 01:19:29

2021-07-09 01:19:29 开始第 24 次操作

2021-07-09 01:19:29 开始操作号码 【1327345】
2021-07-09 01:19:33 GSD getOne 第 1 次 等待 1 秒
2021-07-09 01:19:34 查询号码 【1327345】，返回信息 {"status":"bad","msg":""}
2021-07-09 01:19:35 查询号码 【1327345】，GSD为【""】
2021-07-09 01:19:35 bad
2021-07-09 01:19:36 CHB 1327345?1625764775 第 1 次 等待 1 秒
2021-07-09 01:19:37 CHB 1327345?1625764775 第 1 次 获取到号码【1327345】GSD
2021-07-09 01:19:37 获取到号码【1327345】的GSD为【河北-邢台】
2021-07-09 01:19:44 GSD insert 第 1 次 等待 1 秒
2021-07-09 01:19:45 {"status":"ok","msg":"添加成功！226826"}
2021-07-09 01:19:45 下次操作: 2021-07-09 01:20:02

2021-07-09 01:20:02 开始第 25 次操作

2021-07-09 01:20:02 开始操作号码 【1327344】
2021-07-09 01:20:12 GSD getOne 第 1 次 等待 1 秒
2021-07-09 01:20:13 查询号码 【1327344】，返回信息 {"status":"bad","msg":""}
2021-07-09 01:20:13 查询号码 【1327344】，GSD为【""】
2021-07-09 01:20:13 bad
2021-07-09 01:20:26 CHB 1327344?1625764813 第 1 次 等待 1 秒
2021-07-09 01:20:27 CHB 1327344?1625764813 第 1 次 获取到号码【1327344】GSD
2021-07-09 01:20:27 获取到号码【1327344】的GSD为【河北-石家庄】
2021-07-09 01:20:31 GSD insert 第 1 次 等待 1 秒
2021-07-09 01:20:32 {"status":"ok","msg":"添加成功！226834"}
2021-07-09 01:20:32 下次操作: 2021-07-09 01:20:40

2021-07-09 01:20:40 开始第 26 次操作

2021-07-09 01:20:40 开始操作号码 【1327343】
2021-07-09 01:20:45 GSD getOne 第 1 次 等待 1 秒
2021-07-09 01:20:46 查询号码 【1327343】，返回信息 {"status":"bad","msg":""}
2021-07-09 01:20:46 查询号码 【1327343】，GSD为【""】
2021-07-09 01:20:46 bad
2021-07-09 01:21:18 CHB 1327343?1625764846 第 1 次 等待 1 秒
2021-07-09 01:21:19 CHB 1327343?1625764846 第 1 次 获取到号码【1327343】GSD
2021-07-09 01:21:19 获取到号码【1327343】的GSD为【河北-石家庄】
2021-07-09 01:21:23 GSD insert 第 1 次 等待 1 秒
2021-07-09 01:21:24 {"status":"ok","msg":"添加成功！226839"}
2021-07-09 01:21:24 下次操作: 2021-07-09 01:21:37

2021-07-09 01:21:37 开始第 27 次操作

2021-07-09 01:21:37 开始操作号码 【1327342】
2021-07-09 01:21:41 GSD getOne 第 1 次 等待 1 秒
2021-07-09 01:21:42 查询号码 【1327342】，返回信息 {"status":"bad","msg":""}
2021-07-09 01:21:42 查询号码 【1327342】，GSD为【""】
2021-07-09 01:21:42 bad
2021-07-09 01:23:00 CHB 1327342?1625764902 第 1 次 等待 1 秒
2021-07-09 01:23:01 CHB 1327342?1625764902 第 1 次 获取到号码【1327342】GSD
2021-07-09 01:23:01 获取到号码【1327342】的GSD为【河北-石家庄】
2021-07-09 01:23:11 GSD insert 第 1 次 等待 1 秒
2021-07-09 01:23:12 {"status":"ok","msg":"添加成功！226854"}
2021-07-09 01:23:12 下次操作: 2021-07-09 01:23:24

2021-07-09 01:23:24 开始第 28 次操作

2021-07-09 01:23:24 开始操作号码 【1327341】
2021-07-09 01:23:29 GSD getOne 第 1 次 等待 1 秒
2021-07-09 01:23:30 查询号码 【1327341】，返回信息 {"status":"bad","msg":""}
2021-07-09 01:23:31 查询号码 【1327341】，GSD为【""】
2021-07-09 01:23:31 bad
2021-07-09 01:23:33 CHB 1327341?1625765011 第 1 次 等待 1 秒
2021-07-09 01:23:34 CHB 1327341?1625765011 第 1 次 获取到号码【1327341】GSD
2021-07-09 01:23:34 获取到号码【1327341】的GSD为【河北-石家庄】
2021-07-09 01:23:39 GSD insert 第 1 次 等待 1 秒
2021-07-09 01:23:40 {"status":"ok","msg":"添加成功！226860"}
2021-07-09 01:23:40 下次操作: 2021-07-09 01:23:55

2021-07-09 01:23:55 开始第 29 次操作

2021-07-09 01:23:55 开始操作号码 【1327340】
2021-07-09 01:23:59 GSD getOne 第 1 次 等待 1 秒
2021-07-09 01:24:00 查询号码 【1327340】，返回信息 {"status":"bad","msg":""}
2021-07-09 01:24:00 查询号码 【1327340】，GSD为【""】
2021-07-09 01:24:00 bad
2021-07-09 01:24:08 CHB 1327340?1625765040 第 1 次 等待 1 秒
2021-07-09 01:24:09 CHB 1327340?1625765040 第 1 次 获取到号码【1327340】GSD
2021-07-09 01:24:10 获取到号码【1327340】的GSD为【河北-石家庄】
2021-07-09 01:24:15 GSD insert 第 1 次 等待 1 秒
2021-07-09 01:24:16 {"status":"ok","msg":"添加成功！226865"}
2021-07-09 01:24:16 下次操作: 2021-07-09 01:24:34

2021-07-09 01:24:34 开始第 30 次操作

2021-07-09 01:24:34 开始操作号码 【1327339】
2021-07-09 01:24:37 GSD getOne 第 1 次 等待 1 秒
2021-07-09 01:24:38 查询号码 【1327339】，返回信息 {"status":"bad","msg":""}
2021-07-09 01:24:38 查询号码 【1327339】，GSD为【""】
2021-07-09 01:24:38 bad
2021-07-09 01:24:42 CHB 1327339?1625765078 第 1 次 等待 1 秒
2021-07-09 01:24:43 CHB 1327339?1625765078 第 1 次 获取到号码【1327339】GSD
2021-07-09 01:24:43 获取到号码【1327339】的GSD为【河北-秦皇岛】
2021-07-09 01:24:47 GSD insert 第 1 次 等待 1 秒
2021-07-09 01:24:48 {"status":"ok","msg":"添加成功！226870"}

2021-07-09 01:43:37 开始第 1 次操作

2021-07-09 01:43:37 开始操作号码 【1327338】
2021-07-09 01:43:40 GSD getOne 第 1 次 等待 1 秒
2021-07-09 01:43:41 查询号码 【1327338】，返回信息 {"status":"bad","msg":""}
2021-07-09 01:43:41 查询号码 【1327338】，GSD为【""】
2021-07-09 01:43:41 bad
2021-07-09 01:43:48 CHB 1327338?1625766221 第 1 次 等待 1 秒
2021-07-09 01:43:49 CHB 1327338?1625766221 第 1 次 获取到号码【1327338】GSD
2021-07-09 01:43:50 获取到号码【1327338】的GSD为【河北-秦皇岛】
2021-07-09 01:43:54 GSD insert 第 1 次 等待 1 秒
2021-07-09 01:43:55 {"status":"ok","msg":"添加成功！226940"}
2021-07-09 01:43:55 下次操作: 2021-07-09 01:44:01

2021-07-09 01:44:01 开始第 2 次操作

2021-07-09 01:44:01 开始操作号码 【1327337】
2021-07-09 01:44:09 GSD getOne 第 1 次 等待 1 秒
2021-07-09 01:44:10 查询号码 【1327337】，返回信息 {"status":"bad","msg":""}
2021-07-09 01:44:10 查询号码 【1327337】，GSD为【""】
2021-07-09 01:44:10 bad
2021-07-09 01:44:12 CHB 1327337?1625766250 第 1 次 等待 1 秒
2021-07-09 01:44:14 CHB 1327337?1625766250 第 1 次 获取到号码【1327337】GSD
2021-07-09 01:44:14 获取到号码【1327337】的GSD为【河北-秦皇岛】
2021-07-09 01:44:17 GSD insert 第 1 次 等待 1 秒
2021-07-09 01:44:18 {"status":"ok","msg":"添加成功！226944"}
2021-07-09 01:44:18 下次操作: 2021-07-09 01:44:25

2021-07-09 01:44:25 开始第 3 次操作

2021-07-09 01:44:25 开始操作号码 【1327336】
2021-07-09 01:44:31 GSD getOne 第 1 次 等待 1 秒
2021-07-09 01:44:32 查询号码 【1327336】，返回信息 {"status":"bad","msg":""}
2021-07-09 01:44:32 查询号码 【1327336】，GSD为【""】
2021-07-09 01:44:32 bad
2021-07-09 01:44:34 CHB 1327336?1625766272 第 1 次 等待 1 秒
2021-07-09 01:44:35 CHB 1327336?1625766272 第 1 次 获取到号码【1327336】GSD
2021-07-09 01:44:35 获取到号码【1327336】的GSD为【河北-秦皇岛】
2021-07-09 01:44:38 GSD insert 第 1 次 等待 1 秒
2021-07-09 01:44:39 {"status":"ok","msg":"添加成功！226947"}
2021-07-09 01:44:39 下次操作: 2021-07-09 01:44:45

2021-07-09 01:44:45 开始第 4 次操作

2021-07-09 01:44:45 开始操作号码 【1327335】
2021-07-09 01:44:51 GSD getOne 第 1 次 等待 1 秒
2021-07-09 01:44:52 查询号码 【1327335】，返回信息 {"status":"bad","msg":""}
2021-07-09 01:44:52 查询号码 【1327335】，GSD为【""】
2021-07-09 01:44:52 bad
2021-07-09 01:45:55 CHB 1327335?1625766292 第 1 次 等待 1 秒
2021-07-09 01:45:56 CHB 1327335?1625766292 第 1 次 获取到号码【1327335】GSD
2021-07-09 01:45:56 获取到号码【1327335】的GSD为【河北-秦皇岛】
2021-07-09 01:46:00 GSD insert 第 1 次 等待 1 秒
2021-07-09 01:46:01 {"status":"ok","msg":"添加成功！226954"}
2021-07-09 01:46:01 下次操作: 2021-07-09 01:46:13

2021-07-09 01:46:13 开始第 5 次操作

2021-07-09 01:46:13 开始操作号码 【1327334】
2021-07-09 01:46:28 GSD getOne 第 1 次 等待 1 秒
2021-07-09 01:46:29 查询号码 【1327334】，返回信息 {"status":"bad","msg":""}
2021-07-09 01:46:29 查询号码 【1327334】，GSD为【""】
2021-07-09 01:46:29 bad
2021-07-09 01:46:33 CHB 1327334?1625766389 第 1 次 等待 1 秒
2021-07-09 01:46:34 CHB 1327334?1625766389 第 1 次 获取到号码【1327334】GSD
2021-07-09 01:46:34 获取到号码【1327334】的GSD为【河北-衡水】
2021-07-09 01:46:41 GSD insert 第 1 次 等待 1 秒
2021-07-09 01:46:42 {"status":"ok","msg":"添加成功！226960"}
2021-07-09 01:46:42 下次操作: 2021-07-09 01:46:56

2021-07-09 01:46:56 开始第 6 次操作

2021-07-09 01:46:56 开始操作号码 【1327333】
2021-07-09 01:47:02 GSD getOne 第 1 次 等待 1 秒
2021-07-09 01:47:03 查询号码 【1327333】，返回信息 {"status":"bad","msg":""}
2021-07-09 01:47:03 查询号码 【1327333】，GSD为【""】
2021-07-09 01:47:03 bad
2021-07-09 01:47:09 CHB 1327333?1625766423 第 1 次 等待 1 秒
2021-07-09 01:47:10 CHB 1327333?1625766423 第 1 次 获取到号码【1327333】GSD
2021-07-09 01:47:10 获取到号码【1327333】的GSD为【河北-衡水】
2021-07-09 01:47:16 GSD insert 第 1 次 等待 1 秒
2021-07-09 01:47:17 {"status":"ok","msg":"添加成功！226968"}
2021-07-09 01:47:17 下次操作: 2021-07-09 01:47:35

2021-07-09 01:47:35 开始第 7 次操作

2021-07-09 01:47:35 开始操作号码 【1327332】
2021-07-09 01:47:41 GSD getOne 第 1 次 等待 1 秒
2021-07-09 01:47:42 查询号码 【1327332】，返回信息 {"status":"bad","msg":""}
2021-07-09 01:47:43 查询号码 【1327332】，GSD为【""】
2021-07-09 01:47:43 bad
2021-07-09 01:47:45 CHB 1327332?1625766463 第 1 次 等待 1 秒
2021-07-09 01:47:46 CHB 1327332?1625766463 第 1 次 获取到号码【1327332】GSD
2021-07-09 01:47:46 获取到号码【1327332】的GSD为【河北-衡水】
2021-07-09 01:47:54 GSD insert 第 1 次 等待 1 秒
2021-07-09 01:47:55 {"status":"ok","msg":"添加成功！226978"}
2021-07-09 01:47:55 下次操作: 2021-07-09 01:48:03

2021-07-09 01:48:03 开始第 8 次操作

2021-07-09 01:48:03 开始操作号码 【1327331】
2021-07-09 01:48:06 GSD getOne 第 1 次 等待 1 秒
2021-07-09 01:48:07 查询号码 【1327331】，返回信息 {"status":"bad","msg":""}
2021-07-09 01:48:07 查询号码 【1327331】，GSD为【""】
2021-07-09 01:48:07 bad
2021-07-09 01:48:10 CHB 1327331?1625766487 第 1 次 等待 1 秒
2021-07-09 01:48:11 CHB 1327331?1625766487 第 1 次 获取到号码【1327331】GSD
2021-07-09 01:48:11 获取到号码【1327331】的GSD为【河北-衡水】
2021-07-09 01:48:15 GSD insert 第 1 次 等待 1 秒
2021-07-09 01:48:16 {"status":"ok","msg":"添加成功！226984"}
2021-07-09 01:48:16 下次操作: 2021-07-09 01:48:24

2021-07-09 01:48:24 开始第 9 次操作

2021-07-09 01:48:24 开始操作号码 【1327330】
2021-07-09 01:48:27 GSD getOne 第 1 次 等待 1 秒
2021-07-09 01:48:28 查询号码 【1327330】，返回信息 {"status":"bad","msg":""}
2021-07-09 01:48:29 查询号码 【1327330】，GSD为【""】
2021-07-09 01:48:29 bad
2021-07-09 01:48:35 CHB 1327330?1625766509 第 1 次 等待 1 秒
2021-07-09 01:48:36 CHB 1327330?1625766509 第 1 次 获取到号码【1327330】GSD
2021-07-09 01:48:36 获取到号码【1327330】的GSD为【河北-衡水】
2021-07-09 01:48:47 GSD insert 第 1 次 等待 1 秒
2021-07-09 01:48:48 {"status":"ok","msg":"添加成功！226995"}
2021-07-09 01:48:48 下次操作: 2021-07-09 01:49:03

2021-07-09 01:49:03 开始第 10 次操作

2021-07-09 01:49:03 开始操作号码 【1327329】
2021-07-09 01:49:07 GSD getOne 第 1 次 等待 1 秒
2021-07-09 01:49:08 查询号码 【1327329】，返回信息 {"status":"bad","msg":""}
2021-07-09 01:49:08 查询号码 【1327329】，GSD为【""】
2021-07-09 01:49:08 bad
2021-07-09 01:49:14 CHB 1327329?1625766548 第 1 次 等待 1 秒
2021-07-09 01:49:15 CHB 1327329?1625766548 第 1 次 获取到号码【1327329】GSD
2021-07-09 01:49:15 获取到号码【1327329】的GSD为【河北-保定】
2021-07-09 01:49:20 GSD insert 第 1 次 等待 1 秒
2021-07-09 01:49:21 {"status":"ok","msg":"添加成功！227005"}
2021-07-09 01:49:21 下次操作: 2021-07-09 01:49:30

2021-07-09 01:49:30 开始第 11 次操作

2021-07-09 01:49:30 开始操作号码 【1327328】
2021-07-09 01:49:34 GSD getOne 第 1 次 等待 1 秒
2021-07-09 01:49:35 查询号码 【1327328】，返回信息 {"status":"bad","msg":""}
2021-07-09 01:49:35 查询号码 【1327328】，GSD为【""】
2021-07-09 01:49:35 bad
2021-07-09 01:49:37 CHB 1327328?1625766575 第 1 次 等待 1 秒
2021-07-09 01:49:38 CHB 1327328?1625766575 第 1 次 获取到号码【1327328】GSD
2021-07-09 01:49:38 获取到号码【1327328】的GSD为【河北-保定】
2021-07-09 01:49:41 GSD insert 第 1 次 等待 1 秒
2021-07-09 01:49:42 {"status":"ok","msg":"添加成功！227011"}
2021-07-09 01:49:42 下次操作: 2021-07-09 01:49:56

2021-07-09 01:49:56 开始第 12 次操作

2021-07-09 01:49:56 开始操作号码 【1327327】
2021-07-09 01:50:06 GSD getOne 第 1 次 等待 1 秒
2021-07-09 01:50:07 查询号码 【1327327】，返回信息 {"status":"bad","msg":""}
2021-07-09 01:50:08 查询号码 【1327327】，GSD为【""】
2021-07-09 01:50:08 bad
2021-07-09 01:50:21 CHB 1327327?1625766608 第 1 次 等待 1 秒
2021-07-09 01:50:22 CHB 1327327?1625766608 第 1 次 获取到号码【1327327】GSD
2021-07-09 01:50:22 获取到号码【1327327】的GSD为【河北-保定】
2021-07-09 01:50:26 GSD insert 第 1 次 等待 1 秒
2021-07-09 01:50:27 {"status":"ok","msg":"添加成功！227025"}
2021-07-09 01:50:27 下次操作: 2021-07-09 01:50:43

2021-07-09 01:50:43 开始第 13 次操作

2021-07-09 01:50:43 开始操作号码 【1327326】
2021-07-09 01:50:46 GSD getOne 第 1 次 等待 1 秒
2021-07-09 01:50:47 查询号码 【1327326】，返回信息 {"status":"bad","msg":""}
2021-07-09 01:50:47 查询号码 【1327326】，GSD为【""】
2021-07-09 01:50:47 bad
2021-07-09 01:51:11 CHB 1327326?1625766647 第 1 次 等待 1 秒
2021-07-09 01:51:12 CHB 1327326?1625766647 第 1 次 获取到号码【1327326】GSD
2021-07-09 01:51:12 获取到号码【1327326】的GSD为【河北-保定】
2021-07-09 01:51:16 GSD insert 第 1 次 等待 1 秒
2021-07-09 01:51:17 {"status":"ok","msg":"添加成功！227041"}
2021-07-09 01:51:17 下次操作: 2021-07-09 01:51:35

2021-07-09 01:51:35 开始第 14 次操作

2021-07-09 01:51:35 开始操作号码 【1327325】
2021-07-09 01:51:41 GSD getOne 第 1 次 等待 1 秒
2021-07-09 01:51:42 查询号码 【1327325】，返回信息 {"status":"bad","msg":""}
2021-07-09 01:51:42 查询号码 【1327325】，GSD为【""】
2021-07-09 01:51:42 bad
2021-07-09 01:51:46 CHB 1327325?1625766702 第 1 次 等待 1 秒
2021-07-09 01:51:47 CHB 1327325?1625766702 第 1 次 获取到号码【1327325】GSD
2021-07-09 01:51:47 获取到号码【1327325】的GSD为【河北-保定】
2021-07-09 01:51:53 GSD insert 第 1 次 等待 1 秒
2021-07-09 01:51:54 {"status":"ok","msg":"添加成功！227051"}
2021-07-09 01:51:54 下次操作: 2021-07-09 01:52:09

2021-07-09 01:52:09 开始第 15 次操作

2021-07-09 01:52:09 开始操作号码 【1327324】
2021-07-09 01:52:14 GSD getOne 第 1 次 等待 1 秒
2021-07-09 01:52:15 查询号码 【1327324】，返回信息 {"status":"bad","msg":""}
2021-07-09 01:52:15 查询号码 【1327324】，GSD为【""】
2021-07-09 01:52:15 bad
2021-07-09 01:52:17 CHB 1327324?1625766735 第 1 次 等待 1 秒
2021-07-09 01:52:18 CHB 1327324?1625766735 第 1 次 获取到号码【1327324】GSD
2021-07-09 01:52:18 获取到号码【1327324】的GSD为【河北-保定】
2021-07-09 01:52:24 GSD insert 第 1 次 等待 1 秒
2021-07-09 01:52:25 {"status":"ok","msg":"添加成功！227059"}
2021-07-09 01:52:25 下次操作: 2021-07-09 01:52:39

2021-07-09 01:52:39 开始第 16 次操作

2021-07-09 01:52:39 开始操作号码 【1327323】
2021-07-09 01:52:46 GSD getOne 第 1 次 等待 1 秒
2021-07-09 01:52:47 查询号码 【1327323】，返回信息 {"status":"bad","msg":""}
2021-07-09 01:52:47 查询号码 【1327323】，GSD为【""】
2021-07-09 01:52:47 bad
2021-07-09 01:52:54 CHB 1327323?1625766767 第 1 次 等待 1 秒
2021-07-09 01:52:55 CHB 1327323?1625766767 第 1 次 获取到号码【1327323】GSD
2021-07-09 01:52:55 获取到号码【1327323】的GSD为【河北-保定】
2021-07-09 01:53:02 GSD insert 第 1 次 等待 1 秒
2021-07-09 01:53:03 {"status":"ok","msg":"添加成功！227069"}
2021-07-09 01:53:03 下次操作: 2021-07-09 01:53:18

2021-07-09 01:53:18 开始第 17 次操作

2021-07-09 01:53:18 开始操作号码 【1327322】
2021-07-09 01:53:21 GSD getOne 第 1 次 等待 1 秒
2021-07-09 01:53:22 查询号码 【1327322】，返回信息 {"status":"bad","msg":""}
2021-07-09 01:53:22 查询号码 【1327322】，GSD为【""】
2021-07-09 01:53:22 bad
2021-07-09 01:54:11 CHB 1327322?1625766802 第 1 次 等待 1 秒
2021-07-09 01:54:12 CHB 1327322?1625766802 第 1 次 获取到号码【1327322】GSD
2021-07-09 01:54:12 获取到号码【1327322】的GSD为【河北-保定】
2021-07-09 01:54:16 GSD insert 第 1 次 等待 1 秒
2021-07-09 01:54:17 {"status":"ok","msg":"添加成功！227089"}
2021-07-09 01:54:17 下次操作: 2021-07-09 01:54:35

2021-07-09 01:54:35 开始第 18 次操作

2021-07-09 01:54:35 开始操作号码 【1327321】
2021-07-09 01:54:42 GSD getOne 第 1 次 等待 1 秒
2021-07-09 01:54:43 查询号码 【1327321】，返回信息 {"status":"bad","msg":""}
2021-07-09 01:54:43 查询号码 【1327321】，GSD为【""】
2021-07-09 01:54:43 bad
2021-07-09 01:54:48 CHB 1327321?1625766883 第 1 次 等待 1 秒
2021-07-09 01:54:49 CHB 1327321?1625766883 第 1 次 获取到号码【1327321】GSD
2021-07-09 01:54:49 获取到号码【1327321】的GSD为【河北-保定】
2021-07-09 01:54:58 GSD insert 第 1 次 等待 1 秒
2021-07-09 01:54:59 {"status":"ok","msg":"添加成功！227102"}
2021-07-09 01:54:59 下次操作: 2021-07-09 01:55:16

2021-07-09 01:55:16 开始第 19 次操作

2021-07-09 01:55:16 开始操作号码 【1327320】
2021-07-09 01:55:21 GSD getOne 第 1 次 等待 1 秒
2021-07-09 01:55:22 查询号码 【1327320】，返回信息 {"status":"bad","msg":""}
2021-07-09 01:55:22 查询号码 【1327320】，GSD为【""】
2021-07-09 01:55:22 bad
2021-07-09 01:55:42 CHB 1327320?1625766922 第 1 次 等待 1 秒
2021-07-09 01:55:43 CHB 1327320?1625766922 第 1 次 获取到号码【1327320】GSD
2021-07-09 01:55:43 获取到号码【1327320】的GSD为【河北-保定】
2021-07-09 01:55:47 GSD insert 第 1 次 等待 1 秒
2021-07-09 01:55:48 {"status":"ok","msg":"添加成功！227115"}
2021-07-09 01:55:48 下次操作: 2021-07-09 01:56:06

2021-07-09 01:56:06 开始第 20 次操作

2021-07-09 01:56:06 开始操作号码 【1327319】
2021-07-09 01:56:12 GSD getOne 第 1 次 等待 1 秒
2021-07-09 01:56:13 查询号码 【1327319】，返回信息 {"status":"bad","msg":""}
2021-07-09 01:56:13 查询号码 【1327319】，GSD为【""】
2021-07-09 01:56:13 bad
2021-07-09 01:56:14 CHB 1327319?1625766973 第 1 次 等待 1 秒
2021-07-09 01:56:15 CHB 1327319?1625766973 第 1 次 获取到号码【1327319】GSD
2021-07-09 01:56:15 获取到号码【1327319】的GSD为【河北-石家庄】
2021-07-09 01:56:20 GSD insert 第 1 次 等待 1 秒
2021-07-09 01:56:21 {"status":"ok","msg":"添加成功！227124"}
2021-07-09 01:56:21 下次操作: 2021-07-09 01:56:31

2021-07-09 01:56:31 开始第 21 次操作

2021-07-09 01:56:31 开始操作号码 【1327318】
2021-07-09 01:56:34 GSD getOne 第 1 次 等待 1 秒
2021-07-09 01:56:35 查询号码 【1327318】，返回信息 {"status":"bad","msg":""}
2021-07-09 01:56:35 查询号码 【1327318】，GSD为【""】
2021-07-09 01:56:35 bad
2021-07-09 01:56:41 CHB 1327318?1625766995 第 1 次 等待 1 秒
2021-07-09 01:56:42 CHB 1327318?1625766995 第 1 次 获取到号码【1327318】GSD
2021-07-09 01:56:42 获取到号码【1327318】的GSD为【河北-石家庄】
2021-07-09 01:56:46 GSD insert 第 1 次 等待 1 秒
2021-07-09 01:56:47 {"status":"ok","msg":"添加成功！227135"}
2021-07-09 01:56:47 下次操作: 2021-07-09 01:57:02

2021-07-09 01:57:02 开始第 22 次操作

2021-07-09 01:57:02 开始操作号码 【1327317】
2021-07-09 01:57:06 GSD getOne 第 1 次 等待 1 秒
2021-07-09 01:57:07 查询号码 【1327317】，返回信息 {"status":"bad","msg":""}
2021-07-09 01:57:07 查询号码 【1327317】，GSD为【""】
2021-07-09 01:57:07 bad
2021-07-09 01:57:14 CHB 1327317?1625767027 第 1 次 等待 1 秒
2021-07-09 01:57:15 CHB 1327317?1625767027 第 1 次 获取到号码【1327317】GSD
2021-07-09 01:57:15 获取到号码【1327317】的GSD为【河北-石家庄】
2021-07-09 01:57:19 GSD insert 第 1 次 等待 1 秒
2021-07-09 01:57:20 {"status":"ok","msg":"添加成功！227143"}
2021-07-09 01:57:20 下次操作: 2021-07-09 01:57:30

2021-07-09 01:57:30 开始第 23 次操作

2021-07-09 01:57:30 开始操作号码 【1327316】
2021-07-09 01:57:33 GSD getOne 第 1 次 等待 1 秒
2021-07-09 01:57:34 查询号码 【1327316】，返回信息 {"status":"bad","msg":""}
2021-07-09 01:57:34 查询号码 【1327316】，GSD为【""】
2021-07-09 01:57:34 bad
2021-07-09 01:58:07 CHB 1327316?1625767054 第 1 次 等待 1 秒
2021-07-09 01:58:08 CHB 1327316?1625767054 第 1 次 获取到号码【1327316】GSD
2021-07-09 01:58:08 获取到号码【1327316】的GSD为【河北-石家庄】
2021-07-09 01:58:12 GSD insert 第 1 次 等待 1 秒
2021-07-09 01:58:13 {"status":"ok","msg":"添加成功！227159"}
2021-07-09 01:58:13 下次操作: 2021-07-09 01:58:28

2021-07-09 01:58:28 开始第 24 次操作

2021-07-09 01:58:28 开始操作号码 【1327315】
2021-07-09 01:58:32 GSD getOne 第 1 次 等待 1 秒
2021-07-09 01:58:33 查询号码 【1327315】，返回信息 {"status":"bad","msg":""}
2021-07-09 01:58:33 查询号码 【1327315】，GSD为【""】
2021-07-09 01:58:33 bad
2021-07-09 01:58:35 CHB 1327315?1625767113 第 1 次 等待 1 秒
2021-07-09 01:58:36 CHB 1327315?1625767113 第 1 次 获取到号码【1327315】GSD
2021-07-09 01:58:36 获取到号码【1327315】的GSD为【河北-石家庄】
2021-07-09 01:58:43 GSD insert 第 1 次 等待 1 秒
2021-07-09 01:58:44 {"status":"ok","msg":"添加成功！227167"}
2021-07-09 01:58:44 下次操作: 2021-07-09 01:59:02

2021-07-09 01:59:02 开始第 25 次操作

2021-07-09 01:59:02 开始操作号码 【1327314】
2021-07-09 01:59:06 GSD getOne 第 1 次 等待 1 秒
2021-07-09 01:59:07 查询号码 【1327314】，返回信息 {"status":"bad","msg":""}
2021-07-09 01:59:07 查询号码 【1327314】，GSD为【""】
2021-07-09 01:59:07 bad
2021-07-09 01:59:15 CHB 1327314?1625767147 第 1 次 等待 1 秒
2021-07-09 01:59:16 CHB 1327314?1625767147 第 1 次 获取到号码【1327314】GSD
2021-07-09 01:59:16 获取到号码【1327314】的GSD为【河北-石家庄】
2021-07-09 01:59:33 GSD insert 第 1 次 等待 1 秒
2021-07-09 01:59:34 {"status":"ok","msg":"添加成功！227179"}
2021-07-09 01:59:34 下次操作: 2021-07-09 01:59:44

2021-07-09 01:59:44 开始第 26 次操作

2021-07-09 01:59:44 开始操作号码 【1327313】
2021-07-09 01:59:50 GSD getOne 第 1 次 等待 1 秒
2021-07-09 01:59:51 查询号码 【1327313】，返回信息 {"status":"bad","msg":""}
2021-07-09 01:59:51 查询号码 【1327313】，GSD为【""】
2021-07-09 01:59:51 bad
2021-07-09 01:59:57 CHB 1327313?1625767191 第 1 次 等待 1 秒
2021-07-09 01:59:58 CHB 1327313?1625767191 第 1 次 获取到号码【1327313】GSD
2021-07-09 01:59:58 获取到号码【1327313】的GSD为【河北-石家庄】
2021-07-09 02:00:02 GSD insert 第 1 次 等待 1 秒
2021-07-09 02:00:03 {"status":"ok","msg":"添加成功！227186"}
2021-07-09 02:00:03 下次操作: 2021-07-09 02:00:09

2021-07-09 02:00:09 开始第 27 次操作

2021-07-09 02:00:09 开始操作号码 【1327312】
2021-07-09 02:00:13 GSD getOne 第 1 次 等待 1 秒
2021-07-09 02:00:14 查询号码 【1327312】，返回信息 {"status":"bad","msg":""}
2021-07-09 02:00:14 查询号码 【1327312】，GSD为【""】
2021-07-09 02:00:14 bad
2021-07-09 02:00:17 CHB 1327312?1625767214 第 1 次 等待 1 秒
2021-07-09 02:00:18 CHB 1327312?1625767214 第 1 次 获取到号码【1327312】GSD
2021-07-09 02:00:18 获取到号码【1327312】的GSD为【河北-石家庄】
2021-07-09 02:00:22 GSD insert 第 1 次 等待 1 秒
2021-07-09 02:00:23 {"status":"ok","msg":"添加成功！227191"}
2021-07-09 02:00:23 下次操作: 2021-07-09 02:00:29

2021-07-09 02:00:29 开始第 28 次操作

2021-07-09 02:00:29 开始操作号码 【1327311】
2021-07-09 02:00:33 GSD getOne 第 1 次 等待 1 秒
2021-07-09 02:00:34 查询号码 【1327311】，返回信息 {"status":"bad","msg":""}
2021-07-09 02:00:34 查询号码 【1327311】，GSD为【""】
2021-07-09 02:00:34 bad
2021-07-09 02:00:40 CHB 1327311?1625767234 第 1 次 等待 1 秒
2021-07-09 02:00:41 CHB 1327311?1625767234 第 1 次 获取到号码【1327311】GSD
2021-07-09 02:00:41 获取到号码【1327311】的GSD为【河北-石家庄】
2021-07-09 02:00:45 GSD insert 第 1 次 等待 1 秒
2021-07-09 02:00:46 {"status":"ok","msg":"添加成功！227194"}
2021-07-09 02:00:46 下次操作: 2021-07-09 02:01:00

2021-07-09 02:01:00 开始第 29 次操作

2021-07-09 02:01:00 开始操作号码 【1327310】
2021-07-09 02:01:04 GSD getOne 第 1 次 等待 1 秒
2021-07-09 02:01:05 查询号码 【1327310】，返回信息 {"status":"bad","msg":""}
2021-07-09 02:01:05 查询号码 【1327310】，GSD为【""】
2021-07-09 02:01:05 bad
2021-07-09 02:01:06 CHB 1327310?1625767265 第 1 次 等待 1 秒
2021-07-09 02:01:07 CHB 1327310?1625767265 第 1 次 获取到号码【1327310】GSD
2021-07-09 02:01:07 获取到号码【1327310】的GSD为【河北-石家庄】
2021-07-09 02:01:11 GSD insert 第 1 次 等待 1 秒
2021-07-09 02:01:12 {"status":"ok","msg":"添加成功！227201"}
2021-07-09 02:01:12 下次操作: 2021-07-09 02:01:29

2021-07-09 02:01:29 开始第 30 次操作

2021-07-09 02:01:29 开始操作号码 【1327309】
2021-07-09 02:01:33 GSD getOne 第 1 次 等待 1 秒
2021-07-09 02:01:34 查询号码 【1327309】，返回信息 {"status":"bad","msg":""}
2021-07-09 02:01:34 查询号码 【1327309】，GSD为【""】
2021-07-09 02:01:34 bad
2021-07-09 02:01:36 CHB 1327309?1625767294 第 1 次 等待 1 秒
2021-07-09 02:01:37 CHB 1327309?1625767294 第 1 次 获取到号码【1327309】GSD
2021-07-09 02:01:37 获取到号码【1327309】的GSD为【河南-三门峡】
2021-07-09 02:01:42 GSD insert 第 1 次 等待 1 秒
2021-07-09 02:01:43 {"status":"ok","msg":"添加成功！227206"}

2021-07-09 02:42:53 开始第 1 次操作

2021-07-09 02:42:53 开始操作号码 【1327308】
2021-07-09 02:42:58 GSD getOne 第 1 次 等待 1 秒
2021-07-09 02:42:59 查询号码 【1327308】，返回信息 {"status":"bad","msg":""}
2021-07-09 02:42:59 查询号码 【1327308】，GSD为【""】
2021-07-09 02:42:59 bad
2021-07-09 02:43:04 CHB 1327308?1625769779 第 1 次 等待 1 秒
2021-07-09 02:43:05 CHB 1327308?1625769779 第 1 次 获取到号码【1327308】GSD
2021-07-09 02:43:06 获取到号码【1327308】的GSD为【河南-三门峡】
2021-07-09 02:43:09 GSD insert 第 1 次 等待 1 秒
2021-07-09 02:43:10 {"status":"ok","msg":"添加成功！227300"}
2021-07-09 02:43:10 下次操作: 2021-07-09 02:43:26

2021-07-09 02:43:27 开始第 2 次操作

2021-07-09 02:43:27 开始操作号码 【1327307】
2021-07-09 02:43:30 GSD getOne 第 1 次 等待 1 秒
2021-07-09 02:43:31 查询号码 【1327307】，返回信息 {"status":"ok","msg":"河南-漯河","time_insert":"2021-03-23 13:04"}
2021-07-09 02:43:31 查询号码 【1327307】，GSD为【"河南-漯河"】

2021-07-09 02:43:31 开始第 2 次操作

2021-07-09 02:43:31 开始操作号码 【1327306】
2021-07-09 02:43:35 GSD getOne 第 1 次 等待 1 秒
2021-07-09 02:43:36 查询号码 【1327306】，返回信息 {"status":"bad","msg":""}
2021-07-09 02:43:36 查询号码 【1327306】，GSD为【""】
2021-07-09 02:43:36 bad
2021-07-09 02:43:38 CHB 1327306?1625769816 第 1 次 等待 1 秒
2021-07-09 02:43:39 CHB 1327306?1625769816 第 1 次 获取到号码【1327306】GSD
2021-07-09 02:43:39 获取到号码【1327306】的GSD为【河南-漯河】
2021-07-09 02:43:42 GSD insert 第 1 次 等待 1 秒
2021-07-09 02:43:43 {"status":"ok","msg":"添加成功！227301"}
2021-07-09 02:43:43 下次操作: 2021-07-09 02:43:58

2021-07-09 02:43:58 开始第 3 次操作

2021-07-09 02:43:58 开始操作号码 【1327305】
2021-07-09 02:44:02 GSD getOne 第 1 次 等待 1 秒
2021-07-09 02:44:03 查询号码 【1327305】，返回信息 {"status":"bad","msg":""}
2021-07-09 02:44:03 查询号码 【1327305】，GSD为【""】
2021-07-09 02:44:03 bad
2021-07-09 02:44:09 CHB 1327305?1625769843 第 1 次 等待 1 秒
2021-07-09 02:44:10 CHB 1327305?1625769843 第 1 次 获取到号码【1327305】GSD
2021-07-09 02:44:10 获取到号码【1327305】的GSD为【河南-漯河】
2021-07-09 02:44:14 GSD insert 第 1 次 等待 1 秒
2021-07-09 02:44:15 {"status":"ok","msg":"添加成功！227304"}
2021-07-09 02:44:15 下次操作: 2021-07-09 02:44:21

2021-07-09 02:44:21 开始第 4 次操作

2021-07-09 02:44:21 开始操作号码 【1327304】
2021-07-09 02:44:24 GSD getOne 第 1 次 等待 1 秒
2021-07-09 02:44:25 查询号码 【1327304】，返回信息 {"status":"ok","msg":"河南-开封","time_insert":"2020-10-24 21:18"}
2021-07-09 02:44:26 查询号码 【1327304】，GSD为【"河南-开封"】

2021-07-09 02:44:26 开始第 4 次操作

2021-07-09 02:44:26 开始操作号码 【1327303】
2021-07-09 02:44:29 GSD getOne 第 1 次 等待 1 秒
2021-07-09 02:44:30 查询号码 【1327303】，返回信息 {"status":"ok","msg":"河南-濮阳","time_insert":"2021-04-27 17:09"}
2021-07-09 02:44:30 查询号码 【1327303】，GSD为【"河南-濮阳"】

2021-07-09 02:44:30 开始第 4 次操作

2021-07-09 02:44:30 开始操作号码 【1327302】
2021-07-09 02:44:34 GSD getOne 第 1 次 等待 1 秒
2021-07-09 02:44:35 查询号码 【1327302】，返回信息 {"status":"bad","msg":""}
2021-07-09 02:44:35 查询号码 【1327302】，GSD为【""】
2021-07-09 02:44:35 bad
2021-07-09 02:44:36 CHB 1327302?1625769875 第 1 次 等待 1 秒
2021-07-09 02:44:37 CHB 1327302?1625769875 第 1 次 获取到号码【1327302】GSD
2021-07-09 02:44:37 获取到号码【1327302】的GSD为【河南-郑州】
2021-07-09 02:44:42 GSD insert 第 1 次 等待 1 秒
2021-07-09 02:44:43 {"status":"ok","msg":"添加成功！227306"}
2021-07-09 02:44:43 下次操作: 2021-07-09 02:45:01

2021-07-09 02:45:01 开始第 5 次操作

2021-07-09 02:45:01 开始操作号码 【1327301】
2021-07-09 02:45:05 GSD getOne 第 1 次 等待 1 秒
2021-07-09 02:45:06 查询号码 【1327301】，返回信息 {"status":"ok","msg":"河南-周口","time_insert":"2018-01-07 10:59","time_update":"2020-09-14 11:12"}
2021-07-09 02:45:06 查询号码 【1327301】，GSD为【"河南-周口"】

2021-07-09 02:45:06 开始第 5 次操作

2021-07-09 02:45:06 开始操作号码 【1327300】
2021-07-09 02:45:09 GSD getOne 第 1 次 等待 1 秒
2021-07-09 02:45:10 查询号码 【1327300】，返回信息 {"status":"bad","msg":""}
2021-07-09 02:45:10 查询号码 【1327300】，GSD为【""】
2021-07-09 02:45:10 bad
2021-07-09 02:45:12 CHB 1327300?1625769910 第 1 次 等待 1 秒
2021-07-09 02:45:13 CHB 1327300?1625769910 第 1 次 获取到号码【1327300】GSD
2021-07-09 02:45:13 获取到号码【1327300】的GSD为【河南-周口】
2021-07-09 02:45:17 GSD insert 第 1 次 等待 1 秒
2021-07-09 02:45:18 {"status":"ok","msg":"添加成功！227307"}
2021-07-09 02:45:18 下次操作: 2021-07-09 02:45:31

2021-07-09 02:45:31 开始第 6 次操作

2021-07-09 02:45:31 开始操作号码 【1327299】
2021-07-09 02:45:35 GSD getOne 第 1 次 等待 1 秒
2021-07-09 02:45:36 查询号码 【1327299】，返回信息 {"status":"bad","msg":""}
2021-07-09 02:45:36 查询号码 【1327299】，GSD为【""】
2021-07-09 02:45:36 bad
2021-07-09 02:45:37 CHB 1327299?1625769936 第 1 次 等待 1 秒
2021-07-09 02:45:38 CHB 1327299?1625769936 第 1 次 获取到号码【1327299】GSD
2021-07-09 02:45:38 获取到号码【1327299】的GSD为【重庆-重庆】
2021-07-09 02:45:42 GSD insert 第 1 次 等待 1 秒
2021-07-09 02:45:43 {"status":"ok","msg":"添加成功！227308"}
2021-07-09 02:45:43 下次操作: 2021-07-09 02:45:50

2021-07-09 02:45:50 开始第 7 次操作

2021-07-09 02:45:50 开始操作号码 【1327298】
2021-07-09 02:45:54 GSD getOne 第 1 次 等待 1 秒
2021-07-09 02:45:55 查询号码 【1327298】，返回信息 {"status":"bad","msg":""}
2021-07-09 02:45:55 查询号码 【1327298】，GSD为【""】
2021-07-09 02:45:55 bad
2021-07-09 02:45:56 CHB 1327298?1625769955 第 1 次 等待 1 秒
2021-07-09 02:45:57 CHB 1327298?1625769955 第 1 次 获取到号码【1327298】GSD
2021-07-09 02:45:57 获取到号码【1327298】的GSD为【重庆-重庆】
2021-07-09 02:46:01 GSD insert 第 1 次 等待 1 秒
2021-07-09 02:46:02 {"status":"ok","msg":"添加成功！227310"}
2021-07-09 02:46:02 下次操作: 2021-07-09 02:46:15

2021-07-09 02:46:15 开始第 8 次操作

2021-07-09 02:46:15 开始操作号码 【1327297】
2021-07-09 02:46:18 GSD getOne 第 1 次 等待 1 秒
2021-07-09 02:46:19 查询号码 【1327297】，返回信息 {"status":"ok","msg":"重庆-重庆","time_insert":"2019-05-13 16:34","time_update":"2021-01-03 21:31"}
2021-07-09 02:46:19 查询号码 【1327297】，GSD为【"重庆-重庆"】

2021-07-09 02:46:19 开始第 8 次操作

2021-07-09 02:46:19 开始操作号码 【1327296】
2021-07-09 02:46:23 GSD getOne 第 1 次 等待 1 秒
2021-07-09 02:46:24 查询号码 【1327296】，返回信息 {"status":"ok","msg":"重庆-重庆","time_insert":"2018-02-01 23:05","time_update":"2021-01-03 21:26"}
2021-07-09 02:46:24 查询号码 【1327296】，GSD为【"重庆-重庆"】

2021-07-09 02:46:24 开始第 8 次操作

2021-07-09 02:46:24 开始操作号码 【1327295】
2021-07-09 02:46:28 GSD getOne 第 1 次 等待 1 秒
2021-07-09 02:46:29 查询号码 【1327295】，返回信息 {"status":"bad","msg":""}
2021-07-09 02:46:29 查询号码 【1327295】，GSD为【""】
2021-07-09 02:46:29 bad
2021-07-09 02:46:31 CHB 1327295?1625769989 第 1 次 等待 1 秒
2021-07-09 02:46:32 CHB 1327295?1625769989 第 1 次 获取到号码【1327295】GSD
2021-07-09 02:46:32 获取到号码【1327295】的GSD为【重庆-重庆】
2021-07-09 02:46:35 GSD insert 第 1 次 等待 1 秒
2021-07-09 02:46:36 {"status":"ok","msg":"添加成功！227313"}
2021-07-09 02:46:36 下次操作: 2021-07-09 02:46:49

2021-07-09 02:46:49 开始第 9 次操作

2021-07-09 02:46:49 开始操作号码 【1327294】
2021-07-09 02:46:53 GSD getOne 第 1 次 等待 1 秒
2021-07-09 02:46:54 查询号码 【1327294】，返回信息 {"status":"ok","msg":"重庆-重庆","time_insert":"2017-05-12 16:32","time_update":"2021-01-03 21:24"}
2021-07-09 02:46:54 查询号码 【1327294】，GSD为【"重庆-重庆"】

2021-07-09 02:46:54 开始第 9 次操作

2021-07-09 02:46:54 开始操作号码 【1327293】
2021-07-09 02:46:59 GSD getOne 第 1 次 等待 1 秒
2021-07-09 02:47:00 查询号码 【1327293】，返回信息 {"status":"bad","msg":""}
2021-07-09 02:47:00 查询号码 【1327293】，GSD为【""】
2021-07-09 02:47:00 bad
2021-07-09 02:47:01 CHB 1327293?1625770020 第 1 次 等待 1 秒
2021-07-09 02:47:02 CHB 1327293?1625770020 第 1 次 获取到号码【1327293】GSD
2021-07-09 02:47:02 获取到号码【1327293】的GSD为【重庆-重庆】
2021-07-09 02:47:06 GSD insert 第 1 次 等待 1 秒
2021-07-09 02:47:07 {"status":"ok","msg":"添加成功！227316"}
2021-07-09 02:47:07 下次操作: 2021-07-09 02:47:22

2021-07-09 02:47:22 开始第 10 次操作

2021-07-09 02:47:22 开始操作号码 【1327292】
2021-07-09 02:47:26 GSD getOne 第 1 次 等待 1 秒
2021-07-09 02:47:27 查询号码 【1327292】，返回信息 {"status":"ok","msg":"重庆-重庆","time_insert":"2018-05-18 23:04","time_update":"2021-01-03 21:16"}
2021-07-09 02:47:27 查询号码 【1327292】，GSD为【"重庆-重庆"】

2021-07-09 02:47:27 开始第 10 次操作

2021-07-09 02:47:27 开始操作号码 【1327291】
2021-07-09 02:47:31 GSD getOne 第 1 次 等待 1 秒
2021-07-09 02:47:32 查询号码 【1327291】，返回信息 {"status":"ok","msg":"重庆-重庆","time_insert":"2019-12-11 13:29","time_update":"2021-01-03 21:10"}
2021-07-09 02:47:32 查询号码 【1327291】，GSD为【"重庆-重庆"】

2021-07-09 02:47:32 开始第 10 次操作

2021-07-09 02:47:32 开始操作号码 【1327290】
2021-07-09 02:47:36 GSD getOne 第 1 次 等待 1 秒
2021-07-09 02:47:37 查询号码 【1327290】，返回信息 {"status":"bad","msg":""}
2021-07-09 02:47:37 查询号码 【1327290】，GSD为【""】
2021-07-09 02:47:37 bad
2021-07-09 02:47:39 CHB 1327290?1625770057 第 1 次 等待 1 秒
2021-07-09 02:47:40 CHB 1327290?1625770057 第 1 次 获取到号码【1327290】GSD
2021-07-09 02:47:40 获取到号码【1327290】的GSD为【重庆-重庆】
2021-07-09 02:47:44 GSD insert 第 1 次 等待 1 秒
2021-07-09 02:47:45 {"status":"ok","msg":"添加成功！227318"}
2021-07-09 02:47:45 下次操作: 2021-07-09 02:47:57

2021-07-09 02:47:57 开始第 11 次操作

2021-07-09 02:47:57 开始操作号码 【1327289】
2021-07-09 02:48:01 GSD getOne 第 1 次 等待 1 秒
2021-07-09 02:48:02 查询号码 【1327289】，返回信息 {"status":"ok","msg":"重庆-重庆","time_insert":"2017-04-06 13:56","time_update":"2021-01-03 21:09"}
2021-07-09 02:48:02 查询号码 【1327289】，GSD为【"重庆-重庆"】

2021-07-09 02:48:02 开始第 11 次操作

2021-07-09 02:48:02 开始操作号码 【1327288】
2021-07-09 02:48:05 GSD getOne 第 1 次 等待 1 秒
2021-07-09 02:48:06 查询号码 【1327288】，返回信息 {"status":"bad","msg":""}
2021-07-09 02:48:06 查询号码 【1327288】，GSD为【""】
2021-07-09 02:48:06 bad
2021-07-09 02:48:07 CHB 1327288?1625770086 第 1 次 等待 1 秒
2021-07-09 02:48:08 CHB 1327288?1625770086 第 1 次 获取到号码【1327288】GSD
2021-07-09 02:48:08 获取到号码【1327288】的GSD为【重庆-重庆】
2021-07-09 02:48:14 GSD insert 第 1 次 等待 1 秒
2021-07-09 02:48:15 {"status":"ok","msg":"添加成功！227324"}
2021-07-09 02:48:15 下次操作: 2021-07-09 02:48:33

2021-07-09 02:48:33 开始第 12 次操作

2021-07-09 02:48:33 开始操作号码 【1327287】
2021-07-09 02:48:36 GSD getOne 第 1 次 等待 1 秒
2021-07-09 02:48:37 查询号码 【1327287】，返回信息 {"status":"bad","msg":""}
2021-07-09 02:48:38 查询号码 【1327287】，GSD为【""】
2021-07-09 02:48:38 bad
2021-07-09 02:48:43 CHB 1327287?1625770118 第 1 次 等待 1 秒
2021-07-09 02:48:44 CHB 1327287?1625770118 第 1 次 获取到号码【1327287】GSD
2021-07-09 02:48:44 获取到号码【1327287】的GSD为【重庆-重庆】
2021-07-09 02:48:48 GSD insert 第 1 次 等待 1 秒
2021-07-09 02:48:49 {"status":"ok","msg":"添加成功！227327"}
2021-07-09 02:48:49 下次操作: 2021-07-09 02:48:57

2021-07-09 02:48:57 开始第 13 次操作

2021-07-09 02:48:57 开始操作号码 【1327286】
2021-07-09 02:49:00 GSD getOne 第 1 次 等待 1 秒
2021-07-09 02:49:01 查询号码 【1327286】，返回信息 {"status":"ok","msg":"重庆-重庆","time_insert":"2017-05-10 16:05","time_update":"2021-01-03 21:02"}
2021-07-09 02:49:01 查询号码 【1327286】，GSD为【"重庆-重庆"】

2021-07-09 02:49:01 开始第 13 次操作

2021-07-09 02:49:01 开始操作号码 【1327285】
2021-07-09 02:49:05 GSD getOne 第 1 次 等待 1 秒
2021-07-09 02:49:06 查询号码 【1327285】，返回信息 {"status":"ok","msg":"重庆-重庆","time_insert":"2017-05-11 09:33","time_update":"2021-01-03 20:55"}
2021-07-09 02:49:06 查询号码 【1327285】，GSD为【"重庆-重庆"】

2021-07-09 02:49:06 开始第 13 次操作

2021-07-09 02:49:06 开始操作号码 【1327284】
2021-07-09 02:49:10 GSD getOne 第 1 次 等待 1 秒
2021-07-09 02:49:11 查询号码 【1327284】，返回信息 {"status":"bad","msg":""}
2021-07-09 02:49:11 查询号码 【1327284】，GSD为【""】
2021-07-09 02:49:11 bad
2021-07-09 02:49:12 CHB 1327284?1625770151 第 1 次 等待 1 秒
2021-07-09 02:49:13 CHB 1327284?1625770151 第 1 次 获取到号码【1327284】GSD
2021-07-09 02:49:13 获取到号码【1327284】的GSD为【重庆-重庆】
2021-07-09 02:49:17 GSD insert 第 1 次 等待 1 秒
2021-07-09 02:49:18 {"status":"ok","msg":"添加成功！227330"}
2021-07-09 02:49:18 下次操作: 2021-07-09 02:49:24

2021-07-09 02:49:24 开始第 14 次操作

2021-07-09 02:49:24 开始操作号码 【1327283】
2021-07-09 02:49:28 GSD getOne 第 1 次 等待 1 秒
2021-07-09 02:49:29 查询号码 【1327283】，返回信息 {"status":"ok","msg":"重庆-重庆","time_insert":"2018-03-05 09:00","time_update":"2021-01-03 20:53"}
2021-07-09 02:49:29 查询号码 【1327283】，GSD为【"重庆-重庆"】

2021-07-09 02:49:29 开始第 14 次操作

2021-07-09 02:49:29 开始操作号码 【1327282】
2021-07-09 02:49:32 GSD getOne 第 1 次 等待 1 秒
2021-07-09 02:49:33 查询号码 【1327282】，返回信息 {"status":"bad","msg":""}
2021-07-09 02:49:33 查询号码 【1327282】，GSD为【""】
2021-07-09 02:49:33 bad
2021-07-09 02:49:35 CHB 1327282?1625770173 第 1 次 等待 1 秒
2021-07-09 02:49:36 CHB 1327282?1625770173 第 1 次 获取到号码【1327282】GSD
2021-07-09 02:49:36 获取到号码【1327282】的GSD为【重庆-重庆】
2021-07-09 02:49:46 GSD insert 第 1 次 等待 1 秒
2021-07-09 02:49:47 {"status":"ok","msg":"添加成功！227336"}
2021-07-09 02:49:47 下次操作: 2021-07-09 02:49:54

2021-07-09 02:49:54 开始第 15 次操作

2021-07-09 02:49:54 开始操作号码 【1327281】
2021-07-09 02:49:58 GSD getOne 第 1 次 等待 1 秒
2021-07-09 02:49:59 查询号码 【1327281】，返回信息 {"status":"bad","msg":""}
2021-07-09 02:49:59 查询号码 【1327281】，GSD为【""】
2021-07-09 02:49:59 bad
2021-07-09 02:50:00 CHB 1327281?1625770199 第 1 次 等待 1 秒
2021-07-09 02:50:01 CHB 1327281?1625770199 第 1 次 获取到号码【1327281】GSD
2021-07-09 02:50:01 获取到号码【1327281】的GSD为【重庆-重庆】
2021-07-09 02:50:05 GSD insert 第 1 次 等待 1 秒
2021-07-09 02:50:06 {"status":"ok","msg":"添加成功！227339"}
2021-07-09 02:50:06 下次操作: 2021-07-09 02:50:15

2021-07-09 02:50:15 开始第 16 次操作

2021-07-09 02:50:15 开始操作号码 【1327280】
2021-07-09 02:50:19 GSD getOne 第 1 次 等待 1 秒
2021-07-09 02:50:20 查询号码 【1327280】，返回信息 {"status":"ok","msg":"重庆-重庆","time_insert":"2021-04-22 09:07"}
2021-07-09 02:50:20 查询号码 【1327280】，GSD为【"重庆-重庆"】

2021-07-09 02:50:20 开始第 16 次操作

2021-07-09 02:50:20 开始操作号码 【1327279】
2021-07-09 02:50:23 GSD getOne 第 1 次 等待 1 秒
2021-07-09 02:50:24 查询号码 【1327279】，返回信息 {"status":"bad","msg":""}
2021-07-09 02:50:25 查询号码 【1327279】，GSD为【""】
2021-07-09 02:50:25 bad
2021-07-09 02:50:26 CHB 1327279?1625770225 第 1 次 等待 1 秒
2021-07-09 02:50:27 CHB 1327279?1625770225 第 1 次 获取到号码【1327279】GSD
2021-07-09 02:50:27 获取到号码【1327279】的GSD为【重庆-重庆】
2021-07-09 02:50:30 GSD insert 第 1 次 等待 1 秒
2021-07-09 02:50:31 {"status":"ok","msg":"添加成功！227345"}
2021-07-09 02:50:31 下次操作: 2021-07-09 02:50:47

2021-07-09 02:50:47 开始第 17 次操作

2021-07-09 02:50:47 开始操作号码 【1327278】
2021-07-09 02:50:51 GSD getOne 第 1 次 等待 1 秒
2021-07-09 02:50:52 查询号码 【1327278】，返回信息 {"status":"ok","msg":"重庆-重庆","time_insert":"2018-02-24 18:19","time_update":"2021-01-03 20:45"}
2021-07-09 02:50:52 查询号码 【1327278】，GSD为【"重庆-重庆"】

2021-07-09 02:50:52 开始第 17 次操作

2021-07-09 02:50:52 开始操作号码 【1327277】
2021-07-09 02:50:56 GSD getOne 第 1 次 等待 1 秒
2021-07-09 02:50:57 查询号码 【1327277】，返回信息 {"status":"bad","msg":""}
2021-07-09 02:50:57 查询号码 【1327277】，GSD为【""】
2021-07-09 02:50:57 bad
2021-07-09 02:50:58 CHB 1327277?1625770257 第 1 次 等待 1 秒
2021-07-09 02:50:59 CHB 1327277?1625770257 第 1 次 获取到号码【1327277】GSD
2021-07-09 02:50:59 获取到号码【1327277】的GSD为【重庆-重庆】
2021-07-09 02:51:03 GSD insert 第 1 次 等待 1 秒
2021-07-09 02:51:04 {"status":"ok","msg":"添加成功！227351"}
2021-07-09 02:51:04 下次操作: 2021-07-09 02:51:18

2021-07-09 02:51:18 开始第 18 次操作

2021-07-09 02:51:18 开始操作号码 【1327276】
2021-07-09 02:51:22 GSD getOne 第 1 次 等待 1 秒
2021-07-09 02:51:23 查询号码 【1327276】，返回信息 {"status":"bad","msg":""}
2021-07-09 02:51:23 查询号码 【1327276】，GSD为【""】
2021-07-09 02:51:23 bad
2021-07-09 02:51:24 CHB 1327276?1625770283 第 1 次 等待 1 秒
2021-07-09 02:51:25 CHB 1327276?1625770283 第 1 次 获取到号码【1327276】GSD
2021-07-09 02:51:25 获取到号码【1327276】的GSD为【重庆-重庆】
2021-07-09 02:51:29 GSD insert 第 1 次 等待 1 秒
2021-07-09 02:51:30 {"status":"ok","msg":"添加成功！227356"}
2021-07-09 02:51:30 下次操作: 2021-07-09 02:51:39

2021-07-09 02:51:39 开始第 19 次操作

2021-07-09 02:51:39 开始操作号码 【1327275】
2021-07-09 02:51:43 GSD getOne 第 1 次 等待 1 秒
2021-07-09 02:51:44 查询号码 【1327275】，返回信息 {"status":"bad","msg":""}
2021-07-09 02:51:44 查询号码 【1327275】，GSD为【""】
2021-07-09 02:51:44 bad
2021-07-09 02:51:46 CHB 1327275?1625770304 第 1 次 等待 1 秒
2021-07-09 02:51:47 CHB 1327275?1625770304 第 1 次 获取到号码【1327275】GSD
2021-07-09 02:51:47 获取到号码【1327275】的GSD为【重庆-重庆】
2021-07-09 02:51:50 GSD insert 第 1 次 等待 1 秒
2021-07-09 02:51:51 {"status":"ok","msg":"添加成功！227359"}
2021-07-09 02:51:51 下次操作: 2021-07-09 02:52:00

2021-07-09 02:52:00 开始第 20 次操作

2021-07-09 02:52:00 开始操作号码 【1327274】
2021-07-09 02:52:04 GSD getOne 第 1 次 等待 1 秒
2021-07-09 02:52:05 查询号码 【1327274】，返回信息 {"status":"ok","msg":"重庆-重庆","time_insert":"2018-07-29 07:49","time_update":"2021-01-03 20:40"}
2021-07-09 02:52:05 查询号码 【1327274】，GSD为【"重庆-重庆"】

2021-07-09 02:52:05 开始第 20 次操作

2021-07-09 02:52:05 开始操作号码 【1327273】
2021-07-09 02:52:09 GSD getOne 第 1 次 等待 1 秒
2021-07-09 02:52:10 查询号码 【1327273】，返回信息 {"status":"ok","msg":"重庆-重庆","time_insert":"2014-12-06 18:25","time_update":"2021-01-03 20:38"}
2021-07-09 02:52:10 查询号码 【1327273】，GSD为【"重庆-重庆"】

2021-07-09 02:52:10 开始第 20 次操作

2021-07-09 02:52:10 开始操作号码 【1327272】
2021-07-09 02:52:13 GSD getOne 第 1 次 等待 1 秒
2021-07-09 02:52:14 查询号码 【1327272】，返回信息 {"status":"ok","msg":"重庆-重庆","time_insert":"2014-06-23 14:08","time_update":"2021-01-03 20:33"}
2021-07-09 02:52:15 查询号码 【1327272】，GSD为【"重庆-重庆"】

2021-07-09 02:52:15 开始第 20 次操作

2021-07-09 02:52:15 开始操作号码 【1327271】
2021-07-09 02:52:18 GSD getOne 第 1 次 等待 1 秒
2021-07-09 02:52:19 查询号码 【1327271】，返回信息 {"status":"ok","msg":"重庆-重庆","time_insert":"2017-04-15 09:11","time_update":"2021-01-03 20:26"}
2021-07-09 02:52:19 查询号码 【1327271】，GSD为【"重庆-重庆"】

2021-07-09 02:52:19 开始第 20 次操作

2021-07-09 02:52:19 开始操作号码 【1327270】
2021-07-09 02:52:23 GSD getOne 第 1 次 等待 1 秒
2021-07-09 02:52:24 查询号码 【1327270】，返回信息 {"status":"bad","msg":""}
2021-07-09 02:52:24 查询号码 【1327270】，GSD为【""】
2021-07-09 02:52:24 bad
2021-07-09 02:52:26 CHB 1327270?1625770344 第 1 次 等待 1 秒
2021-07-09 02:52:27 CHB 1327270?1625770344 第 1 次 获取到号码【1327270】GSD
2021-07-09 02:52:27 获取到号码【1327270】的GSD为【重庆-重庆】
2021-07-09 02:52:30 GSD insert 第 1 次 等待 1 秒
2021-07-09 02:52:31 {"status":"ok","msg":"添加成功！227368"}
2021-07-09 02:52:31 下次操作: 2021-07-09 02:52:39

2021-07-09 02:52:39 开始第 21 次操作

2021-07-09 02:52:39 开始操作号码 【1327269】
2021-07-09 02:52:44 GSD getOne 第 1 次 等待 1 秒
2021-07-09 02:52:45 查询号码 【1327269】，返回信息 {"status":"ok","msg":"重庆-重庆","time_insert":"2014-01-11 21:20","time_update":"2021-01-03 20:17"}
2021-07-09 02:52:45 查询号码 【1327269】，GSD为【"重庆-重庆"】

2021-07-09 02:52:45 开始第 21 次操作

2021-07-09 02:52:45 开始操作号码 【1327268】
2021-07-09 02:52:49 GSD getOne 第 1 次 等待 1 秒
2021-07-09 02:52:50 查询号码 【1327268】，返回信息 {"status":"ok","msg":"重庆-重庆","time_insert":"2017-05-10 16:05","time_update":"2021-01-03 20:10"}
2021-07-09 02:52:50 查询号码 【1327268】，GSD为【"重庆-重庆"】

2021-07-09 02:52:50 开始第 21 次操作

2021-07-09 02:52:50 开始操作号码 【1327267】
2021-07-09 02:52:54 GSD getOne 第 1 次 等待 1 秒
2021-07-09 02:52:55 查询号码 【1327267】，返回信息 {"status":"ok","msg":"重庆-重庆","time_insert":"2017-03-05 21:55","time_update":"2021-01-03 20:04"}
2021-07-09 02:52:55 查询号码 【1327267】，GSD为【"重庆-重庆"】

2021-07-09 02:52:55 开始第 21 次操作

2021-07-09 02:52:55 开始操作号码 【1327266】
2021-07-09 02:52:58 GSD getOne 第 1 次 等待 1 秒
2021-07-09 02:52:59 查询号码 【1327266】，返回信息 {"status":"bad","msg":""}
2021-07-09 02:52:59 查询号码 【1327266】，GSD为【""】
2021-07-09 02:52:59 bad
2021-07-09 02:53:01 CHB 1327266?1625770379 第 1 次 等待 1 秒
2021-07-09 02:53:02 CHB 1327266?1625770379 第 1 次 获取到号码【1327266】GSD
2021-07-09 02:53:02 获取到号码【1327266】的GSD为【重庆-重庆】
2021-07-09 02:53:06 GSD insert 第 1 次 等待 1 秒
2021-07-09 02:53:07 {"status":"ok","msg":"添加成功！227375"}
2021-07-09 02:53:07 下次操作: 2021-07-09 02:53:25

2021-07-09 02:53:25 开始第 22 次操作

2021-07-09 02:53:25 开始操作号码 【1327265】
2021-07-09 02:53:28 GSD getOne 第 1 次 等待 1 秒
2021-07-09 02:53:29 查询号码 【1327265】，返回信息 {"status":"ok","msg":"重庆-重庆","time_insert":"2018-11-07 15:45","time_update":"2021-01-03 19:57"}
2021-07-09 02:53:29 查询号码 【1327265】，GSD为【"重庆-重庆"】

2021-07-09 02:53:29 开始第 22 次操作

2021-07-09 02:53:29 开始操作号码 【1327264】
2021-07-09 02:53:33 GSD getOne 第 1 次 等待 1 秒
2021-07-09 02:53:34 查询号码 【1327264】，返回信息 {"status":"ok","msg":"重庆-重庆","time_insert":"2019-02-14 20:55","time_update":"2021-01-03 19:51"}
2021-07-09 02:53:34 查询号码 【1327264】，GSD为【"重庆-重庆"】

2021-07-09 02:53:34 开始第 22 次操作

2021-07-09 02:53:34 开始操作号码 【1327263】
2021-07-09 02:53:38 GSD getOne 第 1 次 等待 1 秒
2021-07-09 02:53:39 查询号码 【1327263】，返回信息 {"status":"ok","msg":"重庆-重庆","time_insert":"2018-11-01 09:32","time_update":"2021-01-03 19:45"}
2021-07-09 02:53:39 查询号码 【1327263】，GSD为【"重庆-重庆"】

2021-07-09 02:53:39 开始第 22 次操作

2021-07-09 02:53:39 开始操作号码 【1327262】
2021-07-09 02:53:43 GSD getOne 第 1 次 等待 1 秒
2021-07-09 02:53:44 查询号码 【1327262】，返回信息 {"status":"ok","msg":"重庆-重庆","time_insert":"2019-08-08 10:30","time_update":"2021-01-03 19:44"}
2021-07-09 02:53:44 查询号码 【1327262】，GSD为【"重庆-重庆"】

2021-07-09 02:53:44 开始第 22 次操作

2021-07-09 02:53:44 开始操作号码 【1327261】
2021-07-09 02:53:47 GSD getOne 第 1 次 等待 1 秒
2021-07-09 02:53:48 查询号码 【1327261】，返回信息 {"status":"bad","msg":""}
2021-07-09 02:53:49 查询号码 【1327261】，GSD为【""】
2021-07-09 02:53:49 bad
2021-07-09 02:53:50 CHB 1327261?1625770429 第 1 次 等待 1 秒
2021-07-09 02:53:51 CHB 1327261?1625770429 第 1 次 获取到号码【1327261】GSD
2021-07-09 02:53:51 获取到号码【1327261】的GSD为【重庆-重庆】
2021-07-09 02:53:55 GSD insert 第 1 次 等待 1 秒
2021-07-09 02:53:56 {"status":"ok","msg":"添加成功！227385"}
2021-07-09 02:53:56 下次操作: 2021-07-09 02:54:02

2021-07-09 02:54:02 开始第 23 次操作

2021-07-09 02:54:02 开始操作号码 【1327260】
2021-07-09 02:54:05 GSD getOne 第 1 次 等待 1 秒
2021-07-09 02:54:06 查询号码 【1327260】，返回信息 {"status":"ok","msg":"重庆-重庆","time_insert":"2017-08-02 10:14","time_update":"2021-01-03 19:38"}
2021-07-09 02:54:06 查询号码 【1327260】，GSD为【"重庆-重庆"】

2021-07-09 02:54:06 开始第 23 次操作

2021-07-09 02:54:06 开始操作号码 【1327259】
2021-07-09 02:54:10 GSD getOne 第 1 次 等待 1 秒
2021-07-09 02:54:11 查询号码 【1327259】，返回信息 {"status":"ok","msg":"重庆-重庆","time_insert":"2015-10-05 02:32","time_update":"2021-01-03 19:30"}
2021-07-09 02:54:11 查询号码 【1327259】，GSD为【"重庆-重庆"】

2021-07-09 02:54:11 开始第 23 次操作

2021-07-09 02:54:11 开始操作号码 【1327258】
2021-07-09 02:54:19 GSD getOne 第 1 次 等待 1 秒
2021-07-09 02:54:20 查询号码 【1327258】，返回信息 {"status":"bad","msg":""}
2021-07-09 02:54:20 查询号码 【1327258】，GSD为【""】
2021-07-09 02:54:20 bad
2021-07-09 02:54:22 CHB 1327258?1625770460 第 1 次 等待 1 秒
2021-07-09 02:54:23 CHB 1327258?1625770460 第 1 次 获取到号码【1327258】GSD
2021-07-09 02:54:23 获取到号码【1327258】的GSD为【重庆-重庆】
2021-07-09 02:54:27 GSD insert 第 1 次 等待 1 秒
2021-07-09 02:54:28 {"status":"ok","msg":"添加成功！227391"}
2021-07-09 02:54:28 下次操作: 2021-07-09 02:54:35

2021-07-09 02:54:35 开始第 24 次操作

2021-07-09 02:54:35 开始操作号码 【1327257】
2021-07-09 02:54:38 GSD getOne 第 1 次 等待 1 秒
2021-07-09 02:54:39 查询号码 【1327257】，返回信息 {"status":"bad","msg":""}
2021-07-09 02:54:40 查询号码 【1327257】，GSD为【""】
2021-07-09 02:54:40 bad
2021-07-09 02:54:41 CHB 1327257?1625770480 第 1 次 等待 1 秒
2021-07-09 02:54:42 CHB 1327257?1625770480 第 1 次 获取到号码【1327257】GSD
2021-07-09 02:54:42 获取到号码【1327257】的GSD为【重庆-重庆】
2021-07-09 02:54:46 GSD insert 第 1 次 等待 1 秒
2021-07-09 02:54:47 {"status":"ok","msg":"添加成功！227394"}
2021-07-09 02:54:47 下次操作: 2021-07-09 02:54:59

2021-07-09 02:54:59 开始第 25 次操作

2021-07-09 02:54:59 开始操作号码 【1327256】
2021-07-09 02:55:02 GSD getOne 第 1 次 等待 1 秒
2021-07-09 02:55:03 查询号码 【1327256】，返回信息 {"status":"ok","msg":"重庆-重庆","time_insert":"2014-10-04 11:48","time_update":"2021-01-03 19:24"}
2021-07-09 02:55:03 查询号码 【1327256】，GSD为【"重庆-重庆"】

2021-07-09 02:55:03 开始第 25 次操作

2021-07-09 02:55:03 开始操作号码 【1327255】
2021-07-09 02:55:07 GSD getOne 第 1 次 等待 1 秒
2021-07-09 02:55:08 查询号码 【1327255】，返回信息 {"status":"ok","msg":"重庆-重庆","time_insert":"2015-01-26 19:21","time_update":"2021-01-03 19:16"}
2021-07-09 02:55:08 查询号码 【1327255】，GSD为【"重庆-重庆"】

2021-07-09 02:55:08 开始第 25 次操作

2021-07-09 02:55:08 开始操作号码 【1327254】
2021-07-09 02:55:12 GSD getOne 第 1 次 等待 1 秒
2021-07-09 02:55:13 查询号码 【1327254】，返回信息 {"status":"bad","msg":""}
2021-07-09 02:55:13 查询号码 【1327254】，GSD为【""】
2021-07-09 02:55:13 bad
2021-07-09 02:55:14 CHB 1327254?1625770513 第 1 次 等待 1 秒
2021-07-09 02:55:15 CHB 1327254?1625770513 第 1 次 获取到号码【1327254】GSD
2021-07-09 02:55:16 获取到号码【1327254】的GSD为【重庆-重庆】
2021-07-09 02:55:19 GSD insert 第 1 次 等待 1 秒
2021-07-09 02:55:20 {"status":"ok","msg":"添加成功！227401"}
2021-07-09 02:55:20 下次操作: 2021-07-09 02:55:27

2021-07-09 02:55:27 开始第 26 次操作

2021-07-09 02:55:27 开始操作号码 【1327253】
2021-07-09 02:55:31 GSD getOne 第 1 次 等待 1 秒
2021-07-09 02:55:32 查询号码 【1327253】，返回信息 {"status":"bad","msg":""}
2021-07-09 02:55:32 查询号码 【1327253】，GSD为【""】
2021-07-09 02:55:32 bad
2021-07-09 02:55:34 CHB 1327253?1625770532 第 1 次 等待 1 秒
2021-07-09 02:55:35 CHB 1327253?1625770532 第 1 次 获取到号码【1327253】GSD
2021-07-09 02:55:35 获取到号码【1327253】的GSD为【重庆-重庆】
2021-07-09 02:55:38 GSD insert 第 1 次 等待 1 秒
2021-07-09 02:55:39 {"status":"ok","msg":"添加成功！227409"}
2021-07-09 02:55:39 下次操作: 2021-07-09 02:55:46

2021-07-09 02:55:46 开始第 27 次操作

2021-07-09 02:55:46 开始操作号码 【1327252】
2021-07-09 02:55:50 GSD getOne 第 1 次 等待 1 秒
2021-07-09 02:55:51 查询号码 【1327252】，返回信息 {"status":"bad","msg":""}
2021-07-09 02:55:51 查询号码 【1327252】，GSD为【""】
2021-07-09 02:55:51 bad
2021-07-09 02:55:53 CHB 1327252?1625770551 第 1 次 等待 1 秒
2021-07-09 02:55:54 CHB 1327252?1625770551 第 1 次 获取到号码【1327252】GSD
2021-07-09 02:55:54 获取到号码【1327252】的GSD为【重庆-重庆】
2021-07-09 02:55:58 GSD insert 第 1 次 等待 1 秒
2021-07-09 02:55:59 {"status":"ok","msg":"添加成功！227412"}
2021-07-09 02:55:59 下次操作: 2021-07-09 02:56:09

2021-07-09 02:56:09 开始第 28 次操作

2021-07-09 02:56:09 开始操作号码 【1327251】
2021-07-09 02:56:12 GSD getOne 第 1 次 等待 1 秒
2021-07-09 02:56:13 查询号码 【1327251】，返回信息 {"status":"ok","msg":"重庆-重庆","time_insert":"2021-04-22 09:14"}
2021-07-09 02:56:13 查询号码 【1327251】，GSD为【"重庆-重庆"】

2021-07-09 02:56:13 开始第 28 次操作

2021-07-09 02:56:13 开始操作号码 【1327250】
2021-07-09 02:56:18 GSD getOne 第 1 次 等待 1 秒
2021-07-09 02:56:19 查询号码 【1327250】，返回信息 {"status":"bad","msg":""}
2021-07-09 02:56:19 查询号码 【1327250】，GSD为【""】
2021-07-09 02:56:19 bad
2021-07-09 02:56:20 CHB 1327250?1625770579 第 1 次 等待 1 秒
2021-07-09 02:56:21 CHB 1327250?1625770579 第 1 次 获取到号码【1327250】GSD
2021-07-09 02:56:21 获取到号码【1327250】的GSD为【重庆-重庆】
2021-07-09 02:56:26 GSD insert 第 1 次 等待 1 秒
2021-07-09 02:56:27 {"status":"ok","msg":"添加成功！227422"}
2021-07-09 02:56:27 下次操作: 2021-07-09 02:56:37

2021-07-09 02:56:37 开始第 29 次操作

2021-07-09 02:56:37 开始操作号码 【1327249】
2021-07-09 02:56:41 GSD getOne 第 1 次 等待 1 秒
2021-07-09 02:56:42 查询号码 【1327249】，返回信息 {"status":"bad","msg":""}
2021-07-09 02:56:42 查询号码 【1327249】，GSD为【""】
2021-07-09 02:56:42 bad
2021-07-09 02:56:43 CHB 1327249?1625770602 第 1 次 等待 1 秒
2021-07-09 02:56:44 CHB 1327249?1625770602 第 1 次 获取到号码【1327249】GSD
2021-07-09 02:56:44 获取到号码【1327249】的GSD为【湖南-长沙】
2021-07-09 02:56:48 GSD insert 第 1 次 等待 1 秒
2021-07-09 02:56:49 {"status":"ok","msg":"添加成功！227426"}
2021-07-09 02:56:49 下次操作: 2021-07-09 02:57:01

2021-07-09 02:57:01 开始第 30 次操作

2021-07-09 02:57:01 开始操作号码 【1327248】
2021-07-09 02:57:05 GSD getOne 第 1 次 等待 1 秒
2021-07-09 02:57:06 查询号码 【1327248】，返回信息 {"status":"bad","msg":""}
2021-07-09 02:57:06 查询号码 【1327248】，GSD为【""】
2021-07-09 02:57:06 bad
2021-07-09 02:57:11 CHB 1327248?1625770626 第 1 次 等待 1 秒
2021-07-09 02:57:12 CHB 1327248?1625770626 第 1 次 获取到号码【1327248】GSD
2021-07-09 02:57:12 获取到号码【1327248】的GSD为【湖南-长沙】
2021-07-09 02:57:16 GSD insert 第 1 次 等待 1 秒
2021-07-09 02:57:17 {"status":"ok","msg":"添加成功！227436"}

2021-07-09 03:31:54 开始第 1 次操作

2021-07-09 03:31:54 开始操作号码 【1327247】
2021-07-09 03:31:58 GSD getOne 第 1 次 等待 1 秒
2021-07-09 03:31:59 查询号码 【1327247】，返回信息 {"status":"bad","msg":""}
2021-07-09 03:31:59 查询号码 【1327247】，GSD为【""】
2021-07-09 03:31:59 bad
2021-07-09 03:32:01 CHB 1327247?1625772719 第 1 次 等待 1 秒
2021-07-09 03:32:02 CHB 1327247?1625772719 第 1 次 获取到号码【1327247】GSD
2021-07-09 03:32:02 获取到号码【1327247】的GSD为【湖南-长沙】
2021-07-09 03:32:21 GSD insert 第 1 次 等待 1 秒
2021-07-09 03:32:22 {"status":"ok","msg":"添加成功！227653"}
2021-07-09 03:32:22 下次操作: 2021-07-09 03:32:33

2021-07-09 03:32:33 开始第 2 次操作

2021-07-09 03:32:33 开始操作号码 【1327246】
2021-07-09 03:32:43 GSD getOne 第 1 次 等待 1 秒
2021-07-09 03:32:44 查询号码 【1327246】，返回信息 {"status":"bad","msg":""}
2021-07-09 03:32:45 查询号码 【1327246】，GSD为【""】
2021-07-09 03:32:45 bad
2021-07-09 03:32:46 CHB 1327246?1625772765 第 1 次 等待 1 秒
2021-07-09 03:32:47 CHB 1327246?1625772765 第 1 次 获取到号码【1327246】GSD
2021-07-09 03:32:47 获取到号码【1327246】的GSD为【湖南-长沙】
2021-07-09 03:33:06 GSD insert 第 1 次 等待 1 秒
2021-07-09 03:33:07 {"status":"ok","msg":"添加成功！227655"}
2021-07-09 03:33:07 下次操作: 2021-07-09 03:33:24

2021-07-09 03:33:24 开始第 3 次操作

2021-07-09 03:33:24 开始操作号码 【1327245】
2021-07-09 03:33:28 GSD getOne 第 1 次 等待 1 秒
2021-07-09 03:33:29 查询号码 【1327245】，返回信息 {"status":"bad","msg":""}
2021-07-09 03:33:29 查询号码 【1327245】，GSD为【""】
2021-07-09 03:33:29 bad
2021-07-09 03:33:30 CHB 1327245?1625772809 第 1 次 等待 1 秒
2021-07-09 03:33:31 CHB 1327245?1625772809 第 1 次 获取到号码【1327245】GSD
2021-07-09 03:33:31 获取到号码【1327245】的GSD为【湖南-长沙】
2021-07-09 03:33:53 GSD insert 第 1 次 等待 1 秒
2021-07-09 03:33:54 {"status":"ok","msg":"添加成功！227657"}
2021-07-09 03:33:54 下次操作: 2021-07-09 03:34:00

2021-07-09 03:34:00 开始第 4 次操作

2021-07-09 03:34:00 开始操作号码 【1327244】
2021-07-09 03:34:18 GSD getOne 第 1 次 等待 1 秒
2021-07-09 03:34:19 查询号码 【1327244】，返回信息 {"status":"bad","msg":""}
2021-07-09 03:34:19 查询号码 【1327244】，GSD为【""】
2021-07-09 03:34:19 bad
2021-07-09 03:34:21 CHB 1327244?1625772859 第 1 次 等待 1 秒
2021-07-09 03:34:22 CHB 1327244?1625772859 第 1 次 获取到号码【1327244】GSD
2021-07-09 03:34:22 获取到号码【1327244】的GSD为【湖南-长沙】
2021-07-09 03:34:41 GSD insert 第 1 次 等待 1 秒
2021-07-09 03:34:42 {"status":"ok","msg":"添加成功！227663"}
2021-07-09 03:34:42 下次操作: 2021-07-09 03:34:53

2021-07-09 03:34:53 开始第 5 次操作

2021-07-09 03:34:53 开始操作号码 【1327243】
2021-07-09 03:35:04 GSD getOne 第 1 次 等待 1 秒
2021-07-09 03:35:05 查询号码 【1327243】，返回信息 {"status":"bad","msg":""}
2021-07-09 03:35:05 查询号码 【1327243】，GSD为【""】
2021-07-09 03:35:05 bad
2021-07-09 03:35:06 CHB 1327243?1625772905 第 1 次 等待 1 秒
2021-07-09 03:35:07 CHB 1327243?1625772905 第 1 次 获取到号码【1327243】GSD
2021-07-09 03:35:07 获取到号码【1327243】的GSD为【湖南-长沙】
2021-07-09 03:35:27 GSD insert 第 1 次 等待 1 秒
2021-07-09 03:35:28 {"status":"ok","msg":"添加成功！227667"}
2021-07-09 03:35:28 下次操作: 2021-07-09 03:35:34

2021-07-09 03:35:34 开始第 6 次操作

2021-07-09 03:35:34 开始操作号码 【1327242】
2021-07-09 03:35:53 GSD getOne 第 1 次 等待 1 秒
2021-07-09 03:35:54 查询号码 【1327242】，返回信息 {"status":"bad","msg":""}
2021-07-09 03:35:54 查询号码 【1327242】，GSD为【""】
2021-07-09 03:35:54 bad
2021-07-09 03:35:55 CHB 1327242?1625772954 第 1 次 等待 1 秒
2021-07-09 03:35:56 CHB 1327242?1625772954 第 1 次 获取到号码【1327242】GSD
2021-07-09 03:35:56 获取到号码【1327242】的GSD为【湖南-长沙】
2021-07-09 03:36:15 GSD insert 第 1 次 等待 1 秒
2021-07-09 03:36:16 {"status":"ok","msg":"添加成功！227673"}
2021-07-09 03:36:16 下次操作: 2021-07-09 03:36:23

2021-07-09 03:36:23 开始第 7 次操作

2021-07-09 03:36:23 开始操作号码 【1327241】
2021-07-09 03:36:43 GSD getOne 第 1 次 等待 1 秒
2021-07-09 03:36:44 查询号码 【1327241】，返回信息 {"status":"bad","msg":""}
2021-07-09 03:36:44 查询号码 【1327241】，GSD为【""】
2021-07-09 03:36:44 bad
2021-07-09 03:36:49 CHB 1327241?1625773004 第 1 次 等待 1 秒
2021-07-09 03:36:50 CHB 1327241?1625773004 第 1 次 获取到号码【1327241】GSD
2021-07-09 03:36:50 获取到号码【1327241】的GSD为【湖南-长沙】
2021-07-09 03:37:10 GSD insert 第 1 次 等待 1 秒
2021-07-09 03:37:11 {"status":"ok","msg":"添加成功！227683"}
2021-07-09 03:37:11 下次操作: 2021-07-09 03:37:17

2021-07-09 03:37:17 开始第 8 次操作

2021-07-09 03:37:17 开始操作号码 【1327240】
2021-07-09 03:37:37 GSD getOne 第 1 次 等待 1 秒
2021-07-09 03:37:38 查询号码 【1327240】，返回信息 {"status":"bad","msg":""}
2021-07-09 03:37:38 查询号码 【1327240】，GSD为【""】
2021-07-09 03:37:38 bad
2021-07-09 03:37:39 CHB 1327240?1625773058 第 1 次 等待 1 秒
2021-07-09 03:37:40 CHB 1327240?1625773058 第 1 次 获取到号码【1327240】GSD
2021-07-09 03:37:40 获取到号码【1327240】的GSD为【湖南-长沙】
2021-07-09 03:38:00 GSD insert 第 1 次 等待 1 秒
2021-07-09 03:38:01 {"status":"ok","msg":"添加成功！227696"}
2021-07-09 03:38:01 下次操作: 2021-07-09 03:38:15

2021-07-09 03:38:15 开始第 9 次操作

2021-07-09 03:38:15 开始操作号码 【1327239】
2021-07-09 03:38:20 GSD getOne 第 1 次 等待 1 秒
2021-07-09 03:38:21 查询号码 【1327239】，返回信息 {"status":"bad","msg":""}
2021-07-09 03:38:21 查询号码 【1327239】，GSD为【""】
2021-07-09 03:38:21 bad
2021-07-09 03:38:23 CHB 1327239?1625773101 第 1 次 等待 1 秒
2021-07-09 03:38:24 CHB 1327239?1625773101 第 1 次 获取到号码【1327239】GSD
2021-07-09 03:38:24 获取到号码【1327239】的GSD为【湖南-郴州】
2021-07-09 03:38:43 GSD insert 第 1 次 等待 1 秒
2021-07-09 03:38:44 {"status":"ok","msg":"添加成功！227707"}
2021-07-09 03:38:44 下次操作: 2021-07-09 03:38:52

2021-07-09 03:38:52 开始第 10 次操作

2021-07-09 03:38:52 开始操作号码 【1327238】
2021-07-09 03:39:03 GSD getOne 第 1 次 等待 1 秒
2021-07-09 03:39:04 查询号码 【1327238】，返回信息 {"status":"bad","msg":""}
2021-07-09 03:39:04 查询号码 【1327238】，GSD为【""】
2021-07-09 03:39:04 bad
2021-07-09 03:39:05 CHB 1327238?1625773144 第 1 次 等待 1 秒
2021-07-09 03:39:06 CHB 1327238?1625773144 第 1 次 获取到号码【1327238】GSD
2021-07-09 03:39:06 获取到号码【1327238】的GSD为【湖南-郴州】
2021-07-09 03:39:26 GSD insert 第 1 次 等待 1 秒
2021-07-09 03:39:27 {"status":"ok","msg":"添加成功！227719"}
2021-07-09 03:39:27 下次操作: 2021-07-09 03:39:43

2021-07-09 03:39:43 开始第 11 次操作

2021-07-09 03:39:43 开始操作号码 【1327237】
2021-07-09 03:39:46 GSD getOne 第 1 次 等待 1 秒
2021-07-09 03:39:47 查询号码 【1327237】，返回信息 {"status":"bad","msg":""}
2021-07-09 03:39:47 查询号码 【1327237】，GSD为【""】
2021-07-09 03:39:47 bad
2021-07-09 03:39:49 CHB 1327237?1625773187 第 1 次 等待 1 秒
2021-07-09 03:39:50 CHB 1327237?1625773187 第 1 次 获取到号码【1327237】GSD
2021-07-09 03:39:50 获取到号码【1327237】的GSD为【湖南-郴州】
2021-07-09 03:40:09 GSD insert 第 1 次 等待 1 秒
2021-07-09 03:40:10 {"status":"ok","msg":"添加成功！227729"}
2021-07-09 03:40:10 下次操作: 2021-07-09 03:40:16

2021-07-09 03:40:16 开始第 12 次操作

2021-07-09 03:40:16 开始操作号码 【1327236】
2021-07-09 03:40:35 GSD getOne 第 1 次 等待 1 秒
2021-07-09 03:40:36 查询号码 【1327236】，返回信息 {"status":"bad","msg":""}
2021-07-09 03:40:36 查询号码 【1327236】，GSD为【""】
2021-07-09 03:40:36 bad
2021-07-09 03:40:37 CHB 1327236?1625773236 第 1 次 等待 1 秒
2021-07-09 03:40:38 CHB 1327236?1625773236 第 1 次 获取到号码【1327236】GSD
2021-07-09 03:40:39 获取到号码【1327236】的GSD为【湖南-郴州】
2021-07-09 03:41:00 GSD insert 第 1 次 等待 1 秒
2021-07-09 03:41:01 {"status":"ok","msg":"添加成功！227743"}
2021-07-09 03:41:01 下次操作: 2021-07-09 03:41:08

2021-07-09 03:41:08 开始第 13 次操作

2021-07-09 03:41:08 开始操作号码 【1327235】
2021-07-09 03:41:19 GSD getOne 第 1 次 等待 1 秒
2021-07-09 03:41:20 查询号码 【1327235】，返回信息 {"status":"ok","msg":"湖南-郴州","time_insert":"2018-01-29 15:27","time_update":"2020-09-21 19:26"}
2021-07-09 03:41:20 查询号码 【1327235】，GSD为【"湖南-郴州"】

2021-07-09 03:41:20 开始第 13 次操作

2021-07-09 03:41:20 开始操作号码 【1327234】
2021-07-09 03:41:39 GSD getOne 第 1 次 等待 1 秒
2021-07-09 03:41:40 查询号码 【1327234】，返回信息 {"status":"bad","msg":""}
2021-07-09 03:41:40 查询号码 【1327234】，GSD为【""】
2021-07-09 03:41:40 bad
2021-07-09 03:41:41 CHB 1327234?1625773300 第 1 次 等待 1 秒
2021-07-09 03:41:42 CHB 1327234?1625773300 第 1 次 获取到号码【1327234】GSD
2021-07-09 03:41:42 获取到号码【1327234】的GSD为【湖南-衡阳】
2021-07-09 03:42:01 GSD insert 第 1 次 等待 1 秒
2021-07-09 03:42:02 {"status":"ok","msg":"添加成功！227759"}
2021-07-09 03:42:02 下次操作: 2021-07-09 03:42:17

2021-07-09 03:42:17 开始第 14 次操作

2021-07-09 03:42:17 开始操作号码 【1327233】
2021-07-09 03:42:21 GSD getOne 第 1 次 等待 1 秒
2021-07-09 03:42:22 查询号码 【1327233】，返回信息 {"status":"bad","msg":""}
2021-07-09 03:42:22 查询号码 【1327233】，GSD为【""】
2021-07-09 03:42:22 bad
2021-07-09 03:42:24 CHB 1327233?1625773342 第 1 次 等待 1 秒
2021-07-09 03:42:25 CHB 1327233?1625773342 第 1 次 获取到号码【1327233】GSD
2021-07-09 03:42:25 获取到号码【1327233】的GSD为【湖南-衡阳】
2021-07-09 03:42:44 GSD insert 第 1 次 等待 1 秒
2021-07-09 03:42:45 {"status":"ok","msg":"添加成功！227771"}
2021-07-09 03:42:45 下次操作: 2021-07-09 03:42:51

2021-07-09 03:42:51 开始第 15 次操作

2021-07-09 03:42:51 开始操作号码 【1327232】
2021-07-09 03:43:10 GSD getOne 第 1 次 等待 1 秒
2021-07-09 03:43:11 查询号码 【1327232】，返回信息 {"status":"bad","msg":""}
2021-07-09 03:43:11 查询号码 【1327232】，GSD为【""】
2021-07-09 03:43:11 bad
2021-07-09 03:43:12 CHB 1327232?1625773391 第 1 次 等待 1 秒
2021-07-09 03:43:13 CHB 1327232?1625773391 第 1 次 获取到号码【1327232】GSD
2021-07-09 03:43:13 获取到号码【1327232】的GSD为【湖南-衡阳】
2021-07-09 03:43:32 GSD insert 第 1 次 等待 1 秒
2021-07-09 03:43:33 {"status":"ok","msg":"添加成功！227786"}
2021-07-09 03:43:33 下次操作: 2021-07-09 03:43:50

2021-07-09 03:43:50 开始第 16 次操作

2021-07-09 03:43:50 开始操作号码 【1327231】
2021-07-09 03:43:54 GSD getOne 第 1 次 等待 1 秒
2021-07-09 03:43:55 查询号码 【1327231】，返回信息 {"status":"bad","msg":""}
2021-07-09 03:43:55 查询号码 【1327231】，GSD为【""】
2021-07-09 03:43:55 bad
2021-07-09 03:43:57 CHB 1327231?1625773435 第 1 次 等待 1 秒
2021-07-09 03:43:58 CHB 1327231?1625773435 第 1 次 获取到号码【1327231】GSD
2021-07-09 03:43:58 获取到号码【1327231】的GSD为【湖南-衡阳】
2021-07-09 03:44:17 GSD insert 第 1 次 等待 1 秒
2021-07-09 03:44:18 {"status":"ok","msg":"添加成功！227800"}
2021-07-09 03:44:18 下次操作: 2021-07-09 03:44:35

2021-07-09 03:44:35 开始第 17 次操作

2021-07-09 03:44:35 开始操作号码 【1327230】
2021-07-09 03:44:38 GSD getOne 第 1 次 等待 1 秒
2021-07-09 03:44:39 查询号码 【1327230】，返回信息 {"status":"bad","msg":""}
2021-07-09 03:44:39 查询号码 【1327230】，GSD为【""】
2021-07-09 03:44:39 bad
2021-07-09 03:44:41 CHB 1327230?1625773479 第 1 次 等待 1 秒
2021-07-09 03:44:42 CHB 1327230?1625773479 第 1 次 获取到号码【1327230】GSD
2021-07-09 03:44:42 获取到号码【1327230】的GSD为【湖南-衡阳】
2021-07-09 03:45:01 GSD insert 第 1 次 等待 1 秒
2021-07-09 03:45:02 {"status":"ok","msg":"添加成功！227813"}
2021-07-09 03:45:02 下次操作: 2021-07-09 03:45:13

2021-07-09 03:45:13 开始第 18 次操作

2021-07-09 03:45:13 开始操作号码 【1327229】
2021-07-09 03:45:24 GSD getOne 第 1 次 等待 1 秒
2021-07-09 03:45:25 查询号码 【1327229】，返回信息 {"status":"ok","msg":"湖南-怀化","time_insert":"2019-02-25 21:16","time_update":"2020-09-21 19:23"}
2021-07-09 03:45:25 查询号码 【1327229】，GSD为【"湖南-怀化"】

2021-07-09 03:45:25 开始第 18 次操作

2021-07-09 03:45:25 开始操作号码 【1327228】
2021-07-09 03:45:44 GSD getOne 第 1 次 等待 1 秒
2021-07-09 03:45:45 查询号码 【1327228】，返回信息 {"status":"bad","msg":""}
2021-07-09 03:45:45 查询号码 【1327228】，GSD为【""】
2021-07-09 03:45:45 bad
2021-07-09 03:45:47 CHB 1327228?1625773545 第 1 次 等待 1 秒
2021-07-09 03:45:48 CHB 1327228?1625773545 第 1 次 获取到号码【1327228】GSD
2021-07-09 03:45:48 获取到号码【1327228】的GSD为【湖南-怀化】
2021-07-09 03:46:07 GSD insert 第 1 次 等待 1 秒
2021-07-09 03:46:08 {"status":"ok","msg":"添加成功！227833"}
2021-07-09 03:46:08 下次操作: 2021-07-09 03:46:24

2021-07-09 03:46:24 开始第 19 次操作

2021-07-09 03:46:24 开始操作号码 【1327227】
2021-07-09 03:46:29 GSD getOne 第 1 次 等待 1 秒
2021-07-09 03:46:30 查询号码 【1327227】，返回信息 {"status":"bad","msg":""}
2021-07-09 03:46:30 查询号码 【1327227】，GSD为【""】
2021-07-09 03:46:30 bad
2021-07-09 03:46:31 CHB 1327227?1625773590 第 1 次 等待 1 秒
2021-07-09 03:46:32 CHB 1327227?1625773590 第 1 次 获取到号码【1327227】GSD
2021-07-09 03:46:32 获取到号码【1327227】的GSD为【湖南-怀化】
2021-07-09 03:46:51 GSD insert 第 1 次 等待 1 秒
2021-07-09 03:46:52 {"status":"ok","msg":"添加成功！227846"}
2021-07-09 03:46:52 下次操作: 2021-07-09 03:47:02

2021-07-09 03:47:02 开始第 20 次操作

2021-07-09 03:47:02 开始操作号码 【1327226】
2021-07-09 03:47:13 GSD getOne 第 1 次 等待 1 秒
2021-07-09 03:47:14 查询号码 【1327226】，返回信息 {"status":"bad","msg":""}
2021-07-09 03:47:14 查询号码 【1327226】，GSD为【""】
2021-07-09 03:47:14 bad
2021-07-09 03:47:19 CHB 1327226?1625773634 第 1 次 等待 1 秒
2021-07-09 03:47:20 CHB 1327226?1625773634 第 1 次 获取到号码【1327226】GSD
2021-07-09 03:47:20 获取到号码【1327226】的GSD为【湖南-怀化】
2021-07-09 03:47:40 GSD insert 第 1 次 等待 1 秒
2021-07-09 03:47:41 {"status":"ok","msg":"添加成功！227856"}
2021-07-09 03:47:41 下次操作: 2021-07-09 03:47:53

2021-07-09 03:47:53 开始第 21 次操作

2021-07-09 03:47:53 开始操作号码 【1327225】
2021-07-09 03:48:00 GSD getOne 第 1 次 等待 1 秒
2021-07-09 03:48:01 查询号码 【1327225】，返回信息 {"status":"bad","msg":""}
2021-07-09 03:48:01 查询号码 【1327225】，GSD为【""】
2021-07-09 03:48:01 bad
2021-07-09 03:48:02 CHB 1327225?1625773681 第 1 次 等待 1 秒
2021-07-09 03:48:03 CHB 1327225?1625773681 第 1 次 获取到号码【1327225】GSD
2021-07-09 03:48:03 获取到号码【1327225】的GSD为【湖南-怀化】
2021-07-09 03:48:22 GSD insert 第 1 次 等待 1 秒
2021-07-09 03:48:23 {"status":"ok","msg":"添加成功！227871"}
2021-07-09 03:48:23 下次操作: 2021-07-09 03:48:29

2021-07-09 03:48:29 开始第 22 次操作

2021-07-09 03:48:29 开始操作号码 【1327224】
2021-07-09 03:48:48 GSD getOne 第 1 次 等待 1 秒
2021-07-09 03:48:49 查询号码 【1327224】，返回信息 {"status":"bad","msg":""}
2021-07-09 03:48:49 查询号码 【1327224】，GSD为【""】
2021-07-09 03:48:49 bad
2021-07-09 03:48:51 CHB 1327224?1625773729 第 1 次 等待 1 秒
2021-07-09 03:48:52 CHB 1327224?1625773729 第 1 次 获取到号码【1327224】GSD
2021-07-09 03:48:52 获取到号码【1327224】的GSD为【湖南-怀化】
2021-07-09 03:49:11 GSD insert 第 1 次 等待 1 秒
2021-07-09 03:49:12 {"status":"ok","msg":"添加成功！227884"}
2021-07-09 03:49:12 下次操作: 2021-07-09 03:49:19

2021-07-09 03:49:19 开始第 23 次操作

2021-07-09 03:49:19 开始操作号码 【1327223】
2021-07-09 03:49:37 GSD getOne 第 1 次 等待 1 秒
2021-07-09 03:49:38 查询号码 【1327223】，返回信息 {"status":"bad","msg":""}
2021-07-09 03:49:39 查询号码 【1327223】，GSD为【""】
2021-07-09 03:49:39 bad
2021-07-09 03:49:40 CHB 1327223?1625773779 第 1 次 等待 1 秒
2021-07-09 03:49:41 CHB 1327223?1625773779 第 1 次 获取到号码【1327223】GSD
2021-07-09 03:49:41 获取到号码【1327223】的GSD为【湖南-长沙】
2021-07-09 03:50:00 GSD insert 第 1 次 等待 1 秒
2021-07-09 03:50:01 {"status":"ok","msg":"添加成功！227895"}
2021-07-09 03:50:01 下次操作: 2021-07-09 03:50:14

2021-07-09 03:50:14 开始第 24 次操作

2021-07-09 03:50:14 开始操作号码 【1327222】
2021-07-09 03:50:21 GSD getOne 第 1 次 等待 1 秒
2021-07-09 03:50:22 查询号码 【1327222】，返回信息 {"status":"bad","msg":""}
2021-07-09 03:50:22 查询号码 【1327222】，GSD为【""】
2021-07-09 03:50:22 bad
2021-07-09 03:50:24 CHB 1327222?1625773822 第 1 次 等待 1 秒
2021-07-09 03:50:25 CHB 1327222?1625773822 第 1 次 获取到号码【1327222】GSD
2021-07-09 03:50:25 获取到号码【1327222】的GSD为【湖南-张家界】
2021-07-09 03:50:44 GSD insert 第 1 次 等待 1 秒
2021-07-09 03:50:45 {"status":"ok","msg":"添加成功！227904"}
2021-07-09 03:50:45 下次操作: 2021-07-09 03:50:56

2021-07-09 03:50:56 开始第 25 次操作

2021-07-09 03:50:56 开始操作号码 【1327221】
2021-07-09 03:51:14 GSD getOne 第 1 次 等待 1 秒
2021-07-09 03:51:15 查询号码 【1327221】，返回信息 {"status":"bad","msg":""}
2021-07-09 03:51:15 查询号码 【1327221】，GSD为【""】
2021-07-09 03:51:15 bad
2021-07-09 03:51:17 CHB 1327221?1625773875 第 1 次 等待 1 秒
2021-07-09 03:51:18 CHB 1327221?1625773875 第 1 次 获取到号码【1327221】GSD
2021-07-09 03:51:18 获取到号码【1327221】的GSD为【湖南-衡阳】
2021-07-09 03:51:37 GSD insert 第 1 次 等待 1 秒
2021-07-09 03:51:38 {"status":"ok","msg":"添加成功！227912"}
2021-07-09 03:51:38 下次操作: 2021-07-09 03:51:51

2021-07-09 03:51:51 开始第 26 次操作

2021-07-09 03:51:51 开始操作号码 【1327220】
2021-07-09 03:51:57 GSD getOne 第 1 次 等待 1 秒
2021-07-09 03:51:58 查询号码 【1327220】，返回信息 {"status":"bad","msg":""}
2021-07-09 03:51:59 查询号码 【1327220】，GSD为【""】
2021-07-09 03:51:59 bad
2021-07-09 03:52:00 CHB 1327220?1625773919 第 1 次 等待 1 秒
2021-07-09 03:52:01 CHB 1327220?1625773919 第 1 次 获取到号码【1327220】GSD
2021-07-09 03:52:01 获取到号码【1327220】的GSD为【湖南-邵阳】
2021-07-09 03:52:20 GSD insert 第 1 次 等待 1 秒
2021-07-09 03:52:21 {"status":"ok","msg":"添加成功！227918"}
2021-07-09 03:52:21 下次操作: 2021-07-09 03:52:31

2021-07-09 03:52:31 开始第 27 次操作

2021-07-09 03:52:31 开始操作号码 【1327219】
2021-07-09 03:52:42 GSD getOne 第 1 次 等待 1 秒
2021-07-09 03:52:43 查询号码 【1327219】，返回信息 {"status":"bad","msg":""}
2021-07-09 03:52:43 查询号码 【1327219】，GSD为【""】
2021-07-09 03:52:43 bad
2021-07-09 03:52:45 CHB 1327219?1625773963 第 1 次 等待 1 秒
2021-07-09 03:52:46 CHB 1327219?1625773963 第 1 次 获取到号码【1327219】GSD
2021-07-09 03:52:46 获取到号码【1327219】的GSD为【湖南-益阳】
2021-07-09 03:53:05 GSD insert 第 1 次 等待 1 秒
2021-07-09 03:53:06 {"status":"ok","msg":"添加成功！227925"}
2021-07-09 03:53:06 下次操作: 2021-07-09 03:53:14

2021-07-09 03:53:14 开始第 28 次操作

2021-07-09 03:53:14 开始操作号码 【1327218】
2021-07-09 03:53:25 GSD getOne 第 1 次 等待 1 秒
2021-07-09 03:53:26 查询号码 【1327218】，返回信息 {"status":"bad","msg":""}
2021-07-09 03:53:26 查询号码 【1327218】，GSD为【""】
2021-07-09 03:53:26 bad
2021-07-09 03:53:27 CHB 1327218?1625774006 第 1 次 等待 1 秒
2021-07-09 03:53:28 CHB 1327218?1625774006 第 1 次 获取到号码【1327218】GSD
2021-07-09 03:53:28 获取到号码【1327218】的GSD为【湖南-益阳】
2021-07-09 03:53:48 GSD insert 第 1 次 等待 1 秒
2021-07-09 03:53:49 {"status":"ok","msg":"添加成功！227932"}
2021-07-09 03:53:49 下次操作: 2021-07-09 03:53:59

2021-07-09 03:53:59 开始第 29 次操作

2021-07-09 03:53:59 开始操作号码 【1327217】
2021-07-09 03:54:10 GSD getOne 第 1 次 等待 1 秒
2021-07-09 03:54:11 查询号码 【1327217】，返回信息 {"status":"bad","msg":""}
2021-07-09 03:54:11 查询号码 【1327217】，GSD为【""】
2021-07-09 03:54:11 bad
2021-07-09 03:54:12 CHB 1327217?1625774051 第 1 次 等待 1 秒
2021-07-09 03:54:13 CHB 1327217?1625774051 第 1 次 获取到号码【1327217】GSD
2021-07-09 03:54:13 获取到号码【1327217】的GSD为【湖南-益阳】
2021-07-09 03:54:32 GSD insert 第 1 次 等待 1 秒
2021-07-09 03:54:33 {"status":"ok","msg":"添加成功！227938"}
2021-07-09 03:54:33 下次操作: 2021-07-09 03:54:46

2021-07-09 03:54:46 开始第 30 次操作

2021-07-09 03:54:46 开始操作号码 【1327216】
2021-07-09 03:54:53 GSD getOne 第 1 次 等待 1 秒
2021-07-09 03:54:54 查询号码 【1327216】，返回信息 {"status":"bad","msg":""}
2021-07-09 03:54:54 查询号码 【1327216】，GSD为【""】
2021-07-09 03:54:54 bad
2021-07-09 03:54:56 CHB 1327216?1625774094 第 1 次 等待 1 秒
2021-07-09 03:54:57 CHB 1327216?1625774094 第 1 次 获取到号码【1327216】GSD
2021-07-09 03:54:57 获取到号码【1327216】的GSD为【湖南-益阳】
2021-07-09 03:55:16 GSD insert 第 1 次 等待 1 秒
2021-07-09 03:55:17 {"status":"ok","msg":"添加成功！227944"}

