2024-04-05 00:21:17 开始第 1925 次操作

2024-04-05 00:21:17 开始操作号码 【1581839】
2024-04-05 00:21:22 GSD getOne 第 1 次 等待 3 秒
2024-04-05 00:21:25 查询号码 【1581839】，返回信息 {"status":"ok","msg":"广东-东莞","gid":"24508","time_insert":"2014-08-05 18:19","time_update":"2020-09-30 05:37"}
2024-04-05 00:21:25 查询号码 【1581839】，GSD为【"广东-东莞"】

2024-04-05 00:21:26 开始第 1926 次操作

2024-04-05 00:21:26 开始操作号码 【1581840】
2024-04-05 00:21:33 GSD getOne 第 1 次 等待 3 秒
2024-04-05 00:21:36 查询号码 【1581840】，返回信息 {"status":"ok","msg":"广东-东莞","gid":"126984","time_insert":"2021-06-25 11:44"}
2024-04-05 00:21:36 查询号码 【1581840】，GSD为【"广东-东莞"】

2024-04-05 00:21:37 开始第 1927 次操作

2024-04-05 00:21:37 开始操作号码 【1581841】
2024-04-05 00:21:46 GSD getOne 第 1 次 等待 3 秒
2024-04-05 00:21:49 查询号码 【1581841】，返回信息 {"status":"ok","msg":"广东-东莞","gid":"127088","time_insert":"2021-06-25 12:04"}
2024-04-05 00:21:49 查询号码 【1581841】，GSD为【"广东-东莞"】

2024-04-05 00:21:50 开始第 1928 次操作

2024-04-05 00:21:50 开始操作号码 【1581842】
2024-04-05 00:21:56 GSD getOne 第 1 次 等待 3 秒
2024-04-05 00:21:59 查询号码 【1581842】，返回信息 {"status":"ok","msg":"广东-东莞","gid":"127171","time_insert":"2021-06-25 12:23"}
2024-04-05 00:21:59 查询号码 【1581842】，GSD为【"广东-东莞"】

