2023-12-18 00:21:01 开始第 3713 次操作

2023-12-18 00:21:01 开始操作号码 【1803628】
2023-12-18 00:21:04 GSD getOne 第 1 次 等待 3 秒
2023-12-18 00:21:07 查询号码 【1803628】，返回信息 {"status":"ok","msg":"江苏-盐城","gid":"293899","time_insert":"2021-07-16 14:59"}
2023-12-18 00:21:07 查询号码 【1803628】，GSD为【"江苏-盐城"】

2023-12-18 00:21:08 开始第 3714 次操作

2023-12-18 00:21:08 开始操作号码 【1803629】
2023-12-18 00:21:12 GSD getOne 第 1 次 等待 3 秒
2023-12-18 00:21:15 查询号码 【1803629】，返回信息 {"status":"ok","msg":"江苏-盐城","gid":"293912","time_insert":"2021-07-16 15:00","time_update":"2021-08-07 23:07"}
2023-12-18 00:21:15 查询号码 【1803629】，GSD为【"江苏-盐城"】

2023-12-18 00:21:16 开始第 3715 次操作

2023-12-18 00:21:16 开始操作号码 【1803630】
2023-12-18 00:21:25 GSD getOne 第 1 次 等待 3 秒
2023-12-18 00:21:28 查询号码 【1803630】，返回信息 {"status":"ok","msg":"江苏-盐城","gid":"293921","time_insert":"2021-07-16 15:00"}
2023-12-18 00:21:28 查询号码 【1803630】，GSD为【"江苏-盐城"】

2023-12-18 00:21:29 开始第 3716 次操作

2023-12-18 00:21:29 开始操作号码 【1803631】
2023-12-18 00:21:33 GSD getOne 第 1 次 等待 3 秒
2023-12-18 00:21:36 查询号码 【1803631】，返回信息 {"status":"ok","msg":"江苏-盐城","gid":"293941","time_insert":"2021-07-16 15:01"}
2023-12-18 00:21:36 查询号码 【1803631】，GSD为【"江苏-盐城"】

