2024-02-14 00:21:38 开始第 3525 次操作

2024-02-14 00:21:38 开始操作号码 【1693438】
2024-02-14 00:21:42 GSD getOne 第 1 次 等待 3 秒
2024-02-14 00:21:45 查询号码 【1693438】，返回信息 {"status":"ok","msg":"-","gid":"632193","time_insert":"2023-04-03 17:15"}
2024-02-14 00:21:45 查询号码 【1693438】，GSD为【"-"】
2024-02-14 00:21:45 ok && -
2024-02-14 00:21:48 CHB 1693438?1707841305 第 1 次 等待 3 秒
2024-02-14 00:21:51 CHB 1693438?1707841305 第 1 次 获取到号码【1693438】GSD
2024-02-14 00:21:51 未获取到号码【1693438】GSD，可能号码格式错误
2024-02-14 00:21:51 获取到号码【1693438】的GSD为【-】
2024-02-14 00:21:55 GSD insert 第 1 次 等待 3 秒
2024-02-14 00:21:58 {"status":"bad","gid":"632193","msg":"添加失败！号码【1693438(-|-)】已存在！"}
2024-02-14 00:21:58 随机等待 227 秒，约 3 分钟
2024-02-14 00:21:58 下次操作: 2024-02-14 00:25:45

2024-02-14 00:25:45 开始第 3526 次操作

2024-02-14 00:25:45 开始操作号码 【1693439】
2024-02-14 00:25:49 GSD getOne 第 1 次 等待 3 秒
2024-02-14 00:25:52 查询号码 【1693439】，返回信息 {"status":"ok","msg":"-","gid":"632222","time_insert":"2023-04-03 17:34"}
2024-02-14 00:25:52 查询号码 【1693439】，GSD为【"-"】
2024-02-14 00:25:52 ok && -
2024-02-14 00:25:55 CHB 1693439?1707841552 第 1 次 等待 3 秒
2024-02-14 00:25:58 CHB 1693439?1707841552 第 1 次 获取到号码【1693439】GSD
2024-02-14 00:25:58 未获取到号码【1693439】GSD，可能号码格式错误
2024-02-14 00:25:58 获取到号码【1693439】的GSD为【-】
2024-02-14 00:26:02 GSD insert 第 1 次 等待 3 秒
2024-02-14 00:26:05 {"status":"bad","gid":"632222","msg":"添加失败！号码【1693439(-|-)】已存在！"}
2024-02-14 00:26:05 随机等待 139 秒，约 2 分钟
2024-02-14 00:26:05 下次操作: 2024-02-14 00:28:24

2024-02-14 00:28:24 开始第 3527 次操作

2024-02-14 00:28:24 开始操作号码 【1693440】
2024-02-14 00:28:30 GSD getOne 第 1 次 等待 3 秒
2024-02-14 00:28:33 查询号码 【1693440】，返回信息 {"status":"ok","msg":"-","gid":"632250","time_insert":"2023-04-03 17:50"}
2024-02-14 00:28:33 查询号码 【1693440】，GSD为【"-"】
2024-02-14 00:28:33 ok && -
2024-02-14 00:28:35 CHB 1693440?1707841713 第 1 次 等待 3 秒
2024-02-14 00:28:38 CHB 1693440?1707841713 第 1 次 获取到号码【1693440】GSD
2024-02-14 00:28:38 未获取到号码【1693440】GSD，可能号码格式错误
2024-02-14 00:28:38 获取到号码【1693440】的GSD为【-】
2024-02-14 00:28:42 GSD insert 第 1 次 等待 3 秒
2024-02-14 00:28:45 {"status":"bad","gid":"632250","msg":"添加失败！号码【1693440(-|-)】已存在！"}
2024-02-14 00:28:45 随机等待 196 秒，约 3 分钟
2024-02-14 00:28:45 下次操作: 2024-02-14 00:32:01

2024-02-14 00:32:01 开始第 3528 次操作

2024-02-14 00:32:01 开始操作号码 【1693441】
2024-02-14 00:32:06 GSD getOne 第 1 次 等待 3 秒
2024-02-14 00:32:09 查询号码 【1693441】，返回信息 {"status":"ok","msg":"-","gid":"632275","time_insert":"2023-04-03 18:08"}
2024-02-14 00:32:09 查询号码 【1693441】，GSD为【"-"】
2024-02-14 00:32:09 ok && -
2024-02-14 00:32:15 CHB 1693441?1707841929 第 1 次 等待 3 秒
2024-02-14 00:32:18 CHB 1693441?1707841929 第 1 次 获取到号码【1693441】GSD
2024-02-14 00:32:18 未获取到号码【1693441】GSD，可能号码格式错误
2024-02-14 00:32:18 获取到号码【1693441】的GSD为【-】
2024-02-14 00:32:22 GSD insert 第 1 次 等待 3 秒
2024-02-14 00:32:25 {"status":"bad","gid":"632275","msg":"添加失败！号码【1693441(-|-)】已存在！"}

