2023-11-14 00:23:14 开始第 8349 次操作

2023-11-14 00:23:14 开始操作号码 【1908263】
2023-11-14 00:23:18 GSD getOne 第 1 次 等待 3 秒
2023-11-14 00:23:21 查询号码 【1908263】，返回信息 {"status":"ok","msg":"-","gid":"638340","time_insert":"2023-04-06 14:56"}
2023-11-14 00:23:21 查询号码 【1908263】，GSD为【"-"】
2023-11-14 00:23:21 ok && -
2023-11-14 00:23:23 CHB 1908263?1699892601 第 1 次 等待 3 秒
2023-11-14 00:23:26 CHB 1908263?1699892601 第 1 次 获取到号码【1908263】GSD
2023-11-14 00:23:26 未获取到号码【1908263】GSD，可能号码格式错误
2023-11-14 00:23:26 获取到号码【1908263】的GSD为【-】
2023-11-14 00:23:32 GSD insert 第 1 次 等待 3 秒
2023-11-14 00:23:35 {"status":"bad","gid":"638340","msg":"添加失败！号码【1908263(-|-)】已存在！"}
2023-11-14 00:23:35 随机等待 186 秒，约 3 分钟
2023-11-14 00:23:35 下次操作: 2023-11-14 00:26:41

2023-11-14 00:26:41 开始第 8350 次操作

2023-11-14 00:26:41 开始操作号码 【1908264】
2023-11-14 00:26:45 GSD getOne 第 1 次 等待 3 秒
2023-11-14 00:26:48 查询号码 【1908264】，返回信息 {"status":"ok","msg":"-","gid":"638370","time_insert":"2023-04-06 15:15"}
2023-11-14 00:26:48 查询号码 【1908264】，GSD为【"-"】
2023-11-14 00:26:48 ok && -
2023-11-14 00:26:51 CHB 1908264?1699892808 第 1 次 等待 3 秒
2023-11-14 00:26:54 CHB 1908264?1699892808 第 1 次 获取到号码【1908264】GSD
2023-11-14 00:26:54 未获取到号码【1908264】GSD，可能号码格式错误
2023-11-14 00:26:54 获取到号码【1908264】的GSD为【-】
2023-11-14 00:26:58 GSD insert 第 1 次 等待 3 秒
2023-11-14 00:27:01 {"status":"bad","gid":"638370","msg":"添加失败！号码【1908264(-|-)】已存在！"}
2023-11-14 00:27:01 随机等待 77 秒，约 1 分钟
2023-11-14 00:27:01 下次操作: 2023-11-14 00:28:18

2023-11-14 00:28:18 开始第 8351 次操作

2023-11-14 00:28:18 开始操作号码 【1908265】
2023-11-14 00:28:22 GSD getOne 第 1 次 等待 3 秒
2023-11-14 00:28:25 查询号码 【1908265】，返回信息 {"status":"ok","msg":"-","gid":"638393","time_insert":"2023-04-06 15:33"}
2023-11-14 00:28:25 查询号码 【1908265】，GSD为【"-"】
2023-11-14 00:28:25 ok && -
2023-11-14 00:28:28 CHB 1908265?1699892905 第 1 次 等待 3 秒
2023-11-14 00:28:31 CHB 1908265?1699892905 第 1 次 获取到号码【1908265】GSD
2023-11-14 00:28:31 未获取到号码【1908265】GSD，可能号码格式错误
2023-11-14 00:28:31 获取到号码【1908265】的GSD为【-】
2023-11-14 00:28:37 GSD insert 第 1 次 等待 3 秒
2023-11-14 00:28:40 {"status":"bad","gid":"638393","msg":"添加失败！号码【1908265(-|-)】已存在！"}
2023-11-14 00:28:40 随机等待 203 秒，约 3 分钟
2023-11-14 00:28:40 下次操作: 2023-11-14 00:32:03

2023-11-14 00:32:03 开始第 8352 次操作

2023-11-14 00:32:03 开始操作号码 【1908266】
2023-11-14 00:32:15 GSD getOne 第 1 次 等待 3 秒
2023-11-14 00:32:18 查询号码 【1908266】，返回信息 {"status":"ok","msg":"-","gid":"638425","time_insert":"2023-04-06 15:53"}
2023-11-14 00:32:18 查询号码 【1908266】，GSD为【"-"】
2023-11-14 00:32:18 ok && -
2023-11-14 00:32:22 CHB 1908266?1699893138 第 1 次 等待 3 秒
2023-11-14 00:32:25 CHB 1908266?1699893138 第 1 次 获取到号码【1908266】GSD
2023-11-14 00:32:25 未获取到号码【1908266】GSD，可能号码格式错误
2023-11-14 00:32:25 获取到号码【1908266】的GSD为【-】
2023-11-14 00:32:29 GSD insert 第 1 次 等待 3 秒
2023-11-14 00:32:32 {"status":"bad","gid":"638425","msg":"添加失败！号码【1908266(-|-)】已存在！"}

