2024-10-01 00:24:30 开始第 7337 次操作

2024-10-01 00:24:30 开始操作号码 【1367336】
2024-10-01 00:24:32 GSD getOne 第 1 次 等待 3 秒
2024-10-01 00:24:35 查询号码 【1367336】，返回信息 {"status":"ok","msg":"河南-郑州","gid":"350272","time_insert":"2021-07-22 00:09"}
2024-10-01 00:24:35 查询号码 【1367336】，GSD为【"河南-郑州"】

2024-10-01 00:24:36 开始第 7338 次操作

2024-10-01 00:24:36 开始操作号码 【1367337】
2024-10-01 00:24:38 GSD getOne 第 1 次 等待 3 秒
2024-10-01 00:24:41 查询号码 【1367337】，返回信息 {"status":"ok","msg":"河南-郑州","gid":"350264","time_insert":"2021-07-22 00:08"}
2024-10-01 00:24:41 查询号码 【1367337】，GSD为【"河南-郑州"】

2024-10-01 00:24:42 开始第 7339 次操作

2024-10-01 00:24:42 开始操作号码 【1367338】
2024-10-01 00:24:44 GSD getOne 第 1 次 等待 3 秒
2024-10-01 00:24:47 查询号码 【1367338】，返回信息 {"status":"ok","msg":"河南-郑州","gid":"350259","time_insert":"2021-07-22 00:08"}
2024-10-01 00:24:47 查询号码 【1367338】，GSD为【"河南-郑州"】

2024-10-01 00:24:48 开始第 7340 次操作

2024-10-01 00:24:48 开始操作号码 【1367339】
2024-10-01 00:24:49 GSD getOne 第 1 次 等待 3 秒
2024-10-01 00:24:52 查询号码 【1367339】，返回信息 {"status":"ok","msg":"河南-郑州","gid":"350252","time_insert":"2021-07-22 00:07"}
2024-10-01 00:24:52 查询号码 【1367339】，GSD为【"河南-郑州"】

2024-10-01 00:46:58 开始第 7341 次操作

2024-10-01 00:46:58 开始操作号码 【1367340】
2024-10-01 00:47:00 GSD getOne 第 1 次 等待 3 秒
2024-10-01 00:47:03 查询号码 【1367340】，返回信息 {"status":"ok","msg":"河南-周口","gid":"350242","time_insert":"2021-07-22 00:06"}
2024-10-01 00:47:03 查询号码 【1367340】，GSD为【"河南-周口"】

2024-10-01 00:47:04 开始第 7342 次操作

2024-10-01 00:47:04 开始操作号码 【1367341】
2024-10-01 00:47:07 GSD getOne 第 1 次 等待 3 秒
2024-10-01 00:47:10 查询号码 【1367341】，返回信息 {"status":"ok","msg":"河南-周口","gid":"53524","time_insert":"2021-03-16 22:04"}
2024-10-01 00:47:10 查询号码 【1367341】，GSD为【"河南-周口"】

2024-10-01 00:47:11 开始第 7343 次操作

2024-10-01 00:47:11 开始操作号码 【1367342】
2024-10-01 00:47:13 GSD getOne 第 1 次 等待 3 秒
2024-10-01 00:47:16 查询号码 【1367342】，返回信息 {"status":"ok","msg":"河南-周口","gid":"350231","time_insert":"2021-07-22 00:06"}
2024-10-01 00:47:16 查询号码 【1367342】，GSD为【"河南-周口"】

2024-10-01 00:47:17 开始第 7344 次操作

2024-10-01 00:47:17 开始操作号码 【1367343】
2024-10-01 00:47:24 GSD getOne 第 1 次 等待 3 秒
2024-10-01 00:47:27 查询号码 【1367343】，返回信息 {"status":"ok","msg":"河南-周口","gid":"8710","time_insert":"2017-04-20 15:33","time_update":"2020-09-13 18:49"}
2024-10-01 00:47:27 查询号码 【1367343】，GSD为【"河南-周口"】

