2024-04-01 00:20:41 开始第 1225 次操作

2024-04-01 00:20:41 开始操作号码 【1581139】
2024-04-01 00:20:46 GSD getOne 第 1 次 等待 3 秒
2024-04-01 00:20:49 查询号码 【1581139】，返回信息 {"status":"ok","msg":"北京-北京","gid":"99951","time_insert":"2021-06-16 17:00"}
2024-04-01 00:20:49 查询号码 【1581139】，GSD为【"北京-北京"】

2024-04-01 00:20:50 开始第 1226 次操作

2024-04-01 00:20:50 开始操作号码 【1581140】
2024-04-01 00:20:57 GSD getOne 第 1 次 等待 3 秒
2024-04-01 00:21:00 查询号码 【1581140】，返回信息 {"status":"ok","msg":"北京-北京","gid":"99983","time_insert":"2021-06-16 17:20"}
2024-04-01 00:21:00 查询号码 【1581140】，GSD为【"北京-北京"】

2024-04-01 00:21:01 开始第 1227 次操作

2024-04-01 00:21:01 开始操作号码 【1581141】
2024-04-01 00:21:08 GSD getOne 第 1 次 等待 3 秒
2024-04-01 00:21:11 查询号码 【1581141】，返回信息 {"status":"ok","msg":"北京-北京","gid":"100015","time_insert":"2021-06-16 17:41"}
2024-04-01 00:21:11 查询号码 【1581141】，GSD为【"北京-北京"】

2024-04-01 00:21:12 开始第 1228 次操作

2024-04-01 00:21:12 开始操作号码 【1581142】
2024-04-01 00:21:19 GSD getOne 第 1 次 等待 3 秒
2024-04-01 00:21:22 查询号码 【1581142】，返回信息 {"status":"ok","msg":"北京-北京","gid":"100039","time_insert":"2021-06-16 18:00"}
2024-04-01 00:21:22 查询号码 【1581142】，GSD为【"北京-北京"】

2024-04-01 00:39:13 开始第 1229 次操作

2024-04-01 00:39:13 开始操作号码 【1581143】
2024-04-01 00:39:22 GSD getOne 第 1 次 等待 3 秒
2024-04-01 00:39:25 查询号码 【1581143】，返回信息 {"status":"ok","msg":"北京-北京","gid":"100060","time_insert":"2021-06-16 18:19"}
2024-04-01 00:39:25 查询号码 【1581143】，GSD为【"北京-北京"】

2024-04-01 00:39:26 开始第 1230 次操作

2024-04-01 00:39:26 开始操作号码 【1581144】
2024-04-01 00:39:33 GSD getOne 第 1 次 等待 3 秒
2024-04-01 00:39:36 查询号码 【1581144】，返回信息 {"status":"ok","msg":"北京-北京","gid":"100080","time_insert":"2021-06-16 18:36"}
2024-04-01 00:39:36 查询号码 【1581144】，GSD为【"北京-北京"】

2024-04-01 00:39:37 开始第 1231 次操作

2024-04-01 00:39:37 开始操作号码 【1581145】
2024-04-01 00:39:45 GSD getOne 第 1 次 等待 3 秒
2024-04-01 00:39:48 查询号码 【1581145】，返回信息 {"status":"ok","msg":"北京-北京","gid":"105296","time_insert":"2021-06-19 03:52"}
2024-04-01 00:39:48 查询号码 【1581145】，GSD为【"北京-北京"】

2024-04-01 00:39:49 开始第 1232 次操作

2024-04-01 00:39:49 开始操作号码 【1581146】
2024-04-01 00:39:54 GSD getOne 第 1 次 等待 3 秒
2024-04-01 00:39:57 查询号码 【1581146】，返回信息 {"status":"ok","msg":"北京-北京","gid":"24381","time_insert":"2016-10-08 08:19","time_update":"2020-12-25 14:01"}
2024-04-01 00:39:57 查询号码 【1581146】，GSD为【"北京-北京"】

2024-04-01 01:14:52 开始第 1233 次操作

2024-04-01 01:14:52 开始操作号码 【1581147】
2024-04-01 01:14:57 GSD getOne 第 1 次 等待 3 秒
2024-04-01 01:15:00 查询号码 【1581147】，返回信息 {"status":"ok","msg":"北京-北京","gid":"105340","time_insert":"2021-06-19 04:10"}
2024-04-01 01:15:00 查询号码 【1581147】，GSD为【"北京-北京"】

2024-04-01 01:15:01 开始第 1234 次操作

2024-04-01 01:15:01 开始操作号码 【1581148】
2024-04-01 01:15:07 GSD getOne 第 1 次 等待 3 秒
2024-04-01 01:15:10 查询号码 【1581148】，返回信息 {"status":"ok","msg":"北京-北京","gid":"105386","time_insert":"2021-06-19 04:29"}
2024-04-01 01:15:10 查询号码 【1581148】，GSD为【"北京-北京"】

2024-04-01 01:15:11 开始第 1235 次操作

2024-04-01 01:15:11 开始操作号码 【1581149】
2024-04-01 01:15:17 GSD getOne 第 1 次 等待 3 秒
2024-04-01 01:15:20 查询号码 【1581149】，返回信息 {"status":"ok","msg":"北京-北京","gid":"105439","time_insert":"2021-06-19 04:49"}
2024-04-01 01:15:20 查询号码 【1581149】，GSD为【"北京-北京"】

2024-04-01 01:15:21 开始第 1236 次操作

2024-04-01 01:15:21 开始操作号码 【1581150】
2024-04-01 01:15:27 GSD getOne 第 1 次 等待 3 秒
2024-04-01 01:15:30 查询号码 【1581150】，返回信息 {"status":"ok","msg":"北京-北京","gid":"105487","time_insert":"2021-06-19 05:07"}
2024-04-01 01:15:30 查询号码 【1581150】，GSD为【"北京-北京"】

2024-04-01 01:38:41 开始第 1237 次操作

2024-04-01 01:38:41 开始操作号码 【1581151】
2024-04-01 01:38:48 GSD getOne 第 1 次 等待 3 秒
2024-04-01 01:38:51 查询号码 【1581151】，返回信息 {"status":"ok","msg":"北京-北京","gid":"105529","time_insert":"2021-06-19 05:25"}
2024-04-01 01:38:51 查询号码 【1581151】，GSD为【"北京-北京"】

2024-04-01 01:38:52 开始第 1238 次操作

2024-04-01 01:38:52 开始操作号码 【1581152】
2024-04-01 01:38:57 GSD getOne 第 1 次 等待 3 秒
2024-04-01 01:39:00 查询号码 【1581152】，返回信息 {"status":"ok","msg":"北京-北京","gid":"100110","time_insert":"2021-06-16 19:00"}
2024-04-01 01:39:00 查询号码 【1581152】，GSD为【"北京-北京"】

2024-04-01 01:39:01 开始第 1239 次操作

2024-04-01 01:39:01 开始操作号码 【1581153】
2024-04-01 01:39:06 GSD getOne 第 1 次 等待 3 秒
2024-04-01 01:39:09 查询号码 【1581153】，返回信息 {"status":"ok","msg":"北京-北京","gid":"24382","time_insert":"2016-10-15 13:33","time_update":"2020-12-25 19:37"}
2024-04-01 01:39:09 查询号码 【1581153】，GSD为【"北京-北京"】

2024-04-01 01:39:10 开始第 1240 次操作

2024-04-01 01:39:10 开始操作号码 【1581154】
2024-04-01 01:39:15 GSD getOne 第 1 次 等待 3 秒
2024-04-01 01:39:18 查询号码 【1581154】，返回信息 {"status":"ok","msg":"北京-北京","gid":"100135","time_insert":"2021-06-16 19:17"}
2024-04-01 01:39:18 查询号码 【1581154】，GSD为【"北京-北京"】

2024-04-01 02:19:46 开始第 1241 次操作

2024-04-01 02:19:46 开始操作号码 【1581155】
2024-04-01 02:19:51 GSD getOne 第 1 次 等待 3 秒
2024-04-01 02:19:54 查询号码 【1581155】，返回信息 {"status":"ok","msg":"北京-北京","gid":"100158","time_insert":"2021-06-16 19:37"}
2024-04-01 02:19:54 查询号码 【1581155】，GSD为【"北京-北京"】

2024-04-01 02:19:55 开始第 1242 次操作

2024-04-01 02:19:55 开始操作号码 【1581156】
2024-04-01 02:20:01 GSD getOne 第 1 次 等待 3 秒
2024-04-01 02:20:04 查询号码 【1581156】，返回信息 {"status":"ok","msg":"北京-北京","gid":"100184","time_insert":"2021-06-16 19:56"}
2024-04-01 02:20:04 查询号码 【1581156】，GSD为【"北京-北京"】

2024-04-01 02:20:05 开始第 1243 次操作

2024-04-01 02:20:05 开始操作号码 【1581157】
2024-04-01 02:20:11 GSD getOne 第 1 次 等待 3 秒
2024-04-01 02:20:14 查询号码 【1581157】，返回信息 {"status":"ok","msg":"北京-北京","gid":"100210","time_insert":"2021-06-16 20:16"}
2024-04-01 02:20:14 查询号码 【1581157】，GSD为【"北京-北京"】

2024-04-01 02:20:15 开始第 1244 次操作

2024-04-01 02:20:15 开始操作号码 【1581158】
2024-04-01 02:20:20 GSD getOne 第 1 次 等待 3 秒
2024-04-01 02:20:23 查询号码 【1581158】，返回信息 {"status":"ok","msg":"北京-北京","gid":"100227","time_insert":"2021-06-16 20:34"}
2024-04-01 02:20:23 查询号码 【1581158】，GSD为【"北京-北京"】

