2024-06-15 00:23:02 开始第 729 次操作

2024-06-15 00:23:02 开始操作号码 【1470643】
2024-06-15 00:23:14 GSD getOne 第 1 次 等待 3 秒
2024-06-15 00:23:17 查询号码 【1470643】，返回信息 {"status":"ok","msg":"山东-淄博","gid":"78754","time_insert":"2021-06-03 19:50"}
2024-06-15 00:23:17 查询号码 【1470643】，GSD为【"山东-淄博"】

2024-06-15 00:23:18 开始第 730 次操作

2024-06-15 00:23:18 开始操作号码 【1470644】
2024-06-15 00:23:29 GSD getOne 第 1 次 等待 3 秒
2024-06-15 00:23:32 查询号码 【1470644】，返回信息 {"status":"ok","msg":"山东-烟台","gid":"78776","time_insert":"2021-06-03 20:18"}
2024-06-15 00:23:32 查询号码 【1470644】，GSD为【"山东-烟台"】

2024-06-15 00:23:33 开始第 731 次操作

2024-06-15 00:23:33 开始操作号码 【1470645】
2024-06-15 00:23:45 GSD getOne 第 1 次 等待 3 秒
2024-06-15 00:23:48 查询号码 【1470645】，返回信息 {"status":"ok","msg":"山东-烟台","gid":"78791","time_insert":"2021-06-03 20:34"}
2024-06-15 00:23:48 查询号码 【1470645】，GSD为【"山东-烟台"】

2024-06-15 00:23:49 开始第 732 次操作

2024-06-15 00:23:49 开始操作号码 【1470646】
2024-06-15 00:23:57 GSD getOne 第 1 次 等待 3 秒
2024-06-15 00:24:00 查询号码 【1470646】，返回信息 {"status":"ok","msg":"山东-潍坊","gid":"78814","time_insert":"2021-06-03 20:58"}
2024-06-15 00:24:00 查询号码 【1470646】，GSD为【"山东-潍坊"】

