2024-07-30 00:25:15 开始第 8581 次操作

2024-07-30 00:25:15 开始操作号码 【1478491】
2024-07-30 00:25:23 GSD getOne 第 1 次 等待 3 秒
2024-07-30 00:25:26 查询号码 【1478491】，返回信息 {"status":"ok","msg":"广东-广州","gid":"370254","time_insert":"2021-07-23 21:50"}
2024-07-30 00:25:26 查询号码 【1478491】，GSD为【"广东-广州"】

2024-07-30 00:25:27 开始第 8582 次操作

2024-07-30 00:25:27 开始操作号码 【1478492】
2024-07-30 00:25:36 GSD getOne 第 1 次 等待 3 秒
2024-07-30 00:25:39 查询号码 【1478492】，返回信息 {"status":"ok","msg":"广东-广州","gid":"370245","time_insert":"2021-07-23 21:49"}
2024-07-30 00:25:39 查询号码 【1478492】，GSD为【"广东-广州"】

2024-07-30 00:25:40 开始第 8583 次操作

2024-07-30 00:25:40 开始操作号码 【1478493】
2024-07-30 00:25:51 GSD getOne 第 1 次 等待 3 秒
2024-07-30 00:25:54 查询号码 【1478493】，返回信息 {"status":"ok","msg":"广东-广州","gid":"370236","time_insert":"2021-07-23 21:48"}
2024-07-30 00:25:54 查询号码 【1478493】，GSD为【"广东-广州"】

2024-07-30 00:25:55 开始第 8584 次操作

2024-07-30 00:25:55 开始操作号码 【1478494】
2024-07-30 00:26:03 GSD getOne 第 1 次 等待 3 秒
2024-07-30 00:26:06 查询号码 【1478494】，返回信息 {"status":"ok","msg":"广东-广州","gid":"370226","time_insert":"2021-07-23 21:48"}
2024-07-30 00:26:06 查询号码 【1478494】，GSD为【"广东-广州"】

