2024-01-31 00:21:11 开始第 1029 次操作

2024-01-31 00:21:11 开始操作号码 【1690944】
2024-01-31 00:21:15 GSD getOne 第 1 次 等待 3 秒
2024-01-31 00:21:18 查询号码 【1690944】，返回信息 {"status":"ok","msg":"-","gid":"556133","time_insert":"2023-02-26 10:47"}
2024-01-31 00:21:18 查询号码 【1690944】，GSD为【"-"】
2024-01-31 00:21:18 ok && -
2024-01-31 00:21:24 CHB 1690944?1706631678 第 1 次 等待 3 秒
2024-01-31 00:21:27 CHB 1690944?1706631678 第 1 次 获取到号码【1690944】GSD
2024-01-31 00:21:27 未获取到号码【1690944】GSD，可能号码格式错误
2024-01-31 00:21:27 获取到号码【1690944】的GSD为【-】
2024-01-31 00:21:35 GSD insert 第 1 次 等待 3 秒
2024-01-31 00:21:38 {"status":"bad","gid":"556133","msg":"添加失败！号码【1690944(-|-)】已存在！"}
2024-01-31 00:21:38 随机等待 204 秒，约 3 分钟
2024-01-31 00:21:38 下次操作: 2024-01-31 00:25:02

2024-01-31 00:25:02 开始第 1030 次操作

2024-01-31 00:25:02 开始操作号码 【1690945】
2024-01-31 00:25:13 GSD getOne 第 1 次 等待 3 秒
2024-01-31 00:25:16 查询号码 【1690945】，返回信息 {"status":"ok","msg":"-","gid":"556159","time_insert":"2023-02-26 11:07"}
2024-01-31 00:25:16 查询号码 【1690945】，GSD为【"-"】
2024-01-31 00:25:16 ok && -
2024-01-31 00:25:19 CHB 1690945?1706631916 第 1 次 等待 3 秒
2024-01-31 00:25:22 CHB 1690945?1706631916 第 1 次 获取到号码【1690945】GSD
2024-01-31 00:25:22 未获取到号码【1690945】GSD，可能号码格式错误
2024-01-31 00:25:22 获取到号码【1690945】的GSD为【-】
2024-01-31 00:25:26 GSD insert 第 1 次 等待 3 秒
2024-01-31 00:25:29 {"status":"bad","gid":"556159","msg":"添加失败！号码【1690945(-|-)】已存在！"}
2024-01-31 00:25:29 随机等待 71 秒，约 1 分钟
2024-01-31 00:25:29 下次操作: 2024-01-31 00:26:40

2024-01-31 00:26:40 开始第 1031 次操作

2024-01-31 00:26:40 开始操作号码 【1690946】
2024-01-31 00:26:44 GSD getOne 第 1 次 等待 3 秒
2024-01-31 00:26:47 查询号码 【1690946】，返回信息 {"status":"ok","msg":"-","gid":"556193","time_insert":"2023-02-26 11:27"}
2024-01-31 00:26:47 查询号码 【1690946】，GSD为【"-"】
2024-01-31 00:26:47 ok && -
2024-01-31 00:26:50 CHB 1690946?1706632007 第 1 次 等待 3 秒
2024-01-31 00:26:53 CHB 1690946?1706632007 第 1 次 获取到号码【1690946】GSD
2024-01-31 00:26:53 未获取到号码【1690946】GSD，可能号码格式错误
2024-01-31 00:26:53 获取到号码【1690946】的GSD为【-】
2024-01-31 00:26:58 GSD insert 第 1 次 等待 3 秒
2024-01-31 00:27:01 {"status":"bad","gid":"556193","msg":"添加失败！号码【1690946(-|-)】已存在！"}
2024-01-31 00:27:01 随机等待 102 秒，约 1 分钟
2024-01-31 00:27:01 下次操作: 2024-01-31 00:28:43

2024-01-31 00:28:43 开始第 1032 次操作

2024-01-31 00:28:43 开始操作号码 【1690947】
2024-01-31 00:28:47 GSD getOne 第 1 次 等待 3 秒
2024-01-31 00:28:50 查询号码 【1690947】，返回信息 {"status":"ok","msg":"-","gid":"556221","time_insert":"2023-02-26 11:45"}
2024-01-31 00:28:50 查询号码 【1690947】，GSD为【"-"】
2024-01-31 00:28:50 ok && -
2024-01-31 00:28:52 CHB 1690947?1706632130 第 1 次 等待 3 秒
2024-01-31 00:28:55 CHB 1690947?1706632130 第 1 次 获取到号码【1690947】GSD
2024-01-31 00:28:55 未获取到号码【1690947】GSD，可能号码格式错误
2024-01-31 00:28:55 获取到号码【1690947】的GSD为【-】
2024-01-31 00:28:59 GSD insert 第 1 次 等待 3 秒
2024-01-31 00:29:02 {"status":"bad","gid":"556221","msg":"添加失败！号码【1690947(-|-)】已存在！"}

