2024-07-03 00:25:30 开始第 3881 次操作

2024-07-03 00:25:30 开始操作号码 【1473791】
2024-07-03 00:25:42 GSD getOne 第 1 次 等待 3 秒
2024-07-03 00:25:45 查询号码 【1473791】，返回信息 {"status":"ok","msg":"四川-成都","gid":"259447","time_insert":"2021-07-12 21:07"}
2024-07-03 00:25:45 查询号码 【1473791】，GSD为【"四川-成都"】

2024-07-03 00:25:46 开始第 3882 次操作

2024-07-03 00:25:46 开始操作号码 【1473792】
2024-07-03 00:25:54 GSD getOne 第 1 次 等待 3 秒
2024-07-03 00:25:57 查询号码 【1473792】，返回信息 {"status":"ok","msg":"四川-成都","gid":"259588","time_insert":"2021-07-12 21:20"}
2024-07-03 00:25:57 查询号码 【1473792】，GSD为【"四川-成都"】

2024-07-03 00:25:58 开始第 3883 次操作

2024-07-03 00:25:58 开始操作号码 【1473793】
2024-07-03 00:26:07 GSD getOne 第 1 次 等待 3 秒
2024-07-03 00:26:10 查询号码 【1473793】，返回信息 {"status":"ok","msg":"四川-成都","gid":"259642","time_insert":"2021-07-12 21:32"}
2024-07-03 00:26:10 查询号码 【1473793】，GSD为【"四川-成都"】

2024-07-03 00:26:11 开始第 3884 次操作

2024-07-03 00:26:11 开始操作号码 【1473794】
2024-07-03 00:26:18 GSD getOne 第 1 次 等待 3 秒
2024-07-03 00:26:21 查询号码 【1473794】，返回信息 {"status":"ok","msg":"四川-成都","gid":"259746","time_insert":"2021-07-12 21:46"}
2024-07-03 00:26:22 查询号码 【1473794】，GSD为【"四川-成都"】

2024-07-03 00:42:24 开始第 3885 次操作

2024-07-03 00:42:24 开始操作号码 【1473795】
2024-07-03 00:42:32 GSD getOne 第 1 次 等待 3 秒
2024-07-03 00:42:35 查询号码 【1473795】，返回信息 {"status":"ok","msg":"四川-成都","gid":"259890","time_insert":"2021-07-12 21:58"}
2024-07-03 00:42:35 查询号码 【1473795】，GSD为【"四川-成都"】

2024-07-03 00:42:36 开始第 3886 次操作

2024-07-03 00:42:36 开始操作号码 【1473796】
2024-07-03 00:42:44 GSD getOne 第 1 次 等待 3 秒
2024-07-03 00:42:47 查询号码 【1473796】，返回信息 {"status":"ok","msg":"四川-成都","gid":"259972","time_insert":"2021-07-12 22:10"}
2024-07-03 00:42:47 查询号码 【1473796】，GSD为【"四川-成都"】

2024-07-03 00:42:48 开始第 3887 次操作

2024-07-03 00:42:48 开始操作号码 【1473797】
2024-07-03 00:42:56 GSD getOne 第 1 次 等待 3 秒
2024-07-03 00:42:59 查询号码 【1473797】，返回信息 {"status":"ok","msg":"四川-成都","gid":"259993","time_insert":"2021-07-12 22:21"}
2024-07-03 00:42:59 查询号码 【1473797】，GSD为【"四川-成都"】

2024-07-03 00:43:00 开始第 3888 次操作

2024-07-03 00:43:00 开始操作号码 【1473798】
2024-07-03 00:43:08 GSD getOne 第 1 次 等待 3 秒
2024-07-03 00:43:11 查询号码 【1473798】，返回信息 {"status":"ok","msg":"四川-成都","gid":"260025","time_insert":"2021-07-12 22:35"}
2024-07-03 00:43:11 查询号码 【1473798】，GSD为【"四川-成都"】

2024-07-03 01:17:20 开始第 3889 次操作

2024-07-03 01:17:20 开始操作号码 【1473799】
2024-07-03 01:17:32 GSD getOne 第 1 次 等待 3 秒
2024-07-03 01:17:35 查询号码 【1473799】，返回信息 {"status":"ok","msg":"四川-成都","gid":"260162","time_insert":"2021-07-12 22:45"}
2024-07-03 01:17:35 查询号码 【1473799】，GSD为【"四川-成都"】

2024-07-03 01:17:36 开始第 3890 次操作

2024-07-03 01:17:36 开始操作号码 【1473800】
2024-07-03 01:17:44 GSD getOne 第 1 次 等待 3 秒
2024-07-03 01:17:47 查询号码 【1473800】，返回信息 {"status":"ok","msg":"河南-南阳","gid":"260303","time_insert":"2021-07-12 22:58"}
2024-07-03 01:17:47 查询号码 【1473800】，GSD为【"河南-南阳"】

2024-07-03 01:17:48 开始第 3891 次操作

2024-07-03 01:17:48 开始操作号码 【1473801】
2024-07-03 01:17:56 GSD getOne 第 1 次 等待 3 秒
2024-07-03 01:17:59 查询号码 【1473801】，返回信息 {"status":"ok","msg":"河南-南阳","gid":"260354","time_insert":"2021-07-12 23:11"}
2024-07-03 01:17:59 查询号码 【1473801】，GSD为【"河南-南阳"】

2024-07-03 01:18:00 开始第 3892 次操作

2024-07-03 01:18:00 开始操作号码 【1473802】
2024-07-03 01:18:19 GSD getOne 第 1 次 等待 3 秒
2024-07-03 01:18:22 查询号码 【1473802】，返回信息 {"status":"ok","msg":"河南-安阳","gid":"260374","time_insert":"2021-07-12 23:23"}
2024-07-03 01:18:22 查询号码 【1473802】，GSD为【"河南-安阳"】

