2024-01-07 00:21:10 开始第 7237 次操作

2024-01-07 00:21:10 开始操作号码 【1807152】
2024-01-07 00:21:13 GSD getOne 第 1 次 等待 3 秒
2024-01-07 00:21:16 查询号码 【1807152】，返回信息 {"status":"ok","msg":"湖北-武汉","gid":"332391","time_insert":"2021-07-20 03:01"}
2024-01-07 00:21:16 查询号码 【1807152】，GSD为【"湖北-武汉"】

2024-01-07 00:21:17 开始第 7238 次操作

2024-01-07 00:21:17 开始操作号码 【1807153】
2024-01-07 00:21:20 GSD getOne 第 1 次 等待 3 秒
2024-01-07 00:21:23 查询号码 【1807153】，返回信息 {"status":"ok","msg":"湖北-武汉","gid":"332401","time_insert":"2021-07-20 03:01"}
2024-01-07 00:21:23 查询号码 【1807153】，GSD为【"湖北-武汉"】

2024-01-07 00:21:24 开始第 7239 次操作

2024-01-07 00:21:24 开始操作号码 【1807154】
2024-01-07 00:21:27 GSD getOne 第 1 次 等待 3 秒
2024-01-07 00:21:30 查询号码 【1807154】，返回信息 {"status":"ok","msg":"湖北-武汉","gid":"332408","time_insert":"2021-07-20 03:02"}
2024-01-07 00:21:30 查询号码 【1807154】，GSD为【"湖北-武汉"】

2024-01-07 00:21:31 开始第 7240 次操作

2024-01-07 00:21:31 开始操作号码 【1807155】
2024-01-07 00:21:34 GSD getOne 第 1 次 等待 3 秒
2024-01-07 00:21:37 查询号码 【1807155】，返回信息 {"status":"ok","msg":"湖北-武汉","gid":"332415","time_insert":"2021-07-20 03:03"}
2024-01-07 00:21:37 查询号码 【1807155】，GSD为【"湖北-武汉"】

