2021-06-30 17:29:30 开始第 1 次操作

2021-06-30 17:29:30 开始操作号码 【1760232】
2021-06-30 17:29:34 GSD getOne 第 1 次 等待 1 秒
2021-06-30 17:29:35 查询号码 【1760232】，返回信息 {"status":"ok","msg":"-","time_insert":"2021-06-27 15:44"}
2021-06-30 17:29:35 查询号码 【1760232】，GSD为【"-"】
2021-06-30 17:29:35 ok && -
2021-06-30 17:29:36 CHB 1760232?1625045375 第 1 次 等待 1 秒
2021-06-30 17:29:37 CHB 1760232?1625045375 第 1 次 获取到号码【1760232】GSD
2021-06-30 17:29:37 获取到号码【1760232】的GSD为【重庆-重庆】
2021-06-30 17:29:57 GSD insert 第 1 次 等待 1 秒
2021-06-30 17:29:58 {"status":"ok","msg":"添加号码已存在，但为‘-’，修改成功！"}
2021-06-30 17:29:58 下次操作: 2021-06-30 17:30:08

2021-06-30 17:30:08 开始第 2 次操作

2021-06-30 17:30:08 开始操作号码 【1760233】
2021-06-30 17:30:22 GSD getOne 第 1 次 等待 1 秒
2021-06-30 17:30:23 查询号码 【1760233】，返回信息 {"status":"ok","msg":"重庆-重庆","time_insert":"2020-01-31 10:52","time_update":"2021-01-14 10:23"}
2021-06-30 17:30:23 查询号码 【1760233】，GSD为【"重庆-重庆"】

2021-06-30 17:30:23 开始第 2 次操作

2021-06-30 17:30:23 开始操作号码 【1760234】
2021-06-30 17:30:42 GSD getOne 第 1 次 等待 1 秒
2021-06-30 17:30:43 查询号码 【1760234】，返回信息 {"status":"ok","msg":"重庆-重庆","time_insert":"2017-05-30 14:16","time_update":"2021-01-14 10:28"}
2021-06-30 17:30:43 查询号码 【1760234】，GSD为【"重庆-重庆"】

2021-06-30 17:30:43 开始第 2 次操作

2021-06-30 17:30:43 开始操作号码 【1760235】
2021-06-30 17:31:02 GSD getOne 第 1 次 等待 1 秒
2021-06-30 17:31:03 查询号码 【1760235】，返回信息 {"status":"ok","msg":"-","time_insert":"2021-06-27 15:46"}
2021-06-30 17:31:03 查询号码 【1760235】，GSD为【"-"】
2021-06-30 17:31:03 ok && -
2021-06-30 17:31:05 CHB 1760235?1625045463 第 1 次 等待 1 秒
2021-06-30 17:31:06 CHB 1760235?1625045463 第 1 次 获取到号码【1760235】GSD
2021-06-30 17:31:06 获取到号码【1760235】的GSD为【重庆-重庆】
2021-06-30 17:31:26 GSD insert 第 1 次 等待 1 秒
2021-06-30 17:31:27 {"status":"ok","msg":"添加号码已存在，但为‘-’，修改成功！"}
2021-06-30 17:31:27 下次操作: 2021-06-30 17:31:39

2021-06-30 17:31:40 开始第 3 次操作

2021-06-30 17:31:40 开始操作号码 【1760236】
2021-06-30 17:31:46 GSD getOne 第 1 次 等待 1 秒
2021-06-30 17:31:47 查询号码 【1760236】，返回信息 {"status":"ok","msg":"重庆-重庆","time_insert":"2018-12-02 11:38","time_update":"2021-01-14 10:35"}
2021-06-30 17:31:47 查询号码 【1760236】，GSD为【"重庆-重庆"】

2021-06-30 17:31:47 开始第 3 次操作

2021-06-30 17:31:47 开始操作号码 【1760237】
2021-06-30 17:32:07 GSD getOne 第 1 次 等待 1 秒
2021-06-30 17:32:08 查询号码 【1760237】，返回信息 {"status":"ok","msg":"-","time_insert":"2021-06-27 15:47"}
2021-06-30 17:32:08 查询号码 【1760237】，GSD为【"-"】
2021-06-30 17:32:08 ok && -
2021-06-30 17:32:09 CHB 1760237?1625045528 第 1 次 等待 1 秒
2021-06-30 17:32:10 CHB 1760237?1625045528 第 1 次 获取到号码【1760237】GSD
2021-06-30 17:32:10 获取到号码【1760237】的GSD为【重庆-重庆】
2021-06-30 17:32:30 GSD insert 第 1 次 等待 1 秒
2021-06-30 17:32:31 {"status":"ok","msg":"添加号码已存在，但为‘-’，修改成功！"}
2021-06-30 17:32:31 下次操作: 2021-06-30 17:32:41

2021-06-30 17:32:41 开始第 4 次操作

2021-06-30 17:32:41 开始操作号码 【1760238】
2021-06-30 17:32:52 GSD getOne 第 1 次 等待 1 秒
2021-06-30 17:32:53 查询号码 【1760238】，返回信息 {"status":"ok","msg":"重庆-重庆","time_insert":"2018-10-18 17:43","time_update":"2021-01-14 10:38"}
2021-06-30 17:32:53 查询号码 【1760238】，GSD为【"重庆-重庆"】

2021-06-30 17:32:53 开始第 4 次操作

2021-06-30 17:32:53 开始操作号码 【1760239】
2021-06-30 17:33:12 GSD getOne 第 1 次 等待 1 秒
2021-06-30 17:33:13 查询号码 【1760239】，返回信息 {"status":"ok","msg":"-","time_insert":"2021-06-27 15:48"}
2021-06-30 17:33:13 查询号码 【1760239】，GSD为【"-"】
2021-06-30 17:33:13 ok && -
2021-06-30 17:33:14 CHB 1760239?1625045593 第 1 次 等待 1 秒
2021-06-30 17:33:15 CHB 1760239?1625045593 第 1 次 获取到号码【1760239】GSD
2021-06-30 17:33:16 获取到号码【1760239】的GSD为【重庆-重庆】
2021-06-30 17:33:36 GSD insert 第 1 次 等待 1 秒
2021-06-30 17:33:37 {"status":"ok","msg":"添加号码已存在，但为‘-’，修改成功！"}
2021-06-30 17:33:37 下次操作: 2021-06-30 17:33:48

2021-06-30 17:33:48 开始第 5 次操作

2021-06-30 17:33:48 开始操作号码 【1760240】
2021-06-30 17:33:59 GSD getOne 第 1 次 等待 1 秒
2021-06-30 17:34:00 查询号码 【1760240】，返回信息 {"status":"ok","msg":"-","time_insert":"2021-06-27 15:49"}
2021-06-30 17:34:00 查询号码 【1760240】，GSD为【"-"】
2021-06-30 17:34:00 ok && -
2021-06-30 17:34:02 CHB 1760240?1625045640 第 1 次 等待 1 秒
2021-06-30 17:34:03 CHB 1760240?1625045640 第 1 次 获取到号码【1760240】GSD
2021-06-30 17:34:03 获取到号码【1760240】的GSD为【辽宁-沈阳】
2021-06-30 17:34:24 GSD insert 第 1 次 等待 1 秒
2021-06-30 17:34:25 {"status":"ok","msg":"添加号码已存在，但为‘-’，修改成功！"}
2021-06-30 17:34:25 下次操作: 2021-06-30 17:34:39

2021-06-30 17:34:39 开始第 6 次操作

2021-06-30 17:34:39 开始操作号码 【1760241】
2021-06-30 17:34:44 GSD getOne 第 1 次 等待 1 秒
2021-06-30 17:34:45 查询号码 【1760241】，返回信息 {"status":"ok","msg":"-","time_insert":"2021-06-27 15:49"}
2021-06-30 17:34:45 查询号码 【1760241】，GSD为【"-"】
2021-06-30 17:34:45 ok && -
2021-06-30 17:34:46 CHB 1760241?1625045685 第 1 次 等待 1 秒
2021-06-30 17:34:47 CHB 1760241?1625045685 第 1 次 获取到号码【1760241】GSD
2021-06-30 17:34:47 获取到号码【1760241】的GSD为【辽宁-沈阳】
2021-06-30 17:35:07 GSD insert 第 1 次 等待 1 秒
2021-06-30 17:35:08 {"status":"ok","msg":"添加号码已存在，但为‘-’，修改成功！"}
2021-06-30 17:35:08 下次操作: 2021-06-30 17:35:16

2021-06-30 17:35:16 开始第 7 次操作

2021-06-30 17:35:16 开始操作号码 【1760242】
2021-06-30 17:35:27 GSD getOne 第 1 次 等待 1 秒
2021-06-30 17:35:28 查询号码 【1760242】，返回信息 {"status":"ok","msg":"-","time_insert":"2021-06-27 15:50"}
2021-06-30 17:35:28 查询号码 【1760242】，GSD为【"-"】
2021-06-30 17:35:28 ok && -
2021-06-30 17:35:30 CHB 1760242?1625045728 第 1 次 等待 1 秒
2021-06-30 17:35:31 CHB 1760242?1625045728 第 1 次 获取到号码【1760242】GSD
2021-06-30 17:35:31 获取到号码【1760242】的GSD为【辽宁-沈阳】
2021-06-30 17:35:51 GSD insert 第 1 次 等待 1 秒
2021-06-30 17:35:52 {"status":"ok","msg":"添加号码已存在，但为‘-’，修改成功！"}
2021-06-30 17:35:52 下次操作: 2021-06-30 17:36:07

2021-06-30 17:36:07 开始第 8 次操作

2021-06-30 17:36:07 开始操作号码 【1760243】
2021-06-30 17:36:17 GSD getOne 第 1 次 等待 1 秒
2021-06-30 17:36:18 查询号码 【1760243】，返回信息 {"status":"ok","msg":"-","time_insert":"2021-06-27 15:51"}
2021-06-30 17:36:18 查询号码 【1760243】，GSD为【"-"】
2021-06-30 17:36:18 ok && -
2021-06-30 17:36:20 CHB 1760243?1625045778 第 1 次 等待 1 秒
2021-06-30 17:36:21 CHB 1760243?1625045778 第 1 次 获取到号码【1760243】GSD
2021-06-30 17:36:21 获取到号码【1760243】的GSD为【辽宁-沈阳】
2021-06-30 17:36:41 GSD insert 第 1 次 等待 1 秒
2021-06-30 17:36:42 {"status":"ok","msg":"添加号码已存在，但为‘-’，修改成功！"}
2021-06-30 17:36:42 下次操作: 2021-06-30 17:36:54

2021-06-30 17:36:54 开始第 9 次操作

2021-06-30 17:36:54 开始操作号码 【1760244】
2021-06-30 17:37:00 GSD getOne 第 1 次 等待 1 秒
2021-06-30 17:37:01 查询号码 【1760244】，返回信息 {"status":"ok","msg":"-","time_insert":"2021-06-27 15:51"}
2021-06-30 17:37:01 查询号码 【1760244】，GSD为【"-"】
2021-06-30 17:37:01 ok && -
2021-06-30 17:37:03 CHB 1760244?1625045821 第 1 次 等待 1 秒
2021-06-30 17:37:04 CHB 1760244?1625045821 第 1 次 获取到号码【1760244】GSD
2021-06-30 17:37:04 获取到号码【1760244】的GSD为【辽宁-沈阳】
2021-06-30 17:37:24 GSD insert 第 1 次 等待 1 秒
2021-06-30 17:37:25 {"status":"ok","msg":"添加号码已存在，但为‘-’，修改成功！"}
2021-06-30 17:37:25 下次操作: 2021-06-30 17:37:40

2021-06-30 17:37:40 开始第 10 次操作

2021-06-30 17:37:40 开始操作号码 【1760245】
2021-06-30 17:37:43 GSD getOne 第 1 次 等待 1 秒
2021-06-30 17:37:44 查询号码 【1760245】，返回信息 {"status":"ok","msg":"-","time_insert":"2021-06-27 15:52"}
2021-06-30 17:37:44 查询号码 【1760245】，GSD为【"-"】
2021-06-30 17:37:44 ok && -
2021-06-30 17:37:46 CHB 1760245?1625045864 第 1 次 等待 1 秒
2021-06-30 17:37:47 CHB 1760245?1625045864 第 1 次 获取到号码【1760245】GSD
2021-06-30 17:37:47 获取到号码【1760245】的GSD为【辽宁-沈阳】
2021-06-30 17:38:06 GSD insert 第 1 次 等待 1 秒
2021-06-30 17:38:07 {"status":"ok","msg":"添加号码已存在，但为‘-’，修改成功！"}
2021-06-30 17:38:07 下次操作: 2021-06-30 17:38:17

2021-06-30 17:38:17 开始第 11 次操作

2021-06-30 17:38:17 开始操作号码 【1760246】
2021-06-30 17:38:31 GSD getOne 第 1 次 等待 1 秒
2021-06-30 17:38:32 查询号码 【1760246】，返回信息 {"status":"ok","msg":"-","time_insert":"2021-06-27 15:53"}
2021-06-30 17:38:32 查询号码 【1760246】，GSD为【"-"】
2021-06-30 17:38:32 ok && -
2021-06-30 17:38:34 CHB 1760246?1625045912 第 1 次 等待 1 秒
2021-06-30 17:38:35 CHB 1760246?1625045912 第 1 次 获取到号码【1760246】GSD
2021-06-30 17:38:35 获取到号码【1760246】的GSD为【辽宁-沈阳】
2021-06-30 17:38:54 GSD insert 第 1 次 等待 1 秒
2021-06-30 17:38:55 {"status":"ok","msg":"添加号码已存在，但为‘-’，修改成功！"}
2021-06-30 17:38:55 下次操作: 2021-06-30 17:39:04

2021-06-30 17:39:04 开始第 12 次操作

2021-06-30 17:39:04 开始操作号码 【1760247】
2021-06-30 17:39:15 GSD getOne 第 1 次 等待 1 秒
2021-06-30 17:39:16 查询号码 【1760247】，返回信息 {"status":"ok","msg":"-","time_insert":"2021-06-27 15:54"}
2021-06-30 17:39:16 查询号码 【1760247】，GSD为【"-"】
2021-06-30 17:39:16 ok && -
2021-06-30 17:39:17 CHB 1760247?1625045956 第 1 次 等待 1 秒
2021-06-30 17:39:18 CHB 1760247?1625045956 第 1 次 获取到号码【1760247】GSD
2021-06-30 17:39:19 获取到号码【1760247】的GSD为【辽宁-沈阳】
2021-06-30 17:39:38 GSD insert 第 1 次 等待 1 秒
2021-06-30 17:39:39 {"status":"ok","msg":"添加号码已存在，但为‘-’，修改成功！"}
2021-06-30 17:39:39 下次操作: 2021-06-30 17:39:50

2021-06-30 17:39:50 开始第 13 次操作

2021-06-30 17:39:50 开始操作号码 【1760248】
2021-06-30 17:40:01 GSD getOne 第 1 次 等待 1 秒
2021-06-30 17:40:02 查询号码 【1760248】，返回信息 {"status":"ok","msg":"-","time_insert":"2021-06-27 15:54"}
2021-06-30 17:40:02 查询号码 【1760248】，GSD为【"-"】
2021-06-30 17:40:02 ok && -
2021-06-30 17:40:04 CHB 1760248?1625046002 第 1 次 等待 1 秒
2021-06-30 17:40:05 CHB 1760248?1625046002 第 1 次 获取到号码【1760248】GSD
2021-06-30 17:40:05 获取到号码【1760248】的GSD为【辽宁-沈阳】
2021-06-30 17:40:25 GSD insert 第 1 次 等待 1 秒
2021-06-30 17:40:26 {"status":"ok","msg":"添加号码已存在，但为‘-’，修改成功！"}
2021-06-30 17:40:26 下次操作: 2021-06-30 17:40:41

2021-06-30 17:40:41 开始第 14 次操作

2021-06-30 17:40:41 开始操作号码 【1760249】
2021-06-30 17:40:45 GSD getOne 第 1 次 等待 1 秒
2021-06-30 17:40:46 查询号码 【1760249】，返回信息 {"status":"ok","msg":"-","time_insert":"2021-06-27 15:55"}
2021-06-30 17:40:46 查询号码 【1760249】，GSD为【"-"】
2021-06-30 17:40:46 ok && -
2021-06-30 17:40:47 CHB 1760249?1625046046 第 1 次 等待 1 秒
2021-06-30 17:40:48 CHB 1760249?1625046046 第 1 次 获取到号码【1760249】GSD
2021-06-30 17:40:48 获取到号码【1760249】的GSD为【辽宁-沈阳】
2021-06-30 17:41:08 GSD insert 第 1 次 等待 1 秒
2021-06-30 17:41:09 {"status":"ok","msg":"添加号码已存在，但为‘-’，修改成功！"}
2021-06-30 17:41:09 下次操作: 2021-06-30 17:41:15

2021-06-30 17:41:15 开始第 15 次操作

2021-06-30 17:41:15 开始操作号码 【1760250】
2021-06-30 17:41:34 GSD getOne 第 1 次 等待 1 秒
2021-06-30 17:41:35 查询号码 【1760250】，返回信息 {"status":"ok","msg":"-","time_insert":"2021-06-27 15:56"}
2021-06-30 17:41:35 查询号码 【1760250】，GSD为【"-"】
2021-06-30 17:41:35 ok && -
2021-06-30 17:41:37 CHB 1760250?1625046095 第 1 次 等待 1 秒
2021-06-30 17:41:38 CHB 1760250?1625046095 第 1 次 获取到号码【1760250】GSD
2021-06-30 17:41:38 获取到号码【1760250】的GSD为【江苏-南京】
2021-06-30 17:41:58 GSD insert 第 1 次 等待 1 秒
2021-06-30 17:41:59 {"status":"ok","msg":"添加号码已存在，但为‘-’，修改成功！"}
2021-06-30 17:41:59 下次操作: 2021-06-30 17:42:06

2021-06-30 17:42:06 开始第 16 次操作

2021-06-30 17:42:06 开始操作号码 【1760251】
2021-06-30 17:42:25 GSD getOne 第 1 次 等待 1 秒
2021-06-30 17:42:26 查询号码 【1760251】，返回信息 {"status":"ok","msg":"-","time_insert":"2021-06-27 15:57"}
2021-06-30 17:42:26 查询号码 【1760251】，GSD为【"-"】
2021-06-30 17:42:26 ok && -
2021-06-30 17:42:28 CHB 1760251?1625046146 第 1 次 等待 1 秒
2021-06-30 17:42:29 CHB 1760251?1625046146 第 1 次 获取到号码【1760251】GSD
2021-06-30 17:42:29 获取到号码【1760251】的GSD为【江苏-南京】
2021-06-30 17:42:49 GSD insert 第 1 次 等待 1 秒
2021-06-30 17:42:50 {"status":"ok","msg":"添加号码已存在，但为‘-’，修改成功！"}
2021-06-30 17:42:50 下次操作: 2021-06-30 17:42:56

2021-06-30 17:42:56 开始第 17 次操作

2021-06-30 17:42:56 开始操作号码 【1760252】
2021-06-30 17:43:15 GSD getOne 第 1 次 等待 1 秒
2021-06-30 17:43:16 查询号码 【1760252】，返回信息 {"status":"ok","msg":"-","time_insert":"2021-06-27 15:57"}
2021-06-30 17:43:16 查询号码 【1760252】，GSD为【"-"】
2021-06-30 17:43:16 ok && -
2021-06-30 17:43:17 CHB 1760252?1625046196 第 1 次 等待 1 秒
2021-06-30 17:43:18 CHB 1760252?1625046196 第 1 次 获取到号码【1760252】GSD
2021-06-30 17:43:18 获取到号码【1760252】的GSD为【江苏-南京】
2021-06-30 17:43:39 GSD insert 第 1 次 等待 1 秒
2021-06-30 17:43:40 {"status":"ok","msg":"添加号码已存在，但为‘-’，修改成功！"}
2021-06-30 17:43:40 下次操作: 2021-06-30 17:43:47

2021-06-30 17:43:47 开始第 18 次操作

2021-06-30 17:43:47 开始操作号码 【1760253】
2021-06-30 17:44:06 GSD getOne 第 1 次 等待 1 秒
2021-06-30 17:44:07 查询号码 【1760253】，返回信息 {"status":"ok","msg":"-","time_insert":"2021-06-27 15:58"}
2021-06-30 17:44:07 查询号码 【1760253】，GSD为【"-"】
2021-06-30 17:44:07 ok && -
2021-06-30 17:44:09 CHB 1760253?1625046247 第 1 次 等待 1 秒
2021-06-30 17:44:10 CHB 1760253?1625046247 第 1 次 获取到号码【1760253】GSD
2021-06-30 17:44:10 获取到号码【1760253】的GSD为【江苏-南京】
2021-06-30 17:44:30 GSD insert 第 1 次 等待 1 秒
2021-06-30 17:44:31 {"status":"ok","msg":"添加号码已存在，但为‘-’，修改成功！"}
2021-06-30 17:44:31 下次操作: 2021-06-30 17:44:40

2021-06-30 17:44:40 开始第 19 次操作

2021-06-30 17:44:40 开始操作号码 【1760254】
2021-06-30 17:44:51 GSD getOne 第 1 次 等待 1 秒
2021-06-30 17:44:52 查询号码 【1760254】，返回信息 {"status":"ok","msg":"-","time_insert":"2021-06-27 15:59"}
2021-06-30 17:44:52 查询号码 【1760254】，GSD为【"-"】
2021-06-30 17:44:52 ok && -
2021-06-30 17:44:53 CHB 1760254?1625046292 第 1 次 等待 1 秒
2021-06-30 17:44:54 CHB 1760254?1625046292 第 1 次 获取到号码【1760254】GSD
2021-06-30 17:44:54 获取到号码【1760254】的GSD为【江苏-南京】
2021-06-30 17:45:14 GSD insert 第 1 次 等待 1 秒
2021-06-30 17:45:15 {"status":"ok","msg":"添加号码已存在，但为‘-’，修改成功！"}
2021-06-30 17:45:15 下次操作: 2021-06-30 17:45:31

2021-06-30 17:45:31 开始第 20 次操作

2021-06-30 17:45:31 开始操作号码 【1760255】
2021-06-30 17:45:35 GSD getOne 第 1 次 等待 1 秒
2021-06-30 17:45:36 查询号码 【1760255】，返回信息 {"status":"ok","msg":"-","time_insert":"2021-06-27 16:00"}
2021-06-30 17:45:36 查询号码 【1760255】，GSD为【"-"】
2021-06-30 17:45:36 ok && -
2021-06-30 17:45:37 CHB 1760255?1625046336 第 1 次 等待 1 秒
2021-06-30 17:45:38 CHB 1760255?1625046336 第 1 次 获取到号码【1760255】GSD
2021-06-30 17:45:38 获取到号码【1760255】的GSD为【江苏-南京】
2021-06-30 17:45:58 GSD insert 第 1 次 等待 1 秒
2021-06-30 17:45:59 {"status":"ok","msg":"添加号码已存在，但为‘-’，修改成功！"}
2021-06-30 17:45:59 下次操作: 2021-06-30 17:46:14

2021-06-30 17:46:14 开始第 21 次操作

2021-06-30 17:46:14 开始操作号码 【1760256】
2021-06-30 17:46:18 GSD getOne 第 1 次 等待 1 秒
2021-06-30 17:46:19 查询号码 【1760256】，返回信息 {"status":"ok","msg":"-","time_insert":"2021-06-27 16:00"}
2021-06-30 17:46:19 查询号码 【1760256】，GSD为【"-"】
2021-06-30 17:46:19 ok && -
2021-06-30 17:46:20 CHB 1760256?1625046379 第 1 次 等待 1 秒
2021-06-30 17:46:21 CHB 1760256?1625046379 第 1 次 获取到号码【1760256】GSD
2021-06-30 17:46:21 获取到号码【1760256】的GSD为【江苏-徐州】
2021-06-30 17:46:41 GSD insert 第 1 次 等待 1 秒
2021-06-30 17:46:42 {"status":"ok","msg":"添加号码已存在，但为‘-’，修改成功！"}
2021-06-30 17:46:42 下次操作: 2021-06-30 17:47:00

2021-06-30 17:47:00 开始第 22 次操作

2021-06-30 17:47:00 开始操作号码 【1760257】
2021-06-30 17:47:04 GSD getOne 第 1 次 等待 1 秒
2021-06-30 17:47:05 查询号码 【1760257】，返回信息 {"status":"ok","msg":"江苏-徐州","time_insert":"2021-06-23 14:46","time_update":"2021-06-23 15:04"}
2021-06-30 17:47:05 查询号码 【1760257】，GSD为【"江苏-徐州"】

2021-06-30 17:47:05 开始第 22 次操作

2021-06-30 17:47:05 开始操作号码 【1760258】
2021-06-30 17:47:26 GSD getOne 第 1 次 等待 1 秒
2021-06-30 17:47:27 查询号码 【1760258】，返回信息 {"status":"ok","msg":"-","time_insert":"2021-06-27 16:44"}
2021-06-30 17:47:27 查询号码 【1760258】，GSD为【"-"】
2021-06-30 17:47:27 ok && -
2021-06-30 17:47:35 CHB 1760258?1625046447 第 1 次 等待 1 秒
2021-06-30 17:47:36 CHB 1760258?1625046447 第 1 次 获取到号码【1760258】GSD
2021-06-30 17:47:36 获取到号码【1760258】的GSD为【江苏-南通】
2021-06-30 17:47:49 GSD insert 第 1 次 等待 1 秒
2021-06-30 17:47:50 {"status":"ok","msg":"添加号码已存在，但为‘-’，修改成功！"}
2021-06-30 17:47:50 下次操作: 2021-06-30 17:47:57

2021-06-30 17:47:57 开始第 23 次操作

2021-06-30 17:47:57 开始操作号码 【1760259】
2021-06-30 17:48:16 GSD getOne 第 1 次 等待 1 秒
2021-06-30 17:48:17 查询号码 【1760259】，返回信息 {"status":"ok","msg":"-","time_insert":"2021-06-27 16:45"}
2021-06-30 17:48:18 查询号码 【1760259】，GSD为【"-"】
2021-06-30 17:48:18 ok && -
2021-06-30 17:48:18 CHB 1760259?1625046498 第 1 次 等待 1 秒
2021-06-30 17:48:19 CHB 1760259?1625046498 第 1 次 获取到号码【1760259】GSD
2021-06-30 17:48:19 未获取到号码【1760259】GSD，查号吧 521 错误
2021-06-30 17:48:19 获取到号码【1760259】的GSD为【-】
2021-06-30 17:48:38 GSD insert 第 1 次 等待 1 秒
2021-06-30 17:48:39 {"status":"bad","msg":"添加失败！号码【1760259(-|-)】已存在！"}
2021-06-30 17:48:40 下次操作: 2021-06-30 17:48:49

2021-06-30 17:48:49 开始第 24 次操作

2021-06-30 17:48:49 开始操作号码 【1760260】
2021-06-30 17:49:00 GSD getOne 第 1 次 等待 1 秒
2021-06-30 17:49:01 查询号码 【1760260】，返回信息 {"status":"ok","msg":"-","time_insert":"2021-06-27 16:46"}
2021-06-30 17:49:01 查询号码 【1760260】，GSD为【"-"】
2021-06-30 17:49:01 ok && -
2021-06-30 17:49:01 CHB 1760260?1625046541 第 1 次 等待 1 秒
2021-06-30 17:49:02 CHB 1760260?1625046541 第 1 次 获取到号码【1760260】GSD
2021-06-30 17:49:02 未获取到号码【1760260】GSD，查号吧 521 错误
2021-06-30 17:49:02 获取到号码【1760260】的GSD为【-】
2021-06-30 17:49:21 GSD insert 第 1 次 等待 1 秒
2021-06-30 17:49:22 {"status":"bad","msg":"添加失败！号码【1760260(-|-)】已存在！"}
2021-06-30 17:49:22 下次操作: 2021-06-30 17:49:38

2021-06-30 17:49:38 开始第 25 次操作

2021-06-30 17:49:38 开始操作号码 【1760261】
2021-06-30 17:49:43 GSD getOne 第 1 次 等待 1 秒
2021-06-30 17:49:44 查询号码 【1760261】，返回信息 {"status":"ok","msg":"-","time_insert":"2021-06-27 16:47"}
2021-06-30 17:49:44 查询号码 【1760261】，GSD为【"-"】
2021-06-30 17:49:44 ok && -
2021-06-30 17:49:58 CHB 1760261?1625046584 第 1 次 等待 1 秒
2021-06-30 17:49:59 CHB 1760261?1625046584 第 1 次 获取到号码【1760261】GSD
2021-06-30 17:49:59 获取到号码【1760261】的GSD为【天津-天津】
2021-06-30 17:50:04 GSD insert 第 1 次 等待 1 秒
2021-06-30 17:50:05 {"status":"ok","msg":"添加号码已存在，但为‘-’，修改成功！"}
2021-06-30 17:50:05 下次操作: 2021-06-30 17:50:18

2021-06-30 17:50:18 开始第 26 次操作

2021-06-30 17:50:18 开始操作号码 【1760262】
2021-06-30 17:50:25 GSD getOne 第 1 次 等待 1 秒
2021-06-30 17:50:26 查询号码 【1760262】，返回信息 {"status":"ok","msg":"-","time_insert":"2021-06-27 16:48"}
2021-06-30 17:50:26 查询号码 【1760262】，GSD为【"-"】
2021-06-30 17:50:26 ok && -
2021-06-30 17:50:30 CHB 1760262?1625046626 第 1 次 等待 1 秒
2021-06-30 17:50:31 CHB 1760262?1625046626 第 1 次 获取到号码【1760262】GSD
2021-06-30 17:50:31 未获取到号码【1760262】GSD，查号吧 521 错误
2021-06-30 17:50:31 获取到号码【1760262】的GSD为【-】
2021-06-30 17:50:50 GSD insert 第 1 次 等待 1 秒
2021-06-30 17:50:51 {"status":"bad","msg":"添加失败！号码【1760262(-|-)】已存在！"}
2021-06-30 17:50:51 下次操作: 2021-06-30 17:50:57

2021-06-30 17:50:57 开始第 27 次操作

2021-06-30 17:50:57 开始操作号码 【1760263】
2021-06-30 17:51:16 GSD getOne 第 1 次 等待 1 秒
2021-06-30 17:51:17 查询号码 【1760263】，返回信息 {"status":"ok","msg":"-","time_insert":"2021-06-27 16:48"}
2021-06-30 17:51:17 查询号码 【1760263】，GSD为【"-"】
2021-06-30 17:51:17 ok && -
2021-06-30 17:51:23 CHB 1760263?1625046677 第 1 次 等待 1 秒
2021-06-30 17:51:24 CHB 1760263?1625046677 第 1 次 获取到号码【1760263】GSD
2021-06-30 17:51:24 获取到号码【1760263】的GSD为【天津-天津】
2021-06-30 17:51:36 GSD insert 第 1 次 等待 1 秒
2021-06-30 17:51:37 {"status":"ok","msg":"添加号码已存在，但为‘-’，修改成功！"}
2021-06-30 17:51:37 下次操作: 2021-06-30 17:51:53

2021-06-30 17:51:53 开始第 28 次操作

2021-06-30 17:51:53 开始操作号码 【1760264】
2021-06-30 17:51:56 GSD getOne 第 1 次 等待 1 秒
2021-06-30 17:51:57 查询号码 【1760264】，返回信息 {"status":"ok","msg":"-","time_insert":"2021-06-27 16:49"}
2021-06-30 17:51:57 查询号码 【1760264】，GSD为【"-"】
2021-06-30 17:51:57 ok && -
2021-06-30 17:51:59 CHB 1760264?1625046717 第 1 次 等待 1 秒
2021-06-30 17:52:00 CHB 1760264?1625046717 第 1 次 获取到号码【1760264】GSD
2021-06-30 17:52:00 获取到号码【1760264】的GSD为【天津-天津】
2021-06-30 17:52:20 GSD insert 第 1 次 等待 1 秒
2021-06-30 17:52:21 {"status":"ok","msg":"添加号码已存在，但为‘-’，修改成功！"}
2021-06-30 17:52:21 下次操作: 2021-06-30 17:52:38

2021-06-30 17:52:38 开始第 29 次操作

2021-06-30 17:52:38 开始操作号码 【1760265】
2021-06-30 17:52:41 GSD getOne 第 1 次 等待 1 秒
2021-06-30 17:52:42 查询号码 【1760265】，返回信息 {"status":"ok","msg":"-","time_insert":"2021-06-27 16:50"}
2021-06-30 17:52:42 查询号码 【1760265】，GSD为【"-"】
2021-06-30 17:52:42 ok && -
2021-06-30 17:52:44 CHB 1760265?1625046762 第 1 次 等待 1 秒
2021-06-30 17:52:45 CHB 1760265?1625046762 第 1 次 获取到号码【1760265】GSD
2021-06-30 17:52:45 获取到号码【1760265】的GSD为【天津-天津】
2021-06-30 17:53:05 GSD insert 第 1 次 等待 1 秒
2021-06-30 17:53:06 {"status":"ok","msg":"添加号码已存在，但为‘-’，修改成功！"}
2021-06-30 17:53:06 下次操作: 2021-06-30 17:53:17

2021-06-30 17:53:17 开始第 30 次操作

2021-06-30 17:53:17 开始操作号码 【1760266】
2021-06-30 17:53:28 GSD getOne 第 1 次 等待 1 秒
2021-06-30 17:53:29 查询号码 【1760266】，返回信息 {"status":"ok","msg":"-","time_insert":"2021-06-27 16:51"}
2021-06-30 17:53:29 查询号码 【1760266】，GSD为【"-"】
2021-06-30 17:53:29 ok && -
2021-06-30 17:53:30 CHB 1760266?1625046809 第 1 次 等待 1 秒
2021-06-30 17:53:31 CHB 1760266?1625046809 第 1 次 获取到号码【1760266】GSD
2021-06-30 17:53:31 获取到号码【1760266】的GSD为【天津-天津】
2021-06-30 17:53:51 GSD insert 第 1 次 等待 1 秒
2021-06-30 17:53:52 {"status":"bad","msg":"添加失败！号码【1760266(天津-天津|天津-天津)】已存在！"}

