2023-10-18 00:22:59 开始第 3601 次操作

2023-10-18 00:22:59 开始操作号码 【1903515】
2023-10-18 00:23:05 GSD getOne 第 1 次 等待 3 秒
2023-10-18 00:23:08 查询号码 【1903515】，返回信息 {"status":"ok","msg":"山西-太原","gid":"587463","time_insert":"2023-03-13 06:33"}
2023-10-18 00:23:08 查询号码 【1903515】，GSD为【"山西-太原"】

2023-10-18 00:23:10 开始第 3602 次操作

2023-10-18 00:23:10 开始操作号码 【1903516】
2023-10-18 00:23:12 GSD getOne 第 1 次 等待 3 秒
2023-10-18 00:23:15 查询号码 【1903516】，返回信息 {"status":"ok","msg":"山西-太原","gid":"587493","time_insert":"2023-03-13 06:50"}
2023-10-18 00:23:15 查询号码 【1903516】，GSD为【"山西-太原"】

2023-10-18 00:23:16 开始第 3603 次操作

2023-10-18 00:23:16 开始操作号码 【1903517】
2023-10-18 00:23:19 GSD getOne 第 1 次 等待 3 秒
2023-10-18 00:23:22 查询号码 【1903517】，返回信息 {"status":"ok","msg":"山西-太原","gid":"587521","time_insert":"2023-03-13 07:11"}
2023-10-18 00:23:22 查询号码 【1903517】，GSD为【"山西-太原"】

2023-10-18 00:23:23 开始第 3604 次操作

2023-10-18 00:23:23 开始操作号码 【1903518】
2023-10-18 00:23:29 GSD getOne 第 1 次 等待 3 秒
2023-10-18 00:23:32 查询号码 【1903518】，返回信息 {"status":"ok","msg":"山西-太原","gid":"587550","time_insert":"2023-03-13 07:31"}
2023-10-18 00:23:32 查询号码 【1903518】，GSD为【"山西-太原"】

2023-10-18 00:41:13 开始第 3605 次操作

2023-10-18 00:41:13 开始操作号码 【1903519】
2023-10-18 00:41:17 GSD getOne 第 1 次 等待 3 秒
2023-10-18 00:41:20 查询号码 【1903519】，返回信息 {"status":"ok","msg":"山西-太原","gid":"587587","time_insert":"2023-03-13 07:51"}
2023-10-18 00:41:20 查询号码 【1903519】，GSD为【"山西-太原"】

2023-10-18 00:41:21 开始第 3606 次操作

2023-10-18 00:41:21 开始操作号码 【1903520】
2023-10-18 00:41:26 GSD getOne 第 1 次 等待 3 秒
2023-10-18 00:41:29 查询号码 【1903520】，返回信息 {"status":"ok","msg":"山西-大同","gid":"587606","time_insert":"2023-03-13 08:02"}
2023-10-18 00:41:29 查询号码 【1903520】，GSD为【"山西-大同"】

2023-10-18 00:41:30 开始第 3607 次操作

2023-10-18 00:41:30 开始操作号码 【1903521】
2023-10-18 00:41:33 GSD getOne 第 1 次 等待 3 秒
2023-10-18 00:41:36 查询号码 【1903521】，返回信息 {"status":"ok","msg":"山西-大同","gid":"587622","time_insert":"2023-03-13 08:20"}
2023-10-18 00:41:36 查询号码 【1903521】，GSD为【"山西-大同"】

2023-10-18 00:41:37 开始第 3608 次操作

2023-10-18 00:41:37 开始操作号码 【1903522】
2023-10-18 00:41:39 GSD getOne 第 1 次 等待 3 秒
2023-10-18 00:41:42 查询号码 【1903522】，返回信息 {"status":"ok","msg":"山西-大同","gid":"587642","time_insert":"2023-03-13 08:41"}
2023-10-18 00:41:42 查询号码 【1903522】，GSD为【"山西-大同"】

