2021-07-13 01:00:09 开始第 1 次操作

2021-07-13 01:00:09 开始操作号码 【1339400】
2021-07-13 01:00:16 GSD getOne 第 1 次 等待 1 秒
2021-07-13 01:00:17 查询号码 【1339400】，返回信息 {"status":"bad","msg":""}
2021-07-13 01:00:17 查询号码 【1339400】，GSD为【""】
2021-07-13 01:00:17 bad
2021-07-13 01:00:23 CHB 1339400?1626109217 第 1 次 等待 1 秒
2021-07-13 01:00:24 CHB 1339400?1626109217 第 1 次 获取到号码【1339400】GSD
2021-07-13 01:00:25 获取到号码【1339400】的GSD为【福建-福州】
2021-07-13 01:00:41 GSD insert 第 1 次 等待 1 秒
2021-07-13 01:00:42 {"status":"ok","id":260813,"msg":"添加成功！260813"}
2021-07-13 01:00:42 下次操作: 2021-07-13 01:01:00

2021-07-13 01:01:00 开始第 2 次操作

2021-07-13 01:01:00 开始操作号码 【1339399】
2021-07-13 01:01:03 GSD getOne 第 1 次 等待 1 秒
2021-07-13 01:01:04 查询号码 【1339399】，返回信息 {"status":"bad","msg":""}
2021-07-13 01:01:04 查询号码 【1339399】，GSD为【""】
2021-07-13 01:01:04 bad
2021-07-13 01:01:05 CHB 1339399?1626109264 第 1 次 等待 1 秒
2021-07-13 01:01:06 CHB 1339399?1626109264 第 1 次 获取到号码【1339399】GSD
2021-07-13 01:01:06 获取到号码【1339399】的GSD为【河南-驻马店】
2021-07-13 01:01:09 GSD insert 第 1 次 等待 1 秒
2021-07-13 01:01:10 {"status":"ok","id":260814,"msg":"添加成功！260814"}
2021-07-13 01:01:10 下次操作: 2021-07-13 01:01:25

2021-07-13 01:01:25 开始第 3 次操作

2021-07-13 01:01:25 开始操作号码 【1339398】
2021-07-13 01:01:35 GSD getOne 第 1 次 等待 1 秒
2021-07-13 01:01:36 查询号码 【1339398】，返回信息 {"status":"bad","msg":""}
2021-07-13 01:01:36 查询号码 【1339398】，GSD为【""】
2021-07-13 01:01:36 bad
2021-07-13 01:01:39 CHB 1339398?1626109296 第 1 次 等待 1 秒
2021-07-13 01:01:40 CHB 1339398?1626109296 第 1 次 获取到号码【1339398】GSD
2021-07-13 01:01:40 获取到号码【1339398】的GSD为【河南-驻马店】
2021-07-13 01:01:45 GSD insert 第 1 次 等待 1 秒
2021-07-13 01:01:46 {"status":"ok","id":260818,"msg":"添加成功！260818"}
2021-07-13 01:01:46 下次操作: 2021-07-13 01:02:00

2021-07-13 01:02:00 开始第 4 次操作

2021-07-13 01:02:00 开始操作号码 【1339397】
2021-07-13 01:02:03 GSD getOne 第 1 次 等待 1 秒
2021-07-13 01:02:04 查询号码 【1339397】，返回信息 {"status":"bad","msg":""}
2021-07-13 01:02:04 查询号码 【1339397】，GSD为【""】
2021-07-13 01:02:04 bad
2021-07-13 01:02:07 CHB 1339397?1626109324 第 1 次 等待 1 秒
2021-07-13 01:02:08 CHB 1339397?1626109324 第 1 次 获取到号码【1339397】GSD
2021-07-13 01:02:08 获取到号码【1339397】的GSD为【河南-驻马店】
2021-07-13 01:02:14 GSD insert 第 1 次 等待 1 秒
2021-07-13 01:02:15 {"status":"ok","id":260819,"msg":"添加成功！260819"}
2021-07-13 01:02:15 下次操作: 2021-07-13 01:02:33

2021-07-13 01:02:33 开始第 5 次操作

2021-07-13 01:02:33 开始操作号码 【1339396】
2021-07-13 01:02:39 GSD getOne 第 1 次 等待 1 秒
2021-07-13 01:02:40 查询号码 【1339396】，返回信息 {"status":"ok","msg":"河南-驻马店","gid":"94395","time_insert":"2021-06-13 08:49","time_update":"2021-06-13 09:04"}
2021-07-13 01:02:40 查询号码 【1339396】，GSD为【"河南-驻马店"】

2021-07-13 01:02:40 开始第 5 次操作

2021-07-13 01:02:40 开始操作号码 【1339395】
2021-07-13 01:02:46 GSD getOne 第 1 次 等待 1 秒
2021-07-13 01:02:47 查询号码 【1339395】，返回信息 {"status":"ok","msg":"河南-驻马店","gid":"3678","time_insert":"2018-02-04 12:32","time_update":"2020-09-14 09:26"}
2021-07-13 01:02:47 查询号码 【1339395】，GSD为【"河南-驻马店"】

2021-07-13 01:02:47 开始第 5 次操作

2021-07-13 01:02:47 开始操作号码 【1339394】
2021-07-13 01:03:00 GSD getOne 第 1 次 等待 1 秒
2021-07-13 01:03:01 查询号码 【1339394】，返回信息 {"status":"bad","msg":""}
2021-07-13 01:03:01 查询号码 【1339394】，GSD为【""】
2021-07-13 01:03:01 bad
2021-07-13 01:03:08 CHB 1339394?1626109381 第 1 次 等待 1 秒
2021-07-13 01:03:09 CHB 1339394?1626109381 第 1 次 获取到号码【1339394】GSD
2021-07-13 01:03:09 获取到号码【1339394】的GSD为【河南-周口】
2021-07-13 01:03:15 GSD insert 第 1 次 等待 1 秒
2021-07-13 01:03:16 {"status":"ok","id":260822,"msg":"添加成功！260822"}
2021-07-13 01:03:16 下次操作: 2021-07-13 01:03:32

2021-07-13 01:03:32 开始第 6 次操作

2021-07-13 01:03:32 开始操作号码 【1339393】
2021-07-13 01:03:47 GSD getOne 第 1 次 等待 1 秒
2021-07-13 01:03:48 查询号码 【1339393】，返回信息 {"status":"bad","msg":""}
2021-07-13 01:03:48 查询号码 【1339393】，GSD为【""】
2021-07-13 01:03:48 bad
2021-07-13 01:03:50 CHB 1339393?1626109428 第 1 次 等待 1 秒
2021-07-13 01:03:51 CHB 1339393?1626109428 第 1 次 获取到号码【1339393】GSD
2021-07-13 01:03:51 获取到号码【1339393】的GSD为【河南-周口】
2021-07-13 01:04:02 GSD insert 第 1 次 等待 1 秒
2021-07-13 01:04:03 {"status":"ok","id":260827,"msg":"添加成功！260827"}
2021-07-13 01:04:03 下次操作: 2021-07-13 01:04:21

2021-07-13 01:04:21 开始第 7 次操作

2021-07-13 01:04:21 开始操作号码 【1339392】
2021-07-13 01:04:24 GSD getOne 第 1 次 等待 1 秒
2021-07-13 01:04:25 查询号码 【1339392】，返回信息 {"status":"bad","msg":""}
2021-07-13 01:04:25 查询号码 【1339392】，GSD为【""】
2021-07-13 01:04:25 bad
2021-07-13 01:04:27 CHB 1339392?1626109465 第 1 次 等待 1 秒
2021-07-13 01:04:28 CHB 1339392?1626109465 第 1 次 获取到号码【1339392】GSD
2021-07-13 01:04:28 获取到号码【1339392】的GSD为【河南-周口】
2021-07-13 01:04:35 GSD insert 第 1 次 等待 1 秒
2021-07-13 01:04:36 {"status":"ok","id":260832,"msg":"添加成功！260832"}
2021-07-13 01:04:36 下次操作: 2021-07-13 01:04:46

2021-07-13 01:04:46 开始第 8 次操作

2021-07-13 01:04:46 开始操作号码 【1339391】
2021-07-13 01:04:49 GSD getOne 第 1 次 等待 1 秒
2021-07-13 01:04:50 查询号码 【1339391】，返回信息 {"status":"bad","msg":""}
2021-07-13 01:04:50 查询号码 【1339391】，GSD为【""】
2021-07-13 01:04:50 bad
2021-07-13 01:04:52 CHB 1339391?1626109490 第 1 次 等待 1 秒
2021-07-13 01:04:53 CHB 1339391?1626109490 第 1 次 获取到号码【1339391】GSD
2021-07-13 01:04:53 获取到号码【1339391】的GSD为【河南-周口】
2021-07-13 01:05:03 GSD insert 第 1 次 等待 1 秒
2021-07-13 01:05:04 {"status":"ok","id":260836,"msg":"添加成功！260836"}
2021-07-13 01:05:04 下次操作: 2021-07-13 01:05:18

2021-07-13 01:05:18 开始第 9 次操作

2021-07-13 01:05:18 开始操作号码 【1339390】
2021-07-13 01:05:24 GSD getOne 第 1 次 等待 1 秒
2021-07-13 01:05:25 查询号码 【1339390】，返回信息 {"status":"ok","msg":"河南-周口","gid":"53216","time_insert":"2020-09-29 19:36"}
2021-07-13 01:05:25 查询号码 【1339390】，GSD为【"河南-周口"】

2021-07-13 01:05:25 开始第 9 次操作

2021-07-13 01:05:25 开始操作号码 【1339389】
2021-07-13 01:05:28 GSD getOne 第 1 次 等待 1 秒
2021-07-13 01:05:29 查询号码 【1339389】，返回信息 {"status":"ok","msg":"河南-焦作","gid":"53215","time_insert":"2020-09-07 12:49"}
2021-07-13 01:05:29 查询号码 【1339389】，GSD为【"河南-焦作"】

2021-07-13 01:05:29 开始第 9 次操作

2021-07-13 01:05:29 开始操作号码 【1339388】
2021-07-13 01:05:33 GSD getOne 第 1 次 等待 1 秒
2021-07-13 01:05:34 查询号码 【1339388】，返回信息 {"status":"bad","msg":""}
2021-07-13 01:05:34 查询号码 【1339388】，GSD为【""】
2021-07-13 01:05:34 bad
2021-07-13 01:05:35 CHB 1339388?1626109534 第 1 次 等待 1 秒
2021-07-13 01:05:36 CHB 1339388?1626109534 第 1 次 获取到号码【1339388】GSD
2021-07-13 01:05:37 获取到号码【1339388】的GSD为【河南-焦作】
2021-07-13 01:05:41 GSD insert 第 1 次 等待 1 秒
2021-07-13 01:05:42 {"status":"ok","id":260850,"msg":"添加成功！260850"}
2021-07-13 01:05:42 下次操作: 2021-07-13 01:05:50

2021-07-13 01:05:50 开始第 10 次操作

2021-07-13 01:05:50 开始操作号码 【1339387】
2021-07-13 01:05:56 GSD getOne 第 1 次 等待 1 秒
2021-07-13 01:05:57 查询号码 【1339387】，返回信息 {"status":"bad","msg":""}
2021-07-13 01:05:57 查询号码 【1339387】，GSD为【""】
2021-07-13 01:05:57 bad
2021-07-13 01:05:59 CHB 1339387?1626109557 第 1 次 等待 1 秒
2021-07-13 01:06:00 CHB 1339387?1626109557 第 1 次 获取到号码【1339387】GSD
2021-07-13 01:06:00 获取到号码【1339387】的GSD为【河南-焦作】
2021-07-13 01:06:03 GSD insert 第 1 次 等待 1 秒
2021-07-13 01:06:04 {"status":"ok","id":260856,"msg":"添加成功！260856"}
2021-07-13 01:06:04 下次操作: 2021-07-13 01:06:19

2021-07-13 01:06:19 开始第 11 次操作

2021-07-13 01:06:19 开始操作号码 【1339386】
2021-07-13 01:06:22 GSD getOne 第 1 次 等待 1 秒
2021-07-13 01:06:23 查询号码 【1339386】，返回信息 {"status":"ok","msg":"河南-焦作","gid":"53214","time_insert":"2021-04-06 08:22"}
2021-07-13 01:06:23 查询号码 【1339386】，GSD为【"河南-焦作"】

2021-07-13 01:06:23 开始第 11 次操作

2021-07-13 01:06:23 开始操作号码 【1339385】
2021-07-13 01:06:38 GSD getOne 第 1 次 等待 1 秒
2021-07-13 01:06:39 查询号码 【1339385】，返回信息 {"status":"ok","msg":"河南-焦作","gid":"53213","time_insert":"2020-07-22 17:31"}
2021-07-13 01:06:39 查询号码 【1339385】，GSD为【"河南-焦作"】

2021-07-13 01:06:39 开始第 11 次操作

2021-07-13 01:06:39 开始操作号码 【1339384】
2021-07-13 01:07:02 GSD getOne 第 1 次 等待 1 秒
2021-07-13 01:07:03 查询号码 【1339384】，返回信息 {"status":"bad","msg":""}
2021-07-13 01:07:03 查询号码 【1339384】，GSD为【""】
2021-07-13 01:07:03 bad
2021-07-13 01:07:06 CHB 1339384?1626109623 第 1 次 等待 1 秒
2021-07-13 01:07:07 CHB 1339384?1626109623 第 1 次 获取到号码【1339384】GSD
2021-07-13 01:07:07 获取到号码【1339384】的GSD为【河南-开封】
2021-07-13 01:07:10 GSD insert 第 1 次 等待 1 秒
2021-07-13 01:07:11 {"status":"ok","id":260874,"msg":"添加成功！260874"}
2021-07-13 01:07:11 下次操作: 2021-07-13 01:07:26

2021-07-13 01:07:26 开始第 12 次操作

2021-07-13 01:07:26 开始操作号码 【1339383】
2021-07-13 01:07:29 GSD getOne 第 1 次 等待 1 秒
2021-07-13 01:07:30 查询号码 【1339383】，返回信息 {"status":"bad","msg":""}
2021-07-13 01:07:30 查询号码 【1339383】，GSD为【""】
2021-07-13 01:07:30 bad
2021-07-13 01:07:31 CHB 1339383?1626109650 第 1 次 等待 1 秒
2021-07-13 01:07:32 CHB 1339383?1626109650 第 1 次 获取到号码【1339383】GSD
2021-07-13 01:07:32 获取到号码【1339383】的GSD为【河南-开封】
2021-07-13 01:07:46 GSD insert 第 1 次 等待 1 秒
2021-07-13 01:07:47 {"status":"ok","id":260886,"msg":"添加成功！260886"}
2021-07-13 01:07:47 下次操作: 2021-07-13 01:07:58

2021-07-13 01:07:58 开始第 13 次操作

2021-07-13 01:07:58 开始操作号码 【1339382】
2021-07-13 01:08:03 GSD getOne 第 1 次 等待 1 秒
2021-07-13 01:08:04 查询号码 【1339382】，返回信息 {"status":"bad","msg":""}
2021-07-13 01:08:04 查询号码 【1339382】，GSD为【""】
2021-07-13 01:08:04 bad
2021-07-13 01:08:06 CHB 1339382?1626109684 第 1 次 等待 1 秒
2021-07-13 01:08:07 CHB 1339382?1626109684 第 1 次 获取到号码【1339382】GSD
2021-07-13 01:08:07 获取到号码【1339382】的GSD为【河南-开封】
2021-07-13 01:08:17 GSD insert 第 1 次 等待 1 秒
2021-07-13 01:08:18 {"status":"ok","id":260895,"msg":"添加成功！260895"}
2021-07-13 01:08:18 下次操作: 2021-07-13 01:08:25

2021-07-13 01:08:25 开始第 14 次操作

2021-07-13 01:08:25 开始操作号码 【1339381】
2021-07-13 01:08:28 GSD getOne 第 1 次 等待 1 秒
2021-07-13 01:08:29 查询号码 【1339381】，返回信息 {"status":"bad","msg":""}
2021-07-13 01:08:29 查询号码 【1339381】，GSD为【""】
2021-07-13 01:08:29 bad
2021-07-13 01:08:32 CHB 1339381?1626109709 第 1 次 等待 1 秒
2021-07-13 01:08:33 CHB 1339381?1626109709 第 1 次 获取到号码【1339381】GSD
2021-07-13 01:08:33 获取到号码【1339381】的GSD为【河南-开封】
2021-07-13 01:08:55 GSD insert 第 1 次 等待 1 秒
2021-07-13 01:08:56 {"status":"ok","id":260905,"msg":"添加成功！260905"}
2021-07-13 01:08:56 下次操作: 2021-07-13 01:09:14

2021-07-13 01:09:14 开始第 15 次操作

2021-07-13 01:09:14 开始操作号码 【1339380】
2021-07-13 01:09:16 GSD getOne 第 1 次 等待 1 秒
2021-07-13 01:09:17 查询号码 【1339380】，返回信息 {"status":"ok","msg":"河南-开封","gid":"53212","time_insert":"2020-04-17 17:16"}
2021-07-13 01:09:18 查询号码 【1339380】，GSD为【"河南-开封"】

2021-07-13 01:09:18 开始第 15 次操作

2021-07-13 01:09:18 开始操作号码 【1339379】
2021-07-13 01:09:23 GSD getOne 第 1 次 等待 1 秒
2021-07-13 01:09:24 查询号码 【1339379】，返回信息 {"status":"bad","msg":""}
2021-07-13 01:09:24 查询号码 【1339379】，GSD为【""】
2021-07-13 01:09:24 bad
2021-07-13 01:09:26 CHB 1339379?1626109764 第 1 次 等待 1 秒
2021-07-13 01:09:27 CHB 1339379?1626109764 第 1 次 获取到号码【1339379】GSD
2021-07-13 01:09:27 获取到号码【1339379】的GSD为【河南-平顶山】
2021-07-13 01:09:30 GSD insert 第 1 次 等待 1 秒
2021-07-13 01:09:31 {"status":"ok","id":260915,"msg":"添加成功！260915"}
2021-07-13 01:09:31 下次操作: 2021-07-13 01:09:39

2021-07-13 01:09:39 开始第 16 次操作

2021-07-13 01:09:39 开始操作号码 【1339378】
2021-07-13 01:09:45 GSD getOne 第 1 次 等待 1 秒
2021-07-13 01:09:46 查询号码 【1339378】，返回信息 {"status":"bad","msg":""}
2021-07-13 01:09:46 查询号码 【1339378】，GSD为【""】
2021-07-13 01:09:46 bad
2021-07-13 01:09:48 CHB 1339378?1626109786 第 1 次 等待 1 秒
2021-07-13 01:09:49 CHB 1339378?1626109786 第 1 次 获取到号码【1339378】GSD
2021-07-13 01:09:49 获取到号码【1339378】的GSD为【河南-平顶山】
2021-07-13 01:09:56 GSD insert 第 1 次 等待 1 秒
2021-07-13 01:09:57 {"status":"ok","id":260922,"msg":"添加成功！260922"}
2021-07-13 01:09:57 下次操作: 2021-07-13 01:10:12

2021-07-13 01:10:12 开始第 17 次操作

2021-07-13 01:10:12 开始操作号码 【1339377】
2021-07-13 01:10:21 GSD getOne 第 1 次 等待 1 秒
2021-07-13 01:10:22 查询号码 【1339377】，返回信息 {"status":"bad","msg":""}
2021-07-13 01:10:22 查询号码 【1339377】，GSD为【""】
2021-07-13 01:10:22 bad
2021-07-13 01:10:24 CHB 1339377?1626109822 第 1 次 等待 1 秒
2021-07-13 01:10:25 CHB 1339377?1626109822 第 1 次 获取到号码【1339377】GSD
2021-07-13 01:10:25 获取到号码【1339377】的GSD为【河南-平顶山】
2021-07-13 01:10:28 GSD insert 第 1 次 等待 1 秒
2021-07-13 01:10:29 {"status":"ok","id":260931,"msg":"添加成功！260931"}
2021-07-13 01:10:29 下次操作: 2021-07-13 01:10:40

2021-07-13 01:10:40 开始第 18 次操作

2021-07-13 01:10:40 开始操作号码 【1339376】
2021-07-13 01:10:43 GSD getOne 第 1 次 等待 1 秒
2021-07-13 01:10:44 查询号码 【1339376】，返回信息 {"status":"bad","msg":""}
2021-07-13 01:10:44 查询号码 【1339376】，GSD为【""】
2021-07-13 01:10:44 bad
2021-07-13 01:10:45 CHB 1339376?1626109844 第 1 次 等待 1 秒
2021-07-13 01:10:46 CHB 1339376?1626109844 第 1 次 获取到号码【1339376】GSD
2021-07-13 01:10:46 获取到号码【1339376】的GSD为【河南-平顶山】
2021-07-13 01:10:49 GSD insert 第 1 次 等待 1 秒
2021-07-13 01:10:50 {"status":"ok","id":260939,"msg":"添加成功！260939"}
2021-07-13 01:10:50 下次操作: 2021-07-13 01:11:07

2021-07-13 01:11:07 开始第 19 次操作

2021-07-13 01:11:07 开始操作号码 【1339375】
2021-07-13 01:11:15 GSD getOne 第 1 次 等待 1 秒
2021-07-13 01:11:16 查询号码 【1339375】，返回信息 {"status":"bad","msg":""}
2021-07-13 01:11:17 查询号码 【1339375】，GSD为【""】
2021-07-13 01:11:17 bad
2021-07-13 01:11:18 CHB 1339375?1626109877 第 1 次 等待 1 秒
2021-07-13 01:11:19 CHB 1339375?1626109877 第 1 次 获取到号码【1339375】GSD
2021-07-13 01:11:19 获取到号码【1339375】的GSD为【河南-平顶山】
2021-07-13 01:11:22 GSD insert 第 1 次 等待 1 秒
2021-07-13 01:11:23 {"status":"ok","id":260946,"msg":"添加成功！260946"}
2021-07-13 01:11:23 下次操作: 2021-07-13 01:11:31

2021-07-13 01:11:31 开始第 20 次操作

2021-07-13 01:11:31 开始操作号码 【1339374】
2021-07-13 01:11:57 GSD getOne 第 1 次 等待 1 秒
2021-07-13 01:11:58 查询号码 【1339374】，返回信息 {"status":"bad","msg":""}
2021-07-13 01:11:58 查询号码 【1339374】，GSD为【""】
2021-07-13 01:11:58 bad
2021-07-13 01:12:00 CHB 1339374?1626109918 第 1 次 等待 1 秒
2021-07-13 01:12:01 CHB 1339374?1626109918 第 1 次 获取到号码【1339374】GSD
2021-07-13 01:12:01 获取到号码【1339374】的GSD为【河南-郑州】
2021-07-13 01:12:06 GSD insert 第 1 次 等待 1 秒
2021-07-13 01:12:07 {"status":"ok","id":260959,"msg":"添加成功！260959"}
2021-07-13 01:12:07 下次操作: 2021-07-13 01:12:20

2021-07-13 01:12:20 开始第 21 次操作

2021-07-13 01:12:20 开始操作号码 【1339373】
2021-07-13 01:12:23 GSD getOne 第 1 次 等待 1 秒
2021-07-13 01:12:24 查询号码 【1339373】，返回信息 {"status":"bad","msg":""}
2021-07-13 01:12:24 查询号码 【1339373】，GSD为【""】
2021-07-13 01:12:24 bad
2021-07-13 01:12:26 CHB 1339373?1626109944 第 1 次 等待 1 秒
2021-07-13 01:12:27 CHB 1339373?1626109944 第 1 次 获取到号码【1339373】GSD
2021-07-13 01:12:27 获取到号码【1339373】的GSD为【河南-郑州】
2021-07-13 01:12:29 GSD insert 第 1 次 等待 1 秒
2021-07-13 01:12:30 {"status":"ok","id":260967,"msg":"添加成功！260967"}
2021-07-13 01:12:30 下次操作: 2021-07-13 01:12:41

2021-07-13 01:12:41 开始第 22 次操作

2021-07-13 01:12:41 开始操作号码 【1339372】
2021-07-13 01:12:44 GSD getOne 第 1 次 等待 1 秒
2021-07-13 01:12:45 查询号码 【1339372】，返回信息 {"status":"bad","msg":""}
2021-07-13 01:12:45 查询号码 【1339372】，GSD为【""】
2021-07-13 01:12:45 bad
2021-07-13 01:12:49 CHB 1339372?1626109965 第 1 次 等待 1 秒
2021-07-13 01:12:50 CHB 1339372?1626109965 第 1 次 获取到号码【1339372】GSD
2021-07-13 01:12:50 获取到号码【1339372】的GSD为【河南-郑州】
2021-07-13 01:12:56 GSD insert 第 1 次 等待 1 秒
2021-07-13 01:12:57 {"status":"ok","id":260974,"msg":"添加成功！260974"}
2021-07-13 01:12:57 下次操作: 2021-07-13 01:13:06

2021-07-13 01:13:06 开始第 23 次操作

2021-07-13 01:13:06 开始操作号码 【1339371】
2021-07-13 01:13:15 GSD getOne 第 1 次 等待 1 秒
2021-07-13 01:13:16 查询号码 【1339371】，返回信息 {"status":"bad","msg":""}
2021-07-13 01:13:16 查询号码 【1339371】，GSD为【""】
2021-07-13 01:13:16 bad
2021-07-13 01:13:17 CHB 1339371?1626109996 第 1 次 等待 1 秒
2021-07-13 01:13:18 CHB 1339371?1626109996 第 1 次 获取到号码【1339371】GSD
2021-07-13 01:13:19 获取到号码【1339371】的GSD为【河南-郑州】
2021-07-13 01:13:28 GSD insert 第 1 次 等待 1 秒
2021-07-13 01:13:29 {"status":"ok","id":260985,"msg":"添加成功！260985"}
2021-07-13 01:13:29 下次操作: 2021-07-13 01:13:41

2021-07-13 01:13:41 开始第 24 次操作

2021-07-13 01:13:41 开始操作号码 【1339370】
2021-07-13 01:13:46 GSD getOne 第 1 次 等待 1 秒
2021-07-13 01:13:47 查询号码 【1339370】，返回信息 {"status":"ok","msg":"河南-郑州","gid":"3677","time_insert":"2017-03-14 12:25","time_update":"2020-09-14 09:23"}
2021-07-13 01:13:47 查询号码 【1339370】，GSD为【"河南-郑州"】

2021-07-13 01:13:47 开始第 24 次操作

2021-07-13 01:13:47 开始操作号码 【1339369】
2021-07-13 01:13:53 GSD getOne 第 1 次 等待 1 秒
2021-07-13 01:13:54 查询号码 【1339369】，返回信息 {"status":"ok","msg":"广西-南宁","gid":"3676","time_insert":"2017-06-12 19:28","time_update":"2021-05-09 18:15"}
2021-07-13 01:13:54 查询号码 【1339369】，GSD为【"广西-南宁"】

2021-07-13 01:13:54 开始第 24 次操作

2021-07-13 01:13:54 开始操作号码 【1339368】
2021-07-13 01:14:00 GSD getOne 第 1 次 等待 1 秒
2021-07-13 01:14:01 查询号码 【1339368】，返回信息 {"status":"bad","msg":""}
2021-07-13 01:14:01 查询号码 【1339368】，GSD为【""】
2021-07-13 01:14:01 bad
2021-07-13 01:14:02 CHB 1339368?1626110041 第 1 次 等待 1 秒
2021-07-13 01:14:03 CHB 1339368?1626110041 第 1 次 获取到号码【1339368】GSD
2021-07-13 01:14:04 获取到号码【1339368】的GSD为【广西-南宁】
2021-07-13 01:14:28 GSD insert 第 1 次 等待 1 秒
2021-07-13 01:14:29 {"status":"ok","id":261003,"msg":"添加成功！261003"}
2021-07-13 01:14:29 下次操作: 2021-07-13 01:14:35

2021-07-13 01:14:35 开始第 25 次操作

2021-07-13 01:14:35 开始操作号码 【1339367】
2021-07-13 01:14:44 GSD getOne 第 1 次 等待 1 秒
2021-07-13 01:14:45 查询号码 【1339367】，返回信息 {"status":"bad","msg":""}
2021-07-13 01:14:45 查询号码 【1339367】，GSD为【""】
2021-07-13 01:14:45 bad
2021-07-13 01:14:47 CHB 1339367?1626110085 第 1 次 等待 1 秒
2021-07-13 01:14:48 CHB 1339367?1626110085 第 1 次 获取到号码【1339367】GSD
2021-07-13 01:14:48 获取到号码【1339367】的GSD为【广西-南宁】
2021-07-13 01:14:56 GSD insert 第 1 次 等待 1 秒
2021-07-13 01:14:57 {"status":"ok","id":261010,"msg":"添加成功！261010"}
2021-07-13 01:14:57 下次操作: 2021-07-13 01:15:05

2021-07-13 01:15:05 开始第 26 次操作

2021-07-13 01:15:05 开始操作号码 【1339366】
2021-07-13 01:15:07 GSD getOne 第 1 次 等待 1 秒
2021-07-13 01:15:08 查询号码 【1339366】，返回信息 {"status":"bad","msg":""}
2021-07-13 01:15:09 查询号码 【1339366】，GSD为【""】
2021-07-13 01:15:09 bad
2021-07-13 01:15:10 CHB 1339366?1626110109 第 1 次 等待 1 秒
2021-07-13 01:15:11 CHB 1339366?1626110109 第 1 次 获取到号码【1339366】GSD
2021-07-13 01:15:11 获取到号码【1339366】的GSD为【广西-南宁】
2021-07-13 01:15:17 GSD insert 第 1 次 等待 1 秒
2021-07-13 01:15:18 {"status":"ok","id":261016,"msg":"添加成功！261016"}
2021-07-13 01:15:18 下次操作: 2021-07-13 01:15:34

2021-07-13 01:15:34 开始第 27 次操作

2021-07-13 01:15:34 开始操作号码 【1339365】
2021-07-13 01:15:44 GSD getOne 第 1 次 等待 1 秒
2021-07-13 01:15:45 查询号码 【1339365】，返回信息 {"status":"bad","msg":""}
2021-07-13 01:15:45 查询号码 【1339365】，GSD为【""】
2021-07-13 01:15:45 bad
2021-07-13 01:15:47 CHB 1339365?1626110145 第 1 次 等待 1 秒
2021-07-13 01:15:48 CHB 1339365?1626110145 第 1 次 获取到号码【1339365】GSD
2021-07-13 01:15:48 获取到号码【1339365】的GSD为【广西-玉林】
2021-07-13 01:15:51 GSD insert 第 1 次 等待 1 秒
2021-07-13 01:15:52 {"status":"ok","id":261026,"msg":"添加成功！261026"}
2021-07-13 01:15:52 下次操作: 2021-07-13 01:16:06

2021-07-13 01:16:06 开始第 28 次操作

2021-07-13 01:16:06 开始操作号码 【1339364】
2021-07-13 01:16:08 GSD getOne 第 1 次 等待 1 秒
2021-07-13 01:16:09 查询号码 【1339364】，返回信息 {"status":"bad","msg":""}
2021-07-13 01:16:09 查询号码 【1339364】，GSD为【""】
2021-07-13 01:16:09 bad
2021-07-13 01:16:12 CHB 1339364?1626110169 第 1 次 等待 1 秒
2021-07-13 01:16:13 CHB 1339364?1626110169 第 1 次 获取到号码【1339364】GSD
2021-07-13 01:16:13 获取到号码【1339364】的GSD为【广西-南宁】
2021-07-13 01:16:34 GSD insert 第 1 次 等待 1 秒
2021-07-13 01:16:35 {"status":"ok","id":261038,"msg":"添加成功！261038"}
2021-07-13 01:16:35 下次操作: 2021-07-13 01:16:52

2021-07-13 01:16:52 开始第 29 次操作

2021-07-13 01:16:52 开始操作号码 【1339363】
2021-07-13 01:17:01 GSD getOne 第 1 次 等待 1 秒
2021-07-13 01:17:02 查询号码 【1339363】，返回信息 {"status":"bad","msg":""}
2021-07-13 01:17:02 查询号码 【1339363】，GSD为【""】
2021-07-13 01:17:02 bad
2021-07-13 01:17:03 CHB 1339363?1626110222 第 1 次 等待 1 秒
2021-07-13 01:17:04 CHB 1339363?1626110222 第 1 次 获取到号码【1339363】GSD
2021-07-13 01:17:04 获取到号码【1339363】的GSD为【广西-桂林】
2021-07-13 01:17:07 GSD insert 第 1 次 等待 1 秒
2021-07-13 01:17:08 {"status":"ok","id":261043,"msg":"添加成功！261043"}
2021-07-13 01:17:08 下次操作: 2021-07-13 01:17:17

2021-07-13 01:17:17 开始第 30 次操作

2021-07-13 01:17:17 开始操作号码 【1339362】
2021-07-13 01:17:31 GSD getOne 第 1 次 等待 1 秒
2021-07-13 01:17:32 查询号码 【1339362】，返回信息 {"status":"bad","msg":""}
2021-07-13 01:17:32 查询号码 【1339362】，GSD为【""】
2021-07-13 01:17:32 bad
2021-07-13 01:17:35 CHB 1339362?1626110252 第 1 次 等待 1 秒
2021-07-13 01:17:36 CHB 1339362?1626110252 第 1 次 获取到号码【1339362】GSD
2021-07-13 01:17:36 获取到号码【1339362】的GSD为【广西-来宾】
2021-07-13 01:17:38 GSD insert 第 1 次 等待 1 秒
2021-07-13 01:17:39 {"status":"ok","id":261051,"msg":"添加成功！261051"}

