2024-04-28 00:19:43 开始第 5837 次操作

2024-04-28 00:19:43 开始操作号码 【1585750】
2024-04-28 00:19:50 GSD getOne 第 1 次 等待 3 秒
2024-04-28 00:19:53 查询号码 【1585750】，返回信息 {"status":"ok","msg":"浙江-绍兴","gid":"409203","time_insert":"2021-07-27 03:58"}
2024-04-28 00:19:53 查询号码 【1585750】，GSD为【"浙江-绍兴"】

2024-04-28 00:19:54 开始第 5838 次操作

2024-04-28 00:19:54 开始操作号码 【1585751】
2024-04-28 00:20:00 GSD getOne 第 1 次 等待 3 秒
2024-04-28 00:20:03 查询号码 【1585751】，返回信息 {"status":"ok","msg":"浙江-绍兴","gid":"409197","time_insert":"2021-07-27 03:57"}
2024-04-28 00:20:03 查询号码 【1585751】，GSD为【"浙江-绍兴"】

2024-04-28 00:20:04 开始第 5839 次操作

2024-04-28 00:20:04 开始操作号码 【1585752】
2024-04-28 00:20:11 GSD getOne 第 1 次 等待 3 秒
2024-04-28 00:20:14 查询号码 【1585752】，返回信息 {"status":"ok","msg":"浙江-绍兴","gid":"25073","time_insert":"2016-04-04 18:33","time_update":"2020-09-01 04:10"}
2024-04-28 00:20:14 查询号码 【1585752】，GSD为【"浙江-绍兴"】

2024-04-28 00:20:15 开始第 5840 次操作

2024-04-28 00:20:15 开始操作号码 【1585753】
2024-04-28 00:20:21 GSD getOne 第 1 次 等待 3 秒
2024-04-28 00:20:24 查询号码 【1585753】，返回信息 {"status":"ok","msg":"浙江-绍兴","gid":"409189","time_insert":"2021-07-27 03:57"}
2024-04-28 00:20:24 查询号码 【1585753】，GSD为【"浙江-绍兴"】

2024-04-28 00:37:47 开始第 5841 次操作

2024-04-28 00:37:47 开始操作号码 【1585754】
2024-04-28 00:38:01 GSD getOne 第 1 次 等待 3 秒
2024-04-28 00:38:04 查询号码 【1585754】，返回信息 {"status":"ok","msg":"浙江-绍兴","gid":"409182","time_insert":"2021-07-27 03:56"}
2024-04-28 00:38:04 查询号码 【1585754】，GSD为【"浙江-绍兴"】

2024-04-28 00:38:05 开始第 5842 次操作

2024-04-28 00:38:05 开始操作号码 【1585755】
2024-04-28 00:38:11 GSD getOne 第 1 次 等待 3 秒
2024-04-28 00:38:14 查询号码 【1585755】，返回信息 {"status":"ok","msg":"浙江-绍兴","gid":"409174","time_insert":"2021-07-27 03:56"}
2024-04-28 00:38:14 查询号码 【1585755】，GSD为【"浙江-绍兴"】

2024-04-28 00:38:15 开始第 5843 次操作

2024-04-28 00:38:15 开始操作号码 【1585756】
2024-04-28 00:38:24 GSD getOne 第 1 次 等待 3 秒
2024-04-28 00:38:27 查询号码 【1585756】，返回信息 {"status":"ok","msg":"浙江-绍兴","gid":"25074","time_insert":"2017-06-30 23:28","time_update":"2020-09-01 04:15"}
2024-04-28 00:38:27 查询号码 【1585756】，GSD为【"浙江-绍兴"】

2024-04-28 00:38:28 开始第 5844 次操作

2024-04-28 00:38:28 开始操作号码 【1585757】
2024-04-28 00:38:37 GSD getOne 第 1 次 等待 3 秒
2024-04-28 00:38:40 查询号码 【1585757】，返回信息 {"status":"ok","msg":"浙江-绍兴","gid":"409162","time_insert":"2021-07-27 03:55"}
2024-04-28 00:38:40 查询号码 【1585757】，GSD为【"浙江-绍兴"】

2024-04-28 01:14:59 开始第 5845 次操作

2024-04-28 01:14:59 开始操作号码 【1585758】
2024-04-28 01:15:06 GSD getOne 第 1 次 等待 3 秒
2024-04-28 01:15:09 查询号码 【1585758】，返回信息 {"status":"ok","msg":"浙江-绍兴","gid":"409153","time_insert":"2021-07-27 03:54"}
2024-04-28 01:15:09 查询号码 【1585758】，GSD为【"浙江-绍兴"】

2024-04-28 01:15:10 开始第 5846 次操作

2024-04-28 01:15:10 开始操作号码 【1585759】
2024-04-28 01:15:18 GSD getOne 第 1 次 等待 3 秒
2024-04-28 01:15:21 查询号码 【1585759】，返回信息 {"status":"ok","msg":"浙江-绍兴","gid":"409143","time_insert":"2021-07-27 03:54"}
2024-04-28 01:15:21 查询号码 【1585759】，GSD为【"浙江-绍兴"】

2024-04-28 01:15:22 开始第 5847 次操作

2024-04-28 01:15:22 开始操作号码 【1585760】
2024-04-28 01:15:32 GSD getOne 第 1 次 等待 3 秒
2024-04-28 01:15:35 查询号码 【1585760】，返回信息 {"status":"ok","msg":"浙江-台州","gid":"409132","time_insert":"2021-07-27 03:53"}
2024-04-28 01:15:35 查询号码 【1585760】，GSD为【"浙江-台州"】

2024-04-28 01:15:36 开始第 5848 次操作

2024-04-28 01:15:36 开始操作号码 【1585761】
2024-04-28 01:15:56 GSD getOne 第 1 次 等待 3 秒
2024-04-28 01:15:59 查询号码 【1585761】，返回信息 {"status":"ok","msg":"浙江-台州","gid":"25075","time_insert":"2016-04-08 21:43","time_update":"2021-01-13 02:44"}
2024-04-28 01:15:59 查询号码 【1585761】，GSD为【"浙江-台州"】

2024-04-28 01:37:51 开始第 5849 次操作

2024-04-28 01:37:51 开始操作号码 【1585762】
2024-04-28 01:37:58 GSD getOne 第 1 次 等待 3 秒
2024-04-28 01:38:01 查询号码 【1585762】，返回信息 {"status":"ok","msg":"浙江-台州","gid":"409120","time_insert":"2021-07-27 03:53"}
2024-04-28 01:38:01 查询号码 【1585762】，GSD为【"浙江-台州"】

2024-04-28 01:38:02 开始第 5850 次操作

2024-04-28 01:38:02 开始操作号码 【1585763】
2024-04-28 01:38:08 GSD getOne 第 1 次 等待 3 秒
2024-04-28 01:38:11 查询号码 【1585763】，返回信息 {"status":"ok","msg":"浙江-台州","gid":"409113","time_insert":"2021-07-27 03:52"}
2024-04-28 01:38:11 查询号码 【1585763】，GSD为【"浙江-台州"】

2024-04-28 01:38:12 开始第 5851 次操作

2024-04-28 01:38:12 开始操作号码 【1585764】
2024-04-28 01:38:17 GSD getOne 第 1 次 等待 3 秒
2024-04-28 01:38:20 查询号码 【1585764】，返回信息 {"status":"ok","msg":"浙江-台州","gid":"25076","time_insert":"2017-04-08 09:25","time_update":"2020-09-01 04:19"}
2024-04-28 01:38:21 查询号码 【1585764】，GSD为【"浙江-台州"】

2024-04-28 01:38:22 开始第 5852 次操作

2024-04-28 01:38:22 开始操作号码 【1585765】
2024-04-28 01:38:31 GSD getOne 第 1 次 等待 3 秒
2024-04-28 01:38:34 查询号码 【1585765】，返回信息 {"status":"ok","msg":"浙江-台州","gid":"409100","time_insert":"2021-07-27 03:52"}
2024-04-28 01:38:34 查询号码 【1585765】，GSD为【"浙江-台州"】

2024-04-28 02:20:30 开始第 5853 次操作

2024-04-28 02:20:30 开始操作号码 【1585766】
2024-04-28 02:20:36 GSD getOne 第 1 次 等待 3 秒
2024-04-28 02:20:39 查询号码 【1585766】，返回信息 {"status":"ok","msg":"浙江-台州","gid":"409091","time_insert":"2021-07-27 03:51"}
2024-04-28 02:20:39 查询号码 【1585766】，GSD为【"浙江-台州"】

2024-04-28 02:20:40 开始第 5854 次操作

2024-04-28 02:20:40 开始操作号码 【1585767】
2024-04-28 02:20:46 GSD getOne 第 1 次 等待 3 秒
2024-04-28 02:20:49 查询号码 【1585767】，返回信息 {"status":"ok","msg":"浙江-台州","gid":"409083","time_insert":"2021-07-27 03:50"}
2024-04-28 02:20:49 查询号码 【1585767】，GSD为【"浙江-台州"】

2024-04-28 02:20:50 开始第 5855 次操作

2024-04-28 02:20:50 开始操作号码 【1585768】
2024-04-28 02:20:56 GSD getOne 第 1 次 等待 3 秒
2024-04-28 02:20:59 查询号码 【1585768】，返回信息 {"status":"ok","msg":"浙江-台州","gid":"409075","time_insert":"2021-07-27 03:50"}
2024-04-28 02:20:59 查询号码 【1585768】，GSD为【"浙江-台州"】

2024-04-28 02:21:00 开始第 5856 次操作

2024-04-28 02:21:00 开始操作号码 【1585769】
2024-04-28 02:21:05 GSD getOne 第 1 次 等待 3 秒
2024-04-28 02:21:08 查询号码 【1585769】，返回信息 {"status":"ok","msg":"浙江-台州","gid":"409065","time_insert":"2021-07-27 03:49"}
2024-04-28 02:21:08 查询号码 【1585769】，GSD为【"浙江-台州"】

2024-04-28 02:38:38 开始第 5857 次操作

2024-04-28 02:38:38 开始操作号码 【1585770】
2024-04-28 02:38:44 GSD getOne 第 1 次 等待 3 秒
2024-04-28 02:38:47 查询号码 【1585770】，返回信息 {"status":"ok","msg":"浙江-温州","gid":"409055","time_insert":"2021-07-27 03:49"}
2024-04-28 02:38:47 查询号码 【1585770】，GSD为【"浙江-温州"】

2024-04-28 02:38:48 开始第 5858 次操作

2024-04-28 02:38:48 开始操作号码 【1585771】
2024-04-28 02:39:05 GSD getOne 第 1 次 等待 3 秒
2024-04-28 02:39:08 查询号码 【1585771】，返回信息 {"status":"ok","msg":"浙江-温州","gid":"409047","time_insert":"2021-07-27 03:48"}
2024-04-28 02:39:08 查询号码 【1585771】，GSD为【"浙江-温州"】

2024-04-28 02:39:09 开始第 5859 次操作

2024-04-28 02:39:09 开始操作号码 【1585772】
2024-04-28 02:39:15 GSD getOne 第 1 次 等待 3 秒
2024-04-28 02:39:18 查询号码 【1585772】，返回信息 {"status":"ok","msg":"浙江-温州","gid":"193948","time_insert":"2021-07-04 23:58","time_update":"2021-07-05 02:02"}
2024-04-28 02:39:18 查询号码 【1585772】，GSD为【"浙江-温州"】

2024-04-28 02:39:19 开始第 5860 次操作

2024-04-28 02:39:19 开始操作号码 【1585773】
2024-04-28 02:39:27 GSD getOne 第 1 次 等待 3 秒
2024-04-28 02:39:30 查询号码 【1585773】，返回信息 {"status":"ok","msg":"浙江-温州","gid":"409037","time_insert":"2021-07-27 03:47"}
2024-04-28 02:39:30 查询号码 【1585773】，GSD为【"浙江-温州"】

