2023-11-21 00:23:17 开始第 9577 次操作

2023-11-21 00:23:17 开始操作号码 【1909491】
2023-11-21 00:23:21 GSD getOne 第 1 次 等待 3 秒
2023-11-21 00:23:24 查询号码 【1909491】，返回信息 {"status":"ok","msg":"-","gid":"670206","time_insert":"2023-04-22 05:45"}
2023-11-21 00:23:25 查询号码 【1909491】，GSD为【"-"】
2023-11-21 00:23:25 ok && -
2023-11-21 00:23:27 CHB 1909491?1700497405 第 1 次 等待 3 秒
2023-11-21 00:23:30 CHB 1909491?1700497405 第 1 次 获取到号码【1909491】GSD
2023-11-21 00:23:30 未获取到号码【1909491】GSD，可能号码格式错误
2023-11-21 00:23:30 获取到号码【1909491】的GSD为【-】
2023-11-21 00:23:34 GSD insert 第 1 次 等待 3 秒
2023-11-21 00:23:37 {"status":"bad","gid":"670206","msg":"添加失败！号码【1909491(-|-)】已存在！"}
2023-11-21 00:23:37 随机等待 183 秒，约 3 分钟
2023-11-21 00:23:37 下次操作: 2023-11-21 00:26:40

2023-11-21 00:26:40 开始第 9578 次操作

2023-11-21 00:26:40 开始操作号码 【1909492】
2023-11-21 00:26:45 GSD getOne 第 1 次 等待 3 秒
2023-11-21 00:26:48 查询号码 【1909492】，返回信息 {"status":"ok","msg":"-","gid":"670234","time_insert":"2023-04-22 06:02"}
2023-11-21 00:26:48 查询号码 【1909492】，GSD为【"-"】
2023-11-21 00:26:48 ok && -
2023-11-21 00:26:49 CHB 1909492?1700497608 第 1 次 等待 3 秒
2023-11-21 00:26:52 CHB 1909492?1700497608 第 1 次 获取到号码【1909492】GSD
2023-11-21 00:26:52 未获取到号码【1909492】GSD，可能号码格式错误
2023-11-21 00:26:52 获取到号码【1909492】的GSD为【-】
2023-11-21 00:26:56 GSD insert 第 1 次 等待 3 秒
2023-11-21 00:26:59 {"status":"bad","gid":"670234","msg":"添加失败！号码【1909492(-|-)】已存在！"}
2023-11-21 00:26:59 随机等待 203 秒，约 3 分钟
2023-11-21 00:26:59 下次操作: 2023-11-21 00:30:22

2023-11-21 00:30:22 开始第 9579 次操作

2023-11-21 00:30:22 开始操作号码 【1909493】
2023-11-21 00:30:26 GSD getOne 第 1 次 等待 3 秒
2023-11-21 00:30:29 查询号码 【1909493】，返回信息 {"status":"ok","msg":"-","gid":"670258","time_insert":"2023-04-22 06:18"}
2023-11-21 00:30:29 查询号码 【1909493】，GSD为【"-"】
2023-11-21 00:30:29 ok && -
2023-11-21 00:30:31 CHB 1909493?1700497829 第 1 次 等待 3 秒
2023-11-21 00:30:34 CHB 1909493?1700497829 第 1 次 获取到号码【1909493】GSD
2023-11-21 00:30:34 未获取到号码【1909493】GSD，可能号码格式错误
2023-11-21 00:30:34 获取到号码【1909493】的GSD为【-】
2023-11-21 00:30:37 GSD insert 第 1 次 等待 3 秒
2023-11-21 00:30:40 {"status":"bad","gid":"670258","msg":"添加失败！号码【1909493(-|-)】已存在！"}
2023-11-21 00:30:40 随机等待 184 秒，约 3 分钟
2023-11-21 00:30:40 下次操作: 2023-11-21 00:33:44

2023-11-21 00:33:44 开始第 9580 次操作

2023-11-21 00:33:44 开始操作号码 【1909494】
2023-11-21 00:33:49 GSD getOne 第 1 次 等待 3 秒
2023-11-21 00:33:52 查询号码 【1909494】，返回信息 {"status":"ok","msg":"-","gid":"670281","time_insert":"2023-04-22 06:35"}
2023-11-21 00:33:52 查询号码 【1909494】，GSD为【"-"】
2023-11-21 00:33:52 ok && -
2023-11-21 00:33:54 CHB 1909494?1700498032 第 1 次 等待 3 秒
2023-11-21 00:33:57 CHB 1909494?1700498032 第 1 次 获取到号码【1909494】GSD
2023-11-21 00:33:57 未获取到号码【1909494】GSD，可能号码格式错误
2023-11-21 00:33:57 获取到号码【1909494】的GSD为【-】
2023-11-21 00:33:58 GSD insert 第 1 次 等待 3 秒
2023-11-21 00:34:04 GSD insert 第 2 次 等待 3 秒
2023-11-21 00:34:07 {"status":"bad","gid":"670281","msg":"添加失败！号码【1909494(-|-)】已存在！"}

2023-11-21 00:39:40 开始第 9581 次操作

2023-11-21 00:39:40 开始操作号码 【1909495】
2023-11-21 00:39:43 GSD getOne 第 1 次 等待 3 秒
2023-11-21 00:39:46 查询号码 【1909495】，返回信息 {"status":"ok","msg":"-","gid":"670309","time_insert":"2023-04-22 06:50"}
2023-11-21 00:39:46 查询号码 【1909495】，GSD为【"-"】
2023-11-21 00:39:46 ok && -
2023-11-21 00:40:04 CHB 1909495?1700498386 第 1 次 等待 3 秒
2023-11-21 00:40:07 CHB 1909495?1700498386 第 1 次 获取到号码【1909495】GSD
2023-11-21 00:40:07 未获取到号码【1909495】GSD，可能号码格式错误
2023-11-21 00:40:07 获取到号码【1909495】的GSD为【-】
2023-11-21 00:40:10 GSD insert 第 1 次 等待 3 秒
2023-11-21 00:40:13 {"status":"bad","gid":"670309","msg":"添加失败！号码【1909495(-|-)】已存在！"}
2023-11-21 00:40:13 随机等待 171 秒，约 2 分钟
2023-11-21 00:40:13 下次操作: 2023-11-21 00:43:04

2023-11-21 00:43:04 开始第 9582 次操作

2023-11-21 00:43:04 开始操作号码 【1909496】
2023-11-21 00:43:07 GSD getOne 第 1 次 等待 3 秒
2023-11-21 00:43:10 查询号码 【1909496】，返回信息 {"status":"ok","msg":"-","gid":"670337","time_insert":"2023-04-22 07:10"}
2023-11-21 00:43:10 查询号码 【1909496】，GSD为【"-"】
2023-11-21 00:43:10 ok && -
2023-11-21 00:43:13 CHB 1909496?1700498590 第 1 次 等待 3 秒
2023-11-21 00:43:16 CHB 1909496?1700498590 第 1 次 获取到号码【1909496】GSD
2023-11-21 00:43:16 未获取到号码【1909496】GSD，可能号码格式错误
2023-11-21 00:43:16 获取到号码【1909496】的GSD为【-】
2023-11-21 00:43:20 GSD insert 第 1 次 等待 3 秒
2023-11-21 00:43:23 {"status":"bad","gid":"670337","msg":"添加失败！号码【1909496(-|-)】已存在！"}
2023-11-21 00:43:23 随机等待 91 秒，约 1 分钟
2023-11-21 00:43:23 下次操作: 2023-11-21 00:44:54

2023-11-21 00:44:54 开始第 9583 次操作

2023-11-21 00:44:54 开始操作号码 【1909497】
2023-11-21 00:44:58 GSD getOne 第 1 次 等待 3 秒
2023-11-21 00:45:01 查询号码 【1909497】，返回信息 {"status":"ok","msg":"-","gid":"670365","time_insert":"2023-04-22 07:28"}
2023-11-21 00:45:01 查询号码 【1909497】，GSD为【"-"】
2023-11-21 00:45:01 ok && -
2023-11-21 00:45:03 CHB 1909497?1700498701 第 1 次 等待 3 秒
2023-11-21 00:45:06 CHB 1909497?1700498701 第 1 次 获取到号码【1909497】GSD
2023-11-21 00:45:06 未获取到号码【1909497】GSD，可能号码格式错误
2023-11-21 00:45:06 获取到号码【1909497】的GSD为【-】
2023-11-21 00:45:10 GSD insert 第 1 次 等待 3 秒
2023-11-21 00:45:13 {"status":"bad","gid":"670365","msg":"添加失败！号码【1909497(-|-)】已存在！"}
2023-11-21 00:45:13 随机等待 82 秒，约 1 分钟
2023-11-21 00:45:13 下次操作: 2023-11-21 00:46:35

2023-11-21 00:46:35 开始第 9584 次操作

2023-11-21 00:46:35 开始操作号码 【1909498】
2023-11-21 00:46:40 GSD getOne 第 1 次 等待 3 秒
2023-11-21 00:46:43 查询号码 【1909498】，返回信息 {"status":"ok","msg":"-","gid":"670397","time_insert":"2023-04-22 07:46"}
2023-11-21 00:46:43 查询号码 【1909498】，GSD为【"-"】
2023-11-21 00:46:43 ok && -
2023-11-21 00:46:45 CHB 1909498?1700498803 第 1 次 等待 3 秒
2023-11-21 00:46:48 CHB 1909498?1700498803 第 1 次 获取到号码【1909498】GSD
2023-11-21 00:46:48 未获取到号码【1909498】GSD，可能号码格式错误
2023-11-21 00:46:48 获取到号码【1909498】的GSD为【-】
2023-11-21 00:46:52 GSD insert 第 1 次 等待 3 秒
2023-11-21 00:46:55 {"status":"bad","gid":"670397","msg":"添加失败！号码【1909498(-|-)】已存在！"}

