2024-05-13 00:21:13 开始第 8481 次操作

2024-05-13 00:21:13 开始操作号码 【1588394】
2024-05-13 00:21:19 GSD getOne 第 1 次 等待 3 秒
2024-05-13 00:21:22 查询号码 【1588394】，返回信息 {"status":"ok","msg":"四川-广元","gid":"25749","time_insert":"2018-06-28 23:14","time_update":"2020-10-25 19:34"}
2024-05-13 00:21:22 查询号码 【1588394】，GSD为【"四川-广元"】

2024-05-13 00:21:23 开始第 8482 次操作

2024-05-13 00:21:23 开始操作号码 【1588395】
2024-05-13 00:21:28 GSD getOne 第 1 次 等待 3 秒
2024-05-13 00:21:31 查询号码 【1588395】，返回信息 {"status":"ok","msg":"四川-广元","gid":"25750","time_insert":"2017-07-21 14:38","time_update":"2020-10-25 19:37"}
2024-05-13 00:21:31 查询号码 【1588395】，GSD为【"四川-广元"】

2024-05-13 00:21:32 开始第 8483 次操作

2024-05-13 00:21:32 开始操作号码 【1588396】
2024-05-13 00:21:37 GSD getOne 第 1 次 等待 3 秒
2024-05-13 00:21:40 查询号码 【1588396】，返回信息 {"status":"ok","msg":"四川-广元","gid":"25751","time_insert":"2019-10-31 21:31","time_update":"2020-10-25 19:41"}
2024-05-13 00:21:40 查询号码 【1588396】，GSD为【"四川-广元"】

2024-05-13 00:21:41 开始第 8484 次操作

2024-05-13 00:21:41 开始操作号码 【1588397】
2024-05-13 00:21:45 GSD getOne 第 1 次 等待 3 秒
2024-05-13 00:21:48 查询号码 【1588397】，返回信息 {"status":"ok","msg":"四川-广元","gid":"25752","time_insert":"2015-11-29 21:19","time_update":"2020-10-25 19:45"}
2024-05-13 00:21:48 查询号码 【1588397】，GSD为【"四川-广元"】

2024-05-13 00:38:36 开始第 8485 次操作

2024-05-13 00:38:36 开始操作号码 【1588398】
2024-05-13 00:38:45 GSD getOne 第 1 次 等待 3 秒
2024-05-13 00:38:48 查询号码 【1588398】，返回信息 {"status":"ok","msg":"四川-广元","gid":"25753","time_insert":"2015-06-30 19:57","time_update":"2020-10-25 19:50"}
2024-05-13 00:38:48 查询号码 【1588398】，GSD为【"四川-广元"】

2024-05-13 00:38:49 开始第 8486 次操作

2024-05-13 00:38:49 开始操作号码 【1588399】
2024-05-13 00:38:57 GSD getOne 第 1 次 等待 3 秒
2024-05-13 00:39:00 查询号码 【1588399】，返回信息 {"status":"ok","msg":"四川-广元","gid":"25754","time_insert":"2015-05-23 06:55","time_update":"2020-10-25 19:55"}
2024-05-13 00:39:00 查询号码 【1588399】，GSD为【"四川-广元"】

2024-05-13 00:39:01 开始第 8487 次操作

2024-05-13 00:39:01 开始操作号码 【1588400】
2024-05-13 00:39:06 GSD getOne 第 1 次 等待 3 秒
2024-05-13 00:39:09 查询号码 【1588400】，返回信息 {"status":"ok","msg":"四川-凉山","gid":"25755","time_insert":"2016-12-24 14:33","time_update":"2020-10-25 19:59"}
2024-05-13 00:39:10 查询号码 【1588400】，GSD为【"四川-凉山"】

2024-05-13 00:39:11 开始第 8488 次操作

2024-05-13 00:39:11 开始操作号码 【1588401】
2024-05-13 00:39:16 GSD getOne 第 1 次 等待 3 秒
2024-05-13 00:39:19 查询号码 【1588401】，返回信息 {"status":"ok","msg":"四川-凉山","gid":"25756","time_insert":"2019-09-28 11:30","time_update":"2020-10-25 20:02"}
2024-05-13 00:39:19 查询号码 【1588401】，GSD为【"四川-凉山"】

2024-05-13 01:14:29 开始第 8489 次操作

2024-05-13 01:14:29 开始操作号码 【1588402】
2024-05-13 01:14:34 GSD getOne 第 1 次 等待 3 秒
2024-05-13 01:14:37 查询号码 【1588402】，返回信息 {"status":"ok","msg":"四川-凉山","gid":"25757","time_insert":"2015-08-08 19:55","time_update":"2020-10-25 20:06"}
2024-05-13 01:14:37 查询号码 【1588402】，GSD为【"四川-凉山"】

2024-05-13 01:14:38 开始第 8490 次操作

2024-05-13 01:14:38 开始操作号码 【1588403】
2024-05-13 01:14:44 GSD getOne 第 1 次 等待 3 秒
2024-05-13 01:14:47 查询号码 【1588403】，返回信息 {"status":"ok","msg":"四川-凉山","gid":"25758","time_insert":"2016-04-25 08:19","time_update":"2020-10-25 20:11"}
2024-05-13 01:14:47 查询号码 【1588403】，GSD为【"四川-凉山"】

2024-05-13 01:14:48 开始第 8491 次操作

2024-05-13 01:14:48 开始操作号码 【1588404】
2024-05-13 01:14:53 GSD getOne 第 1 次 等待 3 秒
2024-05-13 01:14:56 查询号码 【1588404】，返回信息 {"status":"ok","msg":"四川-甘孜","gid":"25759","time_insert":"2018-02-10 10:20","time_update":"2020-10-25 20:15"}
2024-05-13 01:14:57 查询号码 【1588404】，GSD为【"四川-甘孜"】

2024-05-13 01:14:58 开始第 8492 次操作

2024-05-13 01:14:58 开始操作号码 【1588405】
2024-05-13 01:15:03 GSD getOne 第 1 次 等待 3 秒
2024-05-13 01:15:06 查询号码 【1588405】，返回信息 {"status":"ok","msg":"四川-甘孜","gid":"25760","time_insert":"2016-10-06 13:04","time_update":"2020-10-25 20:19"}
2024-05-13 01:15:06 查询号码 【1588405】，GSD为【"四川-甘孜"】

2024-05-13 01:37:55 开始第 8493 次操作

2024-05-13 01:37:55 开始操作号码 【1588406】
2024-05-13 01:38:04 GSD getOne 第 1 次 等待 3 秒
2024-05-13 01:38:07 查询号码 【1588406】，返回信息 {"status":"ok","msg":"四川-甘孜","gid":"25761","time_insert":"2018-04-26 08:37","time_update":"2020-10-25 20:24"}
2024-05-13 01:38:07 查询号码 【1588406】，GSD为【"四川-甘孜"】

2024-05-13 01:38:08 开始第 8494 次操作

2024-05-13 01:38:08 开始操作号码 【1588407】
2024-05-13 01:38:20 GSD getOne 第 1 次 等待 3 秒
2024-05-13 01:38:23 查询号码 【1588407】，返回信息 {"status":"ok","msg":"四川-阿坝","gid":"25762","time_insert":"2017-05-30 14:16","time_update":"2020-10-25 20:27"}
2024-05-13 01:38:23 查询号码 【1588407】，GSD为【"四川-阿坝"】

2024-05-13 01:38:24 开始第 8495 次操作

2024-05-13 01:38:24 开始操作号码 【1588408】
2024-05-13 01:38:33 GSD getOne 第 1 次 等待 3 秒
2024-05-13 01:38:36 查询号码 【1588408】，返回信息 {"status":"ok","msg":"四川-阿坝","gid":"25763","time_insert":"2016-07-28 15:33","time_update":"2020-10-25 20:31"}
2024-05-13 01:38:36 查询号码 【1588408】，GSD为【"四川-阿坝"】

2024-05-13 01:38:37 开始第 8496 次操作

2024-05-13 01:38:37 开始操作号码 【1588409】
2024-05-13 01:38:43 GSD getOne 第 1 次 等待 3 秒
2024-05-13 01:38:46 查询号码 【1588409】，返回信息 {"status":"ok","msg":"四川-阿坝","gid":"25764","time_insert":"2014-02-10 15:32","time_update":"2020-10-25 20:31"}
2024-05-13 01:38:46 查询号码 【1588409】，GSD为【"四川-阿坝"】

