2024-07-13 00:24:24 开始第 5637 次操作

2024-07-13 00:24:24 开始操作号码 【1475547】
2024-07-13 00:24:33 GSD getOne 第 1 次 等待 3 秒
2024-07-13 00:24:36 查询号码 【1475547】，返回信息 {"status":"ok","msg":"安徽-六安","gid":"406667","time_insert":"2021-07-26 23:13"}
2024-07-13 00:24:36 查询号码 【1475547】，GSD为【"安徽-六安"】

2024-07-13 00:24:37 开始第 5638 次操作

2024-07-13 00:24:37 开始操作号码 【1475548】
2024-07-13 00:24:46 GSD getOne 第 1 次 等待 3 秒
2024-07-13 00:24:49 查询号码 【1475548】，返回信息 {"status":"ok","msg":"安徽-六安","gid":"14733","time_insert":"2017-07-01 00:00","time_update":"2020-08-15 09:24"}
2024-07-13 00:24:49 查询号码 【1475548】，GSD为【"安徽-六安"】

2024-07-13 00:24:50 开始第 5639 次操作

2024-07-13 00:24:50 开始操作号码 【1475549】
2024-07-13 00:24:58 GSD getOne 第 1 次 等待 3 秒
2024-07-13 00:25:01 查询号码 【1475549】，返回信息 {"status":"ok","msg":"安徽-六安","gid":"14734","time_insert":"2019-01-06 16:21","time_update":"2020-08-07 17:36"}
2024-07-13 00:25:01 查询号码 【1475549】，GSD为【"安徽-六安"】

2024-07-13 00:25:02 开始第 5640 次操作

2024-07-13 00:25:02 开始操作号码 【1475550】
2024-07-13 00:25:10 GSD getOne 第 1 次 等待 3 秒
2024-07-13 00:25:13 查询号码 【1475550】，返回信息 {"status":"ok","msg":"安徽-马鞍山","gid":"406651","time_insert":"2021-07-26 23:12"}
2024-07-13 00:25:13 查询号码 【1475550】，GSD为【"安徽-马鞍山"】

