2024-02-26 00:20:51 开始第 5657 次操作

2024-02-26 00:20:51 开始操作号码 【1695570】
2024-02-26 00:20:56 GSD getOne 第 1 次 等待 3 秒
2024-02-26 00:20:59 查询号码 【1695570】，返回信息 {"status":"ok","msg":"-","gid":"648652","time_insert":"2023-04-12 04:33"}
2024-02-26 00:20:59 查询号码 【1695570】，GSD为【"-"】
2024-02-26 00:20:59 ok && -
2024-02-26 00:21:02 CHB 1695570?1708878059 第 1 次 等待 3 秒
2024-02-26 00:21:05 CHB 1695570?1708878059 第 1 次 获取到号码【1695570】GSD
2024-02-26 00:21:05 未获取到号码【1695570】GSD，可能号码格式错误
2024-02-26 00:21:05 获取到号码【1695570】的GSD为【-】
2024-02-26 00:21:09 GSD insert 第 1 次 等待 3 秒
2024-02-26 00:21:12 {"status":"bad","gid":"648652","msg":"添加失败！号码【1695570(-|-)】已存在！"}
2024-02-26 00:21:12 随机等待 69 秒，约 1 分钟
2024-02-26 00:21:12 下次操作: 2024-02-26 00:22:21

2024-02-26 00:22:21 开始第 5658 次操作

2024-02-26 00:22:21 开始操作号码 【1695571】
2024-02-26 00:22:25 GSD getOne 第 1 次 等待 3 秒
2024-02-26 00:22:28 查询号码 【1695571】，返回信息 {"status":"ok","msg":"-","gid":"648653","time_insert":"2023-04-12 04:35"}
2024-02-26 00:22:28 查询号码 【1695571】，GSD为【"-"】
2024-02-26 00:22:28 ok && -
2024-02-26 00:22:30 CHB 1695571?1708878148 第 1 次 等待 3 秒
2024-02-26 00:22:33 CHB 1695571?1708878148 第 1 次 获取到号码【1695571】GSD
2024-02-26 00:22:33 未获取到号码【1695571】GSD，可能号码格式错误
2024-02-26 00:22:33 获取到号码【1695571】的GSD为【-】
2024-02-26 00:22:38 GSD insert 第 1 次 等待 3 秒
2024-02-26 00:22:41 {"status":"bad","gid":"648653","msg":"添加失败！号码【1695571(-|-)】已存在！"}
2024-02-26 00:22:41 随机等待 72 秒，约 1 分钟
2024-02-26 00:22:41 下次操作: 2024-02-26 00:23:53

2024-02-26 00:23:53 开始第 5659 次操作

2024-02-26 00:23:53 开始操作号码 【1695572】
2024-02-26 00:23:59 GSD getOne 第 1 次 等待 3 秒
2024-02-26 00:24:02 查询号码 【1695572】，返回信息 {"status":"ok","msg":"-","gid":"648663","time_insert":"2023-04-12 04:43"}
2024-02-26 00:24:02 查询号码 【1695572】，GSD为【"-"】
2024-02-26 00:24:02 ok && -
2024-02-26 00:24:04 CHB 1695572?1708878242 第 1 次 等待 3 秒
2024-02-26 00:24:07 CHB 1695572?1708878242 第 1 次 获取到号码【1695572】GSD
2024-02-26 00:24:07 未获取到号码【1695572】GSD，可能号码格式错误
2024-02-26 00:24:07 获取到号码【1695572】的GSD为【-】
2024-02-26 00:24:11 GSD insert 第 1 次 等待 3 秒
2024-02-26 00:24:14 {"status":"bad","gid":"648663","msg":"添加失败！号码【1695572(-|-)】已存在！"}
2024-02-26 00:24:14 随机等待 155 秒，约 2 分钟
2024-02-26 00:24:14 下次操作: 2024-02-26 00:26:49

2024-02-26 00:26:49 开始第 5660 次操作

2024-02-26 00:26:49 开始操作号码 【1695573】
2024-02-26 00:26:53 GSD getOne 第 1 次 等待 3 秒
2024-02-26 00:26:56 查询号码 【1695573】，返回信息 {"status":"ok","msg":"-","gid":"648669","time_insert":"2023-04-12 04:45"}
2024-02-26 00:26:56 查询号码 【1695573】，GSD为【"-"】
2024-02-26 00:26:56 ok && -
2024-02-26 00:26:58 CHB 1695573?1708878416 第 1 次 等待 3 秒
2024-02-26 00:27:01 CHB 1695573?1708878416 第 1 次 获取到号码【1695573】GSD
2024-02-26 00:27:01 未获取到号码【1695573】GSD，可能号码格式错误
2024-02-26 00:27:01 获取到号码【1695573】的GSD为【-】
2024-02-26 00:27:05 GSD insert 第 1 次 等待 3 秒
2024-02-26 00:27:08 {"status":"bad","gid":"648669","msg":"添加失败！号码【1695573(-|-)】已存在！"}

2024-02-26 00:39:21 开始第 5661 次操作

2024-02-26 00:39:21 开始操作号码 【1695574】
2024-02-26 00:39:27 GSD getOne 第 1 次 等待 3 秒
2024-02-26 00:39:30 查询号码 【1695574】，返回信息 {"status":"ok","msg":"-","gid":"648670","time_insert":"2023-04-12 04:47"}
2024-02-26 00:39:30 查询号码 【1695574】，GSD为【"-"】
2024-02-26 00:39:30 ok && -
2024-02-26 00:39:32 CHB 1695574?1708879170 第 1 次 等待 3 秒
2024-02-26 00:39:35 CHB 1695574?1708879170 第 1 次 获取到号码【1695574】GSD
2024-02-26 00:39:35 未获取到号码【1695574】GSD，可能号码格式错误
2024-02-26 00:39:35 获取到号码【1695574】的GSD为【-】
2024-02-26 00:39:41 GSD insert 第 1 次 等待 3 秒
2024-02-26 00:39:44 {"status":"bad","gid":"648670","msg":"添加失败！号码【1695574(-|-)】已存在！"}
2024-02-26 00:39:44 随机等待 187 秒，约 3 分钟
2024-02-26 00:39:44 下次操作: 2024-02-26 00:42:51

2024-02-26 00:42:51 开始第 5662 次操作

2024-02-26 00:42:51 开始操作号码 【1695575】
2024-02-26 00:42:55 GSD getOne 第 1 次 等待 3 秒
2024-02-26 00:42:58 查询号码 【1695575】，返回信息 {"status":"ok","msg":"-","gid":"648673","time_insert":"2023-04-12 04:49"}
2024-02-26 00:42:58 查询号码 【1695575】，GSD为【"-"】
2024-02-26 00:42:58 ok && -
2024-02-26 00:43:00 CHB 1695575?1708879378 第 1 次 等待 3 秒
2024-02-26 00:43:03 CHB 1695575?1708879378 第 1 次 获取到号码【1695575】GSD
2024-02-26 00:43:03 未获取到号码【1695575】GSD，可能号码格式错误
2024-02-26 00:43:03 获取到号码【1695575】的GSD为【-】
2024-02-26 00:43:07 GSD insert 第 1 次 等待 3 秒
2024-02-26 00:43:10 {"status":"bad","gid":"648673","msg":"添加失败！号码【1695575(-|-)】已存在！"}
2024-02-26 00:43:10 随机等待 159 秒，约 2 分钟
2024-02-26 00:43:10 下次操作: 2024-02-26 00:45:49

2024-02-26 00:45:49 开始第 5663 次操作

2024-02-26 00:45:49 开始操作号码 【1695576】
2024-02-26 00:45:53 GSD getOne 第 1 次 等待 3 秒
2024-02-26 00:45:56 查询号码 【1695576】，返回信息 {"status":"ok","msg":"-","gid":"648684","time_insert":"2023-04-12 04:53"}
2024-02-26 00:45:56 查询号码 【1695576】，GSD为【"-"】
2024-02-26 00:45:56 ok && -
2024-02-26 00:45:58 CHB 1695576?1708879556 第 1 次 等待 3 秒
2024-02-26 00:46:01 CHB 1695576?1708879556 第 1 次 获取到号码【1695576】GSD
2024-02-26 00:46:01 未获取到号码【1695576】GSD，可能号码格式错误
2024-02-26 00:46:01 获取到号码【1695576】的GSD为【-】
2024-02-26 00:46:06 GSD insert 第 1 次 等待 3 秒
2024-02-26 00:46:09 {"status":"bad","gid":"648684","msg":"添加失败！号码【1695576(-|-)】已存在！"}
2024-02-26 00:46:09 随机等待 90 秒，约 1 分钟
2024-02-26 00:46:09 下次操作: 2024-02-26 00:47:39

2024-02-26 00:47:39 开始第 5664 次操作

2024-02-26 00:47:39 开始操作号码 【1695577】
2024-02-26 00:47:44 GSD getOne 第 1 次 等待 3 秒
2024-02-26 00:47:47 查询号码 【1695577】，返回信息 {"status":"ok","msg":"-","gid":"648688","time_insert":"2023-04-12 04:55"}
2024-02-26 00:47:47 查询号码 【1695577】，GSD为【"-"】
2024-02-26 00:47:47 ok && -
2024-02-26 00:47:49 CHB 1695577?1708879667 第 1 次 等待 3 秒
2024-02-26 00:47:52 CHB 1695577?1708879667 第 1 次 获取到号码【1695577】GSD
2024-02-26 00:47:52 未获取到号码【1695577】GSD，可能号码格式错误
2024-02-26 00:47:52 获取到号码【1695577】的GSD为【-】
2024-02-26 00:47:57 GSD insert 第 1 次 等待 3 秒
2024-02-26 00:48:00 {"status":"bad","gid":"648688","msg":"添加失败！号码【1695577(-|-)】已存在！"}

2024-02-26 01:14:23 开始第 5665 次操作

2024-02-26 01:14:23 开始操作号码 【1695578】
2024-02-26 01:14:27 GSD getOne 第 1 次 等待 3 秒
2024-02-26 01:14:30 查询号码 【1695578】，返回信息 {"status":"ok","msg":"-","gid":"648690","time_insert":"2023-04-12 04:56"}
2024-02-26 01:14:30 查询号码 【1695578】，GSD为【"-"】
2024-02-26 01:14:30 ok && -
2024-02-26 01:14:33 CHB 1695578?1708881270 第 1 次 等待 3 秒
2024-02-26 01:14:36 CHB 1695578?1708881270 第 1 次 获取到号码【1695578】GSD
2024-02-26 01:14:36 未获取到号码【1695578】GSD，可能号码格式错误
2024-02-26 01:14:36 获取到号码【1695578】的GSD为【-】
2024-02-26 01:14:40 GSD insert 第 1 次 等待 3 秒
2024-02-26 01:14:43 {"status":"bad","gid":"648690","msg":"添加失败！号码【1695578(-|-)】已存在！"}
2024-02-26 01:14:43 随机等待 146 秒，约 2 分钟
2024-02-26 01:14:43 下次操作: 2024-02-26 01:17:09

2024-02-26 01:17:09 开始第 5666 次操作

2024-02-26 01:17:09 开始操作号码 【1695579】
2024-02-26 01:17:13 GSD getOne 第 1 次 等待 3 秒
2024-02-26 01:17:16 查询号码 【1695579】，返回信息 {"status":"ok","msg":"-","gid":"648693","time_insert":"2023-04-12 04:59"}
2024-02-26 01:17:16 查询号码 【1695579】，GSD为【"-"】
2024-02-26 01:17:16 ok && -
2024-02-26 01:17:18 CHB 1695579?1708881436 第 1 次 等待 3 秒
2024-02-26 01:17:21 CHB 1695579?1708881436 第 1 次 获取到号码【1695579】GSD
2024-02-26 01:17:21 未获取到号码【1695579】GSD，可能号码格式错误
2024-02-26 01:17:21 获取到号码【1695579】的GSD为【-】
2024-02-26 01:17:25 GSD insert 第 1 次 等待 3 秒
2024-02-26 01:17:28 {"status":"bad","gid":"648693","msg":"添加失败！号码【1695579(-|-)】已存在！"}
2024-02-26 01:17:28 随机等待 188 秒，约 3 分钟
2024-02-26 01:17:28 下次操作: 2024-02-26 01:20:36

2024-02-26 01:20:36 开始第 5667 次操作

2024-02-26 01:20:36 开始操作号码 【1695580】
2024-02-26 01:20:40 GSD getOne 第 1 次 等待 3 秒
2024-02-26 01:20:43 查询号码 【1695580】，返回信息 {"status":"ok","msg":"-","gid":"648706","time_insert":"2023-04-12 05:07"}
2024-02-26 01:20:43 查询号码 【1695580】，GSD为【"-"】
2024-02-26 01:20:43 ok && -
2024-02-26 01:20:45 CHB 1695580?1708881643 第 1 次 等待 3 秒
2024-02-26 01:20:48 CHB 1695580?1708881643 第 1 次 获取到号码【1695580】GSD
2024-02-26 01:20:48 未获取到号码【1695580】GSD，可能号码格式错误
2024-02-26 01:20:48 获取到号码【1695580】的GSD为【-】
2024-02-26 01:20:52 GSD insert 第 1 次 等待 3 秒
2024-02-26 01:20:55 {"status":"bad","gid":"648706","msg":"添加失败！号码【1695580(-|-)】已存在！"}
2024-02-26 01:20:55 随机等待 154 秒，约 2 分钟
2024-02-26 01:20:55 下次操作: 2024-02-26 01:23:29

2024-02-26 01:23:29 开始第 5668 次操作

2024-02-26 01:23:29 开始操作号码 【1695581】
2024-02-26 01:23:34 GSD getOne 第 1 次 等待 3 秒
2024-02-26 01:23:37 查询号码 【1695581】，返回信息 {"status":"ok","msg":"-","gid":"648710","time_insert":"2023-04-12 05:09"}
2024-02-26 01:23:37 查询号码 【1695581】，GSD为【"-"】
2024-02-26 01:23:37 ok && -
2024-02-26 01:23:39 CHB 1695581?1708881817 第 1 次 等待 3 秒
2024-02-26 01:23:42 CHB 1695581?1708881817 第 1 次 获取到号码【1695581】GSD
2024-02-26 01:23:42 未获取到号码【1695581】GSD，可能号码格式错误
2024-02-26 01:23:42 获取到号码【1695581】的GSD为【-】
2024-02-26 01:23:47 GSD insert 第 1 次 等待 3 秒
2024-02-26 01:23:50 {"status":"bad","gid":"648710","msg":"添加失败！号码【1695581(-|-)】已存在！"}

2024-02-26 01:37:59 开始第 5669 次操作

2024-02-26 01:37:59 开始操作号码 【1695582】
2024-02-26 01:38:04 GSD getOne 第 1 次 等待 3 秒
2024-02-26 01:38:07 查询号码 【1695582】，返回信息 {"status":"ok","msg":"-","gid":"648715","time_insert":"2023-04-12 05:12"}
2024-02-26 01:38:07 查询号码 【1695582】，GSD为【"-"】
2024-02-26 01:38:07 ok && -
2024-02-26 01:38:09 CHB 1695582?1708882687 第 1 次 等待 3 秒
2024-02-26 01:38:12 CHB 1695582?1708882687 第 1 次 获取到号码【1695582】GSD
2024-02-26 01:38:12 未获取到号码【1695582】GSD，可能号码格式错误
2024-02-26 01:38:12 获取到号码【1695582】的GSD为【-】
2024-02-26 01:38:17 GSD insert 第 1 次 等待 3 秒
2024-02-26 01:38:20 {"status":"bad","gid":"648715","msg":"添加失败！号码【1695582(-|-)】已存在！"}
2024-02-26 01:38:20 随机等待 79 秒，约 1 分钟
2024-02-26 01:38:20 下次操作: 2024-02-26 01:39:39

2024-02-26 01:39:39 开始第 5670 次操作

2024-02-26 01:39:39 开始操作号码 【1695583】
2024-02-26 01:39:43 GSD getOne 第 1 次 等待 3 秒
2024-02-26 01:39:46 查询号码 【1695583】，返回信息 {"status":"ok","msg":"-","gid":"648717","time_insert":"2023-04-12 05:14"}
2024-02-26 01:39:46 查询号码 【1695583】，GSD为【"-"】
2024-02-26 01:39:46 ok && -
2024-02-26 01:39:48 CHB 1695583?1708882786 第 1 次 等待 3 秒
2024-02-26 01:39:51 CHB 1695583?1708882786 第 1 次 获取到号码【1695583】GSD
2024-02-26 01:39:52 未获取到号码【1695583】GSD，可能号码格式错误
2024-02-26 01:39:52 获取到号码【1695583】的GSD为【-】
2024-02-26 01:39:56 GSD insert 第 1 次 等待 3 秒
2024-02-26 01:39:59 {"status":"bad","gid":"648717","msg":"添加失败！号码【1695583(-|-)】已存在！"}
2024-02-26 01:39:59 随机等待 102 秒，约 1 分钟
2024-02-26 01:39:59 下次操作: 2024-02-26 01:41:41

2024-02-26 01:41:41 开始第 5671 次操作

2024-02-26 01:41:41 开始操作号码 【1695584】
2024-02-26 01:41:46 GSD getOne 第 1 次 等待 3 秒
2024-02-26 01:41:49 查询号码 【1695584】，返回信息 {"status":"ok","msg":"-","gid":"648724","time_insert":"2023-04-12 05:18"}
2024-02-26 01:41:50 查询号码 【1695584】，GSD为【"-"】
2024-02-26 01:41:50 ok && -
2024-02-26 01:41:51 CHB 1695584?1708882910 第 1 次 等待 3 秒
2024-02-26 01:41:54 CHB 1695584?1708882910 第 1 次 获取到号码【1695584】GSD
2024-02-26 01:41:54 未获取到号码【1695584】GSD，可能号码格式错误
2024-02-26 01:41:54 获取到号码【1695584】的GSD为【-】
2024-02-26 01:42:00 GSD insert 第 1 次 等待 3 秒
2024-02-26 01:42:03 {"status":"bad","gid":"648724","msg":"添加失败！号码【1695584(-|-)】已存在！"}
2024-02-26 01:42:03 随机等待 230 秒，约 3 分钟
2024-02-26 01:42:03 下次操作: 2024-02-26 01:45:53

2024-02-26 01:45:53 开始第 5672 次操作

2024-02-26 01:45:53 开始操作号码 【1695585】
2024-02-26 01:45:57 GSD getOne 第 1 次 等待 3 秒
2024-02-26 01:46:00 查询号码 【1695585】，返回信息 {"status":"ok","msg":"-","gid":"648725","time_insert":"2023-04-12 05:20"}
2024-02-26 01:46:00 查询号码 【1695585】，GSD为【"-"】
2024-02-26 01:46:00 ok && -
2024-02-26 01:46:03 CHB 1695585?1708883160 第 1 次 等待 3 秒
2024-02-26 01:46:06 CHB 1695585?1708883160 第 1 次 获取到号码【1695585】GSD
2024-02-26 01:46:06 未获取到号码【1695585】GSD，可能号码格式错误
2024-02-26 01:46:06 获取到号码【1695585】的GSD为【-】
2024-02-26 01:46:10 GSD insert 第 1 次 等待 3 秒
2024-02-26 01:46:13 {"status":"bad","gid":"648725","msg":"添加失败！号码【1695585(-|-)】已存在！"}

2024-02-26 02:19:49 开始第 5673 次操作

2024-02-26 02:19:49 开始操作号码 【1695586】
2024-02-26 02:19:53 GSD getOne 第 1 次 等待 3 秒
2024-02-26 02:19:56 查询号码 【1695586】，返回信息 {"status":"ok","msg":"-","gid":"648732","time_insert":"2023-04-12 05:22"}
2024-02-26 02:19:56 查询号码 【1695586】，GSD为【"-"】
2024-02-26 02:19:56 ok && -
2024-02-26 02:19:59 CHB 1695586?1708885196 第 1 次 等待 3 秒
2024-02-26 02:20:02 CHB 1695586?1708885196 第 1 次 获取到号码【1695586】GSD
2024-02-26 02:20:02 未获取到号码【1695586】GSD，可能号码格式错误
2024-02-26 02:20:02 获取到号码【1695586】的GSD为【-】
2024-02-26 02:20:07 GSD insert 第 1 次 等待 3 秒
2024-02-26 02:20:10 {"status":"bad","gid":"648732","msg":"添加失败！号码【1695586(-|-)】已存在！"}
2024-02-26 02:20:10 随机等待 81 秒，约 1 分钟
2024-02-26 02:20:10 下次操作: 2024-02-26 02:21:31

2024-02-26 02:21:31 开始第 5674 次操作

2024-02-26 02:21:31 开始操作号码 【1695587】
2024-02-26 02:21:35 GSD getOne 第 1 次 等待 3 秒
2024-02-26 02:21:38 查询号码 【1695587】，返回信息 {"status":"ok","msg":"-","gid":"648736","time_insert":"2023-04-12 05:24"}
2024-02-26 02:21:38 查询号码 【1695587】，GSD为【"-"】
2024-02-26 02:21:38 ok && -
2024-02-26 02:21:41 CHB 1695587?1708885298 第 1 次 等待 3 秒
2024-02-26 02:21:44 CHB 1695587?1708885298 第 1 次 获取到号码【1695587】GSD
2024-02-26 02:21:44 未获取到号码【1695587】GSD，可能号码格式错误
2024-02-26 02:21:44 获取到号码【1695587】的GSD为【-】
2024-02-26 02:21:49 GSD insert 第 1 次 等待 3 秒
2024-02-26 02:21:52 {"status":"bad","gid":"648736","msg":"添加失败！号码【1695587(-|-)】已存在！"}
2024-02-26 02:21:52 随机等待 230 秒，约 3 分钟
2024-02-26 02:21:52 下次操作: 2024-02-26 02:25:42

2024-02-26 02:25:42 开始第 5675 次操作

2024-02-26 02:25:42 开始操作号码 【1695588】
2024-02-26 02:25:46 GSD getOne 第 1 次 等待 3 秒
2024-02-26 02:25:49 查询号码 【1695588】，返回信息 {"status":"ok","msg":"-","gid":"648738","time_insert":"2023-04-12 05:26"}
2024-02-26 02:25:49 查询号码 【1695588】，GSD为【"-"】
2024-02-26 02:25:49 ok && -
2024-02-26 02:25:52 CHB 1695588?1708885549 第 1 次 等待 3 秒
2024-02-26 02:25:55 CHB 1695588?1708885549 第 1 次 获取到号码【1695588】GSD
2024-02-26 02:25:55 未获取到号码【1695588】GSD，可能号码格式错误
2024-02-26 02:25:55 获取到号码【1695588】的GSD为【-】
2024-02-26 02:25:59 GSD insert 第 1 次 等待 3 秒
2024-02-26 02:26:02 {"status":"bad","gid":"648738","msg":"添加失败！号码【1695588(-|-)】已存在！"}
2024-02-26 02:26:02 随机等待 125 秒，约 2 分钟
2024-02-26 02:26:02 下次操作: 2024-02-26 02:28:07

2024-02-26 02:28:07 开始第 5676 次操作

2024-02-26 02:28:07 开始操作号码 【1695589】
2024-02-26 02:28:14 GSD getOne 第 1 次 等待 3 秒
2024-02-26 02:28:17 查询号码 【1695589】，返回信息 {"status":"ok","msg":"-","gid":"648740","time_insert":"2023-04-12 05:28"}
2024-02-26 02:28:17 查询号码 【1695589】，GSD为【"-"】
2024-02-26 02:28:17 ok && -
2024-02-26 02:28:20 CHB 1695589?1708885697 第 1 次 等待 3 秒
2024-02-26 02:28:23 CHB 1695589?1708885697 第 1 次 获取到号码【1695589】GSD
2024-02-26 02:28:23 未获取到号码【1695589】GSD，可能号码格式错误
2024-02-26 02:28:23 获取到号码【1695589】的GSD为【-】
2024-02-26 02:28:27 GSD insert 第 1 次 等待 3 秒
2024-02-26 02:28:30 {"status":"bad","gid":"648740","msg":"添加失败！号码【1695589(-|-)】已存在！"}

2024-02-26 02:37:43 开始第 5677 次操作

2024-02-26 02:37:43 开始操作号码 【1695590】
2024-02-26 02:37:49 GSD getOne 第 1 次 等待 3 秒
2024-02-26 02:37:52 查询号码 【1695590】，返回信息 {"status":"ok","msg":"-","gid":"648745","time_insert":"2023-04-12 05:30"}
2024-02-26 02:37:52 查询号码 【1695590】，GSD为【"-"】
2024-02-26 02:37:52 ok && -
2024-02-26 02:37:54 CHB 1695590?1708886272 第 1 次 等待 3 秒
2024-02-26 02:37:57 CHB 1695590?1708886272 第 1 次 获取到号码【1695590】GSD
2024-02-26 02:37:57 未获取到号码【1695590】GSD，可能号码格式错误
2024-02-26 02:37:57 获取到号码【1695590】的GSD为【-】
2024-02-26 02:38:02 GSD insert 第 1 次 等待 3 秒
2024-02-26 02:38:05 {"status":"bad","gid":"648745","msg":"添加失败！号码【1695590(-|-)】已存在！"}
2024-02-26 02:38:05 随机等待 135 秒，约 2 分钟
2024-02-26 02:38:05 下次操作: 2024-02-26 02:40:20

2024-02-26 02:40:20 开始第 5678 次操作

2024-02-26 02:40:20 开始操作号码 【1695591】
2024-02-26 02:40:25 GSD getOne 第 1 次 等待 3 秒
2024-02-26 02:40:28 查询号码 【1695591】，返回信息 {"status":"ok","msg":"-","gid":"648750","time_insert":"2023-04-12 05:32"}
2024-02-26 02:40:28 查询号码 【1695591】，GSD为【"-"】
2024-02-26 02:40:28 ok && -
2024-02-26 02:40:31 CHB 1695591?1708886428 第 1 次 等待 3 秒
2024-02-26 02:40:34 CHB 1695591?1708886428 第 1 次 获取到号码【1695591】GSD
2024-02-26 02:40:34 未获取到号码【1695591】GSD，可能号码格式错误
2024-02-26 02:40:34 获取到号码【1695591】的GSD为【-】
2024-02-26 02:40:40 GSD insert 第 1 次 等待 3 秒
2024-02-26 02:40:43 {"status":"bad","gid":"648750","msg":"添加失败！号码【1695591(-|-)】已存在！"}
2024-02-26 02:40:43 随机等待 130 秒，约 2 分钟
2024-02-26 02:40:43 下次操作: 2024-02-26 02:42:53

2024-02-26 02:42:53 开始第 5679 次操作

2024-02-26 02:42:53 开始操作号码 【1695592】
2024-02-26 02:42:57 GSD getOne 第 1 次 等待 3 秒
2024-02-26 02:43:00 查询号码 【1695592】，返回信息 {"status":"ok","msg":"-","gid":"648751","time_insert":"2023-04-12 05:34"}
2024-02-26 02:43:00 查询号码 【1695592】，GSD为【"-"】
2024-02-26 02:43:00 ok && -
2024-02-26 02:43:03 CHB 1695592?1708886580 第 1 次 等待 3 秒
2024-02-26 02:43:06 CHB 1695592?1708886580 第 1 次 获取到号码【1695592】GSD
2024-02-26 02:43:06 未获取到号码【1695592】GSD，可能号码格式错误
2024-02-26 02:43:06 获取到号码【1695592】的GSD为【-】
2024-02-26 02:43:10 GSD insert 第 1 次 等待 3 秒
2024-02-26 02:43:13 {"status":"bad","gid":"648751","msg":"添加失败！号码【1695592(-|-)】已存在！"}
2024-02-26 02:43:13 随机等待 108 秒，约 1 分钟
2024-02-26 02:43:13 下次操作: 2024-02-26 02:45:01

2024-02-26 02:45:01 开始第 5680 次操作

2024-02-26 02:45:01 开始操作号码 【1695593】
2024-02-26 02:45:05 GSD getOne 第 1 次 等待 3 秒
2024-02-26 02:45:08 查询号码 【1695593】，返回信息 {"status":"ok","msg":"-","gid":"648757","time_insert":"2023-04-12 05:37"}
2024-02-26 02:45:09 查询号码 【1695593】，GSD为【"-"】
2024-02-26 02:45:09 ok && -
2024-02-26 02:45:11 CHB 1695593?1708886709 第 1 次 等待 3 秒
2024-02-26 02:45:14 CHB 1695593?1708886709 第 1 次 获取到号码【1695593】GSD
2024-02-26 02:45:14 未获取到号码【1695593】GSD，可能号码格式错误
2024-02-26 02:45:14 获取到号码【1695593】的GSD为【-】
2024-02-26 02:45:18 GSD insert 第 1 次 等待 3 秒
2024-02-26 02:45:21 {"status":"bad","gid":"648757","msg":"添加失败！号码【1695593(-|-)】已存在！"}

2024-02-26 03:14:10 开始第 5681 次操作

2024-02-26 03:14:10 开始操作号码 【1695594】
2024-02-26 03:14:17 GSD getOne 第 1 次 等待 3 秒
2024-02-26 03:14:20 查询号码 【1695594】，返回信息 {"status":"ok","msg":"-","gid":"648761","time_insert":"2023-04-12 05:40"}
2024-02-26 03:14:20 查询号码 【1695594】，GSD为【"-"】
2024-02-26 03:14:20 ok && -
2024-02-26 03:14:23 CHB 1695594?1708888460 第 1 次 等待 3 秒
2024-02-26 03:14:26 CHB 1695594?1708888460 第 1 次 获取到号码【1695594】GSD
2024-02-26 03:14:26 未获取到号码【1695594】GSD，可能号码格式错误
2024-02-26 03:14:26 获取到号码【1695594】的GSD为【-】
2024-02-26 03:14:31 GSD insert 第 1 次 等待 3 秒
2024-02-26 03:14:34 {"status":"bad","gid":"648761","msg":"添加失败！号码【1695594(-|-)】已存在！"}
2024-02-26 03:14:34 随机等待 225 秒，约 3 分钟
2024-02-26 03:14:34 下次操作: 2024-02-26 03:18:19

2024-02-26 03:18:19 开始第 5682 次操作

2024-02-26 03:18:19 开始操作号码 【1695595】
2024-02-26 03:18:24 GSD getOne 第 1 次 等待 3 秒
2024-02-26 03:18:27 查询号码 【1695595】，返回信息 {"status":"ok","msg":"-","gid":"648768","time_insert":"2023-04-12 05:43"}
2024-02-26 03:18:27 查询号码 【1695595】，GSD为【"-"】
2024-02-26 03:18:27 ok && -
2024-02-26 03:18:30 CHB 1695595?1708888707 第 1 次 等待 3 秒
2024-02-26 03:18:33 CHB 1695595?1708888707 第 1 次 获取到号码【1695595】GSD
2024-02-26 03:18:33 未获取到号码【1695595】GSD，可能号码格式错误
2024-02-26 03:18:33 获取到号码【1695595】的GSD为【-】
2024-02-26 03:18:37 GSD insert 第 1 次 等待 3 秒
2024-02-26 03:18:40 {"status":"bad","gid":"648768","msg":"添加失败！号码【1695595(-|-)】已存在！"}
2024-02-26 03:18:40 随机等待 193 秒，约 3 分钟
2024-02-26 03:18:40 下次操作: 2024-02-26 03:21:53

2024-02-26 03:21:53 开始第 5683 次操作

2024-02-26 03:21:53 开始操作号码 【1695596】
2024-02-26 03:21:58 GSD getOne 第 1 次 等待 3 秒
2024-02-26 03:22:01 查询号码 【1695596】，返回信息 {"status":"ok","msg":"-","gid":"648784","time_insert":"2023-04-12 05:53"}
2024-02-26 03:22:01 查询号码 【1695596】，GSD为【"-"】
2024-02-26 03:22:01 ok && -
2024-02-26 03:22:04 CHB 1695596?1708888921 第 1 次 等待 3 秒
2024-02-26 03:22:07 CHB 1695596?1708888921 第 1 次 获取到号码【1695596】GSD
2024-02-26 03:22:07 未获取到号码【1695596】GSD，可能号码格式错误
2024-02-26 03:22:07 获取到号码【1695596】的GSD为【-】
2024-02-26 03:22:12 GSD insert 第 1 次 等待 3 秒
2024-02-26 03:22:15 {"status":"bad","gid":"648784","msg":"添加失败！号码【1695596(-|-)】已存在！"}
2024-02-26 03:22:15 随机等待 172 秒，约 2 分钟
2024-02-26 03:22:15 下次操作: 2024-02-26 03:25:07

2024-02-26 03:25:07 开始第 5684 次操作

2024-02-26 03:25:07 开始操作号码 【1695597】
2024-02-26 03:25:12 GSD getOne 第 1 次 等待 3 秒
2024-02-26 03:25:15 查询号码 【1695597】，返回信息 {"status":"ok","msg":"-","gid":"648787","time_insert":"2023-04-12 05:55"}
2024-02-26 03:25:15 查询号码 【1695597】，GSD为【"-"】
2024-02-26 03:25:15 ok && -
2024-02-26 03:25:22 CHB 1695597?1708889115 第 1 次 等待 3 秒
2024-02-26 03:25:25 CHB 1695597?1708889115 第 1 次 获取到号码【1695597】GSD
2024-02-26 03:25:25 未获取到号码【1695597】GSD，可能号码格式错误
2024-02-26 03:25:25 获取到号码【1695597】的GSD为【-】
2024-02-26 03:25:30 GSD insert 第 1 次 等待 3 秒
2024-02-26 03:25:33 {"status":"bad","gid":"648787","msg":"添加失败！号码【1695597(-|-)】已存在！"}

2024-02-26 03:37:47 开始第 5685 次操作

2024-02-26 03:37:47 开始操作号码 【1695598】
2024-02-26 03:37:54 GSD getOne 第 1 次 等待 3 秒
2024-02-26 03:37:57 查询号码 【1695598】，返回信息 {"status":"ok","msg":"-","gid":"648790","time_insert":"2023-04-12 05:58"}
2024-02-26 03:37:57 查询号码 【1695598】，GSD为【"-"】
2024-02-26 03:37:57 ok && -
2024-02-26 03:37:59 CHB 1695598?1708889877 第 1 次 等待 3 秒
2024-02-26 03:38:02 CHB 1695598?1708889877 第 1 次 获取到号码【1695598】GSD
2024-02-26 03:38:02 未获取到号码【1695598】GSD，可能号码格式错误
2024-02-26 03:38:02 获取到号码【1695598】的GSD为【-】
2024-02-26 03:38:07 GSD insert 第 1 次 等待 3 秒
2024-02-26 03:38:10 {"status":"bad","gid":"648790","msg":"添加失败！号码【1695598(-|-)】已存在！"}
2024-02-26 03:38:11 随机等待 77 秒，约 1 分钟
2024-02-26 03:38:11 下次操作: 2024-02-26 03:39:28

2024-02-26 03:39:28 开始第 5686 次操作

2024-02-26 03:39:28 开始操作号码 【1695599】
2024-02-26 03:39:32 GSD getOne 第 1 次 等待 3 秒
2024-02-26 03:39:35 查询号码 【1695599】，返回信息 {"status":"ok","msg":"-","gid":"648794","time_insert":"2023-04-12 06:00"}
2024-02-26 03:39:35 查询号码 【1695599】，GSD为【"-"】
2024-02-26 03:39:35 ok && -
2024-02-26 03:39:37 CHB 1695599?1708889975 第 1 次 等待 3 秒
2024-02-26 03:39:40 CHB 1695599?1708889975 第 1 次 获取到号码【1695599】GSD
2024-02-26 03:39:40 未获取到号码【1695599】GSD，可能号码格式错误
2024-02-26 03:39:40 获取到号码【1695599】的GSD为【-】
2024-02-26 03:39:46 GSD insert 第 1 次 等待 3 秒
2024-02-26 03:39:49 {"status":"bad","gid":"648794","msg":"添加失败！号码【1695599(-|-)】已存在！"}
2024-02-26 03:39:49 随机等待 226 秒，约 3 分钟
2024-02-26 03:39:49 下次操作: 2024-02-26 03:43:35

2024-02-26 03:43:35 开始第 5687 次操作

2024-02-26 03:43:35 开始操作号码 【1695600】
2024-02-26 03:43:39 GSD getOne 第 1 次 等待 3 秒
2024-02-26 03:43:42 查询号码 【1695600】，返回信息 {"status":"ok","msg":"-","gid":"648806","time_insert":"2023-04-12 06:07"}
2024-02-26 03:43:42 查询号码 【1695600】，GSD为【"-"】
2024-02-26 03:43:42 ok && -
2024-02-26 03:43:44 CHB 1695600?1708890222 第 1 次 等待 3 秒
2024-02-26 03:43:47 CHB 1695600?1708890222 第 1 次 获取到号码【1695600】GSD
2024-02-26 03:43:47 未获取到号码【1695600】GSD，可能号码格式错误
2024-02-26 03:43:47 获取到号码【1695600】的GSD为【-】
2024-02-26 03:43:52 GSD insert 第 1 次 等待 3 秒
2024-02-26 03:43:55 {"status":"bad","gid":"648806","msg":"添加失败！号码【1695600(-|-)】已存在！"}
2024-02-26 03:43:55 随机等待 217 秒，约 3 分钟
2024-02-26 03:43:55 下次操作: 2024-02-26 03:47:32

2024-02-26 03:47:32 开始第 5688 次操作

2024-02-26 03:47:32 开始操作号码 【1695601】
2024-02-26 03:47:36 GSD getOne 第 1 次 等待 3 秒
2024-02-26 03:47:39 查询号码 【1695601】，返回信息 {"status":"ok","msg":"-","gid":"648808","time_insert":"2023-04-12 06:10"}
2024-02-26 03:47:39 查询号码 【1695601】，GSD为【"-"】
2024-02-26 03:47:39 ok && -
2024-02-26 03:47:42 CHB 1695601?1708890459 第 1 次 等待 3 秒
2024-02-26 03:47:45 CHB 1695601?1708890459 第 1 次 获取到号码【1695601】GSD
2024-02-26 03:47:45 未获取到号码【1695601】GSD，可能号码格式错误
2024-02-26 03:47:45 获取到号码【1695601】的GSD为【-】
2024-02-26 03:47:49 GSD insert 第 1 次 等待 3 秒
2024-02-26 03:47:52 {"status":"bad","gid":"648808","msg":"添加失败！号码【1695601(-|-)】已存在！"}

2024-02-26 04:15:51 开始第 5689 次操作

2024-02-26 04:15:51 开始操作号码 【1695602】
2024-02-26 04:15:56 GSD getOne 第 1 次 等待 3 秒
2024-02-26 04:15:59 查询号码 【1695602】，返回信息 {"status":"ok","msg":"-","gid":"648812","time_insert":"2023-04-12 06:12"}
2024-02-26 04:15:59 查询号码 【1695602】，GSD为【"-"】
2024-02-26 04:15:59 ok && -
2024-02-26 04:16:02 CHB 1695602?1708892159 第 1 次 等待 3 秒
2024-02-26 04:16:05 CHB 1695602?1708892159 第 1 次 获取到号码【1695602】GSD
2024-02-26 04:16:05 未获取到号码【1695602】GSD，可能号码格式错误
2024-02-26 04:16:05 获取到号码【1695602】的GSD为【-】
2024-02-26 04:16:09 GSD insert 第 1 次 等待 3 秒
2024-02-26 04:16:12 {"status":"bad","gid":"648812","msg":"添加失败！号码【1695602(-|-)】已存在！"}
2024-02-26 04:16:12 随机等待 124 秒，约 2 分钟
2024-02-26 04:16:12 下次操作: 2024-02-26 04:18:16

2024-02-26 04:18:16 开始第 5690 次操作

2024-02-26 04:18:16 开始操作号码 【1695603】
2024-02-26 04:18:20 GSD getOne 第 1 次 等待 3 秒
2024-02-26 04:18:23 查询号码 【1695603】，返回信息 {"status":"ok","msg":"-","gid":"648814","time_insert":"2023-04-12 06:14"}
2024-02-26 04:18:23 查询号码 【1695603】，GSD为【"-"】
2024-02-26 04:18:23 ok && -
2024-02-26 04:18:25 CHB 1695603?1708892303 第 1 次 等待 3 秒
2024-02-26 04:18:28 CHB 1695603?1708892303 第 1 次 获取到号码【1695603】GSD
2024-02-26 04:18:28 未获取到号码【1695603】GSD，可能号码格式错误
2024-02-26 04:18:28 获取到号码【1695603】的GSD为【-】
2024-02-26 04:18:32 GSD insert 第 1 次 等待 3 秒
2024-02-26 04:18:35 {"status":"bad","gid":"648814","msg":"添加失败！号码【1695603(-|-)】已存在！"}
2024-02-26 04:18:35 随机等待 117 秒，约 1 分钟
2024-02-26 04:18:35 下次操作: 2024-02-26 04:20:32

2024-02-26 04:20:32 开始第 5691 次操作

2024-02-26 04:20:32 开始操作号码 【1695604】
2024-02-26 04:20:36 GSD getOne 第 1 次 等待 3 秒
2024-02-26 04:20:39 查询号码 【1695604】，返回信息 {"status":"ok","msg":"-","gid":"648822","time_insert":"2023-04-12 06:21"}
2024-02-26 04:20:39 查询号码 【1695604】，GSD为【"-"】
2024-02-26 04:20:39 ok && -
2024-02-26 04:20:42 CHB 1695604?1708892439 第 1 次 等待 3 秒
2024-02-26 04:20:45 CHB 1695604?1708892439 第 1 次 获取到号码【1695604】GSD
2024-02-26 04:20:45 未获取到号码【1695604】GSD，可能号码格式错误
2024-02-26 04:20:45 获取到号码【1695604】的GSD为【-】
2024-02-26 04:20:50 GSD insert 第 1 次 等待 3 秒
2024-02-26 04:20:53 {"status":"bad","gid":"648822","msg":"添加失败！号码【1695604(-|-)】已存在！"}
2024-02-26 04:20:53 随机等待 92 秒，约 1 分钟
2024-02-26 04:20:53 下次操作: 2024-02-26 04:22:25

2024-02-26 04:22:25 开始第 5692 次操作

2024-02-26 04:22:25 开始操作号码 【1695605】
2024-02-26 04:22:29 GSD getOne 第 1 次 等待 3 秒
2024-02-26 04:22:32 查询号码 【1695605】，返回信息 {"status":"ok","msg":"-","gid":"648826","time_insert":"2023-04-12 06:23"}
2024-02-26 04:22:32 查询号码 【1695605】，GSD为【"-"】
2024-02-26 04:22:33 ok && -
2024-02-26 04:22:40 CHB 1695605?1708892553 第 1 次 等待 3 秒
2024-02-26 04:22:43 CHB 1695605?1708892553 第 1 次 获取到号码【1695605】GSD
2024-02-26 04:22:43 未获取到号码【1695605】GSD，可能号码格式错误
2024-02-26 04:22:43 获取到号码【1695605】的GSD为【-】
2024-02-26 04:22:47 GSD insert 第 1 次 等待 3 秒
2024-02-26 04:22:50 {"status":"bad","gid":"648826","msg":"添加失败！号码【1695605(-|-)】已存在！"}

2024-02-26 04:37:43 开始第 5693 次操作

2024-02-26 04:37:43 开始操作号码 【1695606】
2024-02-26 04:37:51 GSD getOne 第 1 次 等待 3 秒
2024-02-26 04:37:54 查询号码 【1695606】，返回信息 {"status":"ok","msg":"-","gid":"648829","time_insert":"2023-04-12 06:25"}
2024-02-26 04:37:54 查询号码 【1695606】，GSD为【"-"】
2024-02-26 04:37:54 ok && -
2024-02-26 04:37:56 CHB 1695606?1708893474 第 1 次 等待 3 秒
2024-02-26 04:37:59 CHB 1695606?1708893474 第 1 次 获取到号码【1695606】GSD
2024-02-26 04:37:59 未获取到号码【1695606】GSD，可能号码格式错误
2024-02-26 04:37:59 获取到号码【1695606】的GSD为【-】
2024-02-26 04:38:03 GSD insert 第 1 次 等待 3 秒
2024-02-26 04:38:06 {"status":"bad","gid":"648829","msg":"添加失败！号码【1695606(-|-)】已存在！"}
2024-02-26 04:38:06 随机等待 136 秒，约 2 分钟
2024-02-26 04:38:06 下次操作: 2024-02-26 04:40:22

2024-02-26 04:40:22 开始第 5694 次操作

2024-02-26 04:40:22 开始操作号码 【1695607】
2024-02-26 04:40:26 GSD getOne 第 1 次 等待 3 秒
2024-02-26 04:40:29 查询号码 【1695607】，返回信息 {"status":"ok","msg":"-","gid":"648835","time_insert":"2023-04-12 06:28"}
2024-02-26 04:40:29 查询号码 【1695607】，GSD为【"-"】
2024-02-26 04:40:29 ok && -
2024-02-26 04:40:32 CHB 1695607?1708893629 第 1 次 等待 3 秒
2024-02-26 04:40:35 CHB 1695607?1708893629 第 1 次 获取到号码【1695607】GSD
2024-02-26 04:40:35 未获取到号码【1695607】GSD，可能号码格式错误
2024-02-26 04:40:35 获取到号码【1695607】的GSD为【-】
2024-02-26 04:40:39 GSD insert 第 1 次 等待 3 秒
2024-02-26 04:40:42 {"status":"bad","gid":"648835","msg":"添加失败！号码【1695607(-|-)】已存在！"}
2024-02-26 04:40:42 随机等待 217 秒，约 3 分钟
2024-02-26 04:40:42 下次操作: 2024-02-26 04:44:19

2024-02-26 04:44:19 开始第 5695 次操作

2024-02-26 04:44:19 开始操作号码 【1695608】
2024-02-26 04:44:24 GSD getOne 第 1 次 等待 3 秒
2024-02-26 04:44:27 查询号码 【1695608】，返回信息 {"status":"ok","msg":"-","gid":"648844","time_insert":"2023-04-12 06:33"}
2024-02-26 04:44:27 查询号码 【1695608】，GSD为【"-"】
2024-02-26 04:44:27 ok && -
2024-02-26 04:44:29 CHB 1695608?1708893867 第 1 次 等待 3 秒
2024-02-26 04:44:32 CHB 1695608?1708893867 第 1 次 获取到号码【1695608】GSD
2024-02-26 04:44:32 未获取到号码【1695608】GSD，可能号码格式错误
2024-02-26 04:44:32 获取到号码【1695608】的GSD为【-】
2024-02-26 04:44:37 GSD insert 第 1 次 等待 3 秒
2024-02-26 04:44:40 {"status":"bad","gid":"648844","msg":"添加失败！号码【1695608(-|-)】已存在！"}
2024-02-26 04:44:40 随机等待 116 秒，约 1 分钟
2024-02-26 04:44:40 下次操作: 2024-02-26 04:46:36

2024-02-26 04:46:36 开始第 5696 次操作

2024-02-26 04:46:36 开始操作号码 【1695609】
2024-02-26 04:46:40 GSD getOne 第 1 次 等待 3 秒
2024-02-26 04:46:43 查询号码 【1695609】，返回信息 {"status":"ok","msg":"-","gid":"648849","time_insert":"2023-04-12 06:35"}
2024-02-26 04:46:43 查询号码 【1695609】，GSD为【"-"】
2024-02-26 04:46:43 ok && -
2024-02-26 04:46:45 CHB 1695609?1708894003 第 1 次 等待 3 秒
2024-02-26 04:46:48 CHB 1695609?1708894003 第 1 次 获取到号码【1695609】GSD
2024-02-26 04:46:48 未获取到号码【1695609】GSD，可能号码格式错误
2024-02-26 04:46:48 获取到号码【1695609】的GSD为【-】
2024-02-26 04:46:53 GSD insert 第 1 次 等待 3 秒
2024-02-26 04:46:56 {"status":"bad","gid":"648849","msg":"添加失败！号码【1695609(-|-)】已存在！"}

