2024-01-17 00:23:48 开始第 8993 次操作

2024-01-17 00:23:48 开始操作号码 【1808908】
2024-01-17 00:23:55 GSD getOne 第 1 次 等待 3 秒
2024-01-17 00:23:58 查询号码 【1808908】，返回信息 {"status":"ok","msg":"西藏-拉萨","gid":"32826","time_insert":"2019-11-23 20:41","time_update":"2020-12-19 14:05"}
2024-01-17 00:23:58 查询号码 【1808908】，GSD为【"西藏-拉萨"】

2024-01-17 00:24:00 开始第 8994 次操作

2024-01-17 00:24:00 开始操作号码 【1808909】
2024-01-17 00:24:03 GSD getOne 第 1 次 等待 3 秒
2024-01-17 00:24:06 查询号码 【1808909】，返回信息 {"status":"ok","msg":"西藏-拉萨","gid":"347129","time_insert":"2021-07-21 15:49"}
2024-01-17 00:24:06 查询号码 【1808909】，GSD为【"西藏-拉萨"】

2024-01-17 00:24:07 开始第 8995 次操作

2024-01-17 00:24:07 开始操作号码 【1808910】
2024-01-17 00:24:11 GSD getOne 第 1 次 等待 3 秒
2024-01-17 00:24:14 查询号码 【1808910】，返回信息 {"status":"ok","msg":"陕西-咸阳","gid":"347137","time_insert":"2021-07-21 15:50"}
2024-01-17 00:24:14 查询号码 【1808910】，GSD为【"陕西-咸阳"】

2024-01-17 00:24:15 开始第 8996 次操作

2024-01-17 00:24:15 开始操作号码 【1808911】
2024-01-17 00:24:19 GSD getOne 第 1 次 等待 3 秒
2024-01-17 00:24:22 查询号码 【1808911】，返回信息 {"status":"ok","msg":"陕西-咸阳","gid":"347144","time_insert":"2021-07-21 15:51"}
2024-01-17 00:24:22 查询号码 【1808911】，GSD为【"陕西-咸阳"】

