2024-07-10 00:24:49 开始第 5109 次操作

2024-07-10 00:24:49 开始操作号码 【1475019】
2024-07-10 00:24:58 GSD getOne 第 1 次 等待 3 秒
2024-07-10 00:25:01 查询号码 【1475019】，返回信息 {"status":"ok","msg":"广东-广州","gid":"373982","time_insert":"2021-07-24 05:36"}
2024-07-10 00:25:01 查询号码 【1475019】，GSD为【"广东-广州"】

2024-07-10 00:25:02 开始第 5110 次操作

2024-07-10 00:25:02 开始操作号码 【1475020】
2024-07-10 00:25:45 GSD getOne 第 1 次 等待 3 秒
2024-07-10 00:25:48 查询号码 【1475020】，返回信息 {"status":"ok","msg":"广东-广州","gid":"374136","time_insert":"2021-07-24 05:49"}
2024-07-10 00:25:48 查询号码 【1475020】，GSD为【"广东-广州"】

2024-07-10 00:25:49 开始第 5111 次操作

2024-07-10 00:25:49 开始操作号码 【1475021】
2024-07-10 00:25:57 GSD getOne 第 1 次 等待 3 秒
2024-07-10 00:26:00 查询号码 【1475021】，返回信息 {"status":"ok","msg":"广东-广州","gid":"374336","time_insert":"2021-07-24 06:03"}
2024-07-10 00:26:00 查询号码 【1475021】，GSD为【"广东-广州"】

2024-07-10 00:26:01 开始第 5112 次操作

2024-07-10 00:26:01 开始操作号码 【1475022】
2024-07-10 00:26:11 GSD getOne 第 1 次 等待 3 秒
2024-07-10 00:26:14 查询号码 【1475022】，返回信息 {"status":"ok","msg":"广东-广州","gid":"374442","time_insert":"2021-07-24 06:17"}
2024-07-10 00:26:15 查询号码 【1475022】，GSD为【"广东-广州"】

2024-07-10 00:42:31 开始第 5113 次操作

2024-07-10 00:42:31 开始操作号码 【1475023】
2024-07-10 00:42:39 GSD getOne 第 1 次 等待 3 秒
2024-07-10 00:42:42 查询号码 【1475023】，返回信息 {"status":"ok","msg":"广东-广州","gid":"374477","time_insert":"2021-07-24 06:31"}
2024-07-10 00:42:42 查询号码 【1475023】，GSD为【"广东-广州"】

2024-07-10 00:42:43 开始第 5114 次操作

2024-07-10 00:42:43 开始操作号码 【1475024】
2024-07-10 00:42:52 GSD getOne 第 1 次 等待 3 秒
2024-07-10 00:42:55 查询号码 【1475024】，返回信息 {"status":"ok","msg":"广东-广州","gid":"374575","time_insert":"2021-07-24 06:44"}
2024-07-10 00:42:55 查询号码 【1475024】，GSD为【"广东-广州"】

2024-07-10 00:42:56 开始第 5115 次操作

2024-07-10 00:42:56 开始操作号码 【1475025】
2024-07-10 00:43:06 GSD getOne 第 1 次 等待 3 秒
2024-07-10 00:43:09 查询号码 【1475025】，返回信息 {"status":"ok","msg":"广东-广州","gid":"374732","time_insert":"2021-07-24 06:55"}
2024-07-10 00:43:09 查询号码 【1475025】，GSD为【"广东-广州"】

2024-07-10 00:43:10 开始第 5116 次操作

2024-07-10 00:43:10 开始操作号码 【1475026】
2024-07-10 00:43:20 GSD getOne 第 1 次 等待 3 秒
2024-07-10 00:43:23 查询号码 【1475026】，返回信息 {"status":"ok","msg":"广东-广州","gid":"374870","time_insert":"2021-07-24 07:06"}
2024-07-10 00:43:23 查询号码 【1475026】，GSD为【"广东-广州"】

2024-07-10 01:18:05 开始第 5117 次操作

2024-07-10 01:18:05 开始操作号码 【1475027】
2024-07-10 01:18:14 GSD getOne 第 1 次 等待 3 秒
2024-07-10 01:18:17 查询号码 【1475027】，返回信息 {"status":"ok","msg":"广东-广州","gid":"374947","time_insert":"2021-07-24 07:16"}
2024-07-10 01:18:17 查询号码 【1475027】，GSD为【"广东-广州"】

2024-07-10 01:18:18 开始第 5118 次操作

2024-07-10 01:18:18 开始操作号码 【1475028】
2024-07-10 01:18:30 GSD getOne 第 1 次 等待 3 秒
2024-07-10 01:18:33 查询号码 【1475028】，返回信息 {"status":"ok","msg":"广东-广州","gid":"374976","time_insert":"2021-07-24 07:31"}
2024-07-10 01:18:33 查询号码 【1475028】，GSD为【"广东-广州"】

2024-07-10 01:18:34 开始第 5119 次操作

2024-07-10 01:18:34 开始操作号码 【1475029】
2024-07-10 01:18:42 GSD getOne 第 1 次 等待 3 秒
2024-07-10 01:18:45 查询号码 【1475029】，返回信息 {"status":"ok","msg":"广东-广州","gid":"375105","time_insert":"2021-07-24 07:44"}
2024-07-10 01:18:45 查询号码 【1475029】，GSD为【"广东-广州"】

2024-07-10 01:18:46 开始第 5120 次操作

2024-07-10 01:18:46 开始操作号码 【1475030】
2024-07-10 01:18:55 GSD getOne 第 1 次 等待 3 秒
2024-07-10 01:18:58 查询号码 【1475030】，返回信息 {"status":"ok","msg":"广东-广州","gid":"375284","time_insert":"2021-07-24 07:54"}
2024-07-10 01:18:58 查询号码 【1475030】，GSD为【"广东-广州"】

2024-07-10 01:38:06 开始第 5121 次操作

2024-07-10 01:38:06 开始操作号码 【1475031】
2024-07-10 01:38:17 GSD getOne 第 1 次 等待 3 秒
2024-07-10 01:38:20 查询号码 【1475031】，返回信息 {"status":"ok","msg":"广东-广州","gid":"375408","time_insert":"2021-07-24 08:04"}
2024-07-10 01:38:20 查询号码 【1475031】，GSD为【"广东-广州"】

2024-07-10 01:38:21 开始第 5122 次操作

2024-07-10 01:38:21 开始操作号码 【1475032】
2024-07-10 01:38:30 GSD getOne 第 1 次 等待 3 秒
2024-07-10 01:38:33 查询号码 【1475032】，返回信息 {"status":"ok","msg":"广东-广州","gid":"375458","time_insert":"2021-07-24 08:16"}
2024-07-10 01:38:33 查询号码 【1475032】，GSD为【"广东-广州"】

2024-07-10 01:38:34 开始第 5123 次操作

2024-07-10 01:38:34 开始操作号码 【1475033】
2024-07-10 01:38:42 GSD getOne 第 1 次 等待 3 秒
2024-07-10 01:38:45 查询号码 【1475033】，返回信息 {"status":"ok","msg":"广东-广州","gid":"375483","time_insert":"2021-07-24 08:31"}
2024-07-10 01:38:45 查询号码 【1475033】，GSD为【"广东-广州"】

2024-07-10 01:38:46 开始第 5124 次操作

2024-07-10 01:38:46 开始操作号码 【1475034】
2024-07-10 01:38:54 GSD getOne 第 1 次 等待 3 秒
2024-07-10 01:38:57 查询号码 【1475034】，返回信息 {"status":"ok","msg":"广东-广州","gid":"375506","time_insert":"2021-07-24 08:45"}
2024-07-10 01:38:57 查询号码 【1475034】，GSD为【"广东-广州"】

2024-07-10 02:25:44 开始第 5125 次操作

2024-07-10 02:25:44 开始操作号码 【1475035】
2024-07-10 02:25:52 GSD getOne 第 1 次 等待 3 秒
2024-07-10 02:25:55 查询号码 【1475035】，返回信息 {"status":"ok","msg":"广东-广州","gid":"375525","time_insert":"2021-07-24 08:56"}
2024-07-10 02:25:55 查询号码 【1475035】，GSD为【"广东-广州"】

2024-07-10 02:25:56 开始第 5126 次操作

2024-07-10 02:25:56 开始操作号码 【1475036】
2024-07-10 02:26:04 GSD getOne 第 1 次 等待 3 秒
2024-07-10 02:26:07 查询号码 【1475036】，返回信息 {"status":"ok","msg":"广东-广州","gid":"375549","time_insert":"2021-07-24 09:08"}
2024-07-10 02:26:07 查询号码 【1475036】，GSD为【"广东-广州"】

2024-07-10 02:26:08 开始第 5127 次操作

2024-07-10 02:26:08 开始操作号码 【1475037】
2024-07-10 02:26:16 GSD getOne 第 1 次 等待 3 秒
2024-07-10 02:26:19 查询号码 【1475037】，返回信息 {"status":"ok","msg":"广东-广州","gid":"375573","time_insert":"2021-07-24 09:23"}
2024-07-10 02:26:19 查询号码 【1475037】，GSD为【"广东-广州"】

2024-07-10 02:26:20 开始第 5128 次操作

2024-07-10 02:26:20 开始操作号码 【1475038】
2024-07-10 02:26:28 GSD getOne 第 1 次 等待 3 秒
2024-07-10 02:26:31 查询号码 【1475038】，返回信息 {"status":"ok","msg":"广东-广州","gid":"375611","time_insert":"2021-07-24 09:37"}
2024-07-10 02:26:31 查询号码 【1475038】，GSD为【"广东-广州"】

2024-07-10 02:41:21 开始第 5129 次操作

2024-07-10 02:41:21 开始操作号码 【1475039】
2024-07-10 02:41:29 GSD getOne 第 1 次 等待 3 秒
2024-07-10 02:41:32 查询号码 【1475039】，返回信息 {"status":"ok","msg":"广东-广州","gid":"375774","time_insert":"2021-07-24 09:48"}
2024-07-10 02:41:32 查询号码 【1475039】，GSD为【"广东-广州"】

2024-07-10 02:41:33 开始第 5130 次操作

2024-07-10 02:41:33 开始操作号码 【1475040】
2024-07-10 02:41:41 GSD getOne 第 1 次 等待 3 秒
2024-07-10 02:41:44 查询号码 【1475040】，返回信息 {"status":"ok","msg":"广东-广州","gid":"375936","time_insert":"2021-07-24 09:59"}
2024-07-10 02:41:44 查询号码 【1475040】，GSD为【"广东-广州"】

2024-07-10 02:41:45 开始第 5131 次操作

2024-07-10 02:41:45 开始操作号码 【1475041】
2024-07-10 02:41:53 GSD getOne 第 1 次 等待 3 秒
2024-07-10 02:41:56 查询号码 【1475041】，返回信息 {"status":"ok","msg":"广东-广州","gid":"376001","time_insert":"2021-07-24 10:09"}
2024-07-10 02:41:56 查询号码 【1475041】，GSD为【"广东-广州"】

2024-07-10 02:41:57 开始第 5132 次操作

2024-07-10 02:41:57 开始操作号码 【1475042】
2024-07-10 02:42:05 GSD getOne 第 1 次 等待 3 秒
2024-07-10 02:42:08 查询号码 【1475042】，返回信息 {"status":"ok","msg":"广东-广州","gid":"376039","time_insert":"2021-07-24 10:20"}
2024-07-10 02:42:08 查询号码 【1475042】，GSD为【"广东-广州"】

2024-07-10 03:15:50 开始第 5133 次操作

2024-07-10 03:15:50 开始操作号码 【1475043】
2024-07-10 03:15:58 GSD getOne 第 1 次 等待 3 秒
2024-07-10 03:16:01 查询号码 【1475043】，返回信息 {"status":"ok","msg":"广东-广州","gid":"376085","time_insert":"2021-07-24 10:35"}
2024-07-10 03:16:01 查询号码 【1475043】，GSD为【"广东-广州"】

2024-07-10 03:16:02 开始第 5134 次操作

2024-07-10 03:16:02 开始操作号码 【1475044】
2024-07-10 03:16:10 GSD getOne 第 1 次 等待 3 秒
2024-07-10 03:16:13 查询号码 【1475044】，返回信息 {"status":"ok","msg":"广东-广州","gid":"376120","time_insert":"2021-07-24 10:45"}
2024-07-10 03:16:13 查询号码 【1475044】，GSD为【"广东-广州"】

2024-07-10 03:16:14 开始第 5135 次操作

2024-07-10 03:16:14 开始操作号码 【1475045】
2024-07-10 03:16:22 GSD getOne 第 1 次 等待 3 秒
2024-07-10 03:16:25 查询号码 【1475045】，返回信息 {"status":"ok","msg":"广东-广州","gid":"376287","time_insert":"2021-07-24 10:57"}
2024-07-10 03:16:25 查询号码 【1475045】，GSD为【"广东-广州"】

2024-07-10 03:16:26 开始第 5136 次操作

2024-07-10 03:16:26 开始操作号码 【1475046】
2024-07-10 03:16:34 GSD getOne 第 1 次 等待 3 秒
2024-07-10 03:16:37 查询号码 【1475046】，返回信息 {"status":"ok","msg":"广东-广州","gid":"376467","time_insert":"2021-07-24 11:10"}
2024-07-10 03:16:37 查询号码 【1475046】，GSD为【"广东-广州"】

2024-07-10 03:37:55 开始第 5137 次操作

2024-07-10 03:37:55 开始操作号码 【1475047】
2024-07-10 03:38:04 GSD getOne 第 1 次 等待 3 秒
2024-07-10 03:38:07 查询号码 【1475047】，返回信息 {"status":"ok","msg":"广东-广州","gid":"376549","time_insert":"2021-07-24 11:22"}
2024-07-10 03:38:07 查询号码 【1475047】，GSD为【"广东-广州"】

2024-07-10 03:38:08 开始第 5138 次操作

2024-07-10 03:38:08 开始操作号码 【1475048】
2024-07-10 03:38:16 GSD getOne 第 1 次 等待 3 秒
2024-07-10 03:38:19 查询号码 【1475048】，返回信息 {"status":"ok","msg":"广东-广州","gid":"376594","time_insert":"2021-07-24 11:34"}
2024-07-10 03:38:19 查询号码 【1475048】，GSD为【"广东-广州"】

2024-07-10 03:38:20 开始第 5139 次操作

2024-07-10 03:38:20 开始操作号码 【1475049】
2024-07-10 03:38:28 GSD getOne 第 1 次 等待 3 秒
2024-07-10 03:38:31 查询号码 【1475049】，返回信息 {"status":"ok","msg":"广东-广州","gid":"376698","time_insert":"2021-07-24 11:48"}
2024-07-10 03:38:31 查询号码 【1475049】，GSD为【"广东-广州"】

2024-07-10 03:38:32 开始第 5140 次操作

2024-07-10 03:38:32 开始操作号码 【1475050】
2024-07-10 03:38:40 GSD getOne 第 1 次 等待 3 秒
2024-07-10 03:38:43 查询号码 【1475050】，返回信息 {"status":"ok","msg":"广东-广州","gid":"376834","time_insert":"2021-07-24 12:00"}
2024-07-10 03:38:43 查询号码 【1475050】，GSD为【"广东-广州"】

2024-07-10 04:20:21 开始第 5141 次操作

2024-07-10 04:20:21 开始操作号码 【1475051】
2024-07-10 04:20:29 GSD getOne 第 1 次 等待 3 秒
2024-07-10 04:20:32 查询号码 【1475051】，返回信息 {"status":"ok","msg":"广东-广州","gid":"376930","time_insert":"2021-07-24 12:11"}
2024-07-10 04:20:32 查询号码 【1475051】，GSD为【"广东-广州"】

2024-07-10 04:20:33 开始第 5142 次操作

2024-07-10 04:20:33 开始操作号码 【1475052】
2024-07-10 04:20:41 GSD getOne 第 1 次 等待 3 秒
2024-07-10 04:20:44 查询号码 【1475052】，返回信息 {"status":"ok","msg":"广东-广州","gid":"377068","time_insert":"2021-07-24 12:22"}
2024-07-10 04:20:44 查询号码 【1475052】，GSD为【"广东-广州"】

2024-07-10 04:20:45 开始第 5143 次操作

2024-07-10 04:20:45 开始操作号码 【1475053】
2024-07-10 04:20:53 GSD getOne 第 1 次 等待 3 秒
2024-07-10 04:20:56 查询号码 【1475053】，返回信息 {"status":"ok","msg":"广东-广州","gid":"377116","time_insert":"2021-07-24 12:37"}
2024-07-10 04:20:56 查询号码 【1475053】，GSD为【"广东-广州"】

2024-07-10 04:20:57 开始第 5144 次操作

2024-07-10 04:20:57 开始操作号码 【1475054】
2024-07-10 04:21:05 GSD getOne 第 1 次 等待 3 秒
2024-07-10 04:21:08 查询号码 【1475054】，返回信息 {"status":"ok","msg":"广东-广州","gid":"377183","time_insert":"2021-07-24 12:52"}
2024-07-10 04:21:08 查询号码 【1475054】，GSD为【"广东-广州"】

2024-07-10 04:38:56 开始第 5145 次操作

2024-07-10 04:38:56 开始操作号码 【1475055】
2024-07-10 04:39:05 GSD getOne 第 1 次 等待 3 秒
2024-07-10 04:39:08 查询号码 【1475055】，返回信息 {"status":"ok","msg":"广东-广州","gid":"377350","time_insert":"2021-07-24 13:02"}
2024-07-10 04:39:08 查询号码 【1475055】，GSD为【"广东-广州"】

2024-07-10 04:39:09 开始第 5146 次操作

2024-07-10 04:39:09 开始操作号码 【1475056】
2024-07-10 04:39:19 GSD getOne 第 1 次 等待 3 秒
2024-07-10 04:39:22 查询号码 【1475056】，返回信息 {"status":"ok","msg":"广东-广州","gid":"377541","time_insert":"2021-07-24 13:14"}
2024-07-10 04:39:22 查询号码 【1475056】，GSD为【"广东-广州"】

2024-07-10 04:39:23 开始第 5147 次操作

2024-07-10 04:39:23 开始操作号码 【1475057】
2024-07-10 04:39:31 GSD getOne 第 1 次 等待 3 秒
2024-07-10 04:39:34 查询号码 【1475057】，返回信息 {"status":"ok","msg":"广东-广州","gid":"377601","time_insert":"2021-07-24 13:25"}
2024-07-10 04:39:35 查询号码 【1475057】，GSD为【"广东-广州"】

2024-07-10 04:39:36 开始第 5148 次操作

2024-07-10 04:39:36 开始操作号码 【1475058】
2024-07-10 04:39:46 GSD getOne 第 1 次 等待 3 秒
2024-07-10 04:39:49 查询号码 【1475058】，返回信息 {"status":"ok","msg":"广东-广州","gid":"377646","time_insert":"2021-07-24 13:37"}
2024-07-10 04:39:49 查询号码 【1475058】，GSD为【"广东-广州"】

2024-07-10 05:19:36 开始第 5149 次操作

2024-07-10 05:19:36 开始操作号码 【1475059】
2024-07-10 05:19:45 GSD getOne 第 1 次 等待 3 秒
2024-07-10 05:19:48 查询号码 【1475059】，返回信息 {"status":"ok","msg":"广东-广州","gid":"377883","time_insert":"2021-07-24 13:50"}
2024-07-10 05:19:48 查询号码 【1475059】，GSD为【"广东-广州"】

2024-07-10 05:19:49 开始第 5150 次操作

2024-07-10 05:19:49 开始操作号码 【1475060】
2024-07-10 05:19:57 GSD getOne 第 1 次 等待 3 秒
2024-07-10 05:20:00 查询号码 【1475060】，返回信息 {"status":"ok","msg":"广东-广州","gid":"378035","time_insert":"2021-07-24 14:03"}
2024-07-10 05:20:00 查询号码 【1475060】，GSD为【"广东-广州"】

2024-07-10 05:20:01 开始第 5151 次操作

2024-07-10 05:20:01 开始操作号码 【1475061】
2024-07-10 05:20:09 GSD getOne 第 1 次 等待 3 秒
2024-07-10 05:20:12 查询号码 【1475061】，返回信息 {"status":"ok","msg":"广东-广州","gid":"378084","time_insert":"2021-07-24 14:16"}
2024-07-10 05:20:12 查询号码 【1475061】，GSD为【"广东-广州"】

2024-07-10 05:20:13 开始第 5152 次操作

2024-07-10 05:20:13 开始操作号码 【1475062】
2024-07-10 05:20:21 GSD getOne 第 1 次 等待 3 秒
2024-07-10 05:20:24 查询号码 【1475062】，返回信息 {"status":"ok","msg":"广东-广州","gid":"378107","time_insert":"2021-07-24 14:27","time_update":"2021-07-27 04:14"}
2024-07-10 05:20:24 查询号码 【1475062】，GSD为【"广东-广州"】

2024-07-10 05:37:49 开始第 5153 次操作

2024-07-10 05:37:49 开始操作号码 【1475063】
2024-07-10 05:37:58 GSD getOne 第 1 次 等待 3 秒
2024-07-10 05:38:01 查询号码 【1475063】，返回信息 {"status":"ok","msg":"广东-广州","gid":"378128","time_insert":"2021-07-24 14:39"}
2024-07-10 05:38:01 查询号码 【1475063】，GSD为【"广东-广州"】

2024-07-10 05:38:02 开始第 5154 次操作

2024-07-10 05:38:02 开始操作号码 【1475064】
2024-07-10 05:38:10 GSD getOne 第 1 次 等待 3 秒
2024-07-10 05:38:13 查询号码 【1475064】，返回信息 {"status":"ok","msg":"广东-广州","gid":"378208","time_insert":"2021-07-24 14:53"}
2024-07-10 05:38:13 查询号码 【1475064】，GSD为【"广东-广州"】

2024-07-10 05:38:14 开始第 5155 次操作

2024-07-10 05:38:14 开始操作号码 【1475065】
2024-07-10 05:38:24 GSD getOne 第 1 次 等待 3 秒
2024-07-10 05:38:27 查询号码 【1475065】，返回信息 {"status":"ok","msg":"广东-广州","gid":"378398","time_insert":"2021-07-24 15:07"}
2024-07-10 05:38:27 查询号码 【1475065】，GSD为【"广东-广州"】

2024-07-10 05:38:28 开始第 5156 次操作

2024-07-10 05:38:28 开始操作号码 【1475066】
2024-07-10 05:38:36 GSD getOne 第 1 次 等待 3 秒
2024-07-10 05:38:39 查询号码 【1475066】，返回信息 {"status":"ok","msg":"广东-广州","gid":"378560","time_insert":"2021-07-24 15:22"}
2024-07-10 05:38:39 查询号码 【1475066】，GSD为【"广东-广州"】

