2024-02-06 00:20:27 开始第 2097 次操作

2024-02-06 00:20:27 开始操作号码 【1692010】
2024-02-06 00:20:33 GSD getOne 第 1 次 等待 3 秒
2024-02-06 00:20:36 查询号码 【1692010】，返回信息 {"status":"ok","msg":"-","gid":"587416","time_insert":"2023-03-13 05:59"}
2024-02-06 00:20:36 查询号码 【1692010】，GSD为【"-"】
2024-02-06 00:20:36 ok && -
2024-02-06 00:20:38 CHB 1692010?1707150036 第 1 次 等待 3 秒
2024-02-06 00:20:41 CHB 1692010?1707150036 第 1 次 获取到号码【1692010】GSD
2024-02-06 00:20:41 未获取到号码【1692010】GSD，可能号码格式错误
2024-02-06 00:20:41 获取到号码【1692010】的GSD为【-】
2024-02-06 00:20:47 GSD insert 第 1 次 等待 3 秒
2024-02-06 00:20:50 {"status":"bad","gid":"587416","msg":"添加失败！号码【1692010(-|-)】已存在！"}
2024-02-06 00:20:50 随机等待 198 秒，约 3 分钟
2024-02-06 00:20:50 下次操作: 2024-02-06 00:24:08

2024-02-06 00:24:08 开始第 2098 次操作

2024-02-06 00:24:08 开始操作号码 【1692011】
2024-02-06 00:24:12 GSD getOne 第 1 次 等待 3 秒
2024-02-06 00:24:15 查询号码 【1692011】，返回信息 {"status":"ok","msg":"-","gid":"587438","time_insert":"2023-03-13 06:15"}
2024-02-06 00:24:15 查询号码 【1692011】，GSD为【"-"】
2024-02-06 00:24:15 ok && -
2024-02-06 00:24:18 CHB 1692011?1707150255 第 1 次 等待 3 秒
2024-02-06 00:24:21 CHB 1692011?1707150255 第 1 次 获取到号码【1692011】GSD
2024-02-06 00:24:21 未获取到号码【1692011】GSD，可能号码格式错误
2024-02-06 00:24:21 获取到号码【1692011】的GSD为【-】
2024-02-06 00:24:26 GSD insert 第 1 次 等待 3 秒
2024-02-06 00:24:29 {"status":"bad","gid":"587438","msg":"添加失败！号码【1692011(-|-)】已存在！"}
2024-02-06 00:24:29 随机等待 148 秒，约 2 分钟
2024-02-06 00:24:29 下次操作: 2024-02-06 00:26:57

2024-02-06 00:26:57 开始第 2099 次操作

2024-02-06 00:26:57 开始操作号码 【1692012】
2024-02-06 00:27:01 GSD getOne 第 1 次 等待 3 秒
2024-02-06 00:27:04 查询号码 【1692012】，返回信息 {"status":"ok","msg":"-","gid":"587465","time_insert":"2023-03-13 06:34"}
2024-02-06 00:27:04 查询号码 【1692012】，GSD为【"-"】
2024-02-06 00:27:04 ok && -
2024-02-06 00:27:06 CHB 1692012?1707150424 第 1 次 等待 3 秒
2024-02-06 00:27:09 CHB 1692012?1707150424 第 1 次 获取到号码【1692012】GSD
2024-02-06 00:27:09 未获取到号码【1692012】GSD，可能号码格式错误
2024-02-06 00:27:09 获取到号码【1692012】的GSD为【-】
2024-02-06 00:27:13 GSD insert 第 1 次 等待 3 秒
2024-02-06 00:27:16 {"status":"bad","gid":"587465","msg":"添加失败！号码【1692012(-|-)】已存在！"}
2024-02-06 00:27:16 随机等待 216 秒，约 3 分钟
2024-02-06 00:27:16 下次操作: 2024-02-06 00:30:52

2024-02-06 00:30:52 开始第 2100 次操作

2024-02-06 00:30:52 开始操作号码 【1692013】
2024-02-06 00:30:59 GSD getOne 第 1 次 等待 3 秒
2024-02-06 00:31:02 查询号码 【1692013】，返回信息 {"status":"ok","msg":"-","gid":"587494","time_insert":"2023-03-13 06:51"}
2024-02-06 00:31:02 查询号码 【1692013】，GSD为【"-"】
2024-02-06 00:31:02 ok && -
2024-02-06 00:31:05 CHB 1692013?1707150662 第 1 次 等待 3 秒
2024-02-06 00:31:08 CHB 1692013?1707150662 第 1 次 获取到号码【1692013】GSD
2024-02-06 00:31:08 未获取到号码【1692013】GSD，可能号码格式错误
2024-02-06 00:31:08 获取到号码【1692013】的GSD为【-】
2024-02-06 00:31:13 GSD insert 第 1 次 等待 3 秒
2024-02-06 00:31:16 {"status":"bad","gid":"587494","msg":"添加失败！号码【1692013(-|-)】已存在！"}

2024-02-06 00:38:24 开始第 2101 次操作

2024-02-06 00:38:24 开始操作号码 【1692014】
2024-02-06 00:38:28 GSD getOne 第 1 次 等待 3 秒
2024-02-06 00:38:31 查询号码 【1692014】，返回信息 {"status":"ok","msg":"-","gid":"587517","time_insert":"2023-03-13 07:09"}
2024-02-06 00:38:31 查询号码 【1692014】，GSD为【"-"】
2024-02-06 00:38:31 ok && -
2024-02-06 00:38:34 CHB 1692014?1707151111 第 1 次 等待 3 秒
2024-02-06 00:38:37 CHB 1692014?1707151111 第 1 次 获取到号码【1692014】GSD
2024-02-06 00:38:37 未获取到号码【1692014】GSD，可能号码格式错误
2024-02-06 00:38:37 获取到号码【1692014】的GSD为【-】
2024-02-06 00:38:41 GSD insert 第 1 次 等待 3 秒
2024-02-06 00:38:44 {"status":"bad","gid":"587517","msg":"添加失败！号码【1692014(-|-)】已存在！"}
2024-02-06 00:38:44 随机等待 191 秒，约 3 分钟
2024-02-06 00:38:44 下次操作: 2024-02-06 00:41:55

2024-02-06 00:41:55 开始第 2102 次操作

2024-02-06 00:41:55 开始操作号码 【1692015】
2024-02-06 00:42:00 GSD getOne 第 1 次 等待 3 秒
2024-02-06 00:42:03 查询号码 【1692015】，返回信息 {"status":"ok","msg":"-","gid":"587546","time_insert":"2023-03-13 07:28"}
2024-02-06 00:42:03 查询号码 【1692015】，GSD为【"-"】
2024-02-06 00:42:03 ok && -
2024-02-06 00:42:05 CHB 1692015?1707151323 第 1 次 等待 3 秒
2024-02-06 00:42:08 CHB 1692015?1707151323 第 1 次 获取到号码【1692015】GSD
2024-02-06 00:42:08 未获取到号码【1692015】GSD，可能号码格式错误
2024-02-06 00:42:08 获取到号码【1692015】的GSD为【-】
2024-02-06 00:42:12 GSD insert 第 1 次 等待 3 秒
2024-02-06 00:42:15 {"status":"bad","gid":"587546","msg":"添加失败！号码【1692015(-|-)】已存在！"}
2024-02-06 00:42:15 随机等待 232 秒，约 3 分钟
2024-02-06 00:42:15 下次操作: 2024-02-06 00:46:07

2024-02-06 00:46:07 开始第 2103 次操作

2024-02-06 00:46:07 开始操作号码 【1692016】
2024-02-06 00:46:14 GSD getOne 第 1 次 等待 3 秒
2024-02-06 00:46:17 查询号码 【1692016】，返回信息 {"status":"ok","msg":"-","gid":"587574","time_insert":"2023-03-13 07:45"}
2024-02-06 00:46:17 查询号码 【1692016】，GSD为【"-"】
2024-02-06 00:46:17 ok && -
2024-02-06 00:46:19 CHB 1692016?1707151577 第 1 次 等待 3 秒
2024-02-06 00:46:22 CHB 1692016?1707151577 第 1 次 获取到号码【1692016】GSD
2024-02-06 00:46:22 未获取到号码【1692016】GSD，可能号码格式错误
2024-02-06 00:46:22 获取到号码【1692016】的GSD为【-】
2024-02-06 00:46:28 GSD insert 第 1 次 等待 3 秒
2024-02-06 00:46:31 {"status":"bad","gid":"587574","msg":"添加失败！号码【1692016(-|-)】已存在！"}
2024-02-06 00:46:31 随机等待 153 秒，约 2 分钟
2024-02-06 00:46:31 下次操作: 2024-02-06 00:49:04

2024-02-06 00:49:04 开始第 2104 次操作

2024-02-06 00:49:04 开始操作号码 【1692017】
2024-02-06 00:49:08 GSD getOne 第 1 次 等待 3 秒
2024-02-06 00:49:11 查询号码 【1692017】，返回信息 {"status":"ok","msg":"-","gid":"587604","time_insert":"2023-03-13 08:01"}
2024-02-06 00:49:11 查询号码 【1692017】，GSD为【"-"】
2024-02-06 00:49:11 ok && -
2024-02-06 00:49:14 CHB 1692017?1707151751 第 1 次 等待 3 秒
2024-02-06 00:49:17 CHB 1692017?1707151751 第 1 次 获取到号码【1692017】GSD
2024-02-06 00:49:17 未获取到号码【1692017】GSD，可能号码格式错误
2024-02-06 00:49:17 获取到号码【1692017】的GSD为【-】
2024-02-06 00:49:21 GSD insert 第 1 次 等待 3 秒
2024-02-06 00:49:24 {"status":"bad","gid":"587604","msg":"添加失败！号码【1692017(-|-)】已存在！"}

