2024-08-03 00:24:56 开始第 9285 次操作

2024-08-03 00:24:56 开始操作号码 【1479195】
2024-08-03 00:25:07 GSD getOne 第 1 次 等待 3 秒
2024-08-03 00:25:10 查询号码 【1479195】，返回信息 {"status":"ok","msg":"陕西-延安","gid":"362916","time_insert":"2021-07-23 05:51"}
2024-08-03 00:25:10 查询号码 【1479195】，GSD为【"陕西-延安"】

2024-08-03 00:25:11 开始第 9286 次操作

2024-08-03 00:25:11 开始操作号码 【1479196】
2024-08-03 00:25:22 GSD getOne 第 1 次 等待 3 秒
2024-08-03 00:25:25 查询号码 【1479196】，返回信息 {"status":"ok","msg":"陕西-延安","gid":"362904","time_insert":"2021-07-23 05:50"}
2024-08-03 00:25:25 查询号码 【1479196】，GSD为【"陕西-延安"】

2024-08-03 00:25:26 开始第 9287 次操作

2024-08-03 00:25:26 开始操作号码 【1479197】
2024-08-03 00:25:34 GSD getOne 第 1 次 等待 3 秒
2024-08-03 00:25:37 查询号码 【1479197】，返回信息 {"status":"ok","msg":"陕西-延安","gid":"362896","time_insert":"2021-07-23 05:50"}
2024-08-03 00:25:37 查询号码 【1479197】，GSD为【"陕西-延安"】

2024-08-03 00:25:38 开始第 9288 次操作

2024-08-03 00:25:38 开始操作号码 【1479198】
2024-08-03 00:25:46 GSD getOne 第 1 次 等待 3 秒
2024-08-03 00:25:49 查询号码 【1479198】，返回信息 {"status":"ok","msg":"陕西-延安","gid":"362889","time_insert":"2021-07-23 05:49"}
2024-08-03 00:25:49 查询号码 【1479198】，GSD为【"陕西-延安"】

