2023-12-15 00:19:29 开始第 3185 次操作

2023-12-15 00:19:29 开始操作号码 【1803100】
2023-12-15 00:19:35 GSD getOne 第 1 次 等待 3 秒
2023-12-15 00:19:38 查询号码 【1803100】，返回信息 {"status":"ok","msg":"河北-邯郸","gid":"288043","time_insert":"2021-07-15 23:10"}
2023-12-15 00:19:38 查询号码 【1803100】，GSD为【"河北-邯郸"】

2023-12-15 00:19:39 开始第 3186 次操作

2023-12-15 00:19:39 开始操作号码 【1803101】
2023-12-15 00:19:45 GSD getOne 第 1 次 等待 3 秒
2023-12-15 00:19:48 查询号码 【1803101】，返回信息 {"status":"ok","msg":"河北-邯郸","gid":"288050","time_insert":"2021-07-15 23:12"}
2023-12-15 00:19:48 查询号码 【1803101】，GSD为【"河北-邯郸"】

2023-12-15 00:19:49 开始第 3187 次操作

2023-12-15 00:19:49 开始操作号码 【1803102】
2023-12-15 00:19:53 GSD getOne 第 1 次 等待 3 秒
2023-12-15 00:19:56 查询号码 【1803102】，返回信息 {"status":"ok","msg":"河北-邯郸","gid":"32120","time_insert":"2019-03-11 21:53","time_update":"2020-08-18 21:18"}
2023-12-15 00:19:56 查询号码 【1803102】，GSD为【"河北-邯郸"】

2023-12-15 00:19:57 开始第 3188 次操作

2023-12-15 00:19:57 开始操作号码 【1803103】
2023-12-15 00:20:02 GSD getOne 第 1 次 等待 3 秒
2023-12-15 00:20:05 查询号码 【1803103】，返回信息 {"status":"ok","msg":"河北-邯郸","gid":"288054","time_insert":"2021-07-15 23:13"}
2023-12-15 00:20:05 查询号码 【1803103】，GSD为【"河北-邯郸"】

