2024-02-09 00:21:14 开始第 2629 次操作

2024-02-09 00:21:14 开始操作号码 【1692542】
2024-02-09 00:21:19 GSD getOne 第 1 次 等待 3 秒
2024-02-09 00:21:22 查询号码 【1692542】，返回信息 {"status":"ok","msg":"-","gid":"601078","time_insert":"2023-03-19 17:43"}
2024-02-09 00:21:22 查询号码 【1692542】，GSD为【"-"】
2024-02-09 00:21:22 ok && -
2024-02-09 00:21:24 CHB 1692542?1707409282 第 1 次 等待 3 秒
2024-02-09 00:21:27 CHB 1692542?1707409282 第 1 次 获取到号码【1692542】GSD
2024-02-09 00:21:27 未获取到号码【1692542】GSD，可能号码格式错误
2024-02-09 00:21:27 获取到号码【1692542】的GSD为【-】
2024-02-09 00:21:39 GSD insert 第 1 次 等待 3 秒
2024-02-09 00:21:42 {"status":"bad","gid":"601078","msg":"添加失败！号码【1692542(-|-)】已存在！"}
2024-02-09 00:21:42 随机等待 176 秒，约 2 分钟
2024-02-09 00:21:42 下次操作: 2024-02-09 00:24:38

2024-02-09 00:24:38 开始第 2630 次操作

2024-02-09 00:24:38 开始操作号码 【1692543】
2024-02-09 00:24:42 GSD getOne 第 1 次 等待 3 秒
2024-02-09 00:24:45 查询号码 【1692543】，返回信息 {"status":"ok","msg":"-","gid":"601109","time_insert":"2023-03-19 18:00"}
2024-02-09 00:24:45 查询号码 【1692543】，GSD为【"-"】
2024-02-09 00:24:45 ok && -
2024-02-09 00:24:48 CHB 1692543?1707409485 第 1 次 等待 3 秒
2024-02-09 00:24:51 CHB 1692543?1707409485 第 1 次 获取到号码【1692543】GSD
2024-02-09 00:24:51 未获取到号码【1692543】GSD，可能号码格式错误
2024-02-09 00:24:51 获取到号码【1692543】的GSD为【-】
2024-02-09 00:24:56 GSD insert 第 1 次 等待 3 秒
2024-02-09 00:24:59 {"status":"bad","gid":"601109","msg":"添加失败！号码【1692543(-|-)】已存在！"}
2024-02-09 00:24:59 随机等待 127 秒，约 2 分钟
2024-02-09 00:24:59 下次操作: 2024-02-09 00:27:06

2024-02-09 00:27:06 开始第 2631 次操作

2024-02-09 00:27:06 开始操作号码 【1692544】
2024-02-09 00:27:10 GSD getOne 第 1 次 等待 3 秒
2024-02-09 00:27:13 查询号码 【1692544】，返回信息 {"status":"ok","msg":"-","gid":"601133","time_insert":"2023-03-19 18:19"}
2024-02-09 00:27:14 查询号码 【1692544】，GSD为【"-"】
2024-02-09 00:27:14 ok && -
2024-02-09 00:27:17 CHB 1692544?1707409634 第 1 次 等待 3 秒
2024-02-09 00:27:20 CHB 1692544?1707409634 第 1 次 获取到号码【1692544】GSD
2024-02-09 00:27:20 未获取到号码【1692544】GSD，可能号码格式错误
2024-02-09 00:27:20 获取到号码【1692544】的GSD为【-】
2024-02-09 00:27:24 GSD insert 第 1 次 等待 3 秒
2024-02-09 00:27:27 {"status":"bad","gid":"601133","msg":"添加失败！号码【1692544(-|-)】已存在！"}
2024-02-09 00:27:27 随机等待 227 秒，约 3 分钟
2024-02-09 00:27:27 下次操作: 2024-02-09 00:31:14

2024-02-09 00:31:14 开始第 2632 次操作

2024-02-09 00:31:14 开始操作号码 【1692545】
2024-02-09 00:31:18 GSD getOne 第 1 次 等待 3 秒
2024-02-09 00:31:21 查询号码 【1692545】，返回信息 {"status":"ok","msg":"-","gid":"601159","time_insert":"2023-03-19 18:36"}
2024-02-09 00:31:21 查询号码 【1692545】，GSD为【"-"】
2024-02-09 00:31:21 ok && -
2024-02-09 00:31:25 CHB 1692545?1707409881 第 1 次 等待 3 秒
2024-02-09 00:31:28 CHB 1692545?1707409881 第 1 次 获取到号码【1692545】GSD
2024-02-09 00:31:28 未获取到号码【1692545】GSD，可能号码格式错误
2024-02-09 00:31:28 获取到号码【1692545】的GSD为【-】
2024-02-09 00:31:32 GSD insert 第 1 次 等待 3 秒
2024-02-09 00:31:35 {"status":"bad","gid":"601159","msg":"添加失败！号码【1692545(-|-)】已存在！"}

2024-02-09 00:38:24 开始第 2633 次操作

2024-02-09 00:38:24 开始操作号码 【1692546】
2024-02-09 00:38:33 GSD getOne 第 1 次 等待 3 秒
2024-02-09 00:38:36 查询号码 【1692546】，返回信息 {"status":"ok","msg":"-","gid":"601190","time_insert":"2023-03-19 18:52"}
2024-02-09 00:38:36 查询号码 【1692546】，GSD为【"-"】
2024-02-09 00:38:36 ok && -
2024-02-09 00:38:39 CHB 1692546?1707410316 第 1 次 等待 3 秒
2024-02-09 00:38:42 CHB 1692546?1707410316 第 1 次 获取到号码【1692546】GSD
2024-02-09 00:38:42 未获取到号码【1692546】GSD，可能号码格式错误
2024-02-09 00:38:42 获取到号码【1692546】的GSD为【-】
2024-02-09 00:38:46 GSD insert 第 1 次 等待 3 秒
2024-02-09 00:38:49 {"status":"bad","gid":"601190","msg":"添加失败！号码【1692546(-|-)】已存在！"}
2024-02-09 00:38:49 随机等待 204 秒，约 3 分钟
2024-02-09 00:38:49 下次操作: 2024-02-09 00:42:13

2024-02-09 00:42:13 开始第 2634 次操作

2024-02-09 00:42:13 开始操作号码 【1692547】
2024-02-09 00:42:17 GSD getOne 第 1 次 等待 3 秒
2024-02-09 00:42:20 查询号码 【1692547】，返回信息 {"status":"ok","msg":"-","gid":"601215","time_insert":"2023-03-19 19:08"}
2024-02-09 00:42:20 查询号码 【1692547】，GSD为【"-"】
2024-02-09 00:42:20 ok && -
2024-02-09 00:42:23 CHB 1692547?1707410540 第 1 次 等待 3 秒
2024-02-09 00:42:26 CHB 1692547?1707410540 第 1 次 获取到号码【1692547】GSD
2024-02-09 00:42:26 未获取到号码【1692547】GSD，可能号码格式错误
2024-02-09 00:42:26 获取到号码【1692547】的GSD为【-】
2024-02-09 00:42:31 GSD insert 第 1 次 等待 3 秒
2024-02-09 00:42:34 {"status":"bad","gid":"601215","msg":"添加失败！号码【1692547(-|-)】已存在！"}
2024-02-09 00:42:34 随机等待 144 秒，约 2 分钟
2024-02-09 00:42:34 下次操作: 2024-02-09 00:44:58

2024-02-09 00:44:58 开始第 2635 次操作

2024-02-09 00:44:58 开始操作号码 【1692548】
2024-02-09 00:45:02 GSD getOne 第 1 次 等待 3 秒
2024-02-09 00:45:05 查询号码 【1692548】，返回信息 {"status":"ok","msg":"-","gid":"601250","time_insert":"2023-03-19 19:28"}
2024-02-09 00:45:05 查询号码 【1692548】，GSD为【"-"】
2024-02-09 00:45:05 ok && -
2024-02-09 00:45:07 CHB 1692548?1707410705 第 1 次 等待 3 秒
2024-02-09 00:45:10 CHB 1692548?1707410705 第 1 次 获取到号码【1692548】GSD
2024-02-09 00:45:10 未获取到号码【1692548】GSD，可能号码格式错误
2024-02-09 00:45:10 获取到号码【1692548】的GSD为【-】
2024-02-09 00:45:15 GSD insert 第 1 次 等待 3 秒
2024-02-09 00:45:18 {"status":"bad","gid":"601250","msg":"添加失败！号码【1692548(-|-)】已存在！"}
2024-02-09 00:45:18 随机等待 162 秒，约 2 分钟
2024-02-09 00:45:18 下次操作: 2024-02-09 00:48:00

2024-02-09 00:48:00 开始第 2636 次操作

2024-02-09 00:48:00 开始操作号码 【1692549】
2024-02-09 00:48:04 GSD getOne 第 1 次 等待 3 秒
2024-02-09 00:48:07 查询号码 【1692549】，返回信息 {"status":"ok","msg":"-","gid":"601283","time_insert":"2023-03-19 19:47"}
2024-02-09 00:48:07 查询号码 【1692549】，GSD为【"-"】
2024-02-09 00:48:07 ok && -
2024-02-09 00:48:09 CHB 1692549?1707410887 第 1 次 等待 3 秒
2024-02-09 00:48:12 CHB 1692549?1707410887 第 1 次 获取到号码【1692549】GSD
2024-02-09 00:48:12 未获取到号码【1692549】GSD，可能号码格式错误
2024-02-09 00:48:12 获取到号码【1692549】的GSD为【-】
2024-02-09 00:48:19 GSD insert 第 1 次 等待 3 秒
2024-02-09 00:48:22 {"status":"bad","gid":"601283","msg":"添加失败！号码【1692549(-|-)】已存在！"}

2024-02-09 01:16:30 开始第 2637 次操作

2024-02-09 01:16:30 开始操作号码 【1692550】
2024-02-09 01:16:34 GSD getOne 第 1 次 等待 3 秒
2024-02-09 01:16:37 查询号码 【1692550】，返回信息 {"status":"ok","msg":"-","gid":"601311","time_insert":"2023-03-19 20:07"}
2024-02-09 01:16:37 查询号码 【1692550】，GSD为【"-"】
2024-02-09 01:16:37 ok && -
2024-02-09 01:16:40 CHB 1692550?1707412597 第 1 次 等待 3 秒
2024-02-09 01:16:43 CHB 1692550?1707412597 第 1 次 获取到号码【1692550】GSD
2024-02-09 01:16:43 未获取到号码【1692550】GSD，可能号码格式错误
2024-02-09 01:16:43 获取到号码【1692550】的GSD为【-】
2024-02-09 01:16:47 GSD insert 第 1 次 等待 3 秒
2024-02-09 01:16:50 {"status":"bad","gid":"601311","msg":"添加失败！号码【1692550(-|-)】已存在！"}
2024-02-09 01:16:51 随机等待 136 秒，约 2 分钟
2024-02-09 01:16:51 下次操作: 2024-02-09 01:19:06

2024-02-09 01:19:07 开始第 2638 次操作

2024-02-09 01:19:07 开始操作号码 【1692551】
2024-02-09 01:19:11 GSD getOne 第 1 次 等待 3 秒
2024-02-09 01:19:14 查询号码 【1692551】，返回信息 {"status":"ok","msg":"-","gid":"601329","time_insert":"2023-03-19 20:23"}
2024-02-09 01:19:14 查询号码 【1692551】，GSD为【"-"】
2024-02-09 01:19:14 ok && -
2024-02-09 01:19:16 CHB 1692551?1707412754 第 1 次 等待 3 秒
2024-02-09 01:19:19 CHB 1692551?1707412754 第 1 次 获取到号码【1692551】GSD
2024-02-09 01:19:20 未获取到号码【1692551】GSD，可能号码格式错误
2024-02-09 01:19:20 获取到号码【1692551】的GSD为【-】
2024-02-09 01:19:24 GSD insert 第 1 次 等待 3 秒
2024-02-09 01:19:27 {"status":"bad","gid":"601329","msg":"添加失败！号码【1692551(-|-)】已存在！"}
2024-02-09 01:19:27 随机等待 148 秒，约 2 分钟
2024-02-09 01:19:27 下次操作: 2024-02-09 01:21:55

2024-02-09 01:21:55 开始第 2639 次操作

2024-02-09 01:21:55 开始操作号码 【1692552】
2024-02-09 01:21:59 GSD getOne 第 1 次 等待 3 秒
2024-02-09 01:22:02 查询号码 【1692552】，返回信息 {"status":"ok","msg":"-","gid":"601348","time_insert":"2023-03-19 20:39"}
2024-02-09 01:22:02 查询号码 【1692552】，GSD为【"-"】
2024-02-09 01:22:02 ok && -
2024-02-09 01:22:05 CHB 1692552?1707412922 第 1 次 等待 3 秒
2024-02-09 01:22:08 CHB 1692552?1707412922 第 1 次 获取到号码【1692552】GSD
2024-02-09 01:22:08 未获取到号码【1692552】GSD，可能号码格式错误
2024-02-09 01:22:08 获取到号码【1692552】的GSD为【-】
2024-02-09 01:22:12 GSD insert 第 1 次 等待 3 秒
2024-02-09 01:22:15 {"status":"bad","gid":"601348","msg":"添加失败！号码【1692552(-|-)】已存在！"}
2024-02-09 01:22:15 随机等待 104 秒，约 1 分钟
2024-02-09 01:22:15 下次操作: 2024-02-09 01:23:59

2024-02-09 01:23:59 开始第 2640 次操作

2024-02-09 01:23:59 开始操作号码 【1692553】
2024-02-09 01:24:04 GSD getOne 第 1 次 等待 3 秒
2024-02-09 01:24:07 查询号码 【1692553】，返回信息 {"status":"ok","msg":"-","gid":"601371","time_insert":"2023-03-19 20:56"}
2024-02-09 01:24:07 查询号码 【1692553】，GSD为【"-"】
2024-02-09 01:24:07 ok && -
2024-02-09 01:24:09 CHB 1692553?1707413047 第 1 次 等待 3 秒
2024-02-09 01:24:12 CHB 1692553?1707413047 第 1 次 获取到号码【1692553】GSD
2024-02-09 01:24:12 未获取到号码【1692553】GSD，可能号码格式错误
2024-02-09 01:24:12 获取到号码【1692553】的GSD为【-】
2024-02-09 01:24:18 GSD insert 第 1 次 等待 3 秒
2024-02-09 01:24:21 {"status":"bad","gid":"601371","msg":"添加失败！号码【1692553(-|-)】已存在！"}

2024-02-09 01:37:55 开始第 2641 次操作

2024-02-09 01:37:55 开始操作号码 【1692554】
2024-02-09 01:37:59 GSD getOne 第 1 次 等待 3 秒
2024-02-09 01:38:02 查询号码 【1692554】，返回信息 {"status":"ok","msg":"-","gid":"601395","time_insert":"2023-03-19 21:16"}
2024-02-09 01:38:02 查询号码 【1692554】，GSD为【"-"】
2024-02-09 01:38:02 ok && -
2024-02-09 01:38:04 CHB 1692554?1707413882 第 1 次 等待 3 秒
2024-02-09 01:38:07 CHB 1692554?1707413882 第 1 次 获取到号码【1692554】GSD
2024-02-09 01:38:07 未获取到号码【1692554】GSD，可能号码格式错误
2024-02-09 01:38:07 获取到号码【1692554】的GSD为【-】
2024-02-09 01:38:12 GSD insert 第 1 次 等待 3 秒
2024-02-09 01:38:15 {"status":"bad","gid":"601395","msg":"添加失败！号码【1692554(-|-)】已存在！"}
2024-02-09 01:38:15 随机等待 124 秒，约 2 分钟
2024-02-09 01:38:15 下次操作: 2024-02-09 01:40:19

2024-02-09 01:40:19 开始第 2642 次操作

2024-02-09 01:40:19 开始操作号码 【1692555】
2024-02-09 01:40:23 GSD getOne 第 1 次 等待 3 秒
2024-02-09 01:40:26 查询号码 【1692555】，返回信息 {"status":"ok","msg":"-","gid":"601426","time_insert":"2023-03-19 21:36"}
2024-02-09 01:40:26 查询号码 【1692555】，GSD为【"-"】
2024-02-09 01:40:26 ok && -
2024-02-09 01:40:28 CHB 1692555?1707414026 第 1 次 等待 3 秒
2024-02-09 01:40:31 CHB 1692555?1707414026 第 1 次 获取到号码【1692555】GSD
2024-02-09 01:40:31 未获取到号码【1692555】GSD，可能号码格式错误
2024-02-09 01:40:31 获取到号码【1692555】的GSD为【-】
2024-02-09 01:40:36 GSD insert 第 1 次 等待 3 秒
2024-02-09 01:40:39 {"status":"bad","gid":"601426","msg":"添加失败！号码【1692555(-|-)】已存在！"}
2024-02-09 01:40:39 随机等待 214 秒，约 3 分钟
2024-02-09 01:40:39 下次操作: 2024-02-09 01:44:13

2024-02-09 01:44:13 开始第 2643 次操作

2024-02-09 01:44:13 开始操作号码 【1692556】
2024-02-09 01:44:17 GSD getOne 第 1 次 等待 3 秒
2024-02-09 01:44:20 查询号码 【1692556】，返回信息 {"status":"ok","msg":"-","gid":"601454","time_insert":"2023-03-19 21:54"}
2024-02-09 01:44:20 查询号码 【1692556】，GSD为【"-"】
2024-02-09 01:44:20 ok && -
2024-02-09 01:44:22 CHB 1692556?1707414260 第 1 次 等待 3 秒
2024-02-09 01:44:25 CHB 1692556?1707414260 第 1 次 获取到号码【1692556】GSD
2024-02-09 01:44:25 未获取到号码【1692556】GSD，可能号码格式错误
2024-02-09 01:44:25 获取到号码【1692556】的GSD为【-】
2024-02-09 01:44:29 GSD insert 第 1 次 等待 3 秒
2024-02-09 01:44:32 {"status":"bad","gid":"601454","msg":"添加失败！号码【1692556(-|-)】已存在！"}
2024-02-09 01:44:32 随机等待 87 秒，约 1 分钟
2024-02-09 01:44:32 下次操作: 2024-02-09 01:45:59

2024-02-09 01:45:59 开始第 2644 次操作

2024-02-09 01:45:59 开始操作号码 【1692557】
2024-02-09 01:46:03 GSD getOne 第 1 次 等待 3 秒
2024-02-09 01:46:06 查询号码 【1692557】，返回信息 {"status":"ok","msg":"-","gid":"601481","time_insert":"2023-03-19 22:12"}
2024-02-09 01:46:06 查询号码 【1692557】，GSD为【"-"】
2024-02-09 01:46:06 ok && -
2024-02-09 01:46:08 CHB 1692557?1707414366 第 1 次 等待 3 秒
2024-02-09 01:46:11 CHB 1692557?1707414366 第 1 次 获取到号码【1692557】GSD
2024-02-09 01:46:11 未获取到号码【1692557】GSD，可能号码格式错误
2024-02-09 01:46:11 获取到号码【1692557】的GSD为【-】
2024-02-09 01:46:16 GSD insert 第 1 次 等待 3 秒
2024-02-09 01:46:19 {"status":"bad","gid":"601481","msg":"添加失败！号码【1692557(-|-)】已存在！"}

2024-02-09 02:20:35 开始第 2645 次操作

2024-02-09 02:20:35 开始操作号码 【1692558】
2024-02-09 02:20:39 GSD getOne 第 1 次 等待 3 秒
2024-02-09 02:20:42 查询号码 【1692558】，返回信息 {"status":"ok","msg":"-","gid":"601510","time_insert":"2023-03-19 22:29"}
2024-02-09 02:20:42 查询号码 【1692558】，GSD为【"-"】
2024-02-09 02:20:42 ok && -
2024-02-09 02:20:45 CHB 1692558?1707416442 第 1 次 等待 3 秒
2024-02-09 02:20:48 CHB 1692558?1707416442 第 1 次 获取到号码【1692558】GSD
2024-02-09 02:20:48 未获取到号码【1692558】GSD，可能号码格式错误
2024-02-09 02:20:48 获取到号码【1692558】的GSD为【-】
2024-02-09 02:20:52 GSD insert 第 1 次 等待 3 秒
2024-02-09 02:20:55 {"status":"bad","gid":"601510","msg":"添加失败！号码【1692558(-|-)】已存在！"}
2024-02-09 02:20:55 随机等待 95 秒，约 1 分钟
2024-02-09 02:20:55 下次操作: 2024-02-09 02:22:30

2024-02-09 02:22:30 开始第 2646 次操作

2024-02-09 02:22:30 开始操作号码 【1692559】
2024-02-09 02:22:34 GSD getOne 第 1 次 等待 3 秒
2024-02-09 02:22:37 查询号码 【1692559】，返回信息 {"status":"ok","msg":"-","gid":"601538","time_insert":"2023-03-19 22:46"}
2024-02-09 02:22:37 查询号码 【1692559】，GSD为【"-"】
2024-02-09 02:22:37 ok && -
2024-02-09 02:22:39 CHB 1692559?1707416557 第 1 次 等待 3 秒
2024-02-09 02:22:42 CHB 1692559?1707416557 第 1 次 获取到号码【1692559】GSD
2024-02-09 02:22:42 未获取到号码【1692559】GSD，可能号码格式错误
2024-02-09 02:22:42 获取到号码【1692559】的GSD为【-】
2024-02-09 02:22:46 GSD insert 第 1 次 等待 3 秒
2024-02-09 02:22:49 {"status":"bad","gid":"601538","msg":"添加失败！号码【1692559(-|-)】已存在！"}
2024-02-09 02:22:49 随机等待 155 秒，约 2 分钟
2024-02-09 02:22:49 下次操作: 2024-02-09 02:25:24

2024-02-09 02:25:24 开始第 2647 次操作

2024-02-09 02:25:24 开始操作号码 【1692560】
2024-02-09 02:25:29 GSD getOne 第 1 次 等待 3 秒
2024-02-09 02:25:32 查询号码 【1692560】，返回信息 {"status":"ok","msg":"-","gid":"601563","time_insert":"2023-03-19 23:01"}
2024-02-09 02:25:32 查询号码 【1692560】，GSD为【"-"】
2024-02-09 02:25:32 ok && -
2024-02-09 02:25:35 CHB 1692560?1707416732 第 1 次 等待 3 秒
2024-02-09 02:25:38 CHB 1692560?1707416732 第 1 次 获取到号码【1692560】GSD
2024-02-09 02:25:38 未获取到号码【1692560】GSD，可能号码格式错误
2024-02-09 02:25:38 获取到号码【1692560】的GSD为【-】
2024-02-09 02:25:43 GSD insert 第 1 次 等待 3 秒
2024-02-09 02:25:46 {"status":"bad","gid":"601563","msg":"添加失败！号码【1692560(-|-)】已存在！"}
2024-02-09 02:25:46 随机等待 147 秒，约 2 分钟
2024-02-09 02:25:46 下次操作: 2024-02-09 02:28:13

2024-02-09 02:28:13 开始第 2648 次操作

2024-02-09 02:28:13 开始操作号码 【1692561】
2024-02-09 02:28:16 GSD getOne 第 1 次 等待 3 秒
2024-02-09 02:28:19 查询号码 【1692561】，返回信息 {"status":"ok","msg":"-","gid":"601585","time_insert":"2023-03-19 23:17"}
2024-02-09 02:28:20 查询号码 【1692561】，GSD为【"-"】
2024-02-09 02:28:20 ok && -
2024-02-09 02:28:22 CHB 1692561?1707416900 第 1 次 等待 3 秒
2024-02-09 02:28:25 CHB 1692561?1707416900 第 1 次 获取到号码【1692561】GSD
2024-02-09 02:28:25 未获取到号码【1692561】GSD，可能号码格式错误
2024-02-09 02:28:25 获取到号码【1692561】的GSD为【-】
2024-02-09 02:28:29 GSD insert 第 1 次 等待 3 秒
2024-02-09 02:28:32 {"status":"bad","gid":"601585","msg":"添加失败！号码【1692561(-|-)】已存在！"}

2024-02-09 02:39:10 开始第 2649 次操作

2024-02-09 02:39:10 开始操作号码 【1692562】
2024-02-09 02:39:15 GSD getOne 第 1 次 等待 3 秒
2024-02-09 02:39:18 查询号码 【1692562】，返回信息 {"status":"ok","msg":"-","gid":"601613","time_insert":"2023-03-19 23:36"}
2024-02-09 02:39:18 查询号码 【1692562】，GSD为【"-"】
2024-02-09 02:39:18 ok && -
2024-02-09 02:39:21 CHB 1692562?1707417558 第 1 次 等待 3 秒
2024-02-09 02:39:24 CHB 1692562?1707417558 第 1 次 获取到号码【1692562】GSD
2024-02-09 02:39:24 未获取到号码【1692562】GSD，可能号码格式错误
2024-02-09 02:39:24 获取到号码【1692562】的GSD为【-】
2024-02-09 02:39:29 GSD insert 第 1 次 等待 3 秒
2024-02-09 02:39:32 {"status":"bad","gid":"601613","msg":"添加失败！号码【1692562(-|-)】已存在！"}
2024-02-09 02:39:32 随机等待 192 秒，约 3 分钟
2024-02-09 02:39:32 下次操作: 2024-02-09 02:42:44

2024-02-09 02:42:44 开始第 2650 次操作

2024-02-09 02:42:44 开始操作号码 【1692563】
2024-02-09 02:42:48 GSD getOne 第 1 次 等待 3 秒
2024-02-09 02:42:51 查询号码 【1692563】，返回信息 {"status":"ok","msg":"-","gid":"601643","time_insert":"2023-03-19 23:54"}
2024-02-09 02:42:51 查询号码 【1692563】，GSD为【"-"】
2024-02-09 02:42:51 ok && -
2024-02-09 02:42:53 CHB 1692563?1707417771 第 1 次 等待 3 秒
2024-02-09 02:42:56 CHB 1692563?1707417771 第 1 次 获取到号码【1692563】GSD
2024-02-09 02:42:56 未获取到号码【1692563】GSD，可能号码格式错误
2024-02-09 02:42:56 获取到号码【1692563】的GSD为【-】
2024-02-09 02:43:01 GSD insert 第 1 次 等待 3 秒
2024-02-09 02:43:04 {"status":"bad","gid":"601643","msg":"添加失败！号码【1692563(-|-)】已存在！"}
2024-02-09 02:43:04 随机等待 116 秒，约 1 分钟
2024-02-09 02:43:04 下次操作: 2024-02-09 02:45:00

2024-02-09 02:45:00 开始第 2651 次操作

2024-02-09 02:45:00 开始操作号码 【1692564】
2024-02-09 02:45:04 GSD getOne 第 1 次 等待 3 秒
2024-02-09 02:45:07 查询号码 【1692564】，返回信息 {"status":"ok","msg":"-","gid":"601664","time_insert":"2023-03-20 00:12"}
2024-02-09 02:45:07 查询号码 【1692564】，GSD为【"-"】
2024-02-09 02:45:07 ok && -
2024-02-09 02:45:09 CHB 1692564?1707417907 第 1 次 等待 3 秒
2024-02-09 02:45:12 CHB 1692564?1707417907 第 1 次 获取到号码【1692564】GSD
2024-02-09 02:45:12 未获取到号码【1692564】GSD，可能号码格式错误
2024-02-09 02:45:12 获取到号码【1692564】的GSD为【-】
2024-02-09 02:45:16 GSD insert 第 1 次 等待 3 秒
2024-02-09 02:45:19 {"status":"bad","gid":"601664","msg":"添加失败！号码【1692564(-|-)】已存在！"}
2024-02-09 02:45:19 随机等待 178 秒，约 2 分钟
2024-02-09 02:45:19 下次操作: 2024-02-09 02:48:17

2024-02-09 02:48:17 开始第 2652 次操作

2024-02-09 02:48:17 开始操作号码 【1692565】
2024-02-09 02:48:21 GSD getOne 第 1 次 等待 3 秒
2024-02-09 02:48:24 查询号码 【1692565】，返回信息 {"status":"ok","msg":"-","gid":"601685","time_insert":"2023-03-20 00:29"}
2024-02-09 02:48:25 查询号码 【1692565】，GSD为【"-"】
2024-02-09 02:48:25 ok && -
2024-02-09 02:48:27 CHB 1692565?1707418105 第 1 次 等待 3 秒
2024-02-09 02:48:30 CHB 1692565?1707418105 第 1 次 获取到号码【1692565】GSD
2024-02-09 02:48:30 未获取到号码【1692565】GSD，可能号码格式错误
2024-02-09 02:48:30 获取到号码【1692565】的GSD为【-】
2024-02-09 02:48:34 GSD insert 第 1 次 等待 3 秒
2024-02-09 02:48:37 {"status":"bad","gid":"601685","msg":"添加失败！号码【1692565(-|-)】已存在！"}

2024-02-09 03:13:46 开始第 2653 次操作

2024-02-09 03:13:46 开始操作号码 【1692566】
2024-02-09 03:13:51 GSD getOne 第 1 次 等待 3 秒
2024-02-09 03:13:54 查询号码 【1692566】，返回信息 {"status":"ok","msg":"-","gid":"601708","time_insert":"2023-03-20 00:45"}
2024-02-09 03:13:54 查询号码 【1692566】，GSD为【"-"】
2024-02-09 03:13:54 ok && -
2024-02-09 03:13:56 CHB 1692566?1707419634 第 1 次 等待 3 秒
2024-02-09 03:13:59 CHB 1692566?1707419634 第 1 次 获取到号码【1692566】GSD
2024-02-09 03:13:59 未获取到号码【1692566】GSD，可能号码格式错误
2024-02-09 03:13:59 获取到号码【1692566】的GSD为【-】
2024-02-09 03:14:03 GSD insert 第 1 次 等待 3 秒
2024-02-09 03:14:06 {"status":"bad","gid":"601708","msg":"添加失败！号码【1692566(-|-)】已存在！"}
2024-02-09 03:14:06 随机等待 208 秒，约 3 分钟
2024-02-09 03:14:06 下次操作: 2024-02-09 03:17:34

2024-02-09 03:17:34 开始第 2654 次操作

2024-02-09 03:17:34 开始操作号码 【1692567】
2024-02-09 03:17:38 GSD getOne 第 1 次 等待 3 秒
2024-02-09 03:17:41 查询号码 【1692567】，返回信息 {"status":"ok","msg":"-","gid":"601729","time_insert":"2023-03-20 01:01"}
2024-02-09 03:17:41 查询号码 【1692567】，GSD为【"-"】
2024-02-09 03:17:41 ok && -
2024-02-09 03:17:44 CHB 1692567?1707419861 第 1 次 等待 3 秒
2024-02-09 03:17:47 CHB 1692567?1707419861 第 1 次 获取到号码【1692567】GSD
2024-02-09 03:17:47 未获取到号码【1692567】GSD，可能号码格式错误
2024-02-09 03:17:47 获取到号码【1692567】的GSD为【-】
2024-02-09 03:17:51 GSD insert 第 1 次 等待 3 秒
2024-02-09 03:17:54 {"status":"bad","gid":"601729","msg":"添加失败！号码【1692567(-|-)】已存在！"}
2024-02-09 03:17:54 随机等待 189 秒，约 3 分钟
2024-02-09 03:17:54 下次操作: 2024-02-09 03:21:03

2024-02-09 03:21:03 开始第 2655 次操作

2024-02-09 03:21:03 开始操作号码 【1692568】
2024-02-09 03:21:07 GSD getOne 第 1 次 等待 3 秒
2024-02-09 03:21:10 查询号码 【1692568】，返回信息 {"status":"ok","msg":"-","gid":"601758","time_insert":"2023-03-20 01:20"}
2024-02-09 03:21:11 查询号码 【1692568】，GSD为【"-"】
2024-02-09 03:21:11 ok && -
2024-02-09 03:21:21 CHB 1692568?1707420071 第 1 次 等待 3 秒
2024-02-09 03:21:24 CHB 1692568?1707420071 第 1 次 获取到号码【1692568】GSD
2024-02-09 03:21:24 未获取到号码【1692568】GSD，可能号码格式错误
2024-02-09 03:21:24 获取到号码【1692568】的GSD为【-】
2024-02-09 03:21:28 GSD insert 第 1 次 等待 3 秒
2024-02-09 03:21:31 {"status":"bad","gid":"601758","msg":"添加失败！号码【1692568(-|-)】已存在！"}
2024-02-09 03:21:31 随机等待 196 秒，约 3 分钟
2024-02-09 03:21:31 下次操作: 2024-02-09 03:24:47

2024-02-09 03:24:47 开始第 2656 次操作

2024-02-09 03:24:47 开始操作号码 【1692569】
2024-02-09 03:24:52 GSD getOne 第 1 次 等待 3 秒
2024-02-09 03:24:55 查询号码 【1692569】，返回信息 {"status":"ok","msg":"-","gid":"601783","time_insert":"2023-03-20 01:37"}
2024-02-09 03:24:55 查询号码 【1692569】，GSD为【"-"】
2024-02-09 03:24:55 ok && -
2024-02-09 03:24:57 CHB 1692569?1707420295 第 1 次 等待 3 秒
2024-02-09 03:25:00 CHB 1692569?1707420295 第 1 次 获取到号码【1692569】GSD
2024-02-09 03:25:00 未获取到号码【1692569】GSD，可能号码格式错误
2024-02-09 03:25:00 获取到号码【1692569】的GSD为【-】
2024-02-09 03:25:06 GSD insert 第 1 次 等待 3 秒
2024-02-09 03:25:09 {"status":"bad","gid":"601783","msg":"添加失败！号码【1692569(-|-)】已存在！"}

2024-02-09 03:37:52 开始第 2657 次操作

2024-02-09 03:37:52 开始操作号码 【1692570】
2024-02-09 03:37:57 GSD getOne 第 1 次 等待 3 秒
2024-02-09 03:38:00 查询号码 【1692570】，返回信息 {"status":"ok","msg":"-","gid":"601817","time_insert":"2023-03-20 01:56"}
2024-02-09 03:38:00 查询号码 【1692570】，GSD为【"-"】
2024-02-09 03:38:00 ok && -
2024-02-09 03:38:03 CHB 1692570?1707421080 第 1 次 等待 3 秒
2024-02-09 03:38:06 CHB 1692570?1707421080 第 1 次 获取到号码【1692570】GSD
2024-02-09 03:38:06 未获取到号码【1692570】GSD，可能号码格式错误
2024-02-09 03:38:06 获取到号码【1692570】的GSD为【-】
2024-02-09 03:38:10 GSD insert 第 1 次 等待 3 秒
2024-02-09 03:38:13 {"status":"bad","gid":"601817","msg":"添加失败！号码【1692570(-|-)】已存在！"}
2024-02-09 03:38:13 随机等待 113 秒，约 1 分钟
2024-02-09 03:38:13 下次操作: 2024-02-09 03:40:06

2024-02-09 03:40:06 开始第 2658 次操作

2024-02-09 03:40:06 开始操作号码 【1692571】
2024-02-09 03:40:10 GSD getOne 第 1 次 等待 3 秒
2024-02-09 03:40:13 查询号码 【1692571】，返回信息 {"status":"ok","msg":"-","gid":"601849","time_insert":"2023-03-20 02:17"}
2024-02-09 03:40:13 查询号码 【1692571】，GSD为【"-"】
2024-02-09 03:40:13 ok && -
2024-02-09 03:40:16 CHB 1692571?1707421213 第 1 次 等待 3 秒
2024-02-09 03:40:19 CHB 1692571?1707421213 第 1 次 获取到号码【1692571】GSD
2024-02-09 03:40:19 未获取到号码【1692571】GSD，可能号码格式错误
2024-02-09 03:40:19 获取到号码【1692571】的GSD为【-】
2024-02-09 03:40:23 GSD insert 第 1 次 等待 3 秒
2024-02-09 03:40:26 {"status":"bad","gid":"601849","msg":"添加失败！号码【1692571(-|-)】已存在！"}
2024-02-09 03:40:26 随机等待 184 秒，约 3 分钟
2024-02-09 03:40:26 下次操作: 2024-02-09 03:43:30

2024-02-09 03:43:30 开始第 2659 次操作

2024-02-09 03:43:30 开始操作号码 【1692572】
2024-02-09 03:43:34 GSD getOne 第 1 次 等待 3 秒
2024-02-09 03:43:37 查询号码 【1692572】，返回信息 {"status":"ok","msg":"-","gid":"601868","time_insert":"2023-03-20 02:32"}
2024-02-09 03:43:37 查询号码 【1692572】，GSD为【"-"】
2024-02-09 03:43:37 ok && -
2024-02-09 03:43:40 CHB 1692572?1707421417 第 1 次 等待 3 秒
2024-02-09 03:43:43 CHB 1692572?1707421417 第 1 次 获取到号码【1692572】GSD
2024-02-09 03:43:43 未获取到号码【1692572】GSD，可能号码格式错误
2024-02-09 03:43:43 获取到号码【1692572】的GSD为【-】
2024-02-09 03:43:47 GSD insert 第 1 次 等待 3 秒
2024-02-09 03:43:50 {"status":"bad","gid":"601868","msg":"添加失败！号码【1692572(-|-)】已存在！"}
2024-02-09 03:43:50 随机等待 218 秒，约 3 分钟
2024-02-09 03:43:50 下次操作: 2024-02-09 03:47:28

2024-02-09 03:47:28 开始第 2660 次操作

2024-02-09 03:47:28 开始操作号码 【1692573】
2024-02-09 03:47:32 GSD getOne 第 1 次 等待 3 秒
2024-02-09 03:47:35 查询号码 【1692573】，返回信息 {"status":"ok","msg":"-","gid":"601899","time_insert":"2023-03-20 02:50"}
2024-02-09 03:47:35 查询号码 【1692573】，GSD为【"-"】
2024-02-09 03:47:35 ok && -
2024-02-09 03:47:37 CHB 1692573?1707421655 第 1 次 等待 3 秒
2024-02-09 03:47:40 CHB 1692573?1707421655 第 1 次 获取到号码【1692573】GSD
2024-02-09 03:47:40 未获取到号码【1692573】GSD，可能号码格式错误
2024-02-09 03:47:40 获取到号码【1692573】的GSD为【-】
2024-02-09 03:47:45 GSD insert 第 1 次 等待 3 秒
2024-02-09 03:47:48 {"status":"bad","gid":"601899","msg":"添加失败！号码【1692573(-|-)】已存在！"}

