2024-01-27 00:21:25 开始第 317 次操作

2024-01-27 00:21:25 开始操作号码 【1690232】
2024-01-27 00:21:51 GSD getOne 第 1 次 等待 3 秒
2024-01-27 00:21:54 查询号码 【1690232】，返回信息 {"status":"ok","msg":"-","gid":"533582","time_insert":"2023-02-16 06:04"}
2024-01-27 00:21:54 查询号码 【1690232】，GSD为【"-"】
2024-01-27 00:21:54 ok && -
2024-01-27 00:21:56 CHB 1690232?1706286114 第 1 次 等待 3 秒
2024-01-27 00:21:59 CHB 1690232?1706286114 第 1 次 获取到号码【1690232】GSD
2024-01-27 00:22:00 未获取到号码【1690232】GSD，可能号码格式错误
2024-01-27 00:22:00 获取到号码【1690232】的GSD为【-】
2024-01-27 00:22:23 GSD insert 第 1 次 等待 3 秒
2024-01-27 00:22:26 {"status":"bad","gid":"533582","msg":"添加失败！号码【1690232(-|-)】已存在！"}
2024-01-27 00:22:26 随机等待 197 秒，约 3 分钟
2024-01-27 00:22:26 下次操作: 2024-01-27 00:25:43

2024-01-27 00:25:43 开始第 318 次操作

2024-01-27 00:25:43 开始操作号码 【1690233】
2024-01-27 00:26:07 GSD getOne 第 1 次 等待 3 秒
2024-01-27 00:26:10 查询号码 【1690233】，返回信息 {"status":"ok","msg":"-","gid":"533602","time_insert":"2023-02-16 06:20"}
2024-01-27 00:26:10 查询号码 【1690233】，GSD为【"-"】
2024-01-27 00:26:10 ok && -
2024-01-27 00:26:13 CHB 1690233?1706286370 第 1 次 等待 3 秒
2024-01-27 00:26:16 CHB 1690233?1706286370 第 1 次 获取到号码【1690233】GSD
2024-01-27 00:26:16 未获取到号码【1690233】GSD，可能号码格式错误
2024-01-27 00:26:16 获取到号码【1690233】的GSD为【-】
2024-01-27 00:26:39 GSD insert 第 1 次 等待 3 秒
2024-01-27 00:26:42 {"status":"bad","gid":"533602","msg":"添加失败！号码【1690233(-|-)】已存在！"}
2024-01-27 00:26:42 随机等待 128 秒，约 2 分钟
2024-01-27 00:26:42 下次操作: 2024-01-27 00:28:50

2024-01-27 00:28:50 开始第 319 次操作

2024-01-27 00:28:50 开始操作号码 【1690234】
2024-01-27 00:29:14 GSD getOne 第 1 次 等待 3 秒
2024-01-27 00:29:17 查询号码 【1690234】，返回信息 {"status":"ok","msg":"-","gid":"533621","time_insert":"2023-02-16 06:39"}
2024-01-27 00:29:17 查询号码 【1690234】，GSD为【"-"】
2024-01-27 00:29:17 ok && -
2024-01-27 00:29:19 CHB 1690234?1706286557 第 1 次 等待 3 秒
2024-01-27 00:29:22 CHB 1690234?1706286557 第 1 次 获取到号码【1690234】GSD
2024-01-27 00:29:22 未获取到号码【1690234】GSD，可能号码格式错误
2024-01-27 00:29:22 获取到号码【1690234】的GSD为【-】
2024-01-27 00:29:46 GSD insert 第 1 次 等待 3 秒
2024-01-27 00:29:49 {"status":"bad","gid":"533621","msg":"添加失败！号码【1690234(-|-)】已存在！"}
2024-01-27 00:29:49 随机等待 98 秒，约 1 分钟
2024-01-27 00:29:49 下次操作: 2024-01-27 00:31:27

2024-01-27 00:31:27 开始第 320 次操作

2024-01-27 00:31:27 开始操作号码 【1690235】
2024-01-27 00:31:50 GSD getOne 第 1 次 等待 3 秒
2024-01-27 00:31:53 查询号码 【1690235】，返回信息 {"status":"ok","msg":"-","gid":"533638","time_insert":"2023-02-16 06:55"}
2024-01-27 00:31:53 查询号码 【1690235】，GSD为【"-"】
2024-01-27 00:31:53 ok && -
2024-01-27 00:31:55 CHB 1690235?1706286713 第 1 次 等待 3 秒
2024-01-27 00:31:58 CHB 1690235?1706286713 第 1 次 获取到号码【1690235】GSD
2024-01-27 00:31:58 未获取到号码【1690235】GSD，可能号码格式错误
2024-01-27 00:31:58 获取到号码【1690235】的GSD为【-】
2024-01-27 00:32:22 GSD insert 第 1 次 等待 3 秒
2024-01-27 00:32:25 {"status":"bad","gid":"533638","msg":"添加失败！号码【1690235(-|-)】已存在！"}

2024-01-27 00:38:37 开始第 321 次操作

2024-01-27 00:38:37 开始操作号码 【1690236】
2024-01-27 00:39:00 GSD getOne 第 1 次 等待 3 秒
2024-01-27 00:39:03 查询号码 【1690236】，返回信息 {"status":"ok","msg":"-","gid":"533657","time_insert":"2023-02-16 07:12"}
2024-01-27 00:39:04 查询号码 【1690236】，GSD为【"-"】
2024-01-27 00:39:04 ok && -
2024-01-27 00:39:06 CHB 1690236?1706287144 第 1 次 等待 3 秒
2024-01-27 00:39:09 CHB 1690236?1706287144 第 1 次 获取到号码【1690236】GSD
2024-01-27 00:39:09 未获取到号码【1690236】GSD，可能号码格式错误
2024-01-27 00:39:09 获取到号码【1690236】的GSD为【-】
2024-01-27 00:39:32 GSD insert 第 1 次 等待 3 秒
2024-01-27 00:39:35 {"status":"bad","gid":"533657","msg":"添加失败！号码【1690236(-|-)】已存在！"}
2024-01-27 00:39:35 随机等待 137 秒，约 2 分钟
2024-01-27 00:39:35 下次操作: 2024-01-27 00:41:52

2024-01-27 00:41:52 开始第 322 次操作

2024-01-27 00:41:52 开始操作号码 【1690237】
2024-01-27 00:42:16 GSD getOne 第 1 次 等待 3 秒
2024-01-27 00:42:19 查询号码 【1690237】，返回信息 {"status":"ok","msg":"-","gid":"533675","time_insert":"2023-02-16 07:27"}
2024-01-27 00:42:19 查询号码 【1690237】，GSD为【"-"】
2024-01-27 00:42:19 ok && -
2024-01-27 00:42:25 CHB 1690237?1706287339 第 1 次 等待 3 秒
2024-01-27 00:42:28 CHB 1690237?1706287339 第 1 次 获取到号码【1690237】GSD
2024-01-27 00:42:28 未获取到号码【1690237】GSD，可能号码格式错误
2024-01-27 00:42:28 获取到号码【1690237】的GSD为【-】
2024-01-27 00:42:51 GSD insert 第 1 次 等待 3 秒
2024-01-27 00:42:54 {"status":"bad","gid":"533675","msg":"添加失败！号码【1690237(-|-)】已存在！"}
2024-01-27 00:42:54 随机等待 130 秒，约 2 分钟
2024-01-27 00:42:54 下次操作: 2024-01-27 00:45:04

2024-01-27 00:45:04 开始第 323 次操作

2024-01-27 00:45:04 开始操作号码 【1690238】
2024-01-27 00:45:28 GSD getOne 第 1 次 等待 3 秒
2024-01-27 00:45:31 查询号码 【1690238】，返回信息 {"status":"ok","msg":"-","gid":"533696","time_insert":"2023-02-16 07:46"}
2024-01-27 00:45:31 查询号码 【1690238】，GSD为【"-"】
2024-01-27 00:45:31 ok && -
2024-01-27 00:45:33 CHB 1690238?1706287531 第 1 次 等待 3 秒
2024-01-27 00:45:36 CHB 1690238?1706287531 第 1 次 获取到号码【1690238】GSD
2024-01-27 00:45:36 未获取到号码【1690238】GSD，可能号码格式错误
2024-01-27 00:45:36 获取到号码【1690238】的GSD为【-】
2024-01-27 00:45:59 GSD insert 第 1 次 等待 3 秒
2024-01-27 00:46:02 {"status":"bad","gid":"533696","msg":"添加失败！号码【1690238(-|-)】已存在！"}
2024-01-27 00:46:02 随机等待 207 秒，约 3 分钟
2024-01-27 00:46:02 下次操作: 2024-01-27 00:49:29

2024-01-27 00:49:29 开始第 324 次操作

2024-01-27 00:49:29 开始操作号码 【1690239】
2024-01-27 00:49:53 GSD getOne 第 1 次 等待 3 秒
2024-01-27 00:49:56 查询号码 【1690239】，返回信息 {"status":"ok","msg":"-","gid":"533716","time_insert":"2023-02-16 08:05"}
2024-01-27 00:49:56 查询号码 【1690239】，GSD为【"-"】
2024-01-27 00:49:56 ok && -
2024-01-27 00:49:58 CHB 1690239?1706287796 第 1 次 等待 3 秒
2024-01-27 00:50:01 CHB 1690239?1706287796 第 1 次 获取到号码【1690239】GSD
2024-01-27 00:50:01 未获取到号码【1690239】GSD，可能号码格式错误
2024-01-27 00:50:01 获取到号码【1690239】的GSD为【-】
2024-01-27 00:50:24 GSD insert 第 1 次 等待 3 秒
2024-01-27 00:50:27 {"status":"bad","gid":"533716","msg":"添加失败！号码【1690239(-|-)】已存在！"}

