2024-06-18 00:24:08 开始第 1253 次操作

2024-06-18 00:24:08 开始操作号码 【1471167】
2024-06-18 00:24:15 GSD getOne 第 1 次 等待 3 秒
2024-06-18 00:24:18 查询号码 【1471167】，返回信息 {"status":"ok","msg":"四川-成都","gid":"91041","time_insert":"2021-06-11 10:30"}
2024-06-18 00:24:18 查询号码 【1471167】，GSD为【"四川-成都"】

2024-06-18 00:24:19 开始第 1254 次操作

2024-06-18 00:24:19 开始操作号码 【1471168】
2024-06-18 00:24:28 GSD getOne 第 1 次 等待 3 秒
2024-06-18 00:24:31 查询号码 【1471168】，返回信息 {"status":"ok","msg":"四川-成都","gid":"91069","time_insert":"2021-06-11 10:54"}
2024-06-18 00:24:31 查询号码 【1471168】，GSD为【"四川-成都"】

2024-06-18 00:24:32 开始第 1255 次操作

2024-06-18 00:24:32 开始操作号码 【1471169】
2024-06-18 00:24:41 GSD getOne 第 1 次 等待 3 秒
2024-06-18 00:24:44 查询号码 【1471169】，返回信息 {"status":"ok","msg":"四川-成都","gid":"91097","time_insert":"2021-06-11 11:18"}
2024-06-18 00:24:44 查询号码 【1471169】，GSD为【"四川-成都"】

2024-06-18 00:24:45 开始第 1256 次操作

2024-06-18 00:24:45 开始操作号码 【1471170】
2024-06-18 00:24:51 GSD getOne 第 1 次 等待 3 秒
2024-06-18 00:24:54 查询号码 【1471170】，返回信息 {"status":"ok","msg":"四川-成都","gid":"91114","time_insert":"2021-06-11 11:34"}
2024-06-18 00:24:54 查询号码 【1471170】，GSD为【"四川-成都"】

2024-06-18 00:41:31 开始第 1257 次操作

2024-06-18 00:41:31 开始操作号码 【1471171】
2024-06-18 00:41:46 GSD getOne 第 1 次 等待 3 秒
2024-06-18 00:41:49 查询号码 【1471171】，返回信息 {"status":"ok","msg":"四川-成都","gid":"91146","time_insert":"2021-06-11 12:03"}
2024-06-18 00:41:50 查询号码 【1471171】，GSD为【"四川-成都"】

2024-06-18 00:41:51 开始第 1258 次操作

2024-06-18 00:41:51 开始操作号码 【1471172】
2024-06-18 00:42:03 GSD getOne 第 1 次 等待 3 秒
2024-06-18 00:42:06 查询号码 【1471172】，返回信息 {"status":"ok","msg":"四川-成都","gid":"91175","time_insert":"2021-06-11 12:28"}
2024-06-18 00:42:06 查询号码 【1471172】，GSD为【"四川-成都"】

2024-06-18 00:42:07 开始第 1259 次操作

2024-06-18 00:42:07 开始操作号码 【1471173】
2024-06-18 00:42:15 GSD getOne 第 1 次 等待 3 秒
2024-06-18 00:42:18 查询号码 【1471173】，返回信息 {"status":"ok","msg":"四川-成都","gid":"91198","time_insert":"2021-06-11 12:47"}
2024-06-18 00:42:18 查询号码 【1471173】，GSD为【"四川-成都"】

2024-06-18 00:42:19 开始第 1260 次操作

2024-06-18 00:42:19 开始操作号码 【1471174】
2024-06-18 00:42:25 GSD getOne 第 1 次 等待 3 秒
2024-06-18 00:42:28 查询号码 【1471174】，返回信息 {"status":"ok","msg":"四川-成都","gid":"91220","time_insert":"2021-06-11 13:08"}
2024-06-18 00:42:28 查询号码 【1471174】，GSD为【"四川-成都"】

