2024-09-14 00:22:01 开始第 4433 次操作

2024-09-14 00:22:01 开始操作号码 【1364432】
2024-09-14 00:22:10 GSD getOne 第 1 次 等待 3 秒
2024-09-14 00:22:13 查询号码 【1364432】，返回信息 {"status":"ok","msg":"吉林-吉林","gid":"196923","time_insert":"2021-07-05 10:24"}
2024-09-14 00:22:13 查询号码 【1364432】，GSD为【"吉林-吉林"】

2024-09-14 00:22:14 开始第 4434 次操作

2024-09-14 00:22:14 开始操作号码 【1364433】
2024-09-14 00:22:22 GSD getOne 第 1 次 等待 3 秒
2024-09-14 00:22:25 查询号码 【1364433】，返回信息 {"status":"ok","msg":"吉林-延边","gid":"196998","time_insert":"2021-07-05 10:34"}
2024-09-14 00:22:25 查询号码 【1364433】，GSD为【"吉林-延边"】

2024-09-14 00:22:26 开始第 4435 次操作

2024-09-14 00:22:26 开始操作号码 【1364434】
2024-09-14 00:22:38 GSD getOne 第 1 次 等待 3 秒
2024-09-14 00:22:41 查询号码 【1364434】，返回信息 {"status":"ok","msg":"吉林-四平","gid":"197036","time_insert":"2021-07-05 10:46"}
2024-09-14 00:22:42 查询号码 【1364434】，GSD为【"吉林-四平"】

2024-09-14 00:22:43 开始第 4436 次操作

2024-09-14 00:22:43 开始操作号码 【1364435】
2024-09-14 00:22:51 GSD getOne 第 1 次 等待 3 秒
2024-09-14 00:22:54 查询号码 【1364435】，返回信息 {"status":"ok","msg":"吉林-通化","gid":"197220","time_insert":"2021-07-05 11:01"}
2024-09-14 00:22:54 查询号码 【1364435】，GSD为【"吉林-通化"】

