2024-02-21 00:21:36 开始第 4769 次操作

2024-02-21 00:21:36 开始操作号码 【1694682】
2024-02-21 00:21:40 GSD getOne 第 1 次 等待 3 秒
2024-02-21 00:21:43 查询号码 【1694682】，返回信息 {"status":"ok","msg":"-","gid":"643810","time_insert":"2023-04-09 23:56"}
2024-02-21 00:21:44 查询号码 【1694682】，GSD为【"-"】
2024-02-21 00:21:44 ok && -
2024-02-21 00:21:47 CHB 1694682?1708446104 第 1 次 等待 3 秒
2024-02-21 00:21:50 CHB 1694682?1708446104 第 1 次 获取到号码【1694682】GSD
2024-02-21 00:21:50 未获取到号码【1694682】GSD，可能号码格式错误
2024-02-21 00:21:50 获取到号码【1694682】的GSD为【-】
2024-02-21 00:21:55 GSD insert 第 1 次 等待 3 秒
2024-02-21 00:21:58 {"status":"bad","gid":"643810","msg":"添加失败！号码【1694682(-|-)】已存在！"}
2024-02-21 00:21:58 随机等待 102 秒，约 1 分钟
2024-02-21 00:21:58 下次操作: 2024-02-21 00:23:40

2024-02-21 00:23:40 开始第 4770 次操作

2024-02-21 00:23:40 开始操作号码 【1694683】
2024-02-21 00:23:45 GSD getOne 第 1 次 等待 3 秒
2024-02-21 00:23:48 查询号码 【1694683】，返回信息 {"status":"ok","msg":"-","gid":"643812","time_insert":"2023-04-09 23:58"}
2024-02-21 00:23:48 查询号码 【1694683】，GSD为【"-"】
2024-02-21 00:23:48 ok && -
2024-02-21 00:23:52 CHB 1694683?1708446228 第 1 次 等待 3 秒
2024-02-21 00:23:55 CHB 1694683?1708446228 第 1 次 获取到号码【1694683】GSD
2024-02-21 00:23:55 未获取到号码【1694683】GSD，可能号码格式错误
2024-02-21 00:23:55 获取到号码【1694683】的GSD为【-】
2024-02-21 00:24:03 GSD insert 第 1 次 等待 3 秒
2024-02-21 00:24:06 {"status":"bad","gid":"643812","msg":"添加失败！号码【1694683(-|-)】已存在！"}
2024-02-21 00:24:06 随机等待 87 秒，约 1 分钟
2024-02-21 00:24:06 下次操作: 2024-02-21 00:25:33

2024-02-21 00:25:33 开始第 4771 次操作

2024-02-21 00:25:33 开始操作号码 【1694684】
2024-02-21 00:25:37 GSD getOne 第 1 次 等待 3 秒
2024-02-21 00:25:40 查询号码 【1694684】，返回信息 {"status":"ok","msg":"-","gid":"643838","time_insert":"2023-04-10 00:21"}
2024-02-21 00:25:41 查询号码 【1694684】，GSD为【"-"】
2024-02-21 00:25:41 ok && -
2024-02-21 00:25:44 CHB 1694684?1708446341 第 1 次 等待 3 秒
2024-02-21 00:25:47 CHB 1694684?1708446341 第 1 次 获取到号码【1694684】GSD
2024-02-21 00:25:47 未获取到号码【1694684】GSD，可能号码格式错误
2024-02-21 00:25:47 获取到号码【1694684】的GSD为【-】
2024-02-21 00:25:51 GSD insert 第 1 次 等待 3 秒
2024-02-21 00:25:54 {"status":"bad","gid":"643838","msg":"添加失败！号码【1694684(-|-)】已存在！"}
2024-02-21 00:25:54 随机等待 223 秒，约 3 分钟
2024-02-21 00:25:54 下次操作: 2024-02-21 00:29:37

2024-02-21 00:29:37 开始第 4772 次操作

2024-02-21 00:29:37 开始操作号码 【1694685】
2024-02-21 00:29:41 GSD getOne 第 1 次 等待 3 秒
2024-02-21 00:29:44 查询号码 【1694685】，返回信息 {"status":"ok","msg":"-","gid":"643842","time_insert":"2023-04-10 00:23"}
2024-02-21 00:29:45 查询号码 【1694685】，GSD为【"-"】
2024-02-21 00:29:45 ok && -
2024-02-21 00:29:47 CHB 1694685?1708446585 第 1 次 等待 3 秒
2024-02-21 00:29:50 CHB 1694685?1708446585 第 1 次 获取到号码【1694685】GSD
2024-02-21 00:29:50 未获取到号码【1694685】GSD，可能号码格式错误
2024-02-21 00:29:50 获取到号码【1694685】的GSD为【-】
2024-02-21 00:29:56 GSD insert 第 1 次 等待 3 秒
2024-02-21 00:29:59 {"status":"bad","gid":"643842","msg":"添加失败！号码【1694685(-|-)】已存在！"}

