2023-11-05 00:20:21 开始第 6773 次操作

2023-11-05 00:20:21 开始操作号码 【1906687】
2023-11-05 00:20:27 GSD getOne 第 1 次 等待 3 秒
2023-11-05 00:20:30 查询号码 【1906687】，返回信息 {"status":"ok","msg":"-","gid":"659199","time_insert":"2023-04-17 03:17"}
2023-11-05 00:20:30 查询号码 【1906687】，GSD为【"-"】
2023-11-05 00:20:30 ok && -
2023-11-05 00:20:32 CHB 1906687?1699114830 第 1 次 等待 3 秒
2023-11-05 00:20:35 CHB 1906687?1699114830 第 1 次 获取到号码【1906687】GSD
2023-11-05 00:20:35 未获取到号码【1906687】GSD，可能号码格式错误
2023-11-05 00:20:35 获取到号码【1906687】的GSD为【-】
2023-11-05 00:20:38 GSD insert 第 1 次 等待 3 秒
2023-11-05 00:20:41 {"status":"bad","gid":"659199","msg":"添加失败！号码【1906687(-|-)】已存在！"}
2023-11-05 00:20:41 随机等待 196 秒，约 3 分钟
2023-11-05 00:20:41 下次操作: 2023-11-05 00:23:57

2023-11-05 00:23:57 开始第 6774 次操作

2023-11-05 00:23:57 开始操作号码 【1906688】
2023-11-05 00:24:00 GSD getOne 第 1 次 等待 3 秒
2023-11-05 00:24:03 查询号码 【1906688】，返回信息 {"status":"ok","msg":"-","gid":"659216","time_insert":"2023-04-17 03:28"}
2023-11-05 00:24:03 查询号码 【1906688】，GSD为【"-"】
2023-11-05 00:24:03 ok && -
2023-11-05 00:24:05 CHB 1906688?1699115043 第 1 次 等待 3 秒
2023-11-05 00:24:08 CHB 1906688?1699115043 第 1 次 获取到号码【1906688】GSD
2023-11-05 00:24:08 未获取到号码【1906688】GSD，可能号码格式错误
2023-11-05 00:24:08 获取到号码【1906688】的GSD为【-】
2023-11-05 00:24:11 GSD insert 第 1 次 等待 3 秒
2023-11-05 00:24:14 {"status":"bad","gid":"659216","msg":"添加失败！号码【1906688(-|-)】已存在！"}
2023-11-05 00:24:14 随机等待 139 秒，约 2 分钟
2023-11-05 00:24:14 下次操作: 2023-11-05 00:26:33

2023-11-05 00:26:33 开始第 6775 次操作

2023-11-05 00:26:33 开始操作号码 【1906689】
2023-11-05 00:26:35 GSD getOne 第 1 次 等待 3 秒
2023-11-05 00:26:38 查询号码 【1906689】，返回信息 {"status":"ok","msg":"-","gid":"659252","time_insert":"2023-04-17 03:52"}
2023-11-05 00:26:38 查询号码 【1906689】，GSD为【"-"】
2023-11-05 00:26:38 ok && -
2023-11-05 00:26:40 CHB 1906689?1699115198 第 1 次 等待 3 秒
2023-11-05 00:26:43 CHB 1906689?1699115198 第 1 次 获取到号码【1906689】GSD
2023-11-05 00:26:43 未获取到号码【1906689】GSD，可能号码格式错误
2023-11-05 00:26:43 获取到号码【1906689】的GSD为【-】
2023-11-05 00:26:55 GSD insert 第 1 次 等待 3 秒
2023-11-05 00:26:58 {"status":"bad","gid":"659252","msg":"添加失败！号码【1906689(-|-)】已存在！"}
2023-11-05 00:26:58 随机等待 146 秒，约 2 分钟
2023-11-05 00:26:58 下次操作: 2023-11-05 00:29:24

2023-11-05 00:29:24 开始第 6776 次操作

2023-11-05 00:29:24 开始操作号码 【1906690】
2023-11-05 00:29:27 GSD getOne 第 1 次 等待 3 秒
2023-11-05 00:29:30 查询号码 【1906690】，返回信息 {"status":"ok","msg":"-","gid":"659273","time_insert":"2023-04-17 04:04"}
2023-11-05 00:29:30 查询号码 【1906690】，GSD为【"-"】
2023-11-05 00:29:30 ok && -
2023-11-05 00:29:32 CHB 1906690?1699115370 第 1 次 等待 3 秒
2023-11-05 00:29:35 CHB 1906690?1699115370 第 1 次 获取到号码【1906690】GSD
2023-11-05 00:29:35 未获取到号码【1906690】GSD，可能号码格式错误
2023-11-05 00:29:35 获取到号码【1906690】的GSD为【-】
2023-11-05 00:29:38 GSD insert 第 1 次 等待 3 秒
2023-11-05 00:29:41 {"status":"bad","gid":"659273","msg":"添加失败！号码【1906690(-|-)】已存在！"}

