2024-01-14 00:21:44 开始第 8465 次操作

2024-01-14 00:21:44 开始操作号码 【1808380】
2024-01-14 00:21:48 GSD getOne 第 1 次 等待 3 秒
2024-01-14 00:21:51 查询号码 【1808380】，返回信息 {"status":"ok","msg":"云南-昆明","gid":"343705","time_insert":"2021-07-21 05:55"}
2024-01-14 00:21:51 查询号码 【1808380】，GSD为【"云南-昆明"】

2024-01-14 00:21:52 开始第 8466 次操作

2024-01-14 00:21:52 开始操作号码 【1808381】
2024-01-14 00:21:55 GSD getOne 第 1 次 等待 3 秒
2024-01-14 00:21:58 查询号码 【1808381】，返回信息 {"status":"ok","msg":"云南-昆明","gid":"343712","time_insert":"2021-07-21 05:56"}
2024-01-14 00:21:58 查询号码 【1808381】，GSD为【"云南-昆明"】

2024-01-14 00:21:59 开始第 8467 次操作

2024-01-14 00:21:59 开始操作号码 【1808382】
2024-01-14 00:22:02 GSD getOne 第 1 次 等待 3 秒
2024-01-14 00:22:05 查询号码 【1808382】，返回信息 {"status":"ok","msg":"云南-昆明","gid":"343718","time_insert":"2021-07-21 05:56"}
2024-01-14 00:22:06 查询号码 【1808382】，GSD为【"云南-昆明"】

2024-01-14 00:22:07 开始第 8468 次操作

2024-01-14 00:22:07 开始操作号码 【1808383】
2024-01-14 00:22:09 GSD getOne 第 1 次 等待 3 秒
2024-01-14 00:22:12 查询号码 【1808383】，返回信息 {"status":"ok","msg":"云南-昆明","gid":"343725","time_insert":"2021-07-21 05:57"}
2024-01-14 00:22:12 查询号码 【1808383】，GSD为【"云南-昆明"】

2024-01-14 00:40:11 开始第 8469 次操作

2024-01-14 00:40:11 开始操作号码 【1808384】
2024-01-14 00:40:17 GSD getOne 第 1 次 等待 3 秒
2024-01-14 00:40:20 查询号码 【1808384】，返回信息 {"status":"ok","msg":"云南-昆明","gid":"343734","time_insert":"2021-07-21 05:58"}
2024-01-14 00:40:20 查询号码 【1808384】，GSD为【"云南-昆明"】

2024-01-14 00:40:21 开始第 8470 次操作

2024-01-14 00:40:21 开始操作号码 【1808385】
2024-01-14 00:40:26 GSD getOne 第 1 次 等待 3 秒
2024-01-14 00:40:29 查询号码 【1808385】，返回信息 {"status":"ok","msg":"云南-昆明","gid":"343739","time_insert":"2021-07-21 05:58"}
2024-01-14 00:40:29 查询号码 【1808385】，GSD为【"云南-昆明"】

2024-01-14 00:40:30 开始第 8471 次操作

2024-01-14 00:40:30 开始操作号码 【1808386】
2024-01-14 00:40:34 GSD getOne 第 1 次 等待 3 秒
2024-01-14 00:40:37 查询号码 【1808386】，返回信息 {"status":"ok","msg":"云南-昆明","gid":"343744","time_insert":"2021-07-21 05:59"}
2024-01-14 00:40:37 查询号码 【1808386】，GSD为【"云南-昆明"】

2024-01-14 00:40:38 开始第 8472 次操作

2024-01-14 00:40:38 开始操作号码 【1808387】
2024-01-14 00:40:44 GSD getOne 第 1 次 等待 3 秒
2024-01-14 00:40:47 查询号码 【1808387】，返回信息 {"status":"ok","msg":"云南-昆明","gid":"343751","time_insert":"2021-07-21 05:59"}
2024-01-14 00:40:47 查询号码 【1808387】，GSD为【"云南-昆明"】

2024-01-14 01:14:51 开始第 8473 次操作

2024-01-14 01:14:51 开始操作号码 【1808388】
2024-01-14 01:14:58 GSD getOne 第 1 次 等待 3 秒
2024-01-14 01:15:01 查询号码 【1808388】，返回信息 {"status":"ok","msg":"云南-普洱","gid":"50433","time_insert":"2021-04-21 16:34"}
2024-01-14 01:15:01 查询号码 【1808388】，GSD为【"云南-普洱"】

2024-01-14 01:15:02 开始第 8474 次操作

2024-01-14 01:15:02 开始操作号码 【1808389】
2024-01-14 01:15:06 GSD getOne 第 1 次 等待 3 秒
2024-01-14 01:15:09 查询号码 【1808389】，返回信息 {"status":"ok","msg":"云南-昆明","gid":"343761","time_insert":"2021-07-21 06:00"}
2024-01-14 01:15:09 查询号码 【1808389】，GSD为【"云南-昆明"】

2024-01-14 01:15:10 开始第 8475 次操作

2024-01-14 01:15:10 开始操作号码 【1808390】
2024-01-14 01:15:16 GSD getOne 第 1 次 等待 3 秒
2024-01-14 01:15:19 查询号码 【1808390】，返回信息 {"status":"ok","msg":"新疆-石河子","gid":"343765","time_insert":"2021-07-21 06:01"}
2024-01-14 01:15:19 查询号码 【1808390】，GSD为【"新疆-石河子"】

2024-01-14 01:15:20 开始第 8476 次操作

2024-01-14 01:15:20 开始操作号码 【1808391】
2024-01-14 01:15:24 GSD getOne 第 1 次 等待 3 秒
2024-01-14 01:15:27 查询号码 【1808391】，返回信息 {"status":"ok","msg":"新疆-阿克苏","gid":"343772","time_insert":"2021-07-21 06:01"}
2024-01-14 01:15:27 查询号码 【1808391】，GSD为【"新疆-阿克苏"】

