2023-12-26 00:22:42 开始第 5121 次操作

2023-12-26 00:22:42 开始操作号码 【1805036】
2023-12-26 00:22:45 GSD getOne 第 1 次 等待 3 秒
2023-12-26 00:22:48 查询号码 【1805036】，返回信息 {"status":"ok","msg":"福建-宁德","gid":"308062","time_insert":"2021-07-17 22:52"}
2023-12-26 00:22:49 查询号码 【1805036】，GSD为【"福建-宁德"】

2023-12-26 00:22:50 开始第 5122 次操作

2023-12-26 00:22:50 开始操作号码 【1805037】
2023-12-26 00:22:53 GSD getOne 第 1 次 等待 3 秒
2023-12-26 00:22:56 查询号码 【1805037】，返回信息 {"status":"ok","msg":"福建-南平","gid":"308076","time_insert":"2021-07-17 22:53"}
2023-12-26 00:22:56 查询号码 【1805037】，GSD为【"福建-南平"】

2023-12-26 00:22:57 开始第 5123 次操作

2023-12-26 00:22:57 开始操作号码 【1805038】
2023-12-26 00:23:04 GSD getOne 第 1 次 等待 3 秒
2023-12-26 00:23:07 查询号码 【1805038】，返回信息 {"status":"ok","msg":"福建-南平","gid":"308117","time_insert":"2021-07-17 22:59"}
2023-12-26 00:23:07 查询号码 【1805038】，GSD为【"福建-南平"】

2023-12-26 00:23:08 开始第 5124 次操作

2023-12-26 00:23:08 开始操作号码 【1805039】
2023-12-26 00:23:11 GSD getOne 第 1 次 等待 3 秒
2023-12-26 00:23:15 查询号码 【1805039】，返回信息 {"status":"ok","msg":"福建-南平","gid":"308134","time_insert":"2021-07-17 23:00"}
2023-12-26 00:23:15 查询号码 【1805039】，GSD为【"福建-南平"】

