2024-09-16 00:22:32 开始第 4769 次操作

2024-09-16 00:22:32 开始操作号码 【1364768】
2024-09-16 00:22:40 GSD getOne 第 1 次 等待 3 秒
2024-09-16 00:22:43 查询号码 【1364768】，返回信息 {"status":"ok","msg":"重庆-重庆","gid":"218489","time_insert":"2021-07-08 01:28"}
2024-09-16 00:22:43 查询号码 【1364768】，GSD为【"重庆-重庆"】

2024-09-16 00:22:44 开始第 4770 次操作

2024-09-16 00:22:44 开始操作号码 【1364769】
2024-09-16 00:22:51 GSD getOne 第 1 次 等待 3 秒
2024-09-16 00:22:54 查询号码 【1364769】，返回信息 {"status":"ok","msg":"重庆-重庆","gid":"8132","time_insert":"2018-08-25 10:08","time_update":"2021-01-06 03:49"}
2024-09-16 00:22:54 查询号码 【1364769】，GSD为【"重庆-重庆"】

2024-09-16 00:22:55 开始第 4771 次操作

2024-09-16 00:22:55 开始操作号码 【1364770】
2024-09-16 00:23:03 GSD getOne 第 1 次 等待 3 秒
2024-09-16 00:23:06 查询号码 【1364770】，返回信息 {"status":"ok","msg":"广西-防城港","gid":"218522","time_insert":"2021-07-08 01:43"}
2024-09-16 00:23:06 查询号码 【1364770】，GSD为【"广西-防城港"】

2024-09-16 00:23:07 开始第 4772 次操作

2024-09-16 00:23:07 开始操作号码 【1364771】
2024-09-16 00:23:15 GSD getOne 第 1 次 等待 3 秒
2024-09-16 00:23:18 查询号码 【1364771】，返回信息 {"status":"ok","msg":"广西-南宁","gid":"218671","time_insert":"2021-07-08 01:56","time_update":"2021-07-08 14:49"}
2024-09-16 00:23:18 查询号码 【1364771】，GSD为【"广西-南宁"】

2024-09-16 00:43:05 开始第 4773 次操作

2024-09-16 00:43:05 开始操作号码 【1364772】
2024-09-16 00:43:13 GSD getOne 第 1 次 等待 3 秒
2024-09-16 00:43:16 查询号码 【1364772】，返回信息 {"status":"ok","msg":"广西-柳州","gid":"50286","time_insert":"2021-04-21 16:19"}
2024-09-16 00:43:16 查询号码 【1364772】，GSD为【"广西-柳州"】

2024-09-16 00:43:17 开始第 4774 次操作

2024-09-16 00:43:17 开始操作号码 【1364773】
2024-09-16 00:43:28 GSD getOne 第 1 次 等待 3 秒
2024-09-16 00:43:31 查询号码 【1364773】，返回信息 {"status":"ok","msg":"广西-桂林","gid":"218819","time_insert":"2021-07-08 02:08"}
2024-09-16 00:43:31 查询号码 【1364773】，GSD为【"广西-桂林"】

2024-09-16 00:43:32 开始第 4775 次操作

2024-09-16 00:43:32 开始操作号码 【1364774】
2024-09-16 00:43:40 GSD getOne 第 1 次 等待 3 秒
2024-09-16 00:43:43 查询号码 【1364774】，返回信息 {"status":"ok","msg":"广西-梧州","gid":"218865","time_insert":"2021-07-08 02:21"}
2024-09-16 00:43:43 查询号码 【1364774】，GSD为【"广西-梧州"】

2024-09-16 00:43:44 开始第 4776 次操作

2024-09-16 00:43:44 开始操作号码 【1364775】
2024-09-16 00:43:53 GSD getOne 第 1 次 等待 3 秒
2024-09-16 00:43:56 查询号码 【1364775】，返回信息 {"status":"ok","msg":"广西-玉林","gid":"218886","time_insert":"2021-07-08 02:32"}
2024-09-16 00:43:56 查询号码 【1364775】，GSD为【"广西-玉林"】

2024-09-16 01:14:53 开始第 4777 次操作

2024-09-16 01:14:53 开始操作号码 【1364776】
2024-09-16 01:15:01 GSD getOne 第 1 次 等待 3 秒
2024-09-16 01:15:04 查询号码 【1364776】，返回信息 {"status":"ok","msg":"广西-百色","gid":"218901","time_insert":"2021-07-08 02:43"}
2024-09-16 01:15:04 查询号码 【1364776】，GSD为【"广西-百色"】

2024-09-16 01:15:05 开始第 4778 次操作

2024-09-16 01:15:05 开始操作号码 【1364777】
2024-09-16 01:15:12 GSD getOne 第 1 次 等待 3 秒
2024-09-16 01:15:15 查询号码 【1364777】，返回信息 {"status":"ok","msg":"广西-钦州","gid":"218985","time_insert":"2021-07-08 02:54"}
2024-09-16 01:15:15 查询号码 【1364777】，GSD为【"广西-钦州"】

2024-09-16 01:15:16 开始第 4779 次操作

2024-09-16 01:15:16 开始操作号码 【1364778】
2024-09-16 01:15:24 GSD getOne 第 1 次 等待 3 秒
2024-09-16 01:15:27 查询号码 【1364778】，返回信息 {"status":"ok","msg":"广西-河池","gid":"219159","time_insert":"2021-07-08 03:07"}
2024-09-16 01:15:27 查询号码 【1364778】，GSD为【"广西-河池"】

2024-09-16 01:15:28 开始第 4780 次操作

2024-09-16 01:15:28 开始操作号码 【1364779】
2024-09-16 01:15:36 GSD getOne 第 1 次 等待 3 秒
2024-09-16 01:15:39 查询号码 【1364779】，返回信息 {"status":"ok","msg":"广西-北海","gid":"8133","time_insert":"2016-11-18 17:59","time_update":"2020-12-18 12:18"}
2024-09-16 01:15:39 查询号码 【1364779】，GSD为【"广西-北海"】

2024-09-16 01:37:03 开始第 4781 次操作

2024-09-16 01:37:03 开始操作号码 【1364780】
2024-09-16 01:37:11 GSD getOne 第 1 次 等待 3 秒
2024-09-16 01:37:14 查询号码 【1364780】，返回信息 {"status":"ok","msg":"广西-柳州","gid":"219235","time_insert":"2021-07-08 03:21"}
2024-09-16 01:37:14 查询号码 【1364780】，GSD为【"广西-柳州"】

2024-09-16 01:37:15 开始第 4782 次操作

2024-09-16 01:37:15 开始操作号码 【1364781】
2024-09-16 01:37:23 GSD getOne 第 1 次 等待 3 秒
2024-09-16 01:37:26 查询号码 【1364781】，返回信息 {"status":"ok","msg":"广西-南宁","gid":"219259","time_insert":"2021-07-08 03:34"}
2024-09-16 01:37:26 查询号码 【1364781】，GSD为【"广西-南宁"】

2024-09-16 01:37:27 开始第 4783 次操作

2024-09-16 01:37:27 开始操作号码 【1364782】
2024-09-16 01:37:34 GSD getOne 第 1 次 等待 3 秒
2024-09-16 01:37:37 查询号码 【1364782】，返回信息 {"status":"ok","msg":"广西-柳州","gid":"219507","time_insert":"2021-07-08 03:49","time_update":"2021-07-08 14:55"}
2024-09-16 01:37:38 查询号码 【1364782】，GSD为【"广西-柳州"】

2024-09-16 01:37:39 开始第 4784 次操作

2024-09-16 01:37:39 开始操作号码 【1364783】
2024-09-16 01:37:46 GSD getOne 第 1 次 等待 3 秒
2024-09-16 01:37:49 查询号码 【1364783】，返回信息 {"status":"ok","msg":"广西-桂林","gid":"50327","time_insert":"2021-04-21 16:30"}
2024-09-16 01:37:49 查询号码 【1364783】，GSD为【"广西-桂林"】

