2024-01-02 00:21:52 开始第 6357 次操作

2024-01-02 00:21:52 开始操作号码 【1806272】
2024-01-02 00:21:56 GSD getOne 第 1 次 等待 3 秒
2024-01-02 00:21:59 查询号码 【1806272】，返回信息 {"status":"ok","msg":"湖北-武汉","gid":"322937","time_insert":"2021-07-19 05:26"}
2024-01-02 00:21:59 查询号码 【1806272】，GSD为【"湖北-武汉"】

2024-01-02 00:22:00 开始第 6358 次操作

2024-01-02 00:22:00 开始操作号码 【1806273】
2024-01-02 00:22:05 GSD getOne 第 1 次 等待 3 秒
2024-01-02 00:22:08 查询号码 【1806273】，返回信息 {"status":"ok","msg":"湖北-武汉","gid":"322941","time_insert":"2021-07-19 05:27"}
2024-01-02 00:22:08 查询号码 【1806273】，GSD为【"湖北-武汉"】

2024-01-02 00:22:09 开始第 6359 次操作

2024-01-02 00:22:09 开始操作号码 【1806274】
2024-01-02 00:22:12 GSD getOne 第 1 次 等待 3 秒
2024-01-02 00:22:15 查询号码 【1806274】，返回信息 {"status":"ok","msg":"湖北-武汉","gid":"322943","time_insert":"2021-07-19 05:28"}
2024-01-02 00:22:15 查询号码 【1806274】，GSD为【"湖北-武汉"】

2024-01-02 00:22:16 开始第 6360 次操作

2024-01-02 00:22:16 开始操作号码 【1806275】
2024-01-02 00:22:19 GSD getOne 第 1 次 等待 3 秒
2024-01-02 00:22:22 查询号码 【1806275】，返回信息 {"status":"ok","msg":"湖北-武汉","gid":"322946","time_insert":"2021-07-19 05:29"}
2024-01-02 00:22:22 查询号码 【1806275】，GSD为【"湖北-武汉"】

