2024-09-21 00:23:12 开始第 5629 次操作

2024-09-21 00:23:12 开始操作号码 【1365628】
2024-09-21 00:23:15 GSD getOne 第 1 次 等待 3 秒
2024-09-21 00:23:18 查询号码 【1365628】，返回信息 {"status":"ok","msg":"江苏-南通","gid":"268954","time_insert":"2021-07-13 22:29"}
2024-09-21 00:23:18 查询号码 【1365628】，GSD为【"江苏-南通"】

2024-09-21 00:23:19 开始第 5630 次操作

2024-09-21 00:23:19 开始操作号码 【1365629】
2024-09-21 00:23:21 GSD getOne 第 1 次 等待 3 秒
2024-09-21 00:23:24 查询号码 【1365629】，返回信息 {"status":"ok","msg":"江苏-南通","gid":"269088","time_insert":"2021-07-13 22:43"}
2024-09-21 00:23:24 查询号码 【1365629】，GSD为【"江苏-南通"】

2024-09-21 00:23:25 开始第 5631 次操作

2024-09-21 00:23:25 开始操作号码 【1365630】
2024-09-21 00:23:28 GSD getOne 第 1 次 等待 3 秒
2024-09-21 00:23:31 查询号码 【1365630】，返回信息 {"status":"ok","msg":"山东-威海","gid":"269229","time_insert":"2021-07-13 22:54"}
2024-09-21 00:23:31 查询号码 【1365630】，GSD为【"山东-威海"】

2024-09-21 00:23:32 开始第 5632 次操作

2024-09-21 00:23:32 开始操作号码 【1365631】
2024-09-21 00:23:34 GSD getOne 第 1 次 等待 3 秒
2024-09-21 00:23:37 查询号码 【1365631】，返回信息 {"status":"ok","msg":"山东-威海","gid":"269287","time_insert":"2021-07-13 23:07"}
2024-09-21 00:23:37 查询号码 【1365631】，GSD为【"山东-威海"】

