2024-10-04 00:24:14 开始第 7849 次操作

2024-10-04 00:24:14 开始操作号码 【1367848】
2024-10-04 00:24:19 GSD getOne 第 1 次 等待 3 秒
2024-10-04 00:24:22 查询号码 【1367848】，返回信息 {"status":"ok","msg":"重庆-重庆","gid":"8810","time_insert":"2017-05-11 09:33","time_update":"2021-01-06 14:41"}
2024-10-04 00:24:22 查询号码 【1367848】，GSD为【"重庆-重庆"】

2024-10-04 00:24:23 开始第 7850 次操作

2024-10-04 00:24:23 开始操作号码 【1367849】
2024-10-04 00:24:28 GSD getOne 第 1 次 等待 3 秒
2024-10-04 00:24:31 查询号码 【1367849】，返回信息 {"status":"ok","msg":"重庆-重庆","gid":"8811","time_insert":"2019-07-01 01:20","time_update":"2021-01-06 14:46"}
2024-10-04 00:24:31 查询号码 【1367849】，GSD为【"重庆-重庆"】

2024-10-04 00:24:32 开始第 7851 次操作

2024-10-04 00:24:32 开始操作号码 【1367850】
2024-10-04 00:24:33 GSD getOne 第 1 次 等待 3 秒
2024-10-04 00:24:36 查询号码 【1367850】，返回信息 {"status":"ok","msg":"贵州-贵阳","gid":"8812","time_insert":"2017-10-04 15:57","time_update":"2020-11-18 03:28"}
2024-10-04 00:24:36 查询号码 【1367850】，GSD为【"贵州-贵阳"】

2024-10-04 00:24:37 开始第 7852 次操作

2024-10-04 00:24:37 开始操作号码 【1367851】
2024-10-04 00:24:39 GSD getOne 第 1 次 等待 3 秒
2024-10-04 00:24:42 查询号码 【1367851】，返回信息 {"status":"ok","msg":"贵州-贵阳","gid":"8813","time_insert":"2018-02-16 11:43","time_update":"2020-11-18 03:33"}
2024-10-04 00:24:42 查询号码 【1367851】，GSD为【"贵州-贵阳"】

