2023-11-19 00:20:53 开始第 9229 次操作

2023-11-19 00:20:53 开始操作号码 【1909143】
2023-11-19 00:20:58 GSD getOne 第 1 次 等待 3 秒
2023-11-19 00:21:01 查询号码 【1909143】，返回信息 {"status":"ok","msg":"-","gid":"660964","time_insert":"2023-04-17 23:02"}
2023-11-19 00:21:01 查询号码 【1909143】，GSD为【"-"】
2023-11-19 00:21:01 ok && -
2023-11-19 00:21:04 CHB 1909143?1700324461 第 1 次 等待 3 秒
2023-11-19 00:21:07 CHB 1909143?1700324461 第 1 次 获取到号码【1909143】GSD
2023-11-19 00:21:07 未获取到号码【1909143】GSD，可能号码格式错误
2023-11-19 00:21:07 获取到号码【1909143】的GSD为【-】
2023-11-19 00:21:11 GSD insert 第 1 次 等待 3 秒
2023-11-19 00:21:14 {"status":"bad","gid":"660964","msg":"添加失败！号码【1909143(-|-)】已存在！"}
2023-11-19 00:21:14 随机等待 94 秒，约 1 分钟
2023-11-19 00:21:14 下次操作: 2023-11-19 00:22:48

2023-11-19 00:22:48 开始第 9230 次操作

2023-11-19 00:22:48 开始操作号码 【1909144】
2023-11-19 00:22:54 GSD getOne 第 1 次 等待 3 秒
2023-11-19 00:22:57 查询号码 【1909144】，返回信息 {"status":"ok","msg":"-","gid":"660990","time_insert":"2023-04-17 23:21"}
2023-11-19 00:22:57 查询号码 【1909144】，GSD为【"-"】
2023-11-19 00:22:57 ok && -
2023-11-19 00:23:00 CHB 1909144?1700324577 第 1 次 等待 3 秒
2023-11-19 00:23:03 CHB 1909144?1700324577 第 1 次 获取到号码【1909144】GSD
2023-11-19 00:23:03 未获取到号码【1909144】GSD，可能号码格式错误
2023-11-19 00:23:03 获取到号码【1909144】的GSD为【-】
2023-11-19 00:23:09 GSD insert 第 1 次 等待 3 秒
2023-11-19 00:23:12 {"status":"bad","gid":"660990","msg":"添加失败！号码【1909144(-|-)】已存在！"}
2023-11-19 00:23:12 随机等待 78 秒，约 1 分钟
2023-11-19 00:23:12 下次操作: 2023-11-19 00:24:30

2023-11-19 00:24:30 开始第 9231 次操作

2023-11-19 00:24:30 开始操作号码 【1909145】
2023-11-19 00:24:33 GSD getOne 第 1 次 等待 3 秒
2023-11-19 00:24:36 查询号码 【1909145】，返回信息 {"status":"ok","msg":"-","gid":"661020","time_insert":"2023-04-17 23:39"}
2023-11-19 00:24:37 查询号码 【1909145】，GSD为【"-"】
2023-11-19 00:24:37 ok && -
2023-11-19 00:24:40 CHB 1909145?1700324677 第 1 次 等待 3 秒
2023-11-19 00:24:43 CHB 1909145?1700324677 第 1 次 获取到号码【1909145】GSD
2023-11-19 00:24:43 未获取到号码【1909145】GSD，可能号码格式错误
2023-11-19 00:24:43 获取到号码【1909145】的GSD为【-】
2023-11-19 00:24:47 GSD insert 第 1 次 等待 3 秒
2023-11-19 00:24:50 {"status":"bad","gid":"661020","msg":"添加失败！号码【1909145(-|-)】已存在！"}
2023-11-19 00:24:50 随机等待 121 秒，约 2 分钟
2023-11-19 00:24:50 下次操作: 2023-11-19 00:26:51

2023-11-19 00:26:51 开始第 9232 次操作

2023-11-19 00:26:51 开始操作号码 【1909146】
2023-11-19 00:26:55 GSD getOne 第 1 次 等待 3 秒
2023-11-19 00:26:58 查询号码 【1909146】，返回信息 {"status":"ok","msg":"-","gid":"661055","time_insert":"2023-04-17 23:58"}
2023-11-19 00:26:58 查询号码 【1909146】，GSD为【"-"】
2023-11-19 00:26:58 ok && -
2023-11-19 00:27:02 CHB 1909146?1700324818 第 1 次 等待 3 秒
2023-11-19 00:27:05 CHB 1909146?1700324818 第 1 次 获取到号码【1909146】GSD
2023-11-19 00:27:05 未获取到号码【1909146】GSD，可能号码格式错误
2023-11-19 00:27:05 获取到号码【1909146】的GSD为【-】
2023-11-19 00:27:10 GSD insert 第 1 次 等待 3 秒
2023-11-19 00:27:13 {"status":"bad","gid":"661055","msg":"添加失败！号码【1909146(-|-)】已存在！"}

