2024-09-01 00:21:54 开始第 2205 次操作

2024-09-01 00:21:54 开始操作号码 【1362204】
2024-09-01 00:22:05 GSD getOne 第 1 次 等待 3 秒
2024-09-01 00:22:08 查询号码 【1362204】，返回信息 {"status":"ok","msg":"天津-天津","gid":"90255","time_insert":"2021-06-10 22:35"}
2024-09-01 00:22:08 查询号码 【1362204】，GSD为【"天津-天津"】

2024-09-01 00:22:09 开始第 2206 次操作

2024-09-01 00:22:09 开始操作号码 【1362205】
2024-09-01 00:22:17 GSD getOne 第 1 次 等待 3 秒
2024-09-01 00:22:20 查询号码 【1362205】，返回信息 {"status":"ok","msg":"天津-天津","gid":"90275","time_insert":"2021-06-10 22:57"}
2024-09-01 00:22:20 查询号码 【1362205】，GSD为【"天津-天津"】

2024-09-01 00:22:21 开始第 2207 次操作

2024-09-01 00:22:21 开始操作号码 【1362206】
2024-09-01 00:22:32 GSD getOne 第 1 次 等待 3 秒
2024-09-01 00:22:35 查询号码 【1362206】，返回信息 {"status":"ok","msg":"天津-天津","gid":"90296","time_insert":"2021-06-10 23:19"}
2024-09-01 00:22:35 查询号码 【1362206】，GSD为【"天津-天津"】

2024-09-01 00:22:36 开始第 2208 次操作

2024-09-01 00:22:36 开始操作号码 【1362207】
2024-09-01 00:22:44 GSD getOne 第 1 次 等待 3 秒
2024-09-01 00:22:47 查询号码 【1362207】，返回信息 {"status":"ok","msg":"天津-天津","gid":"90326","time_insert":"2021-06-10 23:48"}
2024-09-01 00:22:48 查询号码 【1362207】，GSD为【"天津-天津"】

2024-09-01 00:42:53 开始第 2209 次操作

2024-09-01 00:42:53 开始操作号码 【1362208】
2024-09-01 00:43:01 GSD getOne 第 1 次 等待 3 秒
2024-09-01 00:43:04 查询号码 【1362208】，返回信息 {"status":"ok","msg":"天津-天津","gid":"90350","time_insert":"2021-06-11 00:14"}
2024-09-01 00:43:04 查询号码 【1362208】，GSD为【"天津-天津"】

2024-09-01 00:43:05 开始第 2210 次操作

2024-09-01 00:43:05 开始操作号码 【1362209】
2024-09-01 00:43:13 GSD getOne 第 1 次 等待 3 秒
2024-09-01 00:43:16 查询号码 【1362209】，返回信息 {"status":"ok","msg":"天津-天津","gid":"90378","time_insert":"2021-06-11 00:42"}
2024-09-01 00:43:16 查询号码 【1362209】，GSD为【"天津-天津"】

2024-09-01 00:43:17 开始第 2211 次操作

2024-09-01 00:43:17 开始操作号码 【1362210】
2024-09-01 00:43:24 GSD getOne 第 1 次 等待 3 秒
2024-09-01 00:43:27 查询号码 【1362210】，返回信息 {"status":"ok","msg":"天津-天津","gid":"90394","time_insert":"2021-06-11 01:01"}
2024-09-01 00:43:27 查询号码 【1362210】，GSD为【"天津-天津"】

2024-09-01 00:43:28 开始第 2212 次操作

2024-09-01 00:43:28 开始操作号码 【1362211】
2024-09-01 00:43:36 GSD getOne 第 1 次 等待 3 秒
2024-09-01 00:43:39 查询号码 【1362211】，返回信息 {"status":"ok","msg":"天津-天津","gid":"90426","time_insert":"2021-06-11 01:27"}
2024-09-01 00:43:39 查询号码 【1362211】，GSD为【"天津-天津"】

