2024-01-23 00:22:46 开始第 45 次操作

2024-01-23 00:22:46 开始操作号码 【1809960】
2024-01-23 00:22:51 GSD getOne 第 1 次 等待 3 秒
2024-01-23 00:22:54 查询号码 【1809960】，返回信息 {"status":"ok","msg":"新疆-乌鲁木齐","gid":"355930","time_insert":"2021-07-22 14:24","time_update":"2021-08-08 01:18"}
2024-01-23 00:22:54 查询号码 【1809960】，GSD为【"新疆-乌鲁木齐"】

2024-01-23 00:22:55 开始第 46 次操作

2024-01-23 00:22:55 开始操作号码 【1809961】
2024-01-23 00:23:00 GSD getOne 第 1 次 等待 3 秒
2024-01-23 00:23:03 查询号码 【1809961】，返回信息 {"status":"ok","msg":"新疆-乌鲁木齐","gid":"355934","time_insert":"2021-07-22 14:26","time_update":"2021-08-08 01:30"}
2024-01-23 00:23:03 查询号码 【1809961】，GSD为【"新疆-乌鲁木齐"】

2024-01-23 00:23:04 开始第 47 次操作

2024-01-23 00:23:04 开始操作号码 【1809962】
2024-01-23 00:23:08 GSD getOne 第 1 次 等待 3 秒
2024-01-23 00:23:11 查询号码 【1809962】，返回信息 {"status":"ok","msg":"新疆-乌鲁木齐","gid":"355938","time_insert":"2021-07-22 14:27","time_update":"2021-08-08 01:43"}
2024-01-23 00:23:11 查询号码 【1809962】，GSD为【"新疆-乌鲁木齐"】

2024-01-23 00:23:12 开始第 48 次操作

2024-01-23 00:23:12 开始操作号码 【1809963】
2024-01-23 00:23:17 GSD getOne 第 1 次 等待 3 秒
2024-01-23 00:23:20 查询号码 【1809963】，返回信息 {"status":"ok","msg":"新疆-乌鲁木齐","gid":"355942","time_insert":"2021-07-22 14:29","time_update":"2021-08-08 01:54"}
2024-01-23 00:23:20 查询号码 【1809963】，GSD为【"新疆-乌鲁木齐"】

2024-01-23 00:41:54 开始第 49 次操作

2024-01-23 00:41:54 开始操作号码 【1809964】
2024-01-23 00:42:00 GSD getOne 第 1 次 等待 3 秒
2024-01-23 00:42:03 查询号码 【1809964】，返回信息 {"status":"ok","msg":"新疆-乌鲁木齐","gid":"355947","time_insert":"2021-07-22 14:30","time_update":"2021-08-08 02:07"}
2024-01-23 00:42:03 查询号码 【1809964】，GSD为【"新疆-乌鲁木齐"】

2024-01-23 00:42:04 开始第 50 次操作

2024-01-23 00:42:04 开始操作号码 【1809965】
2024-01-23 00:42:09 GSD getOne 第 1 次 等待 3 秒
2024-01-23 00:42:12 查询号码 【1809965】，返回信息 {"status":"ok","msg":"新疆-和田","gid":"355951","time_insert":"2021-07-22 14:31","time_update":"2021-08-08 02:18"}
2024-01-23 00:42:12 查询号码 【1809965】，GSD为【"新疆-和田"】

2024-01-23 00:42:13 开始第 51 次操作

2024-01-23 00:42:13 开始操作号码 【1809966】
2024-01-23 00:42:18 GSD getOne 第 1 次 等待 3 秒
2024-01-23 00:42:21 查询号码 【1809966】，返回信息 {"status":"ok","msg":"新疆-乌鲁木齐","gid":"356010","time_insert":"2021-07-22 14:53"}
2024-01-23 00:42:21 查询号码 【1809966】，GSD为【"新疆-乌鲁木齐"】

2024-01-23 00:42:22 开始第 52 次操作

2024-01-23 00:42:22 开始操作号码 【1809967】
2024-01-23 00:42:26 GSD getOne 第 1 次 等待 3 秒
2024-01-23 00:42:29 查询号码 【1809967】，返回信息 {"status":"ok","msg":"新疆-乌鲁木齐","gid":"356016","time_insert":"2021-07-22 14:54"}
2024-01-23 00:42:29 查询号码 【1809967】，GSD为【"新疆-乌鲁木齐"】

2024-01-23 01:16:18 开始第 53 次操作

2024-01-23 01:16:18 开始操作号码 【1809968】
2024-01-23 01:16:22 GSD getOne 第 1 次 等待 3 秒
2024-01-23 01:16:25 查询号码 【1809968】，返回信息 {"status":"ok","msg":"新疆-乌鲁木齐","gid":"356020","time_insert":"2021-07-22 14:54"}
2024-01-23 01:16:25 查询号码 【1809968】，GSD为【"新疆-乌鲁木齐"】

2024-01-23 01:16:26 开始第 54 次操作

2024-01-23 01:16:26 开始操作号码 【1809969】
2024-01-23 01:16:32 GSD getOne 第 1 次 等待 3 秒
2024-01-23 01:16:35 查询号码 【1809969】，返回信息 {"status":"ok","msg":"新疆-乌鲁木齐","gid":"356029","time_insert":"2021-07-22 14:55"}
2024-01-23 01:16:35 查询号码 【1809969】，GSD为【"新疆-乌鲁木齐"】

2024-01-23 01:16:36 开始第 55 次操作

2024-01-23 01:16:36 开始操作号码 【1809970】
2024-01-23 01:16:40 GSD getOne 第 1 次 等待 3 秒
2024-01-23 01:16:43 查询号码 【1809970】，返回信息 {"status":"ok","msg":"新疆-克拉玛依","gid":"356035","time_insert":"2021-07-22 14:55"}
2024-01-23 01:16:43 查询号码 【1809970】，GSD为【"新疆-克拉玛依"】

2024-01-23 01:16:44 开始第 56 次操作

2024-01-23 01:16:44 开始操作号码 【1809971】
2024-01-23 01:16:48 GSD getOne 第 1 次 等待 3 秒
2024-01-23 01:16:51 查询号码 【1809971】，返回信息 {"status":"ok","msg":"新疆-塔城","gid":"356039","time_insert":"2021-07-22 14:56"}
2024-01-23 01:16:51 查询号码 【1809971】，GSD为【"新疆-塔城"】

2024-01-23 01:37:44 开始第 57 次操作

2024-01-23 01:37:44 开始操作号码 【1809972】
2024-01-23 01:37:48 GSD getOne 第 1 次 等待 3 秒
2024-01-23 01:37:51 查询号码 【1809972】，返回信息 {"status":"ok","msg":"新疆-哈密","gid":"356047","time_insert":"2021-07-22 14:56"}
2024-01-23 01:37:51 查询号码 【1809972】，GSD为【"新疆-哈密"】

2024-01-23 01:37:52 开始第 58 次操作

2024-01-23 01:37:52 开始操作号码 【1809973】
2024-01-23 01:37:56 GSD getOne 第 1 次 等待 3 秒
2024-01-23 01:37:59 查询号码 【1809973】，返回信息 {"status":"ok","msg":"新疆-和田","gid":"356054","time_insert":"2021-07-22 14:57"}
2024-01-23 01:37:59 查询号码 【1809973】，GSD为【"新疆-和田"】

2024-01-23 01:38:00 开始第 59 次操作

2024-01-23 01:38:00 开始操作号码 【1809974】
2024-01-23 01:38:04 GSD getOne 第 1 次 等待 3 秒
2024-01-23 01:38:07 查询号码 【1809974】，返回信息 {"status":"ok","msg":"新疆-阿克苏","gid":"356061","time_insert":"2021-07-22 14:58"}
2024-01-23 01:38:07 查询号码 【1809974】，GSD为【"新疆-阿克苏"】

2024-01-23 01:38:08 开始第 60 次操作

2024-01-23 01:38:08 开始操作号码 【1809975】
2024-01-23 01:38:12 GSD getOne 第 1 次 等待 3 秒
2024-01-23 01:38:15 查询号码 【1809975】，返回信息 {"status":"ok","msg":"新疆-和田","gid":"356068","time_insert":"2021-07-22 14:58"}
2024-01-23 01:38:15 查询号码 【1809975】，GSD为【"新疆-和田"】

2024-01-23 02:23:08 开始第 61 次操作

2024-01-23 02:23:08 开始操作号码 【1809976】
2024-01-23 02:23:12 GSD getOne 第 1 次 等待 3 秒
2024-01-23 02:23:15 查询号码 【1809976】，返回信息 {"status":"ok","msg":"新疆-阿勒泰","gid":"356073","time_insert":"2021-07-22 14:59"}
2024-01-23 02:23:15 查询号码 【1809976】，GSD为【"新疆-阿勒泰"】

2024-01-23 02:23:16 开始第 62 次操作

2024-01-23 02:23:16 开始操作号码 【1809977】
2024-01-23 02:23:20 GSD getOne 第 1 次 等待 3 秒
2024-01-23 02:23:23 查询号码 【1809977】，返回信息 {"status":"ok","msg":"新疆-库尔勒","gid":"356080","time_insert":"2021-07-22 14:59"}
2024-01-23 02:23:23 查询号码 【1809977】，GSD为【"新疆-库尔勒"】

2024-01-23 02:23:24 开始第 63 次操作

2024-01-23 02:23:24 开始操作号码 【1809978】
2024-01-23 02:23:27 GSD getOne 第 1 次 等待 3 秒
2024-01-23 02:23:30 查询号码 【1809978】，返回信息 {"status":"ok","msg":"新疆-克孜勒苏","gid":"356088","time_insert":"2021-07-22 15:00"}
2024-01-23 02:23:31 查询号码 【1809978】，GSD为【"新疆-克孜勒苏"】

2024-01-23 02:23:32 开始第 64 次操作

2024-01-23 02:23:32 开始操作号码 【1809979】
2024-01-23 02:23:35 GSD getOne 第 1 次 等待 3 秒
2024-01-23 02:23:38 查询号码 【1809979】，返回信息 {"status":"ok","msg":"新疆-博乐","gid":"356093","time_insert":"2021-07-22 15:00"}
2024-01-23 02:23:38 查询号码 【1809979】，GSD为【"新疆-博乐"】

