2024-08-07 00:24:34 开始第 9981 次操作

2024-08-07 00:24:34 开始操作号码 【1479891】
2024-08-07 00:24:43 GSD getOne 第 1 次 等待 3 秒
2024-08-07 00:24:46 查询号码 【1479891】，返回信息 {"status":"ok","msg":"海南-海口","gid":"354870","time_insert":"2021-07-22 11:53"}
2024-08-07 00:24:47 查询号码 【1479891】，GSD为【"海南-海口"】

2024-08-07 00:24:48 开始第 9982 次操作

2024-08-07 00:24:48 开始操作号码 【1479892】
2024-08-07 00:24:56 GSD getOne 第 1 次 等待 3 秒
2024-08-07 00:24:59 查询号码 【1479892】，返回信息 {"status":"ok","msg":"海南-海口","gid":"354864","time_insert":"2021-07-22 11:52"}
2024-08-07 00:24:59 查询号码 【1479892】，GSD为【"海南-海口"】

2024-08-07 00:25:00 开始第 9983 次操作

2024-08-07 00:25:00 开始操作号码 【1479893】
2024-08-07 00:25:07 GSD getOne 第 1 次 等待 3 秒
2024-08-07 00:25:10 查询号码 【1479893】，返回信息 {"status":"ok","msg":"海南-海口","gid":"354858","time_insert":"2021-07-22 11:52"}
2024-08-07 00:25:11 查询号码 【1479893】，GSD为【"海南-海口"】

2024-08-07 00:25:12 开始第 9984 次操作

2024-08-07 00:25:12 开始操作号码 【1479894】
2024-08-07 00:25:19 GSD getOne 第 1 次 等待 3 秒
2024-08-07 00:25:22 查询号码 【1479894】，返回信息 {"status":"ok","msg":"海南-海口","gid":"354851","time_insert":"2021-07-22 11:51"}
2024-08-07 00:25:22 查询号码 【1479894】，GSD为【"海南-海口"】

