2024-02-02 00:21:21 开始第 1381 次操作

2024-02-02 00:21:21 开始操作号码 【1691295】
2024-02-02 00:21:25 GSD getOne 第 1 次 等待 3 秒
2024-02-02 00:21:28 查询号码 【1691295】，返回信息 {"status":"ok","msg":"-","gid":"567766","time_insert":"2023-03-03 19:44"}
2024-02-02 00:21:28 查询号码 【1691295】，GSD为【"-"】
2024-02-02 00:21:28 ok && -
2024-02-02 00:21:31 CHB 1691295?1706804488 第 1 次 等待 3 秒
2024-02-02 00:21:34 CHB 1691295?1706804488 第 1 次 获取到号码【1691295】GSD
2024-02-02 00:21:34 未获取到号码【1691295】GSD，可能号码格式错误
2024-02-02 00:21:34 获取到号码【1691295】的GSD为【-】
2024-02-02 00:21:38 GSD insert 第 1 次 等待 3 秒
2024-02-02 00:21:41 {"status":"bad","gid":"567766","msg":"添加失败！号码【1691295(-|-)】已存在！"}
2024-02-02 00:21:41 随机等待 145 秒，约 2 分钟
2024-02-02 00:21:41 下次操作: 2024-02-02 00:24:06

2024-02-02 00:24:06 开始第 1382 次操作

2024-02-02 00:24:06 开始操作号码 【1691296】
2024-02-02 00:24:09 GSD getOne 第 1 次 等待 3 秒
2024-02-02 00:24:12 查询号码 【1691296】，返回信息 {"status":"ok","msg":"-","gid":"567794","time_insert":"2023-03-03 20:01"}
2024-02-02 00:24:12 查询号码 【1691296】，GSD为【"-"】
2024-02-02 00:24:12 ok && -
2024-02-02 00:24:15 CHB 1691296?1706804652 第 1 次 等待 3 秒
2024-02-02 00:24:18 CHB 1691296?1706804652 第 1 次 获取到号码【1691296】GSD
2024-02-02 00:24:18 未获取到号码【1691296】GSD，可能号码格式错误
2024-02-02 00:24:18 获取到号码【1691296】的GSD为【-】
2024-02-02 00:24:26 GSD insert 第 1 次 等待 3 秒
2024-02-02 00:24:29 {"status":"bad","gid":"567794","msg":"添加失败！号码【1691296(-|-)】已存在！"}
2024-02-02 00:24:29 随机等待 171 秒，约 2 分钟
2024-02-02 00:24:29 下次操作: 2024-02-02 00:27:20

2024-02-02 00:27:20 开始第 1383 次操作

2024-02-02 00:27:20 开始操作号码 【1691297】
2024-02-02 00:27:42 GSD getOne 第 1 次 等待 3 秒
2024-02-02 00:27:45 查询号码 【1691297】，返回信息 {"status":"ok","msg":"-","gid":"567808","time_insert":"2023-03-03 20:17"}
2024-02-02 00:27:45 查询号码 【1691297】，GSD为【"-"】
2024-02-02 00:27:45 ok && -
2024-02-02 00:27:47 CHB 1691297?1706804865 第 1 次 等待 3 秒
2024-02-02 00:27:50 CHB 1691297?1706804865 第 1 次 获取到号码【1691297】GSD
2024-02-02 00:27:51 未获取到号码【1691297】GSD，可能号码格式错误
2024-02-02 00:27:51 获取到号码【1691297】的GSD为【-】
2024-02-02 00:27:54 GSD insert 第 1 次 等待 3 秒
2024-02-02 00:27:57 {"status":"bad","gid":"567808","msg":"添加失败！号码【1691297(-|-)】已存在！"}
2024-02-02 00:27:57 随机等待 88 秒，约 1 分钟
2024-02-02 00:27:57 下次操作: 2024-02-02 00:29:25

2024-02-02 00:29:25 开始第 1384 次操作

2024-02-02 00:29:25 开始操作号码 【1691298】
2024-02-02 00:29:32 GSD getOne 第 1 次 等待 3 秒
2024-02-02 00:29:35 查询号码 【1691298】，返回信息 {"status":"ok","msg":"-","gid":"567833","time_insert":"2023-03-03 20:34"}
2024-02-02 00:29:35 查询号码 【1691298】，GSD为【"-"】
2024-02-02 00:29:35 ok && -
2024-02-02 00:29:38 CHB 1691298?1706804975 第 1 次 等待 3 秒
2024-02-02 00:29:41 CHB 1691298?1706804975 第 1 次 获取到号码【1691298】GSD
2024-02-02 00:29:41 未获取到号码【1691298】GSD，可能号码格式错误
2024-02-02 00:29:41 获取到号码【1691298】的GSD为【-】
2024-02-02 00:29:45 GSD insert 第 1 次 等待 3 秒
2024-02-02 00:29:48 {"status":"bad","gid":"567833","msg":"添加失败！号码【1691298(-|-)】已存在！"}

2024-02-02 00:37:53 开始第 1385 次操作

2024-02-02 00:37:53 开始操作号码 【1691299】
2024-02-02 00:37:58 GSD getOne 第 1 次 等待 3 秒
2024-02-02 00:38:01 查询号码 【1691299】，返回信息 {"status":"ok","msg":"-","gid":"567853","time_insert":"2023-03-03 20:52"}
2024-02-02 00:38:01 查询号码 【1691299】，GSD为【"-"】
2024-02-02 00:38:01 ok && -
2024-02-02 00:38:04 CHB 1691299?1706805481 第 1 次 等待 3 秒
2024-02-02 00:38:07 CHB 1691299?1706805481 第 1 次 获取到号码【1691299】GSD
2024-02-02 00:38:07 未获取到号码【1691299】GSD，可能号码格式错误
2024-02-02 00:38:07 获取到号码【1691299】的GSD为【-】
2024-02-02 00:38:10 GSD insert 第 1 次 等待 3 秒
2024-02-02 00:38:13 {"status":"bad","gid":"567853","msg":"添加失败！号码【1691299(-|-)】已存在！"}
2024-02-02 00:38:13 随机等待 124 秒，约 2 分钟
2024-02-02 00:38:13 下次操作: 2024-02-02 00:40:17

2024-02-02 00:40:17 开始第 1386 次操作

2024-02-02 00:40:17 开始操作号码 【1691300】
2024-02-02 00:40:22 GSD getOne 第 1 次 等待 3 秒
2024-02-02 00:40:25 查询号码 【1691300】，返回信息 {"status":"ok","msg":"-","gid":"567878","time_insert":"2023-03-03 21:10"}
2024-02-02 00:40:25 查询号码 【1691300】，GSD为【"-"】
2024-02-02 00:40:25 ok && -
2024-02-02 00:40:27 CHB 1691300?1706805625 第 1 次 等待 3 秒
2024-02-02 00:40:30 CHB 1691300?1706805625 第 1 次 获取到号码【1691300】GSD
2024-02-02 00:40:30 未获取到号码【1691300】GSD，可能号码格式错误
2024-02-02 00:40:30 获取到号码【1691300】的GSD为【-】
2024-02-02 00:40:34 GSD insert 第 1 次 等待 3 秒
2024-02-02 00:40:37 {"status":"bad","gid":"567878","msg":"添加失败！号码【1691300(-|-)】已存在！"}
2024-02-02 00:40:37 随机等待 165 秒，约 2 分钟
2024-02-02 00:40:37 下次操作: 2024-02-02 00:43:22

2024-02-02 00:43:22 开始第 1387 次操作

2024-02-02 00:43:22 开始操作号码 【1691301】
2024-02-02 00:43:26 GSD getOne 第 1 次 等待 3 秒
2024-02-02 00:43:29 查询号码 【1691301】，返回信息 {"status":"ok","msg":"-","gid":"567902","time_insert":"2023-03-03 21:27"}
2024-02-02 00:43:29 查询号码 【1691301】，GSD为【"-"】
2024-02-02 00:43:29 ok && -
2024-02-02 00:43:34 CHB 1691301?1706805809 第 1 次 等待 3 秒
2024-02-02 00:43:37 CHB 1691301?1706805809 第 1 次 获取到号码【1691301】GSD
2024-02-02 00:43:37 未获取到号码【1691301】GSD，可能号码格式错误
2024-02-02 00:43:37 获取到号码【1691301】的GSD为【-】
2024-02-02 00:43:42 GSD insert 第 1 次 等待 3 秒
2024-02-02 00:43:45 {"status":"bad","gid":"567902","msg":"添加失败！号码【1691301(-|-)】已存在！"}
2024-02-02 00:43:45 随机等待 78 秒，约 1 分钟
2024-02-02 00:43:45 下次操作: 2024-02-02 00:45:03

2024-02-02 00:45:03 开始第 1388 次操作

2024-02-02 00:45:03 开始操作号码 【1691302】
2024-02-02 00:45:07 GSD getOne 第 1 次 等待 3 秒
2024-02-02 00:45:10 查询号码 【1691302】，返回信息 {"status":"ok","msg":"-","gid":"567929","time_insert":"2023-03-03 21:46"}
2024-02-02 00:45:10 查询号码 【1691302】，GSD为【"-"】
2024-02-02 00:45:10 ok && -
2024-02-02 00:45:11 CHB 1691302?1706805910 第 1 次 等待 3 秒
2024-02-02 00:45:14 CHB 1691302?1706805910 第 1 次 获取到号码【1691302】GSD
2024-02-02 00:45:14 未获取到号码【1691302】GSD，可能号码格式错误
2024-02-02 00:45:14 获取到号码【1691302】的GSD为【-】
2024-02-02 00:45:19 GSD insert 第 1 次 等待 3 秒
2024-02-02 00:45:22 {"status":"bad","gid":"567929","msg":"添加失败！号码【1691302(-|-)】已存在！"}

