2024-07-11 00:24:17 开始第 5285 次操作

2024-07-11 00:24:17 开始操作号码 【1475195】
2024-07-11 00:24:26 GSD getOne 第 1 次 等待 3 秒
2024-07-11 00:24:29 查询号码 【1475195】，返回信息 {"status":"ok","msg":"江苏-南京","gid":"392320","time_insert":"2021-07-25 18:45"}
2024-07-11 00:24:29 查询号码 【1475195】，GSD为【"江苏-南京"】

2024-07-11 00:24:30 开始第 5286 次操作

2024-07-11 00:24:30 开始操作号码 【1475196】
2024-07-11 00:24:39 GSD getOne 第 1 次 等待 3 秒
2024-07-11 00:24:42 查询号码 【1475196】，返回信息 {"status":"ok","msg":"江苏-南京","gid":"392578","time_insert":"2021-07-25 19:00"}
2024-07-11 00:24:42 查询号码 【1475196】，GSD为【"江苏-南京"】

2024-07-11 00:24:43 开始第 5287 次操作

2024-07-11 00:24:43 开始操作号码 【1475197】
2024-07-11 00:24:51 GSD getOne 第 1 次 等待 3 秒
2024-07-11 00:24:54 查询号码 【1475197】，返回信息 {"status":"ok","msg":"江苏-南京","gid":"392745","time_insert":"2021-07-25 19:14"}
2024-07-11 00:24:54 查询号码 【1475197】，GSD为【"江苏-南京"】

2024-07-11 00:24:55 开始第 5288 次操作

2024-07-11 00:24:55 开始操作号码 【1475198】
2024-07-11 00:25:03 GSD getOne 第 1 次 等待 3 秒
2024-07-11 00:25:06 查询号码 【1475198】，返回信息 {"status":"ok","msg":"江苏-南京","gid":"392784","time_insert":"2021-07-25 19:28"}
2024-07-11 00:25:06 查询号码 【1475198】，GSD为【"江苏-南京"】

