2023-10-26 00:20:53 开始第 5009 次操作

2023-10-26 00:20:53 开始操作号码 【1904923】
2023-10-26 00:21:10 GSD getOne 第 1 次 等待 3 秒
2023-10-26 00:21:13 查询号码 【1904923】，返回信息 {"status":"ok","msg":"陕西-渭南","gid":"620479","time_insert":"2023-03-28 18:34"}
2023-10-26 00:21:13 查询号码 【1904923】，GSD为【"陕西-渭南"】

2023-10-26 00:21:14 开始第 5010 次操作

2023-10-26 00:21:14 开始操作号码 【1904924】
2023-10-26 00:21:17 GSD getOne 第 1 次 等待 3 秒
2023-10-26 00:21:20 查询号码 【1904924】，返回信息 {"status":"ok","msg":"陕西-渭南","gid":"620514","time_insert":"2023-03-28 18:57"}
2023-10-26 00:21:20 查询号码 【1904924】，GSD为【"陕西-渭南"】

2023-10-26 00:21:21 开始第 5011 次操作

2023-10-26 00:21:21 开始操作号码 【1904925】
2023-10-26 00:21:28 GSD getOne 第 1 次 等待 3 秒
2023-10-26 00:21:31 查询号码 【1904925】，返回信息 {"status":"ok","msg":"陕西-渭南","gid":"620539","time_insert":"2023-03-28 19:13"}
2023-10-26 00:21:31 查询号码 【1904925】，GSD为【"陕西-渭南"】

2023-10-26 00:21:32 开始第 5012 次操作

2023-10-26 00:21:32 开始操作号码 【1904926】
2023-10-26 00:21:35 GSD getOne 第 1 次 等待 3 秒
2023-10-26 00:21:38 查询号码 【1904926】，返回信息 {"status":"ok","msg":"陕西-渭南","gid":"620566","time_insert":"2023-03-28 19:33"}
2023-10-26 00:21:38 查询号码 【1904926】，GSD为【"陕西-渭南"】

