2024-06-23 00:23:36 开始第 2133 次操作

2024-06-23 00:23:36 开始操作号码 【1472046】
2024-06-23 00:23:58 GSD getOne 第 1 次 等待 3 秒
2024-06-23 00:24:01 查询号码 【1472046】，返回信息 {"status":"ok","msg":"四川-成都","gid":"123709","time_insert":"2021-06-24 18:52"}
2024-06-23 00:24:01 查询号码 【1472046】，GSD为【"四川-成都"】

2024-06-23 00:24:02 开始第 2134 次操作

2024-06-23 00:24:02 开始操作号码 【1472047】
2024-06-23 00:24:19 GSD getOne 第 1 次 等待 3 秒
2024-06-23 00:24:22 查询号码 【1472047】，返回信息 {"status":"ok","msg":"四川-成都","gid":"123824","time_insert":"2021-06-24 19:16"}
2024-06-23 00:24:22 查询号码 【1472047】，GSD为【"四川-成都"】

2024-06-23 00:24:23 开始第 2135 次操作

2024-06-23 00:24:23 开始操作号码 【1472048】
2024-06-23 00:24:39 GSD getOne 第 1 次 等待 3 秒
2024-06-23 00:24:42 查询号码 【1472048】，返回信息 {"status":"ok","msg":"四川-成都","gid":"123859","time_insert":"2021-06-24 19:36"}
2024-06-23 00:24:42 查询号码 【1472048】，GSD为【"四川-成都"】

2024-06-23 00:24:43 开始第 2136 次操作

2024-06-23 00:24:43 开始操作号码 【1472049】
2024-06-23 00:24:59 GSD getOne 第 1 次 等待 3 秒
2024-06-23 00:25:02 查询号码 【1472049】，返回信息 {"status":"ok","msg":"四川-成都","gid":"123998","time_insert":"2021-06-24 20:00"}
2024-06-23 00:25:03 查询号码 【1472049】，GSD为【"四川-成都"】

2024-06-23 00:40:24 开始第 2137 次操作

2024-06-23 00:40:24 开始操作号码 【1472050】
2024-06-23 00:40:50 GSD getOne 第 1 次 等待 3 秒
2024-06-23 00:40:53 查询号码 【1472050】，返回信息 {"status":"ok","msg":"四川-成都","gid":"124040","time_insert":"2021-06-24 20:20"}
2024-06-23 00:40:53 查询号码 【1472050】，GSD为【"四川-成都"】

2024-06-23 00:40:54 开始第 2138 次操作

2024-06-23 00:40:54 开始操作号码 【1472051】
2024-06-23 00:41:10 GSD getOne 第 1 次 等待 3 秒
2024-06-23 00:41:13 查询号码 【1472051】，返回信息 {"status":"ok","msg":"四川-成都","gid":"124064","time_insert":"2021-06-24 20:37"}
2024-06-23 00:41:13 查询号码 【1472051】，GSD为【"四川-成都"】

2024-06-23 00:41:14 开始第 2139 次操作

2024-06-23 00:41:14 开始操作号码 【1472052】
2024-06-23 00:41:35 GSD getOne 第 1 次 等待 3 秒
2024-06-23 00:41:38 查询号码 【1472052】，返回信息 {"status":"ok","msg":"四川-成都","gid":"124098","time_insert":"2021-06-24 21:02"}
2024-06-23 00:41:38 查询号码 【1472052】，GSD为【"四川-成都"】

2024-06-23 00:41:39 开始第 2140 次操作

2024-06-23 00:41:39 开始操作号码 【1472053】
2024-06-23 00:41:55 GSD getOne 第 1 次 等待 3 秒
2024-06-23 00:41:58 查询号码 【1472053】，返回信息 {"status":"ok","msg":"四川-成都","gid":"124121","time_insert":"2021-06-24 21:17"}
2024-06-23 00:41:58 查询号码 【1472053】，GSD为【"四川-成都"】

