2024-07-21 00:23:44 开始第 7013 次操作

2024-07-21 00:23:44 开始操作号码 【1476923】
2024-07-21 00:23:52 GSD getOne 第 1 次 等待 3 秒
2024-07-21 00:23:56 查询号码 【1476923】，返回信息 {"status":"ok","msg":"云南-文山","gid":"14757","time_insert":"2017-04-24 16:13","time_update":"2020-11-28 04:17"}
2024-07-21 00:23:56 查询号码 【1476923】，GSD为【"云南-文山"】

2024-07-21 00:23:57 开始第 7014 次操作

2024-07-21 00:23:57 开始操作号码 【1476924】
2024-07-21 00:24:06 GSD getOne 第 1 次 等待 3 秒
2024-07-21 00:24:09 查询号码 【1476924】，返回信息 {"status":"ok","msg":"云南-文山","gid":"14758","time_insert":"2017-08-11 00:02","time_update":"2020-11-28 04:20"}
2024-07-21 00:24:09 查询号码 【1476924】，GSD为【"云南-文山"】

2024-07-21 00:24:10 开始第 7015 次操作

2024-07-21 00:24:10 开始操作号码 【1476925】
2024-07-21 00:24:18 GSD getOne 第 1 次 等待 3 秒
2024-07-21 00:24:21 查询号码 【1476925】，返回信息 {"status":"ok","msg":"云南-文山","gid":"14759","time_insert":"2017-08-10 22:47","time_update":"2020-11-28 04:25"}
2024-07-21 00:24:21 查询号码 【1476925】，GSD为【"云南-文山"】

2024-07-21 00:24:22 开始第 7016 次操作

2024-07-21 00:24:22 开始操作号码 【1476926】
2024-07-21 00:24:30 GSD getOne 第 1 次 等待 3 秒
2024-07-21 00:24:33 查询号码 【1476926】，返回信息 {"status":"ok","msg":"云南-文山","gid":"388983","time_insert":"2021-07-25 12:45"}
2024-07-21 00:24:33 查询号码 【1476926】，GSD为【"云南-文山"】

