2024-09-11 00:22:07 开始第 3917 次操作

2024-09-11 00:22:07 开始操作号码 【1363916】
2024-09-11 00:22:16 GSD getOne 第 1 次 等待 3 秒
2024-09-11 00:22:19 查询号码 【1363916】，返回信息 {"status":"ok","msg":"贵州-六盘水","gid":"8026","time_insert":"2017-09-18 08:20","time_update":"2020-11-18 01:30"}
2024-09-11 00:22:19 查询号码 【1363916】，GSD为【"贵州-六盘水"】

2024-09-11 00:22:20 开始第 3918 次操作

2024-09-11 00:22:20 开始操作号码 【1363917】
2024-09-11 00:22:28 GSD getOne 第 1 次 等待 3 秒
2024-09-11 00:22:31 查询号码 【1363917】，返回信息 {"status":"ok","msg":"贵州-六盘水","gid":"8027","time_insert":"2017-11-22 15:21","time_update":"2020-11-18 01:35"}
2024-09-11 00:22:31 查询号码 【1363917】，GSD为【"贵州-六盘水"】

2024-09-11 00:22:32 开始第 3919 次操作

2024-09-11 00:22:32 开始操作号码 【1363918】
2024-09-11 00:22:40 GSD getOne 第 1 次 等待 3 秒
2024-09-11 00:22:43 查询号码 【1363918】，返回信息 {"status":"ok","msg":"贵州-六盘水","gid":"8028","time_insert":"2017-07-24 00:00","time_update":"2020-11-18 01:39"}
2024-09-11 00:22:43 查询号码 【1363918】，GSD为【"贵州-六盘水"】

2024-09-11 00:22:44 开始第 3920 次操作

2024-09-11 00:22:44 开始操作号码 【1363919】
2024-09-11 00:22:52 GSD getOne 第 1 次 等待 3 秒
2024-09-11 00:22:55 查询号码 【1363919】，返回信息 {"status":"ok","msg":"贵州-六盘水","gid":"160678","time_insert":"2021-06-30 13:02"}
2024-09-11 00:22:55 查询号码 【1363919】，GSD为【"贵州-六盘水"】

