2024-04-27 00:23:22 开始第 5657 次操作

2024-04-27 00:23:22 开始操作号码 【1585570】
2024-04-27 00:23:31 GSD getOne 第 1 次 等待 3 秒
2024-04-27 00:23:34 查询号码 【1585570】，返回信息 {"status":"ok","msg":"安徽-宿州","gid":"399892","time_insert":"2021-07-26 10:27"}
2024-04-27 00:23:34 查询号码 【1585570】，GSD为【"安徽-宿州"】

2024-04-27 00:23:35 开始第 5658 次操作

2024-04-27 00:23:35 开始操作号码 【1585571】
2024-04-27 00:23:42 GSD getOne 第 1 次 等待 3 秒
2024-04-27 00:23:45 查询号码 【1585571】，返回信息 {"status":"ok","msg":"安徽-宿州","gid":"399925","time_insert":"2021-07-26 10:38"}
2024-04-27 00:23:45 查询号码 【1585571】，GSD为【"安徽-宿州"】

2024-04-27 00:23:46 开始第 5659 次操作

2024-04-27 00:23:46 开始操作号码 【1585572】
2024-04-27 00:23:58 GSD getOne 第 1 次 等待 3 秒
2024-04-27 00:24:01 查询号码 【1585572】，返回信息 {"status":"ok","msg":"安徽-宿州","gid":"399980","time_insert":"2021-07-26 10:48"}
2024-04-27 00:24:01 查询号码 【1585572】，GSD为【"安徽-宿州"】

2024-04-27 00:24:02 开始第 5660 次操作

2024-04-27 00:24:02 开始操作号码 【1585573】
2024-04-27 00:24:24 GSD getOne 第 1 次 等待 3 秒
2024-04-27 00:24:27 查询号码 【1585573】，返回信息 {"status":"ok","msg":"安徽-宿州","gid":"400158","time_insert":"2021-07-26 10:59"}
2024-04-27 00:24:27 查询号码 【1585573】，GSD为【"安徽-宿州"】

