2024-07-01 00:23:23 开始第 3533 次操作

2024-07-01 00:23:23 开始操作号码 【1473443】
2024-07-01 00:23:37 GSD getOne 第 1 次 等待 3 秒
2024-07-01 00:23:40 查询号码 【1473443】，返回信息 {"status":"ok","msg":"重庆-重庆","gid":"234813","time_insert":"2021-07-09 23:41"}
2024-07-01 00:23:40 查询号码 【1473443】，GSD为【"重庆-重庆"】

2024-07-01 00:23:41 开始第 3534 次操作

2024-07-01 00:23:41 开始操作号码 【1473444】
2024-07-01 00:23:54 GSD getOne 第 1 次 等待 3 秒
2024-07-01 00:23:57 查询号码 【1473444】，返回信息 {"status":"ok","msg":"重庆-重庆","gid":"234900","time_insert":"2021-07-09 23:53"}
2024-07-01 00:23:57 查询号码 【1473444】，GSD为【"重庆-重庆"】

2024-07-01 00:23:58 开始第 3535 次操作

2024-07-01 00:23:58 开始操作号码 【1473445】
2024-07-01 00:24:11 GSD getOne 第 1 次 等待 3 秒
2024-07-01 00:24:14 查询号码 【1473445】，返回信息 {"status":"ok","msg":"重庆-重庆","gid":"235042","time_insert":"2021-07-10 00:04"}
2024-07-01 00:24:15 查询号码 【1473445】，GSD为【"重庆-重庆"】

2024-07-01 00:24:16 开始第 3536 次操作

2024-07-01 00:24:16 开始操作号码 【1473446】
2024-07-01 00:24:30 GSD getOne 第 1 次 等待 3 秒
2024-07-01 00:24:33 查询号码 【1473446】，返回信息 {"status":"ok","msg":"重庆-重庆","gid":"235131","time_insert":"2021-07-10 00:19"}
2024-07-01 00:24:33 查询号码 【1473446】，GSD为【"重庆-重庆"】

2024-07-01 00:41:08 开始第 3537 次操作

2024-07-01 00:41:08 开始操作号码 【1473447】
2024-07-01 00:41:37 GSD getOne 第 1 次 等待 3 秒
2024-07-01 00:41:40 查询号码 【1473447】，返回信息 {"status":"ok","msg":"重庆-重庆","gid":"235167","time_insert":"2021-07-10 00:34"}
2024-07-01 00:41:40 查询号码 【1473447】，GSD为【"重庆-重庆"】

2024-07-01 00:41:41 开始第 3538 次操作

2024-07-01 00:41:41 开始操作号码 【1473448】
2024-07-01 00:42:10 GSD getOne 第 1 次 等待 3 秒
2024-07-01 00:42:13 查询号码 【1473448】，返回信息 {"status":"ok","msg":"重庆-重庆","gid":"235188","time_insert":"2021-07-10 00:44"}
2024-07-01 00:42:13 查询号码 【1473448】，GSD为【"重庆-重庆"】

2024-07-01 00:42:14 开始第 3539 次操作

2024-07-01 00:42:14 开始操作号码 【1473449】
2024-07-01 00:42:44 GSD getOne 第 1 次 等待 3 秒
2024-07-01 00:42:47 查询号码 【1473449】，返回信息 {"status":"ok","msg":"重庆-重庆","gid":"235201","time_insert":"2021-07-10 00:55"}
2024-07-01 00:42:47 查询号码 【1473449】，GSD为【"重庆-重庆"】

2024-07-01 00:42:48 开始第 3540 次操作

2024-07-01 00:42:48 开始操作号码 【1473450】
2024-07-01 00:43:07 GSD getOne 第 1 次 等待 3 秒
2024-07-01 00:43:10 查询号码 【1473450】，返回信息 {"status":"ok","msg":"广东-广州","gid":"235298","time_insert":"2021-07-10 01:08"}
2024-07-01 00:43:10 查询号码 【1473450】，GSD为【"广东-广州"】

2024-07-01 01:16:31 开始第 3541 次操作

2024-07-01 01:16:31 开始操作号码 【1473451】
2024-07-01 01:16:57 GSD getOne 第 1 次 等待 3 秒
2024-07-01 01:17:00 查询号码 【1473451】，返回信息 {"status":"ok","msg":"广东-广州","gid":"235402","time_insert":"2021-07-10 01:21"}
2024-07-01 01:17:00 查询号码 【1473451】，GSD为【"广东-广州"】

2024-07-01 01:17:01 开始第 3542 次操作

2024-07-01 01:17:01 开始操作号码 【1473452】
2024-07-01 01:17:17 GSD getOne 第 1 次 等待 3 秒
2024-07-01 01:17:20 查询号码 【1473452】，返回信息 {"status":"ok","msg":"广东-广州","gid":"235418","time_insert":"2021-07-10 01:32"}
2024-07-01 01:17:20 查询号码 【1473452】，GSD为【"广东-广州"】

2024-07-01 01:17:21 开始第 3543 次操作

2024-07-01 01:17:21 开始操作号码 【1473453】
2024-07-01 01:17:36 GSD getOne 第 1 次 等待 3 秒
2024-07-01 01:17:39 查询号码 【1473453】，返回信息 {"status":"ok","msg":"广东-广州","gid":"235499","time_insert":"2021-07-10 01:44"}
2024-07-01 01:17:39 查询号码 【1473453】，GSD为【"广东-广州"】

2024-07-01 01:17:40 开始第 3544 次操作

2024-07-01 01:17:40 开始操作号码 【1473454】
2024-07-01 01:17:54 GSD getOne 第 1 次 等待 3 秒
2024-07-01 01:17:57 查询号码 【1473454】，返回信息 {"status":"ok","msg":"广东-广州","gid":"235657","time_insert":"2021-07-10 01:57"}
2024-07-01 01:17:57 查询号码 【1473454】，GSD为【"广东-广州"】

