2024-09-04 00:24:02 开始第 2721 次操作

2024-09-04 00:24:02 开始操作号码 【1362720】
2024-09-04 00:24:10 GSD getOne 第 1 次 等待 3 秒
2024-09-04 00:24:13 查询号码 【1362720】，返回信息 {"status":"ok","msg":"湖北-武汉","gid":"102390","time_insert":"2021-06-18 01:29"}
2024-09-04 00:24:13 查询号码 【1362720】，GSD为【"湖北-武汉"】

2024-09-04 00:24:14 开始第 2722 次操作

2024-09-04 00:24:14 开始操作号码 【1362721】
2024-09-04 00:24:22 GSD getOne 第 1 次 等待 3 秒
2024-09-04 00:24:25 查询号码 【1362721】，返回信息 {"status":"ok","msg":"湖北-武汉","gid":"102411","time_insert":"2021-06-18 01:49"}
2024-09-04 00:24:25 查询号码 【1362721】，GSD为【"湖北-武汉"】

2024-09-04 00:24:26 开始第 2723 次操作

2024-09-04 00:24:26 开始操作号码 【1362722】
2024-09-04 00:24:40 GSD getOne 第 1 次 等待 3 秒
2024-09-04 00:24:43 查询号码 【1362722】，返回信息 {"status":"ok","msg":"湖北-武汉","gid":"102438","time_insert":"2021-06-18 02:11"}
2024-09-04 00:24:43 查询号码 【1362722】，GSD为【"湖北-武汉"】

2024-09-04 00:24:44 开始第 2724 次操作

2024-09-04 00:24:44 开始操作号码 【1362723】
2024-09-04 00:24:53 GSD getOne 第 1 次 等待 3 秒
2024-09-04 00:24:56 查询号码 【1362723】，返回信息 {"status":"ok","msg":"湖北-武汉","gid":"102469","time_insert":"2021-06-18 02:37"}
2024-09-04 00:24:56 查询号码 【1362723】，GSD为【"湖北-武汉"】

