2021-07-02 00:00:25 开始第 8 次操作

2021-07-02 00:00:25 开始操作号码 【1763148】
2021-07-02 00:00:32 GSD getOne 第 1 次 等待 1 秒
2021-07-02 00:00:33 查询号码 【1763148】，返回信息 {"status":"bad","msg":""}
2021-07-02 00:00:34 查询号码 【1763148】，GSD为【""】
2021-07-02 00:00:34 bad
2021-07-02 00:00:37 CHB 1763148?1625155234 第 1 次 等待 1 秒
2021-07-02 00:00:38 CHB 1763148?1625155234 第 1 次 获取到号码【1763148】GSD
2021-07-02 00:00:38 获取到号码【1763148】的GSD为【河北-衡水】
2021-07-02 00:00:58 GSD insert 第 1 次 等待 1 秒
2021-07-02 00:00:59 {"status":"ok","msg":"添加成功！170102"}
2021-07-02 00:00:59 下次操作: 2021-07-02 00:01:06

2021-07-02 00:01:06 开始第 9 次操作

2021-07-02 00:01:06 开始操作号码 【1763149】
2021-07-02 00:01:25 GSD getOne 第 1 次 等待 1 秒
2021-07-02 00:01:26 查询号码 【1763149】，返回信息 {"status":"bad","msg":""}
2021-07-02 00:01:26 查询号码 【1763149】，GSD为【""】
2021-07-02 00:01:26 bad
2021-07-02 00:01:28 CHB 1763149?1625155286 第 1 次 等待 1 秒
2021-07-02 00:01:29 CHB 1763149?1625155286 第 1 次 获取到号码【1763149】GSD
2021-07-02 00:01:29 获取到号码【1763149】的GSD为【河北-衡水】
2021-07-02 00:01:48 GSD insert 第 1 次 等待 1 秒
2021-07-02 00:01:49 {"status":"ok","msg":"添加成功！170111"}
2021-07-02 00:01:49 下次操作: 2021-07-02 00:01:59

2021-07-02 00:01:59 开始第 10 次操作

2021-07-02 00:01:59 开始操作号码 【1763150】
2021-07-02 00:02:13 GSD getOne 第 1 次 等待 1 秒
2021-07-02 00:02:14 查询号码 【1763150】，返回信息 {"status":"bad","msg":""}
2021-07-02 00:02:14 查询号码 【1763150】，GSD为【""】
2021-07-02 00:02:14 bad
2021-07-02 00:02:16 CHB 1763150?1625155334 第 1 次 等待 1 秒
2021-07-02 00:02:17 CHB 1763150?1625155334 第 1 次 获取到号码【1763150】GSD
2021-07-02 00:02:17 获取到号码【1763150】的GSD为【河北-保定】
2021-07-02 00:02:42 GSD insert 第 1 次 等待 1 秒
2021-07-02 00:02:43 {"status":"ok","msg":"添加成功！170122"}
2021-07-02 00:02:43 下次操作: 2021-07-02 00:02:52

2021-07-02 00:02:52 开始第 11 次操作

2021-07-02 00:02:52 开始操作号码 【1763151】
2021-07-02 00:03:04 GSD getOne 第 1 次 等待 1 秒
2021-07-02 00:03:05 查询号码 【1763151】，返回信息 {"status":"bad","msg":""}
2021-07-02 00:03:05 查询号码 【1763151】，GSD为【""】
2021-07-02 00:03:05 bad
2021-07-02 00:03:07 CHB 1763151?1625155385 第 1 次 等待 1 秒
2021-07-02 00:03:08 CHB 1763151?1625155385 第 1 次 获取到号码【1763151】GSD
2021-07-02 00:03:08 获取到号码【1763151】的GSD为【河北-保定】
2021-07-02 00:03:28 GSD insert 第 1 次 等待 1 秒
2021-07-02 00:03:29 {"status":"ok","msg":"添加成功！170131"}
2021-07-02 00:03:29 下次操作: 2021-07-02 00:03:36

2021-07-02 00:03:36 开始第 12 次操作

2021-07-02 00:03:36 开始操作号码 【1763152】
2021-07-02 00:03:54 GSD getOne 第 1 次 等待 1 秒
2021-07-02 00:03:55 查询号码 【1763152】，返回信息 {"status":"bad","msg":""}
2021-07-02 00:03:56 查询号码 【1763152】，GSD为【""】
2021-07-02 00:03:56 bad
2021-07-02 00:04:03 CHB 1763152?1625155436 第 1 次 等待 1 秒
2021-07-02 00:04:04 CHB 1763152?1625155436 第 1 次 获取到号码【1763152】GSD
2021-07-02 00:04:04 获取到号码【1763152】的GSD为【河北-保定】
2021-07-02 00:04:20 GSD insert 第 1 次 等待 1 秒
2021-07-02 00:04:21 {"status":"ok","msg":"添加成功！170137"}
2021-07-02 00:04:21 下次操作: 2021-07-02 00:04:38

2021-07-02 00:04:38 开始第 13 次操作

2021-07-02 00:04:38 开始操作号码 【1763153】
2021-07-02 00:04:45 GSD getOne 第 1 次 等待 1 秒
2021-07-02 00:04:46 查询号码 【1763153】，返回信息 {"status":"bad","msg":""}
2021-07-02 00:04:46 查询号码 【1763153】，GSD为【""】
2021-07-02 00:04:46 bad
2021-07-02 00:04:48 CHB 1763153?1625155486 第 1 次 等待 1 秒
2021-07-02 00:04:49 CHB 1763153?1625155486 第 1 次 获取到号码【1763153】GSD
2021-07-02 00:04:49 获取到号码【1763153】的GSD为【河北-保定】
2021-07-02 00:05:10 GSD insert 第 1 次 等待 1 秒
2021-07-02 00:05:11 {"status":"ok","msg":"添加成功！170145"}
2021-07-02 00:05:11 下次操作: 2021-07-02 00:05:24

2021-07-02 00:05:24 开始第 14 次操作

2021-07-02 00:05:24 开始操作号码 【1763154】
2021-07-02 00:05:31 GSD getOne 第 1 次 等待 1 秒
2021-07-02 00:05:32 查询号码 【1763154】，返回信息 {"status":"bad","msg":""}
2021-07-02 00:05:32 查询号码 【1763154】，GSD为【""】
2021-07-02 00:05:32 bad
2021-07-02 00:05:34 CHB 1763154?1625155532 第 1 次 等待 1 秒
2021-07-02 00:05:35 CHB 1763154?1625155532 第 1 次 获取到号码【1763154】GSD
2021-07-02 00:05:35 获取到号码【1763154】的GSD为【河北-保定】
2021-07-02 00:06:08 GSD insert 第 1 次 等待 1 秒
2021-07-02 00:06:09 {"status":"ok","msg":"添加成功！170156"}
2021-07-02 00:06:09 下次操作: 2021-07-02 00:06:23

2021-07-02 00:06:23 开始第 15 次操作

2021-07-02 00:06:23 开始操作号码 【1763155】
2021-07-02 00:06:30 GSD getOne 第 1 次 等待 1 秒
2021-07-02 00:06:31 查询号码 【1763155】，返回信息 {"status":"bad","msg":""}
2021-07-02 00:06:31 查询号码 【1763155】，GSD为【""】
2021-07-02 00:06:31 bad
2021-07-02 00:06:33 CHB 1763155?1625155591 第 1 次 等待 1 秒
2021-07-02 00:06:34 CHB 1763155?1625155591 第 1 次 获取到号码【1763155】GSD
2021-07-02 00:06:34 获取到号码【1763155】的GSD为【河北-保定】
2021-07-02 00:06:57 GSD insert 第 1 次 等待 1 秒
2021-07-02 00:06:58 {"status":"ok","msg":"添加成功！170163"}
2021-07-02 00:06:58 下次操作: 2021-07-02 00:07:05

2021-07-02 00:07:05 开始第 16 次操作

2021-07-02 00:07:05 开始操作号码 【1763156】
2021-07-02 00:07:24 GSD getOne 第 1 次 等待 1 秒
2021-07-02 00:07:25 查询号码 【1763156】，返回信息 {"status":"bad","msg":""}
2021-07-02 00:07:25 查询号码 【1763156】，GSD为【""】
2021-07-02 00:07:25 bad
2021-07-02 00:07:28 CHB 1763156?1625155645 第 1 次 等待 1 秒
2021-07-02 00:07:29 CHB 1763156?1625155645 第 1 次 获取到号码【1763156】GSD
2021-07-02 00:07:29 获取到号码【1763156】的GSD为【河北-保定】
2021-07-02 00:07:50 GSD insert 第 1 次 等待 1 秒
2021-07-02 00:07:51 {"status":"ok","msg":"添加成功！170170"}
2021-07-02 00:07:51 下次操作: 2021-07-02 00:08:09

2021-07-02 00:08:09 开始第 17 次操作

2021-07-02 00:08:09 开始操作号码 【1763157】
2021-07-02 00:08:14 GSD getOne 第 1 次 等待 1 秒
2021-07-02 00:08:15 查询号码 【1763157】，返回信息 {"status":"bad","msg":""}
2021-07-02 00:08:15 查询号码 【1763157】，GSD为【""】
2021-07-02 00:08:15 bad
2021-07-02 00:08:16 CHB 1763157?1625155695 第 1 次 等待 1 秒
2021-07-02 00:08:17 CHB 1763157?1625155695 第 1 次 获取到号码【1763157】GSD
2021-07-02 00:08:18 获取到号码【1763157】的GSD为【河北-保定】
2021-07-02 00:08:37 GSD insert 第 1 次 等待 1 秒
2021-07-02 00:08:38 {"status":"ok","msg":"添加成功！170178"}
2021-07-02 00:08:38 下次操作: 2021-07-02 00:08:47

2021-07-02 00:08:47 开始第 18 次操作

2021-07-02 00:08:47 开始操作号码 【1763158】
2021-07-02 00:09:05 GSD getOne 第 1 次 等待 1 秒
2021-07-02 00:09:06 查询号码 【1763158】，返回信息 {"status":"bad","msg":""}
2021-07-02 00:09:06 查询号码 【1763158】，GSD为【""】
2021-07-02 00:09:06 bad
2021-07-02 00:09:08 CHB 1763158?1625155746 第 1 次 等待 1 秒
2021-07-02 00:09:09 CHB 1763158?1625155746 第 1 次 获取到号码【1763158】GSD
2021-07-02 00:09:09 获取到号码【1763158】的GSD为【河北-保定】
2021-07-02 00:09:29 GSD insert 第 1 次 等待 1 秒
2021-07-02 00:09:30 {"status":"ok","msg":"添加成功！170186"}
2021-07-02 00:09:30 下次操作: 2021-07-02 00:09:44

2021-07-02 00:09:44 开始第 19 次操作

2021-07-02 00:09:44 开始操作号码 【1763159】
2021-07-02 00:09:55 GSD getOne 第 1 次 等待 1 秒
2021-07-02 00:09:56 查询号码 【1763159】，返回信息 {"status":"bad","msg":""}
2021-07-02 00:09:56 查询号码 【1763159】，GSD为【""】
2021-07-02 00:09:56 bad
2021-07-02 00:10:04 CHB 1763159?1625155796 第 1 次 等待 1 秒
2021-07-02 00:10:05 CHB 1763159?1625155796 第 1 次 获取到号码【1763159】GSD
2021-07-02 00:10:05 获取到号码【1763159】的GSD为【河北-保定】
2021-07-02 00:10:16 GSD insert 第 1 次 等待 1 秒
2021-07-02 00:10:17 {"status":"ok","msg":"添加成功！170191"}
2021-07-02 00:10:17 下次操作: 2021-07-02 00:10:32

2021-07-02 00:10:32 开始第 20 次操作

2021-07-02 00:10:32 开始操作号码 【1763160】
2021-07-02 00:10:36 GSD getOne 第 1 次 等待 1 秒
2021-07-02 00:10:37 查询号码 【1763160】，返回信息 {"status":"bad","msg":""}
2021-07-02 00:10:37 查询号码 【1763160】，GSD为【""】
2021-07-02 00:10:37 bad
2021-07-02 00:10:44 CHB 1763160?1625155837 第 1 次 等待 1 秒
2021-07-02 00:10:45 CHB 1763160?1625155837 第 1 次 获取到号码【1763160】GSD
2021-07-02 00:10:45 获取到号码【1763160】的GSD为【河北-保定】
2021-07-02 00:10:58 GSD insert 第 1 次 等待 1 秒
2021-07-02 00:10:59 {"status":"ok","msg":"添加成功！170199"}
2021-07-02 00:10:59 下次操作: 2021-07-02 00:11:13

2021-07-02 00:11:13 开始第 21 次操作

2021-07-02 00:11:13 开始操作号码 【1763161】
2021-07-02 00:11:25 GSD getOne 第 1 次 等待 1 秒
2021-07-02 00:11:26 查询号码 【1763161】，返回信息 {"status":"bad","msg":""}
2021-07-02 00:11:26 查询号码 【1763161】，GSD为【""】
2021-07-02 00:11:26 bad
2021-07-02 00:11:29 CHB 1763161?1625155886 第 1 次 等待 1 秒
2021-07-02 00:11:30 CHB 1763161?1625155886 第 1 次 获取到号码【1763161】GSD
2021-07-02 00:11:30 获取到号码【1763161】的GSD为【河北-保定】
2021-07-02 00:11:50 GSD insert 第 1 次 等待 1 秒
2021-07-02 00:11:51 {"status":"ok","msg":"添加成功！170206"}
2021-07-02 00:11:51 下次操作: 2021-07-02 00:11:58

2021-07-02 00:11:58 开始第 22 次操作

2021-07-02 00:11:58 开始操作号码 【1763162】
2021-07-02 00:12:20 GSD getOne 第 1 次 等待 1 秒
2021-07-02 00:12:21 查询号码 【1763162】，返回信息 {"status":"bad","msg":""}
2021-07-02 00:12:21 查询号码 【1763162】，GSD为【""】
2021-07-02 00:12:21 bad
2021-07-02 00:12:24 CHB 1763162?1625155941 第 1 次 等待 1 秒
2021-07-02 00:12:25 CHB 1763162?1625155941 第 1 次 获取到号码【1763162】GSD
2021-07-02 00:12:25 获取到号码【1763162】的GSD为【河北-保定】
2021-07-02 00:12:59 GSD insert 第 1 次 等待 1 秒
2021-07-02 00:13:00 {"status":"ok","msg":"添加成功！170219"}
2021-07-02 00:13:00 下次操作: 2021-07-02 00:13:10

2021-07-02 00:13:10 开始第 23 次操作

2021-07-02 00:13:10 开始操作号码 【1763163】
2021-07-02 00:13:21 GSD getOne 第 1 次 等待 1 秒
2021-07-02 00:13:22 查询号码 【1763163】，返回信息 {"status":"bad","msg":""}
2021-07-02 00:13:22 查询号码 【1763163】，GSD为【""】
2021-07-02 00:13:22 bad
2021-07-02 00:13:27 CHB 1763163?1625156002 第 1 次 等待 1 秒
2021-07-02 00:13:28 CHB 1763163?1625156002 第 1 次 获取到号码【1763163】GSD
2021-07-02 00:13:28 获取到号码【1763163】的GSD为【河北-保定】
2021-07-02 00:13:47 GSD insert 第 1 次 等待 1 秒
2021-07-02 00:13:48 {"status":"ok","msg":"添加成功！170225"}
2021-07-02 00:13:48 下次操作: 2021-07-02 00:14:04

2021-07-02 00:14:04 开始第 24 次操作

2021-07-02 00:14:04 开始操作号码 【1763164】
2021-07-02 00:14:08 GSD getOne 第 1 次 等待 1 秒
2021-07-02 00:14:09 查询号码 【1763164】，返回信息 {"status":"bad","msg":""}
2021-07-02 00:14:09 查询号码 【1763164】，GSD为【""】
2021-07-02 00:14:09 bad
2021-07-02 00:14:11 CHB 1763164?1625156049 第 1 次 等待 1 秒
2021-07-02 00:14:12 CHB 1763164?1625156049 第 1 次 获取到号码【1763164】GSD
2021-07-02 00:14:12 获取到号码【1763164】的GSD为【河北-保定】
2021-07-02 00:14:31 GSD insert 第 1 次 等待 1 秒
2021-07-02 00:14:32 {"status":"ok","msg":"添加成功！170230"}
2021-07-02 00:14:32 下次操作: 2021-07-02 00:14:43

2021-07-02 00:14:43 开始第 25 次操作

2021-07-02 00:14:43 开始操作号码 【1763165】
2021-07-02 00:14:54 GSD getOne 第 1 次 等待 1 秒
2021-07-02 00:14:55 查询号码 【1763165】，返回信息 {"status":"bad","msg":""}
2021-07-02 00:14:55 查询号码 【1763165】，GSD为【""】
2021-07-02 00:14:55 bad
2021-07-02 00:14:57 CHB 1763165?1625156095 第 1 次 等待 1 秒
2021-07-02 00:14:58 CHB 1763165?1625156095 第 1 次 获取到号码【1763165】GSD
2021-07-02 00:14:58 获取到号码【1763165】的GSD为【河北-保定】
2021-07-02 00:15:18 GSD insert 第 1 次 等待 1 秒
2021-07-02 00:15:19 {"status":"ok","msg":"添加成功！170239"}
2021-07-02 00:15:19 下次操作: 2021-07-02 00:15:31

2021-07-02 00:15:31 开始第 26 次操作

2021-07-02 00:15:31 开始操作号码 【1763166】
2021-07-02 00:15:39 GSD getOne 第 1 次 等待 1 秒
2021-07-02 00:15:40 查询号码 【1763166】，返回信息 {"status":"bad","msg":""}
2021-07-02 00:15:40 查询号码 【1763166】，GSD为【""】
2021-07-02 00:15:40 bad
2021-07-02 00:15:42 CHB 1763166?1625156140 第 1 次 等待 1 秒
2021-07-02 00:15:43 CHB 1763166?1625156140 第 1 次 获取到号码【1763166】GSD
2021-07-02 00:15:43 获取到号码【1763166】的GSD为【河北-邯郸】
2021-07-02 00:16:05 GSD insert 第 1 次 等待 1 秒
2021-07-02 00:16:06 {"status":"ok","msg":"添加成功！170245"}
2021-07-02 00:16:06 下次操作: 2021-07-02 00:16:24

2021-07-02 00:16:24 开始第 27 次操作

2021-07-02 00:16:24 开始操作号码 【1763167】
2021-07-02 00:16:28 GSD getOne 第 1 次 等待 1 秒
2021-07-02 00:16:29 查询号码 【1763167】，返回信息 {"status":"bad","msg":""}
2021-07-02 00:16:29 查询号码 【1763167】，GSD为【""】
2021-07-02 00:16:29 bad
2021-07-02 00:16:31 CHB 1763167?1625156189 第 1 次 等待 1 秒
2021-07-02 00:16:32 CHB 1763167?1625156189 第 1 次 获取到号码【1763167】GSD
2021-07-02 00:16:32 获取到号码【1763167】的GSD为【河北-邯郸】
2021-07-02 00:16:51 GSD insert 第 1 次 等待 1 秒
2021-07-02 00:16:52 {"status":"ok","msg":"添加成功！170252"}
2021-07-02 00:16:52 下次操作: 2021-07-02 00:17:02

2021-07-02 00:17:02 开始第 28 次操作

2021-07-02 00:17:02 开始操作号码 【1763168】
2021-07-02 00:17:12 GSD getOne 第 1 次 等待 1 秒
2021-07-02 00:17:13 查询号码 【1763168】，返回信息 {"status":"bad","msg":""}
2021-07-02 00:17:14 查询号码 【1763168】，GSD为【""】
2021-07-02 00:17:14 bad
2021-07-02 00:17:16 CHB 1763168?1625156234 第 1 次 等待 1 秒
2021-07-02 00:17:17 CHB 1763168?1625156234 第 1 次 获取到号码【1763168】GSD
2021-07-02 00:17:17 获取到号码【1763168】的GSD为【河北-邯郸】
2021-07-02 00:17:37 GSD insert 第 1 次 等待 1 秒
2021-07-02 00:17:38 {"status":"ok","msg":"添加成功！170260"}
2021-07-02 00:17:38 下次操作: 2021-07-02 00:17:52

2021-07-02 00:17:52 开始第 29 次操作

2021-07-02 00:17:52 开始操作号码 【1763169】
2021-07-02 00:17:56 GSD getOne 第 1 次 等待 1 秒
2021-07-02 00:17:57 查询号码 【1763169】，返回信息 {"status":"bad","msg":""}
2021-07-02 00:17:57 查询号码 【1763169】，GSD为【""】
2021-07-02 00:17:57 bad
2021-07-02 00:17:59 CHB 1763169?1625156277 第 1 次 等待 1 秒
2021-07-02 00:18:00 CHB 1763169?1625156277 第 1 次 获取到号码【1763169】GSD
2021-07-02 00:18:00 获取到号码【1763169】的GSD为【河北-沧州】
2021-07-02 00:18:19 GSD insert 第 1 次 等待 1 秒
2021-07-02 00:18:20 {"status":"ok","msg":"添加成功！170267"}
2021-07-02 00:18:20 下次操作: 2021-07-02 00:18:30

2021-07-02 00:18:30 开始第 30 次操作

2021-07-02 00:18:30 开始操作号码 【1763170】
2021-07-02 00:18:45 GSD getOne 第 1 次 等待 1 秒
2021-07-02 00:18:46 查询号码 【1763170】，返回信息 {"status":"bad","msg":""}
2021-07-02 00:18:46 查询号码 【1763170】，GSD为【""】
2021-07-02 00:18:46 bad
2021-07-02 00:18:52 CHB 1763170?1625156326 第 1 次 等待 1 秒
2021-07-02 00:18:53 CHB 1763170?1625156326 第 1 次 获取到号码【1763170】GSD
2021-07-02 00:18:53 获取到号码【1763170】的GSD为【河北-沧州】
2021-07-02 00:19:04 GSD insert 第 1 次 等待 1 秒
2021-07-02 00:19:05 {"status":"ok","msg":"添加成功！170272"}

