2024-09-28 00:23:38 开始第 6829 次操作

2024-09-28 00:23:38 开始操作号码 【1366828】
2024-09-28 00:23:41 GSD getOne 第 1 次 等待 3 秒
2024-09-28 00:23:44 查询号码 【1366828】，返回信息 {"status":"ok","msg":"四川-成都","gid":"8603","time_insert":"2019-07-06 09:39","time_update":"2020-10-13 13:54"}
2024-09-28 00:23:44 查询号码 【1366828】，GSD为【"四川-成都"】

2024-09-28 00:23:45 开始第 6830 次操作

2024-09-28 00:23:45 开始操作号码 【1366829】
2024-09-28 00:23:47 GSD getOne 第 1 次 等待 3 秒
2024-09-28 00:23:50 查询号码 【1366829】，返回信息 {"status":"ok","msg":"四川-成都","gid":"8604","time_insert":"2017-08-24 00:00","time_update":"2020-10-13 13:55"}
2024-09-28 00:23:50 查询号码 【1366829】，GSD为【"四川-成都"】

2024-09-28 00:23:51 开始第 6831 次操作

2024-09-28 00:23:51 开始操作号码 【1366830】
2024-09-28 00:23:53 GSD getOne 第 1 次 等待 3 秒
2024-09-28 00:23:56 查询号码 【1366830】，返回信息 {"status":"ok","msg":"四川-德阳","gid":"8605","time_insert":"2015-11-23 14:36","time_update":"2020-10-13 13:59"}
2024-09-28 00:23:56 查询号码 【1366830】，GSD为【"四川-德阳"】

2024-09-28 00:23:57 开始第 6832 次操作

2024-09-28 00:23:57 开始操作号码 【1366831】
2024-09-28 00:23:59 GSD getOne 第 1 次 等待 3 秒
2024-09-28 00:24:02 查询号码 【1366831】，返回信息 {"status":"ok","msg":"四川-德阳","gid":"8606","time_insert":"2014-11-09 17:12","time_update":"2020-10-13 14:03"}
2024-09-28 00:24:02 查询号码 【1366831】，GSD为【"四川-德阳"】

