2023-12-27 00:21:54 开始第 5297 次操作

2023-12-27 00:21:54 开始操作号码 【1805212】
2023-12-27 00:21:58 GSD getOne 第 1 次 等待 3 秒
2023-12-27 00:22:01 查询号码 【1805212】，返回信息 {"status":"ok","msg":"江苏-徐州","gid":"310058","time_insert":"2021-07-18 03:05"}
2023-12-27 00:22:01 查询号码 【1805212】，GSD为【"江苏-徐州"】

2023-12-27 00:22:02 开始第 5298 次操作

2023-12-27 00:22:02 开始操作号码 【1805213】
2023-12-27 00:22:05 GSD getOne 第 1 次 等待 3 秒
2023-12-27 00:22:08 查询号码 【1805213】，返回信息 {"status":"ok","msg":"江苏-徐州","gid":"310063","time_insert":"2021-07-18 03:05"}
2023-12-27 00:22:08 查询号码 【1805213】，GSD为【"江苏-徐州"】

2023-12-27 00:22:09 开始第 5299 次操作

2023-12-27 00:22:09 开始操作号码 【1805214】
2023-12-27 00:22:13 GSD getOne 第 1 次 等待 3 秒
2023-12-27 00:22:16 查询号码 【1805214】，返回信息 {"status":"ok","msg":"江苏-徐州","gid":"310070","time_insert":"2021-07-18 03:06"}
2023-12-27 00:22:16 查询号码 【1805214】，GSD为【"江苏-徐州"】

2023-12-27 00:22:17 开始第 5300 次操作

2023-12-27 00:22:17 开始操作号码 【1805215】
2023-12-27 00:22:22 GSD getOne 第 1 次 等待 3 秒
2023-12-27 00:22:25 查询号码 【1805215】，返回信息 {"status":"ok","msg":"江苏-徐州","gid":"310078","time_insert":"2021-07-18 03:06"}
2023-12-27 00:22:25 查询号码 【1805215】，GSD为【"江苏-徐州"】

