2024-05-09 00:22:41 开始第 7777 次操作

2024-05-09 00:22:41 开始操作号码 【1587690】
2024-05-09 00:22:48 GSD getOne 第 1 次 等待 3 秒
2024-05-09 00:22:51 查询号码 【1587690】，返回信息 {"status":"ok","msg":"广东-东莞","gid":"25376","time_insert":"2017-09-28 00:00","time_update":"2020-09-30 09:50"}
2024-05-09 00:22:51 查询号码 【1587690】，GSD为【"广东-东莞"】

2024-05-09 00:22:52 开始第 7778 次操作

2024-05-09 00:22:52 开始操作号码 【1587691】
2024-05-09 00:22:58 GSD getOne 第 1 次 等待 3 秒
2024-05-09 00:23:01 查询号码 【1587691】，返回信息 {"status":"ok","msg":"广东-东莞","gid":"388341","time_insert":"2021-07-25 11:16"}
2024-05-09 00:23:01 查询号码 【1587691】，GSD为【"广东-东莞"】

2024-05-09 00:23:02 开始第 7779 次操作

2024-05-09 00:23:02 开始操作号码 【1587692】
2024-05-09 00:23:07 GSD getOne 第 1 次 等待 3 秒
2024-05-09 00:23:10 查询号码 【1587692】，返回信息 {"status":"ok","msg":"广东-东莞","gid":"25377","time_insert":"2019-02-13 19:35","time_update":"2020-09-30 09:55"}
2024-05-09 00:23:10 查询号码 【1587692】，GSD为【"广东-东莞"】

2024-05-09 00:23:11 开始第 7780 次操作

2024-05-09 00:23:12 开始操作号码 【1587693】
2024-05-09 00:23:18 GSD getOne 第 1 次 等待 3 秒
2024-05-09 00:23:21 查询号码 【1587693】，返回信息 {"status":"ok","msg":"广东-东莞","gid":"388331","time_insert":"2021-07-25 11:15"}
2024-05-09 00:23:21 查询号码 【1587693】，GSD为【"广东-东莞"】

