2024-06-27 00:24:24 开始第 2833 次操作

2024-06-27 00:24:24 开始操作号码 【1472744】
2024-06-27 00:24:46 GSD getOne 第 1 次 等待 3 秒
2024-06-27 00:24:49 查询号码 【1472744】，返回信息 {"status":"ok","msg":"贵州-都匀","gid":"14694","time_insert":"2018-06-19 01:50","time_update":"2020-11-18 23:43"}
2024-06-27 00:24:49 查询号码 【1472744】，GSD为【"贵州-都匀"】

2024-06-27 00:24:50 开始第 2834 次操作

2024-06-27 00:24:50 开始操作号码 【1472745】
2024-06-27 00:25:06 GSD getOne 第 1 次 等待 3 秒
2024-06-27 00:25:09 查询号码 【1472745】，返回信息 {"status":"ok","msg":"贵州-兴义","gid":"185620","time_insert":"2021-07-04 00:06"}
2024-06-27 00:25:09 查询号码 【1472745】，GSD为【"贵州-兴义"】

2024-06-27 00:25:10 开始第 2835 次操作

2024-06-27 00:25:10 开始操作号码 【1472746】
2024-06-27 00:25:38 GSD getOne 第 1 次 等待 3 秒
2024-06-27 00:25:41 查询号码 【1472746】，返回信息 {"status":"ok","msg":"贵州-兴义","gid":"185750","time_insert":"2021-07-04 00:18"}
2024-06-27 00:25:41 查询号码 【1472746】，GSD为【"贵州-兴义"】

2024-06-27 00:25:42 开始第 2836 次操作

2024-06-27 00:25:42 开始操作号码 【1472747】
2024-06-27 00:26:23 GSD getOne 第 1 次 等待 3 秒
2024-06-27 00:26:27 查询号码 【1472747】，返回信息 {"status":"ok","msg":"贵州-兴义","gid":"185779","time_insert":"2021-07-04 00:29"}
2024-06-27 00:26:27 查询号码 【1472747】，GSD为【"贵州-兴义"】

2024-06-27 00:41:38 开始第 2837 次操作

2024-06-27 00:41:38 开始操作号码 【1472748】
2024-06-27 00:41:55 GSD getOne 第 1 次 等待 3 秒
2024-06-27 00:41:58 查询号码 【1472748】，返回信息 {"status":"ok","msg":"贵州-兴义","gid":"185804","time_insert":"2021-07-04 00:41"}
2024-06-27 00:41:58 查询号码 【1472748】，GSD为【"贵州-兴义"】

2024-06-27 00:41:59 开始第 2838 次操作

2024-06-27 00:41:59 开始操作号码 【1472749】
2024-06-27 00:42:29 GSD getOne 第 1 次 等待 3 秒
2024-06-27 00:42:32 查询号码 【1472749】，返回信息 {"status":"ok","msg":"贵州-兴义","gid":"185826","time_insert":"2021-07-04 00:53"}
2024-06-27 00:42:32 查询号码 【1472749】，GSD为【"贵州-兴义"】

2024-06-27 00:42:33 开始第 2839 次操作

2024-06-27 00:42:33 开始操作号码 【1472750】
2024-06-27 00:42:57 GSD getOne 第 1 次 等待 3 秒
2024-06-27 00:43:00 查询号码 【1472750】，返回信息 {"status":"ok","msg":"贵州-贵阳","gid":"185847","time_insert":"2021-07-04 01:04"}
2024-06-27 00:43:00 查询号码 【1472750】，GSD为【"贵州-贵阳"】

2024-06-27 00:43:01 开始第 2840 次操作

2024-06-27 00:43:01 开始操作号码 【1472751】
2024-06-27 00:43:25 GSD getOne 第 1 次 等待 3 秒
2024-06-27 00:43:28 查询号码 【1472751】，返回信息 {"status":"ok","msg":"贵州-贵阳","gid":"185898","time_insert":"2021-07-04 01:15"}
2024-06-27 00:43:28 查询号码 【1472751】，GSD为【"贵州-贵阳"】

2024-06-27 01:16:56 开始第 2841 次操作

2024-06-27 01:16:56 开始操作号码 【1472752】
2024-06-27 01:17:12 GSD getOne 第 1 次 等待 3 秒
2024-06-27 01:17:15 查询号码 【1472752】，返回信息 {"status":"ok","msg":"贵州-贵阳","gid":"185970","time_insert":"2021-07-04 01:29"}
2024-06-27 01:17:15 查询号码 【1472752】，GSD为【"贵州-贵阳"】

2024-06-27 01:17:16 开始第 2842 次操作

2024-06-27 01:17:16 开始操作号码 【1472753】
2024-06-27 01:17:33 GSD getOne 第 1 次 等待 3 秒
2024-06-27 01:17:36 查询号码 【1472753】，返回信息 {"status":"ok","msg":"贵州-贵阳","gid":"186092","time_insert":"2021-07-04 01:40"}
2024-06-27 01:17:36 查询号码 【1472753】，GSD为【"贵州-贵阳"】

2024-06-27 01:17:37 开始第 2843 次操作

2024-06-27 01:17:37 开始操作号码 【1472754】
2024-06-27 01:17:50 GSD getOne 第 1 次 等待 3 秒
2024-06-27 01:17:53 查询号码 【1472754】，返回信息 {"status":"ok","msg":"贵州-贵阳","gid":"186234","time_insert":"2021-07-04 01:51"}
2024-06-27 01:17:53 查询号码 【1472754】，GSD为【"贵州-贵阳"】

2024-06-27 01:17:54 开始第 2844 次操作

2024-06-27 01:17:54 开始操作号码 【1472755】
2024-06-27 01:18:09 GSD getOne 第 1 次 等待 3 秒
2024-06-27 01:18:12 查询号码 【1472755】，返回信息 {"status":"ok","msg":"贵州-贵阳","gid":"186295","time_insert":"2021-07-04 02:02"}
2024-06-27 01:18:12 查询号码 【1472755】，GSD为【"贵州-贵阳"】

2024-06-27 01:37:48 开始第 2845 次操作

2024-06-27 01:37:48 开始操作号码 【1472756】
2024-06-27 01:38:19 GSD getOne 第 1 次 等待 3 秒
2024-06-27 01:38:22 查询号码 【1472756】，返回信息 {"status":"ok","msg":"贵州-贵阳","gid":"186336","time_insert":"2021-07-04 02:15"}
2024-06-27 01:38:22 查询号码 【1472756】，GSD为【"贵州-贵阳"】

2024-06-27 01:38:23 开始第 2846 次操作

2024-06-27 01:38:23 开始操作号码 【1472757】
2024-06-27 01:38:49 GSD getOne 第 1 次 等待 3 秒
2024-06-27 01:38:52 查询号码 【1472757】，返回信息 {"status":"ok","msg":"贵州-贵阳","gid":"186355","time_insert":"2021-07-04 02:26"}
2024-06-27 01:38:52 查询号码 【1472757】，GSD为【"贵州-贵阳"】

2024-06-27 01:38:53 开始第 2847 次操作

2024-06-27 01:38:53 开始操作号码 【1472758】
2024-06-27 01:39:08 GSD getOne 第 1 次 等待 3 秒
2024-06-27 01:39:11 查询号码 【1472758】，返回信息 {"status":"ok","msg":"贵州-贵阳","gid":"186376","time_insert":"2021-07-04 02:37"}
2024-06-27 01:39:11 查询号码 【1472758】，GSD为【"贵州-贵阳"】

2024-06-27 01:39:12 开始第 2848 次操作

2024-06-27 01:39:12 开始操作号码 【1472759】
2024-06-27 01:39:26 GSD getOne 第 1 次 等待 3 秒
2024-06-27 01:39:29 查询号码 【1472759】，返回信息 {"status":"ok","msg":"贵州-贵阳","gid":"186405","time_insert":"2021-07-04 02:49"}
2024-06-27 01:39:30 查询号码 【1472759】，GSD为【"贵州-贵阳"】

2024-06-27 02:24:45 开始第 2849 次操作

2024-06-27 02:24:45 开始操作号码 【1472760】
2024-06-27 02:25:01 GSD getOne 第 1 次 等待 3 秒
2024-06-27 02:25:04 查询号码 【1472760】，返回信息 {"status":"ok","msg":"贵州-毕节","gid":"186526","time_insert":"2021-07-04 02:59"}
2024-06-27 02:25:04 查询号码 【1472760】，GSD为【"贵州-毕节"】

2024-06-27 02:25:05 开始第 2850 次操作

2024-06-27 02:25:05 开始操作号码 【1472761】
2024-06-27 02:25:21 GSD getOne 第 1 次 等待 3 秒
2024-06-27 02:25:24 查询号码 【1472761】，返回信息 {"status":"ok","msg":"贵州-毕节","gid":"14695","time_insert":"2019-05-24 21:07","time_update":"2020-11-18 23:47"}
2024-06-27 02:25:24 查询号码 【1472761】，GSD为【"贵州-毕节"】

2024-06-27 02:25:25 开始第 2851 次操作

2024-06-27 02:25:25 开始操作号码 【1472762】
2024-06-27 02:25:39 GSD getOne 第 1 次 等待 3 秒
2024-06-27 02:25:42 查询号码 【1472762】，返回信息 {"status":"ok","msg":"贵州-毕节","gid":"186697","time_insert":"2021-07-04 03:14"}
2024-06-27 02:25:43 查询号码 【1472762】，GSD为【"贵州-毕节"】

2024-06-27 02:25:44 开始第 2852 次操作

2024-06-27 02:25:44 开始操作号码 【1472763】
2024-06-27 02:25:58 GSD getOne 第 1 次 等待 3 秒
2024-06-27 02:26:01 查询号码 【1472763】，返回信息 {"status":"ok","msg":"贵州-毕节","gid":"14696","time_insert":"2017-08-10 02:06","time_update":"2020-11-18 23:52"}
2024-06-27 02:26:01 查询号码 【1472763】，GSD为【"贵州-毕节"】

