2024-05-08 00:20:51 开始第 7597 次操作

2024-05-08 00:20:51 开始操作号码 【1587510】
2024-05-08 00:21:01 GSD getOne 第 1 次 等待 3 秒
2024-05-08 00:21:04 查询号码 【1587510】，返回信息 {"status":"ok","msg":"广东-韶关","gid":"390450","time_insert":"2021-07-25 15:13"}
2024-05-08 00:21:04 查询号码 【1587510】，GSD为【"广东-韶关"】

2024-05-08 00:21:05 开始第 7598 次操作

2024-05-08 00:21:05 开始操作号码 【1587511】
2024-05-08 00:21:11 GSD getOne 第 1 次 等待 3 秒
2024-05-08 00:21:14 查询号码 【1587511】，返回信息 {"status":"ok","msg":"广东-韶关","gid":"390443","time_insert":"2021-07-25 15:12"}
2024-05-08 00:21:14 查询号码 【1587511】，GSD为【"广东-韶关"】

2024-05-08 00:21:15 开始第 7599 次操作

2024-05-08 00:21:15 开始操作号码 【1587512】
2024-05-08 00:21:22 GSD getOne 第 1 次 等待 3 秒
2024-05-08 00:21:25 查询号码 【1587512】，返回信息 {"status":"ok","msg":"广东-韶关","gid":"390433","time_insert":"2021-07-25 15:11"}
2024-05-08 00:21:25 查询号码 【1587512】，GSD为【"广东-韶关"】

2024-05-08 00:21:26 开始第 7600 次操作

2024-05-08 00:21:26 开始操作号码 【1587513】
2024-05-08 00:21:31 GSD getOne 第 1 次 等待 3 秒
2024-05-08 00:21:34 查询号码 【1587513】，返回信息 {"status":"ok","msg":"广东-韶关","gid":"390422","time_insert":"2021-07-25 15:11"}
2024-05-08 00:21:34 查询号码 【1587513】，GSD为【"广东-韶关"】

2024-05-08 00:40:06 开始第 7601 次操作

2024-05-08 00:40:06 开始操作号码 【1587514】
2024-05-08 00:40:17 GSD getOne 第 1 次 等待 3 秒
2024-05-08 00:40:20 查询号码 【1587514】，返回信息 {"status":"ok","msg":"广东-阳江","gid":"390406","time_insert":"2021-07-25 15:10"}
2024-05-08 00:40:20 查询号码 【1587514】，GSD为【"广东-阳江"】

2024-05-08 00:40:21 开始第 7602 次操作

2024-05-08 00:40:21 开始操作号码 【1587515】
2024-05-08 00:40:27 GSD getOne 第 1 次 等待 3 秒
2024-05-08 00:40:30 查询号码 【1587515】，返回信息 {"status":"ok","msg":"广东-阳江","gid":"390391","time_insert":"2021-07-25 15:09"}
2024-05-08 00:40:30 查询号码 【1587515】，GSD为【"广东-阳江"】

2024-05-08 00:40:31 开始第 7603 次操作

2024-05-08 00:40:31 开始操作号码 【1587516】
2024-05-08 00:40:43 GSD getOne 第 1 次 等待 3 秒
2024-05-08 00:40:46 查询号码 【1587516】，返回信息 {"status":"ok","msg":"广东-阳江","gid":"390379","time_insert":"2021-07-25 15:08"}
2024-05-08 00:40:46 查询号码 【1587516】，GSD为【"广东-阳江"】

2024-05-08 00:40:47 开始第 7604 次操作

2024-05-08 00:40:47 开始操作号码 【1587517】
2024-05-08 00:40:53 GSD getOne 第 1 次 等待 3 秒
2024-05-08 00:40:56 查询号码 【1587517】，返回信息 {"status":"ok","msg":"广东-阳江","gid":"390366","time_insert":"2021-07-25 15:07"}
2024-05-08 00:40:56 查询号码 【1587517】，GSD为【"广东-阳江"】

