2024-07-06 00:23:23 开始第 4409 次操作

2024-07-06 00:23:23 开始操作号码 【1474319】
2024-07-06 00:23:32 GSD getOne 第 1 次 等待 3 秒
2024-07-06 00:23:35 查询号码 【1474319】，返回信息 {"status":"ok","msg":"吉林-长春","gid":"305546","time_insert":"2021-07-17 17:52"}
2024-07-06 00:23:35 查询号码 【1474319】，GSD为【"吉林-长春"】

2024-07-06 00:23:36 开始第 4410 次操作

2024-07-06 00:23:36 开始操作号码 【1474320】
2024-07-06 00:23:52 GSD getOne 第 1 次 等待 3 秒
2024-07-06 00:23:55 查询号码 【1474320】，返回信息 {"status":"ok","msg":"广东-广州","gid":"305749","time_insert":"2021-07-17 18:05"}
2024-07-06 00:23:55 查询号码 【1474320】，GSD为【"广东-广州"】

2024-07-06 00:23:56 开始第 4411 次操作

2024-07-06 00:23:56 开始操作号码 【1474321】
2024-07-06 00:24:04 GSD getOne 第 1 次 等待 3 秒
2024-07-06 00:24:07 查询号码 【1474321】，返回信息 {"status":"ok","msg":"广东-广州","gid":"305810","time_insert":"2021-07-17 18:15"}
2024-07-06 00:24:07 查询号码 【1474321】，GSD为【"广东-广州"】

2024-07-06 00:24:08 开始第 4412 次操作

2024-07-06 00:24:08 开始操作号码 【1474322】
2024-07-06 00:24:16 GSD getOne 第 1 次 等待 3 秒
2024-07-06 00:24:19 查询号码 【1474322】，返回信息 {"status":"ok","msg":"广东-广州","gid":"305839","time_insert":"2021-07-17 18:28"}
2024-07-06 00:24:19 查询号码 【1474322】，GSD为【"广东-广州"】

2024-07-06 00:41:00 开始第 4413 次操作

2024-07-06 00:41:00 开始操作号码 【1474323】
2024-07-06 00:41:08 GSD getOne 第 1 次 等待 3 秒
2024-07-06 00:41:11 查询号码 【1474323】，返回信息 {"status":"ok","msg":"广东-广州","gid":"305887","time_insert":"2021-07-17 18:42"}
2024-07-06 00:41:11 查询号码 【1474323】，GSD为【"广东-广州"】

2024-07-06 00:41:12 开始第 4414 次操作

2024-07-06 00:41:12 开始操作号码 【1474324】
2024-07-06 00:41:20 GSD getOne 第 1 次 等待 3 秒
2024-07-06 00:41:23 查询号码 【1474324】，返回信息 {"status":"ok","msg":"广东-广州","gid":"306074","time_insert":"2021-07-17 18:54"}
2024-07-06 00:41:23 查询号码 【1474324】，GSD为【"广东-广州"】

2024-07-06 00:41:24 开始第 4415 次操作

2024-07-06 00:41:24 开始操作号码 【1474325】
2024-07-06 00:41:33 GSD getOne 第 1 次 等待 3 秒
2024-07-06 00:41:36 查询号码 【1474325】，返回信息 {"status":"ok","msg":"广东-广州","gid":"306244","time_insert":"2021-07-17 19:06"}
2024-07-06 00:41:36 查询号码 【1474325】，GSD为【"广东-广州"】

2024-07-06 00:41:37 开始第 4416 次操作

2024-07-06 00:41:37 开始操作号码 【1474326】
2024-07-06 00:41:45 GSD getOne 第 1 次 等待 3 秒
2024-07-06 00:41:48 查询号码 【1474326】，返回信息 {"status":"ok","msg":"广东-广州","gid":"306291","time_insert":"2021-07-17 19:18"}
2024-07-06 00:41:48 查询号码 【1474326】，GSD为【"广东-广州"】

2024-07-06 01:17:54 开始第 4417 次操作

2024-07-06 01:17:54 开始操作号码 【1474327】
2024-07-06 01:18:02 GSD getOne 第 1 次 等待 3 秒
2024-07-06 01:18:05 查询号码 【1474327】，返回信息 {"status":"ok","msg":"广东-广州","gid":"306329","time_insert":"2021-07-17 19:31"}
2024-07-06 01:18:05 查询号码 【1474327】，GSD为【"广东-广州"】

2024-07-06 01:18:06 开始第 4418 次操作

2024-07-06 01:18:06 开始操作号码 【1474328】
2024-07-06 01:18:14 GSD getOne 第 1 次 等待 3 秒
2024-07-06 01:18:17 查询号码 【1474328】，返回信息 {"status":"ok","msg":"广东-广州","gid":"306442","time_insert":"2021-07-17 19:43"}
2024-07-06 01:18:17 查询号码 【1474328】，GSD为【"广东-广州"】

2024-07-06 01:18:18 开始第 4419 次操作

2024-07-06 01:18:18 开始操作号码 【1474329】
2024-07-06 01:18:26 GSD getOne 第 1 次 等待 3 秒
2024-07-06 01:18:29 查询号码 【1474329】，返回信息 {"status":"ok","msg":"广东-广州","gid":"306664","time_insert":"2021-07-17 19:58"}
2024-07-06 01:18:29 查询号码 【1474329】，GSD为【"广东-广州"】

2024-07-06 01:18:30 开始第 4420 次操作

2024-07-06 01:18:30 开始操作号码 【1474330】
2024-07-06 01:18:38 GSD getOne 第 1 次 等待 3 秒
2024-07-06 01:18:41 查询号码 【1474330】，返回信息 {"status":"ok","msg":"广东-广州","gid":"306762","time_insert":"2021-07-17 20:09"}
2024-07-06 01:18:41 查询号码 【1474330】，GSD为【"广东-广州"】

2024-07-06 01:37:54 开始第 4421 次操作

2024-07-06 01:37:54 开始操作号码 【1474331】
2024-07-06 01:38:03 GSD getOne 第 1 次 等待 3 秒
2024-07-06 01:38:06 查询号码 【1474331】，返回信息 {"status":"ok","msg":"广东-广州","gid":"306794","time_insert":"2021-07-17 20:21"}
2024-07-06 01:38:06 查询号码 【1474331】，GSD为【"广东-广州"】

2024-07-06 01:38:07 开始第 4422 次操作

2024-07-06 01:38:07 开始操作号码 【1474332】
2024-07-06 01:38:15 GSD getOne 第 1 次 等待 3 秒
2024-07-06 01:38:18 查询号码 【1474332】，返回信息 {"status":"ok","msg":"广东-广州","gid":"306827","time_insert":"2021-07-17 20:35"}
2024-07-06 01:38:18 查询号码 【1474332】，GSD为【"广东-广州"】

2024-07-06 01:38:19 开始第 4423 次操作

2024-07-06 01:38:19 开始操作号码 【1474333】
2024-07-06 01:38:27 GSD getOne 第 1 次 等待 3 秒
2024-07-06 01:38:30 查询号码 【1474333】，返回信息 {"status":"ok","msg":"广东-广州","gid":"306849","time_insert":"2021-07-17 20:46"}
2024-07-06 01:38:30 查询号码 【1474333】，GSD为【"广东-广州"】

2024-07-06 01:38:31 开始第 4424 次操作

2024-07-06 01:38:31 开始操作号码 【1474334】
2024-07-06 01:38:39 GSD getOne 第 1 次 等待 3 秒
2024-07-06 01:38:42 查询号码 【1474334】，返回信息 {"status":"ok","msg":"广东-广州","gid":"306921","time_insert":"2021-07-17 21:00"}
2024-07-06 01:38:42 查询号码 【1474334】，GSD为【"广东-广州"】

2024-07-06 02:25:13 开始第 4425 次操作

2024-07-06 02:25:13 开始操作号码 【1474335】
2024-07-06 02:25:22 GSD getOne 第 1 次 等待 3 秒
2024-07-06 02:25:25 查询号码 【1474335】，返回信息 {"status":"ok","msg":"广东-广州","gid":"307103","time_insert":"2021-07-17 21:12"}
2024-07-06 02:25:25 查询号码 【1474335】，GSD为【"广东-广州"】

2024-07-06 02:25:26 开始第 4426 次操作

2024-07-06 02:25:26 开始操作号码 【1474336】
2024-07-06 02:25:34 GSD getOne 第 1 次 等待 3 秒
2024-07-06 02:25:37 查询号码 【1474336】，返回信息 {"status":"ok","msg":"广东-广州","gid":"307263","time_insert":"2021-07-17 21:26"}
2024-07-06 02:25:37 查询号码 【1474336】，GSD为【"广东-广州"】

2024-07-06 02:25:38 开始第 4427 次操作

2024-07-06 02:25:38 开始操作号码 【1474337】
2024-07-06 02:25:45 GSD getOne 第 1 次 等待 3 秒
2024-07-06 02:25:48 查询号码 【1474337】，返回信息 {"status":"ok","msg":"广东-广州","gid":"307363","time_insert":"2021-07-17 21:39"}
2024-07-06 02:25:48 查询号码 【1474337】，GSD为【"广东-广州"】

2024-07-06 02:25:49 开始第 4428 次操作

2024-07-06 02:25:49 开始操作号码 【1474338】
2024-07-06 02:25:57 GSD getOne 第 1 次 等待 3 秒
2024-07-06 02:26:00 查询号码 【1474338】，返回信息 {"status":"ok","msg":"广东-广州","gid":"307575","time_insert":"2021-07-17 21:52"}
2024-07-06 02:26:00 查询号码 【1474338】，GSD为【"广东-广州"】

