2023-10-17 00:23:21 开始第 3425 次操作

2023-10-17 00:23:21 开始操作号码 【1903339】
2023-10-17 00:23:39 GSD getOne 第 1 次 等待 3 秒
2023-10-17 00:23:42 查询号码 【1903339】，返回信息 {"status":"ok","msg":"河北-石家庄","gid":"583330","time_insert":"2023-03-11 08:54"}
2023-10-17 00:23:42 查询号码 【1903339】，GSD为【"河北-石家庄"】

2023-10-17 00:23:43 开始第 3426 次操作

2023-10-17 00:23:43 开始操作号码 【1903340】
2023-10-17 00:23:57 GSD getOne 第 1 次 等待 3 秒
2023-10-17 00:24:00 查询号码 【1903340】，返回信息 {"status":"ok","msg":"河北-邢台","gid":"583350","time_insert":"2023-03-11 09:13"}
2023-10-17 00:24:00 查询号码 【1903340】，GSD为【"河北-邢台"】

2023-10-17 00:24:01 开始第 3427 次操作

2023-10-17 00:24:01 开始操作号码 【1903341】
2023-10-17 00:24:23 GSD getOne 第 1 次 等待 3 秒
2023-10-17 00:24:26 查询号码 【1903341】，返回信息 {"status":"ok","msg":"河北-邢台","gid":"583369","time_insert":"2023-03-11 09:33"}
2023-10-17 00:24:26 查询号码 【1903341】，GSD为【"河北-邢台"】

2023-10-17 00:24:27 开始第 3428 次操作

2023-10-17 00:24:27 开始操作号码 【1903342】
2023-10-17 00:24:49 GSD getOne 第 1 次 等待 3 秒
2023-10-17 00:24:52 查询号码 【1903342】，返回信息 {"status":"ok","msg":"河北-邢台","gid":"583383","time_insert":"2023-03-11 09:46"}
2023-10-17 00:24:52 查询号码 【1903342】，GSD为【"河北-邢台"】

