2024-01-29 00:19:22 开始第 677 次操作

2024-01-29 00:19:22 开始操作号码 【1690592】
2024-01-29 00:19:26 GSD getOne 第 1 次 等待 3 秒
2024-01-29 00:19:29 查询号码 【1690592】，返回信息 {"status":"ok","msg":"-","gid":"542520","time_insert":"2023-02-20 11:46"}
2024-01-29 00:19:29 查询号码 【1690592】，GSD为【"-"】
2024-01-29 00:19:29 ok && -
2024-01-29 00:21:15 CHB 1690592?1706458769 第 1 次 等待 3 秒
2024-01-29 00:21:18 CHB 1690592?1706458769 第 1 次 获取到号码【1690592】GSD
2024-01-29 00:21:18 未获取到号码【1690592】GSD，可能号码格式错误
2024-01-29 00:21:18 获取到号码【1690592】的GSD为【-】
2024-01-29 00:21:22 GSD insert 第 1 次 等待 3 秒
2024-01-29 00:21:25 {"status":"bad","gid":"542520","msg":"添加失败！号码【1690592(-|-)】已存在！"}
2024-01-29 00:21:25 随机等待 82 秒，约 1 分钟
2024-01-29 00:21:25 下次操作: 2024-01-29 00:22:47

2024-01-29 00:22:47 开始第 678 次操作

2024-01-29 00:22:47 开始操作号码 【1690593】
2024-01-29 00:22:50 GSD getOne 第 1 次 等待 3 秒
2024-01-29 00:22:53 查询号码 【1690593】，返回信息 {"status":"ok","msg":"-","gid":"542545","time_insert":"2023-02-20 12:01"}
2024-01-29 00:22:53 查询号码 【1690593】，GSD为【"-"】
2024-01-29 00:22:53 ok && -
2024-01-29 00:22:55 CHB 1690593?1706458973 第 1 次 等待 3 秒
2024-01-29 00:22:58 CHB 1690593?1706458973 第 1 次 获取到号码【1690593】GSD
2024-01-29 00:22:58 未获取到号码【1690593】GSD，可能号码格式错误
2024-01-29 00:22:58 获取到号码【1690593】的GSD为【-】
2024-01-29 00:23:01 GSD insert 第 1 次 等待 3 秒
2024-01-29 00:23:04 {"status":"bad","gid":"542545","msg":"添加失败！号码【1690593(-|-)】已存在！"}
2024-01-29 00:23:04 随机等待 121 秒，约 2 分钟
2024-01-29 00:23:04 下次操作: 2024-01-29 00:25:05

2024-01-29 00:25:05 开始第 679 次操作

2024-01-29 00:25:05 开始操作号码 【1690594】
2024-01-29 00:25:09 GSD getOne 第 1 次 等待 3 秒
2024-01-29 00:25:12 查询号码 【1690594】，返回信息 {"status":"ok","msg":"-","gid":"542568","time_insert":"2023-02-20 12:18"}
2024-01-29 00:25:12 查询号码 【1690594】，GSD为【"-"】
2024-01-29 00:25:12 ok && -
2024-01-29 00:25:14 CHB 1690594?1706459112 第 1 次 等待 3 秒
2024-01-29 00:25:17 CHB 1690594?1706459112 第 1 次 获取到号码【1690594】GSD
2024-01-29 00:25:17 未获取到号码【1690594】GSD，可能号码格式错误
2024-01-29 00:25:17 获取到号码【1690594】的GSD为【-】
2024-01-29 00:25:21 GSD insert 第 1 次 等待 3 秒
2024-01-29 00:25:24 {"status":"bad","gid":"542568","msg":"添加失败！号码【1690594(-|-)】已存在！"}
2024-01-29 00:25:24 随机等待 224 秒，约 3 分钟
2024-01-29 00:25:24 下次操作: 2024-01-29 00:29:08

2024-01-29 00:29:08 开始第 680 次操作

2024-01-29 00:29:08 开始操作号码 【1690595】
2024-01-29 00:29:12 GSD getOne 第 1 次 等待 3 秒
2024-01-29 00:29:15 查询号码 【1690595】，返回信息 {"status":"ok","msg":"-","gid":"542590","time_insert":"2023-02-20 12:35"}
2024-01-29 00:29:15 查询号码 【1690595】，GSD为【"-"】
2024-01-29 00:29:15 ok && -
2024-01-29 00:29:17 CHB 1690595?1706459355 第 1 次 等待 3 秒
2024-01-29 00:29:20 CHB 1690595?1706459355 第 1 次 获取到号码【1690595】GSD
2024-01-29 00:29:20 未获取到号码【1690595】GSD，可能号码格式错误
2024-01-29 00:29:20 获取到号码【1690595】的GSD为【-】
2024-01-29 00:29:24 GSD insert 第 1 次 等待 3 秒
2024-01-29 00:29:27 {"status":"bad","gid":"542590","msg":"添加失败！号码【1690595(-|-)】已存在！"}

2024-01-29 00:38:00 开始第 681 次操作

2024-01-29 00:38:00 开始操作号码 【1690596】
2024-01-29 00:38:05 GSD getOne 第 1 次 等待 3 秒
2024-01-29 00:38:08 查询号码 【1690596】，返回信息 {"status":"ok","msg":"-","gid":"542621","time_insert":"2023-02-20 12:52"}
2024-01-29 00:38:08 查询号码 【1690596】，GSD为【"-"】
2024-01-29 00:38:08 ok && -
2024-01-29 00:38:10 CHB 1690596?1706459888 第 1 次 等待 3 秒
2024-01-29 00:38:13 CHB 1690596?1706459888 第 1 次 获取到号码【1690596】GSD
2024-01-29 00:38:13 未获取到号码【1690596】GSD，可能号码格式错误
2024-01-29 00:38:13 获取到号码【1690596】的GSD为【-】
2024-01-29 00:38:18 GSD insert 第 1 次 等待 3 秒
2024-01-29 00:38:21 {"status":"bad","gid":"542621","msg":"添加失败！号码【1690596(-|-)】已存在！"}
2024-01-29 00:38:21 随机等待 106 秒，约 1 分钟
2024-01-29 00:38:21 下次操作: 2024-01-29 00:40:07

2024-01-29 00:40:07 开始第 682 次操作

2024-01-29 00:40:07 开始操作号码 【1690597】
2024-01-29 00:40:13 GSD getOne 第 1 次 等待 3 秒
2024-01-29 00:40:16 查询号码 【1690597】，返回信息 {"status":"ok","msg":"-","gid":"542647","time_insert":"2023-02-20 13:08"}
2024-01-29 00:40:16 查询号码 【1690597】，GSD为【"-"】
2024-01-29 00:40:16 ok && -
2024-01-29 00:40:23 CHB 1690597?1706460016 第 1 次 等待 3 秒
2024-01-29 00:40:26 CHB 1690597?1706460016 第 1 次 获取到号码【1690597】GSD
2024-01-29 00:40:26 未获取到号码【1690597】GSD，可能号码格式错误
2024-01-29 00:40:26 获取到号码【1690597】的GSD为【-】
2024-01-29 00:40:30 GSD insert 第 1 次 等待 3 秒
2024-01-29 00:40:33 {"status":"bad","gid":"542647","msg":"添加失败！号码【1690597(-|-)】已存在！"}
2024-01-29 00:40:33 随机等待 78 秒，约 1 分钟
2024-01-29 00:40:33 下次操作: 2024-01-29 00:41:51

2024-01-29 00:41:51 开始第 683 次操作

2024-01-29 00:41:51 开始操作号码 【1690598】
2024-01-29 00:41:56 GSD getOne 第 1 次 等待 3 秒
2024-01-29 00:41:59 查询号码 【1690598】，返回信息 {"status":"ok","msg":"-","gid":"542678","time_insert":"2023-02-20 13:27"}
2024-01-29 00:41:59 查询号码 【1690598】，GSD为【"-"】
2024-01-29 00:41:59 ok && -
2024-01-29 00:42:02 CHB 1690598?1706460119 第 1 次 等待 3 秒
2024-01-29 00:42:05 CHB 1690598?1706460119 第 1 次 获取到号码【1690598】GSD
2024-01-29 00:42:05 未获取到号码【1690598】GSD，可能号码格式错误
2024-01-29 00:42:05 获取到号码【1690598】的GSD为【-】
2024-01-29 00:42:09 GSD insert 第 1 次 等待 3 秒
2024-01-29 00:42:12 {"status":"bad","gid":"542678","msg":"添加失败！号码【1690598(-|-)】已存在！"}
2024-01-29 00:42:12 随机等待 205 秒，约 3 分钟
2024-01-29 00:42:12 下次操作: 2024-01-29 00:45:37

2024-01-29 00:45:37 开始第 684 次操作

2024-01-29 00:45:37 开始操作号码 【1690599】
2024-01-29 00:45:41 GSD getOne 第 1 次 等待 3 秒
2024-01-29 00:45:44 查询号码 【1690599】，返回信息 {"status":"ok","msg":"-","gid":"542712","time_insert":"2023-02-20 13:42"}
2024-01-29 00:45:45 查询号码 【1690599】，GSD为【"-"】
2024-01-29 00:45:45 ok && -
2024-01-29 00:45:47 CHB 1690599?1706460345 第 1 次 等待 3 秒
2024-01-29 00:45:50 CHB 1690599?1706460345 第 1 次 获取到号码【1690599】GSD
2024-01-29 00:45:50 未获取到号码【1690599】GSD，可能号码格式错误
2024-01-29 00:45:50 获取到号码【1690599】的GSD为【-】
2024-01-29 00:45:56 GSD insert 第 1 次 等待 3 秒
2024-01-29 00:45:59 {"status":"bad","gid":"542712","msg":"添加失败！号码【1690599(-|-)】已存在！"}

