2024-01-18 00:23:51 开始第 9169 次操作

2024-01-18 00:23:51 开始操作号码 【1809084】
2024-01-18 00:23:55 GSD getOne 第 1 次 等待 3 秒
2024-01-18 00:23:58 查询号码 【1809084】，返回信息 {"status":"ok","msg":"四川-泸州","gid":"32934","time_insert":"2017-04-20 10:11","time_update":"2020-11-03 13:51"}
2024-01-18 00:23:58 查询号码 【1809084】，GSD为【"四川-泸州"】

2024-01-18 00:23:59 开始第 9170 次操作

2024-01-18 00:23:59 开始操作号码 【1809085】
2024-01-18 00:24:03 GSD getOne 第 1 次 等待 3 秒
2024-01-18 00:24:06 查询号码 【1809085】，返回信息 {"status":"ok","msg":"四川-泸州","gid":"32935","time_insert":"2018-03-07 20:44","time_update":"2020-11-03 13:54"}
2024-01-18 00:24:06 查询号码 【1809085】，GSD为【"四川-泸州"】

2024-01-18 00:24:07 开始第 9171 次操作

2024-01-18 00:24:07 开始操作号码 【1809086】
2024-01-18 00:24:11 GSD getOne 第 1 次 等待 3 秒
2024-01-18 00:24:14 查询号码 【1809086】，返回信息 {"status":"ok","msg":"四川-泸州","gid":"32936","time_insert":"2015-01-24 22:17","time_update":"2020-11-03 13:58"}
2024-01-18 00:24:14 查询号码 【1809086】，GSD为【"四川-泸州"】

2024-01-18 00:24:15 开始第 9172 次操作

2024-01-18 00:24:15 开始操作号码 【1809087】
2024-01-18 00:24:18 GSD getOne 第 1 次 等待 3 秒
2024-01-18 00:24:21 查询号码 【1809087】，返回信息 {"status":"ok","msg":"四川-泸州","gid":"32937","time_insert":"2014-02-05 14:09","time_update":"2020-11-03 14:02"}
2024-01-18 00:24:21 查询号码 【1809087】，GSD为【"四川-泸州"】

2024-01-18 00:42:18 开始第 9173 次操作

2024-01-18 00:42:18 开始操作号码 【1809088】
2024-01-18 00:42:22 GSD getOne 第 1 次 等待 3 秒
2024-01-18 00:42:25 查询号码 【1809088】，返回信息 {"status":"ok","msg":"四川-泸州","gid":"32938","time_insert":"2017-05-06 14:59","time_update":"2020-11-03 14:03"}
2024-01-18 00:42:25 查询号码 【1809088】，GSD为【"四川-泸州"】

2024-01-18 00:42:26 开始第 9174 次操作

2024-01-18 00:42:26 开始操作号码 【1809089】
2024-01-18 00:42:30 GSD getOne 第 1 次 等待 3 秒
2024-01-18 00:42:33 查询号码 【1809089】，返回信息 {"status":"ok","msg":"四川-泸州","gid":"32939","time_insert":"2017-07-28 08:46","time_update":"2020-11-03 14:07"}
2024-01-18 00:42:33 查询号码 【1809089】，GSD为【"四川-泸州"】

2024-01-18 00:42:35 开始第 9175 次操作

2024-01-18 00:42:35 开始操作号码 【1809090】
2024-01-18 00:42:40 GSD getOne 第 1 次 等待 3 秒
2024-01-18 00:42:43 查询号码 【1809090】，返回信息 {"status":"ok","msg":"四川-达州","gid":"32940","time_insert":"2017-10-11 00:00","time_update":"2020-11-03 14:10"}
2024-01-18 00:42:43 查询号码 【1809090】，GSD为【"四川-达州"】

2024-01-18 00:42:44 开始第 9176 次操作

2024-01-18 00:42:44 开始操作号码 【1809091】
2024-01-18 00:42:51 GSD getOne 第 1 次 等待 3 秒
2024-01-18 00:42:54 查询号码 【1809091】，返回信息 {"status":"ok","msg":"四川-达州","gid":"32941","time_insert":"2017-07-24 10:56","time_update":"2020-11-03 14:14"}
2024-01-18 00:42:54 查询号码 【1809091】，GSD为【"四川-达州"】

