2024-04-09 00:23:22 开始第 2633 次操作

2024-04-09 00:23:22 开始操作号码 【1582547】
2024-04-09 00:23:27 GSD getOne 第 1 次 等待 3 秒
2024-04-09 00:23:30 查询号码 【1582547】，返回信息 {"status":"ok","msg":"浙江-台州","gid":"170388","time_insert":"2021-07-02 01:14"}
2024-04-09 00:23:30 查询号码 【1582547】，GSD为【"浙江-台州"】

2024-04-09 00:23:31 开始第 2634 次操作

2024-04-09 00:23:31 开始操作号码 【1582548】
2024-04-09 00:23:39 GSD getOne 第 1 次 等待 3 秒
2024-04-09 00:23:42 查询号码 【1582548】，返回信息 {"status":"ok","msg":"浙江-台州","gid":"170428","time_insert":"2021-07-02 01:34"}
2024-04-09 00:23:42 查询号码 【1582548】，GSD为【"浙江-台州"】

2024-04-09 00:23:43 开始第 2635 次操作

2024-04-09 00:23:43 开始操作号码 【1582549】
2024-04-09 00:23:48 GSD getOne 第 1 次 等待 3 秒
2024-04-09 00:23:51 查询号码 【1582549】，返回信息 {"status":"ok","msg":"浙江-台州","gid":"24686","time_insert":"2018-06-20 13:04","time_update":"2020-09-01 03:14"}
2024-04-09 00:23:51 查询号码 【1582549】，GSD为【"浙江-台州"】

2024-04-09 00:23:52 开始第 2636 次操作

2024-04-09 00:23:52 开始操作号码 【1582550】
2024-04-09 00:23:57 GSD getOne 第 1 次 等待 3 秒
2024-04-09 00:24:00 查询号码 【1582550】，返回信息 {"status":"ok","msg":"浙江-杭州","gid":"170615","time_insert":"2021-07-02 01:53"}
2024-04-09 00:24:00 查询号码 【1582550】，GSD为【"浙江-杭州"】

2024-04-09 00:40:07 开始第 2637 次操作

2024-04-09 00:40:07 开始操作号码 【1582551】
2024-04-09 00:40:14 GSD getOne 第 1 次 等待 3 秒
2024-04-09 00:40:17 查询号码 【1582551】，返回信息 {"status":"ok","msg":"浙江-杭州","gid":"170721","time_insert":"2021-07-02 02:11"}
2024-04-09 00:40:17 查询号码 【1582551】，GSD为【"浙江-杭州"】

2024-04-09 00:40:18 开始第 2638 次操作

2024-04-09 00:40:18 开始操作号码 【1582552】
2024-04-09 00:40:24 GSD getOne 第 1 次 等待 3 秒
2024-04-09 00:40:27 查询号码 【1582552】，返回信息 {"status":"ok","msg":"浙江-杭州","gid":"170748","time_insert":"2021-07-02 02:30"}
2024-04-09 00:40:27 查询号码 【1582552】，GSD为【"浙江-杭州"】

2024-04-09 00:40:28 开始第 2639 次操作

2024-04-09 00:40:28 开始操作号码 【1582553】
2024-04-09 00:40:34 GSD getOne 第 1 次 等待 3 秒
2024-04-09 00:40:37 查询号码 【1582553】，返回信息 {"status":"ok","msg":"浙江-杭州","gid":"170773","time_insert":"2021-07-02 02:46"}
2024-04-09 00:40:37 查询号码 【1582553】，GSD为【"浙江-杭州"】

2024-04-09 00:40:38 开始第 2640 次操作

2024-04-09 00:40:38 开始操作号码 【1582554】
2024-04-09 00:40:44 GSD getOne 第 1 次 等待 3 秒
2024-04-09 00:40:47 查询号码 【1582554】，返回信息 {"status":"ok","msg":"浙江-杭州","gid":"170899","time_insert":"2021-07-02 03:02"}
2024-04-09 00:40:47 查询号码 【1582554】，GSD为【"浙江-杭州"】

