2024-05-15 00:23:59 开始第 8833 次操作

2024-05-15 00:23:59 开始操作号码 【1588746】
2024-05-15 00:24:06 GSD getOne 第 1 次 等待 3 秒
2024-05-15 00:24:09 查询号码 【1588746】，返回信息 {"status":"ok","msg":"云南-曲靖","gid":"25975","time_insert":"2019-11-15 11:24","time_update":"2020-12-01 22:06"}
2024-05-15 00:24:09 查询号码 【1588746】，GSD为【"云南-曲靖"】

2024-05-15 00:24:10 开始第 8834 次操作

2024-05-15 00:24:10 开始操作号码 【1588747】
2024-05-15 00:24:22 GSD getOne 第 1 次 等待 3 秒
2024-05-15 00:24:25 查询号码 【1588747】，返回信息 {"status":"ok","msg":"云南-曲靖","gid":"382451","time_insert":"2021-07-24 22:54"}
2024-05-15 00:24:25 查询号码 【1588747】，GSD为【"云南-曲靖"】

2024-05-15 00:24:26 开始第 8835 次操作

2024-05-15 00:24:26 开始操作号码 【1588748】
2024-05-15 00:24:31 GSD getOne 第 1 次 等待 3 秒
2024-05-15 00:24:34 查询号码 【1588748】，返回信息 {"status":"ok","msg":"云南-曲靖","gid":"25976","time_insert":"2015-04-06 17:38","time_update":"2020-12-01 22:10"}
2024-05-15 00:24:34 查询号码 【1588748】，GSD为【"云南-曲靖"】

2024-05-15 00:24:35 开始第 8836 次操作

2024-05-15 00:24:35 开始操作号码 【1588749】
2024-05-15 00:24:40 GSD getOne 第 1 次 等待 3 秒
2024-05-15 00:24:43 查询号码 【1588749】，返回信息 {"status":"ok","msg":"云南-曲靖","gid":"25977","time_insert":"2016-11-09 21:09","time_update":"2020-12-01 22:14"}
2024-05-15 00:24:43 查询号码 【1588749】，GSD为【"云南-曲靖"】

2024-05-15 00:41:49 开始第 8837 次操作

2024-05-15 00:41:49 开始操作号码 【1588750】
2024-05-15 00:41:58 GSD getOne 第 1 次 等待 3 秒
2024-05-15 00:42:01 查询号码 【1588750】，返回信息 {"status":"ok","msg":"云南-保山","gid":"25978","time_insert":"2017-07-23 09:23","time_update":"2020-12-01 22:18"}
2024-05-15 00:42:01 查询号码 【1588750】，GSD为【"云南-保山"】

2024-05-15 00:42:02 开始第 8838 次操作

2024-05-15 00:42:02 开始操作号码 【1588751】
2024-05-15 00:42:07 GSD getOne 第 1 次 等待 3 秒
2024-05-15 00:42:10 查询号码 【1588751】，返回信息 {"status":"ok","msg":"云南-楚雄","gid":"25979","time_insert":"2017-07-02 17:30","time_update":"2020-12-01 22:22"}
2024-05-15 00:42:10 查询号码 【1588751】，GSD为【"云南-楚雄"】

2024-05-15 00:42:11 开始第 8839 次操作

2024-05-15 00:42:11 开始操作号码 【1588752】
2024-05-15 00:42:15 GSD getOne 第 1 次 等待 3 秒
2024-05-15 00:42:18 查询号码 【1588752】，返回信息 {"status":"ok","msg":"云南-楚雄","gid":"382440","time_insert":"2021-07-24 22:53"}
2024-05-15 00:42:18 查询号码 【1588752】，GSD为【"云南-楚雄"】

2024-05-15 00:42:19 开始第 8840 次操作

2024-05-15 00:42:19 开始操作号码 【1588753】
2024-05-15 00:42:25 GSD getOne 第 1 次 等待 3 秒
2024-05-15 00:42:28 查询号码 【1588753】，返回信息 {"status":"ok","msg":"云南-德宏","gid":"382434","time_insert":"2021-07-24 22:53"}
2024-05-15 00:42:28 查询号码 【1588753】，GSD为【"云南-德宏"】

