2023-10-23 00:20:45 开始第 4481 次操作

2023-10-23 00:20:45 开始操作号码 【1904395】
2023-10-23 00:21:00 GSD getOne 第 1 次 等待 3 秒
2023-10-23 00:21:03 查询号码 【1904395】，返回信息 {"status":"ok","msg":"-","gid":"607982","time_insert":"2023-03-22 21:59"}
2023-10-23 00:21:04 查询号码 【1904395】，GSD为【"-"】
2023-10-23 00:21:04 ok && -
2023-10-23 00:21:06 CHB 1904395?1697991664 第 1 次 等待 3 秒
2023-10-23 00:21:09 CHB 1904395?1697991664 第 1 次 获取到号码【1904395】GSD
2023-10-23 00:21:09 未获取到号码【1904395】GSD，可能号码格式错误
2023-10-23 00:21:09 获取到号码【1904395】的GSD为【-】
2023-10-23 00:21:13 GSD insert 第 1 次 等待 3 秒
2023-10-23 00:21:16 {"status":"bad","gid":"607982","msg":"添加失败！号码【1904395(-|-)】已存在！"}
2023-10-23 00:21:16 随机等待 181 秒，约 3 分钟
2023-10-23 00:21:16 下次操作: 2023-10-23 00:24:17

2023-10-23 00:24:17 开始第 4482 次操作

2023-10-23 00:24:17 开始操作号码 【1904396】
2023-10-23 00:24:26 GSD getOne 第 1 次 等待 3 秒
2023-10-23 00:24:29 查询号码 【1904396】，返回信息 {"status":"ok","msg":"-","gid":"608013","time_insert":"2023-03-22 22:20"}
2023-10-23 00:24:29 查询号码 【1904396】，GSD为【"-"】
2023-10-23 00:24:29 ok && -
2023-10-23 00:24:30 CHB 1904396?1697991869 第 1 次 等待 3 秒
2023-10-23 00:24:33 CHB 1904396?1697991869 第 1 次 获取到号码【1904396】GSD
2023-10-23 00:24:34 未获取到号码【1904396】GSD，可能号码格式错误
2023-10-23 00:24:34 获取到号码【1904396】的GSD为【-】
2023-10-23 00:24:36 GSD insert 第 1 次 等待 3 秒
2023-10-23 00:24:39 {"status":"bad","gid":"608013","msg":"添加失败！号码【1904396(-|-)】已存在！"}
2023-10-23 00:24:39 随机等待 87 秒，约 1 分钟
2023-10-23 00:24:39 下次操作: 2023-10-23 00:26:06

2023-10-23 00:26:06 开始第 4483 次操作

2023-10-23 00:26:06 开始操作号码 【1904397】
2023-10-23 00:26:09 GSD getOne 第 1 次 等待 3 秒
2023-10-23 00:26:12 查询号码 【1904397】，返回信息 {"status":"ok","msg":"-","gid":"608046","time_insert":"2023-03-22 22:39"}
2023-10-23 00:26:13 查询号码 【1904397】，GSD为【"-"】
2023-10-23 00:26:13 ok && -
2023-10-23 00:26:14 CHB 1904397?1697991973 第 1 次 等待 3 秒
2023-10-23 00:26:17 CHB 1904397?1697991973 第 1 次 获取到号码【1904397】GSD
2023-10-23 00:26:17 未获取到号码【1904397】GSD，可能号码格式错误
2023-10-23 00:26:17 获取到号码【1904397】的GSD为【-】
2023-10-23 00:26:20 GSD insert 第 1 次 等待 3 秒
2023-10-23 00:26:23 {"status":"bad","gid":"608046","msg":"添加失败！号码【1904397(-|-)】已存在！"}
2023-10-23 00:26:23 随机等待 146 秒，约 2 分钟
2023-10-23 00:26:23 下次操作: 2023-10-23 00:28:49

2023-10-23 00:28:49 开始第 4484 次操作

2023-10-23 00:28:49 开始操作号码 【1904398】
2023-10-23 00:28:53 GSD getOne 第 1 次 等待 3 秒
2023-10-23 00:28:56 查询号码 【1904398】，返回信息 {"status":"ok","msg":"-","gid":"608077","time_insert":"2023-03-22 22:58"}
2023-10-23 00:28:56 查询号码 【1904398】，GSD为【"-"】
2023-10-23 00:28:56 ok && -
2023-10-23 00:28:57 CHB 1904398?1697992136 第 1 次 等待 3 秒
2023-10-23 00:29:00 CHB 1904398?1697992136 第 1 次 获取到号码【1904398】GSD
2023-10-23 00:29:00 未获取到号码【1904398】GSD，可能号码格式错误
2023-10-23 00:29:00 获取到号码【1904398】的GSD为【-】
2023-10-23 00:29:05 GSD insert 第 1 次 等待 3 秒
2023-10-23 00:29:08 {"status":"bad","gid":"608077","msg":"添加失败！号码【1904398(-|-)】已存在！"}

