2024-09-22 00:23:07 开始第 5801 次操作

2024-09-22 00:23:07 开始操作号码 【1365800】
2024-09-22 00:23:09 GSD getOne 第 1 次 等待 3 秒
2024-09-22 00:23:12 查询号码 【1365800】，返回信息 {"status":"ok","msg":"四川-成都","gid":"8357","time_insert":"2017-08-05 15:52","time_update":"2021-05-15 02:39"}
2024-09-22 00:23:12 查询号码 【1365800】，GSD为【"四川-成都"】

2024-09-22 00:23:13 开始第 5802 次操作

2024-09-22 00:23:13 开始操作号码 【1365801】
2024-09-22 00:23:15 GSD getOne 第 1 次 等待 3 秒
2024-09-22 00:23:18 查询号码 【1365801】，返回信息 {"status":"ok","msg":"四川-成都","gid":"8358","time_insert":"2018-11-25 19:57","time_update":"2020-10-13 09:42"}
2024-09-22 00:23:18 查询号码 【1365801】，GSD为【"四川-成都"】

2024-09-22 00:23:19 开始第 5803 次操作

2024-09-22 00:23:19 开始操作号码 【1365802】
2024-09-22 00:23:21 GSD getOne 第 1 次 等待 3 秒
2024-09-22 00:23:24 查询号码 【1365802】，返回信息 {"status":"ok","msg":"四川-成都","gid":"8359","time_insert":"2016-05-13 08:24","time_update":"2021-05-15 03:10"}
2024-09-22 00:23:24 查询号码 【1365802】，GSD为【"四川-成都"】

2024-09-22 00:23:25 开始第 5804 次操作

2024-09-22 00:23:25 开始操作号码 【1365803】
2024-09-22 00:23:27 GSD getOne 第 1 次 等待 3 秒
2024-09-22 00:23:30 查询号码 【1365803】，返回信息 {"status":"ok","msg":"四川-成都","gid":"8360","time_insert":"2014-10-31 13:22","time_update":"2020-10-13 09:50"}
2024-09-22 00:23:30 查询号码 【1365803】，GSD为【"四川-成都"】

