2024-08-23 00:25:09 开始第 633 次操作

2024-08-23 00:25:09 开始操作号码 【1360632】
2024-08-23 00:25:18 GSD getOne 第 1 次 等待 3 秒
2024-08-23 00:25:21 查询号码 【1360632】，返回信息 {"status":"ok","msg":"山东-枣庄","gid":"64409","time_insert":"2021-05-22 03:58"}
2024-08-23 00:25:21 查询号码 【1360632】，GSD为【"山东-枣庄"】

2024-08-23 00:25:22 开始第 634 次操作

2024-08-23 00:25:22 开始操作号码 【1360633】
2024-08-23 00:25:33 GSD getOne 第 1 次 等待 3 秒
2024-08-23 00:25:36 查询号码 【1360633】，返回信息 {"status":"ok","msg":"山东-日照","gid":"64427","time_insert":"2021-05-22 04:25"}
2024-08-23 00:25:36 查询号码 【1360633】，GSD为【"山东-日照"】

2024-08-23 00:25:37 开始第 635 次操作

2024-08-23 00:25:37 开始操作号码 【1360634】
2024-08-23 00:25:45 GSD getOne 第 1 次 等待 3 秒
2024-08-23 00:25:48 查询号码 【1360634】，返回信息 {"status":"ok","msg":"山东-青岛","gid":"64438","time_insert":"2021-05-22 04:46"}
2024-08-23 00:25:48 查询号码 【1360634】，GSD为【"山东-青岛"】

2024-08-23 00:25:49 开始第 636 次操作

2024-08-23 00:25:49 开始操作号码 【1360635】
2024-08-23 00:25:58 GSD getOne 第 1 次 等待 3 秒
2024-08-23 00:26:01 查询号码 【1360635】，返回信息 {"status":"ok","msg":"山东-聊城","gid":"64452","time_insert":"2021-05-22 05:12"}
2024-08-23 00:26:01 查询号码 【1360635】，GSD为【"山东-聊城"】

2024-08-23 00:44:37 开始第 637 次操作

2024-08-23 00:44:37 开始操作号码 【1360636】
2024-08-23 00:44:45 GSD getOne 第 1 次 等待 3 秒
2024-08-23 00:44:48 查询号码 【1360636】，返回信息 {"status":"ok","msg":"山东-潍坊","gid":"64469","time_insert":"2021-05-22 05:42"}
2024-08-23 00:44:48 查询号码 【1360636】，GSD为【"山东-潍坊"】

2024-08-23 00:44:49 开始第 638 次操作

2024-08-23 00:44:49 开始操作号码 【1360637】
2024-08-23 00:44:59 GSD getOne 第 1 次 等待 3 秒
2024-08-23 00:45:02 查询号码 【1360637】，返回信息 {"status":"ok","msg":"山东-济南","gid":"64481","time_insert":"2021-05-22 06:01"}
2024-08-23 00:45:02 查询号码 【1360637】，GSD为【"山东-济南"】

2024-08-23 00:45:03 开始第 639 次操作

2024-08-23 00:45:03 开始操作号码 【1360638】
2024-08-23 00:45:10 GSD getOne 第 1 次 等待 3 秒
2024-08-23 00:45:13 查询号码 【1360638】，返回信息 {"status":"ok","msg":"山东-烟台","gid":"64497","time_insert":"2021-05-22 06:30"}
2024-08-23 00:45:13 查询号码 【1360638】，GSD为【"山东-烟台"】

2024-08-23 00:45:14 开始第 640 次操作

2024-08-23 00:45:14 开始操作号码 【1360639】
2024-08-23 00:45:24 GSD getOne 第 1 次 等待 3 秒
2024-08-23 00:45:27 查询号码 【1360639】，返回信息 {"status":"ok","msg":"山东-青岛","gid":"64515","time_insert":"2021-05-22 06:57"}
2024-08-23 00:45:27 查询号码 【1360639】，GSD为【"山东-青岛"】

2024-08-23 01:16:39 开始第 641 次操作

2024-08-23 01:16:39 开始操作号码 【1360640】
2024-08-23 01:16:48 GSD getOne 第 1 次 等待 3 秒
2024-08-23 01:16:51 查询号码 【1360640】，返回信息 {"status":"ok","msg":"山东-济南","gid":"64529","time_insert":"2021-05-22 07:23"}
2024-08-23 01:16:51 查询号码 【1360640】，GSD为【"山东-济南"】

2024-08-23 01:16:52 开始第 642 次操作

2024-08-23 01:16:52 开始操作号码 【1360641】
2024-08-23 01:17:00 GSD getOne 第 1 次 等待 3 秒
2024-08-23 01:17:03 查询号码 【1360641】，返回信息 {"status":"ok","msg":"山东-济南","gid":"64547","time_insert":"2021-05-22 07:50"}
2024-08-23 01:17:03 查询号码 【1360641】，GSD为【"山东-济南"】

2024-08-23 01:17:04 开始第 643 次操作

2024-08-23 01:17:04 开始操作号码 【1360642】
2024-08-23 01:17:12 GSD getOne 第 1 次 等待 3 秒
2024-08-23 01:17:15 查询号码 【1360642】，返回信息 {"status":"ok","msg":"山东-青岛","gid":"64560","time_insert":"2021-05-22 08:14"}
2024-08-23 01:17:15 查询号码 【1360642】，GSD为【"山东-青岛"】

2024-08-23 01:17:16 开始第 644 次操作

2024-08-23 01:17:16 开始操作号码 【1360643】
2024-08-23 01:17:24 GSD getOne 第 1 次 等待 3 秒
2024-08-23 01:17:27 查询号码 【1360643】，返回信息 {"status":"ok","msg":"山东-淄博","gid":"64579","time_insert":"2021-05-22 08:43"}
2024-08-23 01:17:27 查询号码 【1360643】，GSD为【"山东-淄博"】

2024-08-23 01:37:18 开始第 645 次操作

2024-08-23 01:37:18 开始操作号码 【1360644】
2024-08-23 01:37:26 GSD getOne 第 1 次 等待 3 秒
2024-08-23 01:37:29 查询号码 【1360644】，返回信息 {"status":"ok","msg":"山东-烟台","gid":"64596","time_insert":"2021-05-22 09:10"}
2024-08-23 01:37:29 查询号码 【1360644】，GSD为【"山东-烟台"】

2024-08-23 01:37:30 开始第 646 次操作

2024-08-23 01:37:30 开始操作号码 【1360645】
2024-08-23 01:37:38 GSD getOne 第 1 次 等待 3 秒
2024-08-23 01:37:41 查询号码 【1360645】，返回信息 {"status":"ok","msg":"山东-烟台","gid":"64616","time_insert":"2021-05-22 09:39"}
2024-08-23 01:37:41 查询号码 【1360645】，GSD为【"山东-烟台"】

2024-08-23 01:37:42 开始第 647 次操作

2024-08-23 01:37:42 开始操作号码 【1360646】
2024-08-23 01:37:53 GSD getOne 第 1 次 等待 3 秒
2024-08-23 01:37:56 查询号码 【1360646】，返回信息 {"status":"ok","msg":"山东-潍坊","gid":"7312","time_insert":"2017-10-28 18:47","time_update":"2020-09-10 20:43"}
2024-08-23 01:37:56 查询号码 【1360646】，GSD为【"山东-潍坊"】

2024-08-23 01:37:57 开始第 648 次操作

2024-08-23 01:37:57 开始操作号码 【1360647】
2024-08-23 01:38:05 GSD getOne 第 1 次 等待 3 秒
2024-08-23 01:38:08 查询号码 【1360647】，返回信息 {"status":"ok","msg":"山东-潍坊","gid":"64636","time_insert":"2021-05-22 10:12"}
2024-08-23 01:38:08 查询号码 【1360647】，GSD为【"山东-潍坊"】

2024-08-23 02:23:35 开始第 649 次操作

2024-08-23 02:23:35 开始操作号码 【1360648】
2024-08-23 02:23:44 GSD getOne 第 1 次 等待 3 秒
2024-08-23 02:23:47 查询号码 【1360648】，返回信息 {"status":"ok","msg":"山东-青岛","gid":"64651","time_insert":"2021-05-22 10:36"}
2024-08-23 02:23:47 查询号码 【1360648】，GSD为【"山东-青岛"】

2024-08-23 02:23:48 开始第 650 次操作

2024-08-23 02:23:48 开始操作号码 【1360649】
2024-08-23 02:23:56 GSD getOne 第 1 次 等待 3 秒
2024-08-23 02:23:59 查询号码 【1360649】，返回信息 {"status":"ok","msg":"山东-威海","gid":"64670","time_insert":"2021-05-22 11:05"}
2024-08-23 02:23:59 查询号码 【1360649】，GSD为【"山东-威海"】

2024-08-23 02:24:00 开始第 651 次操作

2024-08-23 02:24:00 开始操作号码 【1360650】
2024-08-23 02:24:08 GSD getOne 第 1 次 等待 3 秒
2024-08-23 02:24:11 查询号码 【1360650】，返回信息 {"status":"ok","msg":"浙江-杭州","gid":"64679","time_insert":"2021-05-22 11:23"}
2024-08-23 02:24:11 查询号码 【1360650】，GSD为【"浙江-杭州"】

2024-08-23 02:24:12 开始第 652 次操作

2024-08-23 02:24:12 开始操作号码 【1360651】
2024-08-23 02:24:20 GSD getOne 第 1 次 等待 3 秒
2024-08-23 02:24:23 查询号码 【1360651】，返回信息 {"status":"ok","msg":"浙江-杭州","gid":"64696","time_insert":"2021-05-22 11:48"}
2024-08-23 02:24:23 查询号码 【1360651】，GSD为【"浙江-杭州"】

2024-08-23 02:41:09 开始第 653 次操作

2024-08-23 02:41:09 开始操作号码 【1360652】
2024-08-23 02:41:17 GSD getOne 第 1 次 等待 3 秒
2024-08-23 02:41:20 查询号码 【1360652】，返回信息 {"status":"ok","msg":"浙江-杭州","gid":"64712","time_insert":"2021-05-22 12:17"}
2024-08-23 02:41:20 查询号码 【1360652】，GSD为【"浙江-杭州"】

2024-08-23 02:41:21 开始第 654 次操作

2024-08-23 02:41:21 开始操作号码 【1360653】
2024-08-23 02:41:28 GSD getOne 第 1 次 等待 3 秒
2024-08-23 02:41:31 查询号码 【1360653】，返回信息 {"status":"ok","msg":"浙江-杭州","gid":"64722","time_insert":"2021-05-22 12:36"}
2024-08-23 02:41:32 查询号码 【1360653】，GSD为【"浙江-杭州"】

2024-08-23 02:41:33 开始第 655 次操作

2024-08-23 02:41:33 开始操作号码 【1360654】
2024-08-23 02:41:41 GSD getOne 第 1 次 等待 3 秒
2024-08-23 02:41:44 查询号码 【1360654】，返回信息 {"status":"ok","msg":"浙江-杭州","gid":"64736","time_insert":"2021-05-22 13:00"}
2024-08-23 02:41:44 查询号码 【1360654】，GSD为【"浙江-杭州"】

2024-08-23 02:41:45 开始第 656 次操作

2024-08-23 02:41:45 开始操作号码 【1360655】
2024-08-23 02:41:53 GSD getOne 第 1 次 等待 3 秒
2024-08-23 02:41:56 查询号码 【1360655】，返回信息 {"status":"ok","msg":"浙江-绍兴","gid":"64746","time_insert":"2021-05-22 13:17"}
2024-08-23 02:41:56 查询号码 【1360655】，GSD为【"浙江-绍兴"】

2024-08-23 03:14:27 开始第 657 次操作

2024-08-23 03:14:27 开始操作号码 【1360656】
2024-08-23 03:14:35 GSD getOne 第 1 次 等待 3 秒
2024-08-23 03:14:38 查询号码 【1360656】，返回信息 {"status":"ok","msg":"浙江-绍兴","gid":"64760","time_insert":"2021-05-22 13:38"}
2024-08-23 03:14:38 查询号码 【1360656】，GSD为【"浙江-绍兴"】

2024-08-23 03:14:39 开始第 658 次操作

2024-08-23 03:14:39 开始操作号码 【1360657】
2024-08-23 03:14:46 GSD getOne 第 1 次 等待 3 秒
2024-08-23 03:14:49 查询号码 【1360657】，返回信息 {"status":"ok","msg":"浙江-绍兴","gid":"64768","time_insert":"2021-05-22 13:57"}
2024-08-23 03:14:49 查询号码 【1360657】，GSD为【"浙江-绍兴"】

2024-08-23 03:14:50 开始第 659 次操作

2024-08-23 03:14:50 开始操作号码 【1360658】
2024-08-23 03:15:02 GSD getOne 第 1 次 等待 3 秒
2024-08-23 03:15:05 查询号码 【1360658】，返回信息 {"status":"ok","msg":"浙江-宁波","gid":"64783","time_insert":"2021-05-22 14:17"}
2024-08-23 03:15:05 查询号码 【1360658】，GSD为【"浙江-宁波"】

2024-08-23 03:15:06 开始第 660 次操作

2024-08-23 03:15:06 开始操作号码 【1360659】
2024-08-23 03:15:13 GSD getOne 第 1 次 等待 3 秒
2024-08-23 03:15:16 查询号码 【1360659】，返回信息 {"status":"ok","msg":"浙江-宁波","gid":"64793","time_insert":"2021-05-22 14:36"}
2024-08-23 03:15:16 查询号码 【1360659】，GSD为【"浙江-宁波"】

2024-08-23 03:38:02 开始第 661 次操作

2024-08-23 03:38:02 开始操作号码 【1360660】
2024-08-23 03:38:10 GSD getOne 第 1 次 等待 3 秒
2024-08-23 03:38:13 查询号码 【1360660】，返回信息 {"status":"ok","msg":"浙江-杭州","gid":"64806","time_insert":"2021-05-22 14:56"}
2024-08-23 03:38:13 查询号码 【1360660】，GSD为【"浙江-杭州"】

2024-08-23 03:38:14 开始第 662 次操作

2024-08-23 03:38:14 开始操作号码 【1360661】
2024-08-23 03:38:22 GSD getOne 第 1 次 等待 3 秒
2024-08-23 03:38:25 查询号码 【1360661】，返回信息 {"status":"ok","msg":"浙江-杭州","gid":"64820","time_insert":"2021-05-22 15:25"}
2024-08-23 03:38:25 查询号码 【1360661】，GSD为【"浙江-杭州"】

2024-08-23 03:38:26 开始第 663 次操作

2024-08-23 03:38:26 开始操作号码 【1360662】
2024-08-23 03:38:34 GSD getOne 第 1 次 等待 3 秒
2024-08-23 03:38:37 查询号码 【1360662】，返回信息 {"status":"ok","msg":"浙江-杭州","gid":"64836","time_insert":"2021-05-22 15:48"}
2024-08-23 03:38:37 查询号码 【1360662】，GSD为【"浙江-杭州"】

2024-08-23 03:38:38 开始第 664 次操作

2024-08-23 03:38:38 开始操作号码 【1360663】
2024-08-23 03:38:46 GSD getOne 第 1 次 等待 3 秒
2024-08-23 03:38:49 查询号码 【1360663】，返回信息 {"status":"ok","msg":"浙江-杭州","gid":"64848","time_insert":"2021-05-22 16:09"}
2024-08-23 03:38:49 查询号码 【1360663】，GSD为【"浙江-杭州"】

2024-08-23 04:18:59 开始第 665 次操作

2024-08-23 04:18:59 开始操作号码 【1360664】
2024-08-23 04:19:07 GSD getOne 第 1 次 等待 3 秒
2024-08-23 04:19:10 查询号码 【1360664】，返回信息 {"status":"ok","msg":"浙江-杭州","gid":"64860","time_insert":"2021-05-22 16:29"}
2024-08-23 04:19:10 查询号码 【1360664】，GSD为【"浙江-杭州"】

2024-08-23 04:19:11 开始第 666 次操作

2024-08-23 04:19:11 开始操作号码 【1360665】
2024-08-23 04:19:19 GSD getOne 第 1 次 等待 3 秒
2024-08-23 04:19:22 查询号码 【1360665】，返回信息 {"status":"ok","msg":"浙江-台州","gid":"64874","time_insert":"2021-05-22 16:59"}
2024-08-23 04:19:22 查询号码 【1360665】，GSD为【"浙江-台州"】

2024-08-23 04:19:23 开始第 667 次操作

2024-08-23 04:19:23 开始操作号码 【1360666】
2024-08-23 04:19:30 GSD getOne 第 1 次 等待 3 秒
2024-08-23 04:19:33 查询号码 【1360666】，返回信息 {"status":"ok","msg":"浙江-台州","gid":"64886","time_insert":"2021-05-22 17:17"}
2024-08-23 04:19:33 查询号码 【1360666】，GSD为【"浙江-台州"】

2024-08-23 04:19:34 开始第 668 次操作

2024-08-23 04:19:34 开始操作号码 【1360667】
2024-08-23 04:19:42 GSD getOne 第 1 次 等待 3 秒
2024-08-23 04:19:45 查询号码 【1360667】，返回信息 {"status":"ok","msg":"浙江-台州","gid":"64900","time_insert":"2021-05-22 17:44"}
2024-08-23 04:19:45 查询号码 【1360667】，GSD为【"浙江-台州"】

2024-08-23 04:37:10 开始第 669 次操作

2024-08-23 04:37:10 开始操作号码 【1360668】
2024-08-23 04:37:19 GSD getOne 第 1 次 等待 3 秒
2024-08-23 04:37:22 查询号码 【1360668】，返回信息 {"status":"ok","msg":"浙江-台州","gid":"64915","time_insert":"2021-05-22 18:13"}
2024-08-23 04:37:22 查询号码 【1360668】，GSD为【"浙江-台州"】

2024-08-23 04:37:23 开始第 670 次操作

2024-08-23 04:37:23 开始操作号码 【1360669】
2024-08-23 04:37:31 GSD getOne 第 1 次 等待 3 秒
2024-08-23 04:37:34 查询号码 【1360669】，返回信息 {"status":"ok","msg":"浙江-丽水","gid":"64928","time_insert":"2021-05-22 18:34"}
2024-08-23 04:37:34 查询号码 【1360669】，GSD为【"浙江-丽水"】

2024-08-23 04:37:35 开始第 671 次操作

2024-08-23 04:37:35 开始操作号码 【1360670】
2024-08-23 04:37:43 GSD getOne 第 1 次 等待 3 秒
2024-08-23 04:37:46 查询号码 【1360670】，返回信息 {"status":"ok","msg":"浙江-杭州","gid":"64942","time_insert":"2021-05-22 19:00"}
2024-08-23 04:37:46 查询号码 【1360670】，GSD为【"浙江-杭州"】

2024-08-23 04:37:47 开始第 672 次操作

2024-08-23 04:37:47 开始操作号码 【1360671】
2024-08-23 04:37:56 GSD getOne 第 1 次 等待 3 秒
2024-08-23 04:37:59 查询号码 【1360671】，返回信息 {"status":"ok","msg":"浙江-杭州","gid":"64953","time_insert":"2021-05-22 19:19"}
2024-08-23 04:37:59 查询号码 【1360671】，GSD为【"浙江-杭州"】

2024-08-23 05:18:10 开始第 673 次操作

2024-08-23 05:18:10 开始操作号码 【1360672】
2024-08-23 05:18:18 GSD getOne 第 1 次 等待 3 秒
2024-08-23 05:18:21 查询号码 【1360672】，返回信息 {"status":"ok","msg":"浙江-台州","gid":"64961","time_insert":"2021-05-22 19:37"}
2024-08-23 05:18:21 查询号码 【1360672】，GSD为【"浙江-台州"】

2024-08-23 05:18:22 开始第 674 次操作

2024-08-23 05:18:22 开始操作号码 【1360673】
2024-08-23 05:18:29 GSD getOne 第 1 次 等待 3 秒
2024-08-23 05:18:32 查询号码 【1360673】，返回信息 {"status":"ok","msg":"浙江-嘉兴","gid":"64972","time_insert":"2021-05-22 19:52"}
2024-08-23 05:18:32 查询号码 【1360673】，GSD为【"浙江-嘉兴"】

2024-08-23 05:18:34 开始第 675 次操作

2024-08-23 05:18:34 开始操作号码 【1360674】
2024-08-23 05:18:41 GSD getOne 第 1 次 等待 3 秒
2024-08-23 05:18:44 查询号码 【1360674】，返回信息 {"status":"ok","msg":"浙江-宁波","gid":"64985","time_insert":"2021-05-22 20:12"}
2024-08-23 05:18:44 查询号码 【1360674】，GSD为【"浙江-宁波"】

2024-08-23 05:18:45 开始第 676 次操作

2024-08-23 05:18:45 开始操作号码 【1360675】
2024-08-23 05:18:52 GSD getOne 第 1 次 等待 3 秒
2024-08-23 05:18:55 查询号码 【1360675】，返回信息 {"status":"ok","msg":"浙江-绍兴","gid":"64995","time_insert":"2021-05-22 20:29"}
2024-08-23 05:18:55 查询号码 【1360675】，GSD为【"浙江-绍兴"】

2024-08-23 05:37:53 开始第 677 次操作

2024-08-23 05:37:53 开始操作号码 【1360676】
2024-08-23 05:38:01 GSD getOne 第 1 次 等待 3 秒
2024-08-23 05:38:04 查询号码 【1360676】，返回信息 {"status":"ok","msg":"浙江-台州","gid":"65010","time_insert":"2021-05-22 20:51"}
2024-08-23 05:38:04 查询号码 【1360676】，GSD为【"浙江-台州"】

2024-08-23 05:38:05 开始第 678 次操作

2024-08-23 05:38:05 开始操作号码 【1360677】
2024-08-23 05:38:13 GSD getOne 第 1 次 等待 3 秒
2024-08-23 05:38:16 查询号码 【1360677】，返回信息 {"status":"ok","msg":"浙江-温州","gid":"65019","time_insert":"2021-05-22 21:13"}
2024-08-23 05:38:16 查询号码 【1360677】，GSD为【"浙江-温州"】

2024-08-23 05:38:17 开始第 679 次操作

2024-08-23 05:38:17 开始操作号码 【1360678】
2024-08-23 05:38:24 GSD getOne 第 1 次 等待 3 秒
2024-08-23 05:38:27 查询号码 【1360678】，返回信息 {"status":"ok","msg":"浙江-宁波","gid":"65031","time_insert":"2021-05-22 21:25"}
2024-08-23 05:38:27 查询号码 【1360678】，GSD为【"浙江-宁波"】

2024-08-23 05:38:28 开始第 680 次操作

2024-08-23 05:38:28 开始操作号码 【1360679】
2024-08-23 05:38:37 GSD getOne 第 1 次 等待 3 秒
2024-08-23 05:38:40 查询号码 【1360679】，返回信息 {"status":"ok","msg":"浙江-金华","gid":"65045","time_insert":"2021-05-22 21:47"}
2024-08-23 05:38:40 查询号码 【1360679】，GSD为【"浙江-金华"】

2024-08-23 06:17:00 开始第 681 次操作

2024-08-23 06:17:00 开始操作号码 【1360680】
2024-08-23 06:17:08 GSD getOne 第 1 次 等待 3 秒
2024-08-23 06:17:11 查询号码 【1360680】，返回信息 {"status":"ok","msg":"浙江-杭州","gid":"65059","time_insert":"2021-05-22 22:10"}
2024-08-23 06:17:11 查询号码 【1360680】，GSD为【"浙江-杭州"】

2024-08-23 06:17:12 开始第 682 次操作

2024-08-23 06:17:12 开始操作号码 【1360681】
2024-08-23 06:17:20 GSD getOne 第 1 次 等待 3 秒
2024-08-23 06:17:23 查询号码 【1360681】，返回信息 {"status":"ok","msg":"浙江-杭州","gid":"65071","time_insert":"2021-05-22 22:33"}
2024-08-23 06:17:23 查询号码 【1360681】，GSD为【"浙江-杭州"】

2024-08-23 06:17:24 开始第 683 次操作

2024-08-23 06:17:24 开始操作号码 【1360682】
2024-08-23 06:17:32 GSD getOne 第 1 次 等待 3 秒
2024-08-23 06:17:35 查询号码 【1360682】，返回信息 {"status":"ok","msg":"浙江-台州","gid":"65085","time_insert":"2021-05-22 22:53"}
2024-08-23 06:17:35 查询号码 【1360682】，GSD为【"浙江-台州"】

2024-08-23 06:17:36 开始第 684 次操作

2024-08-23 06:17:36 开始操作号码 【1360683】
2024-08-23 06:17:43 GSD getOne 第 1 次 等待 3 秒
2024-08-23 06:17:46 查询号码 【1360683】，返回信息 {"status":"ok","msg":"浙江-嘉兴","gid":"65096","time_insert":"2021-05-22 23:09"}
2024-08-23 06:17:46 查询号码 【1360683】，GSD为【"浙江-嘉兴"】

2024-08-23 06:39:59 开始第 685 次操作

2024-08-23 06:39:59 开始操作号码 【1360684】
2024-08-23 06:40:07 GSD getOne 第 1 次 等待 3 秒
2024-08-23 06:40:10 查询号码 【1360684】，返回信息 {"status":"ok","msg":"浙江-宁波","gid":"65111","time_insert":"2021-05-22 23:37"}
2024-08-23 06:40:10 查询号码 【1360684】，GSD为【"浙江-宁波"】

2024-08-23 06:40:11 开始第 686 次操作

2024-08-23 06:40:11 开始操作号码 【1360685】
2024-08-23 06:40:19 GSD getOne 第 1 次 等待 3 秒
2024-08-23 06:40:22 查询号码 【1360685】，返回信息 {"status":"ok","msg":"浙江-绍兴","gid":"65127","time_insert":"2021-05-23 00:02"}
2024-08-23 06:40:22 查询号码 【1360685】，GSD为【"浙江-绍兴"】

2024-08-23 06:40:23 开始第 687 次操作

2024-08-23 06:40:23 开始操作号码 【1360686】
2024-08-23 06:40:31 GSD getOne 第 1 次 等待 3 秒
2024-08-23 06:40:34 查询号码 【1360686】，返回信息 {"status":"ok","msg":"浙江-台州","gid":"65140","time_insert":"2021-05-23 00:26"}
2024-08-23 06:40:34 查询号码 【1360686】，GSD为【"浙江-台州"】

2024-08-23 06:40:35 开始第 688 次操作

2024-08-23 06:40:35 开始操作号码 【1360687】
2024-08-23 06:40:43 GSD getOne 第 1 次 等待 3 秒
2024-08-23 06:40:46 查询号码 【1360687】，返回信息 {"status":"ok","msg":"浙江-温州","gid":"65153","time_insert":"2021-05-23 00:49"}
2024-08-23 06:40:46 查询号码 【1360687】，GSD为【"浙江-温州"】

2024-08-23 07:17:26 开始第 689 次操作

2024-08-23 07:17:26 开始操作号码 【1360688】
2024-08-23 07:17:34 GSD getOne 第 1 次 等待 3 秒
2024-08-23 07:17:37 查询号码 【1360688】，返回信息 {"status":"ok","msg":"浙江-宁波","gid":"65168","time_insert":"2021-05-23 01:10"}
2024-08-23 07:17:37 查询号码 【1360688】，GSD为【"浙江-宁波"】

2024-08-23 07:17:38 开始第 690 次操作

2024-08-23 07:17:38 开始操作号码 【1360689】
2024-08-23 07:17:46 GSD getOne 第 1 次 等待 3 秒
2024-08-23 07:17:49 查询号码 【1360689】，返回信息 {"status":"ok","msg":"浙江-金华","gid":"65183","time_insert":"2021-05-23 01:32"}
2024-08-23 07:17:49 查询号码 【1360689】，GSD为【"浙江-金华"】

2024-08-23 07:17:50 开始第 691 次操作

2024-08-23 07:17:50 开始操作号码 【1360690】
2024-08-23 07:17:58 GSD getOne 第 1 次 等待 3 秒
2024-08-23 07:18:01 查询号码 【1360690】，返回信息 {"status":"ok","msg":"福建-厦门","gid":"65197","time_insert":"2021-05-23 01:54"}
2024-08-23 07:18:01 查询号码 【1360690】，GSD为【"福建-厦门"】

2024-08-23 07:18:02 开始第 692 次操作

2024-08-23 07:18:02 开始操作号码 【1360691】
2024-08-23 07:18:10 GSD getOne 第 1 次 等待 3 秒
2024-08-23 07:18:13 查询号码 【1360691】，返回信息 {"status":"ok","msg":"福建-厦门","gid":"7313","time_insert":"2019-11-15 11:24","time_update":"2020-09-06 09:19"}
2024-08-23 07:18:13 查询号码 【1360691】，GSD为【"福建-厦门"】

2024-08-23 07:37:44 开始第 693 次操作

2024-08-23 07:37:44 开始操作号码 【1360692】
2024-08-23 07:37:52 GSD getOne 第 1 次 等待 3 秒
2024-08-23 07:37:55 查询号码 【1360692】，返回信息 {"status":"ok","msg":"福建-厦门","gid":"65209","time_insert":"2021-05-23 02:12"}
2024-08-23 07:37:55 查询号码 【1360692】，GSD为【"福建-厦门"】

2024-08-23 07:37:56 开始第 694 次操作

2024-08-23 07:37:56 开始操作号码 【1360693】
2024-08-23 07:38:04 GSD getOne 第 1 次 等待 3 秒
2024-08-23 07:38:07 查询号码 【1360693】，返回信息 {"status":"ok","msg":"福建-厦门","gid":"65222","time_insert":"2021-05-23 02:33"}
2024-08-23 07:38:07 查询号码 【1360693】，GSD为【"福建-厦门"】

2024-08-23 07:38:08 开始第 695 次操作

2024-08-23 07:38:08 开始操作号码 【1360694】
2024-08-23 07:38:17 GSD getOne 第 1 次 等待 3 秒
2024-08-23 07:38:20 查询号码 【1360694】，返回信息 {"status":"ok","msg":"福建-厦门","gid":"65237","time_insert":"2021-05-23 02:57"}
2024-08-23 07:38:20 查询号码 【1360694】，GSD为【"福建-厦门"】

2024-08-23 07:38:21 开始第 696 次操作

2024-08-23 07:38:21 开始操作号码 【1360695】
2024-08-23 07:38:29 GSD getOne 第 1 次 等待 3 秒
2024-08-23 07:38:32 查询号码 【1360695】，返回信息 {"status":"ok","msg":"福建-漳州","gid":"65255","time_insert":"2021-05-23 03:24"}
2024-08-23 07:38:32 查询号码 【1360695】，GSD为【"福建-漳州"】

2024-08-23 09:18:10 开始第 697 次操作

2024-08-23 09:18:10 开始操作号码 【1360696】
2024-08-23 09:18:22 GSD getOne 第 1 次 等待 3 秒
2024-08-23 09:18:25 查询号码 【1360696】，返回信息 {"status":"ok","msg":"福建-漳州","gid":"65273","time_insert":"2021-05-23 03:53"}
2024-08-23 09:18:25 查询号码 【1360696】，GSD为【"福建-漳州"】

2024-08-23 09:18:26 开始第 698 次操作

2024-08-23 09:18:26 开始操作号码 【1360697】
2024-08-23 09:18:33 GSD getOne 第 1 次 等待 3 秒
2024-08-23 09:18:36 查询号码 【1360697】，返回信息 {"status":"ok","msg":"福建-漳州","gid":"65290","time_insert":"2021-05-23 04:21"}
2024-08-23 09:18:36 查询号码 【1360697】，GSD为【"福建-漳州"】

2024-08-23 09:18:37 开始第 699 次操作

2024-08-23 09:18:37 开始操作号码 【1360698】
2024-08-23 09:18:45 GSD getOne 第 1 次 等待 3 秒
2024-08-23 09:18:48 查询号码 【1360698】，返回信息 {"status":"ok","msg":"福建-漳州","gid":"65306","time_insert":"2021-05-23 04:41"}
2024-08-23 09:18:48 查询号码 【1360698】，GSD为【"福建-漳州"】

2024-08-23 09:18:49 开始第 700 次操作

2024-08-23 09:18:49 开始操作号码 【1360699】
2024-08-23 09:18:57 GSD getOne 第 1 次 等待 3 秒
2024-08-23 09:19:00 查询号码 【1360699】，返回信息 {"status":"ok","msg":"福建-漳州","gid":"65321","time_insert":"2021-05-23 05:04"}
2024-08-23 09:19:00 查询号码 【1360699】，GSD为【"福建-漳州"】

2024-08-23 10:25:53 开始第 701 次操作

2024-08-23 10:25:53 开始操作号码 【1360700】
2024-08-23 10:26:01 GSD getOne 第 1 次 等待 3 秒
2024-08-23 10:26:04 查询号码 【1360700】，返回信息 {"status":"ok","msg":"江西-南昌","gid":"65338","time_insert":"2021-05-23 05:30"}
2024-08-23 10:26:04 查询号码 【1360700】，GSD为【"江西-南昌"】

2024-08-23 10:26:05 开始第 702 次操作

2024-08-23 10:26:05 开始操作号码 【1360701】
2024-08-23 10:26:13 GSD getOne 第 1 次 等待 3 秒
2024-08-23 10:26:16 查询号码 【1360701】，返回信息 {"status":"ok","msg":"江西-鹰潭","gid":"65354","time_insert":"2021-05-23 05:56"}
2024-08-23 10:26:16 查询号码 【1360701】，GSD为【"江西-鹰潭"】

2024-08-23 10:26:17 开始第 703 次操作

2024-08-23 10:26:17 开始操作号码 【1360702】
2024-08-23 10:26:26 GSD getOne 第 1 次 等待 3 秒
2024-08-23 10:26:29 查询号码 【1360702】，返回信息 {"status":"ok","msg":"江西-九江","gid":"65373","time_insert":"2021-05-23 06:23"}
2024-08-23 10:26:29 查询号码 【1360702】，GSD为【"江西-九江"】

2024-08-23 10:26:30 开始第 704 次操作

2024-08-23 10:26:30 开始操作号码 【1360703】
2024-08-23 10:26:38 GSD getOne 第 1 次 等待 3 秒
2024-08-23 10:26:41 查询号码 【1360703】，返回信息 {"status":"ok","msg":"江西-上饶","gid":"65390","time_insert":"2021-05-23 06:51"}
2024-08-23 10:26:42 查询号码 【1360703】，GSD为【"江西-上饶"】

