2024-05-20 00:21:58 开始第 9713 次操作

2024-05-20 00:21:58 开始操作号码 【1589626】
2024-05-20 00:22:06 GSD getOne 第 1 次 等待 3 秒
2024-05-20 00:22:09 查询号码 【1589626】，返回信息 {"status":"ok","msg":"江苏-南通","gid":"375200","time_insert":"2021-07-24 07:49"}
2024-05-20 00:22:09 查询号码 【1589626】，GSD为【"江苏-南通"】

2024-05-20 00:22:11 开始第 9714 次操作

2024-05-20 00:22:11 开始操作号码 【1589627】
2024-05-20 00:22:18 GSD getOne 第 1 次 等待 3 秒
2024-05-20 00:22:21 查询号码 【1589627】，返回信息 {"status":"ok","msg":"江苏-南通","gid":"375193","time_insert":"2021-07-24 07:49"}
2024-05-20 00:22:21 查询号码 【1589627】，GSD为【"江苏-南通"】

2024-05-20 00:22:22 开始第 9715 次操作

2024-05-20 00:22:22 开始操作号码 【1589628】
2024-05-20 00:22:30 GSD getOne 第 1 次 等待 3 秒
2024-05-20 00:22:33 查询号码 【1589628】，返回信息 {"status":"ok","msg":"江苏-南通","gid":"375185","time_insert":"2021-07-24 07:48"}
2024-05-20 00:22:33 查询号码 【1589628】，GSD为【"江苏-南通"】

2024-05-20 00:22:34 开始第 9716 次操作

2024-05-20 00:22:34 开始操作号码 【1589629】
2024-05-20 00:22:41 GSD getOne 第 1 次 等待 3 秒
2024-05-20 00:22:44 查询号码 【1589629】，返回信息 {"status":"ok","msg":"江苏-南通","gid":"375174","time_insert":"2021-07-24 07:48"}
2024-05-20 00:22:44 查询号码 【1589629】，GSD为【"江苏-南通"】

2024-05-20 00:39:52 开始第 9717 次操作

2024-05-20 00:39:52 开始操作号码 【1589630】
2024-05-20 00:40:01 GSD getOne 第 1 次 等待 3 秒
2024-05-20 00:40:04 查询号码 【1589630】，返回信息 {"status":"ok","msg":"江苏-宿迁","gid":"375166","time_insert":"2021-07-24 07:47"}
2024-05-20 00:40:04 查询号码 【1589630】，GSD为【"江苏-宿迁"】

2024-05-20 00:40:05 开始第 9718 次操作

2024-05-20 00:40:05 开始操作号码 【1589631】
2024-05-20 00:40:13 GSD getOne 第 1 次 等待 3 秒
2024-05-20 00:40:16 查询号码 【1589631】，返回信息 {"status":"ok","msg":"江苏-宿迁","gid":"375156","time_insert":"2021-07-24 07:47"}
2024-05-20 00:40:16 查询号码 【1589631】，GSD为【"江苏-宿迁"】

2024-05-20 00:40:17 开始第 9719 次操作

2024-05-20 00:40:17 开始操作号码 【1589632】
2024-05-20 00:40:22 GSD getOne 第 1 次 等待 3 秒
2024-05-20 00:40:25 查询号码 【1589632】，返回信息 {"status":"ok","msg":"江苏-宿迁","gid":"375144","time_insert":"2021-07-24 07:46"}
2024-05-20 00:40:25 查询号码 【1589632】，GSD为【"江苏-宿迁"】

2024-05-20 00:40:26 开始第 9720 次操作

2024-05-20 00:40:26 开始操作号码 【1589633】
2024-05-20 00:40:35 GSD getOne 第 1 次 等待 3 秒
2024-05-20 00:40:38 查询号码 【1589633】，返回信息 {"status":"ok","msg":"江苏-宿迁","gid":"26239","time_insert":"2018-01-04 14:36","time_update":"2020-08-25 17:26"}
2024-05-20 00:40:38 查询号码 【1589633】，GSD为【"江苏-宿迁"】

