2024-06-25 00:23:09 开始第 2481 次操作

2024-06-25 00:23:09 开始操作号码 【1472394】
2024-06-25 00:23:27 GSD getOne 第 1 次 等待 3 秒
2024-06-25 00:23:30 查询号码 【1472394】，返回信息 {"status":"ok","msg":"重庆-黔江","gid":"154686","time_insert":"2021-06-29 16:37"}
2024-06-25 00:23:31 查询号码 【1472394】，GSD为【"重庆-黔江"】

2024-06-25 00:23:32 开始第 2482 次操作

2024-06-25 00:23:32 开始操作号码 【1472395】
2024-06-25 00:23:50 GSD getOne 第 1 次 等待 3 秒
2024-06-25 00:23:53 查询号码 【1472395】，返回信息 {"status":"ok","msg":"重庆-黔江","gid":"154852","time_insert":"2021-06-29 16:56"}
2024-06-25 00:23:53 查询号码 【1472395】，GSD为【"重庆-黔江"】

2024-06-25 00:23:54 开始第 2483 次操作

2024-06-25 00:23:54 开始操作号码 【1472396】
2024-06-25 00:24:08 GSD getOne 第 1 次 等待 3 秒
2024-06-25 00:24:11 查询号码 【1472396】，返回信息 {"status":"ok","msg":"重庆-黔江","gid":"154979","time_insert":"2021-06-29 17:18"}
2024-06-25 00:24:11 查询号码 【1472396】，GSD为【"重庆-黔江"】

2024-06-25 00:24:12 开始第 2484 次操作

2024-06-25 00:24:12 开始操作号码 【1472397】
2024-06-25 00:24:30 GSD getOne 第 1 次 等待 3 秒
2024-06-25 00:24:33 查询号码 【1472397】，返回信息 {"status":"ok","msg":"重庆-黔江","gid":"155000","time_insert":"2021-06-29 17:33"}
2024-06-25 00:24:33 查询号码 【1472397】，GSD为【"重庆-黔江"】

2024-06-25 00:40:58 开始第 2485 次操作

2024-06-25 00:40:58 开始操作号码 【1472398】
2024-06-25 00:41:24 GSD getOne 第 1 次 等待 3 秒
2024-06-25 00:41:27 查询号码 【1472398】，返回信息 {"status":"ok","msg":"重庆-黔江","gid":"155087","time_insert":"2021-06-29 17:53"}
2024-06-25 00:41:27 查询号码 【1472398】，GSD为【"重庆-黔江"】

2024-06-25 00:41:28 开始第 2486 次操作

2024-06-25 00:41:28 开始操作号码 【1472399】
2024-06-25 00:41:58 GSD getOne 第 1 次 等待 3 秒
2024-06-25 00:42:01 查询号码 【1472399】，返回信息 {"status":"ok","msg":"重庆-黔江","gid":"155299","time_insert":"2021-06-29 18:17"}
2024-06-25 00:42:01 查询号码 【1472399】，GSD为【"重庆-黔江"】

2024-06-25 00:42:02 开始第 2487 次操作

2024-06-25 00:42:02 开始操作号码 【1472400】
2024-06-25 00:42:28 GSD getOne 第 1 次 等待 3 秒
2024-06-25 00:42:31 查询号码 【1472400】，返回信息 {"status":"ok","msg":"浙江-杭州","gid":"155326","time_insert":"2021-06-29 18:33"}
2024-06-25 00:42:31 查询号码 【1472400】，GSD为【"浙江-杭州"】

2024-06-25 00:42:32 开始第 2488 次操作

2024-06-25 00:42:32 开始操作号码 【1472401】
2024-06-25 00:42:47 GSD getOne 第 1 次 等待 3 秒
2024-06-25 00:42:50 查询号码 【1472401】，返回信息 {"status":"ok","msg":"浙江-杭州","gid":"155499","time_insert":"2021-06-29 18:56"}
2024-06-25 00:42:50 查询号码 【1472401】，GSD为【"浙江-杭州"】

