2024-08-31 00:20:35 开始第 2029 次操作

2024-08-31 00:20:35 开始操作号码 【1362028】
2024-08-31 00:20:44 GSD getOne 第 1 次 等待 3 秒
2024-08-31 00:20:47 查询号码 【1362028】，返回信息 {"status":"ok","msg":"广东-揭阳","gid":"86125","time_insert":"2021-06-08 12:02"}
2024-08-31 00:20:47 查询号码 【1362028】，GSD为【"广东-揭阳"】

2024-08-31 00:20:48 开始第 2030 次操作

2024-08-31 00:20:48 开始操作号码 【1362029】
2024-08-31 00:20:55 GSD getOne 第 1 次 等待 3 秒
2024-08-31 00:20:58 查询号码 【1362029】，返回信息 {"status":"ok","msg":"广东-揭阳","gid":"86148","time_insert":"2021-06-08 12:22"}
2024-08-31 00:20:58 查询号码 【1362029】，GSD为【"广东-揭阳"】

2024-08-31 00:20:59 开始第 2031 次操作

2024-08-31 00:20:59 开始操作号码 【1362030】
2024-08-31 00:21:09 GSD getOne 第 1 次 等待 3 秒
2024-08-31 00:21:12 查询号码 【1362030】，返回信息 {"status":"ok","msg":"广东-佛山","gid":"86182","time_insert":"2021-06-08 12:50"}
2024-08-31 00:21:12 查询号码 【1362030】，GSD为【"广东-佛山"】

2024-08-31 00:21:13 开始第 2032 次操作

2024-08-31 00:21:13 开始操作号码 【1362031】
2024-08-31 00:21:21 GSD getOne 第 1 次 等待 3 秒
2024-08-31 00:21:24 查询号码 【1362031】，返回信息 {"status":"ok","msg":"广东-佛山","gid":"86201","time_insert":"2021-06-08 13:06"}
2024-08-31 00:21:24 查询号码 【1362031】，GSD为【"广东-佛山"】

2024-08-31 00:42:36 开始第 2033 次操作

2024-08-31 00:42:36 开始操作号码 【1362032】
2024-08-31 00:42:44 GSD getOne 第 1 次 等待 3 秒
2024-08-31 00:42:47 查询号码 【1362032】，返回信息 {"status":"ok","msg":"广东-佛山","gid":"7610","time_insert":"2017-07-11 22:40","time_update":"2020-09-27 00:19"}
2024-08-31 00:42:47 查询号码 【1362032】，GSD为【"广东-佛山"】

2024-08-31 00:42:48 开始第 2034 次操作

2024-08-31 00:42:48 开始操作号码 【1362033】
2024-08-31 00:42:56 GSD getOne 第 1 次 等待 3 秒
2024-08-31 00:42:59 查询号码 【1362033】，返回信息 {"status":"ok","msg":"广东-佛山","gid":"86230","time_insert":"2021-06-08 13:29"}
2024-08-31 00:42:59 查询号码 【1362033】，GSD为【"广东-佛山"】

2024-08-31 00:43:00 开始第 2035 次操作

2024-08-31 00:43:00 开始操作号码 【1362034】
2024-08-31 00:43:08 GSD getOne 第 1 次 等待 3 秒
2024-08-31 00:43:11 查询号码 【1362034】，返回信息 {"status":"ok","msg":"广东-佛山","gid":"86283","time_insert":"2021-06-08 13:58"}
2024-08-31 00:43:11 查询号码 【1362034】，GSD为【"广东-佛山"】

2024-08-31 00:43:12 开始第 2036 次操作

2024-08-31 00:43:12 开始操作号码 【1362035】
2024-08-31 00:43:20 GSD getOne 第 1 次 等待 3 秒
2024-08-31 00:43:23 查询号码 【1362035】，返回信息 {"status":"ok","msg":"广东-肇庆","gid":"86312","time_insert":"2021-06-08 14:19"}
2024-08-31 00:43:23 查询号码 【1362035】，GSD为【"广东-肇庆"】

