2024-01-01 00:20:49 开始第 6181 次操作

2024-01-01 00:20:49 开始操作号码 【1806096】
2024-01-01 00:21:02 GSD getOne 第 1 次 等待 3 秒
2024-01-01 00:21:05 查询号码 【1806096】，返回信息 {"status":"ok","msg":"福建-厦门","gid":"321120","time_insert":"2021-07-19 01:33"}
2024-01-01 00:21:05 查询号码 【1806096】，GSD为【"福建-厦门"】

2024-01-01 00:21:06 开始第 6182 次操作

2024-01-01 00:21:06 开始操作号码 【1806097】
2024-01-01 00:21:23 GSD getOne 第 1 次 等待 3 秒
2024-01-01 00:21:26 查询号码 【1806097】，返回信息 {"status":"ok","msg":"福建-厦门","gid":"321130","time_insert":"2021-07-19 01:34"}
2024-01-01 00:21:26 查询号码 【1806097】，GSD为【"福建-厦门"】

2024-01-01 00:21:27 开始第 6183 次操作

2024-01-01 00:21:27 开始操作号码 【1806098】
2024-01-01 00:22:58 GSD getOne 第 1 次 等待 3 秒
2024-01-01 00:23:01 查询号码 【1806098】，返回信息 {"status":"ok","msg":"福建-厦门","gid":"321134","time_insert":"2021-07-19 01:34"}
2024-01-01 00:23:01 查询号码 【1806098】，GSD为【"福建-厦门"】

2024-01-01 00:23:02 开始第 6184 次操作

2024-01-01 00:23:02 开始操作号码 【1806099】
2024-01-01 00:23:27 GSD getOne 第 1 次 等待 3 秒
2024-01-01 00:23:30 查询号码 【1806099】，返回信息 {"status":"ok","msg":"福建-厦门","gid":"321139","time_insert":"2021-07-19 01:35"}
2024-01-01 00:23:31 查询号码 【1806099】，GSD为【"福建-厦门"】

2024-01-01 00:38:53 开始第 6185 次操作

2024-01-01 00:38:53 开始操作号码 【1806100】
2024-01-01 00:38:57 GSD getOne 第 1 次 等待 3 秒
2024-01-01 00:39:00 查询号码 【1806100】，返回信息 {"status":"ok","msg":"江苏-泰州","gid":"321154","time_insert":"2021-07-19 01:36"}
2024-01-01 00:39:00 查询号码 【1806100】，GSD为【"江苏-泰州"】

2024-01-01 00:39:01 开始第 6186 次操作

2024-01-01 00:39:01 开始操作号码 【1806101】
2024-01-01 00:39:05 GSD getOne 第 1 次 等待 3 秒
2024-01-01 00:39:08 查询号码 【1806101】，返回信息 {"status":"ok","msg":"江苏-泰州","gid":"321163","time_insert":"2021-07-19 01:37"}
2024-01-01 00:39:08 查询号码 【1806101】，GSD为【"江苏-泰州"】

2024-01-01 00:39:09 开始第 6187 次操作

2024-01-01 00:39:09 开始操作号码 【1806102】
2024-01-01 00:39:13 GSD getOne 第 1 次 等待 3 秒
2024-01-01 00:39:16 查询号码 【1806102】，返回信息 {"status":"ok","msg":"江苏-泰州","gid":"321171","time_insert":"2021-07-19 01:38"}
2024-01-01 00:39:16 查询号码 【1806102】，GSD为【"江苏-泰州"】

2024-01-01 00:39:17 开始第 6188 次操作

2024-01-01 00:39:17 开始操作号码 【1806103】
2024-01-01 00:39:20 GSD getOne 第 1 次 等待 3 秒
2024-01-01 00:39:23 查询号码 【1806103】，返回信息 {"status":"ok","msg":"江苏-泰州","gid":"321177","time_insert":"2021-07-19 01:38"}
2024-01-01 00:39:23 查询号码 【1806103】，GSD为【"江苏-泰州"】

