2024-10-10 00:23:23 开始第 8877 次操作

2024-10-10 00:23:23 开始操作号码 【1368876】
2024-10-10 00:23:26 GSD getOne 第 1 次 等待 3 秒
2024-10-10 00:23:29 查询号码 【1368876】，返回信息 {"status":"ok","msg":"云南-丽江","gid":"9089","time_insert":"2017-08-02 22:23","time_update":"2020-11-26 13:16"}
2024-10-10 00:23:29 查询号码 【1368876】，GSD为【"云南-丽江"】

2024-10-10 00:23:30 开始第 8878 次操作

2024-10-10 00:23:30 开始操作号码 【1368877】
2024-10-10 00:23:31 GSD getOne 第 1 次 等待 3 秒
2024-10-10 00:23:34 查询号码 【1368877】，返回信息 {"status":"ok","msg":"云南-丽江","gid":"9090","time_insert":"2018-06-29 15:34","time_update":"2020-11-26 13:20"}
2024-10-10 00:23:34 查询号码 【1368877】，GSD为【"云南-丽江"】

2024-10-10 00:23:35 开始第 8879 次操作

2024-10-10 00:23:36 开始操作号码 【1368878】
2024-10-10 00:23:37 GSD getOne 第 1 次 等待 3 秒
2024-10-10 00:23:40 查询号码 【1368878】，返回信息 {"status":"ok","msg":"云南-丽江","gid":"9091","time_insert":"2017-06-04 14:17","time_update":"2021-01-06 14:58"}
2024-10-10 00:23:40 查询号码 【1368878】，GSD为【"云南-丽江"】

2024-10-10 00:23:41 开始第 8880 次操作

2024-10-10 00:23:41 开始操作号码 【1368879】
2024-10-10 00:23:44 GSD getOne 第 1 次 等待 3 秒
2024-10-10 00:23:47 查询号码 【1368879】，返回信息 {"status":"ok","msg":"云南-丽江","gid":"9092","time_insert":"2017-07-07 15:17","time_update":"2020-11-26 13:24"}
2024-10-10 00:23:47 查询号码 【1368879】，GSD为【"云南-丽江"】

