2024-01-03 00:21:27 开始第 6533 次操作

2024-01-03 00:21:27 开始操作号码 【1806448】
2024-01-03 00:21:30 GSD getOne 第 1 次 等待 3 秒
2024-01-03 00:21:33 查询号码 【1806448】，返回信息 {"status":"ok","msg":"福建-厦门","gid":"324998","time_insert":"2021-07-19 10:49"}
2024-01-03 00:21:33 查询号码 【1806448】，GSD为【"福建-厦门"】

2024-01-03 00:21:34 开始第 6534 次操作

2024-01-03 00:21:34 开始操作号码 【1806449】
2024-01-03 00:21:37 GSD getOne 第 1 次 等待 3 秒
2024-01-03 00:21:40 查询号码 【1806449】，返回信息 {"status":"ok","msg":"福建-厦门","gid":"325009","time_insert":"2021-07-19 10:50"}
2024-01-03 00:21:40 查询号码 【1806449】，GSD为【"福建-厦门"】

2024-01-03 00:21:41 开始第 6535 次操作

2024-01-03 00:21:41 开始操作号码 【1806450】
2024-01-03 00:21:45 GSD getOne 第 1 次 等待 3 秒
2024-01-03 00:21:48 查询号码 【1806450】，返回信息 {"status":"ok","msg":"福建-厦门","gid":"325020","time_insert":"2021-07-19 10:51"}
2024-01-03 00:21:48 查询号码 【1806450】，GSD为【"福建-厦门"】

2024-01-03 00:21:49 开始第 6536 次操作

2024-01-03 00:21:49 开始操作号码 【1806451】
2024-01-03 00:21:51 GSD getOne 第 1 次 等待 3 秒
2024-01-03 00:21:54 查询号码 【1806451】，返回信息 {"status":"ok","msg":"福建-厦门","gid":"325031","time_insert":"2021-07-19 10:52"}
2024-01-03 00:21:54 查询号码 【1806451】，GSD为【"福建-厦门"】

2024-01-03 00:39:55 开始第 6537 次操作

2024-01-03 00:39:55 开始操作号码 【1806452】
2024-01-03 00:39:58 GSD getOne 第 1 次 等待 3 秒
2024-01-03 00:40:01 查询号码 【1806452】，返回信息 {"status":"ok","msg":"福建-三明","gid":"325049","time_insert":"2021-07-19 10:53"}
2024-01-03 00:40:01 查询号码 【1806452】，GSD为【"福建-三明"】

2024-01-03 00:40:02 开始第 6538 次操作

2024-01-03 00:40:02 开始操作号码 【1806453】
2024-01-03 00:40:05 GSD getOne 第 1 次 等待 3 秒
2024-01-03 00:40:08 查询号码 【1806453】，返回信息 {"status":"ok","msg":"福建-三明","gid":"325061","time_insert":"2021-07-19 10:53"}
2024-01-03 00:40:08 查询号码 【1806453】，GSD为【"福建-三明"】

2024-01-03 00:40:09 开始第 6539 次操作

2024-01-03 00:40:09 开始操作号码 【1806454】
2024-01-03 00:40:12 GSD getOne 第 1 次 等待 3 秒
2024-01-03 00:40:15 查询号码 【1806454】，返回信息 {"status":"ok","msg":"福建-漳州","gid":"325076","time_insert":"2021-07-19 10:54"}
2024-01-03 00:40:15 查询号码 【1806454】，GSD为【"福建-漳州"】

2024-01-03 00:40:16 开始第 6540 次操作

2024-01-03 00:40:16 开始操作号码 【1806455】
2024-01-03 00:40:19 GSD getOne 第 1 次 等待 3 秒
2024-01-03 00:40:22 查询号码 【1806455】，返回信息 {"status":"ok","msg":"福建-漳州","gid":"325086","time_insert":"2021-07-19 10:55"}
2024-01-03 00:40:22 查询号码 【1806455】，GSD为【"福建-漳州"】

