2023-11-20 00:20:55 开始第 9405 次操作

2023-11-20 00:20:55 开始操作号码 【1909319】
2023-11-20 00:20:58 GSD getOne 第 1 次 等待 3 秒
2023-11-20 00:21:01 查询号码 【1909319】，返回信息 {"status":"ok","msg":"甘肃-兰州","gid":"665620","time_insert":"2023-04-20 03:16","time_update":"2023-06-08 19:00"}
2023-11-20 00:21:01 查询号码 【1909319】，GSD为【"甘肃-兰州"】

2023-11-20 00:21:02 开始第 9406 次操作

2023-11-20 00:21:02 开始操作号码 【1909320】
2023-11-20 00:21:06 GSD getOne 第 1 次 等待 3 秒
2023-11-20 00:21:09 查询号码 【1909320】，返回信息 {"status":"ok","msg":"甘肃-定西","gid":"665650","time_insert":"2023-04-20 03:36","time_update":"2023-06-08 18:41"}
2023-11-20 00:21:09 查询号码 【1909320】，GSD为【"甘肃-定西"】

2023-11-20 00:21:10 开始第 9407 次操作

2023-11-20 00:21:10 开始操作号码 【1909321】
2023-11-20 00:21:13 GSD getOne 第 1 次 等待 3 秒
2023-11-20 00:21:16 查询号码 【1909321】，返回信息 {"status":"ok","msg":"甘肃-定西","gid":"665676","time_insert":"2023-04-20 03:52","time_update":"2023-06-08 18:29"}
2023-11-20 00:21:16 查询号码 【1909321】，GSD为【"甘肃-定西"】

2023-11-20 00:21:17 开始第 9408 次操作

2023-11-20 00:21:17 开始操作号码 【1909322】
2023-11-20 00:21:21 GSD getOne 第 1 次 等待 3 秒
2023-11-20 00:21:24 查询号码 【1909322】，返回信息 {"status":"ok","msg":"甘肃-定西","gid":"665700","time_insert":"2023-04-20 04:08","time_update":"2023-06-08 18:09"}
2023-11-20 00:21:24 查询号码 【1909322】，GSD为【"甘肃-定西"】

2023-11-20 00:38:59 开始第 9409 次操作

2023-11-20 00:38:59 开始操作号码 【1909323】
2023-11-20 00:39:04 GSD getOne 第 1 次 等待 3 秒
2023-11-20 00:39:07 查询号码 【1909323】，返回信息 {"status":"ok","msg":"甘肃-定西","gid":"665731","time_insert":"2023-04-20 04:28","time_update":"2023-06-08 18:01"}
2023-11-20 00:39:07 查询号码 【1909323】，GSD为【"甘肃-定西"】

2023-11-20 00:39:08 开始第 9410 次操作

2023-11-20 00:39:08 开始操作号码 【1909324】
2023-11-20 00:39:13 GSD getOne 第 1 次 等待 3 秒
2023-11-20 00:39:16 查询号码 【1909324】，返回信息 {"status":"ok","msg":"甘肃-定西","gid":"665764","time_insert":"2023-04-20 04:47","time_update":"2023-06-08 17:41"}
2023-11-20 00:39:16 查询号码 【1909324】，GSD为【"甘肃-定西"】

2023-11-20 00:39:17 开始第 9411 次操作

2023-11-20 00:39:17 开始操作号码 【1909325】
2023-11-20 00:39:21 GSD getOne 第 1 次 等待 3 秒
2023-11-20 00:39:24 查询号码 【1909325】，返回信息 {"status":"ok","msg":"甘肃-定西","gid":"665791","time_insert":"2023-04-20 05:03","time_update":"2023-06-08 17:24"}
2023-11-20 00:39:24 查询号码 【1909325】，GSD为【"甘肃-定西"】

2023-11-20 00:39:25 开始第 9412 次操作

2023-11-20 00:39:25 开始操作号码 【1909326】
2023-11-20 00:39:30 GSD getOne 第 1 次 等待 3 秒
2023-11-20 00:39:33 查询号码 【1909326】，返回信息 {"status":"ok","msg":"甘肃-定西","gid":"665817","time_insert":"2023-04-20 05:20","time_update":"2023-06-08 16:53"}
2023-11-20 00:39:33 查询号码 【1909326】，GSD为【"甘肃-定西"】

2023-11-20 01:14:18 开始第 9413 次操作

2023-11-20 01:14:18 开始操作号码 【1909327】
2023-11-20 01:14:22 GSD getOne 第 1 次 等待 3 秒
2023-11-20 01:14:25 查询号码 【1909327】，返回信息 {"status":"ok","msg":"甘肃-定西","gid":"665841","time_insert":"2023-04-20 05:37","time_update":"2023-06-08 16:34"}
2023-11-20 01:14:25 查询号码 【1909327】，GSD为【"甘肃-定西"】

2023-11-20 01:14:26 开始第 9414 次操作

2023-11-20 01:14:26 开始操作号码 【1909328】
2023-11-20 01:14:30 GSD getOne 第 1 次 等待 3 秒
2023-11-20 01:14:33 查询号码 【1909328】，返回信息 {"status":"ok","msg":"甘肃-定西","gid":"665871","time_insert":"2023-04-20 05:55","time_update":"2023-06-08 16:21"}
2023-11-20 01:14:33 查询号码 【1909328】，GSD为【"甘肃-定西"】

2023-11-20 01:14:34 开始第 9415 次操作

2023-11-20 01:14:34 开始操作号码 【1909329】
2023-11-20 01:14:37 GSD getOne 第 1 次 等待 3 秒
2023-11-20 01:14:40 查询号码 【1909329】，返回信息 {"status":"ok","msg":"甘肃-定西","gid":"665896","time_insert":"2023-04-20 06:11","time_update":"2023-06-08 16:00"}
2023-11-20 01:14:40 查询号码 【1909329】，GSD为【"甘肃-定西"】

2023-11-20 01:14:41 开始第 9416 次操作

2023-11-20 01:14:41 开始操作号码 【1909330】
2023-11-20 01:14:45 GSD getOne 第 1 次 等待 3 秒
2023-11-20 01:14:48 查询号码 【1909330】，返回信息 {"status":"ok","msg":"宁夏-吴忠","gid":"665916","time_insert":"2023-04-20 06:28","time_update":"2023-06-08 15:37"}
2023-11-20 01:14:48 查询号码 【1909330】，GSD为【"宁夏-吴忠"】

