2023-11-07 00:23:32 开始第 7125 次操作

2023-11-07 00:23:32 开始操作号码 【1907039】
2023-11-07 00:23:36 GSD getOne 第 1 次 等待 3 秒
2023-11-07 00:23:39 查询号码 【1907039】，返回信息 {"status":"ok","msg":"江西-上饶","gid":"667504","time_insert":"2023-04-21 00:13"}
2023-11-07 00:23:39 查询号码 【1907039】，GSD为【"江西-上饶"】

2023-11-07 00:23:40 开始第 7126 次操作

2023-11-07 00:23:40 开始操作号码 【1907040】
2023-11-07 00:23:46 GSD getOne 第 1 次 等待 3 秒
2023-11-07 00:23:49 查询号码 【1907040】，返回信息 {"status":"ok","msg":"江西-赣州","gid":"667526","time_insert":"2023-04-21 00:30"}
2023-11-07 00:23:49 查询号码 【1907040】，GSD为【"江西-赣州"】

2023-11-07 00:23:50 开始第 7127 次操作

2023-11-07 00:23:50 开始操作号码 【1907041】
2023-11-07 00:23:54 GSD getOne 第 1 次 等待 3 秒
2023-11-07 00:23:57 查询号码 【1907041】，返回信息 {"status":"ok","msg":"江西-赣州","gid":"667557","time_insert":"2023-04-21 00:47"}
2023-11-07 00:23:57 查询号码 【1907041】，GSD为【"江西-赣州"】

2023-11-07 00:23:58 开始第 7128 次操作

2023-11-07 00:23:58 开始操作号码 【1907042】
2023-11-07 00:24:03 GSD getOne 第 1 次 等待 3 秒
2023-11-07 00:24:06 查询号码 【1907042】，返回信息 {"status":"ok","msg":"江西-赣州","gid":"667575","time_insert":"2023-04-21 00:57"}
2023-11-07 00:24:07 查询号码 【1907042】，GSD为【"江西-赣州"】

