2023-10-21 00:21:57 开始第 4129 次操作

2023-10-21 00:21:57 开始操作号码 【1904043】
2023-10-21 00:22:06 GSD getOne 第 1 次 等待 3 秒
2023-10-21 00:22:09 查询号码 【1904043】，返回信息 {"status":"ok","msg":"-","gid":"599602","time_insert":"2023-03-19 01:23"}
2023-10-21 00:22:09 查询号码 【1904043】，GSD为【"-"】
2023-10-21 00:22:09 ok && -
2023-10-21 00:22:19 CHB 1904043?1697818929 第 1 次 等待 3 秒
2023-10-21 00:22:22 CHB 1904043?1697818929 第 1 次 获取到号码【1904043】GSD
2023-10-21 00:22:22 未获取到号码【1904043】GSD，可能号码格式错误
2023-10-21 00:22:22 获取到号码【1904043】的GSD为【-】
2023-10-21 00:22:36 GSD insert 第 1 次 等待 3 秒
2023-10-21 00:22:39 {"status":"bad","gid":"599602","msg":"添加失败！号码【1904043(-|-)】已存在！"}
2023-10-21 00:22:39 随机等待 167 秒，约 2 分钟
2023-10-21 00:22:39 下次操作: 2023-10-21 00:25:26

2023-10-21 00:25:26 开始第 4130 次操作

2023-10-21 00:25:26 开始操作号码 【1904044】
2023-10-21 00:25:30 GSD getOne 第 1 次 等待 3 秒
2023-10-21 00:25:33 查询号码 【1904044】，返回信息 {"status":"ok","msg":"-","gid":"599614","time_insert":"2023-03-19 01:31"}
2023-10-21 00:25:33 查询号码 【1904044】，GSD为【"-"】
2023-10-21 00:25:33 ok && -
2023-10-21 00:25:38 CHB 1904044?1697819133 第 1 次 等待 3 秒
2023-10-21 00:25:41 CHB 1904044?1697819133 第 1 次 获取到号码【1904044】GSD
2023-10-21 00:25:41 未获取到号码【1904044】GSD，可能号码格式错误
2023-10-21 00:25:41 获取到号码【1904044】的GSD为【-】
2023-10-21 00:25:47 GSD insert 第 1 次 等待 3 秒
2023-10-21 00:25:50 {"status":"bad","gid":"599614","msg":"添加失败！号码【1904044(-|-)】已存在！"}
2023-10-21 00:25:50 随机等待 166 秒，约 2 分钟
2023-10-21 00:25:50 下次操作: 2023-10-21 00:28:36

2023-10-21 00:28:36 开始第 4131 次操作

2023-10-21 00:28:36 开始操作号码 【1904045】
2023-10-21 00:28:39 GSD getOne 第 1 次 等待 3 秒
2023-10-21 00:28:42 查询号码 【1904045】，返回信息 {"status":"ok","msg":"-","gid":"599638","time_insert":"2023-03-19 01:43"}
2023-10-21 00:28:42 查询号码 【1904045】，GSD为【"-"】
2023-10-21 00:28:42 ok && -
2023-10-21 00:28:48 CHB 1904045?1697819322 第 1 次 等待 3 秒
2023-10-21 00:28:51 CHB 1904045?1697819322 第 1 次 获取到号码【1904045】GSD
2023-10-21 00:28:52 未获取到号码【1904045】GSD，可能号码格式错误
2023-10-21 00:28:52 获取到号码【1904045】的GSD为【-】
2023-10-21 00:28:59 GSD insert 第 1 次 等待 3 秒
2023-10-21 00:29:02 {"status":"bad","gid":"599638","msg":"添加失败！号码【1904045(-|-)】已存在！"}
2023-10-21 00:29:02 随机等待 186 秒，约 3 分钟
2023-10-21 00:29:02 下次操作: 2023-10-21 00:32:08

2023-10-21 00:32:08 开始第 4132 次操作

2023-10-21 00:32:08 开始操作号码 【1904046】
2023-10-21 00:32:11 GSD getOne 第 1 次 等待 3 秒
2023-10-21 00:32:14 查询号码 【1904046】，返回信息 {"status":"ok","msg":"-","gid":"599652","time_insert":"2023-03-19 01:51"}
2023-10-21 00:32:14 查询号码 【1904046】，GSD为【"-"】
2023-10-21 00:32:14 ok && -
2023-10-21 00:32:16 CHB 1904046?1697819534 第 1 次 等待 3 秒
2023-10-21 00:32:19 CHB 1904046?1697819534 第 1 次 获取到号码【1904046】GSD
2023-10-21 00:32:19 未获取到号码【1904046】GSD，可能号码格式错误
2023-10-21 00:32:19 获取到号码【1904046】的GSD为【-】
2023-10-21 00:32:23 GSD insert 第 1 次 等待 3 秒
2023-10-21 00:32:26 {"status":"bad","gid":"599652","msg":"添加失败！号码【1904046(-|-)】已存在！"}

2023-10-21 00:40:15 开始第 4133 次操作

2023-10-21 00:40:15 开始操作号码 【1904047】
2023-10-21 00:40:21 GSD getOne 第 1 次 等待 3 秒
2023-10-21 00:40:24 查询号码 【1904047】，返回信息 {"status":"ok","msg":"-","gid":"599668","time_insert":"2023-03-19 02:03"}
2023-10-21 00:40:24 查询号码 【1904047】，GSD为【"-"】
2023-10-21 00:40:24 ok && -
2023-10-21 00:40:27 CHB 1904047?1697820024 第 1 次 等待 3 秒
2023-10-21 00:40:30 CHB 1904047?1697820024 第 1 次 获取到号码【1904047】GSD
2023-10-21 00:40:30 未获取到号码【1904047】GSD，可能号码格式错误
2023-10-21 00:40:30 获取到号码【1904047】的GSD为【-】
2023-10-21 00:40:34 GSD insert 第 1 次 等待 3 秒
2023-10-21 00:40:37 {"status":"bad","gid":"599668","msg":"添加失败！号码【1904047(-|-)】已存在！"}
2023-10-21 00:40:37 随机等待 132 秒，约 2 分钟
2023-10-21 00:40:37 下次操作: 2023-10-21 00:42:49

2023-10-21 00:42:49 开始第 4134 次操作

2023-10-21 00:42:49 开始操作号码 【1904048】
2023-10-21 00:42:53 GSD getOne 第 1 次 等待 3 秒
2023-10-21 00:42:56 查询号码 【1904048】，返回信息 {"status":"ok","msg":"-","gid":"599700","time_insert":"2023-03-19 02:26"}
2023-10-21 00:42:56 查询号码 【1904048】，GSD为【"-"】
2023-10-21 00:42:56 ok && -
2023-10-21 00:43:01 CHB 1904048?1697820176 第 1 次 等待 3 秒
2023-10-21 00:43:04 CHB 1904048?1697820176 第 1 次 获取到号码【1904048】GSD
2023-10-21 00:43:05 未获取到号码【1904048】GSD，可能号码格式错误
2023-10-21 00:43:05 获取到号码【1904048】的GSD为【-】
2023-10-21 00:43:08 GSD insert 第 1 次 等待 3 秒
2023-10-21 00:43:11 {"status":"bad","gid":"599700","msg":"添加失败！号码【1904048(-|-)】已存在！"}
2023-10-21 00:43:11 随机等待 200 秒，约 3 分钟
2023-10-21 00:43:11 下次操作: 2023-10-21 00:46:31

2023-10-21 00:46:31 开始第 4135 次操作

2023-10-21 00:46:31 开始操作号码 【1904049】
2023-10-21 00:46:34 GSD getOne 第 1 次 等待 3 秒
2023-10-21 00:46:37 查询号码 【1904049】，返回信息 {"status":"ok","msg":"-","gid":"599722","time_insert":"2023-03-19 02:38"}
2023-10-21 00:46:37 查询号码 【1904049】，GSD为【"-"】
2023-10-21 00:46:37 ok && -
2023-10-21 00:46:44 CHB 1904049?1697820397 第 1 次 等待 3 秒
2023-10-21 00:46:47 CHB 1904049?1697820397 第 1 次 获取到号码【1904049】GSD
2023-10-21 00:46:47 未获取到号码【1904049】GSD，可能号码格式错误
2023-10-21 00:46:47 获取到号码【1904049】的GSD为【-】
2023-10-21 00:46:49 GSD insert 第 1 次 等待 3 秒
2023-10-21 00:46:52 {"status":"bad","gid":"599722","msg":"添加失败！号码【1904049(-|-)】已存在！"}
2023-10-21 00:46:52 随机等待 147 秒，约 2 分钟
2023-10-21 00:46:52 下次操作: 2023-10-21 00:49:19

2023-10-21 00:49:19 开始第 4136 次操作

2023-10-21 00:49:19 开始操作号码 【1904050】
2023-10-21 00:49:26 GSD getOne 第 1 次 等待 3 秒
2023-10-21 00:49:29 查询号码 【1904050】，返回信息 {"status":"ok","msg":"-","gid":"599739","time_insert":"2023-03-19 02:50"}
2023-10-21 00:49:29 查询号码 【1904050】，GSD为【"-"】
2023-10-21 00:49:29 ok && -
2023-10-21 00:49:35 CHB 1904050?1697820569 第 1 次 等待 3 秒
2023-10-21 00:49:38 CHB 1904050?1697820569 第 1 次 获取到号码【1904050】GSD
2023-10-21 00:49:38 未获取到号码【1904050】GSD，可能号码格式错误
2023-10-21 00:49:38 获取到号码【1904050】的GSD为【-】
2023-10-21 00:49:42 GSD insert 第 1 次 等待 3 秒
2023-10-21 00:49:45 {"status":"bad","gid":"599739","msg":"添加失败！号码【1904050(-|-)】已存在！"}

