2024-01-11 00:23:58 开始第 7937 次操作

2024-01-11 00:23:58 开始操作号码 【1807852】
2024-01-11 00:24:01 GSD getOne 第 1 次 等待 3 秒
2024-01-11 00:24:04 查询号码 【1807852】，返回信息 {"status":"ok","msg":"广西-玉林","gid":"339678","time_insert":"2021-07-20 19:46"}
2024-01-11 00:24:04 查询号码 【1807852】，GSD为【"广西-玉林"】

2024-01-11 00:24:05 开始第 7938 次操作

2024-01-11 00:24:05 开始操作号码 【1807853】
2024-01-11 00:24:08 GSD getOne 第 1 次 等待 3 秒
2024-01-11 00:24:11 查询号码 【1807853】，返回信息 {"status":"ok","msg":"广西-玉林","gid":"339681","time_insert":"2021-07-20 19:47"}
2024-01-11 00:24:11 查询号码 【1807853】，GSD为【"广西-玉林"】

2024-01-11 00:24:12 开始第 7939 次操作

2024-01-11 00:24:12 开始操作号码 【1807854】
2024-01-11 00:24:14 GSD getOne 第 1 次 等待 3 秒
2024-01-11 00:24:17 查询号码 【1807854】，返回信息 {"status":"ok","msg":"广西-玉林","gid":"339686","time_insert":"2021-07-20 19:48"}
2024-01-11 00:24:18 查询号码 【1807854】，GSD为【"广西-玉林"】

2024-01-11 00:24:19 开始第 7940 次操作

2024-01-11 00:24:19 开始操作号码 【1807855】
2024-01-11 00:24:21 GSD getOne 第 1 次 等待 3 秒
2024-01-11 00:24:24 查询号码 【1807855】，返回信息 {"status":"ok","msg":"广西-贵港","gid":"339693","time_insert":"2021-07-20 19:49"}
2024-01-11 00:24:24 查询号码 【1807855】，GSD为【"广西-贵港"】

2024-01-11 00:41:22 开始第 7941 次操作

2024-01-11 00:41:22 开始操作号码 【1807856】
2024-01-11 00:41:29 GSD getOne 第 1 次 等待 3 秒
2024-01-11 00:41:32 查询号码 【1807856】，返回信息 {"status":"ok","msg":"广西-贵港","gid":"339700","time_insert":"2021-07-20 19:50"}
2024-01-11 00:41:32 查询号码 【1807856】，GSD为【"广西-贵港"】

2024-01-11 00:41:33 开始第 7942 次操作

2024-01-11 00:41:33 开始操作号码 【1807857】
2024-01-11 00:41:36 GSD getOne 第 1 次 等待 3 秒
2024-01-11 00:41:39 查询号码 【1807857】，返回信息 {"status":"ok","msg":"广西-贵港","gid":"339705","time_insert":"2021-07-20 19:51"}
2024-01-11 00:41:39 查询号码 【1807857】，GSD为【"广西-贵港"】

2024-01-11 00:41:40 开始第 7943 次操作

2024-01-11 00:41:40 开始操作号码 【1807858】
2024-01-11 00:41:45 GSD getOne 第 1 次 等待 3 秒
2024-01-11 00:41:48 查询号码 【1807858】，返回信息 {"status":"ok","msg":"广西-贵港","gid":"339710","time_insert":"2021-07-20 19:52"}
2024-01-11 00:41:48 查询号码 【1807858】，GSD为【"广西-贵港"】

2024-01-11 00:41:49 开始第 7944 次操作

2024-01-11 00:41:49 开始操作号码 【1807859】
2024-01-11 00:41:53 GSD getOne 第 1 次 等待 3 秒
2024-01-11 00:41:56 查询号码 【1807859】，返回信息 {"status":"ok","msg":"广西-贵港","gid":"339718","time_insert":"2021-07-20 19:52"}
2024-01-11 00:41:56 查询号码 【1807859】，GSD为【"广西-贵港"】

2024-01-11 01:15:31 开始第 7945 次操作

2024-01-11 01:15:31 开始操作号码 【1807860】
2024-01-11 01:15:35 GSD getOne 第 1 次 等待 3 秒
2024-01-11 01:15:38 查询号码 【1807860】，返回信息 {"status":"ok","msg":"广西-百色","gid":"339723","time_insert":"2021-07-20 19:53"}
2024-01-11 01:15:38 查询号码 【1807860】，GSD为【"广西-百色"】

2024-01-11 01:15:39 开始第 7946 次操作

2024-01-11 01:15:39 开始操作号码 【1807861】
2024-01-11 01:15:42 GSD getOne 第 1 次 等待 3 秒
2024-01-11 01:15:45 查询号码 【1807861】，返回信息 {"status":"ok","msg":"广西-百色","gid":"339734","time_insert":"2021-07-20 19:54"}
2024-01-11 01:15:46 查询号码 【1807861】，GSD为【"广西-百色"】

2024-01-11 01:15:47 开始第 7947 次操作

2024-01-11 01:15:47 开始操作号码 【1807862】
2024-01-11 01:15:50 GSD getOne 第 1 次 等待 3 秒
2024-01-11 01:15:53 查询号码 【1807862】，返回信息 {"status":"ok","msg":"广西-百色","gid":"339741","time_insert":"2021-07-20 19:55"}
2024-01-11 01:15:53 查询号码 【1807862】，GSD为【"广西-百色"】

2024-01-11 01:15:54 开始第 7948 次操作

2024-01-11 01:15:54 开始操作号码 【1807863】
2024-01-11 01:15:57 GSD getOne 第 1 次 等待 3 秒
2024-01-11 01:16:00 查询号码 【1807863】，返回信息 {"status":"ok","msg":"广西-百色","gid":"339748","time_insert":"2021-07-20 19:56"}
2024-01-11 01:16:00 查询号码 【1807863】，GSD为【"广西-百色"】

2024-01-11 01:37:53 开始第 7949 次操作

2024-01-11 01:37:53 开始操作号码 【1807864】
2024-01-11 01:37:57 GSD getOne 第 1 次 等待 3 秒
2024-01-11 01:38:00 查询号码 【1807864】，返回信息 {"status":"ok","msg":"广西-百色","gid":"339753","time_insert":"2021-07-20 19:57"}
2024-01-11 01:38:00 查询号码 【1807864】，GSD为【"广西-百色"】

2024-01-11 01:38:01 开始第 7950 次操作

2024-01-11 01:38:01 开始操作号码 【1807865】
2024-01-11 01:38:04 GSD getOne 第 1 次 等待 3 秒
2024-01-11 01:38:07 查询号码 【1807865】，返回信息 {"status":"ok","msg":"广西-百色","gid":"339760","time_insert":"2021-07-20 19:58"}
2024-01-11 01:38:07 查询号码 【1807865】，GSD为【"广西-百色"】

2024-01-11 01:38:08 开始第 7951 次操作

2024-01-11 01:38:08 开始操作号码 【1807866】
2024-01-11 01:38:11 GSD getOne 第 1 次 等待 3 秒
2024-01-11 01:38:14 查询号码 【1807866】，返回信息 {"status":"ok","msg":"广西-百色","gid":"91819","time_insert":"2021-06-11 20:38","time_update":"2021-06-12 06:45"}
2024-01-11 01:38:14 查询号码 【1807866】，GSD为【"广西-百色"】

2024-01-11 01:38:15 开始第 7952 次操作

2024-01-11 01:38:15 开始操作号码 【1807867】
2024-01-11 01:38:18 GSD getOne 第 1 次 等待 3 秒
2024-01-11 01:38:21 查询号码 【1807867】，返回信息 {"status":"ok","msg":"广西-百色","gid":"339768","time_insert":"2021-07-20 19:59"}
2024-01-11 01:38:21 查询号码 【1807867】，GSD为【"广西-百色"】

