2024-08-05 00:21:50 开始第 9633 次操作

2024-08-05 00:21:50 开始操作号码 【1479543】
2024-08-05 00:21:59 GSD getOne 第 1 次 等待 3 秒
2024-08-05 00:22:02 查询号码 【1479543】，返回信息 {"status":"ok","msg":"广西-梧州","gid":"359040","time_insert":"2021-07-22 21:38"}
2024-08-05 00:22:02 查询号码 【1479543】，GSD为【"广西-梧州"】

2024-08-05 00:22:03 开始第 9634 次操作

2024-08-05 00:22:03 开始操作号码 【1479544】
2024-08-05 00:22:05 GSD getOne 第 1 次 等待 3 秒
2024-08-05 00:22:08 查询号码 【1479544】，返回信息 {"status":"ok","msg":"广西-河池","gid":"359037","time_insert":"2021-07-22 21:38","time_update":"2021-08-02 15:22"}
2024-08-05 00:22:08 查询号码 【1479544】，GSD为【"广西-河池"】

2024-08-05 00:22:09 开始第 9635 次操作

2024-08-05 00:22:09 开始操作号码 【1479545】
2024-08-05 00:22:20 GSD getOne 第 1 次 等待 3 秒
2024-08-05 00:22:23 查询号码 【1479545】，返回信息 {"status":"ok","msg":"广西-北海","gid":"359034","time_insert":"2021-07-22 21:37"}
2024-08-05 00:22:23 查询号码 【1479545】，GSD为【"广西-北海"】

2024-08-05 00:22:24 开始第 9636 次操作

2024-08-05 00:22:24 开始操作号码 【1479546】
2024-08-05 00:22:32 GSD getOne 第 1 次 等待 3 秒
2024-08-05 00:22:35 查询号码 【1479546】，返回信息 {"status":"ok","msg":"广西-崇左","gid":"359032","time_insert":"2021-07-22 21:37"}
2024-08-05 00:22:35 查询号码 【1479546】，GSD为【"广西-崇左"】

