2021-07-19 00:00:24 开始第 26 次操作

2021-07-19 00:00:24 开始操作号码 【1358065】
2021-07-19 00:00:27 GSD getOne 第 1 次 等待 3 秒
2021-07-19 00:00:30 查询号码 【1358065】，返回信息 {"status":"bad","msg":""}
2021-07-19 00:00:30 查询号码 【1358065】，GSD为【""】
2021-07-19 00:00:30 bad
2021-07-19 00:00:31 CHB 1358065?1626624030 第 1 次 等待 3 秒
2021-07-19 00:00:34 CHB 1358065?1626624030 第 1 次 获取到号码【1358065】GSD
2021-07-19 00:00:34 获取到号码【1358065】的GSD为【广东-云浮】
2021-07-19 00:00:38 GSD insert 第 1 次 等待 3 秒
2021-07-19 00:00:41 {"status":"ok","gid":320469,"msg":"添加成功！"}
2021-07-19 00:00:41 下次操作: 2021-07-19 00:01:00

2021-07-19 00:01:00 开始第 27 次操作

2021-07-19 00:01:00 开始操作号码 【1358064】
2021-07-19 00:01:02 GSD getOne 第 1 次 等待 3 秒
2021-07-19 00:01:05 查询号码 【1358064】，返回信息 {"status":"bad","msg":""}
2021-07-19 00:01:05 查询号码 【1358064】，GSD为【""】
2021-07-19 00:01:05 bad
2021-07-19 00:01:07 CHB 1358064?1626624065 第 1 次 等待 3 秒
2021-07-19 00:01:10 CHB 1358064?1626624065 第 1 次 获取到号码【1358064】GSD
2021-07-19 00:01:10 获取到号码【1358064】的GSD为【广东-肇庆】
2021-07-19 00:01:16 GSD insert 第 1 次 等待 3 秒
2021-07-19 00:01:19 {"status":"ok","gid":320477,"msg":"添加成功！"}
2021-07-19 00:01:19 下次操作: 2021-07-19 00:01:31

2021-07-19 00:01:31 开始第 28 次操作

2021-07-19 00:01:31 开始操作号码 【1358063】
2021-07-19 00:01:42 GSD getOne 第 1 次 等待 3 秒
2021-07-19 00:01:45 查询号码 【1358063】，返回信息 {"status":"bad","msg":""}
2021-07-19 00:01:45 查询号码 【1358063】，GSD为【""】
2021-07-19 00:01:45 bad
2021-07-19 00:01:47 CHB 1358063?1626624105 第 1 次 等待 3 秒
2021-07-19 00:01:50 CHB 1358063?1626624105 第 1 次 获取到号码【1358063】GSD
2021-07-19 00:01:50 获取到号码【1358063】的GSD为【广东-肇庆】
2021-07-19 00:02:01 GSD insert 第 1 次 等待 3 秒
2021-07-19 00:02:04 {"status":"ok","gid":320484,"msg":"添加成功！"}
2021-07-19 00:02:04 下次操作: 2021-07-19 00:02:23

2021-07-19 00:02:23 开始第 29 次操作

2021-07-19 00:02:23 开始操作号码 【1358062】
2021-07-19 00:02:25 GSD getOne 第 1 次 等待 3 秒
2021-07-19 00:02:28 查询号码 【1358062】，返回信息 {"status":"bad","msg":""}
2021-07-19 00:02:28 查询号码 【1358062】，GSD为【""】
2021-07-19 00:02:28 bad
2021-07-19 00:02:30 CHB 1358062?1626624148 第 1 次 等待 3 秒
2021-07-19 00:02:33 CHB 1358062?1626624148 第 1 次 获取到号码【1358062】GSD
2021-07-19 00:02:33 获取到号码【1358062】的GSD为【广东-肇庆】
2021-07-19 00:02:43 GSD insert 第 1 次 等待 3 秒
2021-07-19 00:02:46 {"status":"ok","gid":320492,"msg":"添加成功！"}
2021-07-19 00:02:46 下次操作: 2021-07-19 00:03:08

2021-07-19 00:03:08 开始第 30 次操作

2021-07-19 00:03:08 开始操作号码 【1358061】
2021-07-19 00:03:10 GSD getOne 第 1 次 等待 3 秒
2021-07-19 00:03:13 查询号码 【1358061】，返回信息 {"status":"bad","msg":""}
2021-07-19 00:03:13 查询号码 【1358061】，GSD为【""】
2021-07-19 00:03:13 bad
2021-07-19 00:03:15 CHB 1358061?1626624193 第 1 次 等待 3 秒
2021-07-19 00:03:18 CHB 1358061?1626624193 第 1 次 获取到号码【1358061】GSD
2021-07-19 00:03:18 获取到号码【1358061】的GSD为【广东-肇庆】
2021-07-19 00:03:26 GSD insert 第 1 次 等待 3 秒
2021-07-19 00:03:29 {"status":"ok","gid":320498,"msg":"添加成功！"}
2021-07-19 00:03:29 下次操作: 2021-07-19 00:03:48

2021-07-19 00:03:48 开始第 31 次操作

2021-07-19 00:03:48 开始操作号码 【1358060】
2021-07-19 00:04:02 GSD getOne 第 1 次 等待 3 秒
2021-07-19 00:04:05 查询号码 【1358060】，返回信息 {"status":"bad","msg":""}
2021-07-19 00:04:05 查询号码 【1358060】，GSD为【""】
2021-07-19 00:04:05 bad
2021-07-19 00:04:06 CHB 1358060?1626624245 第 1 次 等待 3 秒
2021-07-19 00:04:09 CHB 1358060?1626624245 第 1 次 获取到号码【1358060】GSD
2021-07-19 00:04:09 获取到号码【1358060】的GSD为【广东-肇庆】
2021-07-19 00:04:25 GSD insert 第 1 次 等待 3 秒
2021-07-19 00:04:28 {"status":"ok","gid":320510,"msg":"添加成功！"}
2021-07-19 00:04:28 下次操作: 2021-07-19 00:04:40

2021-07-19 00:04:40 开始第 32 次操作

2021-07-19 00:04:40 开始操作号码 【1358059】
2021-07-19 00:04:43 GSD getOne 第 1 次 等待 3 秒
2021-07-19 00:04:46 查询号码 【1358059】，返回信息 {"status":"bad","msg":""}
2021-07-19 00:04:46 查询号码 【1358059】，GSD为【""】
2021-07-19 00:04:46 bad
2021-07-19 00:04:47 CHB 1358059?1626624286 第 1 次 等待 3 秒
2021-07-19 00:04:50 CHB 1358059?1626624286 第 1 次 获取到号码【1358059】GSD
2021-07-19 00:04:50 获取到号码【1358059】的GSD为【广东-广州】
2021-07-19 00:05:00 GSD insert 第 1 次 等待 3 秒
2021-07-19 00:05:03 {"status":"ok","gid":320514,"msg":"添加成功！"}
2021-07-19 00:05:03 下次操作: 2021-07-19 00:05:24

2021-07-19 00:05:24 开始第 33 次操作

2021-07-19 00:05:24 开始操作号码 【1358058】
2021-07-19 00:05:26 GSD getOne 第 1 次 等待 3 秒
2021-07-19 00:05:29 查询号码 【1358058】，返回信息 {"status":"bad","msg":""}
2021-07-19 00:05:30 查询号码 【1358058】，GSD为【""】
2021-07-19 00:05:30 bad
2021-07-19 00:05:31 CHB 1358058?1626624330 第 1 次 等待 3 秒
2021-07-19 00:05:34 CHB 1358058?1626624330 第 1 次 获取到号码【1358058】GSD
2021-07-19 00:05:34 获取到号码【1358058】的GSD为【广东-广州】
2021-07-19 00:06:59 GSD insert 第 1 次 等待 3 秒
2021-07-19 00:07:02 {"status":"ok","gid":320533,"msg":"添加成功！"}
2021-07-19 00:07:02 下次操作: 2021-07-19 00:07:19

2021-07-19 00:07:19 开始第 34 次操作

2021-07-19 00:07:19 开始操作号码 【1358057】
2021-07-19 00:07:22 GSD getOne 第 1 次 等待 3 秒
2021-07-19 00:07:25 查询号码 【1358057】，返回信息 {"status":"bad","msg":""}
2021-07-19 00:07:25 查询号码 【1358057】，GSD为【""】
2021-07-19 00:07:25 bad
2021-07-19 00:07:26 CHB 1358057?1626624445 第 1 次 等待 3 秒
2021-07-19 00:07:30 CHB 1358057?1626624445 第 1 次 获取到号码【1358057】GSD
2021-07-19 00:07:30 获取到号码【1358057】的GSD为【广东-广州】
2021-07-19 00:07:57 GSD insert 第 1 次 等待 3 秒
2021-07-19 00:08:00 {"status":"ok","gid":320544,"msg":"添加成功！"}
2021-07-19 00:08:00 下次操作: 2021-07-19 00:08:16

2021-07-19 00:08:16 开始第 35 次操作

2021-07-19 00:08:16 开始操作号码 【1358056】
2021-07-19 00:08:32 GSD getOne 第 1 次 等待 3 秒
2021-07-19 00:08:35 查询号码 【1358056】，返回信息 {"status":"bad","msg":""}
2021-07-19 00:08:35 查询号码 【1358056】，GSD为【""】
2021-07-19 00:08:35 bad
2021-07-19 00:08:37 CHB 1358056?1626624515 第 1 次 等待 3 秒
2021-07-19 00:08:40 CHB 1358056?1626624515 第 1 次 获取到号码【1358056】GSD
2021-07-19 00:08:40 获取到号码【1358056】的GSD为【广东-广州】
2021-07-19 00:08:42 GSD insert 第 1 次 等待 3 秒
2021-07-19 00:08:45 {"status":"ok","gid":320553,"msg":"添加成功！"}
2021-07-19 00:08:46 下次操作: 2021-07-19 00:09:05

2021-07-19 00:09:05 开始第 36 次操作

2021-07-19 00:09:05 开始操作号码 【1358055】
2021-07-19 00:09:14 GSD getOne 第 1 次 等待 3 秒
2021-07-19 00:09:17 查询号码 【1358055】，返回信息 {"status":"bad","msg":""}
2021-07-19 00:09:17 查询号码 【1358055】，GSD为【""】
2021-07-19 00:09:17 bad
2021-07-19 00:09:18 CHB 1358055?1626624557 第 1 次 等待 3 秒
2021-07-19 00:09:21 CHB 1358055?1626624557 第 1 次 获取到号码【1358055】GSD
2021-07-19 00:09:21 获取到号码【1358055】的GSD为【广东-广州】
2021-07-19 00:09:47 GSD insert 第 1 次 等待 3 秒
2021-07-19 00:09:50 {"status":"ok","gid":320566,"msg":"添加成功！"}
2021-07-19 00:09:50 下次操作: 2021-07-19 00:10:03

2021-07-19 00:10:03 开始第 37 次操作

2021-07-19 00:10:03 开始操作号码 【1358054】
2021-07-19 00:10:05 GSD getOne 第 1 次 等待 3 秒
2021-07-19 00:10:08 查询号码 【1358054】，返回信息 {"status":"bad","msg":""}
2021-07-19 00:10:09 查询号码 【1358054】，GSD为【""】
2021-07-19 00:10:09 bad
2021-07-19 00:10:14 CHB 1358054?1626624609 第 1 次 等待 3 秒
2021-07-19 00:10:17 CHB 1358054?1626624609 第 1 次 获取到号码【1358054】GSD
2021-07-19 00:10:17 获取到号码【1358054】的GSD为【广东-广州】
2021-07-19 00:10:20 GSD insert 第 1 次 等待 3 秒
2021-07-19 00:10:23 {"status":"ok","gid":320572,"msg":"添加成功！"}
2021-07-19 00:10:23 下次操作: 2021-07-19 00:10:40

2021-07-19 00:10:40 开始第 38 次操作

2021-07-19 00:10:40 开始操作号码 【1358053】
2021-07-19 00:10:43 GSD getOne 第 1 次 等待 3 秒
2021-07-19 00:10:46 查询号码 【1358053】，返回信息 {"status":"ok","msg":"广东-广州","gid":"6951","time_insert":"2019-04-24 17:05","time_update":"2020-09-26 19:59"}
2021-07-19 00:10:47 查询号码 【1358053】，GSD为【"广东-广州"】

2021-07-19 00:10:47 开始第 38 次操作

2021-07-19 00:10:47 开始操作号码 【1358052】
2021-07-19 00:10:57 GSD getOne 第 1 次 等待 3 秒
2021-07-19 00:11:00 查询号码 【1358052】，返回信息 {"status":"bad","msg":""}
2021-07-19 00:11:00 查询号码 【1358052】，GSD为【""】
2021-07-19 00:11:00 bad
2021-07-19 00:11:02 CHB 1358052?1626624660 第 1 次 等待 3 秒
2021-07-19 00:11:05 CHB 1358052?1626624660 第 1 次 获取到号码【1358052】GSD
2021-07-19 00:11:05 获取到号码【1358052】的GSD为【广东-广州】
2021-07-19 00:11:26 GSD insert 第 1 次 等待 3 秒
2021-07-19 00:11:29 {"status":"ok","gid":320586,"msg":"添加成功！"}
2021-07-19 00:11:29 下次操作: 2021-07-19 00:11:52

2021-07-19 00:11:52 开始第 39 次操作

2021-07-19 00:11:52 开始操作号码 【1358051】
2021-07-19 00:11:59 GSD getOne 第 1 次 等待 3 秒
2021-07-19 00:12:02 查询号码 【1358051】，返回信息 {"status":"ok","msg":"广东-广州","gid":"6950","time_insert":"2017-04-19 11:23","time_update":"2020-09-26 19:55"}
2021-07-19 00:12:02 查询号码 【1358051】，GSD为【"广东-广州"】

2021-07-19 00:12:02 开始第 39 次操作

2021-07-19 00:12:02 开始操作号码 【1358050】
2021-07-19 00:12:15 GSD getOne 第 1 次 等待 3 秒
2021-07-19 00:12:18 查询号码 【1358050】，返回信息 {"status":"bad","msg":""}
2021-07-19 00:12:18 查询号码 【1358050】，GSD为【""】
2021-07-19 00:12:18 bad
2021-07-19 00:12:19 CHB 1358050?1626624738 第 1 次 等待 3 秒
2021-07-19 00:12:22 CHB 1358050?1626624738 第 1 次 获取到号码【1358050】GSD
2021-07-19 00:12:22 获取到号码【1358050】的GSD为【广东-广州】
2021-07-19 00:12:39 GSD insert 第 1 次 等待 3 秒
2021-07-19 00:12:42 {"status":"ok","gid":320598,"msg":"添加成功！"}
2021-07-19 00:12:42 下次操作: 2021-07-19 00:12:59

2021-07-19 00:12:59 开始第 40 次操作

2021-07-19 00:12:59 开始操作号码 【1358049】
2021-07-19 00:13:10 GSD getOne 第 1 次 等待 3 秒
2021-07-19 00:13:13 查询号码 【1358049】，返回信息 {"status":"bad","msg":""}
2021-07-19 00:13:13 查询号码 【1358049】，GSD为【""】
2021-07-19 00:13:13 bad
2021-07-19 00:13:19 CHB 1358049?1626624793 第 1 次 等待 3 秒
2021-07-19 00:13:22 CHB 1358049?1626624793 第 1 次 获取到号码【1358049】GSD
2021-07-19 00:13:22 获取到号码【1358049】的GSD为【广东-广州】
2021-07-19 00:13:25 GSD insert 第 1 次 等待 3 秒
2021-07-19 00:13:28 {"status":"ok","gid":320604,"msg":"添加成功！"}

2021-07-19 00:56:22 开始第 1 次操作

2021-07-19 00:56:22 开始操作号码 【1358048】
2021-07-19 00:56:25 GSD getOne 第 1 次 等待 3 秒
2021-07-19 00:56:28 查询号码 【1358048】，返回信息 {"status":"ok","msg":"广东-广州","gid":"6949","time_insert":"2018-11-15 15:30","time_update":"2020-09-26 19:51"}
2021-07-19 00:56:29 查询号码 【1358048】，GSD为【"广东-广州"】

2021-07-19 00:56:29 开始第 1 次操作

2021-07-19 00:56:29 开始操作号码 【1358047】
2021-07-19 00:56:32 GSD getOne 第 1 次 等待 3 秒
2021-07-19 00:56:35 查询号码 【1358047】，返回信息 {"status":"bad","msg":""}
2021-07-19 00:56:35 查询号码 【1358047】，GSD为【""】
2021-07-19 00:56:35 bad
2021-07-19 00:56:37 CHB 1358047?1626627395 第 1 次 等待 3 秒
2021-07-19 00:56:40 CHB 1358047?1626627395 第 1 次 获取到号码【1358047】GSD
2021-07-19 00:56:40 获取到号码【1358047】的GSD为【广东-广州】
2021-07-19 00:56:46 GSD insert 第 1 次 等待 3 秒
2021-07-19 00:56:49 {"status":"ok","gid":320822,"msg":"添加成功！"}
2021-07-19 00:56:49 下次操作: 2021-07-19 00:57:11

2021-07-19 00:57:11 开始第 2 次操作

2021-07-19 00:57:11 开始操作号码 【1358046】
2021-07-19 00:57:17 GSD getOne 第 1 次 等待 3 秒
2021-07-19 00:57:20 查询号码 【1358046】，返回信息 {"status":"bad","msg":""}
2021-07-19 00:57:20 查询号码 【1358046】，GSD为【""】
2021-07-19 00:57:20 bad
2021-07-19 00:57:22 CHB 1358046?1626627440 第 1 次 等待 3 秒
2021-07-19 00:57:25 CHB 1358046?1626627440 第 1 次 获取到号码【1358046】GSD
2021-07-19 00:57:25 获取到号码【1358046】的GSD为【广东-广州】
2021-07-19 00:57:28 GSD insert 第 1 次 等待 3 秒
2021-07-19 00:57:31 {"status":"ok","gid":320824,"msg":"添加成功！"}
2021-07-19 00:57:31 下次操作: 2021-07-19 00:57:44

2021-07-19 00:57:44 开始第 3 次操作

2021-07-19 00:57:44 开始操作号码 【1358045】
2021-07-19 00:57:47 GSD getOne 第 1 次 等待 3 秒
2021-07-19 00:57:50 查询号码 【1358045】，返回信息 {"status":"bad","msg":""}
2021-07-19 00:57:51 查询号码 【1358045】，GSD为【""】
2021-07-19 00:57:51 bad
2021-07-19 00:57:53 CHB 1358045?1626627471 第 1 次 等待 3 秒
2021-07-19 00:57:56 CHB 1358045?1626627471 第 1 次 获取到号码【1358045】GSD
2021-07-19 00:57:56 获取到号码【1358045】的GSD为【广东-广州】
2021-07-19 00:58:57 GSD insert 第 1 次 等待 3 秒
2021-07-19 00:59:00 {"status":"ok","gid":320830,"msg":"添加成功！"}
2021-07-19 00:59:00 下次操作: 2021-07-19 00:59:22

2021-07-19 00:59:22 开始第 4 次操作

2021-07-19 00:59:22 开始操作号码 【1358044】
2021-07-19 00:59:41 GSD getOne 第 1 次 等待 3 秒
2021-07-19 00:59:44 查询号码 【1358044】，返回信息 {"status":"bad","msg":""}
2021-07-19 00:59:45 查询号码 【1358044】，GSD为【""】
2021-07-19 00:59:45 bad
2021-07-19 00:59:46 CHB 1358044?1626627585 第 1 次 等待 3 秒
2021-07-19 00:59:49 CHB 1358044?1626627585 第 1 次 获取到号码【1358044】GSD
2021-07-19 00:59:49 获取到号码【1358044】的GSD为【广东-广州】
2021-07-19 01:00:02 GSD insert 第 1 次 等待 3 秒
2021-07-19 01:00:05 {"status":"ok","gid":320834,"msg":"添加成功！"}
2021-07-19 01:00:05 下次操作: 2021-07-19 01:00:20

2021-07-19 01:00:20 开始第 5 次操作

2021-07-19 01:00:20 开始操作号码 【1358043】
2021-07-19 01:00:26 GSD getOne 第 1 次 等待 3 秒
2021-07-19 01:00:29 查询号码 【1358043】，返回信息 {"status":"ok","msg":"广东-广州","gid":"6948","time_insert":"2017-05-09 14:00","time_update":"2020-09-26 19:47"}
2021-07-19 01:00:29 查询号码 【1358043】，GSD为【"广东-广州"】

2021-07-19 01:00:29 开始第 5 次操作

2021-07-19 01:00:29 开始操作号码 【1358042】
2021-07-19 01:00:40 GSD getOne 第 1 次 等待 3 秒
2021-07-19 01:00:43 查询号码 【1358042】，返回信息 {"status":"bad","msg":""}
2021-07-19 01:00:43 查询号码 【1358042】，GSD为【""】
2021-07-19 01:00:43 bad
2021-07-19 01:00:50 CHB 1358042?1626627643 第 1 次 等待 3 秒
2021-07-19 01:00:53 CHB 1358042?1626627643 第 1 次 获取到号码【1358042】GSD
2021-07-19 01:00:53 获取到号码【1358042】的GSD为【广东-广州】
2021-07-19 01:03:01 GSD insert 第 1 次 等待 3 秒
2021-07-19 01:03:04 {"status":"ok","gid":320863,"msg":"添加成功！"}
2021-07-19 01:03:04 下次操作: 2021-07-19 01:03:22

2021-07-19 01:03:22 开始第 6 次操作

2021-07-19 01:03:22 开始操作号码 【1358041】
2021-07-19 01:03:32 GSD getOne 第 1 次 等待 3 秒
2021-07-19 01:03:35 查询号码 【1358041】，返回信息 {"status":"bad","msg":""}
2021-07-19 01:03:35 查询号码 【1358041】，GSD为【""】
2021-07-19 01:03:35 bad
2021-07-19 01:03:37 CHB 1358041?1626627815 第 1 次 等待 3 秒
2021-07-19 01:03:40 CHB 1358041?1626627815 第 1 次 获取到号码【1358041】GSD
2021-07-19 01:03:40 获取到号码【1358041】的GSD为【广东-广州】
2021-07-19 01:03:55 GSD insert 第 1 次 等待 3 秒
2021-07-19 01:03:58 {"status":"ok","gid":320876,"msg":"添加成功！"}
2021-07-19 01:03:58 下次操作: 2021-07-19 01:04:11

2021-07-19 01:04:11 开始第 7 次操作

2021-07-19 01:04:11 开始操作号码 【1358040】
2021-07-19 01:04:15 GSD getOne 第 1 次 等待 3 秒
2021-07-19 01:04:18 查询号码 【1358040】，返回信息 {"status":"bad","msg":""}
2021-07-19 01:04:18 查询号码 【1358040】，GSD为【""】
2021-07-19 01:04:18 bad
2021-07-19 01:04:19 CHB 1358040?1626627858 第 1 次 等待 3 秒
2021-07-19 01:04:22 CHB 1358040?1626627858 第 1 次 获取到号码【1358040】GSD
2021-07-19 01:04:23 获取到号码【1358040】的GSD为【广东-广州】
2021-07-19 01:04:59 GSD insert 第 1 次 等待 3 秒
2021-07-19 01:05:02 {"status":"ok","gid":320889,"msg":"添加成功！"}
2021-07-19 01:05:02 下次操作: 2021-07-19 01:05:15

2021-07-19 01:05:15 开始第 8 次操作

2021-07-19 01:05:15 开始操作号码 【1358039】
2021-07-19 01:06:35 GSD getOne 第 1 次 等待 3 秒
2021-07-19 01:06:38 查询号码 【1358039】，返回信息 {"status":"bad","msg":""}
2021-07-19 01:06:38 查询号码 【1358039】，GSD为【""】
2021-07-19 01:06:38 bad
2021-07-19 01:06:39 CHB 1358039?1626627998 第 1 次 等待 3 秒
2021-07-19 01:06:42 CHB 1358039?1626627998 第 1 次 获取到号码【1358039】GSD
2021-07-19 01:06:42 获取到号码【1358039】的GSD为【广东-广州】
2021-07-19 01:06:45 GSD insert 第 1 次 等待 3 秒
2021-07-19 01:06:48 {"status":"ok","gid":320902,"msg":"添加成功！"}
2021-07-19 01:06:48 下次操作: 2021-07-19 01:07:00

2021-07-19 01:07:00 开始第 9 次操作

2021-07-19 01:07:00 开始操作号码 【1358038】
2021-07-19 01:07:04 GSD getOne 第 1 次 等待 3 秒
2021-07-19 01:07:07 查询号码 【1358038】，返回信息 {"status":"bad","msg":""}
2021-07-19 01:07:07 查询号码 【1358038】，GSD为【""】
2021-07-19 01:07:07 bad
2021-07-19 01:07:09 CHB 1358038?1626628027 第 1 次 等待 3 秒
2021-07-19 01:07:12 CHB 1358038?1626628027 第 1 次 获取到号码【1358038】GSD
2021-07-19 01:07:12 获取到号码【1358038】的GSD为【广东-广州】
2021-07-19 01:07:19 GSD insert 第 1 次 等待 3 秒
2021-07-19 01:07:22 {"status":"ok","gid":320904,"msg":"添加成功！"}
2021-07-19 01:07:22 下次操作: 2021-07-19 01:07:45

2021-07-19 01:07:45 开始第 10 次操作

2021-07-19 01:07:45 开始操作号码 【1358037】
2021-07-19 01:07:55 GSD getOne 第 1 次 等待 3 秒
2021-07-19 01:07:58 查询号码 【1358037】，返回信息 {"status":"bad","msg":""}
2021-07-19 01:07:58 查询号码 【1358037】，GSD为【""】
2021-07-19 01:07:58 bad
2021-07-19 01:08:00 CHB 1358037?1626628078 第 1 次 等待 3 秒
2021-07-19 01:08:03 CHB 1358037?1626628078 第 1 次 获取到号码【1358037】GSD
2021-07-19 01:08:03 获取到号码【1358037】的GSD为【广东-广州】
2021-07-19 01:08:10 GSD insert 第 1 次 等待 3 秒
2021-07-19 01:08:13 {"status":"ok","gid":320913,"msg":"添加成功！"}
2021-07-19 01:08:13 下次操作: 2021-07-19 01:08:27

2021-07-19 01:08:27 开始第 11 次操作

2021-07-19 01:08:27 开始操作号码 【1358036】
2021-07-19 01:08:29 GSD getOne 第 1 次 等待 3 秒
2021-07-19 01:08:32 查询号码 【1358036】，返回信息 {"status":"bad","msg":""}
2021-07-19 01:08:32 查询号码 【1358036】，GSD为【""】
2021-07-19 01:08:32 bad
2021-07-19 01:08:34 CHB 1358036?1626628112 第 1 次 等待 3 秒
2021-07-19 01:08:37 CHB 1358036?1626628112 第 1 次 获取到号码【1358036】GSD
2021-07-19 01:08:37 获取到号码【1358036】的GSD为【广东-广州】
2021-07-19 01:08:40 GSD insert 第 1 次 等待 3 秒
2021-07-19 01:08:43 {"status":"ok","gid":320916,"msg":"添加成功！"}
2021-07-19 01:08:43 下次操作: 2021-07-19 01:08:56

2021-07-19 01:08:56 开始第 12 次操作

2021-07-19 01:08:56 开始操作号码 【1358035】
2021-07-19 01:09:38 GSD getOne 第 1 次 等待 3 秒
2021-07-19 01:09:41 查询号码 【1358035】，返回信息 {"status":"ok","msg":"广东-广州","gid":"60866","time_insert":"2021-05-17 18:40","time_update":"2021-05-18 09:34"}
2021-07-19 01:09:41 查询号码 【1358035】，GSD为【"广东-广州"】

2021-07-19 01:09:41 开始第 12 次操作

2021-07-19 01:09:41 开始操作号码 【1358034】
2021-07-19 01:09:46 GSD getOne 第 1 次 等待 3 秒
2021-07-19 01:09:49 查询号码 【1358034】，返回信息 {"status":"bad","msg":""}
2021-07-19 01:09:49 查询号码 【1358034】，GSD为【""】
2021-07-19 01:09:49 bad
2021-07-19 01:09:51 CHB 1358034?1626628189 第 1 次 等待 3 秒
2021-07-19 01:09:54 CHB 1358034?1626628189 第 1 次 获取到号码【1358034】GSD
2021-07-19 01:09:54 获取到号码【1358034】的GSD为【广东-广州】
2021-07-19 01:11:01 GSD insert 第 1 次 等待 3 秒
2021-07-19 01:11:04 {"status":"ok","gid":320941,"msg":"添加成功！"}
2021-07-19 01:11:05 下次操作: 2021-07-19 01:11:26

2021-07-19 01:11:26 开始第 13 次操作

2021-07-19 01:11:26 开始操作号码 【1358033】
2021-07-19 01:12:31 GSD getOne 第 1 次 等待 3 秒
2021-07-19 01:12:34 查询号码 【1358033】，返回信息 {"status":"ok","msg":"广东-广州","gid":"51943","time_insert":"2021-04-22 10:30"}
2021-07-19 01:12:34 查询号码 【1358033】，GSD为【"广东-广州"】

2021-07-19 01:12:34 开始第 13 次操作

2021-07-19 01:12:34 开始操作号码 【1358032】
2021-07-19 01:12:36 GSD getOne 第 1 次 等待 3 秒
2021-07-19 01:12:39 查询号码 【1358032】，返回信息 {"status":"bad","msg":""}
2021-07-19 01:12:39 查询号码 【1358032】，GSD为【""】
2021-07-19 01:12:39 bad
2021-07-19 01:12:41 CHB 1358032?1626628359 第 1 次 等待 3 秒
2021-07-19 01:12:44 CHB 1358032?1626628359 第 1 次 获取到号码【1358032】GSD
2021-07-19 01:12:44 获取到号码【1358032】的GSD为【广东-广州】
2021-07-19 01:12:52 GSD insert 第 1 次 等待 3 秒
2021-07-19 01:12:55 {"status":"ok","gid":320962,"msg":"添加成功！"}
2021-07-19 01:12:55 下次操作: 2021-07-19 01:13:15

2021-07-19 01:13:15 开始第 14 次操作

2021-07-19 01:13:15 开始操作号码 【1358031】
2021-07-19 01:13:19 GSD getOne 第 1 次 等待 3 秒
2021-07-19 01:13:22 查询号码 【1358031】，返回信息 {"status":"bad","msg":""}
2021-07-19 01:13:22 查询号码 【1358031】，GSD为【""】
2021-07-19 01:13:22 bad
2021-07-19 01:13:25 CHB 1358031?1626628402 第 1 次 等待 3 秒
2021-07-19 01:13:28 CHB 1358031?1626628402 第 1 次 获取到号码【1358031】GSD
2021-07-19 01:13:28 获取到号码【1358031】的GSD为【广东-广州】
2021-07-19 01:13:31 GSD insert 第 1 次 等待 3 秒
2021-07-19 01:13:34 {"status":"ok","gid":320970,"msg":"添加成功！"}
2021-07-19 01:13:34 下次操作: 2021-07-19 01:13:57

2021-07-19 01:13:57 开始第 15 次操作

2021-07-19 01:13:57 开始操作号码 【1358030】
2021-07-19 01:14:01 GSD getOne 第 1 次 等待 3 秒
2021-07-19 01:14:04 查询号码 【1358030】，返回信息 {"status":"bad","msg":""}
2021-07-19 01:14:04 查询号码 【1358030】，GSD为【""】
2021-07-19 01:14:04 bad
2021-07-19 01:14:06 CHB 1358030?1626628444 第 1 次 等待 3 秒
2021-07-19 01:14:09 CHB 1358030?1626628444 第 1 次 获取到号码【1358030】GSD
2021-07-19 01:14:09 获取到号码【1358030】的GSD为【广东-广州】
2021-07-19 01:14:20 GSD insert 第 1 次 等待 3 秒
2021-07-19 01:14:23 {"status":"ok","gid":320980,"msg":"添加成功！"}
2021-07-19 01:14:23 下次操作: 2021-07-19 01:14:43

2021-07-19 01:14:43 开始第 16 次操作

2021-07-19 01:14:43 开始操作号码 【1358029】
2021-07-19 01:14:47 GSD getOne 第 1 次 等待 3 秒
2021-07-19 01:14:50 查询号码 【1358029】，返回信息 {"status":"bad","msg":""}
2021-07-19 01:14:50 查询号码 【1358029】，GSD为【""】
2021-07-19 01:14:50 bad
2021-07-19 01:14:51 CHB 1358029?1626628490 第 1 次 等待 3 秒
2021-07-19 01:14:54 CHB 1358029?1626628490 第 1 次 获取到号码【1358029】GSD
2021-07-19 01:14:54 获取到号码【1358029】的GSD为【广东-揭阳】
2021-07-19 01:15:03 GSD insert 第 1 次 等待 3 秒
2021-07-19 01:15:06 {"status":"ok","gid":320988,"msg":"添加成功！"}
2021-07-19 01:15:06 下次操作: 2021-07-19 01:15:20

2021-07-19 01:15:20 开始第 17 次操作

2021-07-19 01:15:20 开始操作号码 【1358028】
2021-07-19 01:15:43 GSD getOne 第 1 次 等待 3 秒
2021-07-19 01:15:46 查询号码 【1358028】，返回信息 {"status":"bad","msg":""}
2021-07-19 01:15:46 查询号码 【1358028】，GSD为【""】
2021-07-19 01:15:46 bad
2021-07-19 01:15:48 CHB 1358028?1626628546 第 1 次 等待 3 秒
2021-07-19 01:15:51 CHB 1358028?1626628546 第 1 次 获取到号码【1358028】GSD
2021-07-19 01:15:51 获取到号码【1358028】的GSD为【广东-揭阳】
2021-07-19 01:16:52 GSD insert 第 1 次 等待 3 秒
2021-07-19 01:16:55 {"status":"ok","gid":321004,"msg":"添加成功！"}
2021-07-19 01:16:55 下次操作: 2021-07-19 01:17:17

2021-07-19 01:17:17 开始第 18 次操作

2021-07-19 01:17:17 开始操作号码 【1358027】
2021-07-19 01:18:37 GSD getOne 第 1 次 等待 3 秒
2021-07-19 01:18:40 查询号码 【1358027】，返回信息 {"status":"bad","msg":""}
2021-07-19 01:18:40 查询号码 【1358027】，GSD为【""】
2021-07-19 01:18:40 bad
2021-07-19 01:23:41 CHB 1358027?1626628720 第 1 次 等待 3 秒
2021-07-19 01:23:44 CHB 1358027?1626628720 第 1 次 未获取到 等待 12 秒 下次操作: 2021-07-19 01:23:56
2021-07-19 01:23:58 CHB 1358027?1626629036 第 2 次 等待 3 秒
2021-07-19 01:24:01 CHB 1358027?1626629036 第 2 次 获取到号码【1358027】GSD
2021-07-19 01:24:01 获取到号码【1358027】的GSD为【广东-揭阳】
2021-07-19 01:24:10 GSD insert 第 1 次 等待 3 秒
2021-07-19 01:24:13 {"status":"ok","gid":321037,"msg":"添加成功！"}
2021-07-19 01:24:13 下次操作: 2021-07-19 01:24:28

2021-07-19 01:24:28 开始第 19 次操作

2021-07-19 01:24:28 开始操作号码 【1358026】
2021-07-19 01:24:34 GSD getOne 第 1 次 等待 3 秒
2021-07-19 01:24:37 查询号码 【1358026】，返回信息 {"status":"bad","msg":""}
2021-07-19 01:24:37 查询号码 【1358026】，GSD为【""】
2021-07-19 01:24:37 bad
2021-07-19 01:24:39 CHB 1358026?1626629077 第 1 次 等待 3 秒
2021-07-19 01:24:42 CHB 1358026?1626629077 第 1 次 获取到号码【1358026】GSD
2021-07-19 01:24:42 获取到号码【1358026】的GSD为【广东-揭阳】
2021-07-19 01:24:45 GSD insert 第 1 次 等待 3 秒
2021-07-19 01:24:48 {"status":"ok","gid":321046,"msg":"添加成功！"}
2021-07-19 01:24:48 下次操作: 2021-07-19 01:25:08

2021-07-19 01:25:08 开始第 20 次操作

2021-07-19 01:25:08 开始操作号码 【1358025】
2021-07-19 01:26:15 GSD getOne 第 1 次 等待 3 秒
2021-07-19 01:26:18 查询号码 【1358025】，返回信息 {"status":"bad","msg":""}
2021-07-19 01:26:18 查询号码 【1358025】，GSD为【""】
2021-07-19 01:26:18 bad
2021-07-19 01:26:20 CHB 1358025?1626629178 第 1 次 等待 3 秒
2021-07-19 01:26:23 CHB 1358025?1626629178 第 1 次 获取到号码【1358025】GSD
2021-07-19 01:26:23 获取到号码【1358025】的GSD为【广东-揭阳】
2021-07-19 01:26:26 GSD insert 第 1 次 等待 3 秒
2021-07-19 01:26:29 {"status":"ok","gid":321056,"msg":"添加成功！"}
2021-07-19 01:26:29 下次操作: 2021-07-19 01:26:53

2021-07-19 01:26:53 开始第 21 次操作

2021-07-19 01:26:53 开始操作号码 【1358024】
2021-07-19 01:27:09 GSD getOne 第 1 次 等待 3 秒
2021-07-19 01:27:12 查询号码 【1358024】，返回信息 {"status":"bad","msg":""}
2021-07-19 01:27:12 查询号码 【1358024】，GSD为【""】
2021-07-19 01:27:12 bad
2021-07-19 01:27:13 CHB 1358024?1626629232 第 1 次 等待 3 秒
2021-07-19 01:27:16 CHB 1358024?1626629232 第 1 次 获取到号码【1358024】GSD
2021-07-19 01:27:16 获取到号码【1358024】的GSD为【广东-揭阳】
2021-07-19 01:27:19 GSD insert 第 1 次 等待 3 秒
2021-07-19 01:27:22 {"status":"ok","gid":321064,"msg":"添加成功！"}
2021-07-19 01:27:22 下次操作: 2021-07-19 01:27:42

2021-07-19 01:27:42 开始第 22 次操作

2021-07-19 01:27:42 开始操作号码 【1358023】
2021-07-19 01:28:07 GSD getOne 第 1 次 等待 3 秒
2021-07-19 01:28:10 查询号码 【1358023】，返回信息 {"status":"bad","msg":""}
2021-07-19 01:28:10 查询号码 【1358023】，GSD为【""】
2021-07-19 01:28:10 bad
2021-07-19 01:28:12 CHB 1358023?1626629290 第 1 次 等待 3 秒
2021-07-19 01:28:15 CHB 1358023?1626629290 第 1 次 获取到号码【1358023】GSD
2021-07-19 01:28:15 获取到号码【1358023】的GSD为【广东-揭阳】
2021-07-19 01:28:27 GSD insert 第 1 次 等待 3 秒
2021-07-19 01:28:30 {"status":"ok","gid":321073,"msg":"添加成功！"}
2021-07-19 01:28:30 下次操作: 2021-07-19 01:28:50

2021-07-19 01:28:50 开始第 23 次操作

2021-07-19 01:28:50 开始操作号码 【1358022】
2021-07-19 01:28:54 GSD getOne 第 1 次 等待 3 秒
2021-07-19 01:28:57 查询号码 【1358022】，返回信息 {"status":"bad","msg":""}
2021-07-19 01:28:57 查询号码 【1358022】，GSD为【""】
2021-07-19 01:28:57 bad
2021-07-19 01:28:59 CHB 1358022?1626629337 第 1 次 等待 3 秒
2021-07-19 01:29:02 CHB 1358022?1626629337 第 1 次 获取到号码【1358022】GSD
2021-07-19 01:29:02 获取到号码【1358022】的GSD为【广东-揭阳】
2021-07-19 01:29:04 GSD insert 第 1 次 等待 3 秒
2021-07-19 01:29:07 {"status":"ok","gid":321081,"msg":"添加成功！"}
2021-07-19 01:29:07 下次操作: 2021-07-19 01:29:30

2021-07-19 01:29:30 开始第 24 次操作

2021-07-19 01:29:30 开始操作号码 【1358021】
2021-07-19 01:29:54 GSD getOne 第 1 次 等待 3 秒
2021-07-19 01:29:57 查询号码 【1358021】，返回信息 {"status":"bad","msg":""}
2021-07-19 01:29:57 查询号码 【1358021】，GSD为【""】
2021-07-19 01:29:57 bad
2021-07-19 01:29:59 CHB 1358021?1626629397 第 1 次 等待 3 秒
2021-07-19 01:30:02 CHB 1358021?1626629397 第 1 次 获取到号码【1358021】GSD
2021-07-19 01:30:02 获取到号码【1358021】的GSD为【广东-揭阳】
2021-07-19 01:30:05 GSD insert 第 1 次 等待 3 秒
2021-07-19 01:30:08 {"status":"ok","gid":321092,"msg":"添加成功！"}
2021-07-19 01:30:08 下次操作: 2021-07-19 01:30:29

2021-07-19 01:30:29 开始第 25 次操作

2021-07-19 01:30:29 开始操作号码 【1358020】
2021-07-19 01:31:31 GSD getOne 第 1 次 等待 3 秒
2021-07-19 01:31:34 查询号码 【1358020】，返回信息 {"status":"bad","msg":""}
2021-07-19 01:31:34 查询号码 【1358020】，GSD为【""】
2021-07-19 01:31:34 bad
2021-07-19 01:31:36 CHB 1358020?1626629494 第 1 次 等待 3 秒
2021-07-19 01:31:39 CHB 1358020?1626629494 第 1 次 获取到号码【1358020】GSD
2021-07-19 01:31:39 获取到号码【1358020】的GSD为【广东-揭阳】
2021-07-19 01:31:42 GSD insert 第 1 次 等待 3 秒
2021-07-19 01:31:45 {"status":"ok","gid":321109,"msg":"添加成功！"}
2021-07-19 01:31:45 下次操作: 2021-07-19 01:32:09

2021-07-19 01:32:09 开始第 26 次操作

2021-07-19 01:32:09 开始操作号码 【1358019】
2021-07-19 01:32:12 GSD getOne 第 1 次 等待 3 秒
2021-07-19 01:32:15 查询号码 【1358019】，返回信息 {"status":"bad","msg":""}
2021-07-19 01:32:15 查询号码 【1358019】，GSD为【""】
2021-07-19 01:32:15 bad
2021-07-19 01:32:16 CHB 1358019?1626629535 第 1 次 等待 3 秒
2021-07-19 01:32:19 CHB 1358019?1626629535 第 1 次 获取到号码【1358019】GSD
2021-07-19 01:32:19 获取到号码【1358019】的GSD为【广东-揭阳】
2021-07-19 01:32:22 GSD insert 第 1 次 等待 3 秒
2021-07-19 01:32:25 {"status":"ok","gid":321113,"msg":"添加成功！"}
2021-07-19 01:32:25 下次操作: 2021-07-19 01:32:47

2021-07-19 01:32:47 开始第 27 次操作

2021-07-19 01:32:47 开始操作号码 【1358018】
2021-07-19 01:33:07 GSD getOne 第 1 次 等待 3 秒
2021-07-19 01:33:10 查询号码 【1358018】，返回信息 {"status":"bad","msg":""}
2021-07-19 01:33:10 查询号码 【1358018】，GSD为【""】
2021-07-19 01:33:10 bad
2021-07-19 01:33:12 CHB 1358018?1626629590 第 1 次 等待 3 秒
2021-07-19 01:33:15 CHB 1358018?1626629590 第 1 次 获取到号码【1358018】GSD
2021-07-19 01:33:15 获取到号码【1358018】的GSD为【广东-揭阳】
2021-07-19 01:33:21 GSD insert 第 1 次 等待 3 秒
2021-07-19 01:33:24 {"status":"ok","gid":321122,"msg":"添加成功！"}
2021-07-19 01:33:24 下次操作: 2021-07-19 01:33:36

2021-07-19 01:33:36 开始第 28 次操作

2021-07-19 01:33:36 开始操作号码 【1358017】
2021-07-19 01:34:13 GSD getOne 第 1 次 等待 3 秒
2021-07-19 01:34:16 查询号码 【1358017】，返回信息 {"status":"bad","msg":""}
2021-07-19 01:34:16 查询号码 【1358017】，GSD为【""】
2021-07-19 01:34:16 bad
2021-07-19 01:34:18 CHB 1358017?1626629656 第 1 次 等待 3 秒
2021-07-19 01:34:21 CHB 1358017?1626629656 第 1 次 获取到号码【1358017】GSD
2021-07-19 01:34:21 获取到号码【1358017】的GSD为【广东-揭阳】
2021-07-19 01:34:26 GSD insert 第 1 次 等待 3 秒
2021-07-19 01:34:29 {"status":"ok","gid":321132,"msg":"添加成功！"}
2021-07-19 01:34:29 下次操作: 2021-07-19 01:34:47

2021-07-19 01:34:47 开始第 29 次操作

2021-07-19 01:34:47 开始操作号码 【1358016】
2021-07-19 01:34:53 GSD getOne 第 1 次 等待 3 秒
2021-07-19 01:34:56 查询号码 【1358016】，返回信息 {"status":"bad","msg":""}
2021-07-19 01:34:56 查询号码 【1358016】，GSD为【""】
2021-07-19 01:34:56 bad
2021-07-19 01:34:58 CHB 1358016?1626629696 第 1 次 等待 3 秒
2021-07-19 01:35:01 CHB 1358016?1626629696 第 1 次 获取到号码【1358016】GSD
2021-07-19 01:35:01 获取到号码【1358016】的GSD为【广东-揭阳】
2021-07-19 01:35:04 GSD insert 第 1 次 等待 3 秒
2021-07-19 01:35:07 {"status":"ok","gid":321137,"msg":"添加成功！"}
2021-07-19 01:35:07 下次操作: 2021-07-19 01:35:20

2021-07-19 01:35:20 开始第 30 次操作

2021-07-19 01:35:20 开始操作号码 【1358015】
2021-07-19 01:35:25 GSD getOne 第 1 次 等待 3 秒
2021-07-19 01:35:28 查询号码 【1358015】，返回信息 {"status":"bad","msg":""}
2021-07-19 01:35:28 查询号码 【1358015】，GSD为【""】
2021-07-19 01:35:28 bad
2021-07-19 01:35:30 CHB 1358015?1626629728 第 1 次 等待 3 秒
2021-07-19 01:35:33 CHB 1358015?1626629728 第 1 次 获取到号码【1358015】GSD
2021-07-19 01:35:33 获取到号码【1358015】的GSD为【广东-揭阳】
2021-07-19 01:35:36 GSD insert 第 1 次 等待 3 秒
2021-07-19 01:35:39 {"status":"ok","gid":321140,"msg":"添加成功！"}
2021-07-19 01:35:39 下次操作: 2021-07-19 01:35:59

2021-07-19 01:35:59 开始第 31 次操作

2021-07-19 01:35:59 开始操作号码 【1358014】
2021-07-19 01:36:02 GSD getOne 第 1 次 等待 3 秒
2021-07-19 01:36:05 查询号码 【1358014】，返回信息 {"status":"bad","msg":""}
2021-07-19 01:36:05 查询号码 【1358014】，GSD为【""】
2021-07-19 01:36:05 bad
2021-07-19 01:36:07 CHB 1358014?1626629765 第 1 次 等待 3 秒
2021-07-19 01:36:10 CHB 1358014?1626629765 第 1 次 获取到号码【1358014】GSD
2021-07-19 01:36:10 获取到号码【1358014】的GSD为【广东-韶关】
2021-07-19 01:36:39 GSD insert 第 1 次 等待 3 秒
2021-07-19 01:36:42 {"status":"ok","gid":321151,"msg":"添加成功！"}
2021-07-19 01:36:42 下次操作: 2021-07-19 01:37:02

2021-07-19 01:37:02 开始第 32 次操作

2021-07-19 01:37:02 开始操作号码 【1358013】
2021-07-19 01:37:09 GSD getOne 第 1 次 等待 3 秒
2021-07-19 01:37:12 查询号码 【1358013】，返回信息 {"status":"bad","msg":""}
2021-07-19 01:37:12 查询号码 【1358013】，GSD为【""】
2021-07-19 01:37:12 bad
2021-07-19 01:37:14 CHB 1358013?1626629832 第 1 次 等待 3 秒
2021-07-19 01:37:17 CHB 1358013?1626629832 第 1 次 获取到号码【1358013】GSD
2021-07-19 01:37:17 获取到号码【1358013】的GSD为【广东-韶关】
2021-07-19 01:37:25 GSD insert 第 1 次 等待 3 秒
2021-07-19 01:37:28 {"status":"ok","gid":321161,"msg":"添加成功！"}
2021-07-19 01:37:28 下次操作: 2021-07-19 01:37:46

2021-07-19 01:37:46 开始第 33 次操作

2021-07-19 01:37:46 开始操作号码 【1358012】
2021-07-19 01:37:52 GSD getOne 第 1 次 等待 3 秒
2021-07-19 01:37:55 查询号码 【1358012】，返回信息 {"status":"ok","msg":"广东-韶关","gid":"6947","time_insert":"2018-10-18 20:43","time_update":"2020-09-26 19:44"}
2021-07-19 01:37:55 查询号码 【1358012】，GSD为【"广东-韶关"】

2021-07-19 01:37:55 开始第 33 次操作

2021-07-19 01:37:55 开始操作号码 【1358011】
2021-07-19 01:38:00 GSD getOne 第 1 次 等待 3 秒
2021-07-19 01:38:03 查询号码 【1358011】，返回信息 {"status":"bad","msg":""}
2021-07-19 01:38:03 查询号码 【1358011】，GSD为【""】
2021-07-19 01:38:03 bad
2021-07-19 01:38:04 CHB 1358011?1626629883 第 1 次 等待 3 秒
2021-07-19 01:38:07 CHB 1358011?1626629883 第 1 次 获取到号码【1358011】GSD
2021-07-19 01:38:07 获取到号码【1358011】的GSD为【广东-韶关】
2021-07-19 01:38:12 GSD insert 第 1 次 等待 3 秒
2021-07-19 01:38:15 {"status":"ok","gid":321169,"msg":"添加成功！"}
2021-07-19 01:38:15 下次操作: 2021-07-19 01:38:33

2021-07-19 01:38:33 开始第 34 次操作

2021-07-19 01:38:33 开始操作号码 【1358010】
2021-07-19 01:38:35 GSD getOne 第 1 次 等待 3 秒
2021-07-19 01:38:38 查询号码 【1358010】，返回信息 {"status":"bad","msg":""}
2021-07-19 01:38:38 查询号码 【1358010】，GSD为【""】
2021-07-19 01:38:38 bad
2021-07-19 01:38:40 CHB 1358010?1626629918 第 1 次 等待 3 秒
2021-07-19 01:38:43 CHB 1358010?1626629918 第 1 次 获取到号码【1358010】GSD
2021-07-19 01:38:43 获取到号码【1358010】的GSD为【广东-韶关】
2021-07-19 01:38:47 GSD insert 第 1 次 等待 3 秒
2021-07-19 01:38:50 {"status":"ok","gid":321175,"msg":"添加成功！"}
2021-07-19 01:38:50 下次操作: 2021-07-19 01:39:04

2021-07-19 01:39:04 开始第 35 次操作

2021-07-19 01:39:04 开始操作号码 【1358009】
2021-07-19 01:39:17 GSD getOne 第 1 次 等待 3 秒
2021-07-19 01:39:20 查询号码 【1358009】，返回信息 {"status":"bad","msg":""}
2021-07-19 01:39:20 查询号码 【1358009】，GSD为【""】
2021-07-19 01:39:20 bad
2021-07-19 01:39:22 CHB 1358009?1626629960 第 1 次 等待 3 秒
2021-07-19 01:39:25 CHB 1358009?1626629960 第 1 次 获取到号码【1358009】GSD
2021-07-19 01:39:25 获取到号码【1358009】的GSD为【广东-茂名】
2021-07-19 01:39:43 GSD insert 第 1 次 等待 3 秒
2021-07-19 01:39:46 {"status":"ok","gid":321185,"msg":"添加成功！"}
2021-07-19 01:39:46 下次操作: 2021-07-19 01:39:59

2021-07-19 01:39:59 开始第 36 次操作

2021-07-19 01:39:59 开始操作号码 【1358008】
2021-07-19 01:40:02 GSD getOne 第 1 次 等待 3 秒
2021-07-19 01:40:05 查询号码 【1358008】，返回信息 {"status":"bad","msg":""}
2021-07-19 01:40:05 查询号码 【1358008】，GSD为【""】
2021-07-19 01:40:05 bad
2021-07-19 01:40:06 CHB 1358008?1626630005 第 1 次 等待 3 秒
2021-07-19 01:40:09 CHB 1358008?1626630005 第 1 次 获取到号码【1358008】GSD
2021-07-19 01:40:09 获取到号码【1358008】的GSD为【广东-茂名】
2021-07-19 01:40:27 GSD insert 第 1 次 等待 3 秒
2021-07-19 01:40:30 {"status":"ok","gid":321194,"msg":"添加成功！"}
2021-07-19 01:40:30 下次操作: 2021-07-19 01:40:50

2021-07-19 01:40:50 开始第 37 次操作

2021-07-19 01:40:50 开始操作号码 【1358007】
2021-07-19 01:40:55 GSD getOne 第 1 次 等待 3 秒
2021-07-19 01:40:58 查询号码 【1358007】，返回信息 {"status":"bad","msg":""}
2021-07-19 01:40:58 查询号码 【1358007】，GSD为【""】
2021-07-19 01:40:58 bad
2021-07-19 01:40:59 CHB 1358007?1626630058 第 1 次 等待 3 秒
2021-07-19 01:41:02 CHB 1358007?1626630058 第 1 次 获取到号码【1358007】GSD
2021-07-19 01:41:02 获取到号码【1358007】的GSD为【广东-茂名】
2021-07-19 01:41:20 GSD insert 第 1 次 等待 3 秒
2021-07-19 01:41:23 {"status":"ok","gid":321199,"msg":"添加成功！"}
2021-07-19 01:41:23 下次操作: 2021-07-19 01:41:37

2021-07-19 01:41:37 开始第 38 次操作

2021-07-19 01:41:37 开始操作号码 【1358006】
2021-07-19 01:41:40 GSD getOne 第 1 次 等待 3 秒
2021-07-19 01:41:43 查询号码 【1358006】，返回信息 {"status":"bad","msg":""}
2021-07-19 01:41:43 查询号码 【1358006】，GSD为【""】
2021-07-19 01:41:43 bad
2021-07-19 01:41:45 CHB 1358006?1626630103 第 1 次 等待 3 秒
2021-07-19 01:41:48 CHB 1358006?1626630103 第 1 次 获取到号码【1358006】GSD
2021-07-19 01:41:48 获取到号码【1358006】的GSD为【广东-茂名】
2021-07-19 01:41:54 GSD insert 第 1 次 等待 3 秒
2021-07-19 01:41:57 {"status":"ok","gid":321209,"msg":"添加成功！"}
2021-07-19 01:41:57 下次操作: 2021-07-19 01:42:15

2021-07-19 01:42:15 开始第 39 次操作

2021-07-19 01:42:15 开始操作号码 【1358005】
2021-07-19 01:42:18 GSD getOne 第 1 次 等待 3 秒
2021-07-19 01:42:21 查询号码 【1358005】，返回信息 {"status":"bad","msg":""}
2021-07-19 01:42:21 查询号码 【1358005】，GSD为【""】
2021-07-19 01:42:21 bad
2021-07-19 01:42:23 CHB 1358005?1626630141 第 1 次 等待 3 秒
2021-07-19 01:42:26 CHB 1358005?1626630141 第 1 次 获取到号码【1358005】GSD
2021-07-19 01:42:26 获取到号码【1358005】的GSD为【广东-茂名】
2021-07-19 01:42:29 GSD insert 第 1 次 等待 3 秒
2021-07-19 01:42:32 {"status":"ok","gid":321214,"msg":"添加成功！"}
2021-07-19 01:42:32 下次操作: 2021-07-19 01:42:55

2021-07-19 01:42:55 开始第 40 次操作

2021-07-19 01:42:55 开始操作号码 【1358004】
2021-07-19 01:42:58 GSD getOne 第 1 次 等待 3 秒
2021-07-19 01:43:01 查询号码 【1358004】，返回信息 {"status":"bad","msg":""}
2021-07-19 01:43:01 查询号码 【1358004】，GSD为【""】
2021-07-19 01:43:01 bad
2021-07-19 01:43:03 CHB 1358004?1626630181 第 1 次 等待 3 秒
2021-07-19 01:43:06 CHB 1358004?1626630181 第 1 次 获取到号码【1358004】GSD
2021-07-19 01:43:06 获取到号码【1358004】的GSD为【广东-茂名】
2021-07-19 01:43:09 GSD insert 第 1 次 等待 3 秒
2021-07-19 01:43:12 {"status":"ok","gid":321224,"msg":"添加成功！"}

