2024-02-25 00:19:13 开始第 5477 次操作

2024-02-25 00:19:13 开始操作号码 【1695390】
2024-02-25 00:19:21 GSD getOne 第 1 次 等待 3 秒
2024-02-25 00:19:24 查询号码 【1695390】，返回信息 {"status":"ok","msg":"-","gid":"647687","time_insert":"2023-04-11 18:14"}
2024-02-25 00:19:24 查询号码 【1695390】，GSD为【"-"】
2024-02-25 00:19:24 ok && -
2024-02-25 00:19:27 CHB 1695390?1708791564 第 1 次 等待 3 秒
2024-02-25 00:19:30 CHB 1695390?1708791564 第 1 次 获取到号码【1695390】GSD
2024-02-25 00:19:30 未获取到号码【1695390】GSD，可能号码格式错误
2024-02-25 00:19:30 获取到号码【1695390】的GSD为【-】
2024-02-25 00:19:37 GSD insert 第 1 次 等待 3 秒
2024-02-25 00:19:40 {"status":"bad","gid":"647687","msg":"添加失败！号码【1695390(-|-)】已存在！"}
2024-02-25 00:19:40 随机等待 151 秒，约 2 分钟
2024-02-25 00:19:40 下次操作: 2024-02-25 00:22:11

2024-02-25 00:22:11 开始第 5478 次操作

2024-02-25 00:22:11 开始操作号码 【1695391】
2024-02-25 00:22:16 GSD getOne 第 1 次 等待 3 秒
2024-02-25 00:22:19 查询号码 【1695391】，返回信息 {"status":"ok","msg":"-","gid":"647695","time_insert":"2023-04-11 18:17"}
2024-02-25 00:22:19 查询号码 【1695391】，GSD为【"-"】
2024-02-25 00:22:19 ok && -
2024-02-25 00:22:22 CHB 1695391?1708791739 第 1 次 等待 3 秒
2024-02-25 00:22:25 CHB 1695391?1708791739 第 1 次 获取到号码【1695391】GSD
2024-02-25 00:22:25 未获取到号码【1695391】GSD，可能号码格式错误
2024-02-25 00:22:25 获取到号码【1695391】的GSD为【-】
2024-02-25 00:22:30 GSD insert 第 1 次 等待 3 秒
2024-02-25 00:22:33 {"status":"bad","gid":"647695","msg":"添加失败！号码【1695391(-|-)】已存在！"}
2024-02-25 00:22:33 随机等待 146 秒，约 2 分钟
2024-02-25 00:22:33 下次操作: 2024-02-25 00:24:59

2024-02-25 00:24:59 开始第 5479 次操作

2024-02-25 00:24:59 开始操作号码 【1695392】
2024-02-25 00:25:05 GSD getOne 第 1 次 等待 3 秒
2024-02-25 00:25:08 查询号码 【1695392】，返回信息 {"status":"ok","msg":"-","gid":"647703","time_insert":"2023-04-11 18:27"}
2024-02-25 00:25:08 查询号码 【1695392】，GSD为【"-"】
2024-02-25 00:25:08 ok && -
2024-02-25 00:25:11 CHB 1695392?1708791908 第 1 次 等待 3 秒
2024-02-25 00:25:14 CHB 1695392?1708791908 第 1 次 获取到号码【1695392】GSD
2024-02-25 00:25:14 未获取到号码【1695392】GSD，可能号码格式错误
2024-02-25 00:25:14 获取到号码【1695392】的GSD为【-】
2024-02-25 00:25:19 GSD insert 第 1 次 等待 3 秒
2024-02-25 00:25:22 {"status":"bad","gid":"647703","msg":"添加失败！号码【1695392(-|-)】已存在！"}
2024-02-25 00:25:22 随机等待 73 秒，约 1 分钟
2024-02-25 00:25:22 下次操作: 2024-02-25 00:26:35

2024-02-25 00:26:35 开始第 5480 次操作

2024-02-25 00:26:35 开始操作号码 【1695393】
2024-02-25 00:26:40 GSD getOne 第 1 次 等待 3 秒
2024-02-25 00:26:43 查询号码 【1695393】，返回信息 {"status":"ok","msg":"-","gid":"647709","time_insert":"2023-04-11 18:29"}
2024-02-25 00:26:43 查询号码 【1695393】，GSD为【"-"】
2024-02-25 00:26:43 ok && -
2024-02-25 00:26:46 CHB 1695393?1708792003 第 1 次 等待 3 秒
2024-02-25 00:26:49 CHB 1695393?1708792003 第 1 次 获取到号码【1695393】GSD
2024-02-25 00:26:49 未获取到号码【1695393】GSD，可能号码格式错误
2024-02-25 00:26:49 获取到号码【1695393】的GSD为【-】
2024-02-25 00:26:55 GSD insert 第 1 次 等待 3 秒
2024-02-25 00:26:58 {"status":"bad","gid":"647709","msg":"添加失败！号码【1695393(-|-)】已存在！"}

2024-02-25 00:37:50 开始第 5481 次操作

2024-02-25 00:37:50 开始操作号码 【1695394】
2024-02-25 00:37:56 GSD getOne 第 1 次 等待 3 秒
2024-02-25 00:37:59 查询号码 【1695394】，返回信息 {"status":"ok","msg":"-","gid":"647712","time_insert":"2023-04-11 18:31"}
2024-02-25 00:37:59 查询号码 【1695394】，GSD为【"-"】
2024-02-25 00:37:59 ok && -
2024-02-25 00:40:02 CHB 1695394?1708792679 第 1 次 等待 3 秒
2024-02-25 00:40:05 CHB 1695394?1708792679 第 1 次 未获取到 等待 225 秒 下次操作: 2024-02-25 00:43:50
2024-02-25 00:43:53 CHB 1695394?1708793030 第 2 次 等待 3 秒
2024-02-25 00:43:56 CHB 1695394?1708793030 第 2 次 获取到号码【1695394】GSD
2024-02-25 00:43:56 未获取到号码【1695394】GSD，可能号码格式错误
2024-02-25 00:43:56 获取到号码【1695394】的GSD为【-】
2024-02-25 00:44:02 GSD insert 第 1 次 等待 3 秒
2024-02-25 00:44:05 {"status":"bad","gid":"647712","msg":"添加失败！号码【1695394(-|-)】已存在！"}
2024-02-25 00:44:05 随机等待 199 秒，约 3 分钟
2024-02-25 00:44:05 下次操作: 2024-02-25 00:47:24

2024-02-25 00:47:24 开始第 5482 次操作

2024-02-25 00:47:24 开始操作号码 【1695395】
2024-02-25 00:47:28 GSD getOne 第 1 次 等待 3 秒
2024-02-25 00:47:31 查询号码 【1695395】，返回信息 {"status":"ok","msg":"-","gid":"647714","time_insert":"2023-04-11 18:32"}
2024-02-25 00:47:32 查询号码 【1695395】，GSD为【"-"】
2024-02-25 00:47:32 ok && -
2024-02-25 00:47:34 CHB 1695395?1708793252 第 1 次 等待 3 秒
2024-02-25 00:47:37 CHB 1695395?1708793252 第 1 次 获取到号码【1695395】GSD
2024-02-25 00:47:37 未获取到号码【1695395】GSD，可能号码格式错误
2024-02-25 00:47:37 获取到号码【1695395】的GSD为【-】
2024-02-25 00:47:42 GSD insert 第 1 次 等待 3 秒
2024-02-25 00:47:45 {"status":"bad","gid":"647714","msg":"添加失败！号码【1695395(-|-)】已存在！"}
2024-02-25 00:47:45 随机等待 128 秒，约 2 分钟
2024-02-25 00:47:45 下次操作: 2024-02-25 00:49:53

2024-02-25 00:49:53 开始第 5483 次操作

2024-02-25 00:49:53 开始操作号码 【1695396】
2024-02-25 00:49:58 GSD getOne 第 1 次 等待 3 秒
2024-02-25 00:50:01 查询号码 【1695396】，返回信息 {"status":"ok","msg":"-","gid":"647718","time_insert":"2023-04-11 18:35"}
2024-02-25 00:50:01 查询号码 【1695396】，GSD为【"-"】
2024-02-25 00:50:01 ok && -
2024-02-25 00:50:03 CHB 1695396?1708793401 第 1 次 等待 3 秒
2024-02-25 00:50:06 CHB 1695396?1708793401 第 1 次 获取到号码【1695396】GSD
2024-02-25 00:50:06 未获取到号码【1695396】GSD，可能号码格式错误
2024-02-25 00:50:06 获取到号码【1695396】的GSD为【-】
2024-02-25 00:50:10 GSD insert 第 1 次 等待 3 秒
2024-02-25 00:50:13 {"status":"bad","gid":"647718","msg":"添加失败！号码【1695396(-|-)】已存在！"}
2024-02-25 00:50:13 随机等待 185 秒，约 3 分钟
2024-02-25 00:50:13 下次操作: 2024-02-25 00:53:18

2024-02-25 00:53:18 开始第 5484 次操作

2024-02-25 00:53:18 开始操作号码 【1695397】
2024-02-25 00:53:24 GSD getOne 第 1 次 等待 3 秒
2024-02-25 00:53:27 查询号码 【1695397】，返回信息 {"status":"ok","msg":"-","gid":"647722","time_insert":"2023-04-11 18:36"}
2024-02-25 00:53:27 查询号码 【1695397】，GSD为【"-"】
2024-02-25 00:53:27 ok && -
2024-02-25 00:53:29 CHB 1695397?1708793607 第 1 次 等待 3 秒
2024-02-25 00:53:32 CHB 1695397?1708793607 第 1 次 获取到号码【1695397】GSD
2024-02-25 00:53:32 未获取到号码【1695397】GSD，可能号码格式错误
2024-02-25 00:53:32 获取到号码【1695397】的GSD为【-】
2024-02-25 00:53:37 GSD insert 第 1 次 等待 3 秒
2024-02-25 00:53:40 {"status":"bad","gid":"647722","msg":"添加失败！号码【1695397(-|-)】已存在！"}

