2024-03-14 00:20:40 开始第 8625 次操作

2024-03-14 00:20:40 开始操作号码 【1698538】
2024-03-14 00:20:46 GSD getOne 第 1 次 等待 3 秒
2024-03-14 00:20:49 查询号码 【1698538】，返回信息 {"status":"ok","msg":"-","gid":"650292","time_insert":"2023-04-12 23:16"}
2024-03-14 00:20:49 查询号码 【1698538】，GSD为【"-"】
2024-03-14 00:20:49 ok && -
2024-03-14 00:20:52 CHB 1698538?1710346849 第 1 次 等待 3 秒
2024-03-14 00:20:55 CHB 1698538?1710346849 第 1 次 获取到号码【1698538】GSD
2024-03-14 00:20:55 未获取到号码【1698538】GSD，可能号码格式错误
2024-03-14 00:20:55 获取到号码【1698538】的GSD为【-】
2024-03-14 00:21:00 GSD insert 第 1 次 等待 3 秒
2024-03-14 00:21:03 {"status":"bad","gid":"650292","msg":"添加失败！号码【1698538(-|-)】已存在！"}
2024-03-14 00:21:03 随机等待 84 秒，约 1 分钟
2024-03-14 00:21:03 下次操作: 2024-03-14 00:22:27

2024-03-14 00:22:27 开始第 8626 次操作

2024-03-14 00:22:27 开始操作号码 【1698539】
2024-03-14 00:22:32 GSD getOne 第 1 次 等待 3 秒
2024-03-14 00:22:35 查询号码 【1698539】，返回信息 {"status":"ok","msg":"-","gid":"650289","time_insert":"2023-04-12 23:14"}
2024-03-14 00:22:35 查询号码 【1698539】，GSD为【"-"】
2024-03-14 00:22:35 ok && -
2024-03-14 00:22:38 CHB 1698539?1710346955 第 1 次 等待 3 秒
2024-03-14 00:22:41 CHB 1698539?1710346955 第 1 次 获取到号码【1698539】GSD
2024-03-14 00:22:41 未获取到号码【1698539】GSD，可能号码格式错误
2024-03-14 00:22:41 获取到号码【1698539】的GSD为【-】
2024-03-14 00:22:45 GSD insert 第 1 次 等待 3 秒
2024-03-14 00:22:48 {"status":"bad","gid":"650289","msg":"添加失败！号码【1698539(-|-)】已存在！"}
2024-03-14 00:22:48 随机等待 209 秒，约 3 分钟
2024-03-14 00:22:48 下次操作: 2024-03-14 00:26:17

2024-03-14 00:26:17 开始第 8627 次操作

2024-03-14 00:26:17 开始操作号码 【1698540】
2024-03-14 00:26:24 GSD getOne 第 1 次 等待 3 秒
2024-03-14 00:26:27 查询号码 【1698540】，返回信息 {"status":"ok","msg":"-","gid":"650274","time_insert":"2023-04-12 23:03"}
2024-03-14 00:26:27 查询号码 【1698540】，GSD为【"-"】
2024-03-14 00:26:27 ok && -
2024-03-14 00:26:30 CHB 1698540?1710347187 第 1 次 等待 3 秒
2024-03-14 00:26:33 CHB 1698540?1710347187 第 1 次 获取到号码【1698540】GSD
2024-03-14 00:26:33 未获取到号码【1698540】GSD，可能号码格式错误
2024-03-14 00:26:33 获取到号码【1698540】的GSD为【-】
2024-03-14 00:26:39 GSD insert 第 1 次 等待 3 秒
2024-03-14 00:26:42 {"status":"bad","gid":"650274","msg":"添加失败！号码【1698540(-|-)】已存在！"}
2024-03-14 00:26:42 随机等待 121 秒，约 2 分钟
2024-03-14 00:26:42 下次操作: 2024-03-14 00:28:43

2024-03-14 00:28:43 开始第 8628 次操作

2024-03-14 00:28:43 开始操作号码 【1698541】
2024-03-14 00:28:48 GSD getOne 第 1 次 等待 3 秒
2024-03-14 00:28:51 查询号码 【1698541】，返回信息 {"status":"ok","msg":"-","gid":"650273","time_insert":"2023-04-12 23:01"}
2024-03-14 00:28:51 查询号码 【1698541】，GSD为【"-"】
2024-03-14 00:28:51 ok && -
2024-03-14 00:28:53 CHB 1698541?1710347331 第 1 次 等待 3 秒
2024-03-14 00:28:56 CHB 1698541?1710347331 第 1 次 获取到号码【1698541】GSD
2024-03-14 00:28:57 未获取到号码【1698541】GSD，可能号码格式错误
2024-03-14 00:28:57 获取到号码【1698541】的GSD为【-】
2024-03-14 00:29:01 GSD insert 第 1 次 等待 3 秒
2024-03-14 00:29:04 {"status":"bad","gid":"650273","msg":"添加失败！号码【1698541(-|-)】已存在！"}

