2024-02-29 00:21:36 开始第 6193 次操作

2024-02-29 00:21:36 开始操作号码 【1696106】
2024-02-29 00:21:40 GSD getOne 第 1 次 等待 3 秒
2024-02-29 00:21:43 查询号码 【1696106】，返回信息 {"status":"ok","msg":"-","gid":"651569","time_insert":"2023-04-13 13:14"}
2024-02-29 00:21:43 查询号码 【1696106】，GSD为【"-"】
2024-02-29 00:21:43 ok && -
2024-02-29 00:21:45 CHB 1696106?1709137303 第 1 次 等待 3 秒
2024-02-29 00:21:48 CHB 1696106?1709137303 第 1 次 获取到号码【1696106】GSD
2024-02-29 00:21:48 未获取到号码【1696106】GSD，可能号码格式错误
2024-02-29 00:21:48 获取到号码【1696106】的GSD为【-】
2024-02-29 00:21:52 GSD insert 第 1 次 等待 3 秒
2024-02-29 00:21:55 {"status":"bad","gid":"651569","msg":"添加失败！号码【1696106(-|-)】已存在！"}
2024-02-29 00:21:55 随机等待 76 秒，约 1 分钟
2024-02-29 00:21:55 下次操作: 2024-02-29 00:23:11

2024-02-29 00:23:11 开始第 6194 次操作

2024-02-29 00:23:11 开始操作号码 【1696107】
2024-02-29 00:23:15 GSD getOne 第 1 次 等待 3 秒
2024-02-29 00:23:18 查询号码 【1696107】，返回信息 {"status":"ok","msg":"-","gid":"651572","time_insert":"2023-04-13 13:15"}
2024-02-29 00:23:18 查询号码 【1696107】，GSD为【"-"】
2024-02-29 00:23:18 ok && -
2024-02-29 00:23:20 CHB 1696107?1709137398 第 1 次 等待 3 秒
2024-02-29 00:23:23 CHB 1696107?1709137398 第 1 次 获取到号码【1696107】GSD
2024-02-29 00:23:23 未获取到号码【1696107】GSD，可能号码格式错误
2024-02-29 00:23:23 获取到号码【1696107】的GSD为【-】
2024-02-29 00:23:27 GSD insert 第 1 次 等待 3 秒
2024-02-29 00:23:30 {"status":"bad","gid":"651572","msg":"添加失败！号码【1696107(-|-)】已存在！"}
2024-02-29 00:23:30 随机等待 180 秒，约 3 分钟
2024-02-29 00:23:30 下次操作: 2024-02-29 00:26:30

2024-02-29 00:26:30 开始第 6195 次操作

2024-02-29 00:26:30 开始操作号码 【1696108】
2024-02-29 00:26:34 GSD getOne 第 1 次 等待 3 秒
2024-02-29 00:26:37 查询号码 【1696108】，返回信息 {"status":"ok","msg":"-","gid":"651578","time_insert":"2023-04-13 13:22"}
2024-02-29 00:26:37 查询号码 【1696108】，GSD为【"-"】
2024-02-29 00:26:37 ok && -
2024-02-29 00:26:39 CHB 1696108?1709137597 第 1 次 等待 3 秒
2024-02-29 00:26:42 CHB 1696108?1709137597 第 1 次 获取到号码【1696108】GSD
2024-02-29 00:26:42 未获取到号码【1696108】GSD，可能号码格式错误
2024-02-29 00:26:42 获取到号码【1696108】的GSD为【-】
2024-02-29 00:26:46 GSD insert 第 1 次 等待 3 秒
2024-02-29 00:26:49 {"status":"bad","gid":"651578","msg":"添加失败！号码【1696108(-|-)】已存在！"}
2024-02-29 00:26:49 随机等待 180 秒，约 3 分钟
2024-02-29 00:26:49 下次操作: 2024-02-29 00:29:49

2024-02-29 00:29:49 开始第 6196 次操作

2024-02-29 00:29:49 开始操作号码 【1696109】
2024-02-29 00:29:53 GSD getOne 第 1 次 等待 3 秒
2024-02-29 00:29:56 查询号码 【1696109】，返回信息 {"status":"ok","msg":"-","gid":"651583","time_insert":"2023-04-13 13:25"}
2024-02-29 00:29:56 查询号码 【1696109】，GSD为【"-"】
2024-02-29 00:29:56 ok && -
2024-02-29 00:29:58 CHB 1696109?1709137796 第 1 次 等待 3 秒
2024-02-29 00:30:01 CHB 1696109?1709137796 第 1 次 获取到号码【1696109】GSD
2024-02-29 00:30:01 未获取到号码【1696109】GSD，可能号码格式错误
2024-02-29 00:30:01 获取到号码【1696109】的GSD为【-】
2024-02-29 00:30:05 GSD insert 第 1 次 等待 3 秒
2024-02-29 00:30:08 {"status":"bad","gid":"651583","msg":"添加失败！号码【1696109(-|-)】已存在！"}

2024-02-29 00:39:11 开始第 6197 次操作

2024-02-29 00:39:11 开始操作号码 【1696110】
2024-02-29 00:39:18 GSD getOne 第 1 次 等待 3 秒
2024-02-29 00:39:21 查询号码 【1696110】，返回信息 {"status":"ok","msg":"-","gid":"651587","time_insert":"2023-04-13 13:28"}
2024-02-29 00:39:21 查询号码 【1696110】，GSD为【"-"】
2024-02-29 00:39:21 ok && -
2024-02-29 00:39:23 CHB 1696110?1709138361 第 1 次 等待 3 秒
2024-02-29 00:39:26 CHB 1696110?1709138361 第 1 次 获取到号码【1696110】GSD
2024-02-29 00:39:26 未获取到号码【1696110】GSD，可能号码格式错误
2024-02-29 00:39:26 获取到号码【1696110】的GSD为【-】
2024-02-29 00:39:31 GSD insert 第 1 次 等待 3 秒
2024-02-29 00:39:34 {"status":"bad","gid":"651587","msg":"添加失败！号码【1696110(-|-)】已存在！"}
2024-02-29 00:39:34 随机等待 82 秒，约 1 分钟
2024-02-29 00:39:34 下次操作: 2024-02-29 00:40:56

2024-02-29 00:40:56 开始第 6198 次操作

2024-02-29 00:40:56 开始操作号码 【1696111】
2024-02-29 00:41:00 GSD getOne 第 1 次 等待 3 秒
2024-02-29 00:41:03 查询号码 【1696111】，返回信息 {"status":"ok","msg":"-","gid":"651593","time_insert":"2023-04-13 13:30"}
2024-02-29 00:41:03 查询号码 【1696111】，GSD为【"-"】
2024-02-29 00:41:03 ok && -
2024-02-29 00:41:06 CHB 1696111?1709138463 第 1 次 等待 3 秒
2024-02-29 00:41:09 CHB 1696111?1709138463 第 1 次 获取到号码【1696111】GSD
2024-02-29 00:41:09 未获取到号码【1696111】GSD，可能号码格式错误
2024-02-29 00:41:09 获取到号码【1696111】的GSD为【-】
2024-02-29 00:41:13 GSD insert 第 1 次 等待 3 秒
2024-02-29 00:41:16 {"status":"bad","gid":"651593","msg":"添加失败！号码【1696111(-|-)】已存在！"}
2024-02-29 00:41:16 随机等待 168 秒，约 2 分钟
2024-02-29 00:41:16 下次操作: 2024-02-29 00:44:04

2024-02-29 00:44:04 开始第 6199 次操作

2024-02-29 00:44:04 开始操作号码 【1696112】
2024-02-29 00:44:09 GSD getOne 第 1 次 等待 3 秒
2024-02-29 00:44:12 查询号码 【1696112】，返回信息 {"status":"ok","msg":"-","gid":"651598","time_insert":"2023-04-13 13:33"}
2024-02-29 00:44:12 查询号码 【1696112】，GSD为【"-"】
2024-02-29 00:44:12 ok && -
2024-02-29 00:44:15 CHB 1696112?1709138652 第 1 次 等待 3 秒
2024-02-29 00:44:18 CHB 1696112?1709138652 第 1 次 获取到号码【1696112】GSD
2024-02-29 00:44:18 未获取到号码【1696112】GSD，可能号码格式错误
2024-02-29 00:44:18 获取到号码【1696112】的GSD为【-】
2024-02-29 00:44:22 GSD insert 第 1 次 等待 3 秒
2024-02-29 00:44:25 {"status":"bad","gid":"651598","msg":"添加失败！号码【1696112(-|-)】已存在！"}
2024-02-29 00:44:25 随机等待 74 秒，约 1 分钟
2024-02-29 00:44:25 下次操作: 2024-02-29 00:45:39

2024-02-29 00:45:39 开始第 6200 次操作

2024-02-29 00:45:39 开始操作号码 【1696113】
2024-02-29 00:45:45 GSD getOne 第 1 次 等待 3 秒
2024-02-29 00:45:48 查询号码 【1696113】，返回信息 {"status":"ok","msg":"-","gid":"651615","time_insert":"2023-04-13 13:45"}
2024-02-29 00:45:48 查询号码 【1696113】，GSD为【"-"】
2024-02-29 00:45:48 ok && -
2024-02-29 00:45:51 CHB 1696113?1709138748 第 1 次 等待 3 秒
2024-02-29 00:45:54 CHB 1696113?1709138748 第 1 次 获取到号码【1696113】GSD
2024-02-29 00:45:54 未获取到号码【1696113】GSD，可能号码格式错误
2024-02-29 00:45:54 获取到号码【1696113】的GSD为【-】
2024-02-29 00:45:58 GSD insert 第 1 次 等待 3 秒
2024-02-29 00:46:01 {"status":"bad","gid":"651615","msg":"添加失败！号码【1696113(-|-)】已存在！"}

