2024-01-12 00:23:47 开始第 8113 次操作

2024-01-12 00:23:47 开始操作号码 【1808028】
2024-01-12 00:23:51 GSD getOne 第 1 次 等待 3 秒
2024-01-12 00:23:54 查询号码 【1808028】，返回信息 {"status":"ok","msg":"四川-广安","gid":"32466","time_insert":"2017-05-24 09:54","time_update":"2020-11-02 17:27"}
2024-01-12 00:23:54 查询号码 【1808028】，GSD为【"四川-广安"】

2024-01-12 00:23:55 开始第 8114 次操作

2024-01-12 00:23:55 开始操作号码 【1808029】
2024-01-12 00:23:58 GSD getOne 第 1 次 等待 3 秒
2024-01-12 00:24:01 查询号码 【1808029】，返回信息 {"status":"ok","msg":"四川-广安","gid":"32467","time_insert":"2016-06-30 08:19","time_update":"2020-11-02 17:30"}
2024-01-12 00:24:01 查询号码 【1808029】，GSD为【"四川-广安"】

2024-01-12 00:24:02 开始第 8115 次操作

2024-01-12 00:24:02 开始操作号码 【1808030】
2024-01-12 00:24:06 GSD getOne 第 1 次 等待 3 秒
2024-01-12 00:24:09 查询号码 【1808030】，返回信息 {"status":"ok","msg":"四川-南充","gid":"32468","time_insert":"2014-12-10 22:30","time_update":"2020-11-02 17:34"}
2024-01-12 00:24:09 查询号码 【1808030】，GSD为【"四川-南充"】

2024-01-12 00:24:10 开始第 8116 次操作

2024-01-12 00:24:10 开始操作号码 【1808031】
2024-01-12 00:24:13 GSD getOne 第 1 次 等待 3 秒
2024-01-12 00:24:16 查询号码 【1808031】，返回信息 {"status":"ok","msg":"四川-南充","gid":"32469","time_insert":"2015-09-20 20:57","time_update":"2020-11-02 17:38"}
2024-01-12 00:24:16 查询号码 【1808031】，GSD为【"四川-南充"】

2024-01-12 00:42:16 开始第 8117 次操作

2024-01-12 00:42:16 开始操作号码 【1808032】
2024-01-12 00:42:21 GSD getOne 第 1 次 等待 3 秒
2024-01-12 00:42:24 查询号码 【1808032】，返回信息 {"status":"ok","msg":"四川-南充","gid":"32470","time_insert":"2014-08-16 17:28","time_update":"2020-11-02 17:43"}
2024-01-12 00:42:24 查询号码 【1808032】，GSD为【"四川-南充"】

2024-01-12 00:42:25 开始第 8118 次操作

2024-01-12 00:42:25 开始操作号码 【1808033】
2024-01-12 00:42:29 GSD getOne 第 1 次 等待 3 秒
2024-01-12 00:42:32 查询号码 【1808033】，返回信息 {"status":"ok","msg":"四川-南充","gid":"32471","time_insert":"2018-06-16 23:03","time_update":"2020-11-02 17:43"}
2024-01-12 00:42:32 查询号码 【1808033】，GSD为【"四川-南充"】

2024-01-12 00:42:33 开始第 8119 次操作

2024-01-12 00:42:33 开始操作号码 【1808034】
2024-01-12 00:42:36 GSD getOne 第 1 次 等待 3 秒
2024-01-12 00:42:39 查询号码 【1808034】，返回信息 {"status":"ok","msg":"四川-南充","gid":"32472","time_insert":"2016-06-24 21:56","time_update":"2020-11-02 17:48"}
2024-01-12 00:42:39 查询号码 【1808034】，GSD为【"四川-南充"】

2024-01-12 00:42:40 开始第 8120 次操作

2024-01-12 00:42:40 开始操作号码 【1808035】
2024-01-12 00:42:43 GSD getOne 第 1 次 等待 3 秒
2024-01-12 00:42:46 查询号码 【1808035】，返回信息 {"status":"ok","msg":"四川-南充","gid":"32473","time_insert":"2017-09-06 08:40","time_update":"2020-11-02 17:52"}
2024-01-12 00:42:46 查询号码 【1808035】，GSD为【"四川-南充"】

