2024-01-08 00:21:13 开始第 7413 次操作

2024-01-08 00:21:13 开始操作号码 【1807328】
2024-01-08 00:21:18 GSD getOne 第 1 次 等待 3 秒
2024-01-08 00:21:21 查询号码 【1807328】，返回信息 {"status":"ok","msg":"湖南-湘潭","gid":"334274","time_insert":"2021-07-20 06:53"}
2024-01-08 00:21:21 查询号码 【1807328】，GSD为【"湖南-湘潭"】

2024-01-08 00:21:22 开始第 7414 次操作

2024-01-08 00:21:22 开始操作号码 【1807329】
2024-01-08 00:21:25 GSD getOne 第 1 次 等待 3 秒
2024-01-08 00:21:28 查询号码 【1807329】，返回信息 {"status":"ok","msg":"湖南-湘潭","gid":"334283","time_insert":"2021-07-20 06:53"}
2024-01-08 00:21:28 查询号码 【1807329】，GSD为【"湖南-湘潭"】

2024-01-08 00:21:29 开始第 7415 次操作

2024-01-08 00:21:29 开始操作号码 【1807330】
2024-01-08 00:21:33 GSD getOne 第 1 次 等待 3 秒
2024-01-08 00:21:36 查询号码 【1807330】，返回信息 {"status":"ok","msg":"湖南-株洲","gid":"334289","time_insert":"2021-07-20 06:54"}
2024-01-08 00:21:36 查询号码 【1807330】，GSD为【"湖南-株洲"】

2024-01-08 00:21:37 开始第 7416 次操作

2024-01-08 00:21:37 开始操作号码 【1807331】
2024-01-08 00:21:40 GSD getOne 第 1 次 等待 3 秒
2024-01-08 00:21:43 查询号码 【1807331】，返回信息 {"status":"ok","msg":"湖南-株洲","gid":"334299","time_insert":"2021-07-20 06:54"}
2024-01-08 00:21:43 查询号码 【1807331】，GSD为【"湖南-株洲"】

2024-01-08 00:40:05 开始第 7417 次操作

2024-01-08 00:40:05 开始操作号码 【1807332】
2024-01-08 00:40:08 GSD getOne 第 1 次 等待 3 秒
2024-01-08 00:40:11 查询号码 【1807332】，返回信息 {"status":"ok","msg":"湖南-株洲","gid":"334312","time_insert":"2021-07-20 06:55"}
2024-01-08 00:40:11 查询号码 【1807332】，GSD为【"湖南-株洲"】

2024-01-08 00:40:12 开始第 7418 次操作

2024-01-08 00:40:12 开始操作号码 【1807333】
2024-01-08 00:40:15 GSD getOne 第 1 次 等待 3 秒
2024-01-08 00:40:18 查询号码 【1807333】，返回信息 {"status":"ok","msg":"湖南-株洲","gid":"334322","time_insert":"2021-07-20 06:55"}
2024-01-08 00:40:18 查询号码 【1807333】，GSD为【"湖南-株洲"】

2024-01-08 00:40:19 开始第 7419 次操作

2024-01-08 00:40:19 开始操作号码 【1807334】
2024-01-08 00:40:22 GSD getOne 第 1 次 等待 3 秒
2024-01-08 00:40:25 查询号码 【1807334】，返回信息 {"status":"ok","msg":"湖南-株洲","gid":"334331","time_insert":"2021-07-20 06:56"}
2024-01-08 00:40:26 查询号码 【1807334】，GSD为【"湖南-株洲"】

2024-01-08 00:40:27 开始第 7420 次操作

2024-01-08 00:40:27 开始操作号码 【1807335】
2024-01-08 00:40:30 GSD getOne 第 1 次 等待 3 秒
2024-01-08 00:40:33 查询号码 【1807335】，返回信息 {"status":"ok","msg":"湖南-株洲","gid":"334340","time_insert":"2021-07-20 06:56"}
2024-01-08 00:40:33 查询号码 【1807335】，GSD为【"湖南-株洲"】

2024-01-08 01:14:45 开始第 7421 次操作

2024-01-08 01:14:45 开始操作号码 【1807336】
2024-01-08 01:14:49 GSD getOne 第 1 次 等待 3 秒
2024-01-08 01:14:52 查询号码 【1807336】，返回信息 {"status":"ok","msg":"湖南-株洲","gid":"334350","time_insert":"2021-07-20 06:57"}
2024-01-08 01:14:52 查询号码 【1807336】，GSD为【"湖南-株洲"】

2024-01-08 01:14:53 开始第 7422 次操作

2024-01-08 01:14:53 开始操作号码 【1807337】
2024-01-08 01:14:56 GSD getOne 第 1 次 等待 3 秒
2024-01-08 01:14:59 查询号码 【1807337】，返回信息 {"status":"ok","msg":"湖南-株洲","gid":"334359","time_insert":"2021-07-20 06:58"}
2024-01-08 01:14:59 查询号码 【1807337】，GSD为【"湖南-株洲"】

2024-01-08 01:15:00 开始第 7423 次操作

2024-01-08 01:15:00 开始操作号码 【1807338】
2024-01-08 01:15:03 GSD getOne 第 1 次 等待 3 秒
2024-01-08 01:15:06 查询号码 【1807338】，返回信息 {"status":"ok","msg":"湖南-株洲","gid":"334372","time_insert":"2021-07-20 06:58"}
2024-01-08 01:15:06 查询号码 【1807338】，GSD为【"湖南-株洲"】

2024-01-08 01:15:07 开始第 7424 次操作

2024-01-08 01:15:07 开始操作号码 【1807339】
2024-01-08 01:15:10 GSD getOne 第 1 次 等待 3 秒
2024-01-08 01:15:13 查询号码 【1807339】，返回信息 {"status":"ok","msg":"湖南-株洲","gid":"334379","time_insert":"2021-07-20 06:59"}
2024-01-08 01:15:13 查询号码 【1807339】，GSD为【"湖南-株洲"】

2024-01-08 01:37:45 开始第 7425 次操作

2024-01-08 01:37:45 开始操作号码 【1807340】
2024-01-08 01:37:52 GSD getOne 第 1 次 等待 3 秒
2024-01-08 01:37:55 查询号码 【1807340】，返回信息 {"status":"ok","msg":"湖南-衡阳","gid":"334386","time_insert":"2021-07-20 06:59"}
2024-01-08 01:37:55 查询号码 【1807340】，GSD为【"湖南-衡阳"】

2024-01-08 01:37:56 开始第 7426 次操作

2024-01-08 01:37:56 开始操作号码 【1807341】
2024-01-08 01:38:00 GSD getOne 第 1 次 等待 3 秒
2024-01-08 01:38:03 查询号码 【1807341】，返回信息 {"status":"ok","msg":"湖南-衡阳","gid":"334392","time_insert":"2021-07-20 07:00"}
2024-01-08 01:38:03 查询号码 【1807341】，GSD为【"湖南-衡阳"】

2024-01-08 01:38:04 开始第 7427 次操作

2024-01-08 01:38:04 开始操作号码 【1807342】
2024-01-08 01:38:07 GSD getOne 第 1 次 等待 3 秒
2024-01-08 01:38:10 查询号码 【1807342】，返回信息 {"status":"ok","msg":"湖南-衡阳","gid":"32390","time_insert":"2017-01-01 12:22","time_update":"2020-09-23 12:04"}
2024-01-08 01:38:10 查询号码 【1807342】，GSD为【"湖南-衡阳"】

2024-01-08 01:38:11 开始第 7428 次操作

2024-01-08 01:38:11 开始操作号码 【1807343】
2024-01-08 01:38:14 GSD getOne 第 1 次 等待 3 秒
2024-01-08 01:38:17 查询号码 【1807343】，返回信息 {"status":"ok","msg":"湖南-衡阳","gid":"334399","time_insert":"2021-07-20 07:00"}
2024-01-08 01:38:17 查询号码 【1807343】，GSD为【"湖南-衡阳"】

