2024-01-21 00:22:05 开始第 9697 次操作

2024-01-21 00:22:05 开始操作号码 【1809612】
2024-01-21 00:22:09 GSD getOne 第 1 次 等待 3 秒
2024-01-21 00:22:12 查询号码 【1809612】，返回信息 {"status":"ok","msg":"贵州-贵阳","gid":"352567","time_insert":"2021-07-22 05:48"}
2024-01-21 00:22:12 查询号码 【1809612】，GSD为【"贵州-贵阳"】

2024-01-21 00:22:13 开始第 9698 次操作

2024-01-21 00:22:13 开始操作号码 【1809613】
2024-01-21 00:22:18 GSD getOne 第 1 次 等待 3 秒
2024-01-21 00:22:21 查询号码 【1809613】，返回信息 {"status":"ok","msg":"贵州-贵阳","gid":"33011","time_insert":"2014-10-06 22:21","time_update":"2020-11-21 16:36"}
2024-01-21 00:22:21 查询号码 【1809613】，GSD为【"贵州-贵阳"】

2024-01-21 00:22:22 开始第 9699 次操作

2024-01-21 00:22:22 开始操作号码 【1809614】
2024-01-21 00:22:26 GSD getOne 第 1 次 等待 3 秒
2024-01-21 00:22:29 查询号码 【1809614】，返回信息 {"status":"ok","msg":"贵州-贵阳","gid":"352577","time_insert":"2021-07-22 05:48"}
2024-01-21 00:22:29 查询号码 【1809614】，GSD为【"贵州-贵阳"】

2024-01-21 00:22:30 开始第 9700 次操作

2024-01-21 00:22:30 开始操作号码 【1809615】
2024-01-21 00:22:34 GSD getOne 第 1 次 等待 3 秒
2024-01-21 00:22:37 查询号码 【1809615】，返回信息 {"status":"ok","msg":"贵州-贵阳","gid":"352586","time_insert":"2021-07-22 05:49"}
2024-01-21 00:22:37 查询号码 【1809615】，GSD为【"贵州-贵阳"】

2024-01-21 00:41:04 开始第 9701 次操作

2024-01-21 00:41:04 开始操作号码 【1809616】
2024-01-21 00:41:08 GSD getOne 第 1 次 等待 3 秒
2024-01-21 00:41:11 查询号码 【1809616】，返回信息 {"status":"ok","msg":"贵州-贵阳","gid":"352591","time_insert":"2021-07-22 05:49"}
2024-01-21 00:41:11 查询号码 【1809616】，GSD为【"贵州-贵阳"】

2024-01-21 00:41:12 开始第 9702 次操作

2024-01-21 00:41:12 开始操作号码 【1809617】
2024-01-21 00:41:16 GSD getOne 第 1 次 等待 3 秒
2024-01-21 00:41:19 查询号码 【1809617】，返回信息 {"status":"ok","msg":"贵州-贵阳","gid":"352596","time_insert":"2021-07-22 05:50"}
2024-01-21 00:41:19 查询号码 【1809617】，GSD为【"贵州-贵阳"】

2024-01-21 00:41:20 开始第 9703 次操作

2024-01-21 00:41:20 开始操作号码 【1809618】
2024-01-21 00:41:24 GSD getOne 第 1 次 等待 3 秒
2024-01-21 00:41:27 查询号码 【1809618】，返回信息 {"status":"ok","msg":"贵州-贵阳","gid":"352601","time_insert":"2021-07-22 05:50"}
2024-01-21 00:41:27 查询号码 【1809618】，GSD为【"贵州-贵阳"】

2024-01-21 00:41:28 开始第 9704 次操作

2024-01-21 00:41:28 开始操作号码 【1809619】
2024-01-21 00:41:35 GSD getOne 第 1 次 等待 3 秒
2024-01-21 00:41:38 查询号码 【1809619】，返回信息 {"status":"ok","msg":"贵州-贵阳","gid":"352608","time_insert":"2021-07-22 05:51"}
2024-01-21 00:41:38 查询号码 【1809619】，GSD为【"贵州-贵阳"】

