2023-12-04 00:21:12 开始第 1249 次操作

2023-12-04 00:21:12 开始操作号码 【1801164】
2023-12-04 00:21:16 GSD getOne 第 1 次 等待 3 秒
2023-12-04 00:21:19 查询号码 【1801164】，返回信息 {"status":"ok","msg":"四川-泸州","gid":"31971","time_insert":"2018-02-25 15:46","time_update":"2020-11-01 12:54"}
2023-12-04 00:21:19 查询号码 【1801164】，GSD为【"四川-泸州"】

2023-12-04 00:21:20 开始第 1250 次操作

2023-12-04 00:21:20 开始操作号码 【1801165】
2023-12-04 00:21:24 GSD getOne 第 1 次 等待 3 秒
2023-12-04 00:21:27 查询号码 【1801165】，返回信息 {"status":"ok","msg":"四川-泸州","gid":"31972","time_insert":"2015-11-21 13:05","time_update":"2020-11-01 12:58"}
2023-12-04 00:21:27 查询号码 【1801165】，GSD为【"四川-泸州"】

2023-12-04 00:21:28 开始第 1251 次操作

2023-12-04 00:21:28 开始操作号码 【1801166】
2023-12-04 00:21:31 GSD getOne 第 1 次 等待 3 秒
2023-12-04 00:21:34 查询号码 【1801166】，返回信息 {"status":"ok","msg":"四川-乐山","gid":"31973","time_insert":"2020-02-17 19:58","time_update":"2020-11-01 13:03"}
2023-12-04 00:21:34 查询号码 【1801166】，GSD为【"四川-乐山"】

2023-12-04 00:21:35 开始第 1252 次操作

2023-12-04 00:21:35 开始操作号码 【1801167】
2023-12-04 00:21:39 GSD getOne 第 1 次 等待 3 秒
2023-12-04 00:21:42 查询号码 【1801167】，返回信息 {"status":"ok","msg":"四川-乐山","gid":"31974","time_insert":"2018-06-19 22:24","time_update":"2020-11-01 13:07"}
2023-12-04 00:21:42 查询号码 【1801167】，GSD为【"四川-乐山"】

2023-12-04 00:39:08 开始第 1253 次操作

2023-12-04 00:39:08 开始操作号码 【1801168】
2023-12-04 00:39:13 GSD getOne 第 1 次 等待 3 秒
2023-12-04 00:39:16 查询号码 【1801168】，返回信息 {"status":"ok","msg":"四川-南充","gid":"31975","time_insert":"2018-09-12 22:41","time_update":"2020-11-01 13:08"}
2023-12-04 00:39:16 查询号码 【1801168】，GSD为【"四川-南充"】

2023-12-04 00:39:17 开始第 1254 次操作

2023-12-04 00:39:17 开始操作号码 【1801169】
2023-12-04 00:39:21 GSD getOne 第 1 次 等待 3 秒
2023-12-04 00:39:24 查询号码 【1801169】，返回信息 {"status":"ok","msg":"四川-南充","gid":"31976","time_insert":"2017-02-09 21:25","time_update":"2020-11-01 13:11"}
2023-12-04 00:39:25 查询号码 【1801169】，GSD为【"四川-南充"】

2023-12-04 00:39:26 开始第 1255 次操作

2023-12-04 00:39:26 开始操作号码 【1801170】
2023-12-04 00:39:31 GSD getOne 第 1 次 等待 3 秒
2023-12-04 00:39:34 查询号码 【1801170】，返回信息 {"status":"ok","msg":"广东-广州","gid":"265685","time_insert":"2021-07-13 13:49"}
2023-12-04 00:39:34 查询号码 【1801170】，GSD为【"广东-广州"】

2023-12-04 00:39:35 开始第 1256 次操作

2023-12-04 00:39:35 开始操作号码 【1801171】
2023-12-04 00:39:41 GSD getOne 第 1 次 等待 3 秒
2023-12-04 00:39:44 查询号码 【1801171】，返回信息 {"status":"ok","msg":"广东-广州","gid":"265689","time_insert":"2021-07-13 13:49"}
2023-12-04 00:39:44 查询号码 【1801171】，GSD为【"广东-广州"】

2023-12-04 01:14:25 开始第 1257 次操作

2023-12-04 01:14:25 开始操作号码 【1801172】
2023-12-04 01:14:30 GSD getOne 第 1 次 等待 3 秒
2023-12-04 01:14:33 查询号码 【1801172】，返回信息 {"status":"ok","msg":"广东-广州","gid":"265691","time_insert":"2021-07-13 13:50"}
2023-12-04 01:14:33 查询号码 【1801172】，GSD为【"广东-广州"】

2023-12-04 01:14:34 开始第 1258 次操作

2023-12-04 01:14:34 开始操作号码 【1801173】
2023-12-04 01:14:42 GSD getOne 第 1 次 等待 3 秒
2023-12-04 01:14:45 查询号码 【1801173】，返回信息 {"status":"ok","msg":"广东-广州","gid":"265693","time_insert":"2021-07-13 13:50"}
2023-12-04 01:14:45 查询号码 【1801173】，GSD为【"广东-广州"】

2023-12-04 01:14:46 开始第 1259 次操作

2023-12-04 01:14:46 开始操作号码 【1801174】
2023-12-04 01:14:50 GSD getOne 第 1 次 等待 3 秒
2023-12-04 01:14:53 查询号码 【1801174】，返回信息 {"status":"ok","msg":"广东-广州","gid":"265698","time_insert":"2021-07-13 13:51"}
2023-12-04 01:14:53 查询号码 【1801174】，GSD为【"广东-广州"】

2023-12-04 01:14:54 开始第 1260 次操作

2023-12-04 01:14:54 开始操作号码 【1801175】
2023-12-04 01:14:57 GSD getOne 第 1 次 等待 3 秒
2023-12-04 01:15:00 查询号码 【1801175】，返回信息 {"status":"ok","msg":"广东-广州","gid":"265700","time_insert":"2021-07-13 13:51"}
2023-12-04 01:15:00 查询号码 【1801175】，GSD为【"广东-广州"】

2023-12-04 01:37:46 开始第 1261 次操作

2023-12-04 01:37:46 开始操作号码 【1801176】
2023-12-04 01:37:50 GSD getOne 第 1 次 等待 3 秒
2023-12-04 01:37:53 查询号码 【1801176】，返回信息 {"status":"ok","msg":"广东-广州","gid":"265703","time_insert":"2021-07-13 13:51"}
2023-12-04 01:37:53 查询号码 【1801176】，GSD为【"广东-广州"】

2023-12-04 01:37:54 开始第 1262 次操作

2023-12-04 01:37:54 开始操作号码 【1801177】
2023-12-04 01:37:58 GSD getOne 第 1 次 等待 3 秒
2023-12-04 01:38:01 查询号码 【1801177】，返回信息 {"status":"ok","msg":"广东-广州","gid":"265707","time_insert":"2021-07-13 13:52"}
2023-12-04 01:38:01 查询号码 【1801177】，GSD为【"广东-广州"】

2023-12-04 01:38:02 开始第 1263 次操作

2023-12-04 01:38:02 开始操作号码 【1801178】
2023-12-04 01:38:06 GSD getOne 第 1 次 等待 3 秒
2023-12-04 01:38:09 查询号码 【1801178】，返回信息 {"status":"ok","msg":"广东-广州","gid":"265709","time_insert":"2021-07-13 13:52"}
2023-12-04 01:38:09 查询号码 【1801178】，GSD为【"广东-广州"】

2023-12-04 01:38:10 开始第 1264 次操作

2023-12-04 01:38:10 开始操作号码 【1801179】
2023-12-04 01:38:14 GSD getOne 第 1 次 等待 3 秒
2023-12-04 01:38:17 查询号码 【1801179】，返回信息 {"status":"ok","msg":"广东-广州","gid":"265712","time_insert":"2021-07-13 13:52"}
2023-12-04 01:38:17 查询号码 【1801179】，GSD为【"广东-广州"】

