2023-09-28 00:22:49 开始第 289 次操作

2023-09-28 00:22:49 开始操作号码 【1900288】
2023-09-28 00:22:51 GSD getOne 第 1 次 等待 3 秒
2023-09-28 00:22:54 查询号码 【1900288】，返回信息 {"status":"ok","msg":"四川-成都","gid":"522509","time_insert":"2023-02-09 04:14"}
2023-09-28 00:22:54 查询号码 【1900288】，GSD为【"四川-成都"】

2023-09-28 00:22:55 开始第 290 次操作

2023-09-28 00:22:55 开始操作号码 【1900289】
2023-09-28 00:22:57 GSD getOne 第 1 次 等待 3 秒
2023-09-28 00:23:00 查询号码 【1900289】，返回信息 {"status":"ok","msg":"四川-绵阳","gid":"522528","time_insert":"2023-02-09 04:29"}
2023-09-28 00:23:00 查询号码 【1900289】，GSD为【"四川-绵阳"】

2023-09-28 00:23:01 开始第 291 次操作

2023-09-28 00:23:01 开始操作号码 【1900290】
2023-09-28 00:23:04 GSD getOne 第 1 次 等待 3 秒
2023-09-28 00:23:07 查询号码 【1900290】，返回信息 {"status":"ok","msg":"陕西-西安","gid":"522539","time_insert":"2023-02-09 04:40"}
2023-09-28 00:23:07 查询号码 【1900290】，GSD为【"陕西-西安"】

2023-09-28 00:23:08 开始第 292 次操作

2023-09-28 00:23:08 开始操作号码 【1900291】
2023-09-28 00:23:10 GSD getOne 第 1 次 等待 3 秒
2023-09-28 00:23:13 查询号码 【1900291】，返回信息 {"status":"ok","msg":"陕西-西安","gid":"522552","time_insert":"2023-02-09 04:52"}
2023-09-28 00:23:13 查询号码 【1900291】，GSD为【"陕西-西安"】

2023-09-28 00:40:51 开始第 293 次操作

2023-09-28 00:40:51 开始操作号码 【1900292】
2023-09-28 00:40:56 GSD getOne 第 1 次 等待 3 秒
2023-09-28 00:40:59 查询号码 【1900292】，返回信息 {"status":"ok","msg":"陕西-西安","gid":"522569","time_insert":"2023-02-09 05:07"}
2023-09-28 00:40:59 查询号码 【1900292】，GSD为【"陕西-西安"】

2023-09-28 00:41:00 开始第 294 次操作

2023-09-28 00:41:00 开始操作号码 【1900293】
2023-09-28 00:41:01 GSD getOne 第 1 次 等待 3 秒
2023-09-28 00:41:04 查询号码 【1900293】，返回信息 {"status":"ok","msg":"陕西-西安","gid":"522583","time_insert":"2023-02-09 05:22"}
2023-09-28 00:41:04 查询号码 【1900293】，GSD为【"陕西-西安"】

2023-09-28 00:41:05 开始第 295 次操作

2023-09-28 00:41:05 开始操作号码 【1900294】
2023-09-28 00:41:10 GSD getOne 第 1 次 等待 3 秒
2023-09-28 00:41:13 查询号码 【1900294】，返回信息 {"status":"ok","msg":"陕西-西安","gid":"522597","time_insert":"2023-02-09 05:32"}
2023-09-28 00:41:13 查询号码 【1900294】，GSD为【"陕西-西安"】

2023-09-28 00:41:14 开始第 296 次操作

2023-09-28 00:41:14 开始操作号码 【1900295】
2023-09-28 00:41:18 GSD getOne 第 1 次 等待 3 秒
2023-09-28 00:41:21 查询号码 【1900295】，返回信息 {"status":"ok","msg":"陕西-西安","gid":"522612","time_insert":"2023-02-09 05:47"}
2023-09-28 00:41:21 查询号码 【1900295】，GSD为【"陕西-西安"】

2023-09-28 01:15:41 开始第 297 次操作

2023-09-28 01:15:41 开始操作号码 【1900296】
2023-09-28 01:15:43 GSD getOne 第 1 次 等待 3 秒
2023-09-28 01:15:46 查询号码 【1900296】，返回信息 {"status":"ok","msg":"陕西-西安","gid":"522625","time_insert":"2023-02-09 05:59"}
2023-09-28 01:15:46 查询号码 【1900296】，GSD为【"陕西-西安"】

2023-09-28 01:15:47 开始第 298 次操作

2023-09-28 01:15:47 开始操作号码 【1900297】
2023-09-28 01:15:52 GSD getOne 第 1 次 等待 3 秒
2023-09-28 01:15:55 查询号码 【1900297】，返回信息 {"status":"ok","msg":"陕西-西安","gid":"522642","time_insert":"2023-02-09 06:12"}
2023-09-28 01:15:55 查询号码 【1900297】，GSD为【"陕西-西安"】

2023-09-28 01:15:56 开始第 299 次操作

2023-09-28 01:15:56 开始操作号码 【1900298】
2023-09-28 01:15:58 GSD getOne 第 1 次 等待 3 秒
2023-09-28 01:16:01 查询号码 【1900298】，返回信息 {"status":"ok","msg":"陕西-西安","gid":"522653","time_insert":"2023-02-09 06:24"}
2023-09-28 01:16:01 查询号码 【1900298】，GSD为【"陕西-西安"】

2023-09-28 01:16:02 开始第 300 次操作

2023-09-28 01:16:02 开始操作号码 【1900299】
2023-09-28 01:16:07 GSD getOne 第 1 次 等待 3 秒
2023-09-28 01:16:10 查询号码 【1900299】，返回信息 {"status":"ok","msg":"陕西-西安","gid":"522670","time_insert":"2023-02-09 06:38"}
2023-09-28 01:16:10 查询号码 【1900299】，GSD为【"陕西-西安"】

