2023-10-01 00:19:36 开始第 821 次操作

2023-10-01 00:19:36 开始操作号码 【1900820】
2023-10-01 00:19:38 GSD getOne 第 1 次 等待 3 秒
2023-10-01 00:19:41 查询号码 【1900820】，返回信息 {"status":"ok","msg":"四川-成都","gid":"529483","time_insert":"2023-02-13 20:36"}
2023-10-01 00:19:41 查询号码 【1900820】，GSD为【"四川-成都"】

2023-10-01 00:19:42 开始第 822 次操作

2023-10-01 00:19:42 开始操作号码 【1900821】
2023-10-01 00:19:43 GSD getOne 第 1 次 等待 3 秒
2023-10-01 00:19:46 查询号码 【1900821】，返回信息 {"status":"ok","msg":"四川-成都","gid":"529499","time_insert":"2023-02-13 20:49"}
2023-10-01 00:19:46 查询号码 【1900821】，GSD为【"四川-成都"】

2023-10-01 00:19:47 开始第 823 次操作

2023-10-01 00:19:47 开始操作号码 【1900822】
2023-10-01 00:19:50 GSD getOne 第 1 次 等待 3 秒
2023-10-01 00:19:53 查询号码 【1900822】，返回信息 {"status":"ok","msg":"四川-成都","gid":"529511","time_insert":"2023-02-13 21:01"}
2023-10-01 00:19:54 查询号码 【1900822】，GSD为【"四川-成都"】

2023-10-01 00:19:55 开始第 824 次操作

2023-10-01 00:19:55 开始操作号码 【1900823】
2023-10-01 00:20:00 GSD getOne 第 1 次 等待 3 秒
2023-10-01 00:20:03 查询号码 【1900823】，返回信息 {"status":"ok","msg":"四川-成都","gid":"529527","time_insert":"2023-02-13 21:16"}
2023-10-01 00:20:03 查询号码 【1900823】，GSD为【"四川-成都"】

2023-10-01 00:37:54 开始第 825 次操作

2023-10-01 00:37:54 开始操作号码 【1900824】
2023-10-01 00:37:56 GSD getOne 第 1 次 等待 3 秒
2023-10-01 00:37:59 查询号码 【1900824】，返回信息 {"status":"ok","msg":"四川-达州","gid":"529544","time_insert":"2023-02-13 21:30"}
2023-10-01 00:37:59 查询号码 【1900824】，GSD为【"四川-达州"】

2023-10-01 00:38:00 开始第 826 次操作

2023-10-01 00:38:00 开始操作号码 【1900825】
2023-10-01 00:38:02 GSD getOne 第 1 次 等待 3 秒
2023-10-01 00:38:05 查询号码 【1900825】，返回信息 {"status":"ok","msg":"四川-遂宁","gid":"529562","time_insert":"2023-02-13 21:45"}
2023-10-01 00:38:05 查询号码 【1900825】，GSD为【"四川-遂宁"】

2023-10-01 00:38:06 开始第 827 次操作

2023-10-01 00:38:06 开始操作号码 【1900826】
2023-10-01 00:38:11 GSD getOne 第 1 次 等待 3 秒
2023-10-01 00:38:14 查询号码 【1900826】，返回信息 {"status":"ok","msg":"四川-广安","gid":"529574","time_insert":"2023-02-13 21:57"}
2023-10-01 00:38:14 查询号码 【1900826】，GSD为【"四川-广安"】

2023-10-01 00:38:15 开始第 828 次操作

2023-10-01 00:38:15 开始操作号码 【1900827】
2023-10-01 00:38:18 GSD getOne 第 1 次 等待 3 秒
2023-10-01 00:38:21 查询号码 【1900827】，返回信息 {"status":"ok","msg":"四川-巴中","gid":"529593","time_insert":"2023-02-13 22:11"}
2023-10-01 00:38:21 查询号码 【1900827】，GSD为【"四川-巴中"】

2023-10-01 01:13:18 开始第 829 次操作

2023-10-01 01:13:18 开始操作号码 【1900828】
2023-10-01 01:13:23 GSD getOne 第 1 次 等待 3 秒
2023-10-01 01:13:26 查询号码 【1900828】，返回信息 {"status":"ok","msg":"四川-达州","gid":"529607","time_insert":"2023-02-13 22:24"}
2023-10-01 01:13:26 查询号码 【1900828】，GSD为【"四川-达州"】

2023-10-01 01:13:27 开始第 830 次操作

2023-10-01 01:13:27 开始操作号码 【1900829】
2023-10-01 01:13:29 GSD getOne 第 1 次 等待 3 秒
2023-10-01 01:13:32 查询号码 【1900829】，返回信息 {"status":"ok","msg":"四川-巴中","gid":"529623","time_insert":"2023-02-13 22:38"}
2023-10-01 01:13:32 查询号码 【1900829】，GSD为【"四川-巴中"】

2023-10-01 01:13:33 开始第 831 次操作

2023-10-01 01:13:33 开始操作号码 【1900830】
2023-10-01 01:13:36 GSD getOne 第 1 次 等待 3 秒
2023-10-01 01:13:39 查询号码 【1900830】，返回信息 {"status":"ok","msg":"四川-泸州","gid":"529637","time_insert":"2023-02-13 22:51"}
2023-10-01 01:13:39 查询号码 【1900830】，GSD为【"四川-泸州"】

2023-10-01 01:13:40 开始第 832 次操作

2023-10-01 01:13:40 开始操作号码 【1900831】
2023-10-01 01:13:43 GSD getOne 第 1 次 等待 3 秒
2023-10-01 01:13:46 查询号码 【1900831】，返回信息 {"status":"ok","msg":"四川-宜宾","gid":"529651","time_insert":"2023-02-13 23:04"}
2023-10-01 01:13:46 查询号码 【1900831】，GSD为【"四川-宜宾"】

2023-10-01 01:37:52 开始第 833 次操作

2023-10-01 01:37:52 开始操作号码 【1900832】
2023-10-01 01:37:54 GSD getOne 第 1 次 等待 3 秒
2023-10-01 01:37:57 查询号码 【1900832】，返回信息 {"status":"ok","msg":"四川-内江","gid":"529663","time_insert":"2023-02-13 23:14"}
2023-10-01 01:37:57 查询号码 【1900832】，GSD为【"四川-内江"】

2023-10-01 01:37:58 开始第 834 次操作

2023-10-01 01:37:58 开始操作号码 【1900833】
2023-10-01 01:38:00 GSD getOne 第 1 次 等待 3 秒
2023-10-01 01:38:03 查询号码 【1900833】，返回信息 {"status":"ok","msg":"四川-乐山","gid":"529680","time_insert":"2023-02-13 23:28"}
2023-10-01 01:38:03 查询号码 【1900833】，GSD为【"四川-乐山"】

2023-10-01 01:38:04 开始第 835 次操作

2023-10-01 01:38:04 开始操作号码 【1900834】
2023-10-01 01:38:06 GSD getOne 第 1 次 等待 3 秒
2023-10-01 01:38:09 查询号码 【1900834】，返回信息 {"status":"ok","msg":"四川-凉山","gid":"529696","time_insert":"2023-02-13 23:42"}
2023-10-01 01:38:09 查询号码 【1900834】，GSD为【"四川-凉山"】

2023-10-01 01:38:10 开始第 836 次操作

2023-10-01 01:38:10 开始操作号码 【1900835】
2023-10-01 01:38:12 GSD getOne 第 1 次 等待 3 秒
2023-10-01 01:38:15 查询号码 【1900835】，返回信息 {"status":"ok","msg":"四川-雅安","gid":"529710","time_insert":"2023-02-13 23:53"}
2023-10-01 01:38:15 查询号码 【1900835】，GSD为【"四川-雅安"】

2023-10-01 02:20:01 开始第 837 次操作

2023-10-01 02:20:01 开始操作号码 【1900836】
2023-10-01 02:20:03 GSD getOne 第 1 次 等待 3 秒
2023-10-01 02:20:06 查询号码 【1900836】，返回信息 {"status":"ok","msg":"四川-甘孜","gid":"529725","time_insert":"2023-02-14 00:07"}
2023-10-01 02:20:07 查询号码 【1900836】，GSD为【"四川-甘孜"】

2023-10-01 02:20:08 开始第 838 次操作

2023-10-01 02:20:08 开始操作号码 【1900837】
2023-10-01 02:20:09 GSD getOne 第 1 次 等待 3 秒
2023-10-01 02:20:12 查询号码 【1900837】，返回信息 {"status":"ok","msg":"四川-阿坝","gid":"529736","time_insert":"2023-02-14 00:17"}
2023-10-01 02:20:12 查询号码 【1900837】，GSD为【"四川-阿坝"】

2023-10-01 02:20:13 开始第 839 次操作

2023-10-01 02:20:13 开始操作号码 【1900838】
2023-10-01 02:20:18 GSD getOne 第 1 次 等待 3 秒
2023-10-01 02:20:21 查询号码 【1900838】，返回信息 {"status":"ok","msg":"四川-德阳","gid":"529751","time_insert":"2023-02-14 00:29"}
2023-10-01 02:20:21 查询号码 【1900838】，GSD为【"四川-德阳"】

2023-10-01 02:20:22 开始第 840 次操作

2023-10-01 02:20:22 开始操作号码 【1900839】
2023-10-01 02:20:26 GSD getOne 第 1 次 等待 3 秒
2023-10-01 02:20:29 查询号码 【1900839】，返回信息 {"status":"ok","msg":"四川-广元","gid":"529762","time_insert":"2023-02-14 00:40"}
2023-10-01 02:20:29 查询号码 【1900839】，GSD为【"四川-广元"】

