2024-07-23 00:25:05 开始第 7357 次操作

2024-07-23 00:25:05 开始操作号码 【1477267】
2024-07-23 00:25:14 GSD getOne 第 1 次 等待 3 秒
2024-07-23 00:25:17 查询号码 【1477267】，返回信息 {"status":"ok","msg":"四川-成都","gid":"384407","time_insert":"2021-07-25 03:01"}
2024-07-23 00:25:17 查询号码 【1477267】，GSD为【"四川-成都"】

2024-07-23 00:25:18 开始第 7358 次操作

2024-07-23 00:25:18 开始操作号码 【1477268】
2024-07-23 00:25:26 GSD getOne 第 1 次 等待 3 秒
2024-07-23 00:25:29 查询号码 【1477268】，返回信息 {"status":"ok","msg":"四川-成都","gid":"384399","time_insert":"2021-07-25 03:01"}
2024-07-23 00:25:29 查询号码 【1477268】，GSD为【"四川-成都"】

2024-07-23 00:25:30 开始第 7359 次操作

2024-07-23 00:25:30 开始操作号码 【1477269】
2024-07-23 00:25:37 GSD getOne 第 1 次 等待 3 秒
2024-07-23 00:25:40 查询号码 【1477269】，返回信息 {"status":"ok","msg":"四川-成都","gid":"384389","time_insert":"2021-07-25 03:00"}
2024-07-23 00:25:40 查询号码 【1477269】，GSD为【"四川-成都"】

2024-07-23 00:25:41 开始第 7360 次操作

2024-07-23 00:25:41 开始操作号码 【1477270】
2024-07-23 00:25:49 GSD getOne 第 1 次 等待 3 秒
2024-07-23 00:25:52 查询号码 【1477270】，返回信息 {"status":"ok","msg":"-","gid":"384380","time_insert":"2021-07-25 03:00"}
2024-07-23 00:25:52 查询号码 【1477270】，GSD为【"-"】
2024-07-23 00:25:52 ok && -
2024-07-23 00:25:54 CHB 1477270?1721665552 第 1 次 等待 3 秒
2024-07-23 00:25:57 CHB 1477270?1721665552 第 1 次 获取到号码【1477270】GSD
2024-07-23 00:25:57 未获取到号码【1477270】GSD，可能号码格式错误
2024-07-23 00:25:57 获取到号码【1477270】的GSD为【-】
2024-07-23 00:26:06 GSD insert 第 1 次 等待 3 秒
2024-07-23 00:26:09 {"status":"bad","gid":"384380","msg":"添加失败！号码【1477270(-|-)】已存在！"}

