2024-10-16 00:24:21 开始第 9905 次操作

2024-10-16 00:24:21 开始操作号码 【1369904】
2024-10-16 00:24:23 GSD getOne 第 1 次 等待 3 秒
2024-10-16 00:24:26 查询号码 【1369904】，返回信息 {"status":"ok","msg":"四川-成都","gid":"9317","time_insert":"2017-06-07 14:59","time_update":"2020-10-14 08:05"}
2024-10-16 00:24:26 查询号码 【1369904】，GSD为【"四川-成都"】

2024-10-16 00:24:27 开始第 9906 次操作

2024-10-16 00:24:27 开始操作号码 【1369905】
2024-10-16 00:24:30 GSD getOne 第 1 次 等待 3 秒
2024-10-16 00:24:33 查询号码 【1369905】，返回信息 {"status":"ok","msg":"四川-成都","gid":"9318","time_insert":"2017-05-01 00:00","time_update":"2020-10-14 08:08"}
2024-10-16 00:24:33 查询号码 【1369905】，GSD为【"四川-成都"】

2024-10-16 00:24:34 开始第 9907 次操作

2024-10-16 00:24:34 开始操作号码 【1369906】
2024-10-16 00:24:36 GSD getOne 第 1 次 等待 3 秒
2024-10-16 00:24:39 查询号码 【1369906】，返回信息 {"status":"ok","msg":"四川-成都","gid":"9319","time_insert":"2017-01-11 19:22","time_update":"2020-10-14 08:11"}
2024-10-16 00:24:39 查询号码 【1369906】，GSD为【"四川-成都"】

2024-10-16 00:24:40 开始第 9908 次操作

2024-10-16 00:24:40 开始操作号码 【1369907】
2024-10-16 00:24:42 GSD getOne 第 1 次 等待 3 秒
2024-10-16 00:24:45 查询号码 【1369907】，返回信息 {"status":"ok","msg":"四川-成都","gid":"9320","time_insert":"2016-08-09 01:17","time_update":"2020-10-14 08:15"}
2024-10-16 00:24:45 查询号码 【1369907】，GSD为【"四川-成都"】

2024-10-16 00:45:04 开始第 9909 次操作

2024-10-16 00:45:04 开始操作号码 【1369908】
2024-10-16 00:45:07 GSD getOne 第 1 次 等待 3 秒
2024-10-16 00:45:10 查询号码 【1369908】，返回信息 {"status":"ok","msg":"四川-成都","gid":"9321","time_insert":"2018-05-17 10:51","time_update":"2020-10-14 08:20"}
2024-10-16 00:45:10 查询号码 【1369908】，GSD为【"四川-成都"】

2024-10-16 00:45:11 开始第 9910 次操作

2024-10-16 00:45:11 开始操作号码 【1369909】
2024-10-16 00:45:14 GSD getOne 第 1 次 等待 3 秒
2024-10-16 00:45:17 查询号码 【1369909】，返回信息 {"status":"ok","msg":"四川-成都","gid":"9322","time_insert":"2017-09-12 14:51","time_update":"2020-10-14 08:24"}
2024-10-16 00:45:17 查询号码 【1369909】，GSD为【"四川-成都"】

2024-10-16 00:45:18 开始第 9911 次操作

2024-10-16 00:45:18 开始操作号码 【1369910】
2024-10-16 00:45:20 GSD getOne 第 1 次 等待 3 秒
2024-10-16 00:45:23 查询号码 【1369910】，返回信息 {"status":"ok","msg":"北京-北京","gid":"328145","time_insert":"2021-07-19 17:16"}
2024-10-16 00:45:23 查询号码 【1369910】，GSD为【"北京-北京"】

2024-10-16 00:45:24 开始第 9912 次操作

2024-10-16 00:45:24 开始操作号码 【1369911】
2024-10-16 00:45:26 GSD getOne 第 1 次 等待 3 秒
2024-10-16 00:45:29 查询号码 【1369911】，返回信息 {"status":"ok","msg":"北京-北京","gid":"328143","time_insert":"2021-07-19 17:15"}
2024-10-16 00:45:29 查询号码 【1369911】，GSD为【"北京-北京"】

