2024-06-28 00:24:08 开始第 3009 次操作

2024-06-28 00:24:08 开始操作号码 【1472919】
2024-06-28 00:24:32 GSD getOne 第 1 次 等待 3 秒
2024-06-28 00:24:35 查询号码 【1472919】，返回信息 {"status":"ok","msg":"陕西-铜川","gid":"196800","time_insert":"2021-07-05 10:13"}
2024-06-28 00:24:35 查询号码 【1472919】，GSD为【"陕西-铜川"】

2024-06-28 00:24:36 开始第 3010 次操作

2024-06-28 00:24:36 开始操作号码 【1472920】
2024-06-28 00:24:51 GSD getOne 第 1 次 等待 3 秒
2024-06-28 00:24:54 查询号码 【1472920】，返回信息 {"status":"ok","msg":"陕西-咸阳","gid":"196934","time_insert":"2021-07-05 10:25"}
2024-06-28 00:24:54 查询号码 【1472920】，GSD为【"陕西-咸阳"】

2024-06-28 00:24:55 开始第 3011 次操作

2024-06-28 00:24:55 开始操作号码 【1472921】
2024-06-28 00:25:10 GSD getOne 第 1 次 等待 3 秒
2024-06-28 00:25:13 查询号码 【1472921】，返回信息 {"status":"ok","msg":"陕西-咸阳","gid":"197014","time_insert":"2021-07-05 10:38"}
2024-06-28 00:25:13 查询号码 【1472921】，GSD为【"陕西-咸阳"】

2024-06-28 00:25:14 开始第 3012 次操作

2024-06-28 00:25:14 开始操作号码 【1472922】
2024-06-28 00:25:32 GSD getOne 第 1 次 等待 3 秒
2024-06-28 00:25:35 查询号码 【1472922】，返回信息 {"status":"ok","msg":"陕西-咸阳","gid":"197053","time_insert":"2021-07-05 10:49"}
2024-06-28 00:25:35 查询号码 【1472922】，GSD为【"陕西-咸阳"】

