2024-04-15 06:06:40 开始第 3613 次操作

2024-04-15 06:06:40 开始操作号码 【1583527】
2024-04-15 06:06:47 GSD getOne 第 1 次 等待 3 秒
2024-04-15 06:06:50 查询号码 【1583527】，返回信息 {"status":"ok","msg":"山西-运城","gid":"246796","time_insert":"2021-07-11 09:05"}
2024-04-15 06:06:50 查询号码 【1583527】，GSD为【"山西-运城"】

2024-04-15 06:06:51 开始第 3614 次操作

2024-04-15 06:06:51 开始操作号码 【1583528】
2024-04-15 06:06:56 GSD getOne 第 1 次 等待 3 秒
2024-04-15 06:06:59 查询号码 【1583528】，返回信息 {"status":"ok","msg":"山西-运城","gid":"246829","time_insert":"2021-07-11 09:22"}
2024-04-15 06:06:59 查询号码 【1583528】，GSD为【"山西-运城"】

2024-04-15 06:07:00 开始第 3615 次操作

2024-04-15 06:07:00 开始操作号码 【1583529】
2024-04-15 06:07:05 GSD getOne 第 1 次 等待 3 秒
2024-04-15 06:07:08 查询号码 【1583529】，返回信息 {"status":"ok","msg":"山西-运城","gid":"246870","time_insert":"2021-07-11 09:40"}
2024-04-15 06:07:08 查询号码 【1583529】，GSD为【"山西-运城"】

2024-04-15 06:07:09 开始第 3616 次操作

2024-04-15 06:07:09 开始操作号码 【1583530】
2024-04-15 06:07:14 GSD getOne 第 1 次 等待 3 秒
2024-04-15 06:07:17 查询号码 【1583530】，返回信息 {"status":"ok","msg":"山西-阳泉","gid":"247080","time_insert":"2021-07-11 09:58"}
2024-04-15 06:07:17 查询号码 【1583530】，GSD为【"山西-阳泉"】

