2024-06-12 00:24:31 开始第 201 次操作

2024-06-12 00:24:31 开始操作号码 【1470115】
2024-06-12 00:24:39 GSD getOne 第 1 次 等待 3 秒
2024-06-12 00:24:42 查询号码 【1470115】，返回信息 {"status":"ok","msg":"北京-北京","gid":"68986","time_insert":"2021-05-26 13:48"}
2024-06-12 00:24:42 查询号码 【1470115】，GSD为【"北京-北京"】

2024-06-12 00:24:43 开始第 202 次操作

2024-06-12 00:24:43 开始操作号码 【1470116】
2024-06-12 00:24:50 GSD getOne 第 1 次 等待 3 秒
2024-06-12 00:24:53 查询号码 【1470116】，返回信息 {"status":"ok","msg":"北京-北京","gid":"69005","time_insert":"2021-05-26 14:13"}
2024-06-12 00:24:53 查询号码 【1470116】，GSD为【"北京-北京"】

2024-06-12 00:24:54 开始第 203 次操作

2024-06-12 00:24:54 开始操作号码 【1470117】
2024-06-12 00:25:00 GSD getOne 第 1 次 等待 3 秒
2024-06-12 00:25:03 查询号码 【1470117】，返回信息 {"status":"ok","msg":"北京-北京","gid":"69025","time_insert":"2021-05-26 14:40"}
2024-06-12 00:25:03 查询号码 【1470117】，GSD为【"北京-北京"】

2024-06-12 00:25:04 开始第 204 次操作

2024-06-12 00:25:04 开始操作号码 【1470118】
2024-06-12 00:25:09 GSD getOne 第 1 次 等待 3 秒
2024-06-12 00:25:12 查询号码 【1470118】，返回信息 {"status":"ok","msg":"北京-北京","gid":"69048","time_insert":"2021-05-26 15:09"}
2024-06-12 00:25:12 查询号码 【1470118】，GSD为【"北京-北京"】

