2021-08-04 00:05:14 开始第 14 次操作

2021-08-04 00:05:14 开始操作号码 【1480784】
2021-08-04 00:05:34 GSD getOne 第 1 次 等待 3 秒
2021-08-04 00:05:37 查询号码 【1480784】，返回信息 {"status":"ok","msg":"-","gid":"134341","time_insert":"2021-06-26 21:07"}
2021-08-04 00:05:37 查询号码 【1480784】，GSD为【"-"】
2021-08-04 00:05:37 ok && -
2021-08-04 00:05:39 CHB 1480784?1628006737 第 1 次 等待 3 秒
2021-08-04 00:05:42 CHB 1480784?1628006737 第 1 次 获取到号码【1480784】GSD
2021-08-04 00:05:42 获取到号码【1480784】的GSD为【山西-太原】
2021-08-04 00:05:58 GSD insert 第 1 次 等待 3 秒
2021-08-04 00:06:01 {"status":"ok","gid":"134341","msg":"添加号码已存在，但为‘-’，修改为【山西-太原】成功！"}
2021-08-04 00:06:01 下次操作: 2021-08-04 00:06:22

2021-08-04 00:06:22 开始第 15 次操作

2021-08-04 00:06:22 开始操作号码 【1480785】
2021-08-04 00:06:53 GSD getOne 第 1 次 等待 3 秒
2021-08-04 00:06:56 查询号码 【1480785】，返回信息 {"status":"ok","msg":"-","gid":"134369","time_insert":"2021-06-26 21:12"}
2021-08-04 00:06:56 查询号码 【1480785】，GSD为【"-"】
2021-08-04 00:06:56 ok && -
2021-08-04 00:06:59 CHB 1480785?1628006816 第 1 次 等待 3 秒
2021-08-04 00:07:02 CHB 1480785?1628006816 第 1 次 获取到号码【1480785】GSD
2021-08-04 00:07:02 获取到号码【1480785】的GSD为【山西-太原】
2021-08-04 00:07:16 GSD insert 第 1 次 等待 3 秒
2021-08-04 00:07:19 {"status":"ok","gid":"134369","msg":"添加号码已存在，但为‘-’，修改为【山西-太原】成功！"}
2021-08-04 00:07:19 下次操作: 2021-08-04 00:07:40

2021-08-04 00:07:40 开始第 16 次操作

2021-08-04 00:07:40 开始操作号码 【1480786】
2021-08-04 00:07:52 GSD getOne 第 1 次 等待 3 秒
2021-08-04 00:07:55 查询号码 【1480786】，返回信息 {"status":"ok","msg":"-","gid":"134403","time_insert":"2021-06-26 21:16"}
2021-08-04 00:07:55 查询号码 【1480786】，GSD为【"-"】
2021-08-04 00:07:55 ok && -
2021-08-04 00:07:58 CHB 1480786?1628006875 第 1 次 等待 3 秒
2021-08-04 00:08:01 CHB 1480786?1628006875 第 1 次 获取到号码【1480786】GSD
2021-08-04 00:08:01 获取到号码【1480786】的GSD为【山西-太原】
2021-08-04 00:08:27 GSD insert 第 1 次 等待 3 秒
2021-08-04 00:08:30 {"status":"ok","gid":"134403","msg":"添加号码已存在，但为‘-’，修改为【山西-太原】成功！"}
2021-08-04 00:08:30 下次操作: 2021-08-04 00:08:51

2021-08-04 00:08:51 开始第 17 次操作

2021-08-04 00:08:51 开始操作号码 【1480787】
2021-08-04 00:09:11 GSD getOne 第 1 次 等待 3 秒
2021-08-04 00:09:14 查询号码 【1480787】，返回信息 {"status":"ok","msg":"-","gid":"134439","time_insert":"2021-06-26 21:21"}
2021-08-04 00:09:14 查询号码 【1480787】，GSD为【"-"】
2021-08-04 00:09:14 ok && -
2021-08-04 00:09:17 CHB 1480787?1628006954 第 1 次 等待 3 秒
2021-08-04 00:09:20 CHB 1480787?1628006954 第 1 次 获取到号码【1480787】GSD
2021-08-04 00:09:20 获取到号码【1480787】的GSD为【山西-太原】
2021-08-04 00:09:54 GSD insert 第 1 次 等待 3 秒
2021-08-04 00:09:57 {"status":"ok","gid":"134439","msg":"添加号码已存在，但为‘-’，修改为【山西-太原】成功！"}
2021-08-04 00:09:57 下次操作: 2021-08-04 00:10:14

2021-08-04 00:10:14 开始第 18 次操作

2021-08-04 00:10:14 开始操作号码 【1480788】
2021-08-04 00:11:34 GSD getOne 第 1 次 等待 3 秒
2021-08-04 00:11:37 查询号码 【1480788】，返回信息 {"status":"ok","msg":"-","gid":"134462","time_insert":"2021-06-26 21:25"}
2021-08-04 00:11:37 查询号码 【1480788】，GSD为【"-"】
2021-08-04 00:11:37 ok && -
2021-08-04 00:11:39 CHB 1480788?1628007097 第 1 次 等待 3 秒
2021-08-04 00:11:42 CHB 1480788?1628007097 第 1 次 获取到号码【1480788】GSD
2021-08-04 00:11:42 获取到号码【1480788】的GSD为【山西-太原】
2021-08-04 00:12:07 GSD insert 第 1 次 等待 3 秒
2021-08-04 00:12:10 {"status":"ok","gid":"134462","msg":"添加号码已存在，但为‘-’，修改为【山西-太原】成功！"}
2021-08-04 00:12:10 下次操作: 2021-08-04 00:12:29

2021-08-04 00:12:29 开始第 19 次操作

2021-08-04 00:12:29 开始操作号码 【1480789】
2021-08-04 00:12:44 GSD getOne 第 1 次 等待 3 秒
2021-08-04 00:12:47 查询号码 【1480789】，返回信息 {"status":"ok","msg":"-","gid":"134492","time_insert":"2021-06-26 21:29"}
2021-08-04 00:12:47 查询号码 【1480789】，GSD为【"-"】
2021-08-04 00:12:47 ok && -
2021-08-04 00:12:48 CHB 1480789?1628007167 第 1 次 等待 3 秒
2021-08-04 00:12:51 CHB 1480789?1628007167 第 1 次 获取到号码【1480789】GSD
2021-08-04 00:12:51 获取到号码【1480789】的GSD为【山西-太原】
2021-08-04 00:13:02 GSD insert 第 1 次 等待 3 秒
2021-08-04 00:13:05 {"status":"ok","gid":"134492","msg":"添加号码已存在，但为‘-’，修改为【山西-太原】成功！"}
2021-08-04 00:13:05 下次操作: 2021-08-04 00:13:28

2021-08-04 00:13:28 开始第 20 次操作

2021-08-04 00:13:28 开始操作号码 【1480790】
2021-08-04 00:13:34 GSD getOne 第 1 次 等待 3 秒
2021-08-04 00:13:37 查询号码 【1480790】，返回信息 {"status":"ok","msg":"-","gid":"134566","time_insert":"2021-06-26 21:34"}
2021-08-04 00:13:37 查询号码 【1480790】，GSD为【"-"】
2021-08-04 00:13:37 ok && -
2021-08-04 00:13:39 CHB 1480790?1628007217 第 1 次 等待 3 秒
2021-08-04 00:13:42 CHB 1480790?1628007217 第 1 次 获取到号码【1480790】GSD
2021-08-04 00:13:42 获取到号码【1480790】的GSD为【山西-太原】
2021-08-04 00:14:04 GSD insert 第 1 次 等待 3 秒
2021-08-04 00:14:07 {"status":"ok","gid":"134566","msg":"添加号码已存在，但为‘-’，修改为【山西-太原】成功！"}
2021-08-04 00:14:07 下次操作: 2021-08-04 00:14:25

2021-08-04 00:14:25 开始第 21 次操作

2021-08-04 00:14:25 开始操作号码 【1480791】
2021-08-04 00:14:47 GSD getOne 第 1 次 等待 3 秒
2021-08-04 00:14:50 查询号码 【1480791】，返回信息 {"status":"ok","msg":"-","gid":"134616","time_insert":"2021-06-26 21:39"}
2021-08-04 00:14:50 查询号码 【1480791】，GSD为【"-"】
2021-08-04 00:14:50 ok && -
2021-08-04 00:14:52 CHB 1480791?1628007290 第 1 次 等待 3 秒
2021-08-04 00:14:55 CHB 1480791?1628007290 第 1 次 获取到号码【1480791】GSD
2021-08-04 00:14:55 获取到号码【1480791】的GSD为【山西-太原】
2021-08-04 00:15:14 GSD insert 第 1 次 等待 3 秒
2021-08-04 00:15:17 {"status":"ok","gid":"134616","msg":"添加号码已存在，但为‘-’，修改为【山西-太原】成功！"}
2021-08-04 00:15:17 下次操作: 2021-08-04 00:15:41

2021-08-04 00:15:41 开始第 22 次操作

2021-08-04 00:15:41 开始操作号码 【1480792】
2021-08-04 00:15:59 GSD getOne 第 1 次 等待 3 秒
2021-08-04 00:16:02 查询号码 【1480792】，返回信息 {"status":"ok","msg":"-","gid":"134662","time_insert":"2021-06-26 21:44"}
2021-08-04 00:16:03 查询号码 【1480792】，GSD为【"-"】
2021-08-04 00:16:03 ok && -
2021-08-04 00:16:06 CHB 1480792?1628007363 第 1 次 等待 3 秒
2021-08-04 00:16:09 CHB 1480792?1628007363 第 1 次 获取到号码【1480792】GSD
2021-08-04 00:16:09 获取到号码【1480792】的GSD为【山西-太原】
2021-08-04 00:16:26 GSD insert 第 1 次 等待 3 秒
2021-08-04 00:16:29 {"status":"ok","gid":"134662","msg":"添加号码已存在，但为‘-’，修改为【山西-太原】成功！"}
2021-08-04 00:16:29 下次操作: 2021-08-04 00:16:44

2021-08-04 00:16:44 开始第 23 次操作

2021-08-04 00:16:44 开始操作号码 【1480793】
2021-08-04 00:17:01 GSD getOne 第 1 次 等待 3 秒
2021-08-04 00:17:04 查询号码 【1480793】，返回信息 {"status":"ok","msg":"-","gid":"134711","time_insert":"2021-06-26 21:49"}
2021-08-04 00:17:04 查询号码 【1480793】，GSD为【"-"】
2021-08-04 00:17:04 ok && -
2021-08-04 00:17:06 CHB 1480793?1628007424 第 1 次 等待 3 秒
2021-08-04 00:17:09 CHB 1480793?1628007424 第 1 次 获取到号码【1480793】GSD
2021-08-04 00:17:10 获取到号码【1480793】的GSD为【山西-太原】
2021-08-04 00:17:22 GSD insert 第 1 次 等待 3 秒
2021-08-04 00:17:25 {"status":"ok","gid":"134711","msg":"添加号码已存在，但为‘-’，修改为【山西-太原】成功！"}
2021-08-04 00:17:25 下次操作: 2021-08-04 00:17:42

2021-08-04 00:17:42 开始第 24 次操作

2021-08-04 00:17:42 开始操作号码 【1480794】
2021-08-04 00:18:05 GSD getOne 第 1 次 等待 3 秒
2021-08-04 00:18:08 查询号码 【1480794】，返回信息 {"status":"ok","msg":"-","gid":"134769","time_insert":"2021-06-26 21:54"}
2021-08-04 00:18:08 查询号码 【1480794】，GSD为【"-"】
2021-08-04 00:18:08 ok && -
2021-08-04 00:18:10 CHB 1480794?1628007488 第 1 次 等待 3 秒
2021-08-04 00:18:13 CHB 1480794?1628007488 第 1 次 获取到号码【1480794】GSD
2021-08-04 00:18:13 获取到号码【1480794】的GSD为【山西-太原】
2021-08-04 00:18:36 GSD insert 第 1 次 等待 3 秒
2021-08-04 00:18:39 {"status":"ok","gid":"134769","msg":"添加号码已存在，但为‘-’，修改为【山西-太原】成功！"}
2021-08-04 00:18:39 下次操作: 2021-08-04 00:18:54

2021-08-04 00:18:54 开始第 25 次操作

2021-08-04 00:18:54 开始操作号码 【1480795】
2021-08-04 00:19:13 GSD getOne 第 1 次 等待 3 秒
2021-08-04 00:19:16 查询号码 【1480795】，返回信息 {"status":"ok","msg":"-","gid":"134806","time_insert":"2021-06-26 21:58"}
2021-08-04 00:19:16 查询号码 【1480795】，GSD为【"-"】
2021-08-04 00:19:16 ok && -
2021-08-04 00:19:17 CHB 1480795?1628007556 第 1 次 等待 3 秒
2021-08-04 00:19:20 CHB 1480795?1628007556 第 1 次 获取到号码【1480795】GSD
2021-08-04 00:19:21 获取到号码【1480795】的GSD为【山西-太原】
2021-08-04 00:19:27 GSD insert 第 1 次 等待 3 秒
2021-08-04 00:19:30 {"status":"ok","gid":"134806","msg":"添加号码已存在，但为‘-’，修改为【山西-太原】成功！"}
2021-08-04 00:19:30 下次操作: 2021-08-04 00:19:43

2021-08-04 00:19:43 开始第 26 次操作

2021-08-04 00:19:43 开始操作号码 【1480796】
2021-08-04 00:19:57 GSD getOne 第 1 次 等待 3 秒
2021-08-04 00:20:00 查询号码 【1480796】，返回信息 {"status":"ok","msg":"-","gid":"134839","time_insert":"2021-06-26 22:02"}
2021-08-04 00:20:00 查询号码 【1480796】，GSD为【"-"】
2021-08-04 00:20:00 ok && -
2021-08-04 00:20:02 CHB 1480796?1628007600 第 1 次 等待 3 秒
2021-08-04 00:20:05 CHB 1480796?1628007600 第 1 次 获取到号码【1480796】GSD
2021-08-04 00:20:05 获取到号码【1480796】的GSD为【山西-太原】
2021-08-04 00:20:19 GSD insert 第 1 次 等待 3 秒
2021-08-04 00:20:22 {"status":"ok","gid":"134839","msg":"添加号码已存在，但为‘-’，修改为【山西-太原】成功！"}
2021-08-04 00:20:22 下次操作: 2021-08-04 00:20:44

2021-08-04 00:20:44 开始第 27 次操作

2021-08-04 00:20:44 开始操作号码 【1480797】
2021-08-04 00:20:59 GSD getOne 第 1 次 等待 3 秒
2021-08-04 00:21:02 查询号码 【1480797】，返回信息 {"status":"ok","msg":"-","gid":"134866","time_insert":"2021-06-26 22:05"}
2021-08-04 00:21:02 查询号码 【1480797】，GSD为【"-"】
2021-08-04 00:21:02 ok && -
2021-08-04 00:21:04 CHB 1480797?1628007662 第 1 次 等待 3 秒
2021-08-04 00:21:07 CHB 1480797?1628007662 第 1 次 获取到号码【1480797】GSD
2021-08-04 00:21:07 获取到号码【1480797】的GSD为【山西-太原】
2021-08-04 00:21:55 GSD insert 第 1 次 等待 3 秒
2021-08-04 00:21:58 {"status":"ok","gid":"134866","msg":"添加号码已存在，但为‘-’，修改为【山西-太原】成功！"}
2021-08-04 00:21:58 下次操作: 2021-08-04 00:22:11

2021-08-04 00:22:11 开始第 28 次操作

2021-08-04 00:22:11 开始操作号码 【1480798】
2021-08-04 00:22:56 GSD getOne 第 1 次 等待 3 秒
2021-08-04 00:22:59 查询号码 【1480798】，返回信息 {"status":"ok","msg":"-","gid":"134888","time_insert":"2021-06-26 22:09"}
2021-08-04 00:22:59 查询号码 【1480798】，GSD为【"-"】
2021-08-04 00:22:59 ok && -
2021-08-04 00:23:02 CHB 1480798?1628007779 第 1 次 等待 3 秒
2021-08-04 00:23:05 CHB 1480798?1628007779 第 1 次 获取到号码【1480798】GSD
2021-08-04 00:23:05 获取到号码【1480798】的GSD为【山西-太原】
2021-08-04 00:23:37 GSD insert 第 1 次 等待 3 秒
2021-08-04 00:23:40 {"status":"ok","gid":"134888","msg":"添加号码已存在，但为‘-’，修改为【山西-太原】成功！"}
2021-08-04 00:23:40 下次操作: 2021-08-04 00:23:56

2021-08-04 00:23:56 开始第 29 次操作

2021-08-04 00:23:56 开始操作号码 【1480799】
2021-08-04 00:24:30 GSD getOne 第 1 次 等待 3 秒
2021-08-04 00:24:33 查询号码 【1480799】，返回信息 {"status":"ok","msg":"-","gid":"134907","time_insert":"2021-06-26 22:13"}
2021-08-04 00:24:33 查询号码 【1480799】，GSD为【"-"】
2021-08-04 00:24:33 ok && -
2021-08-04 00:24:36 CHB 1480799?1628007873 第 1 次 等待 3 秒
2021-08-04 00:24:39 CHB 1480799?1628007873 第 1 次 获取到号码【1480799】GSD
2021-08-04 00:24:39 获取到号码【1480799】的GSD为【山西-太原】
2021-08-04 00:25:13 GSD insert 第 1 次 等待 3 秒
2021-08-04 00:25:16 {"status":"ok","gid":"134907","msg":"添加号码已存在，但为‘-’，修改为【山西-太原】成功！"}
2021-08-04 00:25:16 下次操作: 2021-08-04 00:25:31

2021-08-04 00:25:31 开始第 30 次操作

2021-08-04 00:25:31 开始操作号码 【1480800】
2021-08-04 00:26:17 GSD getOne 第 1 次 等待 3 秒
2021-08-04 00:26:20 查询号码 【1480800】，返回信息 {"status":"ok","msg":"-","gid":"134919","time_insert":"2021-06-26 22:17"}
2021-08-04 00:26:20 查询号码 【1480800】，GSD为【"-"】
2021-08-04 00:26:20 ok && -
2021-08-04 00:26:26 CHB 1480800?1628007980 第 1 次 等待 3 秒
2021-08-04 00:26:29 CHB 1480800?1628007980 第 1 次 获取到号码【1480800】GSD
2021-08-04 00:26:29 获取到号码【1480800】的GSD为【浙江-杭州】
2021-08-04 00:26:52 GSD insert 第 1 次 等待 3 秒
2021-08-04 00:26:55 {"status":"ok","gid":"134919","msg":"添加号码已存在，但为‘-’，修改为【浙江-杭州】成功！"}
2021-08-04 00:26:55 下次操作: 2021-08-04 00:27:16

2021-08-04 00:27:16 开始第 31 次操作

2021-08-04 00:27:16 开始操作号码 【1480801】
2021-08-04 00:27:34 GSD getOne 第 1 次 等待 3 秒
2021-08-04 00:27:37 查询号码 【1480801】，返回信息 {"status":"ok","msg":"-","gid":"134926","time_insert":"2021-06-26 22:20"}
2021-08-04 00:27:37 查询号码 【1480801】，GSD为【"-"】
2021-08-04 00:27:37 ok && -
2021-08-04 00:27:39 CHB 1480801?1628008057 第 1 次 等待 3 秒
2021-08-04 00:27:42 CHB 1480801?1628008057 第 1 次 获取到号码【1480801】GSD
2021-08-04 00:27:42 获取到号码【1480801】的GSD为【浙江-杭州】
2021-08-04 00:27:59 GSD insert 第 1 次 等待 3 秒
2021-08-04 00:28:02 {"status":"ok","gid":"134926","msg":"添加号码已存在，但为‘-’，修改为【浙江-杭州】成功！"}
2021-08-04 00:28:02 下次操作: 2021-08-04 00:28:20

2021-08-04 00:28:20 开始第 32 次操作

2021-08-04 00:28:20 开始操作号码 【1480802】
2021-08-04 00:28:37 GSD getOne 第 1 次 等待 3 秒
2021-08-04 00:28:40 查询号码 【1480802】，返回信息 {"status":"ok","msg":"-","gid":"134939","time_insert":"2021-06-26 22:24"}
2021-08-04 00:28:40 查询号码 【1480802】，GSD为【"-"】
2021-08-04 00:28:40 ok && -
2021-08-04 00:28:42 CHB 1480802?1628008120 第 1 次 等待 3 秒
2021-08-04 00:28:45 CHB 1480802?1628008120 第 1 次 获取到号码【1480802】GSD
2021-08-04 00:28:45 获取到号码【1480802】的GSD为【浙江-杭州】
2021-08-04 00:29:04 GSD insert 第 1 次 等待 3 秒
2021-08-04 00:29:07 {"status":"ok","gid":"134939","msg":"添加号码已存在，但为‘-’，修改为【浙江-杭州】成功！"}
2021-08-04 00:29:07 下次操作: 2021-08-04 00:29:28

2021-08-04 00:29:28 开始第 33 次操作

2021-08-04 00:29:28 开始操作号码 【1480803】
2021-08-04 00:29:52 GSD getOne 第 1 次 等待 3 秒
2021-08-04 00:29:55 查询号码 【1480803】，返回信息 {"status":"ok","msg":"-","gid":"134954","time_insert":"2021-06-26 22:30"}
2021-08-04 00:29:55 查询号码 【1480803】，GSD为【"-"】
2021-08-04 00:29:55 ok && -
2021-08-04 00:29:56 CHB 1480803?1628008195 第 1 次 等待 3 秒
2021-08-04 00:29:59 CHB 1480803?1628008195 第 1 次 获取到号码【1480803】GSD
2021-08-04 00:29:59 获取到号码【1480803】的GSD为【浙江-杭州】
2021-08-04 00:31:01 GSD insert 第 1 次 等待 3 秒
2021-08-04 00:31:04 {"status":"ok","gid":"134954","msg":"添加号码已存在，但为‘-’，修改为【浙江-杭州】成功！"}
2021-08-04 00:31:04 下次操作: 2021-08-04 00:31:23

2021-08-04 00:31:23 开始第 34 次操作

2021-08-04 00:31:23 开始操作号码 【1480804】
2021-08-04 00:31:35 GSD getOne 第 1 次 等待 3 秒
2021-08-04 00:31:38 查询号码 【1480804】，返回信息 {"status":"ok","msg":"-","gid":"134968","time_insert":"2021-06-26 22:34"}
2021-08-04 00:31:38 查询号码 【1480804】，GSD为【"-"】
2021-08-04 00:31:38 ok && -
2021-08-04 00:31:41 CHB 1480804?1628008298 第 1 次 等待 3 秒
2021-08-04 00:31:44 CHB 1480804?1628008298 第 1 次 获取到号码【1480804】GSD
2021-08-04 00:31:44 获取到号码【1480804】的GSD为【浙江-杭州】
2021-08-04 00:32:02 GSD insert 第 1 次 等待 3 秒
2021-08-04 00:32:05 {"status":"ok","gid":"134968","msg":"添加号码已存在，但为‘-’，修改为【浙江-杭州】成功！"}
2021-08-04 00:32:05 下次操作: 2021-08-04 00:32:23

2021-08-04 00:32:23 开始第 35 次操作

2021-08-04 00:32:23 开始操作号码 【1480805】
2021-08-04 00:33:01 GSD getOne 第 1 次 等待 3 秒
2021-08-04 00:33:04 查询号码 【1480805】，返回信息 {"status":"ok","msg":"-","gid":"134990","time_insert":"2021-06-26 22:38"}
2021-08-04 00:33:04 查询号码 【1480805】，GSD为【"-"】
2021-08-04 00:33:04 ok && -
2021-08-04 00:33:05 CHB 1480805?1628008384 第 1 次 等待 3 秒
2021-08-04 00:33:08 CHB 1480805?1628008384 第 1 次 获取到号码【1480805】GSD
2021-08-04 00:33:08 获取到号码【1480805】的GSD为【浙江-杭州】
2021-08-04 00:33:20 GSD insert 第 1 次 等待 3 秒
2021-08-04 00:33:23 {"status":"ok","gid":"134990","msg":"添加号码已存在，但为‘-’，修改为【浙江-杭州】成功！"}
2021-08-04 00:33:23 下次操作: 2021-08-04 00:33:37

2021-08-04 00:33:37 开始第 36 次操作

2021-08-04 00:33:37 开始操作号码 【1480806】
2021-08-04 00:33:43 GSD getOne 第 1 次 等待 3 秒
2021-08-04 00:33:46 查询号码 【1480806】，返回信息 {"status":"ok","msg":"-","gid":"135027","time_insert":"2021-06-26 22:43"}
2021-08-04 00:33:46 查询号码 【1480806】，GSD为【"-"】
2021-08-04 00:33:46 ok && -
2021-08-04 00:33:48 CHB 1480806?1628008426 第 1 次 等待 3 秒
2021-08-04 00:33:51 CHB 1480806?1628008426 第 1 次 获取到号码【1480806】GSD
2021-08-04 00:33:51 获取到号码【1480806】的GSD为【浙江-杭州】
2021-08-04 00:34:07 GSD insert 第 1 次 等待 3 秒
2021-08-04 00:34:10 {"status":"ok","gid":"135027","msg":"添加号码已存在，但为‘-’，修改为【浙江-杭州】成功！"}
2021-08-04 00:34:10 下次操作: 2021-08-04 00:34:33

2021-08-04 00:34:33 开始第 37 次操作

2021-08-04 00:34:33 开始操作号码 【1480807】
2021-08-04 00:34:54 GSD getOne 第 1 次 等待 3 秒
2021-08-04 00:34:57 查询号码 【1480807】，返回信息 {"status":"ok","msg":"-","gid":"135080","time_insert":"2021-06-26 22:48"}
2021-08-04 00:34:57 查询号码 【1480807】，GSD为【"-"】
2021-08-04 00:34:57 ok && -
2021-08-04 00:34:59 CHB 1480807?1628008497 第 1 次 等待 3 秒
2021-08-04 00:35:02 CHB 1480807?1628008497 第 1 次 获取到号码【1480807】GSD
2021-08-04 00:35:02 获取到号码【1480807】的GSD为【浙江-杭州】
2021-08-04 00:35:19 GSD insert 第 1 次 等待 3 秒
2021-08-04 00:35:22 {"status":"ok","gid":"135080","msg":"添加号码已存在，但为‘-’，修改为【浙江-杭州】成功！"}
2021-08-04 00:35:22 下次操作: 2021-08-04 00:35:41

2021-08-04 00:35:41 开始第 38 次操作

2021-08-04 00:35:41 开始操作号码 【1480808】
2021-08-04 00:35:53 GSD getOne 第 1 次 等待 3 秒
2021-08-04 00:35:56 查询号码 【1480808】，返回信息 {"status":"ok","msg":"-","gid":"135143","time_insert":"2021-06-26 22:54"}
2021-08-04 00:35:56 查询号码 【1480808】，GSD为【"-"】
2021-08-04 00:35:56 ok && -
2021-08-04 00:35:59 CHB 1480808?1628008556 第 1 次 等待 3 秒
2021-08-04 00:36:02 CHB 1480808?1628008556 第 1 次 获取到号码【1480808】GSD
2021-08-04 00:36:02 获取到号码【1480808】的GSD为【浙江-杭州】
2021-08-04 00:36:29 GSD insert 第 1 次 等待 3 秒
2021-08-04 00:36:32 {"status":"ok","gid":"135143","msg":"添加号码已存在，但为‘-’，修改为【浙江-杭州】成功！"}
2021-08-04 00:36:32 下次操作: 2021-08-04 00:36:48

2021-08-04 00:36:48 开始第 39 次操作

2021-08-04 00:36:48 开始操作号码 【1480809】
2021-08-04 00:37:09 GSD getOne 第 1 次 等待 3 秒
2021-08-04 00:37:12 查询号码 【1480809】，返回信息 {"status":"ok","msg":"-","gid":"135182","time_insert":"2021-06-26 22:59"}
2021-08-04 00:37:12 查询号码 【1480809】，GSD为【"-"】
2021-08-04 00:37:12 ok && -
2021-08-04 00:37:14 CHB 1480809?1628008632 第 1 次 等待 3 秒
2021-08-04 00:37:17 CHB 1480809?1628008632 第 1 次 获取到号码【1480809】GSD
2021-08-04 00:37:17 获取到号码【1480809】的GSD为【浙江-杭州】
2021-08-04 00:38:31 GSD insert 第 1 次 等待 3 秒
2021-08-04 00:38:34 {"status":"ok","gid":"135182","msg":"添加号码已存在，但为‘-’，修改为【浙江-杭州】成功！"}
2021-08-04 00:38:34 下次操作: 2021-08-04 00:38:51

2021-08-04 00:38:51 开始第 40 次操作

2021-08-04 00:38:51 开始操作号码 【1480810】
2021-08-04 00:39:16 GSD getOne 第 1 次 等待 3 秒
2021-08-04 00:39:19 查询号码 【1480810】，返回信息 {"status":"ok","msg":"-","gid":"135206","time_insert":"2021-06-26 23:02"}
2021-08-04 00:39:19 查询号码 【1480810】，GSD为【"-"】
2021-08-04 00:39:19 ok && -
2021-08-04 00:39:22 CHB 1480810?1628008759 第 1 次 等待 3 秒
2021-08-04 00:39:25 CHB 1480810?1628008759 第 1 次 获取到号码【1480810】GSD
2021-08-04 00:39:25 获取到号码【1480810】的GSD为【浙江-杭州】
2021-08-04 00:39:35 GSD insert 第 1 次 等待 3 秒
2021-08-04 00:39:38 {"status":"ok","gid":"135206","msg":"添加号码已存在，但为‘-’，修改为【浙江-杭州】成功！"}
2021-08-04 00:39:38 下次操作: 2021-08-04 00:40:00

2021-08-04 00:40:00 开始第 41 次操作

2021-08-04 00:40:00 开始操作号码 【1480811】
2021-08-04 00:40:12 GSD getOne 第 1 次 等待 3 秒
2021-08-04 00:40:15 查询号码 【1480811】，返回信息 {"status":"ok","msg":"-","gid":"135231","time_insert":"2021-06-26 23:07"}
2021-08-04 00:40:15 查询号码 【1480811】，GSD为【"-"】
2021-08-04 00:40:15 ok && -
2021-08-04 00:40:16 CHB 1480811?1628008815 第 1 次 等待 3 秒
2021-08-04 00:40:19 CHB 1480811?1628008815 第 1 次 获取到号码【1480811】GSD
2021-08-04 00:40:19 获取到号码【1480811】的GSD为【浙江-杭州】
2021-08-04 00:40:33 GSD insert 第 1 次 等待 3 秒
2021-08-04 00:40:36 {"status":"ok","gid":"135231","msg":"添加号码已存在，但为‘-’，修改为【浙江-杭州】成功！"}
2021-08-04 00:40:36 下次操作: 2021-08-04 00:41:00

2021-08-04 00:41:00 开始第 42 次操作

2021-08-04 00:41:00 开始操作号码 【1480812】
2021-08-04 00:41:13 GSD getOne 第 1 次 等待 3 秒
2021-08-04 00:41:16 查询号码 【1480812】，返回信息 {"status":"ok","msg":"-","gid":"135251","time_insert":"2021-06-26 23:11"}
2021-08-04 00:41:16 查询号码 【1480812】，GSD为【"-"】
2021-08-04 00:41:16 ok && -
2021-08-04 00:41:26 CHB 1480812?1628008876 第 1 次 等待 3 秒
2021-08-04 00:41:29 CHB 1480812?1628008876 第 1 次 获取到号码【1480812】GSD
2021-08-04 00:41:29 获取到号码【1480812】的GSD为【浙江-杭州】
2021-08-04 00:41:56 GSD insert 第 1 次 等待 3 秒
2021-08-04 00:41:59 {"status":"ok","gid":"135251","msg":"添加号码已存在，但为‘-’，修改为【浙江-杭州】成功！"}
2021-08-04 00:42:00 下次操作: 2021-08-04 00:42:19

2021-08-04 00:42:19 开始第 43 次操作

2021-08-04 00:42:19 开始操作号码 【1480813】
2021-08-04 00:42:25 GSD getOne 第 1 次 等待 3 秒
2021-08-04 00:42:28 查询号码 【1480813】，返回信息 {"status":"ok","msg":"-","gid":"135260","time_insert":"2021-06-26 23:14"}
2021-08-04 00:42:28 查询号码 【1480813】，GSD为【"-"】
2021-08-04 00:42:28 ok && -
2021-08-04 00:42:31 CHB 1480813?1628008948 第 1 次 等待 3 秒
2021-08-04 00:42:34 CHB 1480813?1628008948 第 1 次 获取到号码【1480813】GSD
2021-08-04 00:42:34 获取到号码【1480813】的GSD为【浙江-杭州】
2021-08-04 00:42:46 GSD insert 第 1 次 等待 3 秒
2021-08-04 00:42:49 {"status":"ok","gid":"135260","msg":"添加号码已存在，但为‘-’，修改为【浙江-杭州】成功！"}
2021-08-04 00:42:49 下次操作: 2021-08-04 00:43:11

2021-08-04 00:43:11 开始第 44 次操作

2021-08-04 00:43:11 开始操作号码 【1480814】
2021-08-04 00:43:49 GSD getOne 第 1 次 等待 3 秒
2021-08-04 00:43:52 查询号码 【1480814】，返回信息 {"status":"ok","msg":"-","gid":"135265","time_insert":"2021-06-26 23:19"}
2021-08-04 00:43:52 查询号码 【1480814】，GSD为【"-"】
2021-08-04 00:43:52 ok && -
2021-08-04 00:43:54 CHB 1480814?1628009032 第 1 次 等待 3 秒
2021-08-04 00:43:57 CHB 1480814?1628009032 第 1 次 获取到号码【1480814】GSD
2021-08-04 00:43:57 获取到号码【1480814】的GSD为【浙江-杭州】
2021-08-04 00:44:07 GSD insert 第 1 次 等待 3 秒
2021-08-04 00:44:10 {"status":"ok","gid":"135265","msg":"添加号码已存在，但为‘-’，修改为【浙江-杭州】成功！"}
2021-08-04 00:44:10 下次操作: 2021-08-04 00:44:24

2021-08-04 00:44:24 开始第 45 次操作

2021-08-04 00:44:24 开始操作号码 【1480815】
2021-08-04 00:44:37 GSD getOne 第 1 次 等待 3 秒
2021-08-04 00:44:40 查询号码 【1480815】，返回信息 {"status":"ok","msg":"-","gid":"135276","time_insert":"2021-06-26 23:25"}
2021-08-04 00:44:40 查询号码 【1480815】，GSD为【"-"】
2021-08-04 00:44:40 ok && -
2021-08-04 00:44:43 CHB 1480815?1628009080 第 1 次 等待 3 秒
2021-08-04 00:44:46 CHB 1480815?1628009080 第 1 次 获取到号码【1480815】GSD
2021-08-04 00:44:46 获取到号码【1480815】的GSD为【浙江-杭州】
2021-08-04 00:44:57 GSD insert 第 1 次 等待 3 秒
2021-08-04 00:45:00 {"status":"ok","gid":"135276","msg":"添加号码已存在，但为‘-’，修改为【浙江-杭州】成功！"}
2021-08-04 00:45:00 下次操作: 2021-08-04 00:45:19

2021-08-04 00:45:19 开始第 46 次操作

2021-08-04 00:45:19 开始操作号码 【1480816】
2021-08-04 00:45:35 GSD getOne 第 1 次 等待 3 秒
2021-08-04 00:45:38 查询号码 【1480816】，返回信息 {"status":"ok","msg":"-","gid":"135281","time_insert":"2021-06-26 23:30"}
2021-08-04 00:45:38 查询号码 【1480816】，GSD为【"-"】
2021-08-04 00:45:38 ok && -
2021-08-04 00:45:40 CHB 1480816?1628009138 第 1 次 等待 3 秒
2021-08-04 00:45:43 CHB 1480816?1628009138 第 1 次 获取到号码【1480816】GSD
2021-08-04 00:45:43 获取到号码【1480816】的GSD为【浙江-杭州】
2021-08-04 00:45:53 GSD insert 第 1 次 等待 3 秒
2021-08-04 00:45:56 {"status":"ok","gid":"135281","msg":"添加号码已存在，但为‘-’，修改为【浙江-杭州】成功！"}
2021-08-04 00:45:56 下次操作: 2021-08-04 00:46:13

2021-08-04 00:46:13 开始第 47 次操作

2021-08-04 00:46:13 开始操作号码 【1480817】
2021-08-04 00:46:39 GSD getOne 第 1 次 等待 3 秒
2021-08-04 00:46:42 查询号码 【1480817】，返回信息 {"status":"ok","msg":"-","gid":"135292","time_insert":"2021-06-26 23:35"}
2021-08-04 00:46:42 查询号码 【1480817】，GSD为【"-"】
2021-08-04 00:46:42 ok && -
2021-08-04 00:46:49 CHB 1480817?1628009202 第 1 次 等待 3 秒
2021-08-04 00:46:52 CHB 1480817?1628009202 第 1 次 获取到号码【1480817】GSD
2021-08-04 00:46:53 获取到号码【1480817】的GSD为【浙江-杭州】
2021-08-04 00:47:05 GSD insert 第 1 次 等待 3 秒
2021-08-04 00:47:08 {"status":"ok","gid":"135292","msg":"添加号码已存在，但为‘-’，修改为【浙江-杭州】成功！"}
2021-08-04 00:47:08 下次操作: 2021-08-04 00:47:21

2021-08-04 00:47:21 开始第 48 次操作

2021-08-04 00:47:21 开始操作号码 【1480818】
2021-08-04 00:47:30 GSD getOne 第 1 次 等待 3 秒
2021-08-04 00:47:33 查询号码 【1480818】，返回信息 {"status":"ok","msg":"-","gid":"135296","time_insert":"2021-06-26 23:40"}
2021-08-04 00:47:33 查询号码 【1480818】，GSD为【"-"】
2021-08-04 00:47:33 ok && -
2021-08-04 00:47:36 CHB 1480818?1628009253 第 1 次 等待 3 秒
2021-08-04 00:47:39 CHB 1480818?1628009253 第 1 次 获取到号码【1480818】GSD
2021-08-04 00:47:39 获取到号码【1480818】的GSD为【浙江-杭州】
2021-08-04 00:47:52 GSD insert 第 1 次 等待 3 秒
2021-08-04 00:47:55 {"status":"ok","gid":"135296","msg":"添加号码已存在，但为‘-’，修改为【浙江-杭州】成功！"}
2021-08-04 00:47:55 下次操作: 2021-08-04 00:48:11

2021-08-04 00:48:11 开始第 49 次操作

2021-08-04 00:48:11 开始操作号码 【1480819】
2021-08-04 00:48:21 GSD getOne 第 1 次 等待 3 秒
2021-08-04 00:48:24 查询号码 【1480819】，返回信息 {"status":"ok","msg":"-","gid":"135305","time_insert":"2021-06-26 23:45"}
2021-08-04 00:48:24 查询号码 【1480819】，GSD为【"-"】
2021-08-04 00:48:24 ok && -
2021-08-04 00:48:26 CHB 1480819?1628009304 第 1 次 等待 3 秒
2021-08-04 00:48:29 CHB 1480819?1628009304 第 1 次 获取到号码【1480819】GSD
2021-08-04 00:48:29 获取到号码【1480819】的GSD为【浙江-杭州】
2021-08-04 00:49:01 GSD insert 第 1 次 等待 3 秒
2021-08-04 00:49:04 {"status":"ok","gid":"135305","msg":"添加号码已存在，但为‘-’，修改为【浙江-杭州】成功！"}
2021-08-04 00:49:04 下次操作: 2021-08-04 00:49:23

2021-08-04 00:49:23 开始第 50 次操作

2021-08-04 00:49:23 开始操作号码 【1480820】
2021-08-04 00:49:34 GSD getOne 第 1 次 等待 3 秒
2021-08-04 00:49:37 查询号码 【1480820】，返回信息 {"status":"ok","msg":"-","gid":"135310","time_insert":"2021-06-26 23:48"}
2021-08-04 00:49:37 查询号码 【1480820】，GSD为【"-"】
2021-08-04 00:49:37 ok && -
2021-08-04 00:49:39 CHB 1480820?1628009377 第 1 次 等待 3 秒
2021-08-04 00:49:42 CHB 1480820?1628009377 第 1 次 获取到号码【1480820】GSD
2021-08-04 00:49:42 获取到号码【1480820】的GSD为【浙江-杭州】
2021-08-04 00:49:58 GSD insert 第 1 次 等待 3 秒
2021-08-04 00:50:01 {"status":"ok","gid":"135310","msg":"添加号码已存在，但为‘-’，修改为【浙江-杭州】成功！"}
2021-08-04 00:50:01 下次操作: 2021-08-04 00:50:22

2021-08-04 00:50:22 开始第 51 次操作

2021-08-04 00:50:22 开始操作号码 【1480821】
2021-08-04 00:50:36 GSD getOne 第 1 次 等待 3 秒
2021-08-04 00:50:39 查询号码 【1480821】，返回信息 {"status":"ok","msg":"-","gid":"135316","time_insert":"2021-06-26 23:53"}
2021-08-04 00:50:39 查询号码 【1480821】，GSD为【"-"】
2021-08-04 00:50:39 ok && -
2021-08-04 00:50:42 CHB 1480821?1628009439 第 1 次 等待 3 秒
2021-08-04 00:50:45 CHB 1480821?1628009439 第 1 次 获取到号码【1480821】GSD
2021-08-04 00:50:45 获取到号码【1480821】的GSD为【浙江-杭州】
2021-08-04 00:51:07 GSD insert 第 1 次 等待 3 秒
2021-08-04 00:51:10 {"status":"ok","gid":"135316","msg":"添加号码已存在，但为‘-’，修改为【浙江-杭州】成功！"}
2021-08-04 00:51:10 下次操作: 2021-08-04 00:51:28

2021-08-04 00:51:28 开始第 52 次操作

2021-08-04 00:51:28 开始操作号码 【1480822】
2021-08-04 00:51:49 GSD getOne 第 1 次 等待 3 秒
2021-08-04 00:51:52 查询号码 【1480822】，返回信息 {"status":"ok","msg":"-","gid":"135355","time_insert":"2021-06-26 23:57"}
2021-08-04 00:51:52 查询号码 【1480822】，GSD为【"-"】
2021-08-04 00:51:52 ok && -
2021-08-04 00:51:54 CHB 1480822?1628009512 第 1 次 等待 3 秒
2021-08-04 00:51:57 CHB 1480822?1628009512 第 1 次 获取到号码【1480822】GSD
2021-08-04 00:51:57 获取到号码【1480822】的GSD为【浙江-杭州】
2021-08-04 00:52:13 GSD insert 第 1 次 等待 3 秒
2021-08-04 00:52:16 {"status":"ok","gid":"135355","msg":"添加号码已存在，但为‘-’，修改为【浙江-杭州】成功！"}
2021-08-04 00:52:16 下次操作: 2021-08-04 00:52:36

2021-08-04 00:52:36 开始第 53 次操作

2021-08-04 00:52:36 开始操作号码 【1480823】
2021-08-04 00:52:53 GSD getOne 第 1 次 等待 3 秒
2021-08-04 00:52:56 查询号码 【1480823】，返回信息 {"status":"ok","msg":"浙江-杭州","gid":"135412","time_insert":"2021-06-27 00:02"}
2021-08-04 00:52:56 查询号码 【1480823】，GSD为【"浙江-杭州"】

2021-08-04 00:52:56 开始第 54 次操作

2021-08-04 00:52:56 开始操作号码 【1480824】
2021-08-04 00:53:11 GSD getOne 第 1 次 等待 3 秒
2021-08-04 00:53:14 查询号码 【1480824】，返回信息 {"status":"ok","msg":"浙江-杭州","gid":"135461","time_insert":"2021-06-27 00:06"}
2021-08-04 00:53:14 查询号码 【1480824】，GSD为【"浙江-杭州"】

2021-08-04 00:53:14 开始第 55 次操作

2021-08-04 00:53:14 开始操作号码 【1480825】
2021-08-04 00:53:28 GSD getOne 第 1 次 等待 3 秒
2021-08-04 00:53:31 查询号码 【1480825】，返回信息 {"status":"ok","msg":"浙江-杭州","gid":"135498","time_insert":"2021-06-27 00:09"}
2021-08-04 00:53:31 查询号码 【1480825】，GSD为【"浙江-杭州"】

2021-08-04 00:53:31 开始第 56 次操作

2021-08-04 00:53:31 开始操作号码 【1480826】
2021-08-04 00:53:42 GSD getOne 第 1 次 等待 3 秒
2021-08-04 00:53:45 查询号码 【1480826】，返回信息 {"status":"ok","msg":"浙江-杭州","gid":"135536","time_insert":"2021-06-27 00:13"}
2021-08-04 00:53:46 查询号码 【1480826】，GSD为【"浙江-杭州"】

2021-08-04 00:53:46 开始第 57 次操作

2021-08-04 00:53:46 开始操作号码 【1480827】
2021-08-04 00:53:54 GSD getOne 第 1 次 等待 3 秒
2021-08-04 00:53:57 查询号码 【1480827】，返回信息 {"status":"ok","msg":"浙江-杭州","gid":"135570","time_insert":"2021-06-27 00:16"}
2021-08-04 00:53:57 查询号码 【1480827】，GSD为【"浙江-杭州"】

2021-08-04 00:53:57 开始第 58 次操作

2021-08-04 00:53:57 开始操作号码 【1480828】
2021-08-04 00:54:07 GSD getOne 第 1 次 等待 3 秒
2021-08-04 00:54:10 查询号码 【1480828】，返回信息 {"status":"ok","msg":"浙江-杭州","gid":"135598","time_insert":"2021-06-27 00:20"}
2021-08-04 00:54:11 查询号码 【1480828】，GSD为【"浙江-杭州"】

2021-08-04 00:54:11 开始第 59 次操作

2021-08-04 00:54:11 开始操作号码 【1480829】
2021-08-04 00:54:15 GSD getOne 第 1 次 等待 3 秒
2021-08-04 00:54:18 查询号码 【1480829】，返回信息 {"status":"ok","msg":"浙江-杭州","gid":"135607","time_insert":"2021-06-27 00:24"}
2021-08-04 00:54:18 查询号码 【1480829】，GSD为【"浙江-杭州"】

2021-08-04 00:54:18 开始第 60 次操作

2021-08-04 00:54:18 开始操作号码 【1480830】
2021-08-04 00:54:25 GSD getOne 第 1 次 等待 3 秒
2021-08-04 00:54:28 查询号码 【1480830】，返回信息 {"status":"ok","msg":"浙江-杭州","gid":"135615","time_insert":"2021-06-27 00:28"}
2021-08-04 00:54:28 查询号码 【1480830】，GSD为【"浙江-杭州"】

