2024-08-04 00:24:34 开始第 9461 次操作

2024-08-04 00:24:34 开始操作号码 【1479371】
2024-08-04 00:24:37 GSD getOne 第 1 次 等待 3 秒
2024-08-04 00:24:40 查询号码 【1479371】，返回信息 {"status":"ok","msg":"甘肃-临夏","gid":"361013","time_insert":"2021-07-23 01:49"}
2024-08-04 00:24:40 查询号码 【1479371】，GSD为【"甘肃-临夏"】

2024-08-04 00:24:41 开始第 9462 次操作

2024-08-04 00:24:41 开始操作号码 【1479372】
2024-08-04 00:24:42 GSD getOne 第 1 次 等待 3 秒
2024-08-04 00:24:45 查询号码 【1479372】，返回信息 {"status":"ok","msg":"甘肃-定西","gid":"361004","time_insert":"2021-07-23 01:48"}
2024-08-04 00:24:45 查询号码 【1479372】，GSD为【"甘肃-定西"】

2024-08-04 00:24:46 开始第 9463 次操作

2024-08-04 00:24:46 开始操作号码 【1479373】
2024-08-04 00:24:48 GSD getOne 第 1 次 等待 3 秒
2024-08-04 00:24:51 查询号码 【1479373】，返回信息 {"status":"ok","msg":"甘肃-定西","gid":"360991","time_insert":"2021-07-23 01:47"}
2024-08-04 00:24:51 查询号码 【1479373】，GSD为【"甘肃-定西"】

2024-08-04 00:24:52 开始第 9464 次操作

2024-08-04 00:24:52 开始操作号码 【1479374】
2024-08-04 00:25:00 GSD getOne 第 1 次 等待 3 秒
2024-08-04 00:25:03 查询号码 【1479374】，返回信息 {"status":"ok","msg":"甘肃-武威","gid":"360981","time_insert":"2021-07-23 01:47"}
2024-08-04 00:25:03 查询号码 【1479374】，GSD为【"甘肃-武威"】

