2024-04-17 00:22:13 开始第 3889 次操作

2024-04-17 00:22:13 开始操作号码 【1583803】
2024-04-17 00:22:19 GSD getOne 第 1 次 等待 3 秒
2024-04-17 00:22:22 查询号码 【1583803】，返回信息 {"status":"ok","msg":"河南-郑州","gid":"24939","time_insert":"2017-08-04 11:45","time_update":"2020-09-11 20:54"}
2024-04-17 00:22:22 查询号码 【1583803】，GSD为【"河南-郑州"】

2024-04-17 00:22:23 开始第 3890 次操作

2024-04-17 00:22:23 开始操作号码 【1583804】
2024-04-17 00:22:28 GSD getOne 第 1 次 等待 3 秒
2024-04-17 00:22:31 查询号码 【1583804】，返回信息 {"status":"ok","msg":"河南-郑州","gid":"270416","time_insert":"2021-07-14 02:14"}
2024-04-17 00:22:31 查询号码 【1583804】，GSD为【"河南-郑州"】

2024-04-17 00:22:32 开始第 3891 次操作

2024-04-17 00:22:32 开始操作号码 【1583805】
2024-04-17 00:22:37 GSD getOne 第 1 次 等待 3 秒
2024-04-17 00:22:40 查询号码 【1583805】，返回信息 {"status":"ok","msg":"河南-郑州","gid":"270458","time_insert":"2021-07-14 02:34"}
2024-04-17 00:22:40 查询号码 【1583805】，GSD为【"河南-郑州"】

2024-04-17 00:22:41 开始第 3892 次操作

2024-04-17 00:22:41 开始操作号码 【1583806】
2024-04-17 00:22:46 GSD getOne 第 1 次 等待 3 秒
2024-04-17 00:22:49 查询号码 【1583806】，返回信息 {"status":"ok","msg":"河南-郑州","gid":"54817","time_insert":"2020-05-19 11:34"}
2024-04-17 00:22:49 查询号码 【1583806】，GSD为【"河南-郑州"】

2024-04-17 00:37:48 开始第 3893 次操作

2024-04-17 00:37:48 开始操作号码 【1583807】
2024-04-17 00:37:56 GSD getOne 第 1 次 等待 3 秒
2024-04-17 00:37:59 查询号码 【1583807】，返回信息 {"status":"ok","msg":"河南-郑州","gid":"54818","time_insert":"2020-11-22 20:29"}
2024-04-17 00:37:59 查询号码 【1583807】，GSD为【"河南-郑州"】

2024-04-17 00:38:00 开始第 3894 次操作

2024-04-17 00:38:00 开始操作号码 【1583808】
2024-04-17 00:38:04 GSD getOne 第 1 次 等待 3 秒
2024-04-17 00:38:07 查询号码 【1583808】，返回信息 {"status":"ok","msg":"河南-郑州","gid":"270592","time_insert":"2021-07-14 02:52"}
2024-04-17 00:38:07 查询号码 【1583808】，GSD为【"河南-郑州"】

2024-04-17 00:38:08 开始第 3895 次操作

2024-04-17 00:38:08 开始操作号码 【1583809】
2024-04-17 00:38:14 GSD getOne 第 1 次 等待 3 秒
2024-04-17 00:38:17 查询号码 【1583809】，返回信息 {"status":"ok","msg":"河南-郑州","gid":"270783","time_insert":"2021-07-14 03:08"}
2024-04-17 00:38:17 查询号码 【1583809】，GSD为【"河南-郑州"】

2024-04-17 00:38:18 开始第 3896 次操作

2024-04-17 00:38:18 开始操作号码 【1583810】
2024-04-17 00:38:23 GSD getOne 第 1 次 等待 3 秒
2024-04-17 00:38:26 查询号码 【1583810】，返回信息 {"status":"ok","msg":"河南-郑州","gid":"54819","time_insert":"2020-06-30 18:36"}
2024-04-17 00:38:26 查询号码 【1583810】，GSD为【"河南-郑州"】

2024-04-17 01:16:17 开始第 3897 次操作

2024-04-17 01:16:17 开始操作号码 【1583811】
2024-04-17 01:16:21 GSD getOne 第 1 次 等待 3 秒
2024-04-17 01:16:24 查询号码 【1583811】，返回信息 {"status":"ok","msg":"河南-郑州","gid":"270827","time_insert":"2021-07-14 03:25"}
2024-04-17 01:16:24 查询号码 【1583811】，GSD为【"河南-郑州"】

2024-04-17 01:16:25 开始第 3898 次操作

2024-04-17 01:16:25 开始操作号码 【1583812】
2024-04-17 01:16:31 GSD getOne 第 1 次 等待 3 秒
2024-04-17 01:16:34 查询号码 【1583812】，返回信息 {"status":"ok","msg":"河南-郑州","gid":"270984","time_insert":"2021-07-14 03:42"}
2024-04-17 01:16:34 查询号码 【1583812】，GSD为【"河南-郑州"】

2024-04-17 01:16:35 开始第 3899 次操作

2024-04-17 01:16:35 开始操作号码 【1583813】
2024-04-17 01:16:41 GSD getOne 第 1 次 等待 3 秒
2024-04-17 01:16:44 查询号码 【1583813】，返回信息 {"status":"ok","msg":"河南-郑州","gid":"271163","time_insert":"2021-07-14 04:02"}
2024-04-17 01:16:44 查询号码 【1583813】，GSD为【"河南-郑州"】

2024-04-17 01:16:45 开始第 3900 次操作

2024-04-17 01:16:45 开始操作号码 【1583814】
2024-04-17 01:16:51 GSD getOne 第 1 次 等待 3 秒
2024-04-17 01:16:54 查询号码 【1583814】，返回信息 {"status":"ok","msg":"河南-郑州","gid":"54820","time_insert":"2020-04-08 10:39"}
2024-04-17 01:16:54 查询号码 【1583814】，GSD为【"河南-郑州"】

2024-04-17 01:37:41 开始第 3901 次操作

2024-04-17 01:37:41 开始操作号码 【1583815】
2024-04-17 01:37:48 GSD getOne 第 1 次 等待 3 秒
2024-04-17 01:37:51 查询号码 【1583815】，返回信息 {"status":"ok","msg":"河南-郑州","gid":"271202","time_insert":"2021-07-14 04:21"}
2024-04-17 01:37:51 查询号码 【1583815】，GSD为【"河南-郑州"】

2024-04-17 01:37:52 开始第 3902 次操作

2024-04-17 01:37:52 开始操作号码 【1583816】
2024-04-17 01:37:56 GSD getOne 第 1 次 等待 3 秒
2024-04-17 01:37:59 查询号码 【1583816】，返回信息 {"status":"ok","msg":"河南-郑州","gid":"271332","time_insert":"2021-07-14 04:41"}
2024-04-17 01:37:59 查询号码 【1583816】，GSD为【"河南-郑州"】

2024-04-17 01:38:00 开始第 3903 次操作

2024-04-17 01:38:00 开始操作号码 【1583817】
2024-04-17 01:38:07 GSD getOne 第 1 次 等待 3 秒
2024-04-17 01:38:10 查询号码 【1583817】，返回信息 {"status":"ok","msg":"河南-郑州","gid":"271548","time_insert":"2021-07-14 05:01"}
2024-04-17 01:38:10 查询号码 【1583817】，GSD为【"河南-郑州"】

2024-04-17 01:38:11 开始第 3904 次操作

2024-04-17 01:38:11 开始操作号码 【1583818】
2024-04-17 01:38:17 GSD getOne 第 1 次 等待 3 秒
2024-04-17 01:38:20 查询号码 【1583818】，返回信息 {"status":"ok","msg":"河南-郑州","gid":"24940","time_insert":"2016-04-07 18:35","time_update":"2020-09-11 20:49"}
2024-04-17 01:38:20 查询号码 【1583818】，GSD为【"河南-郑州"】

2024-04-17 02:19:46 开始第 3905 次操作

2024-04-17 02:19:46 开始操作号码 【1583819】
2024-04-17 02:19:51 GSD getOne 第 1 次 等待 3 秒
2024-04-17 02:19:54 查询号码 【1583819】，返回信息 {"status":"ok","msg":"河南-郑州","gid":"271588","time_insert":"2021-07-14 05:20"}
2024-04-17 02:19:54 查询号码 【1583819】，GSD为【"河南-郑州"】

2024-04-17 02:19:55 开始第 3906 次操作

2024-04-17 02:19:55 开始操作号码 【1583820】
2024-04-17 02:20:00 GSD getOne 第 1 次 等待 3 秒
2024-04-17 02:20:03 查询号码 【1583820】，返回信息 {"status":"ok","msg":"河南-郑州","gid":"271637","time_insert":"2021-07-14 05:39"}
2024-04-17 02:20:03 查询号码 【1583820】，GSD为【"河南-郑州"】

2024-04-17 02:20:04 开始第 3907 次操作

2024-04-17 02:20:04 开始操作号码 【1583821】
2024-04-17 02:20:09 GSD getOne 第 1 次 等待 3 秒
2024-04-17 02:20:12 查询号码 【1583821】，返回信息 {"status":"ok","msg":"河南-郑州","gid":"271910","time_insert":"2021-07-14 05:57"}
2024-04-17 02:20:12 查询号码 【1583821】，GSD为【"河南-郑州"】

2024-04-17 02:20:13 开始第 3908 次操作

2024-04-17 02:20:13 开始操作号码 【1583822】
2024-04-17 02:20:17 GSD getOne 第 1 次 等待 3 秒
2024-04-17 02:20:20 查询号码 【1583822】，返回信息 {"status":"ok","msg":"河南-郑州","gid":"271965","time_insert":"2021-07-14 06:17"}
2024-04-17 02:20:21 查询号码 【1583822】，GSD为【"河南-郑州"】

2024-04-17 02:37:59 开始第 3909 次操作

2024-04-17 02:37:59 开始操作号码 【1583823】
2024-04-17 02:38:06 GSD getOne 第 1 次 等待 3 秒
2024-04-17 02:38:09 查询号码 【1583823】，返回信息 {"status":"ok","msg":"河南-郑州","gid":"272009","time_insert":"2021-07-14 06:37"}
2024-04-17 02:38:09 查询号码 【1583823】，GSD为【"河南-郑州"】

2024-04-17 02:38:10 开始第 3910 次操作

2024-04-17 02:38:10 开始操作号码 【1583824】
2024-04-17 02:38:15 GSD getOne 第 1 次 等待 3 秒
2024-04-17 02:38:18 查询号码 【1583824】，返回信息 {"status":"ok","msg":"河南-郑州","gid":"272291","time_insert":"2021-07-14 06:56"}
2024-04-17 02:38:18 查询号码 【1583824】，GSD为【"河南-郑州"】

2024-04-17 02:38:19 开始第 3911 次操作

2024-04-17 02:38:19 开始操作号码 【1583825】
2024-04-17 02:38:25 GSD getOne 第 1 次 等待 3 秒
2024-04-17 02:38:28 查询号码 【1583825】，返回信息 {"status":"ok","msg":"河南-郑州","gid":"272341","time_insert":"2021-07-14 07:14"}
2024-04-17 02:38:28 查询号码 【1583825】，GSD为【"河南-郑州"】

2024-04-17 02:38:29 开始第 3912 次操作

2024-04-17 02:38:29 开始操作号码 【1583826】
2024-04-17 02:38:35 GSD getOne 第 1 次 等待 3 秒
2024-04-17 02:38:38 查询号码 【1583826】，返回信息 {"status":"ok","msg":"河南-郑州","gid":"54821","time_insert":"2020-01-22 14:14"}
2024-04-17 02:38:38 查询号码 【1583826】，GSD为【"河南-郑州"】

