2024-06-17 00:21:57 开始第 1077 次操作

2024-06-17 00:21:57 开始操作号码 【1470991】
2024-06-17 00:22:06 GSD getOne 第 1 次 等待 3 秒
2024-06-17 00:22:09 查询号码 【1470991】，返回信息 {"status":"ok","msg":"新疆-乌鲁木齐","gid":"86572","time_insert":"2021-06-08 17:41"}
2024-06-17 00:22:09 查询号码 【1470991】，GSD为【"新疆-乌鲁木齐"】

2024-06-17 00:22:10 开始第 1078 次操作

2024-06-17 00:22:10 开始操作号码 【1470992】
2024-06-17 00:22:15 GSD getOne 第 1 次 等待 3 秒
2024-06-17 00:22:18 查询号码 【1470992】，返回信息 {"status":"ok","msg":"新疆-奎屯","gid":"86600","time_insert":"2021-06-08 18:06"}
2024-06-17 00:22:18 查询号码 【1470992】，GSD为【"新疆-奎屯"】

2024-06-17 00:22:19 开始第 1079 次操作

2024-06-17 00:22:19 开始操作号码 【1470993】
2024-06-17 00:22:42 GSD getOne 第 1 次 等待 3 秒
2024-06-17 00:22:45 查询号码 【1470993】，返回信息 {"status":"ok","msg":"新疆-石河子","gid":"14673","time_insert":"2018-01-21 12:17","time_update":"2020-12-23 16:38"}
2024-06-17 00:22:45 查询号码 【1470993】，GSD为【"新疆-石河子"】

2024-06-17 00:22:46 开始第 1080 次操作

2024-06-17 00:22:46 开始操作号码 【1470994】
2024-06-17 00:22:52 GSD getOne 第 1 次 等待 3 秒
2024-06-17 00:22:55 查询号码 【1470994】，返回信息 {"status":"ok","msg":"新疆-昌吉","gid":"86629","time_insert":"2021-06-08 18:32"}
2024-06-17 00:22:55 查询号码 【1470994】，GSD为【"新疆-昌吉"】

