2023-12-25 00:20:42 开始第 4945 次操作

2023-12-25 00:20:42 开始操作号码 【1804860】
2023-12-25 00:20:59 GSD getOne 第 1 次 等待 3 秒
2023-12-25 00:21:02 查询号码 【1804860】，返回信息 {"status":"ok","msg":"四川-绵阳","gid":"32227","time_insert":"2017-04-20 15:10","time_update":"2020-11-02 12:02"}
2023-12-25 00:21:02 查询号码 【1804860】，GSD为【"四川-绵阳"】

2023-12-25 00:21:03 开始第 4946 次操作

2023-12-25 00:21:03 开始操作号码 【1804861】
2023-12-25 00:21:12 GSD getOne 第 1 次 等待 3 秒
2023-12-25 00:21:15 查询号码 【1804861】，返回信息 {"status":"ok","msg":"四川-绵阳","gid":"32228","time_insert":"2016-06-27 13:03","time_update":"2020-11-02 12:06"}
2023-12-25 00:21:15 查询号码 【1804861】，GSD为【"四川-绵阳"】

2023-12-25 00:21:16 开始第 4947 次操作

2023-12-25 00:21:16 开始操作号码 【1804862】
2023-12-25 00:21:36 GSD getOne 第 1 次 等待 3 秒
2023-12-25 00:21:39 查询号码 【1804862】，返回信息 {"status":"ok","msg":"四川-德阳","gid":"32229","time_insert":"2018-07-10 22:26","time_update":"2020-11-02 12:09"}
2023-12-25 00:21:39 查询号码 【1804862】，GSD为【"四川-德阳"】

2023-12-25 00:21:40 开始第 4948 次操作

2023-12-25 00:21:40 开始操作号码 【1804863】
2023-12-25 00:21:43 GSD getOne 第 1 次 等待 3 秒
2023-12-25 00:21:46 查询号码 【1804863】，返回信息 {"status":"ok","msg":"四川-德阳","gid":"32230","time_insert":"2016-12-16 08:56","time_update":"2020-11-02 12:13"}
2023-12-25 00:21:46 查询号码 【1804863】，GSD为【"四川-德阳"】

2023-12-25 00:38:51 开始第 4949 次操作

2023-12-25 00:38:51 开始操作号码 【1804864】
2023-12-25 00:38:55 GSD getOne 第 1 次 等待 3 秒
2023-12-25 00:38:58 查询号码 【1804864】，返回信息 {"status":"ok","msg":"四川-乐山","gid":"32231","time_insert":"2018-05-08 10:03","time_update":"2020-11-02 12:18"}
2023-12-25 00:38:58 查询号码 【1804864】，GSD为【"四川-乐山"】

2023-12-25 00:38:59 开始第 4950 次操作

2023-12-25 00:38:59 开始操作号码 【1804865】
2023-12-25 00:39:02 GSD getOne 第 1 次 等待 3 秒
2023-12-25 00:39:05 查询号码 【1804865】，返回信息 {"status":"ok","msg":"四川-乐山","gid":"32232","time_insert":"2014-12-24 14:29","time_update":"2020-11-02 12:23"}
2023-12-25 00:39:05 查询号码 【1804865】，GSD为【"四川-乐山"】

2023-12-25 00:39:06 开始第 4951 次操作

2023-12-25 00:39:06 开始操作号码 【1804866】
2023-12-25 00:39:11 GSD getOne 第 1 次 等待 3 秒
2023-12-25 00:39:14 查询号码 【1804866】，返回信息 {"status":"ok","msg":"四川-南充","gid":"32233","time_insert":"2018-01-26 19:14","time_update":"2020-11-02 12:26"}
2023-12-25 00:39:14 查询号码 【1804866】，GSD为【"四川-南充"】

2023-12-25 00:39:15 开始第 4952 次操作

2023-12-25 00:39:15 开始操作号码 【1804867】
2023-12-25 00:39:19 GSD getOne 第 1 次 等待 3 秒
2023-12-25 00:39:22 查询号码 【1804867】，返回信息 {"status":"ok","msg":"四川-南充","gid":"32234","time_insert":"2018-10-10 23:42","time_update":"2020-11-02 12:30"}
2023-12-25 00:39:22 查询号码 【1804867】，GSD为【"四川-南充"】

