2021-07-25 00:00:19 开始第 31 次操作

2021-07-25 00:00:19 开始操作号码 【1477393】
2021-07-25 00:00:23 GSD getOne 第 1 次 等待 3 秒
2021-07-25 00:00:26 查询号码 【1477393】，返回信息 {"status":"bad","msg":""}
2021-07-25 00:00:26 查询号码 【1477393】，GSD为【""】
2021-07-25 00:00:26 bad
2021-07-25 00:00:28 CHB 1477393?1627142426 第 1 次 等待 3 秒
2021-07-25 00:00:31 CHB 1477393?1627142426 第 1 次 获取到号码【1477393】GSD
2021-07-25 00:00:31 获取到号码【1477393】的GSD为【湖南-邵阳】
2021-07-25 00:00:37 GSD insert 第 1 次 等待 3 秒
2021-07-25 00:00:40 {"status":"ok","gid":382945,"msg":"添加成功！"}
2021-07-25 00:00:40 下次操作: 2021-07-25 00:01:00

2021-07-25 00:01:00 开始第 32 次操作

2021-07-25 00:01:00 开始操作号码 【1477392】
2021-07-25 00:01:03 GSD getOne 第 1 次 等待 3 秒
2021-07-25 00:01:06 查询号码 【1477392】，返回信息 {"status":"bad","msg":""}
2021-07-25 00:01:07 查询号码 【1477392】，GSD为【""】
2021-07-25 00:01:07 bad
2021-07-25 00:01:08 CHB 1477392?1627142467 第 1 次 等待 3 秒
2021-07-25 00:01:11 CHB 1477392?1627142467 第 1 次 获取到号码【1477392】GSD
2021-07-25 00:01:11 获取到号码【1477392】的GSD为【湖南-邵阳】
2021-07-25 00:01:14 GSD insert 第 1 次 等待 3 秒
2021-07-25 00:01:17 {"status":"ok","gid":382956,"msg":"添加成功！"}
2021-07-25 00:01:17 下次操作: 2021-07-25 00:01:32

2021-07-25 00:01:32 开始第 33 次操作

2021-07-25 00:01:32 开始操作号码 【1477391】
2021-07-25 00:01:36 GSD getOne 第 1 次 等待 3 秒
2021-07-25 00:01:39 查询号码 【1477391】，返回信息 {"status":"bad","msg":""}
2021-07-25 00:01:39 查询号码 【1477391】，GSD为【""】
2021-07-25 00:01:39 bad
2021-07-25 00:01:40 CHB 1477391?1627142499 第 1 次 等待 3 秒
2021-07-25 00:01:43 CHB 1477391?1627142499 第 1 次 获取到号码【1477391】GSD
2021-07-25 00:01:44 获取到号码【1477391】的GSD为【湖南-邵阳】
2021-07-25 00:01:46 GSD insert 第 1 次 等待 3 秒
2021-07-25 00:01:49 {"status":"ok","gid":382966,"msg":"添加成功！"}
2021-07-25 00:01:49 下次操作: 2021-07-25 00:02:08

2021-07-25 00:02:08 开始第 34 次操作

2021-07-25 00:02:08 开始操作号码 【1477390】
2021-07-25 00:02:11 GSD getOne 第 1 次 等待 3 秒
2021-07-25 00:02:14 查询号码 【1477390】，返回信息 {"status":"bad","msg":""}
2021-07-25 00:02:14 查询号码 【1477390】，GSD为【""】
2021-07-25 00:02:14 bad
2021-07-25 00:02:16 CHB 1477390?1627142534 第 1 次 等待 3 秒
2021-07-25 00:02:19 CHB 1477390?1627142534 第 1 次 获取到号码【1477390】GSD
2021-07-25 00:02:19 获取到号码【1477390】的GSD为【湖南-邵阳】
2021-07-25 00:02:23 GSD insert 第 1 次 等待 3 秒
2021-07-25 00:02:26 {"status":"ok","gid":382978,"msg":"添加成功！"}
2021-07-25 00:02:26 下次操作: 2021-07-25 00:02:44

2021-07-25 00:02:44 开始第 35 次操作

2021-07-25 00:02:44 开始操作号码 【1477389】
2021-07-25 00:02:49 GSD getOne 第 1 次 等待 3 秒
2021-07-25 00:02:52 查询号码 【1477389】，返回信息 {"status":"bad","msg":""}
2021-07-25 00:02:52 查询号码 【1477389】，GSD为【""】
2021-07-25 00:02:52 bad
2021-07-25 00:02:57 CHB 1477389?1627142572 第 1 次 等待 3 秒
2021-07-25 00:03:00 CHB 1477389?1627142572 第 1 次 获取到号码【1477389】GSD
2021-07-25 00:03:00 获取到号码【1477389】的GSD为【湖南-娄底】
2021-07-25 00:03:06 GSD insert 第 1 次 等待 3 秒
2021-07-25 00:03:09 {"status":"ok","gid":382991,"msg":"添加成功！"}
2021-07-25 00:03:09 下次操作: 2021-07-25 00:03:24

2021-07-25 00:03:24 开始第 36 次操作

2021-07-25 00:03:24 开始操作号码 【1477388】
2021-07-25 00:03:29 GSD getOne 第 1 次 等待 3 秒
2021-07-25 00:03:32 查询号码 【1477388】，返回信息 {"status":"bad","msg":""}
2021-07-25 00:03:32 查询号码 【1477388】，GSD为【""】
2021-07-25 00:03:32 bad
2021-07-25 00:03:35 CHB 1477388?1627142612 第 1 次 等待 3 秒
2021-07-25 00:03:38 CHB 1477388?1627142612 第 1 次 获取到号码【1477388】GSD
2021-07-25 00:03:38 获取到号码【1477388】的GSD为【湖南-娄底】
2021-07-25 00:03:44 GSD insert 第 1 次 等待 3 秒
2021-07-25 00:03:47 {"status":"ok","gid":382999,"msg":"添加成功！"}
2021-07-25 00:03:47 下次操作: 2021-07-25 00:04:04

2021-07-25 00:04:04 开始第 37 次操作

2021-07-25 00:04:04 开始操作号码 【1477387】
2021-07-25 00:04:06 GSD getOne 第 1 次 等待 3 秒
2021-07-25 00:04:09 查询号码 【1477387】，返回信息 {"status":"bad","msg":""}
2021-07-25 00:04:09 查询号码 【1477387】，GSD为【""】
2021-07-25 00:04:09 bad
2021-07-25 00:04:12 CHB 1477387?1627142649 第 1 次 等待 3 秒
2021-07-25 00:04:15 CHB 1477387?1627142649 第 1 次 获取到号码【1477387】GSD
2021-07-25 00:04:15 获取到号码【1477387】的GSD为【湖南-娄底】
2021-07-25 00:04:21 GSD insert 第 1 次 等待 3 秒
2021-07-25 00:04:24 {"status":"ok","gid":383008,"msg":"添加成功！"}
2021-07-25 00:04:24 下次操作: 2021-07-25 00:04:46

2021-07-25 00:04:46 开始第 38 次操作

2021-07-25 00:04:46 开始操作号码 【1477386】
2021-07-25 00:04:49 GSD getOne 第 1 次 等待 3 秒
2021-07-25 00:04:52 查询号码 【1477386】，返回信息 {"status":"bad","msg":""}
2021-07-25 00:04:52 查询号码 【1477386】，GSD为【""】
2021-07-25 00:04:52 bad
2021-07-25 00:04:54 CHB 1477386?1627142692 第 1 次 等待 3 秒
2021-07-25 00:04:57 CHB 1477386?1627142692 第 1 次 获取到号码【1477386】GSD
2021-07-25 00:04:57 获取到号码【1477386】的GSD为【湖南-娄底】
2021-07-25 00:05:00 GSD insert 第 1 次 等待 3 秒
2021-07-25 00:05:03 {"status":"ok","gid":383016,"msg":"添加成功！"}
2021-07-25 00:05:03 下次操作: 2021-07-25 00:05:18

2021-07-25 00:05:18 开始第 39 次操作

2021-07-25 00:05:18 开始操作号码 【1477385】
2021-07-25 00:05:22 GSD getOne 第 1 次 等待 3 秒
2021-07-25 00:05:25 查询号码 【1477385】，返回信息 {"status":"bad","msg":""}
2021-07-25 00:05:25 查询号码 【1477385】，GSD为【""】
2021-07-25 00:05:25 bad
2021-07-25 00:05:29 CHB 1477385?1627142725 第 1 次 等待 3 秒
2021-07-25 00:05:32 CHB 1477385?1627142725 第 1 次 获取到号码【1477385】GSD
2021-07-25 00:05:32 获取到号码【1477385】的GSD为【湖南-娄底】
2021-07-25 00:05:34 GSD insert 第 1 次 等待 3 秒
2021-07-25 00:05:37 {"status":"ok","gid":383027,"msg":"添加成功！"}
2021-07-25 00:05:37 下次操作: 2021-07-25 00:06:00

2021-07-25 00:06:00 开始第 40 次操作

2021-07-25 00:06:00 开始操作号码 【1477384】
2021-07-25 00:06:06 GSD getOne 第 1 次 等待 3 秒
2021-07-25 00:06:09 查询号码 【1477384】，返回信息 {"status":"bad","msg":""}
2021-07-25 00:06:10 查询号码 【1477384】，GSD为【""】
2021-07-25 00:06:10 bad
2021-07-25 00:06:14 CHB 1477384?1627142770 第 1 次 等待 3 秒
2021-07-25 00:06:17 CHB 1477384?1627142770 第 1 次 获取到号码【1477384】GSD
2021-07-25 00:06:17 获取到号码【1477384】的GSD为【湖南-娄底】
2021-07-25 00:06:25 GSD insert 第 1 次 等待 3 秒
2021-07-25 00:06:28 {"status":"ok","gid":383041,"msg":"添加成功！"}

2021-07-25 00:56:18 开始第 1 次操作

2021-07-25 00:56:18 开始操作号码 【1477383】
2021-07-25 00:56:21 GSD getOne 第 1 次 等待 3 秒
2021-07-25 00:56:24 查询号码 【1477383】，返回信息 {"status":"bad","msg":""}
2021-07-25 00:56:24 查询号码 【1477383】，GSD为【""】
2021-07-25 00:56:24 bad
2021-07-25 00:56:26 CHB 1477383?1627145784 第 1 次 等待 3 秒
2021-07-25 00:56:29 CHB 1477383?1627145784 第 1 次 获取到号码【1477383】GSD
2021-07-25 00:56:29 获取到号码【1477383】的GSD为【湖南-娄底】
2021-07-25 00:56:47 GSD insert 第 1 次 等待 3 秒
2021-07-25 00:56:50 {"status":"ok","gid":383251,"msg":"添加成功！"}
2021-07-25 00:56:50 下次操作: 2021-07-25 00:57:09

2021-07-25 00:57:09 开始第 2 次操作

2021-07-25 00:57:09 开始操作号码 【1477382】
2021-07-25 00:57:15 GSD getOne 第 1 次 等待 3 秒
2021-07-25 00:57:18 查询号码 【1477382】，返回信息 {"status":"bad","msg":""}
2021-07-25 00:57:18 查询号码 【1477382】，GSD为【""】
2021-07-25 00:57:18 bad
2021-07-25 00:57:24 CHB 1477382?1627145838 第 1 次 等待 3 秒
2021-07-25 00:57:27 CHB 1477382?1627145838 第 1 次 获取到号码【1477382】GSD
2021-07-25 00:57:27 获取到号码【1477382】的GSD为【湖南-娄底】
2021-07-25 00:57:37 GSD insert 第 1 次 等待 3 秒
2021-07-25 00:57:40 {"status":"ok","gid":383253,"msg":"添加成功！"}
2021-07-25 00:57:40 下次操作: 2021-07-25 00:57:54

2021-07-25 00:57:54 开始第 3 次操作

2021-07-25 00:57:54 开始操作号码 【1477381】
2021-07-25 00:57:57 GSD getOne 第 1 次 等待 3 秒
2021-07-25 00:58:00 查询号码 【1477381】，返回信息 {"status":"bad","msg":""}
2021-07-25 00:58:00 查询号码 【1477381】，GSD为【""】
2021-07-25 00:58:00 bad
2021-07-25 00:58:02 CHB 1477381?1627145880 第 1 次 等待 3 秒
2021-07-25 00:58:05 CHB 1477381?1627145880 第 1 次 获取到号码【1477381】GSD
2021-07-25 00:58:05 获取到号码【1477381】的GSD为【湖南-娄底】
2021-07-25 00:58:32 GSD insert 第 1 次 等待 3 秒
2021-07-25 00:58:35 {"status":"ok","gid":383256,"msg":"添加成功！"}
2021-07-25 00:58:35 下次操作: 2021-07-25 00:58:55

2021-07-25 00:58:55 开始第 4 次操作

2021-07-25 00:58:55 开始操作号码 【1477380】
2021-07-25 00:59:01 GSD getOne 第 1 次 等待 3 秒
2021-07-25 00:59:04 查询号码 【1477380】，返回信息 {"status":"bad","msg":""}
2021-07-25 00:59:04 查询号码 【1477380】，GSD为【""】
2021-07-25 00:59:04 bad
2021-07-25 00:59:06 CHB 1477380?1627145944 第 1 次 等待 3 秒
2021-07-25 00:59:09 CHB 1477380?1627145944 第 1 次 获取到号码【1477380】GSD
2021-07-25 00:59:09 获取到号码【1477380】的GSD为【湖南-娄底】
2021-07-25 00:59:27 GSD insert 第 1 次 等待 3 秒
2021-07-25 00:59:30 {"status":"ok","gid":383258,"msg":"添加成功！"}
2021-07-25 00:59:30 下次操作: 2021-07-25 00:59:46

2021-07-25 00:59:46 开始第 5 次操作

2021-07-25 00:59:46 开始操作号码 【1477379】
2021-07-25 00:59:48 GSD getOne 第 1 次 等待 3 秒
2021-07-25 00:59:51 查询号码 【1477379】，返回信息 {"status":"bad","msg":""}
2021-07-25 00:59:51 查询号码 【1477379】，GSD为【""】
2021-07-25 00:59:51 bad
2021-07-25 00:59:53 CHB 1477379?1627145991 第 1 次 等待 3 秒
2021-07-25 00:59:56 CHB 1477379?1627145991 第 1 次 获取到号码【1477379】GSD
2021-07-25 00:59:56 获取到号码【1477379】的GSD为【湖南-益阳】
2021-07-25 01:00:15 GSD insert 第 1 次 等待 3 秒
2021-07-25 01:00:18 {"status":"ok","gid":383262,"msg":"添加成功！"}
2021-07-25 01:00:18 下次操作: 2021-07-25 01:00:33

2021-07-25 01:00:33 开始第 6 次操作

2021-07-25 01:00:33 开始操作号码 【1477378】
2021-07-25 01:00:36 GSD getOne 第 1 次 等待 3 秒
2021-07-25 01:00:39 查询号码 【1477378】，返回信息 {"status":"bad","msg":""}
2021-07-25 01:00:39 查询号码 【1477378】，GSD为【""】
2021-07-25 01:00:39 bad
2021-07-25 01:00:40 CHB 1477378?1627146039 第 1 次 等待 3 秒
2021-07-25 01:00:43 CHB 1477378?1627146039 第 1 次 获取到号码【1477378】GSD
2021-07-25 01:00:43 获取到号码【1477378】的GSD为【湖南-益阳】
2021-07-25 01:01:03 GSD insert 第 1 次 等待 3 秒
2021-07-25 01:01:06 {"status":"ok","gid":383271,"msg":"添加成功！"}
2021-07-25 01:01:06 下次操作: 2021-07-25 01:01:29

2021-07-25 01:01:29 开始第 7 次操作

2021-07-25 01:01:29 开始操作号码 【1477377】
2021-07-25 01:01:31 GSD getOne 第 1 次 等待 3 秒
2021-07-25 01:01:34 查询号码 【1477377】，返回信息 {"status":"bad","msg":""}
2021-07-25 01:01:34 查询号码 【1477377】，GSD为【""】
2021-07-25 01:01:34 bad
2021-07-25 01:01:36 CHB 1477377?1627146094 第 1 次 等待 3 秒
2021-07-25 01:01:39 CHB 1477377?1627146094 第 1 次 获取到号码【1477377】GSD
2021-07-25 01:01:39 获取到号码【1477377】的GSD为【湖南-益阳】
2021-07-25 01:01:58 GSD insert 第 1 次 等待 3 秒
2021-07-25 01:02:01 {"status":"ok","gid":383283,"msg":"添加成功！"}
2021-07-25 01:02:01 下次操作: 2021-07-25 01:02:24

2021-07-25 01:02:24 开始第 8 次操作

2021-07-25 01:02:24 开始操作号码 【1477376】
2021-07-25 01:02:27 GSD getOne 第 1 次 等待 3 秒
2021-07-25 01:02:30 查询号码 【1477376】，返回信息 {"status":"bad","msg":""}
2021-07-25 01:02:30 查询号码 【1477376】，GSD为【""】
2021-07-25 01:02:30 bad
2021-07-25 01:02:31 CHB 1477376?1627146150 第 1 次 等待 3 秒
2021-07-25 01:02:34 CHB 1477376?1627146150 第 1 次 获取到号码【1477376】GSD
2021-07-25 01:02:34 获取到号码【1477376】的GSD为【湖南-益阳】
2021-07-25 01:02:56 GSD insert 第 1 次 等待 3 秒
2021-07-25 01:02:59 {"status":"ok","gid":383294,"msg":"添加成功！"}
2021-07-25 01:02:59 下次操作: 2021-07-25 01:03:16

2021-07-25 01:03:16 开始第 9 次操作

2021-07-25 01:03:16 开始操作号码 【1477375】
2021-07-25 01:03:19 GSD getOne 第 1 次 等待 3 秒
2021-07-25 01:03:22 查询号码 【1477375】，返回信息 {"status":"bad","msg":""}
2021-07-25 01:03:22 查询号码 【1477375】，GSD为【""】
2021-07-25 01:03:22 bad
2021-07-25 01:03:23 CHB 1477375?1627146202 第 1 次 等待 3 秒
2021-07-25 01:03:26 CHB 1477375?1627146202 第 1 次 获取到号码【1477375】GSD
2021-07-25 01:03:26 获取到号码【1477375】的GSD为【湖南-益阳】
2021-07-25 01:03:44 GSD insert 第 1 次 等待 3 秒
2021-07-25 01:03:47 {"status":"ok","gid":383307,"msg":"添加成功！"}
2021-07-25 01:03:47 下次操作: 2021-07-25 01:04:05

2021-07-25 01:04:05 开始第 10 次操作

2021-07-25 01:04:05 开始操作号码 【1477374】
2021-07-25 01:04:10 GSD getOne 第 1 次 等待 3 秒
2021-07-25 01:04:13 查询号码 【1477374】，返回信息 {"status":"bad","msg":""}
2021-07-25 01:04:13 查询号码 【1477374】，GSD为【""】
2021-07-25 01:04:13 bad
2021-07-25 01:04:14 CHB 1477374?1627146253 第 1 次 等待 3 秒
2021-07-25 01:04:17 CHB 1477374?1627146253 第 1 次 获取到号码【1477374】GSD
2021-07-25 01:04:17 获取到号码【1477374】的GSD为【湖南-益阳】
2021-07-25 01:04:36 GSD insert 第 1 次 等待 3 秒
2021-07-25 01:04:39 {"status":"ok","gid":383322,"msg":"添加成功！"}
2021-07-25 01:04:39 下次操作: 2021-07-25 01:05:02

2021-07-25 01:05:02 开始第 11 次操作

2021-07-25 01:05:02 开始操作号码 【1477373】
2021-07-25 01:05:08 GSD getOne 第 1 次 等待 3 秒
2021-07-25 01:05:11 查询号码 【1477373】，返回信息 {"status":"bad","msg":""}
2021-07-25 01:05:11 查询号码 【1477373】，GSD为【""】
2021-07-25 01:05:11 bad
2021-07-25 01:05:13 CHB 1477373?1627146311 第 1 次 等待 3 秒
2021-07-25 01:05:16 CHB 1477373?1627146311 第 1 次 获取到号码【1477373】GSD
2021-07-25 01:05:16 获取到号码【1477373】的GSD为【湖南-益阳】
2021-07-25 01:05:37 GSD insert 第 1 次 等待 3 秒
2021-07-25 01:05:40 {"status":"ok","gid":383334,"msg":"添加成功！"}
2021-07-25 01:05:40 下次操作: 2021-07-25 01:06:04

2021-07-25 01:06:04 开始第 12 次操作

2021-07-25 01:06:04 开始操作号码 【1477372】
2021-07-25 01:06:08 GSD getOne 第 1 次 等待 3 秒
2021-07-25 01:06:11 查询号码 【1477372】，返回信息 {"status":"bad","msg":""}
2021-07-25 01:06:11 查询号码 【1477372】，GSD为【""】
2021-07-25 01:06:11 bad
2021-07-25 01:06:12 CHB 1477372?1627146371 第 1 次 等待 3 秒
2021-07-25 01:06:15 CHB 1477372?1627146371 第 1 次 获取到号码【1477372】GSD
2021-07-25 01:06:15 获取到号码【1477372】的GSD为【湖南-益阳】
2021-07-25 01:06:34 GSD insert 第 1 次 等待 3 秒
2021-07-25 01:06:37 {"status":"ok","gid":383348,"msg":"添加成功！"}
2021-07-25 01:06:37 下次操作: 2021-07-25 01:07:00

2021-07-25 01:07:00 开始第 13 次操作

2021-07-25 01:07:00 开始操作号码 【1477371】
2021-07-25 01:07:03 GSD getOne 第 1 次 等待 3 秒
2021-07-25 01:07:06 查询号码 【1477371】，返回信息 {"status":"bad","msg":""}
2021-07-25 01:07:06 查询号码 【1477371】，GSD为【""】
2021-07-25 01:07:06 bad
2021-07-25 01:07:08 CHB 1477371?1627146426 第 1 次 等待 3 秒
2021-07-25 01:07:11 CHB 1477371?1627146426 第 1 次 获取到号码【1477371】GSD
2021-07-25 01:07:11 获取到号码【1477371】的GSD为【湖南-益阳】
2021-07-25 01:07:29 GSD insert 第 1 次 等待 3 秒
2021-07-25 01:07:32 {"status":"ok","gid":383361,"msg":"添加成功！"}
2021-07-25 01:07:32 下次操作: 2021-07-25 01:07:48

2021-07-25 01:07:48 开始第 14 次操作

2021-07-25 01:07:48 开始操作号码 【1477370】
2021-07-25 01:07:51 GSD getOne 第 1 次 等待 3 秒
2021-07-25 01:07:54 查询号码 【1477370】，返回信息 {"status":"bad","msg":""}
2021-07-25 01:07:54 查询号码 【1477370】，GSD为【""】
2021-07-25 01:07:54 bad
2021-07-25 01:07:55 CHB 1477370?1627146474 第 1 次 等待 3 秒
2021-07-25 01:07:58 CHB 1477370?1627146474 第 1 次 获取到号码【1477370】GSD
2021-07-25 01:07:58 获取到号码【1477370】的GSD为【湖南-益阳】
2021-07-25 01:08:19 GSD insert 第 1 次 等待 3 秒
2021-07-25 01:08:22 {"status":"ok","gid":383373,"msg":"添加成功！"}
2021-07-25 01:08:22 下次操作: 2021-07-25 01:08:46

2021-07-25 01:08:47 开始第 15 次操作

2021-07-25 01:08:47 开始操作号码 【1477369】
2021-07-25 01:08:49 GSD getOne 第 1 次 等待 3 秒
2021-07-25 01:08:52 查询号码 【1477369】，返回信息 {"status":"ok","msg":"湖南-常德","gid":"14775","time_insert":"2018-07-01 22:52","time_update":"2020-09-22 09:55"}
2021-07-25 01:08:52 查询号码 【1477369】，GSD为【"湖南-常德"】

2021-07-25 01:08:52 开始第 15 次操作

2021-07-25 01:08:52 开始操作号码 【1477368】
2021-07-25 01:09:11 GSD getOne 第 1 次 等待 3 秒
2021-07-25 01:09:14 查询号码 【1477368】，返回信息 {"status":"bad","msg":""}
2021-07-25 01:09:14 查询号码 【1477368】，GSD为【""】
2021-07-25 01:09:14 bad
2021-07-25 01:09:15 CHB 1477368?1627146554 第 1 次 等待 3 秒
2021-07-25 01:09:18 CHB 1477368?1627146554 第 1 次 获取到号码【1477368】GSD
2021-07-25 01:09:19 获取到号码【1477368】的GSD为【湖南-常德】
2021-07-25 01:09:40 GSD insert 第 1 次 等待 3 秒
2021-07-25 01:09:43 {"status":"ok","gid":383393,"msg":"添加成功！"}
2021-07-25 01:09:43 下次操作: 2021-07-25 01:09:55

2021-07-25 01:09:55 开始第 16 次操作

2021-07-25 01:09:55 开始操作号码 【1477367】
2021-07-25 01:09:59 GSD getOne 第 1 次 等待 3 秒
2021-07-25 01:10:02 查询号码 【1477367】，返回信息 {"status":"bad","msg":""}
2021-07-25 01:10:02 查询号码 【1477367】，GSD为【""】
2021-07-25 01:10:02 bad
2021-07-25 01:12:12 CHB 1477367?1627146602 第 1 次 等待 3 秒
2021-07-25 01:12:15 CHB 1477367?1627146602 第 1 次 未获取到 等待 21 秒 下次操作: 2021-07-25 01:12:36
2021-07-25 01:13:10 CHB 1477367?1627146756 第 2 次 等待 3 秒
2021-07-25 01:13:13 CHB 1477367?1627146756 第 2 次 获取到号码【1477367】GSD
2021-07-25 01:13:13 获取到号码【1477367】的GSD为【湖南-常德】
2021-07-25 01:13:17 GSD insert 第 1 次 等待 3 秒
2021-07-25 01:13:20 {"status":"ok","gid":383404,"msg":"添加成功！"}
2021-07-25 01:13:20 下次操作: 2021-07-25 01:13:43

2021-07-25 01:13:43 开始第 17 次操作

2021-07-25 01:13:43 开始操作号码 【1477366】
2021-07-25 01:13:46 GSD getOne 第 1 次 等待 3 秒
2021-07-25 01:13:49 查询号码 【1477366】，返回信息 {"status":"bad","msg":""}
2021-07-25 01:13:49 查询号码 【1477366】，GSD为【""】
2021-07-25 01:13:49 bad
2021-07-25 01:13:51 CHB 1477366?1627146829 第 1 次 等待 3 秒
2021-07-25 01:13:54 CHB 1477366?1627146829 第 1 次 获取到号码【1477366】GSD
2021-07-25 01:13:54 获取到号码【1477366】的GSD为【湖南-常德】
2021-07-25 01:14:12 GSD insert 第 1 次 等待 3 秒
2021-07-25 01:14:15 {"status":"ok","gid":383409,"msg":"添加成功！"}
2021-07-25 01:14:15 下次操作: 2021-07-25 01:14:29

2021-07-25 01:14:29 开始第 18 次操作

2021-07-25 01:14:29 开始操作号码 【1477365】
2021-07-25 01:14:32 GSD getOne 第 1 次 等待 3 秒
2021-07-25 01:14:35 查询号码 【1477365】，返回信息 {"status":"bad","msg":""}
2021-07-25 01:14:35 查询号码 【1477365】，GSD为【""】
2021-07-25 01:14:35 bad
2021-07-25 01:14:36 CHB 1477365?1627146875 第 1 次 等待 3 秒
2021-07-25 01:14:39 CHB 1477365?1627146875 第 1 次 获取到号码【1477365】GSD
2021-07-25 01:14:39 获取到号码【1477365】的GSD为【湖南-常德】
2021-07-25 01:15:00 GSD insert 第 1 次 等待 3 秒
2021-07-25 01:15:03 {"status":"ok","gid":383412,"msg":"添加成功！"}
2021-07-25 01:15:03 下次操作: 2021-07-25 01:15:24

2021-07-25 01:15:24 开始第 19 次操作

2021-07-25 01:15:24 开始操作号码 【1477364】
2021-07-25 01:15:30 GSD getOne 第 1 次 等待 3 秒
2021-07-25 01:15:33 查询号码 【1477364】，返回信息 {"status":"bad","msg":""}
2021-07-25 01:15:33 查询号码 【1477364】，GSD为【""】
2021-07-25 01:15:33 bad
2021-07-25 01:15:34 CHB 1477364?1627146933 第 1 次 等待 3 秒
2021-07-25 01:15:37 CHB 1477364?1627146933 第 1 次 获取到号码【1477364】GSD
2021-07-25 01:15:37 获取到号码【1477364】的GSD为【湖南-常德】
2021-07-25 01:15:55 GSD insert 第 1 次 等待 3 秒
2021-07-25 01:15:58 {"status":"ok","gid":383421,"msg":"添加成功！"}
2021-07-25 01:15:58 下次操作: 2021-07-25 01:16:13

2021-07-25 01:16:13 开始第 20 次操作

2021-07-25 01:16:13 开始操作号码 【1477363】
2021-07-25 01:16:18 GSD getOne 第 1 次 等待 3 秒
2021-07-25 01:16:21 查询号码 【1477363】，返回信息 {"status":"bad","msg":""}
2021-07-25 01:16:21 查询号码 【1477363】，GSD为【""】
2021-07-25 01:16:21 bad
2021-07-25 01:16:23 CHB 1477363?1627146981 第 1 次 等待 3 秒
2021-07-25 01:16:26 CHB 1477363?1627146981 第 1 次 获取到号码【1477363】GSD
2021-07-25 01:16:26 获取到号码【1477363】的GSD为【湖南-常德】
2021-07-25 01:16:48 GSD insert 第 1 次 等待 3 秒
2021-07-25 01:16:51 {"status":"ok","gid":383430,"msg":"添加成功！"}
2021-07-25 01:16:51 下次操作: 2021-07-25 01:17:08

2021-07-25 01:17:08 开始第 21 次操作

2021-07-25 01:17:08 开始操作号码 【1477362】
2021-07-25 01:17:14 GSD getOne 第 1 次 等待 3 秒
2021-07-25 01:17:17 查询号码 【1477362】，返回信息 {"status":"bad","msg":""}
2021-07-25 01:17:17 查询号码 【1477362】，GSD为【""】
2021-07-25 01:17:17 bad
2021-07-25 01:17:19 CHB 1477362?1627147037 第 1 次 等待 3 秒
2021-07-25 01:17:22 CHB 1477362?1627147037 第 1 次 获取到号码【1477362】GSD
2021-07-25 01:17:22 获取到号码【1477362】的GSD为【湖南-常德】
2021-07-25 01:17:40 GSD insert 第 1 次 等待 3 秒
2021-07-25 01:17:43 {"status":"ok","gid":383444,"msg":"添加成功！"}
2021-07-25 01:17:43 下次操作: 2021-07-25 01:18:00

2021-07-25 01:18:00 开始第 22 次操作

2021-07-25 01:18:00 开始操作号码 【1477361】
2021-07-25 01:18:03 GSD getOne 第 1 次 等待 3 秒
2021-07-25 01:18:06 查询号码 【1477361】，返回信息 {"status":"bad","msg":""}
2021-07-25 01:18:06 查询号码 【1477361】，GSD为【""】
2021-07-25 01:18:06 bad
2021-07-25 01:18:07 CHB 1477361?1627147086 第 1 次 等待 3 秒
2021-07-25 01:18:10 CHB 1477361?1627147086 第 1 次 获取到号码【1477361】GSD
2021-07-25 01:18:11 获取到号码【1477361】的GSD为【湖南-常德】
2021-07-25 01:18:29 GSD insert 第 1 次 等待 3 秒
2021-07-25 01:18:32 {"status":"ok","gid":383455,"msg":"添加成功！"}
2021-07-25 01:18:32 下次操作: 2021-07-25 01:18:53

2021-07-25 01:18:53 开始第 23 次操作

2021-07-25 01:18:53 开始操作号码 【1477360】
2021-07-25 01:18:55 GSD getOne 第 1 次 等待 3 秒
2021-07-25 01:18:58 查询号码 【1477360】，返回信息 {"status":"bad","msg":""}
2021-07-25 01:18:58 查询号码 【1477360】，GSD为【""】
2021-07-25 01:18:58 bad
2021-07-25 01:19:00 CHB 1477360?1627147138 第 1 次 等待 3 秒
2021-07-25 01:19:03 CHB 1477360?1627147138 第 1 次 获取到号码【1477360】GSD
2021-07-25 01:19:03 获取到号码【1477360】的GSD为【湖南-常德】
2021-07-25 01:19:21 GSD insert 第 1 次 等待 3 秒
2021-07-25 01:19:24 {"status":"ok","gid":383468,"msg":"添加成功！"}
2021-07-25 01:19:24 下次操作: 2021-07-25 01:19:38

2021-07-25 01:19:38 开始第 24 次操作

2021-07-25 01:19:38 开始操作号码 【1477359】
2021-07-25 01:19:41 GSD getOne 第 1 次 等待 3 秒
2021-07-25 01:19:44 查询号码 【1477359】，返回信息 {"status":"bad","msg":""}
2021-07-25 01:19:44 查询号码 【1477359】，GSD为【""】
2021-07-25 01:19:44 bad
2021-07-25 01:19:45 CHB 1477359?1627147184 第 1 次 等待 3 秒
2021-07-25 01:19:48 CHB 1477359?1627147184 第 1 次 获取到号码【1477359】GSD
2021-07-25 01:19:48 获取到号码【1477359】的GSD为【湖南-岳阳】
2021-07-25 01:20:07 GSD insert 第 1 次 等待 3 秒
2021-07-25 01:20:10 {"status":"ok","gid":383478,"msg":"添加成功！"}
2021-07-25 01:20:10 下次操作: 2021-07-25 01:20:29

2021-07-25 01:20:29 开始第 25 次操作

2021-07-25 01:20:29 开始操作号码 【1477358】
2021-07-25 01:20:32 GSD getOne 第 1 次 等待 3 秒
2021-07-25 01:20:35 查询号码 【1477358】，返回信息 {"status":"bad","msg":""}
2021-07-25 01:20:35 查询号码 【1477358】，GSD为【""】
2021-07-25 01:20:35 bad
2021-07-25 01:20:36 CHB 1477358?1627147235 第 1 次 等待 3 秒
2021-07-25 01:20:39 CHB 1477358?1627147235 第 1 次 获取到号码【1477358】GSD
2021-07-25 01:20:39 获取到号码【1477358】的GSD为【湖南-岳阳】
2021-07-25 01:20:58 GSD insert 第 1 次 等待 3 秒
2021-07-25 01:21:01 {"status":"ok","gid":383488,"msg":"添加成功！"}
2021-07-25 01:21:01 下次操作: 2021-07-25 01:21:23

2021-07-25 01:21:23 开始第 26 次操作

2021-07-25 01:21:23 开始操作号码 【1477357】
2021-07-25 01:21:26 GSD getOne 第 1 次 等待 3 秒
2021-07-25 01:21:29 查询号码 【1477357】，返回信息 {"status":"bad","msg":""}
2021-07-25 01:21:30 查询号码 【1477357】，GSD为【""】
2021-07-25 01:21:30 bad
2021-07-25 01:21:31 CHB 1477357?1627147290 第 1 次 等待 3 秒
2021-07-25 01:21:34 CHB 1477357?1627147290 第 1 次 获取到号码【1477357】GSD
2021-07-25 01:21:34 获取到号码【1477357】的GSD为【湖南-郴州】
2021-07-25 01:21:54 GSD insert 第 1 次 等待 3 秒
2021-07-25 01:21:57 {"status":"ok","gid":383501,"msg":"添加成功！"}
2021-07-25 01:21:57 下次操作: 2021-07-25 01:22:12

2021-07-25 01:22:12 开始第 27 次操作

2021-07-25 01:22:12 开始操作号码 【1477356】
2021-07-25 01:22:15 GSD getOne 第 1 次 等待 3 秒
2021-07-25 01:22:18 查询号码 【1477356】，返回信息 {"status":"bad","msg":""}
2021-07-25 01:22:18 查询号码 【1477356】，GSD为【""】
2021-07-25 01:22:18 bad
2021-07-25 01:22:19 CHB 1477356?1627147338 第 1 次 等待 3 秒
2021-07-25 01:22:22 CHB 1477356?1627147338 第 1 次 获取到号码【1477356】GSD
2021-07-25 01:22:22 获取到号码【1477356】的GSD为【湖南-郴州】
2021-07-25 01:22:44 GSD insert 第 1 次 等待 3 秒
2021-07-25 01:22:47 {"status":"ok","gid":383510,"msg":"添加成功！"}
2021-07-25 01:22:47 下次操作: 2021-07-25 01:23:06

2021-07-25 01:23:06 开始第 28 次操作

2021-07-25 01:23:06 开始操作号码 【1477355】
2021-07-25 01:23:09 GSD getOne 第 1 次 等待 3 秒
2021-07-25 01:23:12 查询号码 【1477355】，返回信息 {"status":"bad","msg":""}
2021-07-25 01:23:12 查询号码 【1477355】，GSD为【""】
2021-07-25 01:23:12 bad
2021-07-25 01:23:14 CHB 1477355?1627147392 第 1 次 等待 3 秒
2021-07-25 01:23:17 CHB 1477355?1627147392 第 1 次 获取到号码【1477355】GSD
2021-07-25 01:23:17 获取到号码【1477355】的GSD为【湖南-郴州】
2021-07-25 01:23:35 GSD insert 第 1 次 等待 3 秒
2021-07-25 01:23:38 {"status":"ok","gid":383523,"msg":"添加成功！"}
2021-07-25 01:23:38 下次操作: 2021-07-25 01:23:50

2021-07-25 01:23:50 开始第 29 次操作

2021-07-25 01:23:50 开始操作号码 【1477354】
2021-07-25 01:23:53 GSD getOne 第 1 次 等待 3 秒
2021-07-25 01:23:56 查询号码 【1477354】，返回信息 {"status":"bad","msg":""}
2021-07-25 01:23:57 查询号码 【1477354】，GSD为【""】
2021-07-25 01:23:57 bad
2021-07-25 01:23:58 CHB 1477354?1627147437 第 1 次 等待 3 秒
2021-07-25 01:24:01 CHB 1477354?1627147437 第 1 次 获取到号码【1477354】GSD
2021-07-25 01:24:01 获取到号码【1477354】的GSD为【湖南-郴州】
2021-07-25 01:24:19 GSD insert 第 1 次 等待 3 秒
2021-07-25 01:24:22 {"status":"ok","gid":383534,"msg":"添加成功！"}
2021-07-25 01:24:22 下次操作: 2021-07-25 01:24:35

2021-07-25 01:24:35 开始第 30 次操作

2021-07-25 01:24:35 开始操作号码 【1477353】
2021-07-25 01:24:38 GSD getOne 第 1 次 等待 3 秒
2021-07-25 01:24:41 查询号码 【1477353】，返回信息 {"status":"bad","msg":""}
2021-07-25 01:24:41 查询号码 【1477353】，GSD为【""】
2021-07-25 01:24:41 bad
2021-07-25 01:24:43 CHB 1477353?1627147481 第 1 次 等待 3 秒
2021-07-25 01:24:46 CHB 1477353?1627147481 第 1 次 获取到号码【1477353】GSD
2021-07-25 01:24:46 获取到号码【1477353】的GSD为【湖南-郴州】
2021-07-25 01:25:04 GSD insert 第 1 次 等待 3 秒
2021-07-25 01:25:07 {"status":"ok","gid":383544,"msg":"添加成功！"}
2021-07-25 01:25:07 下次操作: 2021-07-25 01:25:26

2021-07-25 01:25:26 开始第 31 次操作

2021-07-25 01:25:26 开始操作号码 【1477352】
2021-07-25 01:25:28 GSD getOne 第 1 次 等待 3 秒
2021-07-25 01:25:31 查询号码 【1477352】，返回信息 {"status":"bad","msg":""}
2021-07-25 01:25:32 查询号码 【1477352】，GSD为【""】
2021-07-25 01:25:32 bad
2021-07-25 01:25:33 CHB 1477352?1627147532 第 1 次 等待 3 秒
2021-07-25 01:25:36 CHB 1477352?1627147532 第 1 次 获取到号码【1477352】GSD
2021-07-25 01:25:36 获取到号码【1477352】的GSD为【湖南-郴州】
2021-07-25 01:25:55 GSD insert 第 1 次 等待 3 秒
2021-07-25 01:25:58 {"status":"ok","gid":383553,"msg":"添加成功！"}
2021-07-25 01:25:58 下次操作: 2021-07-25 01:26:14

2021-07-25 01:26:14 开始第 32 次操作

2021-07-25 01:26:14 开始操作号码 【1477351】
2021-07-25 01:26:17 GSD getOne 第 1 次 等待 3 秒
2021-07-25 01:26:20 查询号码 【1477351】，返回信息 {"status":"bad","msg":""}
2021-07-25 01:26:20 查询号码 【1477351】，GSD为【""】
2021-07-25 01:26:20 bad
2021-07-25 01:26:25 CHB 1477351?1627147580 第 1 次 等待 3 秒
2021-07-25 01:26:28 CHB 1477351?1627147580 第 1 次 获取到号码【1477351】GSD
2021-07-25 01:26:28 获取到号码【1477351】的GSD为【湖南-郴州】
2021-07-25 01:26:38 GSD insert 第 1 次 等待 3 秒
2021-07-25 01:26:41 {"status":"ok","gid":383564,"msg":"添加成功！"}
2021-07-25 01:26:41 下次操作: 2021-07-25 01:26:58

2021-07-25 01:26:58 开始第 33 次操作

2021-07-25 01:26:58 开始操作号码 【1477350】
2021-07-25 01:27:01 GSD getOne 第 1 次 等待 3 秒
2021-07-25 01:27:04 查询号码 【1477350】，返回信息 {"status":"bad","msg":""}
2021-07-25 01:27:04 查询号码 【1477350】，GSD为【""】
2021-07-25 01:27:04 bad
2021-07-25 01:27:06 CHB 1477350?1627147624 第 1 次 等待 3 秒
2021-07-25 01:27:09 CHB 1477350?1627147624 第 1 次 获取到号码【1477350】GSD
2021-07-25 01:27:09 获取到号码【1477350】的GSD为【湖南-郴州】
2021-07-25 01:27:27 GSD insert 第 1 次 等待 3 秒
2021-07-25 01:27:30 {"status":"ok","gid":383573,"msg":"添加成功！"}
2021-07-25 01:27:30 下次操作: 2021-07-25 01:27:47

2021-07-25 01:27:47 开始第 34 次操作

2021-07-25 01:27:47 开始操作号码 【1477349】
2021-07-25 01:27:50 GSD getOne 第 1 次 等待 3 秒
2021-07-25 01:27:53 查询号码 【1477349】，返回信息 {"status":"bad","msg":""}
2021-07-25 01:27:53 查询号码 【1477349】，GSD为【""】
2021-07-25 01:27:53 bad
2021-07-25 01:27:54 CHB 1477349?1627147673 第 1 次 等待 3 秒
2021-07-25 01:27:57 CHB 1477349?1627147673 第 1 次 获取到号码【1477349】GSD
2021-07-25 01:27:57 获取到号码【1477349】的GSD为【湖南-吉首】
2021-07-25 01:28:17 GSD insert 第 1 次 等待 3 秒
2021-07-25 01:28:20 {"status":"ok","gid":383582,"msg":"添加成功！"}
2021-07-25 01:28:20 下次操作: 2021-07-25 01:28:40

2021-07-25 01:28:40 开始第 35 次操作

2021-07-25 01:28:40 开始操作号码 【1477348】
2021-07-25 01:28:46 GSD getOne 第 1 次 等待 3 秒
2021-07-25 01:28:49 查询号码 【1477348】，返回信息 {"status":"bad","msg":""}
2021-07-25 01:28:49 查询号码 【1477348】，GSD为【""】
2021-07-25 01:28:49 bad
2021-07-25 01:28:51 CHB 1477348?1627147729 第 1 次 等待 3 秒
2021-07-25 01:28:54 CHB 1477348?1627147729 第 1 次 获取到号码【1477348】GSD
2021-07-25 01:28:54 获取到号码【1477348】的GSD为【湖南-吉首】
2021-07-25 01:29:12 GSD insert 第 1 次 等待 3 秒
2021-07-25 01:29:15 {"status":"ok","gid":383593,"msg":"添加成功！"}
2021-07-25 01:29:15 下次操作: 2021-07-25 01:29:28

2021-07-25 01:29:28 开始第 36 次操作

2021-07-25 01:29:28 开始操作号码 【1477347】
2021-07-25 01:29:31 GSD getOne 第 1 次 等待 3 秒
2021-07-25 01:29:34 查询号码 【1477347】，返回信息 {"status":"bad","msg":""}
2021-07-25 01:29:34 查询号码 【1477347】，GSD为【""】
2021-07-25 01:29:34 bad
2021-07-25 01:29:36 CHB 1477347?1627147774 第 1 次 等待 3 秒
2021-07-25 01:29:39 CHB 1477347?1627147774 第 1 次 获取到号码【1477347】GSD
2021-07-25 01:29:39 获取到号码【1477347】的GSD为【湖南-吉首】
2021-07-25 01:29:57 GSD insert 第 1 次 等待 3 秒
2021-07-25 01:30:00 {"status":"ok","gid":383601,"msg":"添加成功！"}
2021-07-25 01:30:00 下次操作: 2021-07-25 01:30:13

2021-07-25 01:30:13 开始第 37 次操作

2021-07-25 01:30:13 开始操作号码 【1477346】
2021-07-25 01:30:16 GSD getOne 第 1 次 等待 3 秒
2021-07-25 01:30:19 查询号码 【1477346】，返回信息 {"status":"bad","msg":""}
2021-07-25 01:30:19 查询号码 【1477346】，GSD为【""】
2021-07-25 01:30:19 bad
2021-07-25 01:30:21 CHB 1477346?1627147819 第 1 次 等待 3 秒
2021-07-25 01:30:24 CHB 1477346?1627147819 第 1 次 获取到号码【1477346】GSD
2021-07-25 01:30:24 获取到号码【1477346】的GSD为【湖南-吉首】
2021-07-25 01:30:42 GSD insert 第 1 次 等待 3 秒
2021-07-25 01:30:45 {"status":"ok","gid":383611,"msg":"添加成功！"}
2021-07-25 01:30:45 下次操作: 2021-07-25 01:30:59

2021-07-25 01:30:59 开始第 38 次操作

2021-07-25 01:30:59 开始操作号码 【1477345】
2021-07-25 01:31:01 GSD getOne 第 1 次 等待 3 秒
2021-07-25 01:31:04 查询号码 【1477345】，返回信息 {"status":"bad","msg":""}
2021-07-25 01:31:04 查询号码 【1477345】，GSD为【""】
2021-07-25 01:31:04 bad
2021-07-25 01:31:06 CHB 1477345?1627147864 第 1 次 等待 3 秒
2021-07-25 01:31:09 CHB 1477345?1627147864 第 1 次 获取到号码【1477345】GSD
2021-07-25 01:31:09 获取到号码【1477345】的GSD为【湖南-吉首】
2021-07-25 01:31:27 GSD insert 第 1 次 等待 3 秒
2021-07-25 01:31:30 {"status":"ok","gid":383618,"msg":"添加成功！"}
2021-07-25 01:31:30 下次操作: 2021-07-25 01:31:48

2021-07-25 01:31:48 开始第 39 次操作

2021-07-25 01:31:48 开始操作号码 【1477344】
2021-07-25 01:31:52 GSD getOne 第 1 次 等待 3 秒
2021-07-25 01:31:55 查询号码 【1477344】，返回信息 {"status":"bad","msg":""}
2021-07-25 01:31:55 查询号码 【1477344】，GSD为【""】
2021-07-25 01:31:55 bad
2021-07-25 01:31:56 CHB 1477344?1627147915 第 1 次 等待 3 秒
2021-07-25 01:31:59 CHB 1477344?1627147915 第 1 次 获取到号码【1477344】GSD
2021-07-25 01:31:59 获取到号码【1477344】的GSD为【湖南-衡阳】
2021-07-25 01:32:21 GSD insert 第 1 次 等待 3 秒
2021-07-25 01:32:24 {"status":"ok","gid":383625,"msg":"添加成功！"}
2021-07-25 01:32:24 下次操作: 2021-07-25 01:32:39

2021-07-25 01:32:39 开始第 40 次操作

2021-07-25 01:32:39 开始操作号码 【1477343】
2021-07-25 01:32:42 GSD getOne 第 1 次 等待 3 秒
2021-07-25 01:32:45 查询号码 【1477343】，返回信息 {"status":"bad","msg":""}
2021-07-25 01:32:45 查询号码 【1477343】，GSD为【""】
2021-07-25 01:32:45 bad
2021-07-25 01:32:47 CHB 1477343?1627147965 第 1 次 等待 3 秒
2021-07-25 01:32:50 CHB 1477343?1627147965 第 1 次 获取到号码【1477343】GSD
2021-07-25 01:32:50 获取到号码【1477343】的GSD为【湖南-衡阳】
2021-07-25 01:33:10 GSD insert 第 1 次 等待 3 秒
2021-07-25 01:33:13 {"status":"ok","gid":383632,"msg":"添加成功！"}

