2023-12-28 00:22:04 开始第 5473 次操作

2023-12-28 00:22:04 开始操作号码 【1805388】
2023-12-28 00:22:07 GSD getOne 第 1 次 等待 3 秒
2023-12-28 00:22:10 查询号码 【1805388】，返回信息 {"status":"ok","msg":"山东-滨州","gid":"312103","time_insert":"2021-07-18 07:14"}
2023-12-28 00:22:11 查询号码 【1805388】，GSD为【"山东-滨州"】

2023-12-28 00:22:12 开始第 5474 次操作

2023-12-28 00:22:12 开始操作号码 【1805389】
2023-12-28 00:22:15 GSD getOne 第 1 次 等待 3 秒
2023-12-28 00:22:18 查询号码 【1805389】，返回信息 {"status":"ok","msg":"山东-滨州","gid":"312193","time_insert":"2021-07-18 07:40"}
2023-12-28 00:22:18 查询号码 【1805389】，GSD为【"山东-滨州"】

2023-12-28 00:22:19 开始第 5475 次操作

2023-12-28 00:22:19 开始操作号码 【1805390】
2023-12-28 00:22:23 GSD getOne 第 1 次 等待 3 秒
2023-12-28 00:22:26 查询号码 【1805390】，返回信息 {"status":"ok","msg":"山东-临沂","gid":"312211","time_insert":"2021-07-18 07:41"}
2023-12-28 00:22:26 查询号码 【1805390】，GSD为【"山东-临沂"】

2023-12-28 00:22:27 开始第 5476 次操作

2023-12-28 00:22:27 开始操作号码 【1805391】
2023-12-28 00:22:30 GSD getOne 第 1 次 等待 3 秒
2023-12-28 00:22:33 查询号码 【1805391】，返回信息 {"status":"ok","msg":"山东-临沂","gid":"312222","time_insert":"2021-07-18 07:42"}
2023-12-28 00:22:33 查询号码 【1805391】，GSD为【"山东-临沂"】

2023-12-28 00:41:47 开始第 5477 次操作

2023-12-28 00:41:47 开始操作号码 【1805392】
2023-12-28 00:41:51 GSD getOne 第 1 次 等待 3 秒
2023-12-28 00:41:54 查询号码 【1805392】，返回信息 {"status":"ok","msg":"山东-临沂","gid":"312234","time_insert":"2021-07-18 07:42"}
2023-12-28 00:41:54 查询号码 【1805392】，GSD为【"山东-临沂"】

2023-12-28 00:41:55 开始第 5478 次操作

2023-12-28 00:41:55 开始操作号码 【1805393】
2023-12-28 00:41:59 GSD getOne 第 1 次 等待 3 秒
2023-12-28 00:42:02 查询号码 【1805393】，返回信息 {"status":"ok","msg":"山东-临沂","gid":"312247","time_insert":"2021-07-18 07:43"}
2023-12-28 00:42:02 查询号码 【1805393】，GSD为【"山东-临沂"】

2023-12-28 00:42:03 开始第 5479 次操作

2023-12-28 00:42:03 开始操作号码 【1805394】
2023-12-28 00:42:07 GSD getOne 第 1 次 等待 3 秒
2023-12-28 00:42:10 查询号码 【1805394】，返回信息 {"status":"ok","msg":"山东-临沂","gid":"312258","time_insert":"2021-07-18 07:44"}
2023-12-28 00:42:10 查询号码 【1805394】，GSD为【"山东-临沂"】

2023-12-28 00:42:11 开始第 5480 次操作

2023-12-28 00:42:11 开始操作号码 【1805395】
2023-12-28 00:42:14 GSD getOne 第 1 次 等待 3 秒
2023-12-28 00:42:17 查询号码 【1805395】，返回信息 {"status":"ok","msg":"山东-临沂","gid":"312268","time_insert":"2021-07-18 07:45"}
2023-12-28 00:42:17 查询号码 【1805395】，GSD为【"山东-临沂"】

2023-12-28 01:14:56 开始第 5481 次操作

2023-12-28 01:14:56 开始操作号码 【1805396】
2023-12-28 01:14:59 GSD getOne 第 1 次 等待 3 秒
2023-12-28 01:15:02 查询号码 【1805396】，返回信息 {"status":"ok","msg":"山东-临沂","gid":"312287","time_insert":"2021-07-18 07:46"}
2023-12-28 01:15:02 查询号码 【1805396】，GSD为【"山东-临沂"】

2023-12-28 01:15:03 开始第 5482 次操作

2023-12-28 01:15:03 开始操作号码 【1805397】
2023-12-28 01:15:06 GSD getOne 第 1 次 等待 3 秒
2023-12-28 01:15:10 查询号码 【1805397】，返回信息 {"status":"ok","msg":"山东-临沂","gid":"312293","time_insert":"2021-07-18 07:47"}
2023-12-28 01:15:10 查询号码 【1805397】，GSD为【"山东-临沂"】

2023-12-28 01:15:11 开始第 5483 次操作

2023-12-28 01:15:11 开始操作号码 【1805398】
2023-12-28 01:15:14 GSD getOne 第 1 次 等待 3 秒
2023-12-28 01:15:17 查询号码 【1805398】，返回信息 {"status":"ok","msg":"山东-临沂","gid":"312311","time_insert":"2021-07-18 07:47"}
2023-12-28 01:15:17 查询号码 【1805398】，GSD为【"山东-临沂"】

2023-12-28 01:15:18 开始第 5484 次操作

2023-12-28 01:15:18 开始操作号码 【1805399】
2023-12-28 01:15:21 GSD getOne 第 1 次 等待 3 秒
2023-12-28 01:15:24 查询号码 【1805399】，返回信息 {"status":"ok","msg":"山东-临沂","gid":"312321","time_insert":"2021-07-18 07:48"}
2023-12-28 01:15:24 查询号码 【1805399】，GSD为【"山东-临沂"】

