2023-10-13 00:40:42 开始第 2793 次操作

2023-10-13 00:40:42 开始操作号码 【1902767】
2023-10-13 00:42:53 GSD getOne 第 1 次 等待 3 秒
2023-10-13 00:45:06 GSD getOne 第 2 次 等待 3 秒
2023-10-13 00:47:19 GSD getOne 第 3 次 等待 3 秒
2023-10-13 00:49:32 GSD getOne 第 4 次 等待 3 秒
2023-10-13 00:51:45 GSD getOne 第 5 次 等待 3 秒
2023-10-13 00:53:58 GSD getOne 第 6 次 等待 3 秒
2023-10-13 00:56:12 GSD getOne 第 7 次 等待 3 秒
2023-10-13 00:58:25 GSD getOne 第 8 次 等待 3 秒
2023-10-13 01:00:38 GSD getOne 第 9 次 等待 3 秒
2023-10-13 01:02:51 GSD getOne 第 10 次 等待 3 秒
2023-10-13 01:02:54 查询号码 【1902767】，返回信息 
2023-10-13 01:02:54 查询失败，3 秒后重新查询
2023-10-13 01:05:08 GSD getOne 第 1 次 等待 3 秒
2023-10-13 01:07:21 GSD getOne 第 2 次 等待 3 秒
2023-10-13 01:09:34 GSD getOne 第 3 次 等待 3 秒
2023-10-13 01:11:47 GSD getOne 第 4 次 等待 3 秒
2023-10-13 01:14:01 GSD getOne 第 5 次 等待 3 秒
2023-10-13 01:16:14 GSD getOne 第 6 次 等待 3 秒
2023-10-13 01:18:27 GSD getOne 第 7 次 等待 3 秒
2023-10-13 01:20:40 GSD getOne 第 8 次 等待 3 秒
2023-10-13 01:22:53 GSD getOne 第 9 次 等待 3 秒
2023-10-13 01:25:06 GSD getOne 第 10 次 等待 3 秒
2023-10-13 01:25:09 查询号码 【1902767】，返回信息 
2023-10-13 01:25:09 查询失败，结束本次操作，期待下次成功~
2023-10-13 01:25:09 随机等待 234 秒，约 3 分钟
2023-10-13 01:25:09 下次操作: 2023-10-13 01:29:03

2023-10-13 01:29:03 开始第 2794 次操作

2023-10-13 01:29:03 开始操作号码 【1902767】
2023-10-13 01:31:13 GSD getOne 第 1 次 等待 3 秒
2023-10-13 01:33:26 GSD getOne 第 2 次 等待 3 秒
2023-10-13 01:35:39 GSD getOne 第 3 次 等待 3 秒
2023-10-13 01:37:52 GSD getOne 第 4 次 等待 3 秒
2023-10-13 01:40:05 GSD getOne 第 5 次 等待 3 秒
2023-10-13 01:42:18 GSD getOne 第 6 次 等待 3 秒
2023-10-13 01:44:32 GSD getOne 第 7 次 等待 3 秒
2023-10-13 01:46:45 GSD getOne 第 8 次 等待 3 秒
2023-10-13 01:48:58 GSD getOne 第 9 次 等待 3 秒
2023-10-13 01:51:11 GSD getOne 第 10 次 等待 3 秒
2023-10-13 01:51:14 查询号码 【1902767】，返回信息 
2023-10-13 01:51:14 查询失败，3 秒后重新查询
2023-10-13 01:53:28 GSD getOne 第 1 次 等待 3 秒
2023-10-13 01:55:41 GSD getOne 第 2 次 等待 3 秒
2023-10-13 01:57:54 GSD getOne 第 3 次 等待 3 秒
2023-10-13 02:00:07 GSD getOne 第 4 次 等待 3 秒
2023-10-13 02:02:21 GSD getOne 第 5 次 等待 3 秒
2023-10-13 02:04:34 GSD getOne 第 6 次 等待 3 秒
2023-10-13 02:06:47 GSD getOne 第 7 次 等待 3 秒
2023-10-13 02:09:00 GSD getOne 第 8 次 等待 3 秒
2023-10-13 02:11:13 GSD getOne 第 9 次 等待 3 秒
2023-10-13 02:13:26 GSD getOne 第 10 次 等待 3 秒
2023-10-13 02:13:29 查询号码 【1902767】，返回信息 
2023-10-13 02:13:29 查询失败，结束本次操作，期待下次成功~
2023-10-13 02:13:29 随机等待 113 秒，约 1 分钟
2023-10-13 02:13:29 下次操作: 2023-10-13 02:15:22

2023-10-13 02:15:22 开始第 2795 次操作

2023-10-13 02:15:22 开始操作号码 【1902767】
2023-10-13 02:17:32 GSD getOne 第 1 次 等待 3 秒
2023-10-13 02:19:45 GSD getOne 第 2 次 等待 3 秒
2023-10-13 02:21:58 GSD getOne 第 3 次 等待 3 秒
2023-10-13 02:24:11 GSD getOne 第 4 次 等待 3 秒
2023-10-13 02:26:24 GSD getOne 第 5 次 等待 3 秒
2023-10-13 02:28:38 GSD getOne 第 6 次 等待 3 秒
2023-10-13 02:30:51 GSD getOne 第 7 次 等待 3 秒
2023-10-13 02:33:04 GSD getOne 第 8 次 等待 3 秒
2023-10-13 02:35:17 GSD getOne 第 9 次 等待 3 秒
2023-10-13 02:37:30 GSD getOne 第 10 次 等待 3 秒
2023-10-13 02:37:33 查询号码 【1902767】，返回信息 
2023-10-13 02:37:33 查询失败，3 秒后重新查询
2023-10-13 02:39:47 GSD getOne 第 1 次 等待 3 秒
2023-10-13 02:42:00 GSD getOne 第 2 次 等待 3 秒
2023-10-13 02:44:13 GSD getOne 第 3 次 等待 3 秒
2023-10-13 02:46:27 GSD getOne 第 4 次 等待 3 秒
2023-10-13 02:48:40 GSD getOne 第 5 次 等待 3 秒
2023-10-13 02:50:53 GSD getOne 第 6 次 等待 3 秒
2023-10-13 02:53:06 GSD getOne 第 7 次 等待 3 秒
2023-10-13 02:55:19 GSD getOne 第 8 次 等待 3 秒
2023-10-13 02:57:32 GSD getOne 第 9 次 等待 3 秒
2023-10-13 02:59:45 GSD getOne 第 10 次 等待 3 秒
2023-10-13 02:59:48 查询号码 【1902767】，返回信息 
2023-10-13 02:59:48 查询失败，结束本次操作，期待下次成功~
2023-10-13 02:59:48 随机等待 167 秒，约 2 分钟
2023-10-13 02:59:48 下次操作: 2023-10-13 03:02:35

2023-10-13 03:02:35 开始第 2796 次操作

2023-10-13 03:02:35 开始操作号码 【1902767】
2023-10-13 03:04:46 GSD getOne 第 1 次 等待 3 秒
2023-10-13 03:06:59 GSD getOne 第 2 次 等待 3 秒
2023-10-13 03:09:13 GSD getOne 第 3 次 等待 3 秒
2023-10-13 03:11:26 GSD getOne 第 4 次 等待 3 秒
2023-10-13 03:13:39 GSD getOne 第 5 次 等待 3 秒
2023-10-13 03:15:52 GSD getOne 第 6 次 等待 3 秒
2023-10-13 03:18:05 GSD getOne 第 7 次 等待 3 秒
2023-10-13 03:20:18 GSD getOne 第 8 次 等待 3 秒
2023-10-13 03:22:31 GSD getOne 第 9 次 等待 3 秒
2023-10-13 03:24:44 GSD getOne 第 10 次 等待 3 秒
2023-10-13 03:24:47 查询号码 【1902767】，返回信息 
2023-10-13 03:24:47 查询失败，3 秒后重新查询
2023-10-13 03:27:02 GSD getOne 第 1 次 等待 3 秒
2023-10-13 03:29:15 GSD getOne 第 2 次 等待 3 秒
2023-10-13 03:31:28 GSD getOne 第 3 次 等待 3 秒
2023-10-13 03:33:41 GSD getOne 第 4 次 等待 3 秒
2023-10-13 03:35:54 GSD getOne 第 5 次 等待 3 秒
2023-10-13 03:38:07 GSD getOne 第 6 次 等待 3 秒
2023-10-13 03:40:20 GSD getOne 第 7 次 等待 3 秒
2023-10-13 03:42:33 GSD getOne 第 8 次 等待 3 秒
2023-10-13 03:44:47 GSD getOne 第 9 次 等待 3 秒
2023-10-13 03:47:00 GSD getOne 第 10 次 等待 3 秒
2023-10-13 03:47:03 查询号码 【1902767】，返回信息 
2023-10-13 03:47:03 查询失败，结束本次操作，期待下次成功~

