2023-11-22 00:24:48 开始第 9753 次操作

2023-11-22 00:24:48 开始操作号码 【1909667】
2023-11-22 00:25:01 GSD getOne 第 1 次 等待 3 秒
2023-11-22 00:25:04 查询号码 【1909667】，返回信息 {"status":"ok","msg":"-","gid":"674094","time_insert":"2023-04-24 09:40"}
2023-11-22 00:25:04 查询号码 【1909667】，GSD为【"-"】
2023-11-22 00:25:04 ok && -
2023-11-22 00:25:07 CHB 1909667?1700583904 第 1 次 等待 3 秒
2023-11-22 00:25:10 CHB 1909667?1700583904 第 1 次 获取到号码【1909667】GSD
2023-11-22 00:25:10 未获取到号码【1909667】GSD，可能号码格式错误
2023-11-22 00:25:10 获取到号码【1909667】的GSD为【-】
2023-11-22 00:25:13 GSD insert 第 1 次 等待 3 秒
2023-11-22 00:25:16 {"status":"bad","gid":"674094","msg":"添加失败！号码【1909667(-|-)】已存在！"}
2023-11-22 00:25:16 随机等待 114 秒，约 1 分钟
2023-11-22 00:25:16 下次操作: 2023-11-22 00:27:10

2023-11-22 00:27:10 开始第 9754 次操作

2023-11-22 00:27:10 开始操作号码 【1909668】
2023-11-22 00:27:15 GSD getOne 第 1 次 等待 3 秒
2023-11-22 00:27:18 查询号码 【1909668】，返回信息 {"status":"ok","msg":"-","gid":"674110","time_insert":"2023-04-24 09:58"}
2023-11-22 00:27:18 查询号码 【1909668】，GSD为【"-"】
2023-11-22 00:27:18 ok && -
2023-11-22 00:27:21 CHB 1909668?1700584038 第 1 次 等待 3 秒
2023-11-22 00:27:24 CHB 1909668?1700584038 第 1 次 获取到号码【1909668】GSD
2023-11-22 00:27:24 未获取到号码【1909668】GSD，可能号码格式错误
2023-11-22 00:27:24 获取到号码【1909668】的GSD为【-】
2023-11-22 00:27:28 GSD insert 第 1 次 等待 3 秒
2023-11-22 00:27:31 {"status":"bad","gid":"674110","msg":"添加失败！号码【1909668(-|-)】已存在！"}
2023-11-22 00:27:31 随机等待 197 秒，约 3 分钟
2023-11-22 00:27:31 下次操作: 2023-11-22 00:30:48

2023-11-22 00:30:48 开始第 9755 次操作

2023-11-22 00:30:48 开始操作号码 【1909669】
2023-11-22 00:30:53 GSD getOne 第 1 次 等待 3 秒
2023-11-22 00:30:56 查询号码 【1909669】，返回信息 {"status":"ok","msg":"-","gid":"674131","time_insert":"2023-04-24 10:13"}
2023-11-22 00:30:56 查询号码 【1909669】，GSD为【"-"】
2023-11-22 00:30:56 ok && -
2023-11-22 00:30:59 CHB 1909669?1700584256 第 1 次 等待 3 秒
2023-11-22 00:31:02 CHB 1909669?1700584256 第 1 次 获取到号码【1909669】GSD
2023-11-22 00:31:02 未获取到号码【1909669】GSD，可能号码格式错误
2023-11-22 00:31:02 获取到号码【1909669】的GSD为【-】
2023-11-22 00:31:05 GSD insert 第 1 次 等待 3 秒
2023-11-22 00:31:08 {"status":"bad","gid":"674131","msg":"添加失败！号码【1909669(-|-)】已存在！"}
2023-11-22 00:31:08 随机等待 134 秒，约 2 分钟
2023-11-22 00:31:08 下次操作: 2023-11-22 00:33:22

2023-11-22 00:33:22 开始第 9756 次操作

2023-11-22 00:33:22 开始操作号码 【1909670】
2023-11-22 00:33:27 GSD getOne 第 1 次 等待 3 秒
2023-11-22 00:33:30 查询号码 【1909670】，返回信息 {"status":"ok","msg":"-","gid":"674151","time_insert":"2023-04-24 10:32"}
2023-11-22 00:33:30 查询号码 【1909670】，GSD为【"-"】
2023-11-22 00:33:30 ok && -
2023-11-22 00:33:33 CHB 1909670?1700584410 第 1 次 等待 3 秒
2023-11-22 00:33:36 CHB 1909670?1700584410 第 1 次 获取到号码【1909670】GSD
2023-11-22 00:33:36 未获取到号码【1909670】GSD，可能号码格式错误
2023-11-22 00:33:36 获取到号码【1909670】的GSD为【-】
2023-11-22 00:33:40 GSD insert 第 1 次 等待 3 秒
2023-11-22 00:33:43 {"status":"bad","gid":"674151","msg":"添加失败！号码【1909670(-|-)】已存在！"}

