2024-10-09 00:24:38 开始第 8705 次操作

2024-10-09 00:24:38 开始操作号码 【1368704】
2024-10-09 00:24:40 GSD getOne 第 1 次 等待 3 秒
2024-10-09 00:24:43 查询号码 【1368704】，返回信息 {"status":"ok","msg":"江西-抚州","gid":"337819","time_insert":"2021-07-20 15:16","time_update":"2021-07-20 16:20"}
2024-10-09 00:24:43 查询号码 【1368704】，GSD为【"江西-抚州"】

2024-10-09 00:24:45 开始第 8706 次操作

2024-10-09 00:24:45 开始操作号码 【1368705】
2024-10-09 00:24:46 GSD getOne 第 1 次 等待 3 秒
2024-10-09 00:24:49 查询号码 【1368705】，返回信息 {"status":"ok","msg":"江西-宜春","gid":"337805","time_insert":"2021-07-20 15:14","time_update":"2021-07-20 16:59"}
2024-10-09 00:24:49 查询号码 【1368705】，GSD为【"江西-宜春"】

2024-10-09 00:24:50 开始第 8707 次操作

2024-10-09 00:24:50 开始操作号码 【1368706】
2024-10-09 00:24:52 GSD getOne 第 1 次 等待 3 秒
2024-10-09 00:24:55 查询号码 【1368706】，返回信息 {"status":"ok","msg":"江西-吉安","gid":"337790","time_insert":"2021-07-20 15:13","time_update":"2021-07-20 17:48"}
2024-10-09 00:24:55 查询号码 【1368706】，GSD为【"江西-吉安"】

2024-10-09 00:24:56 开始第 8708 次操作

2024-10-09 00:24:56 开始操作号码 【1368707】
2024-10-09 00:24:58 GSD getOne 第 1 次 等待 3 秒
2024-10-09 00:25:01 查询号码 【1368707】，返回信息 {"status":"ok","msg":"江西-赣州","gid":"9012","time_insert":"2018-04-28 08:46","time_update":"2020-09-08 14:45"}
2024-10-09 00:25:01 查询号码 【1368707】，GSD为【"江西-赣州"】

