2023-12-09 00:23:16 开始第 2129 次操作

2023-12-09 00:23:16 开始操作号码 【1802044】
2023-12-09 00:23:20 GSD getOne 第 1 次 等待 3 秒
2023-12-09 00:23:23 查询号码 【1802044】，返回信息 {"status":"ok","msg":"江苏-盐城","gid":"275864","time_insert":"2021-07-14 16:52"}
2023-12-09 00:23:23 查询号码 【1802044】，GSD为【"江苏-盐城"】

2023-12-09 00:23:24 开始第 2130 次操作

2023-12-09 00:23:24 开始操作号码 【1802045】
2023-12-09 00:23:29 GSD getOne 第 1 次 等待 3 秒
2023-12-09 00:23:32 查询号码 【1802045】，返回信息 {"status":"ok","msg":"江苏-盐城","gid":"275870","time_insert":"2021-07-14 16:52"}
2023-12-09 00:23:32 查询号码 【1802045】，GSD为【"江苏-盐城"】

2023-12-09 00:23:33 开始第 2131 次操作

2023-12-09 00:23:33 开始操作号码 【1802046】
2023-12-09 00:23:37 GSD getOne 第 1 次 等待 3 秒
2023-12-09 00:23:40 查询号码 【1802046】，返回信息 {"status":"ok","msg":"江苏-盐城","gid":"275875","time_insert":"2021-07-14 16:53"}
2023-12-09 00:23:40 查询号码 【1802046】，GSD为【"江苏-盐城"】

2023-12-09 00:23:41 开始第 2132 次操作

2023-12-09 00:23:41 开始操作号码 【1802047】
2023-12-09 00:23:44 GSD getOne 第 1 次 等待 3 秒
2023-12-09 00:23:47 查询号码 【1802047】，返回信息 {"status":"ok","msg":"江苏-泰州","gid":"275881","time_insert":"2021-07-14 16:53"}
2023-12-09 00:23:47 查询号码 【1802047】，GSD为【"江苏-泰州"】

2023-12-09 00:41:26 开始第 2133 次操作

2023-12-09 00:41:26 开始操作号码 【1802048】
2023-12-09 00:41:30 GSD getOne 第 1 次 等待 3 秒
2023-12-09 00:41:33 查询号码 【1802048】，返回信息 {"status":"ok","msg":"江苏-镇江","gid":"275885","time_insert":"2021-07-14 16:54"}
2023-12-09 00:41:33 查询号码 【1802048】，GSD为【"江苏-镇江"】

2023-12-09 00:41:34 开始第 2134 次操作

2023-12-09 00:41:34 开始操作号码 【1802049】
2023-12-09 00:41:40 GSD getOne 第 1 次 等待 3 秒
2023-12-09 00:41:43 查询号码 【1802049】，返回信息 {"status":"ok","msg":"江苏-镇江","gid":"275888","time_insert":"2021-07-14 16:54"}
2023-12-09 00:41:43 查询号码 【1802049】，GSD为【"江苏-镇江"】

2023-12-09 00:41:44 开始第 2135 次操作

2023-12-09 00:41:44 开始操作号码 【1802050】
2023-12-09 00:41:47 GSD getOne 第 1 次 等待 3 秒
2023-12-09 00:41:50 查询号码 【1802050】，返回信息 {"status":"ok","msg":"江苏-无锡","gid":"275891","time_insert":"2021-07-14 16:54"}
2023-12-09 00:41:50 查询号码 【1802050】，GSD为【"江苏-无锡"】

2023-12-09 00:41:51 开始第 2136 次操作

2023-12-09 00:41:51 开始操作号码 【1802051】
2023-12-09 00:41:55 GSD getOne 第 1 次 等待 3 秒
2023-12-09 00:41:58 查询号码 【1802051】，返回信息 {"status":"ok","msg":"江苏-无锡","gid":"275895","time_insert":"2021-07-14 16:55"}
2023-12-09 00:41:58 查询号码 【1802051】，GSD为【"江苏-无锡"】

2023-12-09 01:15:54 开始第 2137 次操作

2023-12-09 01:15:54 开始操作号码 【1802052】
2023-12-09 01:15:58 GSD getOne 第 1 次 等待 3 秒
2023-12-09 01:16:01 查询号码 【1802052】，返回信息 {"status":"ok","msg":"江苏-无锡","gid":"275896","time_insert":"2021-07-14 16:55"}
2023-12-09 01:16:01 查询号码 【1802052】，GSD为【"江苏-无锡"】

2023-12-09 01:16:02 开始第 2138 次操作

2023-12-09 01:16:02 开始操作号码 【1802053】
2023-12-09 01:16:06 GSD getOne 第 1 次 等待 3 秒
2023-12-09 01:16:09 查询号码 【1802053】，返回信息 {"status":"ok","msg":"江苏-徐州","gid":"275900","time_insert":"2021-07-14 16:55"}
2023-12-09 01:16:09 查询号码 【1802053】，GSD为【"江苏-徐州"】

2023-12-09 01:16:10 开始第 2139 次操作

2023-12-09 01:16:10 开始操作号码 【1802054】
2023-12-09 01:16:14 GSD getOne 第 1 次 等待 3 秒
2023-12-09 01:16:17 查询号码 【1802054】，返回信息 {"status":"ok","msg":"江苏-徐州","gid":"276076","time_insert":"2021-07-14 17:45","time_update":"2021-08-07 16:14"}
2023-12-09 01:16:17 查询号码 【1802054】，GSD为【"江苏-徐州"】

2023-12-09 01:16:18 开始第 2140 次操作

2023-12-09 01:16:18 开始操作号码 【1802055】
2023-12-09 01:16:21 GSD getOne 第 1 次 等待 3 秒
2023-12-09 01:16:24 查询号码 【1802055】，返回信息 {"status":"ok","msg":"江苏-徐州","gid":"276092","time_insert":"2021-07-14 17:46","time_update":"2021-08-07 16:15"}
2023-12-09 01:16:24 查询号码 【1802055】，GSD为【"江苏-徐州"】

2023-12-09 01:37:53 开始第 2141 次操作

2023-12-09 01:37:53 开始操作号码 【1802056】
2023-12-09 01:37:58 GSD getOne 第 1 次 等待 3 秒
2023-12-09 01:38:01 查询号码 【1802056】，返回信息 {"status":"ok","msg":"江苏-徐州","gid":"276115","time_insert":"2021-07-14 17:47","time_update":"2021-08-07 16:25"}
2023-12-09 01:38:01 查询号码 【1802056】，GSD为【"江苏-徐州"】

2023-12-09 01:38:02 开始第 2142 次操作

2023-12-09 01:38:02 开始操作号码 【1802057】
2023-12-09 01:38:06 GSD getOne 第 1 次 等待 3 秒
2023-12-09 01:38:09 查询号码 【1802057】，返回信息 {"status":"ok","msg":"江苏-徐州","gid":"276134","time_insert":"2021-07-14 17:48","time_update":"2021-08-07 16:28"}
2023-12-09 01:38:09 查询号码 【1802057】，GSD为【"江苏-徐州"】

2023-12-09 01:38:10 开始第 2143 次操作

2023-12-09 01:38:10 开始操作号码 【1802058】
2023-12-09 01:38:14 GSD getOne 第 1 次 等待 3 秒
2023-12-09 01:38:17 查询号码 【1802058】，返回信息 {"status":"ok","msg":"江苏-徐州","gid":"276151","time_insert":"2021-07-14 17:48","time_update":"2021-08-07 16:32"}
2023-12-09 01:38:17 查询号码 【1802058】，GSD为【"江苏-徐州"】

2023-12-09 01:38:18 开始第 2144 次操作

2023-12-09 01:38:18 开始操作号码 【1802059】
2023-12-09 01:38:21 GSD getOne 第 1 次 等待 3 秒
2023-12-09 01:38:24 查询号码 【1802059】，返回信息 {"status":"ok","msg":"江苏-徐州","gid":"276164","time_insert":"2021-07-14 17:49","time_update":"2021-08-07 16:38"}
2023-12-09 01:38:24 查询号码 【1802059】，GSD为【"江苏-徐州"】

