2024-06-19 00:24:35 开始第 1429 次操作

2024-06-19 00:24:35 开始操作号码 【1471343】
2024-06-19 00:24:41 GSD getOne 第 1 次 等待 3 秒
2024-06-19 00:24:44 查询号码 【1471343】，返回信息 {"status":"ok","msg":"四川-成都","gid":"95870","time_insert":"2021-06-14 05:47"}
2024-06-19 00:24:44 查询号码 【1471343】，GSD为【"四川-成都"】

2024-06-19 00:24:46 开始第 1430 次操作

2024-06-19 00:24:46 开始操作号码 【1471344】
2024-06-19 00:24:51 GSD getOne 第 1 次 等待 3 秒
2024-06-19 00:24:54 查询号码 【1471344】，返回信息 {"status":"ok","msg":"四川-成都","gid":"95893","time_insert":"2021-06-14 06:05"}
2024-06-19 00:24:54 查询号码 【1471344】，GSD为【"四川-成都"】

2024-06-19 00:24:55 开始第 1431 次操作

2024-06-19 00:24:55 开始操作号码 【1471345】
2024-06-19 00:25:01 GSD getOne 第 1 次 等待 3 秒
2024-06-19 00:25:04 查询号码 【1471345】，返回信息 {"status":"ok","msg":"四川-成都","gid":"95920","time_insert":"2021-06-14 06:28"}
2024-06-19 00:25:04 查询号码 【1471345】，GSD为【"四川-成都"】

2024-06-19 00:25:05 开始第 1432 次操作

2024-06-19 00:25:05 开始操作号码 【1471346】
2024-06-19 00:25:14 GSD getOne 第 1 次 等待 3 秒
2024-06-19 00:25:17 查询号码 【1471346】，返回信息 {"status":"ok","msg":"四川-成都","gid":"95954","time_insert":"2021-06-14 06:57"}
2024-06-19 00:25:17 查询号码 【1471346】，GSD为【"四川-成都"】

