2023-12-23 00:22:23 开始第 4589 次操作

2023-12-23 00:22:23 开始操作号码 【1804504】
2023-12-23 00:22:35 GSD getOne 第 1 次 等待 3 秒
2023-12-23 00:22:38 查询号码 【1804504】，返回信息 {"status":"ok","msg":"黑龙江-哈尔滨","gid":"302696","time_insert":"2021-07-17 11:54"}
2023-12-23 00:22:38 查询号码 【1804504】，GSD为【"黑龙江-哈尔滨"】

2023-12-23 00:22:39 开始第 4590 次操作

2023-12-23 00:22:39 开始操作号码 【1804505】
2023-12-23 00:22:43 GSD getOne 第 1 次 等待 3 秒
2023-12-23 00:22:46 查询号码 【1804505】，返回信息 {"status":"ok","msg":"黑龙江-哈尔滨","gid":"302714","time_insert":"2021-07-17 11:55"}
2023-12-23 00:22:46 查询号码 【1804505】，GSD为【"黑龙江-哈尔滨"】

2023-12-23 00:22:47 开始第 4591 次操作

2023-12-23 00:22:47 开始操作号码 【1804506】
2023-12-23 00:22:50 GSD getOne 第 1 次 等待 3 秒
2023-12-23 00:22:53 查询号码 【1804506】，返回信息 {"status":"ok","msg":"黑龙江-哈尔滨","gid":"302721","time_insert":"2021-07-17 11:56"}
2023-12-23 00:22:53 查询号码 【1804506】，GSD为【"黑龙江-哈尔滨"】

2023-12-23 00:22:54 开始第 4592 次操作

2023-12-23 00:22:54 开始操作号码 【1804507】
2023-12-23 00:23:00 GSD getOne 第 1 次 等待 3 秒
2023-12-23 00:23:03 查询号码 【1804507】，返回信息 {"status":"ok","msg":"黑龙江-哈尔滨","gid":"302731","time_insert":"2021-07-17 11:57"}
2023-12-23 00:23:03 查询号码 【1804507】，GSD为【"黑龙江-哈尔滨"】

2023-12-23 00:39:59 开始第 4593 次操作

2023-12-23 00:39:59 开始操作号码 【1804508】
2023-12-23 00:40:06 GSD getOne 第 1 次 等待 3 秒
2023-12-23 00:40:09 查询号码 【1804508】，返回信息 {"status":"ok","msg":"黑龙江-哈尔滨","gid":"302737","time_insert":"2021-07-17 11:57"}
2023-12-23 00:40:09 查询号码 【1804508】，GSD为【"黑龙江-哈尔滨"】

2023-12-23 00:40:10 开始第 4594 次操作

2023-12-23 00:40:10 开始操作号码 【1804509】
2023-12-23 00:40:14 GSD getOne 第 1 次 等待 3 秒
2023-12-23 00:40:17 查询号码 【1804509】，返回信息 {"status":"ok","msg":"黑龙江-哈尔滨","gid":"302749","time_insert":"2021-07-17 11:58"}
2023-12-23 00:40:17 查询号码 【1804509】，GSD为【"黑龙江-哈尔滨"】

2023-12-23 00:40:18 开始第 4595 次操作

2023-12-23 00:40:18 开始操作号码 【1804510】
2023-12-23 00:40:22 GSD getOne 第 1 次 等待 3 秒
2023-12-23 00:40:25 查询号码 【1804510】，返回信息 {"status":"ok","msg":"黑龙江-哈尔滨","gid":"302759","time_insert":"2021-07-17 11:59"}
2023-12-23 00:40:25 查询号码 【1804510】，GSD为【"黑龙江-哈尔滨"】

2023-12-23 00:40:26 开始第 4596 次操作

2023-12-23 00:40:26 开始操作号码 【1804511】
2023-12-23 00:40:31 GSD getOne 第 1 次 等待 3 秒
2023-12-23 00:40:34 查询号码 【1804511】，返回信息 {"status":"ok","msg":"黑龙江-哈尔滨","gid":"302764","time_insert":"2021-07-17 11:59"}
2023-12-23 00:40:34 查询号码 【1804511】，GSD为【"黑龙江-哈尔滨"】

2023-12-23 01:15:11 开始第 4597 次操作

2023-12-23 01:15:11 开始操作号码 【1804512】
2023-12-23 01:15:14 GSD getOne 第 1 次 等待 3 秒
2023-12-23 01:15:17 查询号码 【1804512】，返回信息 {"status":"ok","msg":"黑龙江-哈尔滨","gid":"302772","time_insert":"2021-07-17 12:00"}
2023-12-23 01:15:17 查询号码 【1804512】，GSD为【"黑龙江-哈尔滨"】

2023-12-23 01:15:18 开始第 4598 次操作

2023-12-23 01:15:18 开始操作号码 【1804513】
2023-12-23 01:15:29 GSD getOne 第 1 次 等待 3 秒
2023-12-23 01:15:32 查询号码 【1804513】，返回信息 {"status":"ok","msg":"黑龙江-哈尔滨","gid":"302780","time_insert":"2021-07-17 12:00"}
2023-12-23 01:15:32 查询号码 【1804513】，GSD为【"黑龙江-哈尔滨"】

2023-12-23 01:15:33 开始第 4599 次操作

2023-12-23 01:15:33 开始操作号码 【1804514】
2023-12-23 01:15:36 GSD getOne 第 1 次 等待 3 秒
2023-12-23 01:15:39 查询号码 【1804514】，返回信息 {"status":"ok","msg":"黑龙江-哈尔滨","gid":"302789","time_insert":"2021-07-17 12:01"}
2023-12-23 01:15:39 查询号码 【1804514】，GSD为【"黑龙江-哈尔滨"】

2023-12-23 01:15:40 开始第 4600 次操作

2023-12-23 01:15:40 开始操作号码 【1804515】
2023-12-23 01:15:44 GSD getOne 第 1 次 等待 3 秒
2023-12-23 01:15:47 查询号码 【1804515】，返回信息 {"status":"ok","msg":"黑龙江-哈尔滨","gid":"302795","time_insert":"2021-07-17 12:01"}
2023-12-23 01:15:47 查询号码 【1804515】，GSD为【"黑龙江-哈尔滨"】

2023-12-23 01:37:54 开始第 4601 次操作

2023-12-23 01:37:54 开始操作号码 【1804516】
2023-12-23 01:37:58 GSD getOne 第 1 次 等待 3 秒
2023-12-23 01:38:01 查询号码 【1804516】，返回信息 {"status":"ok","msg":"黑龙江-哈尔滨","gid":"302804","time_insert":"2021-07-17 12:02"}
2023-12-23 01:38:01 查询号码 【1804516】，GSD为【"黑龙江-哈尔滨"】

2023-12-23 01:38:02 开始第 4602 次操作

2023-12-23 01:38:02 开始操作号码 【1804517】
2023-12-23 01:38:08 GSD getOne 第 1 次 等待 3 秒
2023-12-23 01:38:11 查询号码 【1804517】，返回信息 {"status":"ok","msg":"黑龙江-哈尔滨","gid":"302813","time_insert":"2021-07-17 12:03"}
2023-12-23 01:38:11 查询号码 【1804517】，GSD为【"黑龙江-哈尔滨"】

2023-12-23 01:38:12 开始第 4603 次操作

2023-12-23 01:38:12 开始操作号码 【1804518】
2023-12-23 01:38:16 GSD getOne 第 1 次 等待 3 秒
2023-12-23 01:38:19 查询号码 【1804518】，返回信息 {"status":"ok","msg":"黑龙江-哈尔滨","gid":"302820","time_insert":"2021-07-17 12:03"}
2023-12-23 01:38:19 查询号码 【1804518】，GSD为【"黑龙江-哈尔滨"】

2023-12-23 01:38:20 开始第 4604 次操作

2023-12-23 01:38:20 开始操作号码 【1804519】
2023-12-23 01:38:23 GSD getOne 第 1 次 等待 3 秒
2023-12-23 01:38:26 查询号码 【1804519】，返回信息 {"status":"ok","msg":"黑龙江-哈尔滨","gid":"302830","time_insert":"2021-07-17 12:04"}
2023-12-23 01:38:26 查询号码 【1804519】，GSD为【"黑龙江-哈尔滨"】

2023-12-23 02:21:16 开始第 4605 次操作

2023-12-23 02:21:16 开始操作号码 【1804520】
2023-12-23 02:21:19 GSD getOne 第 1 次 等待 3 秒
2023-12-23 02:21:22 查询号码 【1804520】，返回信息 {"status":"ok","msg":"黑龙江-齐齐哈尔","gid":"302833","time_insert":"2021-07-17 12:04"}
2023-12-23 02:21:22 查询号码 【1804520】，GSD为【"黑龙江-齐齐哈尔"】

2023-12-23 02:21:23 开始第 4606 次操作

2023-12-23 02:21:23 开始操作号码 【1804521】
2023-12-23 02:21:27 GSD getOne 第 1 次 等待 3 秒
2023-12-23 02:21:30 查询号码 【1804521】，返回信息 {"status":"ok","msg":"黑龙江-齐齐哈尔","gid":"302841","time_insert":"2021-07-17 12:05"}
2023-12-23 02:21:30 查询号码 【1804521】，GSD为【"黑龙江-齐齐哈尔"】

2023-12-23 02:21:31 开始第 4607 次操作

2023-12-23 02:21:31 开始操作号码 【1804522】
2023-12-23 02:21:34 GSD getOne 第 1 次 等待 3 秒
2023-12-23 02:21:37 查询号码 【1804522】，返回信息 {"status":"ok","msg":"黑龙江-齐齐哈尔","gid":"32179","time_insert":"2019-10-15 10:10","time_update":"2020-08-22 15:16"}
2023-12-23 02:21:37 查询号码 【1804522】，GSD为【"黑龙江-齐齐哈尔"】

2023-12-23 02:21:39 开始第 4608 次操作

2023-12-23 02:21:39 开始操作号码 【1804523】
2023-12-23 02:21:42 GSD getOne 第 1 次 等待 3 秒
2023-12-23 02:21:45 查询号码 【1804523】，返回信息 {"status":"ok","msg":"黑龙江-齐齐哈尔","gid":"302850","time_insert":"2021-07-17 12:06"}
2023-12-23 02:21:45 查询号码 【1804523】，GSD为【"黑龙江-齐齐哈尔"】

