2023-12-10 00:21:03 开始第 2305 次操作

2023-12-10 00:21:03 开始操作号码 【1802220】
2023-12-10 00:21:18 GSD getOne 第 1 次 等待 3 秒
2023-12-10 00:21:21 查询号码 【1802220】，返回信息 {"status":"ok","msg":"广东-佛山","gid":"278015","time_insert":"2021-07-14 22:44"}
2023-12-10 00:21:21 查询号码 【1802220】，GSD为【"广东-佛山"】

2023-12-10 00:21:22 开始第 2306 次操作

2023-12-10 00:21:22 开始操作号码 【1802221】
2023-12-10 00:21:25 GSD getOne 第 1 次 等待 3 秒
2023-12-10 00:21:28 查询号码 【1802221】，返回信息 {"status":"ok","msg":"广东-佛山","gid":"278024","time_insert":"2021-07-14 22:44"}
2023-12-10 00:21:28 查询号码 【1802221】，GSD为【"广东-佛山"】

2023-12-10 00:21:29 开始第 2307 次操作

2023-12-10 00:21:29 开始操作号码 【1802222】
2023-12-10 00:21:38 GSD getOne 第 1 次 等待 3 秒
2023-12-10 00:21:41 查询号码 【1802222】，返回信息 {"status":"ok","msg":"广东-佛山","gid":"278028","time_insert":"2021-07-14 22:45"}
2023-12-10 00:21:41 查询号码 【1802222】，GSD为【"广东-佛山"】

2023-12-10 00:21:42 开始第 2308 次操作

2023-12-10 00:21:42 开始操作号码 【1802223】
2023-12-10 00:21:45 GSD getOne 第 1 次 等待 3 秒
2023-12-10 00:21:48 查询号码 【1802223】，返回信息 {"status":"ok","msg":"广东-佛山","gid":"278039","time_insert":"2021-07-14 22:45"}
2023-12-10 00:21:48 查询号码 【1802223】，GSD为【"广东-佛山"】

2023-12-10 00:39:19 开始第 2309 次操作

2023-12-10 00:39:19 开始操作号码 【1802224】
2023-12-10 00:39:36 GSD getOne 第 1 次 等待 3 秒
2023-12-10 00:39:39 查询号码 【1802224】，返回信息 {"status":"ok","msg":"广东-佛山","gid":"278046","time_insert":"2021-07-14 22:46"}
2023-12-10 00:39:40 查询号码 【1802224】，GSD为【"广东-佛山"】

2023-12-10 00:39:41 开始第 2310 次操作

2023-12-10 00:39:41 开始操作号码 【1802225】
2023-12-10 00:39:44 GSD getOne 第 1 次 等待 3 秒
2023-12-10 00:39:47 查询号码 【1802225】，返回信息 {"status":"ok","msg":"广东-佛山","gid":"278060","time_insert":"2021-07-14 22:46"}
2023-12-10 00:39:47 查询号码 【1802225】，GSD为【"广东-佛山"】

2023-12-10 00:39:48 开始第 2311 次操作

2023-12-10 00:39:48 开始操作号码 【1802226】
2023-12-10 00:39:52 GSD getOne 第 1 次 等待 3 秒
2023-12-10 00:39:55 查询号码 【1802226】，返回信息 {"status":"ok","msg":"广东-佛山","gid":"278065","time_insert":"2021-07-14 22:47"}
2023-12-10 00:39:55 查询号码 【1802226】，GSD为【"广东-佛山"】

2023-12-10 00:39:56 开始第 2312 次操作

2023-12-10 00:39:56 开始操作号码 【1802227】
2023-12-10 00:39:59 GSD getOne 第 1 次 等待 3 秒
2023-12-10 00:40:02 查询号码 【1802227】，返回信息 {"status":"ok","msg":"广东-佛山","gid":"278074","time_insert":"2021-07-14 22:47"}
2023-12-10 00:40:02 查询号码 【1802227】，GSD为【"广东-佛山"】

