2024-09-24 00:23:05 开始第 6145 次操作

2024-09-24 00:23:05 开始操作号码 【1366144】
2024-09-24 00:23:08 GSD getOne 第 1 次 等待 3 秒
2024-09-24 00:23:11 查询号码 【1366144】，返回信息 {"status":"ok","msg":"上海-上海","gid":"300214","time_insert":"2021-07-17 05:19"}
2024-09-24 00:23:11 查询号码 【1366144】，GSD为【"上海-上海"】

2024-09-24 00:23:12 开始第 6146 次操作

2024-09-24 00:23:12 开始操作号码 【1366145】
2024-09-24 00:23:14 GSD getOne 第 1 次 等待 3 秒
2024-09-24 00:23:17 查询号码 【1366145】，返回信息 {"status":"ok","msg":"上海-上海","gid":"8479","time_insert":"2019-04-27 08:46","time_update":"2020-12-30 17:08"}
2024-09-24 00:23:17 查询号码 【1366145】，GSD为【"上海-上海"】

2024-09-24 00:23:18 开始第 6147 次操作

2024-09-24 00:23:18 开始操作号码 【1366146】
2024-09-24 00:23:20 GSD getOne 第 1 次 等待 3 秒
2024-09-24 00:23:23 查询号码 【1366146】，返回信息 {"status":"ok","msg":"上海-上海","gid":"300240","time_insert":"2021-07-17 05:35"}
2024-09-24 00:23:23 查询号码 【1366146】，GSD为【"上海-上海"】

2024-09-24 00:23:24 开始第 6148 次操作

2024-09-24 00:23:24 开始操作号码 【1366147】
2024-09-24 00:23:29 GSD getOne 第 1 次 等待 3 秒
2024-09-24 00:23:32 查询号码 【1366147】，返回信息 {"status":"ok","msg":"上海-上海","gid":"300324","time_insert":"2021-07-17 05:46"}
2024-09-24 00:23:32 查询号码 【1366147】，GSD为【"上海-上海"】

2024-09-24 00:44:18 开始第 6149 次操作

2024-09-24 00:44:18 开始操作号码 【1366148】
2024-09-24 00:44:20 GSD getOne 第 1 次 等待 3 秒
2024-09-24 00:44:23 查询号码 【1366148】，返回信息 {"status":"ok","msg":"上海-上海","gid":"300462","time_insert":"2021-07-17 05:59"}
2024-09-24 00:44:23 查询号码 【1366148】，GSD为【"上海-上海"】

2024-09-24 00:44:24 开始第 6150 次操作

2024-09-24 00:44:24 开始操作号码 【1366149】
2024-09-24 00:44:26 GSD getOne 第 1 次 等待 3 秒
2024-09-24 00:44:29 查询号码 【1366149】，返回信息 {"status":"ok","msg":"上海-上海","gid":"300540","time_insert":"2021-07-17 06:10"}
2024-09-24 00:44:29 查询号码 【1366149】，GSD为【"上海-上海"】

2024-09-24 00:44:30 开始第 6151 次操作

2024-09-24 00:44:30 开始操作号码 【1366150】
2024-09-24 00:44:31 GSD getOne 第 1 次 等待 3 秒
2024-09-24 00:44:34 查询号码 【1366150】，返回信息 {"status":"ok","msg":"上海-上海","gid":"300576","time_insert":"2021-07-17 06:22"}
2024-09-24 00:44:34 查询号码 【1366150】，GSD为【"上海-上海"】

2024-09-24 00:44:35 开始第 6152 次操作

2024-09-24 00:44:35 开始操作号码 【1366151】
2024-09-24 00:44:38 GSD getOne 第 1 次 等待 3 秒
2024-09-24 00:44:41 查询号码 【1366151】，返回信息 {"status":"ok","msg":"上海-上海","gid":"300607","time_insert":"2021-07-17 06:34"}
2024-09-24 00:44:41 查询号码 【1366151】，GSD为【"上海-上海"】

2024-09-24 01:17:24 开始第 6153 次操作

2024-09-24 01:17:24 开始操作号码 【1366152】
2024-09-24 01:17:27 GSD getOne 第 1 次 等待 3 秒
2024-09-24 01:17:30 查询号码 【1366152】，返回信息 {"status":"ok","msg":"上海-上海","gid":"300703","time_insert":"2021-07-17 06:46"}
2024-09-24 01:17:30 查询号码 【1366152】，GSD为【"上海-上海"】

2024-09-24 01:17:31 开始第 6154 次操作

2024-09-24 01:17:31 开始操作号码 【1366153】
2024-09-24 01:17:33 GSD getOne 第 1 次 等待 3 秒
2024-09-24 01:17:36 查询号码 【1366153】，返回信息 {"status":"ok","msg":"上海-上海","gid":"300842","time_insert":"2021-07-17 06:58"}
2024-09-24 01:17:36 查询号码 【1366153】，GSD为【"上海-上海"】

2024-09-24 01:17:37 开始第 6155 次操作

2024-09-24 01:17:37 开始操作号码 【1366154】
2024-09-24 01:17:39 GSD getOne 第 1 次 等待 3 秒
2024-09-24 01:17:42 查询号码 【1366154】，返回信息 {"status":"ok","msg":"上海-上海","gid":"300956","time_insert":"2021-07-17 07:12"}
2024-09-24 01:17:42 查询号码 【1366154】，GSD为【"上海-上海"】

2024-09-24 01:17:43 开始第 6156 次操作

2024-09-24 01:17:43 开始操作号码 【1366155】
2024-09-24 01:17:45 GSD getOne 第 1 次 等待 3 秒
2024-09-24 01:17:48 查询号码 【1366155】，返回信息 {"status":"ok","msg":"上海-上海","gid":"300986","time_insert":"2021-07-17 07:24"}
2024-09-24 01:17:48 查询号码 【1366155】，GSD为【"上海-上海"】

