2024-05-16 00:22:38 开始第 9009 次操作

2024-05-16 00:22:38 开始操作号码 【1588922】
2024-05-16 00:22:43 GSD getOne 第 1 次 等待 3 秒
2024-05-16 00:22:46 查询号码 【1588922】，返回信息 {"status":"ok","msg":"广东-汕头","gid":"381380","time_insert":"2021-07-24 21:06"}
2024-05-16 00:22:47 查询号码 【1588922】，GSD为【"广东-汕头"】

2024-05-16 00:22:48 开始第 9010 次操作

2024-05-16 00:22:48 开始操作号码 【1588923】
2024-05-16 00:22:57 GSD getOne 第 1 次 等待 3 秒
2024-05-16 00:23:00 查询号码 【1588923】，返回信息 {"status":"ok","msg":"广东-汕头","gid":"381372","time_insert":"2021-07-24 21:06"}
2024-05-16 00:23:00 查询号码 【1588923】，GSD为【"广东-汕头"】

2024-05-16 00:23:01 开始第 9011 次操作

2024-05-16 00:23:01 开始操作号码 【1588924】
2024-05-16 00:23:07 GSD getOne 第 1 次 等待 3 秒
2024-05-16 00:23:10 查询号码 【1588924】，返回信息 {"status":"ok","msg":"广东-汕头","gid":"26059","time_insert":"2017-07-11 21:21","time_update":"2020-09-30 10:20"}
2024-05-16 00:23:10 查询号码 【1588924】，GSD为【"广东-汕头"】

2024-05-16 00:23:11 开始第 9012 次操作

2024-05-16 00:23:11 开始操作号码 【1588925】
2024-05-16 00:23:20 GSD getOne 第 1 次 等待 3 秒
2024-05-16 00:23:23 查询号码 【1588925】，返回信息 {"status":"ok","msg":"广东-汕头","gid":"381362","time_insert":"2021-07-24 21:05"}
2024-05-16 00:23:23 查询号码 【1588925】，GSD为【"广东-汕头"】

2024-05-16 00:40:31 开始第 9013 次操作

2024-05-16 00:40:31 开始操作号码 【1588926】
2024-05-16 00:40:35 GSD getOne 第 1 次 等待 3 秒
2024-05-16 00:40:38 查询号码 【1588926】，返回信息 {"status":"ok","msg":"广东-汕头","gid":"381354","time_insert":"2021-07-24 21:04"}
2024-05-16 00:40:38 查询号码 【1588926】，GSD为【"广东-汕头"】

2024-05-16 00:40:39 开始第 9014 次操作

2024-05-16 00:40:39 开始操作号码 【1588927】
2024-05-16 00:40:46 GSD getOne 第 1 次 等待 3 秒
2024-05-16 00:40:49 查询号码 【1588927】，返回信息 {"status":"ok","msg":"广东-汕头","gid":"381345","time_insert":"2021-07-24 21:04"}
2024-05-16 00:40:49 查询号码 【1588927】，GSD为【"广东-汕头"】

2024-05-16 00:40:50 开始第 9015 次操作

2024-05-16 00:40:50 开始操作号码 【1588928】
2024-05-16 00:40:56 GSD getOne 第 1 次 等待 3 秒
2024-05-16 00:40:59 查询号码 【1588928】，返回信息 {"status":"ok","msg":"广东-汕头","gid":"381335","time_insert":"2021-07-24 21:03"}
2024-05-16 00:40:59 查询号码 【1588928】，GSD为【"广东-汕头"】

2024-05-16 00:41:00 开始第 9016 次操作

2024-05-16 00:41:00 开始操作号码 【1588929】
2024-05-16 00:41:06 GSD getOne 第 1 次 等待 3 秒
2024-05-16 00:41:09 查询号码 【1588929】，返回信息 {"status":"ok","msg":"广东-深圳","gid":"381322","time_insert":"2021-07-24 21:03"}
2024-05-16 00:41:09 查询号码 【1588929】，GSD为【"广东-深圳"】

2024-05-16 01:17:20 开始第 9017 次操作

2024-05-16 01:17:20 开始操作号码 【1588930】
2024-05-16 01:17:27 GSD getOne 第 1 次 等待 3 秒
2024-05-16 01:17:30 查询号码 【1588930】，返回信息 {"status":"ok","msg":"广东-深圳","gid":"381315","time_insert":"2021-07-24 21:02"}
2024-05-16 01:17:30 查询号码 【1588930】，GSD为【"广东-深圳"】

2024-05-16 01:17:31 开始第 9018 次操作

2024-05-16 01:17:31 开始操作号码 【1588931】
2024-05-16 01:17:37 GSD getOne 第 1 次 等待 3 秒
2024-05-16 01:17:40 查询号码 【1588931】，返回信息 {"status":"ok","msg":"广东-深圳","gid":"381307","time_insert":"2021-07-24 21:02"}
2024-05-16 01:17:40 查询号码 【1588931】，GSD为【"广东-深圳"】

2024-05-16 01:17:41 开始第 9019 次操作

2024-05-16 01:17:41 开始操作号码 【1588932】
2024-05-16 01:17:49 GSD getOne 第 1 次 等待 3 秒
2024-05-16 01:17:52 查询号码 【1588932】，返回信息 {"status":"ok","msg":"广东-深圳","gid":"381297","time_insert":"2021-07-24 21:01"}
2024-05-16 01:17:53 查询号码 【1588932】，GSD为【"广东-深圳"】

2024-05-16 01:17:54 开始第 9020 次操作

2024-05-16 01:17:54 开始操作号码 【1588933】
2024-05-16 01:17:58 GSD getOne 第 1 次 等待 3 秒
2024-05-16 01:18:01 查询号码 【1588933】，返回信息 {"status":"ok","msg":"广东-深圳","gid":"381289","time_insert":"2021-07-24 21:00"}
2024-05-16 01:18:01 查询号码 【1588933】，GSD为【"广东-深圳"】

