2024-02-13 00:22:02 开始第 3345 次操作

2024-02-13 00:22:02 开始操作号码 【1693258】
2024-02-13 00:22:07 GSD getOne 第 1 次 等待 3 秒
2024-02-13 00:22:10 查询号码 【1693258】，返回信息 {"status":"ok","msg":"-","gid":"626472","time_insert":"2023-03-31 20:06"}
2024-02-13 00:22:10 查询号码 【1693258】，GSD为【"-"】
2024-02-13 00:22:10 ok && -
2024-02-13 00:22:13 CHB 1693258?1707754930 第 1 次 等待 3 秒
2024-02-13 00:22:16 CHB 1693258?1707754930 第 1 次 获取到号码【1693258】GSD
2024-02-13 00:22:16 未获取到号码【1693258】GSD，可能号码格式错误
2024-02-13 00:22:16 获取到号码【1693258】的GSD为【-】
2024-02-13 00:22:22 GSD insert 第 1 次 等待 3 秒
2024-02-13 00:22:25 {"status":"bad","gid":"626472","msg":"添加失败！号码【1693258(-|-)】已存在！"}
2024-02-13 00:22:25 随机等待 101 秒，约 1 分钟
2024-02-13 00:22:25 下次操作: 2024-02-13 00:24:06

2024-02-13 00:24:06 开始第 3346 次操作

2024-02-13 00:24:06 开始操作号码 【1693259】
2024-02-13 00:24:13 GSD getOne 第 1 次 等待 3 秒
2024-02-13 00:24:16 查询号码 【1693259】，返回信息 {"status":"ok","msg":"-","gid":"626493","time_insert":"2023-03-31 20:26"}
2024-02-13 00:24:16 查询号码 【1693259】，GSD为【"-"】
2024-02-13 00:24:16 ok && -
2024-02-13 00:24:19 CHB 1693259?1707755056 第 1 次 等待 3 秒
2024-02-13 00:24:22 CHB 1693259?1707755056 第 1 次 获取到号码【1693259】GSD
2024-02-13 00:24:22 未获取到号码【1693259】GSD，可能号码格式错误
2024-02-13 00:24:22 获取到号码【1693259】的GSD为【-】
2024-02-13 00:24:27 GSD insert 第 1 次 等待 3 秒
2024-02-13 00:24:30 {"status":"bad","gid":"626493","msg":"添加失败！号码【1693259(-|-)】已存在！"}
2024-02-13 00:24:30 随机等待 230 秒，约 3 分钟
2024-02-13 00:24:30 下次操作: 2024-02-13 00:28:20

2024-02-13 00:28:20 开始第 3347 次操作

2024-02-13 00:28:20 开始操作号码 【1693260】
2024-02-13 00:28:25 GSD getOne 第 1 次 等待 3 秒
2024-02-13 00:28:28 查询号码 【1693260】，返回信息 {"status":"ok","msg":"-","gid":"626507","time_insert":"2023-03-31 20:43"}
2024-02-13 00:28:28 查询号码 【1693260】，GSD为【"-"】
2024-02-13 00:28:28 ok && -
2024-02-13 00:28:29 CHB 1693260?1707755308 第 1 次 等待 3 秒
2024-02-13 00:28:32 CHB 1693260?1707755308 第 1 次 获取到号码【1693260】GSD
2024-02-13 00:28:32 未获取到号码【1693260】GSD，可能号码格式错误
2024-02-13 00:28:32 获取到号码【1693260】的GSD为【-】
2024-02-13 00:28:37 GSD insert 第 1 次 等待 3 秒
2024-02-13 00:28:40 {"status":"bad","gid":"626507","msg":"添加失败！号码【1693260(-|-)】已存在！"}
2024-02-13 00:28:40 随机等待 184 秒，约 3 分钟
2024-02-13 00:28:40 下次操作: 2024-02-13 00:31:44

2024-02-13 00:31:44 开始第 3348 次操作

2024-02-13 00:31:44 开始操作号码 【1693261】
2024-02-13 00:31:48 GSD getOne 第 1 次 等待 3 秒
2024-02-13 00:31:51 查询号码 【1693261】，返回信息 {"status":"ok","msg":"-","gid":"626532","time_insert":"2023-03-31 21:02"}
2024-02-13 00:31:51 查询号码 【1693261】，GSD为【"-"】
2024-02-13 00:31:51 ok && -
2024-02-13 00:31:54 CHB 1693261?1707755511 第 1 次 等待 3 秒
2024-02-13 00:31:57 CHB 1693261?1707755511 第 1 次 获取到号码【1693261】GSD
2024-02-13 00:31:57 未获取到号码【1693261】GSD，可能号码格式错误
2024-02-13 00:31:57 获取到号码【1693261】的GSD为【-】
2024-02-13 00:32:02 GSD insert 第 1 次 等待 3 秒
2024-02-13 00:32:05 {"status":"bad","gid":"626532","msg":"添加失败！号码【1693261(-|-)】已存在！"}

