2024-06-26 00:24:23 开始第 2657 次操作

2024-06-26 00:24:23 开始操作号码 【1472569】
2024-06-26 00:24:41 GSD getOne 第 1 次 等待 3 秒
2024-06-26 00:24:44 查询号码 【1472569】，返回信息 {"status":"ok","msg":"四川-成都","gid":"170912","time_insert":"2021-07-02 03:03"}
2024-06-26 00:24:44 查询号码 【1472569】，GSD为【"四川-成都"】

2024-06-26 00:24:45 开始第 2658 次操作

2024-06-26 00:24:45 开始操作号码 【1472570】
2024-06-26 00:25:04 GSD getOne 第 1 次 等待 3 秒
2024-06-26 00:25:07 查询号码 【1472570】，返回信息 {"status":"ok","msg":"四川-成都","gid":"171066","time_insert":"2021-07-02 03:24"}
2024-06-26 00:25:08 查询号码 【1472570】，GSD为【"四川-成都"】

2024-06-26 00:25:09 开始第 2659 次操作

2024-06-26 00:25:09 开始操作号码 【1472571】
2024-06-26 00:25:23 GSD getOne 第 1 次 等待 3 秒
2024-06-26 00:25:26 查询号码 【1472571】，返回信息 {"status":"ok","msg":"四川-成都","gid":"171212","time_insert":"2021-07-02 03:45"}
2024-06-26 00:25:26 查询号码 【1472571】，GSD为【"四川-成都"】

2024-06-26 00:25:27 开始第 2660 次操作

2024-06-26 00:25:27 开始操作号码 【1472572】
2024-06-26 00:25:40 GSD getOne 第 1 次 等待 3 秒
2024-06-26 00:25:43 查询号码 【1472572】，返回信息 {"status":"ok","msg":"四川-成都","gid":"171371","time_insert":"2021-07-02 04:07"}
2024-06-26 00:25:43 查询号码 【1472572】，GSD为【"四川-成都"】

2024-06-26 00:41:47 开始第 2661 次操作

2024-06-26 00:41:47 开始操作号码 【1472573】
2024-06-26 00:42:11 GSD getOne 第 1 次 等待 3 秒
2024-06-26 00:42:14 查询号码 【1472573】，返回信息 {"status":"ok","msg":"四川-成都","gid":"171401","time_insert":"2021-07-02 04:30"}
2024-06-26 00:42:14 查询号码 【1472573】，GSD为【"四川-成都"】

2024-06-26 00:42:15 开始第 2662 次操作

2024-06-26 00:42:15 开始操作号码 【1472574】
2024-06-26 00:42:36 GSD getOne 第 1 次 等待 3 秒
2024-06-26 00:42:39 查询号码 【1472574】，返回信息 {"status":"ok","msg":"四川-成都","gid":"171510","time_insert":"2021-07-02 04:49"}
2024-06-26 00:42:39 查询号码 【1472574】，GSD为【"四川-成都"】

2024-06-26 00:42:40 开始第 2663 次操作

2024-06-26 00:42:40 开始操作号码 【1472575】
2024-06-26 00:43:27 GSD getOne 第 1 次 等待 3 秒
2024-06-26 00:43:30 查询号码 【1472575】，返回信息 {"status":"ok","msg":"四川-成都","gid":"171704","time_insert":"2021-07-02 05:12"}
2024-06-26 00:43:30 查询号码 【1472575】，GSD为【"四川-成都"】

2024-06-26 00:43:31 开始第 2664 次操作

2024-06-26 00:43:31 开始操作号码 【1472576】
2024-06-26 00:44:38 GSD getOne 第 1 次 等待 3 秒
2024-06-26 00:44:41 查询号码 【1472576】，返回信息 {"status":"ok","msg":"四川-成都","gid":"171728","time_insert":"2021-07-02 05:29"}
2024-06-26 00:44:41 查询号码 【1472576】，GSD为【"四川-成都"】

2024-06-26 01:17:43 开始第 2665 次操作

2024-06-26 01:17:43 开始操作号码 【1472577】
2024-06-26 01:18:21 GSD getOne 第 1 次 等待 3 秒
2024-06-26 01:18:24 查询号码 【1472577】，返回信息 {"status":"ok","msg":"四川-成都","gid":"171858","time_insert":"2021-07-02 05:52"}
2024-06-26 01:18:25 查询号码 【1472577】，GSD为【"四川-成都"】

2024-06-26 01:18:26 开始第 2666 次操作

2024-06-26 01:18:26 开始操作号码 【1472578】
2024-06-26 01:18:46 GSD getOne 第 1 次 等待 3 秒
2024-06-26 01:18:49 查询号码 【1472578】，返回信息 {"status":"ok","msg":"四川-成都","gid":"172032","time_insert":"2021-07-02 06:12"}
2024-06-26 01:18:49 查询号码 【1472578】，GSD为【"四川-成都"】

2024-06-26 01:18:50 开始第 2667 次操作

2024-06-26 01:18:50 开始操作号码 【1472579】
2024-06-26 01:19:04 GSD getOne 第 1 次 等待 3 秒
2024-06-26 01:19:07 查询号码 【1472579】，返回信息 {"status":"ok","msg":"四川-成都","gid":"172065","time_insert":"2021-07-02 06:36"}
2024-06-26 01:19:07 查询号码 【1472579】，GSD为【"四川-成都"】

2024-06-26 01:19:08 开始第 2668 次操作

2024-06-26 01:19:08 开始操作号码 【1472580】
2024-06-26 01:19:23 GSD getOne 第 1 次 等待 3 秒
2024-06-26 01:19:26 查询号码 【1472580】，返回信息 {"status":"ok","msg":"四川-成都","gid":"172323","time_insert":"2021-07-02 06:58"}
2024-06-26 01:19:26 查询号码 【1472580】，GSD为【"四川-成都"】

2024-06-26 01:37:59 开始第 2669 次操作

2024-06-26 01:37:59 开始操作号码 【1472581】
2024-06-26 01:38:52 GSD getOne 第 1 次 等待 3 秒
2024-06-26 01:38:55 查询号码 【1472581】，返回信息 {"status":"ok","msg":"四川-成都","gid":"172365","time_insert":"2021-07-02 07:17"}
2024-06-26 01:38:55 查询号码 【1472581】，GSD为【"四川-成都"】

2024-06-26 01:38:56 开始第 2670 次操作

2024-06-26 01:38:56 开始操作号码 【1472582】
2024-06-26 01:39:30 GSD getOne 第 1 次 等待 3 秒
2024-06-26 01:39:33 查询号码 【1472582】，返回信息 {"status":"ok","msg":"四川-成都","gid":"172391","time_insert":"2021-07-02 07:36"}
2024-06-26 01:39:33 查询号码 【1472582】，GSD为【"四川-成都"】

2024-06-26 01:39:34 开始第 2671 次操作

2024-06-26 01:39:34 开始操作号码 【1472583】
2024-06-26 01:40:14 GSD getOne 第 1 次 等待 3 秒
2024-06-26 01:40:17 查询号码 【1472583】，返回信息 {"status":"ok","msg":"四川-成都","gid":"52690","time_insert":"2021-04-27 16:50"}
2024-06-26 01:40:17 查询号码 【1472583】，GSD为【"四川-成都"】

2024-06-26 01:40:18 开始第 2672 次操作

2024-06-26 01:40:18 开始操作号码 【1472584】
2024-06-26 01:40:36 GSD getOne 第 1 次 等待 3 秒
2024-06-26 01:40:39 查询号码 【1472584】，返回信息 {"status":"ok","msg":"四川-成都","gid":"172641","time_insert":"2021-07-02 08:04"}
2024-06-26 01:40:39 查询号码 【1472584】，GSD为【"四川-成都"】

