2024-02-23 00:21:46 开始第 5121 次操作

2024-02-23 00:21:46 开始操作号码 【1695034】
2024-02-23 00:21:52 GSD getOne 第 1 次 等待 3 秒
2024-02-23 00:21:55 查询号码 【1695034】，返回信息 {"status":"ok","msg":"-","gid":"645726","time_insert":"2023-04-10 21:04"}
2024-02-23 00:21:55 查询号码 【1695034】，GSD为【"-"】
2024-02-23 00:21:55 ok && -
2024-02-23 00:21:58 CHB 1695034?1708618915 第 1 次 等待 3 秒
2024-02-23 00:22:01 CHB 1695034?1708618915 第 1 次 获取到号码【1695034】GSD
2024-02-23 00:22:01 未获取到号码【1695034】GSD，可能号码格式错误
2024-02-23 00:22:01 获取到号码【1695034】的GSD为【-】
2024-02-23 00:22:09 GSD insert 第 1 次 等待 3 秒
2024-02-23 00:22:12 {"status":"bad","gid":"645726","msg":"添加失败！号码【1695034(-|-)】已存在！"}
2024-02-23 00:22:12 随机等待 68 秒，约 1 分钟
2024-02-23 00:22:12 下次操作: 2024-02-23 00:23:20

2024-02-23 00:23:20 开始第 5122 次操作

2024-02-23 00:23:20 开始操作号码 【1695035】
2024-02-23 00:23:25 GSD getOne 第 1 次 等待 3 秒
2024-02-23 00:23:28 查询号码 【1695035】，返回信息 {"status":"ok","msg":"-","gid":"645730","time_insert":"2023-04-10 21:07"}
2024-02-23 00:23:28 查询号码 【1695035】，GSD为【"-"】
2024-02-23 00:23:28 ok && -
2024-02-23 00:23:35 CHB 1695035?1708619008 第 1 次 等待 3 秒
2024-02-23 00:23:38 CHB 1695035?1708619008 第 1 次 获取到号码【1695035】GSD
2024-02-23 00:23:38 未获取到号码【1695035】GSD，可能号码格式错误
2024-02-23 00:23:38 获取到号码【1695035】的GSD为【-】
2024-02-23 00:23:42 GSD insert 第 1 次 等待 3 秒
2024-02-23 00:23:45 {"status":"bad","gid":"645730","msg":"添加失败！号码【1695035(-|-)】已存在！"}
2024-02-23 00:23:45 随机等待 211 秒，约 3 分钟
2024-02-23 00:23:45 下次操作: 2024-02-23 00:27:16

2024-02-23 00:27:16 开始第 5123 次操作

2024-02-23 00:27:16 开始操作号码 【1695036】
2024-02-23 00:27:20 GSD getOne 第 1 次 等待 3 秒
2024-02-23 00:27:23 查询号码 【1695036】，返回信息 {"status":"ok","msg":"-","gid":"645743","time_insert":"2023-04-10 21:19"}
2024-02-23 00:27:24 查询号码 【1695036】，GSD为【"-"】
2024-02-23 00:27:24 ok && -
2024-02-23 00:27:26 CHB 1695036?1708619244 第 1 次 等待 3 秒
2024-02-23 00:27:29 CHB 1695036?1708619244 第 1 次 获取到号码【1695036】GSD
2024-02-23 00:27:29 未获取到号码【1695036】GSD，可能号码格式错误
2024-02-23 00:27:29 获取到号码【1695036】的GSD为【-】
2024-02-23 00:27:33 GSD insert 第 1 次 等待 3 秒
2024-02-23 00:27:36 {"status":"bad","gid":"645743","msg":"添加失败！号码【1695036(-|-)】已存在！"}
2024-02-23 00:27:36 随机等待 214 秒，约 3 分钟
2024-02-23 00:27:36 下次操作: 2024-02-23 00:31:10

2024-02-23 00:31:10 开始第 5124 次操作

2024-02-23 00:31:10 开始操作号码 【1695037】
2024-02-23 00:31:15 GSD getOne 第 1 次 等待 3 秒
2024-02-23 00:31:18 查询号码 【1695037】，返回信息 {"status":"ok","msg":"-","gid":"645747","time_insert":"2023-04-10 21:22"}
2024-02-23 00:31:18 查询号码 【1695037】，GSD为【"-"】
2024-02-23 00:31:18 ok && -
2024-02-23 00:31:20 CHB 1695037?1708619478 第 1 次 等待 3 秒
2024-02-23 00:31:23 CHB 1695037?1708619478 第 1 次 获取到号码【1695037】GSD
2024-02-23 00:31:23 未获取到号码【1695037】GSD，可能号码格式错误
2024-02-23 00:31:23 获取到号码【1695037】的GSD为【-】
2024-02-23 00:31:29 GSD insert 第 1 次 等待 3 秒
2024-02-23 00:31:32 {"status":"bad","gid":"645747","msg":"添加失败！号码【1695037(-|-)】已存在！"}

