2024-03-13 00:21:58 开始第 8453 次操作

2024-03-13 00:21:58 开始操作号码 【1698366】
2024-03-13 00:22:03 GSD getOne 第 1 次 等待 3 秒
2024-03-13 00:22:06 查询号码 【1698366】，返回信息 {"status":"ok","msg":"-","gid":"651136","time_insert":"2023-04-13 07:56"}
2024-03-13 00:22:06 查询号码 【1698366】，GSD为【"-"】
2024-03-13 00:22:06 ok && -
2024-03-13 00:22:09 CHB 1698366?1710260526 第 1 次 等待 3 秒
2024-03-13 00:22:12 CHB 1698366?1710260526 第 1 次 获取到号码【1698366】GSD
2024-03-13 00:22:12 未获取到号码【1698366】GSD，可能号码格式错误
2024-03-13 00:22:12 获取到号码【1698366】的GSD为【-】
2024-03-13 00:22:16 GSD insert 第 1 次 等待 3 秒
2024-03-13 00:22:19 {"status":"bad","gid":"651136","msg":"添加失败！号码【1698366(-|-)】已存在！"}
2024-03-13 00:22:19 随机等待 181 秒，约 3 分钟
2024-03-13 00:22:19 下次操作: 2024-03-13 00:25:20

2024-03-13 00:25:20 开始第 8454 次操作

2024-03-13 00:25:20 开始操作号码 【1698367】
2024-03-13 00:25:29 GSD getOne 第 1 次 等待 3 秒
2024-03-13 00:25:32 查询号码 【1698367】，返回信息 {"status":"ok","msg":"-","gid":"651131","time_insert":"2023-04-13 07:54"}
2024-03-13 00:25:32 查询号码 【1698367】，GSD为【"-"】
2024-03-13 00:25:32 ok && -
2024-03-13 00:25:33 CHB 1698367?1710260732 第 1 次 等待 3 秒
2024-03-13 00:25:36 CHB 1698367?1710260732 第 1 次 获取到号码【1698367】GSD
2024-03-13 00:25:36 未获取到号码【1698367】GSD，可能号码格式错误
2024-03-13 00:25:36 获取到号码【1698367】的GSD为【-】
2024-03-13 00:25:41 GSD insert 第 1 次 等待 3 秒
2024-03-13 00:25:44 {"status":"bad","gid":"651131","msg":"添加失败！号码【1698367(-|-)】已存在！"}
2024-03-13 00:25:44 随机等待 173 秒，约 2 分钟
2024-03-13 00:25:44 下次操作: 2024-03-13 00:28:37

2024-03-13 00:28:37 开始第 8455 次操作

2024-03-13 00:28:37 开始操作号码 【1698368】
2024-03-13 00:28:41 GSD getOne 第 1 次 等待 3 秒
2024-03-13 00:28:44 查询号码 【1698368】，返回信息 {"status":"ok","msg":"-","gid":"651125","time_insert":"2023-04-13 07:51"}
2024-03-13 00:28:44 查询号码 【1698368】，GSD为【"-"】
2024-03-13 00:28:44 ok && -
2024-03-13 00:28:47 CHB 1698368?1710260924 第 1 次 等待 3 秒
2024-03-13 00:28:50 CHB 1698368?1710260924 第 1 次 获取到号码【1698368】GSD
2024-03-13 00:28:50 未获取到号码【1698368】GSD，可能号码格式错误
2024-03-13 00:28:50 获取到号码【1698368】的GSD为【-】
2024-03-13 00:28:54 GSD insert 第 1 次 等待 3 秒
2024-03-13 00:28:57 {"status":"bad","gid":"651125","msg":"添加失败！号码【1698368(-|-)】已存在！"}
2024-03-13 00:28:57 随机等待 98 秒，约 1 分钟
2024-03-13 00:28:57 下次操作: 2024-03-13 00:30:35

2024-03-13 00:30:35 开始第 8456 次操作

2024-03-13 00:30:35 开始操作号码 【1698369】
2024-03-13 00:30:40 GSD getOne 第 1 次 等待 3 秒
2024-03-13 00:30:43 查询号码 【1698369】，返回信息 {"status":"ok","msg":"-","gid":"651123","time_insert":"2023-04-13 07:50"}
2024-03-13 00:30:43 查询号码 【1698369】，GSD为【"-"】
2024-03-13 00:30:43 ok && -
2024-03-13 00:30:45 CHB 1698369?1710261043 第 1 次 等待 3 秒
2024-03-13 00:30:48 CHB 1698369?1710261043 第 1 次 获取到号码【1698369】GSD
2024-03-13 00:30:48 未获取到号码【1698369】GSD，可能号码格式错误
2024-03-13 00:30:48 获取到号码【1698369】的GSD为【-】
2024-03-13 00:30:53 GSD insert 第 1 次 等待 3 秒
2024-03-13 00:30:56 {"status":"bad","gid":"651123","msg":"添加失败！号码【1698369(-|-)】已存在！"}

