2023-10-14 00:21:48 开始第 2913 次操作

2023-10-14 00:21:48 开始操作号码 【1902879】
2023-10-14 00:21:51 GSD getOne 第 1 次 等待 3 秒
2023-10-14 00:21:54 查询号码 【1902879】，返回信息 {"status":"ok","msg":"云南-曲靖","gid":"573056","time_insert":"2023-03-06 07:02"}
2023-10-14 00:21:54 查询号码 【1902879】，GSD为【"云南-曲靖"】

2023-10-14 00:21:55 开始第 2914 次操作

2023-10-14 00:21:55 开始操作号码 【1902880】
2023-10-14 00:22:06 GSD getOne 第 1 次 等待 3 秒
2023-10-14 00:22:09 查询号码 【1902880】，返回信息 {"status":"ok","msg":"广东-深圳","gid":"573072","time_insert":"2023-03-06 07:14"}
2023-10-14 00:22:09 查询号码 【1902880】，GSD为【"广东-深圳"】

2023-10-14 00:22:10 开始第 2915 次操作

2023-10-14 00:22:10 开始操作号码 【1902881】
2023-10-14 00:22:16 GSD getOne 第 1 次 等待 3 秒
2023-10-14 00:22:19 查询号码 【1902881】，返回信息 {"status":"ok","msg":"-","gid":"573108","time_insert":"2023-03-06 07:36"}
2023-10-14 00:22:19 查询号码 【1902881】，GSD为【"-"】
2023-10-14 00:22:19 ok && -
2023-10-14 00:22:21 CHB 1902881?1697214139 第 1 次 等待 3 秒
2023-10-14 00:22:24 CHB 1902881?1697214139 第 1 次 获取到号码【1902881】GSD
2023-10-14 00:22:24 未获取到号码【1902881】GSD，可能号码格式错误
2023-10-14 00:22:24 获取到号码【1902881】的GSD为【-】
2023-10-14 00:22:33 GSD insert 第 1 次 等待 3 秒
2023-10-14 00:22:36 {"status":"bad","gid":"573108","msg":"添加失败！号码【1902881(-|-)】已存在！"}
2023-10-14 00:22:36 随机等待 229 秒，约 3 分钟
2023-10-14 00:22:36 下次操作: 2023-10-14 00:26:25

2023-10-14 00:26:25 开始第 2916 次操作

2023-10-14 00:26:25 开始操作号码 【1902882】
2023-10-14 00:26:29 GSD getOne 第 1 次 等待 3 秒
2023-10-14 00:26:32 查询号码 【1902882】，返回信息 {"status":"ok","msg":"-","gid":"573130","time_insert":"2023-03-06 07:48"}
2023-10-14 00:26:32 查询号码 【1902882】，GSD为【"-"】
2023-10-14 00:26:32 ok && -
2023-10-14 00:26:39 CHB 1902882?1697214392 第 1 次 等待 3 秒
2023-10-14 00:26:42 CHB 1902882?1697214392 第 1 次 获取到号码【1902882】GSD
2023-10-14 00:26:42 未获取到号码【1902882】GSD，可能号码格式错误
2023-10-14 00:26:42 获取到号码【1902882】的GSD为【-】
2023-10-14 00:26:48 GSD insert 第 1 次 等待 3 秒
2023-10-14 00:26:51 {"status":"bad","gid":"573130","msg":"添加失败！号码【1902882(-|-)】已存在！"}

2023-10-14 00:40:00 开始第 2917 次操作

2023-10-14 00:40:00 开始操作号码 【1902883】
2023-10-14 00:40:03 GSD getOne 第 1 次 等待 3 秒
2023-10-14 00:40:06 查询号码 【1902883】，返回信息 {"status":"ok","msg":"-","gid":"573152","time_insert":"2023-03-06 08:02"}
2023-10-14 00:40:06 查询号码 【1902883】，GSD为【"-"】
2023-10-14 00:40:06 ok && -
2023-10-14 00:40:12 CHB 1902883?1697215206 第 1 次 等待 3 秒
2023-10-14 00:40:15 CHB 1902883?1697215206 第 1 次 获取到号码【1902883】GSD
2023-10-14 00:40:15 未获取到号码【1902883】GSD，可能号码格式错误
2023-10-14 00:40:15 获取到号码【1902883】的GSD为【-】
2023-10-14 00:40:18 GSD insert 第 1 次 等待 3 秒
2023-10-14 00:40:21 {"status":"bad","gid":"573152","msg":"添加失败！号码【1902883(-|-)】已存在！"}
2023-10-14 00:40:21 随机等待 193 秒，约 3 分钟
2023-10-14 00:40:21 下次操作: 2023-10-14 00:43:34

2023-10-14 00:43:34 开始第 2918 次操作

2023-10-14 00:43:34 开始操作号码 【1902884】
2023-10-14 00:43:36 GSD getOne 第 1 次 等待 3 秒
2023-10-14 00:43:39 查询号码 【1902884】，返回信息 {"status":"ok","msg":"-","gid":"573173","time_insert":"2023-03-06 08:20"}
2023-10-14 00:43:39 查询号码 【1902884】，GSD为【"-"】
2023-10-14 00:43:39 ok && -
2023-10-14 00:43:41 CHB 1902884?1697215419 第 1 次 等待 3 秒
2023-10-14 00:43:44 CHB 1902884?1697215419 第 1 次 获取到号码【1902884】GSD
2023-10-14 00:43:44 未获取到号码【1902884】GSD，可能号码格式错误
2023-10-14 00:43:44 获取到号码【1902884】的GSD为【-】
2023-10-14 00:43:46 GSD insert 第 1 次 等待 3 秒
2023-10-14 00:43:49 {"status":"bad","gid":"573173","msg":"添加失败！号码【1902884(-|-)】已存在！"}
2023-10-14 00:43:49 随机等待 102 秒，约 1 分钟
2023-10-14 00:43:49 下次操作: 2023-10-14 00:45:31

2023-10-14 00:45:31 开始第 2919 次操作

2023-10-14 00:45:31 开始操作号码 【1902885】
2023-10-14 00:45:38 GSD getOne 第 1 次 等待 3 秒
2023-10-14 00:45:41 查询号码 【1902885】，返回信息 {"status":"ok","msg":"-","gid":"573187","time_insert":"2023-03-06 08:35"}
2023-10-14 00:45:41 查询号码 【1902885】，GSD为【"-"】
2023-10-14 00:45:41 ok && -
2023-10-14 00:45:44 CHB 1902885?1697215541 第 1 次 等待 3 秒
2023-10-14 00:45:47 CHB 1902885?1697215541 第 1 次 获取到号码【1902885】GSD
2023-10-14 00:45:47 未获取到号码【1902885】GSD，可能号码格式错误
2023-10-14 00:45:47 获取到号码【1902885】的GSD为【-】
2023-10-14 00:45:49 GSD insert 第 1 次 等待 3 秒
2023-10-14 00:45:52 {"status":"bad","gid":"573187","msg":"添加失败！号码【1902885(-|-)】已存在！"}
2023-10-14 00:45:52 随机等待 113 秒，约 1 分钟
2023-10-14 00:45:52 下次操作: 2023-10-14 00:47:45

2023-10-14 00:47:45 开始第 2920 次操作

2023-10-14 00:47:45 开始操作号码 【1902886】
2023-10-14 00:47:50 GSD getOne 第 1 次 等待 3 秒
2023-10-14 00:47:53 查询号码 【1902886】，返回信息 {"status":"ok","msg":"-","gid":"573202","time_insert":"2023-03-06 08:46"}
2023-10-14 00:47:53 查询号码 【1902886】，GSD为【"-"】
2023-10-14 00:47:53 ok && -
2023-10-14 00:47:55 CHB 1902886?1697215673 第 1 次 等待 3 秒
2023-10-14 00:47:58 CHB 1902886?1697215673 第 1 次 获取到号码【1902886】GSD
2023-10-14 00:47:58 未获取到号码【1902886】GSD，可能号码格式错误
2023-10-14 00:47:58 获取到号码【1902886】的GSD为【-】
2023-10-14 00:48:00 GSD insert 第 1 次 等待 3 秒
2023-10-14 00:48:03 {"status":"bad","gid":"573202","msg":"添加失败！号码【1902886(-|-)】已存在！"}

