2024-02-19 00:20:29 开始第 4417 次操作

2024-02-19 00:20:29 开始操作号码 【1694330】
2024-02-19 00:20:34 GSD getOne 第 1 次 等待 3 秒
2024-02-19 00:20:37 查询号码 【1694330】，返回信息 {"status":"ok","msg":"-","gid":"662388","time_insert":"2023-04-18 15:05"}
2024-02-19 00:20:37 查询号码 【1694330】，GSD为【"-"】
2024-02-19 00:20:37 ok && -
2024-02-19 00:20:39 CHB 1694330?1708273237 第 1 次 等待 3 秒
2024-02-19 00:20:42 CHB 1694330?1708273237 第 1 次 获取到号码【1694330】GSD
2024-02-19 00:20:42 未获取到号码【1694330】GSD，可能号码格式错误
2024-02-19 00:20:42 获取到号码【1694330】的GSD为【-】
2024-02-19 00:20:46 GSD insert 第 1 次 等待 3 秒
2024-02-19 00:20:49 {"status":"bad","gid":"662388","msg":"添加失败！号码【1694330(-|-)】已存在！"}
2024-02-19 00:20:49 随机等待 230 秒，约 3 分钟
2024-02-19 00:20:49 下次操作: 2024-02-19 00:24:39

2024-02-19 00:24:39 开始第 4418 次操作

2024-02-19 00:24:39 开始操作号码 【1694331】
2024-02-19 00:24:44 GSD getOne 第 1 次 等待 3 秒
2024-02-19 00:24:47 查询号码 【1694331】，返回信息 {"status":"ok","msg":"-","gid":"662411","time_insert":"2023-04-18 15:22"}
2024-02-19 00:24:47 查询号码 【1694331】，GSD为【"-"】
2024-02-19 00:24:47 ok && -
2024-02-19 00:24:50 CHB 1694331?1708273487 第 1 次 等待 3 秒
2024-02-19 00:24:53 CHB 1694331?1708273487 第 1 次 获取到号码【1694331】GSD
2024-02-19 00:24:53 未获取到号码【1694331】GSD，可能号码格式错误
2024-02-19 00:24:53 获取到号码【1694331】的GSD为【-】
2024-02-19 00:24:57 GSD insert 第 1 次 等待 3 秒
2024-02-19 00:25:00 {"status":"bad","gid":"662411","msg":"添加失败！号码【1694331(-|-)】已存在！"}
2024-02-19 00:25:00 随机等待 131 秒，约 2 分钟
2024-02-19 00:25:00 下次操作: 2024-02-19 00:27:11

2024-02-19 00:27:11 开始第 4419 次操作

2024-02-19 00:27:11 开始操作号码 【1694332】
2024-02-19 00:27:15 GSD getOne 第 1 次 等待 3 秒
2024-02-19 00:27:18 查询号码 【1694332】，返回信息 {"status":"ok","msg":"-","gid":"662441","time_insert":"2023-04-18 15:38"}
2024-02-19 00:27:18 查询号码 【1694332】，GSD为【"-"】
2024-02-19 00:27:18 ok && -
2024-02-19 00:27:20 CHB 1694332?1708273638 第 1 次 等待 3 秒
2024-02-19 00:27:23 CHB 1694332?1708273638 第 1 次 获取到号码【1694332】GSD
2024-02-19 00:27:23 未获取到号码【1694332】GSD，可能号码格式错误
2024-02-19 00:27:23 获取到号码【1694332】的GSD为【-】
2024-02-19 00:27:27 GSD insert 第 1 次 等待 3 秒
2024-02-19 00:27:30 {"status":"bad","gid":"662441","msg":"添加失败！号码【1694332(-|-)】已存在！"}
2024-02-19 00:27:30 随机等待 171 秒，约 2 分钟
2024-02-19 00:27:30 下次操作: 2024-02-19 00:30:21

2024-02-19 00:30:21 开始第 4420 次操作

2024-02-19 00:30:21 开始操作号码 【1694333】
2024-02-19 00:30:26 GSD getOne 第 1 次 等待 3 秒
2024-02-19 00:30:29 查询号码 【1694333】，返回信息 {"status":"ok","msg":"-","gid":"662470","time_insert":"2023-04-18 15:56"}
2024-02-19 00:30:29 查询号码 【1694333】，GSD为【"-"】
2024-02-19 00:30:29 ok && -
2024-02-19 00:30:32 CHB 1694333?1708273829 第 1 次 等待 3 秒
2024-02-19 00:30:35 CHB 1694333?1708273829 第 1 次 获取到号码【1694333】GSD
2024-02-19 00:30:35 未获取到号码【1694333】GSD，可能号码格式错误
2024-02-19 00:30:35 获取到号码【1694333】的GSD为【-】
2024-02-19 00:30:40 GSD insert 第 1 次 等待 3 秒
2024-02-19 00:30:43 {"status":"bad","gid":"662470","msg":"添加失败！号码【1694333(-|-)】已存在！"}

2024-02-19 00:38:12 开始第 4421 次操作

2024-02-19 00:38:12 开始操作号码 【1694334】
2024-02-19 00:38:19 GSD getOne 第 1 次 等待 3 秒
2024-02-19 00:38:22 查询号码 【1694334】，返回信息 {"status":"ok","msg":"-","gid":"662486","time_insert":"2023-04-18 16:13"}
2024-02-19 00:38:22 查询号码 【1694334】，GSD为【"-"】
2024-02-19 00:38:22 ok && -
2024-02-19 00:38:24 CHB 1694334?1708274302 第 1 次 等待 3 秒
2024-02-19 00:38:27 CHB 1694334?1708274302 第 1 次 获取到号码【1694334】GSD
2024-02-19 00:38:27 未获取到号码【1694334】GSD，可能号码格式错误
2024-02-19 00:38:27 获取到号码【1694334】的GSD为【-】
2024-02-19 00:38:42 GSD insert 第 1 次 等待 3 秒
2024-02-19 00:38:45 {"status":"bad","gid":"662486","msg":"添加失败！号码【1694334(-|-)】已存在！"}
2024-02-19 00:38:45 随机等待 140 秒，约 2 分钟
2024-02-19 00:38:45 下次操作: 2024-02-19 00:41:05

2024-02-19 00:41:05 开始第 4422 次操作

2024-02-19 00:41:05 开始操作号码 【1694335】
2024-02-19 00:41:09 GSD getOne 第 1 次 等待 3 秒
2024-02-19 00:41:12 查询号码 【1694335】，返回信息 {"status":"ok","msg":"-","gid":"662513","time_insert":"2023-04-18 16:32"}
2024-02-19 00:41:12 查询号码 【1694335】，GSD为【"-"】
2024-02-19 00:41:12 ok && -
2024-02-19 00:41:14 CHB 1694335?1708274472 第 1 次 等待 3 秒
2024-02-19 00:41:17 CHB 1694335?1708274472 第 1 次 获取到号码【1694335】GSD
2024-02-19 00:41:17 未获取到号码【1694335】GSD，可能号码格式错误
2024-02-19 00:41:17 获取到号码【1694335】的GSD为【-】
2024-02-19 00:41:22 GSD insert 第 1 次 等待 3 秒
2024-02-19 00:41:25 {"status":"bad","gid":"662513","msg":"添加失败！号码【1694335(-|-)】已存在！"}
2024-02-19 00:41:25 随机等待 93 秒，约 1 分钟
2024-02-19 00:41:25 下次操作: 2024-02-19 00:42:58

2024-02-19 00:42:58 开始第 4423 次操作

2024-02-19 00:42:58 开始操作号码 【1694336】
2024-02-19 00:43:02 GSD getOne 第 1 次 等待 3 秒
2024-02-19 00:43:05 查询号码 【1694336】，返回信息 {"status":"ok","msg":"-","gid":"662545","time_insert":"2023-04-18 16:52"}
2024-02-19 00:43:06 查询号码 【1694336】，GSD为【"-"】
2024-02-19 00:43:06 ok && -
2024-02-19 00:43:08 CHB 1694336?1708274586 第 1 次 等待 3 秒
2024-02-19 00:43:11 CHB 1694336?1708274586 第 1 次 获取到号码【1694336】GSD
2024-02-19 00:43:11 未获取到号码【1694336】GSD，可能号码格式错误
2024-02-19 00:43:11 获取到号码【1694336】的GSD为【-】
2024-02-19 00:43:18 GSD insert 第 1 次 等待 3 秒
2024-02-19 00:43:21 {"status":"bad","gid":"662545","msg":"添加失败！号码【1694336(-|-)】已存在！"}
2024-02-19 00:43:21 随机等待 74 秒，约 1 分钟
2024-02-19 00:43:21 下次操作: 2024-02-19 00:44:35

2024-02-19 00:44:35 开始第 4424 次操作

2024-02-19 00:44:35 开始操作号码 【1694337】
2024-02-19 00:44:39 GSD getOne 第 1 次 等待 3 秒
2024-02-19 00:44:42 查询号码 【1694337】，返回信息 {"status":"ok","msg":"-","gid":"662566","time_insert":"2023-04-18 17:08"}
2024-02-19 00:44:43 查询号码 【1694337】，GSD为【"-"】
2024-02-19 00:44:43 ok && -
2024-02-19 00:44:44 CHB 1694337?1708274683 第 1 次 等待 3 秒
2024-02-19 00:44:47 CHB 1694337?1708274683 第 1 次 获取到号码【1694337】GSD
2024-02-19 00:44:47 未获取到号码【1694337】GSD，可能号码格式错误
2024-02-19 00:44:47 获取到号码【1694337】的GSD为【-】
2024-02-19 00:44:52 GSD insert 第 1 次 等待 3 秒
2024-02-19 00:44:55 {"status":"bad","gid":"662566","msg":"添加失败！号码【1694337(-|-)】已存在！"}

