2024-02-01 00:19:51 开始第 1205 次操作

2024-02-01 00:19:51 开始操作号码 【1691120】
2024-02-01 00:19:56 GSD getOne 第 1 次 等待 3 秒
2024-02-01 00:19:59 查询号码 【1691120】，返回信息 {"status":"ok","msg":"-","gid":"563202","time_insert":"2023-03-01 16:27"}
2024-02-01 00:19:59 查询号码 【1691120】，GSD为【"-"】
2024-02-01 00:19:59 ok && -
2024-02-01 00:20:02 CHB 1691120?1706717999 第 1 次 等待 3 秒
2024-02-01 00:20:05 CHB 1691120?1706717999 第 1 次 获取到号码【1691120】GSD
2024-02-01 00:20:05 未获取到号码【1691120】GSD，可能号码格式错误
2024-02-01 00:20:05 获取到号码【1691120】的GSD为【-】
2024-02-01 00:20:12 GSD insert 第 1 次 等待 3 秒
2024-02-01 00:20:15 {"status":"bad","gid":"563202","msg":"添加失败！号码【1691120(-|-)】已存在！"}
2024-02-01 00:20:15 随机等待 82 秒，约 1 分钟
2024-02-01 00:20:15 下次操作: 2024-02-01 00:21:37

2024-02-01 00:21:37 开始第 1206 次操作

2024-02-01 00:21:37 开始操作号码 【1691121】
2024-02-01 00:21:41 GSD getOne 第 1 次 等待 3 秒
2024-02-01 00:21:44 查询号码 【1691121】，返回信息 {"status":"ok","msg":"-","gid":"563226","time_insert":"2023-03-01 16:42"}
2024-02-01 00:21:45 查询号码 【1691121】，GSD为【"-"】
2024-02-01 00:21:45 ok && -
2024-02-01 00:21:47 CHB 1691121?1706718105 第 1 次 等待 3 秒
2024-02-01 00:21:50 CHB 1691121?1706718105 第 1 次 获取到号码【1691121】GSD
2024-02-01 00:21:50 未获取到号码【1691121】GSD，可能号码格式错误
2024-02-01 00:21:50 获取到号码【1691121】的GSD为【-】
2024-02-01 00:21:54 GSD insert 第 1 次 等待 3 秒
2024-02-01 00:21:57 {"status":"bad","gid":"563226","msg":"添加失败！号码【1691121(-|-)】已存在！"}
2024-02-01 00:21:57 随机等待 104 秒，约 1 分钟
2024-02-01 00:21:57 下次操作: 2024-02-01 00:23:41

2024-02-01 00:23:41 开始第 1207 次操作

2024-02-01 00:23:41 开始操作号码 【1691122】
2024-02-01 00:23:45 GSD getOne 第 1 次 等待 3 秒
2024-02-01 00:23:48 查询号码 【1691122】，返回信息 {"status":"ok","msg":"-","gid":"563255","time_insert":"2023-03-01 17:02"}
2024-02-01 00:23:48 查询号码 【1691122】，GSD为【"-"】
2024-02-01 00:23:48 ok && -
2024-02-01 00:23:55 CHB 1691122?1706718228 第 1 次 等待 3 秒
2024-02-01 00:23:58 CHB 1691122?1706718228 第 1 次 获取到号码【1691122】GSD
2024-02-01 00:23:58 未获取到号码【1691122】GSD，可能号码格式错误
2024-02-01 00:23:58 获取到号码【1691122】的GSD为【-】
2024-02-01 00:24:02 GSD insert 第 1 次 等待 3 秒
2024-02-01 00:24:05 {"status":"bad","gid":"563255","msg":"添加失败！号码【1691122(-|-)】已存在！"}
2024-02-01 00:24:05 随机等待 90 秒，约 1 分钟
2024-02-01 00:24:05 下次操作: 2024-02-01 00:25:35

2024-02-01 00:25:35 开始第 1208 次操作

2024-02-01 00:25:35 开始操作号码 【1691123】
2024-02-01 00:25:39 GSD getOne 第 1 次 等待 3 秒
2024-02-01 00:25:42 查询号码 【1691123】，返回信息 {"status":"ok","msg":"-","gid":"563281","time_insert":"2023-03-01 17:18"}
2024-02-01 00:25:42 查询号码 【1691123】，GSD为【"-"】
2024-02-01 00:25:42 ok && -
2024-02-01 00:25:45 CHB 1691123?1706718342 第 1 次 等待 3 秒
2024-02-01 00:25:48 CHB 1691123?1706718342 第 1 次 获取到号码【1691123】GSD
2024-02-01 00:25:48 未获取到号码【1691123】GSD，可能号码格式错误
2024-02-01 00:25:48 获取到号码【1691123】的GSD为【-】
2024-02-01 00:25:54 GSD insert 第 1 次 等待 3 秒
2024-02-01 00:25:57 {"status":"bad","gid":"563281","msg":"添加失败！号码【1691123(-|-)】已存在！"}

