2021-07-28 00:00:04 开始第 20 次操作

2021-07-28 00:00:04 开始操作号码 【1879131】
2021-07-28 00:00:23 GSD getOne 第 1 次 等待 3 秒
2021-07-28 00:00:26 查询号码 【1879131】，返回信息 {"status":"ok","msg":"陕西-渭南","gid":"43511","time_insert":"2018-07-06 08:53","time_update":"2020-12-09 20:44"}
2021-07-28 00:00:26 查询号码 【1879131】，GSD为【"陕西-渭南"】

2021-07-28 00:00:26 开始第 20 次操作

2021-07-28 00:00:26 开始操作号码 【1879130】
2021-07-28 00:00:47 GSD getOne 第 1 次 等待 3 秒
2021-07-28 00:00:50 查询号码 【1879130】，返回信息 {"status":"bad","msg":""}
2021-07-28 00:00:51 查询号码 【1879130】，GSD为【""】
2021-07-28 00:00:51 bad
2021-07-28 00:00:52 CHB 1879130?1627401651 第 1 次 等待 3 秒
2021-07-28 00:00:55 CHB 1879130?1627401651 第 1 次 获取到号码【1879130】GSD
2021-07-28 00:00:55 获取到号码【1879130】的GSD为【陕西-渭南】
2021-07-28 00:01:13 GSD insert 第 1 次 等待 3 秒
2021-07-28 00:01:16 {"status":"ok","gid":418606,"msg":"添加成功！"}
2021-07-28 00:01:16 下次操作: 2021-07-28 00:01:29

2021-07-28 00:01:29 开始第 21 次操作

2021-07-28 00:01:29 开始操作号码 【1879129】
2021-07-28 00:01:33 GSD getOne 第 1 次 等待 3 秒
2021-07-28 00:01:36 查询号码 【1879129】，返回信息 {"status":"bad","msg":""}
2021-07-28 00:01:37 查询号码 【1879129】，GSD为【""】
2021-07-28 00:01:37 bad
2021-07-28 00:01:38 CHB 1879129?1627401697 第 1 次 等待 3 秒
2021-07-28 00:01:41 CHB 1879129?1627401697 第 1 次 获取到号码【1879129】GSD
2021-07-28 00:01:41 获取到号码【1879129】的GSD为【陕西-榆林】
2021-07-28 00:02:01 GSD insert 第 1 次 等待 3 秒
2021-07-28 00:02:04 {"status":"ok","gid":418618,"msg":"添加成功！"}
2021-07-28 00:02:04 下次操作: 2021-07-28 00:02:27

2021-07-28 00:02:27 开始第 22 次操作

2021-07-28 00:02:27 开始操作号码 【1879128】
2021-07-28 00:02:30 GSD getOne 第 1 次 等待 3 秒
2021-07-28 00:02:33 查询号码 【1879128】，返回信息 {"status":"bad","msg":""}
2021-07-28 00:02:33 查询号码 【1879128】，GSD为【""】
2021-07-28 00:02:33 bad
2021-07-28 00:02:35 CHB 1879128?1627401753 第 1 次 等待 3 秒
2021-07-28 00:02:38 CHB 1879128?1627401753 第 1 次 获取到号码【1879128】GSD
2021-07-28 00:02:38 获取到号码【1879128】的GSD为【陕西-榆林】
2021-07-28 00:02:56 GSD insert 第 1 次 等待 3 秒
2021-07-28 00:02:59 {"status":"ok","gid":418636,"msg":"添加成功！"}
2021-07-28 00:02:59 下次操作: 2021-07-28 00:03:11

2021-07-28 00:03:11 开始第 23 次操作

2021-07-28 00:03:11 开始操作号码 【1879127】
2021-07-28 00:03:21 GSD getOne 第 1 次 等待 3 秒
2021-07-28 00:03:24 查询号码 【1879127】，返回信息 {"status":"bad","msg":""}
2021-07-28 00:03:24 查询号码 【1879127】，GSD为【""】
2021-07-28 00:03:24 bad
2021-07-28 00:03:26 CHB 1879127?1627401804 第 1 次 等待 3 秒
2021-07-28 00:03:29 CHB 1879127?1627401804 第 1 次 获取到号码【1879127】GSD
2021-07-28 00:03:29 获取到号码【1879127】的GSD为【陕西-榆林】
2021-07-28 00:03:41 GSD insert 第 1 次 等待 3 秒
2021-07-28 00:03:44 {"status":"ok","gid":418645,"msg":"添加成功！"}
2021-07-28 00:03:44 下次操作: 2021-07-28 00:04:07

2021-07-28 00:04:07 开始第 24 次操作

2021-07-28 00:04:07 开始操作号码 【1879126】
2021-07-28 00:04:11 GSD getOne 第 1 次 等待 3 秒
2021-07-28 00:04:14 查询号码 【1879126】，返回信息 {"status":"bad","msg":""}
2021-07-28 00:04:14 查询号码 【1879126】，GSD为【""】
2021-07-28 00:04:14 bad
2021-07-28 00:04:15 CHB 1879126?1627401854 第 1 次 等待 3 秒
2021-07-28 00:04:18 CHB 1879126?1627401854 第 1 次 获取到号码【1879126】GSD
2021-07-28 00:04:18 获取到号码【1879126】的GSD为【陕西-榆林】
2021-07-28 00:04:38 GSD insert 第 1 次 等待 3 秒
2021-07-28 00:04:41 {"status":"ok","gid":418660,"msg":"添加成功！"}
2021-07-28 00:04:41 下次操作: 2021-07-28 00:04:53

2021-07-28 00:04:53 开始第 25 次操作

2021-07-28 00:04:53 开始操作号码 【1879125】
2021-07-28 00:05:00 GSD getOne 第 1 次 等待 3 秒
2021-07-28 00:05:03 查询号码 【1879125】，返回信息 {"status":"bad","msg":""}
2021-07-28 00:05:03 查询号码 【1879125】，GSD为【""】
2021-07-28 00:05:03 bad
2021-07-28 00:05:07 CHB 1879125?1627401903 第 1 次 等待 3 秒
2021-07-28 00:05:10 CHB 1879125?1627401903 第 1 次 获取到号码【1879125】GSD
2021-07-28 00:05:10 获取到号码【1879125】的GSD为【陕西-榆林】
2021-07-28 00:05:21 GSD insert 第 1 次 等待 3 秒
2021-07-28 00:05:24 {"status":"ok","gid":418670,"msg":"添加成功！"}
2021-07-28 00:05:24 下次操作: 2021-07-28 00:05:39

2021-07-28 00:05:39 开始第 26 次操作

2021-07-28 00:05:39 开始操作号码 【1879124】
2021-07-28 00:05:42 GSD getOne 第 1 次 等待 3 秒
2021-07-28 00:05:45 查询号码 【1879124】，返回信息 {"status":"bad","msg":""}
2021-07-28 00:05:45 查询号码 【1879124】，GSD为【""】
2021-07-28 00:05:45 bad
2021-07-28 00:05:54 CHB 1879124?1627401945 第 1 次 等待 3 秒
2021-07-28 00:05:57 CHB 1879124?1627401945 第 1 次 获取到号码【1879124】GSD
2021-07-28 00:05:57 获取到号码【1879124】的GSD为【陕西-榆林】
2021-07-28 00:06:00 GSD insert 第 1 次 等待 3 秒
2021-07-28 00:06:03 {"status":"ok","gid":418680,"msg":"添加成功！"}
2021-07-28 00:06:03 下次操作: 2021-07-28 00:06:19

2021-07-28 00:06:19 开始第 27 次操作

2021-07-28 00:06:19 开始操作号码 【1879123】
2021-07-28 00:06:23 GSD getOne 第 1 次 等待 3 秒
2021-07-28 00:06:26 查询号码 【1879123】，返回信息 {"status":"bad","msg":""}
2021-07-28 00:06:26 查询号码 【1879123】，GSD为【""】
2021-07-28 00:06:26 bad
2021-07-28 00:06:28 CHB 1879123?1627401986 第 1 次 等待 3 秒
2021-07-28 00:06:31 CHB 1879123?1627401986 第 1 次 获取到号码【1879123】GSD
2021-07-28 00:06:31 获取到号码【1879123】的GSD为【陕西-榆林】
2021-07-28 00:06:49 GSD insert 第 1 次 等待 3 秒
2021-07-28 00:06:52 {"status":"ok","gid":418694,"msg":"添加成功！"}
2021-07-28 00:06:52 下次操作: 2021-07-28 00:07:16

2021-07-28 00:07:16 开始第 28 次操作

2021-07-28 00:07:16 开始操作号码 【1879122】
2021-07-28 00:07:26 GSD getOne 第 1 次 等待 3 秒
2021-07-28 00:07:29 查询号码 【1879122】，返回信息 {"status":"bad","msg":""}
2021-07-28 00:07:29 查询号码 【1879122】，GSD为【""】
2021-07-28 00:07:29 bad
2021-07-28 00:07:36 CHB 1879122?1627402049 第 1 次 等待 3 秒
2021-07-28 00:07:39 CHB 1879122?1627402049 第 1 次 获取到号码【1879122】GSD
2021-07-28 00:07:39 获取到号码【1879122】的GSD为【陕西-榆林】
2021-07-28 00:07:45 GSD insert 第 1 次 等待 3 秒
2021-07-28 00:07:48 {"status":"ok","gid":418705,"msg":"添加成功！"}
2021-07-28 00:07:48 下次操作: 2021-07-28 00:08:06

2021-07-28 00:08:06 开始第 29 次操作

2021-07-28 00:08:06 开始操作号码 【1879121】
2021-07-28 00:08:08 GSD getOne 第 1 次 等待 3 秒
2021-07-28 00:08:11 查询号码 【1879121】，返回信息 {"status":"bad","msg":""}
2021-07-28 00:08:11 查询号码 【1879121】，GSD为【""】
2021-07-28 00:08:11 bad
2021-07-28 00:08:17 CHB 1879121?1627402091 第 1 次 等待 3 秒
2021-07-28 00:08:20 CHB 1879121?1627402091 第 1 次 获取到号码【1879121】GSD
2021-07-28 00:08:20 获取到号码【1879121】的GSD为【陕西-榆林】
2021-07-28 00:08:31 GSD insert 第 1 次 等待 3 秒
2021-07-28 00:08:34 {"status":"ok","gid":418718,"msg":"添加成功！"}
2021-07-28 00:08:34 下次操作: 2021-07-28 00:08:58

2021-07-28 00:08:58 开始第 30 次操作

2021-07-28 00:08:58 开始操作号码 【1879120】
2021-07-28 00:09:02 GSD getOne 第 1 次 等待 3 秒
2021-07-28 00:09:05 查询号码 【1879120】，返回信息 {"status":"bad","msg":""}
2021-07-28 00:09:05 查询号码 【1879120】，GSD为【""】
2021-07-28 00:09:05 bad
2021-07-28 00:09:11 CHB 1879120?1627402145 第 1 次 等待 3 秒
2021-07-28 00:09:14 CHB 1879120?1627402145 第 1 次 获取到号码【1879120】GSD
2021-07-28 00:09:14 获取到号码【1879120】的GSD为【陕西-榆林】
2021-07-28 00:09:25 GSD insert 第 1 次 等待 3 秒
2021-07-28 00:09:28 {"status":"ok","gid":418732,"msg":"添加成功！"}
2021-07-28 00:09:28 下次操作: 2021-07-28 00:09:51

2021-07-28 00:09:51 开始第 31 次操作

2021-07-28 00:09:51 开始操作号码 【1879119】
2021-07-28 00:09:55 GSD getOne 第 1 次 等待 3 秒
2021-07-28 00:09:58 查询号码 【1879119】，返回信息 {"status":"bad","msg":""}
2021-07-28 00:09:58 查询号码 【1879119】，GSD为【""】
2021-07-28 00:09:58 bad
2021-07-28 00:10:01 CHB 1879119?1627402198 第 1 次 等待 3 秒
2021-07-28 00:10:04 CHB 1879119?1627402198 第 1 次 获取到号码【1879119】GSD
2021-07-28 00:10:04 获取到号码【1879119】的GSD为【陕西-铜川】
2021-07-28 00:10:17 GSD insert 第 1 次 等待 3 秒
2021-07-28 00:10:20 {"status":"ok","gid":418744,"msg":"添加成功！"}
2021-07-28 00:10:20 下次操作: 2021-07-28 00:10:44

2021-07-28 00:10:44 开始第 32 次操作

2021-07-28 00:10:44 开始操作号码 【1879118】
2021-07-28 00:10:48 GSD getOne 第 1 次 等待 3 秒
2021-07-28 00:10:51 查询号码 【1879118】，返回信息 {"status":"bad","msg":""}
2021-07-28 00:10:51 查询号码 【1879118】，GSD为【""】
2021-07-28 00:10:51 bad
2021-07-28 00:10:53 CHB 1879118?1627402251 第 1 次 等待 3 秒
2021-07-28 00:10:56 CHB 1879118?1627402251 第 1 次 获取到号码【1879118】GSD
2021-07-28 00:10:56 获取到号码【1879118】的GSD为【陕西-商洛】
2021-07-28 00:11:19 GSD insert 第 1 次 等待 3 秒
2021-07-28 00:11:22 {"status":"ok","gid":418758,"msg":"添加成功！"}
2021-07-28 00:11:22 下次操作: 2021-07-28 00:11:46

2021-07-28 00:11:46 开始第 33 次操作

2021-07-28 00:11:46 开始操作号码 【1879117】
2021-07-28 00:11:50 GSD getOne 第 1 次 等待 3 秒
2021-07-28 00:11:53 查询号码 【1879117】，返回信息 {"status":"bad","msg":""}
2021-07-28 00:11:53 查询号码 【1879117】，GSD为【""】
2021-07-28 00:11:53 bad
2021-07-28 00:11:55 CHB 1879117?1627402313 第 1 次 等待 3 秒
2021-07-28 00:11:58 CHB 1879117?1627402313 第 1 次 获取到号码【1879117】GSD
2021-07-28 00:11:58 获取到号码【1879117】的GSD为【陕西-宝鸡】
2021-07-28 00:12:16 GSD insert 第 1 次 等待 3 秒
2021-07-28 00:12:19 {"status":"ok","gid":418774,"msg":"添加成功！"}
2021-07-28 00:12:19 下次操作: 2021-07-28 00:12:34

2021-07-28 00:12:34 开始第 34 次操作

2021-07-28 00:12:34 开始操作号码 【1879116】
2021-07-28 00:12:37 GSD getOne 第 1 次 等待 3 秒
2021-07-28 00:12:40 查询号码 【1879116】，返回信息 {"status":"bad","msg":""}
2021-07-28 00:12:40 查询号码 【1879116】，GSD为【""】
2021-07-28 00:12:40 bad
2021-07-28 00:12:45 CHB 1879116?1627402360 第 1 次 等待 3 秒
2021-07-28 00:12:48 CHB 1879116?1627402360 第 1 次 获取到号码【1879116】GSD
2021-07-28 00:12:49 获取到号码【1879116】的GSD为【陕西-汉中】
2021-07-28 00:13:00 GSD insert 第 1 次 等待 3 秒
2021-07-28 00:13:03 {"status":"ok","gid":418784,"msg":"添加成功！"}
2021-07-28 00:13:03 下次操作: 2021-07-28 00:13:20

2021-07-28 00:13:20 开始第 35 次操作

2021-07-28 00:13:20 开始操作号码 【1879115】
2021-07-28 00:13:23 GSD getOne 第 1 次 等待 3 秒
2021-07-28 00:13:26 查询号码 【1879115】，返回信息 {"status":"ok","msg":"陕西-商洛","gid":"66713","time_insert":"2021-05-24 14:36","time_update":"2021-06-20 03:50"}
2021-07-28 00:13:26 查询号码 【1879115】，GSD为【"陕西-商洛"】

2021-07-28 00:13:26 开始第 35 次操作

2021-07-28 00:13:26 开始操作号码 【1879114】
2021-07-28 00:13:44 GSD getOne 第 1 次 等待 3 秒
2021-07-28 00:13:47 查询号码 【1879114】，返回信息 {"status":"bad","msg":""}
2021-07-28 00:13:47 查询号码 【1879114】，GSD为【""】
2021-07-28 00:13:47 bad
2021-07-28 00:13:49 CHB 1879114?1627402427 第 1 次 等待 3 秒
2021-07-28 00:13:52 CHB 1879114?1627402427 第 1 次 获取到号码【1879114】GSD
2021-07-28 00:13:52 获取到号码【1879114】的GSD为【陕西-延安】
2021-07-28 00:14:12 GSD insert 第 1 次 等待 3 秒
2021-07-28 00:14:15 {"status":"ok","gid":418803,"msg":"添加成功！"}
2021-07-28 00:14:15 下次操作: 2021-07-28 00:14:31

2021-07-28 00:14:31 开始第 36 次操作

2021-07-28 00:14:31 开始操作号码 【1879113】
2021-07-28 00:14:37 GSD getOne 第 1 次 等待 3 秒
2021-07-28 00:14:40 查询号码 【1879113】，返回信息 {"status":"ok","msg":"陕西-延安","gid":"43510","time_insert":"2017-03-07 08:09","time_update":"2020-12-09 20:48"}
2021-07-28 00:14:40 查询号码 【1879113】，GSD为【"陕西-延安"】

2021-07-28 00:14:40 开始第 36 次操作

2021-07-28 00:14:40 开始操作号码 【1879112】
2021-07-28 00:14:58 GSD getOne 第 1 次 等待 3 秒
2021-07-28 00:15:01 查询号码 【1879112】，返回信息 {"status":"bad","msg":""}
2021-07-28 00:15:01 查询号码 【1879112】，GSD为【""】
2021-07-28 00:15:01 bad
2021-07-28 00:15:03 CHB 1879112?1627402501 第 1 次 等待 3 秒
2021-07-28 00:15:06 CHB 1879112?1627402501 第 1 次 获取到号码【1879112】GSD
2021-07-28 00:15:06 获取到号码【1879112】的GSD为【陕西-延安】
2021-07-28 00:15:32 GSD insert 第 1 次 等待 3 秒
2021-07-28 00:15:35 {"status":"ok","gid":418811,"msg":"添加成功！"}
2021-07-28 00:15:35 下次操作: 2021-07-28 00:15:49

2021-07-28 00:15:49 开始第 37 次操作

2021-07-28 00:15:49 开始操作号码 【1879111】
2021-07-28 00:15:53 GSD getOne 第 1 次 等待 3 秒
2021-07-28 00:15:56 查询号码 【1879111】，返回信息 {"status":"bad","msg":""}
2021-07-28 00:15:56 查询号码 【1879111】，GSD为【""】
2021-07-28 00:15:56 bad
2021-07-28 00:15:58 CHB 1879111?1627402556 第 1 次 等待 3 秒
2021-07-28 00:16:01 CHB 1879111?1627402556 第 1 次 获取到号码【1879111】GSD
2021-07-28 00:16:01 获取到号码【1879111】的GSD为【陕西-延安】
2021-07-28 00:16:31 GSD insert 第 1 次 等待 3 秒
2021-07-28 00:16:34 {"status":"ok","gid":418823,"msg":"添加成功！"}
2021-07-28 00:16:34 下次操作: 2021-07-28 00:16:47

2021-07-28 00:16:47 开始第 38 次操作

2021-07-28 00:16:47 开始操作号码 【1879110】
2021-07-28 00:16:53 GSD getOne 第 1 次 等待 3 秒
2021-07-28 00:16:56 查询号码 【1879110】，返回信息 {"status":"bad","msg":""}
2021-07-28 00:16:56 查询号码 【1879110】，GSD为【""】
2021-07-28 00:16:56 bad
2021-07-28 00:17:02 CHB 1879110?1627402616 第 1 次 等待 3 秒
2021-07-28 00:17:05 CHB 1879110?1627402616 第 1 次 获取到号码【1879110】GSD
2021-07-28 00:17:05 获取到号码【1879110】的GSD为【陕西-延安】
2021-07-28 00:17:13 GSD insert 第 1 次 等待 3 秒
2021-07-28 00:17:16 {"status":"ok","gid":418830,"msg":"添加成功！"}
2021-07-28 00:17:16 下次操作: 2021-07-28 00:17:30

2021-07-28 00:17:30 开始第 39 次操作

2021-07-28 00:17:30 开始操作号码 【1879109】
2021-07-28 00:17:34 GSD getOne 第 1 次 等待 3 秒
2021-07-28 00:17:37 查询号码 【1879109】，返回信息 {"status":"bad","msg":""}
2021-07-28 00:17:37 查询号码 【1879109】，GSD为【""】
2021-07-28 00:17:37 bad
2021-07-28 00:17:39 CHB 1879109?1627402657 第 1 次 等待 3 秒
2021-07-28 00:17:42 CHB 1879109?1627402657 第 1 次 获取到号码【1879109】GSD
2021-07-28 00:17:42 获取到号码【1879109】的GSD为【陕西-咸阳】
2021-07-28 00:18:00 GSD insert 第 1 次 等待 3 秒
2021-07-28 00:18:03 {"status":"ok","gid":418840,"msg":"添加成功！"}
2021-07-28 00:18:03 下次操作: 2021-07-28 00:18:26

2021-07-28 00:18:26 开始第 40 次操作

2021-07-28 00:18:26 开始操作号码 【1879108】
2021-07-28 00:18:33 GSD getOne 第 1 次 等待 3 秒
2021-07-28 00:18:36 查询号码 【1879108】，返回信息 {"status":"bad","msg":""}
2021-07-28 00:18:36 查询号码 【1879108】，GSD为【""】
2021-07-28 00:18:36 bad
2021-07-28 00:18:39 CHB 1879108?1627402716 第 1 次 等待 3 秒
2021-07-28 00:18:42 CHB 1879108?1627402716 第 1 次 获取到号码【1879108】GSD
2021-07-28 00:18:42 获取到号码【1879108】的GSD为【陕西-咸阳】
2021-07-28 00:18:56 GSD insert 第 1 次 等待 3 秒
2021-07-28 00:18:59 {"status":"ok","gid":418850,"msg":"添加成功！"}

