2024-04-21 00:21:00 开始第 4597 次操作

2024-04-21 00:21:00 开始操作号码 【1584510】
2024-04-21 00:22:05 GSD getOne 第 1 次 等待 3 秒
2024-04-21 00:22:08 查询号码 【1584510】，返回信息 {"status":"ok","msg":"黑龙江-哈尔滨","gid":"330417","time_insert":"2021-07-19 22:35"}
2024-04-21 00:22:08 查询号码 【1584510】，GSD为【"黑龙江-哈尔滨"】

2024-04-21 00:22:09 开始第 4598 次操作

2024-04-21 00:22:09 开始操作号码 【1584511】
2024-04-21 00:23:12 GSD getOne 第 1 次 等待 3 秒
2024-04-21 00:23:15 查询号码 【1584511】，返回信息 {"status":"ok","msg":"黑龙江-哈尔滨","gid":"330498","time_insert":"2021-07-19 22:46"}
2024-04-21 00:23:15 查询号码 【1584511】，GSD为【"黑龙江-哈尔滨"】

2024-04-21 00:23:16 开始第 4599 次操作

2024-04-21 00:23:16 开始操作号码 【1584512】
2024-04-21 00:24:27 GSD getOne 第 1 次 等待 3 秒
2024-04-21 00:24:30 查询号码 【1584512】，返回信息 {"status":"ok","msg":"黑龙江-哈尔滨","gid":"330623","time_insert":"2021-07-19 22:56"}
2024-04-21 00:24:30 查询号码 【1584512】，GSD为【"黑龙江-哈尔滨"】

2024-04-21 00:24:31 开始第 4600 次操作

2024-04-21 00:24:31 开始操作号码 【1584513】
2024-04-21 00:24:40 GSD getOne 第 1 次 等待 3 秒
2024-04-21 00:24:43 查询号码 【1584513】，返回信息 {"status":"ok","msg":"黑龙江-哈尔滨","gid":"330752","time_insert":"2021-07-19 23:05"}
2024-04-21 00:24:43 查询号码 【1584513】，GSD为【"黑龙江-哈尔滨"】

