2021-07-18 00:00:03 开始第 21 次操作

2021-07-18 00:00:03 开始操作号码 【1359107】
2021-07-18 00:00:07 GSD getOne 第 1 次 等待 3 秒
2021-07-18 00:00:10 查询号码 【1359107】，返回信息 {"status":"bad","msg":""}
2021-07-18 00:00:10 查询号码 【1359107】，GSD为【""】
2021-07-18 00:00:10 bad
2021-07-18 00:00:13 CHB 1359107?1626537610 第 1 次 等待 3 秒
2021-07-18 00:00:16 CHB 1359107?1626537610 第 1 次 获取到号码【1359107】GSD
2021-07-18 00:00:16 获取到号码【1359107】的GSD为【辽宁-铁岭】
2021-07-18 00:00:36 GSD insert 第 1 次 等待 3 秒
2021-07-18 00:00:39 {"status":"ok","gid":308516,"msg":"添加成功！"}
2021-07-18 00:00:39 下次操作: 2021-07-18 00:01:02

2021-07-18 00:01:02 开始第 22 次操作

2021-07-18 00:01:02 开始操作号码 【1359106】
2021-07-18 00:01:07 GSD getOne 第 1 次 等待 3 秒
2021-07-18 00:01:10 查询号码 【1359106】，返回信息 {"status":"bad","msg":""}
2021-07-18 00:01:10 查询号码 【1359106】，GSD为【""】
2021-07-18 00:01:10 bad
2021-07-18 00:01:12 CHB 1359106?1626537670 第 1 次 等待 3 秒
2021-07-18 00:01:15 CHB 1359106?1626537670 第 1 次 获取到号码【1359106】GSD
2021-07-18 00:01:15 获取到号码【1359106】的GSD为【辽宁-铁岭】
2021-07-18 00:01:29 GSD insert 第 1 次 等待 3 秒
2021-07-18 00:01:32 {"status":"ok","gid":308528,"msg":"添加成功！"}
2021-07-18 00:01:32 下次操作: 2021-07-18 00:01:48

2021-07-18 00:01:48 开始第 23 次操作

2021-07-18 00:01:48 开始操作号码 【1359105】
2021-07-18 00:01:53 GSD getOne 第 1 次 等待 3 秒
2021-07-18 00:01:56 查询号码 【1359105】，返回信息 {"status":"bad","msg":""}
2021-07-18 00:01:57 查询号码 【1359105】，GSD为【""】
2021-07-18 00:01:57 bad
2021-07-18 00:01:58 CHB 1359105?1626537717 第 1 次 等待 3 秒
2021-07-18 00:02:01 CHB 1359105?1626537717 第 1 次 获取到号码【1359105】GSD
2021-07-18 00:02:01 获取到号码【1359105】的GSD为【辽宁-铁岭】
2021-07-18 00:03:14 GSD insert 第 1 次 等待 3 秒
2021-07-18 00:03:17 {"status":"ok","gid":308553,"msg":"添加成功！"}
2021-07-18 00:03:17 下次操作: 2021-07-18 00:03:33

2021-07-18 00:03:33 开始第 24 次操作

2021-07-18 00:03:33 开始操作号码 【1359104】
2021-07-18 00:03:36 GSD getOne 第 1 次 等待 3 秒
2021-07-18 00:03:39 查询号码 【1359104】，返回信息 {"status":"bad","msg":""}
2021-07-18 00:03:39 查询号码 【1359104】，GSD为【""】
2021-07-18 00:03:39 bad
2021-07-18 00:03:41 CHB 1359104?1626537819 第 1 次 等待 3 秒
2021-07-18 00:03:44 CHB 1359104?1626537819 第 1 次 获取到号码【1359104】GSD
2021-07-18 00:03:44 获取到号码【1359104】的GSD为【辽宁-铁岭】
2021-07-18 00:04:05 GSD insert 第 1 次 等待 3 秒
2021-07-18 00:04:08 {"status":"ok","gid":308565,"msg":"添加成功！"}
2021-07-18 00:04:08 下次操作: 2021-07-18 00:04:32

2021-07-18 00:04:32 开始第 25 次操作

2021-07-18 00:04:32 开始操作号码 【1359103】
2021-07-18 00:04:34 GSD getOne 第 1 次 等待 3 秒
2021-07-18 00:04:37 查询号码 【1359103】，返回信息 {"status":"bad","msg":""}
2021-07-18 00:04:37 查询号码 【1359103】，GSD为【""】
2021-07-18 00:04:37 bad
2021-07-18 00:04:39 CHB 1359103?1626537877 第 1 次 等待 3 秒
2021-07-18 00:04:42 CHB 1359103?1626537877 第 1 次 获取到号码【1359103】GSD
2021-07-18 00:04:42 获取到号码【1359103】的GSD为【辽宁-铁岭】
2021-07-18 00:05:04 GSD insert 第 1 次 等待 3 秒
2021-07-18 00:05:07 {"status":"ok","gid":308585,"msg":"添加成功！"}
2021-07-18 00:05:07 下次操作: 2021-07-18 00:05:29

2021-07-18 00:05:29 开始第 26 次操作

2021-07-18 00:05:29 开始操作号码 【1359102】
2021-07-18 00:05:32 GSD getOne 第 1 次 等待 3 秒
2021-07-18 00:05:35 查询号码 【1359102】，返回信息 {"status":"bad","msg":""}
2021-07-18 00:05:35 查询号码 【1359102】，GSD为【""】
2021-07-18 00:05:35 bad
2021-07-18 00:05:37 CHB 1359102?1626537935 第 1 次 等待 3 秒
2021-07-18 00:05:40 CHB 1359102?1626537935 第 1 次 获取到号码【1359102】GSD
2021-07-18 00:05:40 获取到号码【1359102】的GSD为【辽宁-铁岭】
2021-07-18 00:05:58 GSD insert 第 1 次 等待 3 秒
2021-07-18 00:06:01 {"status":"ok","gid":308596,"msg":"添加成功！"}
2021-07-18 00:06:01 下次操作: 2021-07-18 00:06:23

2021-07-18 00:06:23 开始第 27 次操作

2021-07-18 00:06:23 开始操作号码 【1359101】
2021-07-18 00:06:28 GSD getOne 第 1 次 等待 3 秒
2021-07-18 00:06:31 查询号码 【1359101】，返回信息 {"status":"bad","msg":""}
2021-07-18 00:06:31 查询号码 【1359101】，GSD为【""】
2021-07-18 00:06:31 bad
2021-07-18 00:06:33 CHB 1359101?1626537991 第 1 次 等待 3 秒
2021-07-18 00:06:36 CHB 1359101?1626537991 第 1 次 获取到号码【1359101】GSD
2021-07-18 00:06:36 获取到号码【1359101】的GSD为【辽宁-铁岭】
2021-07-18 00:06:58 GSD insert 第 1 次 等待 3 秒
2021-07-18 00:07:01 {"status":"ok","gid":308612,"msg":"添加成功！"}
2021-07-18 00:07:01 下次操作: 2021-07-18 00:07:19

2021-07-18 00:07:19 开始第 28 次操作

2021-07-18 00:07:19 开始操作号码 【1359100】
2021-07-18 00:07:23 GSD getOne 第 1 次 等待 3 秒
2021-07-18 00:07:26 查询号码 【1359100】，返回信息 {"status":"bad","msg":""}
2021-07-18 00:07:26 查询号码 【1359100】，GSD为【""】
2021-07-18 00:07:26 bad
2021-07-18 00:07:28 CHB 1359100?1626538046 第 1 次 等待 3 秒
2021-07-18 00:07:31 CHB 1359100?1626538046 第 1 次 获取到号码【1359100】GSD
2021-07-18 00:07:31 获取到号码【1359100】的GSD为【辽宁-铁岭】
2021-07-18 00:07:52 GSD insert 第 1 次 等待 3 秒
2021-07-18 00:07:55 {"status":"ok","gid":308625,"msg":"添加成功！"}
2021-07-18 00:07:55 下次操作: 2021-07-18 00:08:07

2021-07-18 00:08:07 开始第 29 次操作

2021-07-18 00:08:07 开始操作号码 【1359099】
2021-07-18 00:08:13 GSD getOne 第 1 次 等待 3 秒
2021-07-18 00:08:16 查询号码 【1359099】，返回信息 {"status":"bad","msg":""}
2021-07-18 00:08:17 查询号码 【1359099】，GSD为【""】
2021-07-18 00:08:17 bad
2021-07-18 00:08:18 CHB 1359099?1626538097 第 1 次 等待 3 秒
2021-07-18 00:08:21 CHB 1359099?1626538097 第 1 次 获取到号码【1359099】GSD
2021-07-18 00:08:21 获取到号码【1359099】的GSD为【广东-中山】
2021-07-18 00:08:57 GSD insert 第 1 次 等待 3 秒
2021-07-18 00:09:00 {"status":"ok","gid":308637,"msg":"添加成功！"}
2021-07-18 00:09:00 下次操作: 2021-07-18 00:09:16

2021-07-18 00:09:16 开始第 30 次操作

2021-07-18 00:09:16 开始操作号码 【1359098】
2021-07-18 00:09:19 GSD getOne 第 1 次 等待 3 秒
2021-07-18 00:09:22 查询号码 【1359098】，返回信息 {"status":"bad","msg":""}
2021-07-18 00:09:22 查询号码 【1359098】，GSD为【""】
2021-07-18 00:09:22 bad
2021-07-18 00:09:24 CHB 1359098?1626538162 第 1 次 等待 3 秒
2021-07-18 00:09:27 CHB 1359098?1626538162 第 1 次 获取到号码【1359098】GSD
2021-07-18 00:09:27 获取到号码【1359098】的GSD为【广东-中山】
2021-07-18 00:09:45 GSD insert 第 1 次 等待 3 秒
2021-07-18 00:09:48 {"status":"ok","gid":308651,"msg":"添加成功！"}
2021-07-18 00:09:48 下次操作: 2021-07-18 00:10:07

2021-07-18 00:10:07 开始第 31 次操作

2021-07-18 00:10:07 开始操作号码 【1359097】
2021-07-18 00:10:11 GSD getOne 第 1 次 等待 3 秒
2021-07-18 00:10:14 查询号码 【1359097】，返回信息 {"status":"bad","msg":""}
2021-07-18 00:10:14 查询号码 【1359097】，GSD为【""】
2021-07-18 00:10:14 bad
2021-07-18 00:10:16 CHB 1359097?1626538214 第 1 次 等待 3 秒
2021-07-18 00:10:19 CHB 1359097?1626538214 第 1 次 获取到号码【1359097】GSD
2021-07-18 00:10:19 获取到号码【1359097】的GSD为【广东-中山】
2021-07-18 00:10:38 GSD insert 第 1 次 等待 3 秒
2021-07-18 00:10:41 {"status":"ok","gid":308660,"msg":"添加成功！"}
2021-07-18 00:10:41 下次操作: 2021-07-18 00:10:53

2021-07-18 00:10:53 开始第 32 次操作

2021-07-18 00:10:53 开始操作号码 【1359096】
2021-07-18 00:11:14 GSD getOne 第 1 次 等待 3 秒
2021-07-18 00:11:17 查询号码 【1359096】，返回信息 {"status":"bad","msg":""}
2021-07-18 00:11:17 查询号码 【1359096】，GSD为【""】
2021-07-18 00:11:17 bad
2021-07-18 00:11:19 CHB 1359096?1626538277 第 1 次 等待 3 秒
2021-07-18 00:11:22 CHB 1359096?1626538277 第 1 次 获取到号码【1359096】GSD
2021-07-18 00:11:22 获取到号码【1359096】的GSD为【广东-中山】
2021-07-18 00:11:41 GSD insert 第 1 次 等待 3 秒
2021-07-18 00:11:44 {"status":"ok","gid":308672,"msg":"添加成功！"}
2021-07-18 00:11:44 下次操作: 2021-07-18 00:12:07

2021-07-18 00:12:07 开始第 33 次操作

2021-07-18 00:12:07 开始操作号码 【1359095】
2021-07-18 00:12:10 GSD getOne 第 1 次 等待 3 秒
2021-07-18 00:12:13 查询号码 【1359095】，返回信息 {"status":"ok","msg":"广东-中山","gid":"7050","time_insert":"2017-04-19 11:23","time_update":"2020-09-26 21:10"}
2021-07-18 00:12:13 查询号码 【1359095】，GSD为【"广东-中山"】

2021-07-18 00:12:13 开始第 33 次操作

2021-07-18 00:12:13 开始操作号码 【1359094】
2021-07-18 00:12:32 GSD getOne 第 1 次 等待 3 秒
2021-07-18 00:12:35 查询号码 【1359094】，返回信息 {"status":"bad","msg":""}
2021-07-18 00:12:35 查询号码 【1359094】，GSD为【""】
2021-07-18 00:12:35 bad
2021-07-18 00:12:37 CHB 1359094?1626538355 第 1 次 等待 3 秒
2021-07-18 00:12:40 CHB 1359094?1626538355 第 1 次 获取到号码【1359094】GSD
2021-07-18 00:12:40 获取到号码【1359094】的GSD为【广东-中山】
2021-07-18 00:13:18 GSD insert 第 1 次 等待 3 秒
2021-07-18 00:13:21 {"status":"ok","gid":308691,"msg":"添加成功！"}
2021-07-18 00:13:21 下次操作: 2021-07-18 00:13:39

2021-07-18 00:13:39 开始第 34 次操作

2021-07-18 00:13:39 开始操作号码 【1359093】
2021-07-18 00:13:46 GSD getOne 第 1 次 等待 3 秒
2021-07-18 00:13:49 查询号码 【1359093】，返回信息 {"status":"bad","msg":""}
2021-07-18 00:13:49 查询号码 【1359093】，GSD为【""】
2021-07-18 00:13:49 bad
2021-07-18 00:13:50 CHB 1359093?1626538429 第 1 次 等待 3 秒
2021-07-18 00:13:53 CHB 1359093?1626538429 第 1 次 获取到号码【1359093】GSD
2021-07-18 00:13:54 获取到号码【1359093】的GSD为【广东-中山】
2021-07-18 00:14:12 GSD insert 第 1 次 等待 3 秒
2021-07-18 00:14:15 {"status":"ok","gid":308700,"msg":"添加成功！"}
2021-07-18 00:14:15 下次操作: 2021-07-18 00:14:27

2021-07-18 00:14:27 开始第 35 次操作

2021-07-18 00:14:27 开始操作号码 【1359092】
2021-07-18 00:14:55 GSD getOne 第 1 次 等待 3 秒
2021-07-18 00:14:58 查询号码 【1359092】，返回信息 {"status":"bad","msg":""}
2021-07-18 00:14:58 查询号码 【1359092】，GSD为【""】
2021-07-18 00:14:58 bad
2021-07-18 00:15:00 CHB 1359092?1626538498 第 1 次 等待 3 秒
2021-07-18 00:15:03 CHB 1359092?1626538498 第 1 次 获取到号码【1359092】GSD
2021-07-18 00:15:03 获取到号码【1359092】的GSD为【广东-中山】
2021-07-18 00:15:21 GSD insert 第 1 次 等待 3 秒
2021-07-18 00:15:24 {"status":"ok","gid":308710,"msg":"添加成功！"}
2021-07-18 00:15:24 下次操作: 2021-07-18 00:15:36

2021-07-18 00:15:36 开始第 36 次操作

2021-07-18 00:15:36 开始操作号码 【1359091】
2021-07-18 00:16:17 GSD getOne 第 1 次 等待 3 秒
2021-07-18 00:16:20 查询号码 【1359091】，返回信息 {"status":"ok","msg":"广东-中山","gid":"7049","time_insert":"2017-11-14 09:19","time_update":"2020-09-26 21:07"}
2021-07-18 00:16:20 查询号码 【1359091】，GSD为【"广东-中山"】

2021-07-18 00:16:20 开始第 36 次操作

2021-07-18 00:16:20 开始操作号码 【1359090】
2021-07-18 00:16:39 GSD getOne 第 1 次 等待 3 秒
2021-07-18 00:16:42 查询号码 【1359090】，返回信息 {"status":"bad","msg":""}
2021-07-18 00:16:42 查询号码 【1359090】，GSD为【""】
2021-07-18 00:16:42 bad
2021-07-18 00:16:43 CHB 1359090?1626538602 第 1 次 等待 3 秒
2021-07-18 00:16:46 CHB 1359090?1626538602 第 1 次 获取到号码【1359090】GSD
2021-07-18 00:16:46 获取到号码【1359090】的GSD为【广东-中山】
2021-07-18 00:17:07 GSD insert 第 1 次 等待 3 秒
2021-07-18 00:17:10 {"status":"ok","gid":308718,"msg":"添加成功！"}
2021-07-18 00:17:10 下次操作: 2021-07-18 00:17:26

2021-07-18 00:17:26 开始第 37 次操作

2021-07-18 00:17:26 开始操作号码 【1359089】
2021-07-18 00:17:30 GSD getOne 第 1 次 等待 3 秒
2021-07-18 00:17:33 查询号码 【1359089】，返回信息 {"status":"bad","msg":""}
2021-07-18 00:17:33 查询号码 【1359089】，GSD为【""】
2021-07-18 00:17:33 bad
2021-07-18 00:17:35 CHB 1359089?1626538653 第 1 次 等待 3 秒
2021-07-18 00:17:38 CHB 1359089?1626538653 第 1 次 获取到号码【1359089】GSD
2021-07-18 00:17:38 获取到号码【1359089】的GSD为【广东-中山】
2021-07-18 00:18:06 GSD insert 第 1 次 等待 3 秒
2021-07-18 00:18:09 {"status":"ok","gid":308723,"msg":"添加成功！"}
2021-07-18 00:18:09 下次操作: 2021-07-18 00:18:23

2021-07-18 00:18:23 开始第 38 次操作

2021-07-18 00:18:23 开始操作号码 【1359088】
2021-07-18 00:18:54 GSD getOne 第 1 次 等待 3 秒
2021-07-18 00:18:57 查询号码 【1359088】，返回信息 {"status":"bad","msg":""}
2021-07-18 00:18:57 查询号码 【1359088】，GSD为【""】
2021-07-18 00:18:57 bad
2021-07-18 00:18:58 CHB 1359088?1626538737 第 1 次 等待 3 秒
2021-07-18 00:19:01 CHB 1359088?1626538737 第 1 次 获取到号码【1359088】GSD
2021-07-18 00:19:01 获取到号码【1359088】的GSD为【广东-中山】
2021-07-18 00:19:36 GSD insert 第 1 次 等待 3 秒
2021-07-18 00:19:39 {"status":"ok","gid":308729,"msg":"添加成功！"}
2021-07-18 00:19:39 下次操作: 2021-07-18 00:19:53

2021-07-18 00:19:53 开始第 39 次操作

2021-07-18 00:19:53 开始操作号码 【1359087】
2021-07-18 00:19:59 GSD getOne 第 1 次 等待 3 秒
2021-07-18 00:20:02 查询号码 【1359087】，返回信息 {"status":"bad","msg":""}
2021-07-18 00:20:02 查询号码 【1359087】，GSD为【""】
2021-07-18 00:20:02 bad
2021-07-18 00:20:03 CHB 1359087?1626538802 第 1 次 等待 3 秒
2021-07-18 00:20:06 CHB 1359087?1626538802 第 1 次 获取到号码【1359087】GSD
2021-07-18 00:20:06 获取到号码【1359087】的GSD为【广东-中山】
2021-07-18 00:20:25 GSD insert 第 1 次 等待 3 秒
2021-07-18 00:20:28 {"status":"ok","gid":308733,"msg":"添加成功！"}
2021-07-18 00:20:28 下次操作: 2021-07-18 00:20:48

2021-07-18 00:20:48 开始第 40 次操作

2021-07-18 00:20:48 开始操作号码 【1359086】
2021-07-18 00:20:52 GSD getOne 第 1 次 等待 3 秒
2021-07-18 00:20:55 查询号码 【1359086】，返回信息 {"status":"bad","msg":""}
2021-07-18 00:20:55 查询号码 【1359086】，GSD为【""】
2021-07-18 00:20:55 bad
2021-07-18 00:20:58 CHB 1359086?1626538855 第 1 次 等待 3 秒
2021-07-18 00:21:01 CHB 1359086?1626538855 第 1 次 获取到号码【1359086】GSD
2021-07-18 00:21:01 获取到号码【1359086】的GSD为【广东-中山】
2021-07-18 00:21:19 GSD insert 第 1 次 等待 3 秒
2021-07-18 00:21:22 {"status":"ok","gid":308735,"msg":"添加成功！"}

2021-07-18 00:57:07 开始第 1 次操作

2021-07-18 00:57:07 开始操作号码 【1359085】
2021-07-18 00:57:12 GSD getOne 第 1 次 等待 3 秒
2021-07-18 00:57:15 查询号码 【1359085】，返回信息 {"status":"bad","msg":""}
2021-07-18 00:57:15 查询号码 【1359085】，GSD为【""】
2021-07-18 00:57:15 bad
2021-07-18 00:57:17 CHB 1359085?1626541035 第 1 次 等待 3 秒
2021-07-18 00:57:20 CHB 1359085?1626541035 第 1 次 获取到号码【1359085】GSD
2021-07-18 00:57:20 获取到号码【1359085】的GSD为【广东-中山】
2021-07-18 00:57:27 GSD insert 第 1 次 等待 3 秒
2021-07-18 00:57:30 {"status":"ok","gid":308815,"msg":"添加成功！"}
2021-07-18 00:57:30 下次操作: 2021-07-18 00:57:47

2021-07-18 00:57:47 开始第 2 次操作

2021-07-18 00:57:47 开始操作号码 【1359084】
2021-07-18 00:58:00 GSD getOne 第 1 次 等待 3 秒
2021-07-18 00:58:03 查询号码 【1359084】，返回信息 {"status":"ok","msg":"广东-中山","gid":"50153","time_insert":"2021-04-21 15:26"}
2021-07-18 00:58:03 查询号码 【1359084】，GSD为【"广东-中山"】

2021-07-18 00:58:03 开始第 2 次操作

2021-07-18 00:58:03 开始操作号码 【1359083】
2021-07-18 00:58:06 GSD getOne 第 1 次 等待 3 秒
2021-07-18 00:58:09 查询号码 【1359083】，返回信息 {"status":"bad","msg":""}
2021-07-18 00:58:09 查询号码 【1359083】，GSD为【""】
2021-07-18 00:58:09 bad
2021-07-18 00:58:12 CHB 1359083?1626541089 第 1 次 等待 3 秒
2021-07-18 00:58:15 CHB 1359083?1626541089 第 1 次 获取到号码【1359083】GSD
2021-07-18 00:58:15 获取到号码【1359083】的GSD为【广东-中山】
2021-07-18 00:58:18 GSD insert 第 1 次 等待 3 秒
2021-07-18 00:58:21 {"status":"ok","gid":308817,"msg":"添加成功！"}
2021-07-18 00:58:21 下次操作: 2021-07-18 00:58:35

2021-07-18 00:58:35 开始第 3 次操作

2021-07-18 00:58:35 开始操作号码 【1359082】
2021-07-18 00:58:41 GSD getOne 第 1 次 等待 3 秒
2021-07-18 00:58:44 查询号码 【1359082】，返回信息 {"status":"bad","msg":""}
2021-07-18 00:58:44 查询号码 【1359082】，GSD为【""】
2021-07-18 00:58:44 bad
2021-07-18 00:58:46 CHB 1359082?1626541124 第 1 次 等待 3 秒
2021-07-18 00:58:49 CHB 1359082?1626541124 第 1 次 获取到号码【1359082】GSD
2021-07-18 00:58:49 获取到号码【1359082】的GSD为【广东-中山】
2021-07-18 00:58:56 GSD insert 第 1 次 等待 3 秒
2021-07-18 00:58:59 {"status":"ok","gid":308818,"msg":"添加成功！"}
2021-07-18 00:58:59 下次操作: 2021-07-18 00:59:15

2021-07-18 00:59:15 开始第 4 次操作

2021-07-18 00:59:15 开始操作号码 【1359081】
2021-07-18 00:59:17 GSD getOne 第 1 次 等待 3 秒
2021-07-18 00:59:20 查询号码 【1359081】，返回信息 {"status":"bad","msg":""}
2021-07-18 00:59:20 查询号码 【1359081】，GSD为【""】
2021-07-18 00:59:20 bad
2021-07-18 00:59:23 CHB 1359081?1626541160 第 1 次 等待 3 秒
2021-07-18 00:59:26 CHB 1359081?1626541160 第 1 次 获取到号码【1359081】GSD
2021-07-18 00:59:26 获取到号码【1359081】的GSD为【广东-中山】
2021-07-18 00:59:29 GSD insert 第 1 次 等待 3 秒
2021-07-18 00:59:32 {"status":"ok","gid":308820,"msg":"添加成功！"}
2021-07-18 00:59:32 下次操作: 2021-07-18 00:59:45

2021-07-18 00:59:45 开始第 5 次操作

2021-07-18 00:59:45 开始操作号码 【1359080】
2021-07-18 00:59:47 GSD getOne 第 1 次 等待 3 秒
2021-07-18 00:59:50 查询号码 【1359080】，返回信息 {"status":"bad","msg":""}
2021-07-18 00:59:50 查询号码 【1359080】，GSD为【""】
2021-07-18 00:59:50 bad
2021-07-18 00:59:52 CHB 1359080?1626541190 第 1 次 等待 3 秒
2021-07-18 00:59:55 CHB 1359080?1626541190 第 1 次 获取到号码【1359080】GSD
2021-07-18 00:59:55 获取到号码【1359080】的GSD为【广东-中山】
2021-07-18 00:59:58 GSD insert 第 1 次 等待 3 秒
2021-07-18 01:00:01 {"status":"ok","gid":308822,"msg":"添加成功！"}
2021-07-18 01:00:01 下次操作: 2021-07-18 01:00:22

2021-07-18 01:00:22 开始第 6 次操作

2021-07-18 01:00:22 开始操作号码 【1359079】
2021-07-18 01:00:26 GSD getOne 第 1 次 等待 3 秒
2021-07-18 01:00:29 查询号码 【1359079】，返回信息 {"status":"bad","msg":""}
2021-07-18 01:00:29 查询号码 【1359079】，GSD为【""】
2021-07-18 01:00:29 bad
2021-07-18 01:00:32 CHB 1359079?1626541229 第 1 次 等待 3 秒
2021-07-18 01:00:35 CHB 1359079?1626541229 第 1 次 获取到号码【1359079】GSD
2021-07-18 01:00:35 获取到号码【1359079】的GSD为【广东-中山】
2021-07-18 01:00:37 GSD insert 第 1 次 等待 3 秒
2021-07-18 01:00:40 {"status":"ok","gid":308826,"msg":"添加成功！"}
2021-07-18 01:00:40 下次操作: 2021-07-18 01:01:04

2021-07-18 01:01:04 开始第 7 次操作

2021-07-18 01:01:04 开始操作号码 【1359078】
2021-07-18 01:01:07 GSD getOne 第 1 次 等待 3 秒
2021-07-18 01:01:10 查询号码 【1359078】，返回信息 {"status":"bad","msg":""}
2021-07-18 01:01:10 查询号码 【1359078】，GSD为【""】
2021-07-18 01:01:10 bad
2021-07-18 01:01:12 CHB 1359078?1626541270 第 1 次 等待 3 秒
2021-07-18 01:01:15 CHB 1359078?1626541270 第 1 次 获取到号码【1359078】GSD
2021-07-18 01:01:15 获取到号码【1359078】的GSD为【广东-中山】
2021-07-18 01:01:19 GSD insert 第 1 次 等待 3 秒
2021-07-18 01:01:22 {"status":"ok","gid":308830,"msg":"添加成功！"}
2021-07-18 01:01:22 下次操作: 2021-07-18 01:01:42

2021-07-18 01:01:42 开始第 8 次操作

2021-07-18 01:01:42 开始操作号码 【1359077】
2021-07-18 01:01:49 GSD getOne 第 1 次 等待 3 秒
2021-07-18 01:01:52 查询号码 【1359077】，返回信息 {"status":"bad","msg":""}
2021-07-18 01:01:52 查询号码 【1359077】，GSD为【""】
2021-07-18 01:01:52 bad
2021-07-18 01:01:54 CHB 1359077?1626541312 第 1 次 等待 3 秒
2021-07-18 01:01:57 CHB 1359077?1626541312 第 1 次 获取到号码【1359077】GSD
2021-07-18 01:01:57 获取到号码【1359077】的GSD为【广东-中山】
2021-07-18 01:02:06 GSD insert 第 1 次 等待 3 秒
2021-07-18 01:02:09 {"status":"ok","gid":308839,"msg":"添加成功！"}
2021-07-18 01:02:09 下次操作: 2021-07-18 01:02:33

2021-07-18 01:02:33 开始第 9 次操作

2021-07-18 01:02:33 开始操作号码 【1359076】
2021-07-18 01:02:39 GSD getOne 第 1 次 等待 3 秒
2021-07-18 01:02:42 查询号码 【1359076】，返回信息 {"status":"bad","msg":""}
2021-07-18 01:02:42 查询号码 【1359076】，GSD为【""】
2021-07-18 01:02:42 bad
2021-07-18 01:02:47 CHB 1359076?1626541362 第 1 次 等待 3 秒
2021-07-18 01:02:50 CHB 1359076?1626541362 第 1 次 获取到号码【1359076】GSD
2021-07-18 01:02:50 获取到号码【1359076】的GSD为【广东-中山】
2021-07-18 01:02:53 GSD insert 第 1 次 等待 3 秒
2021-07-18 01:02:56 {"status":"ok","gid":308850,"msg":"添加成功！"}
2021-07-18 01:02:56 下次操作: 2021-07-18 01:03:16

2021-07-18 01:03:16 开始第 10 次操作

2021-07-18 01:03:16 开始操作号码 【1359075】
2021-07-18 01:03:18 GSD getOne 第 1 次 等待 3 秒
2021-07-18 01:03:21 查询号码 【1359075】，返回信息 {"status":"bad","msg":""}
2021-07-18 01:03:22 查询号码 【1359075】，GSD为【""】
2021-07-18 01:03:22 bad
2021-07-18 01:03:23 CHB 1359075?1626541402 第 1 次 等待 3 秒
2021-07-18 01:03:26 CHB 1359075?1626541402 第 1 次 获取到号码【1359075】GSD
2021-07-18 01:03:26 获取到号码【1359075】的GSD为【广东-中山】
2021-07-18 01:03:29 GSD insert 第 1 次 等待 3 秒
2021-07-18 01:03:32 {"status":"ok","gid":308861,"msg":"添加成功！"}
2021-07-18 01:03:32 下次操作: 2021-07-18 01:03:56

2021-07-18 01:03:56 开始第 11 次操作

2021-07-18 01:03:56 开始操作号码 【1359074】
2021-07-18 01:04:02 GSD getOne 第 1 次 等待 3 秒
2021-07-18 01:04:05 查询号码 【1359074】，返回信息 {"status":"bad","msg":""}
2021-07-18 01:04:05 查询号码 【1359074】，GSD为【""】
2021-07-18 01:04:05 bad
2021-07-18 01:04:08 CHB 1359074?1626541445 第 1 次 等待 3 秒
2021-07-18 01:04:11 CHB 1359074?1626541445 第 1 次 获取到号码【1359074】GSD
2021-07-18 01:04:11 获取到号码【1359074】的GSD为【广东-中山】
2021-07-18 01:04:14 GSD insert 第 1 次 等待 3 秒
2021-07-18 01:04:17 {"status":"ok","gid":308874,"msg":"添加成功！"}
2021-07-18 01:04:17 下次操作: 2021-07-18 01:04:32

2021-07-18 01:04:32 开始第 12 次操作

2021-07-18 01:04:32 开始操作号码 【1359073】
2021-07-18 01:04:35 GSD getOne 第 1 次 等待 3 秒
2021-07-18 01:04:38 查询号码 【1359073】，返回信息 {"status":"bad","msg":""}
2021-07-18 01:04:38 查询号码 【1359073】，GSD为【""】
2021-07-18 01:04:38 bad
2021-07-18 01:04:41 CHB 1359073?1626541478 第 1 次 等待 3 秒
2021-07-18 01:04:44 CHB 1359073?1626541478 第 1 次 获取到号码【1359073】GSD
2021-07-18 01:04:44 获取到号码【1359073】的GSD为【广东-中山】
2021-07-18 01:04:49 GSD insert 第 1 次 等待 3 秒
2021-07-18 01:04:52 {"status":"ok","gid":308880,"msg":"添加成功！"}
2021-07-18 01:04:52 下次操作: 2021-07-18 01:05:06

2021-07-18 01:05:06 开始第 13 次操作

2021-07-18 01:05:06 开始操作号码 【1359072】
2021-07-18 01:05:10 GSD getOne 第 1 次 等待 3 秒
2021-07-18 01:05:13 查询号码 【1359072】，返回信息 {"status":"bad","msg":""}
2021-07-18 01:05:13 查询号码 【1359072】，GSD为【""】
2021-07-18 01:05:13 bad
2021-07-18 01:05:14 CHB 1359072?1626541513 第 1 次 等待 3 秒
2021-07-18 01:05:17 CHB 1359072?1626541513 第 1 次 获取到号码【1359072】GSD
2021-07-18 01:05:17 获取到号码【1359072】的GSD为【广东-中山】
2021-07-18 01:05:20 GSD insert 第 1 次 等待 3 秒
2021-07-18 01:05:23 {"status":"ok","gid":308888,"msg":"添加成功！"}
2021-07-18 01:05:23 下次操作: 2021-07-18 01:05:35

2021-07-18 01:05:35 开始第 14 次操作

2021-07-18 01:05:35 开始操作号码 【1359071】
2021-07-18 01:05:40 GSD getOne 第 1 次 等待 3 秒
2021-07-18 01:05:43 查询号码 【1359071】，返回信息 {"status":"bad","msg":""}
2021-07-18 01:05:43 查询号码 【1359071】，GSD为【""】
2021-07-18 01:05:43 bad
2021-07-18 01:05:47 CHB 1359071?1626541543 第 1 次 等待 3 秒
2021-07-18 01:05:50 CHB 1359071?1626541543 第 1 次 获取到号码【1359071】GSD
2021-07-18 01:05:50 获取到号码【1359071】的GSD为【广东-中山】
2021-07-18 01:05:55 GSD insert 第 1 次 等待 3 秒
2021-07-18 01:05:58 {"status":"ok","gid":308899,"msg":"添加成功！"}
2021-07-18 01:05:58 下次操作: 2021-07-18 01:06:10

2021-07-18 01:06:10 开始第 15 次操作

2021-07-18 01:06:10 开始操作号码 【1359070】
2021-07-18 01:06:18 GSD getOne 第 1 次 等待 3 秒
2021-07-18 01:06:21 查询号码 【1359070】，返回信息 {"status":"bad","msg":""}
2021-07-18 01:06:22 查询号码 【1359070】，GSD为【""】
2021-07-18 01:06:22 bad
2021-07-18 01:06:23 CHB 1359070?1626541582 第 1 次 等待 3 秒
2021-07-18 01:06:26 CHB 1359070?1626541582 第 1 次 获取到号码【1359070】GSD
2021-07-18 01:06:26 获取到号码【1359070】的GSD为【广东-中山】
2021-07-18 01:06:33 GSD insert 第 1 次 等待 3 秒
2021-07-18 01:06:36 {"status":"ok","gid":308910,"msg":"添加成功！"}
2021-07-18 01:06:36 下次操作: 2021-07-18 01:07:00

2021-07-18 01:07:00 开始第 16 次操作

2021-07-18 01:07:00 开始操作号码 【1359069】
2021-07-18 01:07:02 GSD getOne 第 1 次 等待 3 秒
2021-07-18 01:07:05 查询号码 【1359069】，返回信息 {"status":"bad","msg":""}
2021-07-18 01:07:05 查询号码 【1359069】，GSD为【""】
2021-07-18 01:07:05 bad
2021-07-18 01:07:07 CHB 1359069?1626541625 第 1 次 等待 3 秒
2021-07-18 01:07:10 CHB 1359069?1626541625 第 1 次 获取到号码【1359069】GSD
2021-07-18 01:07:10 获取到号码【1359069】的GSD为【广东-佛山】
2021-07-18 01:07:14 GSD insert 第 1 次 等待 3 秒
2021-07-18 01:07:17 {"status":"ok","gid":308919,"msg":"添加成功！"}
2021-07-18 01:07:17 下次操作: 2021-07-18 01:07:40

2021-07-18 01:07:40 开始第 17 次操作

2021-07-18 01:07:40 开始操作号码 【1359068】
2021-07-18 01:07:43 GSD getOne 第 1 次 等待 3 秒
2021-07-18 01:07:46 查询号码 【1359068】，返回信息 {"status":"bad","msg":""}
2021-07-18 01:07:46 查询号码 【1359068】，GSD为【""】
2021-07-18 01:07:46 bad
2021-07-18 01:07:49 CHB 1359068?1626541666 第 1 次 等待 3 秒
2021-07-18 01:07:52 CHB 1359068?1626541666 第 1 次 获取到号码【1359068】GSD
2021-07-18 01:07:52 获取到号码【1359068】的GSD为【广东-佛山】
2021-07-18 01:07:56 GSD insert 第 1 次 等待 3 秒
2021-07-18 01:07:59 {"status":"ok","gid":308928,"msg":"添加成功！"}
2021-07-18 01:07:59 下次操作: 2021-07-18 01:08:23

2021-07-18 01:08:23 开始第 18 次操作

2021-07-18 01:08:23 开始操作号码 【1359067】
2021-07-18 01:08:25 GSD getOne 第 1 次 等待 3 秒
2021-07-18 01:08:28 查询号码 【1359067】，返回信息 {"status":"bad","msg":""}
2021-07-18 01:08:29 查询号码 【1359067】，GSD为【""】
2021-07-18 01:08:29 bad
2021-07-18 01:08:30 CHB 1359067?1626541709 第 1 次 等待 3 秒
2021-07-18 01:08:33 CHB 1359067?1626541709 第 1 次 获取到号码【1359067】GSD
2021-07-18 01:08:33 获取到号码【1359067】的GSD为【广东-佛山】
2021-07-18 01:08:36 GSD insert 第 1 次 等待 3 秒
2021-07-18 01:08:39 {"status":"ok","gid":308937,"msg":"添加成功！"}
2021-07-18 01:08:39 下次操作: 2021-07-18 01:08:54

2021-07-18 01:08:54 开始第 19 次操作

2021-07-18 01:08:54 开始操作号码 【1359066】
2021-07-18 01:08:58 GSD getOne 第 1 次 等待 3 秒
2021-07-18 01:09:01 查询号码 【1359066】，返回信息 {"status":"bad","msg":""}
2021-07-18 01:09:01 查询号码 【1359066】，GSD为【""】
2021-07-18 01:09:01 bad
2021-07-18 01:09:03 CHB 1359066?1626541741 第 1 次 等待 3 秒
2021-07-18 01:09:06 CHB 1359066?1626541741 第 1 次 获取到号码【1359066】GSD
2021-07-18 01:09:06 获取到号码【1359066】的GSD为【广东-佛山】
2021-07-18 01:09:09 GSD insert 第 1 次 等待 3 秒
2021-07-18 01:09:12 {"status":"ok","gid":308945,"msg":"添加成功！"}
2021-07-18 01:09:12 下次操作: 2021-07-18 01:09:28

2021-07-18 01:09:28 开始第 20 次操作

2021-07-18 01:09:28 开始操作号码 【1359065】
2021-07-18 01:09:31 GSD getOne 第 1 次 等待 3 秒
2021-07-18 01:09:34 查询号码 【1359065】，返回信息 {"status":"bad","msg":""}
2021-07-18 01:09:34 查询号码 【1359065】，GSD为【""】
2021-07-18 01:09:34 bad
2021-07-18 01:09:36 CHB 1359065?1626541774 第 1 次 等待 3 秒
2021-07-18 01:09:39 CHB 1359065?1626541774 第 1 次 获取到号码【1359065】GSD
2021-07-18 01:09:39 获取到号码【1359065】的GSD为【广东-佛山】
2021-07-18 01:09:42 GSD insert 第 1 次 等待 3 秒
2021-07-18 01:09:45 {"status":"ok","gid":308954,"msg":"添加成功！"}
2021-07-18 01:09:45 下次操作: 2021-07-18 01:10:07

2021-07-18 01:10:07 开始第 21 次操作

2021-07-18 01:10:07 开始操作号码 【1359064】
2021-07-18 01:10:10 GSD getOne 第 1 次 等待 3 秒
2021-07-18 01:10:13 查询号码 【1359064】，返回信息 {"status":"bad","msg":""}
2021-07-18 01:10:13 查询号码 【1359064】，GSD为【""】
2021-07-18 01:10:13 bad
2021-07-18 01:10:15 CHB 1359064?1626541813 第 1 次 等待 3 秒
2021-07-18 01:10:18 CHB 1359064?1626541813 第 1 次 获取到号码【1359064】GSD
2021-07-18 01:10:18 获取到号码【1359064】的GSD为【广东-佛山】
2021-07-18 01:10:21 GSD insert 第 1 次 等待 3 秒
2021-07-18 01:10:25 {"status":"ok","gid":308963,"msg":"添加成功！"}
2021-07-18 01:10:25 下次操作: 2021-07-18 01:10:40

2021-07-18 01:10:40 开始第 22 次操作

2021-07-18 01:10:40 开始操作号码 【1359063】
2021-07-18 01:10:47 GSD getOne 第 1 次 等待 3 秒
2021-07-18 01:10:50 查询号码 【1359063】，返回信息 {"status":"bad","msg":""}
2021-07-18 01:10:50 查询号码 【1359063】，GSD为【""】
2021-07-18 01:10:50 bad
2021-07-18 01:10:52 CHB 1359063?1626541850 第 1 次 等待 3 秒
2021-07-18 01:10:55 CHB 1359063?1626541850 第 1 次 获取到号码【1359063】GSD
2021-07-18 01:10:55 获取到号码【1359063】的GSD为【广东-佛山】
2021-07-18 01:11:00 GSD insert 第 1 次 等待 3 秒
2021-07-18 01:11:03 {"status":"ok","gid":308971,"msg":"添加成功！"}
2021-07-18 01:11:03 下次操作: 2021-07-18 01:11:18

2021-07-18 01:11:18 开始第 23 次操作

2021-07-18 01:11:18 开始操作号码 【1359062】
2021-07-18 01:11:20 GSD getOne 第 1 次 等待 3 秒
2021-07-18 01:11:23 查询号码 【1359062】，返回信息 {"status":"ok","msg":"广东-佛山","gid":"7048","time_insert":"2019-11-07 13:44","time_update":"2020-09-26 21:03"}
2021-07-18 01:11:23 查询号码 【1359062】，GSD为【"广东-佛山"】

2021-07-18 01:11:23 开始第 23 次操作

2021-07-18 01:11:23 开始操作号码 【1359061】
2021-07-18 01:11:27 GSD getOne 第 1 次 等待 3 秒
2021-07-18 01:11:30 查询号码 【1359061】，返回信息 {"status":"bad","msg":""}
2021-07-18 01:11:30 查询号码 【1359061】，GSD为【""】
2021-07-18 01:11:30 bad
2021-07-18 01:11:33 CHB 1359061?1626541890 第 1 次 等待 3 秒
2021-07-18 01:11:36 CHB 1359061?1626541890 第 1 次 获取到号码【1359061】GSD
2021-07-18 01:11:36 获取到号码【1359061】的GSD为【广东-佛山】
2021-07-18 01:11:38 GSD insert 第 1 次 等待 3 秒
2021-07-18 01:11:41 {"status":"ok","gid":308979,"msg":"添加成功！"}
2021-07-18 01:11:41 下次操作: 2021-07-18 01:11:57

2021-07-18 01:11:57 开始第 24 次操作

2021-07-18 01:11:57 开始操作号码 【1359060】
2021-07-18 01:12:01 GSD getOne 第 1 次 等待 3 秒
2021-07-18 01:12:04 查询号码 【1359060】，返回信息 {"status":"bad","msg":""}
2021-07-18 01:12:04 查询号码 【1359060】，GSD为【""】
2021-07-18 01:12:04 bad
2021-07-18 01:12:06 CHB 1359060?1626541924 第 1 次 等待 3 秒
2021-07-18 01:12:09 CHB 1359060?1626541924 第 1 次 获取到号码【1359060】GSD
2021-07-18 01:12:09 获取到号码【1359060】的GSD为【广东-佛山】
2021-07-18 01:12:12 GSD insert 第 1 次 等待 3 秒
2021-07-18 01:12:15 {"status":"ok","gid":308989,"msg":"添加成功！"}
2021-07-18 01:12:15 下次操作: 2021-07-18 01:12:39

2021-07-18 01:12:39 开始第 25 次操作

2021-07-18 01:12:39 开始操作号码 【1359059】
2021-07-18 01:12:42 GSD getOne 第 1 次 等待 3 秒
2021-07-18 01:12:45 查询号码 【1359059】，返回信息 {"status":"ok","msg":"广东-佛山","gid":"7047","time_insert":"2014-06-02 10:53","time_update":"2020-09-26 20:59"}
2021-07-18 01:12:45 查询号码 【1359059】，GSD为【"广东-佛山"】

2021-07-18 01:12:45 开始第 25 次操作

2021-07-18 01:12:45 开始操作号码 【1359058】
2021-07-18 01:12:49 GSD getOne 第 1 次 等待 3 秒
2021-07-18 01:12:52 查询号码 【1359058】，返回信息 {"status":"ok","msg":"广东-佛山","gid":"7046","time_insert":"2014-05-23 18:25","time_update":"2020-09-26 20:54"}
2021-07-18 01:12:52 查询号码 【1359058】，GSD为【"广东-佛山"】

2021-07-18 01:12:52 开始第 25 次操作

2021-07-18 01:12:52 开始操作号码 【1359057】
2021-07-18 01:12:56 GSD getOne 第 1 次 等待 3 秒
2021-07-18 01:12:59 查询号码 【1359057】，返回信息 {"status":"bad","msg":""}
2021-07-18 01:12:59 查询号码 【1359057】，GSD为【""】
2021-07-18 01:12:59 bad
2021-07-18 01:13:01 CHB 1359057?1626541979 第 1 次 等待 3 秒
2021-07-18 01:13:04 CHB 1359057?1626541979 第 1 次 获取到号码【1359057】GSD
2021-07-18 01:13:04 获取到号码【1359057】的GSD为【广东-佛山】
2021-07-18 01:13:09 GSD insert 第 1 次 等待 3 秒
2021-07-18 01:13:12 {"status":"ok","gid":309005,"msg":"添加成功！"}
2021-07-18 01:13:12 下次操作: 2021-07-18 01:13:30

2021-07-18 01:13:30 开始第 26 次操作

2021-07-18 01:13:30 开始操作号码 【1359056】
2021-07-18 01:13:34 GSD getOne 第 1 次 等待 3 秒
2021-07-18 01:13:37 查询号码 【1359056】，返回信息 {"status":"bad","msg":""}
2021-07-18 01:13:37 查询号码 【1359056】，GSD为【""】
2021-07-18 01:13:37 bad
2021-07-18 01:13:39 CHB 1359056?1626542017 第 1 次 等待 3 秒
2021-07-18 01:13:42 CHB 1359056?1626542017 第 1 次 获取到号码【1359056】GSD
2021-07-18 01:13:42 获取到号码【1359056】的GSD为【广东-佛山】
2021-07-18 01:13:48 GSD insert 第 1 次 等待 3 秒
2021-07-18 01:13:51 {"status":"ok","gid":309011,"msg":"添加成功！"}
2021-07-18 01:13:51 下次操作: 2021-07-18 01:14:07

2021-07-18 01:14:07 开始第 27 次操作

2021-07-18 01:14:07 开始操作号码 【1359055】
2021-07-18 01:14:10 GSD getOne 第 1 次 等待 3 秒
2021-07-18 01:14:13 查询号码 【1359055】，返回信息 {"status":"bad","msg":""}
2021-07-18 01:14:13 查询号码 【1359055】，GSD为【""】
2021-07-18 01:14:13 bad
2021-07-18 01:14:15 CHB 1359055?1626542053 第 1 次 等待 3 秒
2021-07-18 01:14:18 CHB 1359055?1626542053 第 1 次 获取到号码【1359055】GSD
2021-07-18 01:14:18 获取到号码【1359055】的GSD为【广东-佛山】
2021-07-18 01:14:22 GSD insert 第 1 次 等待 3 秒
2021-07-18 01:14:25 {"status":"ok","gid":309017,"msg":"添加成功！"}
2021-07-18 01:14:25 下次操作: 2021-07-18 01:14:49

2021-07-18 01:14:49 开始第 28 次操作

2021-07-18 01:14:49 开始操作号码 【1359054】
2021-07-18 01:14:51 GSD getOne 第 1 次 等待 3 秒
2021-07-18 01:14:54 查询号码 【1359054】，返回信息 {"status":"bad","msg":""}
2021-07-18 01:14:54 查询号码 【1359054】，GSD为【""】
2021-07-18 01:14:54 bad
2021-07-18 01:14:57 CHB 1359054?1626542094 第 1 次 等待 3 秒
2021-07-18 01:15:00 CHB 1359054?1626542094 第 1 次 获取到号码【1359054】GSD
2021-07-18 01:15:00 获取到号码【1359054】的GSD为【广东-佛山】
2021-07-18 01:15:08 GSD insert 第 1 次 等待 3 秒
2021-07-18 01:15:11 {"status":"ok","gid":309029,"msg":"添加成功！"}
2021-07-18 01:15:11 下次操作: 2021-07-18 01:15:35

2021-07-18 01:15:35 开始第 29 次操作

2021-07-18 01:15:35 开始操作号码 【1359053】
2021-07-18 01:15:37 GSD getOne 第 1 次 等待 3 秒
2021-07-18 01:15:40 查询号码 【1359053】，返回信息 {"status":"ok","msg":"广东-佛山","gid":"7045","time_insert":"2018-05-08 10:03","time_update":"2020-09-26 20:49"}
2021-07-18 01:15:40 查询号码 【1359053】，GSD为【"广东-佛山"】

2021-07-18 01:15:41 开始第 29 次操作

2021-07-18 01:15:41 开始操作号码 【1359052】
2021-07-18 01:15:43 GSD getOne 第 1 次 等待 3 秒
2021-07-18 01:15:46 查询号码 【1359052】，返回信息 {"status":"bad","msg":""}
2021-07-18 01:15:46 查询号码 【1359052】，GSD为【""】
2021-07-18 01:15:46 bad
2021-07-18 01:15:51 CHB 1359052?1626542146 第 1 次 等待 3 秒
2021-07-18 01:15:54 CHB 1359052?1626542146 第 1 次 获取到号码【1359052】GSD
2021-07-18 01:15:54 获取到号码【1359052】的GSD为【广东-佛山】
2021-07-18 01:15:57 GSD insert 第 1 次 等待 3 秒
2021-07-18 01:16:00 {"status":"ok","gid":309040,"msg":"添加成功！"}
2021-07-18 01:16:00 下次操作: 2021-07-18 01:16:16

2021-07-18 01:16:16 开始第 30 次操作

2021-07-18 01:16:16 开始操作号码 【1359051】
2021-07-18 01:16:20 GSD getOne 第 1 次 等待 3 秒
2021-07-18 01:16:23 查询号码 【1359051】，返回信息 {"status":"bad","msg":""}
2021-07-18 01:16:23 查询号码 【1359051】，GSD为【""】
2021-07-18 01:16:23 bad
2021-07-18 01:16:25 CHB 1359051?1626542183 第 1 次 等待 3 秒
2021-07-18 01:16:28 CHB 1359051?1626542183 第 1 次 获取到号码【1359051】GSD
2021-07-18 01:16:28 获取到号码【1359051】的GSD为【广东-佛山】
2021-07-18 01:16:31 GSD insert 第 1 次 等待 3 秒
2021-07-18 01:16:34 {"status":"ok","gid":309048,"msg":"添加成功！"}
2021-07-18 01:16:34 下次操作: 2021-07-18 01:16:53

2021-07-18 01:16:53 开始第 31 次操作

2021-07-18 01:16:53 开始操作号码 【1359050】
2021-07-18 01:16:58 GSD getOne 第 1 次 等待 3 秒
2021-07-18 01:17:01 查询号码 【1359050】，返回信息 {"status":"ok","msg":"广东-佛山","gid":"7044","time_insert":"2017-05-21 18:05","time_update":"2020-09-26 20:44"}
2021-07-18 01:17:01 查询号码 【1359050】，GSD为【"广东-佛山"】

2021-07-18 01:17:01 开始第 31 次操作

2021-07-18 01:17:01 开始操作号码 【1359049】
2021-07-18 01:17:06 GSD getOne 第 1 次 等待 3 秒
2021-07-18 01:17:09 查询号码 【1359049】，返回信息 {"status":"bad","msg":""}
2021-07-18 01:17:10 查询号码 【1359049】，GSD为【""】
2021-07-18 01:17:10 bad
2021-07-18 01:17:12 CHB 1359049?1626542230 第 1 次 等待 3 秒
2021-07-18 01:17:15 CHB 1359049?1626542230 第 1 次 获取到号码【1359049】GSD
2021-07-18 01:17:15 获取到号码【1359049】的GSD为【广东-深圳】
2021-07-18 01:17:19 GSD insert 第 1 次 等待 3 秒
2021-07-18 01:17:22 {"status":"ok","gid":309057,"msg":"添加成功！"}
2021-07-18 01:17:22 下次操作: 2021-07-18 01:17:45

2021-07-18 01:17:45 开始第 32 次操作

2021-07-18 01:17:45 开始操作号码 【1359048】
2021-07-18 01:17:48 GSD getOne 第 1 次 等待 3 秒
2021-07-18 01:17:51 查询号码 【1359048】，返回信息 {"status":"bad","msg":""}
2021-07-18 01:17:51 查询号码 【1359048】，GSD为【""】
2021-07-18 01:17:51 bad
2021-07-18 01:17:53 CHB 1359048?1626542271 第 1 次 等待 3 秒
2021-07-18 01:17:56 CHB 1359048?1626542271 第 1 次 获取到号码【1359048】GSD
2021-07-18 01:17:56 获取到号码【1359048】的GSD为【广东-深圳】
2021-07-18 01:17:58 GSD insert 第 1 次 等待 3 秒
2021-07-18 01:18:01 {"status":"ok","gid":309066,"msg":"添加成功！"}
2021-07-18 01:18:01 下次操作: 2021-07-18 01:18:13

2021-07-18 01:18:13 开始第 33 次操作

2021-07-18 01:18:13 开始操作号码 【1359047】
2021-07-18 01:18:16 GSD getOne 第 1 次 等待 3 秒
2021-07-18 01:18:19 查询号码 【1359047】，返回信息 {"status":"ok","msg":"广东-深圳","gid":"7043","time_insert":"2017-05-02 16:18","time_update":"2020-09-26 20:40"}
2021-07-18 01:18:19 查询号码 【1359047】，GSD为【"广东-深圳"】

2021-07-18 01:18:19 开始第 33 次操作

2021-07-18 01:18:19 开始操作号码 【1359046】
2021-07-18 01:18:22 GSD getOne 第 1 次 等待 3 秒
2021-07-18 01:18:25 查询号码 【1359046】，返回信息 {"status":"bad","msg":""}
2021-07-18 01:18:25 查询号码 【1359046】，GSD为【""】
2021-07-18 01:18:25 bad
2021-07-18 01:18:27 CHB 1359046?1626542305 第 1 次 等待 3 秒
2021-07-18 01:18:30 CHB 1359046?1626542305 第 1 次 获取到号码【1359046】GSD
2021-07-18 01:18:30 获取到号码【1359046】的GSD为【广东-深圳】
2021-07-18 01:18:36 GSD insert 第 1 次 等待 3 秒
2021-07-18 01:18:39 {"status":"ok","gid":309076,"msg":"添加成功！"}
2021-07-18 01:18:39 下次操作: 2021-07-18 01:19:01

2021-07-18 01:19:01 开始第 34 次操作

2021-07-18 01:19:01 开始操作号码 【1359045】
2021-07-18 01:19:04 GSD getOne 第 1 次 等待 3 秒
2021-07-18 01:19:07 查询号码 【1359045】，返回信息 {"status":"bad","msg":""}
2021-07-18 01:19:07 查询号码 【1359045】，GSD为【""】
2021-07-18 01:19:07 bad
2021-07-18 01:19:08 CHB 1359045?1626542347 第 1 次 等待 3 秒
2021-07-18 01:19:11 CHB 1359045?1626542347 第 1 次 获取到号码【1359045】GSD
2021-07-18 01:19:11 获取到号码【1359045】的GSD为【广东-深圳】
2021-07-18 01:19:14 GSD insert 第 1 次 等待 3 秒
2021-07-18 01:19:17 {"status":"ok","gid":309087,"msg":"添加成功！"}
2021-07-18 01:19:17 下次操作: 2021-07-18 01:19:36

2021-07-18 01:19:36 开始第 35 次操作

2021-07-18 01:19:36 开始操作号码 【1359044】
2021-07-18 01:19:39 GSD getOne 第 1 次 等待 3 秒
2021-07-18 01:19:42 查询号码 【1359044】，返回信息 {"status":"bad","msg":""}
2021-07-18 01:19:42 查询号码 【1359044】，GSD为【""】
2021-07-18 01:19:42 bad
2021-07-18 01:19:44 CHB 1359044?1626542382 第 1 次 等待 3 秒
2021-07-18 01:19:47 CHB 1359044?1626542382 第 1 次 获取到号码【1359044】GSD
2021-07-18 01:19:47 获取到号码【1359044】的GSD为【广东-深圳】
2021-07-18 01:19:53 GSD insert 第 1 次 等待 3 秒
2021-07-18 01:19:56 {"status":"ok","gid":309094,"msg":"添加成功！"}
2021-07-18 01:19:56 下次操作: 2021-07-18 01:20:15

2021-07-18 01:20:15 开始第 36 次操作

2021-07-18 01:20:15 开始操作号码 【1359043】
2021-07-18 01:20:18 GSD getOne 第 1 次 等待 3 秒
2021-07-18 01:20:21 查询号码 【1359043】，返回信息 {"status":"ok","msg":"广东-深圳","gid":"7042","time_insert":"2016-12-30 14:36","time_update":"2020-09-26 20:36"}
2021-07-18 01:20:21 查询号码 【1359043】，GSD为【"广东-深圳"】

2021-07-18 01:20:21 开始第 36 次操作

2021-07-18 01:20:21 开始操作号码 【1359042】
2021-07-18 01:20:23 GSD getOne 第 1 次 等待 3 秒
2021-07-18 01:20:26 查询号码 【1359042】，返回信息 {"status":"bad","msg":""}
2021-07-18 01:20:27 查询号码 【1359042】，GSD为【""】
2021-07-18 01:20:27 bad
2021-07-18 01:20:28 CHB 1359042?1626542427 第 1 次 等待 3 秒
2021-07-18 01:20:31 CHB 1359042?1626542427 第 1 次 获取到号码【1359042】GSD
2021-07-18 01:20:31 获取到号码【1359042】的GSD为【广东-深圳】
2021-07-18 01:20:37 GSD insert 第 1 次 等待 3 秒
2021-07-18 01:20:40 {"status":"ok","gid":309106,"msg":"添加成功！"}
2021-07-18 01:20:40 下次操作: 2021-07-18 01:20:56

2021-07-18 01:20:56 开始第 37 次操作

2021-07-18 01:20:56 开始操作号码 【1359041】
2021-07-18 01:21:01 GSD getOne 第 1 次 等待 3 秒
2021-07-18 01:21:04 查询号码 【1359041】，返回信息 {"status":"bad","msg":""}
2021-07-18 01:21:04 查询号码 【1359041】，GSD为【""】
2021-07-18 01:21:04 bad
2021-07-18 01:21:06 CHB 1359041?1626542464 第 1 次 等待 3 秒
2021-07-18 01:21:09 CHB 1359041?1626542464 第 1 次 获取到号码【1359041】GSD
2021-07-18 01:21:09 获取到号码【1359041】的GSD为【广东-深圳】
2021-07-18 01:21:14 GSD insert 第 1 次 等待 3 秒
2021-07-18 01:21:17 {"status":"ok","gid":309115,"msg":"添加成功！"}
2021-07-18 01:21:17 下次操作: 2021-07-18 01:21:39

2021-07-18 01:21:39 开始第 38 次操作

2021-07-18 01:21:39 开始操作号码 【1359040】
2021-07-18 01:21:41 GSD getOne 第 1 次 等待 3 秒
2021-07-18 01:21:44 查询号码 【1359040】，返回信息 {"status":"ok","msg":"广东-深圳","gid":"7041","time_insert":"2017-07-02 09:57","time_update":"2020-09-26 20:33"}
2021-07-18 01:21:45 查询号码 【1359040】，GSD为【"广东-深圳"】

2021-07-18 01:21:45 开始第 38 次操作

2021-07-18 01:21:45 开始操作号码 【1359039】
2021-07-18 01:21:51 GSD getOne 第 1 次 等待 3 秒
2021-07-18 01:21:54 查询号码 【1359039】，返回信息 {"status":"bad","msg":""}
2021-07-18 01:21:54 查询号码 【1359039】，GSD为【""】
2021-07-18 01:21:54 bad
2021-07-18 01:21:57 CHB 1359039?1626542514 第 1 次 等待 3 秒
2021-07-18 01:22:00 CHB 1359039?1626542514 第 1 次 获取到号码【1359039】GSD
2021-07-18 01:22:00 获取到号码【1359039】的GSD为【广东-深圳】
2021-07-18 01:22:03 GSD insert 第 1 次 等待 3 秒
2021-07-18 01:22:06 {"status":"ok","gid":309127,"msg":"添加成功！"}
2021-07-18 01:22:06 下次操作: 2021-07-18 01:22:23

2021-07-18 01:22:23 开始第 39 次操作

2021-07-18 01:22:23 开始操作号码 【1359038】
2021-07-18 01:22:25 GSD getOne 第 1 次 等待 3 秒
2021-07-18 01:22:28 查询号码 【1359038】，返回信息 {"status":"ok","msg":"广东-深圳","gid":"7040","time_insert":"2020-06-11 16:56","time_update":"2020-09-26 20:29"}
2021-07-18 01:22:29 查询号码 【1359038】，GSD为【"广东-深圳"】

2021-07-18 01:22:29 开始第 39 次操作

2021-07-18 01:22:29 开始操作号码 【1359037】
2021-07-18 01:22:33 GSD getOne 第 1 次 等待 3 秒
2021-07-18 01:22:36 查询号码 【1359037】，返回信息 {"status":"bad","msg":""}
2021-07-18 01:22:36 查询号码 【1359037】，GSD为【""】
2021-07-18 01:22:36 bad
2021-07-18 01:22:38 CHB 1359037?1626542556 第 1 次 等待 3 秒
2021-07-18 01:22:41 CHB 1359037?1626542556 第 1 次 获取到号码【1359037】GSD
2021-07-18 01:22:41 获取到号码【1359037】的GSD为【广东-深圳】
2021-07-18 01:22:45 GSD insert 第 1 次 等待 3 秒
2021-07-18 01:22:48 {"status":"ok","gid":309138,"msg":"添加成功！"}
2021-07-18 01:22:48 下次操作: 2021-07-18 01:23:08

2021-07-18 01:23:08 开始第 40 次操作

2021-07-18 01:23:08 开始操作号码 【1359036】
2021-07-18 01:23:11 GSD getOne 第 1 次 等待 3 秒
2021-07-18 01:23:14 查询号码 【1359036】，返回信息 {"status":"bad","msg":""}
2021-07-18 01:23:14 查询号码 【1359036】，GSD为【""】
2021-07-18 01:23:14 bad
2021-07-18 01:23:16 CHB 1359036?1626542594 第 1 次 等待 3 秒
2021-07-18 01:23:19 CHB 1359036?1626542594 第 1 次 获取到号码【1359036】GSD
2021-07-18 01:23:19 获取到号码【1359036】的GSD为【广东-深圳】
2021-07-18 01:23:23 GSD insert 第 1 次 等待 3 秒
2021-07-18 01:23:26 {"status":"ok","gid":309147,"msg":"添加成功！"}

