2023-10-08 00:20:02 开始第 2053 次操作

2023-10-08 00:20:02 开始操作号码 【1902052】
2023-10-08 00:20:07 GSD getOne 第 1 次 等待 3 秒
2023-10-08 00:20:10 查询号码 【1902052】，返回信息 {"status":"ok","msg":"-","gid":"553000","time_insert":"2023-02-25 02:12"}
2023-10-08 00:20:10 查询号码 【1902052】，GSD为【"-"】
2023-10-08 00:20:10 ok && -
2023-10-08 00:20:13 CHB 1902052?1696695610 第 1 次 等待 3 秒
2023-10-08 00:20:16 CHB 1902052?1696695610 第 1 次 获取到号码【1902052】GSD
2023-10-08 00:20:16 未获取到号码【1902052】GSD，可能号码格式错误
2023-10-08 00:20:16 获取到号码【1902052】的GSD为【-】
2023-10-08 00:20:19 GSD insert 第 1 次 等待 3 秒
2023-10-08 00:20:22 {"status":"bad","gid":"553000","msg":"添加失败！号码【1902052(-|-)】已存在！"}
2023-10-08 00:20:22 随机等待 74 秒，约 1 分钟
2023-10-08 00:20:22 下次操作: 2023-10-08 00:21:36

2023-10-08 00:21:36 开始第 2054 次操作

2023-10-08 00:21:36 开始操作号码 【1902053】
2023-10-08 00:21:40 GSD getOne 第 1 次 等待 3 秒
2023-10-08 00:21:43 查询号码 【1902053】，返回信息 {"status":"ok","msg":"-","gid":"553017","time_insert":"2023-02-25 02:23"}
2023-10-08 00:21:43 查询号码 【1902053】，GSD为【"-"】
2023-10-08 00:21:43 ok && -
2023-10-08 00:21:45 CHB 1902053?1696695703 第 1 次 等待 3 秒
2023-10-08 00:21:48 CHB 1902053?1696695703 第 1 次 获取到号码【1902053】GSD
2023-10-08 00:21:48 未获取到号码【1902053】GSD，可能号码格式错误
2023-10-08 00:21:48 获取到号码【1902053】的GSD为【-】
2023-10-08 00:21:54 GSD insert 第 1 次 等待 3 秒
2023-10-08 00:21:57 {"status":"bad","gid":"553017","msg":"添加失败！号码【1902053(-|-)】已存在！"}
2023-10-08 00:21:57 随机等待 234 秒，约 3 分钟
2023-10-08 00:21:57 下次操作: 2023-10-08 00:25:51

2023-10-08 00:25:51 开始第 2055 次操作

2023-10-08 00:25:51 开始操作号码 【1902054】
2023-10-08 00:25:57 GSD getOne 第 1 次 等待 3 秒
2023-10-08 00:26:00 查询号码 【1902054】，返回信息 {"status":"ok","msg":"-","gid":"553038","time_insert":"2023-02-25 02:37"}
2023-10-08 00:26:00 查询号码 【1902054】，GSD为【"-"】
2023-10-08 00:26:00 ok && -
2023-10-08 00:26:03 CHB 1902054?1696695960 第 1 次 等待 3 秒
2023-10-08 00:26:06 CHB 1902054?1696695960 第 1 次 获取到号码【1902054】GSD
2023-10-08 00:26:06 未获取到号码【1902054】GSD，可能号码格式错误
2023-10-08 00:26:06 获取到号码【1902054】的GSD为【-】
2023-10-08 00:26:08 GSD insert 第 1 次 等待 3 秒
2023-10-08 00:26:11 {"status":"bad","gid":"553038","msg":"添加失败！号码【1902054(-|-)】已存在！"}
2023-10-08 00:26:11 随机等待 81 秒，约 1 分钟
2023-10-08 00:26:11 下次操作: 2023-10-08 00:27:32

2023-10-08 00:27:32 开始第 2056 次操作

2023-10-08 00:27:32 开始操作号码 【1902055】
2023-10-08 00:27:35 GSD getOne 第 1 次 等待 3 秒
2023-10-08 00:27:38 查询号码 【1902055】，返回信息 {"status":"ok","msg":"-","gid":"553055","time_insert":"2023-02-25 02:46"}
2023-10-08 00:27:38 查询号码 【1902055】，GSD为【"-"】
2023-10-08 00:27:38 ok && -
2023-10-08 00:27:41 CHB 1902055?1696696058 第 1 次 等待 3 秒
2023-10-08 00:27:44 CHB 1902055?1696696058 第 1 次 获取到号码【1902055】GSD
2023-10-08 00:27:44 未获取到号码【1902055】GSD，可能号码格式错误
2023-10-08 00:27:44 获取到号码【1902055】的GSD为【-】
2023-10-08 00:27:51 GSD insert 第 1 次 等待 3 秒
2023-10-08 00:27:54 {"status":"bad","gid":"553055","msg":"添加失败！号码【1902055(-|-)】已存在！"}

