2024-06-11 00:24:15 开始第 87 次操作
2024-06-11 00:24:15 号码【158（0000 ---> 9999）】处理完毕
2024-06-11 00:41:51 开始第 87 次操作
2024-06-11 00:41:51 号码【158（0000 ---> 9999）】处理完毕
2024-06-11 01:17:01 开始第 87 次操作
2024-06-11 01:17:01 号码【158（0000 ---> 9999）】处理完毕
2024-06-11 01:37:49 开始第 87 次操作
2024-06-11 01:37:49 号码【158（0000 ---> 9999）】处理完毕
2024-06-11 02:25:13 开始第 87 次操作
2024-06-11 02:25:13 号码【158（0000 ---> 9999）】处理完毕
2024-06-11 02:40:22 开始第 87 次操作
2024-06-11 02:40:22 号码【158（0000 ---> 9999）】处理完毕
2024-06-11 03:15:20 开始第 87 次操作
2024-06-11 03:15:20 号码【158（0000 ---> 9999）】处理完毕
2024-06-11 03:37:44 开始第 87 次操作
2024-06-11 03:37:44 号码【158（0000 ---> 9999）】处理完毕
2024-06-11 04:19:29 开始第 87 次操作
2024-06-11 04:19:29 号码【158（0000 ---> 9999）】处理完毕
2024-06-11 04:37:59 开始第 87 次操作
2024-06-11 04:37:59 号码【158（0000 ---> 9999）】处理完毕
2024-06-11 05:18:29 开始第 87 次操作
2024-06-11 05:18:29 号码【158（0000 ---> 9999）】处理完毕
2024-06-11 05:38:32 开始第 87 次操作
2024-06-11 05:38:32 号码【158（0000 ---> 9999）】处理完毕
2024-06-11 06:18:43 开始第 87 次操作
2024-06-11 06:18:43 号码【158（0000 ---> 9999）】处理完毕
2024-06-11 06:38:32 开始第 87 次操作
2024-06-11 06:38:32 号码【158（0000 ---> 9999）】处理完毕
2024-06-11 07:19:01 开始第 87 次操作
2024-06-11 07:19:01 号码【158（0000 ---> 9999）】处理完毕
2024-06-11 07:38:20 开始第 87 次操作
2024-06-11 07:38:20 号码【158（0000 ---> 9999）】处理完毕
2024-06-11 08:52:46 开始第 87 次操作

2024-06-11 08:52:46 开始操作号码 【1470001】
2024-06-11 08:52:52 GSD getOne 第 1 次 等待 3 秒
2024-06-11 08:52:55 查询号码 【1470001】，返回信息 {"status":"ok","msg":"福建-福州","gid":"66498","time_insert":"2021-05-24 09:49"}
2024-06-11 08:52:55 查询号码 【1470001】，GSD为【"福建-福州"】

2024-06-11 08:52:56 开始第 88 次操作

2024-06-11 08:52:56 开始操作号码 【1470002】
2024-06-11 08:53:03 GSD getOne 第 1 次 等待 3 秒
2024-06-11 08:53:06 查询号码 【1470002】，返回信息 {"status":"ok","msg":"福建-福州","gid":"66514","time_insert":"2021-05-24 10:13"}
2024-06-11 08:53:06 查询号码 【1470002】，GSD为【"福建-福州"】

