2024-02-17 00:21:02 开始第 4057 次操作

2024-02-17 00:21:02 开始操作号码 【1693970】
2024-02-17 00:21:07 GSD getOne 第 1 次 等待 3 秒
2024-02-17 00:21:10 查询号码 【1693970】，返回信息 {"status":"ok","msg":"-","gid":"652267","time_insert":"2023-04-13 20:29"}
2024-02-17 00:21:10 查询号码 【1693970】，GSD为【"-"】
2024-02-17 00:21:10 ok && -
2024-02-17 00:21:12 CHB 1693970?1708100470 第 1 次 等待 3 秒
2024-02-17 00:21:15 CHB 1693970?1708100470 第 1 次 获取到号码【1693970】GSD
2024-02-17 00:21:15 未获取到号码【1693970】GSD，可能号码格式错误
2024-02-17 00:21:15 获取到号码【1693970】的GSD为【-】
2024-02-17 00:21:21 GSD insert 第 1 次 等待 3 秒
2024-02-17 00:21:24 {"status":"bad","gid":"652267","msg":"添加失败！号码【1693970(-|-)】已存在！"}
2024-02-17 00:21:24 随机等待 185 秒，约 3 分钟
2024-02-17 00:21:24 下次操作: 2024-02-17 00:24:29

2024-02-17 00:24:29 开始第 4058 次操作

2024-02-17 00:24:29 开始操作号码 【1693971】
2024-02-17 00:24:34 GSD getOne 第 1 次 等待 3 秒
2024-02-17 00:24:37 查询号码 【1693971】，返回信息 {"status":"ok","msg":"-","gid":"652288","time_insert":"2023-04-13 20:51"}
2024-02-17 00:24:37 查询号码 【1693971】，GSD为【"-"】
2024-02-17 00:24:37 ok && -
2024-02-17 00:24:40 CHB 1693971?1708100677 第 1 次 等待 3 秒
2024-02-17 00:24:43 CHB 1693971?1708100677 第 1 次 获取到号码【1693971】GSD
2024-02-17 00:24:43 未获取到号码【1693971】GSD，可能号码格式错误
2024-02-17 00:24:43 获取到号码【1693971】的GSD为【-】
2024-02-17 00:24:47 GSD insert 第 1 次 等待 3 秒
2024-02-17 00:24:50 {"status":"bad","gid":"652288","msg":"添加失败！号码【1693971(-|-)】已存在！"}
2024-02-17 00:24:50 随机等待 130 秒，约 2 分钟
2024-02-17 00:24:50 下次操作: 2024-02-17 00:27:00

2024-02-17 00:27:00 开始第 4059 次操作

2024-02-17 00:27:00 开始操作号码 【1693972】
2024-02-17 00:27:05 GSD getOne 第 1 次 等待 3 秒
2024-02-17 00:27:08 查询号码 【1693972】，返回信息 {"status":"ok","msg":"-","gid":"652319","time_insert":"2023-04-13 21:09"}
2024-02-17 00:27:08 查询号码 【1693972】，GSD为【"-"】
2024-02-17 00:27:08 ok && -
2024-02-17 00:27:11 CHB 1693972?1708100828 第 1 次 等待 3 秒
2024-02-17 00:27:14 CHB 1693972?1708100828 第 1 次 获取到号码【1693972】GSD
2024-02-17 00:27:14 未获取到号码【1693972】GSD，可能号码格式错误
2024-02-17 00:27:14 获取到号码【1693972】的GSD为【-】
2024-02-17 00:27:19 GSD insert 第 1 次 等待 3 秒
2024-02-17 00:27:22 {"status":"bad","gid":"652319","msg":"添加失败！号码【1693972(-|-)】已存在！"}
2024-02-17 00:27:22 随机等待 216 秒，约 3 分钟
2024-02-17 00:27:22 下次操作: 2024-02-17 00:30:58

2024-02-17 00:30:58 开始第 4060 次操作

2024-02-17 00:30:58 开始操作号码 【1693973】
2024-02-17 00:31:03 GSD getOne 第 1 次 等待 3 秒
2024-02-17 00:31:06 查询号码 【1693973】，返回信息 {"status":"ok","msg":"-","gid":"652341","time_insert":"2023-04-13 21:27"}
2024-02-17 00:31:06 查询号码 【1693973】，GSD为【"-"】
2024-02-17 00:31:06 ok && -
2024-02-17 00:31:09 CHB 1693973?1708101066 第 1 次 等待 3 秒
2024-02-17 00:31:12 CHB 1693973?1708101066 第 1 次 获取到号码【1693973】GSD
2024-02-17 00:31:12 未获取到号码【1693973】GSD，可能号码格式错误
2024-02-17 00:31:12 获取到号码【1693973】的GSD为【-】
2024-02-17 00:31:16 GSD insert 第 1 次 等待 3 秒
2024-02-17 00:31:19 {"status":"bad","gid":"652341","msg":"添加失败！号码【1693973(-|-)】已存在！"}

2024-02-17 00:39:26 开始第 4061 次操作

2024-02-17 00:39:26 开始操作号码 【1693974】
2024-02-17 00:39:31 GSD getOne 第 1 次 等待 3 秒
2024-02-17 00:39:34 查询号码 【1693974】，返回信息 {"status":"ok","msg":"-","gid":"652368","time_insert":"2023-04-13 21:42"}
2024-02-17 00:39:34 查询号码 【1693974】，GSD为【"-"】
2024-02-17 00:39:34 ok && -
2024-02-17 00:39:37 CHB 1693974?1708101574 第 1 次 等待 3 秒
2024-02-17 00:39:40 CHB 1693974?1708101574 第 1 次 获取到号码【1693974】GSD
2024-02-17 00:39:40 未获取到号码【1693974】GSD，可能号码格式错误
2024-02-17 00:39:40 获取到号码【1693974】的GSD为【-】
2024-02-17 00:39:45 GSD insert 第 1 次 等待 3 秒
2024-02-17 00:39:48 {"status":"bad","gid":"652368","msg":"添加失败！号码【1693974(-|-)】已存在！"}
2024-02-17 00:39:48 随机等待 134 秒，约 2 分钟
2024-02-17 00:39:48 下次操作: 2024-02-17 00:42:02

2024-02-17 00:42:02 开始第 4062 次操作

2024-02-17 00:42:02 开始操作号码 【1693975】
2024-02-17 00:42:06 GSD getOne 第 1 次 等待 3 秒
2024-02-17 00:42:09 查询号码 【1693975】，返回信息 {"status":"ok","msg":"-","gid":"652393","time_insert":"2023-04-13 22:02"}
2024-02-17 00:42:09 查询号码 【1693975】，GSD为【"-"】
2024-02-17 00:42:09 ok && -
2024-02-17 00:42:12 CHB 1693975?1708101729 第 1 次 等待 3 秒
2024-02-17 00:42:15 CHB 1693975?1708101729 第 1 次 获取到号码【1693975】GSD
2024-02-17 00:42:15 未获取到号码【1693975】GSD，可能号码格式错误
2024-02-17 00:42:15 获取到号码【1693975】的GSD为【-】
2024-02-17 00:42:21 GSD insert 第 1 次 等待 3 秒
2024-02-17 00:42:24 {"status":"bad","gid":"652393","msg":"添加失败！号码【1693975(-|-)】已存在！"}
2024-02-17 00:42:24 随机等待 74 秒，约 1 分钟
2024-02-17 00:42:24 下次操作: 2024-02-17 00:43:38

2024-02-17 00:43:38 开始第 4063 次操作

2024-02-17 00:43:38 开始操作号码 【1693976】
2024-02-17 00:43:43 GSD getOne 第 1 次 等待 3 秒
2024-02-17 00:43:46 查询号码 【1693976】，返回信息 {"status":"ok","msg":"-","gid":"652419","time_insert":"2023-04-13 22:20"}
2024-02-17 00:43:46 查询号码 【1693976】，GSD为【"-"】
2024-02-17 00:43:46 ok && -
2024-02-17 00:43:48 CHB 1693976?1708101826 第 1 次 等待 3 秒
2024-02-17 00:43:51 CHB 1693976?1708101826 第 1 次 获取到号码【1693976】GSD
2024-02-17 00:43:51 未获取到号码【1693976】GSD，可能号码格式错误
2024-02-17 00:43:51 获取到号码【1693976】的GSD为【-】
2024-02-17 00:43:56 GSD insert 第 1 次 等待 3 秒
2024-02-17 00:43:59 {"status":"bad","gid":"652419","msg":"添加失败！号码【1693976(-|-)】已存在！"}
2024-02-17 00:43:59 随机等待 67 秒，约 1 分钟
2024-02-17 00:43:59 下次操作: 2024-02-17 00:45:06

2024-02-17 00:45:06 开始第 4064 次操作

2024-02-17 00:45:06 开始操作号码 【1693977】
2024-02-17 00:45:10 GSD getOne 第 1 次 等待 3 秒
2024-02-17 00:45:13 查询号码 【1693977】，返回信息 {"status":"ok","msg":"-","gid":"652448","time_insert":"2023-04-13 22:38"}
2024-02-17 00:45:13 查询号码 【1693977】，GSD为【"-"】
2024-02-17 00:45:13 ok && -
2024-02-17 00:45:15 CHB 1693977?1708101913 第 1 次 等待 3 秒
2024-02-17 00:45:18 CHB 1693977?1708101913 第 1 次 获取到号码【1693977】GSD
2024-02-17 00:45:18 未获取到号码【1693977】GSD，可能号码格式错误
2024-02-17 00:45:18 获取到号码【1693977】的GSD为【-】
2024-02-17 00:45:22 GSD insert 第 1 次 等待 3 秒
2024-02-17 00:45:25 {"status":"bad","gid":"652448","msg":"添加失败！号码【1693977(-|-)】已存在！"}

