2024-04-16 00:21:27 开始第 3713 次操作

2024-04-16 00:21:27 开始操作号码 【1583627】
2024-04-16 00:21:34 GSD getOne 第 1 次 等待 3 秒
2024-04-16 00:21:37 查询号码 【1583627】，返回信息 {"status":"ok","msg":"河南-周口","gid":"255769","time_insert":"2021-07-12 10:59"}
2024-04-16 00:21:37 查询号码 【1583627】，GSD为【"河南-周口"】

2024-04-16 00:21:38 开始第 3714 次操作

2024-04-16 00:21:38 开始操作号码 【1583628】
2024-04-16 00:21:44 GSD getOne 第 1 次 等待 3 秒
2024-04-16 00:21:47 查询号码 【1583628】，返回信息 {"status":"ok","msg":"河南-周口","gid":"255867","time_insert":"2021-07-12 11:19"}
2024-04-16 00:21:47 查询号码 【1583628】，GSD为【"河南-周口"】

2024-04-16 00:21:48 开始第 3715 次操作

2024-04-16 00:21:48 开始操作号码 【1583629】
2024-04-16 00:21:54 GSD getOne 第 1 次 等待 3 秒
2024-04-16 00:21:57 查询号码 【1583629】，返回信息 {"status":"ok","msg":"河南-周口","gid":"255894","time_insert":"2021-07-12 11:36"}
2024-04-16 00:21:57 查询号码 【1583629】，GSD为【"河南-周口"】

2024-04-16 00:21:58 开始第 3716 次操作

2024-04-16 00:21:58 开始操作号码 【1583630】
2024-04-16 00:22:03 GSD getOne 第 1 次 等待 3 秒
2024-04-16 00:22:06 查询号码 【1583630】，返回信息 {"status":"ok","msg":"河南-安阳","gid":"256093","time_insert":"2021-07-12 11:53"}
2024-04-16 00:22:06 查询号码 【1583630】，GSD为【"河南-安阳"】

2024-04-16 00:37:51 开始第 3717 次操作

2024-04-16 00:37:51 开始操作号码 【1583631】
2024-04-16 00:37:57 GSD getOne 第 1 次 等待 3 秒
2024-04-16 00:38:00 查询号码 【1583631】，返回信息 {"status":"ok","msg":"河南-安阳","gid":"256228","time_insert":"2021-07-12 12:12"}
2024-04-16 00:38:00 查询号码 【1583631】，GSD为【"河南-安阳"】

2024-04-16 00:38:01 开始第 3718 次操作

2024-04-16 00:38:01 开始操作号码 【1583632】
2024-04-16 00:38:07 GSD getOne 第 1 次 等待 3 秒
2024-04-16 00:38:10 查询号码 【1583632】，返回信息 {"status":"ok","msg":"河南-安阳","gid":"24925","time_insert":"2017-04-19 11:23","time_update":"2020-09-11 22:11"}
2024-04-16 00:38:10 查询号码 【1583632】，GSD为【"河南-安阳"】

2024-04-16 00:38:11 开始第 3719 次操作

2024-04-16 00:38:11 开始操作号码 【1583633】
2024-04-16 00:38:18 GSD getOne 第 1 次 等待 3 秒
2024-04-16 00:38:21 查询号码 【1583633】，返回信息 {"status":"ok","msg":"河南-安阳","gid":"256256","time_insert":"2021-07-12 12:28"}
2024-04-16 00:38:21 查询号码 【1583633】，GSD为【"河南-安阳"】

2024-04-16 00:38:22 开始第 3720 次操作

2024-04-16 00:38:22 开始操作号码 【1583634】
2024-04-16 00:38:27 GSD getOne 第 1 次 等待 3 秒
2024-04-16 00:38:30 查询号码 【1583634】，返回信息 {"status":"ok","msg":"河南-安阳","gid":"54783","time_insert":"2020-01-19 15:22"}
2024-04-16 00:38:30 查询号码 【1583634】，GSD为【"河南-安阳"】

