2024-04-20 00:23:20 开始第 4417 次操作

2024-04-20 00:23:20 开始操作号码 【1584331】
2024-04-20 00:23:27 GSD getOne 第 1 次 等待 3 秒
2024-04-20 00:23:30 查询号码 【1584331】，返回信息 {"status":"ok","msg":"吉林-延边","gid":"317471","time_insert":"2021-07-18 18:07"}
2024-04-20 00:23:30 查询号码 【1584331】，GSD为【"吉林-延边"】

2024-04-20 00:23:31 开始第 4418 次操作

2024-04-20 00:23:31 开始操作号码 【1584332】
2024-04-20 00:23:36 GSD getOne 第 1 次 等待 3 秒
2024-04-20 00:23:39 查询号码 【1584332】，返回信息 {"status":"ok","msg":"吉林-延边","gid":"317529","time_insert":"2021-07-18 18:17"}
2024-04-20 00:23:39 查询号码 【1584332】，GSD为【"吉林-延边"】

2024-04-20 00:23:40 开始第 4419 次操作

2024-04-20 00:23:40 开始操作号码 【1584333】
2024-04-20 00:23:45 GSD getOne 第 1 次 等待 3 秒
2024-04-20 00:23:48 查询号码 【1584333】，返回信息 {"status":"ok","msg":"吉林-延边","gid":"317561","time_insert":"2021-07-18 18:27"}
2024-04-20 00:23:48 查询号码 【1584333】，GSD为【"吉林-延边"】

2024-04-20 00:23:49 开始第 4420 次操作

2024-04-20 00:23:49 开始操作号码 【1584334】
2024-04-20 00:23:55 GSD getOne 第 1 次 等待 3 秒
2024-04-20 00:23:58 查询号码 【1584334】，返回信息 {"status":"ok","msg":"吉林-延边","gid":"317587","time_insert":"2021-07-18 18:36"}
2024-04-20 00:23:58 查询号码 【1584334】，GSD为【"吉林-延边"】

2024-04-20 00:40:13 开始第 4421 次操作

2024-04-20 00:40:13 开始操作号码 【1584335】
2024-04-20 00:40:22 GSD getOne 第 1 次 等待 3 秒
2024-04-20 00:40:25 查询号码 【1584335】，返回信息 {"status":"ok","msg":"吉林-延边","gid":"317695","time_insert":"2021-07-18 18:46"}
2024-04-20 00:40:25 查询号码 【1584335】，GSD为【"吉林-延边"】

2024-04-20 00:40:26 开始第 4422 次操作

2024-04-20 00:40:26 开始操作号码 【1584336】
2024-04-20 00:40:33 GSD getOne 第 1 次 等待 3 秒
2024-04-20 00:40:36 查询号码 【1584336】，返回信息 {"status":"ok","msg":"吉林-延边","gid":"317848","time_insert":"2021-07-18 18:55"}
2024-04-20 00:40:36 查询号码 【1584336】，GSD为【"吉林-延边"】

2024-04-20 00:40:37 开始第 4423 次操作

2024-04-20 00:40:37 开始操作号码 【1584337】
2024-04-20 00:40:46 GSD getOne 第 1 次 等待 3 秒
2024-04-20 00:40:49 查询号码 【1584337】，返回信息 {"status":"ok","msg":"吉林-延边","gid":"317988","time_insert":"2021-07-18 19:04"}
2024-04-20 00:40:49 查询号码 【1584337】，GSD为【"吉林-延边"】

2024-04-20 00:40:50 开始第 4424 次操作

2024-04-20 00:40:50 开始操作号码 【1584338】
2024-04-20 00:40:55 GSD getOne 第 1 次 等待 3 秒
2024-04-20 00:40:58 查询号码 【1584338】，返回信息 {"status":"ok","msg":"吉林-延边","gid":"318044","time_insert":"2021-07-18 19:12"}
2024-04-20 00:40:58 查询号码 【1584338】，GSD为【"吉林-延边"】

2024-04-20 01:16:02 开始第 4425 次操作

2024-04-20 01:16:02 开始操作号码 【1584339】
2024-04-20 01:16:08 GSD getOne 第 1 次 等待 3 秒
2024-04-20 01:16:11 查询号码 【1584339】，返回信息 {"status":"ok","msg":"吉林-延边","gid":"318076","time_insert":"2021-07-18 19:21"}
2024-04-20 01:16:11 查询号码 【1584339】，GSD为【"吉林-延边"】

2024-04-20 01:16:12 开始第 4426 次操作

2024-04-20 01:16:12 开始操作号码 【1584340】
2024-04-20 01:16:18 GSD getOne 第 1 次 等待 3 秒
2024-04-20 01:16:21 查询号码 【1584340】，返回信息 {"status":"ok","msg":"吉林-四平","gid":"318106","time_insert":"2021-07-18 19:30"}
2024-04-20 01:16:21 查询号码 【1584340】，GSD为【"吉林-四平"】

2024-04-20 01:16:22 开始第 4427 次操作

2024-04-20 01:16:22 开始操作号码 【1584341】
2024-04-20 01:16:27 GSD getOne 第 1 次 等待 3 秒
2024-04-20 01:16:30 查询号码 【1584341】，返回信息 {"status":"ok","msg":"吉林-四平","gid":"318202","time_insert":"2021-07-18 19:40"}
2024-04-20 01:16:30 查询号码 【1584341】，GSD为【"吉林-四平"】

2024-04-20 01:16:31 开始第 4428 次操作

2024-04-20 01:16:31 开始操作号码 【1584342】
2024-04-20 01:16:38 GSD getOne 第 1 次 等待 3 秒
2024-04-20 01:16:41 查询号码 【1584342】，返回信息 {"status":"ok","msg":"吉林-四平","gid":"318366","time_insert":"2021-07-18 19:51"}
2024-04-20 01:16:41 查询号码 【1584342】，GSD为【"吉林-四平"】

