2024-06-16 00:23:36 开始第 905 次操作

2024-06-16 00:23:36 开始操作号码 【1470819】
2024-06-16 00:23:48 GSD getOne 第 1 次 等待 3 秒
2024-06-16 00:23:51 查询号码 【1470819】，返回信息 {"status":"ok","msg":"四川-甘孜","gid":"82746","time_insert":"2021-06-06 12:46"}
2024-06-16 00:23:51 查询号码 【1470819】，GSD为【"四川-甘孜"】

2024-06-16 00:23:52 开始第 906 次操作

2024-06-16 00:23:52 开始操作号码 【1470820】
2024-06-16 00:23:57 GSD getOne 第 1 次 等待 3 秒
2024-06-16 00:24:00 查询号码 【1470820】，返回信息 {"status":"ok","msg":"四川-广安","gid":"14652","time_insert":"2019-09-28 23:35","time_update":"2020-10-17 13:33"}
2024-06-16 00:24:00 查询号码 【1470820】，GSD为【"四川-广安"】

2024-06-16 00:24:01 开始第 907 次操作

2024-06-16 00:24:01 开始操作号码 【1470821】
2024-06-16 00:24:08 GSD getOne 第 1 次 等待 3 秒
2024-06-16 00:24:11 查询号码 【1470821】，返回信息 {"status":"ok","msg":"四川-广安","gid":"14653","time_insert":"2017-08-04 00:00","time_update":"2020-10-17 13:37"}
2024-06-16 00:24:11 查询号码 【1470821】，GSD为【"四川-广安"】

2024-06-16 00:24:12 开始第 908 次操作

2024-06-16 00:24:12 开始操作号码 【1470822】
2024-06-16 00:24:17 GSD getOne 第 1 次 等待 3 秒
2024-06-16 00:24:20 查询号码 【1470822】，返回信息 {"status":"ok","msg":"四川-广安","gid":"14654","time_insert":"2018-08-29 23:02","time_update":"2020-10-17 13:42"}
2024-06-16 00:24:20 查询号码 【1470822】，GSD为【"四川-广安"】

2024-06-16 00:40:12 开始第 909 次操作

2024-06-16 00:40:12 开始操作号码 【1470823】
2024-06-16 00:40:21 GSD getOne 第 1 次 等待 3 秒
2024-06-16 00:40:24 查询号码 【1470823】，返回信息 {"status":"ok","msg":"四川-广安","gid":"82773","time_insert":"2021-06-06 13:13"}
2024-06-16 00:40:24 查询号码 【1470823】，GSD为【"四川-广安"】

2024-06-16 00:40:25 开始第 910 次操作

2024-06-16 00:40:25 开始操作号码 【1470824】
2024-06-16 00:40:34 GSD getOne 第 1 次 等待 3 秒
2024-06-16 00:40:37 查询号码 【1470824】，返回信息 {"status":"ok","msg":"四川-广安","gid":"14655","time_insert":"2016-10-15 21:24","time_update":"2020-10-17 13:45"}
2024-06-16 00:40:37 查询号码 【1470824】，GSD为【"四川-广安"】

2024-06-16 00:40:38 开始第 911 次操作

2024-06-16 00:40:38 开始操作号码 【1470825】
2024-06-16 00:40:46 GSD getOne 第 1 次 等待 3 秒
2024-06-16 00:40:49 查询号码 【1470825】，返回信息 {"status":"ok","msg":"四川-广安","gid":"14656","time_insert":"2017-06-11 12:18","time_update":"2020-10-17 13:48"}
2024-06-16 00:40:49 查询号码 【1470825】，GSD为【"四川-广安"】

2024-06-16 00:40:50 开始第 912 次操作

2024-06-16 00:40:50 开始操作号码 【1470826】
2024-06-16 00:40:56 GSD getOne 第 1 次 等待 3 秒
2024-06-16 00:40:59 查询号码 【1470826】，返回信息 {"status":"ok","msg":"四川-广安","gid":"14657","time_insert":"2014-04-30 15:19","time_update":"2020-10-17 13:49"}
2024-06-16 00:40:59 查询号码 【1470826】，GSD为【"四川-广安"】

