2024-02-07 00:21:20 开始第 2273 次操作

2024-02-07 00:21:20 开始操作号码 【1692186】
2024-02-07 00:21:24 GSD getOne 第 1 次 等待 3 秒
2024-02-07 00:21:27 查询号码 【1692186】，返回信息 {"status":"ok","msg":"-","gid":"591969","time_insert":"2023-03-15 09:17"}
2024-02-07 00:21:27 查询号码 【1692186】，GSD为【"-"】
2024-02-07 00:21:27 ok && -
2024-02-07 00:21:29 CHB 1692186?1707236487 第 1 次 等待 3 秒
2024-02-07 00:21:32 CHB 1692186?1707236487 第 1 次 获取到号码【1692186】GSD
2024-02-07 00:21:32 未获取到号码【1692186】GSD，可能号码格式错误
2024-02-07 00:21:32 获取到号码【1692186】的GSD为【-】
2024-02-07 00:21:42 GSD insert 第 1 次 等待 3 秒
2024-02-07 00:21:45 {"status":"bad","gid":"591969","msg":"添加失败！号码【1692186(-|-)】已存在！"}
2024-02-07 00:21:45 随机等待 181 秒，约 3 分钟
2024-02-07 00:21:45 下次操作: 2024-02-07 00:24:46

2024-02-07 00:24:46 开始第 2274 次操作

2024-02-07 00:24:46 开始操作号码 【1692187】
2024-02-07 00:24:54 GSD getOne 第 1 次 等待 3 秒
2024-02-07 00:24:57 查询号码 【1692187】，返回信息 {"status":"ok","msg":"-","gid":"591993","time_insert":"2023-03-15 09:36"}
2024-02-07 00:24:57 查询号码 【1692187】，GSD为【"-"】
2024-02-07 00:24:57 ok && -
2024-02-07 00:24:58 CHB 1692187?1707236697 第 1 次 等待 3 秒
2024-02-07 00:25:01 CHB 1692187?1707236697 第 1 次 获取到号码【1692187】GSD
2024-02-07 00:25:01 未获取到号码【1692187】GSD，可能号码格式错误
2024-02-07 00:25:01 获取到号码【1692187】的GSD为【-】
2024-02-07 00:25:06 GSD insert 第 1 次 等待 3 秒
2024-02-07 00:25:09 {"status":"bad","gid":"591993","msg":"添加失败！号码【1692187(-|-)】已存在！"}
2024-02-07 00:25:09 随机等待 207 秒，约 3 分钟
2024-02-07 00:25:09 下次操作: 2024-02-07 00:28:36

2024-02-07 00:28:36 开始第 2275 次操作

2024-02-07 00:28:36 开始操作号码 【1692188】
2024-02-07 00:28:40 GSD getOne 第 1 次 等待 3 秒
2024-02-07 00:28:43 查询号码 【1692188】，返回信息 {"status":"ok","msg":"-","gid":"592010","time_insert":"2023-03-15 09:54"}
2024-02-07 00:28:43 查询号码 【1692188】，GSD为【"-"】
2024-02-07 00:28:43 ok && -
2024-02-07 00:28:46 CHB 1692188?1707236923 第 1 次 等待 3 秒
2024-02-07 00:28:49 CHB 1692188?1707236923 第 1 次 获取到号码【1692188】GSD
2024-02-07 00:28:49 未获取到号码【1692188】GSD，可能号码格式错误
2024-02-07 00:28:49 获取到号码【1692188】的GSD为【-】
2024-02-07 00:28:53 GSD insert 第 1 次 等待 3 秒
2024-02-07 00:28:56 {"status":"bad","gid":"592010","msg":"添加失败！号码【1692188(-|-)】已存在！"}
2024-02-07 00:28:56 随机等待 197 秒，约 3 分钟
2024-02-07 00:28:56 下次操作: 2024-02-07 00:32:13

2024-02-07 00:32:13 开始第 2276 次操作

2024-02-07 00:32:13 开始操作号码 【1692189】
2024-02-07 00:32:21 GSD getOne 第 1 次 等待 3 秒
2024-02-07 00:32:24 查询号码 【1692189】，返回信息 {"status":"ok","msg":"-","gid":"592029","time_insert":"2023-03-15 10:10"}
2024-02-07 00:32:24 查询号码 【1692189】，GSD为【"-"】
2024-02-07 00:32:24 ok && -
2024-02-07 00:32:26 CHB 1692189?1707237144 第 1 次 等待 3 秒
2024-02-07 00:32:29 CHB 1692189?1707237144 第 1 次 获取到号码【1692189】GSD
2024-02-07 00:32:29 未获取到号码【1692189】GSD，可能号码格式错误
2024-02-07 00:32:29 获取到号码【1692189】的GSD为【-】
2024-02-07 00:32:33 GSD insert 第 1 次 等待 3 秒
2024-02-07 00:32:36 {"status":"bad","gid":"592029","msg":"添加失败！号码【1692189(-|-)】已存在！"}

2024-02-07 00:38:26 开始第 2277 次操作

2024-02-07 00:38:26 开始操作号码 【1692190】
2024-02-07 00:38:32 GSD getOne 第 1 次 等待 3 秒
2024-02-07 00:38:35 查询号码 【1692190】，返回信息 {"status":"ok","msg":"-","gid":"592049","time_insert":"2023-03-15 10:25"}
2024-02-07 00:38:35 查询号码 【1692190】，GSD为【"-"】
2024-02-07 00:38:35 ok && -
2024-02-07 00:38:38 CHB 1692190?1707237515 第 1 次 等待 3 秒
2024-02-07 00:38:41 CHB 1692190?1707237515 第 1 次 获取到号码【1692190】GSD
2024-02-07 00:38:41 未获取到号码【1692190】GSD，可能号码格式错误
2024-02-07 00:38:41 获取到号码【1692190】的GSD为【-】
2024-02-07 00:38:46 GSD insert 第 1 次 等待 3 秒
2024-02-07 00:38:49 {"status":"bad","gid":"592049","msg":"添加失败！号码【1692190(-|-)】已存在！"}
2024-02-07 00:38:50 随机等待 207 秒，约 3 分钟
2024-02-07 00:38:50 下次操作: 2024-02-07 00:42:17

2024-02-07 00:42:17 开始第 2278 次操作

2024-02-07 00:42:17 开始操作号码 【1692191】
2024-02-07 00:42:21 GSD getOne 第 1 次 等待 3 秒
2024-02-07 00:42:24 查询号码 【1692191】，返回信息 {"status":"ok","msg":"-","gid":"592067","time_insert":"2023-03-15 10:43"}
2024-02-07 00:42:24 查询号码 【1692191】，GSD为【"-"】
2024-02-07 00:42:24 ok && -
2024-02-07 00:42:26 CHB 1692191?1707237744 第 1 次 等待 3 秒
2024-02-07 00:42:29 CHB 1692191?1707237744 第 1 次 获取到号码【1692191】GSD
2024-02-07 00:42:29 未获取到号码【1692191】GSD，可能号码格式错误
2024-02-07 00:42:29 获取到号码【1692191】的GSD为【-】
2024-02-07 00:42:33 GSD insert 第 1 次 等待 3 秒
2024-02-07 00:42:36 {"status":"bad","gid":"592067","msg":"添加失败！号码【1692191(-|-)】已存在！"}
2024-02-07 00:42:36 随机等待 160 秒，约 2 分钟
2024-02-07 00:42:36 下次操作: 2024-02-07 00:45:16

2024-02-07 00:45:16 开始第 2279 次操作

2024-02-07 00:45:16 开始操作号码 【1692192】
2024-02-07 00:45:22 GSD getOne 第 1 次 等待 3 秒
2024-02-07 00:45:25 查询号码 【1692192】，返回信息 {"status":"ok","msg":"-","gid":"592098","time_insert":"2023-03-15 11:01"}
2024-02-07 00:45:25 查询号码 【1692192】，GSD为【"-"】
2024-02-07 00:45:25 ok && -
2024-02-07 00:45:27 CHB 1692192?1707237925 第 1 次 等待 3 秒
2024-02-07 00:45:30 CHB 1692192?1707237925 第 1 次 获取到号码【1692192】GSD
2024-02-07 00:45:30 未获取到号码【1692192】GSD，可能号码格式错误
2024-02-07 00:45:30 获取到号码【1692192】的GSD为【-】
2024-02-07 00:45:35 GSD insert 第 1 次 等待 3 秒
2024-02-07 00:45:38 {"status":"bad","gid":"592098","msg":"添加失败！号码【1692192(-|-)】已存在！"}
2024-02-07 00:45:38 随机等待 93 秒，约 1 分钟
2024-02-07 00:45:38 下次操作: 2024-02-07 00:47:11

2024-02-07 00:47:11 开始第 2280 次操作

2024-02-07 00:47:11 开始操作号码 【1692193】
2024-02-07 00:47:15 GSD getOne 第 1 次 等待 3 秒
2024-02-07 00:47:18 查询号码 【1692193】，返回信息 {"status":"ok","msg":"-","gid":"592118","time_insert":"2023-03-15 11:17"}
2024-02-07 00:47:18 查询号码 【1692193】，GSD为【"-"】
2024-02-07 00:47:18 ok && -
2024-02-07 00:47:21 CHB 1692193?1707238038 第 1 次 等待 3 秒
2024-02-07 00:47:24 CHB 1692193?1707238038 第 1 次 获取到号码【1692193】GSD
2024-02-07 00:47:24 未获取到号码【1692193】GSD，可能号码格式错误
2024-02-07 00:47:24 获取到号码【1692193】的GSD为【-】
2024-02-07 00:47:28 GSD insert 第 1 次 等待 3 秒
2024-02-07 00:47:31 {"status":"bad","gid":"592118","msg":"添加失败！号码【1692193(-|-)】已存在！"}

