2023-10-16 00:19:56 开始第 3265 次操作

2023-10-16 00:19:56 开始操作号码 【1903231】
2023-10-16 00:22:08 GSD getOne 第 1 次 等待 3 秒
2023-10-16 00:22:11 查询号码 【1903231】，返回信息 
2023-10-16 00:22:11 查询失败，3 秒后重新查询
2023-10-16 00:22:14 查询号码 【1903231】，返回信息 
2023-10-16 00:22:14 查询失败，结束本次操作，期待下次成功~
2023-10-16 00:22:14 随机等待 194 秒，约 3 分钟
2023-10-16 00:22:14 下次操作: 2023-10-16 00:25:28

2023-10-16 00:25:28 开始第 3266 次操作

2023-10-16 00:25:28 开始操作号码 【1903231】
2023-10-16 00:28:01 GSD getOne 第 1 次 等待 3 秒
2023-10-16 00:28:04 查询号码 【1903231】，返回信息 
2023-10-16 00:28:04 查询失败，3 秒后重新查询
2023-10-16 00:28:07 查询号码 【1903231】，返回信息 
2023-10-16 00:28:07 查询失败，结束本次操作，期待下次成功~
2023-10-16 00:28:07 随机等待 223 秒，约 3 分钟
2023-10-16 00:28:07 下次操作: 2023-10-16 00:31:50

2023-10-16 00:31:50 开始第 3267 次操作

2023-10-16 00:31:50 开始操作号码 【1903231】
2023-10-16 00:32:35 GSD getOne 第 1 次 等待 3 秒
2023-10-16 00:32:38 查询号码 【1903231】，返回信息 
2023-10-16 00:32:38 查询失败，3 秒后重新查询
2023-10-16 00:32:41 查询号码 【1903231】，返回信息 
2023-10-16 00:32:41 查询失败，结束本次操作，期待下次成功~
2023-10-16 00:32:41 随机等待 98 秒，约 1 分钟
2023-10-16 00:32:41 下次操作: 2023-10-16 00:34:19

2023-10-16 00:34:19 开始第 3268 次操作

2023-10-16 00:34:19 开始操作号码 【1903231】
2023-10-16 00:37:43 GSD getOne 第 1 次 等待 3 秒
2023-10-16 00:37:46 查询号码 【1903231】，返回信息 
2023-10-16 00:37:46 查询失败，3 秒后重新查询
2023-10-16 00:37:49 查询号码 【1903231】，返回信息 
2023-10-16 00:37:49 查询失败，结束本次操作，期待下次成功~

