2024-05-02 00:21:57 开始第 6541 次操作

2024-05-02 00:21:57 开始操作号码 【1586454】
2024-05-02 00:22:05 GSD getOne 第 1 次 等待 3 秒
2024-05-02 00:22:08 查询号码 【1586454】，返回信息 {"status":"ok","msg":"山东-济宁","gid":"401344","time_insert":"2021-07-26 13:07"}
2024-05-02 00:22:08 查询号码 【1586454】，GSD为【"山东-济宁"】

2024-05-02 00:22:09 开始第 6542 次操作

2024-05-02 00:22:09 开始操作号码 【1586455】
2024-05-02 00:22:15 GSD getOne 第 1 次 等待 3 秒
2024-05-02 00:22:18 查询号码 【1586455】，返回信息 {"status":"ok","msg":"山东-济宁","gid":"401331","time_insert":"2021-07-26 13:07"}
2024-05-02 00:22:18 查询号码 【1586455】，GSD为【"山东-济宁"】

2024-05-02 00:22:19 开始第 6543 次操作

2024-05-02 00:22:19 开始操作号码 【1586456】
2024-05-02 00:22:27 GSD getOne 第 1 次 等待 3 秒
2024-05-02 00:22:30 查询号码 【1586456】，返回信息 {"status":"ok","msg":"山东-潍坊","gid":"401320","time_insert":"2021-07-26 13:06"}
2024-05-02 00:22:30 查询号码 【1586456】，GSD为【"山东-潍坊"】

2024-05-02 00:22:31 开始第 6544 次操作

2024-05-02 00:22:31 开始操作号码 【1586457】
2024-05-02 00:22:35 GSD getOne 第 1 次 等待 3 秒
2024-05-02 00:22:38 查询号码 【1586457】，返回信息 {"status":"ok","msg":"山东-潍坊","gid":"401311","time_insert":"2021-07-26 13:05"}
2024-05-02 00:22:38 查询号码 【1586457】，GSD为【"山东-潍坊"】

2024-05-02 00:39:12 开始第 6545 次操作

2024-05-02 00:39:12 开始操作号码 【1586458】
2024-05-02 00:39:22 GSD getOne 第 1 次 等待 3 秒
2024-05-02 00:39:25 查询号码 【1586458】，返回信息 {"status":"ok","msg":"山东-潍坊","gid":"401301","time_insert":"2021-07-26 13:05"}
2024-05-02 00:39:25 查询号码 【1586458】，GSD为【"山东-潍坊"】

2024-05-02 00:39:26 开始第 6546 次操作

2024-05-02 00:39:26 开始操作号码 【1586459】
2024-05-02 00:39:39 GSD getOne 第 1 次 等待 3 秒
2024-05-02 00:39:42 查询号码 【1586459】，返回信息 {"status":"ok","msg":"山东-潍坊","gid":"401293","time_insert":"2021-07-26 13:04"}
2024-05-02 00:39:42 查询号码 【1586459】，GSD为【"山东-潍坊"】

2024-05-02 00:39:43 开始第 6547 次操作

2024-05-02 00:39:43 开始操作号码 【1586460】
2024-05-02 00:39:50 GSD getOne 第 1 次 等待 3 秒
2024-05-02 00:39:53 查询号码 【1586460】，返回信息 {"status":"ok","msg":"山东-菏泽","gid":"401282","time_insert":"2021-07-26 13:04"}
2024-05-02 00:39:53 查询号码 【1586460】，GSD为【"山东-菏泽"】

2024-05-02 00:39:54 开始第 6548 次操作

2024-05-02 00:39:54 开始操作号码 【1586461】
2024-05-02 00:40:02 GSD getOne 第 1 次 等待 3 秒
2024-05-02 00:40:05 查询号码 【1586461】，返回信息 {"status":"ok","msg":"山东-菏泽","gid":"401272","time_insert":"2021-07-26 13:03"}
2024-05-02 00:40:05 查询号码 【1586461】，GSD为【"山东-菏泽"】

