2023-11-28 00:23:48 开始第 197 次操作

2023-11-28 00:23:48 开始操作号码 【1800112】
2023-11-28 00:23:52 GSD getOne 第 1 次 等待 3 秒
2023-11-28 00:23:55 查询号码 【1800112】，返回信息 {"status":"ok","msg":"北京-北京","gid":"254753","time_insert":"2021-07-12 07:45"}
2023-11-28 00:23:56 查询号码 【1800112】，GSD为【"北京-北京"】

2023-11-28 00:23:57 开始第 198 次操作

2023-11-28 00:23:57 开始操作号码 【1800113】
2023-11-28 00:24:00 GSD getOne 第 1 次 等待 3 秒
2023-11-28 00:24:03 查询号码 【1800113】，返回信息 {"status":"ok","msg":"北京-北京","gid":"254767","time_insert":"2021-07-12 07:46"}
2023-11-28 00:24:03 查询号码 【1800113】，GSD为【"北京-北京"】

2023-11-28 00:24:04 开始第 199 次操作

2023-11-28 00:24:04 开始操作号码 【1800114】
2023-11-28 00:24:08 GSD getOne 第 1 次 等待 3 秒
2023-11-28 00:24:11 查询号码 【1800114】，返回信息 {"status":"ok","msg":"北京-北京","gid":"254778","time_insert":"2021-07-12 07:47"}
2023-11-28 00:24:11 查询号码 【1800114】，GSD为【"北京-北京"】

2023-11-28 00:24:12 开始第 200 次操作

2023-11-28 00:24:12 开始操作号码 【1800115】
2023-11-28 00:24:15 GSD getOne 第 1 次 等待 3 秒
2023-11-28 00:24:18 查询号码 【1800115】，返回信息 {"status":"ok","msg":"北京-北京","gid":"254795","time_insert":"2021-07-12 07:47"}
2023-11-28 00:24:18 查询号码 【1800115】，GSD为【"北京-北京"】

