2024-01-22 00:21:44 开始第 9873 次操作

2024-01-22 00:21:44 开始操作号码 【1809788】
2024-01-22 00:21:49 GSD getOne 第 1 次 等待 3 秒
2024-01-22 00:21:52 查询号码 【1809788】，返回信息 {"status":"ok","msg":"新疆-伊犁","gid":"354227","time_insert":"2021-07-22 10:13"}
2024-01-22 00:21:52 查询号码 【1809788】，GSD为【"新疆-伊犁"】

2024-01-22 00:21:53 开始第 9874 次操作

2024-01-22 00:21:53 开始操作号码 【1809789】
2024-01-22 00:22:00 GSD getOne 第 1 次 等待 3 秒
2024-01-22 00:22:03 查询号码 【1809789】，返回信息 {"status":"ok","msg":"新疆-伊犁","gid":"354231","time_insert":"2021-07-22 10:14"}
2024-01-22 00:22:03 查询号码 【1809789】，GSD为【"新疆-伊犁"】

2024-01-22 00:22:04 开始第 9875 次操作

2024-01-22 00:22:04 开始操作号码 【1809790】
2024-01-22 00:22:08 GSD getOne 第 1 次 等待 3 秒
2024-01-22 00:22:11 查询号码 【1809790】，返回信息 {"status":"ok","msg":"新疆-克拉玛依","gid":"354235","time_insert":"2021-07-22 10:15"}
2024-01-22 00:22:11 查询号码 【1809790】，GSD为【"新疆-克拉玛依"】

2024-01-22 00:22:12 开始第 9876 次操作

2024-01-22 00:22:12 开始操作号码 【1809791】
2024-01-22 00:22:16 GSD getOne 第 1 次 等待 3 秒
2024-01-22 00:22:19 查询号码 【1809791】，返回信息 {"status":"ok","msg":"新疆-克孜勒苏","gid":"354244","time_insert":"2021-07-22 10:16"}
2024-01-22 00:22:19 查询号码 【1809791】，GSD为【"新疆-克孜勒苏"】

2024-01-22 00:40:09 开始第 9877 次操作

2024-01-22 00:40:09 开始操作号码 【1809792】
2024-01-22 00:40:14 GSD getOne 第 1 次 等待 3 秒
2024-01-22 00:40:17 查询号码 【1809792】，返回信息 {"status":"ok","msg":"新疆-哈密","gid":"33042","time_insert":"2017-07-18 12:59","time_update":"2020-12-22 23:38"}
2024-01-22 00:40:17 查询号码 【1809792】，GSD为【"新疆-哈密"】

2024-01-22 00:40:18 开始第 9878 次操作

2024-01-22 00:40:18 开始操作号码 【1809793】
2024-01-22 00:40:22 GSD getOne 第 1 次 等待 3 秒
2024-01-22 00:40:25 查询号码 【1809793】，返回信息 {"status":"ok","msg":"新疆-喀什","gid":"354250","time_insert":"2021-07-22 10:17"}
2024-01-22 00:40:25 查询号码 【1809793】，GSD为【"新疆-喀什"】

2024-01-22 00:40:26 开始第 9879 次操作

2024-01-22 00:40:26 开始操作号码 【1809794】
2024-01-22 00:40:31 GSD getOne 第 1 次 等待 3 秒
2024-01-22 00:40:34 查询号码 【1809794】，返回信息 {"status":"ok","msg":"新疆-喀什","gid":"354254","time_insert":"2021-07-22 10:18"}
2024-01-22 00:40:34 查询号码 【1809794】，GSD为【"新疆-喀什"】

2024-01-22 00:40:35 开始第 9880 次操作

2024-01-22 00:40:35 开始操作号码 【1809795】
2024-01-22 00:40:39 GSD getOne 第 1 次 等待 3 秒
2024-01-22 00:40:42 查询号码 【1809795】，返回信息 {"status":"ok","msg":"新疆-喀什","gid":"354259","time_insert":"2021-07-22 10:19"}
2024-01-22 00:40:42 查询号码 【1809795】，GSD为【"新疆-喀什"】

