2024-04-24 00:22:01 开始第 5125 次操作

2024-04-24 00:22:01 开始操作号码 【1585038】
2024-04-24 00:22:10 GSD getOne 第 1 次 等待 3 秒
2024-04-24 00:22:13 查询号码 【1585038】，返回信息 {"status":"ok","msg":"江苏-苏州","gid":"362223","time_insert":"2021-07-23 04:02"}
2024-04-24 00:22:13 查询号码 【1585038】，GSD为【"江苏-苏州"】

2024-04-24 00:22:14 开始第 5126 次操作

2024-04-24 00:22:14 开始操作号码 【1585039】
2024-04-24 00:22:18 GSD getOne 第 1 次 等待 3 秒
2024-04-24 00:22:21 查询号码 【1585039】，返回信息 {"status":"ok","msg":"江苏-苏州","gid":"362255","time_insert":"2021-07-23 04:11"}
2024-04-24 00:22:21 查询号码 【1585039】，GSD为【"江苏-苏州"】

2024-04-24 00:22:22 开始第 5127 次操作

2024-04-24 00:22:22 开始操作号码 【1585040】
2024-04-24 00:22:28 GSD getOne 第 1 次 等待 3 秒
2024-04-24 00:22:31 查询号码 【1585040】，返回信息 {"status":"ok","msg":"江苏-宿迁","gid":"362283","time_insert":"2021-07-23 04:21"}
2024-04-24 00:22:31 查询号码 【1585040】，GSD为【"江苏-宿迁"】

2024-04-24 00:22:32 开始第 5128 次操作

2024-04-24 00:22:32 开始操作号码 【1585041】
2024-04-24 00:22:36 GSD getOne 第 1 次 等待 3 秒
2024-04-24 00:22:39 查询号码 【1585041】，返回信息 {"status":"ok","msg":"江苏-连云港","gid":"362302","time_insert":"2021-07-23 04:31"}
2024-04-24 00:22:39 查询号码 【1585041】，GSD为【"江苏-连云港"】

