2023-11-15 00:18:45 开始第 8525 次操作

2023-11-15 00:18:45 开始操作号码 【1908439】
2023-11-15 00:18:58 GSD getOne 第 1 次 等待 3 秒
2023-11-15 00:19:01 查询号码 【1908439】，返回信息 {"status":"ok","msg":"贵州-贵阳","gid":"642385","time_insert":"2023-04-09 07:58","time_update":"2023-06-18 14:08"}
2023-11-15 00:19:01 查询号码 【1908439】，GSD为【"贵州-贵阳"】

2023-11-15 00:19:02 开始第 8526 次操作

2023-11-15 00:19:02 开始操作号码 【1908440】
2023-11-15 00:19:06 GSD getOne 第 1 次 等待 3 秒
2023-11-15 00:19:09 查询号码 【1908440】，返回信息 {"status":"ok","msg":"贵州-遵义","gid":"642397","time_insert":"2023-04-09 08:15","time_update":"2023-06-18 13:53"}
2023-11-15 00:19:09 查询号码 【1908440】，GSD为【"贵州-遵义"】

2023-11-15 00:19:10 开始第 8527 次操作

2023-11-15 00:19:10 开始操作号码 【1908441】
2023-11-15 00:19:13 GSD getOne 第 1 次 等待 3 秒
2023-11-15 00:19:16 查询号码 【1908441】，返回信息 {"status":"ok","msg":"贵州-遵义","gid":"642415","time_insert":"2023-04-09 08:34","time_update":"2023-06-18 13:37"}
2023-11-15 00:19:16 查询号码 【1908441】，GSD为【"贵州-遵义"】

2023-11-15 00:19:17 开始第 8528 次操作

2023-11-15 00:19:17 开始操作号码 【1908442】
2023-11-15 00:19:21 GSD getOne 第 1 次 等待 3 秒
2023-11-15 00:19:24 查询号码 【1908442】，返回信息 {"status":"ok","msg":"贵州-遵义","gid":"642440","time_insert":"2023-04-09 08:51","time_update":"2023-06-18 13:24"}
2023-11-15 00:19:24 查询号码 【1908442】，GSD为【"贵州-遵义"】

2023-11-15 00:38:01 开始第 8529 次操作

2023-11-15 00:38:01 开始操作号码 【1908443】
2023-11-15 00:38:04 GSD getOne 第 1 次 等待 3 秒
2023-11-15 00:38:07 查询号码 【1908443】，返回信息 {"status":"ok","msg":"贵州-遵义","gid":"642465","time_insert":"2023-04-09 09:07","time_update":"2023-06-18 13:07"}
2023-11-15 00:38:07 查询号码 【1908443】，GSD为【"贵州-遵义"】

2023-11-15 00:38:08 开始第 8530 次操作

2023-11-15 00:38:08 开始操作号码 【1908444】
2023-11-15 00:38:12 GSD getOne 第 1 次 等待 3 秒
2023-11-15 00:38:15 查询号码 【1908444】，返回信息 {"status":"ok","msg":"贵州-遵义","gid":"642484","time_insert":"2023-04-09 09:25","time_update":"2023-06-18 12:52"}
2023-11-15 00:38:15 查询号码 【1908444】，GSD为【"贵州-遵义"】

2023-11-15 00:38:16 开始第 8531 次操作

2023-11-15 00:38:16 开始操作号码 【1908445】
2023-11-15 00:38:20 GSD getOne 第 1 次 等待 3 秒
2023-11-15 00:38:23 查询号码 【1908445】，返回信息 {"status":"ok","msg":"贵州-遵义","gid":"642502","time_insert":"2023-04-09 09:43","time_update":"2023-06-18 12:35"}
2023-11-15 00:38:23 查询号码 【1908445】，GSD为【"贵州-遵义"】

2023-11-15 00:38:24 开始第 8532 次操作

2023-11-15 00:38:24 开始操作号码 【1908446】
2023-11-15 00:38:28 GSD getOne 第 1 次 等待 3 秒
2023-11-15 00:38:31 查询号码 【1908446】，返回信息 {"status":"ok","msg":"贵州-遵义","gid":"642525","time_insert":"2023-04-09 10:02","time_update":"2023-06-18 12:19"}
2023-11-15 00:38:31 查询号码 【1908446】，GSD为【"贵州-遵义"】

2023-11-15 01:13:34 开始第 8533 次操作

2023-11-15 01:13:34 开始操作号码 【1908447】
2023-11-15 01:13:40 GSD getOne 第 1 次 等待 3 秒
2023-11-15 01:13:43 查询号码 【1908447】，返回信息 {"status":"ok","msg":"贵州-遵义","gid":"642545","time_insert":"2023-04-09 10:19","time_update":"2023-06-18 12:03"}
2023-11-15 01:13:43 查询号码 【1908447】，GSD为【"贵州-遵义"】

2023-11-15 01:13:44 开始第 8534 次操作

2023-11-15 01:13:44 开始操作号码 【1908448】
2023-11-15 01:13:48 GSD getOne 第 1 次 等待 3 秒
2023-11-15 01:13:51 查询号码 【1908448】，返回信息 {"status":"ok","msg":"贵州-遵义","gid":"642565","time_insert":"2023-04-09 10:35","time_update":"2023-06-18 11:46"}
2023-11-15 01:13:51 查询号码 【1908448】，GSD为【"贵州-遵义"】

2023-11-15 01:13:52 开始第 8535 次操作

2023-11-15 01:13:52 开始操作号码 【1908449】
2023-11-15 01:13:55 GSD getOne 第 1 次 等待 3 秒
2023-11-15 01:13:58 查询号码 【1908449】，返回信息 {"status":"ok","msg":"贵州-遵义","gid":"642591","time_insert":"2023-04-09 10:51","time_update":"2023-06-18 11:23"}
2023-11-15 01:13:58 查询号码 【1908449】，GSD为【"贵州-遵义"】

2023-11-15 01:13:59 开始第 8536 次操作

2023-11-15 01:13:59 开始操作号码 【1908450】
2023-11-15 01:14:02 GSD getOne 第 1 次 等待 3 秒
2023-11-15 01:14:05 查询号码 【1908450】，返回信息 {"status":"ok","msg":"贵州-安顺","gid":"642621","time_insert":"2023-04-09 11:11","time_update":"2023-06-18 11:08"}
2023-11-15 01:14:05 查询号码 【1908450】，GSD为【"贵州-安顺"】

