2024-09-10 00:22:44 开始第 3749 次操作

2024-09-10 00:22:44 开始操作号码 【1363748】
2024-09-10 00:22:52 GSD getOne 第 1 次 等待 3 秒
2024-09-10 00:22:55 查询号码 【1363748】，返回信息 {"status":"ok","msg":"湖南-长沙","gid":"153027","time_insert":"2021-06-29 11:19"}
2024-09-10 00:22:55 查询号码 【1363748】，GSD为【"湖南-长沙"】

2024-09-10 00:22:56 开始第 3750 次操作

2024-09-10 00:22:56 开始操作号码 【1363749】
2024-09-10 00:23:04 GSD getOne 第 1 次 等待 3 秒
2024-09-10 00:23:07 查询号码 【1363749】，返回信息 {"status":"ok","msg":"湖南-长沙","gid":"153058","time_insert":"2021-06-29 11:42"}
2024-09-10 00:23:07 查询号码 【1363749】，GSD为【"湖南-长沙"】

2024-09-10 00:23:08 开始第 3751 次操作

2024-09-10 00:23:08 开始操作号码 【1363750】
2024-09-10 00:23:16 GSD getOne 第 1 次 等待 3 秒
2024-09-10 00:23:19 查询号码 【1363750】，返回信息 {"status":"ok","msg":"海南-海口","gid":"153263","time_insert":"2021-06-29 12:05"}
2024-09-10 00:23:19 查询号码 【1363750】，GSD为【"海南-海口"】

2024-09-10 00:23:20 开始第 3752 次操作

2024-09-10 00:23:20 开始操作号码 【1363751】
2024-09-10 00:23:28 GSD getOne 第 1 次 等待 3 秒
2024-09-10 00:23:31 查询号码 【1363751】，返回信息 {"status":"ok","msg":"海南-海口","gid":"153358","time_insert":"2021-06-29 12:23"}
2024-09-10 00:23:31 查询号码 【1363751】，GSD为【"海南-海口"】

2024-09-10 00:43:06 开始第 3753 次操作

2024-09-10 00:43:06 开始操作号码 【1363752】
2024-09-10 00:43:25 GSD getOne 第 1 次 等待 3 秒
2024-09-10 00:43:28 查询号码 【1363752】，返回信息 {"status":"ok","msg":"海南-海口","gid":"153381","time_insert":"2021-06-29 12:38"}
2024-09-10 00:43:28 查询号码 【1363752】，GSD为【"海南-海口"】

2024-09-10 00:43:29 开始第 3754 次操作

2024-09-10 00:43:29 开始操作号码 【1363753】
2024-09-10 00:43:36 GSD getOne 第 1 次 等待 3 秒
2024-09-10 00:43:39 查询号码 【1363753】，返回信息 {"status":"ok","msg":"海南-海口","gid":"153438","time_insert":"2021-06-29 12:59"}
2024-09-10 00:43:39 查询号码 【1363753】，GSD为【"海南-海口"】

2024-09-10 00:43:40 开始第 3755 次操作

2024-09-10 00:43:40 开始操作号码 【1363754】
2024-09-10 00:43:48 GSD getOne 第 1 次 等待 3 秒
2024-09-10 00:43:51 查询号码 【1363754】，返回信息 {"status":"ok","msg":"海南-海口","gid":"153654","time_insert":"2021-06-29 13:18"}
2024-09-10 00:43:51 查询号码 【1363754】，GSD为【"海南-海口"】

2024-09-10 00:43:52 开始第 3756 次操作

2024-09-10 00:43:52 开始操作号码 【1363755】
2024-09-10 00:44:00 GSD getOne 第 1 次 等待 3 秒
2024-09-10 00:44:03 查询号码 【1363755】，返回信息 {"status":"ok","msg":"海南-海口","gid":"153720","time_insert":"2021-06-29 13:36"}
2024-09-10 00:44:03 查询号码 【1363755】，GSD为【"海南-海口"】

2024-09-10 01:16:52 开始第 3757 次操作

2024-09-10 01:16:52 开始操作号码 【1363756】
2024-09-10 01:17:02 GSD getOne 第 1 次 等待 3 秒
2024-09-10 01:17:05 查询号码 【1363756】，返回信息 {"status":"ok","msg":"海南-海口","gid":"153925","time_insert":"2021-06-29 13:51"}
2024-09-10 01:17:05 查询号码 【1363756】，GSD为【"海南-海口"】

2024-09-10 01:17:06 开始第 3758 次操作

2024-09-10 01:17:06 开始操作号码 【1363757】
2024-09-10 01:17:14 GSD getOne 第 1 次 等待 3 秒
2024-09-10 01:17:17 查询号码 【1363757】，返回信息 {"status":"ok","msg":"海南-海口","gid":"153992","time_insert":"2021-06-29 14:06"}
2024-09-10 01:17:17 查询号码 【1363757】，GSD为【"海南-海口"】

2024-09-10 01:17:18 开始第 3759 次操作

2024-09-10 01:17:18 开始操作号码 【1363758】
2024-09-10 01:17:25 GSD getOne 第 1 次 等待 3 秒
2024-09-10 01:17:28 查询号码 【1363758】，返回信息 {"status":"ok","msg":"海南-海口","gid":"154022","time_insert":"2021-06-29 14:28"}
2024-09-10 01:17:28 查询号码 【1363758】，GSD为【"海南-海口"】

2024-09-10 01:17:29 开始第 3760 次操作

2024-09-10 01:17:29 开始操作号码 【1363759】
2024-09-10 01:17:37 GSD getOne 第 1 次 等待 3 秒
2024-09-10 01:17:40 查询号码 【1363759】，返回信息 {"status":"ok","msg":"海南-海口","gid":"154047","time_insert":"2021-06-29 14:45"}
2024-09-10 01:17:40 查询号码 【1363759】，GSD为【"海南-海口"】

