2023-10-05 00:22:59 开始第 1525 次操作

2023-10-05 00:22:59 开始操作号码 【1901524】
2023-10-05 00:23:05 GSD getOne 第 1 次 等待 3 秒
2023-10-05 00:23:08 查询号码 【1901524】，返回信息 {"status":"ok","msg":"湖南-邵阳","gid":"542032","time_insert":"2023-02-20 06:13"}
2023-10-05 00:23:08 查询号码 【1901524】，GSD为【"湖南-邵阳"】

2023-10-05 00:23:09 开始第 1526 次操作

2023-10-05 00:23:09 开始操作号码 【1901525】
2023-10-05 00:23:13 GSD getOne 第 1 次 等待 3 秒
2023-10-05 00:23:16 查询号码 【1901525】，返回信息 {"status":"ok","msg":"湖南-邵阳","gid":"542058","time_insert":"2023-02-20 06:30"}
2023-10-05 00:23:16 查询号码 【1901525】，GSD为【"湖南-邵阳"】

2023-10-05 00:23:17 开始第 1527 次操作

2023-10-05 00:23:17 开始操作号码 【1901526】
2023-10-05 00:23:19 GSD getOne 第 1 次 等待 3 秒
2023-10-05 00:23:22 查询号码 【1901526】，返回信息 {"status":"ok","msg":"湖南-邵阳","gid":"542074","time_insert":"2023-02-20 06:40"}
2023-10-05 00:23:22 查询号码 【1901526】，GSD为【"湖南-邵阳"】

2023-10-05 00:23:23 开始第 1528 次操作

2023-10-05 00:23:23 开始操作号码 【1901527】
2023-10-05 00:23:29 GSD getOne 第 1 次 等待 3 秒
2023-10-05 00:23:32 查询号码 【1901527】，返回信息 {"status":"ok","msg":"湖南-邵阳","gid":"542103","time_insert":"2023-02-20 06:55"}
2023-10-05 00:23:32 查询号码 【1901527】，GSD为【"湖南-邵阳"】

