2024-10-06 00:22:24 开始第 8189 次操作

2024-10-06 00:22:24 开始操作号码 【1368188】
2024-10-06 00:22:26 GSD getOne 第 1 次 等待 3 秒
2024-10-06 00:22:29 查询号码 【1368188】，返回信息 {"status":"ok","msg":"上海-上海","gid":"51578","time_insert":"2021-04-22 09:59"}
2024-10-06 00:22:29 查询号码 【1368188】，GSD为【"上海-上海"】

2024-10-06 00:22:30 开始第 8190 次操作

2024-10-06 00:22:30 开始操作号码 【1368189】
2024-10-06 00:22:32 GSD getOne 第 1 次 等待 3 秒
2024-10-06 00:22:35 查询号码 【1368189】，返回信息 {"status":"ok","msg":"上海-上海","gid":"341613","time_insert":"2021-07-21 01:05"}
2024-10-06 00:22:35 查询号码 【1368189】，GSD为【"上海-上海"】

2024-10-06 00:22:36 开始第 8191 次操作

2024-10-06 00:22:36 开始操作号码 【1368190】
2024-10-06 00:22:38 GSD getOne 第 1 次 等待 3 秒
2024-10-06 00:22:41 查询号码 【1368190】，返回信息 {"status":"ok","msg":"上海-上海","gid":"341607","time_insert":"2021-07-21 01:04"}
2024-10-06 00:22:41 查询号码 【1368190】，GSD为【"上海-上海"】

2024-10-06 00:22:42 开始第 8192 次操作

2024-10-06 00:22:42 开始操作号码 【1368191】
2024-10-06 00:22:47 GSD getOne 第 1 次 等待 3 秒
2024-10-06 00:22:50 查询号码 【1368191】，返回信息 {"status":"ok","msg":"上海-上海","gid":"51823","time_insert":"2021-04-22 10:19"}
2024-10-06 00:22:50 查询号码 【1368191】，GSD为【"上海-上海"】

