2023-10-30 00:21:04 开始第 5717 次操作

2023-10-30 00:21:04 开始操作号码 【1905631】
2023-10-30 00:21:17 GSD getOne 第 1 次 等待 3 秒
2023-10-30 00:21:20 查询号码 【1905631】，返回信息 {"status":"ok","msg":"-","gid":"636048","time_insert":"2023-04-05 12:04"}
2023-10-30 00:21:21 查询号码 【1905631】，GSD为【"-"】
2023-10-30 00:21:21 ok && -
2023-10-30 00:21:26 CHB 1905631?1698596481 第 1 次 等待 3 秒
2023-10-30 00:21:29 CHB 1905631?1698596481 第 1 次 获取到号码【1905631】GSD
2023-10-30 00:21:29 未获取到号码【1905631】GSD，可能号码格式错误
2023-10-30 00:21:29 获取到号码【1905631】的GSD为【-】
2023-10-30 00:21:34 GSD insert 第 1 次 等待 3 秒
2023-10-30 00:21:37 {"status":"bad","gid":"636048","msg":"添加失败！号码【1905631(-|-)】已存在！"}
2023-10-30 00:21:37 随机等待 123 秒，约 2 分钟
2023-10-30 00:21:37 下次操作: 2023-10-30 00:23:40

2023-10-30 00:23:40 开始第 5718 次操作

2023-10-30 00:23:40 开始操作号码 【1905632】
2023-10-30 00:23:51 GSD getOne 第 1 次 等待 3 秒
2023-10-30 00:23:54 查询号码 【1905632】，返回信息 {"status":"ok","msg":"-","gid":"636057","time_insert":"2023-04-05 12:14"}
2023-10-30 00:23:54 查询号码 【1905632】，GSD为【"-"】
2023-10-30 00:23:54 ok && -
2023-10-30 00:24:04 CHB 1905632?1698596634 第 1 次 等待 3 秒
2023-10-30 00:24:07 CHB 1905632?1698596634 第 1 次 获取到号码【1905632】GSD
2023-10-30 00:24:07 未获取到号码【1905632】GSD，可能号码格式错误
2023-10-30 00:24:07 获取到号码【1905632】的GSD为【-】
2023-10-30 00:24:17 GSD insert 第 1 次 等待 3 秒
2023-10-30 00:24:20 {"status":"bad","gid":"636057","msg":"添加失败！号码【1905632(-|-)】已存在！"}
2023-10-30 00:24:20 随机等待 123 秒，约 2 分钟
2023-10-30 00:24:20 下次操作: 2023-10-30 00:26:23

2023-10-30 00:26:23 开始第 5719 次操作

2023-10-30 00:26:23 开始操作号码 【1905633】
2023-10-30 00:26:28 GSD getOne 第 1 次 等待 3 秒
2023-10-30 00:26:31 查询号码 【1905633】，返回信息 {"status":"ok","msg":"-","gid":"636085","time_insert":"2023-04-05 12:34"}
2023-10-30 00:26:31 查询号码 【1905633】，GSD为【"-"】
2023-10-30 00:26:31 ok && -
2023-10-30 00:26:41 CHB 1905633?1698596791 第 1 次 等待 3 秒
2023-10-30 00:26:44 CHB 1905633?1698596791 第 1 次 获取到号码【1905633】GSD
2023-10-30 00:26:44 未获取到号码【1905633】GSD，可能号码格式错误
2023-10-30 00:26:44 获取到号码【1905633】的GSD为【-】
2023-10-30 00:26:54 GSD insert 第 1 次 等待 3 秒
2023-10-30 00:26:57 {"status":"bad","gid":"636085","msg":"添加失败！号码【1905633(-|-)】已存在！"}
2023-10-30 00:26:57 随机等待 99 秒，约 1 分钟
2023-10-30 00:26:57 下次操作: 2023-10-30 00:28:36

2023-10-30 00:28:36 开始第 5720 次操作

2023-10-30 00:28:36 开始操作号码 【1905634】
2023-10-30 00:28:41 GSD getOne 第 1 次 等待 3 秒
2023-10-30 00:28:44 查询号码 【1905634】，返回信息 {"status":"ok","msg":"-","gid":"636108","time_insert":"2023-04-05 12:49"}
2023-10-30 00:28:44 查询号码 【1905634】，GSD为【"-"】
2023-10-30 00:28:44 ok && -
2023-10-30 00:28:57 CHB 1905634?1698596924 第 1 次 等待 3 秒
2023-10-30 00:29:00 CHB 1905634?1698596924 第 1 次 获取到号码【1905634】GSD
2023-10-30 00:29:00 未获取到号码【1905634】GSD，可能号码格式错误
2023-10-30 00:29:00 获取到号码【1905634】的GSD为【-】
2023-10-30 00:29:20 GSD insert 第 1 次 等待 3 秒
2023-10-30 00:29:23 {"status":"bad","gid":"636108","msg":"添加失败！号码【1905634(-|-)】已存在！"}

