2023-10-04 00:23:04 开始第 1349 次操作

2023-10-04 00:23:04 开始操作号码 【1901348】
2023-10-04 00:23:07 GSD getOne 第 1 次 等待 3 秒
2023-10-04 00:23:10 查询号码 【1901348】，返回信息 {"status":"ok","msg":"四川-甘孜","gid":"538192","time_insert":"2023-02-18 15:07"}
2023-10-04 00:23:10 查询号码 【1901348】，GSD为【"四川-甘孜"】

2023-10-04 00:23:11 开始第 1350 次操作

2023-10-04 00:23:11 开始操作号码 【1901349】
2023-10-04 00:23:16 GSD getOne 第 1 次 等待 3 秒
2023-10-04 00:23:19 查询号码 【1901349】，返回信息 {"status":"ok","msg":"四川-资阳","gid":"538212","time_insert":"2023-02-18 15:19"}
2023-10-04 00:23:20 查询号码 【1901349】，GSD为【"四川-资阳"】

2023-10-04 00:23:21 开始第 1351 次操作

2023-10-04 00:23:21 开始操作号码 【1901350】
2023-10-04 00:23:23 GSD getOne 第 1 次 等待 3 秒
2023-10-04 00:23:26 查询号码 【1901350】，返回信息 {"status":"ok","msg":"四川-巴中","gid":"538240","time_insert":"2023-02-18 15:36"}
2023-10-04 00:23:26 查询号码 【1901350】，GSD为【"四川-巴中"】

2023-10-04 00:23:27 开始第 1352 次操作

2023-10-04 00:23:27 开始操作号码 【1901351】
2023-10-04 00:23:32 GSD getOne 第 1 次 等待 3 秒
2023-10-04 00:23:35 查询号码 【1901351】，返回信息 {"status":"ok","msg":"四川-广元","gid":"538269","time_insert":"2023-02-18 15:54"}
2023-10-04 00:23:35 查询号码 【1901351】，GSD为【"四川-广元"】

2023-10-04 00:41:02 开始第 1353 次操作

2023-10-04 00:41:02 开始操作号码 【1901352】
2023-10-04 00:41:06 GSD getOne 第 1 次 等待 3 秒
2023-10-04 00:41:09 查询号码 【1901352】，返回信息 {"status":"ok","msg":"四川-宜宾","gid":"538292","time_insert":"2023-02-18 16:06"}
2023-10-04 00:41:09 查询号码 【1901352】，GSD为【"四川-宜宾"】

2023-10-04 00:41:10 开始第 1354 次操作

2023-10-04 00:41:10 开始操作号码 【1901353】
2023-10-04 00:41:13 GSD getOne 第 1 次 等待 3 秒
2023-10-04 00:41:16 查询号码 【1901353】，返回信息 {"status":"ok","msg":"四川-内江","gid":"538311","time_insert":"2023-02-18 16:19"}
2023-10-04 00:41:16 查询号码 【1901353】，GSD为【"四川-内江"】

2023-10-04 00:41:17 开始第 1355 次操作

2023-10-04 00:41:17 开始操作号码 【1901354】
2023-10-04 00:41:22 GSD getOne 第 1 次 等待 3 秒
2023-10-04 00:41:25 查询号码 【1901354】，返回信息 {"status":"ok","msg":"四川-雅安","gid":"538324","time_insert":"2023-02-18 16:29"}
2023-10-04 00:41:25 查询号码 【1901354】，GSD为【"四川-雅安"】

2023-10-04 00:41:26 开始第 1356 次操作

2023-10-04 00:41:26 开始操作号码 【1901355】
2023-10-04 00:41:30 GSD getOne 第 1 次 等待 3 秒
2023-10-04 00:41:33 查询号码 【1901355】，返回信息 {"status":"ok","msg":"四川-凉山","gid":"538344","time_insert":"2023-02-18 16:39"}
2023-10-04 00:41:33 查询号码 【1901355】，GSD为【"四川-凉山"】

2023-10-04 01:15:18 开始第 1357 次操作

2023-10-04 01:15:18 开始操作号码 【1901356】
2023-10-04 01:15:20 GSD getOne 第 1 次 等待 3 秒
2023-10-04 01:15:23 查询号码 【1901356】，返回信息 {"status":"ok","msg":"四川-乐山","gid":"538362","time_insert":"2023-02-18 16:51"}
2023-10-04 01:15:24 查询号码 【1901356】，GSD为【"四川-乐山"】

2023-10-04 01:15:25 开始第 1358 次操作

2023-10-04 01:15:25 开始操作号码 【1901357】
2023-10-04 01:15:27 GSD getOne 第 1 次 等待 3 秒
2023-10-04 01:15:30 查询号码 【1901357】，返回信息 {"status":"ok","msg":"四川-德阳","gid":"538381","time_insert":"2023-02-18 17:00"}
2023-10-04 01:15:31 查询号码 【1901357】，GSD为【"四川-德阳"】

2023-10-04 01:15:32 开始第 1359 次操作

2023-10-04 01:15:32 开始操作号码 【1901358】
2023-10-04 01:15:36 GSD getOne 第 1 次 等待 3 秒
2023-10-04 01:15:39 查询号码 【1901358】，返回信息 {"status":"ok","msg":"四川-广安","gid":"538401","time_insert":"2023-02-18 17:14"}
2023-10-04 01:15:39 查询号码 【1901358】，GSD为【"四川-广安"】

2023-10-04 01:15:40 开始第 1360 次操作

2023-10-04 01:15:40 开始操作号码 【1901359】
2023-10-04 01:15:43 GSD getOne 第 1 次 等待 3 秒
2023-10-04 01:15:46 查询号码 【1901359】，返回信息 {"status":"ok","msg":"四川-达州","gid":"538421","time_insert":"2023-02-18 17:28"}
2023-10-04 01:15:46 查询号码 【1901359】，GSD为【"四川-达州"】

2023-10-04 01:37:51 开始第 1361 次操作

2023-10-04 01:37:51 开始操作号码 【1901360】
2023-10-04 01:37:54 GSD getOne 第 1 次 等待 3 秒
2023-10-04 01:37:57 查询号码 【1901360】，返回信息 {"status":"ok","msg":"黑龙江-哈尔滨","gid":"538448","time_insert":"2023-02-18 17:42"}
2023-10-04 01:37:57 查询号码 【1901360】，GSD为【"黑龙江-哈尔滨"】

2023-10-04 01:37:58 开始第 1362 次操作

2023-10-04 01:37:58 开始操作号码 【1901361】
2023-10-04 01:38:01 GSD getOne 第 1 次 等待 3 秒
2023-10-04 01:38:04 查询号码 【1901361】，返回信息 {"status":"ok","msg":"黑龙江-哈尔滨","gid":"538477","time_insert":"2023-02-18 17:57"}
2023-10-04 01:38:04 查询号码 【1901361】，GSD为【"黑龙江-哈尔滨"】

2023-10-04 01:38:05 开始第 1363 次操作

2023-10-04 01:38:05 开始操作号码 【1901362】
2023-10-04 01:38:08 GSD getOne 第 1 次 等待 3 秒
2023-10-04 01:38:11 查询号码 【1901362】，返回信息 {"status":"ok","msg":"黑龙江-齐齐哈尔","gid":"538495","time_insert":"2023-02-18 18:12"}
2023-10-04 01:38:11 查询号码 【1901362】，GSD为【"黑龙江-齐齐哈尔"】

2023-10-04 01:38:12 开始第 1364 次操作

2023-10-04 01:38:12 开始操作号码 【1901363】
2023-10-04 01:38:14 GSD getOne 第 1 次 等待 3 秒
2023-10-04 01:38:17 查询号码 【1901363】，返回信息 {"status":"ok","msg":"黑龙江-齐齐哈尔","gid":"538512","time_insert":"2023-02-18 18:22"}
2023-10-04 01:38:18 查询号码 【1901363】，GSD为【"黑龙江-齐齐哈尔"】

2023-10-04 02:22:50 开始第 1365 次操作

2023-10-04 02:22:50 开始操作号码 【1901364】
2023-10-04 02:22:53 GSD getOne 第 1 次 等待 3 秒
2023-10-04 02:22:56 查询号码 【1901364】，返回信息 {"status":"ok","msg":"黑龙江-齐齐哈尔","gid":"538529","time_insert":"2023-02-18 18:33"}
2023-10-04 02:22:56 查询号码 【1901364】，GSD为【"黑龙江-齐齐哈尔"】

2023-10-04 02:22:57 开始第 1366 次操作

2023-10-04 02:22:57 开始操作号码 【1901365】
2023-10-04 02:23:00 GSD getOne 第 1 次 等待 3 秒
2023-10-04 02:23:03 查询号码 【1901365】，返回信息 {"status":"ok","msg":"黑龙江-绥化","gid":"538546","time_insert":"2023-02-18 18:42"}
2023-10-04 02:23:03 查询号码 【1901365】，GSD为【"黑龙江-绥化"】

2023-10-04 02:23:04 开始第 1367 次操作

2023-10-04 02:23:04 开始操作号码 【1901366】
2023-10-04 02:23:07 GSD getOne 第 1 次 等待 3 秒
2023-10-04 02:23:10 查询号码 【1901366】，返回信息 {"status":"ok","msg":"黑龙江-哈尔滨","gid":"538576","time_insert":"2023-02-18 18:59"}
2023-10-04 02:23:10 查询号码 【1901366】，GSD为【"黑龙江-哈尔滨"】

2023-10-04 02:23:11 开始第 1368 次操作

2023-10-04 02:23:11 开始操作号码 【1901367】
2023-10-04 02:23:14 GSD getOne 第 1 次 等待 3 秒
2023-10-04 02:23:17 查询号码 【1901367】，返回信息 {"status":"ok","msg":"黑龙江-大庆","gid":"538602","time_insert":"2023-02-18 19:18"}
2023-10-04 02:23:17 查询号码 【1901367】，GSD为【"黑龙江-大庆"】

2023-10-04 02:39:10 开始第 1369 次操作

2023-10-04 02:39:10 开始操作号码 【1901368】
2023-10-04 02:39:12 GSD getOne 第 1 次 等待 3 秒
2023-10-04 02:39:15 查询号码 【1901368】，返回信息 {"status":"ok","msg":"黑龙江-绥化","gid":"538633","time_insert":"2023-02-18 19:36"}
2023-10-04 02:39:15 查询号码 【1901368】，GSD为【"黑龙江-绥化"】

2023-10-04 02:39:16 开始第 1370 次操作

2023-10-04 02:39:16 开始操作号码 【1901369】
2023-10-04 02:40:05 GSD getOne 第 1 次 等待 3 秒
2023-10-04 02:40:08 查询号码 【1901369】，返回信息 {"status":"ok","msg":"黑龙江-双鸭山","gid":"538658","time_insert":"2023-02-18 19:49"}
2023-10-04 02:40:08 查询号码 【1901369】，GSD为【"黑龙江-双鸭山"】

2023-10-04 02:40:09 开始第 1371 次操作

2023-10-04 02:40:09 开始操作号码 【1901370】
2023-10-04 02:40:16 GSD getOne 第 1 次 等待 3 秒
2023-10-04 02:40:19 查询号码 【1901370】，返回信息 {"status":"ok","msg":"-","gid":"538679","time_insert":"2023-02-18 20:00"}
2023-10-04 02:40:19 查询号码 【1901370】，GSD为【"-"】
2023-10-04 02:40:19 ok && -
2023-10-04 02:40:21 CHB 1901370?1696358419 第 1 次 等待 3 秒
2023-10-04 02:40:24 CHB 1901370?1696358419 第 1 次 获取到号码【1901370】GSD
2023-10-04 02:40:24 未获取到号码【1901370】GSD，可能号码格式错误
2023-10-04 02:40:24 获取到号码【1901370】的GSD为【-】
2023-10-04 02:40:26 GSD insert 第 1 次 等待 3 秒
2023-10-04 02:40:29 {"status":"bad","gid":"538679","msg":"添加失败！号码【1901370(-|-)】已存在！"}
2023-10-04 02:40:29 随机等待 150 秒，约 2 分钟
2023-10-04 02:40:29 下次操作: 2023-10-04 02:42:59

2023-10-04 02:42:59 开始第 1372 次操作

2023-10-04 02:42:59 开始操作号码 【1901371】
2023-10-04 02:43:01 GSD getOne 第 1 次 等待 3 秒
2023-10-04 02:43:04 查询号码 【1901371】，返回信息 {"status":"ok","msg":"-","gid":"538698","time_insert":"2023-02-18 20:17"}
2023-10-04 02:43:04 查询号码 【1901371】，GSD为【"-"】
2023-10-04 02:43:04 ok && -
2023-10-04 02:43:06 CHB 1901371?1696358584 第 1 次 等待 3 秒
2023-10-04 02:43:09 CHB 1901371?1696358584 第 1 次 获取到号码【1901371】GSD
2023-10-04 02:43:09 未获取到号码【1901371】GSD，可能号码格式错误
2023-10-04 02:43:09 获取到号码【1901371】的GSD为【-】
2023-10-04 02:43:11 GSD insert 第 1 次 等待 3 秒
2023-10-04 02:43:14 {"status":"bad","gid":"538698","msg":"添加失败！号码【1901371(-|-)】已存在！"}

