2024-03-02 00:20:41 开始第 6545 次操作

2024-03-02 00:20:41 开始操作号码 【1696458】
2024-03-02 00:20:46 GSD getOne 第 1 次 等待 3 秒
2024-03-02 00:20:49 查询号码 【1696458】，返回信息 {"status":"ok","msg":"-","gid":"653526","time_insert":"2023-04-14 10:25"}
2024-03-02 00:20:49 查询号码 【1696458】，GSD为【"-"】
2024-03-02 00:20:49 ok && -
2024-03-02 00:20:53 CHB 1696458?1709310049 第 1 次 等待 3 秒
2024-03-02 00:20:56 CHB 1696458?1709310049 第 1 次 获取到号码【1696458】GSD
2024-03-02 00:20:56 未获取到号码【1696458】GSD，可能号码格式错误
2024-03-02 00:20:56 获取到号码【1696458】的GSD为【-】
2024-03-02 00:21:03 GSD insert 第 1 次 等待 3 秒
2024-03-02 00:21:06 {"status":"bad","gid":"653526","msg":"添加失败！号码【1696458(-|-)】已存在！"}
2024-03-02 00:21:06 随机等待 89 秒，约 1 分钟
2024-03-02 00:21:06 下次操作: 2024-03-02 00:22:35

2024-03-02 00:22:35 开始第 6546 次操作

2024-03-02 00:22:35 开始操作号码 【1696459】
2024-03-02 00:22:39 GSD getOne 第 1 次 等待 3 秒
2024-03-02 00:22:42 查询号码 【1696459】，返回信息 {"status":"ok","msg":"-","gid":"653533","time_insert":"2023-04-14 10:28"}
2024-03-02 00:22:42 查询号码 【1696459】，GSD为【"-"】
2024-03-02 00:22:42 ok && -
2024-03-02 00:22:45 CHB 1696459?1709310162 第 1 次 等待 3 秒
2024-03-02 00:22:48 CHB 1696459?1709310162 第 1 次 获取到号码【1696459】GSD
2024-03-02 00:22:48 未获取到号码【1696459】GSD，可能号码格式错误
2024-03-02 00:22:48 获取到号码【1696459】的GSD为【-】
2024-03-02 00:22:53 GSD insert 第 1 次 等待 3 秒
2024-03-02 00:22:56 {"status":"bad","gid":"653533","msg":"添加失败！号码【1696459(-|-)】已存在！"}
2024-03-02 00:22:56 随机等待 217 秒，约 3 分钟
2024-03-02 00:22:56 下次操作: 2024-03-02 00:26:33

2024-03-02 00:26:33 开始第 6547 次操作

2024-03-02 00:26:33 开始操作号码 【1696460】
2024-03-02 00:26:37 GSD getOne 第 1 次 等待 3 秒
2024-03-02 00:26:40 查询号码 【1696460】，返回信息 {"status":"ok","msg":"-","gid":"653550","time_insert":"2023-04-14 10:41"}
2024-03-02 00:26:40 查询号码 【1696460】，GSD为【"-"】
2024-03-02 00:26:40 ok && -
2024-03-02 00:26:42 CHB 1696460?1709310400 第 1 次 等待 3 秒
2024-03-02 00:26:45 CHB 1696460?1709310400 第 1 次 获取到号码【1696460】GSD
2024-03-02 00:26:46 未获取到号码【1696460】GSD，可能号码格式错误
2024-03-02 00:26:46 获取到号码【1696460】的GSD为【-】
2024-03-02 00:26:53 GSD insert 第 1 次 等待 3 秒
2024-03-02 00:26:56 {"status":"bad","gid":"653550","msg":"添加失败！号码【1696460(-|-)】已存在！"}
2024-03-02 00:26:56 随机等待 223 秒，约 3 分钟
2024-03-02 00:26:56 下次操作: 2024-03-02 00:30:39

2024-03-02 00:30:39 开始第 6548 次操作

2024-03-02 00:30:39 开始操作号码 【1696461】
2024-03-02 00:30:43 GSD getOne 第 1 次 等待 3 秒
2024-03-02 00:30:46 查询号码 【1696461】，返回信息 {"status":"ok","msg":"-","gid":"653551","time_insert":"2023-04-14 10:43"}
2024-03-02 00:30:46 查询号码 【1696461】，GSD为【"-"】
2024-03-02 00:30:46 ok && -
2024-03-02 00:32:06 CHB 1696461?1709310646 第 1 次 等待 3 秒
2024-03-02 00:32:09 CHB 1696461?1709310646 第 1 次 获取到号码【1696461】GSD
2024-03-02 00:32:09 未获取到号码【1696461】GSD，可能号码格式错误
2024-03-02 00:32:09 获取到号码【1696461】的GSD为【-】
2024-03-02 00:32:16 GSD insert 第 1 次 等待 3 秒
2024-03-02 00:32:19 {"status":"bad","gid":"653551","msg":"添加失败！号码【1696461(-|-)】已存在！"}

2024-03-02 00:38:28 开始第 6549 次操作

2024-03-02 00:38:29 开始操作号码 【1696462】
2024-03-02 00:38:34 GSD getOne 第 1 次 等待 3 秒
2024-03-02 00:38:37 查询号码 【1696462】，返回信息 {"status":"ok","msg":"-","gid":"653555","time_insert":"2023-04-14 10:45"}
2024-03-02 00:38:37 查询号码 【1696462】，GSD为【"-"】
2024-03-02 00:38:37 ok && -
2024-03-02 00:38:40 CHB 1696462?1709311117 第 1 次 等待 3 秒
2024-03-02 00:38:43 CHB 1696462?1709311117 第 1 次 获取到号码【1696462】GSD
2024-03-02 00:38:43 未获取到号码【1696462】GSD，可能号码格式错误
2024-03-02 00:38:43 获取到号码【1696462】的GSD为【-】
2024-03-02 00:38:48 GSD insert 第 1 次 等待 3 秒
2024-03-02 00:38:51 {"status":"bad","gid":"653555","msg":"添加失败！号码【1696462(-|-)】已存在！"}
2024-03-02 00:38:51 随机等待 132 秒，约 2 分钟
2024-03-02 00:38:51 下次操作: 2024-03-02 00:41:03

2024-03-02 00:41:03 开始第 6550 次操作

2024-03-02 00:41:03 开始操作号码 【1696463】
2024-03-02 00:41:07 GSD getOne 第 1 次 等待 3 秒
2024-03-02 00:41:10 查询号码 【1696463】，返回信息 {"status":"ok","msg":"-","gid":"653561","time_insert":"2023-04-14 10:47"}
2024-03-02 00:41:10 查询号码 【1696463】，GSD为【"-"】
2024-03-02 00:41:10 ok && -
2024-03-02 00:41:13 CHB 1696463?1709311270 第 1 次 等待 3 秒
2024-03-02 00:41:16 CHB 1696463?1709311270 第 1 次 获取到号码【1696463】GSD
2024-03-02 00:41:16 未获取到号码【1696463】GSD，可能号码格式错误
2024-03-02 00:41:16 获取到号码【1696463】的GSD为【-】
2024-03-02 00:41:21 GSD insert 第 1 次 等待 3 秒
2024-03-02 00:41:24 {"status":"bad","gid":"653561","msg":"添加失败！号码【1696463(-|-)】已存在！"}
2024-03-02 00:41:24 随机等待 67 秒，约 1 分钟
2024-03-02 00:41:24 下次操作: 2024-03-02 00:42:31

2024-03-02 00:42:31 开始第 6551 次操作

2024-03-02 00:42:31 开始操作号码 【1696464】
2024-03-02 00:42:38 GSD getOne 第 1 次 等待 3 秒
2024-03-02 00:42:41 查询号码 【1696464】，返回信息 {"status":"ok","msg":"-","gid":"653571","time_insert":"2023-04-14 10:53"}
2024-03-02 00:42:41 查询号码 【1696464】，GSD为【"-"】
2024-03-02 00:42:41 ok && -
2024-03-02 00:42:43 CHB 1696464?1709311361 第 1 次 等待 3 秒
2024-03-02 00:42:46 CHB 1696464?1709311361 第 1 次 获取到号码【1696464】GSD
2024-03-02 00:42:46 未获取到号码【1696464】GSD，可能号码格式错误
2024-03-02 00:42:46 获取到号码【1696464】的GSD为【-】
2024-03-02 00:42:52 GSD insert 第 1 次 等待 3 秒
2024-03-02 00:42:55 {"status":"bad","gid":"653571","msg":"添加失败！号码【1696464(-|-)】已存在！"}
2024-03-02 00:42:55 随机等待 109 秒，约 1 分钟
2024-03-02 00:42:55 下次操作: 2024-03-02 00:44:44

2024-03-02 00:44:44 开始第 6552 次操作

2024-03-02 00:44:44 开始操作号码 【1696465】
2024-03-02 00:44:50 GSD getOne 第 1 次 等待 3 秒
2024-03-02 00:44:53 查询号码 【1696465】，返回信息 {"status":"ok","msg":"-","gid":"653576","time_insert":"2023-04-14 10:55"}
2024-03-02 00:44:53 查询号码 【1696465】，GSD为【"-"】
2024-03-02 00:44:53 ok && -
2024-03-02 00:44:55 CHB 1696465?1709311493 第 1 次 等待 3 秒
2024-03-02 00:44:58 CHB 1696465?1709311493 第 1 次 获取到号码【1696465】GSD
2024-03-02 00:44:58 未获取到号码【1696465】GSD，可能号码格式错误
2024-03-02 00:44:58 获取到号码【1696465】的GSD为【-】
2024-03-02 00:45:03 GSD insert 第 1 次 等待 3 秒
2024-03-02 00:45:06 {"status":"bad","gid":"653576","msg":"添加失败！号码【1696465(-|-)】已存在！"}

2024-03-02 01:22:31 开始第 6553 次操作

2024-03-02 01:22:31 开始操作号码 【1696466】
2024-03-02 01:22:35 GSD getOne 第 1 次 等待 3 秒
2024-03-02 01:22:38 查询号码 【1696466】，返回信息 {"status":"ok","msg":"-","gid":"653582","time_insert":"2023-04-14 10:58"}
2024-03-02 01:22:38 查询号码 【1696466】，GSD为【"-"】
2024-03-02 01:22:38 ok && -
2024-03-02 01:22:41 CHB 1696466?1709313758 第 1 次 等待 3 秒
2024-03-02 01:22:44 CHB 1696466?1709313758 第 1 次 获取到号码【1696466】GSD
2024-03-02 01:22:44 未获取到号码【1696466】GSD，可能号码格式错误
2024-03-02 01:22:44 获取到号码【1696466】的GSD为【-】
2024-03-02 01:22:50 GSD insert 第 1 次 等待 3 秒
2024-03-02 01:22:53 {"status":"bad","gid":"653582","msg":"添加失败！号码【1696466(-|-)】已存在！"}
2024-03-02 01:22:53 随机等待 184 秒，约 3 分钟
2024-03-02 01:22:53 下次操作: 2024-03-02 01:25:57

2024-03-02 01:25:57 开始第 6554 次操作

2024-03-02 01:25:57 开始操作号码 【1696467】
2024-03-02 01:26:01 GSD getOne 第 1 次 等待 3 秒
2024-03-02 01:26:04 查询号码 【1696467】，返回信息 {"status":"ok","msg":"-","gid":"653585","time_insert":"2023-04-14 11:00"}
2024-03-02 01:26:04 查询号码 【1696467】，GSD为【"-"】
2024-03-02 01:26:04 ok && -
2024-03-02 01:26:06 CHB 1696467?1709313964 第 1 次 等待 3 秒
2024-03-02 01:26:09 CHB 1696467?1709313964 第 1 次 获取到号码【1696467】GSD
2024-03-02 01:26:09 未获取到号码【1696467】GSD，可能号码格式错误
2024-03-02 01:26:09 获取到号码【1696467】的GSD为【-】
2024-03-02 01:26:13 GSD insert 第 1 次 等待 3 秒
2024-03-02 01:26:16 {"status":"bad","gid":"653585","msg":"添加失败！号码【1696467(-|-)】已存在！"}
2024-03-02 01:26:16 随机等待 92 秒，约 1 分钟
2024-03-02 01:26:16 下次操作: 2024-03-02 01:27:48

2024-03-02 01:27:48 开始第 6555 次操作

2024-03-02 01:27:48 开始操作号码 【1696468】
2024-03-02 01:27:53 GSD getOne 第 1 次 等待 3 秒
2024-03-02 01:27:56 查询号码 【1696468】，返回信息 {"status":"ok","msg":"-","gid":"653593","time_insert":"2023-04-14 11:09"}
2024-03-02 01:27:56 查询号码 【1696468】，GSD为【"-"】
2024-03-02 01:27:56 ok && -
2024-03-02 01:27:58 CHB 1696468?1709314076 第 1 次 等待 3 秒
2024-03-02 01:28:01 CHB 1696468?1709314076 第 1 次 获取到号码【1696468】GSD
2024-03-02 01:28:01 未获取到号码【1696468】GSD，可能号码格式错误
2024-03-02 01:28:01 获取到号码【1696468】的GSD为【-】
2024-03-02 01:28:05 GSD insert 第 1 次 等待 3 秒
2024-03-02 01:28:08 {"status":"bad","gid":"653593","msg":"添加失败！号码【1696468(-|-)】已存在！"}
2024-03-02 01:28:08 随机等待 86 秒，约 1 分钟
2024-03-02 01:28:08 下次操作: 2024-03-02 01:29:34

2024-03-02 01:29:34 开始第 6556 次操作

2024-03-02 01:29:34 开始操作号码 【1696469】
2024-03-02 01:29:39 GSD getOne 第 1 次 等待 3 秒
2024-03-02 01:29:42 查询号码 【1696469】，返回信息 {"status":"ok","msg":"-","gid":"653600","time_insert":"2023-04-14 11:12"}
2024-03-02 01:29:42 查询号码 【1696469】，GSD为【"-"】
2024-03-02 01:29:42 ok && -
2024-03-02 01:29:44 CHB 1696469?1709314182 第 1 次 等待 3 秒
2024-03-02 01:29:47 CHB 1696469?1709314182 第 1 次 获取到号码【1696469】GSD
2024-03-02 01:29:47 未获取到号码【1696469】GSD，可能号码格式错误
2024-03-02 01:29:47 获取到号码【1696469】的GSD为【-】
2024-03-02 01:29:52 GSD insert 第 1 次 等待 3 秒
2024-03-02 01:29:55 {"status":"bad","gid":"653600","msg":"添加失败！号码【1696469(-|-)】已存在！"}

2024-03-02 01:41:31 开始第 6557 次操作

2024-03-02 01:41:31 开始操作号码 【1696470】
2024-03-02 01:41:36 GSD getOne 第 1 次 等待 3 秒
2024-03-02 01:41:39 查询号码 【1696470】，返回信息 {"status":"ok","msg":"-","gid":"653605","time_insert":"2023-04-14 11:15"}
2024-03-02 01:41:39 查询号码 【1696470】，GSD为【"-"】
2024-03-02 01:41:39 ok && -
2024-03-02 01:41:41 CHB 1696470?1709314899 第 1 次 等待 3 秒
2024-03-02 01:41:44 CHB 1696470?1709314899 第 1 次 获取到号码【1696470】GSD
2024-03-02 01:41:44 未获取到号码【1696470】GSD，可能号码格式错误
2024-03-02 01:41:44 获取到号码【1696470】的GSD为【-】
2024-03-02 01:41:50 GSD insert 第 1 次 等待 3 秒
2024-03-02 01:41:53 {"status":"bad","gid":"653605","msg":"添加失败！号码【1696470(-|-)】已存在！"}
2024-03-02 01:41:53 随机等待 196 秒，约 3 分钟
2024-03-02 01:41:53 下次操作: 2024-03-02 01:45:09

2024-03-02 01:45:09 开始第 6558 次操作

2024-03-02 01:45:09 开始操作号码 【1696471】
2024-03-02 01:45:14 GSD getOne 第 1 次 等待 3 秒
2024-03-02 01:45:17 查询号码 【1696471】，返回信息 {"status":"ok","msg":"-","gid":"653610","time_insert":"2023-04-14 11:18"}
2024-03-02 01:45:17 查询号码 【1696471】，GSD为【"-"】
2024-03-02 01:45:17 ok && -
2024-03-02 01:45:19 CHB 1696471?1709315117 第 1 次 等待 3 秒
2024-03-02 01:45:22 CHB 1696471?1709315117 第 1 次 获取到号码【1696471】GSD
2024-03-02 01:45:22 未获取到号码【1696471】GSD，可能号码格式错误
2024-03-02 01:45:22 获取到号码【1696471】的GSD为【-】
2024-03-02 01:45:26 GSD insert 第 1 次 等待 3 秒
2024-03-02 01:45:29 {"status":"bad","gid":"653610","msg":"添加失败！号码【1696471(-|-)】已存在！"}
2024-03-02 01:45:29 随机等待 189 秒，约 3 分钟
2024-03-02 01:45:29 下次操作: 2024-03-02 01:48:38

2024-03-02 01:48:38 开始第 6559 次操作

2024-03-02 01:48:38 开始操作号码 【1696472】
2024-03-02 01:48:43 GSD getOne 第 1 次 等待 3 秒
2024-03-02 01:48:46 查询号码 【1696472】，返回信息 {"status":"ok","msg":"-","gid":"653616","time_insert":"2023-04-14 11:22"}
2024-03-02 01:48:46 查询号码 【1696472】，GSD为【"-"】
2024-03-02 01:48:46 ok && -
2024-03-02 01:48:48 CHB 1696472?1709315326 第 1 次 等待 3 秒
2024-03-02 01:48:51 CHB 1696472?1709315326 第 1 次 获取到号码【1696472】GSD
2024-03-02 01:48:51 未获取到号码【1696472】GSD，可能号码格式错误
2024-03-02 01:48:51 获取到号码【1696472】的GSD为【-】
2024-03-02 01:48:59 GSD insert 第 1 次 等待 3 秒
2024-03-02 01:49:02 {"status":"bad","gid":"653616","msg":"添加失败！号码【1696472(-|-)】已存在！"}
2024-03-02 01:49:02 随机等待 66 秒，约 1 分钟
2024-03-02 01:49:02 下次操作: 2024-03-02 01:50:08

2024-03-02 01:50:08 开始第 6560 次操作

2024-03-02 01:50:08 开始操作号码 【1696473】
2024-03-02 01:50:12 GSD getOne 第 1 次 等待 3 秒
2024-03-02 01:50:15 查询号码 【1696473】，返回信息 {"status":"ok","msg":"-","gid":"653619","time_insert":"2023-04-14 11:24"}
2024-03-02 01:50:15 查询号码 【1696473】，GSD为【"-"】
2024-03-02 01:50:15 ok && -
2024-03-02 01:50:18 CHB 1696473?1709315415 第 1 次 等待 3 秒
2024-03-02 01:50:21 CHB 1696473?1709315415 第 1 次 获取到号码【1696473】GSD
2024-03-02 01:50:21 未获取到号码【1696473】GSD，可能号码格式错误
2024-03-02 01:50:21 获取到号码【1696473】的GSD为【-】
2024-03-02 01:50:25 GSD insert 第 1 次 等待 3 秒
2024-03-02 01:50:28 {"status":"bad","gid":"653619","msg":"添加失败！号码【1696473(-|-)】已存在！"}

