2024-05-06 00:22:04 开始第 7245 次操作

2024-05-06 00:22:04 开始操作号码 【1587158】
2024-05-06 00:22:10 GSD getOne 第 1 次 等待 3 秒
2024-05-06 00:22:13 查询号码 【1587158】，返回信息 {"status":"ok","msg":"湖北-宜昌","gid":"25283","time_insert":"2017-07-31 18:55","time_update":"2020-09-17 22:28"}
2024-05-06 00:22:13 查询号码 【1587158】，GSD为【"湖北-宜昌"】

2024-05-06 00:22:14 开始第 7246 次操作

2024-05-06 00:22:14 开始操作号码 【1587159】
2024-05-06 00:22:22 GSD getOne 第 1 次 等待 3 秒
2024-05-06 00:22:25 查询号码 【1587159】，返回信息 {"status":"ok","msg":"湖北-宜昌","gid":"394112","time_insert":"2021-07-25 21:52"}
2024-05-06 00:22:25 查询号码 【1587159】，GSD为【"湖北-宜昌"】

2024-05-06 00:22:26 开始第 7247 次操作

2024-05-06 00:22:26 开始操作号码 【1587160】
2024-05-06 00:22:32 GSD getOne 第 1 次 等待 3 秒
2024-05-06 00:22:35 查询号码 【1587160】，返回信息 {"status":"ok","msg":"湖北-宜昌","gid":"394104","time_insert":"2021-07-25 21:51"}
2024-05-06 00:22:35 查询号码 【1587160】，GSD为【"湖北-宜昌"】

2024-05-06 00:22:36 开始第 7248 次操作

2024-05-06 00:22:36 开始操作号码 【1587161】
2024-05-06 00:22:49 GSD getOne 第 1 次 等待 3 秒
2024-05-06 00:22:52 查询号码 【1587161】，返回信息 {"status":"ok","msg":"湖北-宜昌","gid":"394093","time_insert":"2021-07-25 21:51"}
2024-05-06 00:22:52 查询号码 【1587161】，GSD为【"湖北-宜昌"】

