2024-06-21 00:26:01 开始第 1781 次操作

2024-06-21 00:26:01 开始操作号码 【1471695】
2024-06-21 00:26:13 GSD getOne 第 1 次 等待 3 秒
2024-06-21 00:26:16 查询号码 【1471695】，返回信息 {"status":"ok","msg":"广东-广州","gid":"106319","time_insert":"2021-06-19 16:21"}
2024-06-21 00:26:16 查询号码 【1471695】，GSD为【"广东-广州"】

2024-06-21 00:26:17 开始第 1782 次操作

2024-06-21 00:26:17 开始操作号码 【1471696】
2024-06-21 00:26:29 GSD getOne 第 1 次 等待 3 秒
2024-06-21 00:26:32 查询号码 【1471696】，返回信息 {"status":"ok","msg":"广东-广州","gid":"106355","time_insert":"2021-06-19 16:44"}
2024-06-21 00:26:32 查询号码 【1471696】，GSD为【"广东-广州"】

2024-06-21 00:26:33 开始第 1783 次操作

2024-06-21 00:26:33 开始操作号码 【1471697】
2024-06-21 00:26:46 GSD getOne 第 1 次 等待 3 秒
2024-06-21 00:26:49 查询号码 【1471697】，返回信息 {"status":"ok","msg":"广东-广州","gid":"106382","time_insert":"2021-06-19 17:03"}
2024-06-21 00:26:49 查询号码 【1471697】，GSD为【"广东-广州"】

2024-06-21 00:26:50 开始第 1784 次操作

2024-06-21 00:26:50 开始操作号码 【1471698】
2024-06-21 00:26:58 GSD getOne 第 1 次 等待 3 秒
2024-06-21 00:27:01 查询号码 【1471698】，返回信息 {"status":"ok","msg":"广东-广州","gid":"106418","time_insert":"2021-06-19 17:29"}
2024-06-21 00:27:01 查询号码 【1471698】，GSD为【"广东-广州"】

