2024-08-19 10:42:02 开始第 1 次操作

2024-08-19 10:42:02 开始操作号码 【1360000】
2024-08-19 10:42:06 GSD getOne 第 1 次 等待 3 秒
2024-08-19 10:42:09 查询号码 【1360000】，返回信息 {"status":"ok","msg":"广东-广州","gid":"48861","time_insert":"2021-04-09 15:49"}
2024-08-19 10:42:09 查询号码 【1360000】，GSD为【"广东-广州"】

2024-08-19 10:42:10 开始第 2 次操作

2024-08-19 10:42:10 开始操作号码 【1360001】
2024-08-19 10:43:03 GSD getOne 第 1 次 等待 3 秒
2024-08-19 10:43:06 查询号码 【1360001】，返回信息 {"status":"ok","msg":"广东-广州","gid":"48867","time_insert":"2021-04-09 16:05"}
2024-08-19 10:43:06 查询号码 【1360001】，GSD为【"广东-广州"】

2024-08-19 10:43:08 开始第 3 次操作

2024-08-19 10:43:08 开始操作号码 【1360002】
2024-08-19 10:43:23 GSD getOne 第 1 次 等待 3 秒
2024-08-19 10:43:26 查询号码 【1360002】，返回信息 {"status":"ok","msg":"广东-广州","gid":"48875","time_insert":"2021-04-09 16:24","time_update":"2021-05-12 23:05"}
2024-08-19 10:43:26 查询号码 【1360002】，GSD为【"广东-广州"】

2024-08-19 10:43:27 开始第 4 次操作

2024-08-19 10:43:27 开始操作号码 【1360003】
2024-08-19 10:43:35 GSD getOne 第 1 次 等待 3 秒
2024-08-19 10:43:38 查询号码 【1360003】，返回信息 {"status":"ok","msg":"广东-广州","gid":"48882","time_insert":"2021-04-09 16:44","time_update":"2021-05-12 23:23"}
2024-08-19 10:43:38 查询号码 【1360003】，GSD为【"广东-广州"】

