2024-02-28 00:22:05 开始第 6013 次操作

2024-02-28 00:22:05 开始操作号码 【1695926】
2024-02-28 00:22:12 GSD getOne 第 1 次 等待 3 秒
2024-02-28 00:22:15 查询号码 【1695926】，返回信息 {"status":"ok","msg":"-","gid":"650529","time_insert":"2023-04-13 01:46"}
2024-02-28 00:22:15 查询号码 【1695926】，GSD为【"-"】
2024-02-28 00:22:15 ok && -
2024-02-28 00:22:17 CHB 1695926?1709050935 第 1 次 等待 3 秒
2024-02-28 00:22:20 CHB 1695926?1709050935 第 1 次 获取到号码【1695926】GSD
2024-02-28 00:22:20 未获取到号码【1695926】GSD，可能号码格式错误
2024-02-28 00:22:20 获取到号码【1695926】的GSD为【-】
2024-02-28 00:22:25 GSD insert 第 1 次 等待 3 秒
2024-02-28 00:22:28 {"status":"bad","gid":"650529","msg":"添加失败！号码【1695926(-|-)】已存在！"}
2024-02-28 00:22:28 随机等待 200 秒，约 3 分钟
2024-02-28 00:22:28 下次操作: 2024-02-28 00:25:48

2024-02-28 00:25:48 开始第 6014 次操作

2024-02-28 00:25:48 开始操作号码 【1695927】
2024-02-28 00:25:52 GSD getOne 第 1 次 等待 3 秒
2024-02-28 00:25:55 查询号码 【1695927】，返回信息 {"status":"ok","msg":"-","gid":"650533","time_insert":"2023-04-13 01:50"}
2024-02-28 00:25:55 查询号码 【1695927】，GSD为【"-"】
2024-02-28 00:25:55 ok && -
2024-02-28 00:25:57 CHB 1695927?1709051155 第 1 次 等待 3 秒
2024-02-28 00:26:00 CHB 1695927?1709051155 第 1 次 获取到号码【1695927】GSD
2024-02-28 00:26:00 未获取到号码【1695927】GSD，可能号码格式错误
2024-02-28 00:26:00 获取到号码【1695927】的GSD为【-】
2024-02-28 00:26:04 GSD insert 第 1 次 等待 3 秒
2024-02-28 00:26:07 {"status":"bad","gid":"650533","msg":"添加失败！号码【1695927(-|-)】已存在！"}
2024-02-28 00:26:07 随机等待 99 秒，约 1 分钟
2024-02-28 00:26:07 下次操作: 2024-02-28 00:27:46

2024-02-28 00:27:46 开始第 6015 次操作

2024-02-28 00:27:46 开始操作号码 【1695928】
2024-02-28 00:27:51 GSD getOne 第 1 次 等待 3 秒
2024-02-28 00:27:54 查询号码 【1695928】，返回信息 {"status":"ok","msg":"-","gid":"650538","time_insert":"2023-04-13 01:53"}
2024-02-28 00:27:54 查询号码 【1695928】，GSD为【"-"】
2024-02-28 00:27:54 ok && -
2024-02-28 00:27:56 CHB 1695928?1709051274 第 1 次 等待 3 秒
2024-02-28 00:27:59 CHB 1695928?1709051274 第 1 次 获取到号码【1695928】GSD
2024-02-28 00:27:59 未获取到号码【1695928】GSD，可能号码格式错误
2024-02-28 00:27:59 获取到号码【1695928】的GSD为【-】
2024-02-28 00:28:03 GSD insert 第 1 次 等待 3 秒
2024-02-28 00:28:06 {"status":"bad","gid":"650538","msg":"添加失败！号码【1695928(-|-)】已存在！"}
2024-02-28 00:28:06 随机等待 226 秒，约 3 分钟
2024-02-28 00:28:06 下次操作: 2024-02-28 00:31:52

2024-02-28 00:31:52 开始第 6016 次操作

2024-02-28 00:31:52 开始操作号码 【1695929】
2024-02-28 00:31:56 GSD getOne 第 1 次 等待 3 秒
2024-02-28 00:31:59 查询号码 【1695929】，返回信息 {"status":"ok","msg":"-","gid":"650541","time_insert":"2023-04-13 01:55"}
2024-02-28 00:31:59 查询号码 【1695929】，GSD为【"-"】
2024-02-28 00:31:59 ok && -
2024-02-28 00:32:01 CHB 1695929?1709051519 第 1 次 等待 3 秒
2024-02-28 00:32:04 CHB 1695929?1709051519 第 1 次 获取到号码【1695929】GSD
2024-02-28 00:32:04 未获取到号码【1695929】GSD，可能号码格式错误
2024-02-28 00:32:04 获取到号码【1695929】的GSD为【-】
2024-02-28 00:32:08 GSD insert 第 1 次 等待 3 秒
2024-02-28 00:32:11 {"status":"bad","gid":"650541","msg":"添加失败！号码【1695929(-|-)】已存在！"}

