2024-09-26 00:26:07 开始第 6485 次操作

2024-09-26 00:26:07 开始操作号码 【1366484】
2024-09-26 00:26:09 GSD getOne 第 1 次 等待 3 秒
2024-09-26 00:26:12 查询号码 【1366484】，返回信息 {"status":"ok","msg":"内蒙古-包头","gid":"328818","time_insert":"2021-07-19 18:51"}
2024-09-26 00:26:12 查询号码 【1366484】，GSD为【"内蒙古-包头"】

2024-09-26 00:26:13 开始第 6486 次操作

2024-09-26 00:26:13 开始操作号码 【1366485】
2024-09-26 00:26:16 GSD getOne 第 1 次 等待 3 秒
2024-09-26 00:26:19 查询号码 【1366485】，返回信息 {"status":"ok","msg":"内蒙古-乌海","gid":"328973","time_insert":"2021-07-19 19:02"}
2024-09-26 00:26:19 查询号码 【1366485】，GSD为【"内蒙古-乌海"】

2024-09-26 00:26:20 开始第 6487 次操作

2024-09-26 00:26:20 开始操作号码 【1366486】
2024-09-26 00:26:23 GSD getOne 第 1 次 等待 3 秒
2024-09-26 00:26:26 查询号码 【1366486】，返回信息 {"status":"ok","msg":"内蒙古-赤峰","gid":"329095","time_insert":"2021-07-19 19:17"}
2024-09-26 00:26:26 查询号码 【1366486】，GSD为【"内蒙古-赤峰"】

2024-09-26 00:26:27 开始第 6488 次操作

2024-09-26 00:26:27 开始操作号码 【1366487】
2024-09-26 00:26:29 GSD getOne 第 1 次 等待 3 秒
2024-09-26 00:26:32 查询号码 【1366487】，返回信息 {"status":"ok","msg":"内蒙古-包头","gid":"329139","time_insert":"2021-07-19 19:29"}
2024-09-26 00:26:32 查询号码 【1366487】，GSD为【"内蒙古-包头"】

2024-09-26 00:48:14 开始第 6489 次操作

2024-09-26 00:48:14 开始操作号码 【1366488】
2024-09-26 00:48:16 GSD getOne 第 1 次 等待 3 秒
2024-09-26 00:48:19 查询号码 【1366488】，返回信息 {"status":"ok","msg":"内蒙古-呼和浩特","gid":"329228","time_insert":"2021-07-19 19:41"}
2024-09-26 00:48:19 查询号码 【1366488】，GSD为【"内蒙古-呼和浩特"】

2024-09-26 00:48:20 开始第 6490 次操作

2024-09-26 00:48:20 开始操作号码 【1366489】
2024-09-26 00:48:22 GSD getOne 第 1 次 等待 3 秒
2024-09-26 00:48:25 查询号码 【1366489】，返回信息 {"status":"ok","msg":"内蒙古-锡林郭勒","gid":"329410","time_insert":"2021-07-19 19:53"}
2024-09-26 00:48:25 查询号码 【1366489】，GSD为【"内蒙古-锡林郭勒"】

2024-09-26 00:48:26 开始第 6491 次操作

2024-09-26 00:48:26 开始操作号码 【1366490】
2024-09-26 00:48:28 GSD getOne 第 1 次 等待 3 秒
2024-09-26 00:48:31 查询号码 【1366490】，返回信息 {"status":"ok","msg":"广东-江门","gid":"329556","time_insert":"2021-07-19 20:07"}
2024-09-26 00:48:31 查询号码 【1366490】，GSD为【"广东-江门"】

2024-09-26 00:48:32 开始第 6492 次操作

2024-09-26 00:48:32 开始操作号码 【1366491】
2024-09-26 00:48:35 GSD getOne 第 1 次 等待 3 秒
2024-09-26 00:48:38 查询号码 【1366491】，返回信息 {"status":"ok","msg":"广东-江门","gid":"329589","time_insert":"2021-07-19 20:20"}
2024-09-26 00:48:38 查询号码 【1366491】，GSD为【"广东-江门"】

