2024-08-29 00:22:45 开始第 1685 次操作

2024-08-29 00:22:45 开始操作号码 【1361684】
2024-08-29 00:22:54 GSD getOne 第 1 次 等待 3 秒
2024-08-29 00:22:57 查询号码 【1361684】，返回信息 {"status":"ok","msg":"浙江-台州","gid":"80788","time_insert":"2021-06-05 06:46"}
2024-08-29 00:22:57 查询号码 【1361684】，GSD为【"浙江-台州"】

2024-08-29 00:22:58 开始第 1686 次操作

2024-08-29 00:22:58 开始操作号码 【1361685】
2024-08-29 00:23:08 GSD getOne 第 1 次 等待 3 秒
2024-08-29 00:23:11 查询号码 【1361685】，返回信息 {"status":"ok","msg":"浙江-绍兴","gid":"80816","time_insert":"2021-06-05 07:09"}
2024-08-29 00:23:11 查询号码 【1361685】，GSD为【"浙江-绍兴"】

2024-08-29 00:23:12 开始第 1687 次操作

2024-08-29 00:23:12 开始操作号码 【1361686】
2024-08-29 00:23:21 GSD getOne 第 1 次 等待 3 秒
2024-08-29 00:23:24 查询号码 【1361686】，返回信息 {"status":"ok","msg":"浙江-台州","gid":"7468","time_insert":"2017-07-11 15:07","time_update":"2020-08-28 02:54"}
2024-08-29 00:23:25 查询号码 【1361686】，GSD为【"浙江-台州"】

2024-08-29 00:23:26 开始第 1688 次操作

2024-08-29 00:23:26 开始操作号码 【1361687】
2024-08-29 00:23:33 GSD getOne 第 1 次 等待 3 秒
2024-08-29 00:23:36 查询号码 【1361687】，返回信息 {"status":"ok","msg":"浙江-温州","gid":"80845","time_insert":"2021-06-05 07:38"}
2024-08-29 00:23:36 查询号码 【1361687】，GSD为【"浙江-温州"】

2024-08-29 00:44:48 开始第 1689 次操作

2024-08-29 00:44:48 开始操作号码 【1361688】
2024-08-29 00:44:56 GSD getOne 第 1 次 等待 3 秒
2024-08-29 00:44:59 查询号码 【1361688】，返回信息 {"status":"ok","msg":"浙江-宁波","gid":"7469","time_insert":"2017-04-19 11:23","time_update":"2020-08-28 02:59"}
2024-08-29 00:44:59 查询号码 【1361688】，GSD为【"浙江-宁波"】

2024-08-29 00:45:00 开始第 1690 次操作

2024-08-29 00:45:00 开始操作号码 【1361689】
2024-08-29 00:45:07 GSD getOne 第 1 次 等待 3 秒
2024-08-29 00:45:10 查询号码 【1361689】，返回信息 {"status":"ok","msg":"浙江-金华","gid":"80867","time_insert":"2021-06-05 07:57"}
2024-08-29 00:45:10 查询号码 【1361689】，GSD为【"浙江-金华"】

2024-08-29 00:45:12 开始第 1691 次操作

2024-08-29 00:45:12 开始操作号码 【1361690】
2024-08-29 00:45:20 GSD getOne 第 1 次 等待 3 秒
2024-08-29 00:45:23 查询号码 【1361690】，返回信息 {"status":"ok","msg":"福建-龙岩","gid":"80894","time_insert":"2021-06-05 08:21"}
2024-08-29 00:45:23 查询号码 【1361690】，GSD为【"福建-龙岩"】

2024-08-29 00:45:24 开始第 1692 次操作

2024-08-29 00:45:24 开始操作号码 【1361691】
2024-08-29 00:45:32 GSD getOne 第 1 次 等待 3 秒
2024-08-29 00:45:35 查询号码 【1361691】，返回信息 {"status":"ok","msg":"福建-龙岩","gid":"80913","time_insert":"2021-06-05 08:36"}
2024-08-29 00:45:35 查询号码 【1361691】，GSD为【"福建-龙岩"】

