2024-03-17 00:19:00 开始第 9153 次操作

2024-03-17 00:19:00 开始操作号码 【1699066】
2024-03-17 00:19:06 GSD getOne 第 1 次 等待 3 秒
2024-03-17 00:19:09 查询号码 【1699066】，返回信息 {"status":"ok","msg":"-","gid":"647504","time_insert":"2023-04-11 16:18"}
2024-03-17 00:19:09 查询号码 【1699066】，GSD为【"-"】
2024-03-17 00:19:09 ok && -
2024-03-17 00:19:12 CHB 1699066?1710605949 第 1 次 等待 3 秒
2024-03-17 00:19:15 CHB 1699066?1710605949 第 1 次 获取到号码【1699066】GSD
2024-03-17 00:19:15 未获取到号码【1699066】GSD，可能号码格式错误
2024-03-17 00:19:15 获取到号码【1699066】的GSD为【-】
2024-03-17 00:19:20 GSD insert 第 1 次 等待 3 秒
2024-03-17 00:19:23 {"status":"bad","gid":"647504","msg":"添加失败！号码【1699066(-|-)】已存在！"}
2024-03-17 00:19:23 随机等待 74 秒，约 1 分钟
2024-03-17 00:19:23 下次操作: 2024-03-17 00:20:37

2024-03-17 00:20:37 开始第 9154 次操作

2024-03-17 00:20:37 开始操作号码 【1699067】
2024-03-17 00:20:42 GSD getOne 第 1 次 等待 3 秒
2024-03-17 00:20:45 查询号码 【1699067】，返回信息 {"status":"ok","msg":"-","gid":"647499","time_insert":"2023-04-11 16:15"}
2024-03-17 00:20:45 查询号码 【1699067】，GSD为【"-"】
2024-03-17 00:20:45 ok && -
2024-03-17 00:20:48 CHB 1699067?1710606045 第 1 次 等待 3 秒
2024-03-17 00:20:51 CHB 1699067?1710606045 第 1 次 获取到号码【1699067】GSD
2024-03-17 00:20:51 未获取到号码【1699067】GSD，可能号码格式错误
2024-03-17 00:20:51 获取到号码【1699067】的GSD为【-】
2024-03-17 00:20:58 GSD insert 第 1 次 等待 3 秒
2024-03-17 00:21:01 {"status":"bad","gid":"647499","msg":"添加失败！号码【1699067(-|-)】已存在！"}
2024-03-17 00:21:01 随机等待 94 秒，约 1 分钟
2024-03-17 00:21:01 下次操作: 2024-03-17 00:22:35

2024-03-17 00:22:35 开始第 9155 次操作

2024-03-17 00:22:35 开始操作号码 【1699068】
2024-03-17 00:22:39 GSD getOne 第 1 次 等待 3 秒
2024-03-17 00:22:42 查询号码 【1699068】，返回信息 {"status":"ok","msg":"-","gid":"647480","time_insert":"2023-04-11 16:00"}
2024-03-17 00:22:42 查询号码 【1699068】，GSD为【"-"】
2024-03-17 00:22:42 ok && -
2024-03-17 00:22:44 CHB 1699068?1710606162 第 1 次 等待 3 秒
2024-03-17 00:22:47 CHB 1699068?1710606162 第 1 次 获取到号码【1699068】GSD
2024-03-17 00:22:47 未获取到号码【1699068】GSD，可能号码格式错误
2024-03-17 00:22:47 获取到号码【1699068】的GSD为【-】
2024-03-17 00:22:52 GSD insert 第 1 次 等待 3 秒
2024-03-17 00:22:55 {"status":"bad","gid":"647480","msg":"添加失败！号码【1699068(-|-)】已存在！"}
2024-03-17 00:22:55 随机等待 158 秒，约 2 分钟
2024-03-17 00:22:55 下次操作: 2024-03-17 00:25:33

2024-03-17 00:25:33 开始第 9156 次操作

2024-03-17 00:25:33 开始操作号码 【1699069】
2024-03-17 00:25:38 GSD getOne 第 1 次 等待 3 秒
2024-03-17 00:25:41 查询号码 【1699069】，返回信息 {"status":"ok","msg":"-","gid":"647477","time_insert":"2023-04-11 15:58"}
2024-03-17 00:25:41 查询号码 【1699069】，GSD为【"-"】
2024-03-17 00:25:41 ok && -
2024-03-17 00:25:43 CHB 1699069?1710606341 第 1 次 等待 3 秒
2024-03-17 00:25:46 CHB 1699069?1710606341 第 1 次 获取到号码【1699069】GSD
2024-03-17 00:25:46 未获取到号码【1699069】GSD，可能号码格式错误
2024-03-17 00:25:46 获取到号码【1699069】的GSD为【-】
2024-03-17 00:25:52 GSD insert 第 1 次 等待 3 秒
2024-03-17 00:25:55 {"status":"bad","gid":"647477","msg":"添加失败！号码【1699069(-|-)】已存在！"}

2024-03-17 00:38:08 开始第 9157 次操作

2024-03-17 00:38:08 开始操作号码 【1699070】
2024-03-17 00:38:15 GSD getOne 第 1 次 等待 3 秒
2024-03-17 00:38:18 查询号码 【1699070】，返回信息 {"status":"ok","msg":"-","gid":"647472","time_insert":"2023-04-11 15:56"}
2024-03-17 00:38:18 查询号码 【1699070】，GSD为【"-"】
2024-03-17 00:38:18 ok && -
2024-03-17 00:38:20 CHB 1699070?1710607098 第 1 次 等待 3 秒
2024-03-17 00:38:23 CHB 1699070?1710607098 第 1 次 获取到号码【1699070】GSD
2024-03-17 00:38:23 未获取到号码【1699070】GSD，可能号码格式错误
2024-03-17 00:38:23 获取到号码【1699070】的GSD为【-】
2024-03-17 00:38:28 GSD insert 第 1 次 等待 3 秒
2024-03-17 00:38:31 {"status":"bad","gid":"647472","msg":"添加失败！号码【1699070(-|-)】已存在！"}
2024-03-17 00:38:31 随机等待 87 秒，约 1 分钟
2024-03-17 00:38:31 下次操作: 2024-03-17 00:39:58

2024-03-17 00:39:58 开始第 9158 次操作

2024-03-17 00:39:58 开始操作号码 【1699071】
2024-03-17 00:40:04 GSD getOne 第 1 次 等待 3 秒
2024-03-17 00:40:07 查询号码 【1699071】，返回信息 {"status":"ok","msg":"-","gid":"647469","time_insert":"2023-04-11 15:54"}
2024-03-17 00:40:07 查询号码 【1699071】，GSD为【"-"】
2024-03-17 00:40:07 ok && -
2024-03-17 00:40:09 CHB 1699071?1710607207 第 1 次 等待 3 秒
2024-03-17 00:40:12 CHB 1699071?1710607207 第 1 次 获取到号码【1699071】GSD
2024-03-17 00:40:12 未获取到号码【1699071】GSD，可能号码格式错误
2024-03-17 00:40:12 获取到号码【1699071】的GSD为【-】
2024-03-17 00:40:18 GSD insert 第 1 次 等待 3 秒
2024-03-17 00:40:21 {"status":"bad","gid":"647469","msg":"添加失败！号码【1699071(-|-)】已存在！"}
2024-03-17 00:40:21 随机等待 93 秒，约 1 分钟
2024-03-17 00:40:21 下次操作: 2024-03-17 00:41:54

2024-03-17 00:41:54 开始第 9159 次操作

2024-03-17 00:41:54 开始操作号码 【1699072】
2024-03-17 00:42:00 GSD getOne 第 1 次 等待 3 秒
2024-03-17 00:42:03 查询号码 【1699072】，返回信息 {"status":"ok","msg":"-","gid":"647467","time_insert":"2023-04-11 15:53"}
2024-03-17 00:42:03 查询号码 【1699072】，GSD为【"-"】
2024-03-17 00:42:03 ok && -
2024-03-17 00:42:05 CHB 1699072?1710607323 第 1 次 等待 3 秒
2024-03-17 00:42:08 CHB 1699072?1710607323 第 1 次 获取到号码【1699072】GSD
2024-03-17 00:42:08 未获取到号码【1699072】GSD，可能号码格式错误
2024-03-17 00:42:08 获取到号码【1699072】的GSD为【-】
2024-03-17 00:42:13 GSD insert 第 1 次 等待 3 秒
2024-03-17 00:42:16 {"status":"bad","gid":"647467","msg":"添加失败！号码【1699072(-|-)】已存在！"}
2024-03-17 00:42:16 随机等待 144 秒，约 2 分钟
2024-03-17 00:42:16 下次操作: 2024-03-17 00:44:40

2024-03-17 00:44:40 开始第 9160 次操作

2024-03-17 00:44:40 开始操作号码 【1699073】
2024-03-17 00:44:45 GSD getOne 第 1 次 等待 3 秒
2024-03-17 00:44:48 查询号码 【1699073】，返回信息 {"status":"ok","msg":"-","gid":"647461","time_insert":"2023-04-11 15:50"}
2024-03-17 00:44:48 查询号码 【1699073】，GSD为【"-"】
2024-03-17 00:44:48 ok && -
2024-03-17 00:44:51 CHB 1699073?1710607488 第 1 次 等待 3 秒
2024-03-17 00:44:54 CHB 1699073?1710607488 第 1 次 获取到号码【1699073】GSD
2024-03-17 00:44:54 未获取到号码【1699073】GSD，可能号码格式错误
2024-03-17 00:44:54 获取到号码【1699073】的GSD为【-】
2024-03-17 00:44:58 GSD insert 第 1 次 等待 3 秒
2024-03-17 00:45:01 {"status":"bad","gid":"647461","msg":"添加失败！号码【1699073(-|-)】已存在！"}

2024-03-17 01:14:53 开始第 9161 次操作

2024-03-17 01:14:53 开始操作号码 【1699074】
2024-03-17 01:14:58 GSD getOne 第 1 次 等待 3 秒
2024-03-17 01:15:01 查询号码 【1699074】，返回信息 {"status":"ok","msg":"-","gid":"647458","time_insert":"2023-04-11 15:47"}
2024-03-17 01:15:01 查询号码 【1699074】，GSD为【"-"】
2024-03-17 01:15:01 ok && -
2024-03-17 01:15:03 CHB 1699074?1710609301 第 1 次 等待 3 秒
2024-03-17 01:15:06 CHB 1699074?1710609301 第 1 次 获取到号码【1699074】GSD
2024-03-17 01:15:06 未获取到号码【1699074】GSD，可能号码格式错误
2024-03-17 01:15:06 获取到号码【1699074】的GSD为【-】
2024-03-17 01:15:14 GSD insert 第 1 次 等待 3 秒
2024-03-17 01:15:17 {"status":"bad","gid":"647458","msg":"添加失败！号码【1699074(-|-)】已存在！"}
2024-03-17 01:15:17 随机等待 176 秒，约 2 分钟
2024-03-17 01:15:17 下次操作: 2024-03-17 01:18:13

2024-03-17 01:18:13 开始第 9162 次操作

2024-03-17 01:18:13 开始操作号码 【1699075】
2024-03-17 01:18:17 GSD getOne 第 1 次 等待 3 秒
2024-03-17 01:18:20 查询号码 【1699075】，返回信息 {"status":"ok","msg":"-","gid":"647453","time_insert":"2023-04-11 15:44"}
2024-03-17 01:18:21 查询号码 【1699075】，GSD为【"-"】
2024-03-17 01:18:21 ok && -
2024-03-17 01:18:24 CHB 1699075?1710609501 第 1 次 等待 3 秒
2024-03-17 01:18:27 CHB 1699075?1710609501 第 1 次 获取到号码【1699075】GSD
2024-03-17 01:18:27 未获取到号码【1699075】GSD，可能号码格式错误
2024-03-17 01:18:27 获取到号码【1699075】的GSD为【-】
2024-03-17 01:18:32 GSD insert 第 1 次 等待 3 秒
2024-03-17 01:18:35 {"status":"bad","gid":"647453","msg":"添加失败！号码【1699075(-|-)】已存在！"}
2024-03-17 01:18:35 随机等待 178 秒，约 2 分钟
2024-03-17 01:18:35 下次操作: 2024-03-17 01:21:33

2024-03-17 01:21:33 开始第 9163 次操作

2024-03-17 01:21:33 开始操作号码 【1699076】
2024-03-17 01:21:37 GSD getOne 第 1 次 等待 3 秒
2024-03-17 01:21:40 查询号码 【1699076】，返回信息 {"status":"ok","msg":"-","gid":"647447","time_insert":"2023-04-11 15:41"}
2024-03-17 01:21:40 查询号码 【1699076】，GSD为【"-"】
2024-03-17 01:21:40 ok && -
2024-03-17 01:21:43 CHB 1699076?1710609700 第 1 次 等待 3 秒
2024-03-17 01:21:46 CHB 1699076?1710609700 第 1 次 获取到号码【1699076】GSD
2024-03-17 01:21:46 未获取到号码【1699076】GSD，可能号码格式错误
2024-03-17 01:21:46 获取到号码【1699076】的GSD为【-】
2024-03-17 01:21:51 GSD insert 第 1 次 等待 3 秒
2024-03-17 01:21:54 {"status":"bad","gid":"647447","msg":"添加失败！号码【1699076(-|-)】已存在！"}
2024-03-17 01:21:54 随机等待 112 秒，约 1 分钟
2024-03-17 01:21:54 下次操作: 2024-03-17 01:23:46

2024-03-17 01:23:46 开始第 9164 次操作

2024-03-17 01:23:46 开始操作号码 【1699077】
2024-03-17 01:23:50 GSD getOne 第 1 次 等待 3 秒
2024-03-17 01:23:53 查询号码 【1699077】，返回信息 {"status":"ok","msg":"-","gid":"647440","time_insert":"2023-04-11 15:38"}
2024-03-17 01:23:53 查询号码 【1699077】，GSD为【"-"】
2024-03-17 01:23:53 ok && -
2024-03-17 01:23:55 CHB 1699077?1710609833 第 1 次 等待 3 秒
2024-03-17 01:23:58 CHB 1699077?1710609833 第 1 次 获取到号码【1699077】GSD
2024-03-17 01:23:58 未获取到号码【1699077】GSD，可能号码格式错误
2024-03-17 01:23:58 获取到号码【1699077】的GSD为【-】
2024-03-17 01:24:03 GSD insert 第 1 次 等待 3 秒
2024-03-17 01:24:06 {"status":"bad","gid":"647440","msg":"添加失败！号码【1699077(-|-)】已存在！"}

2024-03-17 01:38:04 开始第 9165 次操作

2024-03-17 01:38:04 开始操作号码 【1699078】
2024-03-17 01:38:09 GSD getOne 第 1 次 等待 3 秒
2024-03-17 01:38:13 查询号码 【1699078】，返回信息 {"status":"ok","msg":"-","gid":"647439","time_insert":"2023-04-11 15:36"}
2024-03-17 01:38:13 查询号码 【1699078】，GSD为【"-"】
2024-03-17 01:38:13 ok && -
2024-03-17 01:38:15 CHB 1699078?1710610693 第 1 次 等待 3 秒
2024-03-17 01:38:18 CHB 1699078?1710610693 第 1 次 获取到号码【1699078】GSD
2024-03-17 01:38:18 未获取到号码【1699078】GSD，可能号码格式错误
2024-03-17 01:38:18 获取到号码【1699078】的GSD为【-】
2024-03-17 01:38:22 GSD insert 第 1 次 等待 3 秒
2024-03-17 01:38:25 {"status":"bad","gid":"647439","msg":"添加失败！号码【1699078(-|-)】已存在！"}
2024-03-17 01:38:26 随机等待 72 秒，约 1 分钟
2024-03-17 01:38:26 下次操作: 2024-03-17 01:39:38

2024-03-17 01:39:38 开始第 9166 次操作

2024-03-17 01:39:38 开始操作号码 【1699079】
2024-03-17 01:39:42 GSD getOne 第 1 次 等待 3 秒
2024-03-17 01:39:45 查询号码 【1699079】，返回信息 {"status":"ok","msg":"-","gid":"647437","time_insert":"2023-04-11 15:35"}
2024-03-17 01:39:46 查询号码 【1699079】，GSD为【"-"】
2024-03-17 01:39:46 ok && -
2024-03-17 01:39:48 CHB 1699079?1710610786 第 1 次 等待 3 秒
2024-03-17 01:39:51 CHB 1699079?1710610786 第 1 次 获取到号码【1699079】GSD
2024-03-17 01:39:51 未获取到号码【1699079】GSD，可能号码格式错误
2024-03-17 01:39:51 获取到号码【1699079】的GSD为【-】
2024-03-17 01:39:57 GSD insert 第 1 次 等待 3 秒
2024-03-17 01:40:00 {"status":"bad","gid":"647437","msg":"添加失败！号码【1699079(-|-)】已存在！"}
2024-03-17 01:40:00 随机等待 222 秒，约 3 分钟
2024-03-17 01:40:00 下次操作: 2024-03-17 01:43:42

2024-03-17 01:43:42 开始第 9167 次操作

2024-03-17 01:43:42 开始操作号码 【1699080】
2024-03-17 01:43:47 GSD getOne 第 1 次 等待 3 秒
2024-03-17 01:43:50 查询号码 【1699080】，返回信息 {"status":"ok","msg":"-","gid":"647432","time_insert":"2023-04-11 15:31"}
2024-03-17 01:43:50 查询号码 【1699080】，GSD为【"-"】
2024-03-17 01:43:50 ok && -
2024-03-17 01:43:52 CHB 1699080?1710611030 第 1 次 等待 3 秒
2024-03-17 01:43:55 CHB 1699080?1710611030 第 1 次 获取到号码【1699080】GSD
2024-03-17 01:43:55 未获取到号码【1699080】GSD，可能号码格式错误
2024-03-17 01:43:55 获取到号码【1699080】的GSD为【-】
2024-03-17 01:44:00 GSD insert 第 1 次 等待 3 秒
2024-03-17 01:44:03 {"status":"bad","gid":"647432","msg":"添加失败！号码【1699080(-|-)】已存在！"}
2024-03-17 01:44:03 随机等待 213 秒，约 3 分钟
2024-03-17 01:44:03 下次操作: 2024-03-17 01:47:36

2024-03-17 01:47:36 开始第 9168 次操作

2024-03-17 01:47:36 开始操作号码 【1699081】
2024-03-17 01:47:41 GSD getOne 第 1 次 等待 3 秒
2024-03-17 01:47:44 查询号码 【1699081】，返回信息 {"status":"ok","msg":"-","gid":"647427","time_insert":"2023-04-11 15:28"}
2024-03-17 01:47:44 查询号码 【1699081】，GSD为【"-"】
2024-03-17 01:47:44 ok && -
2024-03-17 01:47:46 CHB 1699081?1710611264 第 1 次 等待 3 秒
2024-03-17 01:47:49 CHB 1699081?1710611264 第 1 次 获取到号码【1699081】GSD
2024-03-17 01:47:49 未获取到号码【1699081】GSD，可能号码格式错误
2024-03-17 01:47:49 获取到号码【1699081】的GSD为【-】
2024-03-17 01:47:54 GSD insert 第 1 次 等待 3 秒
2024-03-17 01:47:57 {"status":"bad","gid":"647427","msg":"添加失败！号码【1699081(-|-)】已存在！"}

2024-03-17 02:22:09 开始第 9169 次操作

2024-03-17 02:22:09 开始操作号码 【1699082】
2024-03-17 02:22:14 GSD getOne 第 1 次 等待 3 秒
2024-03-17 02:22:17 查询号码 【1699082】，返回信息 {"status":"ok","msg":"-","gid":"647425","time_insert":"2023-04-11 15:27"}
2024-03-17 02:22:17 查询号码 【1699082】，GSD为【"-"】
2024-03-17 02:22:17 ok && -
2024-03-17 02:22:19 CHB 1699082?1710613337 第 1 次 等待 3 秒
2024-03-17 02:22:22 CHB 1699082?1710613337 第 1 次 获取到号码【1699082】GSD
2024-03-17 02:22:22 未获取到号码【1699082】GSD，可能号码格式错误
2024-03-17 02:22:22 获取到号码【1699082】的GSD为【-】
2024-03-17 02:22:27 GSD insert 第 1 次 等待 3 秒
2024-03-17 02:22:30 {"status":"bad","gid":"647425","msg":"添加失败！号码【1699082(-|-)】已存在！"}
2024-03-17 02:22:30 随机等待 121 秒，约 2 分钟
2024-03-17 02:22:30 下次操作: 2024-03-17 02:24:31

2024-03-17 02:24:31 开始第 9170 次操作

2024-03-17 02:24:31 开始操作号码 【1699083】
2024-03-17 02:24:35 GSD getOne 第 1 次 等待 3 秒
2024-03-17 02:24:38 查询号码 【1699083】，返回信息 {"status":"ok","msg":"-","gid":"647420","time_insert":"2023-04-11 15:25"}
2024-03-17 02:24:38 查询号码 【1699083】，GSD为【"-"】
2024-03-17 02:24:38 ok && -
2024-03-17 02:24:40 CHB 1699083?1710613478 第 1 次 等待 3 秒
2024-03-17 02:24:43 CHB 1699083?1710613478 第 1 次 获取到号码【1699083】GSD
2024-03-17 02:24:43 未获取到号码【1699083】GSD，可能号码格式错误
2024-03-17 02:24:43 获取到号码【1699083】的GSD为【-】
2024-03-17 02:24:48 GSD insert 第 1 次 等待 3 秒
2024-03-17 02:24:51 {"status":"bad","gid":"647420","msg":"添加失败！号码【1699083(-|-)】已存在！"}
2024-03-17 02:24:51 随机等待 124 秒，约 2 分钟
2024-03-17 02:24:51 下次操作: 2024-03-17 02:26:55

2024-03-17 02:26:55 开始第 9171 次操作

2024-03-17 02:26:55 开始操作号码 【1699084】
2024-03-17 02:26:59 GSD getOne 第 1 次 等待 3 秒
2024-03-17 02:27:02 查询号码 【1699084】，返回信息 {"status":"ok","msg":"-","gid":"647411","time_insert":"2023-04-11 15:19"}
2024-03-17 02:27:02 查询号码 【1699084】，GSD为【"-"】
2024-03-17 02:27:02 ok && -
2024-03-17 02:27:04 CHB 1699084?1710613622 第 1 次 等待 3 秒
2024-03-17 02:27:07 CHB 1699084?1710613622 第 1 次 获取到号码【1699084】GSD
2024-03-17 02:27:07 未获取到号码【1699084】GSD，可能号码格式错误
2024-03-17 02:27:07 获取到号码【1699084】的GSD为【-】
2024-03-17 02:27:12 GSD insert 第 1 次 等待 3 秒
2024-03-17 02:27:15 {"status":"bad","gid":"647411","msg":"添加失败！号码【1699084(-|-)】已存在！"}
2024-03-17 02:27:15 随机等待 154 秒，约 2 分钟
2024-03-17 02:27:15 下次操作: 2024-03-17 02:29:49

2024-03-17 02:29:49 开始第 9172 次操作

2024-03-17 02:29:49 开始操作号码 【1699085】
2024-03-17 02:29:53 GSD getOne 第 1 次 等待 3 秒
2024-03-17 02:29:56 查询号码 【1699085】，返回信息 {"status":"ok","msg":"-","gid":"647406","time_insert":"2023-04-11 15:16"}
2024-03-17 02:29:56 查询号码 【1699085】，GSD为【"-"】
2024-03-17 02:29:56 ok && -
2024-03-17 02:29:58 CHB 1699085?1710613796 第 1 次 等待 3 秒
2024-03-17 02:30:01 CHB 1699085?1710613796 第 1 次 获取到号码【1699085】GSD
2024-03-17 02:30:01 未获取到号码【1699085】GSD，可能号码格式错误
2024-03-17 02:30:01 获取到号码【1699085】的GSD为【-】
2024-03-17 02:30:05 GSD insert 第 1 次 等待 3 秒
2024-03-17 02:30:08 {"status":"bad","gid":"647406","msg":"添加失败！号码【1699085(-|-)】已存在！"}

2024-03-17 02:39:26 开始第 9173 次操作

2024-03-17 02:39:26 开始操作号码 【1699086】
2024-03-17 02:39:33 GSD getOne 第 1 次 等待 3 秒
2024-03-17 02:39:36 查询号码 【1699086】，返回信息 {"status":"ok","msg":"-","gid":"647401","time_insert":"2023-04-11 15:13"}
2024-03-17 02:39:36 查询号码 【1699086】，GSD为【"-"】
2024-03-17 02:39:36 ok && -
2024-03-17 02:39:38 CHB 1699086?1710614376 第 1 次 等待 3 秒
2024-03-17 02:39:41 CHB 1699086?1710614376 第 1 次 获取到号码【1699086】GSD
2024-03-17 02:39:41 未获取到号码【1699086】GSD，可能号码格式错误
2024-03-17 02:39:41 获取到号码【1699086】的GSD为【-】
2024-03-17 02:39:46 GSD insert 第 1 次 等待 3 秒
2024-03-17 02:39:49 {"status":"bad","gid":"647401","msg":"添加失败！号码【1699086(-|-)】已存在！"}
2024-03-17 02:39:49 随机等待 176 秒，约 2 分钟
2024-03-17 02:39:49 下次操作: 2024-03-17 02:42:45

2024-03-17 02:42:45 开始第 9174 次操作

2024-03-17 02:42:45 开始操作号码 【1699087】
2024-03-17 02:42:49 GSD getOne 第 1 次 等待 3 秒
2024-03-17 02:42:52 查询号码 【1699087】，返回信息 {"status":"ok","msg":"-","gid":"647397","time_insert":"2023-04-11 15:11"}
2024-03-17 02:42:52 查询号码 【1699087】，GSD为【"-"】
2024-03-17 02:42:52 ok && -
2024-03-17 02:42:55 CHB 1699087?1710614572 第 1 次 等待 3 秒
2024-03-17 02:42:58 CHB 1699087?1710614572 第 1 次 获取到号码【1699087】GSD
2024-03-17 02:42:58 未获取到号码【1699087】GSD，可能号码格式错误
2024-03-17 02:42:58 获取到号码【1699087】的GSD为【-】
2024-03-17 02:43:02 GSD insert 第 1 次 等待 3 秒
2024-03-17 02:43:05 {"status":"bad","gid":"647397","msg":"添加失败！号码【1699087(-|-)】已存在！"}
2024-03-17 02:43:05 随机等待 82 秒，约 1 分钟
2024-03-17 02:43:05 下次操作: 2024-03-17 02:44:27

2024-03-17 02:44:27 开始第 9175 次操作

2024-03-17 02:44:27 开始操作号码 【1699088】
2024-03-17 02:44:31 GSD getOne 第 1 次 等待 3 秒
2024-03-17 02:44:34 查询号码 【1699088】，返回信息 {"status":"ok","msg":"-","gid":"647388","time_insert":"2023-04-11 15:01"}
2024-03-17 02:44:34 查询号码 【1699088】，GSD为【"-"】
2024-03-17 02:44:34 ok && -
2024-03-17 02:44:36 CHB 1699088?1710614674 第 1 次 等待 3 秒
2024-03-17 02:44:39 CHB 1699088?1710614674 第 1 次 获取到号码【1699088】GSD
2024-03-17 02:44:39 未获取到号码【1699088】GSD，可能号码格式错误
2024-03-17 02:44:39 获取到号码【1699088】的GSD为【-】
2024-03-17 02:44:44 GSD insert 第 1 次 等待 3 秒
2024-03-17 02:44:47 {"status":"bad","gid":"647388","msg":"添加失败！号码【1699088(-|-)】已存在！"}
2024-03-17 02:44:47 随机等待 156 秒，约 2 分钟
2024-03-17 02:44:47 下次操作: 2024-03-17 02:47:23

2024-03-17 02:47:23 开始第 9176 次操作

2024-03-17 02:47:23 开始操作号码 【1699089】
2024-03-17 02:47:27 GSD getOne 第 1 次 等待 3 秒
2024-03-17 02:47:30 查询号码 【1699089】，返回信息 {"status":"ok","msg":"-","gid":"647386","time_insert":"2023-04-11 14:59"}
2024-03-17 02:47:30 查询号码 【1699089】，GSD为【"-"】
2024-03-17 02:47:30 ok && -
2024-03-17 02:47:33 CHB 1699089?1710614850 第 1 次 等待 3 秒
2024-03-17 02:47:36 CHB 1699089?1710614850 第 1 次 获取到号码【1699089】GSD
2024-03-17 02:47:36 未获取到号码【1699089】GSD，可能号码格式错误
2024-03-17 02:47:36 获取到号码【1699089】的GSD为【-】
2024-03-17 02:47:40 GSD insert 第 1 次 等待 3 秒
2024-03-17 02:47:43 {"status":"bad","gid":"647386","msg":"添加失败！号码【1699089(-|-)】已存在！"}

