2024-10-12 00:23:40 开始第 9221 次操作

2024-10-12 00:23:40 开始操作号码 【1369220】
2024-10-12 00:23:42 GSD getOne 第 1 次 等待 3 秒
2024-10-12 00:23:45 查询号码 【1369220】，返回信息 {"status":"ok","msg":"广东-深圳","gid":"333603","time_insert":"2021-07-20 05:39"}
2024-10-12 00:23:45 查询号码 【1369220】，GSD为【"广东-深圳"】

2024-10-12 00:23:46 开始第 9222 次操作

2024-10-12 00:23:46 开始操作号码 【1369221】
2024-10-12 00:23:49 GSD getOne 第 1 次 等待 3 秒
2024-10-12 00:23:52 查询号码 【1369221】，返回信息 {"status":"ok","msg":"广东-深圳","gid":"9167","time_insert":"2018-07-30 16:19","time_update":"2020-09-27 16:27"}
2024-10-12 00:23:52 查询号码 【1369221】，GSD为【"广东-深圳"】

2024-10-12 00:23:53 开始第 9223 次操作

2024-10-12 00:23:53 开始操作号码 【1369222】
2024-10-12 00:23:55 GSD getOne 第 1 次 等待 3 秒
2024-10-12 00:23:58 查询号码 【1369222】，返回信息 {"status":"ok","msg":"广东-深圳","gid":"9168","time_insert":"2014-12-03 12:22","time_update":"2020-09-27 16:30"}
2024-10-12 00:23:58 查询号码 【1369222】，GSD为【"广东-深圳"】

2024-10-12 00:23:59 开始第 9224 次操作

2024-10-12 00:23:59 开始操作号码 【1369223】
2024-10-12 00:24:01 GSD getOne 第 1 次 等待 3 秒
2024-10-12 00:24:04 查询号码 【1369223】，返回信息 {"status":"ok","msg":"广东-深圳","gid":"333597","time_insert":"2021-07-20 05:38"}
2024-10-12 00:24:04 查询号码 【1369223】，GSD为【"广东-深圳"】

2024-10-12 00:43:50 开始第 9225 次操作

2024-10-12 00:43:50 开始操作号码 【1369224】
2024-10-12 00:43:53 GSD getOne 第 1 次 等待 3 秒
2024-10-12 00:43:56 查询号码 【1369224】，返回信息 {"status":"ok","msg":"广东-深圳","gid":"333594","time_insert":"2021-07-20 05:38"}
2024-10-12 00:43:56 查询号码 【1369224】，GSD为【"广东-深圳"】

2024-10-12 00:43:57 开始第 9226 次操作

2024-10-12 00:43:57 开始操作号码 【1369225】
2024-10-12 00:43:58 GSD getOne 第 1 次 等待 3 秒
2024-10-12 00:44:01 查询号码 【1369225】，返回信息 {"status":"ok","msg":"广东-深圳","gid":"333592","time_insert":"2021-07-20 05:37"}
2024-10-12 00:44:01 查询号码 【1369225】，GSD为【"广东-深圳"】

2024-10-12 00:44:02 开始第 9227 次操作

2024-10-12 00:44:02 开始操作号码 【1369226】
2024-10-12 00:44:04 GSD getOne 第 1 次 等待 3 秒
2024-10-12 00:44:07 查询号码 【1369226】，返回信息 {"status":"ok","msg":"广东-深圳","gid":"333589","time_insert":"2021-07-20 05:37"}
2024-10-12 00:44:07 查询号码 【1369226】，GSD为【"广东-深圳"】

2024-10-12 00:44:08 开始第 9228 次操作

2024-10-12 00:44:08 开始操作号码 【1369227】
2024-10-12 00:44:10 GSD getOne 第 1 次 等待 3 秒
2024-10-12 00:44:13 查询号码 【1369227】，返回信息 {"status":"ok","msg":"广东-深圳","gid":"333588","time_insert":"2021-07-20 05:36"}
2024-10-12 00:44:13 查询号码 【1369227】，GSD为【"广东-深圳"】

