2023-12-31 00:21:43 开始第 6005 次操作

2023-12-31 00:21:43 开始操作号码 【1805920】
2023-12-31 00:21:46 GSD getOne 第 1 次 等待 3 秒
2023-12-31 00:21:49 查询号码 【1805920】，返回信息 {"status":"ok","msg":"福建-厦门","gid":"318899","time_insert":"2021-07-18 21:08"}
2023-12-31 00:21:49 查询号码 【1805920】，GSD为【"福建-厦门"】

2023-12-31 00:21:50 开始第 6006 次操作

2023-12-31 00:21:50 开始操作号码 【1805921】
2023-12-31 00:21:53 GSD getOne 第 1 次 等待 3 秒
2023-12-31 00:21:56 查询号码 【1805921】，返回信息 {"status":"ok","msg":"福建-厦门","gid":"318907","time_insert":"2021-07-18 21:09"}
2023-12-31 00:21:56 查询号码 【1805921】，GSD为【"福建-厦门"】

2023-12-31 00:21:58 开始第 6007 次操作

2023-12-31 00:21:58 开始操作号码 【1805922】
2023-12-31 00:22:04 GSD getOne 第 1 次 等待 3 秒
2023-12-31 00:22:07 查询号码 【1805922】，返回信息 {"status":"ok","msg":"福建-厦门","gid":"318920","time_insert":"2021-07-18 21:10"}
2023-12-31 00:22:07 查询号码 【1805922】，GSD为【"福建-厦门"】

2023-12-31 00:22:08 开始第 6008 次操作

2023-12-31 00:22:08 开始操作号码 【1805923】
2023-12-31 00:22:11 GSD getOne 第 1 次 等待 3 秒
2023-12-31 00:22:14 查询号码 【1805923】，返回信息 {"status":"ok","msg":"福建-厦门","gid":"318928","time_insert":"2021-07-18 21:10"}
2023-12-31 00:22:14 查询号码 【1805923】，GSD为【"福建-厦门"】

2023-12-31 00:39:36 开始第 6009 次操作

2023-12-31 00:39:36 开始操作号码 【1805924】
2023-12-31 00:39:40 GSD getOne 第 1 次 等待 3 秒
2023-12-31 00:39:43 查询号码 【1805924】，返回信息 {"status":"ok","msg":"福建-厦门","gid":"318937","time_insert":"2021-07-18 21:11"}
2023-12-31 00:39:43 查询号码 【1805924】，GSD为【"福建-厦门"】

2023-12-31 00:39:44 开始第 6010 次操作

2023-12-31 00:39:44 开始操作号码 【1805925】
2023-12-31 00:39:46 GSD getOne 第 1 次 等待 3 秒
2023-12-31 00:39:49 查询号码 【1805925】，返回信息 {"status":"ok","msg":"福建-厦门","gid":"318944","time_insert":"2021-07-18 21:11"}
2023-12-31 00:39:49 查询号码 【1805925】，GSD为【"福建-厦门"】

2023-12-31 00:39:50 开始第 6011 次操作

2023-12-31 00:39:50 开始操作号码 【1805926】
2023-12-31 00:39:54 GSD getOne 第 1 次 等待 3 秒
2023-12-31 00:39:57 查询号码 【1805926】，返回信息 {"status":"ok","msg":"福建-厦门","gid":"318952","time_insert":"2021-07-18 21:12"}
2023-12-31 00:39:57 查询号码 【1805926】，GSD为【"福建-厦门"】

2023-12-31 00:39:58 开始第 6012 次操作

2023-12-31 00:39:58 开始操作号码 【1805927】
2023-12-31 00:40:01 GSD getOne 第 1 次 等待 3 秒
2023-12-31 00:40:04 查询号码 【1805927】，返回信息 {"status":"ok","msg":"福建-厦门","gid":"318960","time_insert":"2021-07-18 21:12"}
2023-12-31 00:40:04 查询号码 【1805927】，GSD为【"福建-厦门"】

2023-12-31 01:14:25 开始第 6013 次操作

2023-12-31 01:14:25 开始操作号码 【1805928】
2023-12-31 01:14:28 GSD getOne 第 1 次 等待 3 秒
2023-12-31 01:14:31 查询号码 【1805928】，返回信息 {"status":"ok","msg":"福建-厦门","gid":"318973","time_insert":"2021-07-18 21:13"}
2023-12-31 01:14:31 查询号码 【1805928】，GSD为【"福建-厦门"】

2023-12-31 01:14:32 开始第 6014 次操作

2023-12-31 01:14:32 开始操作号码 【1805929】
2023-12-31 01:14:35 GSD getOne 第 1 次 等待 3 秒
2023-12-31 01:14:38 查询号码 【1805929】，返回信息 {"status":"ok","msg":"福建-厦门","gid":"318986","time_insert":"2021-07-18 21:14"}
2023-12-31 01:14:38 查询号码 【1805929】，GSD为【"福建-厦门"】

2023-12-31 01:14:39 开始第 6015 次操作

2023-12-31 01:14:39 开始操作号码 【1805930】
2023-12-31 01:14:42 GSD getOne 第 1 次 等待 3 秒
2023-12-31 01:14:45 查询号码 【1805930】，返回信息 {"status":"ok","msg":"福建-宁德","gid":"318994","time_insert":"2021-07-18 21:14"}
2023-12-31 01:14:45 查询号码 【1805930】，GSD为【"福建-宁德"】

2023-12-31 01:14:46 开始第 6016 次操作

2023-12-31 01:14:46 开始操作号码 【1805931】
2023-12-31 01:14:48 GSD getOne 第 1 次 等待 3 秒
2023-12-31 01:14:51 查询号码 【1805931】，返回信息 {"status":"ok","msg":"福建-宁德","gid":"32304","time_insert":"2020-05-17 19:04","time_update":"2020-09-05 02:46"}
2023-12-31 01:14:51 查询号码 【1805931】，GSD为【"福建-宁德"】

