2024-07-16 00:24:07 开始第 6145 次操作

2024-07-16 00:24:07 开始操作号码 【1476055】
2024-07-16 00:24:20 GSD getOne 第 1 次 等待 3 秒
2024-07-16 00:24:23 查询号码 【1476055】，返回信息 {"status":"ok","msg":"宁夏-中卫","gid":"400025","time_insert":"2021-07-26 10:51"}
2024-07-16 00:24:23 查询号码 【1476055】，GSD为【"宁夏-中卫"】

2024-07-16 00:24:24 开始第 6146 次操作

2024-07-16 00:24:24 开始操作号码 【1476056】
2024-07-16 00:24:32 GSD getOne 第 1 次 等待 3 秒
2024-07-16 00:24:35 查询号码 【1476056】，返回信息 {"status":"ok","msg":"宁夏-吴忠","gid":"400018","time_insert":"2021-07-26 10:51"}
2024-07-16 00:24:35 查询号码 【1476056】，GSD为【"宁夏-吴忠"】

2024-07-16 00:24:36 开始第 6147 次操作

2024-07-16 00:24:36 开始操作号码 【1476057】
2024-07-16 00:24:47 GSD getOne 第 1 次 等待 3 秒
2024-07-16 00:24:50 查询号码 【1476057】，返回信息 {"status":"ok","msg":"宁夏-银川","gid":"400009","time_insert":"2021-07-26 10:50"}
2024-07-16 00:24:50 查询号码 【1476057】，GSD为【"宁夏-银川"】

2024-07-16 00:24:51 开始第 6148 次操作

2024-07-16 00:24:51 开始操作号码 【1476058】
2024-07-16 00:24:59 GSD getOne 第 1 次 等待 3 秒
2024-07-16 00:25:02 查询号码 【1476058】，返回信息 {"status":"ok","msg":"宁夏-银川","gid":"14741","time_insert":"2017-06-22 08:33","time_update":"2020-12-21 22:39"}
2024-07-16 00:25:02 查询号码 【1476058】，GSD为【"宁夏-银川"】

2024-07-16 00:43:42 开始第 6149 次操作

2024-07-16 00:43:42 开始操作号码 【1476059】
2024-07-16 00:43:50 GSD getOne 第 1 次 等待 3 秒
2024-07-16 00:43:53 查询号码 【1476059】，返回信息 {"status":"ok","msg":"宁夏-银川","gid":"400002","time_insert":"2021-07-26 10:50"}
2024-07-16 00:43:53 查询号码 【1476059】，GSD为【"宁夏-银川"】

2024-07-16 00:43:54 开始第 6150 次操作

2024-07-16 00:43:54 开始操作号码 【1476060】
2024-07-16 00:44:02 GSD getOne 第 1 次 等待 3 秒
2024-07-16 00:44:05 查询号码 【1476060】，返回信息 {"status":"ok","msg":"内蒙古-赤峰","gid":"399996","time_insert":"2021-07-26 10:49"}
2024-07-16 00:44:05 查询号码 【1476060】，GSD为【"内蒙古-赤峰"】

2024-07-16 00:44:06 开始第 6151 次操作

2024-07-16 00:44:06 开始操作号码 【1476061】
2024-07-16 00:44:14 GSD getOne 第 1 次 等待 3 秒
2024-07-16 00:44:17 查询号码 【1476061】，返回信息 {"status":"ok","msg":"内蒙古-赤峰","gid":"399984","time_insert":"2021-07-26 10:49"}
2024-07-16 00:44:17 查询号码 【1476061】，GSD为【"内蒙古-赤峰"】

2024-07-16 00:44:18 开始第 6152 次操作

2024-07-16 00:44:18 开始操作号码 【1476062】
2024-07-16 00:44:26 GSD getOne 第 1 次 等待 3 秒
2024-07-16 00:44:29 查询号码 【1476062】，返回信息 {"status":"ok","msg":"内蒙古-赤峰","gid":"399976","time_insert":"2021-07-26 10:48"}
2024-07-16 00:44:29 查询号码 【1476062】，GSD为【"内蒙古-赤峰"】

