2023-12-20 00:20:08 开始第 4065 次操作

2023-12-20 00:20:08 开始操作号码 【1803980】
2023-12-20 00:20:12 GSD getOne 第 1 次 等待 3 秒
2023-12-20 00:20:15 查询号码 【1803980】，返回信息 {"status":"ok","msg":"福建-龙岩","gid":"297465","time_insert":"2021-07-16 22:35"}
2023-12-20 00:20:15 查询号码 【1803980】，GSD为【"福建-龙岩"】

2023-12-20 00:20:16 开始第 4066 次操作

2023-12-20 00:20:16 开始操作号码 【1803981】
2023-12-20 00:20:20 GSD getOne 第 1 次 等待 3 秒
2023-12-20 00:20:23 查询号码 【1803981】，返回信息 {"status":"ok","msg":"福建-龙岩","gid":"297468","time_insert":"2021-07-16 22:36"}
2023-12-20 00:20:23 查询号码 【1803981】，GSD为【"福建-龙岩"】

2023-12-20 00:20:24 开始第 4067 次操作

2023-12-20 00:20:24 开始操作号码 【1803982】
2023-12-20 00:20:28 GSD getOne 第 1 次 等待 3 秒
2023-12-20 00:20:31 查询号码 【1803982】，返回信息 {"status":"ok","msg":"福建-龙岩","gid":"297501","time_insert":"2021-07-16 22:40"}
2023-12-20 00:20:31 查询号码 【1803982】，GSD为【"福建-龙岩"】

2023-12-20 00:20:32 开始第 4068 次操作

2023-12-20 00:20:32 开始操作号码 【1803983】
2023-12-20 00:20:36 GSD getOne 第 1 次 等待 3 秒
2023-12-20 00:20:39 查询号码 【1803983】，返回信息 {"status":"ok","msg":"福建-龙岩","gid":"297512","time_insert":"2021-07-16 22:41"}
2023-12-20 00:20:39 查询号码 【1803983】，GSD为【"福建-龙岩"】

2023-12-20 00:37:56 开始第 4069 次操作

2023-12-20 00:37:56 开始操作号码 【1803984】
2023-12-20 00:38:00 GSD getOne 第 1 次 等待 3 秒
2023-12-20 00:38:03 查询号码 【1803984】，返回信息 {"status":"ok","msg":"福建-龙岩","gid":"297546","time_insert":"2021-07-16 22:45"}
2023-12-20 00:38:03 查询号码 【1803984】，GSD为【"福建-龙岩"】

2023-12-20 00:38:04 开始第 4070 次操作

2023-12-20 00:38:04 开始操作号码 【1803985】
2023-12-20 00:38:08 GSD getOne 第 1 次 等待 3 秒
2023-12-20 00:38:11 查询号码 【1803985】，返回信息 {"status":"ok","msg":"福建-龙岩","gid":"297567","time_insert":"2021-07-16 22:48"}
2023-12-20 00:38:11 查询号码 【1803985】，GSD为【"福建-龙岩"】

2023-12-20 00:38:12 开始第 4071 次操作

2023-12-20 00:38:12 开始操作号码 【1803986】
2023-12-20 00:38:15 GSD getOne 第 1 次 等待 3 秒
2023-12-20 00:38:18 查询号码 【1803986】，返回信息 {"status":"ok","msg":"福建-龙岩","gid":"297607","time_insert":"2021-07-16 22:53"}
2023-12-20 00:38:18 查询号码 【1803986】，GSD为【"福建-龙岩"】

2023-12-20 00:38:19 开始第 4072 次操作

2023-12-20 00:38:19 开始操作号码 【1803987】
2023-12-20 00:38:23 GSD getOne 第 1 次 等待 3 秒
2023-12-20 00:38:26 查询号码 【1803987】，返回信息 {"status":"ok","msg":"福建-龙岩","gid":"297619","time_insert":"2021-07-16 22:54"}
2023-12-20 00:38:26 查询号码 【1803987】，GSD为【"福建-龙岩"】

