2024-07-28 00:23:13 开始第 8237 次操作

2024-07-28 00:23:13 开始操作号码 【1478147】
2024-07-28 00:23:21 GSD getOne 第 1 次 等待 3 秒
2024-07-28 00:23:24 查询号码 【1478147】，返回信息 {"status":"ok","msg":"四川-南充","gid":"374196","time_insert":"2021-07-24 05:53"}
2024-07-28 00:23:24 查询号码 【1478147】，GSD为【"四川-南充"】

2024-07-28 00:23:25 开始第 8238 次操作

2024-07-28 00:23:25 开始操作号码 【1478148】
2024-07-28 00:23:32 GSD getOne 第 1 次 等待 3 秒
2024-07-28 00:23:35 查询号码 【1478148】，返回信息 {"status":"ok","msg":"四川-泸州","gid":"14846","time_insert":"2018-11-21 21:59","time_update":"2020-10-17 18:58"}
2024-07-28 00:23:35 查询号码 【1478148】，GSD为【"四川-泸州"】

2024-07-28 00:23:37 开始第 8239 次操作

2024-07-28 00:23:37 开始操作号码 【1478149】
2024-07-28 00:23:45 GSD getOne 第 1 次 等待 3 秒
2024-07-28 00:23:48 查询号码 【1478149】，返回信息 {"status":"ok","msg":"四川-泸州","gid":"14847","time_insert":"2019-01-17 09:15","time_update":"2020-10-17 19:03"}
2024-07-28 00:23:48 查询号码 【1478149】，GSD为【"四川-泸州"】

2024-07-28 00:23:49 开始第 8240 次操作

2024-07-28 00:23:49 开始操作号码 【1478150】
2024-07-28 00:23:57 GSD getOne 第 1 次 等待 3 秒
2024-07-28 00:24:00 查询号码 【1478150】，返回信息 {"status":"ok","msg":"四川-内江","gid":"374185","time_insert":"2021-07-24 05:52"}
2024-07-28 00:24:00 查询号码 【1478150】，GSD为【"四川-内江"】

