2023-12-21 00:21:31 开始第 4237 次操作

2023-12-21 00:21:31 开始操作号码 【1804152】
2023-12-21 00:21:35 GSD getOne 第 1 次 等待 3 秒
2023-12-21 00:21:38 查询号码 【1804152】，返回信息 {"status":"ok","msg":"辽宁-丹东","gid":"298985","time_insert":"2021-07-17 02:11"}
2023-12-21 00:21:38 查询号码 【1804152】，GSD为【"辽宁-丹东"】

2023-12-21 00:21:39 开始第 4238 次操作

2023-12-21 00:21:39 开始操作号码 【1804153】
2023-12-21 00:21:47 GSD getOne 第 1 次 等待 3 秒
2023-12-21 00:21:50 查询号码 【1804153】，返回信息 {"status":"ok","msg":"辽宁-大连","gid":"298991","time_insert":"2021-07-17 02:12"}
2023-12-21 00:21:50 查询号码 【1804153】，GSD为【"辽宁-大连"】

2023-12-21 00:21:51 开始第 4239 次操作

2023-12-21 00:21:51 开始操作号码 【1804154】
2023-12-21 00:21:54 GSD getOne 第 1 次 等待 3 秒
2023-12-21 00:21:57 查询号码 【1804154】，返回信息 {"status":"ok","msg":"辽宁-大连","gid":"298996","time_insert":"2021-07-17 02:13"}
2023-12-21 00:21:57 查询号码 【1804154】，GSD为【"辽宁-大连"】

2023-12-21 00:21:58 开始第 4240 次操作

2023-12-21 00:21:58 开始操作号码 【1804155】
2023-12-21 00:22:02 GSD getOne 第 1 次 等待 3 秒
2023-12-21 00:22:05 查询号码 【1804155】，返回信息 {"status":"ok","msg":"辽宁-大连","gid":"299002","time_insert":"2021-07-17 02:14"}
2023-12-21 00:22:05 查询号码 【1804155】，GSD为【"辽宁-大连"】

