2024-04-29 00:20:07 开始第 6013 次操作

2024-04-29 00:20:07 开始操作号码 【1585926】
2024-04-29 00:20:14 GSD getOne 第 1 次 等待 3 秒
2024-04-29 00:20:17 查询号码 【1585926】，返回信息 {"status":"ok","msg":"福建-厦门","gid":"407730","time_insert":"2021-07-27 01:25"}
2024-04-29 00:20:17 查询号码 【1585926】，GSD为【"福建-厦门"】

2024-04-29 00:20:18 开始第 6014 次操作

2024-04-29 00:20:18 开始操作号码 【1585927】
2024-04-29 00:20:23 GSD getOne 第 1 次 等待 3 秒
2024-04-29 00:20:26 查询号码 【1585927】，返回信息 {"status":"ok","msg":"福建-厦门","gid":"407720","time_insert":"2021-07-27 01:24"}
2024-04-29 00:20:26 查询号码 【1585927】，GSD为【"福建-厦门"】

2024-04-29 00:20:27 开始第 6015 次操作

2024-04-29 00:20:27 开始操作号码 【1585928】
2024-04-29 00:20:34 GSD getOne 第 1 次 等待 3 秒
2024-04-29 00:20:37 查询号码 【1585928】，返回信息 {"status":"ok","msg":"福建-厦门","gid":"407707","time_insert":"2021-07-27 01:23"}
2024-04-29 00:20:37 查询号码 【1585928】，GSD为【"福建-厦门"】

2024-04-29 00:20:38 开始第 6016 次操作

2024-04-29 00:20:38 开始操作号码 【1585929】
2024-04-29 00:20:49 GSD getOne 第 1 次 等待 3 秒
2024-04-29 00:20:52 查询号码 【1585929】，返回信息 {"status":"ok","msg":"福建-厦门","gid":"407693","time_insert":"2021-07-27 01:22"}
2024-04-29 00:20:52 查询号码 【1585929】，GSD为【"福建-厦门"】

2024-04-29 00:37:50 开始第 6017 次操作

2024-04-29 00:37:50 开始操作号码 【1585930】
2024-04-29 00:38:05 GSD getOne 第 1 次 等待 3 秒
2024-04-29 00:38:08 查询号码 【1585930】，返回信息 {"status":"ok","msg":"福建-宁德","gid":"407679","time_insert":"2021-07-27 01:22"}
2024-04-29 00:38:08 查询号码 【1585930】，GSD为【"福建-宁德"】

2024-04-29 00:38:09 开始第 6018 次操作

2024-04-29 00:38:09 开始操作号码 【1585931】
2024-04-29 00:38:25 GSD getOne 第 1 次 等待 3 秒
2024-04-29 00:38:28 查询号码 【1585931】，返回信息 {"status":"ok","msg":"福建-宁德","gid":"407668","time_insert":"2021-07-27 01:21"}
2024-04-29 00:38:28 查询号码 【1585931】，GSD为【"福建-宁德"】

2024-04-29 00:38:29 开始第 6019 次操作

2024-04-29 00:38:29 开始操作号码 【1585932】
2024-04-29 00:38:37 GSD getOne 第 1 次 等待 3 秒
2024-04-29 00:38:40 查询号码 【1585932】，返回信息 {"status":"ok","msg":"福建-宁德","gid":"407655","time_insert":"2021-07-27 01:20"}
2024-04-29 00:38:40 查询号码 【1585932】，GSD为【"福建-宁德"】

2024-04-29 00:38:41 开始第 6020 次操作

2024-04-29 00:38:41 开始操作号码 【1585933】
2024-04-29 00:38:49 GSD getOne 第 1 次 等待 3 秒
2024-04-29 00:38:52 查询号码 【1585933】，返回信息 {"status":"ok","msg":"福建-宁德","gid":"407640","time_insert":"2021-07-27 01:19"}
2024-04-29 00:38:52 查询号码 【1585933】，GSD为【"福建-宁德"】

2024-04-29 01:15:29 开始第 6021 次操作

2024-04-29 01:15:29 开始操作号码 【1585934】
2024-04-29 01:15:36 GSD getOne 第 1 次 等待 3 秒
2024-04-29 01:15:39 查询号码 【1585934】，返回信息 {"status":"ok","msg":"福建-宁德","gid":"407628","time_insert":"2021-07-27 01:18"}
2024-04-29 01:15:39 查询号码 【1585934】，GSD为【"福建-宁德"】

2024-04-29 01:15:40 开始第 6022 次操作

2024-04-29 01:15:40 开始操作号码 【1585935】
2024-04-29 01:15:47 GSD getOne 第 1 次 等待 3 秒
2024-04-29 01:15:50 查询号码 【1585935】，返回信息 {"status":"ok","msg":"福建-宁德","gid":"407619","time_insert":"2021-07-27 01:18"}
2024-04-29 01:15:50 查询号码 【1585935】，GSD为【"福建-宁德"】

2024-04-29 01:15:51 开始第 6023 次操作

2024-04-29 01:15:51 开始操作号码 【1585936】
2024-04-29 01:15:56 GSD getOne 第 1 次 等待 3 秒
2024-04-29 01:15:59 查询号码 【1585936】，返回信息 {"status":"ok","msg":"福建-宁德","gid":"25112","time_insert":"2019-01-16 22:42","time_update":"2020-09-04 18:42"}
2024-04-29 01:15:59 查询号码 【1585936】，GSD为【"福建-宁德"】

2024-04-29 01:16:00 开始第 6024 次操作

2024-04-29 01:16:00 开始操作号码 【1585937】
2024-04-29 01:16:09 GSD getOne 第 1 次 等待 3 秒
2024-04-29 01:16:12 查询号码 【1585937】，返回信息 {"status":"ok","msg":"福建-宁德","gid":"407602","time_insert":"2021-07-27 01:16"}
2024-04-29 01:16:12 查询号码 【1585937】，GSD为【"福建-宁德"】

