2023-10-10 00:21:48 开始第 2405 次操作

2023-10-10 00:21:48 开始操作号码 【1902404】
2023-10-10 00:21:52 GSD getOne 第 1 次 等待 3 秒
2023-10-10 00:21:55 查询号码 【1902404】，返回信息 {"status":"ok","msg":"-","gid":"560423","time_insert":"2023-02-28 07:42"}
2023-10-10 00:21:55 查询号码 【1902404】，GSD为【"-"】
2023-10-10 00:21:55 ok && -
2023-10-10 00:21:57 CHB 1902404?1696868515 第 1 次 等待 3 秒
2023-10-10 00:22:00 CHB 1902404?1696868515 第 1 次 获取到号码【1902404】GSD
2023-10-10 00:22:00 未获取到号码【1902404】GSD，可能号码格式错误
2023-10-10 00:22:00 获取到号码【1902404】的GSD为【-】
2023-10-10 00:22:04 GSD insert 第 1 次 等待 3 秒
2023-10-10 00:22:07 {"status":"bad","gid":"560423","msg":"添加失败！号码【1902404(-|-)】已存在！"}
2023-10-10 00:22:07 随机等待 204 秒，约 3 分钟
2023-10-10 00:22:07 下次操作: 2023-10-10 00:25:31

2023-10-10 00:25:31 开始第 2406 次操作

2023-10-10 00:25:31 开始操作号码 【1902405】
2023-10-10 00:25:35 GSD getOne 第 1 次 等待 3 秒
2023-10-10 00:25:38 查询号码 【1902405】，返回信息 {"status":"ok","msg":"-","gid":"560445","time_insert":"2023-02-28 07:55"}
2023-10-10 00:25:38 查询号码 【1902405】，GSD为【"-"】
2023-10-10 00:25:38 ok && -
2023-10-10 00:25:40 CHB 1902405?1696868738 第 1 次 等待 3 秒
2023-10-10 00:25:43 CHB 1902405?1696868738 第 1 次 获取到号码【1902405】GSD
2023-10-10 00:25:43 未获取到号码【1902405】GSD，可能号码格式错误
2023-10-10 00:25:43 获取到号码【1902405】的GSD为【-】
2023-10-10 00:25:46 GSD insert 第 1 次 等待 3 秒
2023-10-10 00:25:49 {"status":"bad","gid":"560445","msg":"添加失败！号码【1902405(-|-)】已存在！"}
2023-10-10 00:25:49 随机等待 118 秒，约 1 分钟
2023-10-10 00:25:49 下次操作: 2023-10-10 00:27:47

2023-10-10 00:27:47 开始第 2407 次操作

2023-10-10 00:27:47 开始操作号码 【1902406】
2023-10-10 00:27:53 GSD getOne 第 1 次 等待 3 秒
2023-10-10 00:27:56 查询号码 【1902406】，返回信息 {"status":"ok","msg":"-","gid":"560461","time_insert":"2023-02-28 08:04"}
2023-10-10 00:27:56 查询号码 【1902406】，GSD为【"-"】
2023-10-10 00:27:56 ok && -
2023-10-10 00:27:58 CHB 1902406?1696868876 第 1 次 等待 3 秒
2023-10-10 00:28:01 CHB 1902406?1696868876 第 1 次 获取到号码【1902406】GSD
2023-10-10 00:28:01 未获取到号码【1902406】GSD，可能号码格式错误
2023-10-10 00:28:01 获取到号码【1902406】的GSD为【-】
2023-10-10 00:28:07 GSD insert 第 1 次 等待 3 秒
2023-10-10 00:28:10 {"status":"bad","gid":"560461","msg":"添加失败！号码【1902406(-|-)】已存在！"}
2023-10-10 00:28:10 随机等待 120 秒，约 2 分钟
2023-10-10 00:28:10 下次操作: 2023-10-10 00:30:10

2023-10-10 00:30:10 开始第 2408 次操作

2023-10-10 00:30:10 开始操作号码 【1902407】
2023-10-10 00:30:17 GSD getOne 第 1 次 等待 3 秒
2023-10-10 00:30:20 查询号码 【1902407】，返回信息 {"status":"ok","msg":"-","gid":"560474","time_insert":"2023-02-28 08:19"}
2023-10-10 00:30:20 查询号码 【1902407】，GSD为【"-"】
2023-10-10 00:30:20 ok && -
2023-10-10 00:30:22 CHB 1902407?1696869020 第 1 次 等待 3 秒
2023-10-10 00:30:25 CHB 1902407?1696869020 第 1 次 获取到号码【1902407】GSD
2023-10-10 00:30:25 未获取到号码【1902407】GSD，可能号码格式错误
2023-10-10 00:30:25 获取到号码【1902407】的GSD为【-】
2023-10-10 00:31:06 GSD insert 第 1 次 等待 3 秒
2023-10-10 00:31:09 {"status":"bad","gid":"560474","msg":"添加失败！号码【1902407(-|-)】已存在！"}

