2024-08-06 00:24:13 开始第 9805 次操作

2024-08-06 00:24:13 开始操作号码 【1479715】
2024-08-06 00:24:21 GSD getOne 第 1 次 等待 3 秒
2024-08-06 00:24:24 查询号码 【1479715】，返回信息 {"status":"ok","msg":"山西-太原","gid":"357167","time_insert":"2021-07-22 17:32","time_update":"2021-08-03 02:40"}
2024-08-06 00:24:24 查询号码 【1479715】，GSD为【"山西-太原"】

2024-08-06 00:24:25 开始第 9806 次操作

2024-08-06 00:24:25 开始操作号码 【1479716】
2024-08-06 00:24:32 GSD getOne 第 1 次 等待 3 秒
2024-08-06 00:24:35 查询号码 【1479716】，返回信息 {"status":"ok","msg":"山西-太原","gid":"357160","time_insert":"2021-07-22 17:31","time_update":"2021-08-03 02:53"}
2024-08-06 00:24:35 查询号码 【1479716】，GSD为【"山西-太原"】

2024-08-06 00:24:37 开始第 9807 次操作

2024-08-06 00:24:37 开始操作号码 【1479717】
2024-08-06 00:24:46 GSD getOne 第 1 次 等待 3 秒
2024-08-06 00:24:49 查询号码 【1479717】，返回信息 {"status":"ok","msg":"山西-太原","gid":"357148","time_insert":"2021-07-22 17:29","time_update":"2021-08-03 03:09"}
2024-08-06 00:24:49 查询号码 【1479717】，GSD为【"山西-太原"】

2024-08-06 00:24:50 开始第 9808 次操作

2024-08-06 00:24:50 开始操作号码 【1479718】
2024-08-06 00:24:58 GSD getOne 第 1 次 等待 3 秒
2024-08-06 00:25:01 查询号码 【1479718】，返回信息 {"status":"ok","msg":"山西-太原","gid":"357139","time_insert":"2021-07-22 17:28","time_update":"2021-08-03 03:24"}
2024-08-06 00:25:01 查询号码 【1479718】，GSD为【"山西-太原"】

