2023-11-17 00:24:15 开始第 8877 次操作

2023-11-17 00:24:15 开始操作号码 【1908791】
2023-11-17 00:24:19 GSD getOne 第 1 次 等待 3 秒
2023-11-17 00:24:22 查询号码 【1908791】，返回信息 {"status":"ok","msg":"-","gid":"651730","time_insert":"2023-04-13 14:56"}
2023-11-17 00:24:22 查询号码 【1908791】，GSD为【"-"】
2023-11-17 00:24:22 ok && -
2023-11-17 00:24:25 CHB 1908791?1700151862 第 1 次 等待 3 秒
2023-11-17 00:24:28 CHB 1908791?1700151862 第 1 次 获取到号码【1908791】GSD
2023-11-17 00:24:28 未获取到号码【1908791】GSD，可能号码格式错误
2023-11-17 00:24:28 获取到号码【1908791】的GSD为【-】
2023-11-17 00:24:35 GSD insert 第 1 次 等待 3 秒
2023-11-17 00:24:38 {"status":"bad","gid":"651730","msg":"添加失败！号码【1908791(-|-)】已存在！"}
2023-11-17 00:24:38 随机等待 229 秒，约 3 分钟
2023-11-17 00:24:38 下次操作: 2023-11-17 00:28:27

2023-11-17 00:28:27 开始第 8878 次操作

2023-11-17 00:28:27 开始操作号码 【1908792】
2023-11-17 00:28:30 GSD getOne 第 1 次 等待 3 秒
2023-11-17 00:28:33 查询号码 【1908792】，返回信息 {"status":"ok","msg":"-","gid":"651756","time_insert":"2023-04-13 15:13"}
2023-11-17 00:28:33 查询号码 【1908792】，GSD为【"-"】
2023-11-17 00:28:33 ok && -
2023-11-17 00:28:35 CHB 1908792?1700152113 第 1 次 等待 3 秒
2023-11-17 00:28:38 CHB 1908792?1700152113 第 1 次 获取到号码【1908792】GSD
2023-11-17 00:28:38 未获取到号码【1908792】GSD，可能号码格式错误
2023-11-17 00:28:38 获取到号码【1908792】的GSD为【-】
2023-11-17 00:28:43 GSD insert 第 1 次 等待 3 秒
2023-11-17 00:28:46 {"status":"bad","gid":"651756","msg":"添加失败！号码【1908792(-|-)】已存在！"}
2023-11-17 00:28:46 随机等待 218 秒，约 3 分钟
2023-11-17 00:28:46 下次操作: 2023-11-17 00:32:24

2023-11-17 00:32:24 开始第 8879 次操作

2023-11-17 00:32:24 开始操作号码 【1908793】
2023-11-17 00:32:29 GSD getOne 第 1 次 等待 3 秒
2023-11-17 00:32:32 查询号码 【1908793】，返回信息 {"status":"ok","msg":"-","gid":"651784","time_insert":"2023-04-13 15:29"}
2023-11-17 00:32:32 查询号码 【1908793】，GSD为【"-"】
2023-11-17 00:32:32 ok && -
2023-11-17 00:32:34 CHB 1908793?1700152352 第 1 次 等待 3 秒
2023-11-17 00:32:37 CHB 1908793?1700152352 第 1 次 获取到号码【1908793】GSD
2023-11-17 00:32:37 未获取到号码【1908793】GSD，可能号码格式错误
2023-11-17 00:32:37 获取到号码【1908793】的GSD为【-】
2023-11-17 00:32:40 GSD insert 第 1 次 等待 3 秒
2023-11-17 00:32:43 {"status":"bad","gid":"651784","msg":"添加失败！号码【1908793(-|-)】已存在！"}
2023-11-17 00:32:43 随机等待 91 秒，约 1 分钟
2023-11-17 00:32:43 下次操作: 2023-11-17 00:34:14

2023-11-17 00:34:14 开始第 8880 次操作

2023-11-17 00:34:14 开始操作号码 【1908794】
2023-11-17 00:34:18 GSD getOne 第 1 次 等待 3 秒
2023-11-17 00:34:21 查询号码 【1908794】，返回信息 {"status":"ok","msg":"-","gid":"651815","time_insert":"2023-04-13 15:47"}
2023-11-17 00:34:21 查询号码 【1908794】，GSD为【"-"】
2023-11-17 00:34:21 ok && -
2023-11-17 00:34:23 CHB 1908794?1700152461 第 1 次 等待 3 秒
2023-11-17 00:34:26 CHB 1908794?1700152461 第 1 次 获取到号码【1908794】GSD
2023-11-17 00:34:26 未获取到号码【1908794】GSD，可能号码格式错误
2023-11-17 00:34:26 获取到号码【1908794】的GSD为【-】
2023-11-17 00:34:30 GSD insert 第 1 次 等待 3 秒
2023-11-17 00:34:33 {"status":"bad","gid":"651815","msg":"添加失败！号码【1908794(-|-)】已存在！"}

