2024-08-24 00:22:49 开始第 809 次操作

2024-08-24 00:22:49 开始操作号码 【1360808】
2024-08-24 00:22:57 GSD getOne 第 1 次 等待 3 秒
2024-08-24 00:23:00 查询号码 【1360808】，返回信息 {"status":"ok","msg":"四川-成都","gid":"7334","time_insert":"2014-04-10 18:57","time_update":"2020-10-13 01:54"}
2024-08-24 00:23:00 查询号码 【1360808】，GSD为【"四川-成都"】

2024-08-24 00:23:01 开始第 810 次操作

2024-08-24 00:23:01 开始操作号码 【1360809】
2024-08-24 00:23:13 GSD getOne 第 1 次 等待 3 秒
2024-08-24 00:23:16 查询号码 【1360809】，返回信息 {"status":"ok","msg":"四川-成都","gid":"7335","time_insert":"2017-03-25 16:31","time_update":"2020-10-13 01:58"}
2024-08-24 00:23:16 查询号码 【1360809】，GSD为【"四川-成都"】

2024-08-24 00:23:17 开始第 811 次操作

2024-08-24 00:23:17 开始操作号码 【1360810】
2024-08-24 00:23:25 GSD getOne 第 1 次 等待 3 秒
2024-08-24 00:23:28 查询号码 【1360810】，返回信息 {"status":"ok","msg":"四川-德阳","gid":"7336","time_insert":"2017-04-16 17:27","time_update":"2020-10-13 02:02"}
2024-08-24 00:23:28 查询号码 【1360810】，GSD为【"四川-德阳"】

2024-08-24 00:23:29 开始第 812 次操作

2024-08-24 00:23:29 开始操作号码 【1360811】
2024-08-24 00:23:41 GSD getOne 第 1 次 等待 3 秒
2024-08-24 00:23:44 查询号码 【1360811】，返回信息 {"status":"ok","msg":"四川-绵阳","gid":"7337","time_insert":"2019-12-15 09:26","time_update":"2020-10-13 02:06"}
2024-08-24 00:23:44 查询号码 【1360811】，GSD为【"四川-绵阳"】

