2024-07-15 00:35:37 开始第 5981 次操作

2024-07-15 00:35:37 开始操作号码 【1475891】
2024-07-15 00:35:45 GSD getOne 第 1 次 等待 3 秒
2024-07-15 00:35:48 查询号码 【1475891】，返回信息 {"status":"ok","msg":"广东-广州","gid":"402214","time_insert":"2021-07-26 14:55"}
2024-07-15 00:35:48 查询号码 【1475891】，GSD为【"广东-广州"】

2024-07-15 00:35:49 开始第 5982 次操作

2024-07-15 00:35:49 开始操作号码 【1475892】
2024-07-15 00:35:57 GSD getOne 第 1 次 等待 3 秒
2024-07-15 00:36:00 查询号码 【1475892】，返回信息 {"status":"ok","msg":"广东-广州","gid":"402201","time_insert":"2021-07-26 14:54"}
2024-07-15 00:36:00 查询号码 【1475892】，GSD为【"广东-广州"】

2024-07-15 00:36:01 开始第 5983 次操作

2024-07-15 00:36:01 开始操作号码 【1475893】
2024-07-15 00:36:10 GSD getOne 第 1 次 等待 3 秒
2024-07-15 00:36:13 查询号码 【1475893】，返回信息 {"status":"ok","msg":"广东-广州","gid":"402190","time_insert":"2021-07-26 14:53"}
2024-07-15 00:36:13 查询号码 【1475893】，GSD为【"广东-广州"】

2024-07-15 00:36:14 开始第 5984 次操作

2024-07-15 00:36:14 开始操作号码 【1475894】
2024-07-15 00:36:22 GSD getOne 第 1 次 等待 3 秒
2024-07-15 00:36:25 查询号码 【1475894】，返回信息 {"status":"ok","msg":"广东-广州","gid":"402175","time_insert":"2021-07-26 14:53"}
2024-07-15 00:36:25 查询号码 【1475894】，GSD为【"广东-广州"】

2024-07-15 01:26:49 开始第 5985 次操作

2024-07-15 01:26:49 开始操作号码 【1475895】
2024-07-15 01:26:57 GSD getOne 第 1 次 等待 3 秒
2024-07-15 01:27:00 查询号码 【1475895】，返回信息 {"status":"ok","msg":"广东-广州","gid":"402167","time_insert":"2021-07-26 14:52"}
2024-07-15 01:27:00 查询号码 【1475895】，GSD为【"广东-广州"】

2024-07-15 01:27:01 开始第 5986 次操作

2024-07-15 01:27:01 开始操作号码 【1475896】
2024-07-15 01:27:10 GSD getOne 第 1 次 等待 3 秒
2024-07-15 01:27:13 查询号码 【1475896】，返回信息 {"status":"ok","msg":"广东-广州","gid":"402160","time_insert":"2021-07-26 14:52"}
2024-07-15 01:27:13 查询号码 【1475896】，GSD为【"广东-广州"】

2024-07-15 01:27:14 开始第 5987 次操作

2024-07-15 01:27:14 开始操作号码 【1475897】
2024-07-15 01:27:21 GSD getOne 第 1 次 等待 3 秒
2024-07-15 01:27:24 查询号码 【1475897】，返回信息 {"status":"ok","msg":"广东-广州","gid":"402152","time_insert":"2021-07-26 14:51"}
2024-07-15 01:27:24 查询号码 【1475897】，GSD为【"广东-广州"】

2024-07-15 01:27:25 开始第 5988 次操作

2024-07-15 01:27:25 开始操作号码 【1475898】
2024-07-15 01:27:33 GSD getOne 第 1 次 等待 3 秒
2024-07-15 01:27:36 查询号码 【1475898】，返回信息 {"status":"ok","msg":"广东-广州","gid":"402147","time_insert":"2021-07-26 14:50"}
2024-07-15 01:27:36 查询号码 【1475898】，GSD为【"广东-广州"】

