2024-03-11 00:19:54 开始第 8101 次操作

2024-03-11 00:19:54 开始操作号码 【1698014】
2024-03-11 00:20:00 GSD getOne 第 1 次 等待 3 秒
2024-03-11 00:20:03 查询号码 【1698014】，返回信息 {"status":"ok","msg":"-","gid":"653087","time_insert":"2023-04-14 05:12"}
2024-03-11 00:20:03 查询号码 【1698014】，GSD为【"-"】
2024-03-11 00:20:03 ok && -
2024-03-11 00:20:09 CHB 1698014?1710087603 第 1 次 等待 3 秒
2024-03-11 00:20:12 CHB 1698014?1710087603 第 1 次 获取到号码【1698014】GSD
2024-03-11 00:20:12 未获取到号码【1698014】GSD，可能号码格式错误
2024-03-11 00:20:12 获取到号码【1698014】的GSD为【-】
2024-03-11 00:20:17 GSD insert 第 1 次 等待 3 秒
2024-03-11 00:20:20 {"status":"bad","gid":"653087","msg":"添加失败！号码【1698014(-|-)】已存在！"}
2024-03-11 00:20:20 随机等待 156 秒，约 2 分钟
2024-03-11 00:20:20 下次操作: 2024-03-11 00:22:56

2024-03-11 00:22:56 开始第 8102 次操作

2024-03-11 00:22:56 开始操作号码 【1698015】
2024-03-11 00:23:01 GSD getOne 第 1 次 等待 3 秒
2024-03-11 00:23:04 查询号码 【1698015】，返回信息 {"status":"ok","msg":"-","gid":"653083","time_insert":"2023-04-14 05:10"}
2024-03-11 00:23:04 查询号码 【1698015】，GSD为【"-"】
2024-03-11 00:23:04 ok && -
2024-03-11 00:23:07 CHB 1698015?1710087784 第 1 次 等待 3 秒
2024-03-11 00:23:10 CHB 1698015?1710087784 第 1 次 获取到号码【1698015】GSD
2024-03-11 00:23:10 未获取到号码【1698015】GSD，可能号码格式错误
2024-03-11 00:23:10 获取到号码【1698015】的GSD为【-】
2024-03-11 00:23:14 GSD insert 第 1 次 等待 3 秒
2024-03-11 00:23:17 {"status":"bad","gid":"653083","msg":"添加失败！号码【1698015(-|-)】已存在！"}
2024-03-11 00:23:17 随机等待 133 秒，约 2 分钟
2024-03-11 00:23:17 下次操作: 2024-03-11 00:25:30

2024-03-11 00:25:30 开始第 8103 次操作

2024-03-11 00:25:30 开始操作号码 【1698016】
2024-03-11 00:25:37 GSD getOne 第 1 次 等待 3 秒
2024-03-11 00:25:40 查询号码 【1698016】，返回信息 {"status":"ok","msg":"-","gid":"653073","time_insert":"2023-04-14 05:01"}
2024-03-11 00:25:40 查询号码 【1698016】，GSD为【"-"】
2024-03-11 00:25:40 ok && -
2024-03-11 00:25:43 CHB 1698016?1710087940 第 1 次 等待 3 秒
2024-03-11 00:25:46 CHB 1698016?1710087940 第 1 次 获取到号码【1698016】GSD
2024-03-11 00:25:46 未获取到号码【1698016】GSD，可能号码格式错误
2024-03-11 00:25:46 获取到号码【1698016】的GSD为【-】
2024-03-11 00:25:53 GSD insert 第 1 次 等待 3 秒
2024-03-11 00:25:56 {"status":"bad","gid":"653073","msg":"添加失败！号码【1698016(-|-)】已存在！"}
2024-03-11 00:25:56 随机等待 157 秒，约 2 分钟
2024-03-11 00:25:56 下次操作: 2024-03-11 00:28:33

2024-03-11 00:28:33 开始第 8104 次操作

2024-03-11 00:28:33 开始操作号码 【1698017】
2024-03-11 00:28:38 GSD getOne 第 1 次 等待 3 秒
2024-03-11 00:28:41 查询号码 【1698017】，返回信息 {"status":"ok","msg":"-","gid":"653069","time_insert":"2023-04-14 04:58"}
2024-03-11 00:28:41 查询号码 【1698017】，GSD为【"-"】
2024-03-11 00:28:41 ok && -
2024-03-11 00:28:45 CHB 1698017?1710088121 第 1 次 等待 3 秒
2024-03-11 00:28:48 CHB 1698017?1710088121 第 1 次 获取到号码【1698017】GSD
2024-03-11 00:28:48 未获取到号码【1698017】GSD，可能号码格式错误
2024-03-11 00:28:48 获取到号码【1698017】的GSD为【-】
2024-03-11 00:28:53 GSD insert 第 1 次 等待 3 秒
2024-03-11 00:28:56 {"status":"bad","gid":"653069","msg":"添加失败！号码【1698017(-|-)】已存在！"}

