2024-08-27 00:23:27 开始第 1333 次操作

2024-08-27 00:23:27 开始操作号码 【1361332】
2024-08-27 00:23:35 GSD getOne 第 1 次 等待 3 秒
2024-08-27 00:23:38 查询号码 【1361332】，返回信息 {"status":"ok","msg":"河北-保定","gid":"74253","time_insert":"2021-05-31 06:53"}
2024-08-27 00:23:38 查询号码 【1361332】，GSD为【"河北-保定"】

2024-08-27 00:23:39 开始第 1334 次操作

2024-08-27 00:23:39 开始操作号码 【1361333】
2024-08-27 00:23:48 GSD getOne 第 1 次 等待 3 秒
2024-08-27 00:23:51 查询号码 【1361333】，返回信息 {"status":"ok","msg":"河北-唐山","gid":"74269","time_insert":"2021-05-31 07:11"}
2024-08-27 00:23:51 查询号码 【1361333】，GSD为【"河北-唐山"】

2024-08-27 00:23:52 开始第 1335 次操作

2024-08-27 00:23:52 开始操作号码 【1361334】
2024-08-27 00:24:00 GSD getOne 第 1 次 等待 3 秒
2024-08-27 00:24:03 查询号码 【1361334】，返回信息 {"status":"ok","msg":"河北-秦皇岛","gid":"74289","time_insert":"2021-05-31 07:34"}
2024-08-27 00:24:03 查询号码 【1361334】，GSD为【"河北-秦皇岛"】

2024-08-27 00:24:04 开始第 1336 次操作

2024-08-27 00:24:04 开始操作号码 【1361335】
2024-08-27 00:24:12 GSD getOne 第 1 次 等待 3 秒
2024-08-27 00:24:15 查询号码 【1361335】，返回信息 {"status":"ok","msg":"河北-秦皇岛","gid":"74306","time_insert":"2021-05-31 07:54"}
2024-08-27 00:24:15 查询号码 【1361335】，GSD为【"河北-秦皇岛"】

