2024-07-19 00:23:57 开始第 6673 次操作

2024-07-19 00:23:57 开始操作号码 【1476583】
2024-07-19 00:24:06 GSD getOne 第 1 次 等待 3 秒
2024-07-19 00:24:09 查询号码 【1476583】，返回信息 {"status":"ok","msg":"甘肃-兰州","gid":"393384","time_insert":"2021-07-25 20:55"}
2024-07-19 00:24:09 查询号码 【1476583】，GSD为【"甘肃-兰州"】

2024-07-19 00:24:10 开始第 6674 次操作

2024-07-19 00:24:10 开始操作号码 【1476584】
2024-07-19 00:24:20 GSD getOne 第 1 次 等待 3 秒
2024-07-19 00:24:23 查询号码 【1476584】，返回信息 {"status":"ok","msg":"北京-北京","gid":"393381","time_insert":"2021-07-25 20:54"}
2024-07-19 00:24:23 查询号码 【1476584】，GSD为【"北京-北京"】

2024-07-19 00:24:24 开始第 6675 次操作

2024-07-19 00:24:24 开始操作号码 【1476585】
2024-07-19 00:24:33 GSD getOne 第 1 次 等待 3 秒
2024-07-19 00:24:36 查询号码 【1476585】，返回信息 {"status":"ok","msg":"宁夏-银川","gid":"393379","time_insert":"2021-07-25 20:54"}
2024-07-19 00:24:36 查询号码 【1476585】，GSD为【"宁夏-银川"】

2024-07-19 00:24:37 开始第 6676 次操作

2024-07-19 00:24:37 开始操作号码 【1476586】
2024-07-19 00:24:47 GSD getOne 第 1 次 等待 3 秒
2024-07-19 00:24:50 查询号码 【1476586】，返回信息 {"status":"ok","msg":"吉林-长春","gid":"393375","time_insert":"2021-07-25 20:53"}
2024-07-19 00:24:50 查询号码 【1476586】，GSD为【"吉林-长春"】

