2021-07-16 00:00:08 开始第 26 次操作

2021-07-16 00:00:08 开始操作号码 【1336899】
2021-07-16 00:00:11 GSD getOne 第 1 次 等待 3 秒
2021-07-16 00:00:14 查询号码 【1336899】，返回信息 {"status":"bad","msg":""}
2021-07-16 00:00:14 查询号码 【1336899】，GSD为【""】
2021-07-16 00:00:14 bad
2021-07-16 00:00:19 CHB 1336899?1626364814 第 1 次 等待 3 秒
2021-07-16 00:00:22 CHB 1336899?1626364814 第 1 次 获取到号码【1336899】GSD
2021-07-16 00:00:22 获取到号码【1336899】的GSD为【海南-海口】
2021-07-16 00:00:30 GSD insert 第 1 次 等待 3 秒
2021-07-16 00:00:33 {"status":"ok","gid":288339,"msg":"添加成功！"}
2021-07-16 00:00:33 下次操作: 2021-07-16 00:00:56

2021-07-16 00:00:56 开始第 27 次操作

2021-07-16 00:00:56 开始操作号码 【1336898】
2021-07-16 00:01:03 GSD getOne 第 1 次 等待 3 秒
2021-07-16 00:01:06 查询号码 【1336898】，返回信息 {"status":"bad","msg":""}
2021-07-16 00:01:06 查询号码 【1336898】，GSD为【""】
2021-07-16 00:01:06 bad
2021-07-16 00:01:08 CHB 1336898?1626364866 第 1 次 等待 3 秒
2021-07-16 00:01:11 CHB 1336898?1626364866 第 1 次 获取到号码【1336898】GSD
2021-07-16 00:01:11 获取到号码【1336898】的GSD为【海南-海口】
2021-07-16 00:01:13 GSD insert 第 1 次 等待 3 秒
2021-07-16 00:01:16 {"status":"ok","gid":288351,"msg":"添加成功！"}
2021-07-16 00:01:16 下次操作: 2021-07-16 00:01:33

2021-07-16 00:01:33 开始第 28 次操作

2021-07-16 00:01:33 开始操作号码 【1336897】
2021-07-16 00:01:36 GSD getOne 第 1 次 等待 3 秒
2021-07-16 00:01:39 查询号码 【1336897】，返回信息 {"status":"bad","msg":""}
2021-07-16 00:01:39 查询号码 【1336897】，GSD为【""】
2021-07-16 00:01:39 bad
2021-07-16 00:01:42 CHB 1336897?1626364899 第 1 次 等待 3 秒
2021-07-16 00:01:45 CHB 1336897?1626364899 第 1 次 获取到号码【1336897】GSD
2021-07-16 00:01:45 获取到号码【1336897】的GSD为【海南-海口】
2021-07-16 00:01:59 GSD insert 第 1 次 等待 3 秒
2021-07-16 00:02:02 {"status":"ok","gid":288357,"msg":"添加成功！"}
2021-07-16 00:02:02 下次操作: 2021-07-16 00:02:17

2021-07-16 00:02:17 开始第 29 次操作

2021-07-16 00:02:17 开始操作号码 【1336896】
2021-07-16 00:02:34 GSD getOne 第 1 次 等待 3 秒
2021-07-16 00:02:37 查询号码 【1336896】，返回信息 {"status":"bad","msg":""}
2021-07-16 00:02:37 查询号码 【1336896】，GSD为【""】
2021-07-16 00:02:37 bad
2021-07-16 00:02:39 CHB 1336896?1626364957 第 1 次 等待 3 秒
2021-07-16 00:02:42 CHB 1336896?1626364957 第 1 次 获取到号码【1336896】GSD
2021-07-16 00:02:42 获取到号码【1336896】的GSD为【海南-海口】
2021-07-16 00:02:50 GSD insert 第 1 次 等待 3 秒
2021-07-16 00:02:53 {"status":"ok","gid":288369,"msg":"添加成功！"}
2021-07-16 00:02:53 下次操作: 2021-07-16 00:03:10

2021-07-16 00:03:10 开始第 30 次操作

2021-07-16 00:03:10 开始操作号码 【1336895】
2021-07-16 00:03:13 GSD getOne 第 1 次 等待 3 秒
2021-07-16 00:03:16 查询号码 【1336895】，返回信息 {"status":"bad","msg":""}
2021-07-16 00:03:16 查询号码 【1336895】，GSD为【""】
2021-07-16 00:03:16 bad
2021-07-16 00:03:22 CHB 1336895?1626364996 第 1 次 等待 3 秒
2021-07-16 00:03:25 CHB 1336895?1626364996 第 1 次 获取到号码【1336895】GSD
2021-07-16 00:03:25 获取到号码【1336895】的GSD为【海南-海口】
2021-07-16 00:03:32 GSD insert 第 1 次 等待 3 秒
2021-07-16 00:03:35 {"status":"ok","gid":288378,"msg":"添加成功！"}
2021-07-16 00:03:35 下次操作: 2021-07-16 00:03:54

2021-07-16 00:03:54 开始第 31 次操作

2021-07-16 00:03:54 开始操作号码 【1336894】
2021-07-16 00:03:58 GSD getOne 第 1 次 等待 3 秒
2021-07-16 00:04:01 查询号码 【1336894】，返回信息 {"status":"bad","msg":""}
2021-07-16 00:04:01 查询号码 【1336894】，GSD为【""】
2021-07-16 00:04:01 bad
2021-07-16 00:04:03 CHB 1336894?1626365041 第 1 次 等待 3 秒
2021-07-16 00:04:06 CHB 1336894?1626365041 第 1 次 获取到号码【1336894】GSD
2021-07-16 00:04:06 获取到号码【1336894】的GSD为【海南-海口】
2021-07-16 00:04:09 GSD insert 第 1 次 等待 3 秒
2021-07-16 00:04:12 {"status":"ok","gid":288387,"msg":"添加成功！"}
2021-07-16 00:04:12 下次操作: 2021-07-16 00:04:26

2021-07-16 00:04:26 开始第 32 次操作

2021-07-16 00:04:26 开始操作号码 【1336893】
2021-07-16 00:04:33 GSD getOne 第 1 次 等待 3 秒
2021-07-16 00:04:36 查询号码 【1336893】，返回信息 {"status":"bad","msg":""}
2021-07-16 00:04:36 查询号码 【1336893】，GSD为【""】
2021-07-16 00:04:36 bad
2021-07-16 00:04:38 CHB 1336893?1626365076 第 1 次 等待 3 秒
2021-07-16 00:04:41 CHB 1336893?1626365076 第 1 次 获取到号码【1336893】GSD
2021-07-16 00:04:41 获取到号码【1336893】的GSD为【海南-海口】
2021-07-16 00:04:45 GSD insert 第 1 次 等待 3 秒
2021-07-16 00:04:48 {"status":"ok","gid":288397,"msg":"添加成功！"}
2021-07-16 00:04:48 下次操作: 2021-07-16 00:05:03

2021-07-16 00:05:03 开始第 33 次操作

2021-07-16 00:05:03 开始操作号码 【1336892】
2021-07-16 00:05:07 GSD getOne 第 1 次 等待 3 秒
2021-07-16 00:05:10 查询号码 【1336892】，返回信息 {"status":"bad","msg":""}
2021-07-16 00:05:10 查询号码 【1336892】，GSD为【""】
2021-07-16 00:05:10 bad
2021-07-16 00:05:12 CHB 1336892?1626365110 第 1 次 等待 3 秒
2021-07-16 00:05:15 CHB 1336892?1626365110 第 1 次 获取到号码【1336892】GSD
2021-07-16 00:05:15 获取到号码【1336892】的GSD为【海南-海口】
2021-07-16 00:05:22 GSD insert 第 1 次 等待 3 秒
2021-07-16 00:05:25 {"status":"ok","gid":288406,"msg":"添加成功！"}
2021-07-16 00:05:25 下次操作: 2021-07-16 00:05:40

2021-07-16 00:05:40 开始第 34 次操作

2021-07-16 00:05:40 开始操作号码 【1336891】
2021-07-16 00:05:46 GSD getOne 第 1 次 等待 3 秒
2021-07-16 00:05:49 查询号码 【1336891】，返回信息 {"status":"bad","msg":""}
2021-07-16 00:05:49 查询号码 【1336891】，GSD为【""】
2021-07-16 00:05:49 bad
2021-07-16 00:05:51 CHB 1336891?1626365149 第 1 次 等待 3 秒
2021-07-16 00:05:54 CHB 1336891?1626365149 第 1 次 获取到号码【1336891】GSD
2021-07-16 00:05:54 获取到号码【1336891】的GSD为【海南-海口】
2021-07-16 00:06:01 GSD insert 第 1 次 等待 3 秒
2021-07-16 00:06:04 {"status":"ok","gid":288412,"msg":"添加成功！"}
2021-07-16 00:06:04 下次操作: 2021-07-16 00:06:25

2021-07-16 00:06:25 开始第 35 次操作

2021-07-16 00:06:25 开始操作号码 【1336890】
2021-07-16 00:06:27 GSD getOne 第 1 次 等待 3 秒
2021-07-16 00:06:30 查询号码 【1336890】，返回信息 {"status":"bad","msg":""}
2021-07-16 00:06:31 查询号码 【1336890】，GSD为【""】
2021-07-16 00:06:31 bad
2021-07-16 00:06:36 CHB 1336890?1626365191 第 1 次 等待 3 秒
2021-07-16 00:06:39 CHB 1336890?1626365191 第 1 次 获取到号码【1336890】GSD
2021-07-16 00:06:39 获取到号码【1336890】的GSD为【海南-海口】
2021-07-16 00:07:03 GSD insert 第 1 次 等待 3 秒
2021-07-16 00:07:06 {"status":"ok","gid":288426,"msg":"添加成功！"}
2021-07-16 00:07:06 下次操作: 2021-07-16 00:07:28

2021-07-16 00:07:28 开始第 36 次操作

2021-07-16 00:07:28 开始操作号码 【1336889】
2021-07-16 00:07:33 GSD getOne 第 1 次 等待 3 秒
2021-07-16 00:07:36 查询号码 【1336889】，返回信息 {"status":"bad","msg":""}
2021-07-16 00:07:36 查询号码 【1336889】，GSD为【""】
2021-07-16 00:07:36 bad
2021-07-16 00:07:38 CHB 1336889?1626365256 第 1 次 等待 3 秒
2021-07-16 00:07:41 CHB 1336889?1626365256 第 1 次 获取到号码【1336889】GSD
2021-07-16 00:07:41 获取到号码【1336889】的GSD为【云南-玉溪】
2021-07-16 00:07:44 GSD insert 第 1 次 等待 3 秒
2021-07-16 00:07:47 {"status":"ok","gid":288435,"msg":"添加成功！"}
2021-07-16 00:07:47 下次操作: 2021-07-16 00:08:03

2021-07-16 00:08:03 开始第 37 次操作

2021-07-16 00:08:03 开始操作号码 【1336888】
2021-07-16 00:08:09 GSD getOne 第 1 次 等待 3 秒
2021-07-16 00:08:12 查询号码 【1336888】，返回信息 {"status":"bad","msg":""}
2021-07-16 00:08:12 查询号码 【1336888】，GSD为【""】
2021-07-16 00:08:12 bad
2021-07-16 00:08:14 CHB 1336888?1626365292 第 1 次 等待 3 秒
2021-07-16 00:08:17 CHB 1336888?1626365292 第 1 次 获取到号码【1336888】GSD
2021-07-16 00:08:17 获取到号码【1336888】的GSD为【云南-丽江】
2021-07-16 00:08:30 GSD insert 第 1 次 等待 3 秒
2021-07-16 00:08:33 {"status":"ok","gid":288441,"msg":"添加成功！"}
2021-07-16 00:08:33 下次操作: 2021-07-16 00:08:56

2021-07-16 00:08:56 开始第 38 次操作

2021-07-16 00:08:56 开始操作号码 【1336887】
2021-07-16 00:10:01 GSD getOne 第 1 次 等待 3 秒
2021-07-16 00:10:04 查询号码 【1336887】，返回信息 {"status":"ok","msg":"云南-迪庆","gid":"3461","time_insert":"2018-10-27 08:21","time_update":"2020-11-25 04:15"}
2021-07-16 00:10:04 查询号码 【1336887】，GSD为【"云南-迪庆"】

2021-07-16 00:10:04 开始第 38 次操作

2021-07-16 00:10:04 开始操作号码 【1336886】
2021-07-16 00:10:07 GSD getOne 第 1 次 等待 3 秒
2021-07-16 00:10:10 查询号码 【1336886】，返回信息 {"status":"ok","msg":"云南-怒江","gid":"3460","time_insert":"2017-06-16 14:33","time_update":"2020-11-25 04:11"}
2021-07-16 00:10:10 查询号码 【1336886】，GSD为【"云南-怒江"】

2021-07-16 00:10:10 开始第 38 次操作

2021-07-16 00:10:10 开始操作号码 【1336885】
2021-07-16 00:10:14 GSD getOne 第 1 次 等待 3 秒
2021-07-16 00:10:17 查询号码 【1336885】，返回信息 {"status":"bad","msg":""}
2021-07-16 00:10:17 查询号码 【1336885】，GSD为【""】
2021-07-16 00:10:17 bad
2021-07-16 00:10:24 CHB 1336885?1626365417 第 1 次 等待 3 秒
2021-07-16 00:10:27 CHB 1336885?1626365417 第 1 次 获取到号码【1336885】GSD
2021-07-16 00:10:27 获取到号码【1336885】的GSD为【云南-昆明】
2021-07-16 00:10:30 GSD insert 第 1 次 等待 3 秒
2021-07-16 00:10:33 {"status":"ok","gid":288460,"msg":"添加成功！"}
2021-07-16 00:10:33 下次操作: 2021-07-16 00:10:52

2021-07-16 00:10:52 开始第 39 次操作

2021-07-16 00:10:52 开始操作号码 【1336884】
2021-07-16 00:10:56 GSD getOne 第 1 次 等待 3 秒
2021-07-16 00:10:59 查询号码 【1336884】，返回信息 {"status":"ok","msg":"云南-昆明","gid":"3459","time_insert":"2018-10-11 23:43","time_update":"2020-11-25 04:07"}
2021-07-16 00:10:59 查询号码 【1336884】，GSD为【"云南-昆明"】

2021-07-16 00:10:59 开始第 39 次操作

2021-07-16 00:10:59 开始操作号码 【1336883】
2021-07-16 00:11:04 GSD getOne 第 1 次 等待 3 秒
2021-07-16 00:11:07 查询号码 【1336883】，返回信息 {"status":"ok","msg":"云南-临沧","gid":"3458","time_insert":"2016-11-23 17:22","time_update":"2020-11-25 04:02"}
2021-07-16 00:11:07 查询号码 【1336883】，GSD为【"云南-临沧"】

2021-07-16 00:11:07 开始第 39 次操作

2021-07-16 00:11:07 开始操作号码 【1336882】
2021-07-16 00:11:10 GSD getOne 第 1 次 等待 3 秒
2021-07-16 00:11:13 查询号码 【1336882】，返回信息 {"status":"bad","msg":""}
2021-07-16 00:11:13 查询号码 【1336882】，GSD为【""】
2021-07-16 00:11:13 bad
2021-07-16 00:11:18 CHB 1336882?1626365473 第 1 次 等待 3 秒
2021-07-16 00:11:21 CHB 1336882?1626365473 第 1 次 获取到号码【1336882】GSD
2021-07-16 00:11:21 获取到号码【1336882】的GSD为【云南-德宏】
2021-07-16 00:11:28 GSD insert 第 1 次 等待 3 秒
2021-07-16 00:11:31 {"status":"ok","gid":288474,"msg":"添加成功！"}
2021-07-16 00:11:31 下次操作: 2021-07-16 00:11:48

2021-07-16 00:11:48 开始第 40 次操作

2021-07-16 00:11:48 开始操作号码 【1336881】
2021-07-16 00:12:09 GSD getOne 第 1 次 等待 3 秒
2021-07-16 00:12:12 查询号码 【1336881】，返回信息 {"status":"bad","msg":""}
2021-07-16 00:12:12 查询号码 【1336881】，GSD为【""】
2021-07-16 00:12:12 bad
2021-07-16 00:12:13 CHB 1336881?1626365532 第 1 次 等待 3 秒
2021-07-16 00:12:16 CHB 1336881?1626365532 第 1 次 获取到号码【1336881】GSD
2021-07-16 00:12:17 获取到号码【1336881】的GSD为【云南-西双版纳】
2021-07-16 00:12:21 GSD insert 第 1 次 等待 3 秒
2021-07-16 00:12:24 {"status":"ok","gid":288485,"msg":"添加成功！"}

2021-07-16 00:58:06 开始第 1 次操作

2021-07-16 00:58:06 开始操作号码 【1336880】
2021-07-16 00:58:10 GSD getOne 第 1 次 等待 3 秒
2021-07-16 00:58:13 查询号码 【1336880】，返回信息 {"status":"bad","msg":""}
2021-07-16 00:58:13 查询号码 【1336880】，GSD为【""】
2021-07-16 00:58:13 bad
2021-07-16 00:58:14 CHB 1336880?1626368293 第 1 次 等待 3 秒
2021-07-16 00:58:17 CHB 1336880?1626368293 第 1 次 未获取到 等待 20 秒 下次操作: 2021-07-16 00:58:37
2021-07-16 00:58:38 CHB 1336880?1626368317 第 2 次 等待 3 秒
2021-07-16 00:58:41 CHB 1336880?1626368317 第 2 次 获取到号码【1336880】GSD
2021-07-16 00:58:41 获取到号码【1336880】的GSD为【云南-昆明】
2021-07-16 00:58:47 GSD insert 第 1 次 等待 3 秒
2021-07-16 00:58:50 {"status":"ok","gid":288596,"msg":"添加成功！"}
2021-07-16 00:58:50 下次操作: 2021-07-16 00:59:02

2021-07-16 00:59:02 开始第 2 次操作

2021-07-16 00:59:02 开始操作号码 【1336879】
2021-07-16 00:59:09 GSD getOne 第 1 次 等待 3 秒
2021-07-16 00:59:12 查询号码 【1336879】，返回信息 {"status":"bad","msg":""}
2021-07-16 00:59:12 查询号码 【1336879】，GSD为【""】
2021-07-16 00:59:12 bad
2021-07-16 00:59:14 CHB 1336879?1626368352 第 1 次 等待 3 秒
2021-07-16 00:59:17 CHB 1336879?1626368352 第 1 次 获取到号码【1336879】GSD
2021-07-16 00:59:17 获取到号码【1336879】的GSD为【云南-普洱】
2021-07-16 00:59:22 GSD insert 第 1 次 等待 3 秒
2021-07-16 00:59:25 {"status":"ok","gid":288598,"msg":"添加成功！"}
2021-07-16 00:59:25 下次操作: 2021-07-16 00:59:44

2021-07-16 00:59:44 开始第 3 次操作

2021-07-16 00:59:44 开始操作号码 【1336878】
2021-07-16 00:59:47 GSD getOne 第 1 次 等待 3 秒
2021-07-16 00:59:50 查询号码 【1336878】，返回信息 {"status":"ok","msg":"云南-楚雄","gid":"3457","time_insert":"2016-10-02 14:30","time_update":"2020-11-25 03:58"}
2021-07-16 00:59:50 查询号码 【1336878】，GSD为【"云南-楚雄"】

2021-07-16 00:59:50 开始第 3 次操作

2021-07-16 00:59:50 开始操作号码 【1336877】
2021-07-16 00:59:53 GSD getOne 第 1 次 等待 3 秒
2021-07-16 00:59:56 查询号码 【1336877】，返回信息 {"status":"bad","msg":""}
2021-07-16 00:59:56 查询号码 【1336877】，GSD为【""】
2021-07-16 00:59:56 bad
2021-07-16 01:00:01 CHB 1336877?1626368396 第 1 次 等待 3 秒
2021-07-16 01:00:04 CHB 1336877?1626368396 第 1 次 获取到号码【1336877】GSD
2021-07-16 01:00:04 获取到号码【1336877】的GSD为【云南-玉溪】
2021-07-16 01:00:07 GSD insert 第 1 次 等待 3 秒
2021-07-16 01:00:10 {"status":"ok","gid":288600,"msg":"添加成功！"}
2021-07-16 01:00:10 下次操作: 2021-07-16 01:00:24

2021-07-16 01:00:24 开始第 4 次操作

2021-07-16 01:00:24 开始操作号码 【1336876】
2021-07-16 01:00:26 GSD getOne 第 1 次 等待 3 秒
2021-07-16 01:00:29 查询号码 【1336876】，返回信息 {"status":"bad","msg":""}
2021-07-16 01:00:30 查询号码 【1336876】，GSD为【""】
2021-07-16 01:00:30 bad
2021-07-16 01:00:31 CHB 1336876?1626368430 第 1 次 等待 3 秒
2021-07-16 01:00:34 CHB 1336876?1626368430 第 1 次 获取到号码【1336876】GSD
2021-07-16 01:00:34 获取到号码【1336876】的GSD为【云南-文山】
2021-07-16 01:00:37 GSD insert 第 1 次 等待 3 秒
2021-07-16 01:00:40 {"status":"ok","gid":288601,"msg":"添加成功！"}
2021-07-16 01:00:40 下次操作: 2021-07-16 01:00:57

2021-07-16 01:00:57 开始第 5 次操作

2021-07-16 01:00:57 开始操作号码 【1336875】
2021-07-16 01:01:03 GSD getOne 第 1 次 等待 3 秒
2021-07-16 01:01:06 查询号码 【1336875】，返回信息 {"status":"bad","msg":""}
2021-07-16 01:01:06 查询号码 【1336875】，GSD为【""】
2021-07-16 01:01:06 bad
2021-07-16 01:01:08 CHB 1336875?1626368466 第 1 次 等待 3 秒
2021-07-16 01:01:11 CHB 1336875?1626368466 第 1 次 获取到号码【1336875】GSD
2021-07-16 01:01:11 获取到号码【1336875】的GSD为【云南-保山】
2021-07-16 01:01:15 GSD insert 第 1 次 等待 3 秒
2021-07-16 01:01:18 {"status":"ok","gid":288602,"msg":"添加成功！"}
2021-07-16 01:01:18 下次操作: 2021-07-16 01:01:32

2021-07-16 01:01:32 开始第 6 次操作

2021-07-16 01:01:32 开始操作号码 【1336874】
2021-07-16 01:01:37 GSD getOne 第 1 次 等待 3 秒
2021-07-16 01:01:40 查询号码 【1336874】，返回信息 {"status":"bad","msg":""}
2021-07-16 01:01:40 查询号码 【1336874】，GSD为【""】
2021-07-16 01:01:40 bad
2021-07-16 01:01:41 CHB 1336874?1626368500 第 1 次 等待 3 秒
2021-07-16 01:01:44 CHB 1336874?1626368500 第 1 次 获取到号码【1336874】GSD
2021-07-16 01:01:44 获取到号码【1336874】的GSD为【云南-曲靖】
2021-07-16 01:01:48 GSD insert 第 1 次 等待 3 秒
2021-07-16 01:01:51 {"status":"ok","gid":288605,"msg":"添加成功！"}
2021-07-16 01:01:51 下次操作: 2021-07-16 01:02:07

2021-07-16 01:02:07 开始第 7 次操作

2021-07-16 01:02:07 开始操作号码 【1336873】
2021-07-16 01:02:17 GSD getOne 第 1 次 等待 3 秒
2021-07-16 01:02:20 查询号码 【1336873】，返回信息 {"status":"ok","msg":"云南-红河","gid":"3456","time_insert":"2017-02-10 15:20","time_update":"2020-11-25 03:54"}
2021-07-16 01:02:20 查询号码 【1336873】，GSD为【"云南-红河"】

2021-07-16 01:02:20 开始第 7 次操作

2021-07-16 01:02:20 开始操作号码 【1336872】
2021-07-16 01:02:33 GSD getOne 第 1 次 等待 3 秒
2021-07-16 01:02:36 查询号码 【1336872】，返回信息 {"status":"ok","msg":"云南-大理","gid":"50931","time_insert":"2021-04-21 18:12"}
2021-07-16 01:02:36 查询号码 【1336872】，GSD为【"云南-大理"】

2021-07-16 01:02:36 开始第 7 次操作

2021-07-16 01:02:36 开始操作号码 【1336871】
2021-07-16 01:02:44 GSD getOne 第 1 次 等待 3 秒
2021-07-16 01:02:47 查询号码 【1336871】，返回信息 {"status":"ok","msg":"云南-昆明","gid":"3455","time_insert":"2017-03-02 00:00","time_update":"2020-11-25 03:53"}
2021-07-16 01:02:47 查询号码 【1336871】，GSD为【"云南-昆明"】

2021-07-16 01:02:47 开始第 7 次操作

2021-07-16 01:02:47 开始操作号码 【1336870】
2021-07-16 01:02:48 GSD getOne 第 1 次 等待 3 秒
2021-07-16 01:02:51 查询号码 【1336870】，返回信息 {"status":"bad","msg":""}
2021-07-16 01:02:51 查询号码 【1336870】，GSD为【""】
2021-07-16 01:02:51 bad
2021-07-16 01:02:52 CHB 1336870?1626368571 第 1 次 等待 3 秒
2021-07-16 01:02:55 CHB 1336870?1626368571 第 1 次 未获取到 等待 19 秒 下次操作: 2021-07-16 01:03:14
2021-07-16 01:03:17 CHB 1336870?1626368594 第 2 次 等待 3 秒
2021-07-16 01:03:20 CHB 1336870?1626368594 第 2 次 获取到号码【1336870】GSD
2021-07-16 01:03:20 获取到号码【1336870】的GSD为【云南-昭通】
2021-07-16 01:03:27 GSD insert 第 1 次 等待 3 秒
2021-07-16 01:03:30 {"status":"ok","gid":288619,"msg":"添加成功！"}
2021-07-16 01:03:30 下次操作: 2021-07-16 01:03:54

2021-07-16 01:03:54 开始第 8 次操作

2021-07-16 01:03:54 开始操作号码 【1336869】
2021-07-16 01:03:58 GSD getOne 第 1 次 等待 3 秒
2021-07-16 01:04:01 查询号码 【1336869】，返回信息 {"status":"bad","msg":""}
2021-07-16 01:04:02 查询号码 【1336869】，GSD为【""】
2021-07-16 01:04:02 bad
2021-07-16 01:04:05 CHB 1336869?1626368642 第 1 次 等待 3 秒
2021-07-16 01:04:08 CHB 1336869?1626368642 第 1 次 获取到号码【1336869】GSD
2021-07-16 01:04:08 获取到号码【1336869】的GSD为【贵州-贵阳】
2021-07-16 01:04:11 GSD insert 第 1 次 等待 3 秒
2021-07-16 01:04:14 {"status":"ok","gid":288630,"msg":"添加成功！"}
2021-07-16 01:04:14 下次操作: 2021-07-16 01:04:27

2021-07-16 01:04:27 开始第 9 次操作

2021-07-16 01:04:27 开始操作号码 【1336868】
2021-07-16 01:04:32 GSD getOne 第 1 次 等待 3 秒
2021-07-16 01:04:35 查询号码 【1336868】，返回信息 {"status":"bad","msg":""}
2021-07-16 01:04:35 查询号码 【1336868】，GSD为【""】
2021-07-16 01:04:35 bad
2021-07-16 01:04:38 CHB 1336868?1626368675 第 1 次 等待 3 秒
2021-07-16 01:04:41 CHB 1336868?1626368675 第 1 次 获取到号码【1336868】GSD
2021-07-16 01:04:41 获取到号码【1336868】的GSD为【贵州-六盘水】
2021-07-16 01:04:48 GSD insert 第 1 次 等待 3 秒
2021-07-16 01:04:51 {"status":"ok","gid":288635,"msg":"添加成功！"}
2021-07-16 01:04:51 下次操作: 2021-07-16 01:05:12

2021-07-16 01:05:12 开始第 10 次操作

2021-07-16 01:05:12 开始操作号码 【1336867】
2021-07-16 01:05:15 GSD getOne 第 1 次 等待 3 秒
2021-07-16 01:05:18 查询号码 【1336867】，返回信息 {"status":"ok","msg":"贵州-毕节","gid":"3454","time_insert":"2019-02-08 12:46","time_update":"2020-11-17 15:33"}
2021-07-16 01:05:18 查询号码 【1336867】，GSD为【"贵州-毕节"】

2021-07-16 01:05:18 开始第 10 次操作

2021-07-16 01:05:18 开始操作号码 【1336866】
2021-07-16 01:05:26 GSD getOne 第 1 次 等待 3 秒
2021-07-16 01:05:29 查询号码 【1336866】，返回信息 {"status":"bad","msg":""}
2021-07-16 01:05:29 查询号码 【1336866】，GSD为【""】
2021-07-16 01:05:29 bad
2021-07-16 01:05:31 CHB 1336866?1626368729 第 1 次 等待 3 秒
2021-07-16 01:05:34 CHB 1336866?1626368729 第 1 次 获取到号码【1336866】GSD
2021-07-16 01:05:34 获取到号码【1336866】的GSD为【贵州-遵义】
2021-07-16 01:05:37 GSD insert 第 1 次 等待 3 秒
2021-07-16 01:05:40 {"status":"ok","gid":288646,"msg":"添加成功！"}
2021-07-16 01:05:40 下次操作: 2021-07-16 01:05:55

2021-07-16 01:05:55 开始第 11 次操作

2021-07-16 01:05:55 开始操作号码 【1336865】
2021-07-16 01:05:57 GSD getOne 第 1 次 等待 3 秒
2021-07-16 01:06:00 查询号码 【1336865】，返回信息 {"status":"bad","msg":""}
2021-07-16 01:06:01 查询号码 【1336865】，GSD为【""】
2021-07-16 01:06:01 bad
2021-07-16 01:06:05 CHB 1336865?1626368761 第 1 次 等待 3 秒
2021-07-16 01:06:08 CHB 1336865?1626368761 第 1 次 获取到号码【1336865】GSD
2021-07-16 01:06:08 获取到号码【1336865】的GSD为【贵州-凯里】
2021-07-16 01:06:11 GSD insert 第 1 次 等待 3 秒
2021-07-16 01:06:14 {"status":"ok","gid":288652,"msg":"添加成功！"}
2021-07-16 01:06:14 下次操作: 2021-07-16 01:06:37

2021-07-16 01:06:37 开始第 12 次操作

2021-07-16 01:06:37 开始操作号码 【1336864】
2021-07-16 01:06:40 GSD getOne 第 1 次 等待 3 秒
2021-07-16 01:06:43 查询号码 【1336864】，返回信息 {"status":"ok","msg":"贵州-都匀","gid":"50047","time_insert":"2021-04-21 15:01"}
2021-07-16 01:06:43 查询号码 【1336864】，GSD为【"贵州-都匀"】

2021-07-16 01:06:43 开始第 12 次操作

2021-07-16 01:06:43 开始操作号码 【1336863】
2021-07-16 01:06:48 GSD getOne 第 1 次 等待 3 秒
2021-07-16 01:06:51 查询号码 【1336863】，返回信息 {"status":"ok","msg":"贵州-安顺","gid":"51246","time_insert":"2021-04-22 09:30"}
2021-07-16 01:06:51 查询号码 【1336863】，GSD为【"贵州-安顺"】

2021-07-16 01:06:51 开始第 12 次操作

2021-07-16 01:06:51 开始操作号码 【1336862】
2021-07-16 01:06:57 GSD getOne 第 1 次 等待 3 秒
2021-07-16 01:07:00 查询号码 【1336862】，返回信息 {"status":"ok","msg":"贵州-遵义","gid":"3453","time_insert":"2018-11-21 14:52","time_update":"2020-11-17 15:28"}
2021-07-16 01:07:00 查询号码 【1336862】，GSD为【"贵州-遵义"】

2021-07-16 01:07:00 开始第 12 次操作

2021-07-16 01:07:00 开始操作号码 【1336861】
2021-07-16 01:07:08 GSD getOne 第 1 次 等待 3 秒
2021-07-16 01:07:11 查询号码 【1336861】，返回信息 {"status":"bad","msg":""}
2021-07-16 01:07:11 查询号码 【1336861】，GSD为【""】
2021-07-16 01:07:11 bad
2021-07-16 01:07:12 CHB 1336861?1626368831 第 1 次 等待 3 秒
2021-07-16 01:07:15 CHB 1336861?1626368831 第 1 次 未获取到 等待 23 秒 下次操作: 2021-07-16 01:07:38
2021-07-16 01:07:39 CHB 1336861?1626368858 第 2 次 等待 3 秒
2021-07-16 01:07:42 CHB 1336861?1626368858 第 2 次 获取到号码【1336861】GSD
2021-07-16 01:07:42 获取到号码【1336861】的GSD为【贵州-贵阳】
2021-07-16 01:07:46 GSD insert 第 1 次 等待 3 秒
2021-07-16 01:07:49 {"status":"ok","gid":288671,"msg":"添加成功！"}
2021-07-16 01:07:49 下次操作: 2021-07-16 01:08:10

2021-07-16 01:08:10 开始第 13 次操作

2021-07-16 01:08:10 开始操作号码 【1336860】
2021-07-16 01:08:14 GSD getOne 第 1 次 等待 3 秒
2021-07-16 01:08:17 查询号码 【1336860】，返回信息 {"status":"bad","msg":""}
2021-07-16 01:08:17 查询号码 【1336860】，GSD为【""】
2021-07-16 01:08:17 bad
2021-07-16 01:08:19 CHB 1336860?1626368897 第 1 次 等待 3 秒
2021-07-16 01:08:22 CHB 1336860?1626368897 第 1 次 获取到号码【1336860】GSD
2021-07-16 01:08:22 获取到号码【1336860】的GSD为【贵州-贵阳】
2021-07-16 01:08:26 GSD insert 第 1 次 等待 3 秒
2021-07-16 01:08:29 {"status":"ok","gid":288680,"msg":"添加成功！"}
2021-07-16 01:08:29 下次操作: 2021-07-16 01:08:53

2021-07-16 01:08:53 开始第 14 次操作

2021-07-16 01:08:53 开始操作号码 【1336859】
2021-07-16 01:09:00 GSD getOne 第 1 次 等待 3 秒
2021-07-16 01:09:03 查询号码 【1336859】，返回信息 {"status":"ok","msg":"贵州-兴义","gid":"3452","time_insert":"2016-10-08 15:54","time_update":"2020-11-17 15:25"}
2021-07-16 01:09:03 查询号码 【1336859】，GSD为【"贵州-兴义"】

2021-07-16 01:09:03 开始第 14 次操作

2021-07-16 01:09:03 开始操作号码 【1336858】
2021-07-16 01:09:08 GSD getOne 第 1 次 等待 3 秒
2021-07-16 01:09:11 查询号码 【1336858】，返回信息 {"status":"bad","msg":""}
2021-07-16 01:09:11 查询号码 【1336858】，GSD为【""】
2021-07-16 01:09:11 bad
2021-07-16 01:09:12 CHB 1336858?1626368951 第 1 次 等待 3 秒
2021-07-16 01:09:15 CHB 1336858?1626368951 第 1 次 获取到号码【1336858】GSD
2021-07-16 01:09:15 获取到号码【1336858】的GSD为【贵州-六盘水】
2021-07-16 01:09:22 GSD insert 第 1 次 等待 3 秒
2021-07-16 01:09:25 {"status":"ok","gid":288690,"msg":"添加成功！"}
2021-07-16 01:09:25 下次操作: 2021-07-16 01:09:46

2021-07-16 01:09:47 开始第 15 次操作

2021-07-16 01:09:47 开始操作号码 【1336857】
2021-07-16 01:09:50 GSD getOne 第 1 次 等待 3 秒
2021-07-16 01:09:53 查询号码 【1336857】，返回信息 {"status":"bad","msg":""}
2021-07-16 01:09:53 查询号码 【1336857】，GSD为【""】
2021-07-16 01:09:53 bad
2021-07-16 01:09:56 CHB 1336857?1626368993 第 1 次 等待 3 秒
2021-07-16 01:09:59 CHB 1336857?1626368993 第 1 次 获取到号码【1336857】GSD
2021-07-16 01:09:59 获取到号码【1336857】的GSD为【贵州-毕节】
2021-07-16 01:10:01 GSD insert 第 1 次 等待 3 秒
2021-07-16 01:10:04 {"status":"ok","gid":288697,"msg":"添加成功！"}
2021-07-16 01:10:05 下次操作: 2021-07-16 01:10:27

2021-07-16 01:10:27 开始第 16 次操作

2021-07-16 01:10:27 开始操作号码 【1336856】
2021-07-16 01:10:31 GSD getOne 第 1 次 等待 3 秒
2021-07-16 01:10:34 查询号码 【1336856】，返回信息 {"status":"ok","msg":"贵州-铜仁","gid":"51825","time_insert":"2021-04-22 10:20"}
2021-07-16 01:10:34 查询号码 【1336856】，GSD为【"贵州-铜仁"】

2021-07-16 01:10:34 开始第 16 次操作

2021-07-16 01:10:34 开始操作号码 【1336855】
2021-07-16 01:10:37 GSD getOne 第 1 次 等待 3 秒
2021-07-16 01:10:40 查询号码 【1336855】，返回信息 {"status":"bad","msg":""}
2021-07-16 01:10:41 查询号码 【1336855】，GSD为【""】
2021-07-16 01:10:41 bad
2021-07-16 01:10:43 CHB 1336855?1626369041 第 1 次 等待 3 秒
2021-07-16 01:10:46 CHB 1336855?1626369041 第 1 次 获取到号码【1336855】GSD
2021-07-16 01:10:46 获取到号码【1336855】的GSD为【贵州-凯里】
2021-07-16 01:10:49 GSD insert 第 1 次 等待 3 秒
2021-07-16 01:10:52 {"status":"ok","gid":288707,"msg":"添加成功！"}
2021-07-16 01:10:52 下次操作: 2021-07-16 01:11:12

2021-07-16 01:11:12 开始第 17 次操作

2021-07-16 01:11:12 开始操作号码 【1336854】
2021-07-16 01:11:16 GSD getOne 第 1 次 等待 3 秒
2021-07-16 01:11:19 查询号码 【1336854】，返回信息 {"status":"bad","msg":""}
2021-07-16 01:11:19 查询号码 【1336854】，GSD为【""】
2021-07-16 01:11:19 bad
2021-07-16 01:11:20 CHB 1336854?1626369079 第 1 次 等待 3 秒
2021-07-16 01:11:23 CHB 1336854?1626369079 第 1 次 未获取到 等待 14 秒 下次操作: 2021-07-16 01:11:37
2021-07-16 01:11:39 CHB 1336854?1626369097 第 2 次 等待 3 秒
2021-07-16 01:11:42 CHB 1336854?1626369097 第 2 次 获取到号码【1336854】GSD
2021-07-16 01:11:42 获取到号码【1336854】的GSD为【贵州-都匀】
2021-07-16 01:11:46 GSD insert 第 1 次 等待 3 秒
2021-07-16 01:11:49 {"status":"ok","gid":288718,"msg":"添加成功！"}
2021-07-16 01:11:49 下次操作: 2021-07-16 01:12:05

2021-07-16 01:12:05 开始第 18 次操作

2021-07-16 01:12:05 开始操作号码 【1336853】
2021-07-16 01:12:08 GSD getOne 第 1 次 等待 3 秒
2021-07-16 01:12:11 查询号码 【1336853】，返回信息 {"status":"bad","msg":""}
2021-07-16 01:12:11 查询号码 【1336853】，GSD为【""】
2021-07-16 01:12:11 bad
2021-07-16 01:12:16 CHB 1336853?1626369131 第 1 次 等待 3 秒
2021-07-16 01:12:19 CHB 1336853?1626369131 第 1 次 获取到号码【1336853】GSD
2021-07-16 01:12:19 获取到号码【1336853】的GSD为【贵州-安顺】
2021-07-16 01:12:26 GSD insert 第 1 次 等待 3 秒
2021-07-16 01:12:29 {"status":"ok","gid":288727,"msg":"添加成功！"}
2021-07-16 01:12:29 下次操作: 2021-07-16 01:12:49

2021-07-16 01:12:49 开始第 19 次操作

2021-07-16 01:12:49 开始操作号码 【1336852】
2021-07-16 01:13:08 GSD getOne 第 1 次 等待 3 秒
2021-07-16 01:13:11 查询号码 【1336852】，返回信息 {"status":"bad","msg":""}
2021-07-16 01:13:12 查询号码 【1336852】，GSD为【""】
2021-07-16 01:13:12 bad
2021-07-16 01:13:13 CHB 1336852?1626369192 第 1 次 等待 3 秒
2021-07-16 01:13:16 CHB 1336852?1626369192 第 1 次 获取到号码【1336852】GSD
2021-07-16 01:13:16 获取到号码【1336852】的GSD为【贵州-遵义】
2021-07-16 01:13:22 GSD insert 第 1 次 等待 3 秒
2021-07-16 01:13:25 {"status":"ok","gid":288734,"msg":"添加成功！"}
2021-07-16 01:13:25 下次操作: 2021-07-16 01:13:41

2021-07-16 01:13:41 开始第 20 次操作

2021-07-16 01:13:41 开始操作号码 【1336851】
2021-07-16 01:13:44 GSD getOne 第 1 次 等待 3 秒
2021-07-16 01:13:47 查询号码 【1336851】，返回信息 {"status":"bad","msg":""}
2021-07-16 01:13:47 查询号码 【1336851】，GSD为【""】
2021-07-16 01:13:47 bad
2021-07-16 01:13:49 CHB 1336851?1626369227 第 1 次 等待 3 秒
2021-07-16 01:13:52 CHB 1336851?1626369227 第 1 次 获取到号码【1336851】GSD
2021-07-16 01:13:52 获取到号码【1336851】的GSD为【贵州-贵阳】
2021-07-16 01:13:55 GSD insert 第 1 次 等待 3 秒
2021-07-16 01:13:58 {"status":"ok","gid":288741,"msg":"添加成功！"}
2021-07-16 01:13:59 下次操作: 2021-07-16 01:14:10

2021-07-16 01:14:11 开始第 21 次操作

2021-07-16 01:14:11 开始操作号码 【1336850】
2021-07-16 01:14:30 GSD getOne 第 1 次 等待 3 秒
2021-07-16 01:14:33 查询号码 【1336850】，返回信息 {"status":"bad","msg":""}
2021-07-16 01:14:33 查询号码 【1336850】，GSD为【""】
2021-07-16 01:14:33 bad
2021-07-16 01:14:35 CHB 1336850?1626369273 第 1 次 等待 3 秒
2021-07-16 01:14:38 CHB 1336850?1626369273 第 1 次 获取到号码【1336850】GSD
2021-07-16 01:14:38 获取到号码【1336850】的GSD为【贵州-贵阳】
2021-07-16 01:14:43 GSD insert 第 1 次 等待 3 秒
2021-07-16 01:14:46 {"status":"ok","gid":288748,"msg":"添加成功！"}
2021-07-16 01:14:46 下次操作: 2021-07-16 01:14:58

2021-07-16 01:14:58 开始第 22 次操作

2021-07-16 01:14:58 开始操作号码 【1336849】
2021-07-16 01:15:01 GSD getOne 第 1 次 等待 3 秒
2021-07-16 01:15:04 查询号码 【1336849】，返回信息 {"status":"ok","msg":"重庆-重庆","gid":"3451","time_insert":"2017-06-12 21:24","time_update":"2021-01-04 08:46"}
2021-07-16 01:15:04 查询号码 【1336849】，GSD为【"重庆-重庆"】

2021-07-16 01:15:04 开始第 22 次操作

2021-07-16 01:15:04 开始操作号码 【1336848】
2021-07-16 01:15:08 GSD getOne 第 1 次 等待 3 秒
2021-07-16 01:15:11 查询号码 【1336848】，返回信息 {"status":"ok","msg":"重庆-重庆","gid":"3450","time_insert":"2017-07-23 13:23","time_update":"2021-01-04 08:40"}
2021-07-16 01:15:11 查询号码 【1336848】，GSD为【"重庆-重庆"】

2021-07-16 01:15:11 开始第 22 次操作

2021-07-16 01:15:11 开始操作号码 【1336847】
2021-07-16 01:15:17 GSD getOne 第 1 次 等待 3 秒
2021-07-16 01:15:20 查询号码 【1336847】，返回信息 {"status":"ok","msg":"重庆-重庆","gid":"3449","time_insert":"2018-01-26 17:46","time_update":"2021-01-04 08:34"}
2021-07-16 01:15:20 查询号码 【1336847】，GSD为【"重庆-重庆"】

2021-07-16 01:15:20 开始第 22 次操作

2021-07-16 01:15:20 开始操作号码 【1336846】
2021-07-16 01:15:24 GSD getOne 第 1 次 等待 3 秒
2021-07-16 01:15:27 查询号码 【1336846】，返回信息 {"status":"ok","msg":"重庆-重庆","gid":"3448","time_insert":"2015-11-24 01:06","time_update":"2021-01-04 08:30"}
2021-07-16 01:15:27 查询号码 【1336846】，GSD为【"重庆-重庆"】

2021-07-16 01:15:27 开始第 22 次操作

2021-07-16 01:15:27 开始操作号码 【1336845】
2021-07-16 01:15:31 GSD getOne 第 1 次 等待 3 秒
2021-07-16 01:15:34 查询号码 【1336845】，返回信息 {"status":"ok","msg":"重庆-重庆","gid":"3447","time_insert":"2017-04-17 10:17","time_update":"2021-01-04 08:23"}
2021-07-16 01:15:34 查询号码 【1336845】，GSD为【"重庆-重庆"】

2021-07-16 01:15:34 开始第 22 次操作

2021-07-16 01:15:34 开始操作号码 【1336844】
2021-07-16 01:15:37 GSD getOne 第 1 次 等待 3 秒
2021-07-16 01:15:40 查询号码 【1336844】，返回信息 {"status":"ok","msg":"重庆-重庆","gid":"3446","time_insert":"2017-04-13 16:34","time_update":"2021-01-04 08:18"}
2021-07-16 01:15:40 查询号码 【1336844】，GSD为【"重庆-重庆"】

2021-07-16 01:15:40 开始第 22 次操作

2021-07-16 01:15:40 开始操作号码 【1336843】
2021-07-16 01:15:43 GSD getOne 第 1 次 等待 3 秒
2021-07-16 01:15:46 查询号码 【1336843】，返回信息 {"status":"ok","msg":"重庆-重庆","gid":"3445","time_insert":"2018-09-26 15:13","time_update":"2021-01-04 08:11"}
2021-07-16 01:15:46 查询号码 【1336843】，GSD为【"重庆-重庆"】

2021-07-16 01:15:46 开始第 22 次操作

2021-07-16 01:15:46 开始操作号码 【1336842】
2021-07-16 01:15:54 GSD getOne 第 1 次 等待 3 秒
2021-07-16 01:15:57 查询号码 【1336842】，返回信息 {"status":"bad","msg":""}
2021-07-16 01:15:57 查询号码 【1336842】，GSD为【""】
2021-07-16 01:15:57 bad
2021-07-16 01:15:58 CHB 1336842?1626369357 第 1 次 等待 3 秒
2021-07-16 01:16:01 CHB 1336842?1626369357 第 1 次 未获取到 等待 14 秒 下次操作: 2021-07-16 01:16:15
2021-07-16 01:16:16 CHB 1336842?1626369375 第 2 次 等待 3 秒
2021-07-16 01:16:19 CHB 1336842?1626369375 第 2 次 未获取到 等待 17 秒 下次操作: 2021-07-16 01:16:36
2021-07-16 01:16:37 CHB 1336842?1626369396 第 3 次 等待 3 秒
2021-07-16 01:16:40 CHB 1336842?1626369396 第 3 次 获取到号码【1336842】GSD
2021-07-16 01:16:40 获取到号码【1336842】的GSD为【重庆-重庆】
2021-07-16 01:16:55 GSD insert 第 1 次 等待 3 秒
2021-07-16 01:16:58 {"status":"ok","gid":288775,"msg":"添加成功！"}
2021-07-16 01:16:58 下次操作: 2021-07-16 01:17:14

2021-07-16 01:17:14 开始第 23 次操作

2021-07-16 01:17:14 开始操作号码 【1336841】
2021-07-16 01:17:18 GSD getOne 第 1 次 等待 3 秒
2021-07-16 01:17:21 查询号码 【1336841】，返回信息 {"status":"ok","msg":"重庆-重庆","gid":"3444","time_insert":"2020-06-09 08:48","time_update":"2021-01-04 08:09"}
2021-07-16 01:17:21 查询号码 【1336841】，GSD为【"重庆-重庆"】

2021-07-16 01:17:21 开始第 23 次操作

2021-07-16 01:17:21 开始操作号码 【1336840】
2021-07-16 01:17:26 GSD getOne 第 1 次 等待 3 秒
2021-07-16 01:17:29 查询号码 【1336840】，返回信息 {"status":"ok","msg":"重庆-重庆","gid":"3443","time_insert":"2017-05-30 10:52","time_update":"2021-01-04 08:01"}
2021-07-16 01:17:29 查询号码 【1336840】，GSD为【"重庆-重庆"】

2021-07-16 01:17:29 开始第 23 次操作

2021-07-16 01:17:29 开始操作号码 【1336839】
2021-07-16 01:17:32 GSD getOne 第 1 次 等待 3 秒
2021-07-16 01:17:35 查询号码 【1336839】，返回信息 {"status":"ok","msg":"重庆-重庆","gid":"3442","time_insert":"2017-10-18 11:23","time_update":"2021-01-04 07:55"}
2021-07-16 01:17:35 查询号码 【1336839】，GSD为【"重庆-重庆"】

2021-07-16 01:17:35 开始第 23 次操作

2021-07-16 01:17:35 开始操作号码 【1336838】
2021-07-16 01:17:42 GSD getOne 第 1 次 等待 3 秒
2021-07-16 01:17:45 查询号码 【1336838】，返回信息 {"status":"ok","msg":"重庆-重庆","gid":"3441","time_insert":"2015-04-28 14:59","time_update":"2021-01-04 07:53"}
2021-07-16 01:17:45 查询号码 【1336838】，GSD为【"重庆-重庆"】

2021-07-16 01:17:45 开始第 23 次操作

2021-07-16 01:17:45 开始操作号码 【1336837】
2021-07-16 01:17:50 GSD getOne 第 1 次 等待 3 秒
2021-07-16 01:17:54 查询号码 【1336837】，返回信息 {"status":"ok","msg":"重庆-重庆","gid":"3440","time_insert":"2017-04-17 10:17","time_update":"2021-01-04 07:46"}
2021-07-16 01:17:54 查询号码 【1336837】，GSD为【"重庆-重庆"】

2021-07-16 01:17:54 开始第 23 次操作

2021-07-16 01:17:54 开始操作号码 【1336836】
2021-07-16 01:17:56 GSD getOne 第 1 次 等待 3 秒
2021-07-16 01:17:59 查询号码 【1336836】，返回信息 {"status":"ok","msg":"重庆-重庆","gid":"3439","time_insert":"2018-06-22 16:21","time_update":"2021-01-04 07:41"}
2021-07-16 01:17:59 查询号码 【1336836】，GSD为【"重庆-重庆"】

2021-07-16 01:17:59 开始第 23 次操作

2021-07-16 01:17:59 开始操作号码 【1336835】
2021-07-16 01:18:03 GSD getOne 第 1 次 等待 3 秒
2021-07-16 01:18:06 查询号码 【1336835】，返回信息 {"status":"ok","msg":"重庆-重庆","gid":"3438","time_insert":"2016-12-06 20:31","time_update":"2021-01-04 07:39"}
2021-07-16 01:18:06 查询号码 【1336835】，GSD为【"重庆-重庆"】

2021-07-16 01:18:06 开始第 23 次操作

2021-07-16 01:18:06 开始操作号码 【1336834】
2021-07-16 01:18:12 GSD getOne 第 1 次 等待 3 秒
2021-07-16 01:18:15 查询号码 【1336834】，返回信息 {"status":"bad","msg":""}
2021-07-16 01:18:15 查询号码 【1336834】，GSD为【""】
2021-07-16 01:18:15 bad
2021-07-16 01:18:18 CHB 1336834?1626369495 第 1 次 等待 3 秒
2021-07-16 01:18:21 CHB 1336834?1626369495 第 1 次 获取到号码【1336834】GSD
2021-07-16 01:18:21 获取到号码【1336834】的GSD为【重庆-重庆】
2021-07-16 01:18:30 GSD insert 第 1 次 等待 3 秒
2021-07-16 01:18:33 {"status":"ok","gid":288790,"msg":"添加成功！"}
2021-07-16 01:18:33 下次操作: 2021-07-16 01:18:48

2021-07-16 01:18:48 开始第 24 次操作

2021-07-16 01:18:48 开始操作号码 【1336833】
2021-07-16 01:18:54 GSD getOne 第 1 次 等待 3 秒
2021-07-16 01:18:57 查询号码 【1336833】，返回信息 {"status":"ok","msg":"重庆-重庆","gid":"3437","time_insert":"2017-04-12 16:52","time_update":"2021-01-04 07:33"}
2021-07-16 01:18:57 查询号码 【1336833】，GSD为【"重庆-重庆"】

2021-07-16 01:18:57 开始第 24 次操作

2021-07-16 01:18:57 开始操作号码 【1336832】
2021-07-16 01:19:00 GSD getOne 第 1 次 等待 3 秒
2021-07-16 01:19:03 查询号码 【1336832】，返回信息 {"status":"ok","msg":"重庆-重庆","gid":"3436","time_insert":"2017-05-30 10:52","time_update":"2021-01-04 07:25"}
2021-07-16 01:19:03 查询号码 【1336832】，GSD为【"重庆-重庆"】

2021-07-16 01:19:03 开始第 24 次操作

2021-07-16 01:19:03 开始操作号码 【1336831】
2021-07-16 01:19:11 GSD getOne 第 1 次 等待 3 秒
2021-07-16 01:19:14 查询号码 【1336831】，返回信息 {"status":"ok","msg":"重庆-重庆","gid":"3435","time_insert":"2017-07-18 11:48","time_update":"2021-01-04 07:23"}
2021-07-16 01:19:14 查询号码 【1336831】，GSD为【"重庆-重庆"】

2021-07-16 01:19:14 开始第 24 次操作

2021-07-16 01:19:14 开始操作号码 【1336830】
2021-07-16 01:19:19 GSD getOne 第 1 次 等待 3 秒
2021-07-16 01:19:22 查询号码 【1336830】，返回信息 {"status":"ok","msg":"重庆-重庆","gid":"74374","time_insert":"2021-05-31 09:26","time_update":"2021-05-31 09:34"}
2021-07-16 01:19:22 查询号码 【1336830】，GSD为【"重庆-重庆"】

2021-07-16 01:19:22 开始第 24 次操作

2021-07-16 01:19:22 开始操作号码 【1336829】
2021-07-16 01:19:25 GSD getOne 第 1 次 等待 3 秒
2021-07-16 01:19:28 查询号码 【1336829】，返回信息 {"status":"ok","msg":"重庆-重庆","gid":"3434","time_insert":"2017-05-11 09:33","time_update":"2021-01-04 07:17"}
2021-07-16 01:19:29 查询号码 【1336829】，GSD为【"重庆-重庆"】

2021-07-16 01:19:29 开始第 24 次操作

2021-07-16 01:19:29 开始操作号码 【1336828】
2021-07-16 01:19:31 GSD getOne 第 1 次 等待 3 秒
2021-07-16 01:19:34 查询号码 【1336828】，返回信息 {"status":"ok","msg":"重庆-重庆","gid":"3433","time_insert":"2017-04-17 10:17","time_update":"2021-01-04 07:10"}
2021-07-16 01:19:34 查询号码 【1336828】，GSD为【"重庆-重庆"】

2021-07-16 01:19:34 开始第 24 次操作

2021-07-16 01:19:34 开始操作号码 【1336827】
2021-07-16 01:19:39 GSD getOne 第 1 次 等待 3 秒
2021-07-16 01:19:42 查询号码 【1336827】，返回信息 {"status":"ok","msg":"重庆-重庆","gid":"3432","time_insert":"2017-05-30 10:52","time_update":"2021-01-04 07:03"}
2021-07-16 01:19:42 查询号码 【1336827】，GSD为【"重庆-重庆"】

2021-07-16 01:19:42 开始第 24 次操作

2021-07-16 01:19:42 开始操作号码 【1336826】
2021-07-16 01:19:46 GSD getOne 第 1 次 等待 3 秒
2021-07-16 01:19:49 查询号码 【1336826】，返回信息 {"status":"ok","msg":"重庆-重庆","gid":"3431","time_insert":"2017-05-10 16:05","time_update":"2021-01-04 06:56"}
2021-07-16 01:19:49 查询号码 【1336826】，GSD为【"重庆-重庆"】

2021-07-16 01:19:49 开始第 24 次操作

2021-07-16 01:19:49 开始操作号码 【1336825】
2021-07-16 01:19:52 GSD getOne 第 1 次 等待 3 秒
2021-07-16 01:19:55 查询号码 【1336825】，返回信息 {"status":"ok","msg":"重庆-重庆","gid":"3430","time_insert":"2017-04-23 09:43","time_update":"2021-01-04 06:53"}
2021-07-16 01:19:55 查询号码 【1336825】，GSD为【"重庆-重庆"】

2021-07-16 01:19:55 开始第 24 次操作

2021-07-16 01:19:55 开始操作号码 【1336824】
2021-07-16 01:20:00 GSD getOne 第 1 次 等待 3 秒
2021-07-16 01:20:03 查询号码 【1336824】，返回信息 {"status":"ok","msg":"重庆-重庆","gid":"3429","time_insert":"2019-01-08 14:58","time_update":"2021-01-04 06:46"}
2021-07-16 01:20:03 查询号码 【1336824】，GSD为【"重庆-重庆"】

2021-07-16 01:20:03 开始第 24 次操作

2021-07-16 01:20:03 开始操作号码 【1336823】
2021-07-16 01:20:05 GSD getOne 第 1 次 等待 3 秒
2021-07-16 01:20:08 查询号码 【1336823】，返回信息 {"status":"ok","msg":"重庆-重庆","gid":"3428","time_insert":"2017-04-20 10:11","time_update":"2021-01-04 06:40"}
2021-07-16 01:20:08 查询号码 【1336823】，GSD为【"重庆-重庆"】

2021-07-16 01:20:08 开始第 24 次操作

2021-07-16 01:20:08 开始操作号码 【1336822】
2021-07-16 01:20:11 GSD getOne 第 1 次 等待 3 秒
2021-07-16 01:20:14 查询号码 【1336822】，返回信息 {"status":"ok","msg":"重庆-重庆","gid":"3427","time_insert":"2017-04-23 09:43","time_update":"2021-01-04 06:38"}
2021-07-16 01:20:14 查询号码 【1336822】，GSD为【"重庆-重庆"】

2021-07-16 01:20:14 开始第 24 次操作

2021-07-16 01:20:14 开始操作号码 【1336821】
2021-07-16 01:20:26 GSD getOne 第 1 次 等待 3 秒
2021-07-16 01:20:29 查询号码 【1336821】，返回信息 {"status":"ok","msg":"重庆-重庆","gid":"3426","time_insert":"2017-04-17 10:17","time_update":"2021-01-04 06:31"}
2021-07-16 01:20:29 查询号码 【1336821】，GSD为【"重庆-重庆"】

2021-07-16 01:20:29 开始第 24 次操作

2021-07-16 01:20:29 开始操作号码 【1336820】
2021-07-16 01:20:32 GSD getOne 第 1 次 等待 3 秒
2021-07-16 01:20:35 查询号码 【1336820】，返回信息 {"status":"ok","msg":"重庆-重庆","gid":"3425","time_insert":"2016-01-31 13:30","time_update":"2021-01-04 06:25"}
2021-07-16 01:20:35 查询号码 【1336820】，GSD为【"重庆-重庆"】

2021-07-16 01:20:35 开始第 24 次操作

2021-07-16 01:20:35 开始操作号码 【1336819】
2021-07-16 01:20:41 GSD getOne 第 1 次 等待 3 秒
2021-07-16 01:20:44 查询号码 【1336819】，返回信息 {"status":"ok","msg":"重庆-重庆","gid":"3424","time_insert":"2017-12-17 15:42","time_update":"2021-01-04 06:23"}
2021-07-16 01:20:44 查询号码 【1336819】，GSD为【"重庆-重庆"】

2021-07-16 01:20:44 开始第 24 次操作

2021-07-16 01:20:44 开始操作号码 【1336818】
2021-07-16 01:20:52 GSD getOne 第 1 次 等待 3 秒
2021-07-16 01:20:55 查询号码 【1336818】，返回信息 {"status":"ok","msg":"重庆-重庆","gid":"3423","time_insert":"2017-04-23 09:43","time_update":"2021-01-04 06:17"}
2021-07-16 01:20:55 查询号码 【1336818】，GSD为【"重庆-重庆"】

2021-07-16 01:20:55 开始第 24 次操作

2021-07-16 01:20:55 开始操作号码 【1336817】
2021-07-16 01:20:58 GSD getOne 第 1 次 等待 3 秒
2021-07-16 01:21:01 查询号码 【1336817】，返回信息 {"status":"bad","msg":""}
2021-07-16 01:21:01 查询号码 【1336817】，GSD为【""】
2021-07-16 01:21:01 bad
2021-07-16 01:21:02 CHB 1336817?1626369661 第 1 次 等待 3 秒
2021-07-16 01:21:05 CHB 1336817?1626369661 第 1 次 未获取到 等待 13 秒 下次操作: 2021-07-16 01:21:18
2021-07-16 01:21:19 CHB 1336817?1626369678 第 2 次 等待 3 秒
2021-07-16 01:21:22 CHB 1336817?1626369678 第 2 次 获取到号码【1336817】GSD
2021-07-16 01:21:22 获取到号码【1336817】的GSD为【重庆-重庆】
2021-07-16 01:21:27 GSD insert 第 1 次 等待 3 秒
2021-07-16 01:21:30 {"status":"ok","gid":288825,"msg":"添加成功！"}
2021-07-16 01:21:30 下次操作: 2021-07-16 01:21:50

2021-07-16 01:21:51 开始第 25 次操作

2021-07-16 01:21:51 开始操作号码 【1336816】
2021-07-16 01:21:54 GSD getOne 第 1 次 等待 3 秒
2021-07-16 01:21:57 查询号码 【1336816】，返回信息 {"status":"ok","msg":"重庆-重庆","gid":"3422","time_insert":"2016-12-11 11:00","time_update":"2021-01-04 06:12"}
2021-07-16 01:21:57 查询号码 【1336816】，GSD为【"重庆-重庆"】

2021-07-16 01:21:57 开始第 25 次操作

2021-07-16 01:21:57 开始操作号码 【1336815】
2021-07-16 01:22:01 GSD getOne 第 1 次 等待 3 秒
2021-07-16 01:22:04 查询号码 【1336815】，返回信息 {"status":"ok","msg":"重庆-重庆","gid":"3421","time_insert":"2017-04-14 09:20","time_update":"2021-01-04 06:09"}
2021-07-16 01:22:04 查询号码 【1336815】，GSD为【"重庆-重庆"】

2021-07-16 01:22:04 开始第 25 次操作

2021-07-16 01:22:04 开始操作号码 【1336814】
2021-07-16 01:22:09 GSD getOne 第 1 次 等待 3 秒
2021-07-16 01:22:12 查询号码 【1336814】，返回信息 {"status":"bad","msg":""}
2021-07-16 01:22:12 查询号码 【1336814】，GSD为【""】
2021-07-16 01:22:12 bad
2021-07-16 01:22:14 CHB 1336814?1626369732 第 1 次 等待 3 秒
2021-07-16 01:22:17 CHB 1336814?1626369732 第 1 次 获取到号码【1336814】GSD
2021-07-16 01:22:17 获取到号码【1336814】的GSD为【重庆-重庆】
2021-07-16 01:22:22 GSD insert 第 1 次 等待 3 秒
2021-07-16 01:22:25 {"status":"ok","gid":288836,"msg":"添加成功！"}
2021-07-16 01:22:25 下次操作: 2021-07-16 01:22:39

2021-07-16 01:22:39 开始第 26 次操作

2021-07-16 01:22:39 开始操作号码 【1336813】
2021-07-16 01:22:43 GSD getOne 第 1 次 等待 3 秒
2021-07-16 01:22:46 查询号码 【1336813】，返回信息 {"status":"bad","msg":""}
2021-07-16 01:22:46 查询号码 【1336813】，GSD为【""】
2021-07-16 01:22:46 bad
2021-07-16 01:22:49 CHB 1336813?1626369766 第 1 次 等待 3 秒
2021-07-16 01:22:52 CHB 1336813?1626369766 第 1 次 获取到号码【1336813】GSD
2021-07-16 01:22:52 获取到号码【1336813】的GSD为【重庆-重庆】
2021-07-16 01:22:57 GSD insert 第 1 次 等待 3 秒
2021-07-16 01:23:00 {"status":"ok","gid":288844,"msg":"添加成功！"}
2021-07-16 01:23:00 下次操作: 2021-07-16 01:23:20

2021-07-16 01:23:20 开始第 27 次操作

2021-07-16 01:23:20 开始操作号码 【1336812】
2021-07-16 01:23:24 GSD getOne 第 1 次 等待 3 秒
2021-07-16 01:23:27 查询号码 【1336812】，返回信息 {"status":"ok","msg":"重庆-重庆","gid":"50768","time_insert":"2021-04-21 17:01"}
2021-07-16 01:23:28 查询号码 【1336812】，GSD为【"重庆-重庆"】

2021-07-16 01:23:28 开始第 27 次操作

2021-07-16 01:23:28 开始操作号码 【1336811】
2021-07-16 01:23:31 GSD getOne 第 1 次 等待 3 秒
2021-07-16 01:23:34 查询号码 【1336811】，返回信息 {"status":"ok","msg":"重庆-重庆","gid":"3420","time_insert":"2018-09-27 11:01","time_update":"2021-01-04 06:02"}
2021-07-16 01:23:34 查询号码 【1336811】，GSD为【"重庆-重庆"】

2021-07-16 01:23:34 开始第 27 次操作

2021-07-16 01:23:34 开始操作号码 【1336810】
2021-07-16 01:23:38 GSD getOne 第 1 次 等待 3 秒
2021-07-16 01:23:41 查询号码 【1336810】，返回信息 {"status":"ok","msg":"重庆-重庆","gid":"3419","time_insert":"2017-04-17 10:17","time_update":"2021-01-04 05:57"}
2021-07-16 01:23:41 查询号码 【1336810】，GSD为【"重庆-重庆"】

2021-07-16 01:23:41 开始第 27 次操作

2021-07-16 01:23:41 开始操作号码 【1336809】
2021-07-16 01:23:45 GSD getOne 第 1 次 等待 3 秒
2021-07-16 01:23:48 查询号码 【1336809】，返回信息 {"status":"bad","msg":""}
2021-07-16 01:23:49 查询号码 【1336809】，GSD为【""】
2021-07-16 01:23:49 bad
2021-07-16 01:23:52 CHB 1336809?1626369829 第 1 次 等待 3 秒
2021-07-16 01:23:55 CHB 1336809?1626369829 第 1 次 获取到号码【1336809】GSD
2021-07-16 01:23:55 获取到号码【1336809】的GSD为【重庆-重庆】
2021-07-16 01:24:01 GSD insert 第 1 次 等待 3 秒
2021-07-16 01:24:04 {"status":"ok","gid":288859,"msg":"添加成功！"}
2021-07-16 01:24:04 下次操作: 2021-07-16 01:24:22

2021-07-16 01:24:22 开始第 28 次操作

2021-07-16 01:24:22 开始操作号码 【1336808】
2021-07-16 01:24:25 GSD getOne 第 1 次 等待 3 秒
2021-07-16 01:24:28 查询号码 【1336808】，返回信息 {"status":"ok","msg":"重庆-重庆","gid":"3418","time_insert":"2017-05-11 16:02","time_update":"2021-01-04 05:49"}
2021-07-16 01:24:28 查询号码 【1336808】，GSD为【"重庆-重庆"】

2021-07-16 01:24:28 开始第 28 次操作

2021-07-16 01:24:28 开始操作号码 【1336807】
2021-07-16 01:24:33 GSD getOne 第 1 次 等待 3 秒
2021-07-16 01:24:36 查询号码 【1336807】，返回信息 {"status":"bad","msg":""}
2021-07-16 01:24:36 查询号码 【1336807】，GSD为【""】
2021-07-16 01:24:36 bad
2021-07-16 01:24:39 CHB 1336807?1626369876 第 1 次 等待 3 秒
2021-07-16 01:24:42 CHB 1336807?1626369876 第 1 次 获取到号码【1336807】GSD
2021-07-16 01:24:42 获取到号码【1336807】的GSD为【重庆-重庆】
2021-07-16 01:24:46 GSD insert 第 1 次 等待 3 秒
2021-07-16 01:24:49 {"status":"ok","gid":288866,"msg":"添加成功！"}
2021-07-16 01:24:49 下次操作: 2021-07-16 01:25:11

2021-07-16 01:25:11 开始第 29 次操作

2021-07-16 01:25:11 开始操作号码 【1336806】
2021-07-16 01:25:14 GSD getOne 第 1 次 等待 3 秒
2021-07-16 01:25:17 查询号码 【1336806】，返回信息 {"status":"ok","msg":"重庆-重庆","gid":"3417","time_insert":"2017-05-02 16:18","time_update":"2021-01-04 05:43"}
2021-07-16 01:25:17 查询号码 【1336806】，GSD为【"重庆-重庆"】

2021-07-16 01:25:17 开始第 29 次操作

2021-07-16 01:25:17 开始操作号码 【1336805】
2021-07-16 01:25:20 GSD getOne 第 1 次 等待 3 秒
2021-07-16 01:25:23 查询号码 【1336805】，返回信息 {"status":"ok","msg":"重庆-重庆","gid":"3416","time_insert":"2018-05-15 08:59","time_update":"2021-01-04 05:38"}
2021-07-16 01:25:23 查询号码 【1336805】，GSD为【"重庆-重庆"】

2021-07-16 01:25:23 开始第 29 次操作

2021-07-16 01:25:23 开始操作号码 【1336804】
2021-07-16 01:25:28 GSD getOne 第 1 次 等待 3 秒
2021-07-16 01:25:31 查询号码 【1336804】，返回信息 {"status":"ok","msg":"重庆-重庆","gid":"3415","time_insert":"2017-05-12 16:32","time_update":"2021-01-04 05:30"}
2021-07-16 01:25:31 查询号码 【1336804】，GSD为【"重庆-重庆"】

2021-07-16 01:25:31 开始第 29 次操作

2021-07-16 01:25:31 开始操作号码 【1336803】
2021-07-16 01:25:34 GSD getOne 第 1 次 等待 3 秒
2021-07-16 01:25:37 查询号码 【1336803】，返回信息 {"status":"bad","msg":""}
2021-07-16 01:25:37 查询号码 【1336803】，GSD为【""】
2021-07-16 01:25:37 bad
2021-07-16 01:25:37 CHB 1336803?1626369937 第 1 次 等待 3 秒
2021-07-16 01:25:40 CHB 1336803?1626369937 第 1 次 未获取到 等待 15 秒 下次操作: 2021-07-16 01:25:55
2021-07-16 01:25:56 CHB 1336803?1626369955 第 2 次 等待 3 秒
2021-07-16 01:25:59 CHB 1336803?1626369955 第 2 次 未获取到 等待 17 秒 下次操作: 2021-07-16 01:26:16
2021-07-16 01:26:17 CHB 1336803?1626369976 第 3 次 等待 3 秒
2021-07-16 01:26:20 CHB 1336803?1626369976 第 3 次 跳过号码【1336803】
2021-07-16 01:26:20 未获取到号码【1336803】源码
2021-07-16 01:26:20 获取到号码【1336803】的GSD为【-】
2021-07-16 01:26:22 GSD insert 第 1 次 等待 3 秒
2021-07-16 01:26:25 {"status":"ok","gid":288883,"msg":"添加成功！"}
2021-07-16 01:26:25 下次操作: 2021-07-16 01:26:49

2021-07-16 01:26:49 开始第 30 次操作

2021-07-16 01:26:49 开始操作号码 【1336802】
2021-07-16 01:26:52 GSD getOne 第 1 次 等待 3 秒
2021-07-16 01:26:55 查询号码 【1336802】，返回信息 {"status":"ok","msg":"重庆-重庆","gid":"3414","time_insert":"2019-11-18 09:45","time_update":"2021-01-04 05:24"}
2021-07-16 01:26:55 查询号码 【1336802】，GSD为【"重庆-重庆"】

2021-07-16 01:26:55 开始第 30 次操作

2021-07-16 01:26:55 开始操作号码 【1336801】
2021-07-16 01:26:58 GSD getOne 第 1 次 等待 3 秒
2021-07-16 01:27:01 查询号码 【1336801】，返回信息 {"status":"ok","msg":"重庆-重庆","gid":"3413","time_insert":"2017-04-17 10:17","time_update":"2021-01-04 05:17"}
2021-07-16 01:27:01 查询号码 【1336801】，GSD为【"重庆-重庆"】

2021-07-16 01:27:01 开始第 30 次操作

2021-07-16 01:27:01 开始操作号码 【1336800】
2021-07-16 01:27:11 GSD getOne 第 1 次 等待 3 秒
2021-07-16 01:27:14 查询号码 【1336800】，返回信息 {"status":"ok","msg":"重庆-重庆","gid":"3412","time_insert":"2019-10-17 12:17","time_update":"2021-01-04 05:09"}
2021-07-16 01:27:14 查询号码 【1336800】，GSD为【"重庆-重庆"】

2021-07-16 01:27:14 开始第 30 次操作

2021-07-16 01:27:14 开始操作号码 【1336799】
2021-07-16 01:27:18 GSD getOne 第 1 次 等待 3 秒
2021-07-16 01:27:21 查询号码 【1336799】，返回信息 {"status":"bad","msg":""}
2021-07-16 01:27:21 查询号码 【1336799】，GSD为【""】
2021-07-16 01:27:21 bad
2021-07-16 01:27:21 CHB 1336799?1626370041 第 1 次 等待 3 秒
2021-07-16 01:27:24 CHB 1336799?1626370041 第 1 次 未获取到 等待 17 秒 下次操作: 2021-07-16 01:27:41
2021-07-16 01:27:42 CHB 1336799?1626370061 第 2 次 等待 3 秒
2021-07-16 01:27:45 CHB 1336799?1626370061 第 2 次 未获取到 等待 21 秒 下次操作: 2021-07-16 01:28:06
2021-07-16 01:28:07 CHB 1336799?1626370086 第 3 次 等待 3 秒
2021-07-16 01:28:10 CHB 1336799?1626370086 第 3 次 跳过号码【1336799】
2021-07-16 01:28:10 未获取到号码【1336799】源码
2021-07-16 01:28:10 获取到号码【1336799】的GSD为【-】
2021-07-16 01:28:18 GSD insert 第 1 次 等待 3 秒
2021-07-16 01:28:21 {"status":"ok","gid":288910,"msg":"添加成功！"}
2021-07-16 01:28:21 下次操作: 2021-07-16 01:28:34

2021-07-16 01:28:34 开始第 31 次操作

2021-07-16 01:28:34 开始操作号码 【1336798】
2021-07-16 01:28:39 GSD getOne 第 1 次 等待 3 秒
2021-07-16 01:28:42 查询号码 【1336798】，返回信息 {"status":"bad","msg":""}
2021-07-16 01:28:42 查询号码 【1336798】，GSD为【""】
2021-07-16 01:28:42 bad
2021-07-16 01:28:42 CHB 1336798?1626370122 第 1 次 等待 3 秒
2021-07-16 01:28:45 CHB 1336798?1626370122 第 1 次 未获取到 等待 16 秒 下次操作: 2021-07-16 01:29:01
2021-07-16 01:29:02 CHB 1336798?1626370141 第 2 次 等待 3 秒
2021-07-16 01:29:05 CHB 1336798?1626370141 第 2 次 未获取到 等待 20 秒 下次操作: 2021-07-16 01:29:25
2021-07-16 01:29:25 CHB 1336798?1626370165 第 3 次 等待 3 秒
2021-07-16 01:29:29 CHB 1336798?1626370165 第 3 次 跳过号码【1336798】
2021-07-16 01:29:29 未获取到号码【1336798】源码
2021-07-16 01:29:29 获取到号码【1336798】的GSD为【-】
2021-07-16 01:29:33 GSD insert 第 1 次 等待 3 秒
2021-07-16 01:29:36 {"status":"ok","gid":288923,"msg":"添加成功！"}
2021-07-16 01:29:36 下次操作: 2021-07-16 01:29:51

2021-07-16 01:29:51 开始第 32 次操作

2021-07-16 01:29:51 开始操作号码 【1336797】
2021-07-16 01:29:54 GSD getOne 第 1 次 等待 3 秒
2021-07-16 01:29:57 查询号码 【1336797】，返回信息 {"status":"bad","msg":""}
2021-07-16 01:29:57 查询号码 【1336797】，GSD为【""】
2021-07-16 01:29:57 bad
2021-07-16 01:29:57 CHB 1336797?1626370197 第 1 次 等待 3 秒
2021-07-16 01:30:01 CHB 1336797?1626370197 第 1 次 未获取到 等待 12 秒 下次操作: 2021-07-16 01:30:12
2021-07-16 01:30:13 CHB 1336797?1626370213 第 2 次 等待 3 秒
2021-07-16 01:30:16 CHB 1336797?1626370213 第 2 次 未获取到 等待 21 秒 下次操作: 2021-07-16 01:30:37
2021-07-16 01:30:38 CHB 1336797?1626370237 第 3 次 等待 3 秒
2021-07-16 01:30:41 CHB 1336797?1626370237 第 3 次 跳过号码【1336797】
2021-07-16 01:30:41 未获取到号码【1336797】源码
2021-07-16 01:30:41 获取到号码【1336797】的GSD为【-】
2021-07-16 01:30:47 GSD insert 第 1 次 等待 3 秒
2021-07-16 01:30:50 {"status":"ok","gid":288931,"msg":"添加成功！"}
2021-07-16 01:30:50 下次操作: 2021-07-16 01:31:12

2021-07-16 01:31:12 开始第 33 次操作

2021-07-16 01:31:12 开始操作号码 【1336796】
2021-07-16 01:31:15 GSD getOne 第 1 次 等待 3 秒
2021-07-16 01:31:18 查询号码 【1336796】，返回信息 {"status":"bad","msg":""}
2021-07-16 01:31:18 查询号码 【1336796】，GSD为【""】
2021-07-16 01:31:18 bad
2021-07-16 01:31:18 CHB 1336796?1626370278 第 1 次 等待 3 秒
2021-07-16 01:31:21 CHB 1336796?1626370278 第 1 次 未获取到 等待 21 秒 下次操作: 2021-07-16 01:31:42
2021-07-16 01:31:43 CHB 1336796?1626370302 第 2 次 等待 3 秒
2021-07-16 01:31:46 CHB 1336796?1626370302 第 2 次 未获取到 等待 18 秒 下次操作: 2021-07-16 01:32:04
2021-07-16 01:32:05 CHB 1336796?1626370324 第 3 次 等待 3 秒
2021-07-16 01:32:08 CHB 1336796?1626370324 第 3 次 跳过号码【1336796】
2021-07-16 01:32:08 未获取到号码【1336796】源码
2021-07-16 01:32:08 获取到号码【1336796】的GSD为【-】
2021-07-16 01:32:12 GSD insert 第 1 次 等待 3 秒
2021-07-16 01:32:15 {"status":"ok","gid":288943,"msg":"添加成功！"}
2021-07-16 01:32:15 下次操作: 2021-07-16 01:32:30

2021-07-16 01:32:30 开始第 34 次操作

2021-07-16 01:32:30 开始操作号码 【1336795】
2021-07-16 01:32:36 GSD getOne 第 1 次 等待 3 秒
2021-07-16 01:32:39 查询号码 【1336795】，返回信息 {"status":"bad","msg":""}
2021-07-16 01:32:39 查询号码 【1336795】，GSD为【""】
2021-07-16 01:32:39 bad
2021-07-16 01:32:40 CHB 1336795?1626370359 第 1 次 等待 3 秒
2021-07-16 01:32:43 CHB 1336795?1626370359 第 1 次 未获取到 等待 24 秒 下次操作: 2021-07-16 01:33:07
2021-07-16 01:33:07 CHB 1336795?1626370387 第 2 次 等待 3 秒
2021-07-16 01:33:10 CHB 1336795?1626370387 第 2 次 未获取到 等待 15 秒 下次操作: 2021-07-16 01:33:25
2021-07-16 01:33:26 CHB 1336795?1626370405 第 3 次 等待 3 秒
2021-07-16 01:33:29 CHB 1336795?1626370405 第 3 次 跳过号码【1336795】
2021-07-16 01:33:29 未获取到号码【1336795】源码
2021-07-16 01:33:29 获取到号码【1336795】的GSD为【-】
2021-07-16 01:33:34 GSD insert 第 1 次 等待 3 秒
2021-07-16 01:33:37 {"status":"ok","gid":288950,"msg":"添加成功！"}
2021-07-16 01:33:37 下次操作: 2021-07-16 01:34:01

2021-07-16 01:34:01 开始第 35 次操作

2021-07-16 01:34:01 开始操作号码 【1336794】
2021-07-16 01:34:19 GSD getOne 第 1 次 等待 3 秒
2021-07-16 01:34:22 查询号码 【1336794】，返回信息 {"status":"bad","msg":""}
2021-07-16 01:34:22 查询号码 【1336794】，GSD为【""】
2021-07-16 01:34:22 bad
2021-07-16 01:34:23 CHB 1336794?1626370462 第 1 次 等待 3 秒
2021-07-16 01:34:26 CHB 1336794?1626370462 第 1 次 未获取到 等待 16 秒 下次操作: 2021-07-16 01:34:42
2021-07-16 01:34:43 CHB 1336794?1626370482 第 2 次 等待 3 秒
2021-07-16 01:34:46 CHB 1336794?1626370482 第 2 次 未获取到 等待 23 秒 下次操作: 2021-07-16 01:35:09
2021-07-16 01:35:09 CHB 1336794?1626370509 第 3 次 等待 3 秒
2021-07-16 01:35:12 CHB 1336794?1626370509 第 3 次 跳过号码【1336794】
2021-07-16 01:35:12 未获取到号码【1336794】源码
2021-07-16 01:35:12 获取到号码【1336794】的GSD为【-】
2021-07-16 01:35:15 GSD insert 第 1 次 等待 3 秒
2021-07-16 01:35:18 {"status":"ok","gid":288959,"msg":"添加成功！"}
2021-07-16 01:35:18 下次操作: 2021-07-16 01:35:38

2021-07-16 01:35:38 开始第 36 次操作

2021-07-16 01:35:38 开始操作号码 【1336793】
2021-07-16 01:35:41 GSD getOne 第 1 次 等待 3 秒
2021-07-16 01:35:44 查询号码 【1336793】，返回信息 {"status":"bad","msg":""}
2021-07-16 01:35:44 查询号码 【1336793】，GSD为【""】
2021-07-16 01:35:44 bad
2021-07-16 01:35:45 CHB 1336793?1626370544 第 1 次 等待 3 秒
2021-07-16 01:35:48 CHB 1336793?1626370544 第 1 次 未获取到 等待 18 秒 下次操作: 2021-07-16 01:36:06
2021-07-16 01:36:07 CHB 1336793?1626370566 第 2 次 等待 3 秒
2021-07-16 01:36:10 CHB 1336793?1626370566 第 2 次 未获取到 等待 23 秒 下次操作: 2021-07-16 01:36:33
2021-07-16 01:36:33 CHB 1336793?1626370593 第 3 次 等待 3 秒
2021-07-16 01:36:36 CHB 1336793?1626370593 第 3 次 跳过号码【1336793】
2021-07-16 01:36:36 未获取到号码【1336793】源码
2021-07-16 01:36:36 获取到号码【1336793】的GSD为【-】
2021-07-16 01:36:41 GSD insert 第 1 次 等待 3 秒
2021-07-16 01:36:44 {"status":"ok","gid":288968,"msg":"添加成功！"}
2021-07-16 01:36:44 下次操作: 2021-07-16 01:37:08

2021-07-16 01:37:08 开始第 37 次操作

2021-07-16 01:37:08 开始操作号码 【1336792】
2021-07-16 01:37:15 GSD getOne 第 1 次 等待 3 秒
2021-07-16 01:37:18 查询号码 【1336792】，返回信息 {"status":"bad","msg":""}
2021-07-16 01:37:18 查询号码 【1336792】，GSD为【""】
2021-07-16 01:37:18 bad
2021-07-16 01:37:18 CHB 1336792?1626370638 第 1 次 等待 3 秒
2021-07-16 01:37:21 CHB 1336792?1626370638 第 1 次 未获取到 等待 18 秒 下次操作: 2021-07-16 01:37:39
2021-07-16 01:37:40 CHB 1336792?1626370659 第 2 次 等待 3 秒
2021-07-16 01:37:43 CHB 1336792?1626370659 第 2 次 未获取到 等待 14 秒 下次操作: 2021-07-16 01:37:57
2021-07-16 01:37:57 CHB 1336792?1626370677 第 3 次 等待 3 秒
2021-07-16 01:38:00 CHB 1336792?1626370677 第 3 次 跳过号码【1336792】
2021-07-16 01:38:00 未获取到号码【1336792】源码
2021-07-16 01:38:00 获取到号码【1336792】的GSD为【-】
2021-07-16 01:38:04 GSD insert 第 1 次 等待 3 秒
2021-07-16 01:38:07 {"status":"ok","gid":288974,"msg":"添加成功！"}
2021-07-16 01:38:07 下次操作: 2021-07-16 01:38:19

2021-07-16 01:38:19 开始第 38 次操作

2021-07-16 01:38:19 开始操作号码 【1336791】
2021-07-16 01:38:22 GSD getOne 第 1 次 等待 3 秒
2021-07-16 01:38:25 查询号码 【1336791】，返回信息 {"status":"bad","msg":""}
2021-07-16 01:38:25 查询号码 【1336791】，GSD为【""】
2021-07-16 01:38:25 bad
2021-07-16 01:38:25 CHB 1336791?1626370705 第 1 次 等待 3 秒
2021-07-16 01:38:28 CHB 1336791?1626370705 第 1 次 未获取到 等待 21 秒 下次操作: 2021-07-16 01:38:49
2021-07-16 01:38:50 CHB 1336791?1626370729 第 2 次 等待 3 秒
2021-07-16 01:38:53 CHB 1336791?1626370729 第 2 次 未获取到 等待 22 秒 下次操作: 2021-07-16 01:39:15
2021-07-16 01:39:15 CHB 1336791?1626370755 第 3 次 等待 3 秒
2021-07-16 01:39:18 CHB 1336791?1626370755 第 3 次 跳过号码【1336791】
2021-07-16 01:39:18 未获取到号码【1336791】源码
2021-07-16 01:39:18 获取到号码【1336791】的GSD为【-】
2021-07-16 01:39:21 GSD insert 第 1 次 等待 3 秒
2021-07-16 01:39:24 {"status":"ok","gid":288981,"msg":"添加成功！"}
2021-07-16 01:39:24 下次操作: 2021-07-16 01:39:45

2021-07-16 01:39:45 开始第 39 次操作

2021-07-16 01:39:45 开始操作号码 【1336790】
2021-07-16 01:39:52 GSD getOne 第 1 次 等待 3 秒
2021-07-16 01:39:55 查询号码 【1336790】，返回信息 {"status":"bad","msg":""}
2021-07-16 01:39:55 查询号码 【1336790】，GSD为【""】
2021-07-16 01:39:55 bad
2021-07-16 01:39:56 CHB 1336790?1626370795 第 1 次 等待 3 秒
2021-07-16 01:39:59 CHB 1336790?1626370795 第 1 次 未获取到 等待 20 秒 下次操作: 2021-07-16 01:40:19
2021-07-16 01:40:19 CHB 1336790?1626370819 第 2 次 等待 3 秒
2021-07-16 01:40:22 CHB 1336790?1626370819 第 2 次 未获取到 等待 16 秒 下次操作: 2021-07-16 01:40:38
2021-07-16 01:40:39 CHB 1336790?1626370838 第 3 次 等待 3 秒
2021-07-16 01:40:42 CHB 1336790?1626370838 第 3 次 跳过号码【1336790】
2021-07-16 01:40:42 未获取到号码【1336790】源码
2021-07-16 01:40:42 获取到号码【1336790】的GSD为【-】
2021-07-16 01:40:46 GSD insert 第 1 次 等待 3 秒
2021-07-16 01:40:49 {"status":"ok","gid":288987,"msg":"添加成功！"}
2021-07-16 01:40:49 下次操作: 2021-07-16 01:41:11

2021-07-16 01:41:11 开始第 40 次操作

2021-07-16 01:41:11 开始操作号码 【1336789】
2021-07-16 01:41:14 GSD getOne 第 1 次 等待 3 秒
2021-07-16 01:41:17 查询号码 【1336789】，返回信息 {"status":"bad","msg":""}
2021-07-16 01:41:17 查询号码 【1336789】，GSD为【""】
2021-07-16 01:41:17 bad
2021-07-16 01:41:17 CHB 1336789?1626370877 第 1 次 等待 3 秒
2021-07-16 01:41:20 CHB 1336789?1626370877 第 1 次 未获取到 等待 13 秒 下次操作: 2021-07-16 01:41:33
2021-07-16 01:41:34 CHB 1336789?1626370893 第 2 次 等待 3 秒
2021-07-16 01:41:37 CHB 1336789?1626370893 第 2 次 未获取到 等待 20 秒 下次操作: 2021-07-16 01:41:57
2021-07-16 01:41:57 CHB 1336789?1626370917 第 3 次 等待 3 秒
2021-07-16 01:42:00 CHB 1336789?1626370917 第 3 次 跳过号码【1336789】
2021-07-16 01:42:00 未获取到号码【1336789】源码
2021-07-16 01:42:00 获取到号码【1336789】的GSD为【-】
2021-07-16 01:42:03 GSD insert 第 1 次 等待 3 秒
2021-07-16 01:42:06 {"status":"ok","gid":288997,"msg":"添加成功！"}

