2024-02-20 00:22:55 开始第 4593 次操作

2024-02-20 00:22:55 开始操作号码 【1694506】
2024-02-20 00:23:01 GSD getOne 第 1 次 等待 3 秒
2024-02-20 00:23:04 查询号码 【1694506】，返回信息 {"status":"ok","msg":"-","gid":"642951","time_insert":"2023-04-09 14:45"}
2024-02-20 00:23:04 查询号码 【1694506】，GSD为【"-"】
2024-02-20 00:23:04 ok && -
2024-02-20 00:23:10 CHB 1694506?1708359784 第 1 次 等待 3 秒
2024-02-20 00:23:13 CHB 1694506?1708359784 第 1 次 获取到号码【1694506】GSD
2024-02-20 00:23:13 未获取到号码【1694506】GSD，可能号码格式错误
2024-02-20 00:23:13 获取到号码【1694506】的GSD为【-】
2024-02-20 00:23:18 GSD insert 第 1 次 等待 3 秒
2024-02-20 00:23:21 {"status":"bad","gid":"642951","msg":"添加失败！号码【1694506(-|-)】已存在！"}
2024-02-20 00:23:21 随机等待 116 秒，约 1 分钟
2024-02-20 00:23:21 下次操作: 2024-02-20 00:25:17

2024-02-20 00:25:17 开始第 4594 次操作

2024-02-20 00:25:17 开始操作号码 【1694507】
2024-02-20 00:25:22 GSD getOne 第 1 次 等待 3 秒
2024-02-20 00:25:25 查询号码 【1694507】，返回信息 {"status":"ok","msg":"-","gid":"642957","time_insert":"2023-04-09 14:47"}
2024-02-20 00:25:25 查询号码 【1694507】，GSD为【"-"】
2024-02-20 00:25:25 ok && -
2024-02-20 00:25:27 CHB 1694507?1708359925 第 1 次 等待 3 秒
2024-02-20 00:25:30 CHB 1694507?1708359925 第 1 次 获取到号码【1694507】GSD
2024-02-20 00:25:30 未获取到号码【1694507】GSD，可能号码格式错误
2024-02-20 00:25:30 获取到号码【1694507】的GSD为【-】
2024-02-20 00:25:34 GSD insert 第 1 次 等待 3 秒
2024-02-20 00:25:37 {"status":"bad","gid":"642957","msg":"添加失败！号码【1694507(-|-)】已存在！"}
2024-02-20 00:25:37 随机等待 214 秒，约 3 分钟
2024-02-20 00:25:37 下次操作: 2024-02-20 00:29:11

2024-02-20 00:29:11 开始第 4595 次操作

2024-02-20 00:29:11 开始操作号码 【1694508】
2024-02-20 00:29:16 GSD getOne 第 1 次 等待 3 秒
2024-02-20 00:29:19 查询号码 【1694508】，返回信息 {"status":"ok","msg":"-","gid":"642965","time_insert":"2023-04-09 14:53"}
2024-02-20 00:29:19 查询号码 【1694508】，GSD为【"-"】
2024-02-20 00:29:19 ok && -
2024-02-20 00:29:21 CHB 1694508?1708360159 第 1 次 等待 3 秒
2024-02-20 00:29:24 CHB 1694508?1708360159 第 1 次 获取到号码【1694508】GSD
2024-02-20 00:29:24 未获取到号码【1694508】GSD，可能号码格式错误
2024-02-20 00:29:24 获取到号码【1694508】的GSD为【-】
2024-02-20 00:29:28 GSD insert 第 1 次 等待 3 秒
2024-02-20 00:29:31 {"status":"bad","gid":"642965","msg":"添加失败！号码【1694508(-|-)】已存在！"}
2024-02-20 00:29:31 随机等待 110 秒，约 1 分钟
2024-02-20 00:29:31 下次操作: 2024-02-20 00:31:21

2024-02-20 00:31:21 开始第 4596 次操作

2024-02-20 00:31:21 开始操作号码 【1694509】
2024-02-20 00:31:25 GSD getOne 第 1 次 等待 3 秒
2024-02-20 00:31:28 查询号码 【1694509】，返回信息 {"status":"ok","msg":"-","gid":"642967","time_insert":"2023-04-09 14:55"}
2024-02-20 00:31:28 查询号码 【1694509】，GSD为【"-"】
2024-02-20 00:31:28 ok && -
2024-02-20 00:31:30 CHB 1694509?1708360288 第 1 次 等待 3 秒
2024-02-20 00:31:33 CHB 1694509?1708360288 第 1 次 获取到号码【1694509】GSD
2024-02-20 00:31:33 未获取到号码【1694509】GSD，可能号码格式错误
2024-02-20 00:31:33 获取到号码【1694509】的GSD为【-】
2024-02-20 00:31:38 GSD insert 第 1 次 等待 3 秒
2024-02-20 00:31:41 {"status":"bad","gid":"642967","msg":"添加失败！号码【1694509(-|-)】已存在！"}

