2023-09-26 09:26:30 开始第 1 次操作

2023-09-26 09:26:30 开始操作号码 【1900000】
2023-09-26 09:26:32 GSD getOne 第 1 次 等待 3 秒
2023-09-26 09:26:35 查询号码 【1900000】，返回信息 {"status":"ok","msg":"-","gid":"520016","time_insert":"2023-02-06 15:35"}
2023-09-26 09:26:35 查询号码 【1900000】，GSD为【"-"】
2023-09-26 09:26:35 ok && -
2023-09-26 09:26:38 CHB 1900000?1695691595 第 1 次 等待 3 秒
2023-09-26 09:26:41 CHB 1900000?1695691595 第 1 次 获取到号码【1900000】GSD
2023-09-26 09:26:41 未获取到号码【1900000】GSD，可能号码格式错误
2023-09-26 09:26:41 获取到号码【1900000】的GSD为【-】
2023-09-26 09:26:42 GSD insert 第 1 次 等待 3 秒
2023-09-26 09:26:45 {"status":"bad","gid":"520016","msg":"添加失败！号码【1900000(-|-)】已存在！"}
2023-09-26 09:26:45 随机等待 203 秒，约 3 分钟
2023-09-26 09:26:45 下次操作: 2023-09-26 09:30:08

2023-09-26 09:30:08 开始第 2 次操作

2023-09-26 09:30:08 开始操作号码 【1900001】
2023-09-26 09:30:10 GSD getOne 第 1 次 等待 3 秒
2023-09-26 09:30:13 查询号码 【1900001】，返回信息 {"status":"ok","msg":"-","gid":"520017","time_insert":"2023-02-06 15:47"}
2023-09-26 09:30:13 查询号码 【1900001】，GSD为【"-"】
2023-09-26 09:30:13 ok && -
2023-09-26 09:30:15 CHB 1900001?1695691813 第 1 次 等待 3 秒
2023-09-26 09:30:18 CHB 1900001?1695691813 第 1 次 获取到号码【1900001】GSD
2023-09-26 09:30:18 未获取到号码【1900001】GSD，可能号码格式错误
2023-09-26 09:30:18 获取到号码【1900001】的GSD为【-】
2023-09-26 09:30:20 GSD insert 第 1 次 等待 3 秒
2023-09-26 09:30:23 {"status":"bad","gid":"520017","msg":"添加失败！号码【1900001(-|-)】已存在！"}
2023-09-26 09:30:23 随机等待 73 秒，约 1 分钟
2023-09-26 09:30:23 下次操作: 2023-09-26 09:31:36

2023-09-26 09:31:36 开始第 3 次操作

2023-09-26 09:31:36 开始操作号码 【1900002】
2023-09-26 09:31:38 GSD getOne 第 1 次 等待 3 秒
2023-09-26 09:31:41 查询号码 【1900002】，返回信息 {"status":"ok","msg":"-","gid":"520018","time_insert":"2023-02-06 16:02"}
2023-09-26 09:31:41 查询号码 【1900002】，GSD为【"-"】
2023-09-26 09:31:41 ok && -
2023-09-26 09:31:43 CHB 1900002?1695691901 第 1 次 等待 3 秒
2023-09-26 09:31:46 CHB 1900002?1695691901 第 1 次 获取到号码【1900002】GSD
2023-09-26 09:31:46 未获取到号码【1900002】GSD，可能号码格式错误
2023-09-26 09:31:46 获取到号码【1900002】的GSD为【-】
2023-09-26 09:31:48 GSD insert 第 1 次 等待 3 秒
2023-09-26 09:31:51 {"status":"bad","gid":"520018","msg":"添加失败！号码【1900002(-|-)】已存在！"}
2023-09-26 09:31:51 随机等待 204 秒，约 3 分钟
2023-09-26 09:31:51 下次操作: 2023-09-26 09:35:15

2023-09-26 09:35:15 开始第 4 次操作

2023-09-26 09:35:15 开始操作号码 【1900003】
2023-09-26 09:35:17 GSD getOne 第 1 次 等待 3 秒
2023-09-26 09:35:20 查询号码 【1900003】，返回信息 {"status":"ok","msg":"-","gid":"520019","time_insert":"2023-02-06 16:13"}
2023-09-26 09:35:20 查询号码 【1900003】，GSD为【"-"】
2023-09-26 09:35:20 ok && -
2023-09-26 09:35:22 CHB 1900003?1695692120 第 1 次 等待 3 秒
2023-09-26 09:35:25 CHB 1900003?1695692120 第 1 次 获取到号码【1900003】GSD
2023-09-26 09:35:25 未获取到号码【1900003】GSD，可能号码格式错误
2023-09-26 09:35:25 获取到号码【1900003】的GSD为【-】
2023-09-26 09:35:27 GSD insert 第 1 次 等待 3 秒
2023-09-26 09:35:30 {"status":"bad","gid":"520019","msg":"添加失败！号码【1900003(-|-)】已存在！"}

