2024-06-22 00:22:48 开始第 1957 次操作

2024-06-22 00:22:48 开始操作号码 【1471871】
2024-06-22 00:33:02 GSD getOne 第 1 次 等待 3 秒
2024-06-22 00:33:24 GSD getOne 第 2 次 等待 3 秒
2024-06-22 00:33:27 查询号码 【1471871】，返回信息 {"status":"ok","msg":"海南-海口","gid":"112806","time_insert":"2021-06-22 09:43"}
2024-06-22 00:33:27 查询号码 【1471871】，GSD为【"海南-海口"】

2024-06-22 00:33:28 开始第 1958 次操作

2024-06-22 00:33:28 开始操作号码 【1471872】
2024-06-22 00:33:44 GSD getOne 第 1 次 等待 3 秒
2024-06-22 00:33:47 查询号码 【1471872】，返回信息 {"status":"ok","msg":"海南-海口","gid":"112862","time_insert":"2021-06-22 10:07"}
2024-06-22 00:33:47 查询号码 【1471872】，GSD为【"海南-海口"】

2024-06-22 00:33:48 开始第 1959 次操作

2024-06-22 00:33:48 开始操作号码 【1471873】
2024-06-22 00:34:02 GSD getOne 第 1 次 等待 3 秒
2024-06-22 00:34:05 查询号码 【1471873】，返回信息 {"status":"ok","msg":"海南-海口","gid":"112920","time_insert":"2021-06-22 10:25"}
2024-06-22 00:34:05 查询号码 【1471873】，GSD为【"海南-海口"】

2024-06-22 00:34:06 开始第 1960 次操作

2024-06-22 00:34:06 开始操作号码 【1471874】
2024-06-22 00:34:21 GSD getOne 第 1 次 等待 3 秒
2024-06-22 00:34:24 查询号码 【1471874】，返回信息 {"status":"ok","msg":"海南-海口","gid":"112986","time_insert":"2021-06-22 10:48"}
2024-06-22 00:34:24 查询号码 【1471874】，GSD为【"海南-海口"】

2024-06-22 00:40:34 开始第 1961 次操作

2024-06-22 00:40:34 开始操作号码 【1471875】
2024-06-22 00:41:21 GSD getOne 第 1 次 等待 3 秒
2024-06-22 00:41:24 查询号码 【1471875】，返回信息 {"status":"ok","msg":"海南-海口","gid":"113039","time_insert":"2021-06-22 11:05"}
2024-06-22 00:41:24 查询号码 【1471875】，GSD为【"海南-海口"】

2024-06-22 00:41:25 开始第 1962 次操作

2024-06-22 00:41:25 开始操作号码 【1471876】
2024-06-22 00:41:49 GSD getOne 第 1 次 等待 3 秒
2024-06-22 00:41:52 查询号码 【1471876】，返回信息 {"status":"ok","msg":"海南-海口","gid":"113120","time_insert":"2021-06-22 11:20"}
2024-06-22 00:41:52 查询号码 【1471876】，GSD为【"海南-海口"】

2024-06-22 00:41:53 开始第 1963 次操作

2024-06-22 00:41:53 开始操作号码 【1471877】
2024-06-22 00:42:22 GSD getOne 第 1 次 等待 3 秒
2024-06-22 00:42:25 查询号码 【1471877】，返回信息 {"status":"ok","msg":"海南-海口","gid":"113157","time_insert":"2021-06-22 11:44"}
2024-06-22 00:42:25 查询号码 【1471877】，GSD为【"海南-海口"】

2024-06-22 00:42:26 开始第 1964 次操作

2024-06-22 00:42:26 开始操作号码 【1471878】
2024-06-22 00:42:41 GSD getOne 第 1 次 等待 3 秒
2024-06-22 00:42:44 查询号码 【1471878】，返回信息 {"status":"ok","msg":"海南-海口","gid":"113246","time_insert":"2021-06-22 12:09"}
2024-06-22 00:42:44 查询号码 【1471878】，GSD为【"海南-海口"】

2024-06-22 01:18:29 开始第 1965 次操作

2024-06-22 01:18:29 开始操作号码 【1471879】
2024-06-22 01:19:11 GSD getOne 第 1 次 等待 3 秒
2024-06-22 01:19:14 查询号码 【1471879】，返回信息 {"status":"ok","msg":"海南-海口","gid":"113306","time_insert":"2021-06-22 12:25"}
2024-06-22 01:19:14 查询号码 【1471879】，GSD为【"海南-海口"】

2024-06-22 01:19:15 开始第 1966 次操作

2024-06-22 01:19:15 开始操作号码 【1471880】
2024-06-22 01:20:08 GSD getOne 第 1 次 等待 3 秒
2024-06-22 01:20:11 查询号码 【1471880】，返回信息 {"status":"ok","msg":"海南-海口","gid":"113331","time_insert":"2021-06-22 12:42"}
2024-06-22 01:20:11 查询号码 【1471880】，GSD为【"海南-海口"】

2024-06-22 01:20:12 开始第 1967 次操作

2024-06-22 01:20:12 开始操作号码 【1471881】
2024-06-22 01:20:28 GSD getOne 第 1 次 等待 3 秒
2024-06-22 01:20:31 查询号码 【1471881】，返回信息 {"status":"ok","msg":"海南-海口","gid":"113362","time_insert":"2021-06-22 13:03"}
2024-06-22 01:20:31 查询号码 【1471881】，GSD为【"海南-海口"】

2024-06-22 01:20:32 开始第 1968 次操作

2024-06-22 01:20:32 开始操作号码 【1471882】
2024-06-22 01:20:50 GSD getOne 第 1 次 等待 3 秒
2024-06-22 01:20:53 查询号码 【1471882】，返回信息 {"status":"ok","msg":"海南-海口","gid":"113479","time_insert":"2021-06-22 13:25"}
2024-06-22 01:20:53 查询号码 【1471882】，GSD为【"海南-海口"】

