2021-08-01 00:00:04 开始第 23 次操作

2021-08-01 00:00:04 开始操作号码 【1874207】
2021-08-01 00:00:10 GSD getOne 第 1 次 等待 3 秒
2021-08-01 00:00:13 查询号码 【1874207】，返回信息 {"status":"bad","msg":""}
2021-08-01 00:00:13 查询号码 【1874207】，GSD为【""】
2021-08-01 00:00:13 bad
2021-08-01 00:00:15 CHB 1874207?1627747213 第 1 次 等待 3 秒
2021-08-01 00:00:18 CHB 1874207?1627747213 第 1 次 获取到号码【1874207】GSD
2021-08-01 00:00:18 获取到号码【1874207】的GSD为【辽宁-大连】
2021-08-01 00:00:22 GSD insert 第 1 次 等待 3 秒
2021-08-01 00:00:25 {"status":"ok","gid":461559,"msg":"添加成功！"}
2021-08-01 00:00:25 下次操作: 2021-08-01 00:00:45

2021-08-01 00:00:45 开始第 24 次操作

2021-08-01 00:00:45 开始操作号码 【1874206】
2021-08-01 00:00:49 GSD getOne 第 1 次 等待 3 秒
2021-08-01 00:00:52 查询号码 【1874206】，返回信息 {"status":"bad","msg":""}
2021-08-01 00:00:52 查询号码 【1874206】，GSD为【""】
2021-08-01 00:00:52 bad
2021-08-01 00:00:54 CHB 1874206?1627747252 第 1 次 等待 3 秒
2021-08-01 00:00:57 CHB 1874206?1627747252 第 1 次 获取到号码【1874206】GSD
2021-08-01 00:00:57 获取到号码【1874206】的GSD为【辽宁-大连】
2021-08-01 00:01:05 GSD insert 第 1 次 等待 3 秒
2021-08-01 00:01:08 {"status":"ok","gid":461570,"msg":"添加成功！"}
2021-08-01 00:01:08 下次操作: 2021-08-01 00:01:32

2021-08-01 00:01:32 开始第 25 次操作

2021-08-01 00:01:32 开始操作号码 【1874205】
2021-08-01 00:01:39 GSD getOne 第 1 次 等待 3 秒
2021-08-01 00:01:42 查询号码 【1874205】，返回信息 {"status":"bad","msg":""}
2021-08-01 00:01:42 查询号码 【1874205】，GSD为【""】
2021-08-01 00:01:42 bad
2021-08-01 00:01:43 CHB 1874205?1627747302 第 1 次 等待 3 秒
2021-08-01 00:01:46 CHB 1874205?1627747302 第 1 次 获取到号码【1874205】GSD
2021-08-01 00:01:46 获取到号码【1874205】的GSD为【辽宁-大连】
2021-08-01 00:02:01 GSD insert 第 1 次 等待 3 秒
2021-08-01 00:02:04 {"status":"ok","gid":461581,"msg":"添加成功！"}
2021-08-01 00:02:04 下次操作: 2021-08-01 00:02:27

2021-08-01 00:02:27 开始第 26 次操作

2021-08-01 00:02:27 开始操作号码 【1874204】
2021-08-01 00:02:31 GSD getOne 第 1 次 等待 3 秒
2021-08-01 00:02:34 查询号码 【1874204】，返回信息 {"status":"bad","msg":""}
2021-08-01 00:02:34 查询号码 【1874204】，GSD为【""】
2021-08-01 00:02:34 bad
2021-08-01 00:02:36 CHB 1874204?1627747354 第 1 次 等待 3 秒
2021-08-01 00:02:39 CHB 1874204?1627747354 第 1 次 获取到号码【1874204】GSD
2021-08-01 00:02:39 获取到号码【1874204】的GSD为【辽宁-大连】
2021-08-01 00:02:45 GSD insert 第 1 次 等待 3 秒
2021-08-01 00:02:48 {"status":"ok","gid":461589,"msg":"添加成功！"}
2021-08-01 00:02:48 下次操作: 2021-08-01 00:03:00

2021-08-01 00:03:00 开始第 27 次操作

2021-08-01 00:03:00 开始操作号码 【1874203】
2021-08-01 00:03:04 GSD getOne 第 1 次 等待 3 秒
2021-08-01 00:03:07 查询号码 【1874203】，返回信息 {"status":"bad","msg":""}
2021-08-01 00:03:07 查询号码 【1874203】，GSD为【""】
2021-08-01 00:03:07 bad
2021-08-01 00:03:08 CHB 1874203?1627747387 第 1 次 等待 3 秒
2021-08-01 00:03:11 CHB 1874203?1627747387 第 1 次 获取到号码【1874203】GSD
2021-08-01 00:03:11 获取到号码【1874203】的GSD为【辽宁-大连】
2021-08-01 00:03:18 GSD insert 第 1 次 等待 3 秒
2021-08-01 00:03:21 {"status":"ok","gid":461597,"msg":"添加成功！"}
2021-08-01 00:03:21 下次操作: 2021-08-01 00:03:37

2021-08-01 00:03:37 开始第 28 次操作

2021-08-01 00:03:37 开始操作号码 【1874202】
2021-08-01 00:03:41 GSD getOne 第 1 次 等待 3 秒
2021-08-01 00:03:44 查询号码 【1874202】，返回信息 {"status":"bad","msg":""}
2021-08-01 00:03:44 查询号码 【1874202】，GSD为【""】
2021-08-01 00:03:44 bad
2021-08-01 00:03:46 CHB 1874202?1627747424 第 1 次 等待 3 秒
2021-08-01 00:03:49 CHB 1874202?1627747424 第 1 次 获取到号码【1874202】GSD
2021-08-01 00:03:49 获取到号码【1874202】的GSD为【辽宁-大连】
2021-08-01 00:03:52 GSD insert 第 1 次 等待 3 秒
2021-08-01 00:03:55 {"status":"ok","gid":461603,"msg":"添加成功！"}
2021-08-01 00:03:55 下次操作: 2021-08-01 00:04:17

2021-08-01 00:04:17 开始第 29 次操作

2021-08-01 00:04:17 开始操作号码 【1874201】
2021-08-01 00:04:27 GSD getOne 第 1 次 等待 3 秒
2021-08-01 00:04:30 查询号码 【1874201】，返回信息 {"status":"bad","msg":""}
2021-08-01 00:04:30 查询号码 【1874201】，GSD为【""】
2021-08-01 00:04:30 bad
2021-08-01 00:04:32 CHB 1874201?1627747470 第 1 次 等待 3 秒
2021-08-01 00:04:35 CHB 1874201?1627747470 第 1 次 获取到号码【1874201】GSD
2021-08-01 00:04:35 获取到号码【1874201】的GSD为【辽宁-大连】
2021-08-01 00:04:39 GSD insert 第 1 次 等待 3 秒
2021-08-01 00:04:42 {"status":"ok","gid":461613,"msg":"添加成功！"}
2021-08-01 00:04:42 下次操作: 2021-08-01 00:04:55

2021-08-01 00:04:55 开始第 30 次操作

2021-08-01 00:04:55 开始操作号码 【1874200】
2021-08-01 00:04:59 GSD getOne 第 1 次 等待 3 秒
2021-08-01 00:05:02 查询号码 【1874200】，返回信息 {"status":"bad","msg":""}
2021-08-01 00:05:02 查询号码 【1874200】，GSD为【""】
2021-08-01 00:05:02 bad
2021-08-01 00:05:04 CHB 1874200?1627747502 第 1 次 等待 3 秒
2021-08-01 00:05:07 CHB 1874200?1627747502 第 1 次 获取到号码【1874200】GSD
2021-08-01 00:05:07 获取到号码【1874200】的GSD为【辽宁-大连】
2021-08-01 00:05:14 GSD insert 第 1 次 等待 3 秒
2021-08-01 00:05:17 {"status":"ok","gid":461620,"msg":"添加成功！"}
2021-08-01 00:05:17 下次操作: 2021-08-01 00:05:30

2021-08-01 00:05:30 开始第 31 次操作

2021-08-01 00:05:30 开始操作号码 【1874199】
2021-08-01 00:05:38 GSD getOne 第 1 次 等待 3 秒
2021-08-01 00:05:41 查询号码 【1874199】，返回信息 {"status":"bad","msg":""}
2021-08-01 00:05:41 查询号码 【1874199】，GSD为【""】
2021-08-01 00:05:41 bad
2021-08-01 00:05:42 CHB 1874199?1627747541 第 1 次 等待 3 秒
2021-08-01 00:05:45 CHB 1874199?1627747541 第 1 次 获取到号码【1874199】GSD
2021-08-01 00:05:45 获取到号码【1874199】的GSD为【辽宁-辽阳】
2021-08-01 00:05:49 GSD insert 第 1 次 等待 3 秒
2021-08-01 00:05:52 {"status":"ok","gid":461629,"msg":"添加成功！"}
2021-08-01 00:05:52 下次操作: 2021-08-01 00:06:06

2021-08-01 00:06:06 开始第 32 次操作

2021-08-01 00:06:06 开始操作号码 【1874198】
2021-08-01 00:06:09 GSD getOne 第 1 次 等待 3 秒
2021-08-01 00:06:12 查询号码 【1874198】，返回信息 {"status":"bad","msg":""}
2021-08-01 00:06:12 查询号码 【1874198】，GSD为【""】
2021-08-01 00:06:12 bad
2021-08-01 00:06:14 CHB 1874198?1627747572 第 1 次 等待 3 秒
2021-08-01 00:06:17 CHB 1874198?1627747572 第 1 次 获取到号码【1874198】GSD
2021-08-01 00:06:17 获取到号码【1874198】的GSD为【辽宁-辽阳】
2021-08-01 00:06:20 GSD insert 第 1 次 等待 3 秒
2021-08-01 00:06:23 {"status":"ok","gid":461635,"msg":"添加成功！"}
2021-08-01 00:06:23 下次操作: 2021-08-01 00:06:46

2021-08-01 00:06:46 开始第 33 次操作

2021-08-01 00:06:46 开始操作号码 【1874197】
2021-08-01 00:06:50 GSD getOne 第 1 次 等待 3 秒
2021-08-01 00:06:53 查询号码 【1874197】，返回信息 {"status":"bad","msg":""}
2021-08-01 00:06:53 查询号码 【1874197】，GSD为【""】
2021-08-01 00:06:53 bad
2021-08-01 00:06:55 CHB 1874197?1627747613 第 1 次 等待 3 秒
2021-08-01 00:06:58 CHB 1874197?1627747613 第 1 次 获取到号码【1874197】GSD
2021-08-01 00:06:58 获取到号码【1874197】的GSD为【辽宁-辽阳】
2021-08-01 00:07:04 GSD insert 第 1 次 等待 3 秒
2021-08-01 00:07:07 {"status":"ok","gid":461642,"msg":"添加成功！"}
2021-08-01 00:07:07 下次操作: 2021-08-01 00:07:31

2021-08-01 00:07:31 开始第 34 次操作

2021-08-01 00:07:31 开始操作号码 【1874196】
2021-08-01 00:07:42 GSD getOne 第 1 次 等待 3 秒
2021-08-01 00:07:45 查询号码 【1874196】，返回信息 {"status":"bad","msg":""}
2021-08-01 00:07:45 查询号码 【1874196】，GSD为【""】
2021-08-01 00:07:45 bad
2021-08-01 00:07:47 CHB 1874196?1627747665 第 1 次 等待 3 秒
2021-08-01 00:07:50 CHB 1874196?1627747665 第 1 次 获取到号码【1874196】GSD
2021-08-01 00:07:50 获取到号码【1874196】的GSD为【辽宁-辽阳】
2021-08-01 00:07:56 GSD insert 第 1 次 等待 3 秒
2021-08-01 00:07:59 {"status":"ok","gid":461653,"msg":"添加成功！"}
2021-08-01 00:07:59 下次操作: 2021-08-01 00:08:14

2021-08-01 00:08:14 开始第 35 次操作

2021-08-01 00:08:14 开始操作号码 【1874195】
2021-08-01 00:08:17 GSD getOne 第 1 次 等待 3 秒
2021-08-01 00:08:20 查询号码 【1874195】，返回信息 {"status":"bad","msg":""}
2021-08-01 00:08:20 查询号码 【1874195】，GSD为【""】
2021-08-01 00:08:20 bad
2021-08-01 00:08:22 CHB 1874195?1627747700 第 1 次 等待 3 秒
2021-08-01 00:08:25 CHB 1874195?1627747700 第 1 次 获取到号码【1874195】GSD
2021-08-01 00:08:25 获取到号码【1874195】的GSD为【辽宁-辽阳】
2021-08-01 00:08:28 GSD insert 第 1 次 等待 3 秒
2021-08-01 00:08:31 {"status":"ok","gid":461661,"msg":"添加成功！"}
2021-08-01 00:08:31 下次操作: 2021-08-01 00:08:53

2021-08-01 00:08:53 开始第 36 次操作

2021-08-01 00:08:53 开始操作号码 【1874194】
2021-08-01 00:09:00 GSD getOne 第 1 次 等待 3 秒
2021-08-01 00:09:03 查询号码 【1874194】，返回信息 {"status":"bad","msg":""}
2021-08-01 00:09:03 查询号码 【1874194】，GSD为【""】
2021-08-01 00:09:03 bad
2021-08-01 00:09:04 CHB 1874194?1627747743 第 1 次 等待 3 秒
2021-08-01 00:09:07 CHB 1874194?1627747743 第 1 次 获取到号码【1874194】GSD
2021-08-01 00:09:08 获取到号码【1874194】的GSD为【辽宁-辽阳】
2021-08-01 00:09:11 GSD insert 第 1 次 等待 3 秒
2021-08-01 00:09:14 {"status":"ok","gid":461670,"msg":"添加成功！"}
2021-08-01 00:09:14 下次操作: 2021-08-01 00:09:26

2021-08-01 00:09:26 开始第 37 次操作

2021-08-01 00:09:26 开始操作号码 【1874193】
2021-08-01 00:09:30 GSD getOne 第 1 次 等待 3 秒
2021-08-01 00:09:33 查询号码 【1874193】，返回信息 {"status":"bad","msg":""}
2021-08-01 00:09:33 查询号码 【1874193】，GSD为【""】
2021-08-01 00:09:33 bad
2021-08-01 00:09:35 CHB 1874193?1627747773 第 1 次 等待 3 秒
2021-08-01 00:09:38 CHB 1874193?1627747773 第 1 次 获取到号码【1874193】GSD
2021-08-01 00:09:38 获取到号码【1874193】的GSD为【辽宁-辽阳】
2021-08-01 00:09:45 GSD insert 第 1 次 等待 3 秒
2021-08-01 00:09:48 {"status":"ok","gid":461678,"msg":"添加成功！"}
2021-08-01 00:09:48 下次操作: 2021-08-01 00:10:03

2021-08-01 00:10:03 开始第 38 次操作

2021-08-01 00:10:03 开始操作号码 【1874192】
2021-08-01 00:10:09 GSD getOne 第 1 次 等待 3 秒
2021-08-01 00:10:12 查询号码 【1874192】，返回信息 {"status":"bad","msg":""}
2021-08-01 00:10:12 查询号码 【1874192】，GSD为【""】
2021-08-01 00:10:12 bad
2021-08-01 00:10:13 CHB 1874192?1627747812 第 1 次 等待 3 秒
2021-08-01 00:10:16 CHB 1874192?1627747812 第 1 次 获取到号码【1874192】GSD
2021-08-01 00:10:16 获取到号码【1874192】的GSD为【辽宁-辽阳】
2021-08-01 00:10:20 GSD insert 第 1 次 等待 3 秒
2021-08-01 00:10:23 {"status":"ok","gid":461687,"msg":"添加成功！"}
2021-08-01 00:10:23 下次操作: 2021-08-01 00:10:47

2021-08-01 00:10:47 开始第 39 次操作

2021-08-01 00:10:47 开始操作号码 【1874191】
2021-08-01 00:10:52 GSD getOne 第 1 次 等待 3 秒
2021-08-01 00:10:55 查询号码 【1874191】，返回信息 {"status":"bad","msg":""}
2021-08-01 00:10:55 查询号码 【1874191】，GSD为【""】
2021-08-01 00:10:55 bad
2021-08-01 00:10:56 CHB 1874191?1627747855 第 1 次 等待 3 秒
2021-08-01 00:10:59 CHB 1874191?1627747855 第 1 次 获取到号码【1874191】GSD
2021-08-01 00:11:00 获取到号码【1874191】的GSD为【辽宁-辽阳】
2021-08-01 00:11:04 GSD insert 第 1 次 等待 3 秒
2021-08-01 00:11:07 {"status":"ok","gid":461695,"msg":"添加成功！"}
2021-08-01 00:11:07 下次操作: 2021-08-01 00:11:19

2021-08-01 00:11:19 开始第 40 次操作

2021-08-01 00:11:19 开始操作号码 【1874190】
2021-08-01 00:11:22 GSD getOne 第 1 次 等待 3 秒
2021-08-01 00:11:25 查询号码 【1874190】，返回信息 {"status":"bad","msg":""}
2021-08-01 00:11:25 查询号码 【1874190】，GSD为【""】
2021-08-01 00:11:25 bad
2021-08-01 00:11:26 CHB 1874190?1627747885 第 1 次 等待 3 秒
2021-08-01 00:11:29 CHB 1874190?1627747885 第 1 次 获取到号码【1874190】GSD
2021-08-01 00:11:29 未获取到号码【1874190】GSD，查号吧 400 错误
2021-08-01 00:11:29 获取到号码【1874190】的GSD为【-】
2021-08-01 00:11:33 GSD insert 第 1 次 等待 3 秒
2021-08-01 00:11:36 {"status":"ok","gid":461700,"msg":"添加成功！"}

2021-08-01 00:56:11 开始第 1 次操作

2021-08-01 00:56:11 开始操作号码 【1874189】
2021-08-01 00:56:14 GSD getOne 第 1 次 等待 3 秒
2021-08-01 00:56:17 查询号码 【1874189】，返回信息 {"status":"bad","msg":""}
2021-08-01 00:56:17 查询号码 【1874189】，GSD为【""】
2021-08-01 00:56:17 bad
2021-08-01 00:56:19 CHB 1874189?1627750577 第 1 次 等待 3 秒
2021-08-01 00:56:22 CHB 1874189?1627750577 第 1 次 获取到号码【1874189】GSD
2021-08-01 00:56:22 获取到号码【1874189】的GSD为【辽宁-阜新】
2021-08-01 00:56:26 GSD insert 第 1 次 等待 3 秒
2021-08-01 00:56:29 {"status":"ok","gid":461901,"msg":"添加成功！"}
2021-08-01 00:56:29 下次操作: 2021-08-01 00:56:44

2021-08-01 00:56:44 开始第 2 次操作

2021-08-01 00:56:44 开始操作号码 【1874188】
2021-08-01 00:57:39 GSD getOne 第 1 次 等待 3 秒
2021-08-01 00:57:42 查询号码 【1874188】，返回信息 {"status":"ok","msg":"辽宁-阜新","gid":"42356","time_insert":"2017-04-01 10:06","time_update":"2020-08-20 20:31"}
2021-08-01 00:57:42 查询号码 【1874188】，GSD为【"辽宁-阜新"】

2021-08-01 00:57:42 开始第 2 次操作

2021-08-01 00:57:42 开始操作号码 【1874187】
2021-08-01 00:57:46 GSD getOne 第 1 次 等待 3 秒
2021-08-01 00:57:49 查询号码 【1874187】，返回信息 {"status":"bad","msg":""}
2021-08-01 00:57:49 查询号码 【1874187】，GSD为【""】
2021-08-01 00:57:49 bad
2021-08-01 00:57:52 CHB 1874187?1627750669 第 1 次 等待 3 秒
2021-08-01 00:57:55 CHB 1874187?1627750669 第 1 次 获取到号码【1874187】GSD
2021-08-01 00:57:55 获取到号码【1874187】的GSD为【辽宁-阜新】
2021-08-01 00:57:58 GSD insert 第 1 次 等待 3 秒
2021-08-01 00:58:01 {"status":"ok","gid":461903,"msg":"添加成功！"}
2021-08-01 00:58:01 下次操作: 2021-08-01 00:58:13

2021-08-01 00:58:13 开始第 3 次操作

2021-08-01 00:58:13 开始操作号码 【1874186】
2021-08-01 00:58:18 GSD getOne 第 1 次 等待 3 秒
2021-08-01 00:58:21 查询号码 【1874186】，返回信息 {"status":"bad","msg":""}
2021-08-01 00:58:21 查询号码 【1874186】，GSD为【""】
2021-08-01 00:58:21 bad
2021-08-01 00:58:23 CHB 1874186?1627750701 第 1 次 等待 3 秒
2021-08-01 00:58:26 CHB 1874186?1627750701 第 1 次 获取到号码【1874186】GSD
2021-08-01 00:58:26 获取到号码【1874186】的GSD为【辽宁-阜新】
2021-08-01 01:00:30 GSD insert 第 1 次 等待 3 秒
2021-08-01 01:00:33 {"status":"ok","gid":461913,"msg":"添加成功！"}
2021-08-01 01:00:33 下次操作: 2021-08-01 01:00:48

2021-08-01 01:00:48 开始第 4 次操作

2021-08-01 01:00:48 开始操作号码 【1874185】
2021-08-01 01:01:03 GSD getOne 第 1 次 等待 3 秒
2021-08-01 01:01:06 查询号码 【1874185】，返回信息 {"status":"bad","msg":""}
2021-08-01 01:01:06 查询号码 【1874185】，GSD为【""】
2021-08-01 01:01:06 bad
2021-08-01 01:01:08 CHB 1874185?1627750866 第 1 次 等待 3 秒
2021-08-01 01:01:11 CHB 1874185?1627750866 第 1 次 获取到号码【1874185】GSD
2021-08-01 01:01:11 获取到号码【1874185】的GSD为【辽宁-阜新】
2021-08-01 01:01:15 GSD insert 第 1 次 等待 3 秒
2021-08-01 01:01:18 {"status":"ok","gid":461918,"msg":"添加成功！"}
2021-08-01 01:01:18 下次操作: 2021-08-01 01:01:33

2021-08-01 01:01:33 开始第 5 次操作

2021-08-01 01:01:33 开始操作号码 【1874184】
2021-08-01 01:01:37 GSD getOne 第 1 次 等待 3 秒
2021-08-01 01:01:40 查询号码 【1874184】，返回信息 {"status":"bad","msg":""}
2021-08-01 01:01:40 查询号码 【1874184】，GSD为【""】
2021-08-01 01:01:40 bad
2021-08-01 01:01:42 CHB 1874184?1627750900 第 1 次 等待 3 秒
2021-08-01 01:01:45 CHB 1874184?1627750900 第 1 次 获取到号码【1874184】GSD
2021-08-01 01:01:45 获取到号码【1874184】的GSD为【辽宁-阜新】
2021-08-01 01:02:00 GSD insert 第 1 次 等待 3 秒
2021-08-01 01:02:03 {"status":"ok","gid":461926,"msg":"添加成功！"}
2021-08-01 01:02:03 下次操作: 2021-08-01 01:02:21

2021-08-01 01:02:21 开始第 6 次操作

2021-08-01 01:02:21 开始操作号码 【1874183】
2021-08-01 01:02:25 GSD getOne 第 1 次 等待 3 秒
2021-08-01 01:02:28 查询号码 【1874183】，返回信息 {"status":"bad","msg":""}
2021-08-01 01:02:28 查询号码 【1874183】，GSD为【""】
2021-08-01 01:02:28 bad
2021-08-01 01:02:33 CHB 1874183?1627750948 第 1 次 等待 3 秒
2021-08-01 01:02:36 CHB 1874183?1627750948 第 1 次 获取到号码【1874183】GSD
2021-08-01 01:02:36 获取到号码【1874183】的GSD为【辽宁-阜新】
2021-08-01 01:02:42 GSD insert 第 1 次 等待 3 秒
2021-08-01 01:02:45 {"status":"ok","gid":461936,"msg":"添加成功！"}
2021-08-01 01:02:45 下次操作: 2021-08-01 01:03:07

2021-08-01 01:03:07 开始第 7 次操作

2021-08-01 01:03:07 开始操作号码 【1874182】
2021-08-01 01:03:11 GSD getOne 第 1 次 等待 3 秒
2021-08-01 01:03:14 查询号码 【1874182】，返回信息 {"status":"bad","msg":""}
2021-08-01 01:03:14 查询号码 【1874182】，GSD为【""】
2021-08-01 01:03:14 bad
2021-08-01 01:03:15 CHB 1874182?1627750994 第 1 次 等待 3 秒
2021-08-01 01:03:18 CHB 1874182?1627750994 第 1 次 获取到号码【1874182】GSD
2021-08-01 01:03:18 获取到号码【1874182】的GSD为【辽宁-阜新】
2021-08-01 01:03:22 GSD insert 第 1 次 等待 3 秒
2021-08-01 01:03:25 {"status":"ok","gid":461944,"msg":"添加成功！"}
2021-08-01 01:03:25 下次操作: 2021-08-01 01:03:44

2021-08-01 01:03:44 开始第 8 次操作

2021-08-01 01:03:44 开始操作号码 【1874181】
2021-08-01 01:03:49 GSD getOne 第 1 次 等待 3 秒
2021-08-01 01:03:52 查询号码 【1874181】，返回信息 {"status":"bad","msg":""}
2021-08-01 01:03:52 查询号码 【1874181】，GSD为【""】
2021-08-01 01:03:52 bad
2021-08-01 01:03:54 CHB 1874181?1627751032 第 1 次 等待 3 秒
2021-08-01 01:03:57 CHB 1874181?1627751032 第 1 次 获取到号码【1874181】GSD
2021-08-01 01:03:57 获取到号码【1874181】的GSD为【辽宁-阜新】
2021-08-01 01:04:00 GSD insert 第 1 次 等待 3 秒
2021-08-01 01:04:03 {"status":"ok","gid":461952,"msg":"添加成功！"}
2021-08-01 01:04:03 下次操作: 2021-08-01 01:04:23

2021-08-01 01:04:23 开始第 9 次操作

2021-08-01 01:04:23 开始操作号码 【1874180】
2021-08-01 01:04:30 GSD getOne 第 1 次 等待 3 秒
2021-08-01 01:04:33 查询号码 【1874180】，返回信息 {"status":"bad","msg":""}
2021-08-01 01:04:33 查询号码 【1874180】，GSD为【""】
2021-08-01 01:04:33 bad
2021-08-01 01:04:36 CHB 1874180?1627751073 第 1 次 等待 3 秒
2021-08-01 01:04:39 CHB 1874180?1627751073 第 1 次 获取到号码【1874180】GSD
2021-08-01 01:04:39 获取到号码【1874180】的GSD为【辽宁-阜新】
2021-08-01 01:04:45 GSD insert 第 1 次 等待 3 秒
2021-08-01 01:04:48 {"status":"ok","gid":461960,"msg":"添加成功！"}
2021-08-01 01:04:48 下次操作: 2021-08-01 01:05:10

2021-08-01 01:05:10 开始第 10 次操作

2021-08-01 01:05:10 开始操作号码 【1874179】
2021-08-01 01:05:16 GSD getOne 第 1 次 等待 3 秒
2021-08-01 01:05:19 查询号码 【1874179】，返回信息 {"status":"bad","msg":""}
2021-08-01 01:05:19 查询号码 【1874179】，GSD为【""】
2021-08-01 01:05:19 bad
2021-08-01 01:05:21 CHB 1874179?1627751119 第 1 次 等待 3 秒
2021-08-01 01:05:24 CHB 1874179?1627751119 第 1 次 获取到号码【1874179】GSD
2021-08-01 01:05:24 获取到号码【1874179】的GSD为【辽宁-营口】
2021-08-01 01:05:29 GSD insert 第 1 次 等待 3 秒
2021-08-01 01:05:32 {"status":"ok","gid":461969,"msg":"添加成功！"}
2021-08-01 01:05:32 下次操作: 2021-08-01 01:05:56

2021-08-01 01:05:56 开始第 11 次操作

2021-08-01 01:05:56 开始操作号码 【1874178】
2021-08-01 01:06:09 GSD getOne 第 1 次 等待 3 秒
2021-08-01 01:06:12 查询号码 【1874178】，返回信息 {"status":"bad","msg":""}
2021-08-01 01:06:12 查询号码 【1874178】，GSD为【""】
2021-08-01 01:06:12 bad
2021-08-01 01:06:27 CHB 1874178?1627751172 第 1 次 等待 3 秒
2021-08-01 01:06:30 CHB 1874178?1627751172 第 1 次 获取到号码【1874178】GSD
2021-08-01 01:06:30 获取到号码【1874178】的GSD为【辽宁-营口】
2021-08-01 01:06:35 GSD insert 第 1 次 等待 3 秒
2021-08-01 01:06:38 {"status":"ok","gid":461981,"msg":"添加成功！"}
2021-08-01 01:06:38 下次操作: 2021-08-01 01:07:01

2021-08-01 01:07:01 开始第 12 次操作

2021-08-01 01:07:01 开始操作号码 【1874177】
2021-08-01 01:07:05 GSD getOne 第 1 次 等待 3 秒
2021-08-01 01:07:08 查询号码 【1874177】，返回信息 {"status":"bad","msg":""}
2021-08-01 01:07:08 查询号码 【1874177】，GSD为【""】
2021-08-01 01:07:08 bad
2021-08-01 01:07:13 CHB 1874177?1627751228 第 1 次 等待 3 秒
2021-08-01 01:07:16 CHB 1874177?1627751228 第 1 次 获取到号码【1874177】GSD
2021-08-01 01:07:16 未获取到号码【1874177】GSD，查号吧 502 百度云加速 错误
2021-08-01 01:07:16 获取到号码【1874177】的GSD为【-】
2021-08-01 01:07:23 GSD insert 第 1 次 等待 3 秒
2021-08-01 01:07:26 {"status":"ok","gid":461990,"msg":"添加成功！"}
2021-08-01 01:07:26 下次操作: 2021-08-01 01:07:40

2021-08-01 01:07:40 开始第 13 次操作

2021-08-01 01:07:40 开始操作号码 【1874176】
2021-08-01 01:07:49 GSD getOne 第 1 次 等待 3 秒
2021-08-01 01:07:52 查询号码 【1874176】，返回信息 {"status":"bad","msg":""}
2021-08-01 01:07:52 查询号码 【1874176】，GSD为【""】
2021-08-01 01:07:52 bad
2021-08-01 01:08:03 CHB 1874176?1627751272 第 1 次 等待 3 秒
2021-08-01 01:08:06 CHB 1874176?1627751272 第 1 次 获取到号码【1874176】GSD
2021-08-01 01:08:06 获取到号码【1874176】的GSD为【辽宁-营口】
2021-08-01 01:08:10 GSD insert 第 1 次 等待 3 秒
2021-08-01 01:08:13 {"status":"ok","gid":461995,"msg":"添加成功！"}
2021-08-01 01:08:13 下次操作: 2021-08-01 01:08:27

2021-08-01 01:08:27 开始第 14 次操作

2021-08-01 01:08:27 开始操作号码 【1874175】
2021-08-01 01:08:34 GSD getOne 第 1 次 等待 3 秒
2021-08-01 01:08:37 查询号码 【1874175】，返回信息 {"status":"bad","msg":""}
2021-08-01 01:08:37 查询号码 【1874175】，GSD为【""】
2021-08-01 01:08:37 bad
2021-08-01 01:08:42 CHB 1874175?1627751317 第 1 次 等待 3 秒
2021-08-01 01:08:45 CHB 1874175?1627751317 第 1 次 获取到号码【1874175】GSD
2021-08-01 01:08:45 未获取到号码【1874175】GSD，查号吧 502 百度云加速 错误
2021-08-01 01:08:45 获取到号码【1874175】的GSD为【-】
2021-08-01 01:08:48 GSD insert 第 1 次 等待 3 秒
2021-08-01 01:08:51 {"status":"ok","gid":462003,"msg":"添加成功！"}
2021-08-01 01:08:51 下次操作: 2021-08-01 01:09:15

2021-08-01 01:09:15 开始第 15 次操作

2021-08-01 01:09:15 开始操作号码 【1874174】
2021-08-01 01:10:00 GSD getOne 第 1 次 等待 3 秒
2021-08-01 01:10:03 查询号码 【1874174】，返回信息 {"status":"bad","msg":""}
2021-08-01 01:10:03 查询号码 【1874174】，GSD为【""】
2021-08-01 01:10:03 bad
2021-08-01 01:10:04 CHB 1874174?1627751403 第 1 次 等待 3 秒
2021-08-01 01:10:07 CHB 1874174?1627751403 第 1 次 获取到号码【1874174】GSD
2021-08-01 01:10:07 未获取到号码【1874174】GSD，查号吧 400 错误
2021-08-01 01:10:07 获取到号码【1874174】的GSD为【-】
2021-08-01 01:10:12 GSD insert 第 1 次 等待 3 秒
2021-08-01 01:10:15 {"status":"ok","gid":462018,"msg":"添加成功！"}
2021-08-01 01:10:15 下次操作: 2021-08-01 01:10:39

2021-08-01 01:10:39 开始第 16 次操作

2021-08-01 01:10:39 开始操作号码 【1874173】
2021-08-01 01:10:51 GSD getOne 第 1 次 等待 3 秒
2021-08-01 01:10:54 查询号码 【1874173】，返回信息 {"status":"bad","msg":""}
2021-08-01 01:10:54 查询号码 【1874173】，GSD为【""】
2021-08-01 01:10:54 bad
2021-08-01 01:10:59 CHB 1874173?1627751454 第 1 次 等待 3 秒
2021-08-01 01:11:02 CHB 1874173?1627751454 第 1 次 获取到号码【1874173】GSD
2021-08-01 01:11:02 未获取到号码【1874173】GSD，查号吧 502 百度云加速 错误
2021-08-01 01:11:02 获取到号码【1874173】的GSD为【-】
2021-08-01 01:11:06 GSD insert 第 1 次 等待 3 秒
2021-08-01 01:11:09 {"status":"ok","gid":462031,"msg":"添加成功！"}
2021-08-01 01:11:09 下次操作: 2021-08-01 01:11:22

2021-08-01 01:11:22 开始第 17 次操作

2021-08-01 01:11:22 开始操作号码 【1874172】
2021-08-01 01:11:26 GSD getOne 第 1 次 等待 3 秒
2021-08-01 01:11:29 查询号码 【1874172】，返回信息 {"status":"bad","msg":""}
2021-08-01 01:11:29 查询号码 【1874172】，GSD为【""】
2021-08-01 01:11:29 bad
2021-08-01 01:11:39 CHB 1874172?1627751489 第 1 次 等待 3 秒
2021-08-01 01:11:42 CHB 1874172?1627751489 第 1 次 获取到号码【1874172】GSD
2021-08-01 01:11:42 未获取到号码【1874172】GSD，查号吧 502 百度云加速 错误
2021-08-01 01:11:42 获取到号码【1874172】的GSD为【-】
2021-08-01 01:11:49 GSD insert 第 1 次 等待 3 秒
2021-08-01 01:11:52 {"status":"ok","gid":462038,"msg":"添加成功！"}
2021-08-01 01:11:52 下次操作: 2021-08-01 01:12:07

2021-08-01 01:12:07 开始第 18 次操作

2021-08-01 01:12:07 开始操作号码 【1874171】
2021-08-01 01:12:11 GSD getOne 第 1 次 等待 3 秒
2021-08-01 01:12:14 查询号码 【1874171】，返回信息 {"status":"bad","msg":""}
2021-08-01 01:12:14 查询号码 【1874171】，GSD为【""】
2021-08-01 01:12:14 bad
2021-08-01 01:12:22 CHB 1874171?1627751534 第 1 次 等待 3 秒
2021-08-01 01:12:25 CHB 1874171?1627751534 第 1 次 获取到号码【1874171】GSD
2021-08-01 01:12:25 获取到号码【1874171】的GSD为【辽宁-营口】
2021-08-01 01:12:30 GSD insert 第 1 次 等待 3 秒
2021-08-01 01:12:33 {"status":"ok","gid":462044,"msg":"添加成功！"}
2021-08-01 01:12:33 下次操作: 2021-08-01 01:12:53

2021-08-01 01:12:53 开始第 19 次操作

2021-08-01 01:12:53 开始操作号码 【1874170】
2021-08-01 01:13:02 GSD getOne 第 1 次 等待 3 秒
2021-08-01 01:13:05 查询号码 【1874170】，返回信息 {"status":"bad","msg":""}
2021-08-01 01:13:05 查询号码 【1874170】，GSD为【""】
2021-08-01 01:13:05 bad
2021-08-01 01:14:06 CHB 1874170?1627751585 第 1 次 等待 3 秒
2021-08-01 01:14:09 CHB 1874170?1627751585 第 1 次 获取到号码【1874170】GSD
2021-08-01 01:14:09 未获取到号码【1874170】源码
2021-08-01 01:14:09 获取到号码【1874170】的GSD为【-】
2021-08-01 01:14:12 GSD insert 第 1 次 等待 3 秒
2021-08-01 01:14:15 {"status":"ok","gid":462060,"msg":"添加成功！"}
2021-08-01 01:14:15 下次操作: 2021-08-01 01:14:36

2021-08-01 01:14:36 开始第 20 次操作

2021-08-01 01:14:36 开始操作号码 【1874169】
2021-08-01 01:14:41 GSD getOne 第 1 次 等待 3 秒
2021-08-01 01:14:44 查询号码 【1874169】，返回信息 {"status":"bad","msg":""}
2021-08-01 01:14:44 查询号码 【1874169】，GSD为【""】
2021-08-01 01:14:44 bad
2021-08-01 01:14:48 CHB 1874169?1627751684 第 1 次 等待 3 秒
2021-08-01 01:14:51 CHB 1874169?1627751684 第 1 次 获取到号码【1874169】GSD
2021-08-01 01:14:51 未获取到号码【1874169】GSD，查号吧 502 百度云加速 错误
2021-08-01 01:14:51 获取到号码【1874169】的GSD为【-】
2021-08-01 01:14:58 GSD insert 第 1 次 等待 3 秒
2021-08-01 01:15:01 {"status":"ok","gid":462072,"msg":"添加成功！"}
2021-08-01 01:15:01 下次操作: 2021-08-01 01:15:13

2021-08-01 01:15:13 开始第 21 次操作

2021-08-01 01:15:13 开始操作号码 【1874168】
2021-08-01 01:15:26 GSD getOne 第 1 次 等待 3 秒
2021-08-01 01:15:29 查询号码 【1874168】，返回信息 {"status":"bad","msg":""}
2021-08-01 01:15:30 查询号码 【1874168】，GSD为【""】
2021-08-01 01:15:30 bad
2021-08-01 01:15:34 CHB 1874168?1627751730 第 1 次 等待 3 秒
2021-08-01 01:15:37 CHB 1874168?1627751730 第 1 次 获取到号码【1874168】GSD
2021-08-01 01:15:37 未获取到号码【1874168】GSD，查号吧 502 百度云加速 错误
2021-08-01 01:15:37 获取到号码【1874168】的GSD为【-】
2021-08-01 01:15:40 GSD insert 第 1 次 等待 3 秒
2021-08-01 01:15:43 {"status":"ok","gid":462080,"msg":"添加成功！"}
2021-08-01 01:15:43 下次操作: 2021-08-01 01:15:57

2021-08-01 01:15:57 开始第 22 次操作

2021-08-01 01:15:57 开始操作号码 【1874167】
2021-08-01 01:16:01 GSD getOne 第 1 次 等待 3 秒
2021-08-01 01:16:04 查询号码 【1874167】，返回信息 {"status":"bad","msg":""}
2021-08-01 01:16:04 查询号码 【1874167】，GSD为【""】
2021-08-01 01:16:04 bad
2021-08-01 01:16:08 CHB 1874167?1627751764 第 1 次 等待 3 秒
2021-08-01 01:16:11 CHB 1874167?1627751764 第 1 次 获取到号码【1874167】GSD
2021-08-01 01:16:11 未获取到号码【1874167】GSD，查号吧 502 百度云加速 错误
2021-08-01 01:16:11 获取到号码【1874167】的GSD为【-】
2021-08-01 01:16:17 GSD insert 第 1 次 等待 3 秒
2021-08-01 01:16:20 {"status":"ok","gid":462087,"msg":"添加成功！"}
2021-08-01 01:16:20 下次操作: 2021-08-01 01:16:40

2021-08-01 01:16:40 开始第 23 次操作

2021-08-01 01:16:40 开始操作号码 【1874166】
2021-08-01 01:16:44 GSD getOne 第 1 次 等待 3 秒
2021-08-01 01:16:47 查询号码 【1874166】，返回信息 {"status":"bad","msg":""}
2021-08-01 01:16:47 查询号码 【1874166】，GSD为【""】
2021-08-01 01:16:47 bad
2021-08-01 01:16:50 CHB 1874166?1627751807 第 1 次 等待 3 秒
2021-08-01 01:16:53 CHB 1874166?1627751807 第 1 次 获取到号码【1874166】GSD
2021-08-01 01:16:53 获取到号码【1874166】的GSD为【辽宁-锦州】
2021-08-01 01:16:57 GSD insert 第 1 次 等待 3 秒
2021-08-01 01:17:00 {"status":"ok","gid":462095,"msg":"添加成功！"}
2021-08-01 01:17:00 下次操作: 2021-08-01 01:17:24

2021-08-01 01:17:24 开始第 24 次操作

2021-08-01 01:17:24 开始操作号码 【1874165】
2021-08-01 01:17:29 GSD getOne 第 1 次 等待 3 秒
2021-08-01 01:17:32 查询号码 【1874165】，返回信息 {"status":"bad","msg":""}
2021-08-01 01:17:32 查询号码 【1874165】，GSD为【""】
2021-08-01 01:17:32 bad
2021-08-01 01:17:33 CHB 1874165?1627751852 第 1 次 等待 3 秒
2021-08-01 01:17:36 CHB 1874165?1627751852 第 1 次 获取到号码【1874165】GSD
2021-08-01 01:17:36 获取到号码【1874165】的GSD为【辽宁-锦州】
2021-08-01 01:17:45 GSD insert 第 1 次 等待 3 秒
2021-08-01 01:17:48 {"status":"ok","gid":462105,"msg":"添加成功！"}
2021-08-01 01:17:48 下次操作: 2021-08-01 01:18:03

2021-08-01 01:18:03 开始第 25 次操作

2021-08-01 01:18:03 开始操作号码 【1874164】
2021-08-01 01:18:07 GSD getOne 第 1 次 等待 3 秒
2021-08-01 01:18:10 查询号码 【1874164】，返回信息 {"status":"bad","msg":""}
2021-08-01 01:18:10 查询号码 【1874164】，GSD为【""】
2021-08-01 01:18:10 bad
2021-08-01 01:18:11 CHB 1874164?1627751890 第 1 次 等待 3 秒
2021-08-01 01:18:14 CHB 1874164?1627751890 第 1 次 获取到号码【1874164】GSD
2021-08-01 01:18:15 获取到号码【1874164】的GSD为【辽宁-锦州】
2021-08-01 01:18:22 GSD insert 第 1 次 等待 3 秒
2021-08-01 01:18:25 {"status":"ok","gid":462115,"msg":"添加成功！"}
2021-08-01 01:18:25 下次操作: 2021-08-01 01:18:46

2021-08-01 01:18:46 开始第 26 次操作

2021-08-01 01:18:46 开始操作号码 【1874163】
2021-08-01 01:18:52 GSD getOne 第 1 次 等待 3 秒
2021-08-01 01:18:55 查询号码 【1874163】，返回信息 {"status":"bad","msg":""}
2021-08-01 01:18:55 查询号码 【1874163】，GSD为【""】
2021-08-01 01:18:55 bad
2021-08-01 01:18:56 CHB 1874163?1627751935 第 1 次 等待 3 秒
2021-08-01 01:18:59 CHB 1874163?1627751935 第 1 次 获取到号码【1874163】GSD
2021-08-01 01:18:59 获取到号码【1874163】的GSD为【辽宁-锦州】
2021-08-01 01:19:06 GSD insert 第 1 次 等待 3 秒
2021-08-01 01:19:09 {"status":"ok","gid":462125,"msg":"添加成功！"}
2021-08-01 01:19:09 下次操作: 2021-08-01 01:19:32

2021-08-01 01:19:32 开始第 27 次操作

2021-08-01 01:19:32 开始操作号码 【1874162】
2021-08-01 01:19:36 GSD getOne 第 1 次 等待 3 秒
2021-08-01 01:19:39 查询号码 【1874162】，返回信息 {"status":"bad","msg":""}
2021-08-01 01:19:39 查询号码 【1874162】，GSD为【""】
2021-08-01 01:19:39 bad
2021-08-01 01:19:40 CHB 1874162?1627751979 第 1 次 等待 3 秒
2021-08-01 01:19:43 CHB 1874162?1627751979 第 1 次 获取到号码【1874162】GSD
2021-08-01 01:19:43 获取到号码【1874162】的GSD为【辽宁-锦州】
2021-08-01 01:19:50 GSD insert 第 1 次 等待 3 秒
2021-08-01 01:19:53 {"status":"ok","gid":462134,"msg":"添加成功！"}
2021-08-01 01:19:53 下次操作: 2021-08-01 01:20:07

2021-08-01 01:20:07 开始第 28 次操作

2021-08-01 01:20:07 开始操作号码 【1874161】
2021-08-01 01:20:15 GSD getOne 第 1 次 等待 3 秒
2021-08-01 01:20:18 查询号码 【1874161】，返回信息 {"status":"bad","msg":""}
2021-08-01 01:20:18 查询号码 【1874161】，GSD为【""】
2021-08-01 01:20:18 bad
2021-08-01 01:20:19 CHB 1874161?1627752018 第 1 次 等待 3 秒
2021-08-01 01:20:22 CHB 1874161?1627752018 第 1 次 获取到号码【1874161】GSD
2021-08-01 01:20:23 获取到号码【1874161】的GSD为【辽宁-锦州】
2021-08-01 01:20:26 GSD insert 第 1 次 等待 3 秒
2021-08-01 01:20:29 {"status":"ok","gid":462144,"msg":"添加成功！"}
2021-08-01 01:20:29 下次操作: 2021-08-01 01:20:52

2021-08-01 01:20:52 开始第 29 次操作

2021-08-01 01:20:52 开始操作号码 【1874160】
2021-08-01 01:20:55 GSD getOne 第 1 次 等待 3 秒
2021-08-01 01:20:58 查询号码 【1874160】，返回信息 {"status":"bad","msg":""}
2021-08-01 01:20:58 查询号码 【1874160】，GSD为【""】
2021-08-01 01:20:58 bad
2021-08-01 01:21:00 CHB 1874160?1627752058 第 1 次 等待 3 秒
2021-08-01 01:21:03 CHB 1874160?1627752058 第 1 次 获取到号码【1874160】GSD
2021-08-01 01:21:03 获取到号码【1874160】的GSD为【辽宁-锦州】
2021-08-01 01:21:13 GSD insert 第 1 次 等待 3 秒
2021-08-01 01:21:16 {"status":"ok","gid":462154,"msg":"添加成功！"}
2021-08-01 01:21:16 下次操作: 2021-08-01 01:21:37

2021-08-01 01:21:37 开始第 30 次操作

2021-08-01 01:21:37 开始操作号码 【1874159】
2021-08-01 01:21:40 GSD getOne 第 1 次 等待 3 秒
2021-08-01 01:21:43 查询号码 【1874159】，返回信息 {"status":"bad","msg":""}
2021-08-01 01:21:43 查询号码 【1874159】，GSD为【""】
2021-08-01 01:21:43 bad
2021-08-01 01:21:45 CHB 1874159?1627752103 第 1 次 等待 3 秒
2021-08-01 01:21:48 CHB 1874159?1627752103 第 1 次 获取到号码【1874159】GSD
2021-08-01 01:21:48 获取到号码【1874159】的GSD为【辽宁-丹东】
2021-08-01 01:21:52 GSD insert 第 1 次 等待 3 秒
2021-08-01 01:21:55 {"status":"ok","gid":462160,"msg":"添加成功！"}
2021-08-01 01:21:55 下次操作: 2021-08-01 01:22:12

2021-08-01 01:22:12 开始第 31 次操作

2021-08-01 01:22:12 开始操作号码 【1874158】
2021-08-01 01:22:17 GSD getOne 第 1 次 等待 3 秒
2021-08-01 01:22:20 查询号码 【1874158】，返回信息 {"status":"bad","msg":""}
2021-08-01 01:22:20 查询号码 【1874158】，GSD为【""】
2021-08-01 01:22:20 bad
2021-08-01 01:22:21 CHB 1874158?1627752140 第 1 次 等待 3 秒
2021-08-01 01:22:24 CHB 1874158?1627752140 第 1 次 获取到号码【1874158】GSD
2021-08-01 01:22:24 获取到号码【1874158】的GSD为【辽宁-丹东】
2021-08-01 01:22:29 GSD insert 第 1 次 等待 3 秒
2021-08-01 01:22:32 {"status":"ok","gid":462171,"msg":"添加成功！"}
2021-08-01 01:22:32 下次操作: 2021-08-01 01:22:50

2021-08-01 01:22:50 开始第 32 次操作

2021-08-01 01:22:50 开始操作号码 【1874157】
2021-08-01 01:22:57 GSD getOne 第 1 次 等待 3 秒
2021-08-01 01:23:00 查询号码 【1874157】，返回信息 {"status":"bad","msg":""}
2021-08-01 01:23:00 查询号码 【1874157】，GSD为【""】
2021-08-01 01:23:00 bad
2021-08-01 01:23:01 CHB 1874157?1627752180 第 1 次 等待 3 秒
2021-08-01 01:23:04 CHB 1874157?1627752180 第 1 次 获取到号码【1874157】GSD
2021-08-01 01:23:04 获取到号码【1874157】的GSD为【辽宁-丹东】
2021-08-01 01:23:08 GSD insert 第 1 次 等待 3 秒
2021-08-01 01:23:11 {"status":"ok","gid":462181,"msg":"添加成功！"}
2021-08-01 01:23:11 下次操作: 2021-08-01 01:23:33

2021-08-01 01:23:33 开始第 33 次操作

2021-08-01 01:23:33 开始操作号码 【1874156】
2021-08-01 01:23:37 GSD getOne 第 1 次 等待 3 秒
2021-08-01 01:23:40 查询号码 【1874156】，返回信息 {"status":"bad","msg":""}
2021-08-01 01:23:40 查询号码 【1874156】，GSD为【""】
2021-08-01 01:23:40 bad
2021-08-01 01:23:41 CHB 1874156?1627752220 第 1 次 等待 3 秒
2021-08-01 01:23:44 CHB 1874156?1627752220 第 1 次 获取到号码【1874156】GSD
2021-08-01 01:23:44 获取到号码【1874156】的GSD为【辽宁-丹东】
2021-08-01 01:23:52 GSD insert 第 1 次 等待 3 秒
2021-08-01 01:23:55 {"status":"ok","gid":462191,"msg":"添加成功！"}
2021-08-01 01:23:55 下次操作: 2021-08-01 01:24:15

2021-08-01 01:24:15 开始第 34 次操作

2021-08-01 01:24:15 开始操作号码 【1874155】
2021-08-01 01:24:20 GSD getOne 第 1 次 等待 3 秒
2021-08-01 01:24:23 查询号码 【1874155】，返回信息 {"status":"bad","msg":""}
2021-08-01 01:24:23 查询号码 【1874155】，GSD为【""】
2021-08-01 01:24:23 bad
2021-08-01 01:24:25 CHB 1874155?1627752263 第 1 次 等待 3 秒
2021-08-01 01:24:28 CHB 1874155?1627752263 第 1 次 获取到号码【1874155】GSD
2021-08-01 01:24:28 获取到号码【1874155】的GSD为【辽宁-丹东】
2021-08-01 01:24:33 GSD insert 第 1 次 等待 3 秒
2021-08-01 01:24:36 {"status":"ok","gid":462199,"msg":"添加成功！"}
2021-08-01 01:24:36 下次操作: 2021-08-01 01:24:53

2021-08-01 01:24:53 开始第 35 次操作

2021-08-01 01:24:53 开始操作号码 【1874154】
2021-08-01 01:25:02 GSD getOne 第 1 次 等待 3 秒
2021-08-01 01:25:05 查询号码 【1874154】，返回信息 {"status":"bad","msg":""}
2021-08-01 01:25:06 查询号码 【1874154】，GSD为【""】
2021-08-01 01:25:06 bad
2021-08-01 01:25:07 CHB 1874154?1627752306 第 1 次 等待 3 秒
2021-08-01 01:25:10 CHB 1874154?1627752306 第 1 次 获取到号码【1874154】GSD
2021-08-01 01:25:10 获取到号码【1874154】的GSD为【辽宁-丹东】
2021-08-01 01:25:15 GSD insert 第 1 次 等待 3 秒
2021-08-01 01:25:18 {"status":"ok","gid":462209,"msg":"添加成功！"}
2021-08-01 01:25:18 下次操作: 2021-08-01 01:25:35

2021-08-01 01:25:35 开始第 36 次操作

2021-08-01 01:25:35 开始操作号码 【1874153】
2021-08-01 01:25:42 GSD getOne 第 1 次 等待 3 秒
2021-08-01 01:25:45 查询号码 【1874153】，返回信息 {"status":"bad","msg":""}
2021-08-01 01:25:45 查询号码 【1874153】，GSD为【""】
2021-08-01 01:25:45 bad
2021-08-01 01:25:47 CHB 1874153?1627752345 第 1 次 等待 3 秒
2021-08-01 01:25:50 CHB 1874153?1627752345 第 1 次 获取到号码【1874153】GSD
2021-08-01 01:25:50 获取到号码【1874153】的GSD为【辽宁-丹东】
2021-08-01 01:25:58 GSD insert 第 1 次 等待 3 秒
2021-08-01 01:26:01 {"status":"ok","gid":462218,"msg":"添加成功！"}
2021-08-01 01:26:01 下次操作: 2021-08-01 01:26:19

2021-08-01 01:26:19 开始第 37 次操作

2021-08-01 01:26:19 开始操作号码 【1874152】
2021-08-01 01:26:22 GSD getOne 第 1 次 等待 3 秒
2021-08-01 01:26:25 查询号码 【1874152】，返回信息 {"status":"bad","msg":""}
2021-08-01 01:26:25 查询号码 【1874152】，GSD为【""】
2021-08-01 01:26:25 bad
2021-08-01 01:26:27 CHB 1874152?1627752385 第 1 次 等待 3 秒
2021-08-01 01:26:30 CHB 1874152?1627752385 第 1 次 获取到号码【1874152】GSD
2021-08-01 01:26:30 获取到号码【1874152】的GSD为【辽宁-丹东】
2021-08-01 01:26:43 GSD insert 第 1 次 等待 3 秒
2021-08-01 01:26:46 {"status":"ok","gid":462227,"msg":"添加成功！"}
2021-08-01 01:26:46 下次操作: 2021-08-01 01:27:01

2021-08-01 01:27:01 开始第 38 次操作

2021-08-01 01:27:01 开始操作号码 【1874151】
2021-08-01 01:27:05 GSD getOne 第 1 次 等待 3 秒
2021-08-01 01:27:08 查询号码 【1874151】，返回信息 {"status":"ok","msg":"辽宁-丹东","gid":"42355","time_insert":"2018-02-04 22:09","time_update":"2020-08-20 16:23"}
2021-08-01 01:27:08 查询号码 【1874151】，GSD为【"辽宁-丹东"】

2021-08-01 01:27:08 开始第 38 次操作

2021-08-01 01:27:08 开始操作号码 【1874150】
2021-08-01 01:27:14 GSD getOne 第 1 次 等待 3 秒
2021-08-01 01:27:17 查询号码 【1874150】，返回信息 {"status":"bad","msg":""}
2021-08-01 01:27:17 查询号码 【1874150】，GSD为【""】
2021-08-01 01:27:17 bad
2021-08-01 01:27:19 CHB 1874150?1627752437 第 1 次 等待 3 秒
2021-08-01 01:27:22 CHB 1874150?1627752437 第 1 次 获取到号码【1874150】GSD
2021-08-01 01:27:22 获取到号码【1874150】的GSD为【辽宁-丹东】
2021-08-01 01:27:26 GSD insert 第 1 次 等待 3 秒
2021-08-01 01:27:29 {"status":"ok","gid":462238,"msg":"添加成功！"}
2021-08-01 01:27:29 下次操作: 2021-08-01 01:27:41

2021-08-01 01:27:41 开始第 39 次操作

2021-08-01 01:27:41 开始操作号码 【1874149】
2021-08-01 01:27:45 GSD getOne 第 1 次 等待 3 秒
2021-08-01 01:27:48 查询号码 【1874149】，返回信息 {"status":"bad","msg":""}
2021-08-01 01:27:48 查询号码 【1874149】，GSD为【""】
2021-08-01 01:27:48 bad
2021-08-01 01:27:50 CHB 1874149?1627752468 第 1 次 等待 3 秒
2021-08-01 01:27:53 CHB 1874149?1627752468 第 1 次 获取到号码【1874149】GSD
2021-08-01 01:27:53 获取到号码【1874149】的GSD为【辽宁-本溪】
2021-08-01 01:27:56 GSD insert 第 1 次 等待 3 秒
2021-08-01 01:27:59 {"status":"ok","gid":462244,"msg":"添加成功！"}
2021-08-01 01:27:59 下次操作: 2021-08-01 01:28:16

2021-08-01 01:28:16 开始第 40 次操作

2021-08-01 01:28:16 开始操作号码 【1874148】
2021-08-01 01:28:23 GSD getOne 第 1 次 等待 3 秒
2021-08-01 01:28:26 查询号码 【1874148】，返回信息 {"status":"bad","msg":""}
2021-08-01 01:28:26 查询号码 【1874148】，GSD为【""】
2021-08-01 01:28:26 bad
2021-08-01 01:28:28 CHB 1874148?1627752506 第 1 次 等待 3 秒
2021-08-01 01:28:31 CHB 1874148?1627752506 第 1 次 获取到号码【1874148】GSD
2021-08-01 01:28:31 获取到号码【1874148】的GSD为【辽宁-本溪】
2021-08-01 01:28:42 GSD insert 第 1 次 等待 3 秒
2021-08-01 01:28:45 {"status":"ok","gid":462257,"msg":"添加成功！"}

2021-08-01 01:38:23 开始第 1 次操作

2021-08-01 01:38:23 开始操作号码 【1874147】
2021-08-01 01:38:27 GSD getOne 第 1 次 等待 3 秒
2021-08-01 01:38:30 查询号码 【1874147】，返回信息 {"status":"bad","msg":""}
2021-08-01 01:38:30 查询号码 【1874147】，GSD为【""】
2021-08-01 01:38:30 bad
2021-08-01 01:38:31 CHB 1874147?1627753110 第 1 次 等待 3 秒
2021-08-01 01:38:34 CHB 1874147?1627753110 第 1 次 获取到号码【1874147】GSD
2021-08-01 01:38:34 获取到号码【1874147】的GSD为【辽宁-本溪】
2021-08-01 01:38:38 GSD insert 第 1 次 等待 3 秒
2021-08-01 01:38:41 {"status":"ok","gid":462317,"msg":"添加成功！"}
2021-08-01 01:38:41 下次操作: 2021-08-01 01:39:03

2021-08-01 01:39:03 开始第 2 次操作

2021-08-01 01:39:03 开始操作号码 【1874146】
2021-08-01 01:39:09 GSD getOne 第 1 次 等待 3 秒
2021-08-01 01:39:12 查询号码 【1874146】，返回信息 {"status":"bad","msg":""}
2021-08-01 01:39:12 查询号码 【1874146】，GSD为【""】
2021-08-01 01:39:12 bad
2021-08-01 01:39:13 CHB 1874146?1627753152 第 1 次 等待 3 秒
2021-08-01 01:39:16 CHB 1874146?1627753152 第 1 次 获取到号码【1874146】GSD
2021-08-01 01:39:16 获取到号码【1874146】的GSD为【辽宁-本溪】
2021-08-01 01:39:20 GSD insert 第 1 次 等待 3 秒
2021-08-01 01:39:23 {"status":"ok","gid":462320,"msg":"添加成功！"}
2021-08-01 01:39:23 下次操作: 2021-08-01 01:39:36

2021-08-01 01:39:36 开始第 3 次操作

2021-08-01 01:39:36 开始操作号码 【1874145】
2021-08-01 01:39:45 GSD getOne 第 1 次 等待 3 秒
2021-08-01 01:39:48 查询号码 【1874145】，返回信息 {"status":"bad","msg":""}
2021-08-01 01:39:48 查询号码 【1874145】，GSD为【""】
2021-08-01 01:39:48 bad
2021-08-01 01:39:49 CHB 1874145?1627753188 第 1 次 等待 3 秒
2021-08-01 01:39:52 CHB 1874145?1627753188 第 1 次 获取到号码【1874145】GSD
2021-08-01 01:39:53 获取到号码【1874145】的GSD为【辽宁-本溪】
2021-08-01 01:39:59 GSD insert 第 1 次 等待 3 秒
2021-08-01 01:40:02 {"status":"ok","gid":462323,"msg":"添加成功！"}
2021-08-01 01:40:02 下次操作: 2021-08-01 01:40:19

2021-08-01 01:40:19 开始第 4 次操作

2021-08-01 01:40:19 开始操作号码 【1874144】
2021-08-01 01:40:26 GSD getOne 第 1 次 等待 3 秒
2021-08-01 01:40:29 查询号码 【1874144】，返回信息 {"status":"bad","msg":""}
2021-08-01 01:40:29 查询号码 【1874144】，GSD为【""】
2021-08-01 01:40:29 bad
2021-08-01 01:40:31 CHB 1874144?1627753229 第 1 次 等待 3 秒
2021-08-01 01:40:34 CHB 1874144?1627753229 第 1 次 获取到号码【1874144】GSD
2021-08-01 01:40:35 获取到号码【1874144】的GSD为【辽宁-本溪】
2021-08-01 01:40:44 GSD insert 第 1 次 等待 3 秒
2021-08-01 01:40:47 {"status":"ok","gid":462326,"msg":"添加成功！"}
2021-08-01 01:40:47 下次操作: 2021-08-01 01:41:09

2021-08-01 01:41:09 开始第 5 次操作

2021-08-01 01:41:09 开始操作号码 【1874143】
2021-08-01 01:41:14 GSD getOne 第 1 次 等待 3 秒
2021-08-01 01:41:17 查询号码 【1874143】，返回信息 {"status":"bad","msg":""}
2021-08-01 01:41:17 查询号码 【1874143】，GSD为【""】
2021-08-01 01:41:17 bad
2021-08-01 01:41:24 CHB 1874143?1627753277 第 1 次 等待 3 秒
2021-08-01 01:41:27 CHB 1874143?1627753277 第 1 次 获取到号码【1874143】GSD
2021-08-01 01:41:27 获取到号码【1874143】的GSD为【辽宁-本溪】
2021-08-01 01:41:31 GSD insert 第 1 次 等待 3 秒
2021-08-01 01:41:34 {"status":"ok","gid":462330,"msg":"添加成功！"}
2021-08-01 01:41:34 下次操作: 2021-08-01 01:41:48

2021-08-01 01:41:48 开始第 6 次操作

2021-08-01 01:41:48 开始操作号码 【1874142】
2021-08-01 01:41:56 GSD getOne 第 1 次 等待 3 秒
2021-08-01 01:41:59 查询号码 【1874142】，返回信息 {"status":"bad","msg":""}
2021-08-01 01:42:00 查询号码 【1874142】，GSD为【""】
2021-08-01 01:42:00 bad
2021-08-01 01:42:01 CHB 1874142?1627753320 第 1 次 等待 3 秒
2021-08-01 01:42:04 CHB 1874142?1627753320 第 1 次 获取到号码【1874142】GSD
2021-08-01 01:42:04 获取到号码【1874142】的GSD为【辽宁-本溪】
2021-08-01 01:42:08 GSD insert 第 1 次 等待 3 秒
2021-08-01 01:42:11 {"status":"ok","gid":462334,"msg":"添加成功！"}
2021-08-01 01:42:11 下次操作: 2021-08-01 01:42:29

2021-08-01 01:42:29 开始第 7 次操作

2021-08-01 01:42:29 开始操作号码 【1874141】
2021-08-01 01:42:35 GSD getOne 第 1 次 等待 3 秒
2021-08-01 01:42:38 查询号码 【1874141】，返回信息 {"status":"bad","msg":""}
2021-08-01 01:42:38 查询号码 【1874141】，GSD为【""】
2021-08-01 01:42:38 bad
2021-08-01 01:42:40 CHB 1874141?1627753358 第 1 次 等待 3 秒
2021-08-01 01:42:43 CHB 1874141?1627753358 第 1 次 获取到号码【1874141】GSD
2021-08-01 01:42:43 获取到号码【1874141】的GSD为【辽宁-本溪】
2021-08-01 01:42:46 GSD insert 第 1 次 等待 3 秒
2021-08-01 01:42:49 {"status":"ok","gid":462340,"msg":"添加成功！"}
2021-08-01 01:42:49 下次操作: 2021-08-01 01:43:13

2021-08-01 01:43:13 开始第 8 次操作

2021-08-01 01:43:13 开始操作号码 【1874140】
2021-08-01 01:43:26 GSD getOne 第 1 次 等待 3 秒
2021-08-01 01:43:29 查询号码 【1874140】，返回信息 {"status":"bad","msg":""}
2021-08-01 01:43:29 查询号码 【1874140】，GSD为【""】
2021-08-01 01:43:29 bad
2021-08-01 01:43:32 CHB 1874140?1627753409 第 1 次 等待 3 秒
2021-08-01 01:43:35 CHB 1874140?1627753409 第 1 次 获取到号码【1874140】GSD
2021-08-01 01:43:35 获取到号码【1874140】的GSD为【辽宁-本溪】
2021-08-01 01:43:38 GSD insert 第 1 次 等待 3 秒
2021-08-01 01:43:41 {"status":"ok","gid":462351,"msg":"添加成功！"}
2021-08-01 01:43:41 下次操作: 2021-08-01 01:43:58

2021-08-01 01:43:58 开始第 9 次操作

2021-08-01 01:43:58 开始操作号码 【1874139】
2021-08-01 01:44:05 GSD getOne 第 1 次 等待 3 秒
2021-08-01 01:44:08 查询号码 【1874139】，返回信息 {"status":"bad","msg":""}
2021-08-01 01:44:09 查询号码 【1874139】，GSD为【""】
2021-08-01 01:44:09 bad
2021-08-01 01:44:13 CHB 1874139?1627753449 第 1 次 等待 3 秒
2021-08-01 01:44:16 CHB 1874139?1627753449 第 1 次 获取到号码【1874139】GSD
2021-08-01 01:44:17 获取到号码【1874139】的GSD为【辽宁-抚顺】
2021-08-01 01:44:38 GSD insert 第 1 次 等待 3 秒
2021-08-01 01:44:41 {"status":"ok","gid":462365,"msg":"添加成功！"}
2021-08-01 01:44:41 下次操作: 2021-08-01 01:45:03

2021-08-01 01:45:03 开始第 10 次操作

2021-08-01 01:45:03 开始操作号码 【1874138】
2021-08-01 01:45:09 GSD getOne 第 1 次 等待 3 秒
2021-08-01 01:45:12 查询号码 【1874138】，返回信息 {"status":"bad","msg":""}
2021-08-01 01:45:13 查询号码 【1874138】，GSD为【""】
2021-08-01 01:45:13 bad
2021-08-01 01:45:14 CHB 1874138?1627753513 第 1 次 等待 3 秒
2021-08-01 01:45:17 CHB 1874138?1627753513 第 1 次 获取到号码【1874138】GSD
2021-08-01 01:45:17 获取到号码【1874138】的GSD为【辽宁-抚顺】
2021-08-01 01:45:21 GSD insert 第 1 次 等待 3 秒
2021-08-01 01:45:24 {"status":"ok","gid":462376,"msg":"添加成功！"}
2021-08-01 01:45:24 下次操作: 2021-08-01 01:45:40

2021-08-01 01:45:40 开始第 11 次操作

2021-08-01 01:45:40 开始操作号码 【1874137】
2021-08-01 01:45:46 GSD getOne 第 1 次 等待 3 秒
2021-08-01 01:45:49 查询号码 【1874137】，返回信息 {"status":"bad","msg":""}
2021-08-01 01:45:49 查询号码 【1874137】，GSD为【""】
2021-08-01 01:45:49 bad
2021-08-01 01:45:51 CHB 1874137?1627753549 第 1 次 等待 3 秒
2021-08-01 01:45:54 CHB 1874137?1627753549 第 1 次 获取到号码【1874137】GSD
2021-08-01 01:45:54 获取到号码【1874137】的GSD为【辽宁-抚顺】
2021-08-01 01:45:58 GSD insert 第 1 次 等待 3 秒
2021-08-01 01:46:01 {"status":"ok","gid":462387,"msg":"添加成功！"}
2021-08-01 01:46:01 下次操作: 2021-08-01 01:46:23

2021-08-01 01:46:24 开始第 12 次操作

2021-08-01 01:46:24 开始操作号码 【1874136】
2021-08-01 01:46:29 GSD getOne 第 1 次 等待 3 秒
2021-08-01 01:46:32 查询号码 【1874136】，返回信息 {"status":"bad","msg":""}
2021-08-01 01:46:32 查询号码 【1874136】，GSD为【""】
2021-08-01 01:46:32 bad
2021-08-01 01:46:34 CHB 1874136?1627753592 第 1 次 等待 3 秒
2021-08-01 01:46:37 CHB 1874136?1627753592 第 1 次 获取到号码【1874136】GSD
2021-08-01 01:46:37 获取到号码【1874136】的GSD为【辽宁-抚顺】
2021-08-01 01:46:42 GSD insert 第 1 次 等待 3 秒
2021-08-01 01:46:45 {"status":"ok","gid":462398,"msg":"添加成功！"}
2021-08-01 01:46:45 下次操作: 2021-08-01 01:47:00

2021-08-01 01:47:00 开始第 13 次操作

2021-08-01 01:47:00 开始操作号码 【1874135】
2021-08-01 01:47:04 GSD getOne 第 1 次 等待 3 秒
2021-08-01 01:47:07 查询号码 【1874135】，返回信息 {"status":"ok","msg":"辽宁-抚顺","gid":"42354","time_insert":"2017-08-07 10:04","time_update":"2020-08-20 20:35"}
2021-08-01 01:47:07 查询号码 【1874135】，GSD为【"辽宁-抚顺"】

2021-08-01 01:47:07 开始第 13 次操作

2021-08-01 01:47:07 开始操作号码 【1874134】
2021-08-01 01:47:11 GSD getOne 第 1 次 等待 3 秒
2021-08-01 01:47:14 查询号码 【1874134】，返回信息 {"status":"bad","msg":""}
2021-08-01 01:47:14 查询号码 【1874134】，GSD为【""】
2021-08-01 01:47:14 bad
2021-08-01 01:47:16 CHB 1874134?1627753634 第 1 次 等待 3 秒
2021-08-01 01:47:19 CHB 1874134?1627753634 第 1 次 获取到号码【1874134】GSD
2021-08-01 01:47:19 获取到号码【1874134】的GSD为【辽宁-抚顺】
2021-08-01 01:47:22 GSD insert 第 1 次 等待 3 秒
2021-08-01 01:47:25 {"status":"ok","gid":462409,"msg":"添加成功！"}
2021-08-01 01:47:25 下次操作: 2021-08-01 01:47:45

2021-08-01 01:47:45 开始第 14 次操作

2021-08-01 01:47:45 开始操作号码 【1874133】
2021-08-01 01:47:50 GSD getOne 第 1 次 等待 3 秒
2021-08-01 01:47:53 查询号码 【1874133】，返回信息 {"status":"bad","msg":""}
2021-08-01 01:47:53 查询号码 【1874133】，GSD为【""】
2021-08-01 01:47:53 bad
2021-08-01 01:47:54 CHB 1874133?1627753673 第 1 次 等待 3 秒
2021-08-01 01:47:57 CHB 1874133?1627753673 第 1 次 获取到号码【1874133】GSD
2021-08-01 01:47:57 获取到号码【1874133】的GSD为【辽宁-抚顺】
2021-08-01 01:48:07 GSD insert 第 1 次 等待 3 秒
2021-08-01 01:48:10 {"status":"ok","gid":462419,"msg":"添加成功！"}
2021-08-01 01:48:10 下次操作: 2021-08-01 01:48:22

2021-08-01 01:48:22 开始第 15 次操作

2021-08-01 01:48:22 开始操作号码 【1874132】
2021-08-01 01:48:28 GSD getOne 第 1 次 等待 3 秒
2021-08-01 01:48:31 查询号码 【1874132】，返回信息 {"status":"bad","msg":""}
2021-08-01 01:48:31 查询号码 【1874132】，GSD为【""】
2021-08-01 01:48:31 bad
2021-08-01 01:48:34 CHB 1874132?1627753711 第 1 次 等待 3 秒
2021-08-01 01:48:37 CHB 1874132?1627753711 第 1 次 获取到号码【1874132】GSD
2021-08-01 01:48:37 获取到号码【1874132】的GSD为【辽宁-抚顺】
2021-08-01 01:48:40 GSD insert 第 1 次 等待 3 秒
2021-08-01 01:48:43 {"status":"ok","gid":462427,"msg":"添加成功！"}
2021-08-01 01:48:44 下次操作: 2021-08-01 01:49:04

2021-08-01 01:49:04 开始第 16 次操作

2021-08-01 01:49:04 开始操作号码 【1874131】
2021-08-01 01:49:08 GSD getOne 第 1 次 等待 3 秒
2021-08-01 01:49:11 查询号码 【1874131】，返回信息 {"status":"bad","msg":""}
2021-08-01 01:49:11 查询号码 【1874131】，GSD为【""】
2021-08-01 01:49:11 bad
2021-08-01 01:49:14 CHB 1874131?1627753751 第 1 次 等待 3 秒
2021-08-01 01:49:17 CHB 1874131?1627753751 第 1 次 获取到号码【1874131】GSD
2021-08-01 01:49:17 获取到号码【1874131】的GSD为【辽宁-抚顺】
2021-08-01 01:49:21 GSD insert 第 1 次 等待 3 秒
2021-08-01 01:49:24 {"status":"ok","gid":462438,"msg":"添加成功！"}
2021-08-01 01:49:24 下次操作: 2021-08-01 01:49:44

2021-08-01 01:49:44 开始第 17 次操作

2021-08-01 01:49:44 开始操作号码 【1874130】
2021-08-01 01:49:51 GSD getOne 第 1 次 等待 3 秒
2021-08-01 01:49:54 查询号码 【1874130】，返回信息 {"status":"bad","msg":""}
2021-08-01 01:49:54 查询号码 【1874130】，GSD为【""】
2021-08-01 01:49:54 bad
2021-08-01 01:49:55 CHB 1874130?1627753794 第 1 次 等待 3 秒
2021-08-01 01:49:58 CHB 1874130?1627753794 第 1 次 获取到号码【1874130】GSD
2021-08-01 01:49:58 未获取到号码【1874130】GSD，查号吧 400 错误
2021-08-01 01:49:58 获取到号码【1874130】的GSD为【-】
2021-08-01 01:50:05 GSD insert 第 1 次 等待 3 秒
2021-08-01 01:50:08 {"status":"ok","gid":462448,"msg":"添加成功！"}
2021-08-01 01:50:08 下次操作: 2021-08-01 01:50:26

2021-08-01 01:50:26 开始第 18 次操作

2021-08-01 01:50:26 开始操作号码 【1874129】
2021-08-01 01:50:30 GSD getOne 第 1 次 等待 3 秒
2021-08-01 01:50:33 查询号码 【1874129】，返回信息 {"status":"bad","msg":""}
2021-08-01 01:50:33 查询号码 【1874129】，GSD为【""】
2021-08-01 01:50:33 bad
2021-08-01 01:50:36 CHB 1874129?1627753833 第 1 次 等待 3 秒
2021-08-01 01:50:39 CHB 1874129?1627753833 第 1 次 获取到号码【1874129】GSD
2021-08-01 01:50:39 获取到号码【1874129】的GSD为【辽宁-鞍山】
2021-08-01 01:50:43 GSD insert 第 1 次 等待 3 秒
2021-08-01 01:50:46 {"status":"ok","gid":462458,"msg":"添加成功！"}
2021-08-01 01:50:46 下次操作: 2021-08-01 01:51:09

2021-08-01 01:51:09 开始第 19 次操作

2021-08-01 01:51:09 开始操作号码 【1874128】
2021-08-01 01:51:14 GSD getOne 第 1 次 等待 3 秒
2021-08-01 01:51:17 查询号码 【1874128】，返回信息 {"status":"bad","msg":""}
2021-08-01 01:51:17 查询号码 【1874128】，GSD为【""】
2021-08-01 01:51:17 bad
2021-08-01 01:51:19 CHB 1874128?1627753877 第 1 次 等待 3 秒
2021-08-01 01:51:22 CHB 1874128?1627753877 第 1 次 获取到号码【1874128】GSD
2021-08-01 01:51:22 未获取到号码【1874128】GSD，查号吧 400 错误
2021-08-01 01:51:22 获取到号码【1874128】的GSD为【-】
2021-08-01 01:51:26 GSD insert 第 1 次 等待 3 秒
2021-08-01 01:51:29 {"status":"ok","gid":462469,"msg":"添加成功！"}
2021-08-01 01:51:29 下次操作: 2021-08-01 01:51:45

2021-08-01 01:51:45 开始第 20 次操作

2021-08-01 01:51:45 开始操作号码 【1874127】
2021-08-01 01:51:51 GSD getOne 第 1 次 等待 3 秒
2021-08-01 01:51:54 查询号码 【1874127】，返回信息 {"status":"bad","msg":""}
2021-08-01 01:51:54 查询号码 【1874127】，GSD为【""】
2021-08-01 01:51:54 bad
2021-08-01 01:51:56 CHB 1874127?1627753914 第 1 次 等待 3 秒
2021-08-01 01:51:59 CHB 1874127?1627753914 第 1 次 获取到号码【1874127】GSD
2021-08-01 01:51:59 获取到号码【1874127】的GSD为【辽宁-鞍山】
2021-08-01 01:52:06 GSD insert 第 1 次 等待 3 秒
2021-08-01 01:52:09 {"status":"ok","gid":462479,"msg":"添加成功！"}
2021-08-01 01:52:09 下次操作: 2021-08-01 01:52:30

2021-08-01 01:52:30 开始第 21 次操作

2021-08-01 01:52:30 开始操作号码 【1874126】
2021-08-01 01:52:33 GSD getOne 第 1 次 等待 3 秒
2021-08-01 01:52:36 查询号码 【1874126】，返回信息 {"status":"bad","msg":""}
2021-08-01 01:52:36 查询号码 【1874126】，GSD为【""】
2021-08-01 01:52:36 bad
2021-08-01 01:52:38 CHB 1874126?1627753956 第 1 次 等待 3 秒
2021-08-01 01:52:41 CHB 1874126?1627753956 第 1 次 获取到号码【1874126】GSD
2021-08-01 01:52:41 获取到号码【1874126】的GSD为【辽宁-鞍山】
2021-08-01 01:53:02 GSD insert 第 1 次 等待 3 秒
2021-08-01 01:53:05 {"status":"ok","gid":462491,"msg":"添加成功！"}
2021-08-01 01:53:05 下次操作: 2021-08-01 01:53:26

2021-08-01 01:53:26 开始第 22 次操作

2021-08-01 01:53:26 开始操作号码 【1874125】
2021-08-01 01:53:33 GSD getOne 第 1 次 等待 3 秒
2021-08-01 01:53:36 查询号码 【1874125】，返回信息 {"status":"bad","msg":""}
2021-08-01 01:53:36 查询号码 【1874125】，GSD为【""】
2021-08-01 01:53:36 bad
2021-08-01 01:53:38 CHB 1874125?1627754016 第 1 次 等待 3 秒
2021-08-01 01:53:41 CHB 1874125?1627754016 第 1 次 获取到号码【1874125】GSD
2021-08-01 01:53:41 未获取到号码【1874125】GSD，查号吧 400 错误
2021-08-01 01:53:41 获取到号码【1874125】的GSD为【-】
2021-08-01 01:53:55 GSD insert 第 1 次 等待 3 秒
2021-08-01 01:53:58 {"status":"ok","gid":462503,"msg":"添加成功！"}
2021-08-01 01:53:58 下次操作: 2021-08-01 01:54:18

2021-08-01 01:54:18 开始第 23 次操作

2021-08-01 01:54:18 开始操作号码 【1874124】
2021-08-01 01:54:23 GSD getOne 第 1 次 等待 3 秒
2021-08-01 01:54:26 查询号码 【1874124】，返回信息 {"status":"bad","msg":""}
2021-08-01 01:54:26 查询号码 【1874124】，GSD为【""】
2021-08-01 01:54:26 bad
2021-08-01 01:54:28 CHB 1874124?1627754066 第 1 次 等待 3 秒
2021-08-01 01:54:31 CHB 1874124?1627754066 第 1 次 获取到号码【1874124】GSD
2021-08-01 01:54:31 获取到号码【1874124】的GSD为【辽宁-鞍山】
2021-08-01 01:54:36 GSD insert 第 1 次 等待 3 秒
2021-08-01 01:54:39 {"status":"ok","gid":462512,"msg":"添加成功！"}
2021-08-01 01:54:39 下次操作: 2021-08-01 01:55:01

2021-08-01 01:55:01 开始第 24 次操作

2021-08-01 01:55:01 开始操作号码 【1874123】
2021-08-01 01:55:08 GSD getOne 第 1 次 等待 3 秒
2021-08-01 01:55:11 查询号码 【1874123】，返回信息 {"status":"bad","msg":""}
2021-08-01 01:55:11 查询号码 【1874123】，GSD为【""】
2021-08-01 01:55:11 bad
2021-08-01 01:55:13 CHB 1874123?1627754111 第 1 次 等待 3 秒
2021-08-01 01:55:16 CHB 1874123?1627754111 第 1 次 获取到号码【1874123】GSD
2021-08-01 01:55:16 获取到号码【1874123】的GSD为【辽宁-鞍山】
2021-08-01 01:55:21 GSD insert 第 1 次 等待 3 秒
2021-08-01 01:55:24 {"status":"ok","gid":462524,"msg":"添加成功！"}
2021-08-01 01:55:24 下次操作: 2021-08-01 01:55:38

2021-08-01 01:55:38 开始第 25 次操作

2021-08-01 01:55:38 开始操作号码 【1874122】
2021-08-01 01:55:46 GSD getOne 第 1 次 等待 3 秒
2021-08-01 01:55:49 查询号码 【1874122】，返回信息 {"status":"bad","msg":""}
2021-08-01 01:55:49 查询号码 【1874122】，GSD为【""】
2021-08-01 01:55:49 bad
2021-08-01 01:55:51 CHB 1874122?1627754149 第 1 次 等待 3 秒
2021-08-01 01:55:54 CHB 1874122?1627754149 第 1 次 获取到号码【1874122】GSD
2021-08-01 01:55:54 获取到号码【1874122】的GSD为【辽宁-鞍山】
2021-08-01 01:55:58 GSD insert 第 1 次 等待 3 秒
2021-08-01 01:56:01 {"status":"ok","gid":462532,"msg":"添加成功！"}
2021-08-01 01:56:01 下次操作: 2021-08-01 01:56:23

2021-08-01 01:56:23 开始第 26 次操作

2021-08-01 01:56:23 开始操作号码 【1874121】
2021-08-01 01:56:28 GSD getOne 第 1 次 等待 3 秒
2021-08-01 01:56:31 查询号码 【1874121】，返回信息 {"status":"bad","msg":""}
2021-08-01 01:56:31 查询号码 【1874121】，GSD为【""】
2021-08-01 01:56:31 bad
2021-08-01 01:56:33 CHB 1874121?1627754191 第 1 次 等待 3 秒
2021-08-01 01:56:36 CHB 1874121?1627754191 第 1 次 获取到号码【1874121】GSD
2021-08-01 01:56:36 获取到号码【1874121】的GSD为【辽宁-鞍山】
2021-08-01 01:56:42 GSD insert 第 1 次 等待 3 秒
2021-08-01 01:56:45 {"status":"ok","gid":462543,"msg":"添加成功！"}
2021-08-01 01:56:45 下次操作: 2021-08-01 01:56:59

2021-08-01 01:56:59 开始第 27 次操作

2021-08-01 01:56:59 开始操作号码 【1874120】
2021-08-01 01:57:03 GSD getOne 第 1 次 等待 3 秒
2021-08-01 01:57:06 查询号码 【1874120】，返回信息 {"status":"bad","msg":""}
2021-08-01 01:57:06 查询号码 【1874120】，GSD为【""】
2021-08-01 01:57:06 bad
2021-08-01 01:57:09 CHB 1874120?1627754226 第 1 次 等待 3 秒
2021-08-01 01:57:12 CHB 1874120?1627754226 第 1 次 获取到号码【1874120】GSD
2021-08-01 01:57:12 获取到号码【1874120】的GSD为【辽宁-鞍山】
2021-08-01 01:57:16 GSD insert 第 1 次 等待 3 秒
2021-08-01 01:57:19 {"status":"ok","gid":462554,"msg":"添加成功！"}
2021-08-01 01:57:19 下次操作: 2021-08-01 01:57:31

2021-08-01 01:57:31 开始第 28 次操作

2021-08-01 01:57:31 开始操作号码 【1874119】
2021-08-01 01:57:35 GSD getOne 第 1 次 等待 3 秒
2021-08-01 01:57:38 查询号码 【1874119】，返回信息 {"status":"bad","msg":""}
2021-08-01 01:57:38 查询号码 【1874119】，GSD为【""】
2021-08-01 01:57:38 bad
2021-08-01 01:57:39 CHB 1874119?1627754258 第 1 次 等待 3 秒
2021-08-01 01:57:42 CHB 1874119?1627754258 第 1 次 获取到号码【1874119】GSD
2021-08-01 01:57:42 获取到号码【1874119】的GSD为【辽宁-大连】
2021-08-01 01:57:47 GSD insert 第 1 次 等待 3 秒
2021-08-01 01:57:50 {"status":"ok","gid":462563,"msg":"添加成功！"}
2021-08-01 01:57:50 下次操作: 2021-08-01 01:58:04

2021-08-01 01:58:04 开始第 29 次操作

2021-08-01 01:58:04 开始操作号码 【1874118】
2021-08-01 01:58:08 GSD getOne 第 1 次 等待 3 秒
2021-08-01 01:58:11 查询号码 【1874118】，返回信息 {"status":"bad","msg":""}
2021-08-01 01:58:11 查询号码 【1874118】，GSD为【""】
2021-08-01 01:58:11 bad
2021-08-01 01:58:13 CHB 1874118?1627754291 第 1 次 等待 3 秒
2021-08-01 01:58:16 CHB 1874118?1627754291 第 1 次 获取到号码【1874118】GSD
2021-08-01 01:58:16 获取到号码【1874118】的GSD为【辽宁-大连】
2021-08-01 01:58:21 GSD insert 第 1 次 等待 3 秒
2021-08-01 01:58:24 {"status":"ok","gid":462571,"msg":"添加成功！"}
2021-08-01 01:58:24 下次操作: 2021-08-01 01:58:46

2021-08-01 01:58:46 开始第 30 次操作

2021-08-01 01:58:46 开始操作号码 【1874117】
2021-08-01 01:58:53 GSD getOne 第 1 次 等待 3 秒
2021-08-01 01:58:56 查询号码 【1874117】，返回信息 {"status":"bad","msg":""}
2021-08-01 01:58:56 查询号码 【1874117】，GSD为【""】
2021-08-01 01:58:56 bad
2021-08-01 01:58:58 CHB 1874117?1627754336 第 1 次 等待 3 秒
2021-08-01 01:59:01 CHB 1874117?1627754336 第 1 次 获取到号码【1874117】GSD
2021-08-01 01:59:01 获取到号码【1874117】的GSD为【辽宁-大连】
2021-08-01 01:59:04 GSD insert 第 1 次 等待 3 秒
2021-08-01 01:59:07 {"status":"ok","gid":462581,"msg":"添加成功！"}
2021-08-01 01:59:07 下次操作: 2021-08-01 01:59:23

2021-08-01 01:59:23 开始第 31 次操作

2021-08-01 01:59:23 开始操作号码 【1874116】
2021-08-01 01:59:27 GSD getOne 第 1 次 等待 3 秒
2021-08-01 01:59:30 查询号码 【1874116】，返回信息 {"status":"bad","msg":""}
2021-08-01 01:59:30 查询号码 【1874116】，GSD为【""】
2021-08-01 01:59:30 bad
2021-08-01 01:59:32 CHB 1874116?1627754370 第 1 次 等待 3 秒
2021-08-01 01:59:35 CHB 1874116?1627754370 第 1 次 获取到号码【1874116】GSD
2021-08-01 01:59:35 获取到号码【1874116】的GSD为【辽宁-大连】
2021-08-01 01:59:39 GSD insert 第 1 次 等待 3 秒
2021-08-01 01:59:42 {"status":"ok","gid":462589,"msg":"添加成功！"}
2021-08-01 01:59:42 下次操作: 2021-08-01 02:00:01

2021-08-01 02:00:01 开始第 32 次操作

2021-08-01 02:00:01 开始操作号码 【1874115】
2021-08-01 02:00:06 GSD getOne 第 1 次 等待 3 秒
2021-08-01 02:00:09 查询号码 【1874115】，返回信息 {"status":"bad","msg":""}
2021-08-01 02:00:09 查询号码 【1874115】，GSD为【""】
2021-08-01 02:00:09 bad
2021-08-01 02:00:10 CHB 1874115?1627754409 第 1 次 等待 3 秒
2021-08-01 02:00:13 CHB 1874115?1627754409 第 1 次 获取到号码【1874115】GSD
2021-08-01 02:00:13 获取到号码【1874115】的GSD为【辽宁-大连】
2021-08-01 02:00:20 GSD insert 第 1 次 等待 3 秒
2021-08-01 02:00:23 {"status":"ok","gid":462603,"msg":"添加成功！"}
2021-08-01 02:00:23 下次操作: 2021-08-01 02:00:39

2021-08-01 02:00:40 开始第 33 次操作

2021-08-01 02:00:40 开始操作号码 【1874114】
2021-08-01 02:00:43 GSD getOne 第 1 次 等待 3 秒
2021-08-01 02:00:46 查询号码 【1874114】，返回信息 {"status":"bad","msg":""}
2021-08-01 02:00:46 查询号码 【1874114】，GSD为【""】
2021-08-01 02:00:46 bad
2021-08-01 02:00:48 CHB 1874114?1627754446 第 1 次 等待 3 秒
2021-08-01 02:00:51 CHB 1874114?1627754446 第 1 次 获取到号码【1874114】GSD
2021-08-01 02:00:51 获取到号码【1874114】的GSD为【辽宁-大连】
2021-08-01 02:00:56 GSD insert 第 1 次 等待 3 秒
2021-08-01 02:00:59 {"status":"ok","gid":462608,"msg":"添加成功！"}
2021-08-01 02:00:59 下次操作: 2021-08-01 02:01:11

2021-08-01 02:01:11 开始第 34 次操作

2021-08-01 02:01:11 开始操作号码 【1874113】
2021-08-01 02:01:15 GSD getOne 第 1 次 等待 3 秒
2021-08-01 02:01:18 查询号码 【1874113】，返回信息 {"status":"bad","msg":""}
2021-08-01 02:01:18 查询号码 【1874113】，GSD为【""】
2021-08-01 02:01:18 bad
2021-08-01 02:01:20 CHB 1874113?1627754478 第 1 次 等待 3 秒
2021-08-01 02:01:23 CHB 1874113?1627754478 第 1 次 获取到号码【1874113】GSD
2021-08-01 02:01:23 获取到号码【1874113】的GSD为【辽宁-大连】
2021-08-01 02:01:26 GSD insert 第 1 次 等待 3 秒
2021-08-01 02:01:29 {"status":"ok","gid":462616,"msg":"添加成功！"}
2021-08-01 02:01:29 下次操作: 2021-08-01 02:01:47

2021-08-01 02:01:47 开始第 35 次操作

2021-08-01 02:01:47 开始操作号码 【1874112】
2021-08-01 02:01:51 GSD getOne 第 1 次 等待 3 秒
2021-08-01 02:01:54 查询号码 【1874112】，返回信息 {"status":"bad","msg":""}
2021-08-01 02:01:54 查询号码 【1874112】，GSD为【""】
2021-08-01 02:01:54 bad
2021-08-01 02:01:56 CHB 1874112?1627754514 第 1 次 等待 3 秒
2021-08-01 02:01:59 CHB 1874112?1627754514 第 1 次 获取到号码【1874112】GSD
2021-08-01 02:01:59 获取到号码【1874112】的GSD为【辽宁-大连】
2021-08-01 02:02:03 GSD insert 第 1 次 等待 3 秒
2021-08-01 02:02:06 {"status":"ok","gid":462624,"msg":"添加成功！"}
2021-08-01 02:02:06 下次操作: 2021-08-01 02:02:19

2021-08-01 02:02:19 开始第 36 次操作

2021-08-01 02:02:19 开始操作号码 【1874111】
2021-08-01 02:02:29 GSD getOne 第 1 次 等待 3 秒
2021-08-01 02:02:32 查询号码 【1874111】，返回信息 {"status":"bad","msg":""}
2021-08-01 02:02:32 查询号码 【1874111】，GSD为【""】
2021-08-01 02:02:32 bad
2021-08-01 02:02:33 CHB 1874111?1627754552 第 1 次 等待 3 秒
2021-08-01 02:02:36 CHB 1874111?1627754552 第 1 次 获取到号码【1874111】GSD
2021-08-01 02:02:36 未获取到号码【1874111】GSD，查号吧 400 错误
2021-08-01 02:02:36 获取到号码【1874111】的GSD为【-】
2021-08-01 02:02:39 GSD insert 第 1 次 等待 3 秒
2021-08-01 02:02:42 {"status":"ok","gid":462633,"msg":"添加成功！"}
2021-08-01 02:02:42 下次操作: 2021-08-01 02:02:55

2021-08-01 02:02:55 开始第 37 次操作

2021-08-01 02:02:55 开始操作号码 【1874110】
2021-08-01 02:03:03 GSD getOne 第 1 次 等待 3 秒
2021-08-01 02:03:06 查询号码 【1874110】，返回信息 {"status":"bad","msg":""}
2021-08-01 02:03:06 查询号码 【1874110】，GSD为【""】
2021-08-01 02:03:06 bad
2021-08-01 02:03:09 CHB 1874110?1627754586 第 1 次 等待 3 秒
2021-08-01 02:03:12 CHB 1874110?1627754586 第 1 次 获取到号码【1874110】GSD
2021-08-01 02:03:12 获取到号码【1874110】的GSD为【辽宁-大连】
2021-08-01 02:03:16 GSD insert 第 1 次 等待 3 秒
2021-08-01 02:03:19 {"status":"ok","gid":462640,"msg":"添加成功！"}
2021-08-01 02:03:19 下次操作: 2021-08-01 02:03:31

2021-08-01 02:03:32 开始第 38 次操作

2021-08-01 02:03:32 开始操作号码 【1874109】
2021-08-01 02:03:36 GSD getOne 第 1 次 等待 3 秒
2021-08-01 02:03:39 查询号码 【1874109】，返回信息 {"status":"bad","msg":""}
2021-08-01 02:03:39 查询号码 【1874109】，GSD为【""】
2021-08-01 02:03:39 bad
2021-08-01 02:03:40 CHB 1874109?1627754619 第 1 次 等待 3 秒
2021-08-01 02:03:43 CHB 1874109?1627754619 第 1 次 获取到号码【1874109】GSD
2021-08-01 02:03:44 获取到号码【1874109】的GSD为【辽宁-铁岭】
2021-08-01 02:03:47 GSD insert 第 1 次 等待 3 秒
2021-08-01 02:03:50 {"status":"ok","gid":462648,"msg":"添加成功！"}
2021-08-01 02:03:50 下次操作: 2021-08-01 02:04:03

2021-08-01 02:04:03 开始第 39 次操作

2021-08-01 02:04:03 开始操作号码 【1874108】
2021-08-01 02:04:07 GSD getOne 第 1 次 等待 3 秒
2021-08-01 02:04:10 查询号码 【1874108】，返回信息 {"status":"bad","msg":""}
2021-08-01 02:04:10 查询号码 【1874108】，GSD为【""】
2021-08-01 02:04:10 bad
2021-08-01 02:04:12 CHB 1874108?1627754650 第 1 次 等待 3 秒
2021-08-01 02:04:15 CHB 1874108?1627754650 第 1 次 获取到号码【1874108】GSD
2021-08-01 02:04:15 获取到号码【1874108】的GSD为【辽宁-铁岭】
2021-08-01 02:04:19 GSD insert 第 1 次 等待 3 秒
2021-08-01 02:04:22 {"status":"ok","gid":462654,"msg":"添加成功！"}
2021-08-01 02:04:22 下次操作: 2021-08-01 02:04:35

2021-08-01 02:04:35 开始第 40 次操作

2021-08-01 02:04:35 开始操作号码 【1874107】
2021-08-01 02:04:38 GSD getOne 第 1 次 等待 3 秒
2021-08-01 02:04:41 查询号码 【1874107】，返回信息 {"status":"bad","msg":""}
2021-08-01 02:04:41 查询号码 【1874107】，GSD为【""】
2021-08-01 02:04:41 bad
2021-08-01 02:04:43 CHB 1874107?1627754681 第 1 次 等待 3 秒
2021-08-01 02:04:46 CHB 1874107?1627754681 第 1 次 获取到号码【1874107】GSD
2021-08-01 02:04:46 获取到号码【1874107】的GSD为【辽宁-铁岭】
2021-08-01 02:04:50 GSD insert 第 1 次 等待 3 秒
2021-08-01 02:04:53 {"status":"ok","gid":462663,"msg":"添加成功！"}

