2024-07-09 00:24:18 开始第 4933 次操作

2024-07-09 00:24:18 开始操作号码 【1474843】
2024-07-09 00:24:28 GSD getOne 第 1 次 等待 3 秒
2024-07-09 00:24:31 查询号码 【1474843】，返回信息 {"status":"ok","msg":"广东-广州","gid":"356975","time_insert":"2021-07-22 17:04"}
2024-07-09 00:24:31 查询号码 【1474843】，GSD为【"广东-广州"】

2024-07-09 00:24:32 开始第 4934 次操作

2024-07-09 00:24:32 开始操作号码 【1474844】
2024-07-09 00:24:40 GSD getOne 第 1 次 等待 3 秒
2024-07-09 00:24:43 查询号码 【1474844】，返回信息 {"status":"ok","msg":"广东-广州","gid":"357073","time_insert":"2021-07-22 17:18"}
2024-07-09 00:24:43 查询号码 【1474844】，GSD为【"广东-广州"】

2024-07-09 00:24:44 开始第 4935 次操作

2024-07-09 00:24:44 开始操作号码 【1474845】
2024-07-09 00:24:54 GSD getOne 第 1 次 等待 3 秒
2024-07-09 00:24:57 查询号码 【1474845】，返回信息 {"status":"ok","msg":"广东-广州","gid":"357168","time_insert":"2021-07-22 17:32"}
2024-07-09 00:24:57 查询号码 【1474845】，GSD为【"广东-广州"】

2024-07-09 00:24:58 开始第 4936 次操作

2024-07-09 00:24:58 开始操作号码 【1474846】
2024-07-09 00:25:08 GSD getOne 第 1 次 等待 3 秒
2024-07-09 00:25:11 查询号码 【1474846】，返回信息 {"status":"ok","msg":"广东-广州","gid":"357271","time_insert":"2021-07-22 17:46"}
2024-07-09 00:25:11 查询号码 【1474846】，GSD为【"广东-广州"】

