2024-07-02 00:23:14 开始第 3705 次操作

2024-07-02 00:23:14 开始操作号码 【1473615】
2024-07-02 00:23:32 GSD getOne 第 1 次 等待 3 秒
2024-07-02 00:23:35 查询号码 【1473615】，返回信息 {"status":"ok","msg":"广西-南宁","gid":"247222","time_insert":"2021-07-11 10:44"}
2024-07-02 00:23:35 查询号码 【1473615】，GSD为【"广西-南宁"】

2024-07-02 00:23:36 开始第 3706 次操作

2024-07-02 00:23:36 开始操作号码 【1473616】
2024-07-02 00:23:52 GSD getOne 第 1 次 等待 3 秒
2024-07-02 00:23:55 查询号码 【1473616】，返回信息 {"status":"ok","msg":"广西-南宁","gid":"247445","time_insert":"2021-07-11 10:58"}
2024-07-02 00:23:56 查询号码 【1473616】，GSD为【"广西-南宁"】

2024-07-02 00:23:57 开始第 3707 次操作

2024-07-02 00:23:57 开始操作号码 【1473617】
2024-07-02 00:24:18 GSD getOne 第 1 次 等待 3 秒
2024-07-02 00:24:21 查询号码 【1473617】，返回信息 {"status":"ok","msg":"广西-南宁","gid":"247512","time_insert":"2021-07-11 11:12"}
2024-07-02 00:24:21 查询号码 【1473617】，GSD为【"广西-南宁"】

2024-07-02 00:24:22 开始第 3708 次操作

2024-07-02 00:24:22 开始操作号码 【1473618】
2024-07-02 00:24:43 GSD getOne 第 1 次 等待 3 秒
2024-07-02 00:24:46 查询号码 【1473618】，返回信息 {"status":"ok","msg":"广西-南宁","gid":"247536","time_insert":"2021-07-11 11:26"}
2024-07-02 00:24:46 查询号码 【1473618】，GSD为【"广西-南宁"】

2024-07-02 00:43:10 开始第 3709 次操作

2024-07-02 00:43:10 开始操作号码 【1473619】
2024-07-02 00:43:40 GSD getOne 第 1 次 等待 3 秒
2024-07-02 00:43:43 查询号码 【1473619】，返回信息 {"status":"ok","msg":"广西-崇左","gid":"247556","time_insert":"2021-07-11 11:38"}
2024-07-02 00:43:43 查询号码 【1473619】，GSD为【"广西-崇左"】

2024-07-02 00:43:44 开始第 3710 次操作

2024-07-02 00:43:44 开始操作号码 【1473620】
2024-07-02 00:44:03 GSD getOne 第 1 次 等待 3 秒
2024-07-02 00:44:06 查询号码 【1473620】，返回信息 {"status":"ok","msg":"广西-贺州","gid":"247749","time_insert":"2021-07-11 11:52"}
2024-07-02 00:44:06 查询号码 【1473620】，GSD为【"广西-贺州"】

2024-07-02 00:44:07 开始第 3711 次操作

2024-07-02 00:44:07 开始操作号码 【1473621】
2024-07-02 00:44:27 GSD getOne 第 1 次 等待 3 秒
2024-07-02 00:44:30 查询号码 【1473621】，返回信息 {"status":"ok","msg":"广西-贺州","gid":"247876","time_insert":"2021-07-11 12:06"}
2024-07-02 00:44:30 查询号码 【1473621】，GSD为【"广西-贺州"】

2024-07-02 00:44:31 开始第 3712 次操作

2024-07-02 00:44:31 开始操作号码 【1473622】
2024-07-02 00:44:48 GSD getOne 第 1 次 等待 3 秒
2024-07-02 00:44:51 查询号码 【1473622】，返回信息 {"status":"ok","msg":"广西-河池","gid":"247896","time_insert":"2021-07-11 12:18"}
2024-07-02 00:44:51 查询号码 【1473622】，GSD为【"广西-河池"】

