2023-11-12 00:20:18 开始第 7997 次操作

2023-11-12 00:20:18 开始操作号码 【1907911】
2023-11-12 00:20:22 GSD getOne 第 1 次 等待 3 秒
2023-11-12 00:20:25 查询号码 【1907911】，返回信息 {"status":"ok","msg":"江西-南昌","gid":"686755","time_insert":"2023-04-30 12:11"}
2023-11-12 00:20:25 查询号码 【1907911】，GSD为【"江西-南昌"】

2023-11-12 00:20:26 开始第 7998 次操作

2023-11-12 00:20:26 开始操作号码 【1907912】
2023-11-12 00:20:32 GSD getOne 第 1 次 等待 3 秒
2023-11-12 00:20:35 查询号码 【1907912】，返回信息 {"status":"ok","msg":"江西-南昌","gid":"686780","time_insert":"2023-04-30 12:33"}
2023-11-12 00:20:35 查询号码 【1907912】，GSD为【"江西-南昌"】

2023-11-12 00:20:36 开始第 7999 次操作

2023-11-12 00:20:36 开始操作号码 【1907913】
2023-11-12 00:20:40 GSD getOne 第 1 次 等待 3 秒
2023-11-12 00:20:43 查询号码 【1907913】，返回信息 {"status":"ok","msg":"江西-南昌","gid":"686793","time_insert":"2023-04-30 12:43"}
2023-11-12 00:20:43 查询号码 【1907913】，GSD为【"江西-南昌"】

2023-11-12 00:20:44 开始第 8000 次操作

2023-11-12 00:20:44 开始操作号码 【1907914】
2023-11-12 00:20:49 GSD getOne 第 1 次 等待 3 秒
2023-11-12 00:20:52 查询号码 【1907914】，返回信息 {"status":"ok","msg":"江西-南昌","gid":"686822","time_insert":"2023-04-30 13:05"}
2023-11-12 00:20:52 查询号码 【1907914】，GSD为【"江西-南昌"】

