2024-01-28 00:20:02 开始第 497 次操作

2024-01-28 00:20:02 开始操作号码 【1690412】
2024-01-28 00:20:06 GSD getOne 第 1 次 等待 3 秒
2024-01-28 00:20:09 查询号码 【1690412】，返回信息 {"status":"ok","msg":"-","gid":"537822","time_insert":"2023-02-18 10:49"}
2024-01-28 00:20:10 查询号码 【1690412】，GSD为【"-"】
2024-01-28 00:20:10 ok && -
2024-01-28 00:20:12 CHB 1690412?1706372410 第 1 次 等待 3 秒
2024-01-28 00:20:15 CHB 1690412?1706372410 第 1 次 获取到号码【1690412】GSD
2024-01-28 00:20:15 未获取到号码【1690412】GSD，可能号码格式错误
2024-01-28 00:20:15 获取到号码【1690412】的GSD为【-】
2024-01-28 00:20:22 GSD insert 第 1 次 等待 3 秒
2024-01-28 00:20:25 {"status":"bad","gid":"537822","msg":"添加失败！号码【1690412(-|-)】已存在！"}
2024-01-28 00:20:25 随机等待 176 秒，约 2 分钟
2024-01-28 00:20:25 下次操作: 2024-01-28 00:23:21

2024-01-28 00:23:21 开始第 498 次操作

2024-01-28 00:23:21 开始操作号码 【1690413】
2024-01-28 00:23:26 GSD getOne 第 1 次 等待 3 秒
2024-01-28 00:23:29 查询号码 【1690413】，返回信息 {"status":"ok","msg":"-","gid":"537846","time_insert":"2023-02-18 11:05"}
2024-01-28 00:23:29 查询号码 【1690413】，GSD为【"-"】
2024-01-28 00:23:29 ok && -
2024-01-28 00:23:32 CHB 1690413?1706372609 第 1 次 等待 3 秒
2024-01-28 00:23:35 CHB 1690413?1706372609 第 1 次 获取到号码【1690413】GSD
2024-01-28 00:23:35 未获取到号码【1690413】GSD，可能号码格式错误
2024-01-28 00:23:35 获取到号码【1690413】的GSD为【-】
2024-01-28 00:23:39 GSD insert 第 1 次 等待 3 秒
2024-01-28 00:23:42 {"status":"bad","gid":"537846","msg":"添加失败！号码【1690413(-|-)】已存在！"}
2024-01-28 00:23:42 随机等待 83 秒，约 1 分钟
2024-01-28 00:23:42 下次操作: 2024-01-28 00:25:05

2024-01-28 00:25:05 开始第 499 次操作

2024-01-28 00:25:05 开始操作号码 【1690414】
2024-01-28 00:25:11 GSD getOne 第 1 次 等待 3 秒
2024-01-28 00:25:14 查询号码 【1690414】，返回信息 {"status":"ok","msg":"-","gid":"537872","time_insert":"2023-02-18 11:24"}
2024-01-28 00:25:14 查询号码 【1690414】，GSD为【"-"】
2024-01-28 00:25:14 ok && -
2024-01-28 00:25:20 CHB 1690414?1706372714 第 1 次 等待 3 秒
2024-01-28 00:25:23 CHB 1690414?1706372714 第 1 次 获取到号码【1690414】GSD
2024-01-28 00:25:23 未获取到号码【1690414】GSD，可能号码格式错误
2024-01-28 00:25:23 获取到号码【1690414】的GSD为【-】
2024-01-28 00:25:27 GSD insert 第 1 次 等待 3 秒
2024-01-28 00:25:30 {"status":"bad","gid":"537872","msg":"添加失败！号码【1690414(-|-)】已存在！"}
2024-01-28 00:25:30 随机等待 85 秒，约 1 分钟
2024-01-28 00:25:30 下次操作: 2024-01-28 00:26:55

2024-01-28 00:26:55 开始第 500 次操作

2024-01-28 00:26:55 开始操作号码 【1690415】
2024-01-28 00:26:59 GSD getOne 第 1 次 等待 3 秒
2024-01-28 00:27:02 查询号码 【1690415】，返回信息 {"status":"ok","msg":"-","gid":"537896","time_insert":"2023-02-18 11:39"}
2024-01-28 00:27:02 查询号码 【1690415】，GSD为【"-"】
2024-01-28 00:27:02 ok && -
2024-01-28 00:27:04 CHB 1690415?1706372822 第 1 次 等待 3 秒
2024-01-28 00:27:07 CHB 1690415?1706372822 第 1 次 获取到号码【1690415】GSD
2024-01-28 00:27:07 未获取到号码【1690415】GSD，可能号码格式错误
2024-01-28 00:27:07 获取到号码【1690415】的GSD为【-】
2024-01-28 00:27:13 GSD insert 第 1 次 等待 3 秒
2024-01-28 00:27:16 {"status":"bad","gid":"537896","msg":"添加失败！号码【1690415(-|-)】已存在！"}

