2024-03-16 00:22:05 开始第 8977 次操作

2024-03-16 00:22:05 开始操作号码 【1698890】
2024-03-16 00:22:29 GSD getOne 第 1 次 等待 3 秒
2024-03-16 00:22:32 查询号码 【1698890】，返回信息 {"status":"ok","msg":"-","gid":"648473","time_insert":"2023-04-12 02:40"}
2024-03-16 00:22:33 查询号码 【1698890】，GSD为【"-"】
2024-03-16 00:22:33 ok && -
2024-03-16 00:22:35 CHB 1698890?1710519753 第 1 次 等待 3 秒
2024-03-16 00:22:38 CHB 1698890?1710519753 第 1 次 获取到号码【1698890】GSD
2024-03-16 00:22:39 未获取到号码【1698890】GSD，可能号码格式错误
2024-03-16 00:22:39 获取到号码【1698890】的GSD为【-】
2024-03-16 00:22:58 GSD insert 第 1 次 等待 3 秒
2024-03-16 00:23:01 {"status":"bad","gid":"648473","msg":"添加失败！号码【1698890(-|-)】已存在！"}
2024-03-16 00:23:01 随机等待 155 秒，约 2 分钟
2024-03-16 00:23:01 下次操作: 2024-03-16 00:25:36

2024-03-16 00:25:36 开始第 8978 次操作

2024-03-16 00:25:36 开始操作号码 【1698891】
2024-03-16 00:25:42 GSD getOne 第 1 次 等待 3 秒
2024-03-16 00:25:45 查询号码 【1698891】，返回信息 {"status":"ok","msg":"-","gid":"648470","time_insert":"2023-04-12 02:38"}
2024-03-16 00:25:45 查询号码 【1698891】，GSD为【"-"】
2024-03-16 00:25:45 ok && -
2024-03-16 00:25:48 CHB 1698891?1710519945 第 1 次 等待 3 秒
2024-03-16 00:25:51 CHB 1698891?1710519945 第 1 次 获取到号码【1698891】GSD
2024-03-16 00:25:51 未获取到号码【1698891】GSD，可能号码格式错误
2024-03-16 00:25:51 获取到号码【1698891】的GSD为【-】
2024-03-16 00:25:55 GSD insert 第 1 次 等待 3 秒
2024-03-16 00:25:58 {"status":"bad","gid":"648470","msg":"添加失败！号码【1698891(-|-)】已存在！"}
2024-03-16 00:25:58 随机等待 121 秒，约 2 分钟
2024-03-16 00:25:58 下次操作: 2024-03-16 00:27:59

2024-03-16 00:27:59 开始第 8979 次操作

2024-03-16 00:27:59 开始操作号码 【1698892】
2024-03-16 00:28:05 GSD getOne 第 1 次 等待 3 秒
2024-03-16 00:28:08 查询号码 【1698892】，返回信息 {"status":"ok","msg":"-","gid":"648466","time_insert":"2023-04-12 02:36"}
2024-03-16 00:28:08 查询号码 【1698892】，GSD为【"-"】
2024-03-16 00:28:08 ok && -
2024-03-16 00:28:14 CHB 1698892?1710520088 第 1 次 等待 3 秒
2024-03-16 00:28:17 CHB 1698892?1710520088 第 1 次 获取到号码【1698892】GSD
2024-03-16 00:28:17 未获取到号码【1698892】GSD，可能号码格式错误
2024-03-16 00:28:17 获取到号码【1698892】的GSD为【-】
2024-03-16 00:28:23 GSD insert 第 1 次 等待 3 秒
2024-03-16 00:28:26 {"status":"bad","gid":"648466","msg":"添加失败！号码【1698892(-|-)】已存在！"}
2024-03-16 00:28:26 随机等待 186 秒，约 3 分钟
2024-03-16 00:28:26 下次操作: 2024-03-16 00:31:32

2024-03-16 00:31:32 开始第 8980 次操作

2024-03-16 00:31:32 开始操作号码 【1698893】
2024-03-16 00:31:39 GSD getOne 第 1 次 等待 3 秒
2024-03-16 00:31:42 查询号码 【1698893】，返回信息 {"status":"ok","msg":"-","gid":"648462","time_insert":"2023-04-12 02:33"}
2024-03-16 00:31:42 查询号码 【1698893】，GSD为【"-"】
2024-03-16 00:31:42 ok && -
2024-03-16 00:31:44 CHB 1698893?1710520302 第 1 次 等待 3 秒
2024-03-16 00:31:47 CHB 1698893?1710520302 第 1 次 获取到号码【1698893】GSD
2024-03-16 00:31:47 未获取到号码【1698893】GSD，可能号码格式错误
2024-03-16 00:31:47 获取到号码【1698893】的GSD为【-】
2024-03-16 00:31:54 GSD insert 第 1 次 等待 3 秒
2024-03-16 00:31:57 {"status":"bad","gid":"648462","msg":"添加失败！号码【1698893(-|-)】已存在！"}

