2021-07-14 00:58:41 开始第 1 次操作

2021-07-14 00:58:41 开始操作号码 【1338608】
2021-07-14 00:58:46 GSD getOne 第 1 次 等待 1 秒
2021-07-14 00:58:47 查询号码 【1338608】，返回信息 {"status":"bad","msg":""}
2021-07-14 00:58:47 查询号码 【1338608】，GSD为【""】
2021-07-14 00:58:47 bad
2021-07-14 00:58:49 CHB 1338608?1626195527 第 1 次 等待 1 秒
2021-07-14 00:58:50 CHB 1338608?1626195527 第 1 次 获取到号码【1338608】GSD
2021-07-14 00:58:51 获取到号码【1338608】的GSD为【上海-上海】
2021-07-14 00:58:57 GSD insert 第 1 次 等待 1 秒
2021-07-14 00:58:58 {"status":"ok","gid":269749,"msg":"添加成功！"}
2021-07-14 00:58:58 下次操作: 2021-07-14 00:59:04

2021-07-14 00:59:04 开始第 2 次操作

2021-07-14 00:59:04 开始操作号码 【1338607】
2021-07-14 00:59:07 GSD getOne 第 1 次 等待 1 秒
2021-07-14 00:59:08 查询号码 【1338607】，返回信息 {"status":"bad","msg":""}
2021-07-14 00:59:08 查询号码 【1338607】，GSD为【""】
2021-07-14 00:59:08 bad
2021-07-14 00:59:11 CHB 1338607?1626195548 第 1 次 等待 1 秒
2021-07-14 00:59:12 CHB 1338607?1626195548 第 1 次 获取到号码【1338607】GSD
2021-07-14 00:59:12 获取到号码【1338607】的GSD为【上海-上海】
2021-07-14 00:59:18 GSD insert 第 1 次 等待 1 秒
2021-07-14 00:59:19 {"status":"ok","gid":269750,"msg":"添加成功！"}
2021-07-14 00:59:19 下次操作: 2021-07-14 00:59:27

2021-07-14 00:59:27 开始第 3 次操作

2021-07-14 00:59:27 开始操作号码 【1338606】
2021-07-14 00:59:30 GSD getOne 第 1 次 等待 1 秒
2021-07-14 00:59:31 查询号码 【1338606】，返回信息 {"status":"bad","msg":""}
2021-07-14 00:59:31 查询号码 【1338606】，GSD为【""】
2021-07-14 00:59:31 bad
2021-07-14 00:59:33 CHB 1338606?1626195571 第 1 次 等待 1 秒
2021-07-14 00:59:34 CHB 1338606?1626195571 第 1 次 获取到号码【1338606】GSD
2021-07-14 00:59:34 获取到号码【1338606】的GSD为【上海-上海】
2021-07-14 00:59:37 GSD insert 第 1 次 等待 1 秒
2021-07-14 00:59:38 {"status":"ok","gid":269751,"msg":"添加成功！"}
2021-07-14 00:59:38 下次操作: 2021-07-14 00:59:44

2021-07-14 00:59:44 开始第 4 次操作

2021-07-14 00:59:44 开始操作号码 【1338605】
2021-07-14 00:59:47 GSD getOne 第 1 次 等待 1 秒
2021-07-14 00:59:48 查询号码 【1338605】，返回信息 {"status":"bad","msg":""}
2021-07-14 00:59:48 查询号码 【1338605】，GSD为【""】
2021-07-14 00:59:48 bad
2021-07-14 00:59:50 CHB 1338605?1626195588 第 1 次 等待 1 秒
2021-07-14 00:59:51 CHB 1338605?1626195588 第 1 次 获取到号码【1338605】GSD
2021-07-14 00:59:51 获取到号码【1338605】的GSD为【上海-上海】
2021-07-14 00:59:54 GSD insert 第 1 次 等待 1 秒
2021-07-14 00:59:55 {"status":"ok","gid":269753,"msg":"添加成功！"}
2021-07-14 00:59:55 下次操作: 2021-07-14 01:00:05

2021-07-14 01:00:05 开始第 5 次操作

2021-07-14 01:00:05 开始操作号码 【1338604】
2021-07-14 01:00:13 GSD getOne 第 1 次 等待 1 秒
2021-07-14 01:00:14 查询号码 【1338604】，返回信息 {"status":"bad","msg":""}
2021-07-14 01:00:14 查询号码 【1338604】，GSD为【""】
2021-07-14 01:00:14 bad
2021-07-14 01:00:17 CHB 1338604?1626195614 第 1 次 等待 1 秒
2021-07-14 01:00:18 CHB 1338604?1626195614 第 1 次 获取到号码【1338604】GSD
2021-07-14 01:00:18 获取到号码【1338604】的GSD为【上海-上海】
2021-07-14 01:00:25 GSD insert 第 1 次 等待 1 秒
2021-07-14 01:00:26 {"status":"ok","gid":269756,"msg":"添加成功！"}
2021-07-14 01:00:26 下次操作: 2021-07-14 01:00:35

2021-07-14 01:00:35 开始第 6 次操作

2021-07-14 01:00:35 开始操作号码 【1338603】
2021-07-14 01:00:41 GSD getOne 第 1 次 等待 1 秒
2021-07-14 01:00:42 查询号码 【1338603】，返回信息 {"status":"bad","msg":""}
2021-07-14 01:00:42 查询号码 【1338603】，GSD为【""】
2021-07-14 01:00:42 bad
2021-07-14 01:00:44 CHB 1338603?1626195642 第 1 次 等待 1 秒
2021-07-14 01:00:45 CHB 1338603?1626195642 第 1 次 获取到号码【1338603】GSD
2021-07-14 01:00:45 获取到号码【1338603】的GSD为【上海-上海】
2021-07-14 01:00:56 GSD insert 第 1 次 等待 1 秒
2021-07-14 01:00:57 {"status":"ok","gid":269757,"msg":"添加成功！"}
2021-07-14 01:00:57 下次操作: 2021-07-14 01:01:13

2021-07-14 01:01:13 开始第 7 次操作

2021-07-14 01:01:13 开始操作号码 【1338602】
2021-07-14 01:01:17 GSD getOne 第 1 次 等待 1 秒
2021-07-14 01:01:18 查询号码 【1338602】，返回信息 {"status":"bad","msg":""}
2021-07-14 01:01:18 查询号码 【1338602】，GSD为【""】
2021-07-14 01:01:18 bad
2021-07-14 01:01:20 CHB 1338602?1626195678 第 1 次 等待 1 秒
2021-07-14 01:01:21 CHB 1338602?1626195678 第 1 次 获取到号码【1338602】GSD
2021-07-14 01:01:21 获取到号码【1338602】的GSD为【上海-上海】
2021-07-14 01:01:24 GSD insert 第 1 次 等待 1 秒
2021-07-14 01:01:25 {"status":"ok","gid":269760,"msg":"添加成功！"}
2021-07-14 01:01:25 下次操作: 2021-07-14 01:01:43

2021-07-14 01:01:43 开始第 8 次操作

2021-07-14 01:01:43 开始操作号码 【1338601】
2021-07-14 01:01:45 GSD getOne 第 1 次 等待 1 秒
2021-07-14 01:01:46 查询号码 【1338601】，返回信息 {"status":"bad","msg":""}
2021-07-14 01:01:46 查询号码 【1338601】，GSD为【""】
2021-07-14 01:01:46 bad
2021-07-14 01:01:48 CHB 1338601?1626195706 第 1 次 等待 1 秒
2021-07-14 01:01:49 CHB 1338601?1626195706 第 1 次 获取到号码【1338601】GSD
2021-07-14 01:01:49 获取到号码【1338601】的GSD为【上海-上海】
2021-07-14 01:01:54 GSD insert 第 1 次 等待 1 秒
2021-07-14 01:01:55 {"status":"ok","gid":269762,"msg":"添加成功！"}
2021-07-14 01:01:55 下次操作: 2021-07-14 01:02:04

2021-07-14 01:02:04 开始第 9 次操作

2021-07-14 01:02:04 开始操作号码 【1338600】
2021-07-14 01:02:11 GSD getOne 第 1 次 等待 1 秒
2021-07-14 01:02:12 查询号码 【1338600】，返回信息 {"status":"bad","msg":""}
2021-07-14 01:02:12 查询号码 【1338600】，GSD为【""】
2021-07-14 01:02:12 bad
2021-07-14 01:02:15 CHB 1338600?1626195732 第 1 次 等待 1 秒
2021-07-14 01:02:16 CHB 1338600?1626195732 第 1 次 获取到号码【1338600】GSD
2021-07-14 01:02:16 获取到号码【1338600】的GSD为【上海-上海】
2021-07-14 01:02:20 GSD insert 第 1 次 等待 1 秒
2021-07-14 01:02:21 {"status":"ok","gid":269764,"msg":"添加成功！"}
2021-07-14 01:02:21 下次操作: 2021-07-14 01:02:39

2021-07-14 01:02:39 开始第 10 次操作

2021-07-14 01:02:39 开始操作号码 【1338599】
2021-07-14 01:02:44 GSD getOne 第 1 次 等待 1 秒
2021-07-14 01:02:45 查询号码 【1338599】，返回信息 {"status":"bad","msg":""}
2021-07-14 01:02:45 查询号码 【1338599】，GSD为【""】
2021-07-14 01:02:45 bad
2021-07-14 01:02:46 CHB 1338599?1626195765 第 1 次 等待 1 秒
2021-07-14 01:02:47 CHB 1338599?1626195765 第 1 次 获取到号码【1338599】GSD
2021-07-14 01:02:48 获取到号码【1338599】的GSD为【福建-南平】
2021-07-14 01:02:54 GSD insert 第 1 次 等待 1 秒
2021-07-14 01:02:55 {"status":"ok","gid":269770,"msg":"添加成功！"}
2021-07-14 01:02:55 下次操作: 2021-07-14 01:03:03

2021-07-14 01:03:03 开始第 11 次操作

2021-07-14 01:03:03 开始操作号码 【1338598】
2021-07-14 01:03:12 GSD getOne 第 1 次 等待 1 秒
2021-07-14 01:03:13 查询号码 【1338598】，返回信息 {"status":"bad","msg":""}
2021-07-14 01:03:14 查询号码 【1338598】，GSD为【""】
2021-07-14 01:03:14 bad
2021-07-14 01:03:15 CHB 1338598?1626195794 第 1 次 等待 1 秒
2021-07-14 01:03:16 CHB 1338598?1626195794 第 1 次 获取到号码【1338598】GSD
2021-07-14 01:03:16 获取到号码【1338598】的GSD为【福建-三明】
2021-07-14 01:03:24 GSD insert 第 1 次 等待 1 秒
2021-07-14 01:03:25 {"status":"ok","gid":269774,"msg":"添加成功！"}
2021-07-14 01:03:25 下次操作: 2021-07-14 01:03:43

2021-07-14 01:03:43 开始第 12 次操作

2021-07-14 01:03:43 开始操作号码 【1338597】
2021-07-14 01:03:52 GSD getOne 第 1 次 等待 1 秒
2021-07-14 01:03:53 查询号码 【1338597】，返回信息 {"status":"bad","msg":""}
2021-07-14 01:03:53 查询号码 【1338597】，GSD为【""】
2021-07-14 01:03:53 bad
2021-07-14 01:03:55 CHB 1338597?1626195833 第 1 次 等待 1 秒
2021-07-14 01:03:56 CHB 1338597?1626195833 第 1 次 获取到号码【1338597】GSD
2021-07-14 01:03:56 获取到号码【1338597】的GSD为【福建-龙岩】
2021-07-14 01:04:00 GSD insert 第 1 次 等待 1 秒
2021-07-14 01:04:01 {"status":"ok","gid":269785,"msg":"添加成功！"}
2021-07-14 01:04:01 下次操作: 2021-07-14 01:04:08

2021-07-14 01:04:08 开始第 13 次操作

2021-07-14 01:04:08 开始操作号码 【1338596】
2021-07-14 01:04:18 GSD getOne 第 1 次 等待 1 秒
2021-07-14 01:04:19 查询号码 【1338596】，返回信息 {"status":"bad","msg":""}
2021-07-14 01:04:19 查询号码 【1338596】，GSD为【""】
2021-07-14 01:04:19 bad
2021-07-14 01:04:21 CHB 1338596?1626195859 第 1 次 等待 1 秒
2021-07-14 01:04:22 CHB 1338596?1626195859 第 1 次 获取到号码【1338596】GSD
2021-07-14 01:04:22 获取到号码【1338596】的GSD为【福建-漳州】
2021-07-14 01:04:31 GSD insert 第 1 次 等待 1 秒
2021-07-14 01:04:32 {"status":"ok","gid":269794,"msg":"添加成功！"}
2021-07-14 01:04:32 下次操作: 2021-07-14 01:04:49

2021-07-14 01:04:49 开始第 14 次操作

2021-07-14 01:04:49 开始操作号码 【1338595】
2021-07-14 01:05:11 GSD getOne 第 1 次 等待 1 秒
2021-07-14 01:05:12 查询号码 【1338595】，返回信息 {"status":"bad","msg":""}
2021-07-14 01:05:12 查询号码 【1338595】，GSD为【""】
2021-07-14 01:05:12 bad
2021-07-14 01:05:13 CHB 1338595?1626195912 第 1 次 等待 1 秒
2021-07-14 01:05:14 CHB 1338595?1626195912 第 1 次 获取到号码【1338595】GSD
2021-07-14 01:05:15 获取到号码【1338595】的GSD为【福建-泉州】
2021-07-14 01:05:22 GSD insert 第 1 次 等待 1 秒
2021-07-14 01:05:23 {"status":"ok","gid":269807,"msg":"添加成功！"}
2021-07-14 01:05:23 下次操作: 2021-07-14 01:05:31

2021-07-14 01:05:31 开始第 15 次操作

2021-07-14 01:05:31 开始操作号码 【1338594】
2021-07-14 01:05:39 GSD getOne 第 1 次 等待 1 秒
2021-07-14 01:05:40 查询号码 【1338594】，返回信息 {"status":"bad","msg":""}
2021-07-14 01:05:40 查询号码 【1338594】，GSD为【""】
2021-07-14 01:05:40 bad
2021-07-14 01:05:41 CHB 1338594?1626195940 第 1 次 等待 1 秒
2021-07-14 01:05:42 CHB 1338594?1626195940 第 1 次 获取到号码【1338594】GSD
2021-07-14 01:05:42 获取到号码【1338594】的GSD为【福建-莆田】
2021-07-14 01:05:51 GSD insert 第 1 次 等待 1 秒
2021-07-14 01:05:52 {"status":"ok","gid":269816,"msg":"添加成功！"}
2021-07-14 01:05:52 下次操作: 2021-07-14 01:06:04

2021-07-14 01:06:04 开始第 16 次操作

2021-07-14 01:06:04 开始操作号码 【1338593】
2021-07-14 01:06:06 GSD getOne 第 1 次 等待 1 秒
2021-07-14 01:06:07 查询号码 【1338593】，返回信息 {"status":"bad","msg":""}
2021-07-14 01:06:07 查询号码 【1338593】，GSD为【""】
2021-07-14 01:06:07 bad
2021-07-14 01:06:09 CHB 1338593?1626195967 第 1 次 等待 1 秒
2021-07-14 01:06:10 CHB 1338593?1626195967 第 1 次 获取到号码【1338593】GSD
2021-07-14 01:06:10 获取到号码【1338593】的GSD为【福建-宁德】
2021-07-14 01:06:23 GSD insert 第 1 次 等待 1 秒
2021-07-14 01:06:24 {"status":"ok","gid":269826,"msg":"添加成功！"}
2021-07-14 01:06:24 下次操作: 2021-07-14 01:06:38

2021-07-14 01:06:38 开始第 17 次操作

2021-07-14 01:06:38 开始操作号码 【1338592】
2021-07-14 01:06:41 GSD getOne 第 1 次 等待 1 秒
2021-07-14 01:06:42 查询号码 【1338592】，返回信息 {"status":"bad","msg":""}
2021-07-14 01:06:42 查询号码 【1338592】，GSD为【""】
2021-07-14 01:06:42 bad
2021-07-14 01:06:44 CHB 1338592?1626196002 第 1 次 等待 1 秒
2021-07-14 01:06:45 CHB 1338592?1626196002 第 1 次 获取到号码【1338592】GSD
2021-07-14 01:06:45 获取到号码【1338592】的GSD为【福建-厦门】
2021-07-14 01:06:48 GSD insert 第 1 次 等待 1 秒
2021-07-14 01:06:49 {"status":"ok","gid":269835,"msg":"添加成功！"}
2021-07-14 01:06:49 下次操作: 2021-07-14 01:07:01

2021-07-14 01:07:01 开始第 18 次操作

2021-07-14 01:07:01 开始操作号码 【1338591】
2021-07-14 01:07:11 GSD getOne 第 1 次 等待 1 秒
2021-07-14 01:07:12 查询号码 【1338591】，返回信息 {"status":"bad","msg":""}
2021-07-14 01:07:12 查询号码 【1338591】，GSD为【""】
2021-07-14 01:07:12 bad
2021-07-14 01:07:15 CHB 1338591?1626196032 第 1 次 等待 1 秒
2021-07-14 01:07:16 CHB 1338591?1626196032 第 1 次 获取到号码【1338591】GSD
2021-07-14 01:07:16 获取到号码【1338591】的GSD为【福建-福州】
2021-07-14 01:07:27 GSD insert 第 1 次 等待 1 秒
2021-07-14 01:07:28 {"status":"ok","gid":269848,"msg":"添加成功！"}
2021-07-14 01:07:28 下次操作: 2021-07-14 01:07:43

2021-07-14 01:07:43 开始第 19 次操作

2021-07-14 01:07:43 开始操作号码 【1338590】
2021-07-14 01:07:46 GSD getOne 第 1 次 等待 1 秒
2021-07-14 01:07:47 查询号码 【1338590】，返回信息 {"status":"bad","msg":""}
2021-07-14 01:07:47 查询号码 【1338590】，GSD为【""】
2021-07-14 01:07:47 bad
2021-07-14 01:07:49 CHB 1338590?1626196067 第 1 次 等待 1 秒
2021-07-14 01:07:50 CHB 1338590?1626196067 第 1 次 获取到号码【1338590】GSD
2021-07-14 01:07:50 获取到号码【1338590】的GSD为【福建-龙岩】
2021-07-14 01:07:57 GSD insert 第 1 次 等待 1 秒
2021-07-14 01:07:58 {"status":"ok","gid":269857,"msg":"添加成功！"}
2021-07-14 01:07:58 下次操作: 2021-07-14 01:08:08

2021-07-14 01:08:08 开始第 20 次操作

2021-07-14 01:08:08 开始操作号码 【1338589】
2021-07-14 01:08:13 GSD getOne 第 1 次 等待 1 秒
2021-07-14 01:08:14 查询号码 【1338589】，返回信息 {"status":"bad","msg":""}
2021-07-14 01:08:14 查询号码 【1338589】，GSD为【""】
2021-07-14 01:08:14 bad
2021-07-14 01:08:15 CHB 1338589?1626196094 第 1 次 等待 1 秒
2021-07-14 01:08:16 CHB 1338589?1626196094 第 1 次 获取到号码【1338589】GSD
2021-07-14 01:08:16 获取到号码【1338589】的GSD为【浙江-金华】
2021-07-14 01:08:24 GSD insert 第 1 次 等待 1 秒
2021-07-14 01:08:25 {"status":"ok","gid":269865,"msg":"添加成功！"}
2021-07-14 01:08:25 下次操作: 2021-07-14 01:08:31

2021-07-14 01:08:31 开始第 21 次操作

2021-07-14 01:08:31 开始操作号码 【1338588】
2021-07-14 01:08:37 GSD getOne 第 1 次 等待 1 秒
2021-07-14 01:08:38 查询号码 【1338588】，返回信息 {"status":"bad","msg":""}
2021-07-14 01:08:38 查询号码 【1338588】，GSD为【""】
2021-07-14 01:08:38 bad
2021-07-14 01:08:41 CHB 1338588?1626196118 第 1 次 等待 1 秒
2021-07-14 01:08:42 CHB 1338588?1626196118 第 1 次 获取到号码【1338588】GSD
2021-07-14 01:08:42 获取到号码【1338588】的GSD为【浙江-丽水】
2021-07-14 01:08:57 GSD insert 第 1 次 等待 1 秒
2021-07-14 01:08:58 {"status":"ok","gid":269876,"msg":"添加成功！"}
2021-07-14 01:08:58 下次操作: 2021-07-14 01:09:11

2021-07-14 01:09:11 开始第 22 次操作

2021-07-14 01:09:11 开始操作号码 【1338587】
2021-07-14 01:09:19 GSD getOne 第 1 次 等待 1 秒
2021-07-14 01:09:20 查询号码 【1338587】，返回信息 {"status":"bad","msg":""}
2021-07-14 01:09:20 查询号码 【1338587】，GSD为【""】
2021-07-14 01:09:20 bad
2021-07-14 01:09:22 CHB 1338587?1626196160 第 1 次 等待 1 秒
2021-07-14 01:09:23 CHB 1338587?1626196160 第 1 次 获取到号码【1338587】GSD
2021-07-14 01:09:23 获取到号码【1338587】的GSD为【浙江-温州】
2021-07-14 01:09:30 GSD insert 第 1 次 等待 1 秒
2021-07-14 01:09:31 {"status":"ok","gid":269887,"msg":"添加成功！"}
2021-07-14 01:09:31 下次操作: 2021-07-14 01:09:38

2021-07-14 01:09:38 开始第 23 次操作

2021-07-14 01:09:38 开始操作号码 【1338586】
2021-07-14 01:09:45 GSD getOne 第 1 次 等待 1 秒
2021-07-14 01:09:46 查询号码 【1338586】，返回信息 {"status":"ok","msg":"浙江-台州","gid":"50190","time_insert":"2021-04-21 15:34"}
2021-07-14 01:09:46 查询号码 【1338586】，GSD为【"浙江-台州"】

2021-07-14 01:09:46 开始第 23 次操作

2021-07-14 01:09:46 开始操作号码 【1338585】
2021-07-14 01:09:53 GSD getOne 第 1 次 等待 1 秒
2021-07-14 01:09:54 查询号码 【1338585】，返回信息 {"status":"bad","msg":""}
2021-07-14 01:09:54 查询号码 【1338585】，GSD为【""】
2021-07-14 01:09:54 bad
2021-07-14 01:09:56 CHB 1338585?1626196194 第 1 次 等待 1 秒
2021-07-14 01:09:57 CHB 1338585?1626196194 第 1 次 获取到号码【1338585】GSD
2021-07-14 01:09:57 获取到号码【1338585】的GSD为【浙江-绍兴】
2021-07-14 01:10:03 GSD insert 第 1 次 等待 1 秒
2021-07-14 01:10:04 {"status":"ok","gid":269899,"msg":"添加成功！"}
2021-07-14 01:10:04 下次操作: 2021-07-14 01:10:10

2021-07-14 01:10:10 开始第 24 次操作

2021-07-14 01:10:10 开始操作号码 【1338584】
2021-07-14 01:10:21 GSD getOne 第 1 次 等待 1 秒
2021-07-14 01:10:22 查询号码 【1338584】，返回信息 {"status":"bad","msg":""}
2021-07-14 01:10:22 查询号码 【1338584】，GSD为【""】
2021-07-14 01:10:22 bad
2021-07-14 01:10:23 CHB 1338584?1626196222 第 1 次 等待 1 秒
2021-07-14 01:10:24 CHB 1338584?1626196222 第 1 次 获取到号码【1338584】GSD
2021-07-14 01:10:24 获取到号码【1338584】的GSD为【浙江-宁波】
2021-07-14 01:10:27 GSD insert 第 1 次 等待 1 秒
2021-07-14 01:10:28 {"status":"ok","gid":269905,"msg":"添加成功！"}
2021-07-14 01:10:28 下次操作: 2021-07-14 01:10:41

2021-07-14 01:10:41 开始第 25 次操作

2021-07-14 01:10:41 开始操作号码 【1338583】
2021-07-14 01:10:53 GSD getOne 第 1 次 等待 1 秒
2021-07-14 01:10:54 查询号码 【1338583】，返回信息 {"status":"bad","msg":""}
2021-07-14 01:10:54 查询号码 【1338583】，GSD为【""】
2021-07-14 01:10:54 bad
2021-07-14 01:10:57 CHB 1338583?1626196254 第 1 次 等待 1 秒
2021-07-14 01:10:58 CHB 1338583?1626196254 第 1 次 获取到号码【1338583】GSD
2021-07-14 01:10:58 获取到号码【1338583】的GSD为【浙江-嘉兴】
2021-07-14 01:11:03 GSD insert 第 1 次 等待 1 秒
2021-07-14 01:11:04 {"status":"ok","gid":269915,"msg":"添加成功！"}
2021-07-14 01:11:04 下次操作: 2021-07-14 01:11:19

2021-07-14 01:11:19 开始第 26 次操作

2021-07-14 01:11:19 开始操作号码 【1338582】
2021-07-14 01:11:23 GSD getOne 第 1 次 等待 1 秒
2021-07-14 01:11:24 查询号码 【1338582】，返回信息 {"status":"bad","msg":""}
2021-07-14 01:11:24 查询号码 【1338582】，GSD为【""】
2021-07-14 01:11:24 bad
2021-07-14 01:11:26 CHB 1338582?1626196284 第 1 次 等待 1 秒
2021-07-14 01:11:27 CHB 1338582?1626196284 第 1 次 获取到号码【1338582】GSD
2021-07-14 01:11:27 获取到号码【1338582】的GSD为【浙江-湖州】
2021-07-14 01:11:31 GSD insert 第 1 次 等待 1 秒
2021-07-14 01:11:32 {"status":"ok","gid":269925,"msg":"添加成功！"}
2021-07-14 01:11:32 下次操作: 2021-07-14 01:11:40

2021-07-14 01:11:40 开始第 27 次操作

2021-07-14 01:11:40 开始操作号码 【1338581】
2021-07-14 01:11:45 GSD getOne 第 1 次 等待 1 秒
2021-07-14 01:11:46 查询号码 【1338581】，返回信息 {"status":"ok","msg":"浙江-杭州","gid":"3595","time_insert":"2018-10-29 17:30","time_update":"2020-08-27 17:18"}
2021-07-14 01:11:46 查询号码 【1338581】，GSD为【"浙江-杭州"】

2021-07-14 01:11:46 开始第 27 次操作

2021-07-14 01:11:46 开始操作号码 【1338580】
2021-07-14 01:11:52 GSD getOne 第 1 次 等待 1 秒
2021-07-14 01:11:53 查询号码 【1338580】，返回信息 {"status":"bad","msg":""}
2021-07-14 01:11:53 查询号码 【1338580】，GSD为【""】
2021-07-14 01:11:53 bad
2021-07-14 01:11:54 CHB 1338580?1626196313 第 1 次 等待 1 秒
2021-07-14 01:11:55 CHB 1338580?1626196313 第 1 次 获取到号码【1338580】GSD
2021-07-14 01:11:56 获取到号码【1338580】的GSD为【浙江-舟山】
2021-07-14 01:12:01 GSD insert 第 1 次 等待 1 秒
2021-07-14 01:12:02 {"status":"ok","gid":269933,"msg":"添加成功！"}
2021-07-14 01:12:02 下次操作: 2021-07-14 01:12:09

2021-07-14 01:12:09 开始第 28 次操作

2021-07-14 01:12:09 开始操作号码 【1338579】
2021-07-14 01:12:14 GSD getOne 第 1 次 等待 1 秒
2021-07-14 01:12:15 查询号码 【1338579】，返回信息 {"status":"bad","msg":""}
2021-07-14 01:12:15 查询号码 【1338579】，GSD为【""】
2021-07-14 01:12:15 bad
2021-07-14 01:12:21 CHB 1338579?1626196335 第 1 次 等待 1 秒
2021-07-14 01:12:22 CHB 1338579?1626196335 第 1 次 获取到号码【1338579】GSD
2021-07-14 01:12:22 获取到号码【1338579】的GSD为【浙江-金华】
2021-07-14 01:12:25 GSD insert 第 1 次 等待 1 秒
2021-07-14 01:12:26 {"status":"ok","gid":269944,"msg":"添加成功！"}
2021-07-14 01:12:26 下次操作: 2021-07-14 01:12:32

2021-07-14 01:12:32 开始第 29 次操作

2021-07-14 01:12:32 开始操作号码 【1338578】
2021-07-14 01:12:45 GSD getOne 第 1 次 等待 1 秒
2021-07-14 01:12:46 查询号码 【1338578】，返回信息 {"status":"bad","msg":""}
2021-07-14 01:12:46 查询号码 【1338578】，GSD为【""】
2021-07-14 01:12:46 bad
2021-07-14 01:12:47 CHB 1338578?1626196366 第 1 次 等待 1 秒
2021-07-14 01:12:48 CHB 1338578?1626196366 第 1 次 获取到号码【1338578】GSD
2021-07-14 01:12:49 获取到号码【1338578】的GSD为【浙江-丽水】
2021-07-14 01:12:56 GSD insert 第 1 次 等待 1 秒
2021-07-14 01:12:57 {"status":"ok","gid":269953,"msg":"添加成功！"}
2021-07-14 01:12:57 下次操作: 2021-07-14 01:13:13

2021-07-14 01:13:13 开始第 30 次操作

2021-07-14 01:13:13 开始操作号码 【1338577】
2021-07-14 01:13:16 GSD getOne 第 1 次 等待 1 秒
2021-07-14 01:13:17 查询号码 【1338577】，返回信息 {"status":"bad","msg":""}
2021-07-14 01:13:18 查询号码 【1338577】，GSD为【""】
2021-07-14 01:13:18 bad
2021-07-14 01:13:27 CHB 1338577?1626196398 第 1 次 等待 1 秒
2021-07-14 01:13:28 CHB 1338577?1626196398 第 1 次 获取到号码【1338577】GSD
2021-07-14 01:13:28 获取到号码【1338577】的GSD为【浙江-温州】
2021-07-14 01:13:33 GSD insert 第 1 次 等待 1 秒
2021-07-14 01:13:34 {"status":"ok","gid":269962,"msg":"添加成功！"}

