2024-07-27 00:25:29 开始第 8061 次操作

2024-07-27 00:25:29 开始操作号码 【1477971】
2024-07-27 00:25:37 GSD getOne 第 1 次 等待 3 秒
2024-07-27 00:25:40 查询号码 【1477971】，返回信息 {"status":"ok","msg":"江西-赣州","gid":"375717","time_insert":"2021-07-24 09:44"}
2024-07-27 00:25:40 查询号码 【1477971】，GSD为【"江西-赣州"】

2024-07-27 00:25:41 开始第 8062 次操作

2024-07-27 00:25:41 开始操作号码 【1477972】
2024-07-27 00:25:51 GSD getOne 第 1 次 等待 3 秒
2024-07-27 00:25:54 查询号码 【1477972】，返回信息 {"status":"ok","msg":"江西-赣州","gid":"375709","time_insert":"2021-07-24 09:44"}
2024-07-27 00:25:54 查询号码 【1477972】，GSD为【"江西-赣州"】

2024-07-27 00:25:55 开始第 8063 次操作

2024-07-27 00:25:55 开始操作号码 【1477973】
2024-07-27 00:26:03 GSD getOne 第 1 次 等待 3 秒
2024-07-27 00:26:06 查询号码 【1477973】，返回信息 {"status":"ok","msg":"江西-赣州","gid":"375700","time_insert":"2021-07-24 09:43"}
2024-07-27 00:26:06 查询号码 【1477973】，GSD为【"江西-赣州"】

2024-07-27 00:26:07 开始第 8064 次操作

2024-07-27 00:26:07 开始操作号码 【1477974】
2024-07-27 00:26:19 GSD getOne 第 1 次 等待 3 秒
2024-07-27 00:26:22 查询号码 【1477974】，返回信息 {"status":"ok","msg":"江西-赣州","gid":"375695","time_insert":"2021-07-24 09:43"}
2024-07-27 00:26:22 查询号码 【1477974】，GSD为【"江西-赣州"】

2024-07-27 00:43:52 开始第 8065 次操作

2024-07-27 00:43:52 开始操作号码 【1477975】
2024-07-27 00:44:03 GSD getOne 第 1 次 等待 3 秒
2024-07-27 00:44:06 查询号码 【1477975】，返回信息 {"status":"ok","msg":"江西-赣州","gid":"375684","time_insert":"2021-07-24 09:42"}
2024-07-27 00:44:06 查询号码 【1477975】，GSD为【"江西-赣州"】

2024-07-27 00:44:07 开始第 8066 次操作

2024-07-27 00:44:07 开始操作号码 【1477976】
2024-07-27 00:44:15 GSD getOne 第 1 次 等待 3 秒
2024-07-27 00:44:18 查询号码 【1477976】，返回信息 {"status":"ok","msg":"江西-赣州","gid":"375673","time_insert":"2021-07-24 09:42"}
2024-07-27 00:44:18 查询号码 【1477976】，GSD为【"江西-赣州"】

2024-07-27 00:44:19 开始第 8067 次操作

2024-07-27 00:44:19 开始操作号码 【1477977】
2024-07-27 00:44:28 GSD getOne 第 1 次 等待 3 秒
2024-07-27 00:44:31 查询号码 【1477977】，返回信息 {"status":"ok","msg":"江西-赣州","gid":"375665","time_insert":"2021-07-24 09:41"}
2024-07-27 00:44:31 查询号码 【1477977】，GSD为【"江西-赣州"】

2024-07-27 00:44:32 开始第 8068 次操作

2024-07-27 00:44:32 开始操作号码 【1477978】
2024-07-27 00:44:40 GSD getOne 第 1 次 等待 3 秒
2024-07-27 00:44:43 查询号码 【1477978】，返回信息 {"status":"ok","msg":"江西-赣州","gid":"375657","time_insert":"2021-07-24 09:41"}
2024-07-27 00:44:43 查询号码 【1477978】，GSD为【"江西-赣州"】

2024-07-27 01:16:18 开始第 8069 次操作

2024-07-27 01:16:18 开始操作号码 【1477979】
2024-07-27 01:16:26 GSD getOne 第 1 次 等待 3 秒
2024-07-27 01:16:29 查询号码 【1477979】，返回信息 {"status":"ok","msg":"江西-赣州","gid":"375648","time_insert":"2021-07-24 09:40"}
2024-07-27 01:16:29 查询号码 【1477979】，GSD为【"江西-赣州"】

2024-07-27 01:16:30 开始第 8070 次操作

2024-07-27 01:16:30 开始操作号码 【1477980】
2024-07-27 01:16:38 GSD getOne 第 1 次 等待 3 秒
2024-07-27 01:16:41 查询号码 【1477980】，返回信息 {"status":"ok","msg":"江西-景德镇","gid":"375637","time_insert":"2021-07-24 09:39"}
2024-07-27 01:16:41 查询号码 【1477980】，GSD为【"江西-景德镇"】

2024-07-27 01:16:42 开始第 8071 次操作

2024-07-27 01:16:42 开始操作号码 【1477981】
2024-07-27 01:16:51 GSD getOne 第 1 次 等待 3 秒
2024-07-27 01:16:54 查询号码 【1477981】，返回信息 {"status":"ok","msg":"江西-景德镇","gid":"375629","time_insert":"2021-07-24 09:39"}
2024-07-27 01:16:54 查询号码 【1477981】，GSD为【"江西-景德镇"】

2024-07-27 01:16:55 开始第 8072 次操作

2024-07-27 01:16:55 开始操作号码 【1477982】
2024-07-27 01:17:03 GSD getOne 第 1 次 等待 3 秒
2024-07-27 01:17:06 查询号码 【1477982】，返回信息 {"status":"ok","msg":"江西-上饶","gid":"375620","time_insert":"2021-07-24 09:38"}
2024-07-27 01:17:06 查询号码 【1477982】，GSD为【"江西-上饶"】

2024-07-27 01:37:45 开始第 8073 次操作

2024-07-27 01:37:45 开始操作号码 【1477983】
2024-07-27 01:37:54 GSD getOne 第 1 次 等待 3 秒
2024-07-27 01:37:57 查询号码 【1477983】，返回信息 {"status":"ok","msg":"江西-上饶","gid":"375614","time_insert":"2021-07-24 09:38"}
2024-07-27 01:37:57 查询号码 【1477983】，GSD为【"江西-上饶"】

2024-07-27 01:37:58 开始第 8074 次操作

2024-07-27 01:37:58 开始操作号码 【1477984】
2024-07-27 01:38:14 GSD getOne 第 1 次 等待 3 秒
2024-07-27 01:38:17 查询号码 【1477984】，返回信息 {"status":"ok","msg":"江西-上饶","gid":"375609","time_insert":"2021-07-24 09:37"}
2024-07-27 01:38:17 查询号码 【1477984】，GSD为【"江西-上饶"】

2024-07-27 01:38:18 开始第 8075 次操作

2024-07-27 01:38:18 开始操作号码 【1477985】
2024-07-27 01:38:26 GSD getOne 第 1 次 等待 3 秒
2024-07-27 01:38:29 查询号码 【1477985】，返回信息 {"status":"ok","msg":"江西-上饶","gid":"375604","time_insert":"2021-07-24 09:37"}
2024-07-27 01:38:29 查询号码 【1477985】，GSD为【"江西-上饶"】

2024-07-27 01:38:30 开始第 8076 次操作

2024-07-27 01:38:30 开始操作号码 【1477986】
2024-07-27 01:38:39 GSD getOne 第 1 次 等待 3 秒
2024-07-27 01:38:42 查询号码 【1477986】，返回信息 {"status":"ok","msg":"江西-上饶","gid":"375600","time_insert":"2021-07-24 09:36"}
2024-07-27 01:38:42 查询号码 【1477986】，GSD为【"江西-上饶"】

2024-07-27 02:24:26 开始第 8077 次操作

2024-07-27 02:24:26 开始操作号码 【1477987】
2024-07-27 02:24:35 GSD getOne 第 1 次 等待 3 秒
2024-07-27 02:24:38 查询号码 【1477987】，返回信息 {"status":"ok","msg":"江西-上饶","gid":"375599","time_insert":"2021-07-24 09:35"}
2024-07-27 02:24:38 查询号码 【1477987】，GSD为【"江西-上饶"】

2024-07-27 02:24:39 开始第 8078 次操作

2024-07-27 02:24:39 开始操作号码 【1477988】
2024-07-27 02:24:47 GSD getOne 第 1 次 等待 3 秒
2024-07-27 02:24:50 查询号码 【1477988】，返回信息 {"status":"ok","msg":"江西-上饶","gid":"375598","time_insert":"2021-07-24 09:35"}
2024-07-27 02:24:50 查询号码 【1477988】，GSD为【"江西-上饶"】

2024-07-27 02:24:51 开始第 8079 次操作

2024-07-27 02:24:51 开始操作号码 【1477989】
2024-07-27 02:24:59 GSD getOne 第 1 次 等待 3 秒
2024-07-27 02:25:02 查询号码 【1477989】，返回信息 {"status":"ok","msg":"江西-上饶","gid":"375596","time_insert":"2021-07-24 09:34"}
2024-07-27 02:25:02 查询号码 【1477989】，GSD为【"江西-上饶"】

2024-07-27 02:25:03 开始第 8080 次操作

2024-07-27 02:25:03 开始操作号码 【1477990】
2024-07-27 02:25:11 GSD getOne 第 1 次 等待 3 秒
2024-07-27 02:25:14 查询号码 【1477990】，返回信息 {"status":"ok","msg":"江西-新余","gid":"375593","time_insert":"2021-07-24 09:34"}
2024-07-27 02:25:14 查询号码 【1477990】，GSD为【"江西-新余"】

2024-07-27 02:39:56 开始第 8081 次操作

2024-07-27 02:39:56 开始操作号码 【1477991】
2024-07-27 02:40:06 GSD getOne 第 1 次 等待 3 秒
2024-07-27 02:40:09 查询号码 【1477991】，返回信息 {"status":"ok","msg":"江西-新余","gid":"375591","time_insert":"2021-07-24 09:33"}
2024-07-27 02:40:09 查询号码 【1477991】，GSD为【"江西-新余"】

2024-07-27 02:40:10 开始第 8082 次操作

2024-07-27 02:40:10 开始操作号码 【1477992】
2024-07-27 02:40:18 GSD getOne 第 1 次 等待 3 秒
2024-07-27 02:40:21 查询号码 【1477992】，返回信息 {"status":"ok","msg":"江西-赣州","gid":"375377","time_insert":"2021-07-24 08:00"}
2024-07-27 02:40:21 查询号码 【1477992】，GSD为【"江西-赣州"】

2024-07-27 02:40:22 开始第 8083 次操作

2024-07-27 02:40:22 开始操作号码 【1477993】
2024-07-27 02:40:30 GSD getOne 第 1 次 等待 3 秒
2024-07-27 02:40:33 查询号码 【1477993】，返回信息 {"status":"ok","msg":"江西-赣州","gid":"375373","time_insert":"2021-07-24 07:59"}
2024-07-27 02:40:33 查询号码 【1477993】，GSD为【"江西-赣州"】

2024-07-27 02:40:34 开始第 8084 次操作

2024-07-27 02:40:34 开始操作号码 【1477994】
2024-07-27 02:40:42 GSD getOne 第 1 次 等待 3 秒
2024-07-27 02:40:45 查询号码 【1477994】，返回信息 {"status":"ok","msg":"江西-赣州","gid":"375364","time_insert":"2021-07-24 07:59"}
2024-07-27 02:40:45 查询号码 【1477994】，GSD为【"江西-赣州"】

2024-07-27 03:17:07 开始第 8085 次操作

2024-07-27 03:17:07 开始操作号码 【1477995】
2024-07-27 03:17:15 GSD getOne 第 1 次 等待 3 秒
2024-07-27 03:17:18 查询号码 【1477995】，返回信息 {"status":"ok","msg":"江西-赣州","gid":"375353","time_insert":"2021-07-24 07:58"}
2024-07-27 03:17:18 查询号码 【1477995】，GSD为【"江西-赣州"】

2024-07-27 03:17:19 开始第 8086 次操作

2024-07-27 03:17:19 开始操作号码 【1477996】
2024-07-27 03:17:27 GSD getOne 第 1 次 等待 3 秒
2024-07-27 03:17:30 查询号码 【1477996】，返回信息 {"status":"ok","msg":"江西-赣州","gid":"375343","time_insert":"2021-07-24 07:58"}
2024-07-27 03:17:30 查询号码 【1477996】，GSD为【"江西-赣州"】

2024-07-27 03:17:31 开始第 8087 次操作

2024-07-27 03:17:31 开始操作号码 【1477997】
2024-07-27 03:17:39 GSD getOne 第 1 次 等待 3 秒
2024-07-27 03:17:42 查询号码 【1477997】，返回信息 {"status":"ok","msg":"江西-萍乡","gid":"375330","time_insert":"2021-07-24 07:57"}
2024-07-27 03:17:42 查询号码 【1477997】，GSD为【"江西-萍乡"】

2024-07-27 03:17:43 开始第 8088 次操作

2024-07-27 03:17:43 开始操作号码 【1477998】
2024-07-27 03:17:51 GSD getOne 第 1 次 等待 3 秒
2024-07-27 03:17:54 查询号码 【1477998】，返回信息 {"status":"ok","msg":"江西-萍乡","gid":"375321","time_insert":"2021-07-24 07:56"}
2024-07-27 03:17:54 查询号码 【1477998】，GSD为【"江西-萍乡"】

