2023-12-13 00:22:37 开始第 2833 次操作

2023-12-13 00:22:37 开始操作号码 【1802748】
2023-12-13 00:22:41 GSD getOne 第 1 次 等待 3 秒
2023-12-13 00:22:44 查询号码 【1802748】，返回信息 {"status":"ok","msg":"广东-广州","gid":"284054","time_insert":"2021-07-15 13:27"}
2023-12-13 00:22:44 查询号码 【1802748】，GSD为【"广东-广州"】

2023-12-13 00:22:45 开始第 2834 次操作

2023-12-13 00:22:45 开始操作号码 【1802749】
2023-12-13 00:22:49 GSD getOne 第 1 次 等待 3 秒
2023-12-13 00:22:52 查询号码 【1802749】，返回信息 {"status":"ok","msg":"广东-广州","gid":"284055","time_insert":"2021-07-15 13:28"}
2023-12-13 00:22:53 查询号码 【1802749】，GSD为【"广东-广州"】

2023-12-13 00:22:54 开始第 2835 次操作

2023-12-13 00:22:54 开始操作号码 【1802750】
2023-12-13 00:22:58 GSD getOne 第 1 次 等待 3 秒
2023-12-13 00:23:01 查询号码 【1802750】，返回信息 {"status":"ok","msg":"广东-东莞","gid":"284060","time_insert":"2021-07-15 13:29"}
2023-12-13 00:23:01 查询号码 【1802750】，GSD为【"广东-东莞"】

2023-12-13 00:23:02 开始第 2836 次操作

2023-12-13 00:23:02 开始操作号码 【1802751】
2023-12-13 00:23:05 GSD getOne 第 1 次 等待 3 秒
2023-12-13 00:23:08 查询号码 【1802751】，返回信息 {"status":"ok","msg":"广东-东莞","gid":"284063","time_insert":"2021-07-15 13:30"}
2023-12-13 00:23:08 查询号码 【1802751】，GSD为【"广东-东莞"】

2023-12-13 00:41:40 开始第 2837 次操作

2023-12-13 00:41:40 开始操作号码 【1802752】
2023-12-13 00:41:46 GSD getOne 第 1 次 等待 3 秒
2023-12-13 00:41:49 查询号码 【1802752】，返回信息 {"status":"ok","msg":"广东-东莞","gid":"284070","time_insert":"2021-07-15 13:33"}
2023-12-13 00:41:49 查询号码 【1802752】，GSD为【"广东-东莞"】

2023-12-13 00:41:50 开始第 2838 次操作

2023-12-13 00:41:50 开始操作号码 【1802753】
2023-12-13 00:41:54 GSD getOne 第 1 次 等待 3 秒
2023-12-13 00:41:57 查询号码 【1802753】，返回信息 {"status":"ok","msg":"广东-东莞","gid":"284073","time_insert":"2021-07-15 13:34"}
2023-12-13 00:41:57 查询号码 【1802753】，GSD为【"广东-东莞"】

2023-12-13 00:41:58 开始第 2839 次操作

2023-12-13 00:41:58 开始操作号码 【1802754】
2023-12-13 00:42:03 GSD getOne 第 1 次 等待 3 秒
2023-12-13 00:42:06 查询号码 【1802754】，返回信息 {"status":"ok","msg":"广东-东莞","gid":"284101","time_insert":"2021-07-15 13:38"}
2023-12-13 00:42:06 查询号码 【1802754】，GSD为【"广东-东莞"】

2023-12-13 00:42:07 开始第 2840 次操作

2023-12-13 00:42:07 开始操作号码 【1802755】
2023-12-13 00:42:13 GSD getOne 第 1 次 等待 3 秒
2023-12-13 00:42:16 查询号码 【1802755】，返回信息 {"status":"ok","msg":"广东-东莞","gid":"284111","time_insert":"2021-07-15 13:39"}
2023-12-13 00:42:16 查询号码 【1802755】，GSD为【"广东-东莞"】

