2021-07-22 00:00:27 开始第 28 次操作

2021-07-22 00:00:27 开始操作号码 【1367352】
2021-07-22 00:00:32 GSD getOne 第 1 次 等待 3 秒
2021-07-22 00:00:35 查询号码 【1367352】，返回信息 {"status":"ok","msg":"河南-新乡","gid":"53525","time_insert":"2020-04-21 16:15"}
2021-07-22 00:00:35 查询号码 【1367352】，GSD为【"河南-新乡"】

2021-07-22 00:00:35 开始第 28 次操作

2021-07-22 00:00:35 开始操作号码 【1367351】
2021-07-22 00:00:38 GSD getOne 第 1 次 等待 3 秒
2021-07-22 00:00:41 查询号码 【1367351】，返回信息 {"status":"bad","msg":""}
2021-07-22 00:00:42 查询号码 【1367351】，GSD为【""】
2021-07-22 00:00:42 bad
2021-07-22 00:00:46 CHB 1367351?1626883242 第 1 次 等待 3 秒
2021-07-22 00:00:49 CHB 1367351?1626883242 第 1 次 获取到号码【1367351】GSD
2021-07-22 00:00:49 获取到号码【1367351】的GSD为【河南-新乡】
2021-07-22 00:01:11 GSD insert 第 1 次 等待 3 秒
2021-07-22 00:01:14 {"status":"ok","gid":350182,"msg":"添加成功！"}
2021-07-22 00:01:14 下次操作: 2021-07-22 00:01:35

2021-07-22 00:01:35 开始第 29 次操作

2021-07-22 00:01:35 开始操作号码 【1367350】
2021-07-22 00:01:38 GSD getOne 第 1 次 等待 3 秒
2021-07-22 00:01:41 查询号码 【1367350】，返回信息 {"status":"ok","msg":"河南-新乡","gid":"8711","time_insert":"2019-12-11 13:58","time_update":"2020-09-13 18:45"}
2021-07-22 00:01:41 查询号码 【1367350】，GSD为【"河南-新乡"】

2021-07-22 00:01:41 开始第 29 次操作

2021-07-22 00:01:41 开始操作号码 【1367349】
2021-07-22 00:01:46 GSD getOne 第 1 次 等待 3 秒
2021-07-22 00:01:49 查询号码 【1367349】，返回信息 {"status":"bad","msg":""}
2021-07-22 00:01:49 查询号码 【1367349】，GSD为【""】
2021-07-22 00:01:49 bad
2021-07-22 00:01:52 CHB 1367349?1626883309 第 1 次 等待 3 秒
2021-07-22 00:01:55 CHB 1367349?1626883309 第 1 次 获取到号码【1367349】GSD
2021-07-22 00:01:55 获取到号码【1367349】的GSD为【河南-信阳】
2021-07-22 00:01:59 GSD insert 第 1 次 等待 3 秒
2021-07-22 00:02:02 {"status":"ok","gid":350189,"msg":"添加成功！"}
2021-07-22 00:02:02 下次操作: 2021-07-22 00:02:26

2021-07-22 00:02:26 开始第 30 次操作

2021-07-22 00:02:26 开始操作号码 【1367348】
2021-07-22 00:02:29 GSD getOne 第 1 次 等待 3 秒
2021-07-22 00:02:32 查询号码 【1367348】，返回信息 {"status":"bad","msg":""}
2021-07-22 00:02:32 查询号码 【1367348】，GSD为【""】
2021-07-22 00:02:32 bad
2021-07-22 00:02:39 CHB 1367348?1626883352 第 1 次 等待 3 秒
2021-07-22 00:02:42 CHB 1367348?1626883352 第 1 次 获取到号码【1367348】GSD
2021-07-22 00:02:42 获取到号码【1367348】的GSD为【河南-信阳】
2021-07-22 00:02:50 GSD insert 第 1 次 等待 3 秒
2021-07-22 00:02:53 {"status":"ok","gid":350198,"msg":"添加成功！"}
2021-07-22 00:02:53 下次操作: 2021-07-22 00:03:11

2021-07-22 00:03:11 开始第 31 次操作

2021-07-22 00:03:11 开始操作号码 【1367347】
2021-07-22 00:03:14 GSD getOne 第 1 次 等待 3 秒
2021-07-22 00:03:17 查询号码 【1367347】，返回信息 {"status":"bad","msg":""}
2021-07-22 00:03:17 查询号码 【1367347】，GSD为【""】
2021-07-22 00:03:17 bad
2021-07-22 00:03:20 CHB 1367347?1626883397 第 1 次 等待 3 秒
2021-07-22 00:03:23 CHB 1367347?1626883397 第 1 次 获取到号码【1367347】GSD
2021-07-22 00:03:23 获取到号码【1367347】的GSD为【河南-信阳】
2021-07-22 00:03:26 GSD insert 第 1 次 等待 3 秒
2021-07-22 00:03:29 {"status":"ok","gid":350206,"msg":"添加成功！"}
2021-07-22 00:03:29 下次操作: 2021-07-22 00:03:50

2021-07-22 00:03:51 开始第 32 次操作

2021-07-22 00:03:51 开始操作号码 【1367346】
2021-07-22 00:03:55 GSD getOne 第 1 次 等待 3 秒
2021-07-22 00:03:58 查询号码 【1367346】，返回信息 {"status":"bad","msg":""}
2021-07-22 00:03:58 查询号码 【1367346】，GSD为【""】
2021-07-22 00:03:58 bad
2021-07-22 00:04:00 CHB 1367346?1626883438 第 1 次 等待 3 秒
2021-07-22 00:04:03 CHB 1367346?1626883438 第 1 次 获取到号码【1367346】GSD
2021-07-22 00:04:03 获取到号码【1367346】的GSD为【河南-信阳】
2021-07-22 00:04:06 GSD insert 第 1 次 等待 3 秒
2021-07-22 00:04:09 {"status":"ok","gid":350213,"msg":"添加成功！"}
2021-07-22 00:04:09 下次操作: 2021-07-22 00:04:27

2021-07-22 00:04:27 开始第 33 次操作

2021-07-22 00:04:27 开始操作号码 【1367345】
2021-07-22 00:04:30 GSD getOne 第 1 次 等待 3 秒
2021-07-22 00:04:33 查询号码 【1367345】，返回信息 {"status":"bad","msg":""}
2021-07-22 00:04:33 查询号码 【1367345】，GSD为【""】
2021-07-22 00:04:33 bad
2021-07-22 00:04:35 CHB 1367345?1626883473 第 1 次 等待 3 秒
2021-07-22 00:04:38 CHB 1367345?1626883473 第 1 次 获取到号码【1367345】GSD
2021-07-22 00:04:38 获取到号码【1367345】的GSD为【河南-信阳】
2021-07-22 00:04:50 GSD insert 第 1 次 等待 3 秒
2021-07-22 00:04:53 {"status":"ok","gid":350219,"msg":"添加成功！"}
2021-07-22 00:04:53 下次操作: 2021-07-22 00:05:06

2021-07-22 00:05:06 开始第 34 次操作

2021-07-22 00:05:06 开始操作号码 【1367344】
2021-07-22 00:05:13 GSD getOne 第 1 次 等待 3 秒
2021-07-22 00:05:16 查询号码 【1367344】，返回信息 {"status":"bad","msg":""}
2021-07-22 00:05:16 查询号码 【1367344】，GSD为【""】
2021-07-22 00:05:16 bad
2021-07-22 00:05:18 CHB 1367344?1626883516 第 1 次 等待 3 秒
2021-07-22 00:05:21 CHB 1367344?1626883516 第 1 次 获取到号码【1367344】GSD
2021-07-22 00:05:21 获取到号码【1367344】的GSD为【河南-周口】
2021-07-22 00:05:24 GSD insert 第 1 次 等待 3 秒
2021-07-22 00:05:27 {"status":"ok","gid":350226,"msg":"添加成功！"}
2021-07-22 00:05:27 下次操作: 2021-07-22 00:05:42

2021-07-22 00:05:42 开始第 35 次操作

2021-07-22 00:05:42 开始操作号码 【1367343】
2021-07-22 00:05:44 GSD getOne 第 1 次 等待 3 秒
2021-07-22 00:05:47 查询号码 【1367343】，返回信息 {"status":"ok","msg":"河南-周口","gid":"8710","time_insert":"2017-04-20 15:33","time_update":"2020-09-13 18:49"}
2021-07-22 00:05:47 查询号码 【1367343】，GSD为【"河南-周口"】

2021-07-22 00:05:47 开始第 35 次操作

2021-07-22 00:05:47 开始操作号码 【1367342】
2021-07-22 00:05:50 GSD getOne 第 1 次 等待 3 秒
2021-07-22 00:05:53 查询号码 【1367342】，返回信息 {"status":"bad","msg":""}
2021-07-22 00:05:54 查询号码 【1367342】，GSD为【""】
2021-07-22 00:05:54 bad
2021-07-22 00:05:56 CHB 1367342?1626883554 第 1 次 等待 3 秒
2021-07-22 00:05:59 CHB 1367342?1626883554 第 1 次 获取到号码【1367342】GSD
2021-07-22 00:05:59 获取到号码【1367342】的GSD为【河南-周口】
2021-07-22 00:06:02 GSD insert 第 1 次 等待 3 秒
2021-07-22 00:06:05 {"status":"ok","gid":350231,"msg":"添加成功！"}
2021-07-22 00:06:05 下次操作: 2021-07-22 00:06:28

2021-07-22 00:06:28 开始第 36 次操作

2021-07-22 00:06:28 开始操作号码 【1367341】
2021-07-22 00:06:30 GSD getOne 第 1 次 等待 3 秒
2021-07-22 00:06:33 查询号码 【1367341】，返回信息 {"status":"ok","msg":"河南-周口","gid":"53524","time_insert":"2021-03-16 22:04"}
2021-07-22 00:06:33 查询号码 【1367341】，GSD为【"河南-周口"】

2021-07-22 00:06:33 开始第 36 次操作

2021-07-22 00:06:33 开始操作号码 【1367340】
2021-07-22 00:06:40 GSD getOne 第 1 次 等待 3 秒
2021-07-22 00:06:43 查询号码 【1367340】，返回信息 {"status":"bad","msg":""}
2021-07-22 00:06:43 查询号码 【1367340】，GSD为【""】
2021-07-22 00:06:43 bad
2021-07-22 00:06:44 CHB 1367340?1626883603 第 1 次 等待 3 秒
2021-07-22 00:06:47 CHB 1367340?1626883603 第 1 次 获取到号码【1367340】GSD
2021-07-22 00:06:48 获取到号码【1367340】的GSD为【河南-周口】
2021-07-22 00:06:52 GSD insert 第 1 次 等待 3 秒
2021-07-22 00:06:55 {"status":"ok","gid":350242,"msg":"添加成功！"}
2021-07-22 00:06:55 下次操作: 2021-07-22 00:07:16

2021-07-22 00:07:16 开始第 37 次操作

2021-07-22 00:07:16 开始操作号码 【1367339】
2021-07-22 00:07:22 GSD getOne 第 1 次 等待 3 秒
2021-07-22 00:07:25 查询号码 【1367339】，返回信息 {"status":"bad","msg":""}
2021-07-22 00:07:25 查询号码 【1367339】，GSD为【""】
2021-07-22 00:07:25 bad
2021-07-22 00:07:28 CHB 1367339?1626883645 第 1 次 等待 3 秒
2021-07-22 00:07:31 CHB 1367339?1626883645 第 1 次 获取到号码【1367339】GSD
2021-07-22 00:07:32 获取到号码【1367339】的GSD为【河南-郑州】
2021-07-22 00:07:34 GSD insert 第 1 次 等待 3 秒
2021-07-22 00:07:37 {"status":"ok","gid":350252,"msg":"添加成功！"}
2021-07-22 00:07:37 下次操作: 2021-07-22 00:07:50

2021-07-22 00:07:50 开始第 38 次操作

2021-07-22 00:07:50 开始操作号码 【1367338】
2021-07-22 00:07:54 GSD getOne 第 1 次 等待 3 秒
2021-07-22 00:07:57 查询号码 【1367338】，返回信息 {"status":"bad","msg":""}
2021-07-22 00:07:57 查询号码 【1367338】，GSD为【""】
2021-07-22 00:07:57 bad
2021-07-22 00:07:59 CHB 1367338?1626883677 第 1 次 等待 3 秒
2021-07-22 00:08:02 CHB 1367338?1626883677 第 1 次 获取到号码【1367338】GSD
2021-07-22 00:08:02 获取到号码【1367338】的GSD为【河南-郑州】
2021-07-22 00:08:06 GSD insert 第 1 次 等待 3 秒
2021-07-22 00:08:09 {"status":"ok","gid":350259,"msg":"添加成功！"}
2021-07-22 00:08:09 下次操作: 2021-07-22 00:08:24

2021-07-22 00:08:24 开始第 39 次操作

2021-07-22 00:08:24 开始操作号码 【1367337】
2021-07-22 00:08:28 GSD getOne 第 1 次 等待 3 秒
2021-07-22 00:08:31 查询号码 【1367337】，返回信息 {"status":"bad","msg":""}
2021-07-22 00:08:31 查询号码 【1367337】，GSD为【""】
2021-07-22 00:08:31 bad
2021-07-22 00:08:33 CHB 1367337?1626883711 第 1 次 等待 3 秒
2021-07-22 00:08:36 CHB 1367337?1626883711 第 1 次 获取到号码【1367337】GSD
2021-07-22 00:08:36 获取到号码【1367337】的GSD为【河南-郑州】
2021-07-22 00:08:39 GSD insert 第 1 次 等待 3 秒
2021-07-22 00:08:42 {"status":"ok","gid":350264,"msg":"添加成功！"}
2021-07-22 00:08:42 下次操作: 2021-07-22 00:08:59

2021-07-22 00:08:59 开始第 40 次操作

2021-07-22 00:08:59 开始操作号码 【1367336】
2021-07-22 00:09:02 GSD getOne 第 1 次 等待 3 秒
2021-07-22 00:09:05 查询号码 【1367336】，返回信息 {"status":"bad","msg":""}
2021-07-22 00:09:05 查询号码 【1367336】，GSD为【""】
2021-07-22 00:09:05 bad
2021-07-22 00:09:07 CHB 1367336?1626883745 第 1 次 等待 3 秒
2021-07-22 00:09:10 CHB 1367336?1626883745 第 1 次 获取到号码【1367336】GSD
2021-07-22 00:09:10 获取到号码【1367336】的GSD为【河南-郑州】
2021-07-22 00:09:13 GSD insert 第 1 次 等待 3 秒
2021-07-22 00:09:16 {"status":"ok","gid":350272,"msg":"添加成功！"}

2021-07-22 00:59:31 开始第 1 次操作

2021-07-22 00:59:31 开始操作号码 【1367335】
2021-07-22 00:59:36 GSD getOne 第 1 次 等待 3 秒
2021-07-22 00:59:39 查询号码 【1367335】，返回信息 {"status":"ok","msg":"河南-郑州","gid":"53523","time_insert":"2020-08-27 15:11"}
2021-07-22 00:59:39 查询号码 【1367335】，GSD为【"河南-郑州"】

2021-07-22 00:59:39 开始第 1 次操作

2021-07-22 00:59:39 开始操作号码 【1367334】
2021-07-22 00:59:42 GSD getOne 第 1 次 等待 3 秒
2021-07-22 00:59:45 查询号码 【1367334】，返回信息 {"status":"bad","msg":""}
2021-07-22 00:59:45 查询号码 【1367334】，GSD为【""】
2021-07-22 00:59:45 bad
2021-07-22 00:59:47 CHB 1367334?1626886785 第 1 次 等待 3 秒
2021-07-22 00:59:50 CHB 1367334?1626886785 第 1 次 获取到号码【1367334】GSD
2021-07-22 00:59:50 获取到号码【1367334】的GSD为【河南-安阳】
2021-07-22 00:59:53 GSD insert 第 1 次 等待 3 秒
2021-07-22 00:59:56 {"status":"ok","gid":350465,"msg":"添加成功！"}
2021-07-22 00:59:56 下次操作: 2021-07-22 01:00:17

2021-07-22 01:00:17 开始第 2 次操作

2021-07-22 01:00:17 开始操作号码 【1367333】
2021-07-22 01:00:20 GSD getOne 第 1 次 等待 3 秒
2021-07-22 01:00:23 查询号码 【1367333】，返回信息 {"status":"ok","msg":"河南-安阳","gid":"53522","time_insert":"2020-12-19 06:34"}
2021-07-22 01:00:23 查询号码 【1367333】，GSD为【"河南-安阳"】

2021-07-22 01:00:23 开始第 2 次操作

2021-07-22 01:00:23 开始操作号码 【1367332】
2021-07-22 01:00:26 GSD getOne 第 1 次 等待 3 秒
2021-07-22 01:00:29 查询号码 【1367332】，返回信息 {"status":"bad","msg":""}
2021-07-22 01:00:30 查询号码 【1367332】，GSD为【""】
2021-07-22 01:00:30 bad
2021-07-22 01:00:35 CHB 1367332?1626886830 第 1 次 等待 3 秒
2021-07-22 01:00:38 CHB 1367332?1626886830 第 1 次 获取到号码【1367332】GSD
2021-07-22 01:00:38 获取到号码【1367332】的GSD为【河南-安阳】
2021-07-22 01:00:41 GSD insert 第 1 次 等待 3 秒
2021-07-22 01:00:44 {"status":"ok","gid":350467,"msg":"添加成功！"}
2021-07-22 01:00:44 下次操作: 2021-07-22 01:01:01

2021-07-22 01:01:01 开始第 3 次操作

2021-07-22 01:01:01 开始操作号码 【1367331】
2021-07-22 01:01:03 GSD getOne 第 1 次 等待 3 秒
2021-07-22 01:01:06 查询号码 【1367331】，返回信息 {"status":"bad","msg":""}
2021-07-22 01:01:06 查询号码 【1367331】，GSD为【""】
2021-07-22 01:01:06 bad
2021-07-22 01:01:08 CHB 1367331?1626886866 第 1 次 等待 3 秒
2021-07-22 01:01:11 CHB 1367331?1626886866 第 1 次 获取到号码【1367331】GSD
2021-07-22 01:01:11 获取到号码【1367331】的GSD为【河南-安阳】
2021-07-22 01:01:14 GSD insert 第 1 次 等待 3 秒
2021-07-22 01:01:17 {"status":"ok","gid":350470,"msg":"添加成功！"}
2021-07-22 01:01:17 下次操作: 2021-07-22 01:01:34

2021-07-22 01:01:34 开始第 4 次操作

2021-07-22 01:01:34 开始操作号码 【1367330】
2021-07-22 01:01:37 GSD getOne 第 1 次 等待 3 秒
2021-07-22 01:01:40 查询号码 【1367330】，返回信息 {"status":"bad","msg":""}
2021-07-22 01:01:40 查询号码 【1367330】，GSD为【""】
2021-07-22 01:01:40 bad
2021-07-22 01:01:43 CHB 1367330?1626886900 第 1 次 等待 3 秒
2021-07-22 01:01:46 CHB 1367330?1626886900 第 1 次 获取到号码【1367330】GSD
2021-07-22 01:01:46 获取到号码【1367330】的GSD为【河南-安阳】
2021-07-22 01:01:50 GSD insert 第 1 次 等待 3 秒
2021-07-22 01:01:53 {"status":"ok","gid":350471,"msg":"添加成功！"}
2021-07-22 01:01:53 下次操作: 2021-07-22 01:02:14

2021-07-22 01:02:14 开始第 5 次操作

2021-07-22 01:02:14 开始操作号码 【1367329】
2021-07-22 01:02:18 GSD getOne 第 1 次 等待 3 秒
2021-07-22 01:02:21 查询号码 【1367329】，返回信息 {"status":"bad","msg":""}
2021-07-22 01:02:21 查询号码 【1367329】，GSD为【""】
2021-07-22 01:02:21 bad
2021-07-22 01:02:23 CHB 1367329?1626886941 第 1 次 等待 3 秒
2021-07-22 01:02:26 CHB 1367329?1626886941 第 1 次 获取到号码【1367329】GSD
2021-07-22 01:02:26 获取到号码【1367329】的GSD为【河北-唐山】
2021-07-22 01:02:38 GSD insert 第 1 次 等待 3 秒
2021-07-22 01:02:41 {"status":"ok","gid":350473,"msg":"添加成功！"}
2021-07-22 01:02:41 下次操作: 2021-07-22 01:02:57

2021-07-22 01:02:57 开始第 6 次操作

2021-07-22 01:02:57 开始操作号码 【1367328】
2021-07-22 01:02:59 GSD getOne 第 1 次 等待 3 秒
2021-07-22 01:03:02 查询号码 【1367328】，返回信息 {"status":"bad","msg":""}
2021-07-22 01:03:03 查询号码 【1367328】，GSD为【""】
2021-07-22 01:03:03 bad
2021-07-22 01:03:05 CHB 1367328?1626886983 第 1 次 等待 3 秒
2021-07-22 01:03:08 CHB 1367328?1626886983 第 1 次 获取到号码【1367328】GSD
2021-07-22 01:03:09 获取到号码【1367328】的GSD为【河北-保定】
2021-07-22 01:03:11 GSD insert 第 1 次 等待 3 秒
2021-07-22 01:03:14 {"status":"ok","gid":350475,"msg":"添加成功！"}
2021-07-22 01:03:14 下次操作: 2021-07-22 01:03:27

2021-07-22 01:03:27 开始第 7 次操作

2021-07-22 01:03:27 开始操作号码 【1367327】
2021-07-22 01:03:30 GSD getOne 第 1 次 等待 3 秒
2021-07-22 01:03:33 查询号码 【1367327】，返回信息 {"status":"bad","msg":""}
2021-07-22 01:03:33 查询号码 【1367327】，GSD为【""】
2021-07-22 01:03:33 bad
2021-07-22 01:03:38 CHB 1367327?1626887013 第 1 次 等待 3 秒
2021-07-22 01:03:41 CHB 1367327?1626887013 第 1 次 获取到号码【1367327】GSD
2021-07-22 01:03:41 获取到号码【1367327】的GSD为【河北-沧州】
2021-07-22 01:03:45 GSD insert 第 1 次 等待 3 秒
2021-07-22 01:03:48 {"status":"ok","gid":350477,"msg":"添加成功！"}
2021-07-22 01:03:48 下次操作: 2021-07-22 01:04:02

2021-07-22 01:04:02 开始第 8 次操作

2021-07-22 01:04:02 开始操作号码 【1367326】
2021-07-22 01:04:06 GSD getOne 第 1 次 等待 3 秒
2021-07-22 01:04:09 查询号码 【1367326】，返回信息 {"status":"bad","msg":""}
2021-07-22 01:04:09 查询号码 【1367326】，GSD为【""】
2021-07-22 01:04:09 bad
2021-07-22 01:04:11 CHB 1367326?1626887049 第 1 次 等待 3 秒
2021-07-22 01:04:14 CHB 1367326?1626887049 第 1 次 获取到号码【1367326】GSD
2021-07-22 01:04:14 获取到号码【1367326】的GSD为【河北-廊坊】
2021-07-22 01:04:17 GSD insert 第 1 次 等待 3 秒
2021-07-22 01:04:20 {"status":"ok","gid":350482,"msg":"添加成功！"}
2021-07-22 01:04:20 下次操作: 2021-07-22 01:04:37

2021-07-22 01:04:37 开始第 9 次操作

2021-07-22 01:04:37 开始操作号码 【1367325】
2021-07-22 01:04:40 GSD getOne 第 1 次 等待 3 秒
2021-07-22 01:04:43 查询号码 【1367325】，返回信息 {"status":"bad","msg":""}
2021-07-22 01:04:43 查询号码 【1367325】，GSD为【""】
2021-07-22 01:04:43 bad
2021-07-22 01:04:45 CHB 1367325?1626887083 第 1 次 等待 3 秒
2021-07-22 01:04:48 CHB 1367325?1626887083 第 1 次 获取到号码【1367325】GSD
2021-07-22 01:04:48 获取到号码【1367325】的GSD为【河北-唐山】
2021-07-22 01:04:52 GSD insert 第 1 次 等待 3 秒
2021-07-22 01:04:55 {"status":"ok","gid":350487,"msg":"添加成功！"}
2021-07-22 01:04:55 下次操作: 2021-07-22 01:05:16

2021-07-22 01:05:16 开始第 10 次操作

2021-07-22 01:05:16 开始操作号码 【1367324】
2021-07-22 01:05:19 GSD getOne 第 1 次 等待 3 秒
2021-07-22 01:05:22 查询号码 【1367324】，返回信息 {"status":"bad","msg":""}
2021-07-22 01:05:22 查询号码 【1367324】，GSD为【""】
2021-07-22 01:05:22 bad
2021-07-22 01:05:23 CHB 1367324?1626887122 第 1 次 等待 3 秒
2021-07-22 01:05:26 CHB 1367324?1626887122 第 1 次 获取到号码【1367324】GSD
2021-07-22 01:05:27 获取到号码【1367324】的GSD为【河北-承德】
2021-07-22 01:05:29 GSD insert 第 1 次 等待 3 秒
2021-07-22 01:05:32 {"status":"ok","gid":350491,"msg":"添加成功！"}
2021-07-22 01:05:32 下次操作: 2021-07-22 01:05:47

2021-07-22 01:05:47 开始第 11 次操作

2021-07-22 01:05:47 开始操作号码 【1367323】
2021-07-22 01:05:53 GSD getOne 第 1 次 等待 3 秒
2021-07-22 01:05:56 查询号码 【1367323】，返回信息 {"status":"bad","msg":""}
2021-07-22 01:05:56 查询号码 【1367323】，GSD为【""】
2021-07-22 01:05:56 bad
2021-07-22 01:05:57 CHB 1367323?1626887156 第 1 次 等待 3 秒
2021-07-22 01:06:00 CHB 1367323?1626887156 第 1 次 获取到号码【1367323】GSD
2021-07-22 01:06:01 获取到号码【1367323】的GSD为【河北-石家庄】
2021-07-22 01:06:05 GSD insert 第 1 次 等待 3 秒
2021-07-22 01:06:08 {"status":"ok","gid":350498,"msg":"添加成功！"}
2021-07-22 01:06:08 下次操作: 2021-07-22 01:06:23

2021-07-22 01:06:23 开始第 12 次操作

2021-07-22 01:06:23 开始操作号码 【1367322】
2021-07-22 01:06:25 GSD getOne 第 1 次 等待 3 秒
2021-07-22 01:06:28 查询号码 【1367322】，返回信息 {"status":"bad","msg":""}
2021-07-22 01:06:29 查询号码 【1367322】，GSD为【""】
2021-07-22 01:06:29 bad
2021-07-22 01:06:30 CHB 1367322?1626887189 第 1 次 等待 3 秒
2021-07-22 01:06:33 CHB 1367322?1626887189 第 1 次 获取到号码【1367322】GSD
2021-07-22 01:06:33 未获取到号码【1367322】GSD，查号吧 400 错误
2021-07-22 01:06:33 获取到号码【1367322】的GSD为【-】
2021-07-22 01:06:42 GSD insert 第 1 次 等待 3 秒
2021-07-22 01:06:45 {"status":"ok","gid":350506,"msg":"添加成功！"}
2021-07-22 01:06:45 下次操作: 2021-07-22 01:06:59

2021-07-22 01:06:59 开始第 13 次操作

2021-07-22 01:06:59 开始操作号码 【1367321】
2021-07-22 01:07:02 GSD getOne 第 1 次 等待 3 秒
2021-07-22 01:07:05 查询号码 【1367321】，返回信息 {"status":"bad","msg":""}
2021-07-22 01:07:05 查询号码 【1367321】，GSD为【""】
2021-07-22 01:07:05 bad
2021-07-22 01:07:07 CHB 1367321?1626887225 第 1 次 等待 3 秒
2021-07-22 01:07:10 CHB 1367321?1626887225 第 1 次 获取到号码【1367321】GSD
2021-07-22 01:07:10 获取到号码【1367321】的GSD为【河北-石家庄】
2021-07-22 01:07:12 GSD insert 第 1 次 等待 3 秒
2021-07-22 01:07:15 {"status":"ok","gid":350512,"msg":"添加成功！"}
2021-07-22 01:07:15 下次操作: 2021-07-22 01:07:34

2021-07-22 01:07:34 开始第 14 次操作

2021-07-22 01:07:34 开始操作号码 【1367320】
2021-07-22 01:07:37 GSD getOne 第 1 次 等待 3 秒
2021-07-22 01:07:40 查询号码 【1367320】，返回信息 {"status":"bad","msg":""}
2021-07-22 01:07:40 查询号码 【1367320】，GSD为【""】
2021-07-22 01:07:40 bad
2021-07-22 01:07:43 CHB 1367320?1626887260 第 1 次 等待 3 秒
2021-07-22 01:07:46 CHB 1367320?1626887260 第 1 次 获取到号码【1367320】GSD
2021-07-22 01:07:46 获取到号码【1367320】的GSD为【河北-邯郸】
2021-07-22 01:07:48 GSD insert 第 1 次 等待 3 秒
2021-07-22 01:07:51 {"status":"ok","gid":350518,"msg":"添加成功！"}
2021-07-22 01:07:51 下次操作: 2021-07-22 01:08:13

2021-07-22 01:08:13 开始第 15 次操作

2021-07-22 01:08:13 开始操作号码 【1367319】
2021-07-22 01:08:17 GSD getOne 第 1 次 等待 3 秒
2021-07-22 01:08:20 查询号码 【1367319】，返回信息 {"status":"bad","msg":""}
2021-07-22 01:08:20 查询号码 【1367319】，GSD为【""】
2021-07-22 01:08:20 bad
2021-07-22 01:08:22 CHB 1367319?1626887300 第 1 次 等待 3 秒
2021-07-22 01:08:25 CHB 1367319?1626887300 第 1 次 获取到号码【1367319】GSD
2021-07-22 01:08:25 获取到号码【1367319】的GSD为【河北-邢台】
2021-07-22 01:08:27 GSD insert 第 1 次 等待 3 秒
2021-07-22 01:08:30 {"status":"ok","gid":350525,"msg":"添加成功！"}
2021-07-22 01:08:30 下次操作: 2021-07-22 01:08:54

2021-07-22 01:08:54 开始第 16 次操作

2021-07-22 01:08:54 开始操作号码 【1367318】
2021-07-22 01:08:57 GSD getOne 第 1 次 等待 3 秒
2021-07-22 01:09:00 查询号码 【1367318】，返回信息 {"status":"bad","msg":""}
2021-07-22 01:09:00 查询号码 【1367318】，GSD为【""】
2021-07-22 01:09:00 bad
2021-07-22 01:09:02 CHB 1367318?1626887340 第 1 次 等待 3 秒
2021-07-22 01:09:05 CHB 1367318?1626887340 第 1 次 获取到号码【1367318】GSD
2021-07-22 01:09:05 获取到号码【1367318】的GSD为【河北-石家庄】
2021-07-22 01:09:10 GSD insert 第 1 次 等待 3 秒
2021-07-22 01:09:13 {"status":"ok","gid":350530,"msg":"添加成功！"}
2021-07-22 01:09:13 下次操作: 2021-07-22 01:09:33

2021-07-22 01:09:33 开始第 17 次操作

2021-07-22 01:09:33 开始操作号码 【1367317】
2021-07-22 01:09:36 GSD getOne 第 1 次 等待 3 秒
2021-07-22 01:09:39 查询号码 【1367317】，返回信息 {"status":"bad","msg":""}
2021-07-22 01:09:39 查询号码 【1367317】，GSD为【""】
2021-07-22 01:09:39 bad
2021-07-22 01:09:41 CHB 1367317?1626887379 第 1 次 等待 3 秒
2021-07-22 01:09:44 CHB 1367317?1626887379 第 1 次 获取到号码【1367317】GSD
2021-07-22 01:09:44 获取到号码【1367317】的GSD为【河北-沧州】
2021-07-22 01:09:47 GSD insert 第 1 次 等待 3 秒
2021-07-22 01:09:50 {"status":"ok","gid":350538,"msg":"添加成功！"}
2021-07-22 01:09:50 下次操作: 2021-07-22 01:10:03

2021-07-22 01:10:03 开始第 18 次操作

2021-07-22 01:10:03 开始操作号码 【1367316】
2021-07-22 01:10:05 GSD getOne 第 1 次 等待 3 秒
2021-07-22 01:10:08 查询号码 【1367316】，返回信息 {"status":"bad","msg":""}
2021-07-22 01:10:08 查询号码 【1367316】，GSD为【""】
2021-07-22 01:10:08 bad
2021-07-22 01:10:10 CHB 1367316?1626887408 第 1 次 等待 3 秒
2021-07-22 01:10:13 CHB 1367316?1626887408 第 1 次 获取到号码【1367316】GSD
2021-07-22 01:10:13 获取到号码【1367316】的GSD为【河北-石家庄】
2021-07-22 01:10:15 GSD insert 第 1 次 等待 3 秒
2021-07-22 01:10:18 {"status":"ok","gid":350540,"msg":"添加成功！"}
2021-07-22 01:10:18 下次操作: 2021-07-22 01:10:40

2021-07-22 01:10:40 开始第 19 次操作

2021-07-22 01:10:40 开始操作号码 【1367315】
2021-07-22 01:10:45 GSD getOne 第 1 次 等待 3 秒
2021-07-22 01:10:48 查询号码 【1367315】，返回信息 {"status":"bad","msg":""}
2021-07-22 01:10:48 查询号码 【1367315】，GSD为【""】
2021-07-22 01:10:48 bad
2021-07-22 01:10:50 CHB 1367315?1626887448 第 1 次 等待 3 秒
2021-07-22 01:10:53 CHB 1367315?1626887448 第 1 次 获取到号码【1367315】GSD
2021-07-22 01:10:53 获取到号码【1367315】的GSD为【河北-唐山】
2021-07-22 01:10:55 GSD insert 第 1 次 等待 3 秒
2021-07-22 01:10:58 {"status":"ok","gid":350547,"msg":"添加成功！"}
2021-07-22 01:10:58 下次操作: 2021-07-22 01:11:12

2021-07-22 01:11:12 开始第 20 次操作

2021-07-22 01:11:12 开始操作号码 【1367314】
2021-07-22 01:11:15 GSD getOne 第 1 次 等待 3 秒
2021-07-22 01:11:18 查询号码 【1367314】，返回信息 {"status":"bad","msg":""}
2021-07-22 01:11:18 查询号码 【1367314】，GSD为【""】
2021-07-22 01:11:18 bad
2021-07-22 01:11:20 CHB 1367314?1626887478 第 1 次 等待 3 秒
2021-07-22 01:11:23 CHB 1367314?1626887478 第 1 次 获取到号码【1367314】GSD
2021-07-22 01:11:23 获取到号码【1367314】的GSD为【河北-承德】
2021-07-22 01:11:31 GSD insert 第 1 次 等待 3 秒
2021-07-22 01:11:34 {"status":"ok","gid":350553,"msg":"添加成功！"}
2021-07-22 01:11:34 下次操作: 2021-07-22 01:11:58

2021-07-22 01:11:58 开始第 21 次操作

2021-07-22 01:11:58 开始操作号码 【1367313】
2021-07-22 01:12:01 GSD getOne 第 1 次 等待 3 秒
2021-07-22 01:12:04 查询号码 【1367313】，返回信息 {"status":"bad","msg":""}
2021-07-22 01:12:04 查询号码 【1367313】，GSD为【""】
2021-07-22 01:12:04 bad
2021-07-22 01:12:06 CHB 1367313?1626887524 第 1 次 等待 3 秒
2021-07-22 01:12:09 CHB 1367313?1626887524 第 1 次 获取到号码【1367313】GSD
2021-07-22 01:12:09 获取到号码【1367313】的GSD为【河北-石家庄】
2021-07-22 01:12:11 GSD insert 第 1 次 等待 3 秒
2021-07-22 01:12:14 {"status":"ok","gid":350558,"msg":"添加成功！"}
2021-07-22 01:12:14 下次操作: 2021-07-22 01:12:35

2021-07-22 01:12:35 开始第 22 次操作

2021-07-22 01:12:35 开始操作号码 【1367312】
2021-07-22 01:12:39 GSD getOne 第 1 次 等待 3 秒
2021-07-22 01:12:42 查询号码 【1367312】，返回信息 {"status":"bad","msg":""}
2021-07-22 01:12:42 查询号码 【1367312】，GSD为【""】
2021-07-22 01:12:42 bad
2021-07-22 01:12:43 CHB 1367312?1626887562 第 1 次 等待 3 秒
2021-07-22 01:12:46 CHB 1367312?1626887562 第 1 次 获取到号码【1367312】GSD
2021-07-22 01:12:46 获取到号码【1367312】的GSD为【河北-保定】
2021-07-22 01:12:49 GSD insert 第 1 次 等待 3 秒
2021-07-22 01:12:52 {"status":"ok","gid":350566,"msg":"添加成功！"}
2021-07-22 01:12:52 下次操作: 2021-07-22 01:13:04

2021-07-22 01:13:04 开始第 23 次操作

2021-07-22 01:13:04 开始操作号码 【1367311】
2021-07-22 01:13:15 GSD getOne 第 1 次 等待 3 秒
2021-07-22 01:13:18 查询号码 【1367311】，返回信息 {"status":"bad","msg":""}
2021-07-22 01:13:18 查询号码 【1367311】，GSD为【""】
2021-07-22 01:13:18 bad
2021-07-22 01:13:20 CHB 1367311?1626887598 第 1 次 等待 3 秒
2021-07-22 01:13:23 CHB 1367311?1626887598 第 1 次 获取到号码【1367311】GSD
2021-07-22 01:13:23 获取到号码【1367311】的GSD为【河北-石家庄】
2021-07-22 01:13:27 GSD insert 第 1 次 等待 3 秒
2021-07-22 01:13:30 {"status":"ok","gid":350570,"msg":"添加成功！"}
2021-07-22 01:13:30 下次操作: 2021-07-22 01:13:49

2021-07-22 01:13:49 开始第 24 次操作

2021-07-22 01:13:49 开始操作号码 【1367310】
2021-07-22 01:13:51 GSD getOne 第 1 次 等待 3 秒
2021-07-22 01:13:54 查询号码 【1367310】，返回信息 {"status":"bad","msg":""}
2021-07-22 01:13:54 查询号码 【1367310】，GSD为【""】
2021-07-22 01:13:54 bad
2021-07-22 01:13:56 CHB 1367310?1626887634 第 1 次 等待 3 秒
2021-07-22 01:13:59 CHB 1367310?1626887634 第 1 次 获取到号码【1367310】GSD
2021-07-22 01:13:59 获取到号码【1367310】的GSD为【河北-邯郸】
2021-07-22 01:14:07 GSD insert 第 1 次 等待 3 秒
2021-07-22 01:14:10 {"status":"ok","gid":350577,"msg":"添加成功！"}
2021-07-22 01:14:10 下次操作: 2021-07-22 01:14:25

2021-07-22 01:14:25 开始第 25 次操作

2021-07-22 01:14:25 开始操作号码 【1367309】
2021-07-22 01:14:27 GSD getOne 第 1 次 等待 3 秒
2021-07-22 01:14:30 查询号码 【1367309】，返回信息 {"status":"bad","msg":""}
2021-07-22 01:14:30 查询号码 【1367309】，GSD为【""】
2021-07-22 01:14:30 bad
2021-07-22 01:14:32 CHB 1367309?1626887670 第 1 次 等待 3 秒
2021-07-22 01:14:35 CHB 1367309?1626887670 第 1 次 获取到号码【1367309】GSD
2021-07-22 01:14:35 获取到号码【1367309】的GSD为【河南-信阳】
2021-07-22 01:14:38 GSD insert 第 1 次 等待 3 秒
2021-07-22 01:14:41 {"status":"ok","gid":350583,"msg":"添加成功！"}
2021-07-22 01:14:41 下次操作: 2021-07-22 01:14:55

2021-07-22 01:14:55 开始第 26 次操作

2021-07-22 01:14:55 开始操作号码 【1367308】
2021-07-22 01:15:01 GSD getOne 第 1 次 等待 3 秒
2021-07-22 01:15:04 查询号码 【1367308】，返回信息 {"status":"ok","msg":"河南-信阳","gid":"53521","time_insert":"2021-01-13 21:10"}
2021-07-22 01:15:04 查询号码 【1367308】，GSD为【"河南-信阳"】

2021-07-22 01:15:04 开始第 26 次操作

2021-07-22 01:15:04 开始操作号码 【1367307】
2021-07-22 01:15:06 GSD getOne 第 1 次 等待 3 秒
2021-07-22 01:15:09 查询号码 【1367307】，返回信息 {"status":"ok","msg":"河南-信阳","gid":"53520","time_insert":"2020-04-23 13:18"}
2021-07-22 01:15:10 查询号码 【1367307】，GSD为【"河南-信阳"】

2021-07-22 01:15:10 开始第 26 次操作

2021-07-22 01:15:10 开始操作号码 【1367306】
2021-07-22 01:15:17 GSD getOne 第 1 次 等待 3 秒
2021-07-22 01:15:20 查询号码 【1367306】，返回信息 {"status":"ok","msg":"河南-安阳","gid":"53519","time_insert":"2020-06-05 19:24"}
2021-07-22 01:15:20 查询号码 【1367306】，GSD为【"河南-安阳"】

2021-07-22 01:15:20 开始第 26 次操作

2021-07-22 01:15:20 开始操作号码 【1367305】
2021-07-22 01:15:23 GSD getOne 第 1 次 等待 3 秒
2021-07-22 01:15:26 查询号码 【1367305】，返回信息 {"status":"bad","msg":""}
2021-07-22 01:15:26 查询号码 【1367305】，GSD为【""】
2021-07-22 01:15:26 bad
2021-07-22 01:15:29 CHB 1367305?1626887726 第 1 次 等待 3 秒
2021-07-22 01:15:32 CHB 1367305?1626887726 第 1 次 获取到号码【1367305】GSD
2021-07-22 01:15:32 获取到号码【1367305】的GSD为【河南-安阳】
2021-07-22 01:15:36 GSD insert 第 1 次 等待 3 秒
2021-07-22 01:15:39 {"status":"ok","gid":350593,"msg":"添加成功！"}
2021-07-22 01:15:39 下次操作: 2021-07-22 01:15:52

2021-07-22 01:15:52 开始第 27 次操作

2021-07-22 01:15:52 开始操作号码 【1367304】
2021-07-22 01:15:55 GSD getOne 第 1 次 等待 3 秒
2021-07-22 01:15:58 查询号码 【1367304】，返回信息 {"status":"bad","msg":""}
2021-07-22 01:15:58 查询号码 【1367304】，GSD为【""】
2021-07-22 01:15:58 bad
2021-07-22 01:16:00 CHB 1367304?1626887758 第 1 次 等待 3 秒
2021-07-22 01:16:03 CHB 1367304?1626887758 第 1 次 获取到号码【1367304】GSD
2021-07-22 01:16:03 获取到号码【1367304】的GSD为【河南-安阳】
2021-07-22 01:16:06 GSD insert 第 1 次 等待 3 秒
2021-07-22 01:16:09 {"status":"ok","gid":350598,"msg":"添加成功！"}
2021-07-22 01:16:09 下次操作: 2021-07-22 01:16:25

2021-07-22 01:16:25 开始第 28 次操作

2021-07-22 01:16:25 开始操作号码 【1367303】
2021-07-22 01:16:30 GSD getOne 第 1 次 等待 3 秒
2021-07-22 01:16:33 查询号码 【1367303】，返回信息 {"status":"bad","msg":""}
2021-07-22 01:16:33 查询号码 【1367303】，GSD为【""】
2021-07-22 01:16:33 bad
2021-07-22 01:16:35 CHB 1367303?1626887793 第 1 次 等待 3 秒
2021-07-22 01:16:38 CHB 1367303?1626887793 第 1 次 获取到号码【1367303】GSD
2021-07-22 01:16:38 获取到号码【1367303】的GSD为【河南-安阳】
2021-07-22 01:16:40 GSD insert 第 1 次 等待 3 秒
2021-07-22 01:16:43 {"status":"ok","gid":350603,"msg":"添加成功！"}
2021-07-22 01:16:43 下次操作: 2021-07-22 01:17:01

2021-07-22 01:17:01 开始第 29 次操作

2021-07-22 01:17:01 开始操作号码 【1367302】
2021-07-22 01:17:04 GSD getOne 第 1 次 等待 3 秒
2021-07-22 01:17:07 查询号码 【1367302】，返回信息 {"status":"ok","msg":"河南-濮阳","gid":"53518","time_insert":"2021-04-17 08:55"}
2021-07-22 01:17:07 查询号码 【1367302】，GSD为【"河南-濮阳"】

2021-07-22 01:17:07 开始第 29 次操作

2021-07-22 01:17:07 开始操作号码 【1367301】
2021-07-22 01:17:13 GSD getOne 第 1 次 等待 3 秒
2021-07-22 01:17:16 查询号码 【1367301】，返回信息 {"status":"bad","msg":""}
2021-07-22 01:17:16 查询号码 【1367301】，GSD为【""】
2021-07-22 01:17:16 bad
2021-07-22 01:17:17 CHB 1367301?1626887836 第 1 次 等待 3 秒
2021-07-22 01:17:20 CHB 1367301?1626887836 第 1 次 获取到号码【1367301】GSD
2021-07-22 01:17:20 获取到号码【1367301】的GSD为【河南-濮阳】
2021-07-22 01:17:23 GSD insert 第 1 次 等待 3 秒
2021-07-22 01:17:26 {"status":"ok","gid":350611,"msg":"添加成功！"}
2021-07-22 01:17:26 下次操作: 2021-07-22 01:17:50

2021-07-22 01:17:50 开始第 30 次操作

2021-07-22 01:17:50 开始操作号码 【1367300】
2021-07-22 01:17:55 GSD getOne 第 1 次 等待 3 秒
2021-07-22 01:17:58 查询号码 【1367300】，返回信息 {"status":"ok","msg":"河南-驻马店","gid":"59334","time_insert":"2021-05-15 16:08","time_update":"2021-05-18 09:42"}
2021-07-22 01:17:58 查询号码 【1367300】，GSD为【"河南-驻马店"】

2021-07-22 01:17:58 开始第 30 次操作

2021-07-22 01:17:58 开始操作号码 【1367299】
2021-07-22 01:18:01 GSD getOne 第 1 次 等待 3 秒
2021-07-22 01:18:04 查询号码 【1367299】，返回信息 {"status":"ok","msg":"广东-江门","gid":"8709","time_insert":"2017-07-30 14:31","time_update":"2020-09-27 10:21"}
2021-07-22 01:18:04 查询号码 【1367299】，GSD为【"广东-江门"】

2021-07-22 01:18:04 开始第 30 次操作

2021-07-22 01:18:04 开始操作号码 【1367298】
2021-07-22 01:18:07 GSD getOne 第 1 次 等待 3 秒
2021-07-22 01:18:10 查询号码 【1367298】，返回信息 {"status":"ok","msg":"广东-江门","gid":"8708","time_insert":"2016-03-21 20:52","time_update":"2020-09-27 10:17"}
2021-07-22 01:18:10 查询号码 【1367298】，GSD为【"广东-江门"】

2021-07-22 01:18:10 开始第 30 次操作

2021-07-22 01:18:10 开始操作号码 【1367297】
2021-07-22 01:18:20 GSD getOne 第 1 次 等待 3 秒
2021-07-22 01:18:23 查询号码 【1367297】，返回信息 {"status":"bad","msg":""}
2021-07-22 01:18:23 查询号码 【1367297】，GSD为【""】
2021-07-22 01:18:23 bad
2021-07-22 01:18:24 CHB 1367297?1626887903 第 1 次 等待 3 秒
2021-07-22 01:18:27 CHB 1367297?1626887903 第 1 次 获取到号码【1367297】GSD
2021-07-22 01:18:28 获取到号码【1367297】的GSD为【广东-江门】
2021-07-22 01:18:30 GSD insert 第 1 次 等待 3 秒
2021-07-22 01:18:33 {"status":"ok","gid":350623,"msg":"添加成功！"}
2021-07-22 01:18:33 下次操作: 2021-07-22 01:18:55

2021-07-22 01:18:55 开始第 31 次操作

2021-07-22 01:18:55 开始操作号码 【1367296】
2021-07-22 01:19:01 GSD getOne 第 1 次 等待 3 秒
2021-07-22 01:19:04 查询号码 【1367296】，返回信息 {"status":"bad","msg":""}
2021-07-22 01:19:04 查询号码 【1367296】，GSD为【""】
2021-07-22 01:19:04 bad
2021-07-22 01:19:05 CHB 1367296?1626887944 第 1 次 等待 3 秒
2021-07-22 01:19:08 CHB 1367296?1626887944 第 1 次 获取到号码【1367296】GSD
2021-07-22 01:19:08 获取到号码【1367296】的GSD为【广东-江门】
2021-07-22 01:19:13 GSD insert 第 1 次 等待 3 秒
2021-07-22 01:19:16 {"status":"ok","gid":350629,"msg":"添加成功！"}
2021-07-22 01:19:16 下次操作: 2021-07-22 01:19:37

2021-07-22 01:19:37 开始第 32 次操作

2021-07-22 01:19:37 开始操作号码 【1367295】
2021-07-22 01:19:40 GSD getOne 第 1 次 等待 3 秒
2021-07-22 01:19:43 查询号码 【1367295】，返回信息 {"status":"ok","msg":"广东-江门","gid":"8707","time_insert":"2016-09-18 11:34","time_update":"2020-09-27 10:14"}
2021-07-22 01:19:43 查询号码 【1367295】，GSD为【"广东-江门"】

2021-07-22 01:19:43 开始第 32 次操作

2021-07-22 01:19:43 开始操作号码 【1367294】
2021-07-22 01:19:46 GSD getOne 第 1 次 等待 3 秒
2021-07-22 01:19:49 查询号码 【1367294】，返回信息 {"status":"ok","msg":"广东-江门","gid":"51553","time_insert":"2021-04-22 09:57"}
2021-07-22 01:19:49 查询号码 【1367294】，GSD为【"广东-江门"】

2021-07-22 01:19:49 开始第 32 次操作

2021-07-22 01:19:49 开始操作号码 【1367293】
2021-07-22 01:19:52 GSD getOne 第 1 次 等待 3 秒
2021-07-22 01:19:55 查询号码 【1367293】，返回信息 {"status":"bad","msg":""}
2021-07-22 01:19:55 查询号码 【1367293】，GSD为【""】
2021-07-22 01:19:55 bad
2021-07-22 01:19:58 CHB 1367293?1626887995 第 1 次 等待 3 秒
2021-07-22 01:20:01 CHB 1367293?1626887995 第 1 次 获取到号码【1367293】GSD
2021-07-22 01:20:01 获取到号码【1367293】的GSD为【广东-江门】
2021-07-22 01:20:04 GSD insert 第 1 次 等待 3 秒
2021-07-22 01:20:07 {"status":"ok","gid":350638,"msg":"添加成功！"}
2021-07-22 01:20:07 下次操作: 2021-07-22 01:20:31

2021-07-22 01:20:31 开始第 33 次操作

2021-07-22 01:20:31 开始操作号码 【1367292】
2021-07-22 01:20:33 GSD getOne 第 1 次 等待 3 秒
2021-07-22 01:20:36 查询号码 【1367292】，返回信息 {"status":"bad","msg":""}
2021-07-22 01:20:36 查询号码 【1367292】，GSD为【""】
2021-07-22 01:20:36 bad
2021-07-22 01:20:38 CHB 1367292?1626888036 第 1 次 等待 3 秒
2021-07-22 01:20:41 CHB 1367292?1626888036 第 1 次 获取到号码【1367292】GSD
2021-07-22 01:20:41 获取到号码【1367292】的GSD为【广东-江门】
2021-07-22 01:20:44 GSD insert 第 1 次 等待 3 秒
2021-07-22 01:20:47 {"status":"ok","gid":350644,"msg":"添加成功！"}
2021-07-22 01:20:47 下次操作: 2021-07-22 01:21:03

2021-07-22 01:21:03 开始第 34 次操作

2021-07-22 01:21:03 开始操作号码 【1367291】
2021-07-22 01:21:05 GSD getOne 第 1 次 等待 3 秒
2021-07-22 01:21:08 查询号码 【1367291】，返回信息 {"status":"ok","msg":"广东-江门","gid":"8706","time_insert":"2019-08-08 10:57","time_update":"2020-09-27 10:10"}
2021-07-22 01:21:09 查询号码 【1367291】，GSD为【"广东-江门"】

2021-07-22 01:21:09 开始第 34 次操作

2021-07-22 01:21:09 开始操作号码 【1367290】
2021-07-22 01:21:13 GSD getOne 第 1 次 等待 3 秒
2021-07-22 01:21:16 查询号码 【1367290】，返回信息 {"status":"bad","msg":""}
2021-07-22 01:21:16 查询号码 【1367290】，GSD为【""】
2021-07-22 01:21:16 bad
2021-07-22 01:21:18 CHB 1367290?1626888076 第 1 次 等待 3 秒
2021-07-22 01:21:21 CHB 1367290?1626888076 第 1 次 获取到号码【1367290】GSD
2021-07-22 01:21:21 获取到号码【1367290】的GSD为【广东-江门】
2021-07-22 01:21:27 GSD insert 第 1 次 等待 3 秒
2021-07-22 01:21:30 {"status":"ok","gid":350653,"msg":"添加成功！"}
2021-07-22 01:21:30 下次操作: 2021-07-22 01:21:53

2021-07-22 01:21:53 开始第 35 次操作

2021-07-22 01:21:53 开始操作号码 【1367289】
2021-07-22 01:21:55 GSD getOne 第 1 次 等待 3 秒
2021-07-22 01:21:58 查询号码 【1367289】，返回信息 {"status":"bad","msg":""}
2021-07-22 01:21:59 查询号码 【1367289】，GSD为【""】
2021-07-22 01:21:59 bad
2021-07-22 01:22:00 CHB 1367289?1626888119 第 1 次 等待 3 秒
2021-07-22 01:22:03 CHB 1367289?1626888119 第 1 次 获取到号码【1367289】GSD
2021-07-22 01:22:03 获取到号码【1367289】的GSD为【广东-江门】
2021-07-22 01:22:08 GSD insert 第 1 次 等待 3 秒
2021-07-22 01:22:11 {"status":"ok","gid":350659,"msg":"添加成功！"}
2021-07-22 01:22:11 下次操作: 2021-07-22 01:22:26

2021-07-22 01:22:26 开始第 36 次操作

2021-07-22 01:22:26 开始操作号码 【1367288】
2021-07-22 01:22:32 GSD getOne 第 1 次 等待 3 秒
2021-07-22 01:22:35 查询号码 【1367288】，返回信息 {"status":"bad","msg":""}
2021-07-22 01:22:36 查询号码 【1367288】，GSD为【""】
2021-07-22 01:22:36 bad
2021-07-22 01:22:38 CHB 1367288?1626888156 第 1 次 等待 3 秒
2021-07-22 01:22:41 CHB 1367288?1626888156 第 1 次 获取到号码【1367288】GSD
2021-07-22 01:22:41 获取到号码【1367288】的GSD为【广东-江门】
2021-07-22 01:22:44 GSD insert 第 1 次 等待 3 秒
2021-07-22 01:22:47 {"status":"ok","gid":350663,"msg":"添加成功！"}
2021-07-22 01:22:47 下次操作: 2021-07-22 01:23:10

2021-07-22 01:23:10 开始第 37 次操作

2021-07-22 01:23:10 开始操作号码 【1367287】
2021-07-22 01:23:13 GSD getOne 第 1 次 等待 3 秒
2021-07-22 01:23:16 查询号码 【1367287】，返回信息 {"status":"bad","msg":""}
2021-07-22 01:23:16 查询号码 【1367287】，GSD为【""】
2021-07-22 01:23:16 bad
2021-07-22 01:23:17 CHB 1367287?1626888196 第 1 次 等待 3 秒
2021-07-22 01:23:20 CHB 1367287?1626888196 第 1 次 获取到号码【1367287】GSD
2021-07-22 01:23:20 获取到号码【1367287】的GSD为【广东-江门】
2021-07-22 01:24:00 GSD insert 第 1 次 等待 3 秒
2021-07-22 01:24:03 {"status":"ok","gid":350673,"msg":"添加成功！"}
2021-07-22 01:24:03 下次操作: 2021-07-22 01:24:22

2021-07-22 01:24:22 开始第 38 次操作

2021-07-22 01:24:22 开始操作号码 【1367286】
2021-07-22 01:24:25 GSD getOne 第 1 次 等待 3 秒
2021-07-22 01:24:28 查询号码 【1367286】，返回信息 {"status":"bad","msg":""}
2021-07-22 01:24:28 查询号码 【1367286】，GSD为【""】
2021-07-22 01:24:28 bad
2021-07-22 01:24:29 CHB 1367286?1626888268 第 1 次 等待 3 秒
2021-07-22 01:24:32 CHB 1367286?1626888268 第 1 次 获取到号码【1367286】GSD
2021-07-22 01:24:32 获取到号码【1367286】的GSD为【广东-江门】
2021-07-22 01:24:46 GSD insert 第 1 次 等待 3 秒
2021-07-22 01:24:49 {"status":"ok","gid":350679,"msg":"添加成功！"}
2021-07-22 01:24:49 下次操作: 2021-07-22 01:25:01

2021-07-22 01:25:01 开始第 39 次操作

2021-07-22 01:25:01 开始操作号码 【1367285】
2021-07-22 01:25:04 GSD getOne 第 1 次 等待 3 秒
2021-07-22 01:25:07 查询号码 【1367285】，返回信息 {"status":"bad","msg":""}
2021-07-22 01:25:07 查询号码 【1367285】，GSD为【""】
2021-07-22 01:25:07 bad
2021-07-22 01:25:09 CHB 1367285?1626888307 第 1 次 等待 3 秒
2021-07-22 01:25:12 CHB 1367285?1626888307 第 1 次 获取到号码【1367285】GSD
2021-07-22 01:25:12 获取到号码【1367285】的GSD为【广东-江门】
2021-07-22 01:25:14 GSD insert 第 1 次 等待 3 秒
2021-07-22 01:25:17 {"status":"ok","gid":350682,"msg":"添加成功！"}
2021-07-22 01:25:17 下次操作: 2021-07-22 01:25:31

2021-07-22 01:25:31 开始第 40 次操作

2021-07-22 01:25:31 开始操作号码 【1367284】
2021-07-22 01:25:34 GSD getOne 第 1 次 等待 3 秒
2021-07-22 01:25:37 查询号码 【1367284】，返回信息 {"status":"bad","msg":""}
2021-07-22 01:25:37 查询号码 【1367284】，GSD为【""】
2021-07-22 01:25:37 bad
2021-07-22 01:25:38 CHB 1367284?1626888337 第 1 次 等待 3 秒
2021-07-22 01:25:41 CHB 1367284?1626888337 第 1 次 获取到号码【1367284】GSD
2021-07-22 01:25:41 获取到号码【1367284】的GSD为【广东-江门】
2021-07-22 01:25:44 GSD insert 第 1 次 等待 3 秒
2021-07-22 01:25:47 {"status":"ok","gid":350687,"msg":"添加成功！"}

