2024-07-25 00:24:18 开始第 7709 次操作

2024-07-25 00:24:18 开始操作号码 【1477619】
2024-07-25 00:24:27 GSD getOne 第 1 次 等待 3 秒
2024-07-25 00:24:30 查询号码 【1477619】，返回信息 {"status":"ok","msg":"广东-广州","gid":"380202","time_insert":"2021-07-24 18:40"}
2024-07-25 00:24:30 查询号码 【1477619】，GSD为【"广东-广州"】

2024-07-25 00:24:31 开始第 7710 次操作

2024-07-25 00:24:31 开始操作号码 【1477620】
2024-07-25 00:24:39 GSD getOne 第 1 次 等待 3 秒
2024-07-25 00:24:42 查询号码 【1477620】，返回信息 {"status":"ok","msg":"广东-广州","gid":"380197","time_insert":"2021-07-24 18:39"}
2024-07-25 00:24:42 查询号码 【1477620】，GSD为【"广东-广州"】

2024-07-25 00:24:43 开始第 7711 次操作

2024-07-25 00:24:43 开始操作号码 【1477621】
2024-07-25 00:24:52 GSD getOne 第 1 次 等待 3 秒
2024-07-25 00:24:55 查询号码 【1477621】，返回信息 {"status":"ok","msg":"广东-广州","gid":"380193","time_insert":"2021-07-24 18:39"}
2024-07-25 00:24:55 查询号码 【1477621】，GSD为【"广东-广州"】

2024-07-25 00:24:56 开始第 7712 次操作

2024-07-25 00:24:56 开始操作号码 【1477622】
2024-07-25 00:25:04 GSD getOne 第 1 次 等待 3 秒
2024-07-25 00:25:07 查询号码 【1477622】，返回信息 {"status":"ok","msg":"广东-广州","gid":"380190","time_insert":"2021-07-24 18:38"}
2024-07-25 00:25:07 查询号码 【1477622】，GSD为【"广东-广州"】

2024-07-25 00:42:11 开始第 7713 次操作

2024-07-25 00:42:11 开始操作号码 【1477623】
2024-07-25 00:42:19 GSD getOne 第 1 次 等待 3 秒
2024-07-25 00:42:22 查询号码 【1477623】，返回信息 {"status":"ok","msg":"广东-广州","gid":"380188","time_insert":"2021-07-24 18:38"}
2024-07-25 00:42:22 查询号码 【1477623】，GSD为【"广东-广州"】

2024-07-25 00:42:23 开始第 7714 次操作

2024-07-25 00:42:23 开始操作号码 【1477624】
2024-07-25 00:42:32 GSD getOne 第 1 次 等待 3 秒
2024-07-25 00:42:35 查询号码 【1477624】，返回信息 {"status":"ok","msg":"广东-广州","gid":"380184","time_insert":"2021-07-24 18:37"}
2024-07-25 00:42:35 查询号码 【1477624】，GSD为【"广东-广州"】

2024-07-25 00:42:36 开始第 7715 次操作

2024-07-25 00:42:36 开始操作号码 【1477625】
2024-07-25 00:42:44 GSD getOne 第 1 次 等待 3 秒
2024-07-25 00:42:47 查询号码 【1477625】，返回信息 {"status":"ok","msg":"广东-广州","gid":"380181","time_insert":"2021-07-24 18:37"}
2024-07-25 00:42:47 查询号码 【1477625】，GSD为【"广东-广州"】

2024-07-25 00:42:48 开始第 7716 次操作

2024-07-25 00:42:48 开始操作号码 【1477626】
2024-07-25 00:42:56 GSD getOne 第 1 次 等待 3 秒
2024-07-25 00:42:59 查询号码 【1477626】，返回信息 {"status":"ok","msg":"广东-广州","gid":"379946","time_insert":"2021-07-24 18:00"}
2024-07-25 00:42:59 查询号码 【1477626】，GSD为【"广东-广州"】

2024-07-25 01:17:13 开始第 7717 次操作

2024-07-25 01:17:13 开始操作号码 【1477627】
2024-07-25 01:17:21 GSD getOne 第 1 次 等待 3 秒
2024-07-25 01:17:24 查询号码 【1477627】，返回信息 {"status":"ok","msg":"广东-广州","gid":"379937","time_insert":"2021-07-24 18:00"}
2024-07-25 01:17:24 查询号码 【1477627】，GSD为【"广东-广州"】

2024-07-25 01:17:25 开始第 7718 次操作

2024-07-25 01:17:25 开始操作号码 【1477628】
2024-07-25 01:17:33 GSD getOne 第 1 次 等待 3 秒
2024-07-25 01:17:36 查询号码 【1477628】，返回信息 {"status":"ok","msg":"广东-广州","gid":"379927","time_insert":"2021-07-24 17:59"}
2024-07-25 01:17:36 查询号码 【1477628】，GSD为【"广东-广州"】

2024-07-25 01:17:37 开始第 7719 次操作

2024-07-25 01:17:37 开始操作号码 【1477629】
2024-07-25 01:17:45 GSD getOne 第 1 次 等待 3 秒
2024-07-25 01:17:48 查询号码 【1477629】，返回信息 {"status":"ok","msg":"广东-广州","gid":"379919","time_insert":"2021-07-24 17:58"}
2024-07-25 01:17:48 查询号码 【1477629】，GSD为【"广东-广州"】

2024-07-25 01:17:49 开始第 7720 次操作

2024-07-25 01:17:49 开始操作号码 【1477630】
2024-07-25 01:17:57 GSD getOne 第 1 次 等待 3 秒
2024-07-25 01:18:00 查询号码 【1477630】，返回信息 {"status":"ok","msg":"广东-广州","gid":"379911","time_insert":"2021-07-24 17:58"}
2024-07-25 01:18:00 查询号码 【1477630】，GSD为【"广东-广州"】

