2024-03-12 00:21:05 开始第 8277 次操作

2024-03-12 00:21:05 开始操作号码 【1698190】
2024-03-12 00:21:09 GSD getOne 第 1 次 等待 3 秒
2024-03-12 00:21:12 查询号码 【1698190】，返回信息 {"status":"ok","msg":"-","gid":"652170","time_insert":"2023-04-13 19:27"}
2024-03-12 00:21:12 查询号码 【1698190】，GSD为【"-"】
2024-03-12 00:21:12 ok && -
2024-03-12 00:21:15 CHB 1698190?1710174072 第 1 次 等待 3 秒
2024-03-12 00:21:18 CHB 1698190?1710174072 第 1 次 获取到号码【1698190】GSD
2024-03-12 00:21:18 未获取到号码【1698190】GSD，可能号码格式错误
2024-03-12 00:21:18 获取到号码【1698190】的GSD为【-】
2024-03-12 00:21:22 GSD insert 第 1 次 等待 3 秒
2024-03-12 00:21:25 {"status":"bad","gid":"652170","msg":"添加失败！号码【1698190(-|-)】已存在！"}
2024-03-12 00:21:25 随机等待 162 秒，约 2 分钟
2024-03-12 00:21:25 下次操作: 2024-03-12 00:24:07

2024-03-12 00:24:07 开始第 8278 次操作

2024-03-12 00:24:07 开始操作号码 【1698191】
2024-03-12 00:24:11 GSD getOne 第 1 次 等待 3 秒
2024-03-12 00:24:14 查询号码 【1698191】，返回信息 {"status":"ok","msg":"-","gid":"652165","time_insert":"2023-04-13 19:24"}
2024-03-12 00:24:14 查询号码 【1698191】，GSD为【"-"】
2024-03-12 00:24:14 ok && -
2024-03-12 00:24:16 CHB 1698191?1710174254 第 1 次 等待 3 秒
2024-03-12 00:24:19 CHB 1698191?1710174254 第 1 次 获取到号码【1698191】GSD
2024-03-12 00:24:19 未获取到号码【1698191】GSD，可能号码格式错误
2024-03-12 00:24:19 获取到号码【1698191】的GSD为【-】
2024-03-12 00:24:26 GSD insert 第 1 次 等待 3 秒
2024-03-12 00:24:29 {"status":"bad","gid":"652165","msg":"添加失败！号码【1698191(-|-)】已存在！"}
2024-03-12 00:24:29 随机等待 121 秒，约 2 分钟
2024-03-12 00:24:29 下次操作: 2024-03-12 00:26:30

2024-03-12 00:26:31 开始第 8279 次操作

2024-03-12 00:26:31 开始操作号码 【1698192】
2024-03-12 00:26:35 GSD getOne 第 1 次 等待 3 秒
2024-03-12 00:26:38 查询号码 【1698192】，返回信息 {"status":"ok","msg":"-","gid":"652162","time_insert":"2023-04-13 19:21"}
2024-03-12 00:26:38 查询号码 【1698192】，GSD为【"-"】
2024-03-12 00:26:38 ok && -
2024-03-12 00:26:40 CHB 1698192?1710174398 第 1 次 等待 3 秒
2024-03-12 00:26:43 CHB 1698192?1710174398 第 1 次 获取到号码【1698192】GSD
2024-03-12 00:26:43 未获取到号码【1698192】GSD，可能号码格式错误
2024-03-12 00:26:43 获取到号码【1698192】的GSD为【-】
2024-03-12 00:26:47 GSD insert 第 1 次 等待 3 秒
2024-03-12 00:26:50 {"status":"bad","gid":"652162","msg":"添加失败！号码【1698192(-|-)】已存在！"}
2024-03-12 00:26:50 随机等待 129 秒，约 2 分钟
2024-03-12 00:26:50 下次操作: 2024-03-12 00:28:59

2024-03-12 00:28:59 开始第 8280 次操作

2024-03-12 00:28:59 开始操作号码 【1698193】
2024-03-12 00:29:03 GSD getOne 第 1 次 等待 3 秒
2024-03-12 00:29:06 查询号码 【1698193】，返回信息 {"status":"ok","msg":"-","gid":"652157","time_insert":"2023-04-13 19:19"}
2024-03-12 00:29:06 查询号码 【1698193】，GSD为【"-"】
2024-03-12 00:29:06 ok && -
2024-03-12 00:29:08 CHB 1698193?1710174546 第 1 次 等待 3 秒
2024-03-12 00:29:11 CHB 1698193?1710174546 第 1 次 获取到号码【1698193】GSD
2024-03-12 00:29:11 未获取到号码【1698193】GSD，可能号码格式错误
2024-03-12 00:29:11 获取到号码【1698193】的GSD为【-】
2024-03-12 00:29:15 GSD insert 第 1 次 等待 3 秒
2024-03-12 00:29:18 {"status":"bad","gid":"652157","msg":"添加失败！号码【1698193(-|-)】已存在！"}

