2024-05-10 00:22:59 开始第 7953 次操作

2024-05-10 00:22:59 开始操作号码 【1587866】
2024-05-10 00:23:16 GSD getOne 第 1 次 等待 3 秒
2024-05-10 00:23:19 查询号码 【1587866】，返回信息 {"status":"ok","msg":"广西-百色","gid":"386585","time_insert":"2021-07-25 07:02"}
2024-05-10 00:23:19 查询号码 【1587866】，GSD为【"广西-百色"】

2024-05-10 00:23:20 开始第 7954 次操作

2024-05-10 00:23:20 开始操作号码 【1587867】
2024-05-10 00:23:26 GSD getOne 第 1 次 等待 3 秒
2024-05-10 00:23:29 查询号码 【1587867】，返回信息 {"status":"ok","msg":"广西-河池","gid":"386576","time_insert":"2021-07-25 07:02"}
2024-05-10 00:23:29 查询号码 【1587867】，GSD为【"广西-河池"】

2024-05-10 00:23:30 开始第 7955 次操作

2024-05-10 00:23:30 开始操作号码 【1587868】
2024-05-10 00:23:39 GSD getOne 第 1 次 等待 3 秒
2024-05-10 00:23:42 查询号码 【1587868】，返回信息 {"status":"ok","msg":"广西-河池","gid":"386568","time_insert":"2021-07-25 07:01"}
2024-05-10 00:23:42 查询号码 【1587868】，GSD为【"广西-河池"】

2024-05-10 00:23:43 开始第 7956 次操作

2024-05-10 00:23:43 开始操作号码 【1587869】
2024-05-10 00:23:48 GSD getOne 第 1 次 等待 3 秒
2024-05-10 00:23:52 查询号码 【1587869】，返回信息 {"status":"ok","msg":"广西-河池","gid":"386559","time_insert":"2021-07-25 07:01"}
2024-05-10 00:23:52 查询号码 【1587869】，GSD为【"广西-河池"】

2024-05-10 00:43:34 开始第 7957 次操作

2024-05-10 00:43:34 开始操作号码 【1587870】
2024-05-10 00:43:46 GSD getOne 第 1 次 等待 3 秒
2024-05-10 00:43:49 查询号码 【1587870】，返回信息 {"status":"ok","msg":"广西-南宁","gid":"386551","time_insert":"2021-07-25 07:00"}
2024-05-10 00:43:49 查询号码 【1587870】，GSD为【"广西-南宁"】

2024-05-10 00:43:50 开始第 7958 次操作

2024-05-10 00:43:50 开始操作号码 【1587871】
2024-05-10 00:43:57 GSD getOne 第 1 次 等待 3 秒
2024-05-10 00:44:00 查询号码 【1587871】，返回信息 {"status":"ok","msg":"广西-南宁","gid":"386542","time_insert":"2021-07-25 06:59"}
2024-05-10 00:44:00 查询号码 【1587871】，GSD为【"广西-南宁"】

2024-05-10 00:44:01 开始第 7959 次操作

2024-05-10 00:44:01 开始操作号码 【1587872】
2024-05-10 00:44:14 GSD getOne 第 1 次 等待 3 秒
2024-05-10 00:44:17 查询号码 【1587872】，返回信息 {"status":"ok","msg":"广西-南宁","gid":"25422","time_insert":"2017-08-25 20:08","time_update":"2020-12-17 16:45"}
2024-05-10 00:44:17 查询号码 【1587872】，GSD为【"广西-南宁"】

2024-05-10 00:44:18 开始第 7960 次操作

2024-05-10 00:44:18 开始操作号码 【1587873】
2024-05-10 00:44:26 GSD getOne 第 1 次 等待 3 秒
2024-05-10 00:44:29 查询号码 【1587873】，返回信息 {"status":"ok","msg":"广西-崇左","gid":"386531","time_insert":"2021-07-25 06:59"}
2024-05-10 00:44:29 查询号码 【1587873】，GSD为【"广西-崇左"】

2024-05-10 01:15:54 开始第 7961 次操作

2024-05-10 01:15:54 开始操作号码 【1587874】
2024-05-10 01:15:59 GSD getOne 第 1 次 等待 3 秒
2024-05-10 01:16:02 查询号码 【1587874】，返回信息 {"status":"ok","msg":"广西-南宁","gid":"386524","time_insert":"2021-07-25 06:58"}
2024-05-10 01:16:03 查询号码 【1587874】，GSD为【"广西-南宁"】

2024-05-10 01:16:04 开始第 7962 次操作

2024-05-10 01:16:04 开始操作号码 【1587875】
2024-05-10 01:16:17 GSD getOne 第 1 次 等待 3 秒
2024-05-10 01:16:20 查询号码 【1587875】，返回信息 {"status":"ok","msg":"广西-南宁","gid":"386517","time_insert":"2021-07-25 06:58"}
2024-05-10 01:16:20 查询号码 【1587875】，GSD为【"广西-南宁"】

2024-05-10 01:16:21 开始第 7963 次操作

2024-05-10 01:16:21 开始操作号码 【1587876】
2024-05-10 01:16:33 GSD getOne 第 1 次 等待 3 秒
2024-05-10 01:16:36 查询号码 【1587876】，返回信息 {"status":"ok","msg":"广西-南宁","gid":"386507","time_insert":"2021-07-25 06:57"}
2024-05-10 01:16:36 查询号码 【1587876】，GSD为【"广西-南宁"】

2024-05-10 01:16:37 开始第 7964 次操作

2024-05-10 01:16:37 开始操作号码 【1587877】
2024-05-10 01:16:47 GSD getOne 第 1 次 等待 3 秒
2024-05-10 01:16:50 查询号码 【1587877】，返回信息 {"status":"ok","msg":"广西-南宁","gid":"386497","time_insert":"2021-07-25 06:56"}
2024-05-10 01:16:50 查询号码 【1587877】，GSD为【"广西-南宁"】

