2024-09-19 00:22:48 开始第 5285 次操作

2024-09-19 00:22:48 开始操作号码 【1365284】
2024-09-19 00:22:57 GSD getOne 第 1 次 等待 3 秒
2024-09-19 00:23:00 查询号码 【1365284】，返回信息 {"status":"ok","msg":"广东-湛江","gid":"245959","time_insert":"2021-07-11 06:24"}
2024-09-19 00:23:00 查询号码 【1365284】，GSD为【"广东-湛江"】

2024-09-19 00:23:01 开始第 5286 次操作

2024-09-19 00:23:01 开始操作号码 【1365285】
2024-09-19 00:23:09 GSD getOne 第 1 次 等待 3 秒
2024-09-19 00:23:12 查询号码 【1365285】，返回信息 {"status":"ok","msg":"广东-湛江","gid":"245998","time_insert":"2021-07-11 06:38"}
2024-09-19 00:23:12 查询号码 【1365285】，GSD为【"广东-湛江"】

2024-09-19 00:23:13 开始第 5287 次操作

2024-09-19 00:23:13 开始操作号码 【1365286】
2024-09-19 00:23:21 GSD getOne 第 1 次 等待 3 秒
2024-09-19 00:23:24 查询号码 【1365286】，返回信息 {"status":"ok","msg":"广东-湛江","gid":"246242","time_insert":"2021-07-11 06:51"}
2024-09-19 00:23:24 查询号码 【1365286】，GSD为【"广东-湛江"】

2024-09-19 00:23:25 开始第 5288 次操作

2024-09-19 00:23:25 开始操作号码 【1365287】
2024-09-19 00:23:33 GSD getOne 第 1 次 等待 3 秒
2024-09-19 00:23:36 查询号码 【1365287】，返回信息 {"status":"ok","msg":"广东-湛江","gid":"246301","time_insert":"2021-07-11 07:04"}
2024-09-19 00:23:36 查询号码 【1365287】，GSD为【"广东-湛江"】

2024-09-19 00:43:40 开始第 5289 次操作

2024-09-19 00:43:40 开始操作号码 【1365288】
2024-09-19 00:43:50 GSD getOne 第 1 次 等待 3 秒
2024-09-19 00:43:53 查询号码 【1365288】，返回信息 {"status":"ok","msg":"广东-湛江","gid":"246324","time_insert":"2021-07-11 07:16"}
2024-09-19 00:43:53 查询号码 【1365288】，GSD为【"广东-湛江"】

2024-09-19 00:43:54 开始第 5290 次操作

2024-09-19 00:43:54 开始操作号码 【1365289】
2024-09-19 00:44:03 GSD getOne 第 1 次 等待 3 秒
2024-09-19 00:44:06 查询号码 【1365289】，返回信息 {"status":"ok","msg":"广东-湛江","gid":"246344","time_insert":"2021-07-11 07:28"}
2024-09-19 00:44:06 查询号码 【1365289】，GSD为【"广东-湛江"】

2024-09-19 00:44:07 开始第 5291 次操作

2024-09-19 00:44:07 开始操作号码 【1365290】
2024-09-19 00:44:14 GSD getOne 第 1 次 等待 3 秒
2024-09-19 00:44:17 查询号码 【1365290】，返回信息 {"status":"ok","msg":"广东-佛山","gid":"246419","time_insert":"2021-07-11 07:39"}
2024-09-19 00:44:17 查询号码 【1365290】，GSD为【"广东-佛山"】

2024-09-19 00:44:18 开始第 5292 次操作

2024-09-19 00:44:18 开始操作号码 【1365291】
2024-09-19 00:44:26 GSD getOne 第 1 次 等待 3 秒
2024-09-19 00:44:29 查询号码 【1365291】，返回信息 {"status":"ok","msg":"广东-佛山","gid":"246657","time_insert":"2021-07-11 07:54"}
2024-09-19 00:44:30 查询号码 【1365291】，GSD为【"广东-佛山"】

