2024-03-07 00:21:54 开始第 7385 次操作

2024-03-07 00:21:54 开始操作号码 【1697298】
2024-03-07 00:21:58 GSD getOne 第 1 次 等待 3 秒
2024-03-07 00:22:01 查询号码 【1697298】，返回信息 {"status":"ok","msg":"-","gid":"656963","time_insert":"2023-04-15 23:13"}
2024-03-07 00:22:01 查询号码 【1697298】，GSD为【"-"】
2024-03-07 00:22:01 ok && -
2024-03-07 00:22:03 CHB 1697298?1709742121 第 1 次 等待 3 秒
2024-03-07 00:22:06 CHB 1697298?1709742121 第 1 次 获取到号码【1697298】GSD
2024-03-07 00:22:06 未获取到号码【1697298】GSD，可能号码格式错误
2024-03-07 00:22:06 获取到号码【1697298】的GSD为【-】
2024-03-07 00:22:11 GSD insert 第 1 次 等待 3 秒
2024-03-07 00:22:14 {"status":"bad","gid":"656963","msg":"添加失败！号码【1697298(-|-)】已存在！"}
2024-03-07 00:22:14 随机等待 158 秒，约 2 分钟
2024-03-07 00:22:14 下次操作: 2024-03-07 00:24:52

2024-03-07 00:24:52 开始第 7386 次操作

2024-03-07 00:24:52 开始操作号码 【1697299】
2024-03-07 00:24:56 GSD getOne 第 1 次 等待 3 秒
2024-03-07 00:24:59 查询号码 【1697299】，返回信息 {"status":"ok","msg":"-","gid":"656959","time_insert":"2023-04-15 23:11"}
2024-03-07 00:24:59 查询号码 【1697299】，GSD为【"-"】
2024-03-07 00:24:59 ok && -
2024-03-07 00:25:01 CHB 1697299?1709742299 第 1 次 等待 3 秒
2024-03-07 00:25:04 CHB 1697299?1709742299 第 1 次 获取到号码【1697299】GSD
2024-03-07 00:25:04 未获取到号码【1697299】GSD，可能号码格式错误
2024-03-07 00:25:04 获取到号码【1697299】的GSD为【-】
2024-03-07 00:25:08 GSD insert 第 1 次 等待 3 秒
2024-03-07 00:25:11 {"status":"bad","gid":"656959","msg":"添加失败！号码【1697299(-|-)】已存在！"}
2024-03-07 00:25:11 随机等待 161 秒，约 2 分钟
2024-03-07 00:25:11 下次操作: 2024-03-07 00:27:52

2024-03-07 00:27:52 开始第 7387 次操作

2024-03-07 00:27:52 开始操作号码 【1697300】
2024-03-07 00:27:56 GSD getOne 第 1 次 等待 3 秒
2024-03-07 00:27:59 查询号码 【1697300】，返回信息 {"status":"ok","msg":"-","gid":"656946","time_insert":"2023-04-15 23:02"}
2024-03-07 00:27:59 查询号码 【1697300】，GSD为【"-"】
2024-03-07 00:27:59 ok && -
2024-03-07 00:28:01 CHB 1697300?1709742479 第 1 次 等待 3 秒
2024-03-07 00:28:04 CHB 1697300?1709742479 第 1 次 获取到号码【1697300】GSD
2024-03-07 00:28:04 未获取到号码【1697300】GSD，可能号码格式错误
2024-03-07 00:28:04 获取到号码【1697300】的GSD为【-】
2024-03-07 00:28:10 GSD insert 第 1 次 等待 3 秒
2024-03-07 00:28:13 {"status":"bad","gid":"656946","msg":"添加失败！号码【1697300(-|-)】已存在！"}
2024-03-07 00:28:13 随机等待 189 秒，约 3 分钟
2024-03-07 00:28:13 下次操作: 2024-03-07 00:31:22

2024-03-07 00:31:22 开始第 7388 次操作

2024-03-07 00:31:22 开始操作号码 【1697301】
2024-03-07 00:31:27 GSD getOne 第 1 次 等待 3 秒
2024-03-07 00:31:30 查询号码 【1697301】，返回信息 {"status":"ok","msg":"-","gid":"656943","time_insert":"2023-04-15 23:00"}
2024-03-07 00:31:30 查询号码 【1697301】，GSD为【"-"】
2024-03-07 00:31:30 ok && -
2024-03-07 00:31:32 CHB 1697301?1709742690 第 1 次 等待 3 秒
2024-03-07 00:31:35 CHB 1697301?1709742690 第 1 次 获取到号码【1697301】GSD
2024-03-07 00:31:35 未获取到号码【1697301】GSD，可能号码格式错误
2024-03-07 00:31:35 获取到号码【1697301】的GSD为【-】
2024-03-07 00:31:40 GSD insert 第 1 次 等待 3 秒
2024-03-07 00:31:43 {"status":"bad","gid":"656943","msg":"添加失败！号码【1697301(-|-)】已存在！"}

2024-03-07 00:39:37 开始第 7389 次操作

2024-03-07 00:39:37 开始操作号码 【1697302】
2024-03-07 00:39:42 GSD getOne 第 1 次 等待 3 秒
2024-03-07 00:39:45 查询号码 【1697302】，返回信息 {"status":"ok","msg":"-","gid":"656938","time_insert":"2023-04-15 22:57"}
2024-03-07 00:39:45 查询号码 【1697302】，GSD为【"-"】
2024-03-07 00:39:45 ok && -
2024-03-07 00:39:48 CHB 1697302?1709743185 第 1 次 等待 3 秒
2024-03-07 00:39:51 CHB 1697302?1709743185 第 1 次 获取到号码【1697302】GSD
2024-03-07 00:39:51 未获取到号码【1697302】GSD，可能号码格式错误
2024-03-07 00:39:51 获取到号码【1697302】的GSD为【-】
2024-03-07 00:39:56 GSD insert 第 1 次 等待 3 秒
2024-03-07 00:39:59 {"status":"bad","gid":"656938","msg":"添加失败！号码【1697302(-|-)】已存在！"}
2024-03-07 00:39:59 随机等待 136 秒，约 2 分钟
2024-03-07 00:39:59 下次操作: 2024-03-07 00:42:15

2024-03-07 00:42:15 开始第 7390 次操作

2024-03-07 00:42:15 开始操作号码 【1697303】
2024-03-07 00:42:20 GSD getOne 第 1 次 等待 3 秒
2024-03-07 00:42:23 查询号码 【1697303】，返回信息 {"status":"ok","msg":"-","gid":"656933","time_insert":"2023-04-15 22:55"}
2024-03-07 00:42:23 查询号码 【1697303】，GSD为【"-"】
2024-03-07 00:42:23 ok && -
2024-03-07 00:42:26 CHB 1697303?1709743343 第 1 次 等待 3 秒
2024-03-07 00:42:29 CHB 1697303?1709743343 第 1 次 获取到号码【1697303】GSD
2024-03-07 00:42:29 未获取到号码【1697303】GSD，可能号码格式错误
2024-03-07 00:42:29 获取到号码【1697303】的GSD为【-】
2024-03-07 00:42:33 GSD insert 第 1 次 等待 3 秒
2024-03-07 00:42:36 {"status":"bad","gid":"656933","msg":"添加失败！号码【1697303(-|-)】已存在！"}
2024-03-07 00:42:36 随机等待 122 秒，约 2 分钟
2024-03-07 00:42:36 下次操作: 2024-03-07 00:44:38

2024-03-07 00:44:38 开始第 7391 次操作

2024-03-07 00:44:38 开始操作号码 【1697304】
2024-03-07 00:44:43 GSD getOne 第 1 次 等待 3 秒
2024-03-07 00:44:46 查询号码 【1697304】，返回信息 {"status":"ok","msg":"-","gid":"656926","time_insert":"2023-04-15 22:51"}
2024-03-07 00:44:46 查询号码 【1697304】，GSD为【"-"】
2024-03-07 00:44:46 ok && -
2024-03-07 00:44:50 CHB 1697304?1709743487 第 1 次 等待 3 秒
2024-03-07 00:44:53 CHB 1697304?1709743487 第 1 次 获取到号码【1697304】GSD
2024-03-07 00:44:53 未获取到号码【1697304】GSD，可能号码格式错误
2024-03-07 00:44:53 获取到号码【1697304】的GSD为【-】
2024-03-07 00:44:57 GSD insert 第 1 次 等待 3 秒
2024-03-07 00:45:00 {"status":"bad","gid":"656926","msg":"添加失败！号码【1697304(-|-)】已存在！"}
2024-03-07 00:45:01 随机等待 206 秒，约 3 分钟
2024-03-07 00:45:01 下次操作: 2024-03-07 00:48:26

2024-03-07 00:48:27 开始第 7392 次操作

2024-03-07 00:48:27 开始操作号码 【1697305】
2024-03-07 00:48:31 GSD getOne 第 1 次 等待 3 秒
2024-03-07 00:48:34 查询号码 【1697305】，返回信息 {"status":"ok","msg":"-","gid":"656923","time_insert":"2023-04-15 22:50"}
2024-03-07 00:48:34 查询号码 【1697305】，GSD为【"-"】
2024-03-07 00:48:34 ok && -
2024-03-07 00:48:36 CHB 1697305?1709743714 第 1 次 等待 3 秒
2024-03-07 00:48:39 CHB 1697305?1709743714 第 1 次 获取到号码【1697305】GSD
2024-03-07 00:48:39 未获取到号码【1697305】GSD，可能号码格式错误
2024-03-07 00:48:39 获取到号码【1697305】的GSD为【-】
2024-03-07 00:48:44 GSD insert 第 1 次 等待 3 秒
2024-03-07 00:48:47 {"status":"bad","gid":"656923","msg":"添加失败！号码【1697305(-|-)】已存在！"}

