2024-03-25 00:19:46 开始第 87 次操作
2024-03-25 00:19:46 号码【169（0000 ---> 9999）】处理完毕
2024-03-25 00:37:56 开始第 87 次操作
2024-03-25 00:37:56 号码【169（0000 ---> 9999）】处理完毕
2024-03-25 01:14:37 开始第 87 次操作
2024-03-25 01:14:37 号码【169（0000 ---> 9999）】处理完毕
2024-03-25 01:38:00 开始第 87 次操作
2024-03-25 01:38:00 号码【169（0000 ---> 9999）】处理完毕
2024-03-25 02:23:19 开始第 87 次操作
2024-03-25 02:23:19 号码【169（0000 ---> 9999）】处理完毕
2024-03-25 02:38:54 开始第 87 次操作
2024-03-25 02:38:54 号码【169（0000 ---> 9999）】处理完毕
2024-03-25 03:14:42 开始第 87 次操作
2024-03-25 03:14:42 号码【169（0000 ---> 9999）】处理完毕
2024-03-25 03:37:39 开始第 87 次操作
2024-03-25 03:37:39 号码【169（0000 ---> 9999）】处理完毕
2024-03-25 04:16:28 开始第 87 次操作
2024-03-25 04:16:28 号码【169（0000 ---> 9999）】处理完毕
2024-03-25 04:37:52 开始第 87 次操作
2024-03-25 04:37:52 号码【169（0000 ---> 9999）】处理完毕
2024-03-25 05:14:46 开始第 87 次操作
2024-03-25 05:14:46 号码【169（0000 ---> 9999）】处理完毕
2024-03-25 05:37:59 开始第 87 次操作
2024-03-25 05:37:59 号码【169（0000 ---> 9999）】处理完毕
2024-03-25 06:16:45 开始第 87 次操作
2024-03-25 06:16:45 号码【169（0000 ---> 9999）】处理完毕
2024-03-25 06:37:47 开始第 87 次操作
2024-03-25 06:37:47 号码【169（0000 ---> 9999）】处理完毕
2024-03-25 07:19:07 开始第 87 次操作
2024-03-25 07:19:07 号码【169（0000 ---> 9999）】处理完毕
2024-03-25 07:37:59 开始第 87 次操作
2024-03-25 07:37:59 号码【169（0000 ---> 9999）】处理完毕
2024-03-25 09:15:11 开始第 87 次操作
2024-03-25 09:15:11 号码【169（0000 ---> 9999）】处理完毕
2024-03-25 10:05:46 开始第 87 次操作
2024-03-25 10:05:46 号码【169（0000 ---> 9999）】处理完毕
2024-03-25 10:38:47 开始第 87 次操作
2024-03-25 10:38:47 号码【169（0000 ---> 9999）】处理完毕
2024-03-25 11:20:01 开始第 87 次操作
2024-03-25 11:20:01 号码【169（0000 ---> 9999）】处理完毕
2024-03-25 11:37:55 开始第 87 次操作
2024-03-25 11:37:55 号码【169（0000 ---> 9999）】处理完毕
2024-03-25 12:22:00 开始第 87 次操作
2024-03-25 12:22:00 号码【169（0000 ---> 9999）】处理完毕
2024-03-25 12:37:55 开始第 87 次操作
2024-03-25 12:37:55 号码【169（0000 ---> 9999）】处理完毕
2024-03-25 13:17:44 开始第 87 次操作
2024-03-25 13:17:44 号码【169（0000 ---> 9999）】处理完毕
2024-03-25 13:37:52 开始第 87 次操作
2024-03-25 13:37:52 号码【169（0000 ---> 9999）】处理完毕
2024-03-25 14:03:16 开始第 87 次操作

2024-03-25 14:03:16 开始操作号码 【1580001】
2024-03-25 14:03:24 GSD getOne 第 1 次 等待 3 秒
2024-03-25 14:03:27 查询号码 【1580001】，返回信息 {"status":"ok","msg":"广东-广州","gid":"82554","time_insert":"2021-06-06 09:54"}
2024-03-25 14:03:27 查询号码 【1580001】，GSD为【"广东-广州"】

2024-03-25 14:03:28 开始第 88 次操作

2024-03-25 14:03:28 开始操作号码 【1580002】
2024-03-25 14:03:32 GSD getOne 第 1 次 等待 3 秒
2024-03-25 14:03:35 查询号码 【1580002】，返回信息 {"status":"ok","msg":"广东-广州","gid":"82570","time_insert":"2021-06-06 10:10"}
2024-03-25 14:03:35 查询号码 【1580002】，GSD为【"广东-广州"】

2024-03-25 14:23:27 开始第 89 次操作

2024-03-25 14:23:27 开始操作号码 【1580003】
2024-03-25 14:23:32 GSD getOne 第 1 次 等待 3 秒
2024-03-25 14:23:35 查询号码 【1580003】，返回信息 {"status":"ok","msg":"广东-广州","gid":"82596","time_insert":"2021-06-06 10:31"}
2024-03-25 14:23:35 查询号码 【1580003】，GSD为【"广东-广州"】

2024-03-25 14:23:36 开始第 90 次操作

2024-03-25 14:23:36 开始操作号码 【1580004】
2024-03-25 14:23:41 GSD getOne 第 1 次 等待 3 秒
2024-03-25 14:23:44 查询号码 【1580004】，返回信息 {"status":"ok","msg":"广东-广州","gid":"82617","time_insert":"2021-06-06 10:50"}
2024-03-25 14:23:44 查询号码 【1580004】，GSD为【"广东-广州"】

2024-03-25 14:23:45 开始第 91 次操作

2024-03-25 14:23:45 开始操作号码 【1580005】
2024-03-25 14:23:50 GSD getOne 第 1 次 等待 3 秒
2024-03-25 14:23:53 查询号码 【1580005】，返回信息 {"status":"ok","msg":"广东-佛山","gid":"82638","time_insert":"2021-06-06 11:09"}
2024-03-25 14:23:53 查询号码 【1580005】，GSD为【"广东-佛山"】

2024-03-25 14:23:54 开始第 92 次操作

2024-03-25 14:23:54 开始操作号码 【1580006】
2024-03-25 14:23:59 GSD getOne 第 1 次 等待 3 秒
2024-03-25 14:24:02 查询号码 【1580006】，返回信息 {"status":"ok","msg":"广东-佛山","gid":"24151","time_insert":"2014-05-09 19:57","time_update":"2020-09-29 23:06"}
2024-03-25 14:24:02 查询号码 【1580006】，GSD为【"广东-佛山"】

2024-03-25 14:39:30 开始第 93 次操作

2024-03-25 14:39:30 开始操作号码 【1580007】
2024-03-25 14:39:35 GSD getOne 第 1 次 等待 3 秒
2024-03-25 14:39:38 查询号码 【1580007】，返回信息 {"status":"ok","msg":"广东-佛山","gid":"82661","time_insert":"2021-06-06 11:29"}
2024-03-25 14:39:38 查询号码 【1580007】，GSD为【"广东-佛山"】

2024-03-25 14:39:39 开始第 94 次操作

2024-03-25 14:39:39 开始操作号码 【1580008】
2024-03-25 14:39:45 GSD getOne 第 1 次 等待 3 秒
2024-03-25 14:39:48 查询号码 【1580008】，返回信息 {"status":"ok","msg":"广东-佛山","gid":"82682","time_insert":"2021-06-06 11:50"}
2024-03-25 14:39:48 查询号码 【1580008】，GSD为【"广东-佛山"】

2024-03-25 14:39:49 开始第 95 次操作

2024-03-25 14:39:49 开始操作号码 【1580009】
2024-03-25 14:39:57 GSD getOne 第 1 次 等待 3 秒
2024-03-25 14:40:00 查询号码 【1580009】，返回信息 {"status":"ok","msg":"广东-佛山","gid":"82700","time_insert":"2021-06-06 12:07"}
2024-03-25 14:40:00 查询号码 【1580009】，GSD为【"广东-佛山"】

2024-03-25 14:40:01 开始第 96 次操作

2024-03-25 14:40:01 开始操作号码 【1580010】
2024-03-25 14:40:10 GSD getOne 第 1 次 等待 3 秒
2024-03-25 14:40:13 查询号码 【1580010】，返回信息 {"status":"ok","msg":"广东-中山","gid":"82725","time_insert":"2021-06-06 12:27"}
2024-03-25 14:40:13 查询号码 【1580010】，GSD为【"广东-中山"】

2024-03-25 15:15:52 开始第 97 次操作

2024-03-25 15:15:52 开始操作号码 【1580011】
2024-03-25 15:15:57 GSD getOne 第 1 次 等待 3 秒
2024-03-25 15:16:00 查询号码 【1580011】，返回信息 {"status":"ok","msg":"广东-中山","gid":"82747","time_insert":"2021-06-06 12:47"}
2024-03-25 15:16:00 查询号码 【1580011】，GSD为【"广东-中山"】

2024-03-25 15:16:01 开始第 98 次操作

2024-03-25 15:16:01 开始操作号码 【1580012】
2024-03-25 15:16:08 GSD getOne 第 1 次 等待 3 秒
2024-03-25 15:16:11 查询号码 【1580012】，返回信息 {"status":"ok","msg":"广东-中山","gid":"82768","time_insert":"2021-06-06 13:08"}
2024-03-25 15:16:11 查询号码 【1580012】，GSD为【"广东-中山"】

2024-03-25 15:16:12 开始第 99 次操作

2024-03-25 15:16:12 开始操作号码 【1580013】
2024-03-25 15:16:17 GSD getOne 第 1 次 等待 3 秒
2024-03-25 15:16:20 查询号码 【1580013】，返回信息 {"status":"ok","msg":"广东-中山","gid":"82790","time_insert":"2021-06-06 13:29"}
2024-03-25 15:16:20 查询号码 【1580013】，GSD为【"广东-中山"】

2024-03-25 15:16:21 开始第 100 次操作

2024-03-25 15:16:21 开始操作号码 【1580014】
2024-03-25 15:16:28 GSD getOne 第 1 次 等待 3 秒
2024-03-25 15:16:31 查询号码 【1580014】，返回信息 {"status":"ok","msg":"广东-中山","gid":"24152","time_insert":"2017-04-15 13:35","time_update":"2020-09-29 23:11"}
2024-03-25 15:16:31 查询号码 【1580014】，GSD为【"广东-中山"】

2024-03-25 15:38:01 开始第 101 次操作

2024-03-25 15:38:01 开始操作号码 【1580015】
2024-03-25 15:38:07 GSD getOne 第 1 次 等待 3 秒
2024-03-25 15:38:10 查询号码 【1580015】，返回信息 {"status":"ok","msg":"广东-中山","gid":"82815","time_insert":"2021-06-06 13:48"}
2024-03-25 15:38:10 查询号码 【1580015】，GSD为【"广东-中山"】

2024-03-25 15:38:11 开始第 102 次操作

2024-03-25 15:38:11 开始操作号码 【1580016】
2024-03-25 15:38:15 GSD getOne 第 1 次 等待 3 秒
2024-03-25 15:38:18 查询号码 【1580016】，返回信息 {"status":"ok","msg":"广东-中山","gid":"82831","time_insert":"2021-06-06 14:05"}
2024-03-25 15:38:18 查询号码 【1580016】，GSD为【"广东-中山"】

2024-03-25 15:38:19 开始第 103 次操作

2024-03-25 15:38:19 开始操作号码 【1580017】
2024-03-25 15:38:24 GSD getOne 第 1 次 等待 3 秒
2024-03-25 15:38:27 查询号码 【1580017】，返回信息 {"status":"ok","msg":"广东-中山","gid":"88311","time_insert":"2021-06-09 17:21"}
2024-03-25 15:38:27 查询号码 【1580017】，GSD为【"广东-中山"】

2024-03-25 15:38:28 开始第 104 次操作

2024-03-25 15:38:28 开始操作号码 【1580018】
2024-03-25 15:38:34 GSD getOne 第 1 次 等待 3 秒
2024-03-25 15:38:37 查询号码 【1580018】，返回信息 {"status":"ok","msg":"广东-中山","gid":"24153","time_insert":"2017-10-15 19:47","time_update":"2020-09-29 23:14"}
2024-03-25 15:38:37 查询号码 【1580018】，GSD为【"广东-中山"】

