2023-10-12 00:11:42 开始第 2691 次操作

2023-10-12 00:11:42 开始操作号码 【1902679】
2023-10-12 00:13:52 GSD getOne 第 1 次 等待 3 秒
2023-10-12 00:16:05 GSD getOne 第 2 次 等待 3 秒
2023-10-12 00:18:18 GSD getOne 第 3 次 等待 3 秒
2023-10-12 00:20:31 GSD getOne 第 4 次 等待 3 秒
2023-10-12 00:22:44 GSD getOne 第 5 次 等待 3 秒
2023-10-12 00:24:57 GSD getOne 第 6 次 等待 3 秒
2023-10-12 00:27:10 GSD getOne 第 7 次 等待 3 秒
2023-10-12 00:29:24 GSD getOne 第 8 次 等待 3 秒
2023-10-12 00:31:37 GSD getOne 第 9 次 等待 3 秒
2023-10-12 00:33:50 GSD getOne 第 10 次 等待 3 秒
2023-10-12 00:33:53 查询号码 【1902679】，返回信息 
2023-10-12 00:33:53 查询失败，3 秒后重新查询
2023-10-12 00:36:07 GSD getOne 第 1 次 等待 3 秒
2023-10-12 00:38:20 GSD getOne 第 2 次 等待 3 秒
2023-10-12 00:40:33 GSD getOne 第 3 次 等待 3 秒
2023-10-12 00:42:46 GSD getOne 第 4 次 等待 3 秒
2023-10-12 00:44:59 GSD getOne 第 5 次 等待 3 秒
2023-10-12 00:47:13 GSD getOne 第 6 次 等待 3 秒
2023-10-12 00:49:26 GSD getOne 第 7 次 等待 3 秒
2023-10-12 00:51:39 GSD getOne 第 8 次 等待 3 秒
2023-10-12 00:53:52 GSD getOne 第 9 次 等待 3 秒
2023-10-12 00:56:05 GSD getOne 第 10 次 等待 3 秒
2023-10-12 00:56:08 查询号码 【1902679】，返回信息 
2023-10-12 00:56:08 查询失败，结束本次操作，期待下次成功~
2023-10-12 00:56:08 随机等待 102 秒，约 1 分钟
2023-10-12 00:56:08 下次操作: 2023-10-12 00:57:50

2023-10-12 00:57:50 开始第 2692 次操作

2023-10-12 00:57:50 开始操作号码 【1902679】
2023-10-12 01:00:01 GSD getOne 第 1 次 等待 3 秒
2023-10-12 01:02:14 GSD getOne 第 2 次 等待 3 秒
2023-10-12 01:04:27 GSD getOne 第 3 次 等待 3 秒
2023-10-12 01:06:40 GSD getOne 第 4 次 等待 3 秒
2023-10-12 01:08:53 GSD getOne 第 5 次 等待 3 秒
2023-10-12 01:11:06 GSD getOne 第 6 次 等待 3 秒
2023-10-12 01:13:19 GSD getOne 第 7 次 等待 3 秒
2023-10-12 01:15:32 GSD getOne 第 8 次 等待 3 秒
2023-10-12 01:17:46 GSD getOne 第 9 次 等待 3 秒
2023-10-12 01:19:59 GSD getOne 第 10 次 等待 3 秒
2023-10-12 01:20:02 查询号码 【1902679】，返回信息 
2023-10-12 01:20:02 查询失败，3 秒后重新查询
2023-10-12 01:22:16 GSD getOne 第 1 次 等待 3 秒
2023-10-12 01:24:29 GSD getOne 第 2 次 等待 3 秒
2023-10-12 01:26:42 GSD getOne 第 3 次 等待 3 秒
2023-10-12 01:28:55 GSD getOne 第 4 次 等待 3 秒
2023-10-12 01:31:08 GSD getOne 第 5 次 等待 3 秒
2023-10-12 01:33:22 GSD getOne 第 6 次 等待 3 秒
2023-10-12 01:35:35 GSD getOne 第 7 次 等待 3 秒
2023-10-12 01:37:48 GSD getOne 第 8 次 等待 3 秒
2023-10-12 01:40:01 GSD getOne 第 9 次 等待 3 秒
2023-10-12 01:42:14 GSD getOne 第 10 次 等待 3 秒
2023-10-12 01:42:17 查询号码 【1902679】，返回信息 
2023-10-12 01:42:17 查询失败，结束本次操作，期待下次成功~

2023-10-12 02:22:47 开始第 2693 次操作

2023-10-12 02:22:47 开始操作号码 【1902679】
2023-10-12 02:24:57 GSD getOne 第 1 次 等待 3 秒
2023-10-12 02:27:10 GSD getOne 第 2 次 等待 3 秒
2023-10-12 02:29:23 GSD getOne 第 3 次 等待 3 秒
2023-10-12 02:31:37 GSD getOne 第 4 次 等待 3 秒
2023-10-12 02:33:50 GSD getOne 第 5 次 等待 3 秒
2023-10-12 02:36:03 GSD getOne 第 6 次 等待 3 秒
2023-10-12 02:38:16 GSD getOne 第 7 次 等待 3 秒
2023-10-12 02:40:29 GSD getOne 第 8 次 等待 3 秒
2023-10-12 02:42:42 GSD getOne 第 9 次 等待 3 秒
2023-10-12 02:44:55 GSD getOne 第 10 次 等待 3 秒
2023-10-12 02:44:58 查询号码 【1902679】，返回信息 
2023-10-12 02:44:58 查询失败，3 秒后重新查询
2023-10-12 02:47:13 GSD getOne 第 1 次 等待 3 秒
2023-10-12 02:49:26 GSD getOne 第 2 次 等待 3 秒
2023-10-12 02:51:39 GSD getOne 第 3 次 等待 3 秒
2023-10-12 02:53:52 GSD getOne 第 4 次 等待 3 秒
2023-10-12 02:56:05 GSD getOne 第 5 次 等待 3 秒
2023-10-12 02:58:18 GSD getOne 第 6 次 等待 3 秒
2023-10-12 03:00:31 GSD getOne 第 7 次 等待 3 秒
2023-10-12 03:02:44 GSD getOne 第 8 次 等待 3 秒
2023-10-12 03:04:57 GSD getOne 第 9 次 等待 3 秒
2023-10-12 03:07:11 GSD getOne 第 10 次 等待 3 秒
2023-10-12 03:07:14 查询号码 【1902679】，返回信息 
2023-10-12 03:07:14 查询失败，结束本次操作，期待下次成功~
2023-10-12 03:07:14 随机等待 178 秒，约 2 分钟
2023-10-12 03:07:14 下次操作: 2023-10-12 03:10:12

2023-10-12 03:10:12 开始第 2694 次操作

2023-10-12 03:10:12 开始操作号码 【1902679】
2023-10-12 03:12:22 GSD getOne 第 1 次 等待 3 秒
2023-10-12 03:14:35 GSD getOne 第 2 次 等待 3 秒
2023-10-12 03:16:48 GSD getOne 第 3 次 等待 3 秒
2023-10-12 03:19:01 GSD getOne 第 4 次 等待 3 秒
2023-10-12 03:21:14 GSD getOne 第 5 次 等待 3 秒
2023-10-12 03:23:27 GSD getOne 第 6 次 等待 3 秒
2023-10-12 03:25:41 GSD getOne 第 7 次 等待 3 秒
2023-10-12 03:27:54 GSD getOne 第 8 次 等待 3 秒
2023-10-12 03:30:07 GSD getOne 第 9 次 等待 3 秒
2023-10-12 03:32:20 GSD getOne 第 10 次 等待 3 秒
2023-10-12 03:32:23 查询号码 【1902679】，返回信息 
2023-10-12 03:32:23 查询失败，3 秒后重新查询
2023-10-12 03:34:37 GSD getOne 第 1 次 等待 3 秒
2023-10-12 03:36:50 GSD getOne 第 2 次 等待 3 秒
2023-10-12 03:39:03 GSD getOne 第 3 次 等待 3 秒
2023-10-12 03:41:17 GSD getOne 第 4 次 等待 3 秒
2023-10-12 03:43:30 GSD getOne 第 5 次 等待 3 秒
2023-10-12 03:45:43 GSD getOne 第 6 次 等待 3 秒
2023-10-12 03:47:56 GSD getOne 第 7 次 等待 3 秒
2023-10-12 03:50:09 GSD getOne 第 8 次 等待 3 秒
2023-10-12 03:52:22 GSD getOne 第 9 次 等待 3 秒
2023-10-12 03:54:35 GSD getOne 第 10 次 等待 3 秒
2023-10-12 03:54:38 查询号码 【1902679】，返回信息 
2023-10-12 03:54:38 查询失败，结束本次操作，期待下次成功~
2023-10-12 03:54:38 随机等待 81 秒，约 1 分钟
2023-10-12 03:54:38 下次操作: 2023-10-12 03:55:59

2023-10-12 03:55:59 开始第 2695 次操作

2023-10-12 03:55:59 开始操作号码 【1902679】
2023-10-12 03:58:10 GSD getOne 第 1 次 等待 3 秒
2023-10-12 04:00:23 GSD getOne 第 2 次 等待 3 秒
2023-10-12 04:02:37 GSD getOne 第 3 次 等待 3 秒
2023-10-12 04:04:50 GSD getOne 第 4 次 等待 3 秒
2023-10-12 04:07:03 GSD getOne 第 5 次 等待 3 秒
2023-10-12 04:09:16 GSD getOne 第 6 次 等待 3 秒
2023-10-12 04:11:29 GSD getOne 第 7 次 等待 3 秒
2023-10-12 04:13:42 GSD getOne 第 8 次 等待 3 秒
2023-10-12 04:15:55 GSD getOne 第 9 次 等待 3 秒
2023-10-12 04:18:08 GSD getOne 第 10 次 等待 3 秒
2023-10-12 04:18:11 查询号码 【1902679】，返回信息 
2023-10-12 04:18:11 查询失败，3 秒后重新查询
2023-10-12 04:20:26 GSD getOne 第 1 次 等待 3 秒
2023-10-12 04:22:39 GSD getOne 第 2 次 等待 3 秒
2023-10-12 04:24:52 GSD getOne 第 3 次 等待 3 秒
2023-10-12 04:27:05 GSD getOne 第 4 次 等待 3 秒
2023-10-12 04:29:18 GSD getOne 第 5 次 等待 3 秒
2023-10-12 04:31:31 GSD getOne 第 6 次 等待 3 秒
2023-10-12 04:33:44 GSD getOne 第 7 次 等待 3 秒
2023-10-12 04:35:57 GSD getOne 第 8 次 等待 3 秒
2023-10-12 04:38:11 GSD getOne 第 9 次 等待 3 秒
2023-10-12 04:40:24 GSD getOne 第 10 次 等待 3 秒
2023-10-12 04:40:27 查询号码 【1902679】，返回信息 
2023-10-12 04:40:27 查询失败，结束本次操作，期待下次成功~
2023-10-12 04:40:27 随机等待 186 秒，约 3 分钟
2023-10-12 04:40:27 下次操作: 2023-10-12 04:43:33

2023-10-12 04:43:33 开始第 2696 次操作

2023-10-12 04:43:33 开始操作号码 【1902679】
2023-10-12 04:45:43 GSD getOne 第 1 次 等待 3 秒
2023-10-12 04:47:56 GSD getOne 第 2 次 等待 3 秒
2023-10-12 04:50:09 GSD getOne 第 3 次 等待 3 秒
2023-10-12 04:52:23 GSD getOne 第 4 次 等待 3 秒
2023-10-12 04:54:36 GSD getOne 第 5 次 等待 3 秒
2023-10-12 04:56:49 GSD getOne 第 6 次 等待 3 秒
2023-10-12 04:59:02 GSD getOne 第 7 次 等待 3 秒
2023-10-12 05:01:15 GSD getOne 第 8 次 等待 3 秒
2023-10-12 05:03:28 GSD getOne 第 9 次 等待 3 秒
2023-10-12 05:05:41 GSD getOne 第 10 次 等待 3 秒
2023-10-12 05:05:44 查询号码 【1902679】，返回信息 
2023-10-12 05:05:44 查询失败，3 秒后重新查询
2023-10-12 05:07:58 GSD getOne 第 1 次 等待 3 秒
2023-10-12 05:10:12 GSD getOne 第 2 次 等待 3 秒
2023-10-12 05:12:25 GSD getOne 第 3 次 等待 3 秒
2023-10-12 05:14:38 GSD getOne 第 4 次 等待 3 秒
2023-10-12 05:16:51 GSD getOne 第 5 次 等待 3 秒
2023-10-12 05:19:04 GSD getOne 第 6 次 等待 3 秒
2023-10-12 05:21:17 GSD getOne 第 7 次 等待 3 秒
2023-10-12 05:23:30 GSD getOne 第 8 次 等待 3 秒
2023-10-12 05:25:43 GSD getOne 第 9 次 等待 3 秒
2023-10-12 05:27:57 GSD getOne 第 10 次 等待 3 秒
2023-10-12 05:28:00 查询号码 【1902679】，返回信息 
2023-10-12 05:28:00 查询失败，结束本次操作，期待下次成功~

