2021-07-05 15:01:32 开始第 1 次操作

2021-07-05 15:01:32 开始操作号码 【1329999】
2021-07-05 15:01:36 GSD getOne 第 1 次 等待 1 秒
2021-07-05 15:01:37 查询号码 【1329999】，返回信息 {"status":"bad","msg":""}
2021-07-05 15:01:37 查询号码 【1329999】，GSD为【""】
2021-07-05 15:01:37 bad
2021-07-05 15:01:40 CHB 1329999?1625468497 第 1 次 等待 1 秒
2021-07-05 15:01:41 CHB 1329999?1625468497 第 1 次 获取到号码【1329999】GSD
2021-07-05 15:01:41 获取到号码【1329999】的GSD为【天津-天津】
2021-07-05 15:02:02 GSD insert 第 1 次 等待 1 秒
2021-07-05 15:02:03 {"status":"ok","msg":"添加成功！198398"}
2021-07-05 15:02:03 下次操作: 2021-07-05 15:02:19

2021-07-05 15:02:19 开始第 2 次操作

2021-07-05 15:02:19 开始操作号码 【1329998】
2021-07-05 15:02:23 GSD getOne 第 1 次 等待 1 秒
2021-07-05 15:02:24 查询号码 【1329998】，返回信息 {"status":"bad","msg":""}
2021-07-05 15:02:24 查询号码 【1329998】，GSD为【""】
2021-07-05 15:02:24 bad
2021-07-05 15:02:27 CHB 1329998?1625468544 第 1 次 等待 1 秒
2021-07-05 15:02:28 CHB 1329998?1625468544 第 1 次 获取到号码【1329998】GSD
2021-07-05 15:02:28 获取到号码【1329998】的GSD为【天津-天津】
2021-07-05 15:02:48 GSD insert 第 1 次 等待 1 秒
2021-07-05 15:02:49 {"status":"ok","msg":"添加成功！198409"}
2021-07-05 15:02:49 下次操作: 2021-07-05 15:02:57

2021-07-05 15:02:57 开始第 3 次操作

2021-07-05 15:02:57 开始操作号码 【1329997】
2021-07-05 15:03:08 GSD getOne 第 1 次 等待 1 秒
2021-07-05 15:03:09 查询号码 【1329997】，返回信息 {"status":"bad","msg":""}
2021-07-05 15:03:09 查询号码 【1329997】，GSD为【""】
2021-07-05 15:03:09 bad
2021-07-05 15:03:11 CHB 1329997?1625468589 第 1 次 等待 1 秒
2021-07-05 15:03:12 CHB 1329997?1625468589 第 1 次 获取到号码【1329997】GSD
2021-07-05 15:03:12 获取到号码【1329997】的GSD为【天津-天津】
2021-07-05 15:03:31 GSD insert 第 1 次 等待 1 秒
2021-07-05 15:03:32 {"status":"ok","msg":"添加成功！198420"}
2021-07-05 15:03:32 下次操作: 2021-07-05 15:03:44

2021-07-05 15:03:44 开始第 4 次操作

2021-07-05 15:03:44 开始操作号码 【1329996】
2021-07-05 15:03:51 GSD getOne 第 1 次 等待 1 秒
2021-07-05 15:03:52 查询号码 【1329996】，返回信息 {"status":"bad","msg":""}
2021-07-05 15:03:52 查询号码 【1329996】，GSD为【""】
2021-07-05 15:03:52 bad
2021-07-05 15:03:53 CHB 1329996?1625468632 第 1 次 等待 1 秒
2021-07-05 15:03:54 CHB 1329996?1625468632 第 1 次 获取到号码【1329996】GSD
2021-07-05 15:03:54 获取到号码【1329996】的GSD为【天津-天津】
2021-07-05 15:04:13 GSD insert 第 1 次 等待 1 秒
2021-07-05 15:04:14 {"status":"ok","msg":"添加成功！198432"}
2021-07-05 15:04:14 下次操作: 2021-07-05 15:04:21

2021-07-05 15:04:21 开始第 5 次操作

2021-07-05 15:04:21 开始操作号码 【1329995】
2021-07-05 15:04:40 GSD getOne 第 1 次 等待 1 秒
2021-07-05 15:04:41 查询号码 【1329995】，返回信息 {"status":"bad","msg":""}
2021-07-05 15:04:42 查询号码 【1329995】，GSD为【""】
2021-07-05 15:04:42 bad
2021-07-05 15:04:43 CHB 1329995?1625468682 第 1 次 等待 1 秒
2021-07-05 15:04:44 CHB 1329995?1625468682 第 1 次 获取到号码【1329995】GSD
2021-07-05 15:04:44 获取到号码【1329995】的GSD为【天津-天津】
2021-07-05 15:05:03 GSD insert 第 1 次 等待 1 秒
2021-07-05 15:05:04 {"status":"ok","msg":"添加成功！198444"}
2021-07-05 15:05:04 下次操作: 2021-07-05 15:05:20

2021-07-05 15:05:20 开始第 6 次操作

2021-07-05 15:05:20 开始操作号码 【1329994】
2021-07-05 15:05:24 GSD getOne 第 1 次 等待 1 秒
2021-07-05 15:05:25 查询号码 【1329994】，返回信息 {"status":"bad","msg":""}
2021-07-05 15:05:25 查询号码 【1329994】，GSD为【""】
2021-07-05 15:05:25 bad
2021-07-05 15:05:27 CHB 1329994?1625468725 第 1 次 等待 1 秒
2021-07-05 15:05:28 CHB 1329994?1625468725 第 1 次 获取到号码【1329994】GSD
2021-07-05 15:05:28 获取到号码【1329994】的GSD为【天津-天津】
2021-07-05 15:05:47 GSD insert 第 1 次 等待 1 秒
2021-07-05 15:05:48 {"status":"ok","msg":"添加成功！198453"}
2021-07-05 15:05:48 下次操作: 2021-07-05 15:06:06

2021-07-05 15:06:06 开始第 7 次操作

2021-07-05 15:06:06 开始操作号码 【1329993】
2021-07-05 15:06:09 GSD getOne 第 1 次 等待 1 秒
2021-07-05 15:06:11 查询号码 【1329993】，返回信息 {"status":"bad","msg":""}
2021-07-05 15:06:11 查询号码 【1329993】，GSD为【""】
2021-07-05 15:06:11 bad
2021-07-05 15:06:16 CHB 1329993?1625468771 第 1 次 等待 1 秒
2021-07-05 15:06:17 CHB 1329993?1625468771 第 1 次 获取到号码【1329993】GSD
2021-07-05 15:06:17 获取到号码【1329993】的GSD为【天津-天津】
2021-07-05 15:06:36 GSD insert 第 1 次 等待 1 秒
2021-07-05 15:06:37 {"status":"ok","msg":"添加成功！198462"}
2021-07-05 15:06:37 下次操作: 2021-07-05 15:06:48

2021-07-05 15:06:48 开始第 8 次操作

2021-07-05 15:06:48 开始操作号码 【1329992】
2021-07-05 15:06:59 GSD getOne 第 1 次 等待 1 秒
2021-07-05 15:07:00 查询号码 【1329992】，返回信息 {"status":"bad","msg":""}
2021-07-05 15:07:00 查询号码 【1329992】，GSD为【""】
2021-07-05 15:07:00 bad
2021-07-05 15:07:02 CHB 1329992?1625468820 第 1 次 等待 1 秒
2021-07-05 15:07:03 CHB 1329992?1625468820 第 1 次 获取到号码【1329992】GSD
2021-07-05 15:07:03 获取到号码【1329992】的GSD为【天津-天津】
2021-07-05 15:07:22 GSD insert 第 1 次 等待 1 秒
2021-07-05 15:07:23 {"status":"ok","msg":"添加成功！198474"}
2021-07-05 15:07:23 下次操作: 2021-07-05 15:07:41

2021-07-05 15:07:41 开始第 9 次操作

2021-07-05 15:07:41 开始操作号码 【1329991】
2021-07-05 15:07:46 GSD getOne 第 1 次 等待 1 秒
2021-07-05 15:07:47 查询号码 【1329991】，返回信息 {"status":"bad","msg":""}
2021-07-05 15:07:47 查询号码 【1329991】，GSD为【""】
2021-07-05 15:07:47 bad
2021-07-05 15:07:49 CHB 1329991?1625468867 第 1 次 等待 1 秒
2021-07-05 15:07:50 CHB 1329991?1625468867 第 1 次 获取到号码【1329991】GSD
2021-07-05 15:07:50 获取到号码【1329991】的GSD为【天津-天津】
2021-07-05 15:08:09 GSD insert 第 1 次 等待 1 秒
2021-07-05 15:08:10 {"status":"ok","msg":"添加成功！198482"}
2021-07-05 15:08:10 下次操作: 2021-07-05 15:08:21

2021-07-05 15:08:21 开始第 10 次操作

2021-07-05 15:08:21 开始操作号码 【1329990】
2021-07-05 15:08:32 GSD getOne 第 1 次 等待 1 秒
2021-07-05 15:08:33 查询号码 【1329990】，返回信息 {"status":"bad","msg":""}
2021-07-05 15:08:33 查询号码 【1329990】，GSD为【""】
2021-07-05 15:08:33 bad
2021-07-05 15:08:35 CHB 1329990?1625468913 第 1 次 等待 1 秒
2021-07-05 15:08:36 CHB 1329990?1625468913 第 1 次 获取到号码【1329990】GSD
2021-07-05 15:08:37 获取到号码【1329990】的GSD为【天津-天津】
2021-07-05 15:08:55 GSD insert 第 1 次 等待 1 秒
2021-07-05 15:08:56 {"status":"ok","msg":"添加成功！198491"}
2021-07-05 15:08:56 下次操作: 2021-07-05 15:09:05

2021-07-05 15:09:05 开始第 11 次操作

2021-07-05 15:09:05 开始操作号码 【1329989】
2021-07-05 15:09:21 GSD getOne 第 1 次 等待 1 秒
2021-07-05 15:09:22 查询号码 【1329989】，返回信息 {"status":"bad","msg":""}
2021-07-05 15:09:22 查询号码 【1329989】，GSD为【""】
2021-07-05 15:09:22 bad
2021-07-05 15:09:24 CHB 1329989?1625468962 第 1 次 等待 1 秒
2021-07-05 15:09:25 CHB 1329989?1625468962 第 1 次 获取到号码【1329989】GSD
2021-07-05 15:09:25 获取到号码【1329989】的GSD为【青海-海东】
2021-07-05 15:09:44 GSD insert 第 1 次 等待 1 秒
2021-07-05 15:09:45 {"status":"ok","msg":"添加成功！198502"}
2021-07-05 15:09:45 下次操作: 2021-07-05 15:10:01

2021-07-05 15:10:01 开始第 12 次操作

2021-07-05 15:10:01 开始操作号码 【1329988】
2021-07-05 15:10:05 GSD getOne 第 1 次 等待 1 秒
2021-07-05 15:10:06 查询号码 【1329988】，返回信息 {"status":"ok","msg":"青海-西宁","time_insert":"2018-08-13 22:53","time_update":"2020-12-16 01:41"}
2021-07-05 15:10:06 查询号码 【1329988】，GSD为【"青海-西宁"】

2021-07-05 15:10:06 开始第 12 次操作

2021-07-05 15:10:06 开始操作号码 【1329987】
2021-07-05 15:10:26 GSD getOne 第 1 次 等待 1 秒
2021-07-05 15:10:27 查询号码 【1329987】，返回信息 {"status":"bad","msg":""}
2021-07-05 15:10:27 查询号码 【1329987】，GSD为【""】
2021-07-05 15:10:27 bad
2021-07-05 15:10:30 CHB 1329987?1625469027 第 1 次 等待 1 秒
2021-07-05 15:10:31 CHB 1329987?1625469027 第 1 次 获取到号码【1329987】GSD
2021-07-05 15:10:31 获取到号码【1329987】的GSD为【青海-海西】
2021-07-05 15:10:51 GSD insert 第 1 次 等待 1 秒
2021-07-05 15:10:52 {"status":"ok","msg":"添加成功！198518"}
2021-07-05 15:10:52 下次操作: 2021-07-05 15:11:06

2021-07-05 15:11:06 开始第 13 次操作

2021-07-05 15:11:06 开始操作号码 【1329986】
2021-07-05 15:11:11 GSD getOne 第 1 次 等待 1 秒
2021-07-05 15:11:12 查询号码 【1329986】，返回信息 {"status":"bad","msg":""}
2021-07-05 15:11:12 查询号码 【1329986】，GSD为【""】
2021-07-05 15:11:12 bad
2021-07-05 15:11:14 CHB 1329986?1625469072 第 1 次 等待 1 秒
2021-07-05 15:11:15 CHB 1329986?1625469072 第 1 次 获取到号码【1329986】GSD
2021-07-05 15:11:15 获取到号码【1329986】的GSD为【青海-玉树】
2021-07-05 15:11:38 GSD insert 第 1 次 等待 1 秒
2021-07-05 15:11:39 {"status":"ok","msg":"添加成功！198527"}
2021-07-05 15:11:39 下次操作: 2021-07-05 15:11:49

2021-07-05 15:11:49 开始第 14 次操作

2021-07-05 15:11:49 开始操作号码 【1329985】
2021-07-05 15:12:44 GSD getOne 第 1 次 等待 1 秒
2021-07-05 15:12:45 查询号码 【1329985】，返回信息 {"status":"bad","msg":""}
2021-07-05 15:12:45 查询号码 【1329985】，GSD为【""】
2021-07-05 15:12:45 bad
2021-07-05 15:12:47 CHB 1329985?1625469165 第 1 次 等待 1 秒
2021-07-05 15:12:48 CHB 1329985?1625469165 第 1 次 获取到号码【1329985】GSD
2021-07-05 15:12:48 获取到号码【1329985】的GSD为【青海-海东】
2021-07-05 15:13:07 GSD insert 第 1 次 等待 1 秒
2021-07-05 15:13:08 {"status":"ok","msg":"添加成功！198537"}
2021-07-05 15:13:08 下次操作: 2021-07-05 15:13:19

2021-07-05 15:13:19 开始第 15 次操作

2021-07-05 15:13:19 开始操作号码 【1329984】
2021-07-05 15:13:33 GSD getOne 第 1 次 等待 1 秒
2021-07-05 15:13:34 查询号码 【1329984】，返回信息 {"status":"bad","msg":""}
2021-07-05 15:13:34 查询号码 【1329984】，GSD为【""】
2021-07-05 15:13:34 bad
2021-07-05 15:13:36 CHB 1329984?1625469214 第 1 次 等待 1 秒
2021-07-05 15:13:37 CHB 1329984?1625469214 第 1 次 获取到号码【1329984】GSD
2021-07-05 15:13:37 获取到号码【1329984】的GSD为【青海-海南】
2021-07-05 15:13:56 GSD insert 第 1 次 等待 1 秒
2021-07-05 15:13:57 {"status":"ok","msg":"添加成功！198545"}
2021-07-05 15:13:57 下次操作: 2021-07-05 15:14:13

2021-07-05 15:14:13 开始第 16 次操作

2021-07-05 15:14:13 开始操作号码 【1329983】
2021-07-05 15:14:16 GSD getOne 第 1 次 等待 1 秒
2021-07-05 15:14:17 查询号码 【1329983】，返回信息 {"status":"ok","msg":"青海-海东","time_insert":"2017-05-16 07:28","time_update":"2020-12-16 01:45"}
2021-07-05 15:14:18 查询号码 【1329983】，GSD为【"青海-海东"】

2021-07-05 15:14:18 开始第 16 次操作

2021-07-05 15:14:18 开始操作号码 【1329982】
2021-07-05 15:14:37 GSD getOne 第 1 次 等待 1 秒
2021-07-05 15:14:38 查询号码 【1329982】，返回信息 {"status":"bad","msg":""}
2021-07-05 15:14:38 查询号码 【1329982】，GSD为【""】
2021-07-05 15:14:38 bad
2021-07-05 15:14:40 CHB 1329982?1625469278 第 1 次 等待 1 秒
2021-07-05 15:14:41 CHB 1329982?1625469278 第 1 次 获取到号码【1329982】GSD
2021-07-05 15:14:41 获取到号码【1329982】的GSD为【青海-海东】
2021-07-05 15:15:01 GSD insert 第 1 次 等待 1 秒
2021-07-05 15:15:02 {"status":"ok","msg":"添加成功！198553"}
2021-07-05 15:15:02 下次操作: 2021-07-05 15:15:12

2021-07-05 15:15:12 开始第 17 次操作

2021-07-05 15:15:12 开始操作号码 【1329981】
2021-07-05 15:15:23 GSD getOne 第 1 次 等待 1 秒
2021-07-05 15:15:24 查询号码 【1329981】，返回信息 {"status":"bad","msg":""}
2021-07-05 15:15:24 查询号码 【1329981】，GSD为【""】
2021-07-05 15:15:24 bad
2021-07-05 15:15:26 CHB 1329981?1625469324 第 1 次 等待 1 秒
2021-07-05 15:15:27 CHB 1329981?1625469324 第 1 次 获取到号码【1329981】GSD
2021-07-05 15:15:27 获取到号码【1329981】的GSD为【青海-西宁】
2021-07-05 15:15:47 GSD insert 第 1 次 等待 1 秒
2021-07-05 15:15:48 {"status":"ok","msg":"添加成功！198563"}
2021-07-05 15:15:48 下次操作: 2021-07-05 15:15:58

2021-07-05 15:15:58 开始第 18 次操作

2021-07-05 15:15:58 开始操作号码 【1329980】
2021-07-05 15:16:11 GSD getOne 第 1 次 等待 1 秒
2021-07-05 15:16:12 查询号码 【1329980】，返回信息 {"status":"bad","msg":""}
2021-07-05 15:16:12 查询号码 【1329980】，GSD为【""】
2021-07-05 15:16:12 bad
2021-07-05 15:16:14 CHB 1329980?1625469372 第 1 次 等待 1 秒
2021-07-05 15:16:15 CHB 1329980?1625469372 第 1 次 获取到号码【1329980】GSD
2021-07-05 15:16:15 获取到号码【1329980】的GSD为【青海-西宁】
2021-07-05 15:16:34 GSD insert 第 1 次 等待 1 秒
2021-07-05 15:16:35 {"status":"ok","msg":"添加成功！198572"}
2021-07-05 15:16:35 下次操作: 2021-07-05 15:16:53

2021-07-05 15:16:53 开始第 19 次操作

2021-07-05 15:16:53 开始操作号码 【1329979】
2021-07-05 15:16:57 GSD getOne 第 1 次 等待 1 秒
2021-07-05 15:16:58 查询号码 【1329979】，返回信息 {"status":"bad","msg":""}
2021-07-05 15:16:58 查询号码 【1329979】，GSD为【""】
2021-07-05 15:16:58 bad
2021-07-05 15:17:01 CHB 1329979?1625469418 第 1 次 等待 1 秒
2021-07-05 15:17:02 CHB 1329979?1625469418 第 1 次 获取到号码【1329979】GSD
2021-07-05 15:17:02 获取到号码【1329979】的GSD为【青海-海东】
2021-07-05 15:17:21 GSD insert 第 1 次 等待 1 秒
2021-07-05 15:17:22 {"status":"ok","msg":"添加成功！198580"}
2021-07-05 15:17:22 下次操作: 2021-07-05 15:17:34

2021-07-05 15:17:34 开始第 20 次操作

2021-07-05 15:17:34 开始操作号码 【1329978】
2021-07-05 15:17:41 GSD getOne 第 1 次 等待 1 秒
2021-07-05 15:17:42 查询号码 【1329978】，返回信息 {"status":"bad","msg":""}
2021-07-05 15:17:42 查询号码 【1329978】，GSD为【""】
2021-07-05 15:17:42 bad
2021-07-05 15:17:44 CHB 1329978?1625469462 第 1 次 等待 1 秒
2021-07-05 15:17:45 CHB 1329978?1625469462 第 1 次 获取到号码【1329978】GSD
2021-07-05 15:17:45 获取到号码【1329978】的GSD为【青海-西宁】
2021-07-05 15:18:04 GSD insert 第 1 次 等待 1 秒
2021-07-05 15:18:05 {"status":"ok","msg":"添加成功！198586"}
2021-07-05 15:18:05 下次操作: 2021-07-05 15:18:18

2021-07-05 15:18:18 开始第 21 次操作

2021-07-05 15:18:18 开始操作号码 【1329977】
2021-07-05 15:18:25 GSD getOne 第 1 次 等待 1 秒
2021-07-05 15:18:26 查询号码 【1329977】，返回信息 {"status":"ok","msg":"青海-海东","time_insert":"2017-07-18 10:02","time_update":"2020-12-16 02:33"}
2021-07-05 15:18:26 查询号码 【1329977】，GSD为【"青海-海东"】

2021-07-05 15:18:26 开始第 21 次操作

2021-07-05 15:18:26 开始操作号码 【1329976】
2021-07-05 15:18:45 GSD getOne 第 1 次 等待 1 秒
2021-07-05 15:18:46 查询号码 【1329976】，返回信息 {"status":"bad","msg":""}
2021-07-05 15:18:46 查询号码 【1329976】，GSD为【""】
2021-07-05 15:18:46 bad
2021-07-05 15:18:48 CHB 1329976?1625469526 第 1 次 等待 1 秒
2021-07-05 15:18:49 CHB 1329976?1625469526 第 1 次 获取到号码【1329976】GSD
2021-07-05 15:18:49 获取到号码【1329976】的GSD为【青海-西宁】
2021-07-05 15:19:08 GSD insert 第 1 次 等待 1 秒
2021-07-05 15:19:09 {"status":"ok","msg":"添加成功！198596"}
2021-07-05 15:19:09 下次操作: 2021-07-05 15:19:23

2021-07-05 15:19:23 开始第 22 次操作

2021-07-05 15:19:23 开始操作号码 【1329975】
2021-07-05 15:19:32 GSD getOne 第 1 次 等待 1 秒
2021-07-05 15:19:33 查询号码 【1329975】，返回信息 {"status":"bad","msg":""}
2021-07-05 15:19:33 查询号码 【1329975】，GSD为【""】
2021-07-05 15:19:33 bad
2021-07-05 15:19:36 CHB 1329975?1625469573 第 1 次 等待 1 秒
2021-07-05 15:19:37 CHB 1329975?1625469573 第 1 次 获取到号码【1329975】GSD
2021-07-05 15:19:37 获取到号码【1329975】的GSD为【青海-海东】
2021-07-05 15:19:57 GSD insert 第 1 次 等待 1 秒
2021-07-05 15:19:58 {"status":"ok","msg":"添加成功！198607"}
2021-07-05 15:19:58 下次操作: 2021-07-05 15:20:07

2021-07-05 15:20:07 开始第 23 次操作

2021-07-05 15:20:07 开始操作号码 【1329974】
2021-07-05 15:20:18 GSD getOne 第 1 次 等待 1 秒
2021-07-05 15:20:19 查询号码 【1329974】，返回信息 {"status":"bad","msg":""}
2021-07-05 15:20:19 查询号码 【1329974】，GSD为【""】
2021-07-05 15:20:19 bad
2021-07-05 15:20:22 CHB 1329974?1625469619 第 1 次 等待 1 秒
2021-07-05 15:20:23 CHB 1329974?1625469619 第 1 次 获取到号码【1329974】GSD
2021-07-05 15:20:23 获取到号码【1329974】的GSD为【青海-海南】
2021-07-05 15:20:42 GSD insert 第 1 次 等待 1 秒
2021-07-05 15:20:43 {"status":"ok","msg":"添加成功！198616"}
2021-07-05 15:20:43 下次操作: 2021-07-05 15:20:50

2021-07-05 15:20:50 开始第 24 次操作

2021-07-05 15:20:50 开始操作号码 【1329973】
2021-07-05 15:21:09 GSD getOne 第 1 次 等待 1 秒
2021-07-05 15:21:10 查询号码 【1329973】，返回信息 {"status":"bad","msg":""}
2021-07-05 15:21:10 查询号码 【1329973】，GSD为【""】
2021-07-05 15:21:10 bad
2021-07-05 15:21:12 CHB 1329973?1625469670 第 1 次 等待 1 秒
2021-07-05 15:21:13 CHB 1329973?1625469670 第 1 次 获取到号码【1329973】GSD
2021-07-05 15:21:13 获取到号码【1329973】的GSD为【青海-黄南】
2021-07-05 15:21:33 GSD insert 第 1 次 等待 1 秒
2021-07-05 15:21:34 {"status":"ok","msg":"添加成功！198623"}
2021-07-05 15:21:34 下次操作: 2021-07-05 15:21:48

2021-07-05 15:21:48 开始第 25 次操作

2021-07-05 15:21:48 开始操作号码 【1329972】
2021-07-05 15:21:54 GSD getOne 第 1 次 等待 1 秒
2021-07-05 15:21:55 查询号码 【1329972】，返回信息 {"status":"ok","msg":"青海-海东","time_insert":"2019-04-18 13:13","time_update":"2020-12-16 02:30"}
2021-07-05 15:21:55 查询号码 【1329972】，GSD为【"青海-海东"】

2021-07-05 15:21:55 开始第 25 次操作

2021-07-05 15:21:55 开始操作号码 【1329971】
2021-07-05 15:22:14 GSD getOne 第 1 次 等待 1 秒
2021-07-05 15:22:15 查询号码 【1329971】，返回信息 {"status":"bad","msg":""}
2021-07-05 15:22:15 查询号码 【1329971】，GSD为【""】
2021-07-05 15:22:15 bad
2021-07-05 15:22:17 CHB 1329971?1625469735 第 1 次 等待 1 秒
2021-07-05 15:22:18 CHB 1329971?1625469735 第 1 次 获取到号码【1329971】GSD
2021-07-05 15:22:18 获取到号码【1329971】的GSD为【青海-西宁】
2021-07-05 15:22:37 GSD insert 第 1 次 等待 1 秒
2021-07-05 15:22:38 {"status":"ok","msg":"添加成功！198630"}
2021-07-05 15:22:38 下次操作: 2021-07-05 15:22:50

2021-07-05 15:22:50 开始第 26 次操作

2021-07-05 15:22:50 开始操作号码 【1329970】
2021-07-05 15:22:57 GSD getOne 第 1 次 等待 1 秒
2021-07-05 15:22:58 查询号码 【1329970】，返回信息 {"status":"bad","msg":""}
2021-07-05 15:22:58 查询号码 【1329970】，GSD为【""】
2021-07-05 15:22:58 bad
2021-07-05 15:23:01 CHB 1329970?1625469778 第 1 次 等待 1 秒
2021-07-05 15:23:02 CHB 1329970?1625469778 第 1 次 获取到号码【1329970】GSD
2021-07-05 15:23:02 获取到号码【1329970】的GSD为【青海-海北】
2021-07-05 15:23:21 GSD insert 第 1 次 等待 1 秒
2021-07-05 15:23:22 {"status":"ok","msg":"添加成功！198635"}
2021-07-05 15:23:22 下次操作: 2021-07-05 15:23:35

2021-07-05 15:23:35 开始第 27 次操作

2021-07-05 15:23:35 开始操作号码 【1329969】
2021-07-05 15:23:42 GSD getOne 第 1 次 等待 1 秒
2021-07-05 15:23:43 查询号码 【1329969】，返回信息 {"status":"bad","msg":""}
2021-07-05 15:23:43 查询号码 【1329969】，GSD为【""】
2021-07-05 15:23:43 bad
2021-07-05 15:23:45 CHB 1329969?1625469823 第 1 次 等待 1 秒
2021-07-05 15:23:46 CHB 1329969?1625469823 第 1 次 获取到号码【1329969】GSD
2021-07-05 15:23:46 获取到号码【1329969】的GSD为【广西-玉林】
2021-07-05 15:24:06 GSD insert 第 1 次 等待 1 秒
2021-07-05 15:24:07 {"status":"ok","msg":"添加成功！198640"}
2021-07-05 15:24:07 下次操作: 2021-07-05 15:24:22

2021-07-05 15:24:22 开始第 28 次操作

2021-07-05 15:24:22 开始操作号码 【1329968】
2021-07-05 15:24:26 GSD getOne 第 1 次 等待 1 秒
2021-07-05 15:24:27 查询号码 【1329968】，返回信息 {"status":"bad","msg":""}
2021-07-05 15:24:27 查询号码 【1329968】，GSD为【""】
2021-07-05 15:24:27 bad
2021-07-05 15:24:29 CHB 1329968?1625469867 第 1 次 等待 1 秒
2021-07-05 15:24:30 CHB 1329968?1625469867 第 1 次 获取到号码【1329968】GSD
2021-07-05 15:24:30 获取到号码【1329968】的GSD为【广西-玉林】
2021-07-05 15:24:49 GSD insert 第 1 次 等待 1 秒
2021-07-05 15:24:50 {"status":"ok","msg":"添加成功！198642"}
2021-07-05 15:24:50 下次操作: 2021-07-05 15:24:58

2021-07-05 15:24:58 开始第 29 次操作

2021-07-05 15:24:58 开始操作号码 【1329967】
2021-07-05 15:25:09 GSD getOne 第 1 次 等待 1 秒
2021-07-05 15:25:10 查询号码 【1329967】，返回信息 {"status":"bad","msg":""}
2021-07-05 15:25:10 查询号码 【1329967】，GSD为【""】
2021-07-05 15:25:10 bad
2021-07-05 15:25:12 CHB 1329967?1625469910 第 1 次 等待 1 秒
2021-07-05 15:25:13 CHB 1329967?1625469910 第 1 次 获取到号码【1329967】GSD
2021-07-05 15:25:13 获取到号码【1329967】的GSD为【广西-玉林】
2021-07-05 15:25:32 GSD insert 第 1 次 等待 1 秒
2021-07-05 15:25:33 {"status":"ok","msg":"添加成功！198645"}
2021-07-05 15:25:33 下次操作: 2021-07-05 15:25:50

2021-07-05 15:25:50 开始第 30 次操作

2021-07-05 15:25:50 开始操作号码 【1329966】
2021-07-05 15:25:57 GSD getOne 第 1 次 等待 1 秒
2021-07-05 15:25:58 查询号码 【1329966】，返回信息 {"status":"bad","msg":""}
2021-07-05 15:25:58 查询号码 【1329966】，GSD为【""】
2021-07-05 15:25:58 bad
2021-07-05 15:25:59 CHB 1329966?1625469958 第 1 次 等待 1 秒
2021-07-05 15:26:00 CHB 1329966?1625469958 第 1 次 获取到号码【1329966】GSD
2021-07-05 15:26:00 获取到号码【1329966】的GSD为【广西-玉林】
2021-07-05 15:26:19 GSD insert 第 1 次 等待 1 秒
2021-07-05 15:26:20 {"status":"ok","msg":"添加成功！198646"}

2021-07-05 15:32:28 开始第 1 次操作

2021-07-05 15:32:29 开始操作号码 【1329965】
2021-07-05 15:32:34 GSD getOne 第 1 次 等待 1 秒
2021-07-05 15:32:35 查询号码 【1329965】，返回信息 {"status":"bad","msg":""}
2021-07-05 15:32:35 查询号码 【1329965】，GSD为【""】
2021-07-05 15:32:35 bad
2021-07-05 15:32:37 CHB 1329965?1625470355 第 1 次 等待 1 秒
2021-07-05 15:32:38 CHB 1329965?1625470355 第 1 次 获取到号码【1329965】GSD
2021-07-05 15:32:38 获取到号码【1329965】的GSD为【广西-玉林】
2021-07-05 15:32:58 GSD insert 第 1 次 等待 1 秒
2021-07-05 15:32:59 {"status":"ok","msg":"添加成功！198656"}
2021-07-05 15:32:59 下次操作: 2021-07-05 15:33:08

2021-07-05 15:33:08 开始第 2 次操作

2021-07-05 15:33:08 开始操作号码 【1329964】
2021-07-05 15:33:19 GSD getOne 第 1 次 等待 1 秒
2021-07-05 15:33:20 查询号码 【1329964】，返回信息 {"status":"bad","msg":""}
2021-07-05 15:33:20 查询号码 【1329964】，GSD为【""】
2021-07-05 15:33:20 bad
2021-07-05 15:33:22 CHB 1329964?1625470400 第 1 次 等待 1 秒
2021-07-05 15:33:23 CHB 1329964?1625470400 第 1 次 获取到号码【1329964】GSD
2021-07-05 15:33:23 获取到号码【1329964】的GSD为【广西-柳州】
2021-07-05 15:33:59 GSD insert 第 1 次 等待 1 秒
2021-07-05 15:34:00 {"status":"ok","msg":"添加成功！198661"}
2021-07-05 15:34:00 下次操作: 2021-07-05 15:34:12

2021-07-05 15:34:12 开始第 3 次操作

2021-07-05 15:34:12 开始操作号码 【1329963】
2021-07-05 15:34:25 GSD getOne 第 1 次 等待 1 秒
2021-07-05 15:34:26 查询号码 【1329963】，返回信息 {"status":"bad","msg":""}
2021-07-05 15:34:26 查询号码 【1329963】，GSD为【""】
2021-07-05 15:34:26 bad
2021-07-05 15:34:28 CHB 1329963?1625470466 第 1 次 等待 1 秒
2021-07-05 15:34:29 CHB 1329963?1625470466 第 1 次 获取到号码【1329963】GSD
2021-07-05 15:34:29 获取到号码【1329963】的GSD为【广西-桂林】
2021-07-05 15:34:48 GSD insert 第 1 次 等待 1 秒
2021-07-05 15:34:49 {"status":"ok","msg":"添加成功！198664"}
2021-07-05 15:34:49 下次操作: 2021-07-05 15:35:07

2021-07-05 15:35:07 开始第 4 次操作

2021-07-05 15:35:07 开始操作号码 【1329962】
2021-07-05 15:35:13 GSD getOne 第 1 次 等待 1 秒
2021-07-05 15:35:14 查询号码 【1329962】，返回信息 {"status":"bad","msg":""}
2021-07-05 15:35:15 查询号码 【1329962】，GSD为【""】
2021-07-05 15:35:15 bad
2021-07-05 15:35:16 CHB 1329962?1625470515 第 1 次 等待 1 秒
2021-07-05 15:35:17 CHB 1329962?1625470515 第 1 次 获取到号码【1329962】GSD
2021-07-05 15:35:17 获取到号码【1329962】的GSD为【广西-柳州】
2021-07-05 15:35:37 GSD insert 第 1 次 等待 1 秒
2021-07-05 15:35:38 {"status":"ok","msg":"添加成功！198668"}
2021-07-05 15:35:38 下次操作: 2021-07-05 15:35:44

2021-07-05 15:35:44 开始第 5 次操作

2021-07-05 15:35:44 开始操作号码 【1329961】
2021-07-05 15:36:05 GSD getOne 第 1 次 等待 1 秒
2021-07-05 15:36:06 查询号码 【1329961】，返回信息 {"status":"bad","msg":""}
2021-07-05 15:36:06 查询号码 【1329961】，GSD为【""】
2021-07-05 15:36:06 bad
2021-07-05 15:36:08 CHB 1329961?1625470566 第 1 次 等待 1 秒
2021-07-05 15:36:09 CHB 1329961?1625470566 第 1 次 获取到号码【1329961】GSD
2021-07-05 15:36:09 获取到号码【1329961】的GSD为【广西-柳州】
2021-07-05 15:36:28 GSD insert 第 1 次 等待 1 秒
2021-07-05 15:36:29 {"status":"ok","msg":"添加成功！198673"}
2021-07-05 15:36:29 下次操作: 2021-07-05 15:36:45

2021-07-05 15:36:45 开始第 6 次操作

2021-07-05 15:36:45 开始操作号码 【1329960】
2021-07-05 15:36:50 GSD getOne 第 1 次 等待 1 秒
2021-07-05 15:36:51 查询号码 【1329960】，返回信息 {"status":"bad","msg":""}
2021-07-05 15:36:51 查询号码 【1329960】，GSD为【""】
2021-07-05 15:36:51 bad
2021-07-05 15:36:53 CHB 1329960?1625470611 第 1 次 等待 1 秒
2021-07-05 15:36:54 CHB 1329960?1625470611 第 1 次 获取到号码【1329960】GSD
2021-07-05 15:36:54 获取到号码【1329960】的GSD为【广西-柳州】
2021-07-05 15:37:14 GSD insert 第 1 次 等待 1 秒
2021-07-05 15:37:15 {"status":"ok","msg":"添加成功！198682"}
2021-07-05 15:37:15 下次操作: 2021-07-05 15:37:23

2021-07-05 15:37:23 开始第 7 次操作

2021-07-05 15:37:23 开始操作号码 【1329959】
2021-07-05 15:37:34 GSD getOne 第 1 次 等待 1 秒
2021-07-05 15:37:35 查询号码 【1329959】，返回信息 {"status":"bad","msg":""}
2021-07-05 15:37:35 查询号码 【1329959】，GSD为【""】
2021-07-05 15:37:35 bad
2021-07-05 15:37:36 CHB 1329959?1625470655 第 1 次 等待 1 秒
2021-07-05 15:37:37 CHB 1329959?1625470655 第 1 次 获取到号码【1329959】GSD
2021-07-05 15:37:37 获取到号码【1329959】的GSD为【宁夏-固原】
2021-07-05 15:37:57 GSD insert 第 1 次 等待 1 秒
2021-07-05 15:37:58 {"status":"ok","msg":"添加成功！198690"}
2021-07-05 15:37:58 下次操作: 2021-07-05 15:38:06

2021-07-05 15:38:06 开始第 8 次操作

2021-07-05 15:38:06 开始操作号码 【1329958】
2021-07-05 15:38:18 GSD getOne 第 1 次 等待 1 秒
2021-07-05 15:38:19 查询号码 【1329958】，返回信息 {"status":"bad","msg":""}
2021-07-05 15:38:19 查询号码 【1329958】，GSD为【""】
2021-07-05 15:38:19 bad
2021-07-05 15:38:20 CHB 1329958?1625470699 第 1 次 等待 1 秒
2021-07-05 15:38:21 CHB 1329958?1625470699 第 1 次 获取到号码【1329958】GSD
2021-07-05 15:38:21 获取到号码【1329958】的GSD为【宁夏-银川】
2021-07-05 15:38:40 GSD insert 第 1 次 等待 1 秒
2021-07-05 15:38:41 {"status":"ok","msg":"添加成功！198699"}
2021-07-05 15:38:41 下次操作: 2021-07-05 15:38:57

2021-07-05 15:38:57 开始第 9 次操作

2021-07-05 15:38:57 开始操作号码 【1329957】
2021-07-05 15:39:03 GSD getOne 第 1 次 等待 1 秒
2021-07-05 15:39:04 查询号码 【1329957】，返回信息 {"status":"bad","msg":""}
2021-07-05 15:39:04 查询号码 【1329957】，GSD为【""】
2021-07-05 15:39:04 bad
2021-07-05 15:39:05 CHB 1329957?1625470744 第 1 次 等待 1 秒
2021-07-05 15:39:06 CHB 1329957?1625470744 第 1 次 获取到号码【1329957】GSD
2021-07-05 15:39:06 获取到号码【1329957】的GSD为【宁夏-中卫】
2021-07-05 15:39:25 GSD insert 第 1 次 等待 1 秒
2021-07-05 15:39:26 {"status":"ok","msg":"添加成功！198715"}
2021-07-05 15:39:26 下次操作: 2021-07-05 15:39:33

2021-07-05 15:39:33 开始第 10 次操作

2021-07-05 15:39:33 开始操作号码 【1329956】
2021-07-05 15:40:09 GSD getOne 第 1 次 等待 1 秒
2021-07-05 15:40:10 查询号码 【1329956】，返回信息 {"status":"bad","msg":""}
2021-07-05 15:40:10 查询号码 【1329956】，GSD为【""】
2021-07-05 15:40:10 bad
2021-07-05 15:40:11 CHB 1329956?1625470810 第 1 次 等待 1 秒
2021-07-05 15:40:12 CHB 1329956?1625470810 第 1 次 获取到号码【1329956】GSD
2021-07-05 15:40:12 获取到号码【1329956】的GSD为【宁夏-吴忠】
2021-07-05 15:40:31 GSD insert 第 1 次 等待 1 秒
2021-07-05 15:40:32 {"status":"ok","msg":"添加成功！198730"}
2021-07-05 15:40:32 下次操作: 2021-07-05 15:40:43

2021-07-05 15:40:43 开始第 11 次操作

2021-07-05 15:40:43 开始操作号码 【1329955】
2021-07-05 15:40:54 GSD getOne 第 1 次 等待 1 秒
2021-07-05 15:40:55 查询号码 【1329955】，返回信息 {"status":"bad","msg":""}
2021-07-05 15:40:55 查询号码 【1329955】，GSD为【""】
2021-07-05 15:40:55 bad
2021-07-05 15:40:58 CHB 1329955?1625470855 第 1 次 等待 1 秒
2021-07-05 15:40:59 CHB 1329955?1625470855 第 1 次 获取到号码【1329955】GSD
2021-07-05 15:40:59 获取到号码【1329955】的GSD为【宁夏-中卫】
2021-07-05 15:41:19 GSD insert 第 1 次 等待 1 秒
2021-07-05 15:41:20 {"status":"ok","msg":"添加成功！198740"}
2021-07-05 15:41:20 下次操作: 2021-07-05 15:41:32

2021-07-05 15:41:32 开始第 12 次操作

2021-07-05 15:41:32 开始操作号码 【1329954】
2021-07-05 15:41:40 GSD getOne 第 1 次 等待 1 秒
2021-07-05 15:41:41 查询号码 【1329954】，返回信息 {"status":"bad","msg":""}
2021-07-05 15:41:41 查询号码 【1329954】，GSD为【""】
2021-07-05 15:41:41 bad
2021-07-05 15:41:42 CHB 1329954?1625470901 第 1 次 等待 1 秒
2021-07-05 15:41:43 CHB 1329954?1625470901 第 1 次 获取到号码【1329954】GSD
2021-07-05 15:41:43 获取到号码【1329954】的GSD为【宁夏-固原】
2021-07-05 15:42:03 GSD insert 第 1 次 等待 1 秒
2021-07-05 15:42:04 {"status":"ok","msg":"添加成功！198752"}
2021-07-05 15:42:04 下次操作: 2021-07-05 15:42:15

2021-07-05 15:42:15 开始第 13 次操作

2021-07-05 15:42:15 开始操作号码 【1329953】
2021-07-05 15:42:27 GSD getOne 第 1 次 等待 1 秒
2021-07-05 15:42:28 查询号码 【1329953】，返回信息 {"status":"bad","msg":""}
2021-07-05 15:42:28 查询号码 【1329953】，GSD为【""】
2021-07-05 15:42:28 bad
2021-07-05 15:42:30 CHB 1329953?1625470948 第 1 次 等待 1 秒
2021-07-05 15:42:31 CHB 1329953?1625470948 第 1 次 获取到号码【1329953】GSD
2021-07-05 15:42:31 获取到号码【1329953】的GSD为【宁夏-吴忠】
2021-07-05 15:42:50 GSD insert 第 1 次 等待 1 秒
2021-07-05 15:42:51 {"status":"ok","msg":"添加成功！198764"}
2021-07-05 15:42:51 下次操作: 2021-07-05 15:43:09

2021-07-05 15:43:09 开始第 14 次操作

2021-07-05 15:43:09 开始操作号码 【1329952】
2021-07-05 15:43:14 GSD getOne 第 1 次 等待 1 秒
2021-07-05 15:43:15 查询号码 【1329952】，返回信息 {"status":"bad","msg":""}
2021-07-05 15:43:15 查询号码 【1329952】，GSD为【""】
2021-07-05 15:43:15 bad
2021-07-05 15:43:16 CHB 1329952?1625470995 第 1 次 等待 1 秒
2021-07-05 15:43:17 CHB 1329952?1625470995 第 1 次 获取到号码【1329952】GSD
2021-07-05 15:43:17 获取到号码【1329952】的GSD为【宁夏-石嘴山】
2021-07-05 15:43:37 GSD insert 第 1 次 等待 1 秒
2021-07-05 15:43:38 {"status":"ok","msg":"添加成功！198776"}
2021-07-05 15:43:38 下次操作: 2021-07-05 15:43:45

2021-07-05 15:43:45 开始第 15 次操作

2021-07-05 15:43:45 开始操作号码 【1329951】
2021-07-05 15:44:11 GSD getOne 第 1 次 等待 1 秒
2021-07-05 15:44:12 查询号码 【1329951】，返回信息 {"status":"bad","msg":""}
2021-07-05 15:44:13 查询号码 【1329951】，GSD为【""】
2021-07-05 15:44:13 bad
2021-07-05 15:44:14 CHB 1329951?1625471053 第 1 次 等待 1 秒
2021-07-05 15:44:15 CHB 1329951?1625471053 第 1 次 获取到号码【1329951】GSD
2021-07-05 15:44:15 获取到号码【1329951】的GSD为【宁夏-银川】
2021-07-05 15:44:34 GSD insert 第 1 次 等待 1 秒
2021-07-05 15:44:35 {"status":"ok","msg":"添加成功！198787"}
2021-07-05 15:44:35 下次操作: 2021-07-05 15:44:47

2021-07-05 15:44:47 开始第 16 次操作

2021-07-05 15:44:47 开始操作号码 【1329950】
2021-07-05 15:45:00 GSD getOne 第 1 次 等待 1 秒
2021-07-05 15:45:01 查询号码 【1329950】，返回信息 {"status":"ok","msg":"宁夏-银川","time_insert":"2017-11-09 20:24","time_update":"2020-12-22 05:48"}
2021-07-05 15:45:02 查询号码 【1329950】，GSD为【"宁夏-银川"】

2021-07-05 15:45:02 开始第 16 次操作

2021-07-05 15:45:02 开始操作号码 【1329949】
2021-07-05 15:45:22 GSD getOne 第 1 次 等待 1 秒
2021-07-05 15:45:23 查询号码 【1329949】，返回信息 {"status":"bad","msg":""}
2021-07-05 15:45:23 查询号码 【1329949】，GSD为【""】
2021-07-05 15:45:23 bad
2021-07-05 15:45:25 CHB 1329949?1625471123 第 1 次 等待 1 秒
2021-07-05 15:45:26 CHB 1329949?1625471123 第 1 次 获取到号码【1329949】GSD
2021-07-05 15:45:26 获取到号码【1329949】的GSD为【广西-柳州】
2021-07-05 15:45:46 GSD insert 第 1 次 等待 1 秒
2021-07-05 15:45:47 {"status":"ok","msg":"添加成功！198805"}
2021-07-05 15:45:47 下次操作: 2021-07-05 15:45:55

2021-07-05 15:45:55 开始第 17 次操作

2021-07-05 15:45:55 开始操作号码 【1329948】
2021-07-05 15:46:14 GSD getOne 第 1 次 等待 1 秒
2021-07-05 15:46:15 查询号码 【1329948】，返回信息 {"status":"bad","msg":""}
2021-07-05 15:46:15 查询号码 【1329948】，GSD为【""】
2021-07-05 15:46:15 bad
2021-07-05 15:46:17 CHB 1329948?1625471175 第 1 次 等待 1 秒
2021-07-05 15:46:18 CHB 1329948?1625471175 第 1 次 获取到号码【1329948】GSD
2021-07-05 15:46:19 获取到号码【1329948】的GSD为【广西-河池】
2021-07-05 15:46:38 GSD insert 第 1 次 等待 1 秒
2021-07-05 15:46:39 {"status":"ok","msg":"添加成功！198816"}
2021-07-05 15:46:39 下次操作: 2021-07-05 15:46:45

2021-07-05 15:46:45 开始第 18 次操作

2021-07-05 15:46:45 开始操作号码 【1329947】
2021-07-05 15:47:04 GSD getOne 第 1 次 等待 1 秒
2021-07-05 15:47:05 查询号码 【1329947】，返回信息 {"status":"bad","msg":""}
2021-07-05 15:47:06 查询号码 【1329947】，GSD为【""】
2021-07-05 15:47:06 bad
2021-07-05 15:47:07 CHB 1329947?1625471226 第 1 次 等待 1 秒
2021-07-05 15:47:08 CHB 1329947?1625471226 第 1 次 获取到号码【1329947】GSD
2021-07-05 15:47:08 获取到号码【1329947】的GSD为【广西-桂林】
2021-07-05 15:47:30 GSD insert 第 1 次 等待 1 秒
2021-07-05 15:47:31 {"status":"ok","msg":"添加成功！198830"}
2021-07-05 15:47:31 下次操作: 2021-07-05 15:47:39

2021-07-05 15:47:39 开始第 19 次操作

2021-07-05 15:47:39 开始操作号码 【1329946】
2021-07-05 15:47:51 GSD getOne 第 1 次 等待 1 秒
2021-07-05 15:47:52 查询号码 【1329946】，返回信息 {"status":"bad","msg":""}
2021-07-05 15:47:52 查询号码 【1329946】，GSD为【""】
2021-07-05 15:47:52 bad
2021-07-05 15:47:54 CHB 1329946?1625471272 第 1 次 等待 1 秒
2021-07-05 15:47:55 CHB 1329946?1625471272 第 1 次 获取到号码【1329946】GSD
2021-07-05 15:47:55 获取到号码【1329946】的GSD为【广西-玉林】
2021-07-05 15:48:16 GSD insert 第 1 次 等待 1 秒
2021-07-05 15:48:17 {"status":"ok","msg":"添加成功！198841"}
2021-07-05 15:48:17 下次操作: 2021-07-05 15:48:33

2021-07-05 15:48:33 开始第 20 次操作

2021-07-05 15:48:33 开始操作号码 【1329945】
2021-07-05 15:48:37 GSD getOne 第 1 次 等待 1 秒
2021-07-05 15:48:38 查询号码 【1329945】，返回信息 {"status":"bad","msg":""}
2021-07-05 15:48:38 查询号码 【1329945】，GSD为【""】
2021-07-05 15:48:38 bad
2021-07-05 15:48:39 CHB 1329945?1625471318 第 1 次 等待 1 秒
2021-07-05 15:48:40 CHB 1329945?1625471318 第 1 次 获取到号码【1329945】GSD
2021-07-05 15:48:40 获取到号码【1329945】的GSD为【广西-玉林】
2021-07-05 15:49:00 GSD insert 第 1 次 等待 1 秒
2021-07-05 15:49:01 {"status":"ok","msg":"添加成功！198852"}
2021-07-05 15:49:01 下次操作: 2021-07-05 15:49:07

2021-07-05 15:49:07 开始第 21 次操作

2021-07-05 15:49:07 开始操作号码 【1329944】
2021-07-05 15:49:26 GSD getOne 第 1 次 等待 1 秒
2021-07-05 15:49:27 查询号码 【1329944】，返回信息 {"status":"bad","msg":""}
2021-07-05 15:49:27 查询号码 【1329944】，GSD为【""】
2021-07-05 15:49:27 bad
2021-07-05 15:49:29 CHB 1329944?1625471367 第 1 次 等待 1 秒
2021-07-05 15:49:30 CHB 1329944?1625471367 第 1 次 获取到号码【1329944】GSD
2021-07-05 15:49:30 获取到号码【1329944】的GSD为【广西-玉林】
2021-07-05 15:49:50 GSD insert 第 1 次 等待 1 秒
2021-07-05 15:49:51 {"status":"ok","msg":"添加成功！198866"}
2021-07-05 15:49:51 下次操作: 2021-07-05 15:50:04

2021-07-05 15:50:04 开始第 22 次操作

2021-07-05 15:50:04 开始操作号码 【1329943】
2021-07-05 15:50:39 GSD getOne 第 1 次 等待 1 秒
2021-07-05 15:50:40 查询号码 【1329943】，返回信息 {"status":"ok","msg":"广西-桂林","time_insert":"2019-11-15 11:24","time_update":"2020-12-18 17:52"}
2021-07-05 15:50:40 查询号码 【1329943】，GSD为【"广西-桂林"】

2021-07-05 15:50:40 开始第 22 次操作

2021-07-05 15:50:40 开始操作号码 【1329942】
2021-07-05 15:51:00 GSD getOne 第 1 次 等待 1 秒
2021-07-05 15:51:01 查询号码 【1329942】，返回信息 {"status":"bad","msg":""}
2021-07-05 15:51:01 查询号码 【1329942】，GSD为【""】
2021-07-05 15:51:01 bad
2021-07-05 15:51:02 CHB 1329942?1625471461 第 1 次 等待 1 秒
2021-07-05 15:51:03 CHB 1329942?1625471461 第 1 次 获取到号码【1329942】GSD
2021-07-05 15:51:03 获取到号码【1329942】的GSD为【广西-柳州】
2021-07-05 15:51:23 GSD insert 第 1 次 等待 1 秒
2021-07-05 15:51:24 {"status":"ok","msg":"添加成功！198886"}
2021-07-05 15:51:24 下次操作: 2021-07-05 15:51:42

2021-07-05 15:51:42 开始第 23 次操作

2021-07-05 15:51:42 开始操作号码 【1329941】
2021-07-05 15:51:46 GSD getOne 第 1 次 等待 1 秒
2021-07-05 15:51:47 查询号码 【1329941】，返回信息 {"status":"bad","msg":""}
2021-07-05 15:51:47 查询号码 【1329941】，GSD为【""】
2021-07-05 15:51:47 bad
2021-07-05 15:51:48 CHB 1329941?1625471507 第 1 次 等待 1 秒
2021-07-05 15:51:49 CHB 1329941?1625471507 第 1 次 获取到号码【1329941】GSD
2021-07-05 15:51:49 获取到号码【1329941】的GSD为【广西-南宁】
2021-07-05 15:52:08 GSD insert 第 1 次 等待 1 秒
2021-07-05 15:52:09 {"status":"ok","msg":"添加成功！198897"}
2021-07-05 15:52:09 下次操作: 2021-07-05 15:52:16

2021-07-05 15:52:16 开始第 24 次操作

2021-07-05 15:52:16 开始操作号码 【1329940】
2021-07-05 15:52:36 GSD getOne 第 1 次 等待 1 秒
2021-07-05 15:52:37 查询号码 【1329940】，返回信息 {"status":"bad","msg":""}
2021-07-05 15:52:37 查询号码 【1329940】，GSD为【""】
2021-07-05 15:52:37 bad
2021-07-05 15:53:38 CHB 1329940?1625471557 第 1 次 等待 1 秒
2021-07-05 15:53:39 CHB 1329940?1625471557 第 1 次 获取到号码【1329940】GSD
2021-07-05 15:53:39 未获取到号码【1329940】源码
2021-07-05 15:53:39 获取到号码【1329940】的GSD为【-】
2021-07-05 15:53:47 GSD insert 第 1 次 等待 1 秒
2021-07-05 15:53:48 {"status":"ok","msg":"添加成功！198908"}
2021-07-05 15:53:48 下次操作: 2021-07-05 15:53:58

2021-07-05 15:53:58 开始第 25 次操作

2021-07-05 15:53:58 开始操作号码 【1329939】
2021-07-05 15:54:10 GSD getOne 第 1 次 等待 1 秒
2021-07-05 15:54:11 查询号码 【1329939】，返回信息 {"status":"ok","msg":"甘肃-陇南","time_insert":"2018-06-04 14:42","time_update":"2020-12-11 10:19"}
2021-07-05 15:54:11 查询号码 【1329939】，GSD为【"甘肃-陇南"】

2021-07-05 15:54:11 开始第 25 次操作

2021-07-05 15:54:11 开始操作号码 【1329938】
2021-07-05 15:54:31 GSD getOne 第 1 次 等待 1 秒
2021-07-05 15:54:32 查询号码 【1329938】，返回信息 {"status":"ok","msg":"甘肃-酒泉","time_insert":"2020-03-07 18:41","time_update":"2020-12-11 10:15"}
2021-07-05 15:54:32 查询号码 【1329938】，GSD为【"甘肃-酒泉"】

2021-07-05 15:54:32 开始第 25 次操作

2021-07-05 15:54:32 开始操作号码 【1329937】
2021-07-05 15:54:52 GSD getOne 第 1 次 等待 1 秒
2021-07-05 15:54:53 查询号码 【1329937】，返回信息 {"status":"bad","msg":""}
2021-07-05 15:54:53 查询号码 【1329937】，GSD为【""】
2021-07-05 15:54:53 bad
2021-07-05 15:54:55 CHB 1329937?1625471693 第 1 次 等待 1 秒
2021-07-05 15:54:56 CHB 1329937?1625471693 第 1 次 获取到号码【1329937】GSD
2021-07-05 15:54:56 获取到号码【1329937】的GSD为【甘肃-酒泉】
2021-07-05 15:55:15 GSD insert 第 1 次 等待 1 秒
2021-07-05 15:55:16 {"status":"ok","msg":"添加成功！198923"}
2021-07-05 15:55:16 下次操作: 2021-07-05 15:55:25

2021-07-05 15:55:25 开始第 26 次操作

2021-07-05 15:55:25 开始操作号码 【1329936】
2021-07-05 15:55:36 GSD getOne 第 1 次 等待 1 秒
2021-07-05 15:55:37 查询号码 【1329936】，返回信息 {"status":"bad","msg":""}
2021-07-05 15:55:37 查询号码 【1329936】，GSD为【""】
2021-07-05 15:55:37 bad
2021-07-05 15:55:39 CHB 1329936?1625471737 第 1 次 等待 1 秒
2021-07-05 15:55:40 CHB 1329936?1625471737 第 1 次 获取到号码【1329936】GSD
2021-07-05 15:55:40 获取到号码【1329936】的GSD为【甘肃-武威】
2021-07-05 15:56:00 GSD insert 第 1 次 等待 1 秒
2021-07-05 15:56:01 {"status":"ok","msg":"添加成功！198927"}
2021-07-05 15:56:01 下次操作: 2021-07-05 15:56:12

2021-07-05 15:56:12 开始第 27 次操作

2021-07-05 15:56:12 开始操作号码 【1329935】
2021-07-05 15:56:26 GSD getOne 第 1 次 等待 1 秒
2021-07-05 15:56:27 查询号码 【1329935】，返回信息 {"status":"bad","msg":""}
2021-07-05 15:56:27 查询号码 【1329935】，GSD为【""】
2021-07-05 15:56:27 bad
2021-07-05 15:56:29 CHB 1329935?1625471787 第 1 次 等待 1 秒
2021-07-05 15:56:30 CHB 1329935?1625471787 第 1 次 获取到号码【1329935】GSD
2021-07-05 15:56:30 获取到号码【1329935】的GSD为【甘肃-武威】
2021-07-05 15:56:53 GSD insert 第 1 次 等待 1 秒
2021-07-05 15:56:54 {"status":"ok","msg":"添加成功！198934"}
2021-07-05 15:56:54 下次操作: 2021-07-05 15:57:03

2021-07-05 15:57:03 开始第 28 次操作

2021-07-05 15:57:03 开始操作号码 【1329934】
2021-07-05 15:57:13 GSD getOne 第 1 次 等待 1 秒
2021-07-05 15:57:14 查询号码 【1329934】，返回信息 {"status":"bad","msg":""}
2021-07-05 15:57:15 查询号码 【1329934】，GSD为【""】
2021-07-05 15:57:15 bad
2021-07-05 15:57:16 CHB 1329934?1625471835 第 1 次 等待 1 秒
2021-07-05 15:57:17 CHB 1329934?1625471835 第 1 次 获取到号码【1329934】GSD
2021-07-05 15:57:17 获取到号码【1329934】的GSD为【甘肃-嘉峪关】
2021-07-05 15:57:36 GSD insert 第 1 次 等待 1 秒
2021-07-05 15:57:37 {"status":"ok","msg":"添加成功！198939"}
2021-07-05 15:57:37 下次操作: 2021-07-05 15:57:51

2021-07-05 15:57:51 开始第 29 次操作

2021-07-05 15:57:51 开始操作号码 【1329933】
2021-07-05 15:57:58 GSD getOne 第 1 次 等待 1 秒
2021-07-05 15:57:59 查询号码 【1329933】，返回信息 {"status":"bad","msg":""}
2021-07-05 15:57:59 查询号码 【1329933】，GSD为【""】
2021-07-05 15:57:59 bad
2021-07-05 15:58:01 CHB 1329933?1625471879 第 1 次 等待 1 秒
2021-07-05 15:58:02 CHB 1329933?1625471879 第 1 次 获取到号码【1329933】GSD
2021-07-05 15:58:02 获取到号码【1329933】的GSD为【甘肃-白银】
2021-07-05 15:58:21 GSD insert 第 1 次 等待 1 秒
2021-07-05 15:58:22 {"status":"ok","msg":"添加成功！198947"}
2021-07-05 15:58:22 下次操作: 2021-07-05 15:58:36

2021-07-05 15:58:36 开始第 30 次操作

2021-07-05 15:58:36 开始操作号码 【1329932】
2021-07-05 15:59:10 GSD getOne 第 1 次 等待 1 秒
2021-07-05 15:59:11 查询号码 【1329932】，返回信息 {"status":"bad","msg":""}
2021-07-05 15:59:12 查询号码 【1329932】，GSD为【""】
2021-07-05 15:59:12 bad
2021-07-05 15:59:13 CHB 1329932?1625471952 第 1 次 等待 1 秒
2021-07-05 15:59:14 CHB 1329932?1625471952 第 1 次 获取到号码【1329932】GSD
2021-07-05 15:59:14 获取到号码【1329932】的GSD为【甘肃-酒泉】
2021-07-05 15:59:34 GSD insert 第 1 次 等待 1 秒
2021-07-05 15:59:35 {"status":"ok","msg":"添加成功！198954"}

2021-07-05 16:44:28 开始第 1 次操作

2021-07-05 16:44:28 开始操作号码 【1329931】
2021-07-05 16:44:32 GSD getOne 第 1 次 等待 1 秒
2021-07-05 16:44:33 查询号码 【1329931】，返回信息 {"status":"bad","msg":""}
2021-07-05 16:44:33 查询号码 【1329931】，GSD为【""】
2021-07-05 16:44:33 bad
2021-07-05 16:44:35 CHB 1329931?1625474673 第 1 次 等待 1 秒
2021-07-05 16:44:36 CHB 1329931?1625474673 第 1 次 获取到号码【1329931】GSD
2021-07-05 16:44:36 获取到号码【1329931】的GSD为【甘肃-兰州】
2021-07-05 16:44:57 GSD insert 第 1 次 等待 1 秒
2021-07-05 16:44:58 {"status":"ok","msg":"添加成功！199067"}
2021-07-05 16:44:58 下次操作: 2021-07-05 16:45:12

2021-07-05 16:45:12 开始第 2 次操作

2021-07-05 16:45:12 开始操作号码 【1329930】
2021-07-05 16:45:20 GSD getOne 第 1 次 等待 1 秒
2021-07-05 16:45:21 查询号码 【1329930】，返回信息 {"status":"bad","msg":""}
2021-07-05 16:45:21 查询号码 【1329930】，GSD为【""】
2021-07-05 16:45:21 bad
2021-07-05 16:45:22 CHB 1329930?1625474721 第 1 次 等待 1 秒
2021-07-05 16:45:23 CHB 1329930?1625474721 第 1 次 获取到号码【1329930】GSD
2021-07-05 16:45:23 获取到号码【1329930】的GSD为【甘肃-临夏】
2021-07-05 16:46:04 GSD insert 第 1 次 等待 1 秒
2021-07-05 16:46:05 {"status":"ok","msg":"添加成功！199086"}
2021-07-05 16:46:05 下次操作: 2021-07-05 16:46:13

2021-07-05 16:46:13 开始第 3 次操作

2021-07-05 16:46:13 开始操作号码 【1329929】
2021-07-05 16:46:33 GSD getOne 第 1 次 等待 1 秒
2021-07-05 16:46:34 查询号码 【1329929】，返回信息 {"status":"bad","msg":""}
2021-07-05 16:46:34 查询号码 【1329929】，GSD为【""】
2021-07-05 16:46:34 bad
2021-07-05 16:46:35 CHB 1329929?1625474794 第 1 次 等待 1 秒
2021-07-05 16:46:36 CHB 1329929?1625474794 第 1 次 获取到号码【1329929】GSD
2021-07-05 16:46:36 获取到号码【1329929】的GSD为【广西-柳州】
2021-07-05 16:46:59 GSD insert 第 1 次 等待 1 秒
2021-07-05 16:47:00 {"status":"ok","msg":"添加成功！199101"}
2021-07-05 16:47:00 下次操作: 2021-07-05 16:47:10

2021-07-05 16:47:10 开始第 4 次操作

2021-07-05 16:47:10 开始操作号码 【1329928】
2021-07-05 16:47:24 GSD getOne 第 1 次 等待 1 秒
2021-07-05 16:47:25 查询号码 【1329928】，返回信息 {"status":"bad","msg":""}
2021-07-05 16:47:25 查询号码 【1329928】，GSD为【""】
2021-07-05 16:47:25 bad
2021-07-05 16:47:27 CHB 1329928?1625474845 第 1 次 等待 1 秒
2021-07-05 16:47:28 CHB 1329928?1625474845 第 1 次 获取到号码【1329928】GSD
2021-07-05 16:47:28 获取到号码【1329928】的GSD为【广西-河池】
2021-07-05 16:47:47 GSD insert 第 1 次 等待 1 秒
2021-07-05 16:47:48 {"status":"ok","msg":"添加成功！199117"}
2021-07-05 16:47:48 下次操作: 2021-07-05 16:48:02

2021-07-05 16:48:02 开始第 5 次操作

2021-07-05 16:48:02 开始操作号码 【1329927】
2021-07-05 16:48:13 GSD getOne 第 1 次 等待 1 秒
2021-07-05 16:48:14 查询号码 【1329927】，返回信息 {"status":"bad","msg":""}
2021-07-05 16:48:14 查询号码 【1329927】，GSD为【""】
2021-07-05 16:48:14 bad
2021-07-05 16:48:16 CHB 1329927?1625474894 第 1 次 等待 1 秒
2021-07-05 16:48:17 CHB 1329927?1625474894 第 1 次 获取到号码【1329927】GSD
2021-07-05 16:48:17 获取到号码【1329927】的GSD为【广西-桂林】
2021-07-05 16:48:36 GSD insert 第 1 次 等待 1 秒
2021-07-05 16:48:37 {"status":"ok","msg":"添加成功！199131"}
2021-07-05 16:48:37 下次操作: 2021-07-05 16:48:48

2021-07-05 16:48:48 开始第 6 次操作

2021-07-05 16:48:48 开始操作号码 【1329926】
2021-07-05 16:48:58 GSD getOne 第 1 次 等待 1 秒
2021-07-05 16:48:59 查询号码 【1329926】，返回信息 {"status":"bad","msg":""}
2021-07-05 16:48:59 查询号码 【1329926】，GSD为【""】
2021-07-05 16:48:59 bad
2021-07-05 16:49:01 CHB 1329926?1625474939 第 1 次 等待 1 秒
2021-07-05 16:49:02 CHB 1329926?1625474939 第 1 次 获取到号码【1329926】GSD
2021-07-05 16:49:02 获取到号码【1329926】的GSD为【广西-南宁】
2021-07-05 16:49:22 GSD insert 第 1 次 等待 1 秒
2021-07-05 16:49:23 {"status":"ok","msg":"添加成功！199142"}
2021-07-05 16:49:23 下次操作: 2021-07-05 16:49:32

2021-07-05 16:49:32 开始第 7 次操作

2021-07-05 16:49:32 开始操作号码 【1329925】
2021-07-05 16:49:43 GSD getOne 第 1 次 等待 1 秒
2021-07-05 16:49:44 查询号码 【1329925】，返回信息 {"status":"bad","msg":""}
2021-07-05 16:49:44 查询号码 【1329925】，GSD为【""】
2021-07-05 16:49:44 bad
2021-07-05 16:49:45 CHB 1329925?1625474984 第 1 次 等待 1 秒
2021-07-05 16:49:46 CHB 1329925?1625474984 第 1 次 获取到号码【1329925】GSD
2021-07-05 16:49:46 未获取到号码【1329925】GSD，查号吧 400 错误
2021-07-05 16:49:46 获取到号码【1329925】的GSD为【-】
2021-07-05 16:50:08 GSD insert 第 1 次 等待 1 秒
2021-07-05 16:50:09 {"status":"ok","msg":"添加成功！199157"}
2021-07-05 16:50:09 下次操作: 2021-07-05 16:50:23

2021-07-05 16:50:23 开始第 8 次操作

2021-07-05 16:50:23 开始操作号码 【1329924】
2021-07-05 16:50:30 GSD getOne 第 1 次 等待 1 秒
2021-07-05 16:50:31 查询号码 【1329924】，返回信息 {"status":"bad","msg":""}
2021-07-05 16:50:31 查询号码 【1329924】，GSD为【""】
2021-07-05 16:50:31 bad
2021-07-05 16:50:33 CHB 1329924?1625475031 第 1 次 等待 1 秒
2021-07-05 16:50:34 CHB 1329924?1625475031 第 1 次 获取到号码【1329924】GSD
2021-07-05 16:50:34 获取到号码【1329924】的GSD为【广西-玉林】
2021-07-05 16:50:55 GSD insert 第 1 次 等待 1 秒
2021-07-05 16:50:56 {"status":"ok","msg":"添加成功！199176"}
2021-07-05 16:50:56 下次操作: 2021-07-05 16:51:08

2021-07-05 16:51:08 开始第 9 次操作

2021-07-05 16:51:08 开始操作号码 【1329923】
2021-07-05 16:51:21 GSD getOne 第 1 次 等待 1 秒
2021-07-05 16:51:22 查询号码 【1329923】，返回信息 {"status":"bad","msg":""}
2021-07-05 16:51:22 查询号码 【1329923】，GSD为【""】
2021-07-05 16:51:22 bad
2021-07-05 16:51:24 CHB 1329923?1625475082 第 1 次 等待 1 秒
2021-07-05 16:51:25 CHB 1329923?1625475082 第 1 次 获取到号码【1329923】GSD
2021-07-05 16:51:25 获取到号码【1329923】的GSD为【广西-桂林】
2021-07-05 16:51:47 GSD insert 第 1 次 等待 1 秒
2021-07-05 16:51:48 {"status":"ok","msg":"添加成功！199192"}
2021-07-05 16:51:48 下次操作: 2021-07-05 16:52:06

2021-07-05 16:52:06 开始第 10 次操作

2021-07-05 16:52:06 开始操作号码 【1329922】
2021-07-05 16:52:10 GSD getOne 第 1 次 等待 1 秒
2021-07-05 16:52:11 查询号码 【1329922】，返回信息 {"status":"bad","msg":""}
2021-07-05 16:52:11 查询号码 【1329922】，GSD为【""】
2021-07-05 16:52:11 bad
2021-07-05 16:52:13 CHB 1329922?1625475131 第 1 次 等待 1 秒
2021-07-05 16:52:14 CHB 1329922?1625475131 第 1 次 获取到号码【1329922】GSD
2021-07-05 16:52:14 获取到号码【1329922】的GSD为【广西-柳州】
2021-07-05 16:52:34 GSD insert 第 1 次 等待 1 秒
2021-07-05 16:52:35 {"status":"ok","msg":"添加成功！199206"}
2021-07-05 16:52:35 下次操作: 2021-07-05 16:52:49

2021-07-05 16:52:49 开始第 11 次操作

2021-07-05 16:52:49 开始操作号码 【1329921】
2021-07-05 16:52:55 GSD getOne 第 1 次 等待 1 秒
2021-07-05 16:52:56 查询号码 【1329921】，返回信息 {"status":"bad","msg":""}
2021-07-05 16:52:56 查询号码 【1329921】，GSD为【""】
2021-07-05 16:52:56 bad
2021-07-05 16:52:58 CHB 1329921?1625475176 第 1 次 等待 1 秒
2021-07-05 16:52:59 CHB 1329921?1625475176 第 1 次 获取到号码【1329921】GSD
2021-07-05 16:52:59 获取到号码【1329921】的GSD为【广西-南宁】
2021-07-05 16:53:35 GSD insert 第 1 次 等待 1 秒
2021-07-05 16:53:36 {"status":"ok","msg":"添加成功！199224"}
2021-07-05 16:53:36 下次操作: 2021-07-05 16:53:54

2021-07-05 16:53:54 开始第 12 次操作

2021-07-05 16:53:54 开始操作号码 【1329920】
2021-07-05 16:53:57 GSD getOne 第 1 次 等待 1 秒
2021-07-05 16:53:58 查询号码 【1329920】，返回信息 {"status":"bad","msg":""}
2021-07-05 16:53:58 查询号码 【1329920】，GSD为【""】
2021-07-05 16:53:58 bad
2021-07-05 16:54:00 CHB 1329920?1625475238 第 1 次 等待 1 秒
2021-07-05 16:54:01 CHB 1329920?1625475238 第 1 次 获取到号码【1329920】GSD
2021-07-05 16:54:01 获取到号码【1329920】的GSD为【广西-南宁】
2021-07-05 16:54:20 GSD insert 第 1 次 等待 1 秒
2021-07-05 16:54:21 {"status":"ok","msg":"添加成功！199237"}
2021-07-05 16:54:21 下次操作: 2021-07-05 16:54:29

2021-07-05 16:54:29 开始第 13 次操作

2021-07-05 16:54:29 开始操作号码 【1329919】
2021-07-05 16:54:48 GSD getOne 第 1 次 等待 1 秒
2021-07-05 16:54:49 查询号码 【1329919】，返回信息 {"status":"bad","msg":""}
2021-07-05 16:54:49 查询号码 【1329919】，GSD为【""】
2021-07-05 16:54:49 bad
2021-07-05 16:54:51 CHB 1329919?1625475289 第 1 次 等待 1 秒
2021-07-05 16:54:52 CHB 1329919?1625475289 第 1 次 获取到号码【1329919】GSD
2021-07-05 16:54:52 获取到号码【1329919】的GSD为【陕西-西安】
2021-07-05 16:55:11 GSD insert 第 1 次 等待 1 秒
2021-07-05 16:55:12 {"status":"ok","msg":"添加成功！199250"}
2021-07-05 16:55:12 下次操作: 2021-07-05 16:55:24

2021-07-05 16:55:24 开始第 14 次操作

2021-07-05 16:55:24 开始操作号码 【1329918】
2021-07-05 16:55:36 GSD getOne 第 1 次 等待 1 秒
2021-07-05 16:55:37 查询号码 【1329918】，返回信息 {"status":"bad","msg":""}
2021-07-05 16:55:37 查询号码 【1329918】，GSD为【""】
2021-07-05 16:55:37 bad
2021-07-05 16:55:38 CHB 1329918?1625475337 第 1 次 等待 1 秒
2021-07-05 16:55:40 CHB 1329918?1625475337 第 1 次 获取到号码【1329918】GSD
2021-07-05 16:55:40 获取到号码【1329918】的GSD为【陕西-商洛】
2021-07-05 16:56:15 GSD insert 第 1 次 等待 1 秒
2021-07-05 16:56:16 {"status":"ok","msg":"添加成功！199268"}
2021-07-05 16:56:16 下次操作: 2021-07-05 16:56:32

2021-07-05 16:56:32 开始第 15 次操作

2021-07-05 16:56:32 开始操作号码 【1329917】
2021-07-05 16:56:36 GSD getOne 第 1 次 等待 1 秒
2021-07-05 16:56:37 查询号码 【1329917】，返回信息 {"status":"bad","msg":""}
2021-07-05 16:56:37 查询号码 【1329917】，GSD为【""】
2021-07-05 16:56:37 bad
2021-07-05 16:56:38 CHB 1329917?1625475397 第 1 次 等待 1 秒
2021-07-05 16:56:39 CHB 1329917?1625475397 第 1 次 获取到号码【1329917】GSD
2021-07-05 16:56:39 获取到号码【1329917】的GSD为【陕西-西安】
2021-07-05 16:56:58 GSD insert 第 1 次 等待 1 秒
2021-07-05 16:56:59 {"status":"ok","msg":"添加成功！199280"}
2021-07-05 16:56:59 下次操作: 2021-07-05 16:57:05

2021-07-05 16:57:05 开始第 16 次操作

2021-07-05 16:57:05 开始操作号码 【1329916】
2021-07-05 16:57:25 GSD getOne 第 1 次 等待 1 秒
2021-07-05 16:57:26 查询号码 【1329916】，返回信息 {"status":"bad","msg":""}
2021-07-05 16:57:26 查询号码 【1329916】，GSD为【""】
2021-07-05 16:57:26 bad
2021-07-05 16:57:28 CHB 1329916?1625475446 第 1 次 等待 1 秒
2021-07-05 16:57:29 CHB 1329916?1625475446 第 1 次 获取到号码【1329916】GSD
2021-07-05 16:57:29 获取到号码【1329916】的GSD为【陕西-西安】
2021-07-05 16:58:04 GSD insert 第 1 次 等待 1 秒
2021-07-05 16:58:05 {"status":"ok","msg":"添加成功！199293"}
2021-07-05 16:58:05 下次操作: 2021-07-05 16:58:19

2021-07-05 16:58:19 开始第 17 次操作

2021-07-05 16:58:19 开始操作号码 【1329915】
2021-07-05 16:58:26 GSD getOne 第 1 次 等待 1 秒
2021-07-05 16:58:27 查询号码 【1329915】，返回信息 {"status":"bad","msg":""}
2021-07-05 16:58:27 查询号码 【1329915】，GSD为【""】
2021-07-05 16:58:27 bad
2021-07-05 16:58:28 CHB 1329915?1625475507 第 1 次 等待 1 秒
2021-07-05 16:58:29 CHB 1329915?1625475507 第 1 次 获取到号码【1329915】GSD
2021-07-05 16:58:29 获取到号码【1329915】的GSD为【陕西-安康】
2021-07-05 16:58:50 GSD insert 第 1 次 等待 1 秒
2021-07-05 16:58:51 {"status":"ok","msg":"添加成功！199299"}
2021-07-05 16:58:51 下次操作: 2021-07-05 16:59:01

2021-07-05 16:59:01 开始第 18 次操作

2021-07-05 16:59:01 开始操作号码 【1329914】
2021-07-05 16:59:13 GSD getOne 第 1 次 等待 1 秒
2021-07-05 16:59:14 查询号码 【1329914】，返回信息 {"status":"bad","msg":""}
2021-07-05 16:59:14 查询号码 【1329914】，GSD为【""】
2021-07-05 16:59:14 bad
2021-07-05 16:59:15 CHB 1329914?1625475554 第 1 次 等待 1 秒
2021-07-05 16:59:16 CHB 1329914?1625475554 第 1 次 获取到号码【1329914】GSD
2021-07-05 16:59:16 获取到号码【1329914】的GSD为【陕西-商洛】
2021-07-05 16:59:36 GSD insert 第 1 次 等待 1 秒
2021-07-05 16:59:37 {"status":"ok","msg":"添加成功！199305"}
2021-07-05 16:59:37 下次操作: 2021-07-05 16:59:46

2021-07-05 16:59:46 开始第 19 次操作

2021-07-05 16:59:46 开始操作号码 【1329913】
2021-07-05 16:59:58 GSD getOne 第 1 次 等待 1 秒
2021-07-05 16:59:59 查询号码 【1329913】，返回信息 {"status":"bad","msg":""}
2021-07-05 16:59:59 查询号码 【1329913】，GSD为【""】
2021-07-05 16:59:59 bad
2021-07-05 17:00:00 CHB 1329913?1625475599 第 1 次 等待 1 秒
2021-07-05 17:00:01 CHB 1329913?1625475599 第 1 次 获取到号码【1329913】GSD
2021-07-05 17:00:01 获取到号码【1329913】的GSD为【陕西-西安】
2021-07-05 17:00:21 GSD insert 第 1 次 等待 1 秒
2021-07-05 17:00:22 {"status":"ok","msg":"添加成功！199310"}
2021-07-05 17:00:22 下次操作: 2021-07-05 17:00:34

2021-07-05 17:00:34 开始第 20 次操作

2021-07-05 17:00:34 开始操作号码 【1329912】
2021-07-05 17:00:46 GSD getOne 第 1 次 等待 1 秒
2021-07-05 17:00:47 查询号码 【1329912】，返回信息 {"status":"bad","msg":""}
2021-07-05 17:00:47 查询号码 【1329912】，GSD为【""】
2021-07-05 17:00:47 bad
2021-07-05 17:00:49 CHB 1329912?1625475647 第 1 次 等待 1 秒
2021-07-05 17:00:50 CHB 1329912?1625475647 第 1 次 获取到号码【1329912】GSD
2021-07-05 17:00:50 获取到号码【1329912】的GSD为【陕西-西安】
2021-07-05 17:01:09 GSD insert 第 1 次 等待 1 秒
2021-07-05 17:01:10 {"status":"ok","msg":"添加成功！199315"}
2021-07-05 17:01:10 下次操作: 2021-07-05 17:01:26

2021-07-05 17:01:26 开始第 21 次操作

2021-07-05 17:01:26 开始操作号码 【1329911】
2021-07-05 17:01:31 GSD getOne 第 1 次 等待 1 秒
2021-07-05 17:01:32 查询号码 【1329911】，返回信息 {"status":"bad","msg":""}
2021-07-05 17:01:33 查询号码 【1329911】，GSD为【""】
2021-07-05 17:01:33 bad
2021-07-05 17:01:34 CHB 1329911?1625475693 第 1 次 等待 1 秒
2021-07-05 17:01:35 CHB 1329911?1625475693 第 1 次 获取到号码【1329911】GSD
2021-07-05 17:01:35 获取到号码【1329911】的GSD为【陕西-西安】
2021-07-05 17:01:58 GSD insert 第 1 次 等待 1 秒
2021-07-05 17:01:59 {"status":"ok","msg":"添加成功！199323"}
2021-07-05 17:01:59 下次操作: 2021-07-05 17:02:13

2021-07-05 17:02:13 开始第 22 次操作

2021-07-05 17:02:13 开始操作号码 【1329910】
2021-07-05 17:02:20 GSD getOne 第 1 次 等待 1 秒
2021-07-05 17:02:21 查询号码 【1329910】，返回信息 {"status":"bad","msg":""}
2021-07-05 17:02:21 查询号码 【1329910】，GSD为【""】
2021-07-05 17:02:21 bad
2021-07-05 17:02:22 CHB 1329910?1625475741 第 1 次 等待 1 秒
2021-07-05 17:02:23 CHB 1329910?1625475741 第 1 次 获取到号码【1329910】GSD
2021-07-05 17:02:23 获取到号码【1329910】的GSD为【陕西-西安】
2021-07-05 17:02:42 GSD insert 第 1 次 等待 1 秒
2021-07-05 17:02:43 {"status":"ok","msg":"添加成功！199328"}
2021-07-05 17:02:43 下次操作: 2021-07-05 17:03:01

2021-07-05 17:03:01 开始第 23 次操作

2021-07-05 17:03:01 开始操作号码 【1329909】
2021-07-05 17:03:07 GSD getOne 第 1 次 等待 1 秒
2021-07-05 17:03:08 查询号码 【1329909】，返回信息 {"status":"bad","msg":""}
2021-07-05 17:03:08 查询号码 【1329909】，GSD为【""】
2021-07-05 17:03:08 bad
2021-07-05 17:03:09 CHB 1329909?1625475788 第 1 次 等待 1 秒
2021-07-05 17:03:10 CHB 1329909?1625475788 第 1 次 获取到号码【1329909】GSD
2021-07-05 17:03:10 获取到号码【1329909】的GSD为【陕西-西安】
2021-07-05 17:03:32 GSD insert 第 1 次 等待 1 秒
2021-07-05 17:03:33 {"status":"ok","msg":"添加成功！199333"}
2021-07-05 17:03:33 下次操作: 2021-07-05 17:03:45

2021-07-05 17:03:45 开始第 24 次操作

2021-07-05 17:03:45 开始操作号码 【1329908】
2021-07-05 17:04:20 GSD getOne 第 1 次 等待 1 秒
2021-07-05 17:04:21 查询号码 【1329908】，返回信息 {"status":"bad","msg":""}
2021-07-05 17:04:21 查询号码 【1329908】，GSD为【""】
2021-07-05 17:04:21 bad
2021-07-05 17:04:23 CHB 1329908?1625475861 第 1 次 等待 1 秒
2021-07-05 17:04:24 CHB 1329908?1625475861 第 1 次 获取到号码【1329908】GSD
2021-07-05 17:04:24 获取到号码【1329908】的GSD为【陕西-西安】
2021-07-05 17:04:43 GSD insert 第 1 次 等待 1 秒
2021-07-05 17:04:44 {"status":"ok","msg":"添加成功！199341"}
2021-07-05 17:04:44 下次操作: 2021-07-05 17:04:55

2021-07-05 17:04:55 开始第 25 次操作

2021-07-05 17:04:55 开始操作号码 【1329907】
2021-07-05 17:05:06 GSD getOne 第 1 次 等待 1 秒
2021-07-05 17:05:07 查询号码 【1329907】，返回信息 {"status":"bad","msg":""}
2021-07-05 17:05:07 查询号码 【1329907】，GSD为【""】
2021-07-05 17:05:07 bad
2021-07-05 17:05:08 CHB 1329907?1625475907 第 1 次 等待 1 秒
2021-07-05 17:05:09 CHB 1329907?1625475907 第 1 次 获取到号码【1329907】GSD
2021-07-05 17:05:09 获取到号码【1329907】的GSD为【陕西-西安】
2021-07-05 17:05:20 GSD insert 第 1 次 等待 1 秒
2021-07-05 17:05:21 {"status":"ok","msg":"添加成功！199345"}
2021-07-05 17:05:21 下次操作: 2021-07-05 17:05:34

2021-07-05 17:05:34 开始第 26 次操作

2021-07-05 17:05:34 开始操作号码 【1329906】
2021-07-05 17:05:49 GSD getOne 第 1 次 等待 1 秒
2021-07-05 17:05:50 查询号码 【1329906】，返回信息 {"status":"bad","msg":""}
2021-07-05 17:05:50 查询号码 【1329906】，GSD为【""】
2021-07-05 17:05:50 bad
2021-07-05 17:05:52 CHB 1329906?1625475950 第 1 次 等待 1 秒
2021-07-05 17:05:53 CHB 1329906?1625475950 第 1 次 获取到号码【1329906】GSD
2021-07-05 17:05:53 获取到号码【1329906】的GSD为【陕西-西安】
2021-07-05 17:05:59 GSD insert 第 1 次 等待 1 秒
2021-07-05 17:06:00 {"status":"ok","msg":"添加成功！199348"}
2021-07-05 17:06:00 下次操作: 2021-07-05 17:06:08

2021-07-05 17:06:08 开始第 27 次操作

2021-07-05 17:06:08 开始操作号码 【1329905】
2021-07-05 17:06:15 GSD getOne 第 1 次 等待 1 秒
2021-07-05 17:06:16 查询号码 【1329905】，返回信息 {"status":"bad","msg":""}
2021-07-05 17:06:16 查询号码 【1329905】，GSD为【""】
2021-07-05 17:06:16 bad
2021-07-05 17:06:17 CHB 1329905?1625475976 第 1 次 等待 1 秒
2021-07-05 17:06:18 CHB 1329905?1625475976 第 1 次 获取到号码【1329905】GSD
2021-07-05 17:06:19 获取到号码【1329905】的GSD为【陕西-西安】
2021-07-05 17:06:23 GSD insert 第 1 次 等待 1 秒
2021-07-05 17:06:24 {"status":"ok","msg":"添加成功！199350"}
2021-07-05 17:06:24 下次操作: 2021-07-05 17:06:36

2021-07-05 17:06:36 开始第 28 次操作

2021-07-05 17:06:36 开始操作号码 【1329904】
2021-07-05 17:06:42 GSD getOne 第 1 次 等待 1 秒
2021-07-05 17:06:43 查询号码 【1329904】，返回信息 {"status":"bad","msg":""}
2021-07-05 17:06:43 查询号码 【1329904】，GSD为【""】
2021-07-05 17:06:43 bad
2021-07-05 17:06:44 CHB 1329904?1625476003 第 1 次 等待 1 秒
2021-07-05 17:06:45 CHB 1329904?1625476003 第 1 次 获取到号码【1329904】GSD
2021-07-05 17:06:45 获取到号码【1329904】的GSD为【陕西-西安】
2021-07-05 17:06:49 GSD insert 第 1 次 等待 1 秒
2021-07-05 17:06:50 {"status":"ok","msg":"添加成功！199354"}
2021-07-05 17:06:50 下次操作: 2021-07-05 17:06:59

2021-07-05 17:06:59 开始第 29 次操作

2021-07-05 17:06:59 开始操作号码 【1329903】
2021-07-05 17:07:03 GSD getOne 第 1 次 等待 1 秒
2021-07-05 17:07:04 查询号码 【1329903】，返回信息 {"status":"bad","msg":""}
2021-07-05 17:07:04 查询号码 【1329903】，GSD为【""】
2021-07-05 17:07:04 bad
2021-07-05 17:07:05 CHB 1329903?1625476024 第 1 次 等待 1 秒
2021-07-05 17:07:06 CHB 1329903?1625476024 第 1 次 获取到号码【1329903】GSD
2021-07-05 17:07:06 获取到号码【1329903】的GSD为【陕西-西安】
2021-07-05 17:07:12 GSD insert 第 1 次 等待 1 秒
2021-07-05 17:07:13 {"status":"ok","msg":"添加成功！199356"}
2021-07-05 17:07:13 下次操作: 2021-07-05 17:07:31

2021-07-05 17:07:31 开始第 30 次操作

2021-07-05 17:07:31 开始操作号码 【1329902】
2021-07-05 17:07:35 GSD getOne 第 1 次 等待 1 秒
2021-07-05 17:07:36 查询号码 【1329902】，返回信息 {"status":"bad","msg":""}
2021-07-05 17:07:36 查询号码 【1329902】，GSD为【""】
2021-07-05 17:07:36 bad
2021-07-05 17:07:37 CHB 1329902?1625476056 第 1 次 等待 1 秒
2021-07-05 17:07:38 CHB 1329902?1625476056 第 1 次 获取到号码【1329902】GSD
2021-07-05 17:07:38 获取到号码【1329902】的GSD为【陕西-西安】
2021-07-05 17:07:42 GSD insert 第 1 次 等待 1 秒
2021-07-05 17:07:43 {"status":"ok","msg":"添加成功！199359"}

2021-07-05 17:46:58 开始第 1 次操作

2021-07-05 17:46:58 开始操作号码 【1329901】
2021-07-05 17:47:02 GSD getOne 第 1 次 等待 1 秒
2021-07-05 17:47:03 查询号码 【1329901】，返回信息 {"status":"bad","msg":""}
2021-07-05 17:47:03 查询号码 【1329901】，GSD为【""】
2021-07-05 17:47:03 bad
2021-07-05 17:47:05 CHB 1329901?1625478423 第 1 次 等待 1 秒
2021-07-05 17:47:06 CHB 1329901?1625478423 第 1 次 获取到号码【1329901】GSD
2021-07-05 17:47:06 获取到号码【1329901】的GSD为【陕西-西安】
2021-07-05 17:47:09 GSD insert 第 1 次 等待 1 秒
2021-07-05 17:47:10 {"status":"ok","msg":"添加成功！199451"}
2021-07-05 17:47:10 下次操作: 2021-07-05 17:47:23

2021-07-05 17:47:23 开始第 2 次操作

2021-07-05 17:47:23 开始操作号码 【1329900】
2021-07-05 17:47:27 GSD getOne 第 1 次 等待 1 秒
2021-07-05 17:47:28 查询号码 【1329900】，返回信息 {"status":"bad","msg":""}
2021-07-05 17:47:28 查询号码 【1329900】，GSD为【""】
2021-07-05 17:47:28 bad
2021-07-05 17:47:30 CHB 1329900?1625478448 第 1 次 等待 1 秒
2021-07-05 17:47:31 CHB 1329900?1625478448 第 1 次 获取到号码【1329900】GSD
2021-07-05 17:47:31 获取到号码【1329900】的GSD为【陕西-西安】
2021-07-05 17:47:37 GSD insert 第 1 次 等待 1 秒
2021-07-05 17:47:38 {"status":"ok","msg":"添加成功！199455"}
2021-07-05 17:47:38 下次操作: 2021-07-05 17:47:48

2021-07-05 17:47:48 开始第 3 次操作

2021-07-05 17:47:48 开始操作号码 【1329899】
2021-07-05 17:47:53 GSD getOne 第 1 次 等待 1 秒
2021-07-05 17:47:54 查询号码 【1329899】，返回信息 {"status":"ok","msg":"西藏-拉萨","time_insert":"2019-03-05 00:46","time_update":"2020-12-21 00:37"}
2021-07-05 17:47:54 查询号码 【1329899】，GSD为【"西藏-拉萨"】

2021-07-05 17:47:54 开始第 3 次操作

2021-07-05 17:47:54 开始操作号码 【1329898】
2021-07-05 17:47:58 GSD getOne 第 1 次 等待 1 秒
2021-07-05 17:47:59 查询号码 【1329898】，返回信息 {"status":"ok","msg":"西藏-拉萨","time_insert":"2018-07-01 13:44","time_update":"2020-12-21 01:47"}
2021-07-05 17:47:59 查询号码 【1329898】，GSD为【"西藏-拉萨"】

2021-07-05 17:47:59 开始第 3 次操作

2021-07-05 17:47:59 开始操作号码 【1329897】
2021-07-05 17:48:06 GSD getOne 第 1 次 等待 1 秒
2021-07-05 17:48:07 查询号码 【1329897】，返回信息 {"status":"ok","msg":"西藏-拉萨","time_insert":"2015-01-17 15:59","time_update":"2020-12-21 02:50"}
2021-07-05 17:48:07 查询号码 【1329897】，GSD为【"西藏-拉萨"】

2021-07-05 17:48:07 开始第 3 次操作

2021-07-05 17:48:07 开始操作号码 【1329896】
2021-07-05 17:48:17 GSD getOne 第 1 次 等待 1 秒
2021-07-05 17:48:18 查询号码 【1329896】，返回信息 {"status":"ok","msg":"西藏-那曲","time_insert":"2020-07-08 22:18","time_update":"2020-12-21 02:13"}
2021-07-05 17:48:18 查询号码 【1329896】，GSD为【"西藏-那曲"】

2021-07-05 17:48:18 开始第 3 次操作

2021-07-05 17:48:18 开始操作号码 【1329895】
2021-07-05 17:48:22 GSD getOne 第 1 次 等待 1 秒
2021-07-05 17:48:23 查询号码 【1329895】，返回信息 {"status":"bad","msg":""}
2021-07-05 17:48:23 查询号码 【1329895】，GSD为【""】
2021-07-05 17:48:23 bad
2021-07-05 17:48:25 CHB 1329895?1625478503 第 1 次 等待 1 秒
2021-07-05 17:48:26 CHB 1329895?1625478503 第 1 次 获取到号码【1329895】GSD
2021-07-05 17:48:26 获取到号码【1329895】的GSD为【西藏-拉萨】
2021-07-05 17:48:30 GSD insert 第 1 次 等待 1 秒
2021-07-05 17:48:31 {"status":"ok","msg":"添加成功！199468"}
2021-07-05 17:48:31 下次操作: 2021-07-05 17:48:45

2021-07-05 17:48:45 开始第 4 次操作

2021-07-05 17:48:45 开始操作号码 【1329894】
2021-07-05 17:48:50 GSD getOne 第 1 次 等待 1 秒
2021-07-05 17:48:51 查询号码 【1329894】，返回信息 {"status":"ok","msg":"西藏-林芝","time_insert":"2021-04-30 15:59"}
2021-07-05 17:48:51 查询号码 【1329894】，GSD为【"西藏-林芝"】

2021-07-05 17:48:51 开始第 4 次操作

2021-07-05 17:48:51 开始操作号码 【1329893】
2021-07-05 17:48:55 GSD getOne 第 1 次 等待 1 秒
2021-07-05 17:48:56 查询号码 【1329893】，返回信息 {"status":"bad","msg":""}
2021-07-05 17:48:56 查询号码 【1329893】，GSD为【""】
2021-07-05 17:48:56 bad
2021-07-05 17:48:57 CHB 1329893?1625478536 第 1 次 等待 1 秒
2021-07-05 17:48:58 CHB 1329893?1625478536 第 1 次 获取到号码【1329893】GSD
2021-07-05 17:48:58 获取到号码【1329893】的GSD为【西藏-山南】
2021-07-05 17:49:05 GSD insert 第 1 次 等待 1 秒
2021-07-05 17:49:06 {"status":"ok","msg":"添加成功！199478"}
2021-07-05 17:49:06 下次操作: 2021-07-05 17:49:14

2021-07-05 17:49:14 开始第 5 次操作

2021-07-05 17:49:14 开始操作号码 【1329892】
2021-07-05 17:49:17 GSD getOne 第 1 次 等待 1 秒
2021-07-05 17:49:18 查询号码 【1329892】，返回信息 {"status":"ok","msg":"西藏-日喀则","time_insert":"2018-05-08 12:37","time_update":"2020-12-21 02:38"}
2021-07-05 17:49:18 查询号码 【1329892】，GSD为【"西藏-日喀则"】

2021-07-05 17:49:18 开始第 5 次操作

2021-07-05 17:49:18 开始操作号码 【1329891】
2021-07-05 17:49:22 GSD getOne 第 1 次 等待 1 秒
2021-07-05 17:49:23 查询号码 【1329891】，返回信息 {"status":"ok","msg":"西藏-拉萨","time_insert":"2015-01-21 10:37","time_update":"2020-12-21 02:31"}
2021-07-05 17:49:23 查询号码 【1329891】，GSD为【"西藏-拉萨"】

2021-07-05 17:49:23 开始第 5 次操作

2021-07-05 17:49:23 开始操作号码 【1329890】
2021-07-05 17:49:27 GSD getOne 第 1 次 等待 1 秒
2021-07-05 17:49:28 查询号码 【1329890】，返回信息 {"status":"ok","msg":"西藏-拉萨","time_insert":"2019-02-01 08:57","time_update":"2020-12-21 02:26"}
2021-07-05 17:49:28 查询号码 【1329890】，GSD为【"西藏-拉萨"】

2021-07-05 17:49:28 开始第 5 次操作

2021-07-05 17:49:28 开始操作号码 【1329889】
2021-07-05 17:49:35 GSD getOne 第 1 次 等待 1 秒
2021-07-05 17:49:36 查询号码 【1329889】，返回信息 {"status":"bad","msg":""}
2021-07-05 17:49:36 查询号码 【1329889】，GSD为【""】
2021-07-05 17:49:36 bad
2021-07-05 17:49:37 CHB 1329889?1625478576 第 1 次 等待 1 秒
2021-07-05 17:49:38 CHB 1329889?1625478576 第 1 次 获取到号码【1329889】GSD
2021-07-05 17:49:38 获取到号码【1329889】的GSD为【吉林-四平】
2021-07-05 17:49:42 GSD insert 第 1 次 等待 1 秒
2021-07-05 17:49:43 {"status":"ok","msg":"添加成功！199488"}
2021-07-05 17:49:43 下次操作: 2021-07-05 17:49:51

2021-07-05 17:49:51 开始第 6 次操作

2021-07-05 17:49:51 开始操作号码 【1329888】
2021-07-05 17:49:55 GSD getOne 第 1 次 等待 1 秒
2021-07-05 17:49:56 查询号码 【1329888】，返回信息 {"status":"bad","msg":""}
2021-07-05 17:49:56 查询号码 【1329888】，GSD为【""】
2021-07-05 17:49:56 bad
2021-07-05 17:49:58 CHB 1329888?1625478596 第 1 次 等待 1 秒
2021-07-05 17:49:59 CHB 1329888?1625478596 第 1 次 获取到号码【1329888】GSD
2021-07-05 17:49:59 获取到号码【1329888】的GSD为【吉林-长春】
2021-07-05 17:50:03 GSD insert 第 1 次 等待 1 秒
2021-07-05 17:50:04 {"status":"ok","msg":"添加成功！199495"}
2021-07-05 17:50:04 下次操作: 2021-07-05 17:50:13

2021-07-05 17:50:13 开始第 7 次操作

2021-07-05 17:50:13 开始操作号码 【1329887】
2021-07-05 17:50:28 GSD getOne 第 1 次 等待 1 秒
2021-07-05 17:50:29 查询号码 【1329887】，返回信息 {"status":"bad","msg":""}
2021-07-05 17:50:29 查询号码 【1329887】，GSD为【""】
2021-07-05 17:50:29 bad
2021-07-05 17:50:31 CHB 1329887?1625478629 第 1 次 等待 1 秒
2021-07-05 17:50:32 CHB 1329887?1625478629 第 1 次 获取到号码【1329887】GSD
2021-07-05 17:50:32 获取到号码【1329887】的GSD为【吉林-辽源】
2021-07-05 17:50:36 GSD insert 第 1 次 等待 1 秒
2021-07-05 17:50:37 {"status":"ok","msg":"添加成功！199503"}
2021-07-05 17:50:37 下次操作: 2021-07-05 17:50:45

2021-07-05 17:50:45 开始第 8 次操作

2021-07-05 17:50:45 开始操作号码 【1329886】
2021-07-05 17:50:50 GSD getOne 第 1 次 等待 1 秒
2021-07-05 17:50:51 查询号码 【1329886】，返回信息 {"status":"bad","msg":""}
2021-07-05 17:50:51 查询号码 【1329886】，GSD为【""】
2021-07-05 17:50:51 bad
2021-07-05 17:50:53 CHB 1329886?1625478651 第 1 次 等待 1 秒
2021-07-05 17:50:54 CHB 1329886?1625478651 第 1 次 获取到号码【1329886】GSD
2021-07-05 17:50:54 获取到号码【1329886】的GSD为【吉林-通化】
2021-07-05 17:50:57 GSD insert 第 1 次 等待 1 秒
2021-07-05 17:50:58 {"status":"ok","msg":"添加成功！199507"}
2021-07-05 17:50:58 下次操作: 2021-07-05 17:51:05

2021-07-05 17:51:05 开始第 9 次操作

2021-07-05 17:51:05 开始操作号码 【1329885】
2021-07-05 17:51:10 GSD getOne 第 1 次 等待 1 秒
2021-07-05 17:51:11 查询号码 【1329885】，返回信息 {"status":"bad","msg":""}
2021-07-05 17:51:11 查询号码 【1329885】，GSD为【""】
2021-07-05 17:51:11 bad
2021-07-05 17:51:13 CHB 1329885?1625478671 第 1 次 等待 1 秒
2021-07-05 17:51:14 CHB 1329885?1625478671 第 1 次 获取到号码【1329885】GSD
2021-07-05 17:51:14 获取到号码【1329885】的GSD为【吉林-通化】
2021-07-05 17:51:19 GSD insert 第 1 次 等待 1 秒
2021-07-05 17:51:20 {"status":"ok","msg":"添加成功！199513"}
2021-07-05 17:51:20 下次操作: 2021-07-05 17:51:34

2021-07-05 17:51:34 开始第 10 次操作

2021-07-05 17:51:34 开始操作号码 【1329884】
2021-07-05 17:51:45 GSD getOne 第 1 次 等待 1 秒
2021-07-05 17:51:46 查询号码 【1329884】，返回信息 {"status":"bad","msg":""}
2021-07-05 17:51:47 查询号码 【1329884】，GSD为【""】
2021-07-05 17:51:47 bad
2021-07-05 17:51:48 CHB 1329884?1625478707 第 1 次 等待 1 秒
2021-07-05 17:51:49 CHB 1329884?1625478707 第 1 次 获取到号码【1329884】GSD
2021-07-05 17:51:49 获取到号码【1329884】的GSD为【吉林-通化】
2021-07-05 17:51:56 GSD insert 第 1 次 等待 1 秒
2021-07-05 17:51:57 {"status":"ok","msg":"添加成功！199521"}
2021-07-05 17:51:57 下次操作: 2021-07-05 17:52:15

2021-07-05 17:52:15 开始第 11 次操作

2021-07-05 17:52:15 开始操作号码 【1329883】
2021-07-05 17:52:19 GSD getOne 第 1 次 等待 1 秒
2021-07-05 17:52:20 查询号码 【1329883】，返回信息 {"status":"bad","msg":""}
2021-07-05 17:52:20 查询号码 【1329883】，GSD为【""】
2021-07-05 17:52:20 bad
2021-07-05 17:52:22 CHB 1329883?1625478740 第 1 次 等待 1 秒
2021-07-05 17:52:23 CHB 1329883?1625478740 第 1 次 获取到号码【1329883】GSD
2021-07-05 17:52:23 获取到号码【1329883】的GSD为【吉林-松原】
2021-07-05 17:52:27 GSD insert 第 1 次 等待 1 秒
2021-07-05 17:52:28 {"status":"ok","msg":"添加成功！199530"}
2021-07-05 17:52:28 下次操作: 2021-07-05 17:52:45

2021-07-05 17:52:45 开始第 12 次操作

2021-07-05 17:52:45 开始操作号码 【1329882】
2021-07-05 17:52:49 GSD getOne 第 1 次 等待 1 秒
2021-07-05 17:52:50 查询号码 【1329882】，返回信息 {"status":"bad","msg":""}
2021-07-05 17:52:50 查询号码 【1329882】，GSD为【""】
2021-07-05 17:52:50 bad
2021-07-05 17:52:51 CHB 1329882?1625478770 第 1 次 等待 1 秒
2021-07-05 17:52:52 CHB 1329882?1625478770 第 1 次 获取到号码【1329882】GSD
2021-07-05 17:52:52 获取到号码【1329882】的GSD为【吉林-松原】
2021-07-05 17:52:58 GSD insert 第 1 次 等待 1 秒
2021-07-05 17:52:59 {"status":"ok","msg":"添加成功！199540"}
2021-07-05 17:52:59 下次操作: 2021-07-05 17:53:05

2021-07-05 17:53:05 开始第 13 次操作

2021-07-05 17:53:05 开始操作号码 【1329881】
2021-07-05 17:53:13 GSD getOne 第 1 次 等待 1 秒
2021-07-05 17:53:14 查询号码 【1329881】，返回信息 {"status":"bad","msg":""}
2021-07-05 17:53:14 查询号码 【1329881】，GSD为【""】
2021-07-05 17:53:14 bad
2021-07-05 17:53:15 CHB 1329881?1625478794 第 1 次 等待 1 秒
2021-07-05 17:53:16 CHB 1329881?1625478794 第 1 次 获取到号码【1329881】GSD
2021-07-05 17:53:16 获取到号码【1329881】的GSD为【吉林-白山】
2021-07-05 17:53:20 GSD insert 第 1 次 等待 1 秒
2021-07-05 17:53:21 {"status":"ok","msg":"添加成功！199547"}
2021-07-05 17:53:21 下次操作: 2021-07-05 17:53:33

2021-07-05 17:53:33 开始第 14 次操作

2021-07-05 17:53:33 开始操作号码 【1329880】
2021-07-05 17:53:37 GSD getOne 第 1 次 等待 1 秒
2021-07-05 17:53:38 查询号码 【1329880】，返回信息 {"status":"bad","msg":""}
2021-07-05 17:53:38 查询号码 【1329880】，GSD为【""】
2021-07-05 17:53:38 bad
2021-07-05 17:53:39 CHB 1329880?1625478818 第 1 次 等待 1 秒
2021-07-05 17:53:40 CHB 1329880?1625478818 第 1 次 获取到号码【1329880】GSD
2021-07-05 17:53:40 获取到号码【1329880】的GSD为【吉林-延边】
2021-07-05 17:53:44 GSD insert 第 1 次 等待 1 秒
2021-07-05 17:53:45 {"status":"ok","msg":"添加成功！199552"}
2021-07-05 17:53:45 下次操作: 2021-07-05 17:54:03

2021-07-05 17:54:03 开始第 15 次操作

2021-07-05 17:54:03 开始操作号码 【1329879】
2021-07-05 17:54:07 GSD getOne 第 1 次 等待 1 秒
2021-07-05 17:54:08 查询号码 【1329879】，返回信息 {"status":"bad","msg":""}
2021-07-05 17:54:08 查询号码 【1329879】，GSD为【""】
2021-07-05 17:54:08 bad
2021-07-05 17:54:10 CHB 1329879?1625478848 第 1 次 等待 1 秒
2021-07-05 17:54:11 CHB 1329879?1625478848 第 1 次 获取到号码【1329879】GSD
2021-07-05 17:54:12 获取到号码【1329879】的GSD为【黑龙江-牡丹江】
2021-07-05 17:54:15 GSD insert 第 1 次 等待 1 秒
2021-07-05 17:54:16 {"status":"ok","msg":"添加成功！199560"}
2021-07-05 17:54:16 下次操作: 2021-07-05 17:54:27

2021-07-05 17:54:27 开始第 16 次操作

2021-07-05 17:54:27 开始操作号码 【1329878】
2021-07-05 17:54:31 GSD getOne 第 1 次 等待 1 秒
2021-07-05 17:54:32 查询号码 【1329878】，返回信息 {"status":"bad","msg":""}
2021-07-05 17:54:32 查询号码 【1329878】，GSD为【""】
2021-07-05 17:54:32 bad
2021-07-05 17:54:34 CHB 1329878?1625478872 第 1 次 等待 1 秒
2021-07-05 17:54:35 CHB 1329878?1625478872 第 1 次 获取到号码【1329878】GSD
2021-07-05 17:54:35 获取到号码【1329878】的GSD为【黑龙江-哈尔滨】
2021-07-05 17:54:39 GSD insert 第 1 次 等待 1 秒
2021-07-05 17:54:40 {"status":"ok","msg":"添加成功！199567"}
2021-07-05 17:54:40 下次操作: 2021-07-05 17:54:52

2021-07-05 17:54:52 开始第 17 次操作

2021-07-05 17:54:52 开始操作号码 【1329877】
2021-07-05 17:54:55 GSD getOne 第 1 次 等待 1 秒
2021-07-05 17:54:56 查询号码 【1329877】，返回信息 {"status":"bad","msg":""}
2021-07-05 17:54:56 查询号码 【1329877】，GSD为【""】
2021-07-05 17:54:56 bad
2021-07-05 17:54:58 CHB 1329877?1625478896 第 1 次 等待 1 秒
2021-07-05 17:54:59 CHB 1329877?1625478896 第 1 次 获取到号码【1329877】GSD
2021-07-05 17:54:59 获取到号码【1329877】的GSD为【黑龙江-大庆】
2021-07-05 17:55:03 GSD insert 第 1 次 等待 1 秒
2021-07-05 17:55:04 {"status":"ok","msg":"添加成功！199578"}
2021-07-05 17:55:04 下次操作: 2021-07-05 17:55:10

2021-07-05 17:55:10 开始第 18 次操作

2021-07-05 17:55:10 开始操作号码 【1329876】
2021-07-05 17:55:16 GSD getOne 第 1 次 等待 1 秒
2021-07-05 17:55:17 查询号码 【1329876】，返回信息 {"status":"bad","msg":""}
2021-07-05 17:55:17 查询号码 【1329876】，GSD为【""】
2021-07-05 17:55:17 bad
2021-07-05 17:55:19 CHB 1329876?1625478917 第 1 次 等待 1 秒
2021-07-05 17:55:20 CHB 1329876?1625478917 第 1 次 获取到号码【1329876】GSD
2021-07-05 17:55:20 获取到号码【1329876】的GSD为【黑龙江-佳木斯】
2021-07-05 17:55:24 GSD insert 第 1 次 等待 1 秒
2021-07-05 17:55:25 {"status":"ok","msg":"添加成功！199582"}
2021-07-05 17:55:25 下次操作: 2021-07-05 17:55:31

2021-07-05 17:55:31 开始第 19 次操作

2021-07-05 17:55:32 开始操作号码 【1329875】
2021-07-05 17:55:36 GSD getOne 第 1 次 等待 1 秒
2021-07-05 17:55:37 查询号码 【1329875】，返回信息 {"status":"bad","msg":""}
2021-07-05 17:55:37 查询号码 【1329875】，GSD为【""】
2021-07-05 17:55:37 bad
2021-07-05 17:55:39 CHB 1329875?1625478937 第 1 次 等待 1 秒
2021-07-05 17:55:40 CHB 1329875?1625478937 第 1 次 获取到号码【1329875】GSD
2021-07-05 17:55:40 获取到号码【1329875】的GSD为【黑龙江-绥化】
2021-07-05 17:55:44 GSD insert 第 1 次 等待 1 秒
2021-07-05 17:55:45 {"status":"ok","msg":"添加成功！199586"}
2021-07-05 17:55:45 下次操作: 2021-07-05 17:56:03

2021-07-05 17:56:03 开始第 20 次操作

2021-07-05 17:56:03 开始操作号码 【1329874】
2021-07-05 17:56:09 GSD getOne 第 1 次 等待 1 秒
2021-07-05 17:56:10 查询号码 【1329874】，返回信息 {"status":"bad","msg":""}
2021-07-05 17:56:10 查询号码 【1329874】，GSD为【""】
2021-07-05 17:56:10 bad
2021-07-05 17:56:12 CHB 1329874?1625478970 第 1 次 等待 1 秒
2021-07-05 17:56:13 CHB 1329874?1625478970 第 1 次 获取到号码【1329874】GSD
2021-07-05 17:56:13 获取到号码【1329874】的GSD为【黑龙江-牡丹江】
2021-07-05 17:56:17 GSD insert 第 1 次 等待 1 秒
2021-07-05 17:56:18 {"status":"ok","msg":"添加成功！199592"}
2021-07-05 17:56:18 下次操作: 2021-07-05 17:56:34

2021-07-05 17:56:34 开始第 21 次操作

2021-07-05 17:56:34 开始操作号码 【1329873】
2021-07-05 17:56:38 GSD getOne 第 1 次 等待 1 秒
2021-07-05 17:56:39 查询号码 【1329873】，返回信息 {"status":"bad","msg":""}
2021-07-05 17:56:39 查询号码 【1329873】，GSD为【""】
2021-07-05 17:56:39 bad
2021-07-05 17:56:40 CHB 1329873?1625478999 第 1 次 等待 1 秒
2021-07-05 17:56:41 CHB 1329873?1625478999 第 1 次 获取到号码【1329873】GSD
2021-07-05 17:56:41 获取到号码【1329873】的GSD为【黑龙江-佳木斯】
2021-07-05 17:56:52 GSD insert 第 1 次 等待 1 秒
2021-07-05 17:56:53 {"status":"ok","msg":"添加成功！199601"}
2021-07-05 17:56:53 下次操作: 2021-07-05 17:56:59

2021-07-05 17:56:59 开始第 22 次操作

2021-07-05 17:56:59 开始操作号码 【1329872】
2021-07-05 17:57:08 GSD getOne 第 1 次 等待 1 秒
2021-07-05 17:57:10 查询号码 【1329872】，返回信息 {"status":"bad","msg":""}
2021-07-05 17:57:10 查询号码 【1329872】，GSD为【""】
2021-07-05 17:57:10 bad
2021-07-05 17:57:11 CHB 1329872?1625479030 第 1 次 等待 1 秒
2021-07-05 17:57:12 CHB 1329872?1625479030 第 1 次 获取到号码【1329872】GSD
2021-07-05 17:57:12 获取到号码【1329872】的GSD为【黑龙江-齐齐哈尔】
2021-07-05 17:57:16 GSD insert 第 1 次 等待 1 秒
2021-07-05 17:57:17 {"status":"ok","msg":"添加成功！199602"}
2021-07-05 17:57:17 下次操作: 2021-07-05 17:57:23

2021-07-05 17:57:23 开始第 23 次操作

2021-07-05 17:57:23 开始操作号码 【1329871】
2021-07-05 17:57:27 GSD getOne 第 1 次 等待 1 秒
2021-07-05 17:57:28 查询号码 【1329871】，返回信息 {"status":"bad","msg":""}
2021-07-05 17:57:28 查询号码 【1329871】，GSD为【""】
2021-07-05 17:57:28 bad
2021-07-05 17:57:30 CHB 1329871?1625479048 第 1 次 等待 1 秒
2021-07-05 17:57:31 CHB 1329871?1625479048 第 1 次 获取到号码【1329871】GSD
2021-07-05 17:57:31 获取到号码【1329871】的GSD为【黑龙江-齐齐哈尔】
2021-07-05 17:57:36 GSD insert 第 1 次 等待 1 秒
2021-07-05 17:57:37 {"status":"ok","msg":"添加成功！199610"}
2021-07-05 17:57:37 下次操作: 2021-07-05 17:57:50

2021-07-05 17:57:50 开始第 24 次操作

2021-07-05 17:57:50 开始操作号码 【1329870】
2021-07-05 17:57:58 GSD getOne 第 1 次 等待 1 秒
2021-07-05 17:57:59 查询号码 【1329870】，返回信息 {"status":"bad","msg":""}
2021-07-05 17:57:59 查询号码 【1329870】，GSD为【""】
2021-07-05 17:57:59 bad
2021-07-05 17:58:00 CHB 1329870?1625479079 第 1 次 等待 1 秒
2021-07-05 17:58:01 CHB 1329870?1625479079 第 1 次 获取到号码【1329870】GSD
2021-07-05 17:58:02 获取到号码【1329870】的GSD为【黑龙江-哈尔滨】
2021-07-05 17:58:12 GSD insert 第 1 次 等待 1 秒
2021-07-05 17:58:13 {"status":"ok","msg":"添加成功！199618"}
2021-07-05 17:58:13 下次操作: 2021-07-05 17:58:22

2021-07-05 17:58:22 开始第 25 次操作

2021-07-05 17:58:22 开始操作号码 【1329869】
2021-07-05 17:58:26 GSD getOne 第 1 次 等待 1 秒
2021-07-05 17:58:27 查询号码 【1329869】，返回信息 {"status":"ok","msg":"湖南-长沙","time_insert":"2017-05-16 08:42","time_update":"2020-09-21 19:34"}
2021-07-05 17:58:27 查询号码 【1329869】，GSD为【"湖南-长沙"】

2021-07-05 17:58:27 开始第 25 次操作

2021-07-05 17:58:27 开始操作号码 【1329868】
2021-07-05 17:58:31 GSD getOne 第 1 次 等待 1 秒
2021-07-05 17:58:32 查询号码 【1329868】，返回信息 {"status":"bad","msg":""}
2021-07-05 17:58:32 查询号码 【1329868】，GSD为【""】
2021-07-05 17:58:32 bad
2021-07-05 17:58:33 CHB 1329868?1625479112 第 1 次 等待 1 秒
2021-07-05 17:58:34 CHB 1329868?1625479112 第 1 次 获取到号码【1329868】GSD
2021-07-05 17:58:34 获取到号码【1329868】的GSD为【湖南-长沙】
2021-07-05 17:58:38 GSD insert 第 1 次 等待 1 秒
2021-07-05 17:58:39 {"status":"ok","msg":"添加成功！199625"}
2021-07-05 17:58:39 下次操作: 2021-07-05 17:58:53

2021-07-05 17:58:53 开始第 26 次操作

2021-07-05 17:58:53 开始操作号码 【1329867】
2021-07-05 17:58:57 GSD getOne 第 1 次 等待 1 秒
2021-07-05 17:58:58 查询号码 【1329867】，返回信息 {"status":"ok","msg":"湖南-永州","time_insert":"2021-05-24 09:53","time_update":"2021-05-24 10:56"}
2021-07-05 17:58:58 查询号码 【1329867】，GSD为【"湖南-永州"】

2021-07-05 17:58:58 开始第 26 次操作

2021-07-05 17:58:58 开始操作号码 【1329866】
2021-07-05 17:59:04 GSD getOne 第 1 次 等待 1 秒
2021-07-05 17:59:05 查询号码 【1329866】，返回信息 {"status":"ok","msg":"湖南-怀化","time_insert":"2018-01-07 09:55","time_update":"2020-09-21 19:29"}
2021-07-05 17:59:05 查询号码 【1329866】，GSD为【"湖南-怀化"】

2021-07-05 17:59:05 开始第 26 次操作

2021-07-05 17:59:05 开始操作号码 【1329865】
2021-07-05 17:59:08 GSD getOne 第 1 次 等待 1 秒
2021-07-05 17:59:09 查询号码 【1329865】，返回信息 {"status":"bad","msg":""}
2021-07-05 17:59:10 查询号码 【1329865】，GSD为【""】
2021-07-05 17:59:10 bad
2021-07-05 17:59:11 CHB 1329865?1625479150 第 1 次 等待 1 秒
2021-07-05 17:59:12 CHB 1329865?1625479150 第 1 次 获取到号码【1329865】GSD
2021-07-05 17:59:12 获取到号码【1329865】的GSD为【湖南-长沙】
2021-07-05 17:59:23 GSD insert 第 1 次 等待 1 秒
2021-07-05 17:59:24 {"status":"ok","msg":"添加成功！199633"}
2021-07-05 17:59:24 下次操作: 2021-07-05 17:59:30

2021-07-05 17:59:30 开始第 27 次操作

2021-07-05 17:59:30 开始操作号码 【1329864】
2021-07-05 17:59:41 GSD getOne 第 1 次 等待 1 秒
2021-07-05 17:59:42 查询号码 【1329864】，返回信息 {"status":"bad","msg":""}
2021-07-05 17:59:42 查询号码 【1329864】，GSD为【""】
2021-07-05 17:59:42 bad
2021-07-05 17:59:47 CHB 1329864?1625479182 第 1 次 等待 1 秒
2021-07-05 17:59:48 CHB 1329864?1625479182 第 1 次 获取到号码【1329864】GSD
2021-07-05 17:59:48 获取到号码【1329864】的GSD为【湖南-邵阳】
2021-07-05 17:59:51 GSD insert 第 1 次 等待 1 秒
2021-07-05 17:59:52 {"status":"ok","msg":"添加成功！199639"}
2021-07-05 17:59:52 下次操作: 2021-07-05 17:59:58

2021-07-05 17:59:58 开始第 28 次操作

2021-07-05 17:59:58 开始操作号码 【1329863】
2021-07-05 18:00:02 GSD getOne 第 1 次 等待 1 秒
2021-07-05 18:00:03 查询号码 【1329863】，返回信息 {"status":"bad","msg":""}
2021-07-05 18:00:03 查询号码 【1329863】，GSD为【""】
2021-07-05 18:00:03 bad
2021-07-05 18:00:05 CHB 1329863?1625479203 第 1 次 等待 1 秒
2021-07-05 18:00:06 CHB 1329863?1625479203 第 1 次 获取到号码【1329863】GSD
2021-07-05 18:00:06 获取到号码【1329863】的GSD为【湖南-衡阳】
2021-07-05 18:00:10 GSD insert 第 1 次 等待 1 秒
2021-07-05 18:00:11 {"status":"ok","msg":"添加成功！199643"}
2021-07-05 18:00:11 下次操作: 2021-07-05 18:00:28

2021-07-05 18:00:28 开始第 29 次操作

2021-07-05 18:00:28 开始操作号码 【1329862】
2021-07-05 18:00:32 GSD getOne 第 1 次 等待 1 秒
2021-07-05 18:00:33 查询号码 【1329862】，返回信息 {"status":"bad","msg":""}
2021-07-05 18:00:33 查询号码 【1329862】，GSD为【""】
2021-07-05 18:00:33 bad
2021-07-05 18:00:34 CHB 1329862?1625479233 第 1 次 等待 1 秒
2021-07-05 18:00:35 CHB 1329862?1625479233 第 1 次 获取到号码【1329862】GSD
2021-07-05 18:00:36 获取到号码【1329862】的GSD为【湖南-益阳】
2021-07-05 18:00:39 GSD insert 第 1 次 等待 1 秒
2021-07-05 18:00:40 {"status":"ok","msg":"添加成功！199649"}
2021-07-05 18:00:40 下次操作: 2021-07-05 18:00:57

2021-07-05 18:00:57 开始第 30 次操作

2021-07-05 18:00:57 开始操作号码 【1329861】
2021-07-05 18:01:01 GSD getOne 第 1 次 等待 1 秒
2021-07-05 18:01:02 查询号码 【1329861】，返回信息 {"status":"bad","msg":""}
2021-07-05 18:01:02 查询号码 【1329861】，GSD为【""】
2021-07-05 18:01:02 bad
2021-07-05 18:01:04 CHB 1329861?1625479262 第 1 次 等待 1 秒
2021-07-05 18:01:05 CHB 1329861?1625479262 第 1 次 获取到号码【1329861】GSD
2021-07-05 18:01:05 获取到号码【1329861】的GSD为【湖南-常德】
2021-07-05 18:01:12 GSD insert 第 1 次 等待 1 秒
2021-07-05 18:01:13 {"status":"ok","msg":"添加成功！199654"}

