2024-09-29 00:22:09 开始第 6997 次操作

2024-09-29 00:22:09 开始操作号码 【1366996】
2024-09-29 00:22:14 GSD getOne 第 1 次 等待 3 秒
2024-09-29 00:22:17 查询号码 【1366996】，返回信息 {"status":"ok","msg":"新疆-乌鲁木齐","gid":"353365","time_insert":"2021-07-22 07:44"}
2024-09-29 00:22:17 查询号码 【1366996】，GSD为【"新疆-乌鲁木齐"】

2024-09-29 00:22:18 开始第 6998 次操作

2024-09-29 00:22:18 开始操作号码 【1366997】
2024-09-29 00:22:20 GSD getOne 第 1 次 等待 3 秒
2024-09-29 00:22:23 查询号码 【1366997】，返回信息 {"status":"ok","msg":"新疆-乌鲁木齐","gid":"353354","time_insert":"2021-07-22 07:43"}
2024-09-29 00:22:23 查询号码 【1366997】，GSD为【"新疆-乌鲁木齐"】

2024-09-29 00:22:24 开始第 6999 次操作

2024-09-29 00:22:24 开始操作号码 【1366998】
2024-09-29 00:22:26 GSD getOne 第 1 次 等待 3 秒
2024-09-29 00:22:29 查询号码 【1366998】，返回信息 {"status":"ok","msg":"新疆-乌鲁木齐","gid":"8670","time_insert":"2019-04-01 00:14","time_update":"2020-12-24 08:15"}
2024-09-29 00:22:29 查询号码 【1366998】，GSD为【"新疆-乌鲁木齐"】

2024-09-29 00:22:30 开始第 7000 次操作

2024-09-29 00:22:30 开始操作号码 【1366999】
2024-09-29 00:22:32 GSD getOne 第 1 次 等待 3 秒
2024-09-29 00:22:35 查询号码 【1366999】，返回信息 {"status":"ok","msg":"新疆-乌鲁木齐","gid":"8671","time_insert":"2013-11-29 09:32","time_update":"2020-12-24 08:09"}
2024-09-29 00:22:35 查询号码 【1366999】，GSD为【"新疆-乌鲁木齐"】

2024-09-29 00:42:16 开始第 7001 次操作

2024-09-29 00:42:16 开始操作号码 【1367000】
2024-09-29 00:42:19 GSD getOne 第 1 次 等待 3 秒
2024-09-29 00:42:22 查询号码 【1367000】，返回信息 {"status":"ok","msg":"广东-深圳","gid":"8672","time_insert":"2020-04-16 09:29","time_update":"2020-09-27 08:59"}
2024-09-29 00:42:22 查询号码 【1367000】，GSD为【"广东-深圳"】

2024-09-29 00:42:23 开始第 7002 次操作

2024-09-29 00:42:23 开始操作号码 【1367001】
2024-09-29 00:42:25 GSD getOne 第 1 次 等待 3 秒
2024-09-29 00:42:28 查询号码 【1367001】，返回信息 {"status":"ok","msg":"广东-深圳","gid":"353338","time_insert":"2021-07-22 07:41"}
2024-09-29 00:42:28 查询号码 【1367001】，GSD为【"广东-深圳"】

2024-09-29 00:42:29 开始第 7003 次操作

2024-09-29 00:42:29 开始操作号码 【1367002】
2024-09-29 00:42:32 GSD getOne 第 1 次 等待 3 秒
2024-09-29 00:42:35 查询号码 【1367002】，返回信息 {"status":"ok","msg":"广东-深圳","gid":"353324","time_insert":"2021-07-22 07:40"}
2024-09-29 00:42:35 查询号码 【1367002】，GSD为【"广东-深圳"】

2024-09-29 00:42:36 开始第 7004 次操作

2024-09-29 00:42:36 开始操作号码 【1367003】
2024-09-29 00:42:38 GSD getOne 第 1 次 等待 3 秒
2024-09-29 00:42:41 查询号码 【1367003】，返回信息 {"status":"ok","msg":"广东-深圳","gid":"353314","time_insert":"2021-07-22 07:39"}
2024-09-29 00:42:41 查询号码 【1367003】，GSD为【"广东-深圳"】

2024-09-29 01:15:04 开始第 7005 次操作

2024-09-29 01:15:04 开始操作号码 【1367004】
2024-09-29 01:15:06 GSD getOne 第 1 次 等待 3 秒
2024-09-29 01:15:09 查询号码 【1367004】，返回信息 {"status":"ok","msg":"广东-深圳","gid":"8673","time_insert":"2018-04-02 10:50","time_update":"2020-09-27 09:00"}
2024-09-29 01:15:09 查询号码 【1367004】，GSD为【"广东-深圳"】

2024-09-29 01:15:10 开始第 7006 次操作

2024-09-29 01:15:10 开始操作号码 【1367005】
2024-09-29 01:15:12 GSD getOne 第 1 次 等待 3 秒
2024-09-29 01:15:15 查询号码 【1367005】，返回信息 {"status":"ok","msg":"广东-深圳","gid":"353301","time_insert":"2021-07-22 07:38"}
2024-09-29 01:15:15 查询号码 【1367005】，GSD为【"广东-深圳"】

2024-09-29 01:15:16 开始第 7007 次操作

2024-09-29 01:15:16 开始操作号码 【1367006】
2024-09-29 01:15:18 GSD getOne 第 1 次 等待 3 秒
2024-09-29 01:15:21 查询号码 【1367006】，返回信息 {"status":"ok","msg":"广东-深圳","gid":"353295","time_insert":"2021-07-22 07:37"}
2024-09-29 01:15:21 查询号码 【1367006】，GSD为【"广东-深圳"】

2024-09-29 01:15:22 开始第 7008 次操作

2024-09-29 01:15:22 开始操作号码 【1367007】
2024-09-29 01:15:24 GSD getOne 第 1 次 等待 3 秒
2024-09-29 01:15:27 查询号码 【1367007】，返回信息 {"status":"ok","msg":"广东-深圳","gid":"353289","time_insert":"2021-07-22 07:36"}
2024-09-29 01:15:27 查询号码 【1367007】，GSD为【"广东-深圳"】

2024-09-29 01:37:02 开始第 7009 次操作

2024-09-29 01:37:02 开始操作号码 【1367008】
2024-09-29 01:37:05 GSD getOne 第 1 次 等待 3 秒
2024-09-29 01:37:08 查询号码 【1367008】，返回信息 {"status":"ok","msg":"广东-深圳","gid":"353285","time_insert":"2021-07-22 07:36"}
2024-09-29 01:37:08 查询号码 【1367008】，GSD为【"广东-深圳"】

2024-09-29 01:37:09 开始第 7010 次操作

2024-09-29 01:37:09 开始操作号码 【1367009】
2024-09-29 01:37:11 GSD getOne 第 1 次 等待 3 秒
2024-09-29 01:37:14 查询号码 【1367009】，返回信息 {"status":"ok","msg":"广东-深圳","gid":"8674","time_insert":"2018-08-31 14:40","time_update":"2020-09-27 09:04"}
2024-09-29 01:37:14 查询号码 【1367009】，GSD为【"广东-深圳"】

2024-09-29 01:37:15 开始第 7011 次操作

2024-09-29 01:37:15 开始操作号码 【1367010】
2024-09-29 01:37:17 GSD getOne 第 1 次 等待 3 秒
2024-09-29 01:37:20 查询号码 【1367010】，返回信息 {"status":"ok","msg":"广东-深圳","gid":"353280","time_insert":"2021-07-22 07:34"}
2024-09-29 01:37:20 查询号码 【1367010】，GSD为【"广东-深圳"】

2024-09-29 01:37:21 开始第 7012 次操作

2024-09-29 01:37:21 开始操作号码 【1367011】
2024-09-29 01:37:24 GSD getOne 第 1 次 等待 3 秒
2024-09-29 01:37:27 查询号码 【1367011】，返回信息 {"status":"ok","msg":"广东-深圳","gid":"353278","time_insert":"2021-07-22 07:34"}
2024-09-29 01:37:27 查询号码 【1367011】，GSD为【"广东-深圳"】

