2024-02-10 00:20:32 开始第 2809 次操作

2024-02-10 00:20:32 开始操作号码 【1692722】
2024-02-10 00:20:37 GSD getOne 第 1 次 等待 3 秒
2024-02-10 00:20:40 查询号码 【1692722】，返回信息 {"status":"ok","msg":"-","gid":"605838","time_insert":"2023-03-21 22:29"}
2024-02-10 00:20:40 查询号码 【1692722】，GSD为【"-"】
2024-02-10 00:20:40 ok && -
2024-02-10 00:20:42 CHB 1692722?1707495640 第 1 次 等待 3 秒
2024-02-10 00:20:46 CHB 1692722?1707495640 第 1 次 获取到号码【1692722】GSD
2024-02-10 00:20:46 未获取到号码【1692722】GSD，可能号码格式错误
2024-02-10 00:20:46 获取到号码【1692722】的GSD为【-】
2024-02-10 00:20:50 GSD insert 第 1 次 等待 3 秒
2024-02-10 00:20:53 {"status":"bad","gid":"605838","msg":"添加失败！号码【1692722(-|-)】已存在！"}
2024-02-10 00:20:53 随机等待 94 秒，约 1 分钟
2024-02-10 00:20:53 下次操作: 2024-02-10 00:22:27

2024-02-10 00:22:27 开始第 2810 次操作

2024-02-10 00:22:27 开始操作号码 【1692723】
2024-02-10 00:22:31 GSD getOne 第 1 次 等待 3 秒
2024-02-10 00:22:34 查询号码 【1692723】，返回信息 {"status":"ok","msg":"-","gid":"605862","time_insert":"2023-03-21 22:45"}
2024-02-10 00:22:34 查询号码 【1692723】，GSD为【"-"】
2024-02-10 00:22:34 ok && -
2024-02-10 00:22:37 CHB 1692723?1707495754 第 1 次 等待 3 秒
2024-02-10 00:22:40 CHB 1692723?1707495754 第 1 次 获取到号码【1692723】GSD
2024-02-10 00:22:40 未获取到号码【1692723】GSD，可能号码格式错误
2024-02-10 00:22:40 获取到号码【1692723】的GSD为【-】
2024-02-10 00:22:44 GSD insert 第 1 次 等待 3 秒
2024-02-10 00:22:47 {"status":"bad","gid":"605862","msg":"添加失败！号码【1692723(-|-)】已存在！"}
2024-02-10 00:22:47 随机等待 110 秒，约 1 分钟
2024-02-10 00:22:47 下次操作: 2024-02-10 00:24:37

2024-02-10 00:24:37 开始第 2811 次操作

2024-02-10 00:24:37 开始操作号码 【1692724】
2024-02-10 00:24:43 GSD getOne 第 1 次 等待 3 秒
2024-02-10 00:24:46 查询号码 【1692724】，返回信息 {"status":"ok","msg":"-","gid":"605894","time_insert":"2023-03-21 23:05"}
2024-02-10 00:24:46 查询号码 【1692724】，GSD为【"-"】
2024-02-10 00:24:46 ok && -
2024-02-10 00:24:49 CHB 1692724?1707495886 第 1 次 等待 3 秒
2024-02-10 00:24:52 CHB 1692724?1707495886 第 1 次 获取到号码【1692724】GSD
2024-02-10 00:24:52 未获取到号码【1692724】GSD，可能号码格式错误
2024-02-10 00:24:52 获取到号码【1692724】的GSD为【-】
2024-02-10 00:24:56 GSD insert 第 1 次 等待 3 秒
2024-02-10 00:24:59 {"status":"bad","gid":"605894","msg":"添加失败！号码【1692724(-|-)】已存在！"}
2024-02-10 00:24:59 随机等待 201 秒，约 3 分钟
2024-02-10 00:24:59 下次操作: 2024-02-10 00:28:20

2024-02-10 00:28:20 开始第 2812 次操作

2024-02-10 00:28:20 开始操作号码 【1692725】
2024-02-10 00:28:24 GSD getOne 第 1 次 等待 3 秒
2024-02-10 00:28:27 查询号码 【1692725】，返回信息 {"status":"ok","msg":"-","gid":"605915","time_insert":"2023-03-21 23:20"}
2024-02-10 00:28:27 查询号码 【1692725】，GSD为【"-"】
2024-02-10 00:28:27 ok && -
2024-02-10 00:28:31 CHB 1692725?1707496107 第 1 次 等待 3 秒
2024-02-10 00:28:34 CHB 1692725?1707496107 第 1 次 获取到号码【1692725】GSD
2024-02-10 00:28:34 未获取到号码【1692725】GSD，可能号码格式错误
2024-02-10 00:28:34 获取到号码【1692725】的GSD为【-】
2024-02-10 00:28:39 GSD insert 第 1 次 等待 3 秒
2024-02-10 00:28:42 {"status":"bad","gid":"605915","msg":"添加失败！号码【1692725(-|-)】已存在！"}

