2023-12-05 00:24:07 开始第 1425 次操作

2023-12-05 00:24:07 开始操作号码 【1801340】
2023-12-05 00:24:11 GSD getOne 第 1 次 等待 3 秒
2023-12-05 00:24:14 查询号码 【1801340】，返回信息 {"status":"ok","msg":"江苏-无锡","gid":"267662","time_insert":"2021-07-13 18:50"}
2023-12-05 00:24:14 查询号码 【1801340】，GSD为【"江苏-无锡"】

2023-12-05 00:24:15 开始第 1426 次操作

2023-12-05 00:24:15 开始操作号码 【1801341】
2023-12-05 00:24:19 GSD getOne 第 1 次 等待 3 秒
2023-12-05 00:24:22 查询号码 【1801341】，返回信息 {"status":"ok","msg":"江苏-无锡","gid":"267671","time_insert":"2021-07-13 18:51"}
2023-12-05 00:24:22 查询号码 【1801341】，GSD为【"江苏-无锡"】

2023-12-05 00:24:23 开始第 1427 次操作

2023-12-05 00:24:23 开始操作号码 【1801342】
2023-12-05 00:24:29 GSD getOne 第 1 次 等待 3 秒
2023-12-05 00:24:32 查询号码 【1801342】，返回信息 {"status":"ok","msg":"江苏-无锡","gid":"267676","time_insert":"2021-07-13 18:51"}
2023-12-05 00:24:32 查询号码 【1801342】，GSD为【"江苏-无锡"】

2023-12-05 00:24:33 开始第 1428 次操作

2023-12-05 00:24:33 开始操作号码 【1801343】
2023-12-05 00:24:37 GSD getOne 第 1 次 等待 3 秒
2023-12-05 00:24:40 查询号码 【1801343】，返回信息 {"status":"ok","msg":"江苏-镇江","gid":"267685","time_insert":"2021-07-13 18:52"}
2023-12-05 00:24:40 查询号码 【1801343】，GSD为【"江苏-镇江"】

