2024-04-22 00:21:08 开始第 4773 次操作

2024-04-22 00:21:08 开始操作号码 【1584686】
2024-04-22 00:21:14 GSD getOne 第 1 次 等待 3 秒
2024-04-22 00:21:17 查询号码 【1584686】，返回信息 {"status":"ok","msg":"黑龙江-黑河","gid":"341753","time_insert":"2021-07-21 01:18"}
2024-04-22 00:21:17 查询号码 【1584686】，GSD为【"黑龙江-黑河"】

2024-04-22 00:21:18 开始第 4774 次操作

2024-04-22 00:21:18 开始操作号码 【1584687】
2024-04-22 00:21:23 GSD getOne 第 1 次 等待 3 秒
2024-04-22 00:21:26 查询号码 【1584687】，返回信息 {"status":"ok","msg":"黑龙江-黑河","gid":"341853","time_insert":"2021-07-21 01:28"}
2024-04-22 00:21:26 查询号码 【1584687】，GSD为【"黑龙江-黑河"】

2024-04-22 00:21:27 开始第 4775 次操作

2024-04-22 00:21:27 开始操作号码 【1584688】
2024-04-22 00:21:36 GSD getOne 第 1 次 等待 3 秒
2024-04-22 00:21:39 查询号码 【1584688】，返回信息 {"status":"ok","msg":"黑龙江-鹤岗","gid":"341905","time_insert":"2021-07-21 01:39"}
2024-04-22 00:21:39 查询号码 【1584688】，GSD为【"黑龙江-鹤岗"】

2024-04-22 00:21:40 开始第 4776 次操作

2024-04-22 00:21:40 开始操作号码 【1584689】
2024-04-22 00:21:48 GSD getOne 第 1 次 等待 3 秒
2024-04-22 00:21:51 查询号码 【1584689】，返回信息 {"status":"ok","msg":"黑龙江-大庆","gid":"24986","time_insert":"2018-03-09 12:15","time_update":"2020-08-22 16:44"}
2024-04-22 00:21:51 查询号码 【1584689】，GSD为【"黑龙江-大庆"】

2024-04-22 00:38:19 开始第 4777 次操作

2024-04-22 00:38:19 开始操作号码 【1584690】
2024-04-22 00:38:30 GSD getOne 第 1 次 等待 3 秒
2024-04-22 00:38:33 查询号码 【1584690】，返回信息 {"status":"ok","msg":"黑龙江-大庆","gid":"341971","time_insert":"2021-07-21 01:48"}
2024-04-22 00:38:33 查询号码 【1584690】，GSD为【"黑龙江-大庆"】

2024-04-22 00:38:34 开始第 4778 次操作

2024-04-22 00:38:34 开始操作号码 【1584691】
2024-04-22 00:38:41 GSD getOne 第 1 次 等待 3 秒
2024-04-22 00:38:44 查询号码 【1584691】，返回信息 {"status":"ok","msg":"黑龙江-大庆","gid":"342079","time_insert":"2021-07-21 01:58"}
2024-04-22 00:38:45 查询号码 【1584691】，GSD为【"黑龙江-大庆"】

2024-04-22 00:38:46 开始第 4779 次操作

2024-04-22 00:38:46 开始操作号码 【1584692】
2024-04-22 00:38:52 GSD getOne 第 1 次 等待 3 秒
2024-04-22 00:38:55 查询号码 【1584692】，返回信息 {"status":"ok","msg":"黑龙江-大庆","gid":"342174","time_insert":"2021-07-21 02:08"}
2024-04-22 00:38:55 查询号码 【1584692】，GSD为【"黑龙江-大庆"】

2024-04-22 00:38:56 开始第 4780 次操作

2024-04-22 00:38:56 开始操作号码 【1584693】
2024-04-22 00:39:01 GSD getOne 第 1 次 等待 3 秒
2024-04-22 00:39:04 查询号码 【1584693】，返回信息 {"status":"ok","msg":"黑龙江-大庆","gid":"342194","time_insert":"2021-07-21 02:17"}
2024-04-22 00:39:04 查询号码 【1584693】，GSD为【"黑龙江-大庆"】

2024-04-22 01:16:03 开始第 4781 次操作

2024-04-22 01:16:03 开始操作号码 【1584694】
2024-04-22 01:16:11 GSD getOne 第 1 次 等待 3 秒
2024-04-22 01:16:14 查询号码 【1584694】，返回信息 {"status":"ok","msg":"黑龙江-大庆","gid":"342207","time_insert":"2021-07-21 02:26"}
2024-04-22 01:16:14 查询号码 【1584694】，GSD为【"黑龙江-大庆"】

2024-04-22 01:16:15 开始第 4782 次操作

2024-04-22 01:16:15 开始操作号码 【1584695】
2024-04-22 01:16:24 GSD getOne 第 1 次 等待 3 秒
2024-04-22 01:16:27 查询号码 【1584695】，返回信息 {"status":"ok","msg":"黑龙江-大庆","gid":"342224","time_insert":"2021-07-21 02:36"}
2024-04-22 01:16:27 查询号码 【1584695】，GSD为【"黑龙江-大庆"】

2024-04-22 01:16:28 开始第 4783 次操作

2024-04-22 01:16:28 开始操作号码 【1584696】
2024-04-22 01:16:33 GSD getOne 第 1 次 等待 3 秒
2024-04-22 01:16:36 查询号码 【1584696】，返回信息 {"status":"ok","msg":"黑龙江-大庆","gid":"342245","time_insert":"2021-07-21 02:45"}
2024-04-22 01:16:36 查询号码 【1584696】，GSD为【"黑龙江-大庆"】

2024-04-22 01:16:37 开始第 4784 次操作

2024-04-22 01:16:37 开始操作号码 【1584697】
2024-04-22 01:16:44 GSD getOne 第 1 次 等待 3 秒
2024-04-22 01:16:47 查询号码 【1584697】，返回信息 {"status":"ok","msg":"黑龙江-佳木斯","gid":"342323","time_insert":"2021-07-21 02:54"}
2024-04-22 01:16:47 查询号码 【1584697】，GSD为【"黑龙江-佳木斯"】

2024-04-22 01:37:42 开始第 4785 次操作

2024-04-22 01:37:42 开始操作号码 【1584698】
2024-04-22 01:37:51 GSD getOne 第 1 次 等待 3 秒
2024-04-22 01:37:54 查询号码 【1584698】，返回信息 {"status":"ok","msg":"黑龙江-佳木斯","gid":"342425","time_insert":"2021-07-21 03:04"}
2024-04-22 01:37:54 查询号码 【1584698】，GSD为【"黑龙江-佳木斯"】

2024-04-22 01:37:55 开始第 4786 次操作

2024-04-22 01:37:55 开始操作号码 【1584699】
2024-04-22 01:38:05 GSD getOne 第 1 次 等待 3 秒
2024-04-22 01:38:08 查询号码 【1584699】，返回信息 {"status":"ok","msg":"黑龙江-佳木斯","gid":"342515","time_insert":"2021-07-21 03:13"}
2024-04-22 01:38:08 查询号码 【1584699】，GSD为【"黑龙江-佳木斯"】

2024-04-22 01:38:09 开始第 4787 次操作

2024-04-22 01:38:10 开始操作号码 【1584700】
2024-04-22 01:38:16 GSD getOne 第 1 次 等待 3 秒
2024-04-22 01:38:19 查询号码 【1584700】，返回信息 {"status":"ok","msg":"内蒙古-海拉尔","gid":"342555","time_insert":"2021-07-21 03:22"}
2024-04-22 01:38:19 查询号码 【1584700】，GSD为【"内蒙古-海拉尔"】

2024-04-22 01:38:20 开始第 4788 次操作

2024-04-22 01:38:20 开始操作号码 【1584701】
2024-04-22 01:38:25 GSD getOne 第 1 次 等待 3 秒
2024-04-22 01:38:28 查询号码 【1584701】，返回信息 {"status":"ok","msg":"内蒙古-海拉尔","gid":"342592","time_insert":"2021-07-21 03:31"}
2024-04-22 01:38:28 查询号码 【1584701】，GSD为【"内蒙古-海拉尔"】

