2024-01-05 00:23:14 开始第 6885 次操作

2024-01-05 00:23:14 开始操作号码 【1806800】
2024-01-05 00:23:17 GSD getOne 第 1 次 等待 3 秒
2024-01-05 00:23:20 查询号码 【1806800】，返回信息 {"status":"ok","msg":"江苏-苏州","gid":"328760","time_insert":"2021-07-19 18:47"}
2024-01-05 00:23:20 查询号码 【1806800】，GSD为【"江苏-苏州"】

2024-01-05 00:23:21 开始第 6886 次操作

2024-01-05 00:23:21 开始操作号码 【1806801】
2024-01-05 00:23:24 GSD getOne 第 1 次 等待 3 秒
2024-01-05 00:23:27 查询号码 【1806801】，返回信息 {"status":"ok","msg":"江苏-苏州","gid":"328769","time_insert":"2021-07-19 18:48"}
2024-01-05 00:23:27 查询号码 【1806801】，GSD为【"江苏-苏州"】

2024-01-05 00:23:28 开始第 6887 次操作

2024-01-05 00:23:28 开始操作号码 【1806802】
2024-01-05 00:23:30 GSD getOne 第 1 次 等待 3 秒
2024-01-05 00:23:33 查询号码 【1806802】，返回信息 {"status":"ok","msg":"江苏-苏州","gid":"328777","time_insert":"2021-07-19 18:48"}
2024-01-05 00:23:33 查询号码 【1806802】，GSD为【"江苏-苏州"】

2024-01-05 00:23:34 开始第 6888 次操作

2024-01-05 00:23:34 开始操作号码 【1806803】
2024-01-05 00:23:42 GSD getOne 第 1 次 等待 3 秒
2024-01-05 00:23:45 查询号码 【1806803】，返回信息 {"status":"ok","msg":"江苏-苏州","gid":"328784","time_insert":"2021-07-19 18:49"}
2024-01-05 00:23:45 查询号码 【1806803】，GSD为【"江苏-苏州"】

2024-01-05 00:41:59 开始第 6889 次操作

2024-01-05 00:41:59 开始操作号码 【1806804】
2024-01-05 00:42:07 GSD getOne 第 1 次 等待 3 秒
2024-01-05 00:42:10 查询号码 【1806804】，返回信息 {"status":"ok","msg":"江苏-苏州","gid":"328793","time_insert":"2021-07-19 18:49"}
2024-01-05 00:42:10 查询号码 【1806804】，GSD为【"江苏-苏州"】

2024-01-05 00:42:11 开始第 6890 次操作

2024-01-05 00:42:11 开始操作号码 【1806805】
2024-01-05 00:42:13 GSD getOne 第 1 次 等待 3 秒
2024-01-05 00:42:16 查询号码 【1806805】，返回信息 {"status":"ok","msg":"江苏-苏州","gid":"328803","time_insert":"2021-07-19 18:50"}
2024-01-05 00:42:16 查询号码 【1806805】，GSD为【"江苏-苏州"】

2024-01-05 00:42:17 开始第 6891 次操作

2024-01-05 00:42:17 开始操作号码 【1806806】
2024-01-05 00:42:20 GSD getOne 第 1 次 等待 3 秒
2024-01-05 00:42:23 查询号码 【1806806】，返回信息 {"status":"ok","msg":"江苏-苏州","gid":"328811","time_insert":"2021-07-19 18:51"}
2024-01-05 00:42:23 查询号码 【1806806】，GSD为【"江苏-苏州"】

2024-01-05 00:42:24 开始第 6892 次操作

2024-01-05 00:42:24 开始操作号码 【1806807】
2024-01-05 00:42:29 GSD getOne 第 1 次 等待 3 秒
2024-01-05 00:42:32 查询号码 【1806807】，返回信息 {"status":"ok","msg":"江苏-苏州","gid":"328821","time_insert":"2021-07-19 18:51"}
2024-01-05 00:42:32 查询号码 【1806807】，GSD为【"江苏-苏州"】

2024-01-05 01:15:50 开始第 6893 次操作

2024-01-05 01:15:50 开始操作号码 【1806808】
2024-01-05 01:15:53 GSD getOne 第 1 次 等待 3 秒
2024-01-05 01:15:56 查询号码 【1806808】，返回信息 {"status":"ok","msg":"江苏-苏州","gid":"50048","time_insert":"2021-04-21 15:01"}
2024-01-05 01:15:56 查询号码 【1806808】，GSD为【"江苏-苏州"】

2024-01-05 01:15:57 开始第 6894 次操作

2024-01-05 01:15:57 开始操作号码 【1806809】
2024-01-05 01:16:01 GSD getOne 第 1 次 等待 3 秒
2024-01-05 01:16:04 查询号码 【1806809】，返回信息 {"status":"ok","msg":"江苏-苏州","gid":"328833","time_insert":"2021-07-19 18:52"}
2024-01-05 01:16:04 查询号码 【1806809】，GSD为【"江苏-苏州"】

2024-01-05 01:16:05 开始第 6895 次操作

2024-01-05 01:16:05 开始操作号码 【1806810】
2024-01-05 01:16:08 GSD getOne 第 1 次 等待 3 秒
2024-01-05 01:16:11 查询号码 【1806810】，返回信息 {"status":"ok","msg":"江苏-南通","gid":"328842","time_insert":"2021-07-19 18:53"}
2024-01-05 01:16:11 查询号码 【1806810】，GSD为【"江苏-南通"】

2024-01-05 01:16:12 开始第 6896 次操作

2024-01-05 01:16:12 开始操作号码 【1806811】
2024-01-05 01:16:15 GSD getOne 第 1 次 等待 3 秒
2024-01-05 01:16:18 查询号码 【1806811】，返回信息 {"status":"ok","msg":"江苏-南通","gid":"32360","time_insert":"2018-08-28 13:54","time_update":"2020-08-26 03:58"}
2024-01-05 01:16:18 查询号码 【1806811】，GSD为【"江苏-南通"】

