2023-11-02 00:22:38 开始第 6241 次操作

2023-11-02 00:22:38 开始操作号码 【1906155】
2023-11-02 00:22:41 GSD getOne 第 1 次 等待 3 秒
2023-11-02 00:22:44 查询号码 【1906155】，返回信息 {"status":"ok","msg":"河北-唐山","gid":"646845","time_insert":"2023-04-11 09:00","time_update":"2023-07-03 04:04"}
2023-11-02 00:22:44 查询号码 【1906155】，GSD为【"河北-唐山"】

2023-11-02 00:22:45 开始第 6242 次操作

2023-11-02 00:22:45 开始操作号码 【1906156】
2023-11-02 00:22:47 GSD getOne 第 1 次 等待 3 秒
2023-11-02 00:22:50 查询号码 【1906156】，返回信息 {"status":"ok","msg":"河北-廊坊","gid":"646864","time_insert":"2023-04-11 09:14","time_update":"2023-07-03 04:29"}
2023-11-02 00:22:51 查询号码 【1906156】，GSD为【"河北-廊坊"】

2023-11-02 00:22:52 开始第 6243 次操作

2023-11-02 00:22:52 开始操作号码 【1906157】
2023-11-02 00:22:54 GSD getOne 第 1 次 等待 3 秒
2023-11-02 00:22:57 查询号码 【1906157】，返回信息 {"status":"ok","msg":"河北-沧州","gid":"646884","time_insert":"2023-04-11 09:35","time_update":"2023-07-03 05:00"}
2023-11-02 00:22:57 查询号码 【1906157】，GSD为【"河北-沧州"】

2023-11-02 00:22:58 开始第 6244 次操作

2023-11-02 00:22:58 开始操作号码 【1906158】
2023-11-02 00:23:01 GSD getOne 第 1 次 等待 3 秒
2023-11-02 00:23:04 查询号码 【1906158】，返回信息 {"status":"ok","msg":"河北-衡水","gid":"646897","time_insert":"2023-04-11 09:50","time_update":"2023-07-03 05:23"}
2023-11-02 00:23:04 查询号码 【1906158】，GSD为【"河北-衡水"】

2023-11-02 00:40:49 开始第 6245 次操作

2023-11-02 00:40:49 开始操作号码 【1906159】
2023-11-02 00:40:53 GSD getOne 第 1 次 等待 3 秒
2023-11-02 00:40:56 查询号码 【1906159】，返回信息 {"status":"ok","msg":"河北-邢台","gid":"646925","time_insert":"2023-04-11 10:11","time_update":"2023-07-03 05:48"}
2023-11-02 00:40:56 查询号码 【1906159】，GSD为【"河北-邢台"】

2023-11-02 00:40:57 开始第 6246 次操作

2023-11-02 00:40:57 开始操作号码 【1906160】
2023-11-02 00:41:01 GSD getOne 第 1 次 等待 3 秒
2023-11-02 00:41:04 查询号码 【1906160】，返回信息 {"status":"ok","msg":"河北-邯郸","gid":"646951","time_insert":"2023-04-11 10:31","time_update":"2023-07-03 06:22"}
2023-11-02 00:41:04 查询号码 【1906160】，GSD为【"河北-邯郸"】

2023-11-02 00:41:05 开始第 6247 次操作

2023-11-02 00:41:05 开始操作号码 【1906161】
2023-11-02 00:41:08 GSD getOne 第 1 次 等待 3 秒
2023-11-02 00:41:11 查询号码 【1906161】，返回信息 {"status":"ok","msg":"河北-石家庄","gid":"646982","time_insert":"2023-04-11 10:51","time_update":"2023-07-03 06:42"}
2023-11-02 00:41:11 查询号码 【1906161】，GSD为【"河北-石家庄"】

2023-11-02 00:41:12 开始第 6248 次操作

2023-11-02 00:41:12 开始操作号码 【1906162】
2023-11-02 00:41:18 GSD getOne 第 1 次 等待 3 秒
2023-11-02 00:41:21 查询号码 【1906162】，返回信息 {"status":"ok","msg":"河北-保定","gid":"647013","time_insert":"2023-04-11 11:13","time_update":"2023-07-03 07:04"}
2023-11-02 00:41:21 查询号码 【1906162】，GSD为【"河北-保定"】

2023-11-02 01:15:15 开始第 6249 次操作

2023-11-02 01:15:15 开始操作号码 【1906163】
2023-11-02 01:15:18 GSD getOne 第 1 次 等待 3 秒
2023-11-02 01:15:21 查询号码 【1906163】，返回信息 {"status":"ok","msg":"河北-石家庄","gid":"647031","time_insert":"2023-04-11 11:22","time_update":"2023-07-03 07:29"}
2023-11-02 01:15:21 查询号码 【1906163】，GSD为【"河北-石家庄"】

2023-11-02 01:15:22 开始第 6250 次操作

2023-11-02 01:15:22 开始操作号码 【1906164】
2023-11-02 01:15:25 GSD getOne 第 1 次 等待 3 秒
2023-11-02 01:15:28 查询号码 【1906164】，返回信息 {"status":"ok","msg":"河北-石家庄","gid":"647047","time_insert":"2023-04-11 11:32","time_update":"2023-07-03 07:54"}
2023-11-02 01:15:28 查询号码 【1906164】，GSD为【"河北-石家庄"】

2023-11-02 01:15:29 开始第 6251 次操作

2023-11-02 01:15:29 开始操作号码 【1906165】
2023-11-02 01:15:32 GSD getOne 第 1 次 等待 3 秒
2023-11-02 01:15:35 查询号码 【1906165】，返回信息 {"status":"ok","msg":"河北-唐山","gid":"647084","time_insert":"2023-04-11 11:52","time_update":"2023-07-03 08:24"}
2023-11-02 01:15:35 查询号码 【1906165】，GSD为【"河北-唐山"】

2023-11-02 01:15:36 开始第 6252 次操作

2023-11-02 01:15:36 开始操作号码 【1906166】
2023-11-02 01:15:39 GSD getOne 第 1 次 等待 3 秒
2023-11-02 01:15:42 查询号码 【1906166】，返回信息 {"status":"ok","msg":"河北-廊坊","gid":"647112","time_insert":"2023-04-11 12:12","time_update":"2023-07-03 08:50"}
2023-11-02 01:15:42 查询号码 【1906166】，GSD为【"河北-廊坊"】

2023-11-02 01:37:57 开始第 6253 次操作

2023-11-02 01:37:57 开始操作号码 【1906167】
2023-11-02 01:38:00 GSD getOne 第 1 次 等待 3 秒
2023-11-02 01:38:03 查询号码 【1906167】，返回信息 {"status":"ok","msg":"河北-沧州","gid":"647131","time_insert":"2023-04-11 12:22","time_update":"2023-07-03 09:11"}
2023-11-02 01:38:03 查询号码 【1906167】，GSD为【"河北-沧州"】

2023-11-02 01:38:04 开始第 6254 次操作

2023-11-02 01:38:04 开始操作号码 【1906168】
2023-11-02 01:38:07 GSD getOne 第 1 次 等待 3 秒
2023-11-02 01:38:10 查询号码 【1906168】，返回信息 {"status":"ok","msg":"河北-衡水","gid":"647160","time_insert":"2023-04-11 12:42","time_update":"2023-07-03 09:32"}
2023-11-02 01:38:10 查询号码 【1906168】，GSD为【"河北-衡水"】

2023-11-02 01:38:11 开始第 6255 次操作

2023-11-02 01:38:11 开始操作号码 【1906169】
2023-11-02 01:38:14 GSD getOne 第 1 次 等待 3 秒
2023-11-02 01:38:17 查询号码 【1906169】，返回信息 {"status":"ok","msg":"河北-邢台","gid":"647176","time_insert":"2023-04-11 12:51","time_update":"2023-07-03 10:04"}
2023-11-02 01:38:17 查询号码 【1906169】，GSD为【"河北-邢台"】

2023-11-02 01:38:18 开始第 6256 次操作

2023-11-02 01:38:18 开始操作号码 【1906170】
2023-11-02 01:38:21 GSD getOne 第 1 次 等待 3 秒
2023-11-02 01:38:24 查询号码 【1906170】，返回信息 {"status":"ok","msg":"河北-邯郸","gid":"647207","time_insert":"2023-04-11 13:11","time_update":"2023-07-03 10:25"}
2023-11-02 01:38:24 查询号码 【1906170】，GSD为【"河北-邯郸"】

2023-11-02 02:22:03 开始第 6257 次操作

2023-11-02 02:22:03 开始操作号码 【1906171】
2023-11-02 02:22:06 GSD getOne 第 1 次 等待 3 秒
2023-11-02 02:22:09 查询号码 【1906171】，返回信息 {"status":"ok","msg":"河北-石家庄","gid":"647234","time_insert":"2023-04-11 13:28","time_update":"2023-07-03 10:46"}
2023-11-02 02:22:09 查询号码 【1906171】，GSD为【"河北-石家庄"】

2023-11-02 02:22:10 开始第 6258 次操作

2023-11-02 02:22:10 开始操作号码 【1906172】
2023-11-02 02:22:13 GSD getOne 第 1 次 等待 3 秒
2023-11-02 02:22:16 查询号码 【1906172】，返回信息 {"status":"ok","msg":"河北-保定","gid":"647276","time_insert":"2023-04-11 13:49","time_update":"2023-07-03 11:08"}
2023-11-02 02:22:16 查询号码 【1906172】，GSD为【"河北-保定"】

2023-11-02 02:22:17 开始第 6259 次操作

2023-11-02 02:22:17 开始操作号码 【1906173】
2023-11-02 02:22:20 GSD getOne 第 1 次 等待 3 秒
2023-11-02 02:22:23 查询号码 【1906173】，返回信息 {"status":"ok","msg":"河北-石家庄","gid":"647293","time_insert":"2023-04-11 13:59","time_update":"2023-07-03 11:42"}
2023-11-02 02:22:23 查询号码 【1906173】，GSD为【"河北-石家庄"】

2023-11-02 02:22:24 开始第 6260 次操作

2023-11-02 02:22:24 开始操作号码 【1906174】
2023-11-02 02:22:27 GSD getOne 第 1 次 等待 3 秒
2023-11-02 02:22:30 查询号码 【1906174】，返回信息 {"status":"ok","msg":"河北-石家庄","gid":"647311","time_insert":"2023-04-11 14:13","time_update":"2023-07-03 12:12"}
2023-11-02 02:22:30 查询号码 【1906174】，GSD为【"河北-石家庄"】

2023-11-02 02:38:36 开始第 6261 次操作

2023-11-02 02:38:36 开始操作号码 【1906175】
2023-11-02 02:38:39 GSD getOne 第 1 次 等待 3 秒
2023-11-02 02:38:42 查询号码 【1906175】，返回信息 {"status":"ok","msg":"河北-唐山","gid":"647330","time_insert":"2023-04-11 14:29","time_update":"2023-07-03 12:35"}
2023-11-02 02:38:42 查询号码 【1906175】，GSD为【"河北-唐山"】

2023-11-02 02:38:43 开始第 6262 次操作

2023-11-02 02:38:43 开始操作号码 【1906176】
2023-11-02 02:38:46 GSD getOne 第 1 次 等待 3 秒
2023-11-02 02:38:49 查询号码 【1906176】，返回信息 {"status":"ok","msg":"河北-廊坊","gid":"647362","time_insert":"2023-04-11 14:45","time_update":"2023-07-03 13:03"}
2023-11-02 02:38:49 查询号码 【1906176】，GSD为【"河北-廊坊"】

2023-11-02 02:38:50 开始第 6263 次操作

2023-11-02 02:38:50 开始操作号码 【1906177】
2023-11-02 02:38:53 GSD getOne 第 1 次 等待 3 秒
2023-11-02 02:38:56 查询号码 【1906177】，返回信息 {"status":"ok","msg":"河北-沧州","gid":"647377","time_insert":"2023-04-11 14:54","time_update":"2023-07-03 13:38"}
2023-11-02 02:38:56 查询号码 【1906177】，GSD为【"河北-沧州"】

2023-11-02 02:38:57 开始第 6264 次操作

2023-11-02 02:38:57 开始操作号码 【1906178】
2023-11-02 02:38:59 GSD getOne 第 1 次 等待 3 秒
2023-11-02 02:39:02 查询号码 【1906178】，返回信息 {"status":"ok","msg":"河北-衡水","gid":"647409","time_insert":"2023-04-11 15:17","time_update":"2023-07-03 14:00"}
2023-11-02 02:39:02 查询号码 【1906178】，GSD为【"河北-衡水"】

2023-11-02 03:13:21 开始第 6265 次操作

2023-11-02 03:13:21 开始操作号码 【1906179】
2023-11-02 03:13:24 GSD getOne 第 1 次 等待 3 秒
2023-11-02 03:13:27 查询号码 【1906179】，返回信息 {"status":"ok","msg":"河北-邢台","gid":"647435","time_insert":"2023-04-11 15:34","time_update":"2023-07-03 14:22"}
2023-11-02 03:13:28 查询号码 【1906179】，GSD为【"河北-邢台"】

2023-11-02 03:13:29 开始第 6266 次操作

2023-11-02 03:13:29 开始操作号码 【1906180】
2023-11-02 03:13:31 GSD getOne 第 1 次 等待 3 秒
2023-11-02 03:13:34 查询号码 【1906180】，返回信息 {"status":"ok","msg":"河北-邯郸","gid":"647457","time_insert":"2023-04-11 15:47","time_update":"2023-07-03 14:57"}
2023-11-02 03:13:35 查询号码 【1906180】，GSD为【"河北-邯郸"】

2023-11-02 03:13:36 开始第 6267 次操作

2023-11-02 03:13:36 开始操作号码 【1906181】
2023-11-02 03:13:38 GSD getOne 第 1 次 等待 3 秒
2023-11-02 03:13:41 查询号码 【1906181】，返回信息 {"status":"ok","msg":"河北-石家庄","gid":"647492","time_insert":"2023-04-11 16:10","time_update":"2023-07-03 15:26"}
2023-11-02 03:13:42 查询号码 【1906181】，GSD为【"河北-石家庄"】

2023-11-02 03:13:43 开始第 6268 次操作

2023-11-02 03:13:43 开始操作号码 【1906182】
2023-11-02 03:13:45 GSD getOne 第 1 次 等待 3 秒
2023-11-02 03:13:48 查询号码 【1906182】，返回信息 {"status":"ok","msg":"河北-保定","gid":"647513","time_insert":"2023-04-11 16:23","time_update":"2023-07-03 15:59"}
2023-11-02 03:13:48 查询号码 【1906182】，GSD为【"河北-保定"】

2023-11-02 03:37:53 开始第 6269 次操作

2023-11-02 03:37:53 开始操作号码 【1906183】
2023-11-02 03:37:56 GSD getOne 第 1 次 等待 3 秒
2023-11-02 03:37:59 查询号码 【1906183】，返回信息 {"status":"ok","msg":"河北-石家庄","gid":"647530","time_insert":"2023-04-11 16:34","time_update":"2023-07-03 16:22"}
2023-11-02 03:37:59 查询号码 【1906183】，GSD为【"河北-石家庄"】

2023-11-02 03:38:00 开始第 6270 次操作

2023-11-02 03:38:00 开始操作号码 【1906184】
2023-11-02 03:38:03 GSD getOne 第 1 次 等待 3 秒
2023-11-02 03:38:06 查询号码 【1906184】，返回信息 {"status":"ok","msg":"河北-石家庄","gid":"647545","time_insert":"2023-04-11 16:44","time_update":"2023-07-03 16:47"}
2023-11-02 03:38:06 查询号码 【1906184】，GSD为【"河北-石家庄"】

2023-11-02 03:38:07 开始第 6271 次操作

2023-11-02 03:38:07 开始操作号码 【1906185】
2023-11-02 03:38:10 GSD getOne 第 1 次 等待 3 秒
2023-11-02 03:38:13 查询号码 【1906185】，返回信息 {"status":"ok","msg":"河北-唐山","gid":"647561","time_insert":"2023-04-11 16:54","time_update":"2023-07-03 17:22"}
2023-11-02 03:38:13 查询号码 【1906185】，GSD为【"河北-唐山"】

2023-11-02 03:38:14 开始第 6272 次操作

2023-11-02 03:38:14 开始操作号码 【1906186】
2023-11-02 03:38:17 GSD getOne 第 1 次 等待 3 秒
2023-11-02 03:38:20 查询号码 【1906186】，返回信息 {"status":"ok","msg":"河北-廊坊","gid":"647578","time_insert":"2023-04-11 17:07","time_update":"2023-07-03 17:51"}
2023-11-02 03:38:20 查询号码 【1906186】，GSD为【"河北-廊坊"】

