2024-07-08 00:21:40 开始第 4757 次操作

2024-07-08 00:21:40 开始操作号码 【1474667】
2024-07-08 00:21:49 GSD getOne 第 1 次 等待 3 秒
2024-07-08 00:21:52 查询号码 【1474667】，返回信息 {"status":"ok","msg":"四川-成都","gid":"342806","time_insert":"2021-07-21 03:52"}
2024-07-08 00:21:52 查询号码 【1474667】，GSD为【"四川-成都"】

2024-07-08 00:21:53 开始第 4758 次操作

2024-07-08 00:21:53 开始操作号码 【1474668】
2024-07-08 00:22:01 GSD getOne 第 1 次 等待 3 秒
2024-07-08 00:22:04 查询号码 【1474668】，返回信息 {"status":"ok","msg":"四川-成都","gid":"342945","time_insert":"2021-07-21 04:06"}
2024-07-08 00:22:04 查询号码 【1474668】，GSD为【"四川-成都"】

2024-07-08 00:22:05 开始第 4759 次操作

2024-07-08 00:22:05 开始操作号码 【1474669】
2024-07-08 00:22:13 GSD getOne 第 1 次 等待 3 秒
2024-07-08 00:22:16 查询号码 【1474669】，返回信息 {"status":"ok","msg":"四川-成都","gid":"343003","time_insert":"2021-07-21 04:20"}
2024-07-08 00:22:16 查询号码 【1474669】，GSD为【"四川-成都"】

2024-07-08 00:22:17 开始第 4760 次操作

2024-07-08 00:22:17 开始操作号码 【1474670】
2024-07-08 00:22:25 GSD getOne 第 1 次 等待 3 秒
2024-07-08 00:22:28 查询号码 【1474670】，返回信息 {"status":"ok","msg":"四川-成都","gid":"343035","time_insert":"2021-07-21 04:33"}
2024-07-08 00:22:28 查询号码 【1474670】，GSD为【"四川-成都"】

