2023-11-13 00:20:12 开始第 8173 次操作

2023-11-13 00:20:12 开始操作号码 【1908087】
2023-11-13 00:20:15 GSD getOne 第 1 次 等待 3 秒
2023-11-13 00:20:18 查询号码 【1908087】，返回信息 {"status":"ok","msg":"-","gid":"633820","time_insert":"2023-04-04 11:05"}
2023-11-13 00:20:18 查询号码 【1908087】，GSD为【"-"】
2023-11-13 00:20:18 ok && -
2023-11-13 00:20:21 CHB 1908087?1699806018 第 1 次 等待 3 秒
2023-11-13 00:20:24 CHB 1908087?1699806018 第 1 次 获取到号码【1908087】GSD
2023-11-13 00:20:24 未获取到号码【1908087】GSD，可能号码格式错误
2023-11-13 00:20:24 获取到号码【1908087】的GSD为【-】
2023-11-13 00:20:27 GSD insert 第 1 次 等待 3 秒
2023-11-13 00:20:30 {"status":"bad","gid":"633820","msg":"添加失败！号码【1908087(-|-)】已存在！"}
2023-11-13 00:20:30 随机等待 226 秒，约 3 分钟
2023-11-13 00:20:30 下次操作: 2023-11-13 00:24:16

2023-11-13 00:24:16 开始第 8174 次操作

2023-11-13 00:24:16 开始操作号码 【1908088】
2023-11-13 00:24:19 GSD getOne 第 1 次 等待 3 秒
2023-11-13 00:24:22 查询号码 【1908088】，返回信息 {"status":"ok","msg":"-","gid":"633842","time_insert":"2023-04-04 11:21"}
2023-11-13 00:24:22 查询号码 【1908088】，GSD为【"-"】
2023-11-13 00:24:22 ok && -
2023-11-13 00:24:24 CHB 1908088?1699806262 第 1 次 等待 3 秒
2023-11-13 00:24:27 CHB 1908088?1699806262 第 1 次 获取到号码【1908088】GSD
2023-11-13 00:24:27 未获取到号码【1908088】GSD，可能号码格式错误
2023-11-13 00:24:27 获取到号码【1908088】的GSD为【-】
2023-11-13 00:24:33 GSD insert 第 1 次 等待 3 秒
2023-11-13 00:24:36 {"status":"bad","gid":"633842","msg":"添加失败！号码【1908088(-|-)】已存在！"}
2023-11-13 00:24:36 随机等待 86 秒，约 1 分钟
2023-11-13 00:24:36 下次操作: 2023-11-13 00:26:02

2023-11-13 00:26:02 开始第 8175 次操作

2023-11-13 00:26:02 开始操作号码 【1908089】
2023-11-13 00:26:11 GSD getOne 第 1 次 等待 3 秒
2023-11-13 00:26:14 查询号码 【1908089】，返回信息 {"status":"ok","msg":"-","gid":"633867","time_insert":"2023-04-04 11:37"}
2023-11-13 00:26:14 查询号码 【1908089】，GSD为【"-"】
2023-11-13 00:26:14 ok && -
2023-11-13 00:26:15 CHB 1908089?1699806374 第 1 次 等待 3 秒
2023-11-13 00:26:18 CHB 1908089?1699806374 第 1 次 获取到号码【1908089】GSD
2023-11-13 00:26:19 未获取到号码【1908089】GSD，可能号码格式错误
2023-11-13 00:26:19 获取到号码【1908089】的GSD为【-】
2023-11-13 00:26:23 GSD insert 第 1 次 等待 3 秒
2023-11-13 00:26:26 {"status":"bad","gid":"633867","msg":"添加失败！号码【1908089(-|-)】已存在！"}
2023-11-13 00:26:26 随机等待 135 秒，约 2 分钟
2023-11-13 00:26:26 下次操作: 2023-11-13 00:28:41

2023-11-13 00:28:41 开始第 8176 次操作

2023-11-13 00:28:41 开始操作号码 【1908090】
2023-11-13 00:28:44 GSD getOne 第 1 次 等待 3 秒
2023-11-13 00:28:47 查询号码 【1908090】，返回信息 {"status":"ok","msg":"-","gid":"633899","time_insert":"2023-04-04 11:57"}
2023-11-13 00:28:47 查询号码 【1908090】，GSD为【"-"】
2023-11-13 00:28:47 ok && -
2023-11-13 00:28:50 CHB 1908090?1699806527 第 1 次 等待 3 秒
2023-11-13 00:28:53 CHB 1908090?1699806527 第 1 次 获取到号码【1908090】GSD
2023-11-13 00:28:54 未获取到号码【1908090】GSD，可能号码格式错误
2023-11-13 00:28:54 获取到号码【1908090】的GSD为【-】
2023-11-13 00:28:57 GSD insert 第 1 次 等待 3 秒
2023-11-13 00:29:00 {"status":"bad","gid":"633899","msg":"添加失败！号码【1908090(-|-)】已存在！"}

2023-11-13 00:38:14 开始第 8177 次操作

2023-11-13 00:38:15 开始操作号码 【1908091】
2023-11-13 00:38:18 GSD getOne 第 1 次 等待 3 秒
2023-11-13 00:38:21 查询号码 【1908091】，返回信息 {"status":"ok","msg":"-","gid":"633922","time_insert":"2023-04-04 12:13"}
2023-11-13 00:38:21 查询号码 【1908091】，GSD为【"-"】
2023-11-13 00:38:21 ok && -
2023-11-13 00:38:24 CHB 1908091?1699807101 第 1 次 等待 3 秒
2023-11-13 00:38:27 CHB 1908091?1699807101 第 1 次 获取到号码【1908091】GSD
2023-11-13 00:38:27 未获取到号码【1908091】GSD，可能号码格式错误
2023-11-13 00:38:27 获取到号码【1908091】的GSD为【-】
2023-11-13 00:38:34 GSD insert 第 1 次 等待 3 秒
2023-11-13 00:38:37 {"status":"bad","gid":"633922","msg":"添加失败！号码【1908091(-|-)】已存在！"}
2023-11-13 00:38:37 随机等待 199 秒，约 3 分钟
2023-11-13 00:38:37 下次操作: 2023-11-13 00:41:56

2023-11-13 00:41:56 开始第 8178 次操作

2023-11-13 00:41:56 开始操作号码 【1908092】
2023-11-13 00:42:00 GSD getOne 第 1 次 等待 3 秒
2023-11-13 00:42:03 查询号码 【1908092】，返回信息 {"status":"ok","msg":"-","gid":"633945","time_insert":"2023-04-04 12:29"}
2023-11-13 00:42:03 查询号码 【1908092】，GSD为【"-"】
2023-11-13 00:42:03 ok && -
2023-11-13 00:42:10 CHB 1908092?1699807323 第 1 次 等待 3 秒
2023-11-13 00:42:13 CHB 1908092?1699807323 第 1 次 获取到号码【1908092】GSD
2023-11-13 00:42:13 未获取到号码【1908092】GSD，可能号码格式错误
2023-11-13 00:42:13 获取到号码【1908092】的GSD为【-】
2023-11-13 00:42:16 GSD insert 第 1 次 等待 3 秒
2023-11-13 00:42:19 {"status":"bad","gid":"633945","msg":"添加失败！号码【1908092(-|-)】已存在！"}
2023-11-13 00:42:19 随机等待 95 秒，约 1 分钟
2023-11-13 00:42:19 下次操作: 2023-11-13 00:43:54

2023-11-13 00:43:54 开始第 8179 次操作

2023-11-13 00:43:54 开始操作号码 【1908093】
2023-11-13 00:43:59 GSD getOne 第 1 次 等待 3 秒
2023-11-13 00:44:02 查询号码 【1908093】，返回信息 {"status":"ok","msg":"-","gid":"633975","time_insert":"2023-04-04 12:47"}
2023-11-13 00:44:02 查询号码 【1908093】，GSD为【"-"】
2023-11-13 00:44:02 ok && -
2023-11-13 00:44:05 CHB 1908093?1699807442 第 1 次 等待 3 秒
2023-11-13 00:44:08 CHB 1908093?1699807442 第 1 次 获取到号码【1908093】GSD
2023-11-13 00:44:08 未获取到号码【1908093】GSD，可能号码格式错误
2023-11-13 00:44:08 获取到号码【1908093】的GSD为【-】
2023-11-13 00:44:12 GSD insert 第 1 次 等待 3 秒
2023-11-13 00:44:15 {"status":"bad","gid":"633975","msg":"添加失败！号码【1908093(-|-)】已存在！"}
2023-11-13 00:44:15 随机等待 164 秒，约 2 分钟
2023-11-13 00:44:15 下次操作: 2023-11-13 00:46:59

2023-11-13 00:46:59 开始第 8180 次操作

2023-11-13 00:46:59 开始操作号码 【1908094】
2023-11-13 00:47:02 GSD getOne 第 1 次 等待 3 秒
2023-11-13 00:47:05 查询号码 【1908094】，返回信息 {"status":"ok","msg":"-","gid":"634007","time_insert":"2023-04-04 13:07"}
2023-11-13 00:47:06 查询号码 【1908094】，GSD为【"-"】
2023-11-13 00:47:06 ok && -
2023-11-13 00:47:09 CHB 1908094?1699807626 第 1 次 等待 3 秒
2023-11-13 00:47:12 CHB 1908094?1699807626 第 1 次 获取到号码【1908094】GSD
2023-11-13 00:47:12 未获取到号码【1908094】GSD，可能号码格式错误
2023-11-13 00:47:12 获取到号码【1908094】的GSD为【-】
2023-11-13 00:47:15 GSD insert 第 1 次 等待 3 秒
2023-11-13 00:47:18 {"status":"bad","gid":"634007","msg":"添加失败！号码【1908094(-|-)】已存在！"}

