2023-12-03 00:20:36 开始第 1073 次操作

2023-12-03 00:20:36 开始操作号码 【1800988】
2023-12-03 00:20:40 GSD getOne 第 1 次 等待 3 秒
2023-12-03 00:20:43 查询号码 【1800988】，返回信息 {"status":"ok","msg":"辽宁-葫芦岛","gid":"264545","time_insert":"2021-07-13 10:57"}
2023-12-03 00:20:43 查询号码 【1800988】，GSD为【"辽宁-葫芦岛"】

2023-12-03 00:20:44 开始第 1074 次操作

2023-12-03 00:20:44 开始操作号码 【1800989】
2023-12-03 00:20:47 GSD getOne 第 1 次 等待 3 秒
2023-12-03 00:20:50 查询号码 【1800989】，返回信息 {"status":"ok","msg":"辽宁-葫芦岛","gid":"264556","time_insert":"2021-07-13 10:58"}
2023-12-03 00:20:50 查询号码 【1800989】，GSD为【"辽宁-葫芦岛"】

2023-12-03 00:20:51 开始第 1075 次操作

2023-12-03 00:20:51 开始操作号码 【1800990】
2023-12-03 00:20:55 GSD getOne 第 1 次 等待 3 秒
2023-12-03 00:20:58 查询号码 【1800990】，返回信息 {"status":"ok","msg":"新疆-克拉玛依","gid":"264562","time_insert":"2021-07-13 10:58"}
2023-12-03 00:20:58 查询号码 【1800990】，GSD为【"新疆-克拉玛依"】

2023-12-03 00:20:59 开始第 1076 次操作

2023-12-03 00:20:59 开始操作号码 【1800991】
2023-12-03 00:21:03 GSD getOne 第 1 次 等待 3 秒
2023-12-03 00:21:06 查询号码 【1800991】，返回信息 {"status":"ok","msg":"新疆-乌鲁木齐","gid":"264571","time_insert":"2021-07-13 11:00"}
2023-12-03 00:21:06 查询号码 【1800991】，GSD为【"新疆-乌鲁木齐"】

2023-12-03 00:38:42 开始第 1077 次操作

2023-12-03 00:38:42 开始操作号码 【1800992】
2023-12-03 00:38:47 GSD getOne 第 1 次 等待 3 秒
2023-12-03 00:38:50 查询号码 【1800992】，返回信息 {"status":"ok","msg":"新疆-奎屯","gid":"31889","time_insert":"2019-07-20 18:10","time_update":"2020-12-22 12:23"}
2023-12-03 00:38:50 查询号码 【1800992】，GSD为【"新疆-奎屯"】

2023-12-03 00:38:51 开始第 1078 次操作

2023-12-03 00:38:51 开始操作号码 【1800993】
2023-12-03 00:38:56 GSD getOne 第 1 次 等待 3 秒
2023-12-03 00:38:59 查询号码 【1800993】，返回信息 {"status":"ok","msg":"新疆-石河子","gid":"264576","time_insert":"2021-07-13 11:01"}
2023-12-03 00:38:59 查询号码 【1800993】，GSD为【"新疆-石河子"】

2023-12-03 00:39:00 开始第 1079 次操作

2023-12-03 00:39:00 开始操作号码 【1800994】
2023-12-03 00:39:04 GSD getOne 第 1 次 等待 3 秒
2023-12-03 00:39:07 查询号码 【1800994】，返回信息 {"status":"ok","msg":"新疆-昌吉","gid":"264581","time_insert":"2021-07-13 11:01"}
2023-12-03 00:39:07 查询号码 【1800994】，GSD为【"新疆-昌吉"】

2023-12-03 00:39:08 开始第 1080 次操作

2023-12-03 00:39:08 开始操作号码 【1800995】
2023-12-03 00:39:13 GSD getOne 第 1 次 等待 3 秒
2023-12-03 00:39:16 查询号码 【1800995】，返回信息 {"status":"ok","msg":"新疆-吐鲁番","gid":"264586","time_insert":"2021-07-13 11:02"}
2023-12-03 00:39:16 查询号码 【1800995】，GSD为【"新疆-吐鲁番"】

2023-12-03 01:14:07 开始第 1081 次操作

2023-12-03 01:14:07 开始操作号码 【1800996】
2023-12-03 01:14:13 GSD getOne 第 1 次 等待 3 秒
2023-12-03 01:14:16 查询号码 【1800996】，返回信息 {"status":"ok","msg":"新疆-库尔勒","gid":"31890","time_insert":"2018-04-11 08:49","time_update":"2020-12-22 12:46"}
2023-12-03 01:14:16 查询号码 【1800996】，GSD为【"新疆-库尔勒"】

2023-12-03 01:14:17 开始第 1082 次操作

2023-12-03 01:14:17 开始操作号码 【1800997】
2023-12-03 01:14:21 GSD getOne 第 1 次 等待 3 秒
2023-12-03 01:14:24 查询号码 【1800997】，返回信息 {"status":"ok","msg":"新疆-阿克苏","gid":"264595","time_insert":"2021-07-13 11:03"}
2023-12-03 01:14:24 查询号码 【1800997】，GSD为【"新疆-阿克苏"】

2023-12-03 01:14:25 开始第 1083 次操作

2023-12-03 01:14:25 开始操作号码 【1800998】
2023-12-03 01:14:29 GSD getOne 第 1 次 等待 3 秒
2023-12-03 01:14:32 查询号码 【1800998】，返回信息 {"status":"ok","msg":"新疆-喀什","gid":"264600","time_insert":"2021-07-13 11:04"}
2023-12-03 01:14:32 查询号码 【1800998】，GSD为【"新疆-喀什"】

2023-12-03 01:14:33 开始第 1084 次操作

2023-12-03 01:14:33 开始操作号码 【1800999】
2023-12-03 01:14:36 GSD getOne 第 1 次 等待 3 秒
2023-12-03 01:14:39 查询号码 【1800999】，返回信息 {"status":"ok","msg":"新疆-伊犁","gid":"264609","time_insert":"2021-07-13 11:05"}
2023-12-03 01:14:39 查询号码 【1800999】，GSD为【"新疆-伊犁"】

2023-12-03 01:37:54 开始第 1085 次操作

2023-12-03 01:37:54 开始操作号码 【1801000】
2023-12-03 01:37:58 GSD getOne 第 1 次 等待 3 秒
2023-12-03 01:38:01 查询号码 【1801000】，返回信息 {"status":"ok","msg":"北京-北京","gid":"264613","time_insert":"2021-07-13 11:06"}
2023-12-03 01:38:01 查询号码 【1801000】，GSD为【"北京-北京"】

2023-12-03 01:38:02 开始第 1086 次操作

2023-12-03 01:38:02 开始操作号码 【1801001】
2023-12-03 01:38:06 GSD getOne 第 1 次 等待 3 秒
2023-12-03 01:38:09 查询号码 【1801001】，返回信息 {"status":"ok","msg":"北京-北京","gid":"264619","time_insert":"2021-07-13 11:07"}
2023-12-03 01:38:09 查询号码 【1801001】，GSD为【"北京-北京"】

2023-12-03 01:38:10 开始第 1087 次操作

2023-12-03 01:38:10 开始操作号码 【1801002】
2023-12-03 01:38:13 GSD getOne 第 1 次 等待 3 秒
2023-12-03 01:38:16 查询号码 【1801002】，返回信息 {"status":"ok","msg":"北京-北京","gid":"31891","time_insert":"2016-03-02 10:09","time_update":"2020-12-25 16:54"}
2023-12-03 01:38:16 查询号码 【1801002】，GSD为【"北京-北京"】

2023-12-03 01:38:17 开始第 1088 次操作

2023-12-03 01:38:17 开始操作号码 【1801003】
2023-12-03 01:38:21 GSD getOne 第 1 次 等待 3 秒
2023-12-03 01:38:24 查询号码 【1801003】，返回信息 {"status":"ok","msg":"北京-北京","gid":"264630","time_insert":"2021-07-13 11:08"}
2023-12-03 01:38:24 查询号码 【1801003】，GSD为【"北京-北京"】

2023-12-03 02:20:03 开始第 1089 次操作

2023-12-03 02:20:03 开始操作号码 【1801004】
2023-12-03 02:20:07 GSD getOne 第 1 次 等待 3 秒
2023-12-03 02:20:10 查询号码 【1801004】，返回信息 {"status":"ok","msg":"北京-北京","gid":"31892","time_insert":"2017-05-04 12:07","time_update":"2020-12-25 17:00"}
2023-12-03 02:20:10 查询号码 【1801004】，GSD为【"北京-北京"】

2023-12-03 02:20:11 开始第 1090 次操作

2023-12-03 02:20:11 开始操作号码 【1801005】
2023-12-03 02:20:15 GSD getOne 第 1 次 等待 3 秒
2023-12-03 02:20:18 查询号码 【1801005】，返回信息 {"status":"ok","msg":"北京-北京","gid":"264634","time_insert":"2021-07-13 11:09"}
2023-12-03 02:20:18 查询号码 【1801005】，GSD为【"北京-北京"】

2023-12-03 02:20:19 开始第 1091 次操作

2023-12-03 02:20:19 开始操作号码 【1801006】
2023-12-03 02:20:23 GSD getOne 第 1 次 等待 3 秒
2023-12-03 02:20:26 查询号码 【1801006】，返回信息 {"status":"ok","msg":"北京-北京","gid":"264636","time_insert":"2021-07-13 11:10"}
2023-12-03 02:20:26 查询号码 【1801006】，GSD为【"北京-北京"】

2023-12-03 02:20:27 开始第 1092 次操作

2023-12-03 02:20:27 开始操作号码 【1801007】
2023-12-03 02:20:30 GSD getOne 第 1 次 等待 3 秒
2023-12-03 02:20:33 查询号码 【1801007】，返回信息 {"status":"ok","msg":"北京-北京","gid":"264640","time_insert":"2021-07-13 11:11"}
2023-12-03 02:20:33 查询号码 【1801007】，GSD为【"北京-北京"】

2023-12-03 02:37:54 开始第 1093 次操作

2023-12-03 02:37:54 开始操作号码 【1801008】
2023-12-03 02:37:58 GSD getOne 第 1 次 等待 3 秒
2023-12-03 02:38:01 查询号码 【1801008】，返回信息 {"status":"ok","msg":"北京-北京","gid":"264642","time_insert":"2021-07-13 11:11"}
2023-12-03 02:38:01 查询号码 【1801008】，GSD为【"北京-北京"】

2023-12-03 02:38:02 开始第 1094 次操作

2023-12-03 02:38:02 开始操作号码 【1801009】
2023-12-03 02:38:06 GSD getOne 第 1 次 等待 3 秒
2023-12-03 02:38:09 查询号码 【1801009】，返回信息 {"status":"ok","msg":"北京-北京","gid":"264745","time_insert":"2021-07-13 11:45"}
2023-12-03 02:38:09 查询号码 【1801009】，GSD为【"北京-北京"】

2023-12-03 02:38:10 开始第 1095 次操作

2023-12-03 02:38:10 开始操作号码 【1801010】
2023-12-03 02:38:13 GSD getOne 第 1 次 等待 3 秒
2023-12-03 02:38:16 查询号码 【1801010】，返回信息 {"status":"ok","msg":"北京-北京","gid":"264750","time_insert":"2021-07-13 11:45"}
2023-12-03 02:38:16 查询号码 【1801010】，GSD为【"北京-北京"】

2023-12-03 02:38:17 开始第 1096 次操作

2023-12-03 02:38:17 开始操作号码 【1801011】
2023-12-03 02:38:20 GSD getOne 第 1 次 等待 3 秒
2023-12-03 02:38:23 查询号码 【1801011】，返回信息 {"status":"ok","msg":"北京-北京","gid":"264759","time_insert":"2021-07-13 11:46"}
2023-12-03 02:38:23 查询号码 【1801011】，GSD为【"北京-北京"】

2023-12-03 03:13:42 开始第 1097 次操作

2023-12-03 03:13:42 开始操作号码 【1801012】
2023-12-03 03:13:47 GSD getOne 第 1 次 等待 3 秒
2023-12-03 03:13:50 查询号码 【1801012】，返回信息 {"status":"ok","msg":"北京-北京","gid":"264766","time_insert":"2021-07-13 11:46"}
2023-12-03 03:13:50 查询号码 【1801012】，GSD为【"北京-北京"】

2023-12-03 03:13:51 开始第 1098 次操作

2023-12-03 03:13:51 开始操作号码 【1801013】
2023-12-03 03:13:54 GSD getOne 第 1 次 等待 3 秒
2023-12-03 03:13:57 查询号码 【1801013】，返回信息 {"status":"ok","msg":"北京-北京","gid":"264778","time_insert":"2021-07-13 11:47"}
2023-12-03 03:13:57 查询号码 【1801013】，GSD为【"北京-北京"】

2023-12-03 03:13:58 开始第 1099 次操作

2023-12-03 03:13:58 开始操作号码 【1801014】
2023-12-03 03:14:02 GSD getOne 第 1 次 等待 3 秒
2023-12-03 03:14:05 查询号码 【1801014】，返回信息 {"status":"ok","msg":"北京-北京","gid":"264786","time_insert":"2021-07-13 11:47"}
2023-12-03 03:14:05 查询号码 【1801014】，GSD为【"北京-北京"】

2023-12-03 03:14:06 开始第 1100 次操作

2023-12-03 03:14:06 开始操作号码 【1801015】
2023-12-03 03:14:10 GSD getOne 第 1 次 等待 3 秒
2023-12-03 03:14:13 查询号码 【1801015】，返回信息 {"status":"ok","msg":"北京-北京","gid":"264793","time_insert":"2021-07-13 11:48"}
2023-12-03 03:14:13 查询号码 【1801015】，GSD为【"北京-北京"】

2023-12-03 03:37:45 开始第 1101 次操作

2023-12-03 03:37:45 开始操作号码 【1801016】
2023-12-03 03:37:50 GSD getOne 第 1 次 等待 3 秒
2023-12-03 03:37:53 查询号码 【1801016】，返回信息 {"status":"ok","msg":"北京-北京","gid":"264803","time_insert":"2021-07-13 11:48"}
2023-12-03 03:37:53 查询号码 【1801016】，GSD为【"北京-北京"】

2023-12-03 03:37:54 开始第 1102 次操作

2023-12-03 03:37:54 开始操作号码 【1801017】
2023-12-03 03:37:58 GSD getOne 第 1 次 等待 3 秒
2023-12-03 03:38:01 查询号码 【1801017】，返回信息 {"status":"ok","msg":"北京-北京","gid":"264812","time_insert":"2021-07-13 11:48"}
2023-12-03 03:38:01 查询号码 【1801017】，GSD为【"北京-北京"】

2023-12-03 03:38:02 开始第 1103 次操作

2023-12-03 03:38:02 开始操作号码 【1801018】
2023-12-03 03:38:06 GSD getOne 第 1 次 等待 3 秒
2023-12-03 03:38:09 查询号码 【1801018】，返回信息 {"status":"ok","msg":"北京-北京","gid":"264822","time_insert":"2021-07-13 11:49"}
2023-12-03 03:38:09 查询号码 【1801018】，GSD为【"北京-北京"】

2023-12-03 03:38:10 开始第 1104 次操作

2023-12-03 03:38:10 开始操作号码 【1801019】
2023-12-03 03:38:13 GSD getOne 第 1 次 等待 3 秒
2023-12-03 03:38:16 查询号码 【1801019】，返回信息 {"status":"ok","msg":"北京-北京","gid":"264829","time_insert":"2021-07-13 11:49"}
2023-12-03 03:38:16 查询号码 【1801019】，GSD为【"北京-北京"】

2023-12-03 04:16:47 开始第 1105 次操作

2023-12-03 04:16:47 开始操作号码 【1801020】
2023-12-03 04:16:50 GSD getOne 第 1 次 等待 3 秒
2023-12-03 04:16:53 查询号码 【1801020】，返回信息 {"status":"ok","msg":"北京-北京","gid":"264836","time_insert":"2021-07-13 11:49"}
2023-12-03 04:16:53 查询号码 【1801020】，GSD为【"北京-北京"】

2023-12-03 04:16:54 开始第 1106 次操作

2023-12-03 04:16:54 开始操作号码 【1801021】
2023-12-03 04:16:59 GSD getOne 第 1 次 等待 3 秒
2023-12-03 04:17:02 查询号码 【1801021】，返回信息 {"status":"ok","msg":"北京-北京","gid":"264847","time_insert":"2021-07-13 11:50"}
2023-12-03 04:17:02 查询号码 【1801021】，GSD为【"北京-北京"】

2023-12-03 04:17:03 开始第 1107 次操作

2023-12-03 04:17:03 开始操作号码 【1801022】
2023-12-03 04:17:06 GSD getOne 第 1 次 等待 3 秒
2023-12-03 04:17:09 查询号码 【1801022】，返回信息 {"status":"ok","msg":"北京-北京","gid":"264853","time_insert":"2021-07-13 11:50"}
2023-12-03 04:17:09 查询号码 【1801022】，GSD为【"北京-北京"】

2023-12-03 04:17:10 开始第 1108 次操作

2023-12-03 04:17:10 开始操作号码 【1801023】
2023-12-03 04:17:13 GSD getOne 第 1 次 等待 3 秒
2023-12-03 04:17:16 查询号码 【1801023】，返回信息 {"status":"ok","msg":"北京-北京","gid":"264862","time_insert":"2021-07-13 11:51"}
2023-12-03 04:17:16 查询号码 【1801023】，GSD为【"北京-北京"】

2023-12-03 04:37:50 开始第 1109 次操作

2023-12-03 04:37:50 开始操作号码 【1801024】
2023-12-03 04:37:54 GSD getOne 第 1 次 等待 3 秒
2023-12-03 04:37:57 查询号码 【1801024】，返回信息 {"status":"ok","msg":"北京-北京","gid":"264869","time_insert":"2021-07-13 11:51"}
2023-12-03 04:37:57 查询号码 【1801024】，GSD为【"北京-北京"】

2023-12-03 04:37:59 开始第 1110 次操作

2023-12-03 04:37:59 开始操作号码 【1801025】
2023-12-03 04:38:02 GSD getOne 第 1 次 等待 3 秒
2023-12-03 04:38:05 查询号码 【1801025】，返回信息 {"status":"ok","msg":"北京-北京","gid":"264878","time_insert":"2021-07-13 11:51"}
2023-12-03 04:38:05 查询号码 【1801025】，GSD为【"北京-北京"】

2023-12-03 04:38:06 开始第 1111 次操作

2023-12-03 04:38:06 开始操作号码 【1801026】
2023-12-03 04:38:09 GSD getOne 第 1 次 等待 3 秒
2023-12-03 04:38:12 查询号码 【1801026】，返回信息 {"status":"ok","msg":"北京-北京","gid":"264885","time_insert":"2021-07-13 11:52"}
2023-12-03 04:38:12 查询号码 【1801026】，GSD为【"北京-北京"】

2023-12-03 04:38:13 开始第 1112 次操作

2023-12-03 04:38:13 开始操作号码 【1801027】
2023-12-03 04:38:16 GSD getOne 第 1 次 等待 3 秒
2023-12-03 04:38:19 查询号码 【1801027】，返回信息 {"status":"ok","msg":"北京-北京","gid":"264892","time_insert":"2021-07-13 11:52"}
2023-12-03 04:38:19 查询号码 【1801027】，GSD为【"北京-北京"】

2023-12-03 05:14:01 开始第 1113 次操作

2023-12-03 05:14:01 开始操作号码 【1801028】
2023-12-03 05:14:04 GSD getOne 第 1 次 等待 3 秒
2023-12-03 05:14:07 查询号码 【1801028】，返回信息 {"status":"ok","msg":"北京-北京","gid":"264900","time_insert":"2021-07-13 11:53"}
2023-12-03 05:14:07 查询号码 【1801028】，GSD为【"北京-北京"】

2023-12-03 05:14:08 开始第 1114 次操作

2023-12-03 05:14:08 开始操作号码 【1801029】
2023-12-03 05:14:12 GSD getOne 第 1 次 等待 3 秒
2023-12-03 05:14:15 查询号码 【1801029】，返回信息 {"status":"ok","msg":"北京-北京","gid":"264912","time_insert":"2021-07-13 11:53"}
2023-12-03 05:14:15 查询号码 【1801029】，GSD为【"北京-北京"】

2023-12-03 05:14:16 开始第 1115 次操作

2023-12-03 05:14:16 开始操作号码 【1801030】
2023-12-03 05:14:20 GSD getOne 第 1 次 等待 3 秒
2023-12-03 05:14:23 查询号码 【1801030】，返回信息 {"status":"ok","msg":"北京-北京","gid":"264919","time_insert":"2021-07-13 11:53"}
2023-12-03 05:14:23 查询号码 【1801030】，GSD为【"北京-北京"】

2023-12-03 05:14:24 开始第 1116 次操作

2023-12-03 05:14:24 开始操作号码 【1801031】
2023-12-03 05:14:27 GSD getOne 第 1 次 等待 3 秒
2023-12-03 05:14:30 查询号码 【1801031】，返回信息 {"status":"ok","msg":"北京-北京","gid":"264928","time_insert":"2021-07-13 11:54"}
2023-12-03 05:14:30 查询号码 【1801031】，GSD为【"北京-北京"】

2023-12-03 05:38:01 开始第 1117 次操作

2023-12-03 05:38:01 开始操作号码 【1801032】
2023-12-03 05:38:04 GSD getOne 第 1 次 等待 3 秒
2023-12-03 05:38:07 查询号码 【1801032】，返回信息 {"status":"ok","msg":"北京-北京","gid":"264934","time_insert":"2021-07-13 11:54"}
2023-12-03 05:38:07 查询号码 【1801032】，GSD为【"北京-北京"】

2023-12-03 05:38:08 开始第 1118 次操作

2023-12-03 05:38:08 开始操作号码 【1801033】
2023-12-03 05:38:12 GSD getOne 第 1 次 等待 3 秒
2023-12-03 05:38:15 查询号码 【1801033】，返回信息 {"status":"ok","msg":"北京-北京","gid":"264941","time_insert":"2021-07-13 11:55"}
2023-12-03 05:38:15 查询号码 【1801033】，GSD为【"北京-北京"】

2023-12-03 05:38:16 开始第 1119 次操作

2023-12-03 05:38:16 开始操作号码 【1801034】
2023-12-03 05:38:19 GSD getOne 第 1 次 等待 3 秒
2023-12-03 05:38:22 查询号码 【1801034】，返回信息 {"status":"ok","msg":"北京-北京","gid":"264950","time_insert":"2021-07-13 11:55"}
2023-12-03 05:38:22 查询号码 【1801034】，GSD为【"北京-北京"】

2023-12-03 05:38:23 开始第 1120 次操作

2023-12-03 05:38:23 开始操作号码 【1801035】
2023-12-03 05:38:26 GSD getOne 第 1 次 等待 3 秒
2023-12-03 05:38:29 查询号码 【1801035】，返回信息 {"status":"ok","msg":"北京-北京","gid":"264953","time_insert":"2021-07-13 11:55"}
2023-12-03 05:38:29 查询号码 【1801035】，GSD为【"北京-北京"】

2023-12-03 06:15:20 开始第 1121 次操作

2023-12-03 06:15:20 开始操作号码 【1801036】
2023-12-03 06:15:24 GSD getOne 第 1 次 等待 3 秒
2023-12-03 06:15:27 查询号码 【1801036】，返回信息 {"status":"ok","msg":"北京-北京","gid":"264956","time_insert":"2021-07-13 11:56"}
2023-12-03 06:15:27 查询号码 【1801036】，GSD为【"北京-北京"】

2023-12-03 06:15:28 开始第 1122 次操作

2023-12-03 06:15:28 开始操作号码 【1801037】
2023-12-03 06:15:32 GSD getOne 第 1 次 等待 3 秒
2023-12-03 06:15:35 查询号码 【1801037】，返回信息 {"status":"ok","msg":"北京-北京","gid":"264957","time_insert":"2021-07-13 11:56"}
2023-12-03 06:15:35 查询号码 【1801037】，GSD为【"北京-北京"】

2023-12-03 06:15:36 开始第 1123 次操作

2023-12-03 06:15:36 开始操作号码 【1801038】
2023-12-03 06:15:39 GSD getOne 第 1 次 等待 3 秒
2023-12-03 06:15:42 查询号码 【1801038】，返回信息 {"status":"ok","msg":"北京-北京","gid":"264962","time_insert":"2021-07-13 11:57"}
2023-12-03 06:15:42 查询号码 【1801038】，GSD为【"北京-北京"】

2023-12-03 06:15:43 开始第 1124 次操作

2023-12-03 06:15:43 开始操作号码 【1801039】
2023-12-03 06:15:47 GSD getOne 第 1 次 等待 3 秒
2023-12-03 06:15:50 查询号码 【1801039】，返回信息 {"status":"ok","msg":"北京-北京","gid":"265131","time_insert":"2021-07-13 12:51"}
2023-12-03 06:15:50 查询号码 【1801039】，GSD为【"北京-北京"】

2023-12-03 06:37:34 开始第 1125 次操作

2023-12-03 06:37:34 开始操作号码 【1801040】
2023-12-03 06:37:38 GSD getOne 第 1 次 等待 3 秒
2023-12-03 06:37:41 查询号码 【1801040】，返回信息 {"status":"ok","msg":"北京-北京","gid":"265141","time_insert":"2021-07-13 12:51"}
2023-12-03 06:37:41 查询号码 【1801040】，GSD为【"北京-北京"】

2023-12-03 06:37:42 开始第 1126 次操作

2023-12-03 06:37:42 开始操作号码 【1801041】
2023-12-03 06:37:46 GSD getOne 第 1 次 等待 3 秒
2023-12-03 06:37:49 查询号码 【1801041】，返回信息 {"status":"ok","msg":"北京-北京","gid":"265151","time_insert":"2021-07-13 12:52"}
2023-12-03 06:37:49 查询号码 【1801041】，GSD为【"北京-北京"】

2023-12-03 06:37:50 开始第 1127 次操作

2023-12-03 06:37:50 开始操作号码 【1801042】
2023-12-03 06:37:53 GSD getOne 第 1 次 等待 3 秒
2023-12-03 06:37:56 查询号码 【1801042】，返回信息 {"status":"ok","msg":"北京-北京","gid":"265158","time_insert":"2021-07-13 12:52"}
2023-12-03 06:37:56 查询号码 【1801042】，GSD为【"北京-北京"】

2023-12-03 06:37:57 开始第 1128 次操作

2023-12-03 06:37:57 开始操作号码 【1801043】
2023-12-03 06:38:01 GSD getOne 第 1 次 等待 3 秒
2023-12-03 06:38:04 查询号码 【1801043】，返回信息 {"status":"ok","msg":"北京-北京","gid":"265167","time_insert":"2021-07-13 12:53"}
2023-12-03 06:38:04 查询号码 【1801043】，GSD为【"北京-北京"】

2023-12-03 07:16:50 开始第 1129 次操作

2023-12-03 07:16:51 开始操作号码 【1801044】
2023-12-03 07:16:54 GSD getOne 第 1 次 等待 3 秒
2023-12-03 07:16:57 查询号码 【1801044】，返回信息 {"status":"ok","msg":"北京-北京","gid":"265174","time_insert":"2021-07-13 12:53"}
2023-12-03 07:16:57 查询号码 【1801044】，GSD为【"北京-北京"】

2023-12-03 07:16:58 开始第 1130 次操作

2023-12-03 07:16:58 开始操作号码 【1801045】
2023-12-03 07:17:01 GSD getOne 第 1 次 等待 3 秒
2023-12-03 07:17:04 查询号码 【1801045】，返回信息 {"status":"ok","msg":"北京-北京","gid":"265184","time_insert":"2021-07-13 12:54"}
2023-12-03 07:17:04 查询号码 【1801045】，GSD为【"北京-北京"】

2023-12-03 07:17:05 开始第 1131 次操作

2023-12-03 07:17:05 开始操作号码 【1801046】
2023-12-03 07:17:09 GSD getOne 第 1 次 等待 3 秒
2023-12-03 07:17:12 查询号码 【1801046】，返回信息 {"status":"ok","msg":"北京-北京","gid":"265194","time_insert":"2021-07-13 12:54"}
2023-12-03 07:17:12 查询号码 【1801046】，GSD为【"北京-北京"】

2023-12-03 07:17:13 开始第 1132 次操作

2023-12-03 07:17:13 开始操作号码 【1801047】
2023-12-03 07:17:16 GSD getOne 第 1 次 等待 3 秒
2023-12-03 07:17:19 查询号码 【1801047】，返回信息 {"status":"ok","msg":"北京-北京","gid":"265206","time_insert":"2021-07-13 12:55"}
2023-12-03 07:17:19 查询号码 【1801047】，GSD为【"北京-北京"】

2023-12-03 07:38:05 开始第 1133 次操作

2023-12-03 07:38:05 开始操作号码 【1801048】
2023-12-03 07:38:08 GSD getOne 第 1 次 等待 3 秒
2023-12-03 07:38:11 查询号码 【1801048】，返回信息 {"status":"ok","msg":"北京-北京","gid":"265214","time_insert":"2021-07-13 12:55"}
2023-12-03 07:38:11 查询号码 【1801048】，GSD为【"北京-北京"】

2023-12-03 07:38:12 开始第 1134 次操作

2023-12-03 07:38:12 开始操作号码 【1801049】
2023-12-03 07:38:15 GSD getOne 第 1 次 等待 3 秒
2023-12-03 07:38:18 查询号码 【1801049】，返回信息 {"status":"ok","msg":"北京-北京","gid":"265227","time_insert":"2021-07-13 12:56"}
2023-12-03 07:38:18 查询号码 【1801049】，GSD为【"北京-北京"】

2023-12-03 07:38:19 开始第 1135 次操作

2023-12-03 07:38:19 开始操作号码 【1801050】
2023-12-03 07:38:23 GSD getOne 第 1 次 等待 3 秒
2023-12-03 07:38:26 查询号码 【1801050】，返回信息 {"status":"ok","msg":"四川-成都","gid":"31893","time_insert":"2017-12-15 13:01","time_update":"2020-11-01 08:07"}
2023-12-03 07:38:26 查询号码 【1801050】，GSD为【"四川-成都"】

2023-12-03 07:38:27 开始第 1136 次操作

2023-12-03 07:38:27 开始操作号码 【1801051】
2023-12-03 07:38:30 GSD getOne 第 1 次 等待 3 秒
2023-12-03 07:38:33 查询号码 【1801051】，返回信息 {"status":"ok","msg":"四川-成都","gid":"31894","time_insert":"2015-05-23 15:00","time_update":"2020-11-01 08:10"}
2023-12-03 07:38:33 查询号码 【1801051】，GSD为【"四川-成都"】

2023-12-03 09:21:39 开始第 1137 次操作

2023-12-03 09:21:39 开始操作号码 【1801052】
2023-12-03 09:21:43 GSD getOne 第 1 次 等待 3 秒
2023-12-03 09:21:46 查询号码 【1801052】，返回信息 {"status":"ok","msg":"四川-成都","gid":"31895","time_insert":"2019-12-08 17:15","time_update":"2020-11-01 08:15"}
2023-12-03 09:21:46 查询号码 【1801052】，GSD为【"四川-成都"】

2023-12-03 09:21:47 开始第 1138 次操作

2023-12-03 09:21:47 开始操作号码 【1801053】
2023-12-03 09:21:50 GSD getOne 第 1 次 等待 3 秒
2023-12-03 09:21:53 查询号码 【1801053】，返回信息 {"status":"ok","msg":"四川-成都","gid":"31896","time_insert":"2017-04-23 09:43","time_update":"2020-11-01 08:19"}
2023-12-03 09:21:54 查询号码 【1801053】，GSD为【"四川-成都"】

2023-12-03 09:21:55 开始第 1139 次操作

2023-12-03 09:21:55 开始操作号码 【1801054】
2023-12-03 09:21:58 GSD getOne 第 1 次 等待 3 秒
2023-12-03 09:22:01 查询号码 【1801054】，返回信息 {"status":"ok","msg":"四川-成都","gid":"31897","time_insert":"2017-02-20 01:29","time_update":"2020-11-01 08:20"}
2023-12-03 09:22:01 查询号码 【1801054】，GSD为【"四川-成都"】

2023-12-03 09:22:02 开始第 1140 次操作

2023-12-03 09:22:02 开始操作号码 【1801055】
2023-12-03 09:22:06 GSD getOne 第 1 次 等待 3 秒
2023-12-03 09:22:09 查询号码 【1801055】，返回信息 {"status":"ok","msg":"四川-成都","gid":"31898","time_insert":"2018-09-05 22:16","time_update":"2020-11-01 08:24"}
2023-12-03 09:22:09 查询号码 【1801055】，GSD为【"四川-成都"】

2023-12-03 10:11:34 开始第 1141 次操作

2023-12-03 10:11:34 开始操作号码 【1801056】
2023-12-03 10:11:38 GSD getOne 第 1 次 等待 3 秒
2023-12-03 10:11:41 查询号码 【1801056】，返回信息 {"status":"ok","msg":"四川-成都","gid":"50652","time_insert":"2021-04-21 16:49"}
2023-12-03 10:11:42 查询号码 【1801056】，GSD为【"四川-成都"】

2023-12-03 10:11:43 开始第 1142 次操作

2023-12-03 10:11:43 开始操作号码 【1801057】
2023-12-03 10:11:47 GSD getOne 第 1 次 等待 3 秒
2023-12-03 10:11:50 查询号码 【1801057】，返回信息 {"status":"ok","msg":"四川-成都","gid":"50859","time_insert":"2021-04-21 17:09"}
2023-12-03 10:11:50 查询号码 【1801057】，GSD为【"四川-成都"】

2023-12-03 10:11:51 开始第 1143 次操作

2023-12-03 10:11:51 开始操作号码 【1801058】
2023-12-03 10:11:56 GSD getOne 第 1 次 等待 3 秒
2023-12-03 10:11:59 查询号码 【1801058】，返回信息 {"status":"ok","msg":"四川-成都","gid":"31899","time_insert":"2020-04-02 17:00","time_update":"2020-11-01 08:28"}
2023-12-03 10:11:59 查询号码 【1801058】，GSD为【"四川-成都"】

2023-12-03 10:12:00 开始第 1144 次操作

2023-12-03 10:12:00 开始操作号码 【1801059】
2023-12-03 10:12:03 GSD getOne 第 1 次 等待 3 秒
2023-12-03 10:12:06 查询号码 【1801059】，返回信息 {"status":"ok","msg":"四川-成都","gid":"265248","time_insert":"2021-07-13 12:57"}
2023-12-03 10:12:06 查询号码 【1801059】，GSD为【"四川-成都"】

2023-12-03 10:42:12 开始第 1145 次操作

2023-12-03 10:42:12 开始操作号码 【1801060】
2023-12-03 10:42:18 GSD getOne 第 1 次 等待 3 秒
2023-12-03 10:42:21 查询号码 【1801060】，返回信息 {"status":"ok","msg":"四川-成都","gid":"31900","time_insert":"2017-09-02 22:32","time_update":"2020-11-01 08:33"}
2023-12-03 10:42:21 查询号码 【1801060】，GSD为【"四川-成都"】

2023-12-03 10:42:22 开始第 1146 次操作

2023-12-03 10:42:22 开始操作号码 【1801061】
2023-12-03 10:42:25 GSD getOne 第 1 次 等待 3 秒
2023-12-03 10:42:29 查询号码 【1801061】，返回信息 {"status":"ok","msg":"四川-成都","gid":"31901","time_insert":"2018-11-16 22:27","time_update":"2020-11-01 08:36"}
2023-12-03 10:42:29 查询号码 【1801061】，GSD为【"四川-成都"】

2023-12-03 10:42:30 开始第 1147 次操作

2023-12-03 10:42:30 开始操作号码 【1801062】
2023-12-03 10:42:34 GSD getOne 第 1 次 等待 3 秒
2023-12-03 10:42:37 查询号码 【1801062】，返回信息 {"status":"ok","msg":"四川-成都","gid":"31902","time_insert":"2017-05-31 09:50","time_update":"2020-11-01 08:40"}
2023-12-03 10:42:37 查询号码 【1801062】，GSD为【"四川-成都"】

2023-12-03 10:42:38 开始第 1148 次操作

2023-12-03 10:42:38 开始操作号码 【1801063】
2023-12-03 10:42:41 GSD getOne 第 1 次 等待 3 秒
2023-12-03 10:42:44 查询号码 【1801063】，返回信息 {"status":"ok","msg":"四川-成都","gid":"31903","time_insert":"2017-01-04 16:25","time_update":"2020-11-01 08:44"}
2023-12-03 10:42:44 查询号码 【1801063】，GSD为【"四川-成都"】

2023-12-03 11:17:29 开始第 1149 次操作

2023-12-03 11:17:29 开始操作号码 【1801064】
2023-12-03 11:17:33 GSD getOne 第 1 次 等待 3 秒
2023-12-03 11:17:36 查询号码 【1801064】，返回信息 {"status":"ok","msg":"四川-成都","gid":"31904","time_insert":"2014-01-15 14:00","time_update":"2020-11-01 08:49"}
2023-12-03 11:17:36 查询号码 【1801064】，GSD为【"四川-成都"】

2023-12-03 11:17:37 开始第 1150 次操作

2023-12-03 11:17:37 开始操作号码 【1801065】
2023-12-03 11:17:42 GSD getOne 第 1 次 等待 3 秒
2023-12-03 11:17:45 查询号码 【1801065】，返回信息 {"status":"ok","msg":"四川-成都","gid":"31905","time_insert":"2019-08-19 21:43","time_update":"2020-11-01 08:53"}
2023-12-03 11:17:45 查询号码 【1801065】，GSD为【"四川-成都"】

2023-12-03 11:17:46 开始第 1151 次操作

2023-12-03 11:17:46 开始操作号码 【1801066】
2023-12-03 11:17:50 GSD getOne 第 1 次 等待 3 秒
2023-12-03 11:17:53 查询号码 【1801066】，返回信息 {"status":"ok","msg":"四川-成都","gid":"31906","time_insert":"2018-06-11 08:39","time_update":"2020-11-01 08:57"}
2023-12-03 11:17:53 查询号码 【1801066】，GSD为【"四川-成都"】

2023-12-03 11:17:54 开始第 1152 次操作

2023-12-03 11:17:54 开始操作号码 【1801067】
2023-12-03 11:17:57 GSD getOne 第 1 次 等待 3 秒
2023-12-03 11:18:00 查询号码 【1801067】，返回信息 {"status":"ok","msg":"四川-成都","gid":"31907","time_insert":"2014-09-08 15:12","time_update":"2020-11-01 09:01"}
2023-12-03 11:18:01 查询号码 【1801067】，GSD为【"四川-成都"】

2023-12-03 11:37:52 开始第 1153 次操作

2023-12-03 11:37:52 开始操作号码 【1801068】
2023-12-03 11:37:56 GSD getOne 第 1 次 等待 3 秒
2023-12-03 11:37:59 查询号码 【1801068】，返回信息 {"status":"ok","msg":"四川-成都","gid":"31908","time_insert":"2016-03-09 08:39","time_update":"2020-11-01 09:05"}
2023-12-03 11:37:59 查询号码 【1801068】，GSD为【"四川-成都"】

2023-12-03 11:38:00 开始第 1154 次操作

2023-12-03 11:38:00 开始操作号码 【1801069】
2023-12-03 11:38:03 GSD getOne 第 1 次 等待 3 秒
2023-12-03 11:38:06 查询号码 【1801069】，返回信息 {"status":"ok","msg":"四川-成都","gid":"31909","time_insert":"2016-12-08 08:34","time_update":"2020-11-01 09:09"}
2023-12-03 11:38:06 查询号码 【1801069】，GSD为【"四川-成都"】

2023-12-03 11:38:07 开始第 1155 次操作

2023-12-03 11:38:07 开始操作号码 【1801070】
2023-12-03 11:38:10 GSD getOne 第 1 次 等待 3 秒
2023-12-03 11:38:13 查询号码 【1801070】，返回信息 {"status":"ok","msg":"安徽-安庆","gid":"265269","time_insert":"2021-07-13 12:58"}
2023-12-03 11:38:13 查询号码 【1801070】，GSD为【"安徽-安庆"】

2023-12-03 11:38:14 开始第 1156 次操作

2023-12-03 11:38:14 开始操作号码 【1801071】
2023-12-03 11:38:18 GSD getOne 第 1 次 等待 3 秒
2023-12-03 11:38:21 查询号码 【1801071】，返回信息 {"status":"ok","msg":"安徽-安庆","gid":"265277","time_insert":"2021-07-13 12:58"}
2023-12-03 11:38:21 查询号码 【1801071】，GSD为【"安徽-安庆"】

2023-12-03 12:20:20 开始第 1157 次操作

2023-12-03 12:20:20 开始操作号码 【1801072】
2023-12-03 12:20:23 GSD getOne 第 1 次 等待 3 秒
2023-12-03 12:20:26 查询号码 【1801072】，返回信息 {"status":"ok","msg":"安徽-安庆","gid":"31910","time_insert":"2017-06-18 16:07","time_update":"2020-08-12 08:37"}
2023-12-03 12:20:26 查询号码 【1801072】，GSD为【"安徽-安庆"】

2023-12-03 12:20:27 开始第 1158 次操作

2023-12-03 12:20:27 开始操作号码 【1801073】
2023-12-03 12:20:32 GSD getOne 第 1 次 等待 3 秒
2023-12-03 12:20:35 查询号码 【1801073】，返回信息 {"status":"ok","msg":"安徽-芜湖","gid":"265286","time_insert":"2021-07-13 12:58"}
2023-12-03 12:20:35 查询号码 【1801073】，GSD为【"安徽-芜湖"】

2023-12-03 12:20:36 开始第 1159 次操作

2023-12-03 12:20:36 开始操作号码 【1801074】
2023-12-03 12:20:40 GSD getOne 第 1 次 等待 3 秒
2023-12-03 12:20:43 查询号码 【1801074】，返回信息 {"status":"ok","msg":"安徽-芜湖","gid":"31911","time_insert":"2019-08-21 20:55","time_update":"2020-08-15 18:47"}
2023-12-03 12:20:43 查询号码 【1801074】，GSD为【"安徽-芜湖"】

2023-12-03 12:20:44 开始第 1160 次操作

2023-12-03 12:20:44 开始操作号码 【1801075】
2023-12-03 12:20:48 GSD getOne 第 1 次 等待 3 秒
2023-12-03 12:20:51 查询号码 【1801075】，返回信息 {"status":"ok","msg":"安徽-芜湖","gid":"265294","time_insert":"2021-07-13 12:59"}
2023-12-03 12:20:51 查询号码 【1801075】，GSD为【"安徽-芜湖"】

2023-12-03 12:37:51 开始第 1161 次操作

2023-12-03 12:37:51 开始操作号码 【1801076】
2023-12-03 12:37:56 GSD getOne 第 1 次 等待 3 秒
2023-12-03 12:37:59 查询号码 【1801076】，返回信息 {"status":"ok","msg":"安徽-芜湖","gid":"265302","time_insert":"2021-07-13 12:59"}
2023-12-03 12:37:59 查询号码 【1801076】，GSD为【"安徽-芜湖"】

2023-12-03 12:38:00 开始第 1162 次操作

2023-12-03 12:38:00 开始操作号码 【1801077】
2023-12-03 12:38:04 GSD getOne 第 1 次 等待 3 秒
2023-12-03 12:38:07 查询号码 【1801077】，返回信息 {"status":"ok","msg":"安徽-芜湖","gid":"265308","time_insert":"2021-07-13 12:59"}
2023-12-03 12:38:07 查询号码 【1801077】，GSD为【"安徽-芜湖"】

2023-12-03 12:38:08 开始第 1163 次操作

2023-12-03 12:38:08 开始操作号码 【1801078】
2023-12-03 12:38:11 GSD getOne 第 1 次 等待 3 秒
2023-12-03 12:38:14 查询号码 【1801078】，返回信息 {"status":"ok","msg":"安徽-芜湖","gid":"265319","time_insert":"2021-07-13 13:00"}
2023-12-03 12:38:14 查询号码 【1801078】，GSD为【"安徽-芜湖"】

2023-12-03 12:38:15 开始第 1164 次操作

2023-12-03 12:38:15 开始操作号码 【1801079】
2023-12-03 12:38:19 GSD getOne 第 1 次 等待 3 秒
2023-12-03 12:38:22 查询号码 【1801079】，返回信息 {"status":"ok","msg":"安徽-芜湖","gid":"265325","time_insert":"2021-07-13 13:00"}
2023-12-03 12:38:22 查询号码 【1801079】，GSD为【"安徽-芜湖"】

2023-12-03 13:15:41 开始第 1165 次操作

2023-12-03 13:15:41 开始操作号码 【1801080】
2023-12-03 13:15:45 GSD getOne 第 1 次 等待 3 秒
2023-12-03 13:15:48 查询号码 【1801080】，返回信息 {"status":"ok","msg":"安徽-黄山","gid":"265332","time_insert":"2021-07-13 13:01"}
2023-12-03 13:15:48 查询号码 【1801080】，GSD为【"安徽-黄山"】

2023-12-03 13:15:49 开始第 1166 次操作

2023-12-03 13:15:49 开始操作号码 【1801081】
2023-12-03 13:15:53 GSD getOne 第 1 次 等待 3 秒
2023-12-03 13:15:56 查询号码 【1801081】，返回信息 {"status":"ok","msg":"安徽-宣城","gid":"265337","time_insert":"2021-07-13 13:01"}
2023-12-03 13:15:57 查询号码 【1801081】，GSD为【"安徽-宣城"】

2023-12-03 13:15:58 开始第 1167 次操作

2023-12-03 13:15:58 开始操作号码 【1801082】
2023-12-03 13:16:01 GSD getOne 第 1 次 等待 3 秒
2023-12-03 13:16:04 查询号码 【1801082】，返回信息 {"status":"ok","msg":"安徽-宣城","gid":"265343","time_insert":"2021-07-13 13:01"}
2023-12-03 13:16:04 查询号码 【1801082】，GSD为【"安徽-宣城"】

2023-12-03 13:16:05 开始第 1168 次操作

2023-12-03 13:16:05 开始操作号码 【1801083】
2023-12-03 13:16:09 GSD getOne 第 1 次 等待 3 秒
2023-12-03 13:16:12 查询号码 【1801083】，返回信息 {"status":"ok","msg":"安徽-宣城","gid":"265352","time_insert":"2021-07-13 13:02"}
2023-12-03 13:16:12 查询号码 【1801083】，GSD为【"安徽-宣城"】

2023-12-03 13:37:38 开始第 1169 次操作

2023-12-03 13:37:38 开始操作号码 【1801084】
2023-12-03 13:37:42 GSD getOne 第 1 次 等待 3 秒
2023-12-03 13:37:45 查询号码 【1801084】，返回信息 {"status":"ok","msg":"安徽-宣城","gid":"265357","time_insert":"2021-07-13 13:02"}
2023-12-03 13:37:45 查询号码 【1801084】，GSD为【"安徽-宣城"】

2023-12-03 13:37:46 开始第 1170 次操作

2023-12-03 13:37:46 开始操作号码 【1801085】
2023-12-03 13:37:51 GSD getOne 第 1 次 等待 3 秒
2023-12-03 13:37:54 查询号码 【1801085】，返回信息 {"status":"ok","msg":"安徽-合肥","gid":"265361","time_insert":"2021-07-13 13:02"}
2023-12-03 13:37:54 查询号码 【1801085】，GSD为【"安徽-合肥"】

2023-12-03 13:37:55 开始第 1171 次操作

2023-12-03 13:37:55 开始操作号码 【1801086】
2023-12-03 13:37:59 GSD getOne 第 1 次 等待 3 秒
2023-12-03 13:38:03 查询号码 【1801086】，返回信息 {"status":"ok","msg":"安徽-合肥","gid":"265366","time_insert":"2021-07-13 13:03"}
2023-12-03 13:38:03 查询号码 【1801086】，GSD为【"安徽-合肥"】

2023-12-03 13:38:04 开始第 1172 次操作

2023-12-03 13:38:04 开始操作号码 【1801087】
2023-12-03 13:38:07 GSD getOne 第 1 次 等待 3 秒
2023-12-03 13:38:10 查询号码 【1801087】，返回信息 {"status":"ok","msg":"安徽-合肥","gid":"265369","time_insert":"2021-07-13 13:03"}
2023-12-03 13:38:10 查询号码 【1801087】，GSD为【"安徽-合肥"】

2023-12-03 14:21:01 开始第 1173 次操作

2023-12-03 14:21:01 开始操作号码 【1801088】
2023-12-03 14:21:07 GSD getOne 第 1 次 等待 3 秒
2023-12-03 14:21:10 查询号码 【1801088】，返回信息 {"status":"ok","msg":"安徽-合肥","gid":"265373","time_insert":"2021-07-13 13:03"}
2023-12-03 14:21:10 查询号码 【1801088】，GSD为【"安徽-合肥"】

2023-12-03 14:21:11 开始第 1174 次操作

2023-12-03 14:21:11 开始操作号码 【1801089】
2023-12-03 14:21:16 GSD getOne 第 1 次 等待 3 秒
2023-12-03 14:21:19 查询号码 【1801089】，返回信息 {"status":"ok","msg":"安徽-马鞍山","gid":"265378","time_insert":"2021-07-13 13:04"}
2023-12-03 14:21:19 查询号码 【1801089】，GSD为【"安徽-马鞍山"】

2023-12-03 14:21:20 开始第 1175 次操作

2023-12-03 14:21:20 开始操作号码 【1801090】
2023-12-03 14:21:28 GSD getOne 第 1 次 等待 3 秒
2023-12-03 14:21:31 查询号码 【1801090】，返回信息 {"status":"ok","msg":"安徽-滁州","gid":"31912","time_insert":"2014-08-11 11:18","time_update":"2020-08-15 18:50"}
2023-12-03 14:21:31 查询号码 【1801090】，GSD为【"安徽-滁州"】

2023-12-03 14:21:32 开始第 1176 次操作

2023-12-03 14:21:32 开始操作号码 【1801091】
2023-12-03 14:21:35 GSD getOne 第 1 次 等待 3 秒
2023-12-03 14:21:38 查询号码 【1801091】，返回信息 {"status":"ok","msg":"安徽-滁州","gid":"265491","time_insert":"2021-07-13 13:38"}
2023-12-03 14:21:38 查询号码 【1801091】，GSD为【"安徽-滁州"】

2023-12-03 14:38:02 开始第 1177 次操作

2023-12-03 14:38:02 开始操作号码 【1801092】
2023-12-03 14:38:06 GSD getOne 第 1 次 等待 3 秒
2023-12-03 14:38:09 查询号码 【1801092】，返回信息 {"status":"ok","msg":"安徽-滁州","gid":"265504","time_insert":"2021-07-13 13:38"}
2023-12-03 14:38:09 查询号码 【1801092】，GSD为【"安徽-滁州"】

2023-12-03 14:38:10 开始第 1178 次操作

2023-12-03 14:38:10 开始操作号码 【1801093】
2023-12-03 14:38:14 GSD getOne 第 1 次 等待 3 秒
2023-12-03 14:38:17 查询号码 【1801093】，返回信息 {"status":"ok","msg":"安徽-阜阳","gid":"265513","time_insert":"2021-07-13 13:39"}
2023-12-03 14:38:17 查询号码 【1801093】，GSD为【"安徽-阜阳"】

2023-12-03 14:38:18 开始第 1179 次操作

2023-12-03 14:38:18 开始操作号码 【1801094】
2023-12-03 14:38:23 GSD getOne 第 1 次 等待 3 秒
2023-12-03 14:38:26 查询号码 【1801094】，返回信息 {"status":"ok","msg":"安徽-阜阳","gid":"265526","time_insert":"2021-07-13 13:39"}
2023-12-03 14:38:26 查询号码 【1801094】，GSD为【"安徽-阜阳"】

2023-12-03 14:38:27 开始第 1180 次操作

2023-12-03 14:38:27 开始操作号码 【1801095】
2023-12-03 14:38:31 GSD getOne 第 1 次 等待 3 秒
2023-12-03 14:38:34 查询号码 【1801095】，返回信息 {"status":"ok","msg":"安徽-阜阳","gid":"265535","time_insert":"2021-07-13 13:40"}
2023-12-03 14:38:34 查询号码 【1801095】，GSD为【"安徽-阜阳"】

2023-12-03 15:14:43 开始第 1181 次操作

2023-12-03 15:14:43 开始操作号码 【1801096】
2023-12-03 15:14:50 GSD getOne 第 1 次 等待 3 秒
2023-12-03 15:14:53 查询号码 【1801096】，返回信息 {"status":"ok","msg":"安徽-阜阳","gid":"265545","time_insert":"2021-07-13 13:40"}
2023-12-03 15:14:53 查询号码 【1801096】，GSD为【"安徽-阜阳"】

2023-12-03 15:14:54 开始第 1182 次操作

2023-12-03 15:14:54 开始操作号码 【1801097】
2023-12-03 15:14:58 GSD getOne 第 1 次 等待 3 秒
2023-12-03 15:15:01 查询号码 【1801097】，返回信息 {"status":"ok","msg":"安徽-滁州","gid":"265554","time_insert":"2021-07-13 13:41"}
2023-12-03 15:15:01 查询号码 【1801097】，GSD为【"安徽-滁州"】

2023-12-03 15:15:02 开始第 1183 次操作

2023-12-03 15:15:02 开始操作号码 【1801098】
2023-12-03 15:15:06 GSD getOne 第 1 次 等待 3 秒
2023-12-03 15:15:09 查询号码 【1801098】，返回信息 {"status":"ok","msg":"安徽-滁州","gid":"265558","time_insert":"2021-07-13 13:41"}
2023-12-03 15:15:10 查询号码 【1801098】，GSD为【"安徽-滁州"】

2023-12-03 15:15:11 开始第 1184 次操作

2023-12-03 15:15:11 开始操作号码 【1801099】
2023-12-03 15:15:14 GSD getOne 第 1 次 等待 3 秒
2023-12-03 15:15:17 查询号码 【1801099】，返回信息 {"status":"ok","msg":"安徽-阜阳","gid":"265568","time_insert":"2021-07-13 13:41"}
2023-12-03 15:15:17 查询号码 【1801099】，GSD为【"安徽-阜阳"】

2023-12-03 15:37:59 开始第 1185 次操作

2023-12-03 15:37:59 开始操作号码 【1801100】
2023-12-03 15:38:03 GSD getOne 第 1 次 等待 3 秒
2023-12-03 15:38:06 查询号码 【1801100】，返回信息 {"status":"ok","msg":"四川-攀枝花","gid":"31913","time_insert":"2018-08-01 21:40","time_update":"2020-11-01 09:13"}
2023-12-03 15:38:06 查询号码 【1801100】，GSD为【"四川-攀枝花"】

2023-12-03 15:38:07 开始第 1186 次操作

2023-12-03 15:38:07 开始操作号码 【1801101】
2023-12-03 15:38:11 GSD getOne 第 1 次 等待 3 秒
2023-12-03 15:38:14 查询号码 【1801101】，返回信息 {"status":"ok","msg":"四川-泸州","gid":"31914","time_insert":"2017-05-17 09:49","time_update":"2020-11-01 09:18"}
2023-12-03 15:38:14 查询号码 【1801101】，GSD为【"四川-泸州"】

2023-12-03 15:38:15 开始第 1187 次操作

2023-12-03 15:38:15 开始操作号码 【1801102】
2023-12-03 15:38:20 GSD getOne 第 1 次 等待 3 秒
2023-12-03 15:38:23 查询号码 【1801102】，返回信息 {"status":"ok","msg":"四川-泸州","gid":"31915","time_insert":"2018-11-17 17:46","time_update":"2020-11-01 09:18"}
2023-12-03 15:38:23 查询号码 【1801102】，GSD为【"四川-泸州"】

2023-12-03 15:38:24 开始第 1188 次操作

2023-12-03 15:38:24 开始操作号码 【1801103】
2023-12-03 15:38:27 GSD getOne 第 1 次 等待 3 秒
2023-12-03 15:38:30 查询号码 【1801103】，返回信息 {"status":"ok","msg":"四川-泸州","gid":"31916","time_insert":"2018-09-12 08:00","time_update":"2020-11-01 09:23"}
2023-12-03 15:38:30 查询号码 【1801103】，GSD为【"四川-泸州"】

2023-12-03 16:20:21 开始第 1189 次操作

2023-12-03 16:20:21 开始操作号码 【1801104】
2023-12-03 16:20:28 GSD getOne 第 1 次 等待 3 秒
2023-12-03 16:20:31 查询号码 【1801104】，返回信息 {"status":"ok","msg":"四川-泸州","gid":"31917","time_insert":"2013-11-28 10:55","time_update":"2020-11-01 09:27"}
2023-12-03 16:20:31 查询号码 【1801104】，GSD为【"四川-泸州"】

2023-12-03 16:20:32 开始第 1190 次操作

2023-12-03 16:20:32 开始操作号码 【1801105】
2023-12-03 16:20:35 GSD getOne 第 1 次 等待 3 秒
2023-12-03 16:20:38 查询号码 【1801105】，返回信息 {"status":"ok","msg":"四川-德阳","gid":"265584","time_insert":"2021-07-13 13:42"}
2023-12-03 16:20:38 查询号码 【1801105】，GSD为【"四川-德阳"】

2023-12-03 16:20:39 开始第 1191 次操作

2023-12-03 16:20:39 开始操作号码 【1801106】
2023-12-03 16:20:43 GSD getOne 第 1 次 等待 3 秒
2023-12-03 16:20:46 查询号码 【1801106】，返回信息 {"status":"ok","msg":"四川-德阳","gid":"31918","time_insert":"2014-11-05 09:22","time_update":"2020-11-01 09:31"}
2023-12-03 16:20:46 查询号码 【1801106】，GSD为【"四川-德阳"】

2023-12-03 16:20:47 开始第 1192 次操作

2023-12-03 16:20:47 开始操作号码 【1801107】
2023-12-03 16:20:51 GSD getOne 第 1 次 等待 3 秒
2023-12-03 16:20:54 查询号码 【1801107】，返回信息 {"status":"ok","msg":"四川-凉山","gid":"31919","time_insert":"2017-12-14 21:51","time_update":"2020-11-01 09:36"}
2023-12-03 16:20:54 查询号码 【1801107】，GSD为【"四川-凉山"】

2023-12-03 16:37:57 开始第 1193 次操作

2023-12-03 16:37:57 开始操作号码 【1801108】
2023-12-03 16:38:03 GSD getOne 第 1 次 等待 3 秒
2023-12-03 16:38:06 查询号码 【1801108】，返回信息 {"status":"ok","msg":"四川-凉山","gid":"31920","time_insert":"2019-05-16 09:36","time_update":"2020-11-01 09:41"}
2023-12-03 16:38:06 查询号码 【1801108】，GSD为【"四川-凉山"】

2023-12-03 16:38:07 开始第 1194 次操作

2023-12-03 16:38:07 开始操作号码 【1801109】
2023-12-03 16:38:12 GSD getOne 第 1 次 等待 3 秒
2023-12-03 16:38:15 查询号码 【1801109】，返回信息 {"status":"ok","msg":"四川-凉山","gid":"31921","time_insert":"2017-07-16 08:09","time_update":"2020-11-01 09:45"}
2023-12-03 16:38:15 查询号码 【1801109】，GSD为【"四川-凉山"】

2023-12-03 16:38:16 开始第 1195 次操作

2023-12-03 16:38:16 开始操作号码 【1801110】
2023-12-03 16:38:20 GSD getOne 第 1 次 等待 3 秒
2023-12-03 16:38:23 查询号码 【1801110】，返回信息 {"status":"ok","msg":"四川-绵阳","gid":"31922","time_insert":"2018-02-08 12:46","time_update":"2020-11-01 09:50"}
2023-12-03 16:38:23 查询号码 【1801110】，GSD为【"四川-绵阳"】

2023-12-03 16:38:24 开始第 1196 次操作

2023-12-03 16:38:24 开始操作号码 【1801111】
2023-12-03 16:38:28 GSD getOne 第 1 次 等待 3 秒
2023-12-03 16:38:31 查询号码 【1801111】，返回信息 {"status":"ok","msg":"四川-绵阳","gid":"31923","time_insert":"2014-09-01 10:13","time_update":"2020-11-01 09:54"}
2023-12-03 16:38:31 查询号码 【1801111】，GSD为【"四川-绵阳"】

2023-12-03 17:15:17 开始第 1197 次操作

2023-12-03 17:15:17 开始操作号码 【1801112】
2023-12-03 17:15:21 GSD getOne 第 1 次 等待 3 秒
2023-12-03 17:15:24 查询号码 【1801112】，返回信息 {"status":"ok","msg":"四川-绵阳","gid":"31924","time_insert":"2017-06-25 16:20","time_update":"2020-11-01 09:59"}
2023-12-03 17:15:24 查询号码 【1801112】，GSD为【"四川-绵阳"】

2023-12-03 17:15:25 开始第 1198 次操作

2023-12-03 17:15:25 开始操作号码 【1801113】
2023-12-03 17:15:29 GSD getOne 第 1 次 等待 3 秒
2023-12-03 17:15:32 查询号码 【1801113】，返回信息 {"status":"ok","msg":"四川-绵阳","gid":"31925","time_insert":"2018-06-28 23:14","time_update":"2020-11-01 10:03"}
2023-12-03 17:15:32 查询号码 【1801113】，GSD为【"四川-绵阳"】

2023-12-03 17:15:33 开始第 1199 次操作

2023-12-03 17:15:33 开始操作号码 【1801114】
2023-12-03 17:15:40 GSD getOne 第 1 次 等待 3 秒
2023-12-03 17:15:43 查询号码 【1801114】，返回信息 {"status":"ok","msg":"四川-绵阳","gid":"31926","time_insert":"2017-01-14 13:48","time_update":"2020-11-01 10:07"}
2023-12-03 17:15:43 查询号码 【1801114】，GSD为【"四川-绵阳"】

2023-12-03 17:15:44 开始第 1200 次操作

2023-12-03 17:15:44 开始操作号码 【1801115】
2023-12-03 17:15:48 GSD getOne 第 1 次 等待 3 秒
2023-12-03 17:15:51 查询号码 【1801115】，返回信息 {"status":"ok","msg":"四川-广元","gid":"31927","time_insert":"2016-07-31 16:07","time_update":"2020-11-01 10:11"}
2023-12-03 17:15:51 查询号码 【1801115】，GSD为【"四川-广元"】

2023-12-03 17:37:58 开始第 1201 次操作

2023-12-03 17:37:58 开始操作号码 【1801116】
2023-12-03 17:38:02 GSD getOne 第 1 次 等待 3 秒
2023-12-03 17:38:05 查询号码 【1801116】，返回信息 {"status":"ok","msg":"四川-广元","gid":"31928","time_insert":"2017-03-18 19:42","time_update":"2020-11-01 10:16"}
2023-12-03 17:38:05 查询号码 【1801116】，GSD为【"四川-广元"】

2023-12-03 17:38:06 开始第 1202 次操作

2023-12-03 17:38:06 开始操作号码 【1801117】
2023-12-03 17:38:09 GSD getOne 第 1 次 等待 3 秒
2023-12-03 17:38:12 查询号码 【1801117】，返回信息 {"status":"ok","msg":"四川-遂宁","gid":"31929","time_insert":"2017-09-17 11:55","time_update":"2020-11-01 10:19"}
2023-12-03 17:38:12 查询号码 【1801117】，GSD为【"四川-遂宁"】

2023-12-03 17:38:13 开始第 1203 次操作

2023-12-03 17:38:13 开始操作号码 【1801118】
2023-12-03 17:38:17 GSD getOne 第 1 次 等待 3 秒
2023-12-03 17:38:20 查询号码 【1801118】，返回信息 {"status":"ok","msg":"四川-遂宁","gid":"31930","time_insert":"2017-05-23 10:47","time_update":"2020-11-01 10:20"}
2023-12-03 17:38:20 查询号码 【1801118】，GSD为【"四川-遂宁"】

2023-12-03 17:38:21 开始第 1204 次操作

2023-12-03 17:38:21 开始操作号码 【1801119】
2023-12-03 17:38:25 GSD getOne 第 1 次 等待 3 秒
2023-12-03 17:38:28 查询号码 【1801119】，返回信息 {"status":"ok","msg":"四川-内江","gid":"31931","time_insert":"2017-06-19 17:09","time_update":"2020-11-01 10:23"}
2023-12-03 17:38:28 查询号码 【1801119】，GSD为【"四川-内江"】

