2024-02-27 00:21:26 开始第 5833 次操作

2024-02-27 00:21:26 开始操作号码 【1695746】
2024-02-27 00:21:30 GSD getOne 第 1 次 等待 3 秒
2024-02-27 00:21:33 查询号码 【1695746】，返回信息 {"status":"ok","msg":"-","gid":"649653","time_insert":"2023-04-12 15:33"}
2024-02-27 00:21:33 查询号码 【1695746】，GSD为【"-"】
2024-02-27 00:21:33 ok && -
2024-02-27 00:21:36 CHB 1695746?1708964493 第 1 次 等待 3 秒
2024-02-27 00:21:39 CHB 1695746?1708964493 第 1 次 获取到号码【1695746】GSD
2024-02-27 00:21:39 未获取到号码【1695746】GSD，可能号码格式错误
2024-02-27 00:21:39 获取到号码【1695746】的GSD为【-】
2024-02-27 00:21:46 GSD insert 第 1 次 等待 3 秒
2024-02-27 00:21:49 {"status":"bad","gid":"649653","msg":"添加失败！号码【1695746(-|-)】已存在！"}
2024-02-27 00:21:49 随机等待 173 秒，约 2 分钟
2024-02-27 00:21:49 下次操作: 2024-02-27 00:24:42

2024-02-27 00:24:42 开始第 5834 次操作

2024-02-27 00:24:42 开始操作号码 【1695747】
2024-02-27 00:24:47 GSD getOne 第 1 次 等待 3 秒
2024-02-27 00:24:50 查询号码 【1695747】，返回信息 {"status":"ok","msg":"-","gid":"649657","time_insert":"2023-04-12 15:35"}
2024-02-27 00:24:50 查询号码 【1695747】，GSD为【"-"】
2024-02-27 00:24:50 ok && -
2024-02-27 00:24:52 CHB 1695747?1708964690 第 1 次 等待 3 秒
2024-02-27 00:24:55 CHB 1695747?1708964690 第 1 次 获取到号码【1695747】GSD
2024-02-27 00:24:55 未获取到号码【1695747】GSD，可能号码格式错误
2024-02-27 00:24:55 获取到号码【1695747】的GSD为【-】
2024-02-27 00:25:00 GSD insert 第 1 次 等待 3 秒
2024-02-27 00:25:03 {"status":"bad","gid":"649657","msg":"添加失败！号码【1695747(-|-)】已存在！"}
2024-02-27 00:25:03 随机等待 134 秒，约 2 分钟
2024-02-27 00:25:03 下次操作: 2024-02-27 00:27:17

2024-02-27 00:27:17 开始第 5835 次操作

2024-02-27 00:27:17 开始操作号码 【1695748】
2024-02-27 00:27:22 GSD getOne 第 1 次 等待 3 秒
2024-02-27 00:27:25 查询号码 【1695748】，返回信息 {"status":"ok","msg":"-","gid":"649668","time_insert":"2023-04-12 15:43"}
2024-02-27 00:27:25 查询号码 【1695748】，GSD为【"-"】
2024-02-27 00:27:25 ok && -
2024-02-27 00:27:29 CHB 1695748?1708964845 第 1 次 等待 3 秒
2024-02-27 00:27:32 CHB 1695748?1708964845 第 1 次 获取到号码【1695748】GSD
2024-02-27 00:27:32 未获取到号码【1695748】GSD，可能号码格式错误
2024-02-27 00:27:32 获取到号码【1695748】的GSD为【-】
2024-02-27 00:27:36 GSD insert 第 1 次 等待 3 秒
2024-02-27 00:27:39 {"status":"bad","gid":"649668","msg":"添加失败！号码【1695748(-|-)】已存在！"}
2024-02-27 00:27:39 随机等待 85 秒，约 1 分钟
2024-02-27 00:27:39 下次操作: 2024-02-27 00:29:04

2024-02-27 00:29:04 开始第 5836 次操作

2024-02-27 00:29:04 开始操作号码 【1695749】
2024-02-27 00:29:10 GSD getOne 第 1 次 等待 3 秒
2024-02-27 00:29:13 查询号码 【1695749】，返回信息 {"status":"ok","msg":"-","gid":"649672","time_insert":"2023-04-12 15:45"}
2024-02-27 00:29:13 查询号码 【1695749】，GSD为【"-"】
2024-02-27 00:29:13 ok && -
2024-02-27 00:29:17 CHB 1695749?1708964953 第 1 次 等待 3 秒
2024-02-27 00:29:20 CHB 1695749?1708964953 第 1 次 获取到号码【1695749】GSD
2024-02-27 00:29:20 未获取到号码【1695749】GSD，可能号码格式错误
2024-02-27 00:29:20 获取到号码【1695749】的GSD为【-】
2024-02-27 00:29:24 GSD insert 第 1 次 等待 3 秒
2024-02-27 00:29:27 {"status":"bad","gid":"649672","msg":"添加失败！号码【1695749(-|-)】已存在！"}

2024-02-27 00:38:47 开始第 5837 次操作

2024-02-27 00:38:47 开始操作号码 【1695750】
2024-02-27 00:38:51 GSD getOne 第 1 次 等待 3 秒
2024-02-27 00:38:54 查询号码 【1695750】，返回信息 {"status":"ok","msg":"-","gid":"649675","time_insert":"2023-04-12 15:48"}
2024-02-27 00:38:54 查询号码 【1695750】，GSD为【"-"】
2024-02-27 00:38:54 ok && -
2024-02-27 00:38:57 CHB 1695750?1708965534 第 1 次 等待 3 秒
2024-02-27 00:39:00 CHB 1695750?1708965534 第 1 次 获取到号码【1695750】GSD
2024-02-27 00:39:00 未获取到号码【1695750】GSD，可能号码格式错误
2024-02-27 00:39:00 获取到号码【1695750】的GSD为【-】
2024-02-27 00:39:05 GSD insert 第 1 次 等待 3 秒
2024-02-27 00:39:08 {"status":"bad","gid":"649675","msg":"添加失败！号码【1695750(-|-)】已存在！"}
2024-02-27 00:39:08 随机等待 125 秒，约 2 分钟
2024-02-27 00:39:08 下次操作: 2024-02-27 00:41:13

2024-02-27 00:41:13 开始第 5838 次操作

2024-02-27 00:41:13 开始操作号码 【1695751】
2024-02-27 00:41:19 GSD getOne 第 1 次 等待 3 秒
2024-02-27 00:41:22 查询号码 【1695751】，返回信息 {"status":"ok","msg":"-","gid":"649677","time_insert":"2023-04-12 15:49"}
2024-02-27 00:41:22 查询号码 【1695751】，GSD为【"-"】
2024-02-27 00:41:22 ok && -
2024-02-27 00:41:24 CHB 1695751?1708965682 第 1 次 等待 3 秒
2024-02-27 00:41:27 CHB 1695751?1708965682 第 1 次 获取到号码【1695751】GSD
2024-02-27 00:41:27 未获取到号码【1695751】GSD，可能号码格式错误
2024-02-27 00:41:27 获取到号码【1695751】的GSD为【-】
2024-02-27 00:41:31 GSD insert 第 1 次 等待 3 秒
2024-02-27 00:41:34 {"status":"bad","gid":"649677","msg":"添加失败！号码【1695751(-|-)】已存在！"}
2024-02-27 00:41:34 随机等待 111 秒，约 1 分钟
2024-02-27 00:41:34 下次操作: 2024-02-27 00:43:25

2024-02-27 00:43:25 开始第 5839 次操作

2024-02-27 00:43:25 开始操作号码 【1695752】
2024-02-27 00:43:30 GSD getOne 第 1 次 等待 3 秒
2024-02-27 00:43:33 查询号码 【1695752】，返回信息 {"status":"ok","msg":"-","gid":"649682","time_insert":"2023-04-12 15:53"}
2024-02-27 00:43:33 查询号码 【1695752】，GSD为【"-"】
2024-02-27 00:43:33 ok && -
2024-02-27 00:43:35 CHB 1695752?1708965813 第 1 次 等待 3 秒
2024-02-27 00:43:38 CHB 1695752?1708965813 第 1 次 获取到号码【1695752】GSD
2024-02-27 00:43:38 未获取到号码【1695752】GSD，可能号码格式错误
2024-02-27 00:43:38 获取到号码【1695752】的GSD为【-】
2024-02-27 00:43:43 GSD insert 第 1 次 等待 3 秒
2024-02-27 00:43:46 {"status":"bad","gid":"649682","msg":"添加失败！号码【1695752(-|-)】已存在！"}
2024-02-27 00:43:46 随机等待 76 秒，约 1 分钟
2024-02-27 00:43:46 下次操作: 2024-02-27 00:45:02

2024-02-27 00:45:02 开始第 5840 次操作

2024-02-27 00:45:02 开始操作号码 【1695753】
2024-02-27 00:45:08 GSD getOne 第 1 次 等待 3 秒
2024-02-27 00:45:11 查询号码 【1695753】，返回信息 {"status":"ok","msg":"-","gid":"649687","time_insert":"2023-04-12 15:54"}
2024-02-27 00:45:11 查询号码 【1695753】，GSD为【"-"】
2024-02-27 00:45:11 ok && -
2024-02-27 00:45:14 CHB 1695753?1708965911 第 1 次 等待 3 秒
2024-02-27 00:45:17 CHB 1695753?1708965911 第 1 次 获取到号码【1695753】GSD
2024-02-27 00:45:17 未获取到号码【1695753】GSD，可能号码格式错误
2024-02-27 00:45:17 获取到号码【1695753】的GSD为【-】
2024-02-27 00:45:23 GSD insert 第 1 次 等待 3 秒
2024-02-27 00:45:26 {"status":"bad","gid":"649687","msg":"添加失败！号码【1695753(-|-)】已存在！"}

