2024-08-26 00:20:11 开始第 1157 次操作

2024-08-26 00:20:11 开始操作号码 【1361156】
2024-08-26 00:20:20 GSD getOne 第 1 次 等待 3 秒
2024-08-26 00:20:23 查询号码 【1361156】，返回信息 {"status":"ok","msg":"江苏-南京","gid":"71298","time_insert":"2021-05-28 17:34"}
2024-08-26 00:20:23 查询号码 【1361156】，GSD为【"江苏-南京"】

2024-08-26 00:20:24 开始第 1158 次操作

2024-08-26 00:20:24 开始操作号码 【1361157】
2024-08-26 00:20:34 GSD getOne 第 1 次 等待 3 秒
2024-08-26 00:20:37 查询号码 【1361157】，返回信息 {"status":"ok","msg":"江苏-南京","gid":"71313","time_insert":"2021-05-28 17:55"}
2024-08-26 00:20:37 查询号码 【1361157】，GSD为【"江苏-南京"】

2024-08-26 00:20:38 开始第 1159 次操作

2024-08-26 00:20:38 开始操作号码 【1361158】
2024-08-26 00:20:48 GSD getOne 第 1 次 等待 3 秒
2024-08-26 00:20:51 查询号码 【1361158】，返回信息 {"status":"ok","msg":"江苏-南京","gid":"71337","time_insert":"2021-05-28 18:24"}
2024-08-26 00:20:51 查询号码 【1361158】，GSD为【"江苏-南京"】

2024-08-26 00:20:52 开始第 1160 次操作

2024-08-26 00:20:52 开始操作号码 【1361159】
2024-08-26 00:21:02 GSD getOne 第 1 次 等待 3 秒
2024-08-26 00:21:05 查询号码 【1361159】，返回信息 {"status":"ok","msg":"江苏-南京","gid":"71360","time_insert":"2021-05-28 18:53"}
2024-08-26 00:21:05 查询号码 【1361159】，GSD为【"江苏-南京"】

2024-08-26 00:39:55 开始第 1161 次操作

2024-08-26 00:39:55 开始操作号码 【1361160】
2024-08-26 00:40:04 GSD getOne 第 1 次 等待 3 秒
2024-08-26 00:40:07 查询号码 【1361160】，返回信息 {"status":"ok","msg":"上海-上海","gid":"71375","time_insert":"2021-05-28 19:13"}
2024-08-26 00:40:07 查询号码 【1361160】，GSD为【"上海-上海"】

2024-08-26 00:40:08 开始第 1162 次操作

2024-08-26 00:40:08 开始操作号码 【1361161】
2024-08-26 00:40:16 GSD getOne 第 1 次 等待 3 秒
2024-08-26 00:40:19 查询号码 【1361161】，返回信息 {"status":"ok","msg":"上海-上海","gid":"71389","time_insert":"2021-05-28 19:29"}
2024-08-26 00:40:19 查询号码 【1361161】，GSD为【"上海-上海"】

2024-08-26 00:40:20 开始第 1163 次操作

2024-08-26 00:40:20 开始操作号码 【1361162】
2024-08-26 00:40:28 GSD getOne 第 1 次 等待 3 秒
2024-08-26 00:40:31 查询号码 【1361162】，返回信息 {"status":"ok","msg":"上海-上海","gid":"71413","time_insert":"2021-05-28 19:58"}
2024-08-26 00:40:31 查询号码 【1361162】，GSD为【"上海-上海"】

2024-08-26 00:40:32 开始第 1164 次操作

2024-08-26 00:40:32 开始操作号码 【1361163】
2024-08-26 00:40:40 GSD getOne 第 1 次 等待 3 秒
2024-08-26 00:40:43 查询号码 【1361163】，返回信息 {"status":"ok","msg":"上海-上海","gid":"71430","time_insert":"2021-05-28 20:23"}
2024-08-26 00:40:43 查询号码 【1361163】，GSD为【"上海-上海"】

