2024-06-24 00:21:50 开始第 2305 次操作

2024-06-24 00:21:50 开始操作号码 【1472218】
2024-06-24 00:22:36 GSD getOne 第 1 次 等待 3 秒
2024-06-24 00:22:39 查询号码 【1472218】，返回信息 {"status":"ok","msg":"天津-天津","gid":"137012","time_insert":"2021-06-27 04:58"}
2024-06-24 00:22:39 查询号码 【1472218】，GSD为【"天津-天津"】

2024-06-24 00:22:40 开始第 2306 次操作

2024-06-24 00:22:40 开始操作号码 【1472219】
2024-06-24 00:23:02 GSD getOne 第 1 次 等待 3 秒
2024-06-24 00:23:05 查询号码 【1472219】，返回信息 {"status":"ok","msg":"天津-天津","gid":"137055","time_insert":"2021-06-27 05:13"}
2024-06-24 00:23:05 查询号码 【1472219】，GSD为【"天津-天津"】

2024-06-24 00:23:06 开始第 2307 次操作

2024-06-24 00:23:06 开始操作号码 【1472220】
2024-06-24 00:23:23 GSD getOne 第 1 次 等待 3 秒
2024-06-24 00:23:26 查询号码 【1472220】，返回信息 {"status":"ok","msg":"天津-天津","gid":"137083","time_insert":"2021-06-27 05:33"}
2024-06-24 00:23:26 查询号码 【1472220】，GSD为【"天津-天津"】

2024-06-24 00:23:27 开始第 2308 次操作

2024-06-24 00:23:27 开始操作号码 【1472221】
2024-06-24 00:23:44 GSD getOne 第 1 次 等待 3 秒
2024-06-24 00:23:47 查询号码 【1472221】，返回信息 {"status":"ok","msg":"天津-天津","gid":"137147","time_insert":"2021-06-27 05:49"}
2024-06-24 00:23:47 查询号码 【1472221】，GSD为【"天津-天津"】

