2024-03-03 00:19:50 开始第 6725 次操作

2024-03-03 00:19:50 开始操作号码 【1696638】
2024-03-03 00:19:55 GSD getOne 第 1 次 等待 3 秒
2024-03-03 00:19:58 查询号码 【1696638】，返回信息 {"status":"ok","msg":"-","gid":"654444","time_insert":"2023-04-14 19:56"}
2024-03-03 00:19:58 查询号码 【1696638】，GSD为【"-"】
2024-03-03 00:19:58 ok && -
2024-03-03 00:20:01 CHB 1696638?1709396398 第 1 次 等待 3 秒
2024-03-03 00:20:04 CHB 1696638?1709396398 第 1 次 获取到号码【1696638】GSD
2024-03-03 00:20:04 未获取到号码【1696638】GSD，可能号码格式错误
2024-03-03 00:20:04 获取到号码【1696638】的GSD为【-】
2024-03-03 00:20:10 GSD insert 第 1 次 等待 3 秒
2024-03-03 00:20:13 {"status":"bad","gid":"654444","msg":"添加失败！号码【1696638(-|-)】已存在！"}
2024-03-03 00:20:13 随机等待 92 秒，约 1 分钟
2024-03-03 00:20:13 下次操作: 2024-03-03 00:21:45

2024-03-03 00:21:45 开始第 6726 次操作

2024-03-03 00:21:45 开始操作号码 【1696639】
2024-03-03 00:21:50 GSD getOne 第 1 次 等待 3 秒
2024-03-03 00:21:53 查询号码 【1696639】，返回信息 {"status":"ok","msg":"-","gid":"654446","time_insert":"2023-04-14 19:58"}
2024-03-03 00:21:53 查询号码 【1696639】，GSD为【"-"】
2024-03-03 00:21:53 ok && -
2024-03-03 00:21:56 CHB 1696639?1709396513 第 1 次 等待 3 秒
2024-03-03 00:21:59 CHB 1696639?1709396513 第 1 次 获取到号码【1696639】GSD
2024-03-03 00:21:59 未获取到号码【1696639】GSD，可能号码格式错误
2024-03-03 00:21:59 获取到号码【1696639】的GSD为【-】
2024-03-03 00:22:05 GSD insert 第 1 次 等待 3 秒
2024-03-03 00:22:08 {"status":"bad","gid":"654446","msg":"添加失败！号码【1696639(-|-)】已存在！"}
2024-03-03 00:22:08 随机等待 168 秒，约 2 分钟
2024-03-03 00:22:08 下次操作: 2024-03-03 00:24:56

2024-03-03 00:24:56 开始第 6727 次操作

2024-03-03 00:24:56 开始操作号码 【1696640】
2024-03-03 00:25:02 GSD getOne 第 1 次 等待 3 秒
2024-03-03 00:25:05 查询号码 【1696640】，返回信息 {"status":"ok","msg":"-","gid":"654469","time_insert":"2023-04-14 20:16"}
2024-03-03 00:25:05 查询号码 【1696640】，GSD为【"-"】
2024-03-03 00:25:05 ok && -
2024-03-03 00:25:12 CHB 1696640?1709396705 第 1 次 等待 3 秒
2024-03-03 00:25:15 CHB 1696640?1709396705 第 1 次 获取到号码【1696640】GSD
2024-03-03 00:25:15 未获取到号码【1696640】GSD，可能号码格式错误
2024-03-03 00:25:15 获取到号码【1696640】的GSD为【-】
2024-03-03 00:25:21 GSD insert 第 1 次 等待 3 秒
2024-03-03 00:25:24 {"status":"bad","gid":"654469","msg":"添加失败！号码【1696640(-|-)】已存在！"}
2024-03-03 00:25:24 随机等待 162 秒，约 2 分钟
2024-03-03 00:25:24 下次操作: 2024-03-03 00:28:06

2024-03-03 00:28:06 开始第 6728 次操作

2024-03-03 00:28:06 开始操作号码 【1696641】
2024-03-03 00:28:13 GSD getOne 第 1 次 等待 3 秒
2024-03-03 00:28:16 查询号码 【1696641】，返回信息 {"status":"ok","msg":"-","gid":"654472","time_insert":"2023-04-14 20:19"}
2024-03-03 00:28:16 查询号码 【1696641】，GSD为【"-"】
2024-03-03 00:28:16 ok && -
2024-03-03 00:28:19 CHB 1696641?1709396896 第 1 次 等待 3 秒
2024-03-03 00:28:22 CHB 1696641?1709396896 第 1 次 获取到号码【1696641】GSD
2024-03-03 00:28:22 未获取到号码【1696641】GSD，可能号码格式错误
2024-03-03 00:28:22 获取到号码【1696641】的GSD为【-】
2024-03-03 00:28:30 GSD insert 第 1 次 等待 3 秒
2024-03-03 00:28:33 {"status":"bad","gid":"654472","msg":"添加失败！号码【1696641(-|-)】已存在！"}

