2024-03-09 00:19:23 开始第 7737 次操作

2024-03-09 00:19:23 开始操作号码 【1697650】
2024-03-09 00:19:28 GSD getOne 第 1 次 等待 3 秒
2024-03-09 00:19:31 查询号码 【1697650】，返回信息 {"status":"ok","msg":"-","gid":"655076","time_insert":"2023-04-15 02:40"}
2024-03-09 00:19:31 查询号码 【1697650】，GSD为【"-"】
2024-03-09 00:19:31 ok && -
2024-03-09 00:19:33 CHB 1697650?1709914771 第 1 次 等待 3 秒
2024-03-09 00:19:36 CHB 1697650?1709914771 第 1 次 获取到号码【1697650】GSD
2024-03-09 00:19:36 未获取到号码【1697650】GSD，可能号码格式错误
2024-03-09 00:19:36 获取到号码【1697650】的GSD为【-】
2024-03-09 00:19:44 GSD insert 第 1 次 等待 3 秒
2024-03-09 00:19:47 {"status":"bad","gid":"655076","msg":"添加失败！号码【1697650(-|-)】已存在！"}
2024-03-09 00:19:47 随机等待 166 秒，约 2 分钟
2024-03-09 00:19:47 下次操作: 2024-03-09 00:22:33

2024-03-09 00:22:33 开始第 7738 次操作

2024-03-09 00:22:33 开始操作号码 【1697651】
2024-03-09 00:22:37 GSD getOne 第 1 次 等待 3 秒
2024-03-09 00:22:40 查询号码 【1697651】，返回信息 {"status":"ok","msg":"-","gid":"655072","time_insert":"2023-04-15 02:38"}
2024-03-09 00:22:40 查询号码 【1697651】，GSD为【"-"】
2024-03-09 00:22:40 ok && -
2024-03-09 00:22:43 CHB 1697651?1709914960 第 1 次 等待 3 秒
2024-03-09 00:22:46 CHB 1697651?1709914960 第 1 次 获取到号码【1697651】GSD
2024-03-09 00:22:46 未获取到号码【1697651】GSD，可能号码格式错误
2024-03-09 00:22:46 获取到号码【1697651】的GSD为【-】
2024-03-09 00:22:50 GSD insert 第 1 次 等待 3 秒
2024-03-09 00:22:53 {"status":"bad","gid":"655072","msg":"添加失败！号码【1697651(-|-)】已存在！"}
2024-03-09 00:22:53 随机等待 115 秒，约 1 分钟
2024-03-09 00:22:53 下次操作: 2024-03-09 00:24:48

2024-03-09 00:24:48 开始第 7739 次操作

2024-03-09 00:24:48 开始操作号码 【1697652】
2024-03-09 00:24:53 GSD getOne 第 1 次 等待 3 秒
2024-03-09 00:24:56 查询号码 【1697652】，返回信息 {"status":"ok","msg":"-","gid":"655068","time_insert":"2023-04-15 02:35"}
2024-03-09 00:24:56 查询号码 【1697652】，GSD为【"-"】
2024-03-09 00:24:56 ok && -
2024-03-09 00:24:58 CHB 1697652?1709915096 第 1 次 等待 3 秒
2024-03-09 00:25:01 CHB 1697652?1709915096 第 1 次 获取到号码【1697652】GSD
2024-03-09 00:25:01 未获取到号码【1697652】GSD，可能号码格式错误
2024-03-09 00:25:01 获取到号码【1697652】的GSD为【-】
2024-03-09 00:25:09 GSD insert 第 1 次 等待 3 秒
2024-03-09 00:25:12 {"status":"bad","gid":"655068","msg":"添加失败！号码【1697652(-|-)】已存在！"}
2024-03-09 00:25:12 随机等待 98 秒，约 1 分钟
2024-03-09 00:25:12 下次操作: 2024-03-09 00:26:50

2024-03-09 00:26:50 开始第 7740 次操作

2024-03-09 00:26:50 开始操作号码 【1697653】
2024-03-09 00:26:55 GSD getOne 第 1 次 等待 3 秒
2024-03-09 00:26:58 查询号码 【1697653】，返回信息 {"status":"ok","msg":"-","gid":"655064","time_insert":"2023-04-15 02:33"}
2024-03-09 00:26:58 查询号码 【1697653】，GSD为【"-"】
2024-03-09 00:26:58 ok && -
2024-03-09 00:27:00 CHB 1697653?1709915218 第 1 次 等待 3 秒
2024-03-09 00:27:03 CHB 1697653?1709915218 第 1 次 获取到号码【1697653】GSD
2024-03-09 00:27:03 未获取到号码【1697653】GSD，可能号码格式错误
2024-03-09 00:27:03 获取到号码【1697653】的GSD为【-】
2024-03-09 00:27:08 GSD insert 第 1 次 等待 3 秒
2024-03-09 00:27:11 {"status":"bad","gid":"655064","msg":"添加失败！号码【1697653(-|-)】已存在！"}

2024-03-09 00:37:46 开始第 7741 次操作

2024-03-09 00:37:46 开始操作号码 【1697654】
2024-03-09 00:37:55 GSD getOne 第 1 次 等待 3 秒
2024-03-09 00:37:58 查询号码 【1697654】，返回信息 {"status":"ok","msg":"-","gid":"655060","time_insert":"2023-04-15 02:31"}
2024-03-09 00:37:58 查询号码 【1697654】，GSD为【"-"】
2024-03-09 00:37:58 ok && -
2024-03-09 00:38:01 CHB 1697654?1709915878 第 1 次 等待 3 秒
2024-03-09 00:38:04 CHB 1697654?1709915878 第 1 次 获取到号码【1697654】GSD
2024-03-09 00:38:04 未获取到号码【1697654】GSD，可能号码格式错误
2024-03-09 00:38:04 获取到号码【1697654】的GSD为【-】
2024-03-09 00:38:09 GSD insert 第 1 次 等待 3 秒
2024-03-09 00:38:12 {"status":"bad","gid":"655060","msg":"添加失败！号码【1697654(-|-)】已存在！"}
2024-03-09 00:38:12 随机等待 124 秒，约 2 分钟
2024-03-09 00:38:12 下次操作: 2024-03-09 00:40:16

2024-03-09 00:40:16 开始第 7742 次操作

2024-03-09 00:40:16 开始操作号码 【1697655】
2024-03-09 00:40:21 GSD getOne 第 1 次 等待 3 秒
2024-03-09 00:40:24 查询号码 【1697655】，返回信息 {"status":"ok","msg":"-","gid":"655053","time_insert":"2023-04-15 02:29"}
2024-03-09 00:40:24 查询号码 【1697655】，GSD为【"-"】
2024-03-09 00:40:24 ok && -
2024-03-09 00:40:26 CHB 1697655?1709916024 第 1 次 等待 3 秒
2024-03-09 00:40:29 CHB 1697655?1709916024 第 1 次 获取到号码【1697655】GSD
2024-03-09 00:40:29 未获取到号码【1697655】GSD，可能号码格式错误
2024-03-09 00:40:29 获取到号码【1697655】的GSD为【-】
2024-03-09 00:40:34 GSD insert 第 1 次 等待 3 秒
2024-03-09 00:40:37 {"status":"bad","gid":"655053","msg":"添加失败！号码【1697655(-|-)】已存在！"}
2024-03-09 00:40:37 随机等待 226 秒，约 3 分钟
2024-03-09 00:40:37 下次操作: 2024-03-09 00:44:23

2024-03-09 00:44:23 开始第 7743 次操作

2024-03-09 00:44:23 开始操作号码 【1697656】
2024-03-09 00:44:28 GSD getOne 第 1 次 等待 3 秒
2024-03-09 00:44:31 查询号码 【1697656】，返回信息 {"status":"ok","msg":"-","gid":"655044","time_insert":"2023-04-15 02:21"}
2024-03-09 00:44:31 查询号码 【1697656】，GSD为【"-"】
2024-03-09 00:44:31 ok && -
2024-03-09 00:44:33 CHB 1697656?1709916271 第 1 次 等待 3 秒
2024-03-09 00:44:36 CHB 1697656?1709916271 第 1 次 获取到号码【1697656】GSD
2024-03-09 00:44:36 未获取到号码【1697656】GSD，可能号码格式错误
2024-03-09 00:44:36 获取到号码【1697656】的GSD为【-】
2024-03-09 00:44:41 GSD insert 第 1 次 等待 3 秒
2024-03-09 00:44:44 {"status":"bad","gid":"655044","msg":"添加失败！号码【1697656(-|-)】已存在！"}
2024-03-09 00:44:44 随机等待 165 秒，约 2 分钟
2024-03-09 00:44:44 下次操作: 2024-03-09 00:47:29

2024-03-09 00:47:29 开始第 7744 次操作

2024-03-09 00:47:29 开始操作号码 【1697657】
2024-03-09 00:47:38 GSD getOne 第 1 次 等待 3 秒
2024-03-09 00:47:41 查询号码 【1697657】，返回信息 {"status":"ok","msg":"-","gid":"655040","time_insert":"2023-04-15 02:18"}
2024-03-09 00:47:41 查询号码 【1697657】，GSD为【"-"】
2024-03-09 00:47:41 ok && -
2024-03-09 00:47:43 CHB 1697657?1709916461 第 1 次 等待 3 秒
2024-03-09 00:47:46 CHB 1697657?1709916461 第 1 次 获取到号码【1697657】GSD
2024-03-09 00:47:46 未获取到号码【1697657】GSD，可能号码格式错误
2024-03-09 00:47:46 获取到号码【1697657】的GSD为【-】
2024-03-09 00:47:54 GSD insert 第 1 次 等待 3 秒
2024-03-09 00:47:57 {"status":"bad","gid":"655040","msg":"添加失败！号码【1697657(-|-)】已存在！"}

