2024-08-25 00:19:54 开始第 985 次操作

2024-08-25 00:19:54 开始操作号码 【1360984】
2024-08-25 00:20:02 GSD getOne 第 1 次 等待 3 秒
2024-08-25 00:20:05 查询号码 【1360984】，返回信息 {"status":"ok","msg":"辽宁-大连","gid":"68576","time_insert":"2021-05-26 05:25"}
2024-08-25 00:20:05 查询号码 【1360984】，GSD为【"辽宁-大连"】

2024-08-25 00:20:06 开始第 986 次操作

2024-08-25 00:20:06 开始操作号码 【1360985】
2024-08-25 00:20:14 GSD getOne 第 1 次 等待 3 秒
2024-08-25 00:20:17 查询号码 【1360985】，返回信息 {"status":"ok","msg":"辽宁-大连","gid":"68597","time_insert":"2021-05-26 05:54"}
2024-08-25 00:20:17 查询号码 【1360985】，GSD为【"辽宁-大连"】

2024-08-25 00:20:18 开始第 987 次操作

2024-08-25 00:20:18 开始操作号码 【1360986】
2024-08-25 00:20:28 GSD getOne 第 1 次 等待 3 秒
2024-08-25 00:20:31 查询号码 【1360986】，返回信息 {"status":"ok","msg":"辽宁-大连","gid":"68619","time_insert":"2021-05-26 06:22"}
2024-08-25 00:20:31 查询号码 【1360986】，GSD为【"辽宁-大连"】

2024-08-25 00:20:32 开始第 988 次操作

2024-08-25 00:20:32 开始操作号码 【1360987】
2024-08-25 00:20:42 GSD getOne 第 1 次 等待 3 秒
2024-08-25 00:20:45 查询号码 【1360987】，返回信息 {"status":"ok","msg":"辽宁-沈阳","gid":"68638","time_insert":"2021-05-26 06:48"}
2024-08-25 00:20:45 查询号码 【1360987】，GSD为【"辽宁-沈阳"】

2024-08-25 00:40:39 开始第 989 次操作

2024-08-25 00:40:39 开始操作号码 【1360988】
2024-08-25 00:40:48 GSD getOne 第 1 次 等待 3 秒
2024-08-25 00:40:51 查询号码 【1360988】，返回信息 {"status":"ok","msg":"辽宁-沈阳","gid":"68662","time_insert":"2021-05-26 07:17"}
2024-08-25 00:40:51 查询号码 【1360988】，GSD为【"辽宁-沈阳"】

2024-08-25 00:40:52 开始第 990 次操作

2024-08-25 00:40:52 开始操作号码 【1360989】
2024-08-25 00:41:01 GSD getOne 第 1 次 等待 3 秒
2024-08-25 00:41:04 查询号码 【1360989】，返回信息 {"status":"ok","msg":"辽宁-沈阳","gid":"68687","time_insert":"2021-05-26 07:45"}
2024-08-25 00:41:04 查询号码 【1360989】，GSD为【"辽宁-沈阳"】

2024-08-25 00:41:05 开始第 991 次操作

2024-08-25 00:41:05 开始操作号码 【1360990】
2024-08-25 00:41:13 GSD getOne 第 1 次 等待 3 秒
2024-08-25 00:41:16 查询号码 【1360990】，返回信息 {"status":"ok","msg":"新疆-乌鲁木齐","gid":"68701","time_insert":"2021-05-26 08:01"}
2024-08-25 00:41:16 查询号码 【1360990】，GSD为【"新疆-乌鲁木齐"】

2024-08-25 00:41:17 开始第 992 次操作

2024-08-25 00:41:17 开始操作号码 【1360991】
2024-08-25 00:41:29 GSD getOne 第 1 次 等待 3 秒
2024-08-25 00:41:32 查询号码 【1360991】，返回信息 {"status":"ok","msg":"新疆-乌鲁木齐","gid":"68713","time_insert":"2021-05-26 08:18"}
2024-08-25 00:41:32 查询号码 【1360991】，GSD为【"新疆-乌鲁木齐"】

2024-08-25 01:15:55 开始第 993 次操作

2024-08-25 01:15:55 开始操作号码 【1360992】
2024-08-25 01:16:04 GSD getOne 第 1 次 等待 3 秒
2024-08-25 01:16:07 查询号码 【1360992】，返回信息 {"status":"ok","msg":"新疆-乌鲁木齐","gid":"68736","time_insert":"2021-05-26 08:44"}
2024-08-25 01:16:07 查询号码 【1360992】，GSD为【"新疆-乌鲁木齐"】

2024-08-25 01:16:08 开始第 994 次操作

2024-08-25 01:16:08 开始操作号码 【1360993】
2024-08-25 01:16:16 GSD getOne 第 1 次 等待 3 秒
2024-08-25 01:16:19 查询号码 【1360993】，返回信息 {"status":"ok","msg":"新疆-乌鲁木齐","gid":"7406","time_insert":"2018-01-22 11:13","time_update":"2020-12-24 11:32"}
2024-08-25 01:16:19 查询号码 【1360993】，GSD为【"新疆-乌鲁木齐"】

2024-08-25 01:16:20 开始第 995 次操作

2024-08-25 01:16:20 开始操作号码 【1360994】
2024-08-25 01:16:28 GSD getOne 第 1 次 等待 3 秒
2024-08-25 01:16:31 查询号码 【1360994】，返回信息 {"status":"ok","msg":"新疆-昌吉","gid":"7407","time_insert":"2018-05-19 22:36","time_update":"2020-12-24 11:26"}
2024-08-25 01:16:31 查询号码 【1360994】，GSD为【"新疆-昌吉"】

2024-08-25 01:16:32 开始第 996 次操作

2024-08-25 01:16:32 开始操作号码 【1360995】
2024-08-25 01:16:43 GSD getOne 第 1 次 等待 3 秒
2024-08-25 01:16:46 查询号码 【1360995】，返回信息 {"status":"ok","msg":"新疆-乌鲁木齐","gid":"68759","time_insert":"2021-05-26 09:14"}
2024-08-25 01:16:46 查询号码 【1360995】，GSD为【"新疆-乌鲁木齐"】

