2024-03-28 00:23:00 开始第 513 次操作

2024-03-28 00:23:00 开始操作号码 【1580427】
2024-03-28 00:23:06 GSD getOne 第 1 次 等待 3 秒
2024-03-28 00:23:09 查询号码 【1580427】，返回信息 {"status":"ok","msg":"辽宁-盘锦","gid":"90140","time_insert":"2021-06-10 20:31"}
2024-03-28 00:23:09 查询号码 【1580427】，GSD为【"辽宁-盘锦"】

2024-03-28 00:23:10 开始第 514 次操作

2024-03-28 00:23:10 开始操作号码 【1580428】
2024-03-28 00:23:18 GSD getOne 第 1 次 等待 3 秒
2024-03-28 00:23:21 查询号码 【1580428】，返回信息 {"status":"ok","msg":"辽宁-朝阳","gid":"90157","time_insert":"2021-06-10 20:51"}
2024-03-28 00:23:21 查询号码 【1580428】，GSD为【"辽宁-朝阳"】

2024-03-28 00:23:22 开始第 515 次操作

2024-03-28 00:23:22 开始操作号码 【1580429】
2024-03-28 00:23:28 GSD getOne 第 1 次 等待 3 秒
2024-03-28 00:23:31 查询号码 【1580429】，返回信息 {"status":"ok","msg":"辽宁-葫芦岛","gid":"90178","time_insert":"2021-06-10 21:12"}
2024-03-28 00:23:31 查询号码 【1580429】，GSD为【"辽宁-葫芦岛"】

2024-03-28 00:23:32 开始第 516 次操作

2024-03-28 00:23:32 开始操作号码 【1580430】
2024-03-28 00:23:37 GSD getOne 第 1 次 等待 3 秒
2024-03-28 00:23:40 查询号码 【1580430】，返回信息 {"status":"ok","msg":"吉林-长春","gid":"90195","time_insert":"2021-06-10 21:31"}
2024-03-28 00:23:40 查询号码 【1580430】，GSD为【"吉林-长春"】

2024-03-28 00:41:23 开始第 517 次操作

2024-03-28 00:41:23 开始操作号码 【1580431】
2024-03-28 00:41:30 GSD getOne 第 1 次 等待 3 秒
2024-03-28 00:41:33 查询号码 【1580431】，返回信息 {"status":"ok","msg":"吉林-长春","gid":"24225","time_insert":"2020-05-26 16:56","time_update":"2020-08-21 10:06"}
2024-03-28 00:41:34 查询号码 【1580431】，GSD为【"吉林-长春"】

2024-03-28 00:41:35 开始第 518 次操作

2024-03-28 00:41:35 开始操作号码 【1580432】
2024-03-28 00:41:40 GSD getOne 第 1 次 等待 3 秒
2024-03-28 00:41:43 查询号码 【1580432】，返回信息 {"status":"ok","msg":"吉林-吉林","gid":"90210","time_insert":"2021-06-10 21:49"}
2024-03-28 00:41:43 查询号码 【1580432】，GSD为【"吉林-吉林"】

2024-03-28 00:41:44 开始第 519 次操作

2024-03-28 00:41:44 开始操作号码 【1580433】
2024-03-28 00:41:49 GSD getOne 第 1 次 等待 3 秒
2024-03-28 00:41:52 查询号码 【1580433】，返回信息 {"status":"ok","msg":"吉林-延边","gid":"90227","time_insert":"2021-06-10 22:06"}
2024-03-28 00:41:52 查询号码 【1580433】，GSD为【"吉林-延边"】

2024-03-28 00:41:53 开始第 520 次操作

2024-03-28 00:41:53 开始操作号码 【1580434】
2024-03-28 00:41:58 GSD getOne 第 1 次 等待 3 秒
2024-03-28 00:42:01 查询号码 【1580434】，返回信息 {"status":"ok","msg":"吉林-四平","gid":"24226","time_insert":"2017-10-10 08:04","time_update":"2020-08-21 10:11"}
2024-03-28 00:42:01 查询号码 【1580434】，GSD为【"吉林-四平"】

