2024-09-30 00:22:51 开始第 7169 次操作

2024-09-30 00:22:51 开始操作号码 【1367168】
2024-09-30 00:22:54 GSD getOne 第 1 次 等待 3 秒
2024-09-30 00:22:57 查询号码 【1367168】，返回信息 {"status":"ok","msg":"上海-上海","gid":"351694","time_insert":"2021-07-22 03:42"}
2024-09-30 00:22:57 查询号码 【1367168】，GSD为【"上海-上海"】

2024-09-30 00:22:58 开始第 7170 次操作

2024-09-30 00:22:58 开始操作号码 【1367169】
2024-09-30 00:23:00 GSD getOne 第 1 次 等待 3 秒
2024-09-30 00:23:03 查询号码 【1367169】，返回信息 {"status":"ok","msg":"上海-上海","gid":"8691","time_insert":"2014-07-30 16:18","time_update":"2020-12-30 23:17"}
2024-09-30 00:23:03 查询号码 【1367169】，GSD为【"上海-上海"】

2024-09-30 00:23:04 开始第 7171 次操作

2024-09-30 00:23:04 开始操作号码 【1367170】
2024-09-30 00:23:07 GSD getOne 第 1 次 等待 3 秒
2024-09-30 00:23:10 查询号码 【1367170】，返回信息 {"status":"ok","msg":"上海-上海","gid":"65788","time_insert":"2021-05-23 16:49","time_update":"2021-05-23 17:20"}
2024-09-30 00:23:10 查询号码 【1367170】，GSD为【"上海-上海"】

2024-09-30 00:23:11 开始第 7172 次操作

2024-09-30 00:23:11 开始操作号码 【1367171】
2024-09-30 00:23:14 GSD getOne 第 1 次 等待 3 秒
2024-09-30 00:23:17 查询号码 【1367171】，返回信息 {"status":"ok","msg":"上海-上海","gid":"351682","time_insert":"2021-07-22 03:41"}
2024-09-30 00:23:17 查询号码 【1367171】，GSD为【"上海-上海"】

