2024-10-14 00:22:10 开始第 9565 次操作

2024-10-14 00:22:10 开始操作号码 【1369564】
2024-10-14 00:22:12 GSD getOne 第 1 次 等待 3 秒
2024-10-14 00:22:15 查询号码 【1369564】，返回信息 {"status":"ok","msg":"安徽-六安","gid":"330404","time_insert":"2021-07-19 22:32"}
2024-10-14 00:22:15 查询号码 【1369564】，GSD为【"安徽-六安"】

2024-10-14 00:22:16 开始第 9566 次操作

2024-10-14 00:22:16 开始操作号码 【1369565】
2024-10-14 00:22:18 GSD getOne 第 1 次 等待 3 秒
2024-10-14 00:22:21 查询号码 【1369565】，返回信息 {"status":"ok","msg":"安徽-合肥","gid":"330399","time_insert":"2021-07-19 22:32"}
2024-10-14 00:22:21 查询号码 【1369565】，GSD为【"安徽-合肥"】

2024-10-14 00:22:22 开始第 9567 次操作

2024-10-14 00:22:22 开始操作号码 【1369566】
2024-10-14 00:22:24 GSD getOne 第 1 次 等待 3 秒
2024-10-14 00:22:27 查询号码 【1369566】，返回信息 {"status":"ok","msg":"安徽-池州","gid":"330397","time_insert":"2021-07-19 22:31"}
2024-10-14 00:22:27 查询号码 【1369566】，GSD为【"安徽-池州"】

2024-10-14 00:22:28 开始第 9568 次操作

2024-10-14 00:22:28 开始操作号码 【1369567】
2024-10-14 00:22:30 GSD getOne 第 1 次 等待 3 秒
2024-10-14 00:22:33 查询号码 【1369567】，返回信息 {"status":"ok","msg":"安徽-芜湖","gid":"330390","time_insert":"2021-07-19 22:30"}
2024-10-14 00:22:33 查询号码 【1369567】，GSD为【"安徽-芜湖"】

2024-10-14 00:42:39 开始第 9569 次操作

2024-10-14 00:42:39 开始操作号码 【1369568】
2024-10-14 00:42:43 GSD getOne 第 1 次 等待 3 秒
2024-10-14 00:42:46 查询号码 【1369568】，返回信息 {"status":"ok","msg":"安徽-亳州","gid":"330384","time_insert":"2021-07-19 22:29"}
2024-10-14 00:42:46 查询号码 【1369568】，GSD为【"安徽-亳州"】

2024-10-14 00:42:47 开始第 9570 次操作

2024-10-14 00:42:47 开始操作号码 【1369569】
2024-10-14 00:42:49 GSD getOne 第 1 次 等待 3 秒
2024-10-14 00:42:52 查询号码 【1369569】，返回信息 {"status":"ok","msg":"安徽-合肥","gid":"330377","time_insert":"2021-07-19 22:29"}
2024-10-14 00:42:52 查询号码 【1369569】，GSD为【"安徽-合肥"】

2024-10-14 00:42:53 开始第 9571 次操作

2024-10-14 00:42:53 开始操作号码 【1369570】
2024-10-14 00:42:55 GSD getOne 第 1 次 等待 3 秒
2024-10-14 00:42:58 查询号码 【1369570】，返回信息 {"status":"ok","msg":"浙江-温州","gid":"330371","time_insert":"2021-07-19 22:28"}
2024-10-14 00:42:58 查询号码 【1369570】，GSD为【"浙江-温州"】

2024-10-14 00:42:59 开始第 9572 次操作

2024-10-14 00:42:59 开始操作号码 【1369571】
2024-10-14 00:43:01 GSD getOne 第 1 次 等待 3 秒
2024-10-14 00:43:04 查询号码 【1369571】，返回信息 {"status":"ok","msg":"浙江-温州","gid":"51021","time_insert":"2021-04-22 09:03"}
2024-10-14 00:43:04 查询号码 【1369571】，GSD为【"浙江-温州"】

2024-10-14 01:14:57 开始第 9573 次操作

2024-10-14 01:14:57 开始操作号码 【1369572】
2024-10-14 01:14:59 GSD getOne 第 1 次 等待 3 秒
2024-10-14 01:15:02 查询号码 【1369572】，返回信息 {"status":"ok","msg":"浙江-温州","gid":"9198","time_insert":"2015-09-08 17:20","time_update":"2020-08-28 11:14"}
2024-10-14 01:15:02 查询号码 【1369572】，GSD为【"浙江-温州"】

2024-10-14 01:15:03 开始第 9574 次操作

2024-10-14 01:15:03 开始操作号码 【1369573】
2024-10-14 01:15:05 GSD getOne 第 1 次 等待 3 秒
2024-10-14 01:15:08 查询号码 【1369573】，返回信息 {"status":"ok","msg":"浙江-温州","gid":"330357","time_insert":"2021-07-19 22:27"}
2024-10-14 01:15:08 查询号码 【1369573】，GSD为【"浙江-温州"】

2024-10-14 01:15:09 开始第 9575 次操作

2024-10-14 01:15:09 开始操作号码 【1369574】
2024-10-14 01:15:11 GSD getOne 第 1 次 等待 3 秒
2024-10-14 01:15:14 查询号码 【1369574】，返回信息 {"status":"ok","msg":"浙江-温州","gid":"330349","time_insert":"2021-07-19 22:26"}
2024-10-14 01:15:14 查询号码 【1369574】，GSD为【"浙江-温州"】

2024-10-14 01:15:15 开始第 9576 次操作

2024-10-14 01:15:15 开始操作号码 【1369575】
2024-10-14 01:15:18 GSD getOne 第 1 次 等待 3 秒
2024-10-14 01:15:21 查询号码 【1369575】，返回信息 {"status":"ok","msg":"浙江-温州","gid":"330338","time_insert":"2021-07-19 22:25"}
2024-10-14 01:15:21 查询号码 【1369575】，GSD为【"浙江-温州"】

2024-10-14 01:37:34 开始第 9577 次操作

2024-10-14 01:37:34 开始操作号码 【1369576】
2024-10-14 01:37:36 GSD getOne 第 1 次 等待 3 秒
2024-10-14 01:37:39 查询号码 【1369576】，返回信息 {"status":"ok","msg":"浙江-温州","gid":"330334","time_insert":"2021-07-19 22:25"}
2024-10-14 01:37:39 查询号码 【1369576】，GSD为【"浙江-温州"】

2024-10-14 01:37:40 开始第 9578 次操作

2024-10-14 01:37:40 开始操作号码 【1369577】
2024-10-14 01:37:42 GSD getOne 第 1 次 等待 3 秒
2024-10-14 01:37:45 查询号码 【1369577】，返回信息 {"status":"ok","msg":"浙江-丽水","gid":"330329","time_insert":"2021-07-19 22:24"}
2024-10-14 01:37:45 查询号码 【1369577】，GSD为【"浙江-丽水"】

2024-10-14 01:37:46 开始第 9579 次操作

2024-10-14 01:37:46 开始操作号码 【1369578】
2024-10-14 01:37:48 GSD getOne 第 1 次 等待 3 秒
2024-10-14 01:37:51 查询号码 【1369578】，返回信息 {"status":"ok","msg":"浙江-丽水","gid":"9199","time_insert":"2018-09-06 14:06","time_update":"2020-08-28 11:18"}
2024-10-14 01:37:52 查询号码 【1369578】，GSD为【"浙江-丽水"】

2024-10-14 01:37:53 开始第 9580 次操作

2024-10-14 01:37:53 开始操作号码 【1369579】
2024-10-14 01:37:54 GSD getOne 第 1 次 等待 3 秒
2024-10-14 01:37:57 查询号码 【1369579】，返回信息 {"status":"ok","msg":"浙江-丽水","gid":"330316","time_insert":"2021-07-19 22:23"}
2024-10-14 01:37:57 查询号码 【1369579】，GSD为【"浙江-丽水"】

2024-10-14 02:24:08 开始第 9581 次操作

2024-10-14 02:24:08 开始操作号码 【1369580】
2024-10-14 02:24:10 GSD getOne 第 1 次 等待 3 秒
2024-10-14 02:24:13 查询号码 【1369580】，返回信息 {"status":"ok","msg":"浙江-温州","gid":"330310","time_insert":"2021-07-19 22:23"}
2024-10-14 02:24:13 查询号码 【1369580】，GSD为【"浙江-温州"】

2024-10-14 02:24:14 开始第 9582 次操作

2024-10-14 02:24:14 开始操作号码 【1369581】
2024-10-14 02:24:16 GSD getOne 第 1 次 等待 3 秒
2024-10-14 02:24:19 查询号码 【1369581】，返回信息 {"status":"ok","msg":"浙江-温州","gid":"330305","time_insert":"2021-07-19 22:22"}
2024-10-14 02:24:19 查询号码 【1369581】，GSD为【"浙江-温州"】

2024-10-14 02:24:20 开始第 9583 次操作

2024-10-14 02:24:20 开始操作号码 【1369582】
2024-10-14 02:24:22 GSD getOne 第 1 次 等待 3 秒
2024-10-14 02:24:25 查询号码 【1369582】，返回信息 {"status":"ok","msg":"浙江-温州","gid":"9200","time_insert":"2017-08-20 18:36","time_update":"2020-08-28 11:22"}
2024-10-14 02:24:25 查询号码 【1369582】，GSD为【"浙江-温州"】

2024-10-14 02:24:26 开始第 9584 次操作

2024-10-14 02:24:26 开始操作号码 【1369583】
2024-10-14 02:24:27 GSD getOne 第 1 次 等待 3 秒
2024-10-14 02:24:30 查询号码 【1369583】，返回信息 {"status":"ok","msg":"浙江-温州","gid":"9201","time_insert":"2017-03-03 08:54","time_update":"2020-08-28 11:25"}
2024-10-14 02:24:30 查询号码 【1369583】，GSD为【"浙江-温州"】

2024-10-14 02:42:19 开始第 9585 次操作

2024-10-14 02:42:19 开始操作号码 【1369584】
2024-10-14 02:42:22 GSD getOne 第 1 次 等待 3 秒
2024-10-14 02:42:25 查询号码 【1369584】，返回信息 {"status":"ok","msg":"浙江-温州","gid":"330294","time_insert":"2021-07-19 22:21"}
2024-10-14 02:42:25 查询号码 【1369584】，GSD为【"浙江-温州"】

2024-10-14 02:42:26 开始第 9586 次操作

2024-10-14 02:42:26 开始操作号码 【1369585】
2024-10-14 02:42:28 GSD getOne 第 1 次 等待 3 秒
2024-10-14 02:42:31 查询号码 【1369585】，返回信息 {"status":"ok","msg":"浙江-温州","gid":"330288","time_insert":"2021-07-19 22:20"}
2024-10-14 02:42:31 查询号码 【1369585】，GSD为【"浙江-温州"】

2024-10-14 02:42:32 开始第 9587 次操作

2024-10-14 02:42:32 开始操作号码 【1369586】
2024-10-14 02:42:34 GSD getOne 第 1 次 等待 3 秒
2024-10-14 02:42:37 查询号码 【1369586】，返回信息 {"status":"ok","msg":"浙江-温州","gid":"9202","time_insert":"2019-11-15 11:24","time_update":"2020-08-28 11:30"}
2024-10-14 02:42:37 查询号码 【1369586】，GSD为【"浙江-温州"】

2024-10-14 02:42:38 开始第 9588 次操作

2024-10-14 02:42:38 开始操作号码 【1369587】
2024-10-14 02:42:40 GSD getOne 第 1 次 等待 3 秒
2024-10-14 02:42:43 查询号码 【1369587】，返回信息 {"status":"ok","msg":"浙江-温州","gid":"330277","time_insert":"2021-07-19 22:19"}
2024-10-14 02:42:43 查询号码 【1369587】，GSD为【"浙江-温州"】

2024-10-14 03:16:24 开始第 9589 次操作

2024-10-14 03:16:24 开始操作号码 【1369588】
2024-10-14 03:16:26 GSD getOne 第 1 次 等待 3 秒
2024-10-14 03:16:29 查询号码 【1369588】，返回信息 {"status":"ok","msg":"浙江-温州","gid":"330272","time_insert":"2021-07-19 22:19"}
2024-10-14 03:16:29 查询号码 【1369588】，GSD为【"浙江-温州"】

2024-10-14 03:16:30 开始第 9590 次操作

2024-10-14 03:16:30 开始操作号码 【1369589】
2024-10-14 03:16:32 GSD getOne 第 1 次 等待 3 秒
2024-10-14 03:16:35 查询号码 【1369589】，返回信息 {"status":"ok","msg":"浙江-温州","gid":"330268","time_insert":"2021-07-19 22:18"}
2024-10-14 03:16:35 查询号码 【1369589】，GSD为【"浙江-温州"】

2024-10-14 03:16:36 开始第 9591 次操作

2024-10-14 03:16:36 开始操作号码 【1369590】
2024-10-14 03:16:37 GSD getOne 第 1 次 等待 3 秒
2024-10-14 03:16:40 查询号码 【1369590】，返回信息 {"status":"ok","msg":"福建-漳州","gid":"330263","time_insert":"2021-07-19 22:18"}
2024-10-14 03:16:40 查询号码 【1369590】，GSD为【"福建-漳州"】

2024-10-14 03:16:41 开始第 9592 次操作

2024-10-14 03:16:41 开始操作号码 【1369591】
2024-10-14 03:16:43 GSD getOne 第 1 次 等待 3 秒
2024-10-14 03:16:46 查询号码 【1369591】，返回信息 {"status":"ok","msg":"福建-漳州","gid":"330251","time_insert":"2021-07-19 22:17"}
2024-10-14 03:16:46 查询号码 【1369591】，GSD为【"福建-漳州"】

2024-10-14 03:37:06 开始第 9593 次操作

2024-10-14 03:37:06 开始操作号码 【1369592】
2024-10-14 03:37:08 GSD getOne 第 1 次 等待 3 秒
2024-10-14 03:37:11 查询号码 【1369592】，返回信息 {"status":"ok","msg":"福建-漳州","gid":"330244","time_insert":"2021-07-19 22:16"}
2024-10-14 03:37:11 查询号码 【1369592】，GSD为【"福建-漳州"】

2024-10-14 03:37:12 开始第 9594 次操作

2024-10-14 03:37:12 开始操作号码 【1369593】
2024-10-14 03:37:14 GSD getOne 第 1 次 等待 3 秒
2024-10-14 03:37:17 查询号码 【1369593】，返回信息 {"status":"ok","msg":"福建-漳州","gid":"330238","time_insert":"2021-07-19 22:16"}
2024-10-14 03:37:17 查询号码 【1369593】，GSD为【"福建-漳州"】

2024-10-14 03:37:18 开始第 9595 次操作

2024-10-14 03:37:18 开始操作号码 【1369594】
2024-10-14 03:37:20 GSD getOne 第 1 次 等待 3 秒
2024-10-14 03:37:23 查询号码 【1369594】，返回信息 {"status":"ok","msg":"福建-漳州","gid":"330229","time_insert":"2021-07-19 22:15"}
2024-10-14 03:37:23 查询号码 【1369594】，GSD为【"福建-漳州"】

2024-10-14 03:37:24 开始第 9596 次操作

2024-10-14 03:37:24 开始操作号码 【1369595】
2024-10-14 03:37:26 GSD getOne 第 1 次 等待 3 秒
2024-10-14 03:37:29 查询号码 【1369595】，返回信息 {"status":"ok","msg":"福建-漳州","gid":"330224","time_insert":"2021-07-19 22:14"}
2024-10-14 03:37:29 查询号码 【1369595】，GSD为【"福建-漳州"】

2024-10-14 04:19:19 开始第 9597 次操作

2024-10-14 04:19:19 开始操作号码 【1369596】
2024-10-14 04:19:21 GSD getOne 第 1 次 等待 3 秒
2024-10-14 04:19:24 查询号码 【1369596】，返回信息 {"status":"ok","msg":"福建-漳州","gid":"330217","time_insert":"2021-07-19 22:14","time_update":"2021-07-19 23:05"}
2024-10-14 04:19:24 查询号码 【1369596】，GSD为【"福建-漳州"】

2024-10-14 04:19:25 开始第 9598 次操作

2024-10-14 04:19:25 开始操作号码 【1369597】
2024-10-14 04:19:27 GSD getOne 第 1 次 等待 3 秒
2024-10-14 04:19:30 查询号码 【1369597】，返回信息 {"status":"ok","msg":"福建-漳州","gid":"330210","time_insert":"2021-07-19 22:12"}
2024-10-14 04:19:30 查询号码 【1369597】，GSD为【"福建-漳州"】

2024-10-14 04:19:31 开始第 9599 次操作

2024-10-14 04:19:31 开始操作号码 【1369598】
2024-10-14 04:19:32 GSD getOne 第 1 次 等待 3 秒
2024-10-14 04:19:35 查询号码 【1369598】，返回信息 {"status":"ok","msg":"福建-漳州","gid":"330202","time_insert":"2021-07-19 22:12"}
2024-10-14 04:19:35 查询号码 【1369598】，GSD为【"福建-漳州"】

2024-10-14 04:19:36 开始第 9600 次操作

2024-10-14 04:19:36 开始操作号码 【1369599】
2024-10-14 04:19:38 GSD getOne 第 1 次 等待 3 秒
2024-10-14 04:19:41 查询号码 【1369599】，返回信息 {"status":"ok","msg":"福建-漳州","gid":"330114","time_insert":"2021-07-19 21:57"}
2024-10-14 04:19:41 查询号码 【1369599】，GSD为【"福建-漳州"】

2024-10-14 04:38:08 开始第 9601 次操作

2024-10-14 04:38:08 开始操作号码 【1369600】
2024-10-14 04:38:10 GSD getOne 第 1 次 等待 3 秒
2024-10-14 04:38:13 查询号码 【1369600】，返回信息 {"status":"ok","msg":"四川-南充","gid":"9203","time_insert":"2017-04-20 15:10","time_update":"2020-10-14 03:45"}
2024-10-14 04:38:13 查询号码 【1369600】，GSD为【"四川-南充"】

2024-10-14 04:38:14 开始第 9602 次操作

2024-10-14 04:38:14 开始操作号码 【1369601】
2024-10-14 04:38:15 GSD getOne 第 1 次 等待 3 秒
2024-10-14 04:38:18 查询号码 【1369601】，返回信息 {"status":"ok","msg":"四川-南充","gid":"9204","time_insert":"2018-03-28 17:10","time_update":"2020-10-14 03:50"}
2024-10-14 04:38:18 查询号码 【1369601】，GSD为【"四川-南充"】

2024-10-14 04:38:20 开始第 9603 次操作

2024-10-14 04:38:20 开始操作号码 【1369602】
2024-10-14 04:38:21 GSD getOne 第 1 次 等待 3 秒
2024-10-14 04:38:24 查询号码 【1369602】，返回信息 {"status":"ok","msg":"四川-南充","gid":"9205","time_insert":"2018-04-23 14:42","time_update":"2020-10-14 03:54"}
2024-10-14 04:38:24 查询号码 【1369602】，GSD为【"四川-南充"】

2024-10-14 04:38:25 开始第 9604 次操作

2024-10-14 04:38:25 开始操作号码 【1369603】
2024-10-14 04:38:27 GSD getOne 第 1 次 等待 3 秒
2024-10-14 04:38:30 查询号码 【1369603】，返回信息 {"status":"ok","msg":"四川-内江","gid":"9206","time_insert":"2017-02-27 09:16","time_update":"2020-10-14 03:57"}
2024-10-14 04:38:30 查询号码 【1369603】，GSD为【"四川-内江"】

2024-10-14 05:17:39 开始第 9605 次操作

2024-10-14 05:17:39 开始操作号码 【1369604】
2024-10-14 05:17:41 GSD getOne 第 1 次 等待 3 秒
2024-10-14 05:17:44 查询号码 【1369604】，返回信息 {"status":"ok","msg":"四川-内江","gid":"9207","time_insert":"2019-05-27 13:02","time_update":"2020-10-14 04:02"}
2024-10-14 05:17:44 查询号码 【1369604】，GSD为【"四川-内江"】

2024-10-14 05:17:45 开始第 9606 次操作

2024-10-14 05:17:45 开始操作号码 【1369605】
2024-10-14 05:17:47 GSD getOne 第 1 次 等待 3 秒
2024-10-14 05:17:50 查询号码 【1369605】，返回信息 {"status":"ok","msg":"四川-内江","gid":"9208","time_insert":"2018-05-22 13:46","time_update":"2020-10-14 04:05"}
2024-10-14 05:17:50 查询号码 【1369605】，GSD为【"四川-内江"】

2024-10-14 05:17:51 开始第 9607 次操作

2024-10-14 05:17:51 开始操作号码 【1369606】
2024-10-14 05:17:54 GSD getOne 第 1 次 等待 3 秒
2024-10-14 05:17:57 查询号码 【1369606】，返回信息 {"status":"ok","msg":"四川-内江","gid":"9209","time_insert":"2014-02-19 08:29","time_update":"2020-10-14 04:10"}
2024-10-14 05:17:57 查询号码 【1369606】，GSD为【"四川-内江"】

2024-10-14 05:17:58 开始第 9608 次操作

2024-10-14 05:17:58 开始操作号码 【1369607】
2024-10-14 05:18:00 GSD getOne 第 1 次 等待 3 秒
2024-10-14 05:18:03 查询号码 【1369607】，返回信息 {"status":"ok","msg":"四川-眉山","gid":"9210","time_insert":"2015-07-04 11:20","time_update":"2020-10-14 04:15"}
2024-10-14 05:18:03 查询号码 【1369607】，GSD为【"四川-眉山"】

2024-10-14 05:37:16 开始第 9609 次操作

2024-10-14 05:37:16 开始操作号码 【1369608】
2024-10-14 05:37:18 GSD getOne 第 1 次 等待 3 秒
2024-10-14 05:37:21 查询号码 【1369608】，返回信息 {"status":"ok","msg":"四川-眉山","gid":"9211","time_insert":"2015-10-17 16:03","time_update":"2020-10-14 04:15"}
2024-10-14 05:37:21 查询号码 【1369608】，GSD为【"四川-眉山"】

2024-10-14 05:37:22 开始第 9610 次操作

2024-10-14 05:37:22 开始操作号码 【1369609】
2024-10-14 05:37:24 GSD getOne 第 1 次 等待 3 秒
2024-10-14 05:37:27 查询号码 【1369609】，返回信息 {"status":"ok","msg":"四川-广元","gid":"9212","time_insert":"2015-04-25 22:22","time_update":"2020-10-14 04:19"}
2024-10-14 05:37:27 查询号码 【1369609】，GSD为【"四川-广元"】

2024-10-14 05:37:28 开始第 9611 次操作

2024-10-14 05:37:28 开始操作号码 【1369610】
2024-10-14 05:37:29 GSD getOne 第 1 次 等待 3 秒
2024-10-14 05:37:32 查询号码 【1369610】，返回信息 {"status":"ok","msg":"四川-泸州","gid":"9213","time_insert":"2017-09-22 10:44","time_update":"2020-10-14 04:22"}
2024-10-14 05:37:32 查询号码 【1369610】，GSD为【"四川-泸州"】

2024-10-14 05:37:33 开始第 9612 次操作

2024-10-14 05:37:33 开始操作号码 【1369611】
2024-10-14 05:37:35 GSD getOne 第 1 次 等待 3 秒
2024-10-14 05:37:38 查询号码 【1369611】，返回信息 {"status":"ok","msg":"四川-泸州","gid":"9214","time_insert":"2018-05-28 11:05","time_update":"2020-10-14 04:27"}
2024-10-14 05:37:38 查询号码 【1369611】，GSD为【"四川-泸州"】

2024-10-14 06:16:43 开始第 9613 次操作

2024-10-14 06:16:43 开始操作号码 【1369612】
2024-10-14 06:16:46 GSD getOne 第 1 次 等待 3 秒
2024-10-14 06:16:49 查询号码 【1369612】，返回信息 {"status":"ok","msg":"四川-乐山","gid":"9215","time_insert":"2017-05-01 00:00","time_update":"2020-10-14 04:30"}
2024-10-14 06:16:49 查询号码 【1369612】，GSD为【"四川-乐山"】

2024-10-14 06:16:50 开始第 9614 次操作

2024-10-14 06:16:50 开始操作号码 【1369613】
2024-10-14 06:16:51 GSD getOne 第 1 次 等待 3 秒
2024-10-14 06:16:54 查询号码 【1369613】，返回信息 {"status":"ok","msg":"四川-乐山","gid":"9216","time_insert":"2016-11-02 15:46","time_update":"2020-10-14 04:34"}
2024-10-14 06:16:54 查询号码 【1369613】，GSD为【"四川-乐山"】

2024-10-14 06:16:55 开始第 9615 次操作

2024-10-14 06:16:55 开始操作号码 【1369614】
2024-10-14 06:16:57 GSD getOne 第 1 次 等待 3 秒
2024-10-14 06:17:00 查询号码 【1369614】，返回信息 {"status":"ok","msg":"四川-乐山","gid":"9217","time_insert":"2014-02-11 11:19","time_update":"2020-10-14 04:37"}
2024-10-14 06:17:00 查询号码 【1369614】，GSD为【"四川-乐山"】

2024-10-14 06:17:01 开始第 9616 次操作

2024-10-14 06:17:01 开始操作号码 【1369615】
2024-10-14 06:17:03 GSD getOne 第 1 次 等待 3 秒
2024-10-14 06:17:06 查询号码 【1369615】，返回信息 {"status":"ok","msg":"四川-乐山","gid":"9218","time_insert":"2014-10-20 20:45","time_update":"2020-10-14 04:42"}
2024-10-14 06:17:06 查询号码 【1369615】，GSD为【"四川-乐山"】

2024-10-14 06:39:21 开始第 9617 次操作

2024-10-14 06:39:21 开始操作号码 【1369616】
2024-10-14 06:39:23 GSD getOne 第 1 次 等待 3 秒
2024-10-14 06:39:26 查询号码 【1369616】，返回信息 {"status":"ok","msg":"四川-乐山","gid":"9219","time_insert":"2017-01-31 19:50","time_update":"2020-10-14 04:46"}
2024-10-14 06:39:26 查询号码 【1369616】，GSD为【"四川-乐山"】

2024-10-14 06:39:27 开始第 9618 次操作

2024-10-14 06:39:27 开始操作号码 【1369617】
2024-10-14 06:39:29 GSD getOne 第 1 次 等待 3 秒
2024-10-14 06:39:32 查询号码 【1369617】，返回信息 {"status":"ok","msg":"四川-广安","gid":"9220","time_insert":"2016-04-26 12:34","time_update":"2020-10-14 04:50"}
2024-10-14 06:39:32 查询号码 【1369617】，GSD为【"四川-广安"】

2024-10-14 06:39:33 开始第 9619 次操作

2024-10-14 06:39:33 开始操作号码 【1369618】
2024-10-14 06:39:35 GSD getOne 第 1 次 等待 3 秒
2024-10-14 06:39:38 查询号码 【1369618】，返回信息 {"status":"ok","msg":"四川-广安","gid":"9221","time_insert":"2015-03-05 16:43","time_update":"2020-10-14 04:55"}
2024-10-14 06:39:38 查询号码 【1369618】，GSD为【"四川-广安"】

2024-10-14 06:39:39 开始第 9620 次操作

2024-10-14 06:39:39 开始操作号码 【1369619】
2024-10-14 06:39:40 GSD getOne 第 1 次 等待 3 秒
2024-10-14 06:39:43 查询号码 【1369619】，返回信息 {"status":"ok","msg":"四川-德阳","gid":"9222","time_insert":"2016-11-15 18:57","time_update":"2020-10-14 04:59"}
2024-10-14 06:39:43 查询号码 【1369619】，GSD为【"四川-德阳"】

