2023-12-16 00:23:31 开始第 3361 次操作

2023-12-16 00:23:31 开始操作号码 【1803276】
2023-12-16 00:23:56 GSD getOne 第 1 次 等待 3 秒
2023-12-16 00:24:00 查询号码 【1803276】，返回信息 {"status":"ok","msg":"河北-石家庄","gid":"290011","time_insert":"2021-07-16 04:04"}
2023-12-16 00:24:00 查询号码 【1803276】，GSD为【"河北-石家庄"】

2023-12-16 00:24:01 开始第 3362 次操作

2023-12-16 00:24:01 开始操作号码 【1803277】
2023-12-16 00:24:06 GSD getOne 第 1 次 等待 3 秒
2023-12-16 00:24:09 查询号码 【1803277】，返回信息 {"status":"ok","msg":"河北-石家庄","gid":"290014","time_insert":"2021-07-16 04:05"}
2023-12-16 00:24:09 查询号码 【1803277】，GSD为【"河北-石家庄"】

2023-12-16 00:24:10 开始第 3363 次操作

2023-12-16 00:24:10 开始操作号码 【1803278】
2023-12-16 00:24:19 GSD getOne 第 1 次 等待 3 秒
2023-12-16 00:24:22 查询号码 【1803278】，返回信息 {"status":"ok","msg":"河北-石家庄","gid":"290125","time_insert":"2021-07-16 04:41","time_update":"2021-08-07 17:22"}
2023-12-16 00:24:22 查询号码 【1803278】，GSD为【"河北-石家庄"】

2023-12-16 00:24:23 开始第 3364 次操作

2023-12-16 00:24:23 开始操作号码 【1803279】
2023-12-16 00:24:27 GSD getOne 第 1 次 等待 3 秒
2023-12-16 00:24:30 查询号码 【1803279】，返回信息 {"status":"ok","msg":"河北-石家庄","gid":"290140","time_insert":"2021-07-16 04:42","time_update":"2021-08-07 17:26"}
2023-12-16 00:24:30 查询号码 【1803279】，GSD为【"河北-石家庄"】

