2024-07-29 00:23:57 开始第 8409 次操作

2024-07-29 00:23:57 开始操作号码 【1478319】
2024-07-29 00:24:06 GSD getOne 第 1 次 等待 3 秒
2024-07-29 00:24:09 查询号码 【1478319】，返回信息 {"status":"ok","msg":"河南-郑州","gid":"372237","time_insert":"2021-07-24 02:06"}
2024-07-29 00:24:09 查询号码 【1478319】，GSD为【"河南-郑州"】

2024-07-29 00:24:10 开始第 8410 次操作

2024-07-29 00:24:10 开始操作号码 【1478320】
2024-07-29 00:24:18 GSD getOne 第 1 次 等待 3 秒
2024-07-29 00:24:21 查询号码 【1478320】，返回信息 {"status":"ok","msg":"河南-漯河","gid":"372228","time_insert":"2021-07-24 02:05"}
2024-07-29 00:24:21 查询号码 【1478320】，GSD为【"河南-漯河"】

2024-07-29 00:24:22 开始第 8411 次操作

2024-07-29 00:24:22 开始操作号码 【1478321】
2024-07-29 00:24:33 GSD getOne 第 1 次 等待 3 秒
2024-07-29 00:24:36 查询号码 【1478321】，返回信息 {"status":"ok","msg":"河南-漯河","gid":"372219","time_insert":"2021-07-24 02:05"}
2024-07-29 00:24:36 查询号码 【1478321】，GSD为【"河南-漯河"】

2024-07-29 00:24:37 开始第 8412 次操作

2024-07-29 00:24:37 开始操作号码 【1478322】
2024-07-29 00:25:04 GSD getOne 第 1 次 等待 3 秒
2024-07-29 00:25:07 查询号码 【1478322】，返回信息 {"status":"ok","msg":"河南-漯河","gid":"372211","time_insert":"2021-07-24 02:04"}
2024-07-29 00:25:07 查询号码 【1478322】，GSD为【"河南-漯河"】

