2024-03-15 00:21:37 开始第 8801 次操作

2024-03-15 00:21:37 开始操作号码 【1698714】
2024-03-15 00:21:43 GSD getOne 第 1 次 等待 3 秒
2024-03-15 00:21:46 查询号码 【1698714】，返回信息 {"status":"ok","msg":"-","gid":"649451","time_insert":"2023-04-12 13:29"}
2024-03-15 00:21:47 查询号码 【1698714】，GSD为【"-"】
2024-03-15 00:21:47 ok && -
2024-03-15 00:21:49 CHB 1698714?1710433307 第 1 次 等待 3 秒
2024-03-15 00:21:52 CHB 1698714?1710433307 第 1 次 获取到号码【1698714】GSD
2024-03-15 00:21:52 未获取到号码【1698714】GSD，可能号码格式错误
2024-03-15 00:21:52 获取到号码【1698714】的GSD为【-】
2024-03-15 00:21:58 GSD insert 第 1 次 等待 3 秒
2024-03-15 00:22:01 {"status":"bad","gid":"649451","msg":"添加失败！号码【1698714(-|-)】已存在！"}
2024-03-15 00:22:01 随机等待 141 秒，约 2 分钟
2024-03-15 00:22:01 下次操作: 2024-03-15 00:24:22

2024-03-15 00:24:22 开始第 8802 次操作

2024-03-15 00:24:22 开始操作号码 【1698715】
2024-03-15 00:24:27 GSD getOne 第 1 次 等待 3 秒
2024-03-15 00:24:30 查询号码 【1698715】，返回信息 {"status":"ok","msg":"-","gid":"649447","time_insert":"2023-04-12 13:27"}
2024-03-15 00:24:30 查询号码 【1698715】，GSD为【"-"】
2024-03-15 00:24:30 ok && -
2024-03-15 00:24:32 CHB 1698715?1710433470 第 1 次 等待 3 秒
2024-03-15 00:24:35 CHB 1698715?1710433470 第 1 次 获取到号码【1698715】GSD
2024-03-15 00:24:35 未获取到号码【1698715】GSD，可能号码格式错误
2024-03-15 00:24:35 获取到号码【1698715】的GSD为【-】
2024-03-15 00:24:40 GSD insert 第 1 次 等待 3 秒
2024-03-15 00:24:43 {"status":"bad","gid":"649447","msg":"添加失败！号码【1698715(-|-)】已存在！"}
2024-03-15 00:24:43 随机等待 142 秒，约 2 分钟
2024-03-15 00:24:43 下次操作: 2024-03-15 00:27:05

2024-03-15 00:27:05 开始第 8803 次操作

2024-03-15 00:27:05 开始操作号码 【1698716】
2024-03-15 00:27:10 GSD getOne 第 1 次 等待 3 秒
2024-03-15 00:27:13 查询号码 【1698716】，返回信息 {"status":"ok","msg":"-","gid":"649439","time_insert":"2023-04-12 13:23"}
2024-03-15 00:27:13 查询号码 【1698716】，GSD为【"-"】
2024-03-15 00:27:13 ok && -
2024-03-15 00:27:15 CHB 1698716?1710433633 第 1 次 等待 3 秒
2024-03-15 00:27:18 CHB 1698716?1710433633 第 1 次 获取到号码【1698716】GSD
2024-03-15 00:27:18 未获取到号码【1698716】GSD，可能号码格式错误
2024-03-15 00:27:18 获取到号码【1698716】的GSD为【-】
2024-03-15 00:27:25 GSD insert 第 1 次 等待 3 秒
2024-03-15 00:27:28 {"status":"bad","gid":"649439","msg":"添加失败！号码【1698716(-|-)】已存在！"}
2024-03-15 00:27:28 随机等待 89 秒，约 1 分钟
2024-03-15 00:27:28 下次操作: 2024-03-15 00:28:57

2024-03-15 00:28:57 开始第 8804 次操作

2024-03-15 00:28:57 开始操作号码 【1698717】
2024-03-15 00:29:02 GSD getOne 第 1 次 等待 3 秒
2024-03-15 00:29:05 查询号码 【1698717】，返回信息 {"status":"ok","msg":"-","gid":"649435","time_insert":"2023-04-12 13:20"}
2024-03-15 00:29:05 查询号码 【1698717】，GSD为【"-"】
2024-03-15 00:29:05 ok && -
2024-03-15 00:29:07 CHB 1698717?1710433745 第 1 次 等待 3 秒
2024-03-15 00:29:10 CHB 1698717?1710433745 第 1 次 获取到号码【1698717】GSD
2024-03-15 00:29:11 未获取到号码【1698717】GSD，可能号码格式错误
2024-03-15 00:29:11 获取到号码【1698717】的GSD为【-】
2024-03-15 00:29:15 GSD insert 第 1 次 等待 3 秒
2024-03-15 00:29:18 {"status":"bad","gid":"649435","msg":"添加失败！号码【1698717(-|-)】已存在！"}

2024-03-15 00:38:50 开始第 8805 次操作

2024-03-15 00:38:50 开始操作号码 【1698718】
2024-03-15 00:38:57 GSD getOne 第 1 次 等待 3 秒
2024-03-15 00:39:00 查询号码 【1698718】，返回信息 {"status":"ok","msg":"-","gid":"649432","time_insert":"2023-04-12 13:18"}
2024-03-15 00:39:00 查询号码 【1698718】，GSD为【"-"】
2024-03-15 00:39:00 ok && -
2024-03-15 00:39:02 CHB 1698718?1710434340 第 1 次 等待 3 秒
2024-03-15 00:39:05 CHB 1698718?1710434340 第 1 次 获取到号码【1698718】GSD
2024-03-15 00:39:05 未获取到号码【1698718】GSD，可能号码格式错误
2024-03-15 00:39:05 获取到号码【1698718】的GSD为【-】
2024-03-15 00:39:10 GSD insert 第 1 次 等待 3 秒
2024-03-15 00:39:13 {"status":"bad","gid":"649432","msg":"添加失败！号码【1698718(-|-)】已存在！"}
2024-03-15 00:39:13 随机等待 81 秒，约 1 分钟
2024-03-15 00:39:13 下次操作: 2024-03-15 00:40:34

2024-03-15 00:40:34 开始第 8806 次操作

2024-03-15 00:40:34 开始操作号码 【1698719】
2024-03-15 00:40:40 GSD getOne 第 1 次 等待 3 秒
2024-03-15 00:40:43 查询号码 【1698719】，返回信息 {"status":"ok","msg":"-","gid":"649431","time_insert":"2023-04-12 13:16"}
2024-03-15 00:40:43 查询号码 【1698719】，GSD为【"-"】
2024-03-15 00:40:43 ok && -
2024-03-15 00:40:45 CHB 1698719?1710434443 第 1 次 等待 3 秒
2024-03-15 00:40:48 CHB 1698719?1710434443 第 1 次 获取到号码【1698719】GSD
2024-03-15 00:40:48 未获取到号码【1698719】GSD，可能号码格式错误
2024-03-15 00:40:48 获取到号码【1698719】的GSD为【-】
2024-03-15 00:40:57 GSD insert 第 1 次 等待 3 秒
2024-03-15 00:41:00 {"status":"bad","gid":"649431","msg":"添加失败！号码【1698719(-|-)】已存在！"}
2024-03-15 00:41:00 随机等待 167 秒，约 2 分钟
2024-03-15 00:41:00 下次操作: 2024-03-15 00:43:47

2024-03-15 00:43:47 开始第 8807 次操作

2024-03-15 00:43:47 开始操作号码 【1698720】
2024-03-15 00:43:53 GSD getOne 第 1 次 等待 3 秒
2024-03-15 00:43:56 查询号码 【1698720】，返回信息 {"status":"ok","msg":"-","gid":"649415","time_insert":"2023-04-12 13:05"}
2024-03-15 00:43:56 查询号码 【1698720】，GSD为【"-"】
2024-03-15 00:43:56 ok && -
2024-03-15 00:43:59 CHB 1698720?1710434636 第 1 次 等待 3 秒
2024-03-15 00:44:02 CHB 1698720?1710434636 第 1 次 获取到号码【1698720】GSD
2024-03-15 00:44:02 未获取到号码【1698720】GSD，可能号码格式错误
2024-03-15 00:44:02 获取到号码【1698720】的GSD为【-】
2024-03-15 00:44:07 GSD insert 第 1 次 等待 3 秒
2024-03-15 00:44:10 {"status":"bad","gid":"649415","msg":"添加失败！号码【1698720(-|-)】已存在！"}
2024-03-15 00:44:10 随机等待 109 秒，约 1 分钟
2024-03-15 00:44:10 下次操作: 2024-03-15 00:45:59

2024-03-15 00:45:59 开始第 8808 次操作

2024-03-15 00:45:59 开始操作号码 【1698721】
2024-03-15 00:46:04 GSD getOne 第 1 次 等待 3 秒
2024-03-15 00:46:07 查询号码 【1698721】，返回信息 {"status":"ok","msg":"-","gid":"649412","time_insert":"2023-04-12 13:03"}
2024-03-15 00:46:07 查询号码 【1698721】，GSD为【"-"】
2024-03-15 00:46:07 ok && -
2024-03-15 00:46:10 CHB 1698721?1710434767 第 1 次 等待 3 秒
2024-03-15 00:46:13 CHB 1698721?1710434767 第 1 次 获取到号码【1698721】GSD
2024-03-15 00:46:13 未获取到号码【1698721】GSD，可能号码格式错误
2024-03-15 00:46:13 获取到号码【1698721】的GSD为【-】
2024-03-15 00:46:20 GSD insert 第 1 次 等待 3 秒
2024-03-15 00:46:23 {"status":"bad","gid":"649412","msg":"添加失败！号码【1698721(-|-)】已存在！"}

