2024-03-05 00:22:44 开始第 7033 次操作

2024-03-05 00:22:44 开始操作号码 【1696946】
2024-03-05 00:22:49 GSD getOne 第 1 次 等待 3 秒
2024-03-05 00:22:52 查询号码 【1696946】，返回信息 {"status":"ok","msg":"-","gid":"656177","time_insert":"2023-04-15 14:34"}
2024-03-05 00:22:52 查询号码 【1696946】，GSD为【"-"】
2024-03-05 00:22:52 ok && -
2024-03-05 00:22:55 CHB 1696946?1709569372 第 1 次 等待 3 秒
2024-03-05 00:22:58 CHB 1696946?1709569372 第 1 次 获取到号码【1696946】GSD
2024-03-05 00:22:58 未获取到号码【1696946】GSD，可能号码格式错误
2024-03-05 00:22:58 获取到号码【1696946】的GSD为【-】
2024-03-05 00:23:02 GSD insert 第 1 次 等待 3 秒
2024-03-05 00:23:05 {"status":"bad","gid":"656177","msg":"添加失败！号码【1696946(-|-)】已存在！"}
2024-03-05 00:23:05 随机等待 99 秒，约 1 分钟
2024-03-05 00:23:05 下次操作: 2024-03-05 00:24:44

2024-03-05 00:24:44 开始第 7034 次操作

2024-03-05 00:24:44 开始操作号码 【1696947】
2024-03-05 00:24:49 GSD getOne 第 1 次 等待 3 秒
2024-03-05 00:24:52 查询号码 【1696947】，返回信息 {"status":"ok","msg":"-","gid":"656182","time_insert":"2023-04-15 14:37"}
2024-03-05 00:24:52 查询号码 【1696947】，GSD为【"-"】
2024-03-05 00:24:52 ok && -
2024-03-05 00:24:54 CHB 1696947?1709569492 第 1 次 等待 3 秒
2024-03-05 00:24:57 CHB 1696947?1709569492 第 1 次 获取到号码【1696947】GSD
2024-03-05 00:24:57 未获取到号码【1696947】GSD，可能号码格式错误
2024-03-05 00:24:57 获取到号码【1696947】的GSD为【-】
2024-03-05 00:25:01 GSD insert 第 1 次 等待 3 秒
2024-03-05 00:25:04 {"status":"bad","gid":"656182","msg":"添加失败！号码【1696947(-|-)】已存在！"}
2024-03-05 00:25:04 随机等待 70 秒，约 1 分钟
2024-03-05 00:25:04 下次操作: 2024-03-05 00:26:14

2024-03-05 00:26:15 开始第 7035 次操作

2024-03-05 00:26:15 开始操作号码 【1696948】
2024-03-05 00:26:19 GSD getOne 第 1 次 等待 3 秒
2024-03-05 00:26:22 查询号码 【1696948】，返回信息 {"status":"ok","msg":"-","gid":"656193","time_insert":"2023-04-15 14:43"}
2024-03-05 00:26:22 查询号码 【1696948】，GSD为【"-"】
2024-03-05 00:26:22 ok && -
2024-03-05 00:26:24 CHB 1696948?1709569582 第 1 次 等待 3 秒
2024-03-05 00:26:27 CHB 1696948?1709569582 第 1 次 获取到号码【1696948】GSD
2024-03-05 00:26:27 未获取到号码【1696948】GSD，可能号码格式错误
2024-03-05 00:26:27 获取到号码【1696948】的GSD为【-】
2024-03-05 00:26:32 GSD insert 第 1 次 等待 3 秒
2024-03-05 00:26:35 {"status":"bad","gid":"656193","msg":"添加失败！号码【1696948(-|-)】已存在！"}
2024-03-05 00:26:35 随机等待 107 秒，约 1 分钟
2024-03-05 00:26:35 下次操作: 2024-03-05 00:28:22

2024-03-05 00:28:22 开始第 7036 次操作

2024-03-05 00:28:22 开始操作号码 【1696949】
2024-03-05 00:28:26 GSD getOne 第 1 次 等待 3 秒
2024-03-05 00:28:29 查询号码 【1696949】，返回信息 {"status":"ok","msg":"-","gid":"656198","time_insert":"2023-04-15 14:46"}
2024-03-05 00:28:29 查询号码 【1696949】，GSD为【"-"】
2024-03-05 00:28:29 ok && -
2024-03-05 00:28:31 CHB 1696949?1709569709 第 1 次 等待 3 秒
2024-03-05 00:28:34 CHB 1696949?1709569709 第 1 次 获取到号码【1696949】GSD
2024-03-05 00:28:34 未获取到号码【1696949】GSD，可能号码格式错误
2024-03-05 00:28:34 获取到号码【1696949】的GSD为【-】
2024-03-05 00:28:39 GSD insert 第 1 次 等待 3 秒
2024-03-05 00:28:42 {"status":"bad","gid":"656198","msg":"添加失败！号码【1696949(-|-)】已存在！"}

2024-03-05 00:39:26 开始第 7037 次操作

2024-03-05 00:39:26 开始操作号码 【1696950】
2024-03-05 00:39:33 GSD getOne 第 1 次 等待 3 秒
2024-03-05 00:39:36 查询号码 【1696950】，返回信息 {"status":"ok","msg":"-","gid":"656202","time_insert":"2023-04-15 14:49"}
2024-03-05 00:39:36 查询号码 【1696950】，GSD为【"-"】
2024-03-05 00:39:36 ok && -
2024-03-05 00:39:38 CHB 1696950?1709570376 第 1 次 等待 3 秒
2024-03-05 00:39:41 CHB 1696950?1709570376 第 1 次 获取到号码【1696950】GSD
2024-03-05 00:39:41 未获取到号码【1696950】GSD，可能号码格式错误
2024-03-05 00:39:41 获取到号码【1696950】的GSD为【-】
2024-03-05 00:39:46 GSD insert 第 1 次 等待 3 秒
2024-03-05 00:39:49 {"status":"bad","gid":"656202","msg":"添加失败！号码【1696950(-|-)】已存在！"}
2024-03-05 00:39:49 随机等待 68 秒，约 1 分钟
2024-03-05 00:39:49 下次操作: 2024-03-05 00:40:57

2024-03-05 00:40:57 开始第 7038 次操作

2024-03-05 00:40:57 开始操作号码 【1696951】
2024-03-05 00:41:02 GSD getOne 第 1 次 等待 3 秒
2024-03-05 00:41:05 查询号码 【1696951】，返回信息 {"status":"ok","msg":"-","gid":"656205","time_insert":"2023-04-15 14:52"}
2024-03-05 00:41:05 查询号码 【1696951】，GSD为【"-"】
2024-03-05 00:41:05 ok && -
2024-03-05 00:41:08 CHB 1696951?1709570465 第 1 次 等待 3 秒
2024-03-05 00:41:11 CHB 1696951?1709570465 第 1 次 获取到号码【1696951】GSD
2024-03-05 00:41:11 未获取到号码【1696951】GSD，可能号码格式错误
2024-03-05 00:41:11 获取到号码【1696951】的GSD为【-】
2024-03-05 00:41:15 GSD insert 第 1 次 等待 3 秒
2024-03-05 00:41:18 {"status":"bad","gid":"656205","msg":"添加失败！号码【1696951(-|-)】已存在！"}
2024-03-05 00:41:18 随机等待 103 秒，约 1 分钟
2024-03-05 00:41:18 下次操作: 2024-03-05 00:43:01

2024-03-05 00:43:01 开始第 7039 次操作

2024-03-05 00:43:01 开始操作号码 【1696952】
2024-03-05 00:43:05 GSD getOne 第 1 次 等待 3 秒
2024-03-05 00:43:08 查询号码 【1696952】，返回信息 {"status":"ok","msg":"-","gid":"656209","time_insert":"2023-04-15 14:53"}
2024-03-05 00:43:08 查询号码 【1696952】，GSD为【"-"】
2024-03-05 00:43:08 ok && -
2024-03-05 00:43:11 CHB 1696952?1709570588 第 1 次 等待 3 秒
2024-03-05 00:43:14 CHB 1696952?1709570588 第 1 次 获取到号码【1696952】GSD
2024-03-05 00:43:14 未获取到号码【1696952】GSD，可能号码格式错误
2024-03-05 00:43:14 获取到号码【1696952】的GSD为【-】
2024-03-05 00:43:19 GSD insert 第 1 次 等待 3 秒
2024-03-05 00:43:22 {"status":"bad","gid":"656209","msg":"添加失败！号码【1696952(-|-)】已存在！"}
2024-03-05 00:43:22 随机等待 100 秒，约 1 分钟
2024-03-05 00:43:22 下次操作: 2024-03-05 00:45:02

2024-03-05 00:45:02 开始第 7040 次操作

2024-03-05 00:45:02 开始操作号码 【1696953】
2024-03-05 00:45:09 GSD getOne 第 1 次 等待 3 秒
2024-03-05 00:45:12 查询号码 【1696953】，返回信息 {"status":"ok","msg":"-","gid":"656217","time_insert":"2023-04-15 14:55"}
2024-03-05 00:45:12 查询号码 【1696953】，GSD为【"-"】
2024-03-05 00:45:12 ok && -
2024-03-05 00:45:14 CHB 1696953?1709570712 第 1 次 等待 3 秒
2024-03-05 00:45:17 CHB 1696953?1709570712 第 1 次 获取到号码【1696953】GSD
2024-03-05 00:45:17 未获取到号码【1696953】GSD，可能号码格式错误
2024-03-05 00:45:17 获取到号码【1696953】的GSD为【-】
2024-03-05 00:45:22 GSD insert 第 1 次 等待 3 秒
2024-03-05 00:45:25 {"status":"bad","gid":"656217","msg":"添加失败！号码【1696953(-|-)】已存在！"}

2024-03-05 01:18:15 开始第 7041 次操作

2024-03-05 01:18:15 开始操作号码 【1696954】
2024-03-05 01:18:20 GSD getOne 第 1 次 等待 3 秒
2024-03-05 01:18:23 查询号码 【1696954】，返回信息 {"status":"ok","msg":"-","gid":"656219","time_insert":"2023-04-15 14:57"}
2024-03-05 01:18:23 查询号码 【1696954】，GSD为【"-"】
2024-03-05 01:18:23 ok && -
2024-03-05 01:18:25 CHB 1696954?1709572703 第 1 次 等待 3 秒
2024-03-05 01:18:28 CHB 1696954?1709572703 第 1 次 获取到号码【1696954】GSD
2024-03-05 01:18:28 未获取到号码【1696954】GSD，可能号码格式错误
2024-03-05 01:18:28 获取到号码【1696954】的GSD为【-】
2024-03-05 01:18:33 GSD insert 第 1 次 等待 3 秒
2024-03-05 01:18:36 {"status":"bad","gid":"656219","msg":"添加失败！号码【1696954(-|-)】已存在！"}
2024-03-05 01:18:36 随机等待 108 秒，约 1 分钟
2024-03-05 01:18:36 下次操作: 2024-03-05 01:20:24

2024-03-05 01:20:24 开始第 7042 次操作

2024-03-05 01:20:24 开始操作号码 【1696955】
2024-03-05 01:20:31 GSD getOne 第 1 次 等待 3 秒
2024-03-05 01:20:34 查询号码 【1696955】，返回信息 {"status":"ok","msg":"-","gid":"656223","time_insert":"2023-04-15 15:00"}
2024-03-05 01:20:34 查询号码 【1696955】，GSD为【"-"】
2024-03-05 01:20:34 ok && -
2024-03-05 01:20:36 CHB 1696955?1709572834 第 1 次 等待 3 秒
2024-03-05 01:20:39 CHB 1696955?1709572834 第 1 次 获取到号码【1696955】GSD
2024-03-05 01:20:39 未获取到号码【1696955】GSD，可能号码格式错误
2024-03-05 01:20:39 获取到号码【1696955】的GSD为【-】
2024-03-05 01:20:45 GSD insert 第 1 次 等待 3 秒
2024-03-05 01:20:48 {"status":"bad","gid":"656223","msg":"添加失败！号码【1696955(-|-)】已存在！"}
2024-03-05 01:20:48 随机等待 222 秒，约 3 分钟
2024-03-05 01:20:48 下次操作: 2024-03-05 01:24:30

2024-03-05 01:24:30 开始第 7043 次操作

2024-03-05 01:24:30 开始操作号码 【1696956】
2024-03-05 01:24:34 GSD getOne 第 1 次 等待 3 秒
2024-03-05 01:24:37 查询号码 【1696956】，返回信息 {"status":"ok","msg":"-","gid":"656231","time_insert":"2023-04-15 15:07"}
2024-03-05 01:24:37 查询号码 【1696956】，GSD为【"-"】
2024-03-05 01:24:37 ok && -
2024-03-05 01:24:39 CHB 1696956?1709573077 第 1 次 等待 3 秒
2024-03-05 01:24:42 CHB 1696956?1709573077 第 1 次 获取到号码【1696956】GSD
2024-03-05 01:24:42 未获取到号码【1696956】GSD，可能号码格式错误
2024-03-05 01:24:42 获取到号码【1696956】的GSD为【-】
2024-03-05 01:24:46 GSD insert 第 1 次 等待 3 秒
2024-03-05 01:24:49 {"status":"bad","gid":"656231","msg":"添加失败！号码【1696956(-|-)】已存在！"}
2024-03-05 01:24:49 随机等待 210 秒，约 3 分钟
2024-03-05 01:24:49 下次操作: 2024-03-05 01:28:19

2024-03-05 01:28:19 开始第 7044 次操作

2024-03-05 01:28:19 开始操作号码 【1696957】
2024-03-05 01:28:26 GSD getOne 第 1 次 等待 3 秒
2024-03-05 01:28:29 查询号码 【1696957】，返回信息 {"status":"ok","msg":"-","gid":"656234","time_insert":"2023-04-15 15:09"}
2024-03-05 01:28:29 查询号码 【1696957】，GSD为【"-"】
2024-03-05 01:28:29 ok && -
2024-03-05 01:28:31 CHB 1696957?1709573309 第 1 次 等待 3 秒
2024-03-05 01:28:34 CHB 1696957?1709573309 第 1 次 获取到号码【1696957】GSD
2024-03-05 01:28:34 未获取到号码【1696957】GSD，可能号码格式错误
2024-03-05 01:28:34 获取到号码【1696957】的GSD为【-】
2024-03-05 01:28:39 GSD insert 第 1 次 等待 3 秒
2024-03-05 01:28:42 {"status":"bad","gid":"656234","msg":"添加失败！号码【1696957(-|-)】已存在！"}

2024-03-05 01:37:44 开始第 7045 次操作

2024-03-05 01:37:44 开始操作号码 【1696958】
2024-03-05 01:37:50 GSD getOne 第 1 次 等待 3 秒
2024-03-05 01:37:53 查询号码 【1696958】，返回信息 {"status":"ok","msg":"-","gid":"656236","time_insert":"2023-04-15 15:11"}
2024-03-05 01:37:54 查询号码 【1696958】，GSD为【"-"】
2024-03-05 01:37:54 ok && -
2024-03-05 01:37:57 CHB 1696958?1709573874 第 1 次 等待 3 秒
2024-03-05 01:38:00 CHB 1696958?1709573874 第 1 次 获取到号码【1696958】GSD
2024-03-05 01:38:00 未获取到号码【1696958】GSD，可能号码格式错误
2024-03-05 01:38:00 获取到号码【1696958】的GSD为【-】
2024-03-05 01:38:05 GSD insert 第 1 次 等待 3 秒
2024-03-05 01:38:08 {"status":"bad","gid":"656236","msg":"添加失败！号码【1696958(-|-)】已存在！"}
2024-03-05 01:38:08 随机等待 158 秒，约 2 分钟
2024-03-05 01:38:08 下次操作: 2024-03-05 01:40:46

2024-03-05 01:40:46 开始第 7046 次操作

2024-03-05 01:40:46 开始操作号码 【1696959】
2024-03-05 01:40:50 GSD getOne 第 1 次 等待 3 秒
2024-03-05 01:40:53 查询号码 【1696959】，返回信息 {"status":"ok","msg":"-","gid":"656244","time_insert":"2023-04-15 15:14"}
2024-03-05 01:40:53 查询号码 【1696959】，GSD为【"-"】
2024-03-05 01:40:53 ok && -
2024-03-05 01:40:56 CHB 1696959?1709574053 第 1 次 等待 3 秒
2024-03-05 01:40:59 CHB 1696959?1709574053 第 1 次 获取到号码【1696959】GSD
2024-03-05 01:40:59 未获取到号码【1696959】GSD，可能号码格式错误
2024-03-05 01:40:59 获取到号码【1696959】的GSD为【-】
2024-03-05 01:41:04 GSD insert 第 1 次 等待 3 秒
2024-03-05 01:41:07 {"status":"bad","gid":"656244","msg":"添加失败！号码【1696959(-|-)】已存在！"}
2024-03-05 01:41:07 随机等待 131 秒，约 2 分钟
2024-03-05 01:41:07 下次操作: 2024-03-05 01:43:18

2024-03-05 01:43:18 开始第 7047 次操作

2024-03-05 01:43:18 开始操作号码 【1696960】
2024-03-05 01:43:23 GSD getOne 第 1 次 等待 3 秒
2024-03-05 01:43:26 查询号码 【1696960】，返回信息 {"status":"ok","msg":"-","gid":"656253","time_insert":"2023-04-15 15:18"}
2024-03-05 01:43:26 查询号码 【1696960】，GSD为【"-"】
2024-03-05 01:43:26 ok && -
2024-03-05 01:43:28 CHB 1696960?1709574206 第 1 次 等待 3 秒
2024-03-05 01:43:31 CHB 1696960?1709574206 第 1 次 获取到号码【1696960】GSD
2024-03-05 01:43:31 未获取到号码【1696960】GSD，可能号码格式错误
2024-03-05 01:43:31 获取到号码【1696960】的GSD为【-】
2024-03-05 01:43:36 GSD insert 第 1 次 等待 3 秒
2024-03-05 01:43:39 {"status":"bad","gid":"656253","msg":"添加失败！号码【1696960(-|-)】已存在！"}
2024-03-05 01:43:39 随机等待 199 秒，约 3 分钟
2024-03-05 01:43:39 下次操作: 2024-03-05 01:46:58

2024-03-05 01:46:58 开始第 7048 次操作

2024-03-05 01:46:58 开始操作号码 【1696961】
2024-03-05 01:47:03 GSD getOne 第 1 次 等待 3 秒
2024-03-05 01:47:06 查询号码 【1696961】，返回信息 {"status":"ok","msg":"-","gid":"656258","time_insert":"2023-04-15 15:20"}
2024-03-05 01:47:06 查询号码 【1696961】，GSD为【"-"】
2024-03-05 01:47:06 ok && -
2024-03-05 01:47:08 CHB 1696961?1709574426 第 1 次 等待 3 秒
2024-03-05 01:47:11 CHB 1696961?1709574426 第 1 次 获取到号码【1696961】GSD
2024-03-05 01:47:11 未获取到号码【1696961】GSD，可能号码格式错误
2024-03-05 01:47:11 获取到号码【1696961】的GSD为【-】
2024-03-05 01:47:16 GSD insert 第 1 次 等待 3 秒
2024-03-05 01:47:19 {"status":"bad","gid":"656258","msg":"添加失败！号码【1696961(-|-)】已存在！"}

2024-03-05 02:19:48 开始第 7049 次操作

2024-03-05 02:19:48 开始操作号码 【1696962】
2024-03-05 02:19:53 GSD getOne 第 1 次 等待 3 秒
2024-03-05 02:19:56 查询号码 【1696962】，返回信息 {"status":"ok","msg":"-","gid":"656260","time_insert":"2023-04-15 15:23"}
2024-03-05 02:19:56 查询号码 【1696962】，GSD为【"-"】
2024-03-05 02:19:56 ok && -
2024-03-05 02:19:59 CHB 1696962?1709576396 第 1 次 等待 3 秒
2024-03-05 02:20:02 CHB 1696962?1709576396 第 1 次 获取到号码【1696962】GSD
2024-03-05 02:20:02 未获取到号码【1696962】GSD，可能号码格式错误
2024-03-05 02:20:02 获取到号码【1696962】的GSD为【-】
2024-03-05 02:20:06 GSD insert 第 1 次 等待 3 秒
2024-03-05 02:20:09 {"status":"bad","gid":"656260","msg":"添加失败！号码【1696962(-|-)】已存在！"}
2024-03-05 02:20:09 随机等待 73 秒，约 1 分钟
2024-03-05 02:20:09 下次操作: 2024-03-05 02:21:22

2024-03-05 02:21:22 开始第 7050 次操作

2024-03-05 02:21:22 开始操作号码 【1696963】
2024-03-05 02:21:27 GSD getOne 第 1 次 等待 3 秒
2024-03-05 02:21:30 查询号码 【1696963】，返回信息 {"status":"ok","msg":"-","gid":"656265","time_insert":"2023-04-15 15:26"}
2024-03-05 02:21:30 查询号码 【1696963】，GSD为【"-"】
2024-03-05 02:21:30 ok && -
2024-03-05 02:21:32 CHB 1696963?1709576490 第 1 次 等待 3 秒
2024-03-05 02:21:35 CHB 1696963?1709576490 第 1 次 获取到号码【1696963】GSD
2024-03-05 02:21:35 未获取到号码【1696963】GSD，可能号码格式错误
2024-03-05 02:21:35 获取到号码【1696963】的GSD为【-】
2024-03-05 02:21:40 GSD insert 第 1 次 等待 3 秒
2024-03-05 02:21:43 {"status":"bad","gid":"656265","msg":"添加失败！号码【1696963(-|-)】已存在！"}
2024-03-05 02:21:43 随机等待 140 秒，约 2 分钟
2024-03-05 02:21:43 下次操作: 2024-03-05 02:24:03

2024-03-05 02:24:03 开始第 7051 次操作

2024-03-05 02:24:03 开始操作号码 【1696964】
2024-03-05 02:24:08 GSD getOne 第 1 次 等待 3 秒
2024-03-05 02:24:11 查询号码 【1696964】，返回信息 {"status":"ok","msg":"-","gid":"656276","time_insert":"2023-04-15 15:34"}
2024-03-05 02:24:11 查询号码 【1696964】，GSD为【"-"】
2024-03-05 02:24:11 ok && -
2024-03-05 02:24:13 CHB 1696964?1709576651 第 1 次 等待 3 秒
2024-03-05 02:24:16 CHB 1696964?1709576651 第 1 次 获取到号码【1696964】GSD
2024-03-05 02:24:16 未获取到号码【1696964】GSD，可能号码格式错误
2024-03-05 02:24:16 获取到号码【1696964】的GSD为【-】
2024-03-05 02:24:21 GSD insert 第 1 次 等待 3 秒
2024-03-05 02:24:24 {"status":"bad","gid":"656276","msg":"添加失败！号码【1696964(-|-)】已存在！"}
2024-03-05 02:24:24 随机等待 231 秒，约 3 分钟
2024-03-05 02:24:24 下次操作: 2024-03-05 02:28:15

2024-03-05 02:28:15 开始第 7052 次操作

2024-03-05 02:28:15 开始操作号码 【1696965】
2024-03-05 02:28:19 GSD getOne 第 1 次 等待 3 秒
2024-03-05 02:28:22 查询号码 【1696965】，返回信息 {"status":"ok","msg":"-","gid":"656282","time_insert":"2023-04-15 15:36"}
2024-03-05 02:28:22 查询号码 【1696965】，GSD为【"-"】
2024-03-05 02:28:22 ok && -
2024-03-05 02:28:25 CHB 1696965?1709576902 第 1 次 等待 3 秒
2024-03-05 02:28:28 CHB 1696965?1709576902 第 1 次 获取到号码【1696965】GSD
2024-03-05 02:28:28 未获取到号码【1696965】GSD，可能号码格式错误
2024-03-05 02:28:28 获取到号码【1696965】的GSD为【-】
2024-03-05 02:28:32 GSD insert 第 1 次 等待 3 秒
2024-03-05 02:28:35 {"status":"bad","gid":"656282","msg":"添加失败！号码【1696965(-|-)】已存在！"}

