2024-06-14 00:25:11 开始第 553 次操作

2024-06-14 00:25:11 开始操作号码 【1470467】
2024-06-14 00:25:21 GSD getOne 第 1 次 等待 3 秒
2024-06-14 00:25:24 查询号码 【1470467】，返回信息 {"status":"ok","msg":"黑龙江-鸡西","gid":"75208","time_insert":"2021-06-01 02:27"}
2024-06-14 00:25:24 查询号码 【1470467】，GSD为【"黑龙江-鸡西"】

2024-06-14 00:25:25 开始第 554 次操作

2024-06-14 00:25:25 开始操作号码 【1470468】
2024-06-14 00:25:32 GSD getOne 第 1 次 等待 3 秒
2024-06-14 00:25:35 查询号码 【1470468】，返回信息 {"status":"ok","msg":"黑龙江-鹤岗","gid":"75231","time_insert":"2021-06-01 02:54"}
2024-06-14 00:25:36 查询号码 【1470468】，GSD为【"黑龙江-鹤岗"】

2024-06-14 00:25:37 开始第 555 次操作

2024-06-14 00:25:37 开始操作号码 【1470469】
2024-06-14 00:25:44 GSD getOne 第 1 次 等待 3 秒
2024-06-14 00:25:47 查询号码 【1470469】，返回信息 {"status":"ok","msg":"黑龙江-双鸭山","gid":"75253","time_insert":"2021-06-01 03:24"}
2024-06-14 00:25:47 查询号码 【1470469】，GSD为【"黑龙江-双鸭山"】

2024-06-14 00:25:48 开始第 556 次操作

2024-06-14 00:25:48 开始操作号码 【1470470】
2024-06-14 00:25:53 GSD getOne 第 1 次 等待 3 秒
2024-06-14 00:25:56 查询号码 【1470470】，返回信息 {"status":"ok","msg":"广东-广州","gid":"75267","time_insert":"2021-06-01 03:41"}
2024-06-14 00:25:56 查询号码 【1470470】，GSD为【"广东-广州"】

