2023-10-09 00:19:39 开始第 2229 次操作

2023-10-09 00:19:39 开始操作号码 【1902228】
2023-10-09 00:19:45 GSD getOne 第 1 次 等待 3 秒
2023-10-09 00:19:48 查询号码 【1902228】，返回信息 {"status":"ok","msg":"-","gid":"556703","time_insert":"2023-02-26 16:34"}
2023-10-09 00:19:48 查询号码 【1902228】，GSD为【"-"】
2023-10-09 00:19:48 ok && -
2023-10-09 00:19:54 CHB 1902228?1696781988 第 1 次 等待 3 秒
2023-10-09 00:19:57 CHB 1902228?1696781988 第 1 次 获取到号码【1902228】GSD
2023-10-09 00:19:57 未获取到号码【1902228】GSD，可能号码格式错误
2023-10-09 00:19:57 获取到号码【1902228】的GSD为【-】
2023-10-09 00:20:01 GSD insert 第 1 次 等待 3 秒
2023-10-09 00:20:04 {"status":"bad","gid":"556703","msg":"添加失败！号码【1902228(-|-)】已存在！"}
2023-10-09 00:20:04 随机等待 167 秒，约 2 分钟
2023-10-09 00:20:04 下次操作: 2023-10-09 00:22:51

2023-10-09 00:22:51 开始第 2230 次操作

2023-10-09 00:22:51 开始操作号码 【1902229】
2023-10-09 00:23:02 GSD getOne 第 1 次 等待 3 秒
2023-10-09 00:23:05 查询号码 【1902229】，返回信息 {"status":"ok","msg":"-","gid":"556720","time_insert":"2023-02-26 16:42"}
2023-10-09 00:23:05 查询号码 【1902229】，GSD为【"-"】
2023-10-09 00:23:05 ok && -
2023-10-09 00:23:08 CHB 1902229?1696782185 第 1 次 等待 3 秒
2023-10-09 00:23:11 CHB 1902229?1696782185 第 1 次 获取到号码【1902229】GSD
2023-10-09 00:23:11 未获取到号码【1902229】GSD，可能号码格式错误
2023-10-09 00:23:11 获取到号码【1902229】的GSD为【-】
2023-10-09 00:23:28 GSD insert 第 1 次 等待 3 秒
2023-10-09 00:23:31 {"status":"bad","gid":"556720","msg":"添加失败！号码【1902229(-|-)】已存在！"}
2023-10-09 00:23:31 随机等待 220 秒，约 3 分钟
2023-10-09 00:23:31 下次操作: 2023-10-09 00:27:11

2023-10-09 00:27:11 开始第 2231 次操作

2023-10-09 00:27:11 开始操作号码 【1902230】
2023-10-09 00:27:13 GSD getOne 第 1 次 等待 3 秒
2023-10-09 00:27:16 查询号码 【1902230】，返回信息 {"status":"ok","msg":"-","gid":"556742","time_insert":"2023-02-26 16:55"}
2023-10-09 00:27:16 查询号码 【1902230】，GSD为【"-"】
2023-10-09 00:27:16 ok && -
2023-10-09 00:27:23 CHB 1902230?1696782436 第 1 次 等待 3 秒
2023-10-09 00:27:26 CHB 1902230?1696782436 第 1 次 获取到号码【1902230】GSD
2023-10-09 00:27:26 未获取到号码【1902230】GSD，可能号码格式错误
2023-10-09 00:27:26 获取到号码【1902230】的GSD为【-】
2023-10-09 00:27:29 GSD insert 第 1 次 等待 3 秒
2023-10-09 00:27:32 {"status":"bad","gid":"556742","msg":"添加失败！号码【1902230(-|-)】已存在！"}
2023-10-09 00:27:32 随机等待 114 秒，约 1 分钟
2023-10-09 00:27:32 下次操作: 2023-10-09 00:29:26

2023-10-09 00:29:26 开始第 2232 次操作

2023-10-09 00:29:26 开始操作号码 【1902231】
2023-10-09 00:29:32 GSD getOne 第 1 次 等待 3 秒
2023-10-09 00:29:35 查询号码 【1902231】，返回信息 {"status":"ok","msg":"-","gid":"556762","time_insert":"2023-02-26 17:08"}
2023-10-09 00:29:35 查询号码 【1902231】，GSD为【"-"】
2023-10-09 00:29:35 ok && -
2023-10-09 00:29:37 CHB 1902231?1696782575 第 1 次 等待 3 秒
2023-10-09 00:29:40 CHB 1902231?1696782575 第 1 次 获取到号码【1902231】GSD
2023-10-09 00:29:40 未获取到号码【1902231】GSD，可能号码格式错误
2023-10-09 00:29:40 获取到号码【1902231】的GSD为【-】
2023-10-09 00:29:52 GSD insert 第 1 次 等待 3 秒
2023-10-09 00:29:55 {"status":"bad","gid":"556762","msg":"添加失败！号码【1902231(-|-)】已存在！"}

