2021-07-12 00:00:15 开始第 26 次操作

2021-07-12 00:00:15 开始操作号码 【1325151】
2021-07-12 00:00:37 GSD getOne 第 1 次 等待 1 秒
2021-07-12 00:00:38 查询号码 【1325151】，返回信息 {"status":"bad","msg":""}
2021-07-12 00:00:38 查询号码 【1325151】，GSD为【""】
2021-07-12 00:00:38 bad
2021-07-12 00:00:41 CHB 1325151?1626019238 第 1 次 等待 1 秒
2021-07-12 00:00:42 CHB 1325151?1626019238 第 1 次 获取到号码【1325151】GSD
2021-07-12 00:00:42 获取到号码【1325151】的GSD为【黑龙江-哈尔滨】
2021-07-12 00:01:03 GSD insert 第 1 次 等待 1 秒
2021-07-12 00:01:04 {"status":"ok","msg":"添加成功！251948"}
2021-07-12 00:01:04 下次操作: 2021-07-12 00:01:16

2021-07-12 00:01:16 开始第 27 次操作

2021-07-12 00:01:16 开始操作号码 【1325150】
2021-07-12 00:01:22 GSD getOne 第 1 次 等待 1 秒
2021-07-12 00:01:23 查询号码 【1325150】，返回信息 {"status":"bad","msg":""}
2021-07-12 00:01:24 查询号码 【1325150】，GSD为【""】
2021-07-12 00:01:24 bad
2021-07-12 00:01:26 CHB 1325150?1626019284 第 1 次 等待 1 秒
2021-07-12 00:01:27 CHB 1325150?1626019284 第 1 次 获取到号码【1325150】GSD
2021-07-12 00:01:28 获取到号码【1325150】的GSD为【黑龙江-哈尔滨】
2021-07-12 00:01:47 GSD insert 第 1 次 等待 1 秒
2021-07-12 00:01:48 {"status":"ok","msg":"添加成功！251954"}
2021-07-12 00:01:48 下次操作: 2021-07-12 00:02:06

2021-07-12 00:02:06 开始第 28 次操作

2021-07-12 00:02:06 开始操作号码 【1325149】
2021-07-12 00:02:30 GSD getOne 第 1 次 等待 1 秒
2021-07-12 00:02:31 查询号码 【1325149】，返回信息 {"status":"ok","msg":"重庆-重庆","time_insert":"2017-08-01 09:39","time_update":"2021-01-03 18:08"}
2021-07-12 00:02:31 查询号码 【1325149】，GSD为【"重庆-重庆"】

2021-07-12 00:02:31 开始第 28 次操作

2021-07-12 00:02:31 开始操作号码 【1325148】
2021-07-12 00:02:51 GSD getOne 第 1 次 等待 1 秒
2021-07-12 00:02:52 查询号码 【1325148】，返回信息 {"status":"bad","msg":""}
2021-07-12 00:02:52 查询号码 【1325148】，GSD为【""】
2021-07-12 00:02:52 bad
2021-07-12 00:02:55 CHB 1325148?1626019372 第 1 次 等待 1 秒
2021-07-12 00:02:56 CHB 1325148?1626019372 第 1 次 获取到号码【1325148】GSD
2021-07-12 00:02:56 获取到号码【1325148】的GSD为【重庆-重庆】
2021-07-12 00:03:18 GSD insert 第 1 次 等待 1 秒
2021-07-12 00:03:19 {"status":"ok","msg":"添加成功！251963"}
2021-07-12 00:03:19 下次操作: 2021-07-12 00:03:33

2021-07-12 00:03:33 开始第 29 次操作

2021-07-12 00:03:33 开始操作号码 【1325147】
2021-07-12 00:03:38 GSD getOne 第 1 次 等待 1 秒
2021-07-12 00:03:39 查询号码 【1325147】，返回信息 {"status":"bad","msg":""}
2021-07-12 00:03:39 查询号码 【1325147】，GSD为【""】
2021-07-12 00:03:39 bad
2021-07-12 00:03:42 CHB 1325147?1626019419 第 1 次 等待 1 秒
2021-07-12 00:03:43 CHB 1325147?1626019419 第 1 次 获取到号码【1325147】GSD
2021-07-12 00:03:43 获取到号码【1325147】的GSD为【重庆-重庆】
2021-07-12 00:04:02 GSD insert 第 1 次 等待 1 秒
2021-07-12 00:04:03 {"status":"ok","msg":"添加成功！251967"}
2021-07-12 00:04:03 下次操作: 2021-07-12 00:04:15

2021-07-12 00:04:15 开始第 30 次操作

2021-07-12 00:04:15 开始操作号码 【1325146】
2021-07-12 00:04:26 GSD getOne 第 1 次 等待 1 秒
2021-07-12 00:04:27 查询号码 【1325146】，返回信息 {"status":"bad","msg":""}
2021-07-12 00:04:27 查询号码 【1325146】，GSD为【""】
2021-07-12 00:04:27 bad
2021-07-12 00:04:29 CHB 1325146?1626019467 第 1 次 等待 1 秒
2021-07-12 00:04:30 CHB 1325146?1626019467 第 1 次 获取到号码【1325146】GSD
2021-07-12 00:04:30 获取到号码【1325146】的GSD为【重庆-重庆】
2021-07-12 00:04:52 GSD insert 第 1 次 等待 1 秒
2021-07-12 00:04:53 {"status":"ok","msg":"添加成功！251972"}

2021-07-12 00:56:09 开始第 1 次操作

2021-07-12 00:56:09 开始操作号码 【1325145】
2021-07-12 00:56:22 GSD getOne 第 1 次 等待 1 秒
2021-07-12 00:56:23 查询号码 【1325145】，返回信息 {"status":"ok","msg":"重庆-重庆","time_insert":"2015-02-07 17:11","time_update":"2021-01-03 18:02"}
2021-07-12 00:56:23 查询号码 【1325145】，GSD为【"重庆-重庆"】

2021-07-12 00:56:23 开始第 1 次操作

2021-07-12 00:56:23 开始操作号码 【1325144】
2021-07-12 00:56:30 GSD getOne 第 1 次 等待 1 秒
2021-07-12 00:56:31 查询号码 【1325144】，返回信息 {"status":"ok","msg":"重庆-重庆","time_insert":"2017-05-30 10:52","time_update":"2021-01-03 17:54"}
2021-07-12 00:56:31 查询号码 【1325144】，GSD为【"重庆-重庆"】

2021-07-12 00:56:31 开始第 1 次操作

2021-07-12 00:56:31 开始操作号码 【1325143】
2021-07-12 00:56:42 GSD getOne 第 1 次 等待 1 秒
2021-07-12 00:56:43 查询号码 【1325143】，返回信息 {"status":"bad","msg":""}
2021-07-12 00:56:43 查询号码 【1325143】，GSD为【""】
2021-07-12 00:56:43 bad
2021-07-12 00:56:46 CHB 1325143?1626022603 第 1 次 等待 1 秒
2021-07-12 00:56:47 CHB 1325143?1626022603 第 1 次 获取到号码【1325143】GSD
2021-07-12 00:56:47 获取到号码【1325143】的GSD为【重庆-重庆】
2021-07-12 00:56:51 GSD insert 第 1 次 等待 1 秒
2021-07-12 00:56:52 {"status":"ok","msg":"添加成功！252131"}
2021-07-12 00:56:52 下次操作: 2021-07-12 00:57:10

2021-07-12 00:57:10 开始第 2 次操作

2021-07-12 00:57:10 开始操作号码 【1325142】
2021-07-12 00:57:15 GSD getOne 第 1 次 等待 1 秒
2021-07-12 00:57:16 查询号码 【1325142】，返回信息 {"status":"bad","msg":""}
2021-07-12 00:57:16 查询号码 【1325142】，GSD为【""】
2021-07-12 00:57:16 bad
2021-07-12 00:57:18 CHB 1325142?1626022636 第 1 次 等待 1 秒
2021-07-12 00:57:19 CHB 1325142?1626022636 第 1 次 获取到号码【1325142】GSD
2021-07-12 00:57:19 获取到号码【1325142】的GSD为【重庆-重庆】
2021-07-12 00:57:23 GSD insert 第 1 次 等待 1 秒
2021-07-12 00:57:24 {"status":"ok","msg":"添加成功！252133"}
2021-07-12 00:57:24 下次操作: 2021-07-12 00:57:30

2021-07-12 00:57:30 开始第 3 次操作

2021-07-12 00:57:30 开始操作号码 【1325141】
2021-07-12 00:57:33 GSD getOne 第 1 次 等待 1 秒
2021-07-12 00:57:34 查询号码 【1325141】，返回信息 {"status":"bad","msg":""}
2021-07-12 00:57:34 查询号码 【1325141】，GSD为【""】
2021-07-12 00:57:34 bad
2021-07-12 00:57:38 CHB 1325141?1626022654 第 1 次 等待 1 秒
2021-07-12 00:57:39 CHB 1325141?1626022654 第 1 次 获取到号码【1325141】GSD
2021-07-12 00:57:39 获取到号码【1325141】的GSD为【重庆-重庆】
2021-07-12 00:57:42 GSD insert 第 1 次 等待 1 秒
2021-07-12 00:57:43 {"status":"ok","msg":"添加成功！252135"}
2021-07-12 00:57:43 下次操作: 2021-07-12 00:57:49

2021-07-12 00:57:49 开始第 4 次操作

2021-07-12 00:57:49 开始操作号码 【1325140】
2021-07-12 00:57:54 GSD getOne 第 1 次 等待 1 秒
2021-07-12 00:57:55 查询号码 【1325140】，返回信息 {"status":"ok","msg":"重庆-重庆","time_insert":"2020-04-20 08:34","time_update":"2021-01-03 17:47"}
2021-07-12 00:57:55 查询号码 【1325140】，GSD为【"重庆-重庆"】

2021-07-12 00:57:55 开始第 4 次操作

2021-07-12 00:57:55 开始操作号码 【1325139】
2021-07-12 00:58:07 GSD getOne 第 1 次 等待 1 秒
2021-07-12 00:58:08 查询号码 【1325139】，返回信息 {"status":"ok","msg":"重庆-重庆","time_insert":"2017-05-30 10:52","time_update":"2021-01-03 17:39"}
2021-07-12 00:58:08 查询号码 【1325139】，GSD为【"重庆-重庆"】

2021-07-12 00:58:08 开始第 4 次操作

2021-07-12 00:58:08 开始操作号码 【1325138】
2021-07-12 00:58:13 GSD getOne 第 1 次 等待 1 秒
2021-07-12 00:58:14 查询号码 【1325138】，返回信息 {"status":"bad","msg":""}
2021-07-12 00:58:14 查询号码 【1325138】，GSD为【""】
2021-07-12 00:58:14 bad
2021-07-12 00:58:17 CHB 1325138?1626022694 第 1 次 等待 1 秒
2021-07-12 00:58:18 CHB 1325138?1626022694 第 1 次 获取到号码【1325138】GSD
2021-07-12 00:58:18 获取到号码【1325138】的GSD为【重庆-重庆】
2021-07-12 00:58:22 GSD insert 第 1 次 等待 1 秒
2021-07-12 00:58:23 {"status":"ok","msg":"添加成功！252137"}
2021-07-12 00:58:23 下次操作: 2021-07-12 00:58:38

2021-07-12 00:58:38 开始第 5 次操作

2021-07-12 00:58:38 开始操作号码 【1325137】
2021-07-12 00:58:43 GSD getOne 第 1 次 等待 1 秒
2021-07-12 00:58:44 查询号码 【1325137】，返回信息 {"status":"ok","msg":"重庆-重庆","time_insert":"2015-03-15 10:15","time_update":"2021-01-03 17:38"}
2021-07-12 00:58:44 查询号码 【1325137】，GSD为【"重庆-重庆"】

2021-07-12 00:58:44 开始第 5 次操作

2021-07-12 00:58:44 开始操作号码 【1325136】
2021-07-12 00:58:48 GSD getOne 第 1 次 等待 1 秒
2021-07-12 00:58:49 查询号码 【1325136】，返回信息 {"status":"ok","msg":"重庆-重庆","time_insert":"2017-05-30 10:52","time_update":"2021-01-03 17:33"}
2021-07-12 00:58:49 查询号码 【1325136】，GSD为【"重庆-重庆"】

2021-07-12 00:58:49 开始第 5 次操作

2021-07-12 00:58:49 开始操作号码 【1325135】
2021-07-12 00:58:52 GSD getOne 第 1 次 等待 1 秒
2021-07-12 00:58:53 查询号码 【1325135】，返回信息 {"status":"ok","msg":"重庆-重庆","time_insert":"2021-04-22 09:54"}
2021-07-12 00:58:53 查询号码 【1325135】，GSD为【"重庆-重庆"】

2021-07-12 00:58:53 开始第 5 次操作

2021-07-12 00:58:53 开始操作号码 【1325134】
2021-07-12 00:58:58 GSD getOne 第 1 次 等待 1 秒
2021-07-12 00:58:59 查询号码 【1325134】，返回信息 {"status":"bad","msg":""}
2021-07-12 00:58:59 查询号码 【1325134】，GSD为【""】
2021-07-12 00:58:59 bad
2021-07-12 01:00:29 CHB 1325134?1626022739 第 1 次 等待 1 秒
2021-07-12 01:00:30 CHB 1325134?1626022739 第 1 次 获取到号码【1325134】GSD
2021-07-12 01:00:30 未获取到号码【1325134】GSD，查号吧 522 错误
2021-07-12 01:00:30 获取到号码【1325134】的GSD为【-】
2021-07-12 01:00:34 GSD insert 第 1 次 等待 1 秒
2021-07-12 01:00:35 {"status":"ok","msg":"添加成功！252149"}
2021-07-12 01:00:35 下次操作: 2021-07-12 01:00:43

2021-07-12 01:00:43 开始第 6 次操作

2021-07-12 01:00:43 开始操作号码 【1325133】
2021-07-12 01:00:47 GSD getOne 第 1 次 等待 1 秒
2021-07-12 01:00:48 查询号码 【1325133】，返回信息 {"status":"ok","msg":"重庆-重庆","time_insert":"2017-04-08 10:45","time_update":"2021-01-03 17:27"}
2021-07-12 01:00:48 查询号码 【1325133】，GSD为【"重庆-重庆"】

2021-07-12 01:00:48 开始第 6 次操作

2021-07-12 01:00:48 开始操作号码 【1325132】
2021-07-12 01:00:53 GSD getOne 第 1 次 等待 1 秒
2021-07-12 01:00:54 查询号码 【1325132】，返回信息 {"status":"ok","msg":"重庆-重庆","time_insert":"2017-05-30 10:52","time_update":"2021-01-03 17:24"}
2021-07-12 01:00:54 查询号码 【1325132】，GSD为【"重庆-重庆"】

2021-07-12 01:00:54 开始第 6 次操作

2021-07-12 01:00:54 开始操作号码 【1325131】
2021-07-12 01:00:57 GSD getOne 第 1 次 等待 1 秒
2021-07-12 01:00:58 查询号码 【1325131】，返回信息 {"status":"bad","msg":""}
2021-07-12 01:00:58 查询号码 【1325131】，GSD为【""】
2021-07-12 01:00:58 bad
2021-07-12 01:01:00 CHB 1325131?1626022858 第 1 次 等待 1 秒
2021-07-12 01:01:01 CHB 1325131?1626022858 第 1 次 获取到号码【1325131】GSD
2021-07-12 01:01:01 获取到号码【1325131】的GSD为【重庆-重庆】
2021-07-12 01:01:05 GSD insert 第 1 次 等待 1 秒
2021-07-12 01:01:06 {"status":"ok","msg":"添加成功！252156"}
2021-07-12 01:01:06 下次操作: 2021-07-12 01:01:13

2021-07-12 01:01:13 开始第 7 次操作

2021-07-12 01:01:13 开始操作号码 【1325130】
2021-07-12 01:01:17 GSD getOne 第 1 次 等待 1 秒
2021-07-12 01:01:18 查询号码 【1325130】，返回信息 {"status":"bad","msg":""}
2021-07-12 01:01:18 查询号码 【1325130】，GSD为【""】
2021-07-12 01:01:18 bad
2021-07-12 01:01:24 CHB 1325130?1626022878 第 1 次 等待 1 秒
2021-07-12 01:01:25 CHB 1325130?1626022878 第 1 次 获取到号码【1325130】GSD
2021-07-12 01:01:25 获取到号码【1325130】的GSD为【重庆-重庆】
2021-07-12 01:01:29 GSD insert 第 1 次 等待 1 秒
2021-07-12 01:01:30 {"status":"ok","msg":"添加成功！252161"}
2021-07-12 01:01:30 下次操作: 2021-07-12 01:01:45

2021-07-12 01:01:45 开始第 8 次操作

2021-07-12 01:01:45 开始操作号码 【1325129】
2021-07-12 01:01:49 GSD getOne 第 1 次 等待 1 秒
2021-07-12 01:01:50 查询号码 【1325129】，返回信息 {"status":"ok","msg":"重庆-重庆","time_insert":"2017-10-12 15:22","time_update":"2021-01-03 17:18"}
2021-07-12 01:01:50 查询号码 【1325129】，GSD为【"重庆-重庆"】

2021-07-12 01:01:50 开始第 8 次操作

2021-07-12 01:01:50 开始操作号码 【1325128】
2021-07-12 01:01:55 GSD getOne 第 1 次 等待 1 秒
2021-07-12 01:01:56 查询号码 【1325128】，返回信息 {"status":"ok","msg":"重庆-重庆","time_insert":"2018-07-15 13:50","time_update":"2021-01-03 17:11"}
2021-07-12 01:01:56 查询号码 【1325128】，GSD为【"重庆-重庆"】

2021-07-12 01:01:56 开始第 8 次操作

2021-07-12 01:01:56 开始操作号码 【1325127】
2021-07-12 01:02:00 GSD getOne 第 1 次 等待 1 秒
2021-07-12 01:02:01 查询号码 【1325127】，返回信息 {"status":"bad","msg":""}
2021-07-12 01:02:01 查询号码 【1325127】，GSD为【""】
2021-07-12 01:02:01 bad
2021-07-12 01:02:04 CHB 1325127?1626022921 第 1 次 等待 1 秒
2021-07-12 01:02:05 CHB 1325127?1626022921 第 1 次 获取到号码【1325127】GSD
2021-07-12 01:02:05 获取到号码【1325127】的GSD为【重庆-重庆】
2021-07-12 01:02:09 GSD insert 第 1 次 等待 1 秒
2021-07-12 01:02:10 {"status":"ok","msg":"添加成功！252170"}
2021-07-12 01:02:10 下次操作: 2021-07-12 01:02:19

2021-07-12 01:02:19 开始第 9 次操作

2021-07-12 01:02:19 开始操作号码 【1325126】
2021-07-12 01:02:24 GSD getOne 第 1 次 等待 1 秒
2021-07-12 01:02:25 查询号码 【1325126】，返回信息 {"status":"ok","msg":"重庆-重庆","time_insert":"2017-04-11 16:51","time_update":"2021-01-03 17:04"}
2021-07-12 01:02:25 查询号码 【1325126】，GSD为【"重庆-重庆"】

2021-07-12 01:02:25 开始第 9 次操作

2021-07-12 01:02:25 开始操作号码 【1325125】
2021-07-12 01:02:28 GSD getOne 第 1 次 等待 1 秒
2021-07-12 01:02:29 查询号码 【1325125】，返回信息 {"status":"bad","msg":""}
2021-07-12 01:02:30 查询号码 【1325125】，GSD为【""】
2021-07-12 01:02:30 bad
2021-07-12 01:02:32 CHB 1325125?1626022950 第 1 次 等待 1 秒
2021-07-12 01:02:33 CHB 1325125?1626022950 第 1 次 获取到号码【1325125】GSD
2021-07-12 01:02:33 获取到号码【1325125】的GSD为【重庆-重庆】
2021-07-12 01:02:39 GSD insert 第 1 次 等待 1 秒
2021-07-12 01:02:40 {"status":"ok","msg":"添加成功！252176"}
2021-07-12 01:02:40 下次操作: 2021-07-12 01:02:46

2021-07-12 01:02:46 开始第 10 次操作

2021-07-12 01:02:46 开始操作号码 【1325124】
2021-07-12 01:02:49 GSD getOne 第 1 次 等待 1 秒
2021-07-12 01:02:50 查询号码 【1325124】，返回信息 {"status":"bad","msg":""}
2021-07-12 01:02:50 查询号码 【1325124】，GSD为【""】
2021-07-12 01:02:50 bad
2021-07-12 01:02:53 CHB 1325124?1626022970 第 1 次 等待 1 秒
2021-07-12 01:02:54 CHB 1325124?1626022970 第 1 次 获取到号码【1325124】GSD
2021-07-12 01:02:54 获取到号码【1325124】的GSD为【重庆-重庆】
2021-07-12 01:02:58 GSD insert 第 1 次 等待 1 秒
2021-07-12 01:02:59 {"status":"ok","msg":"添加成功！252182"}
2021-07-12 01:02:59 下次操作: 2021-07-12 01:03:06

2021-07-12 01:03:06 开始第 11 次操作

2021-07-12 01:03:06 开始操作号码 【1325123】
2021-07-12 01:03:13 GSD getOne 第 1 次 等待 1 秒
2021-07-12 01:03:14 查询号码 【1325123】，返回信息 {"status":"bad","msg":""}
2021-07-12 01:03:14 查询号码 【1325123】，GSD为【""】
2021-07-12 01:03:14 bad
2021-07-12 01:03:16 CHB 1325123?1626022994 第 1 次 等待 1 秒
2021-07-12 01:03:17 CHB 1325123?1626022994 第 1 次 获取到号码【1325123】GSD
2021-07-12 01:03:17 获取到号码【1325123】的GSD为【重庆-重庆】
2021-07-12 01:03:21 GSD insert 第 1 次 等待 1 秒
2021-07-12 01:03:22 {"status":"ok","msg":"添加成功！252187"}
2021-07-12 01:03:22 下次操作: 2021-07-12 01:03:35

2021-07-12 01:03:35 开始第 12 次操作

2021-07-12 01:03:35 开始操作号码 【1325122】
2021-07-12 01:03:39 GSD getOne 第 1 次 等待 1 秒
2021-07-12 01:03:40 查询号码 【1325122】，返回信息 {"status":"ok","msg":"重庆-重庆","time_insert":"2014-11-09 16:09","time_update":"2021-01-03 16:57"}
2021-07-12 01:03:40 查询号码 【1325122】，GSD为【"重庆-重庆"】

2021-07-12 01:03:40 开始第 12 次操作

2021-07-12 01:03:40 开始操作号码 【1325121】
2021-07-12 01:03:48 GSD getOne 第 1 次 等待 1 秒
2021-07-12 01:03:49 查询号码 【1325121】，返回信息 {"status":"ok","msg":"重庆-重庆","time_insert":"2017-05-30 10:52","time_update":"2021-01-03 16:54"}
2021-07-12 01:03:49 查询号码 【1325121】，GSD为【"重庆-重庆"】

2021-07-12 01:03:49 开始第 12 次操作

2021-07-12 01:03:49 开始操作号码 【1325120】
2021-07-12 01:03:52 GSD getOne 第 1 次 等待 1 秒
2021-07-12 01:03:53 查询号码 【1325120】，返回信息 {"status":"ok","msg":"重庆-重庆","time_insert":"2017-05-10 16:05","time_update":"2021-01-03 16:48"}
2021-07-12 01:03:54 查询号码 【1325120】，GSD为【"重庆-重庆"】

2021-07-12 01:03:54 开始第 12 次操作

2021-07-12 01:03:54 开始操作号码 【1325119】
2021-07-12 01:03:58 GSD getOne 第 1 次 等待 1 秒
2021-07-12 01:03:59 查询号码 【1325119】，返回信息 {"status":"ok","msg":"重庆-重庆","time_insert":"2017-05-30 10:52","time_update":"2021-01-03 16:41"}
2021-07-12 01:03:59 查询号码 【1325119】，GSD为【"重庆-重庆"】

2021-07-12 01:03:59 开始第 12 次操作

2021-07-12 01:03:59 开始操作号码 【1325118】
2021-07-12 01:04:03 GSD getOne 第 1 次 等待 1 秒
2021-07-12 01:04:04 查询号码 【1325118】，返回信息 {"status":"ok","msg":"重庆-重庆","time_insert":"2017-07-18 11:48","time_update":"2021-01-03 16:36"}
2021-07-12 01:04:04 查询号码 【1325118】，GSD为【"重庆-重庆"】

2021-07-12 01:04:04 开始第 12 次操作

2021-07-12 01:04:04 开始操作号码 【1325117】
2021-07-12 01:04:08 GSD getOne 第 1 次 等待 1 秒
2021-07-12 01:04:09 查询号码 【1325117】，返回信息 {"status":"bad","msg":""}
2021-07-12 01:04:09 查询号码 【1325117】，GSD为【""】
2021-07-12 01:04:09 bad
2021-07-12 01:04:11 CHB 1325117?1626023049 第 1 次 等待 1 秒
2021-07-12 01:04:12 CHB 1325117?1626023049 第 1 次 获取到号码【1325117】GSD
2021-07-12 01:04:12 获取到号码【1325117】的GSD为【重庆-重庆】
2021-07-12 01:04:16 GSD insert 第 1 次 等待 1 秒
2021-07-12 01:04:17 {"status":"ok","msg":"添加成功！252197"}
2021-07-12 01:04:17 下次操作: 2021-07-12 01:04:31

2021-07-12 01:04:31 开始第 13 次操作

2021-07-12 01:04:31 开始操作号码 【1325116】
2021-07-12 01:04:37 GSD getOne 第 1 次 等待 1 秒
2021-07-12 01:04:38 查询号码 【1325116】，返回信息 {"status":"bad","msg":""}
2021-07-12 01:04:38 查询号码 【1325116】，GSD为【""】
2021-07-12 01:04:38 bad
2021-07-12 01:04:40 CHB 1325116?1626023078 第 1 次 等待 1 秒
2021-07-12 01:04:41 CHB 1325116?1626023078 第 1 次 获取到号码【1325116】GSD
2021-07-12 01:04:41 获取到号码【1325116】的GSD为【重庆-重庆】
2021-07-12 01:04:44 GSD insert 第 1 次 等待 1 秒
2021-07-12 01:04:45 {"status":"ok","msg":"添加成功！252204"}
2021-07-12 01:04:45 下次操作: 2021-07-12 01:04:53

2021-07-12 01:04:53 开始第 14 次操作

2021-07-12 01:04:53 开始操作号码 【1325115】
2021-07-12 01:04:57 GSD getOne 第 1 次 等待 1 秒
2021-07-12 01:04:58 查询号码 【1325115】，返回信息 {"status":"bad","msg":""}
2021-07-12 01:04:58 查询号码 【1325115】，GSD为【""】
2021-07-12 01:04:58 bad
2021-07-12 01:06:28 CHB 1325115?1626023098 第 1 次 等待 1 秒
2021-07-12 01:06:29 CHB 1325115?1626023098 第 1 次 获取到号码【1325115】GSD
2021-07-12 01:06:29 未获取到号码【1325115】GSD，查号吧 522 错误
2021-07-12 01:06:29 获取到号码【1325115】的GSD为【-】
2021-07-12 01:06:39 GSD insert 第 1 次 等待 1 秒
2021-07-12 01:06:40 {"status":"ok","msg":"添加成功！252219"}
2021-07-12 01:06:40 下次操作: 2021-07-12 01:06:50

2021-07-12 01:06:50 开始第 15 次操作

2021-07-12 01:06:50 开始操作号码 【1325114】
2021-07-12 01:07:03 GSD getOne 第 1 次 等待 1 秒
2021-07-12 01:07:04 查询号码 【1325114】，返回信息 {"status":"ok","msg":"重庆-重庆","time_insert":"2017-05-30 10:52","time_update":"2021-01-03 16:31"}
2021-07-12 01:07:04 查询号码 【1325114】，GSD为【"重庆-重庆"】

2021-07-12 01:07:04 开始第 15 次操作

2021-07-12 01:07:04 开始操作号码 【1325113】
2021-07-12 01:07:09 GSD getOne 第 1 次 等待 1 秒
2021-07-12 01:07:10 查询号码 【1325113】，返回信息 {"status":"bad","msg":""}
2021-07-12 01:07:11 查询号码 【1325113】，GSD为【""】
2021-07-12 01:07:11 bad
2021-07-12 01:07:50 CHB 1325113?1626023231 第 1 次 等待 1 秒
2021-07-12 01:07:51 CHB 1325113?1626023231 第 1 次 获取到号码【1325113】GSD
2021-07-12 01:07:51 获取到号码【1325113】的GSD为【重庆-重庆】
2021-07-12 01:07:55 GSD insert 第 1 次 等待 1 秒
2021-07-12 01:07:56 {"status":"ok","msg":"添加成功！252233"}
2021-07-12 01:07:56 下次操作: 2021-07-12 01:08:11

2021-07-12 01:08:11 开始第 16 次操作

2021-07-12 01:08:11 开始操作号码 【1325112】
2021-07-12 01:08:17 GSD getOne 第 1 次 等待 1 秒
2021-07-12 01:08:18 查询号码 【1325112】，返回信息 {"status":"bad","msg":""}
2021-07-12 01:08:18 查询号码 【1325112】，GSD为【""】
2021-07-12 01:08:18 bad
2021-07-12 01:08:21 CHB 1325112?1626023298 第 1 次 等待 1 秒
2021-07-12 01:08:22 CHB 1325112?1626023298 第 1 次 获取到号码【1325112】GSD
2021-07-12 01:08:22 获取到号码【1325112】的GSD为【重庆-重庆】
2021-07-12 01:08:26 GSD insert 第 1 次 等待 1 秒
2021-07-12 01:08:27 {"status":"ok","msg":"添加成功！252244"}
2021-07-12 01:08:27 下次操作: 2021-07-12 01:08:44

2021-07-12 01:08:44 开始第 17 次操作

2021-07-12 01:08:44 开始操作号码 【1325111】
2021-07-12 01:08:48 GSD getOne 第 1 次 等待 1 秒
2021-07-12 01:08:49 查询号码 【1325111】，返回信息 {"status":"ok","msg":"重庆-重庆","time_insert":"2015-05-13 21:28","time_update":"2021-01-03 16:25"}
2021-07-12 01:08:49 查询号码 【1325111】，GSD为【"重庆-重庆"】

2021-07-12 01:08:50 开始第 17 次操作

2021-07-12 01:08:50 开始操作号码 【1325110】
2021-07-12 01:08:53 GSD getOne 第 1 次 等待 1 秒
2021-07-12 01:08:54 查询号码 【1325110】，返回信息 {"status":"ok","msg":"重庆-重庆","time_insert":"2017-05-30 10:52","time_update":"2021-01-03 16:18"}
2021-07-12 01:08:54 查询号码 【1325110】，GSD为【"重庆-重庆"】

2021-07-12 01:08:54 开始第 17 次操作

2021-07-12 01:08:54 开始操作号码 【1325109】
2021-07-12 01:09:02 GSD getOne 第 1 次 等待 1 秒
2021-07-12 01:09:03 查询号码 【1325109】，返回信息 {"status":"bad","msg":""}
2021-07-12 01:09:04 查询号码 【1325109】，GSD为【""】
2021-07-12 01:09:04 bad
2021-07-12 01:09:06 CHB 1325109?1626023344 第 1 次 等待 1 秒
2021-07-12 01:09:07 CHB 1325109?1626023344 第 1 次 获取到号码【1325109】GSD
2021-07-12 01:09:07 获取到号码【1325109】的GSD为【浙江-金华】
2021-07-12 01:09:13 GSD insert 第 1 次 等待 1 秒
2021-07-12 01:09:14 {"status":"ok","msg":"添加成功！252256"}
2021-07-12 01:09:14 下次操作: 2021-07-12 01:09:24

2021-07-12 01:09:24 开始第 18 次操作

2021-07-12 01:09:24 开始操作号码 【1325108】
2021-07-12 01:09:28 GSD getOne 第 1 次 等待 1 秒
2021-07-12 01:09:29 查询号码 【1325108】，返回信息 {"status":"bad","msg":""}
2021-07-12 01:09:29 查询号码 【1325108】，GSD为【""】
2021-07-12 01:09:29 bad
2021-07-12 01:09:31 CHB 1325108?1626023369 第 1 次 等待 1 秒
2021-07-12 01:09:32 CHB 1325108?1626023369 第 1 次 获取到号码【1325108】GSD
2021-07-12 01:09:32 获取到号码【1325108】的GSD为【浙江-衢州】
2021-07-12 01:09:40 GSD insert 第 1 次 等待 1 秒
2021-07-12 01:09:42 {"status":"ok","msg":"添加成功！252261"}
2021-07-12 01:09:42 下次操作: 2021-07-12 01:09:56

2021-07-12 01:09:56 开始第 19 次操作

2021-07-12 01:09:56 开始操作号码 【1325107】
2021-07-12 01:09:59 GSD getOne 第 1 次 等待 1 秒
2021-07-12 01:10:00 查询号码 【1325107】，返回信息 {"status":"bad","msg":""}
2021-07-12 01:10:00 查询号码 【1325107】，GSD为【""】
2021-07-12 01:10:00 bad
2021-07-12 01:10:03 CHB 1325107?1626023400 第 1 次 等待 1 秒
2021-07-12 01:10:04 CHB 1325107?1626023400 第 1 次 获取到号码【1325107】GSD
2021-07-12 01:10:05 获取到号码【1325107】的GSD为【浙江-台州】
2021-07-12 01:10:08 GSD insert 第 1 次 等待 1 秒
2021-07-12 01:10:09 {"status":"ok","msg":"添加成功！252271"}
2021-07-12 01:10:09 下次操作: 2021-07-12 01:10:20

2021-07-12 01:10:20 开始第 20 次操作

2021-07-12 01:10:20 开始操作号码 【1325106】
2021-07-12 01:10:26 GSD getOne 第 1 次 等待 1 秒
2021-07-12 01:10:27 查询号码 【1325106】，返回信息 {"status":"bad","msg":""}
2021-07-12 01:10:27 查询号码 【1325106】，GSD为【""】
2021-07-12 01:10:27 bad
2021-07-12 01:10:29 CHB 1325106?1626023427 第 1 次 等待 1 秒
2021-07-12 01:10:30 CHB 1325106?1626023427 第 1 次 获取到号码【1325106】GSD
2021-07-12 01:10:30 获取到号码【1325106】的GSD为【浙江-台州】
2021-07-12 01:10:35 GSD insert 第 1 次 等待 1 秒
2021-07-12 01:10:36 {"status":"ok","msg":"添加成功！252275"}
2021-07-12 01:10:36 下次操作: 2021-07-12 01:10:45

2021-07-12 01:10:45 开始第 21 次操作

2021-07-12 01:10:45 开始操作号码 【1325105】
2021-07-12 01:10:49 GSD getOne 第 1 次 等待 1 秒
2021-07-12 01:10:50 查询号码 【1325105】，返回信息 {"status":"bad","msg":""}
2021-07-12 01:10:50 查询号码 【1325105】，GSD为【""】
2021-07-12 01:10:50 bad
2021-07-12 01:10:56 CHB 1325105?1626023450 第 1 次 等待 1 秒
2021-07-12 01:10:57 CHB 1325105?1626023450 第 1 次 获取到号码【1325105】GSD
2021-07-12 01:10:57 获取到号码【1325105】的GSD为【浙江-温州】
2021-07-12 01:11:01 GSD insert 第 1 次 等待 1 秒
2021-07-12 01:11:02 {"status":"ok","msg":"添加成功！252282"}
2021-07-12 01:11:02 下次操作: 2021-07-12 01:11:11

2021-07-12 01:11:11 开始第 22 次操作

2021-07-12 01:11:11 开始操作号码 【1325104】
2021-07-12 01:11:15 GSD getOne 第 1 次 等待 1 秒
2021-07-12 01:11:16 查询号码 【1325104】，返回信息 {"status":"bad","msg":""}
2021-07-12 01:11:16 查询号码 【1325104】，GSD为【""】
2021-07-12 01:11:16 bad
2021-07-12 01:11:50 CHB 1325104?1626023476 第 1 次 等待 1 秒
2021-07-12 01:11:51 CHB 1325104?1626023476 第 1 次 获取到号码【1325104】GSD
2021-07-12 01:11:51 获取到号码【1325104】的GSD为【浙江-温州】
2021-07-12 01:11:55 GSD insert 第 1 次 等待 1 秒
2021-07-12 01:11:56 {"status":"ok","msg":"添加成功！252289"}
2021-07-12 01:11:56 下次操作: 2021-07-12 01:12:05

2021-07-12 01:12:05 开始第 23 次操作

2021-07-12 01:12:05 开始操作号码 【1325103】
2021-07-12 01:12:09 GSD getOne 第 1 次 等待 1 秒
2021-07-12 01:12:10 查询号码 【1325103】，返回信息 {"status":"bad","msg":""}
2021-07-12 01:12:10 查询号码 【1325103】，GSD为【""】
2021-07-12 01:12:10 bad
2021-07-12 01:12:52 CHB 1325103?1626023530 第 1 次 等待 1 秒
2021-07-12 01:12:53 CHB 1325103?1626023530 第 1 次 获取到号码【1325103】GSD
2021-07-12 01:12:53 获取到号码【1325103】的GSD为【浙江-温州】
2021-07-12 01:12:59 GSD insert 第 1 次 等待 1 秒
2021-07-12 01:13:00 {"status":"ok","msg":"添加成功！252301"}
2021-07-12 01:13:00 下次操作: 2021-07-12 01:13:14

2021-07-12 01:13:15 开始第 24 次操作

2021-07-12 01:13:15 开始操作号码 【1325102】
2021-07-12 01:13:18 GSD getOne 第 1 次 等待 1 秒
2021-07-12 01:13:19 查询号码 【1325102】，返回信息 {"status":"bad","msg":""}
2021-07-12 01:13:19 查询号码 【1325102】，GSD为【""】
2021-07-12 01:13:19 bad
2021-07-12 01:13:22 CHB 1325102?1626023599 第 1 次 等待 1 秒
2021-07-12 01:13:23 CHB 1325102?1626023599 第 1 次 获取到号码【1325102】GSD
2021-07-12 01:13:23 获取到号码【1325102】的GSD为【浙江-杭州】
2021-07-12 01:13:27 GSD insert 第 1 次 等待 1 秒
2021-07-12 01:13:28 {"status":"ok","msg":"添加成功！252305"}
2021-07-12 01:13:28 下次操作: 2021-07-12 01:13:43

2021-07-12 01:13:43 开始第 25 次操作

2021-07-12 01:13:43 开始操作号码 【1325101】
2021-07-12 01:13:46 GSD getOne 第 1 次 等待 1 秒
2021-07-12 01:13:47 查询号码 【1325101】，返回信息 {"status":"bad","msg":""}
2021-07-12 01:13:48 查询号码 【1325101】，GSD为【""】
2021-07-12 01:13:48 bad
2021-07-12 01:13:50 CHB 1325101?1626023628 第 1 次 等待 1 秒
2021-07-12 01:13:51 CHB 1325101?1626023628 第 1 次 获取到号码【1325101】GSD
2021-07-12 01:13:51 获取到号码【1325101】的GSD为【浙江-杭州】
2021-07-12 01:13:54 GSD insert 第 1 次 等待 1 秒
2021-07-12 01:13:55 {"status":"ok","msg":"添加成功！252310"}
2021-07-12 01:13:55 下次操作: 2021-07-12 01:14:05

2021-07-12 01:14:06 开始第 26 次操作

2021-07-12 01:14:06 开始操作号码 【1325100】
2021-07-12 01:14:09 GSD getOne 第 1 次 等待 1 秒
2021-07-12 01:14:10 查询号码 【1325100】，返回信息 {"status":"bad","msg":""}
2021-07-12 01:14:10 查询号码 【1325100】，GSD为【""】
2021-07-12 01:14:10 bad
2021-07-12 01:14:12 CHB 1325100?1626023650 第 1 次 等待 1 秒
2021-07-12 01:14:13 CHB 1325100?1626023650 第 1 次 获取到号码【1325100】GSD
2021-07-12 01:14:13 获取到号码【1325100】的GSD为【浙江-杭州】
2021-07-12 01:14:17 GSD insert 第 1 次 等待 1 秒
2021-07-12 01:14:18 {"status":"ok","msg":"添加成功！252313"}
2021-07-12 01:14:18 下次操作: 2021-07-12 01:14:36

2021-07-12 01:14:36 开始第 27 次操作

2021-07-12 01:14:36 开始操作号码 【1325099】
2021-07-12 01:14:40 GSD getOne 第 1 次 等待 1 秒
2021-07-12 01:14:41 查询号码 【1325099】，返回信息 {"status":"bad","msg":""}
2021-07-12 01:14:41 查询号码 【1325099】，GSD为【""】
2021-07-12 01:14:41 bad
2021-07-12 01:14:43 CHB 1325099?1626023681 第 1 次 等待 1 秒
2021-07-12 01:14:44 CHB 1325099?1626023681 第 1 次 获取到号码【1325099】GSD
2021-07-12 01:14:44 获取到号码【1325099】的GSD为【浙江-金华】
2021-07-12 01:14:48 GSD insert 第 1 次 等待 1 秒
2021-07-12 01:14:49 {"status":"ok","msg":"添加成功！252318"}
2021-07-12 01:14:49 下次操作: 2021-07-12 01:15:07

2021-07-12 01:15:07 开始第 28 次操作

2021-07-12 01:15:07 开始操作号码 【1325098】
2021-07-12 01:15:13 GSD getOne 第 1 次 等待 1 秒
2021-07-12 01:15:14 查询号码 【1325098】，返回信息 {"status":"bad","msg":""}
2021-07-12 01:15:14 查询号码 【1325098】，GSD为【""】
2021-07-12 01:15:14 bad
2021-07-12 01:15:17 CHB 1325098?1626023714 第 1 次 等待 1 秒
2021-07-12 01:15:18 CHB 1325098?1626023714 第 1 次 获取到号码【1325098】GSD
2021-07-12 01:15:18 获取到号码【1325098】的GSD为【浙江-宁波】
2021-07-12 01:15:22 GSD insert 第 1 次 等待 1 秒
2021-07-12 01:15:23 {"status":"ok","msg":"添加成功！252328"}
2021-07-12 01:15:23 下次操作: 2021-07-12 01:15:40

2021-07-12 01:15:40 开始第 29 次操作

2021-07-12 01:15:40 开始操作号码 【1325097】
2021-07-12 01:15:44 GSD getOne 第 1 次 等待 1 秒
2021-07-12 01:15:45 查询号码 【1325097】，返回信息 {"status":"bad","msg":""}
2021-07-12 01:15:45 查询号码 【1325097】，GSD为【""】
2021-07-12 01:15:45 bad
2021-07-12 01:15:47 CHB 1325097?1626023745 第 1 次 等待 1 秒
2021-07-12 01:15:48 CHB 1325097?1626023745 第 1 次 获取到号码【1325097】GSD
2021-07-12 01:15:48 获取到号码【1325097】的GSD为【浙江-宁波】
2021-07-12 01:15:52 GSD insert 第 1 次 等待 1 秒
2021-07-12 01:15:53 {"status":"ok","msg":"添加成功！252333"}
2021-07-12 01:15:53 下次操作: 2021-07-12 01:15:59

2021-07-12 01:15:59 开始第 30 次操作

2021-07-12 01:15:59 开始操作号码 【1325096】
2021-07-12 01:16:06 GSD getOne 第 1 次 等待 1 秒
2021-07-12 01:16:07 查询号码 【1325096】，返回信息 {"status":"bad","msg":""}
2021-07-12 01:16:07 查询号码 【1325096】，GSD为【""】
2021-07-12 01:16:07 bad
2021-07-12 01:16:08 CHB 1325096?1626023767 第 1 次 等待 1 秒
2021-07-12 01:16:09 CHB 1325096?1626023767 第 1 次 获取到号码【1325096】GSD
2021-07-12 01:16:09 获取到号码【1325096】的GSD为【浙江-宁波】
2021-07-12 01:16:13 GSD insert 第 1 次 等待 1 秒
2021-07-12 01:16:14 {"status":"ok","msg":"添加成功！252339"}

