2024-06-13 00:24:24 开始第 377 次操作

2024-06-13 00:24:24 开始操作号码 【1470291】
2024-06-13 00:24:33 GSD getOne 第 1 次 等待 3 秒
2024-06-13 00:24:36 查询号码 【1470291】，返回信息 {"status":"ok","msg":"陕西-西安","gid":"72016","time_insert":"2021-05-29 08:36"}
2024-06-13 00:24:36 查询号码 【1470291】，GSD为【"陕西-西安"】

2024-06-13 00:24:37 开始第 378 次操作

2024-06-13 00:24:37 开始操作号码 【1470292】
2024-06-13 00:24:44 GSD getOne 第 1 次 等待 3 秒
2024-06-13 00:24:47 查询号码 【1470292】，返回信息 {"status":"ok","msg":"陕西-西安","gid":"72035","time_insert":"2021-05-29 09:04"}
2024-06-13 00:24:47 查询号码 【1470292】，GSD为【"陕西-西安"】

2024-06-13 00:24:48 开始第 379 次操作

2024-06-13 00:24:48 开始操作号码 【1470293】
2024-06-13 00:24:54 GSD getOne 第 1 次 等待 3 秒
2024-06-13 00:24:57 查询号码 【1470293】，返回信息 {"status":"ok","msg":"陕西-西安","gid":"72058","time_insert":"2021-05-29 09:33"}
2024-06-13 00:24:57 查询号码 【1470293】，GSD为【"陕西-西安"】

2024-06-13 00:24:58 开始第 380 次操作

2024-06-13 00:24:58 开始操作号码 【1470294】
2024-06-13 00:25:04 GSD getOne 第 1 次 等待 3 秒
2024-06-13 00:25:07 查询号码 【1470294】，返回信息 {"status":"ok","msg":"陕西-西安","gid":"14645","time_insert":"2019-06-21 15:20","time_update":"2020-12-10 00:01"}
2024-06-13 00:25:07 查询号码 【1470294】，GSD为【"陕西-西安"】

2024-06-13 00:41:37 开始第 381 次操作

2024-06-13 00:41:37 开始操作号码 【1470295】
2024-06-13 00:41:44 GSD getOne 第 1 次 等待 3 秒
2024-06-13 00:41:47 查询号码 【1470295】，返回信息 {"status":"ok","msg":"陕西-西安","gid":"72083","time_insert":"2021-05-29 09:59"}
2024-06-13 00:41:47 查询号码 【1470295】，GSD为【"陕西-西安"】

2024-06-13 00:41:48 开始第 382 次操作

2024-06-13 00:41:48 开始操作号码 【1470296】
2024-06-13 00:41:56 GSD getOne 第 1 次 等待 3 秒
2024-06-13 00:41:59 查询号码 【1470296】，返回信息 {"status":"ok","msg":"陕西-西安","gid":"72110","time_insert":"2021-05-29 10:20"}
2024-06-13 00:41:59 查询号码 【1470296】，GSD为【"陕西-西安"】

2024-06-13 00:42:00 开始第 383 次操作

2024-06-13 00:42:00 开始操作号码 【1470297】
2024-06-13 00:42:10 GSD getOne 第 1 次 等待 3 秒
2024-06-13 00:42:13 查询号码 【1470297】，返回信息 {"status":"ok","msg":"陕西-西安","gid":"72130","time_insert":"2021-05-29 10:49"}
2024-06-13 00:42:13 查询号码 【1470297】，GSD为【"陕西-西安"】

2024-06-13 00:42:14 开始第 384 次操作

2024-06-13 00:42:14 开始操作号码 【1470298】
2024-06-13 00:42:19 GSD getOne 第 1 次 等待 3 秒
2024-06-13 00:42:22 查询号码 【1470298】，返回信息 {"status":"ok","msg":"陕西-西安","gid":"72148","time_insert":"2021-05-29 11:05"}
2024-06-13 00:42:22 查询号码 【1470298】，GSD为【"陕西-西安"】

2024-06-13 01:16:58 开始第 385 次操作

2024-06-13 01:16:58 开始操作号码 【1470299】
2024-06-13 01:17:05 GSD getOne 第 1 次 等待 3 秒
2024-06-13 01:17:08 查询号码 【1470299】，返回信息 {"status":"ok","msg":"陕西-西安","gid":"72165","time_insert":"2021-05-29 11:29"}
2024-06-13 01:17:08 查询号码 【1470299】，GSD为【"陕西-西安"】

2024-06-13 01:17:09 开始第 386 次操作

2024-06-13 01:17:09 开始操作号码 【1470300】
2024-06-13 01:17:14 GSD getOne 第 1 次 等待 3 秒
2024-06-13 01:17:17 查询号码 【1470300】，返回信息 {"status":"ok","msg":"河北-邯郸","gid":"72180","time_insert":"2021-05-29 11:49"}
2024-06-13 01:17:17 查询号码 【1470300】，GSD为【"河北-邯郸"】

2024-06-13 01:17:18 开始第 387 次操作

2024-06-13 01:17:18 开始操作号码 【1470301】
2024-06-13 01:19:01 GSD getOne 第 1 次 等待 3 秒
2024-06-13 01:19:04 查询号码 【1470301】，返回信息 {"status":"ok","msg":"河北-邯郸","gid":"72198","time_insert":"2021-05-29 12:13"}
2024-06-13 01:19:04 查询号码 【1470301】，GSD为【"河北-邯郸"】

2024-06-13 01:19:05 开始第 388 次操作

2024-06-13 01:19:05 开始操作号码 【1470302】
2024-06-13 01:19:53 GSD getOne 第 1 次 等待 3 秒
2024-06-13 01:19:56 查询号码 【1470302】，返回信息 {"status":"ok","msg":"河北-唐山","gid":"72220","time_insert":"2021-05-29 12:38"}
2024-06-13 01:19:56 查询号码 【1470302】，GSD为【"河北-唐山"】

2024-06-13 01:37:52 开始第 389 次操作

2024-06-13 01:37:52 开始操作号码 【1470303】
2024-06-13 01:37:57 GSD getOne 第 1 次 等待 3 秒
2024-06-13 01:38:00 查询号码 【1470303】，返回信息 {"status":"ok","msg":"河北-唐山","gid":"72242","time_insert":"2021-05-29 13:04"}
2024-06-13 01:38:00 查询号码 【1470303】，GSD为【"河北-唐山"】

2024-06-13 01:38:01 开始第 390 次操作

2024-06-13 01:38:01 开始操作号码 【1470304】
2024-06-13 01:38:07 GSD getOne 第 1 次 等待 3 秒
2024-06-13 01:38:10 查询号码 【1470304】，返回信息 {"status":"ok","msg":"河北-唐山","gid":"72263","time_insert":"2021-05-29 13:32"}
2024-06-13 01:38:10 查询号码 【1470304】，GSD为【"河北-唐山"】

2024-06-13 01:38:11 开始第 391 次操作

2024-06-13 01:38:11 开始操作号码 【1470305】
2024-06-13 01:38:19 GSD getOne 第 1 次 等待 3 秒
2024-06-13 01:38:22 查询号码 【1470305】，返回信息 {"status":"ok","msg":"河北-唐山","gid":"72281","time_insert":"2021-05-29 13:57"}
2024-06-13 01:38:22 查询号码 【1470305】，GSD为【"河北-唐山"】

2024-06-13 01:38:23 开始第 392 次操作

2024-06-13 01:38:23 开始操作号码 【1470306】
2024-06-13 01:38:39 GSD getOne 第 1 次 等待 3 秒
2024-06-13 01:38:42 查询号码 【1470306】，返回信息 {"status":"ok","msg":"河北-保定","gid":"72300","time_insert":"2021-05-29 14:19"}
2024-06-13 01:38:42 查询号码 【1470306】，GSD为【"河北-保定"】

2024-06-13 02:25:22 开始第 393 次操作

2024-06-13 02:25:22 开始操作号码 【1470307】
2024-06-13 02:25:29 GSD getOne 第 1 次 等待 3 秒
2024-06-13 02:25:32 查询号码 【1470307】，返回信息 {"status":"ok","msg":"河北-沧州","gid":"72313","time_insert":"2021-05-29 14:36"}
2024-06-13 02:25:32 查询号码 【1470307】，GSD为【"河北-沧州"】

2024-06-13 02:25:33 开始第 394 次操作

2024-06-13 02:25:33 开始操作号码 【1470308】
2024-06-13 02:25:40 GSD getOne 第 1 次 等待 3 秒
2024-06-13 02:25:43 查询号码 【1470308】，返回信息 {"status":"ok","msg":"河北-廊坊","gid":"72327","time_insert":"2021-05-29 14:51"}
2024-06-13 02:25:43 查询号码 【1470308】，GSD为【"河北-廊坊"】

2024-06-13 02:25:44 开始第 395 次操作

2024-06-13 02:25:44 开始操作号码 【1470309】
2024-06-13 02:25:51 GSD getOne 第 1 次 等待 3 秒
2024-06-13 02:25:54 查询号码 【1470309】，返回信息 {"status":"ok","msg":"河北-廊坊","gid":"72346","time_insert":"2021-05-29 15:13"}
2024-06-13 02:25:54 查询号码 【1470309】，GSD为【"河北-廊坊"】

2024-06-13 02:25:55 开始第 396 次操作

2024-06-13 02:25:55 开始操作号码 【1470310】
2024-06-13 02:26:00 GSD getOne 第 1 次 等待 3 秒
2024-06-13 02:26:03 查询号码 【1470310】，返回信息 {"status":"ok","msg":"河北-邯郸","gid":"72362","time_insert":"2021-05-29 15:29"}
2024-06-13 02:26:03 查询号码 【1470310】，GSD为【"河北-邯郸"】

2024-06-13 02:40:25 开始第 397 次操作

2024-06-13 02:40:25 开始操作号码 【1470311】
2024-06-13 02:40:45 GSD getOne 第 1 次 等待 3 秒
2024-06-13 02:40:48 查询号码 【1470311】，返回信息 {"status":"ok","msg":"河北-石家庄","gid":"14646","time_insert":"2018-03-14 09:29","time_update":"2020-08-17 17:33"}
2024-06-13 02:40:48 查询号码 【1470311】，GSD为【"河北-石家庄"】

2024-06-13 02:40:49 开始第 398 次操作

2024-06-13 02:40:49 开始操作号码 【1470312】
2024-06-13 02:40:57 GSD getOne 第 1 次 等待 3 秒
2024-06-13 02:41:00 查询号码 【1470312】，返回信息 {"status":"ok","msg":"河北-保定","gid":"72374","time_insert":"2021-05-29 15:48"}
2024-06-13 02:41:00 查询号码 【1470312】，GSD为【"河北-保定"】

2024-06-13 02:41:01 开始第 399 次操作

2024-06-13 02:41:01 开始操作号码 【1470313】
2024-06-13 02:41:07 GSD getOne 第 1 次 等待 3 秒
2024-06-13 02:41:10 查询号码 【1470313】，返回信息 {"status":"ok","msg":"河北-张家口","gid":"72387","time_insert":"2021-05-29 16:05"}
2024-06-13 02:41:10 查询号码 【1470313】，GSD为【"河北-张家口"】

2024-06-13 02:41:11 开始第 400 次操作

2024-06-13 02:41:11 开始操作号码 【1470314】
2024-06-13 02:41:16 GSD getOne 第 1 次 等待 3 秒
2024-06-13 02:41:19 查询号码 【1470314】，返回信息 {"status":"ok","msg":"河北-承德","gid":"72395","time_insert":"2021-05-29 16:26"}
2024-06-13 02:41:19 查询号码 【1470314】，GSD为【"河北-承德"】

2024-06-13 03:15:39 开始第 401 次操作

2024-06-13 03:15:39 开始操作号码 【1470315】
2024-06-13 03:15:52 GSD getOne 第 1 次 等待 3 秒
2024-06-13 03:15:55 查询号码 【1470315】，返回信息 {"status":"ok","msg":"河北-唐山","gid":"72407","time_insert":"2021-05-29 16:47"}
2024-06-13 03:15:55 查询号码 【1470315】，GSD为【"河北-唐山"】

2024-06-13 03:15:56 开始第 402 次操作

2024-06-13 03:15:56 开始操作号码 【1470316】
2024-06-13 03:16:01 GSD getOne 第 1 次 等待 3 秒
2024-06-13 03:16:04 查询号码 【1470316】，返回信息 {"status":"ok","msg":"河北-廊坊","gid":"72422","time_insert":"2021-05-29 17:05"}
2024-06-13 03:16:04 查询号码 【1470316】，GSD为【"河北-廊坊"】

2024-06-13 03:16:05 开始第 403 次操作

2024-06-13 03:16:05 开始操作号码 【1470317】
2024-06-13 03:16:13 GSD getOne 第 1 次 等待 3 秒
2024-06-13 03:16:16 查询号码 【1470317】，返回信息 {"status":"ok","msg":"河北-沧州","gid":"72433","time_insert":"2021-05-29 17:22"}
2024-06-13 03:16:16 查询号码 【1470317】，GSD为【"河北-沧州"】

2024-06-13 03:16:17 开始第 404 次操作

2024-06-13 03:16:17 开始操作号码 【1470318】
2024-06-13 03:16:22 GSD getOne 第 1 次 等待 3 秒
2024-06-13 03:16:25 查询号码 【1470318】，返回信息 {"status":"ok","msg":"河北-衡水","gid":"72456","time_insert":"2021-05-29 17:50"}
2024-06-13 03:16:25 查询号码 【1470318】，GSD为【"河北-衡水"】

