2024-05-18 00:22:01 开始第 9361 次操作

2024-05-18 00:22:01 开始操作号码 【1589274】
2024-05-18 00:22:10 GSD getOne 第 1 次 等待 3 秒
2024-05-18 00:22:13 查询号码 【1589274】，返回信息 {"status":"ok","msg":"四川-眉山","gid":"26164","time_insert":"2016-12-22 11:04","time_update":"2020-10-26 05:53"}
2024-05-18 00:22:13 查询号码 【1589274】，GSD为【"四川-眉山"】

2024-05-18 00:22:14 开始第 9362 次操作

2024-05-18 00:22:14 开始操作号码 【1589275】
2024-05-18 00:22:30 GSD getOne 第 1 次 等待 3 秒
2024-05-18 00:22:33 查询号码 【1589275】，返回信息 {"status":"ok","msg":"四川-南充","gid":"26165","time_insert":"2018-05-30 17:37","time_update":"2020-10-26 05:57"}
2024-05-18 00:22:33 查询号码 【1589275】，GSD为【"四川-南充"】

2024-05-18 00:22:34 开始第 9363 次操作

2024-05-18 00:22:34 开始操作号码 【1589276】
2024-05-18 00:22:41 GSD getOne 第 1 次 等待 3 秒
2024-05-18 00:22:44 查询号码 【1589276】，返回信息 {"status":"ok","msg":"四川-南充","gid":"26166","time_insert":"2017-07-19 00:00","time_update":"2020-10-26 06:00"}
2024-05-18 00:22:44 查询号码 【1589276】，GSD为【"四川-南充"】

2024-05-18 00:22:45 开始第 9364 次操作

2024-05-18 00:22:45 开始操作号码 【1589277】
2024-05-18 00:22:57 GSD getOne 第 1 次 等待 3 秒
2024-05-18 00:23:00 查询号码 【1589277】，返回信息 {"status":"ok","msg":"四川-南充","gid":"26167","time_insert":"2013-12-31 11:48","time_update":"2020-10-26 06:15"}
2024-05-18 00:23:00 查询号码 【1589277】，GSD为【"四川-南充"】

