2024-03-29 00:20:46 开始第 689 次操作

2024-03-29 00:20:46 开始操作号码 【1580603】
2024-03-29 00:20:53 GSD getOne 第 1 次 等待 3 秒
2024-03-29 00:20:56 查询号码 【1580603】，返回信息 {"status":"ok","msg":"福建-福州","gid":"24248","time_insert":"2017-03-20 20:40","time_update":"2021-06-07 13:03"}
2024-03-29 00:20:56 查询号码 【1580603】，GSD为【"福建-福州"】

2024-03-29 00:20:57 开始第 690 次操作

2024-03-29 00:20:57 开始操作号码 【1580604】
2024-03-29 00:21:04 GSD getOne 第 1 次 等待 3 秒
2024-03-29 00:21:07 查询号码 【1580604】，返回信息 {"status":"ok","msg":"福建-福州","gid":"93549","time_insert":"2021-06-12 20:13"}
2024-03-29 00:21:07 查询号码 【1580604】，GSD为【"福建-福州"】

2024-03-29 00:21:08 开始第 691 次操作

2024-03-29 00:21:08 开始操作号码 【1580605】
2024-03-29 00:21:13 GSD getOne 第 1 次 等待 3 秒
2024-03-29 00:21:16 查询号码 【1580605】，返回信息 {"status":"ok","msg":"福建-福州","gid":"93567","time_insert":"2021-06-12 20:34"}
2024-03-29 00:21:16 查询号码 【1580605】，GSD为【"福建-福州"】

2024-03-29 00:21:17 开始第 692 次操作

2024-03-29 00:21:17 开始操作号码 【1580606】
2024-03-29 00:21:22 GSD getOne 第 1 次 等待 3 秒
2024-03-29 00:21:25 查询号码 【1580606】，返回信息 {"status":"ok","msg":"福建-福州","gid":"93590","time_insert":"2021-06-12 20:54"}
2024-03-29 00:21:25 查询号码 【1580606】，GSD为【"福建-福州"】

