2023-11-29 00:24:21 开始第 373 次操作

2023-11-29 00:24:21 开始操作号码 【1800288】
2023-11-29 00:24:28 GSD getOne 第 1 次 等待 3 秒
2023-11-29 00:24:31 查询号码 【1800288】，返回信息 {"status":"ok","msg":"广东-东莞","gid":"256864","time_insert":"2021-07-12 13:48"}
2023-11-29 00:24:31 查询号码 【1800288】，GSD为【"广东-东莞"】

2023-11-29 00:24:32 开始第 374 次操作

2023-11-29 00:24:32 开始操作号码 【1800289】
2023-11-29 00:24:35 GSD getOne 第 1 次 等待 3 秒
2023-11-29 00:24:38 查询号码 【1800289】，返回信息 {"status":"ok","msg":"广东-东莞","gid":"256870","time_insert":"2021-07-12 13:48"}
2023-11-29 00:24:38 查询号码 【1800289】，GSD为【"广东-东莞"】

2023-11-29 00:24:39 开始第 375 次操作

2023-11-29 00:24:39 开始操作号码 【1800290】
2023-11-29 00:24:43 GSD getOne 第 1 次 等待 3 秒
2023-11-29 00:24:46 查询号码 【1800290】，返回信息 {"status":"ok","msg":"广东-东莞","gid":"256877","time_insert":"2021-07-12 13:49"}
2023-11-29 00:24:46 查询号码 【1800290】，GSD为【"广东-东莞"】

2023-11-29 00:24:47 开始第 376 次操作

2023-11-29 00:24:47 开始操作号码 【1800291】
2023-11-29 00:24:50 GSD getOne 第 1 次 等待 3 秒
2023-11-29 00:24:53 查询号码 【1800291】，返回信息 {"status":"ok","msg":"广东-东莞","gid":"256885","time_insert":"2021-07-12 13:49"}
2023-11-29 00:24:53 查询号码 【1800291】，GSD为【"广东-东莞"】

