2024-03-04 00:19:40 开始第 6905 次操作

2024-03-04 00:19:40 开始操作号码 【1696818】
2024-03-04 00:19:45 GSD getOne 第 1 次 等待 3 秒
2024-03-04 00:19:48 查询号码 【1696818】，返回信息 {"status":"ok","msg":"-","gid":"655397","time_insert":"2023-04-15 05:48"}
2024-03-04 00:19:48 查询号码 【1696818】，GSD为【"-"】
2024-03-04 00:19:48 ok && -
2024-03-04 00:19:50 CHB 1696818?1709482788 第 1 次 等待 3 秒
2024-03-04 00:19:53 CHB 1696818?1709482788 第 1 次 获取到号码【1696818】GSD
2024-03-04 00:19:53 未获取到号码【1696818】GSD，可能号码格式错误
2024-03-04 00:19:53 获取到号码【1696818】的GSD为【-】
2024-03-04 00:19:58 GSD insert 第 1 次 等待 3 秒
2024-03-04 00:20:01 {"status":"bad","gid":"655397","msg":"添加失败！号码【1696818(-|-)】已存在！"}
2024-03-04 00:20:01 随机等待 233 秒，约 3 分钟
2024-03-04 00:20:01 下次操作: 2024-03-04 00:23:54

2024-03-04 00:23:54 开始第 6906 次操作

2024-03-04 00:23:54 开始操作号码 【1696819】
2024-03-04 00:23:59 GSD getOne 第 1 次 等待 3 秒
2024-03-04 00:24:02 查询号码 【1696819】，返回信息 {"status":"ok","msg":"-","gid":"655401","time_insert":"2023-04-15 05:51"}
2024-03-04 00:24:02 查询号码 【1696819】，GSD为【"-"】
2024-03-04 00:24:02 ok && -
2024-03-04 00:24:04 CHB 1696819?1709483042 第 1 次 等待 3 秒
2024-03-04 00:24:07 CHB 1696819?1709483042 第 1 次 获取到号码【1696819】GSD
2024-03-04 00:24:07 未获取到号码【1696819】GSD，可能号码格式错误
2024-03-04 00:24:07 获取到号码【1696819】的GSD为【-】
2024-03-04 00:24:13 GSD insert 第 1 次 等待 3 秒
2024-03-04 00:24:16 {"status":"bad","gid":"655401","msg":"添加失败！号码【1696819(-|-)】已存在！"}
2024-03-04 00:24:16 随机等待 195 秒，约 3 分钟
2024-03-04 00:24:16 下次操作: 2024-03-04 00:27:31

2024-03-04 00:27:31 开始第 6907 次操作

2024-03-04 00:27:31 开始操作号码 【1696820】
2024-03-04 00:27:35 GSD getOne 第 1 次 等待 3 秒
2024-03-04 00:27:38 查询号码 【1696820】，返回信息 {"status":"ok","msg":"-","gid":"655403","time_insert":"2023-04-15 05:53"}
2024-03-04 00:27:38 查询号码 【1696820】，GSD为【"-"】
2024-03-04 00:27:38 ok && -
2024-03-04 00:27:40 CHB 1696820?1709483258 第 1 次 等待 3 秒
2024-03-04 00:27:43 CHB 1696820?1709483258 第 1 次 获取到号码【1696820】GSD
2024-03-04 00:27:44 未获取到号码【1696820】GSD，可能号码格式错误
2024-03-04 00:27:44 获取到号码【1696820】的GSD为【-】
2024-03-04 00:27:52 GSD insert 第 1 次 等待 3 秒
2024-03-04 00:27:55 {"status":"bad","gid":"655403","msg":"添加失败！号码【1696820(-|-)】已存在！"}
2024-03-04 00:27:55 随机等待 205 秒，约 3 分钟
2024-03-04 00:27:55 下次操作: 2024-03-04 00:31:20

2024-03-04 00:31:20 开始第 6908 次操作

2024-03-04 00:31:20 开始操作号码 【1696821】
2024-03-04 00:31:25 GSD getOne 第 1 次 等待 3 秒
2024-03-04 00:31:28 查询号码 【1696821】，返回信息 {"status":"ok","msg":"-","gid":"655409","time_insert":"2023-04-15 05:55"}
2024-03-04 00:31:28 查询号码 【1696821】，GSD为【"-"】
2024-03-04 00:31:28 ok && -
2024-03-04 00:31:39 CHB 1696821?1709483488 第 1 次 等待 3 秒
2024-03-04 00:31:42 CHB 1696821?1709483488 第 1 次 获取到号码【1696821】GSD
2024-03-04 00:31:42 未获取到号码【1696821】GSD，可能号码格式错误
2024-03-04 00:31:42 获取到号码【1696821】的GSD为【-】
2024-03-04 00:31:46 GSD insert 第 1 次 等待 3 秒
2024-03-04 00:31:49 {"status":"bad","gid":"655409","msg":"添加失败！号码【1696821(-|-)】已存在！"}

