2024-09-13 00:22:49 开始第 4261 次操作

2024-09-13 00:22:49 开始操作号码 【1364260】
2024-09-13 00:22:57 GSD getOne 第 1 次 等待 3 秒
2024-09-13 00:23:00 查询号码 【1364260】，返回信息 {"status":"ok","msg":"广东-广州","gid":"185824","time_insert":"2021-07-04 00:52"}
2024-09-13 00:23:00 查询号码 【1364260】，GSD为【"广东-广州"】

2024-09-13 00:23:01 开始第 4262 次操作

2024-09-13 00:23:01 开始操作号码 【1364261】
2024-09-13 00:23:09 GSD getOne 第 1 次 等待 3 秒
2024-09-13 00:23:12 查询号码 【1364261】，返回信息 {"status":"ok","msg":"广东-广州","gid":"185845","time_insert":"2021-07-04 01:03"}
2024-09-13 00:23:12 查询号码 【1364261】，GSD为【"广东-广州"】

2024-09-13 00:23:13 开始第 4263 次操作

2024-09-13 00:23:13 开始操作号码 【1364262】
2024-09-13 00:23:21 GSD getOne 第 1 次 等待 3 秒
2024-09-13 00:23:24 查询号码 【1364262】，返回信息 {"status":"ok","msg":"广东-广州","gid":"185905","time_insert":"2021-07-04 01:16"}
2024-09-13 00:23:24 查询号码 【1364262】，GSD为【"广东-广州"】

2024-09-13 00:23:25 开始第 4264 次操作

2024-09-13 00:23:25 开始操作号码 【1364263】
2024-09-13 00:23:32 GSD getOne 第 1 次 等待 3 秒
2024-09-13 00:23:35 查询号码 【1364263】，返回信息 {"status":"ok","msg":"广东-广州","gid":"185964","time_insert":"2021-07-04 01:28"}
2024-09-13 00:23:36 查询号码 【1364263】，GSD为【"广东-广州"】

