2023-10-29 00:19:30 开始第 5537 次操作

2023-10-29 00:19:30 开始操作号码 【1905451】
2023-10-29 00:19:40 GSD getOne 第 1 次 等待 3 秒
2023-10-29 00:19:43 查询号码 【1905451】，返回信息 {"status":"ok","msg":"山东-烟台","gid":"631971","time_insert":"2023-04-03 14:54","time_update":"2023-06-20 21:35"}
2023-10-29 00:19:43 查询号码 【1905451】，GSD为【"山东-烟台"】

2023-10-29 00:19:44 开始第 5538 次操作

2023-10-29 00:19:44 开始操作号码 【1905452】
2023-10-29 00:19:49 GSD getOne 第 1 次 等待 3 秒
2023-10-29 00:19:52 查询号码 【1905452】，返回信息 {"status":"ok","msg":"山东-烟台","gid":"631995","time_insert":"2023-04-03 15:10","time_update":"2023-06-20 21:49"}
2023-10-29 00:19:52 查询号码 【1905452】，GSD为【"山东-烟台"】

2023-10-29 00:19:53 开始第 5539 次操作

2023-10-29 00:19:53 开始操作号码 【1905453】
2023-10-29 00:20:00 GSD getOne 第 1 次 等待 3 秒
2023-10-29 00:20:03 查询号码 【1905453】，返回信息 {"status":"ok","msg":"山东-烟台","gid":"632014","time_insert":"2023-04-03 15:20","time_update":"2023-06-20 22:08"}
2023-10-29 00:20:03 查询号码 【1905453】，GSD为【"山东-烟台"】

2023-10-29 00:20:04 开始第 5540 次操作

2023-10-29 00:20:04 开始操作号码 【1905454】
2023-10-29 00:20:07 GSD getOne 第 1 次 等待 3 秒
2023-10-29 00:20:10 查询号码 【1905454】，返回信息 {"status":"ok","msg":"山东-烟台","gid":"632029","time_insert":"2023-04-03 15:28","time_update":"2023-06-20 22:27"}
2023-10-29 00:20:10 查询号码 【1905454】，GSD为【"山东-烟台"】

