2024-09-08 00:21:47 开始第 3405 次操作

2024-09-08 00:21:47 开始操作号码 【1363404】
2024-09-08 00:21:55 GSD getOne 第 1 次 等待 3 秒
2024-09-08 00:21:58 查询号码 【1363404】，返回信息 {"status":"ok","msg":"浙江-台州","gid":"126215","time_insert":"2021-06-25 08:04"}
2024-09-08 00:21:58 查询号码 【1363404】，GSD为【"浙江-台州"】

2024-09-08 00:21:59 开始第 3406 次操作

2024-09-08 00:21:59 开始操作号码 【1363405】
2024-09-08 00:22:07 GSD getOne 第 1 次 等待 3 秒
2024-09-08 00:22:10 查询号码 【1363405】，返回信息 {"status":"ok","msg":"浙江-台州","gid":"126267","time_insert":"2021-06-25 08:22"}
2024-09-08 00:22:10 查询号码 【1363405】，GSD为【"浙江-台州"】

2024-09-08 00:22:11 开始第 3407 次操作

2024-09-08 00:22:11 开始操作号码 【1363406】
2024-09-08 00:22:19 GSD getOne 第 1 次 等待 3 秒
2024-09-08 00:22:22 查询号码 【1363406】，返回信息 {"status":"ok","msg":"浙江-台州","gid":"126303","time_insert":"2021-06-25 08:47"}
2024-09-08 00:22:22 查询号码 【1363406】，GSD为【"浙江-台州"】

2024-09-08 00:22:23 开始第 3408 次操作

2024-09-08 00:22:23 开始操作号码 【1363407】
2024-09-08 00:22:30 GSD getOne 第 1 次 等待 3 秒
2024-09-08 00:22:33 查询号码 【1363407】，返回信息 {"status":"ok","msg":"浙江-台州","gid":"126337","time_insert":"2021-06-25 09:10"}
2024-09-08 00:22:33 查询号码 【1363407】，GSD为【"浙江-台州"】

2024-09-08 00:41:16 开始第 3409 次操作

2024-09-08 00:41:16 开始操作号码 【1363408】
2024-09-08 00:41:24 GSD getOne 第 1 次 等待 3 秒
2024-09-08 00:41:27 查询号码 【1363408】，返回信息 {"status":"ok","msg":"浙江-台州","gid":"126373","time_insert":"2021-06-25 09:32"}
2024-09-08 00:41:27 查询号码 【1363408】，GSD为【"浙江-台州"】

2024-09-08 00:41:28 开始第 3410 次操作

2024-09-08 00:41:28 开始操作号码 【1363409】
2024-09-08 00:41:37 GSD getOne 第 1 次 等待 3 秒
2024-09-08 00:41:40 查询号码 【1363409】，返回信息 {"status":"ok","msg":"浙江-台州","gid":"126403","time_insert":"2021-06-25 09:56"}
2024-09-08 00:41:40 查询号码 【1363409】，GSD为【"浙江-台州"】

2024-09-08 00:41:41 开始第 3411 次操作

2024-09-08 00:41:41 开始操作号码 【1363410】
2024-09-08 00:41:49 GSD getOne 第 1 次 等待 3 秒
2024-09-08 00:41:52 查询号码 【1363410】，返回信息 {"status":"ok","msg":"浙江-杭州","gid":"126469","time_insert":"2021-06-25 10:20"}
2024-09-08 00:41:52 查询号码 【1363410】，GSD为【"浙江-杭州"】

2024-09-08 00:41:53 开始第 3412 次操作

2024-09-08 00:41:53 开始操作号码 【1363411】
2024-09-08 00:42:00 GSD getOne 第 1 次 等待 3 秒
2024-09-08 00:42:03 查询号码 【1363411】，返回信息 {"status":"ok","msg":"浙江-杭州","gid":"126584","time_insert":"2021-06-25 10:40"}
2024-09-08 00:42:03 查询号码 【1363411】，GSD为【"浙江-杭州"】

2024-09-08 01:15:43 开始第 3413 次操作

2024-09-08 01:15:43 开始操作号码 【1363412】
2024-09-08 01:15:51 GSD getOne 第 1 次 等待 3 秒
2024-09-08 01:15:54 查询号码 【1363412】，返回信息 {"status":"ok","msg":"浙江-杭州","gid":"126743","time_insert":"2021-06-25 11:03"}
2024-09-08 01:15:54 查询号码 【1363412】，GSD为【"浙江-杭州"】

2024-09-08 01:15:55 开始第 3414 次操作

2024-09-08 01:15:55 开始操作号码 【1363413】
2024-09-08 01:16:04 GSD getOne 第 1 次 等待 3 秒
2024-09-08 01:16:07 查询号码 【1363413】，返回信息 {"status":"ok","msg":"浙江-杭州","gid":"126884","time_insert":"2021-06-25 11:23"}
2024-09-08 01:16:07 查询号码 【1363413】，GSD为【"浙江-杭州"】

2024-09-08 01:16:08 开始第 3415 次操作

2024-09-08 01:16:08 开始操作号码 【1363414】
2024-09-08 01:16:16 GSD getOne 第 1 次 等待 3 秒
2024-09-08 01:16:19 查询号码 【1363414】，返回信息 {"status":"ok","msg":"浙江-杭州","gid":"126967","time_insert":"2021-06-25 11:38"}
2024-09-08 01:16:19 查询号码 【1363414】，GSD为【"浙江-杭州"】

2024-09-08 01:16:20 开始第 3416 次操作

2024-09-08 01:16:20 开始操作号码 【1363415】
2024-09-08 01:16:30 GSD getOne 第 1 次 等待 3 秒
2024-09-08 01:16:33 查询号码 【1363415】，返回信息 {"status":"ok","msg":"浙江-杭州","gid":"7868","time_insert":"2018-01-15 21:46","time_update":"2020-08-28 03:52"}
2024-09-08 01:16:33 查询号码 【1363415】，GSD为【"浙江-杭州"】

