2024-04-11 00:24:00 开始第 2985 次操作

2024-04-11 00:24:00 开始操作号码 【1582899】
2024-04-11 00:24:06 GSD getOne 第 1 次 等待 3 秒
2024-04-11 00:24:09 查询号码 【1582899】，返回信息 {"status":"ok","msg":"四川-遂宁","gid":"24880","time_insert":"2015-09-13 22:26","time_update":"2020-10-25 00:23"}
2024-04-11 00:24:09 查询号码 【1582899】，GSD为【"四川-遂宁"】

2024-04-11 00:24:10 开始第 2986 次操作

2024-04-11 00:24:10 开始操作号码 【1582900】
2024-04-11 00:24:16 GSD getOne 第 1 次 等待 3 秒
2024-04-11 00:24:19 查询号码 【1582900】，返回信息 {"status":"ok","msg":"陕西-西安","gid":"185354","time_insert":"2021-07-03 23:05"}
2024-04-11 00:24:19 查询号码 【1582900】，GSD为【"陕西-西安"】

2024-04-11 00:24:20 开始第 2987 次操作

2024-04-11 00:24:20 开始操作号码 【1582901】
2024-04-11 00:24:25 GSD getOne 第 1 次 等待 3 秒
2024-04-11 00:24:28 查询号码 【1582901】，返回信息 {"status":"ok","msg":"陕西-西安","gid":"185389","time_insert":"2021-07-03 23:23"}
2024-04-11 00:24:28 查询号码 【1582901】，GSD为【"陕西-西安"】

2024-04-11 00:24:29 开始第 2988 次操作

2024-04-11 00:24:29 开始操作号码 【1582902】
2024-04-11 00:24:36 GSD getOne 第 1 次 等待 3 秒
2024-04-11 00:24:39 查询号码 【1582902】，返回信息 {"status":"ok","msg":"陕西-西安","gid":"185423","time_insert":"2021-07-03 23:42"}
2024-04-11 00:24:39 查询号码 【1582902】，GSD为【"陕西-西安"】

2024-04-11 00:41:41 开始第 2989 次操作

2024-04-11 00:41:41 开始操作号码 【1582903】
2024-04-11 00:41:47 GSD getOne 第 1 次 等待 3 秒
2024-04-11 00:41:50 查询号码 【1582903】，返回信息 {"status":"ok","msg":"陕西-西安","gid":"185568","time_insert":"2021-07-04 00:01","time_update":"2021-07-04 11:35"}
2024-04-11 00:41:50 查询号码 【1582903】，GSD为【"陕西-西安"】

2024-04-11 00:41:51 开始第 2990 次操作

2024-04-11 00:41:51 开始操作号码 【1582904】
2024-04-11 00:41:57 GSD getOne 第 1 次 等待 3 秒
2024-04-11 00:42:00 查询号码 【1582904】，返回信息 {"status":"ok","msg":"陕西-西安","gid":"185765","time_insert":"2021-07-04 00:20"}
2024-04-11 00:42:00 查询号码 【1582904】，GSD为【"陕西-西安"】

2024-04-11 00:42:01 开始第 2991 次操作

2024-04-11 00:42:01 开始操作号码 【1582905】
2024-04-11 00:42:05 GSD getOne 第 1 次 等待 3 秒
2024-04-11 00:42:08 查询号码 【1582905】，返回信息 {"status":"ok","msg":"陕西-西安","gid":"24881","time_insert":"2020-06-09 09:02","time_update":"2020-12-08 23:41"}
2024-04-11 00:42:08 查询号码 【1582905】，GSD为【"陕西-西安"】

2024-04-11 00:42:09 开始第 2992 次操作

2024-04-11 00:42:09 开始操作号码 【1582906】
2024-04-11 00:42:15 GSD getOne 第 1 次 等待 3 秒
2024-04-11 00:42:18 查询号码 【1582906】，返回信息 {"status":"ok","msg":"陕西-西安","gid":"50422","time_insert":"2021-04-21 16:34"}
2024-04-11 00:42:18 查询号码 【1582906】，GSD为【"陕西-西安"】

2024-04-11 01:14:50 开始第 2993 次操作

2024-04-11 01:14:50 开始操作号码 【1582907】
2024-04-11 01:14:58 GSD getOne 第 1 次 等待 3 秒
2024-04-11 01:15:01 查询号码 【1582907】，返回信息 {"status":"ok","msg":"陕西-西安","gid":"185796","time_insert":"2021-07-04 00:37"}
2024-04-11 01:15:01 查询号码 【1582907】，GSD为【"陕西-西安"】

2024-04-11 01:15:02 开始第 2994 次操作

2024-04-11 01:15:02 开始操作号码 【1582908】
2024-04-11 01:15:08 GSD getOne 第 1 次 等待 3 秒
2024-04-11 01:15:11 查询号码 【1582908】，返回信息 {"status":"ok","msg":"陕西-西安","gid":"185832","time_insert":"2021-07-04 00:58"}
2024-04-11 01:15:11 查询号码 【1582908】，GSD为【"陕西-西安"】

2024-04-11 01:15:12 开始第 2995 次操作

2024-04-11 01:15:12 开始操作号码 【1582909】
2024-04-11 01:15:18 GSD getOne 第 1 次 等待 3 秒
2024-04-11 01:15:21 查询号码 【1582909】，返回信息 {"status":"ok","msg":"陕西-西安","gid":"185903","time_insert":"2021-07-04 01:16"}
2024-04-11 01:15:21 查询号码 【1582909】，GSD为【"陕西-西安"】

2024-04-11 01:15:22 开始第 2996 次操作

2024-04-11 01:15:22 开始操作号码 【1582910】
2024-04-11 01:15:27 GSD getOne 第 1 次 等待 3 秒
2024-04-11 01:15:30 查询号码 【1582910】，返回信息 {"status":"ok","msg":"陕西-西安","gid":"24882","time_insert":"2019-06-01 17:01","time_update":"2020-12-08 23:37"}
2024-04-11 01:15:30 查询号码 【1582910】，GSD为【"陕西-西安"】

2024-04-11 01:37:43 开始第 2997 次操作

2024-04-11 01:37:43 开始操作号码 【1582911】
2024-04-11 01:37:49 GSD getOne 第 1 次 等待 3 秒
2024-04-11 01:37:52 查询号码 【1582911】，返回信息 {"status":"ok","msg":"陕西-延安","gid":"186019","time_insert":"2021-07-04 01:35"}
2024-04-11 01:37:52 查询号码 【1582911】，GSD为【"陕西-延安"】

2024-04-11 01:37:53 开始第 2998 次操作

2024-04-11 01:37:53 开始操作号码 【1582912】
2024-04-11 01:37:59 GSD getOne 第 1 次 等待 3 秒
2024-04-11 01:38:02 查询号码 【1582912】，返回信息 {"status":"ok","msg":"陕西-榆林","gid":"186245","time_insert":"2021-07-04 01:52"}
2024-04-11 01:38:02 查询号码 【1582912】，GSD为【"陕西-榆林"】

2024-04-11 01:38:03 开始第 2999 次操作

2024-04-11 01:38:03 开始操作号码 【1582913】
2024-04-11 01:38:08 GSD getOne 第 1 次 等待 3 秒
2024-04-11 01:38:11 查询号码 【1582913】，返回信息 {"status":"ok","msg":"陕西-商洛","gid":"186330","time_insert":"2021-07-04 02:13"}
2024-04-11 01:38:11 查询号码 【1582913】，GSD为【"陕西-商洛"】

2024-04-11 01:38:12 开始第 3000 次操作

2024-04-11 01:38:12 开始操作号码 【1582914】
2024-04-11 01:38:16 GSD getOne 第 1 次 等待 3 秒
2024-04-11 01:38:19 查询号码 【1582914】，返回信息 {"status":"ok","msg":"陕西-咸阳","gid":"186362","time_insert":"2021-07-04 02:31"}
2024-04-11 01:38:19 查询号码 【1582914】，GSD为【"陕西-咸阳"】

2024-04-11 02:23:49 开始第 3001 次操作

2024-04-11 02:23:49 开始操作号码 【1582915】
2024-04-11 02:23:56 GSD getOne 第 1 次 等待 3 秒
2024-04-11 02:23:59 查询号码 【1582915】，返回信息 {"status":"ok","msg":"陕西-渭南","gid":"186396","time_insert":"2021-07-04 02:47"}
2024-04-11 02:23:59 查询号码 【1582915】，GSD为【"陕西-渭南"】

2024-04-11 02:24:00 开始第 3002 次操作

2024-04-11 02:24:00 开始操作号码 【1582916】
2024-04-11 02:24:05 GSD getOne 第 1 次 等待 3 秒
2024-04-11 02:24:08 查询号码 【1582916】，返回信息 {"status":"ok","msg":"陕西-商洛","gid":"186579","time_insert":"2021-07-04 03:03"}
2024-04-11 02:24:08 查询号码 【1582916】，GSD为【"陕西-商洛"】

2024-04-11 02:24:09 开始第 3003 次操作

2024-04-11 02:24:09 开始操作号码 【1582917】
2024-04-11 02:24:14 GSD getOne 第 1 次 等待 3 秒
2024-04-11 02:24:17 查询号码 【1582917】，返回信息 {"status":"ok","msg":"陕西-商洛","gid":"186726","time_insert":"2021-07-04 03:20"}
2024-04-11 02:24:17 查询号码 【1582917】，GSD为【"陕西-商洛"】

2024-04-11 02:24:18 开始第 3004 次操作

2024-04-11 02:24:18 开始操作号码 【1582918】
2024-04-11 02:24:24 GSD getOne 第 1 次 等待 3 秒
2024-04-11 02:24:27 查询号码 【1582918】，返回信息 {"status":"ok","msg":"陕西-咸阳","gid":"186773","time_insert":"2021-07-04 03:37"}
2024-04-11 02:24:27 查询号码 【1582918】，GSD为【"陕西-咸阳"】

2024-04-11 02:59:15 开始第 3005 次操作

2024-04-11 02:59:15 开始操作号码 【1582919】
2024-04-11 02:59:21 GSD getOne 第 1 次 等待 3 秒
2024-04-11 02:59:24 查询号码 【1582919】，返回信息 {"status":"ok","msg":"陕西-渭南","gid":"187050","time_insert":"2021-07-04 03:58"}
2024-04-11 02:59:24 查询号码 【1582919】，GSD为【"陕西-渭南"】

2024-04-11 02:59:25 开始第 3006 次操作

2024-04-11 02:59:25 开始操作号码 【1582920】
2024-04-11 02:59:34 GSD getOne 第 1 次 等待 3 秒
2024-04-11 02:59:37 查询号码 【1582920】，返回信息 {"status":"ok","msg":"陕西-西安","gid":"187101","time_insert":"2021-07-04 04:18"}
2024-04-11 02:59:37 查询号码 【1582920】，GSD为【"陕西-西安"】

2024-04-11 02:59:38 开始第 3007 次操作

2024-04-11 02:59:38 开始操作号码 【1582921】
2024-04-11 02:59:42 GSD getOne 第 1 次 等待 3 秒
2024-04-11 02:59:45 查询号码 【1582921】，返回信息 {"status":"ok","msg":"陕西-西安","gid":"24883","time_insert":"2016-05-11 16:46","time_update":"2020-12-08 23:32"}
2024-04-11 02:59:46 查询号码 【1582921】，GSD为【"陕西-西安"】

2024-04-11 02:59:47 开始第 3008 次操作

2024-04-11 02:59:47 开始操作号码 【1582922】
2024-04-11 02:59:51 GSD getOne 第 1 次 等待 3 秒
2024-04-11 02:59:54 查询号码 【1582922】，返回信息 {"status":"ok","msg":"陕西-西安","gid":"24884","time_insert":"2019-04-05 19:40","time_update":"2020-12-08 23:28"}
2024-04-11 02:59:54 查询号码 【1582922】，GSD为【"陕西-西安"】

2024-04-11 03:17:04 开始第 3009 次操作

2024-04-11 03:17:04 开始操作号码 【1582923】
2024-04-11 03:17:11 GSD getOne 第 1 次 等待 3 秒
2024-04-11 03:17:14 查询号码 【1582923】，返回信息 {"status":"ok","msg":"陕西-西安","gid":"187136","time_insert":"2021-07-04 04:35"}
2024-04-11 03:17:14 查询号码 【1582923】，GSD为【"陕西-西安"】

2024-04-11 03:17:15 开始第 3010 次操作

2024-04-11 03:17:15 开始操作号码 【1582924】
2024-04-11 03:17:20 GSD getOne 第 1 次 等待 3 秒
2024-04-11 03:17:23 查询号码 【1582924】，返回信息 {"status":"ok","msg":"陕西-西安","gid":"187369","time_insert":"2021-07-04 04:52"}
2024-04-11 03:17:23 查询号码 【1582924】，GSD为【"陕西-西安"】

2024-04-11 03:17:24 开始第 3011 次操作

2024-04-11 03:17:24 开始操作号码 【1582925】
2024-04-11 03:17:30 GSD getOne 第 1 次 等待 3 秒
2024-04-11 03:17:33 查询号码 【1582925】，返回信息 {"status":"ok","msg":"陕西-西安","gid":"187469","time_insert":"2021-07-04 05:10"}
2024-04-11 03:17:33 查询号码 【1582925】，GSD为【"陕西-西安"】

2024-04-11 03:17:34 开始第 3012 次操作

2024-04-11 03:17:34 开始操作号码 【1582926】
2024-04-11 03:17:39 GSD getOne 第 1 次 等待 3 秒
2024-04-11 03:17:42 查询号码 【1582926】，返回信息 {"status":"ok","msg":"陕西-西安","gid":"187506","time_insert":"2021-07-04 05:30"}
2024-04-11 03:17:42 查询号码 【1582926】，GSD为【"陕西-西安"】

2024-04-11 03:38:06 开始第 3013 次操作

2024-04-11 03:38:06 开始操作号码 【1582927】
2024-04-11 03:38:11 GSD getOne 第 1 次 等待 3 秒
2024-04-11 03:38:14 查询号码 【1582927】，返回信息 {"status":"ok","msg":"陕西-西安","gid":"187659","time_insert":"2021-07-04 05:49"}
2024-04-11 03:38:14 查询号码 【1582927】，GSD为【"陕西-西安"】

2024-04-11 03:38:15 开始第 3014 次操作

2024-04-11 03:38:15 开始操作号码 【1582928】
2024-04-11 03:38:20 GSD getOne 第 1 次 等待 3 秒
2024-04-11 03:38:23 查询号码 【1582928】，返回信息 {"status":"ok","msg":"陕西-西安","gid":"187844","time_insert":"2021-07-04 06:07"}
2024-04-11 03:38:23 查询号码 【1582928】，GSD为【"陕西-西安"】

2024-04-11 03:38:24 开始第 3015 次操作

2024-04-11 03:38:24 开始操作号码 【1582929】
2024-04-11 03:38:29 GSD getOne 第 1 次 等待 3 秒
2024-04-11 03:38:32 查询号码 【1582929】，返回信息 {"status":"ok","msg":"陕西-西安","gid":"187879","time_insert":"2021-07-04 06:26"}
2024-04-11 03:38:32 查询号码 【1582929】，GSD为【"陕西-西安"】

2024-04-11 03:38:33 开始第 3016 次操作

2024-04-11 03:38:33 开始操作号码 【1582930】
2024-04-11 03:38:38 GSD getOne 第 1 次 等待 3 秒
2024-04-11 03:38:41 查询号码 【1582930】，返回信息 {"status":"ok","msg":"陕西-西安","gid":"187944","time_insert":"2021-07-04 06:43"}
2024-04-11 03:38:41 查询号码 【1582930】，GSD为【"陕西-西安"】

2024-04-11 04:17:34 开始第 3017 次操作

2024-04-11 04:17:34 开始操作号码 【1582931】
2024-04-11 04:17:40 GSD getOne 第 1 次 等待 3 秒
2024-04-11 04:17:43 查询号码 【1582931】，返回信息 {"status":"ok","msg":"陕西-西安","gid":"188215","time_insert":"2021-07-04 07:03"}
2024-04-11 04:17:43 查询号码 【1582931】，GSD为【"陕西-西安"】

2024-04-11 04:17:44 开始第 3018 次操作

2024-04-11 04:17:44 开始操作号码 【1582932】
2024-04-11 04:17:48 GSD getOne 第 1 次 等待 3 秒
2024-04-11 04:17:51 查询号码 【1582932】，返回信息 {"status":"ok","msg":"陕西-西安","gid":"188257","time_insert":"2021-07-04 07:24"}
2024-04-11 04:17:51 查询号码 【1582932】，GSD为【"陕西-西安"】

2024-04-11 04:17:52 开始第 3019 次操作

2024-04-11 04:17:52 开始操作号码 【1582933】
2024-04-11 04:17:57 GSD getOne 第 1 次 等待 3 秒
2024-04-11 04:18:00 查询号码 【1582933】，返回信息 {"status":"ok","msg":"陕西-西安","gid":"188293","time_insert":"2021-07-04 07:40"}
2024-04-11 04:18:00 查询号码 【1582933】，GSD为【"陕西-西安"】

2024-04-11 04:18:01 开始第 3020 次操作

2024-04-11 04:18:01 开始操作号码 【1582934】
2024-04-11 04:18:06 GSD getOne 第 1 次 等待 3 秒
2024-04-11 04:18:09 查询号码 【1582934】，返回信息 {"status":"ok","msg":"陕西-西安","gid":"188526","time_insert":"2021-07-04 07:56"}
2024-04-11 04:18:09 查询号码 【1582934】，GSD为【"陕西-西安"】

